64.1294 17.2213
63.1879 17.2127
63.1503 17.1679
64.7612 17.1831
65.1747 17.2365
64.1917 16.9925
62.3791 17.0964
62.6804 16.9096
62.4974 17.4311
63.4235 17.3659
61.8594 17.0125
64.9762 17.0256
67.0931 17.0859
64.8864 17.2605
62.213 17.2332
62.5757 17.2426
63.2393 17.0396
63.1352 17.4547
63.6935 17.2122
63.3008 17.618
63.9119 17.2947
64.4612 17.3577
61.6263 17.073
63.5072 16.9751
64.6849 17.098
62.1917 17.4039
62.6202 17.5102
62.5114 17.1992
62.2919 16.9244
62.2919 17.2987
61.6891 17.211
62.4959 17.0731
61.6698 17.1545
63.6378 17.1627
66.0664 17.1752
65.89 17.1758
66.6882 17.1788
61.1518 17.2448
61.7093 17.1898
59.4743 17.0425
61.8962 17.006
66.1772 16.8659
64.7691 17.2961
63.6014 17.238
63.1166 17.217
63.9053 17.077
65.2828 17.1005
64.0613 17.5277
63.6383 17.3183
63.7189 17.301
63.4766 17.2146
64.1984 17.1454
64.056 17.3747
64.2684 17.2298
63.9976 17.0797
62.8051 17.1411
64.3446 17.0897
62.9434 17.038
63.825 17.1747
62.7892 17.0753
63.3566 17.0729
62.6364 17.1098
61.83 17.1358
65.7777 17.0113
64.363 16.9843
65.9786 17.0863
64.1828 17.1178
62.1573 17.3779
63.0079 17.1996
61.2692 17.4634
61.022 17.2442
63.704 17.1625
64.3647 17.3923
63.7722 17.3071
62.3773 17.3894
61.5174 17.1389
60.1281 17.2269
60.0979 17.3075
61.4151 17.2009
63.5099 17.0861
63.3085 16.9952
63.1198 17.3054
63.0946 17.3439
60.4276 17.0609
62.7857 17.3586
64.7774 17.5603
64.9412 17.4109
64.9867 17.32
62.1609 17.218
64.5984 17.2914
64.4501 17.209
63.7325 17.3951
63.9482 17.1444
63.6653 17.1682
63.5319 17.1678
63.9943 16.9072
63.4899 17.056
64.4501 17.0014
67.2241 17.0567
65.8979 17.2743
63.8171 17.2106
63.8998 17.1068
66.042 17.2203
64.0488 17.1844
67.2038 17.3696
64.809 17.1673
63.3354 17.2215
63.5895 17.359
64.6818 17.3626
64.4317 17.2279
60.9584 17.4276
63.5839 17.6082
64.1841 17.3832
62.367 17.2525
63.5612 16.9325
64.3755 17.1631
65.1155 17.0173
62.6852 17.3106
64.1861 17.3273
63.7485 17.0113
63.2369 17.1878
62.6597 17.1787
61.8822 17.12
62.2651 17.3921
62.4884 17.2589
63.7085 17.4503
63.987 17.2923
60.7896 17.3489
61.4889 17.251
61.7003 17.1623
60.8463 17.3515
61.41 17.0763
62.278 17.2657
63.3931 17.4063
62.7365 17.2245
63.9599 17.1388
64.5723 17.3502
66.4449 17.2275
65.75 17.3903
61.3465 17.4723
64.5515 17.1964
65.2836 17.2655
64.4522 17.3544
63.7581 17.1922
66.1248 17.2626
64.5161 17.1681
64.1604 17.1363
62.305 17.3208
62.3797 17.1591
62.379 17.2014
64.0086 17.2906
63.8235 17.0426
62.856 17.299
62.738 17.1472
64.1104 17.0558
63.3853 17.1224
62.8892 17.3698
63.837 17.1101
66.6166 17.186
65.9454 17.4117
66.6201 17.2253
65.1416 17.0458
64.6055 17.1785
65.2653 17.0612
65.3126 17.3724
63.5792 17.1824
65.1963 16.939
66.3133 17.0488
66.2761 17.1726
65.2567 17.19
65.0526 17.1834
66.041 17.4444
63.8254 17.4716
65.4095 16.9994
65.186 17.1558
63.4496 17.2635
66.1143 17.1997
65.1278 17.372
65.5117 17.4934
64.2429 17.155
67.4292 17.2146
64.6531 17.1113
68.0202 17.2767
66.0383 17.2354
64.6981 17.2525
62.2577 17.542
64.7061 16.9727
66.7221 16.9192
63.8239 17.5008
65.7332 17.3202
65.7307 17.3642
68.1687 17.3318
67.6908 16.9596
65.6018 17.2522
65.4064 17.0417
61.9717 17.4584
65.1306 17.1556
66.0549 17.1757
65.5477 16.9259
63.5176 17.304
67.9881 17.0439
67.0209 16.8456
64.5715 17.2087
66.8359 17.1436
63.3041 16.9229
66.1355 17.3154
64.5859 17.1938
65.1814 17.0403
63.2342 17.2677
62.8898 17.1787
62.7311 17.177
61.4814 17.6488
65.5548 17.3533
63.9647 17.1985
64.8853 17.0577
63.9969 17.0644
63.1039 17.2338
65.3811 17.1154
64.8822 16.9634
63.5477 17.2722
63.1393 17.3491
63.5093 17.0021
63.6047 17.4579
63.4928 17.0748
63.9912 17.4579
63.63 17.2656
62.9535 17.0087
64.6279 16.85
61.8806 17.3182
62.8406 17.1649
61.8108 17.3472
61.6387 16.9973
62.0607 17.0824
63.6887 17.2107
64.1583 17.5984
65.3326 17.0083
68.2799 17.0695
67.1119 17.2401
64.1268 17.0495
64.4965 17.2912
62.6804 17.4063
66.461 17.2051
66.5555 17.2931
64.412 17.638
64.6425 16.8842
65.3582 17.461
62.102 17.4382
63.3521 17.4427
63.0615 17.303
63.7695 17.4141
62.8268 17.1433
61.2865 17.159
62.8672 17.2301
64.935 17.367
65.9878 17.5965
67.052 16.9073
66.3932 17.6342
65.5966 17.4879
64.8317 17.2205
64.0781 17.1285
63.1715 17.0674
61.9338 17.1831
61.5263 17.1784
63.8673 17.1867
63.1354 17.072
62.057 17.4839
63.177 17.3051
64.4149 17.2516
63.9302 17.261
62.415 16.9874
62.1051 17.2761
63.967 17.0259
65.0618 17.0407
66.6151 17.0915
66.1428 17.2931
63.4243 17.1528
64.5239 17.3334
62.8569 17.2744
63.6921 17.4887
63.7951 17.3402
62.1667 17.2045
61.8373 17.4235
62.1184 17.1802
64.2085 17.52
67.2907 17.1443
65.337 17.405
68.0249 17.1078
69.7161 17.5111
69.7161 17.2971
70.7191 17.0123
69.0219 17.3877
69.1756 17.0728
67.899 17.242
65.682 17.3484
64.1299 17.6359
62.8546 17.2802
68.4574 17.4619
65.0777 17.1783
67.5639 17.4189
64.8648 17.3012
63.4475 17.4206
65.8328 17.2015
62.8323 17.4374
62.6034 17.0899
67.0863 16.9357
63.6372 17.2245
64.7193 17.1513
66.6299 17.0452
66.7745 16.9834
65.7873 17.2737
66.3075 17.0027
64.7956 17.1377
63.8025 17.0676
66.5742 17.3019
67.2209 17.027
64.9797 17.3667
64.4394 17.3389
61.5597 17.1725
61.7574 17.2216
63.2993 17.2103
63.6267 17.1003
62.2212 17.2358
59.6795 17.3247
64.298 17.0785
65.1504 17.1894
65.2685 17.5007
64.0273 17.3436
68.1965 17.2044
67.7863 17.0538
69.4323 17.0927
67.7958 17.5625
64.4243 17.0777
65.7059 17.1019
67.0273 17.2594
65.3893 17.115
63.5825 17.2412
68.8288 17.3069
64.4729 17.0444
66.7665 17.4811
63.7329 17.1314
63.8815 17.146
63.8815 17.1475
65.6026 17.186
64.4144 17.1609
63.7723 17.2849
62.294 17.3673
63.2772 17.366
63.9288 17.3482
61.1978 17.5569
63.2799 17.0282
63.9922 17.2921
64.9701 17.3683
63.0596 17.3635
68.3133 17.2043
66.6151 17.1149
65.3413 17.1973
64.8571 17.1695
65.8889 17.0591
65.7767 17.0213
65.406 17.2316
65.2517 17.0112
65.3794 17.2549
64.3066 17.1478
65.0327 17.3781
63.5471 17.2339
64.0991 17.1338
60.8175 16.9254
62.9165 17.3053
62.9363 17.2507
62.3494 17.3139
63.7896 16.9961
63.2479 16.9191
65.4431 17.3649
62.7082 17.3649
61.8957 17.0891
62.7021 16.8173
62.5494 17.259
63.5252 17.1787
64.5795 17.1809
63.6872 17.2601
62.359 17.3613
62.3721 17.3115
63.4476 17.1759
62.0841 17.2941
64.2411 17.485
63.2211 17.2044
59.8092 17.1883
63.1128 17.4032
65.0272 16.8842
64.2696 17.3112
62.0393 17.2433
61.8876 17.4288
62.9722 17.1005
62.3935 17.2438
62.0938 17.1935
63.0971 16.9388
63.628 17.1289
63.9045 17.1437
62.7877 17.2592
62.7442 17.0992
63.489 17.0403
63.9882 17.271
63.0137 17.1601
64.8054 17.0464
63.0994 17.3531
62.7065 17.4811
65.6046 17.4848
66.9057 17.4295
66.0823 17.355
64.8446 17.2552
65.8987 17.1118
65.5875 17.1364
65.4538 17.2521
65.3348 16.9209
66.3678 17.048
65.05 17.3715
66.4852 17.3298
65.473 17.0214
67.402 17.4576
65.599 17.3517
62.6472 17.2082
64.2922 17.1561
64.7326 17.1018
66.6523 16.9986
64.7968 17.1632
65.2321 17.1053
65.4918 17.1293
65.3537 17.4085
67.1681 17.6074
66.6192 17.0823
65.5535 17.0719
66.6711 17.3196
65.5818 17.295
64.8831 17.0313
64.4667 17.3928
67.1602 17.079
64.0334 17.2686
64.94 17.4826
64.0808 17.3829
64.1758 17.2954
64.5678 17.1084
63.7101 17.4255
63.7974 17.2541
63.0475 17.2158
63.3972 17.2614
65.5966 17.3216
63.9282 17.3593
68.7491 17.104
68.7568 17.2149
68.3906 17.0671
68.0628 16.985
66.7071 16.9396
64.5074 17.2779
66.6245 17.2276
68.5173 17.4127
67.207 17.4833
63.8664 17.0942
63.8488 16.9532
64.2013 17.1151
64.0698 17.1995
66.2468 17.3236
65.2217 17.0841
66.367 17.1436
66.723 17.3308
63.3792 17.124
63.1651 17.1888
63.4927 16.9136
64.9408 17.2359
65.8563 16.9227
63.9761 17.2789
65.1004 17.2045
62.0877 17.4244
62.6596 17.4141
63.2385 17.457
65.0174 17.2551
63.0898 17.5978
63.4023 17.2034
63.0283 16.9069
65.7182 17.0159
65.7596 17.133
63.2425 17.1802
63.7924 16.9989
62.8698 17.3651
61.5503 17.498
64.9296 17.3441
66.3132 17.0133
65.8914 17.256
64.7256 16.9566
63.9778 17.1155
65.525 17.1933
63.7639 17.272
64.6745 17.2375
63.8835 17.1688
67.4916 16.8623
69.8479 17.2068
68.4147 17.0858
66.8903 17.014
64.7296 16.8962
62.0861 17.2769
61.9504 17.3024
64.0509 17.2261
64.2617 16.8032
63.3475 17.2568
64.0525 17.079
63.9026 16.9573
65.4271 17.2779
65.6998 17.0191
66.0973 17.1159
66.5179 17.2001
65.4916 17.4017
65.4651 17.4875
65.7365 17.3347
66.4183 17.2217
67.8813 17.6723
66.5037 17.0208
63.2372 17.1306
64.177 17.3503
64.1867 17.3153
61.5839 17.3277
61.2786 17.3279
64.4779 17.3325
66.2716 17.0582
68.1251 16.979
67.3685 17.4714
67.8357 16.9661
65.0738 17.2463
65.2749 17.4432
65.2938 17.195
64.4119 17.5767
66.1562 17.1818
67.9675 17.0005
66.743 16.7892
65.5131 17.1782
68.7502 17.1297
65.9459 17.1259
66.2804 17.2862
68.8583 17.2302
65.6515 17.3033
62.4492 17.2869
67.705 17.2804
64.1672 17.2346
63.3143 17.2513
61.8988 17.2717
63.5058 17.0448
63.0083 17.202
61.4769 17.1813
63.8055 17.0905
63.8241 17.0354
63.6516 16.9157
63.2682 17.3455
62.5088 17.4703
63.4867 17.4188
64.9937 17.2201
66.4363 16.8002
65.5215 17.3164
66.0444 17.4396
64.7223 17.5582
64.4217 17.3734
62.4303 17.4126
63.2274 17.1157
62.1406 17.2146
63.1135 17.2209
62.4969 17.3075
62.8136 17.4229
62.6639 17.1171
63.4953 17.0156
63.9466 17.0299
63.4611 17.2998
65.5352 17.0157
63.8794 17.2981
62.8113 17.0127
64.0365 17.3371
64.7807 17.2244
62.9695 17.5235
62.8497 17.0934
62.1033 17.1612
62.8717 17.2058
65.2517 17.3741
64.6645 17.4668
64.9175 17.104
64.3141 17.2991
64.3787 17.3112
64.5284 17.2628
58.7683 17.5988
61.7884 17.2675
61.0889 17.3354
61.9927 17.3561
62.5294 16.9436
63.8741 17.0102
64.1578 17.012
64.2947 17.0157
65.5751 16.9816
65.0362 17.1629
65.8645 17.4739
65.6273 17.4687
60.3607 17.4687
61.4531 17.3093
61.8393 17.0254
64.6437 16.9679
64.2882 17.4007
61.679 17.2507
63.5464 16.9591
63.5726 17.2601
64.0228 17.6231
64.6169 16.8817
59.7612 17.4476
60.9229 17.5306
63.719 17.2113
63.9168 17.3703
63.2951 17.3313
62.4743 17.3952
61.8767 17.2657
61.9771 17.0245
61.6967 17.1801
62.6163 17.4156
63.9384 17.1273
62.7408 17.6015
65.2291 17.336
66.3853 17.3229
66.4094 17.3458
64.5538 17.4215
64.0907 17.0116
64.3036 17.2477
62.8681 17.2957
63.4674 17.4266
63.9915 17.3172
63.9742 17.0302
62.9751 17.2143
68.4637 17.3983
65.4167 17.293
67.6254 17.4189
63.6551 17.4957
63.7726 17.1338
63.5363 17.1785
62.2603 17.3737
61.5951 17.3109
62.5483 17.4855
64.2187 17.1516
65.6848 17.4303
68.5237 17.3621
67.0194 17.3122
66.8125 17.1015
67.6557 17.5292
64.3773 17.5361
65.8429 17.0505
65.1952 17.2242
65.9239 16.998
62.4558 17.2513
63.1228 17.1031
61.6611 17.1066
59.6876 17.2362
62.0433 17.092
62.356 17.3008
63.6924 17.3202
63.4166 17.2757
62.1458 17.3588
65.8223 17.1932
65.9697 17.1381
65.0498 17.0071
64.6147 16.9969
66.2626 17.0361
65.2655 17.1981
64.9382 17.1177
65.9953 17.1004
65.7275 17.1903
66.7085 17.2219
65.8585 17.3335
67.1115 17.3965
65.061 17.4386
63.742 17.0198
64.6521 17.3743
62.2893 17.2256
61.8174 17.0735
61.9683 17.4763
61.9683 17.0535
63.8911 17.2634
63.8742 17.2138
61.228 17.2112
62.7773 17.2365
63.1334 17.3958
64.6479 17.1499
62.894 17.3207
64.5016 17.1007
64.6381 17.2022
64.9779 17.1751
65.7275 17.4313
65.0845 17.0516
64.9507 17.5405
62.3327 17.2842
64.4886 17.3098
65.5272 17.4025
65.9165 17.2148
62.9588 17.3763
63.8101 17.123
62.8928 17.5178
62.1746 17.2666
62.605 17.4179
62.6955 17.4909
63.4514 17.3666
63.2253 17.3342
63.8658 17.1347
64.4711 16.9149
66.327 17.2386
67.6224 17.3799
68.9332 17.0938
66.9298 17.2724
67.9775 17.629
66.1193 17.2972
67.7452 17.2604
63.5314 17.2701
63.2338 17.3644
62.4205 17.0971
63.9114 17.3196
64.249 17.2462
64.1425 17.2953
63.9274 17.4187
64.2336 17.2957
66.9393 17.0727
64.9709 17.1221
64.7441 17.1313
63.4786 17.083
66.2297 17.3905
63.087 17.0131
62.4179 16.911
63.7006 17.2502
63.041 17.1497
64.1745 17.3661
63.2933 16.9626
63.9413 17.5135
65.7195 17.1561
64.6321 17.5025
64.8143 17.247
62.4518 17.44
64.625 17.2404
64.9778 17.415
63.9642 17.2912
67.2085 17.1067
70.4732 17.1357
65.9493 17.1107
66.7367 17.1525
67.2118 17.2749
67.4885 17.1016
68.2145 17.1175
66.0113 17.0039
64.4558 17.1415
63.9305 17.2526
64.9519 17.376
64.8292 17.5179
64.9898 16.9542
64.7214 17.2955
64.221 16.8155
65.2911 16.924
63.0981 17.0747
64.368 17.4252
63.2488 17.4308
65.0902 17.4806
63.7103 17.2807
63.3438 17.3253
64.4714 17.5063
66.7261 17.3503
65.6153 17.0947
66.1777 17.0678
67.1499 17.0875
65.6603 17.218
68.8864 17.3915
67.5245 17.4455
66.9826 17.431
67.2284 17.4753
67.174 17.1422
67.306 17.0399
65.7682 17.3069
65.2802 17.1523
64.9212 17.4874
64.9901 17.0798
63.1508 17.4844
63.9101 17.275
65.4124 17.1358
67.0708 17.3423
67.2442 17.0529
64.6796 17.18
64.0154 17.1966
65.6042 17.0132
65.7523 17.253
63.8707 17.1628
61.9944 17.6913
61.8324 17.3123
62.9961 17.183
60.2639 17.2049
61.6113 17.1476
65.0051 17.1139
65.4771 17.1634
66.5962 16.91
65.2352 17.0707
66.1823 17.5797
64.2989 16.8912
64.2989 17.2688
62.3655 17.1014
62.502 17.1626
64.4857 17.1195
63.7979 16.9918
62.4767 17.4609
64.39 17.1906
62.939 17.2828
63.7705 17.1035
64.8846 17.2186
68.0002 17.2279
66.807 17.1138
67.8927 17.1212
67.3482 17.017
66.7943 16.9689
66.1091 17.0993
64.5348 17.5625
66.5631 17.1204
65.426 17.2313
68.9744 17.1717
67.9661 17.3351
67.0499 17.1002
66.3149 17.2071
64.7473 17.1664
67.0442 17.1631
65.3672 17.0668
66.3677 17.0881
64.4751 17.4286
63.4 17.1804
64.6952 17.3548
63.7395 17.5207
65.8102 17.3494
65.1648 17.1157
66.1438 17.1679
67.4131 17.2231
65.1622 17.1115
63.2224 17.4675
63.7218 17.454
66.6237 17.2205
63.475 17.1544
63.3684 17.0583
61.7627 17.4061
61.7884 17.4557
63.0791 17.377
62.3241 17.2318
65.5572 17.2805
63.4619 16.8911
65.1771 17.3806
65.6893 17.2783
68.7236 16.9795
67.6519 17.2732
64.8739 17.0228
62.1143 16.9305
60.4339 17.5459
62.6239 17.4988
62.2323 17.4606
64.3144 17.2025
65.2635 17.0198
63.8263 17.245
64.349 17.1206
64.7388 16.865
63.7176 17.1658
61.1679 16.9932
61.9147 17.3331
62.8631 17.1687
63.0207 17.1324
63.5766 17.2258
64.4662 17.3497
63.7737 17.2246
64.1448 17.2936
61.9417 17.279
61.2648 17.3681
63.5378 17.2963
62.9717 17.314
62.0835 17.4691
64.5108 17.1717
64.2012 17.2321
64.0266 17.2634
64.3293 17.1519
63.9561 17.3696
62.9324 17.1907
62.093 17.4244
63.9913 16.9941
62.937 17.2396
62.4208 17.2992
65.2733 17.3313
66.7331 17.3478
62.2031 17.3161
67.3265 17.3536
67.8954 17.0638
66.2784 17.2269
65.3382 17.1542
65.6705 17.153
65.3062 17.2949
67.1609 17.0627
68.098 17.2582
67.1953 17.1815
66.6037 17.1905
67.2135 17.4817
70.7788 17.1361
68.998 17.1237
66.8395 17.3465
64.8995 16.9537
65.3365 17.1411
65.3833 17.1904
65.2876 17.4354
64.8401 17.2855
65.9166 17.3334
66.6841 17.3518
65.0449 17.115
63.7219 17.0417
63.7869 17.1006
64.7328 16.9553
65.1404 16.9305
62.793 17.6452
63.0746 17.0094
62.5789 17.4015
62.6401 17.2182
64.5796 16.9515
66.7027 17.0419
65.2284 16.9745
68.0626 17.384
69.066 16.9676
71.3742 17.0469
63.6875 17.2804
63.7817 17.3863
65.3014 17.1779
64.9572 17.1931
66.9199 17.1359
66.6886 17.3085
63.0941 17.1667
64.4181 17.0049
64.0227 17.3314
64.0573 17.3785
64.8266 17.2735
64.5869 17.2384
63.0591 17.2685
64.4596 17.4075
61.8881 17.3582
61.9831 17.0764
62.9884 17.2083
64.3237 17.1157
64.3191 17.1786
63.6202 17.1692
63.1907 17.038
62.6832 17.1057
62.9725 17.1602
63.7004 17.4687
63.9733 17.0627
62.5606 17.1054
64.7364 17.1781
64.7917 17.1997
63.1013 17.1999
64.8985 17.3487
64.1172 17.3558
63.8952 17.0651
63.3701 17.5286
63.112 17.0825
63.2366 17.1906
62.8105 17.4565
61.4301 17.2434
62.0353 17.1699
62.4209 16.789
66.4374 16.997
63.7127 17.4047
63.5065 17.3126
64.3329 17.3019
66.4227 17.2987
63.0969 17.0682
63.1667 17.1145
61.8828 17.3089
63.6271 17.4395
64.6419 17.4643
61.9465 17.1528
63.7658 17.0884
62.6387 17.3185
64.5799 17.17
64.5422 17.1441
63.606 17.1857
63.9227 17.1494
66.5448 17.2017
68.358 17.2395
67.7901 17.345
69.46 17.2636
67.595 17.1182
67.2037 17.1087
66.4862 17.1191
63.1824 17.0685
64.2039 17.3079
65.2918 17.3076
65.9899 17.2177
65.2691 17.2572
68.3091 17.0501
65.0866 17.4388
64.9019 17.5598
65.0139 17.2036
65.1364 17.235
61.6553 17.2418
62.7875 17.2373
64.6577 17.339
64.2367 17.1022
64.7282 17.2484
64.6007 17.0426
63.0187 17.1978
62.0895 17.1545
62.0151 17.3208
63.0241 17.2849
62.4637 17.4329
64.3103 17.1369
64.0456 17.1528
63.4751 17.1453
64.9339 17.2256
67.4498 17.4027
66.9019 17.3097
65.8874 17.2634
63.9998 17.3902
61.5031 17.4617
64.0496 17.1627
64.6232 17.1893
64.3798 17.0976
64.2921 17.3954
64.9838 17.2769
64.2164 17.159
65.0993 17.3419
64.4055 17.2104
66.3847 17.4313
68.3898 17.0297
67.2492 17.0869
64.5448 17.216
63.3115 17.2835
65.5555 17.2146
64.3853 17.3376
62.5023 17.2631
63.7367 17.1005
63.6678 16.9851
63.8952 17.0767
64.0256 17.0476
61.8514 17.2692
62.1371 17.2643
61.8723 17.2578
64.9347 17.3427
63.8237 17.1656
62.479 17.5
63.3136 17.0268
62.9738 17.0508
60.8265 17.0027
62.5219 17.4545
61.931 17.2645
61.3324 17.2987
62.3742 17.1928
63.5463 17.4611
65.0171 17.1791
63.3261 17.0674
63.1925 16.9519
62.996 17.2001
62.3115 17.1121
64.4153 17.0579
64.1302 17.0988
66.6235 17.2333
65.6991 17.4445
64.558 17.0787
65.4342 17.0962
65.6084 17.1987
64.6178 17.3317
68.8103 16.8593
66.5791 17.1923
65.2671 17.1224
63.7753 17.0785
63.7564 17.6128
63.9286 17.5688
63.8145 17.3084
64.865 17.3715
66.3094 17.3065
66.9391 17.2508
66.216 17.2941
64.6208 17.3264
63.4812 17.1953
63.7567 17.1522
64.216 17.3931
65.6745 17.2049
64.9002 17.1477
65.0422 17.2271
65.7114 17.2354
64.8905 17.2595
66.0031 17.0289
64.3439 17.2705
65.0876 17.1944
63.7612 16.957
61.9016 16.9014
63.8737 17.0589
62.1015 17.561
64.7939 16.9505
65.2331 17.1399
64.609 17.5353
64.6824 17.0865
63.7979 17.099
63.326 16.9876
61.6871 17.2306
64.4694 17.2629
63.7577 17.2715
64.5943 16.9996
63.2391 17.0865
64.538 17.2307
64.4605 17.0456
62.8783 16.9994
63.0427 17.2323
63.4819 17.0991
61.975 17.0407
65.8709 17.0751
63.4207 17.0934
66.9035 17.1014
64.0742 17.334
62.197 17.2229
60.4532 17.2975
63.4879 17.0677
65.3811 17.1666
61.7989 17.2735
61.4523 17.5705
62.608 17.0578
60.8134 17.5606
63.3501 17.0005
61.127 17.1832
64.6073 17.3167
61.7178 17.3886
63.2592 17.3846
65.4058 17.4245
62.306 17.2728
64.2108 17.3693
64.2056 17.0299
65.0179 17.523
66.6808 17.3093
62.871 17.4561
63.5234 17.1648
63.5869 17.0073
63.2015 17.0543
66.106 17.0891
66.7861 17.2445
65.832 17.4314
64.51 17.3414
64.0736 16.9577
65.0418 17.2374
66.1517 17.3488
64.7896 17.0373
66.616 17.1702
66.9246 17.063
66.4089 16.9492
65.7334 17.2914
64.4644 17.1108
66.5247 17.3522
64.2405 17.4315
64.1371 17.2025
64.3837 17.0782
61.4978 17.2494
64.3006 17.1049
62.486 17.0923
64.7098 17.1562
66.3193 17.2255
65.0959 17.1949
67.2927 17.2427
66.7854 16.9398
66.4022 17.252
65.9622 17.0931
65.7719 17.1544
65.0379 17.0471
64.6171 17.2288
64.8996 17.0409
63.0791 16.9402
65.0825 17.3502
63.2074 17.2436
64.8026 17.2436
66.6093 17.3745
65.0665 17.4051
65.8457 17.2111
64.2866 17.1639
65.4041 17.3837
63.2757 17.3987
62.277 17.3622
65.4458 17.2608
63.7913 17.3205
61.8743 17.4689
63.6326 16.9688
64.2433 17.2534
64.5486 16.9783
62.6185 17.183
65.2591 17.397
61.8275 17.36
63.295 17.4409
63.8522 17.4092
63.6679 17.1104
63.537 17.3751
64.1935 17.463
63.0197 17.0702
65.2674 17.165
65.1195 17.4532
65.1073 17.2593
66.4042 17.3914
65.4431 17.3936
65.099 17.3231
63.7165 17.1603
62.1569 17.3422
64.2425 17.5255
66.0525 17.3973
66.1835 17.2643
68.7339 17.2802
66.709 17.292
65.5181 17.2386
67.0106 17.359
66.6413 17.2656
65.4339 17.2178
63.8819 17.2408
65.4242 16.9101
67.0791 17.3946
66.6796 17.2228
64.4731 17.4287
61.6282 17.1843
65.9937 17.493
65.7439 17.0422
65.1844 16.8956
63.611 17.0123
65.6439 16.9984
65.1458 16.975
63.7465 17.311
64.104 17.3554
63.3272 17.2278
61.1382 17.2925
63.2271 17.2552
64.8952 17.4458
64.7001 17.2559
64.2104 17.1506
65.0503 17.115
64.9379 17.2618
63.8276 17.1993
64.5039 17.2069
64.6347 17.4299
66.4155 17.1936
64.0134 17.1618
62.9052 16.9712
64.9471 17.1331
64.6163 17.0614
61.6631 17.3721
62.1971 17.4239
62.8846 17.273
62.2731 16.8978
64.312 17.482
64.2246 17.5219
61.7626 17.131
63.5029 17.2316
62.6073 17.0933
63.1461 17.3977
65.5176 17.2201
66.6082 17.1922
66.2033 17.0112
64.5111 17.299
66.2596 17.285
67.5171 17.1838
67.9563 17.1514
67.2154 17.3135
66.9095 17.1635
69.367 17.0453
66.9296 17.251
66.829 17.4215
63.1858 17.3256
63.8046 17.4359
62.6927 17.4134
62.3878 17.3345
66.656 17.3455
60.9747 17.3456
64.5338 17.3552
59.8232 17.3411
62.4018 17.34
63.3559 17.1861
64.8279 17.219
64.2698 17.2215
64.6516 17.1341
63.8069 17.1466
62.4104 17.0354
62.8739 17.4054
61.3007 17.1757
61.8213 17.1784
60.6748 17.1967
62.3804 17.1612
62.9699 17.1243
60.8854 17.1577
60.896 17.1858
63.1983 17.0846
65.2106 17.1
67.8784 17.112
68.6739 17.1247
67.163 17.2674
64.6132 17.1228
62.2986 17.085
62.328 17.1607
62.3602 17.3278
61.1387 17.1986
63.4761 17.2139
63.8464 17.3509
64.4148 17.4393
62.5225 17.1275
62.3933 17.2586
62.5782 17.1516
62.6055 17.0157
65.8169 16.9336
65.94 17.4089
62.6283 17.3558
63.2847 17.3103
60.7971 17.3241
64.0985 17.4173
61.7958 17.2086
60.8712 17.2571
64.1693 17.337
65.2851 17.2373
65.135 17.0937
65.1155 16.936
65.1159 17.3368
65.3929 17.4579
65.7649 17.2357
65.5535 17.3367
63.0277 17.432
64.4412 17.1338
65.1889 17.1599
63.8102 17.0066
65.6769 17.3615
65.7869 17.1806
62.6623 17.1894
62.5008 17.1793
61.8946 17.4885
61.7629 17.5193
61.9154 17.2691
63.4464 17.1659
65.9388 17.1687
65.1536 17.1582
63.692 17.1732
63.1304 17.4026
63.9166 17.3678
65.7384 17.1688
64.7802 17.0742
64.7464 17.3021
60.8875 17.5019
60.7242 17.3752
63.1629 17.1012
61.6652 17.4582
62.3319 17.2929
63.2504 17.0882
62.4343 17.4396
61.7478 17.1659
62.3619 17.226
61.6115 17.3479
63.198 17.2905
65.302 17.4481
62.7644 17.3306
61.988 17.2275
62.0223 17.2695
63.7608 17.2367
63.6834 17.1868
65.739 17.2643
66.685 17.4051
66.4508 17.3877
65.5352 17.3954
67.2795 17.3841
67.7288 17.0921
68.2622 17.2395
62.4271 17.2403
63.1014 17.0891
62.5622 17.3433
62.6505 17.2132
64.8988 17.5171
67.2531 17.1662
65.3954 17.1294
63.5568 17.119
64.3296 17.2414
65.0775 17.1312
67.3872 17.2171
64.7613 17.2657
65.8598 17.207
64.332 17.3337
63.8491 17.1768
66.0926 17.1842
66.4134 17.2612
64.9909 17.4629
65.0417 17.5888
65.3172 17.1466
63.4266 17.3742
65.6766 17.1469
65.3761 17.2009
66.3771 17.1822
64.5627 17.0018
64.6526 17.111
64.4829 17.2055
66.2581 17.0516
67.5355 16.9239
64.7782 17.0141
64.5996 17.138
68.5539 17.145
65.8929 17.2002
67.1887 17.3063
65.5854 16.9704
61.8428 17.5023
61.6621 17.5142
62.1829 17.0951
63.8215 16.9738
62.6121 17.0301
62.254 17.3449
65.1839 17.082
64.4609 16.9225
64.4609 17.3309
64.6128 17.0429
66.0911 17.0069
66.0714 17.0258
63.3601 17.0865
64.5817 17.3312
64.5132 17.2537
64.7403 17.234
64.7376 17.2703
64.0403 17.4936
64.7698 17.2411
64.7568 17.2217
62.5956 17.4692
62.5831 17.1397
62.6602 17.4232
62.9848 17.0703
64.4171 17.247
63.5734 17.1177
62.4507 17.1955
64.0178 17.2891
66.016 17.2861
67.48 17.228
65.9295 17.3464
65.5372 17.0692
64.5051 17.4614
63.8031 16.9612
67.1832 17.0159
66.4717 17.1206
65.3805 17.3257
62.9931 16.733
64.9514 17.1757
64.7456 17.3676
65.0902 17.2877
65.3795 17.1107
64.4373 17.1145
64.2599 17.1238
62.1402 17.0807
63.9029 17.1035
65.2366 17.1838
66.8097 17.3437
67.0983 17.1778
67.1253 17.1643
65.1674 16.9689
64.6326 17.3547
64.5319 17.3346
64.1765 17.2256
63.8972 17.4272
65.1558 17.132
63.8971 16.9022
64.8805 17.1577
65.1736 17.2267
66.6903 17.3906
64.6754 17.1817
63.1342 17.1781
64.8503 16.8587
66.1678 17.2583
66.8502 17.4001
65.5186 17.2323
66.3381 17.1804
64.6568 17.0891
66.4816 16.9388
63.3336 17.093
62.6557 16.9578
62.8584 17.2078
63.1528 16.9956
66.0312 17.0601
65.6341 17.192
65.9218 17.4157
68.8014 17.1513
69.6825 17.0265
67.6271 17.1794
66.4106 17.4413
66.1517 17.375
67.0218 17.201
67.5142 16.9955
68.2463 17.0674
66.6023 17.2419
65.434 17.1281
68.1603 17.1942
66.7703 17.2425
66.514 17.2468
63.6395 17.3548
65.3241 17.1067
63.9831 17.1654
62.8471 17.0658
63.2771 17.2508
62.879 17.4321
66.1845 16.919
65.8589 16.9934
65.4253 17.249
63.2543 17.2407
64.7474 17.0878
65.8907 17.0952
66.3255 17.2633
65.6486 17.3638
67.9206 17.093
65.2321 17.38
63.8775 17.3571
64.7459 17.3316
66.5914 17.1022
65.5389 17.3083
62.9686 17.273
62.3925 17.0163
60.3968 17.3045
63.1935 17.3796
65.1342 17.0289
63.7472 17.2168
63.0456 17.1897
62.9795 17.239
65.5727 17.2928
63.9877 17.1049
65.1537 17.2805
66.6706 16.8723
64.9645 16.8595
64.7774 17.001
66.5321 17.2853
65.6641 17.1262
65.0601 16.9967
66.7134 16.985
67.3945 17.0338
66.1928 17.0158
66.3874 16.9643
60.8533 17.0884
64.658 17.0207
63.8301 17.1933
63.6906 17.5551
61.642 17.174
62.6549 17.2388
63.4227 17.2336
65.7831 17.3876
65.671 16.906
67.0133 17.2671
67.9938 17.0961
63.9264 17.5268
62.0215 17.4984
63.7503 17.267
64.4496 17.5002
66.8577 17.2011
67.6602 17.106
66.9986 17.2595
64.6963 17.0399
66.2391 17.1771
68.4031 17.0989
64.8398 17.1704
64.8827 17.25
64.1284 16.9825
65.02 16.8976
65.8386 17.172
66.5173 17.3713
63.882 17.0655
62.7256 17.0781
63.4633 17.2381
63.6357 17.3114
62.9742 16.9965
64.3238 17.067
65.1201 17.1084
65.2273 17.1418
65.8424 17.5219
67.641 17.497
67.5522 17.0092
66.2467 17.178
69.0238 17.3876
64.5686 17.1734
65.8871 17.3016
66.6726 17.1314
66.1753 17.1419
67.3068 17.3014
65.6785 16.9055
64.6138 17.0791
64.3323 17.3015
63.1918 16.955
67.0514 17.2863
64.2331 17.3822
65.8337 17.1156
64.0389 17.2475
64.8314 16.9043
62.5141 17.4561
63.7306 16.9546
63.2907 17.3962
64.5021 17.2657
62.6522 17.0824
62.0153 17.2639
63.1802 17.3577
62.6048 17.3746
64.347 17.0116
62.609 17.214
64.4182 17.1703
62.8493 17.0492
63.4788 16.838
62.088 17.2708
62.1722 17.1839
61.9056 17.2651
63.246 17.1147
61.2847 17.354
64.4744 16.8568
61.3901 17.1693
62.3727 17.4396
64.3489 17.2605
63.2331 17.0839
63.5385 17.3199
63.5783 17.1407
63.8702 17.0695
64.4323 17.343
65.8247 17.2153
65.2296 17.3229
66.5816 17.0311
66.9846 17.0922
66.5883 17.1661
66.9764 17.0463
63.9096 17.3093
63.8643 17.2145
61.3018 17.4342
64.7339 16.8948
62.2173 17.1707
63.2513 17.1924
63.221 17.4962
62.7587 17.1661
62.1503 17.2178
65.3054 17.2518
64.8947 17.0422
66.0087 17.1108
64.1831 17.1654
64.2291 17.2147
66.2084 17.2494
64.8077 17.3556
65.9306 17.2409
64.7417 17.3212
65.9405 17.3726
64.6029 17.2128
64.3477 17.1616
64.826 17.2218
64.0181 17.1804
64.4799 17.4859
63.6276 17.3052
63.5449 17.4229
61.6258 17.3113
64.0233 17.2152
62.5558 17.2184
62.1719 17.2189
62.9727 17.2101
62.8682 17.0715
62.8815 17.184
63.0532 17.2804
62.7564 17.23
63.5832 17.2131
64.5889 17.1359
65.8634 17.1614
67.0486 17.0107
65.6384 17.1923
64.4605 17.0109
66.2159 17.1267
65.7524 17.1298
65.7952 17.4233
65.8698 17.2514
66.3246 17.2196
65.2238 17.3216
63.6715 17.1284
65.0298 16.8726
63.4115 17.2547
63.4678 17.0348
63.8504 17.1302
63.9441 17.1951
64.5416 17.2848
65.135 17.1479
65.8178 17.2911
68.2775 17.2168
69.4149 17.1287
63.1614 17.1158
63.8462 17.0853
67.6989 17.3046
66.8284 17.1852
67.837 17.2265
66.3268 17.319
62.8601 17.4007
64.7825 17.3956
63.835 17.3253
63.5764 17.283
63.9518 17.514
65.3137 17.1493
63.1425 17.1831
64.6284 17.1452
68.5293 17.0611
68.9946 16.9278
66.3148 17.1717
69.6181 17.3195
67.0465 17.1045
70.8616 16.9018
70.8424 17.0989
70.8946 17.4215
69.0284 17.3969
71.625 16.9972
68.5783 17.0663
66.3922 17.4285
65.9196 17.1906
65.5449 17.5557
66.6496 17.1047
67.1971 16.965
64.7749 17.1358
67.3424 17.1129
64.6393 17.2729
65.5537 16.8356
65.4369 16.9267
61.3723 17.2355
67.7027 17.3051
68.1369 17.1634
65.1761 17.5314
64.3919 17.1631
64.3766 17.1272
65.1263 17.1748
61.3389 17.2268
64.8344 17.1388
65.1704 17.2424
65.3772 17.4162
64.9593 17.8573
64.6475 17.0256
67.7363 17.3024
65.3388 17.1165
63.9815 17.0372
62.5156 17.1711
62.5986 17.3127
62.356 17.1829
63.0367 17.167
63.6724 17.1873
63.8438 17.0578
66.2186 17.1623
66.7926 17.3097
66.652 16.877
63.638 17.2324
62.6101 17.2074
61.2819 17.3152
62.3722 16.9441
63.8291 17.2851
64.5557 17.0696
63.9372 17.1531
63.6411 17.1585
63.8705 17.1434
62.9768 17.1395
61.6617 17.2579
63.2471 17.0241
62.9916 17.2285
62.8747 17.3933
67.1719 17.1653
65.1645 17.0586
69.8622 17.1891
70.9869 17.3521
68.0332 17.6569
66.272 17.0635
63.4144 17.1471
63.3994 16.9799
63.4975 16.9977
64.9322 17.118
63.3726 17.4287
64.7749 17.5554
66.4739 17.3768
65.1077 17.2564
60.7471 17.2306
63.9553 17.3216
66.1467 17.1547
64.1728 17.0539
63.521 17.4405
64.0393 17.038
66.903 17.0811
65.5045 16.7674
63.6383 17.6174
64.4839 17.1209
65.0495 17.2788
64.0852 17.4871
66.0741 17.0269
67.5631 17.1261
69.203 17.1127
63.1175 17.0492
65.7462 17.1135
62.9616 17.2388
64.0006 17.4799
62.5716 17.3034
65.1255 17.121
65.4307 17.0304
66.5479 17.1396
67.8019 17.2006
66.5251 17.132
66.0561 16.9975
68.1811 17.516
68.8215 16.8519
68.076 16.9326
68.6001 17.4562
70.8748 17.3292
69.2573 17.1783
72.903 17.0745
73.1442 17.3759
69.6156 17.332
67.7757 17.0553
67.0872 17.5036
67.2327 17.0295
67.8903 17.0128
67.4745 16.9955
67.6379 17.2869
69.7241 17.2818
67.2306 17.2901
68.0927 17.2295
66.5533 17.2452
67.3212 17.1428
63.3013 17.1298
65.2577 17.2407
65.6392 17.3547
62.6321 17.301
66.3453 17.4354
64.8062 17.5539
65.1592 17.1861
64.0461 17.2324
65.5253 17.1985
66.1277 17.0919
65.7996 17.0288
67.1561 17.2202
68.4272 16.9366
66.5112 17.1692
64.2201 17.1725
63.0186 17.165
63.5845 17.2645
62.4562 17.2746
64.6443 17.2853
63.4765 17.2654
63.754 17.1766
63.1168 17.1829
64.8299 17.0985
62.3255 17.2505
63.6905 17.5826
64.6933 17.5711
61.9286 17.0955
60.8694 17.2047
65.8793 17.1211
64.2717 17.2756
64.2077 17.2322
64.9916 16.9557
64.4671 17.4019
62.9509 17.269
64.2773 17.3286
64.3396 17.2851
63.9983 17.2364
61.6137 17.3397
65.7448 17.1136
62.7703 17.4601
64.2626 17.1792
64.4099 16.9975
63.0792 17.2206
65.8069 17.4026
66.845 17.366
68.2578 16.9874
67.1841 17.4444
66.2065 17.5663
68.4437 17.4292
65.2256 17.0431
66.4093 17.1102
64.5668 17.2028
66.3709 17.0851
62.1385 17.2321
65.1205 17.1997
65.0373 17.0396
64.3867 17.1054
62.1549 17.2933
64.2068 17.4711
64.0806 17.5547
64.9491 17.2493
66.4072 17.0103
64.7778 17.1898
67.1701 16.9309
67.4581 17.3132
66.8181 17.3944
64.6298 17.3497
67.3309 17.3218
64.3913 17.0219
63.9671 17.3567
63.3455 17.2246
65.1224 17.1594
62.083 17.311
61.9042 17.2145
63.4875 17.5293
62.1674 17.2542
63.9941 17.3977
64.6748 16.9466
65.3016 17.289
65.3647 17.2118
64.225 16.8841
64.171 17.4858
63.5881 17.363
62.9684 17.3054
63.7765 17.4779
65.4191 17.3196
67.8561 17.3876
66.2167 17.2777
66.5803 17.2862
66.3162 17.1255
66.994 17.2078
64.1237 17.24
62.7186 17.2136
62.5239 17.0466
62.5988 17.176
63.4601 17.2575
63.685 17.039
66.1498 17.1076
65.6844 17.3719
65.8726 17.2876
65.4465 17.5923
65.3164 17.3831
61.419 17.2264
62.0705 17.1143
64.9437 16.9818
62.7926 17.4647
63.4324 17.1949
64.4854 16.9787
62.6429 17.2461
62.2488 17.0874
65.5174 17.2702
65.8042 17.1141
64.0235 17.2802
63.5701 17.2104
63.4214 17.2807
62.8843 17.2794
65.0418 17.1477
65.4043 17.3875
62.5924 17.179
64.6828 17.1792
64.2799 17.1817
62.5279 17.1842
62.0471 17.4468
63.5313 17.1288
58.9916 17.2704
62.9661 17.1636
64.4349 17.3921
62.1512 17.3351
61.8221 17.133
62.1203 16.8892
62.3205 17.5035
63.4197 17.0941
63.2963 17.28
63.0834 17.4039
61.9037 17.1172
62.2109 17.2367
63.5491 17.3618
63.1105 17.0629
61.3926 17.3157
63.0393 17.3735
62.2925 17.4332
64.9635 17.0672
65.765 17.1767
65.5047 17.2412
63.0324 17.18
64.6644 17.4621
62.9172 17.2572
64.979 17.095
66.9914 17.2732
63.6551 17.2498
64.067 16.9351
64.8381 17.2717
64.8289 17.3329
63.6219 17.3044
64.8277 16.9595
64.2611 17.095
64.7874 17.2201
64.0164 17.2523
64.9827 17.0033
65.8147 17.1541
68.7546 16.9811
69.125 16.7361
67.464 17.0869
69.4284 17.0236
67.4916 17.1521
66.8735 17.178
65.4726 17.4959
67.3248 17.1643
65.6054 17.157
64.3968 17.3131
65.637 17.2977
67.0854 17.0913
64.9438 16.8749
63.7657 17.1242
62.0509 17.2525
63.1928 17.2216
63.5161 17.2695
63.0024 17.3046
61.8372 17.3493
62.6572 17.3628
65.1387 17.2226
62.9356 17.0315
63.3206 17.0542
64.9118 17.1601
65.1433 17.1507
62.7323 17.2354
62.2224 17.2422
64.9461 17.0876
64.12 17.4279
65.1362 17.226
65.922 17.1285
65.438 17.2524
64.049 17.5365
62.9291 17.2274
63.1315 17.2366
63.5028 17.0184
63.4171 17.1014
67.6764 16.9671
66.2241 17.118
64.0564 17.0823
61.5773 17.0267
65.1414 17.374
63.899 17.2691
64.4785 17.3257
61.5327 17.2377
62.3643 17.4064
61.1966 17.2023
61.5101 17.3264
62.941 17.1229
61.4991 17.085
61.0729 17.3078
64.8318 17.1172
61.8292 17.0971
62.9126 17.2905
62.5792 17.5648
63.9032 17.114
62.8722 17.3018
64.7063 17.0369
68.7233 17.1825
67.3078 17.2972
66.2932 17.6134
62.9047 16.8145
66.9982 16.9953
65.8481 17.4139
66.3845 17.1567
65.7504 17.0091
66.4265 17.0315
65.3824 17.355
63.7366 16.9723
63.864 17.2136
64.8723 17.1922
63.6188 17.2085
62.3385 17.3175
62.0798 16.9059
60.6326 17.447
62.6005 17.2003
63.289 17.2705
63.2638 17.3414
63.4911 17.1533
63.3261 17.1434
62.6191 17.2668
62.5594 17.4106
63.542 17.419
65.5157 17.3638
67.3839 17.2183
70.5972 17.1739
65.74 17.0722
67.6189 17.5531
65.9474 17.3439
67.019 17.3441
68.335 17.3372
66.2187 17.4826
63.1016 17.2298
60.7847 17.4614
59.8748 17.3512
62.1758 17.1271
61.4963 16.96
62.5178 17.264
63.5842 17.0335
66.4399 17.0994
67.3107 17.0631
64.5974 17.1426
64.8057 17.0878
65.4012 16.9939
65.6427 17.027
67.7554 16.8514
62.2001 17.2922
62.736 17.2669
63.1758 17.0653
63.6672 17.1631
60.3284 17.1751
62.6782 17.0293
63.0844 17.0193
65.6709 17.4588
65.3781 17.3081
65.2476 17.0566
66.3501 17.4031
60.9185 17.3317
67.1622 17.2915
65.47 17.1769
65.3503 17.2225
63.2583 17.1759
63.5134 17.4055
62.7009 17.4206
63.5334 17.0216
63.1147 17.1782
61.0526 17.3801
62.7078 17.3345
63.6978 17.3533
65.4361 16.7811
65.1427 17.3153
65.6139 17.2593
64.8907 17.2029
65.3301 17.1116
64.0687 17.3779
63.9031 17.279
64.7606 17.33
63.4422 17.3472
64.6055 17.0005
65.1288 17.1158
64.1831 17.2553
64.2312 17.3369
62.6415 16.8873
62.6057 17.2899
62.4867 17.2285
62.3129 17.3316
65.882 16.9619
65.7035 17.5724
64.7846 17.0186
63.7597 17.2872
63.8283 17.0915
62.9199 17.3998
63.3669 17.3736
65.0059 17.2674
62.2979 17.2209
61.1345 17.2195
63.736 17.1829
62.1168 17.2632
62.1636 17.4493
63.8396 17.296
64.224 17.1509
60.6645 17.3761
61.697 17.0269
65.9155 17.1536
64.6333 17.4289
64.6855 17.1991
64.4145 17.2256
64.5595 16.9501
62.974 17.2917
64.2933 17.3536
61.8655 16.9221
63.4096 17.2521
60.6553 17.3395
62.1802 17.3926
60.8757 17.0269
63.2214 17.3104
63.3472 17.2375
64.6674 17.3232
63.0334 17.1454
63.9225 17.1365
65.4057 17.7037
64.4983 17.1351
65.2112 16.9893
67.5811 17.0204
66.4139 16.9644
65.6394 16.963
62.804 17.198
65.2599 17.1824
61.4799 17.0569
63.0915 17.3598
64.9247 17.1292
65.4033 17.1909
63.3402 17.2539
63.6549 17.0144
63.3078 17.3552
62.9178 17.4359
63.635 17.2778
65.201 16.8842
67.2631 17.2611
62.5023 17.4465
63.6755 17.3454
63.6903 17.2279
59.5931 17.2563
61.8381 17.4511
63.2964 17.109
63.1568 17.1475
63.3185 17.4014
66.0659 17.0937
64.0026 17.1736
65.3178 17.3294
66.5295 17.3761
65.9202 17.2054
65.593 17.1255
67.1864 17.374
67.2748 17.2415
67.567 17.2749
67.7666 17.1469
67.575 17.1008
69.6383 17.3937
64.0842 17.1903
65.1561 17.2833
67.0929 17.339
62.1302 16.9722
62.2551 16.9383
61.9981 17.3031
63.3029 16.9521
61.8576 17.2559
61.8863 17.4801
61.8652 17.131
63.3813 17.2529
64.3521 16.9579
65.1374 17.1076
64.6222 17.0687
65.3039 17.2168
64.2443 17.2269
68.2411 17.1909
66.4796 17.4155
65.8115 16.9763
65.4214 17.0658
61.4707 17.4049
62.8832 16.9319
62.2897 17.0707
61.0962 17.148
61.5218 17.1577
63.1289 17.1923
61.6536 17.1224
64.0009 16.983
62.8091 17.1197
62.7043 17.0523
61.8633 17.3541
62.4532 17.3507
63.8483 17.2908
62.1979 17.0619
65.4134 17.1294
66.4233 17.1613
63.0717 17.2651
61.6039 17.3056
62.6911 17.1778
62.1108 17.3519
60.7991 17.174
62.3375 17.2493
61.008 17.2456
61.8291 17.5284
64.1492 17.6473
64.7602 17.3749
64.0492 17.1247
63.5776 17.3096
64.3562 17.1034
64.5825 17.2766
65.5714 17.0342
66.5551 17.1698
65.3796 17.2966
68.3467 17.4871
65.2843 17.1201
63.0936 17.2001
62.3298 17.4423
63.896 17.3164
64.0428 16.9788
64.7643 17.225
63.3339 17.0847
64.0679 17.1985
62.9987 17.3317
62.64 17.3047
62.4052 17.2136
65.4592 17.0041
62.9418 17.1094
61.551 16.8612
62.3368 17.5245
63.143 17.1238
61.8353 17.3884
61.7456 17.3394
63.4803 17.2617
62.594 17.1017
62.792 16.9502
63.6643 17.1968
65.4439 17.2223
63.27 17.2188
63.789 17.2213
64.1212 17.2097
64.0563 17.1974
64.219 17.4446
62.7359 17.1671
64.4247 17.1022
64.7338 17.2546
64.3737 17.2465
65.3274 17.4461
66.4529 16.8774
66.3246 16.9298
66.3439 17.0284
65.9062 16.9793
63.1404 17.075
65.1444 17.0335
65.1542 17.4128
65.1573 17.5437
64.5652 17.378
66.1622 17.3065
64.0916 17.344
64.2651 17.2028
62.7981 17.2432
65.0649 17.4078
67.2228 17.3223
66.5074 17.2987
63.3058 17.2554
61.7689 17.2392
61.1805 17.1102
63.1759 16.8387
62.077 17.2426
62.2976 17.227
64.4728 17.1693
64.4402 17.291
64.2831 17.1743
62.6736 17.2675
66.4614 16.9942
64.7291 17.1465
64.6762 17.0588
64.5933 17.0927
64.9412 17.4174
63.1966 17.2862
63.0651 17.2403
59.1887 17.5647
63.0961 17.3806
63.0963 17.1214
63.0963 17.2784
60.3621 17.2754
60.5423 17.3135
62.3717 17.3881
62.0473 17.2764
62.8003 17.2717
69.0763 17.2844
64.7593 17.1105
64.2587 17.2169
64.5386 17.2124
65.1239 17.3757
62.7142 17.258
63.2336 17.064
63.0091 17.2274
62.8054 17.1079
62.345 17.1205
63.575 16.9981
64.1911 17.3044
64.1869 17.3413
64.1869 17.0731
64.1889 17.4718
64.2042 17.4921
63.8396 17.1034
64.6438 17.2795
65.0829 17.4494
64.7582 17.1605
59.8844 17.1202
62.1685 17.2077
61.7998 17.0886
62.263 17.0549
65.0627 17.0659
63.3923 17.0286
62.0296 17.2842
63.804 17.2355
63.9762 17.2806
63.7947 17.3556
64.2837 17.1864
63.0387 17.172
61.8587 17.2039
61.8876 17.1708
61.3643 16.9045
61.9713 17.4365
63.1072 17.3543
62.2661 17.117
64.1196 17.3474
65.5442 17.1735
64.7018 17.0498
64.5414 17.202
65.86 17.0922
65.1828 16.9155
63.0944 17.0958
60.7406 17.0986
63.5108 17.1558
60.9481 17.0732
64.573 16.9457
66.1885 16.9636
65.5068 17.0292
64.2886 16.9783
63.0804 17.2246
62.8294 17.2753
62.9255 17.3318
66.3801 17.0583
65.6094 17.2645
64.6279 17.3211
65.0034 17.2935
62.5794 17.2952
65.112 17.2765
63.6676 17.213
66.0618 17.2753
64.7747 17.3169
63.9331 17.1695
62.3616 17.3207
61.832 17.0593
61.1003 17.0851
62.5027 17.1824
63.3121 17.155
62.1203 17.1713
62.4633 17.0714
63.0603 17.2892
63.5898 17.3917
64.0701 17.0254
64.2298 17.2263
64.6543 17.39
67.4237 17.2234
66.4413 16.9829
66.1813 17.2337
66.4123 16.9683
69.7413 17.3681
65.4301 17.1068
65.8685 17.16
63.6225 17.3762
63.4327 17.4413
61.5924 17.2098
62.2446 17.2653
61.8073 16.8496
62.1356 17.5036
63.9473 17.1689
62.7452 17.1469
65.4479 16.9545
66.6232 17.147
68.9374 17.0786
67.9496 17.3651
63.0488 17.2597
63.1197 17.3179
62.564 17.2986
64.7102 17.4311
62.1554 17.2152
65.9069 17.0647
65.7187 17.1293
65.3952 17.2382
65.3952 17.2177
64.6876 17.4888
64.3595 17.0597
63.6975 17.0834
63.7252 16.9587
65.2804 17.1331
64.2333 17.32
66.9296 17.1127
67.079 17.2363
67.8441 17.3229
69.1892 17.3054
68.037 17.2266
61.8985 17.1841
63.647 17.096
62.6598 17.4889
64.0161 16.9853
65.8774 17.2208
65.2394 17.3897
65.2703 17.108
64.7116 17.1323
66.0262 17.2121
63.8428 17.1346
63.15 17.3141
61.414 17.4636
61.7956 17.475
60.4997 17.3441
64.0416 16.9632
62.7679 17.1013
63.4165 17.1348
65.2197 17.5112
66.4204 17.5051
66.5454 17.3395
67.4981 17.2561
69.5614 17.3441
66.388 17.3843
65.2286 17.2342
63.9367 17.2294
64.0121 17.1955
61.3795 17.2327
60.3398 17.2397
61.2317 17.2134
63.949 16.9972
62.1692 17.2561
61.2537 17.2246
59.6054 17.4963
62.0564 17.2083
62.9503 17.0255
62.4136 16.989
61.7904 17.3348
62.351 17.2104
61.595 17.2919
61.2085 17.4368
61.3877 16.9676
61.3078 16.9968
63.9195 17.1107
63.2996 17.1143
64.5199 17.0518
64.4076 17.2764
65.4586 17.2605
65.5454 17.2078
64.716 17.2185
65.0097 17.2403
64.7178 17.4454
64.2128 16.9919
66.5022 17.253
69.4374 17.2637
69.4374 17.14
70.2876 17.1278
71.6073 17.0452
71.6073 17.3861
72.3942 16.6857
71.5926 17.1378
69.8128 17.1827
70.1522 17.246
63.6941 17.4138
64.5176 17.2652
65.2015 17.1106
63.9908 17.2494
63.1506 17.1952
63.9522 17.1759
63.5246 17.2061
62.2197 17.3142
64.7994 17.1171
64.6691 16.8824
64.0826 17.2029
62.4759 17.3575
63.0857 16.9473
66.516 17.3163
64.8156 17.3315
64.3633 17.2164
64.5044 17.4881
64.6476 17.348
66.4078 17.4057
66.6958 16.873
66.1236 17.2317
64.5084 17.2556
66.7496 17.2484
64.207 17.2075
65.2403 17.0748
65.242 16.9985
63.7907 17.0144
64.057 17.2014
65.3409 17.4235
66.9051 17.0455
65.0167 17.084
66.6476 17.3866
65.2765 17.2854
62.8101 17.2564
66.3563 17.2607
66.6541 17.3748
63.8799 17.3272
66.9024 17.46
67.443 17.0907
67.2336 17.1348
65.9041 17.3908
64.6055 17.3691
61.8458 17.1203
63.0694 16.9655
63.2945 17.3257
63.2588 17.5711
63.4918 17.0509
63.9278 17.1221
63.0871 17.0601
61.5643 17.172
64.9881 17.622
64.219 17.2064
61.4036 17.5748
61.6703 17.3235
62.6836 17.2377
66.7478 16.9099
65.3344 17.2288
64.3463 17.325
66.0183 17.1537
64.8331 17.1308
64.0315 17.0012
63.051 17.3396
61.2023 17.2403
64.9079 17.0813
63.448 17.4215
63.094 17.1699
62.9715 17.0796
62.0626 17.0996
65.8896 17.3788
63.7666 17.1341
62.3565 17.2589
62.3565 17.448
62.8824 17.0986
64.2864 16.9328
63.5658 17.3113
66.1638 17.3411
62.7577 17.1654
61.6985 17.0734
63.793 17.1899
63.4299 17.4232
62.3921 17.211
62.2205 17.3925
62.5972 17.3674
63.4652 17.3797
64.5749 17.4585
63.2093 17.3036
62.0328 17.2571
61.6327 17.2183
62.2047 17.4975
63.984 17.1774
66.2808 16.9931
65.2558 17.2723
65.4021 17.1666
64.9016 17.3251
65.1401 17.0362
65.3235 17.3544
65.5521 17.1198
65.463 17.0579
64.6344 17.3609
65.8056 17.0229
67.042 17.0905
63.2998 17.3485
65.6312 16.9291
65.9301 17.0862
65.3323 17.2155
64.9546 17.1843
63.3986 17.1675
63.9165 17.4221
63.6996 17.1075
64.8611 17.3934
63.8578 17.4236
64.2462 17.1471
64.2499 17.1903
65.1379 17.3961
64.9655 17.0499
64.9595 17.3122
65.6917 17.1686
70.2281 17.2065
66.6528 17.2848
64.8971 16.9262
66.0706 17.0604
65.628 16.9616
65.2245 17.0834
63.2854 17.3965
64.352 17.0607
64.4286 17.1976
64.2116 17.1545
64.0507 17.0812
63.1565 17.4825
61.8566 17.081
64.7767 17.5114
64.5491 17.4702
66.7054 17.5022
67.5795 17.1209
68.2982 17.1542
64.767 17.4863
62.1254 17.3554
61.3098 17.2213
60.2023 17.6052
59.702 16.9978
62.2269 16.9881
64.1574 17.3105
65.5351 17.3337
64.7688 17.2615
64.3193 17.0447
63.7876 17.464
66.1981 17.401
60.6982 17.1744
63.0018 17.2332
62.7318 17.3016
61.5993 17.1433
61.4813 17.1825
63.5446 16.9091
61.9137 17.1265
60.2756 17.2212
62.6257 17.2037
63.0287 17.2435
63.7653 17.4432
65.7291 17.2262
67.77 17.3117
65.8537 17.0184
62.0987 16.5804
61.5158 17.082
62.8471 17.2355
62.5963 17.455
61.0712 17.0919
63.5181 17.1314
62.9549 17.3937
63.3647 16.8481
64.9571 17.1385
64.948 16.9539
63.3271 17.3726
63.2593 17.2242
61.5383 16.8467
63.2768 17.168
67.4875 17.1234
63.805 17.3658
64.3858 17.0452
63.313 17.1875
67.238 17.036
67.2528 17.1547
65.3458 17.1531
64.5753 17.1898
62.8017 17.3255
64.7299 17.0888
63.2125 17.1114
63.5739 17.2215
65.3278 17.2406
65.3006 17.1451
66.4719 17.1043
67.1355 17.0015
65.1229 17.068
64.9518 17.1243
65.335 17.2215
62.6131 17.3316
61.7593 17.2224
60.5722 17.6359
64.0131 17.2092
61.8069 17.1682
62.4975 17.3347
64.6014 17.1467
62.9871 17.1539
61.0682 17.4566
60.4063 17.263
62.6799 17.3928
64.9006 17.1049
65.2803 17.3441
66.9672 17.2325
67.2406 17.1321
62.8065 17.12
62.7978 17.1309
66.1913 17.1657
66.0576 17.1896
66.6506 17.3377
64.7131 17.1846
65.178 17.3046
65.988 17.0432
63.8115 16.8617
64.2171 17.3641
64.8573 17.3014
64.32 17.0012
61.6984 17.2141
63.8331 17.064
64.5606 17.025
64.9303 17.1822
64.1069 17.0489
66.1626 17.2173
67.5204 17.0703
63.1871 17.0883
63.632 17.3436
59.2531 17.1411
63.6988 17.1968
63.7979 17.1769
61.2962 17.4279
61.8984 16.9866
62.9507 17.2932
63.3611 17.3334
62.1701 17.12
63.8018 17.2031
62.7775 17.2369
66.201 17.1987
65.2381 17.3434
63.1207 17.2431
64.4751 16.9445
63.6611 17.2854
64.2561 17.5494
61.9209 16.9819
60.9132 17.0891
63.414 16.8
59.7965 17.3624
61.6145 17.4201
62.0433 17.1737
62.1869 17.263
61.2879 17.4466
61.3396 17.3629
64.3211 17.2845
65.2824 17.0322
65.672 17.0738
64.4638 16.979
64.6502 17.1319
62.744 17.0964
61.4168 17.3705
61.5929 17.2296
62.7652 17.4243
63.3206 17.4482
64.2127 17.1214
64.3942 16.7734
63.145 17.052
63.4276 17.3248
64.1423 17.4245
62.7076 16.9521
65.1151 17.3247
62.3434 17.3785
63.9885 17.2915
61.3247 17.3267
63.6643 16.9876
63.9791 17.2554
63.434 17.2406
64.163 17.4801
63.958 17.3532
65.1411 17.1827
63.3293 17.2652
63.6781 17.314
63.4605 17.4879
62.7277 17.2133
62.665 17.6768
63.5743 17.2465
61.8127 17.257
63.6288 17.1666
64.544 17.1939
62.3587 17.2731
62.5587 17.2522
62.9036 17.1621
62.0602 17.4785
63.135 17.3455
62.4643 17.1835
64.9736 16.9957
63.5198 17.1478
63.058 17.1722
64.3445 17.4129
61.8922 17.038
62.1279 17.2959
60.9863 17.0075
62.5669 17.2637
65.2552 17.1692
64.7915 17.351
62.9003 17.158
63.7337 17.152
65.8806 17.3706
64.5005 17.2633
62.9823 16.9656
62.9072 17.7184
66.0995 17.6873
64.4335 17.2432
64.5478 17.2561
65.8378 17.1464
61.6378 17.2489
64.0069 17.3462
64.6647 17.4459
66.1203 17.3134
64.8741 17.2218
64.7676 17.237
64.5134 17.2366
65.3476 17.5405
66.6488 17.0733
68.1447 17.139
64.621 17.1164
63.2383 17.1157
63.6712 17.097
62.2613 17.4415
63.1808 17.3483
62.251 17.4621
62.5514 17.2876
63.138 17.3948
64.0024 17.0122
64.2536 17.2019
64.7539 17.0408
65.5126 17.1908
64.2831 17.1651
65.4612 17.2569
62.959 17.2685
64.3362 17.0769
64.9452 17.2957
61.0895 17.6445
64.0981 17.277
63.2173 17.4399
65.427 17.1965
66.9 16.8758
68.6552 17.1526
67.5403 17.1519
63.62 17.5118
64.3436 17.2864
64.3158 17.2109
64.1341 16.9978
64.5147 17.0836
63.9921 16.9882
63.2815 17.089
65.4726 17.1329
64.5983 17.3504
63.1371 17.3497
64.5398 17.3021
62.7474 17.0838
67.2731 17.2162
66.9135 17.2951
72.0854 17.1582
68.4175 17.4493
67.9604 17.2593
67.2784 17.1919
64.9636 17.2937
66.6739 17.097
65.3429 17.1603
65.0741 17.111
63.6393 17.4405
62.298 17.4891
61.8742 17.3988
64.1045 17.3657
63.9027 17.1464
67.0308 17.1659
66.8133 17.1679
64.5143 17.2056
60.4217 17.0222
62.0814 17.3741
62.4816 17.2952
64.4148 17.5043
61.0125 17.3335
65.4832 17.6502
64.8383 17.161
64.4132 17.2217
62.2417 17.2195
65.73 17.2924
63.4414 17.0282
60.2364 17.4127
62.8308 16.9853
63.2121 17.0135
61.8881 17.0988
63.5725 16.9689
65.1827 17.4569
64.9556 17.4723
65.0791 17.4038
64.3393 17.3283
66.0712 17.3285
65.0397 17.2846
63.6902 17.1775
64.4992 17.4064
65.3142 17.3146
65.3142 17.2296
65.6066 17.2221
62.9205 17.17
63.8984 17.2221
64.9873 17.2105
66.1785 17.1619
65.7964 16.9452
65.7682 17.1319
62.9063 17.1193
63.2608 17.3684
66.0969 17.4386
63.3832 17.4567
63.7798 17.2537
67.544 17.1899
63.0597 17.4963
63.7931 16.9349
60.3736 17.0036
62.7216 16.7532
63.7156 17.2952
63.8319 16.9432
62.7701 17.2395
63.2255 17.6077
64.0587 17.3633
66.7572 17.1428
66.174 17.2771
65.6073 17.2071
65.0807 17.3575
67.2664 17.0622
64.3689 17.391
64.6836 17.0314
63.6698 17.3529
63.389 17.1006
64.4236 17.2626
63.3475 17.2515
63.7176 17.4803
64.817 16.9088
65.4243 17.3441
64.17 17.2198
63.2747 17.2389
60.8626 17.2079
60.5414 17.0486
61.5018 17.2782
63.498 16.9562
64.3746 17.3537
65.2073 17.4523
63.9128 16.9976
67.8567 17.1067
67.9085 17.1898
67.9085 17.3396
66.9772 17.3028
65.9519 17.3198
65.497 17.2061
67.6463 17.0053
64.824 17.2355
64.2852 17.1943
64.0368 16.9862
65.6129 17.4195
66.6915 17.2319
64.1225 17.2404
65.1375 17.2496
63.8403 17.241
63.6311 17.2561
63.206 17.2933
66.9601 17.4152
65.3114 17.2133
63.4863 17.1564
62.6256 16.9995
65.4019 17.5342
65.8746 17.4223
63.2628 17.3363
62.623 17.3846
62.2638 17.2194
65.0699 17.371
65.1836 17.2719
65.2473 17.2306
63.2361 17.1798
62.0606 17.4247
61.601 17.1566
64.5154 17.2196
63.1212 17.0498
61.6786 17.3142
62.7151 17.0463
62.566 17.326
63.3625 17.3769
62.3539 16.9724
63.8313 17.2094
63.4398 17.4141
62.6341 17.4816
64.3661 17.3175
62.8105 16.9661
62.7923 17.4112
60.988 17.3895
63.2468 17.2217
63.7681 17.2695
66.2076 17.241
65.4404 17.4383
65.2741 17.1279
63.8846 17.0344
64.5058 17.2148
61.8872 17.5887
63.4774 17.5696
64.2325 17.1988
64.4548 17.3478
61.9612 17.6276
63.2395 17.429
61.7575 16.9761
62.6806 16.9364
63.1754 17.1923
61.8219 16.9438
60.9901 17.2138
60.9898 17.2503
60.3863 17.2318
62.7072 16.8732
64.532 17.2762
66.614 17.1368
65.2307 17.343
67.2231 17.1586
69.4806 17.3254
72.1449 17.0793
71.4985 17.2523
67.2892 17.1956
64.3411 17.1243
64.782 17.1154
64.9562 17.3692
65.1439 17.0663
62.3579 17.2924
64.1007 17.4009
64.5099 17.2327
64.6546 17.4347
64.055 17.3124
61.4906 17.2761
62.0249 17.0993
62.3292 17.2331
61.7545 17.1643
61.8373 17.3154
60.2029 17.0471
63.5082 17.1645
64.0067 17.1777
61.9494 17.1917
61.8466 17.5073
65.1884 17.2046
64.5322 17.3441
65.91 17.055
64.488 17.4709
66.2432 17.3736
65.2916 17.3128
64.3511 17.2477
62.3891 17.1446
63.6473 17.3779
63.7303 17.234
63.0888 17.4501
64.6323 17.4588
61.9693 17.4568
63.9451 17.4607
63.0723 17.1673
61.5886 17.3474
61.8114 17.4021
63.9217 17.3543
63.3066 17.1925
62.0425 16.977
61.2919 17.2702
63.4093 17.1558
64.3802 17.2022
64.3288 17.4231
64.2326 17.5162
64.319 17.2234
64.3176 17.0086
64.1013 17.2491
64.0262 17.0449
62.2662 17.1683
63.3132 17.1716
62.1003 17.0671
62.6575 17.1435
62.2538 17.3381
61.7114 17.2264
61.8926 17.2073
63.2926 17.0519
63.1444 17.1604
62.0573 17.2515
62.6902 17.3591
62.8462 17.5482
61.5718 17.0867
60.1479 17.1342
62.7802 17.6086
63.9944 17.3282
66.5433 17.1184
63.6669 17.1171
64.7817 17.3003
64.797 17.4036
63.6389 17.3065
62.7552 17.4316
62.0417 17.4046
63.2155 17.2815
62.215 17.1562
62.6455 17.182
62.3681 17.3636
63.3108 17.3423
63.9644 17.0746
65.0427 17.0761
62.9862 17.0816
61.9873 17.2958
63.0359 17.3587
62.5957 17.0749
62.2766 17.0734
62.8103 17.0287
63.3014 17.0637
65.659 17.263
63.5262 17.0462
63.232 17.1453
61.5868 17.2002
61.7704 17.3243
65.6272 17.3173
62.9809 17.3277
63.8976 17.1483
64.8216 17.1991
63.2134 17.5224
61.6606 17.6106
62.1232 17.0979
64.3512 17.1104
64.545 17.3062
65.986 17.2623
65.7083 17.2658
64.2782 17.1233
63.5679 17.4536
65.5707 17.2083
65.4802 17.0579
64.9136 17.0007
64.6438 17.3768
69.2487 17.1679
64.457 16.8877
64.5168 17.1465
65.6771 17.1411
66.3182 17.3209
63.1665 17.0543
65.7464 16.9775
64.1244 17.0143
60.6483 17.3782
62.3466 17.1175
63.5296 17.0625
66.9409 17.1793
69.5345 17.0518
67.4494 16.7541
67.5975 17.0124
69.0093 17.1439
65.6132 17.101
65.096 17.1274
62.5192 17.4288
63.7722 17.358
66.4734 16.9813
68.4868 17.0902
65.8624 17.1678
68.4101 17.1923
66.017 17.4226
65.2015 17.3341
67.9044 17.133
65.3049 17.3592
67.2898 17.346
65.9001 17.1556
66.8102 17.2718
65.9548 17.4562
65.8977 17.1561
62.6264 17.5878
63.5292 17.2166
63.8098 17.108
66.2547 17.3184
63.2797 17.2036
61.3008 17.3994
61.6061 17.2743
61.2237 17.367
65.9121 17.2018
63.2974 17.1811
62.2681 17.0858
66.3709 17.5979
66.9493 17.2329
66.6739 17.2485
61.8826 17.1401
64.2898 16.9881
63.6819 17.2428
62.8562 17.2387
63.8083 17.1959
65.5432 17.1928
63.3233 17.4618
65.1721 17.4342
62.5213 17.2663
64.5476 17.0342
66.3538 17.277
64.6202 17.0608
64.8553 17.229
65.0633 16.8239
64.301 17.4832
67.6454 17.3592
68.3867 17.2046
66.6903 17.4664
65.2183 17.283
65.0788 17.0114
64.7421 17.1304
63.1554 17.2332
61.5967 17.3712
65.2342 17.0865
66.2631 17.0604
66.0174 17.0987
65.9294 17.1083
63.6468 17.1678
64.7822 17.0154
65.3186 17.1316
65.1889 16.9896
64.6554 17.1024
68.0644 17.2438
68.8548 17.2275
69.6624 16.9138
65.7261 16.9801
64.3657 17.2698
67.8278 16.9236
64.8302 17.3707
64.3502 17.336
65.2763 17.1695
66.9338 17.4408
65.6944 17.1975
67.067 16.9589
67.1469 17.2537
66.0127 17.0103
65.987 16.8346
62.3 17.2231
64.4139 17.112
65.4639 17.1863
64.6105 17.613
64.6373 17.0796
63.8589 17.4574
66.5805 17.0768
65.4426 17.0552
64.3662 17.171
65.9218 17.7015
66.4741 16.9456
62.8867 17.0679
62.2636 17.3258
64.1636 16.9862
65.5595 17.2096
63.3058 17.316
64.0485 17.3578
65.6093 17.1787
65.3068 17.2279
66.2726 17.1728
65.2856 17.1514
65.4716 17.1776
64.5367 17.2711
63.7868 17.339
61.7597 17.1457
69.7399 17.272
63.9735 17.3182
61.8652 17.4165
62.0654 17.1436
62.0376 17.3741
64.2686 17.3738
63.9541 17.3684
64.1393 17.4858
63.2085 17.3388
62.877 17.4247
64.6171 17.3538
62.2994 17.0562
65.1354 17.3113
64.8393 17.3443
64.4367 17.1792
65.5468 17.0066
62.3778 17.1868
64.2457 17.2402
61.1559 17.1853
61.1559 17.2236
62.4574 16.9911
62.3966 17.1401
66.331 17.184
65.0868 17.3699
63.4862 17.196
64.3695 17.3555
65.0626 17.1311
64.3715 17.3427
66.0539 17.1998
66.4617 17.2693
66.5659 17.3106
66.6725 17.0847
64.3973 17.1214
60.611 17.1865
59.5666 17.2675
60.966 17.4947
60.6442 17.5318
66.2391 17.154
67.3593 17.158
66.2296 17.0349
65.9853 17.3378
65.5918 17.3399
62.0174 17.5751
63.1146 17.2299
60.7752 17.2232
61.561 17.3421
64.2185 17.3118
61.3684 17.2367
61.3141 17.5035
61.977 16.9646
61.1661 17.2143
61.9399 16.7277
61.9215 17.1691
62.9905 17.2432
63.4409 17.0474
63.2679 17.1708
63.1193 17.5144
63.2492 17.1888
64.6368 17.0965
65.2979 17.3338
64.8912 17.6183
69.1442 17.2051
65.8069 17.2996
66.6987 16.8777
65.5618 17.1671
65.6167 17.0907
65.5075 17.4875
65.2772 17.2549
67.2795 17.2678
64.8421 17.31
62.6017 17.2631
64.185 17.1668
65.0143 17.1614
64.2398 17.1271
63.795 17.2183
64.5801 17.2132
66.0588 17.1679
68.5396 17.4313
68.4519 17.3217
67.8789 17.2055
68.8495 17.1708
69.3828 17.025
66.1659 17.0444
66.19 17.0963
66.1532 17.1096
65.7998 17.2797
64.2414 17.2535
63.2191 17.1224
65.2296 17.4026
63.9526 17.2659
64.775 17.3868
62.3957 17.153
62.5154 17.4172
63.4158 17.4196
63.7816 17.225
65.7588 17.3729
65.5888 17.1937
64.7154 17.3289
65.6629 17.2997
65.9483 17.1054
64.5954 17.1205
66.5955 17.189
66.2813 17.4889
63.0032 17.247
65.5856 17.1507
66.0563 17.0659
64.2719 17.0631
64.6042 17.2759
62.741 17.5635
61.5952 17.2893
64.4993 17.2527
67.2798 17.114
66.8346 17.1116
66.4243 17.233
66.9623 17.2939
66.2999 17.3571
62.3984 17.3801
62.9725 17.2918
63.2164 17.3125
65.8019 17.2022
63.9675 17.2336
67.3172 17.1655
66.0863 17.0248
64.0038 17.2374
64.9408 17.3881
64.5454 17.1444
64.2924 17.0849
62.7242 17.0657
62.8164 17.1895
62.1014 17.1878
60.9647 17.1162
63.3401 17.0395
64.489 16.878
65.2935 17.2274
65.2592 17.1064
63.2009 17.2395
63.4458 17.2491
63.8954 17.273
62.8208 17.1349
65.8125 17.2217
63.1133 17.0083
65.5527 17.186
65.6804 17.1402
63.1333 17.4078
61.5676 17.4984
63.4983 17.0787
62.5452 17.3618
62.7999 17.4999
63.5095 17.427
64.4261 17.2985
62.7236 17.0898
66.0964 17.189
64.7568 17.4558
66.0307 17.3854
66.6475 17.113
62.6887 17.1071
66.0757 16.9119
62.066 17.3643
64.3538 17.0993
63.9724 17.159
62.7852 17.1753
64.342 17.2164
62.1652 17.3433
63.0462 17.2109
63.1553 17.4712
61.1339 17.3304
61.94 17.3469
62.5608 17.5699
64.2125 17.2037
63.2211 17.5256
62.5107 17.3491
65.0975 17.2563
67.9976 17.1898
65.8585 17.3955
65.1357 17.0132
63.6338 17.3024
62.4172 17.3679
62.9564 17.204
64.4778 17.1482
63.9631 17.2761
62.6827 17.1831
62.8771 17.1641
63.0894 17.0889
62.4833 17.3015
64.1051 17.239
65.362 17.112
62.7561 17.1424
62.2687 17.3749
61.8592 17.3299
61.7179 17.5318
61.4569 17.4325
61.6597 17.2801
62.3461 17.2046
65.0004 17.0738
63.5478 17.0019
65.2192 17.1653
64.183 17.0995
67.306 17.2563
66.4553 17.1278
64.7081 17.2636
64.1987 17.076
63.8294 17.2722
64.872 17.069
65.6745 17.3121
63.9198 17.3556
64.2285 17.1591
64.4132 17.4362
65.8637 17.3991
68.2048 17.0269
63.5092 17.0274
63.2883 17.3065
64.6626 16.9985
64.7974 17.1454
62.8994 17.4816
64.6688 17.1837
64.0026 17.2407
62.041 17.4276
64.5526 17.2468
65.3692 17.298
65.2389 17.1543
63.0952 17.2921
63.9033 17.2738
63.8631 16.9877
63.3714 16.9173
64.6772 17.4861
65.2066 17.4079
66.4156 17.0511
67.3408 17.3144
63.684 17.5173
61.6711 16.8041
62.7276 17.3436
62.9999 17.3153
62.0922 17.3116
61.8644 17.2361
61.4881 17.0451
62.823 17.1871
62.6403 17.1479
62.0054 17.1137
62.6115 17.2569
62.9209 17.3825
62.3882 17.2921
61.9999 17.3024
62.1025 17.1338
62.0413 17.2868
62.5804 17.2158
61.5967 17.1074
60.8378 16.9326
60.1196 17.3515
61.4934 16.8641
61.2929 17.3846
63.3739 17.184
62.3244 16.9462
64.4336 17.1853
66.4893 17.1217
66.1913 17.1309
68.675 17.2371
69.1282 17.078
63.8972 17.0206
63.5174 17.0988
65.2595 17.014
63.8552 17.0636
67.3627 17.1099
66.095 17.278
66.7718 16.9663
66.629 16.921
65.7982 17.1778
65.0854 17.1771
65.0218 17.1035
66.4266 17.2421
62.6167 17.1758
63.1133 17.1813
62.3615 17.0813
62.2146 17.1811
64.4495 17.2181
62.5373 17.5251
64.8958 17.3988
68.3879 17.3311
71.4656 17.2322
68.6887 16.9448
68.1071 17.3319
64.8217 17.1823
63.1726 17.3697
62.8887 17.2502
61.8144 17.1705
61.1503 17.0004
61.2057 17.6359
62.1331 17.2671
65.3823 16.8773
63.0797 17.1218
68.2849 17.3332
64.7768 17.4096
63.0096 16.8293
62.3603 16.9162
62.8902 17.1188
63.8398 17.0538
64.8601 17.2191
65.4593 17.3036
62.7074 17.2209
65.4507 17.4125
65.3713 17.092
62.9266 17.2065
63.7656 17.2092
62.2128 17.1661
64.2905 16.8637
65.3015 17.2683
64.9981 17.2329
65.5684 17.1845
65.4492 17.205
64.0253 17.0213
64.0119 17.4347
63.889 17.4006
62.6497 17.1778
63.142 16.9533
63.4958 17.4841
65.0051 17.4565
59.5651 17.1937
61.5841 17.3995
63.4594 17.2643
65.6537 17.2141
62.2361 17.0594
64.3258 17.2744
60.9802 17.4788
68.01 17.0385
67.8635 17.2923
65.98 17.1757
67.5953 17.1847
63.7045 17.2915
61.0023 17.3275
64.2478 17.1995
64.2705 17.0972
64.2249 17.085
63.7856 16.8338
62.1806 17.1024
64.4526 17.1283
64.123 17.2268
62.8211 17.1627
62.7915 17.1714
59.2671 17.2358
63.795 17.4365
63.9737 17.3189
63.5869 17.236
64.5821 17.3116
65.4957 16.9904
63.7466 17.156
60.7942 17.3179
64.0932 17.3376
62.3896 17.5446
65.5839 17.1931
64.8814 17.2101
65.8493 17.2815
66.2213 16.9971
65.3671 17.1235
64.4536 16.9448
62.8465 17.4127
65.17 17.202
62.2228 17.3096
62.951 17.4485
65.1196 17.2959
66.7305 17.2834
66.5439 17.052
64.8255 17.1384
64.1657 17.1997
61.7657 17.1185
62.3334 17.1779
62.9134 17.5166
63.3755 17.4563
65.0435 17.252
66.5821 17.165
64.9473 17.1923
65.7424 17.0206
66.4046 17.0957
61.4086 17.2862
63.3087 17.4043
63.285 17.4029
63.9101 17.1584
63.6873 16.9853
63.2133 16.96
63.2853 17.2419
65.7077 17.4631
67.2193 17.0971
68.5467 16.9583
67.618 17.0168
68.4205 17.0583
66.0075 17.3225
65.5797 17.2805
63.241 17.375
66.6043 17.3645
65.5922 17.1452
64.3769 17.1197
63.7477 17.1038
62.7179 17.0846
62.9417 17.1565
63.392 17.3529
64.2439 17.1623
64.5485 17.1347
63.909 17.2095
61.2986 17.2209
64.0375 17.0635
62.1665 17.0412
60.8243 17.1428
62.9344 17.444
61.5711 17.1957
66.0256 17.1601
62.8993 17.2296
65.0615 17.2043
64.9267 17.2498
64.8381 17.1847
64.7223 17.0516
65.3258 16.7739
64.2676 17.319
64.7062 17.3706
63.4374 17.6032
60.8783 17.2866
65.9376 16.8925
64.0193 17.0902
62.8211 17.0818
62.6444 17.0086
62.358 17.0623
64.0805 17.4866
63.4923 17.1996
62.3971 17.0513
65.6552 16.9568
67.5439 17.1064
66.5527 17.0353
68.9459 17.2828
66.0508 17.4743
64.7948 17.2581
64.1759 17.3784
64.1508 17.2702
65.5808 17.2317
63.8687 16.8247
63.3901 17.1248
65.564 17.5917
67.2138 16.8256
64.6881 17.3248
63.6094 17.0972
64.5157 17.2488
64.728 17.0512
64.749 17.1516
63.6725 17.142
64.1795 17.049
63.3388 17.406
62.2998 17.2757
65.4128 17.2641
66.5732 17.2447
65.5807 17.2919
67.1386 17.3093
65.3862 17.1587
65.5845 17.0508
64.5586 17.386
64.4889 17.3984
64.5147 17.1273
63.1252 16.965
62.8773 16.9574
61.9218 17.2573
61.4072 17.1906
61.3094 17.1412
63.0125 17.0709
62.8074 17.4952
63.0332 17.3397
62.9076 17.2956
63.8622 17.1493
62.3849 16.8948
62.9231 16.922
63.4112 17.1594
62.1472 17.2262
62.0612 17.2166
63.4286 17.3917
62.709 17.3199
62.1755 17.1782
62.6836 16.958
64.7388 17.2555
66.3107 17.1153
61.6165 17.4892
63.8544 17.1344
65.2663 17.1365
65.7975 17.2584
64.9476 17.2499
69.4217 16.9904
65.577 17.0382
64.5372 17.0017
64.6416 17.1636
64.5643 17.1618
61.361 17.1852
61.3308 17.2013
64.1073 17.2246
67.4811 16.9726
66.2556 17.1241
63.3401 17.1561
67.1765 17.2986
66.061 17.1646
64.2999 17.3149
64.4972 17.3738
65.541 17.1877
65.1606 17.2349
63.5437 16.963
64.3401 17.0511
64.7948 17.321
64.6091 17.1951
62.8606 17.1599
62.8236 17.3917
63.2181 17.1545
63.7937 17.162
63.4621 16.9825
64.0087 16.9893
62.7138 17.1338
64.7457 17.3443
64.8178 17.023
64.4275 17.3387
62.8784 17.6414
62.5176 17.0425
62.2071 17.0927
66.3996 17.34
61.2614 17.2658
63.7747 17.0964
61.8947 17.3561
61.8752 17.3551
63.2875 17.1207
64.6196 17.3268
64.3144 17.2633
63.0031 17.1939
62.6759 17.2464
62.5331 17.2767
66.4876 17.2831
65.1866 17.4019
66.2223 17.4873
70.5922 17.2047
66.4767 17.2731
70.9571 17.2622
72.3277 16.9246
69.0497 17.208
65.5747 16.9525
65.8797 17.1201
65.2846 17.4831
64.1068 17.1352
64.506 17.06
67.9292 17.2969
67.4524 16.9905
63.3147 16.9494
62.3887 17.337
65.4131 17.1645
64.6252 17.5382
63.937 17.217
64.4325 16.8948
62.2772 17.5593
65.1961 17.3925
62.7153 17.2734
64.0664 17.3493
64.1297 17.1834
65.1825 17.2431
63.5358 17.1003
64.9502 17.2057
61.9425 17.1629
65.5387 17.1279
66.3877 17.044
65.8279 17.1396
66.9847 17.1513
67.6905 16.9607
66.4065 17.0686
66.2135 16.8706
65.3486 17.2016
64.6272 16.9458
64.8304 16.9999
64.6577 17.2787
64.442 17.2197
62.5222 17.2063
63.6767 17.294
65.7937 17.294
62.0618 17.0859
62.6761 17.2721
62.1032 17.2975
61.476 17.2488
61.7875 17.657
61.2312 17.3203
61.7102 17.3418
61.635 17.0481
61.4987 17.2248
62.5169 17.0643
63.2637 17.1571
63.716 17.1158
62.0154 17.4105
60.6407 17.6193
61.9095 17.5297
62.3687 17.0313
66.1955 17.2383
63.5509 16.9844
61.3437 17.4996
60.479 17.3481
61.3652 17.0159
63.5654 17.1938
63.6645 17.265
65.4528 17.4586
65.2371 17.29
64.5949 17.3006
66.3293 17.3621
63.8532 17.0976
65.4522 17.1582
64.663 17.3699
67.4567 17.1773
66.5705 17.1685
63.6469 17.3801
63.4595 16.9705
62.3636 17.1241
64.032 17.089
65.3019 17.1896
68.2102 17.0351
66.2419 17.1886
67.8218 17.1114
64.0512 17.0605
62.427 17.5433
62.0732 17.0742
62.7144 16.9454
65.1918 17.1398
64.9205 17.2977
64.3384 17.4083
63.8479 17.2255
63.5234 17.5399
61.4326 17.2734
60.8956 17.0926
63.052 17.0797
62.6113 16.9531
62.0818 17.4094
61.0019 17.2924
65.8042 17.0493
66.5188 16.9348
62.8904 17.2546
66.807 17.2141
65.4333 17.0083
63.2416 17.1417
63.8002 16.9586
62.9972 17.0257
62.9414 17.3537
62.5548 16.9305
65.6103 16.9053
67.3762 17.2348
62.5889 17.153
63.7076 17.2758
64.0849 17.2274
64.3319 17.0506
63.6426 17.1594
63.2438 17.4134
62.0312 17.0828
62.4477 17.2161
62.5309 17.2167
62.2051 17.0515
62.3096 17.3873
63.0111 17.4095
64.2408 17.0773
63.8259 17.2397
65.5206 17.2136
63.5982 17.2827
63.8319 17.4015
63.3556 17.2082
63.827 17.3918
63.0182 17.4135
63.6124 17.2043
63.046 17.0715
64.1601 16.9706
64.9726 17.2992
67.5104 17.4191
67.6544 16.9288
64.7016 17.2057
63.6986 17.2051
63.9809 17.0844
64.4428 17.0985
66.7963 17.483
65.4139 17.2953
62.9449 17.0189
62.106 17.5614
64.1544 17.3951
66.3776 17.2389
63.4375 17.2371
65.6126 17.0892
65.4006 17.0795
62.6357 17.2988
62.6598 16.9994
63.1524 17.1486
67.0286 17.1896
67.2624 17.2661
69.0277 17.1867
68.4524 17.2866
71.1147 16.8958
71.1147 17.1033
71.6233 17.5181
71.6233 17.3916
67.6863 17.1945
67.5671 17.036
67.9753 17.0253
67.9968 16.996
65.0347 17.0978
66.0058 17.2923
62.006 17.0881
62.9665 17.1148
64.6952 16.9921
64.7453 17.3336
64.3662 17.133
62.0465 17.6112
64.0275 16.9959
63.9407 17.3054
66.0438 17.0209
64.3993 17.3653
62.8375 17.1399
64.4489 17.3796
64.796 17.2214
63.9913 17.2844
61.6569 17.2284
63.5213 17.3645
65.6336 17.0898
64.1355 17.1959
62.3331 17.2098
63.736 17.0814
66.9131 17.4524
66.3883 17.2295
65.0467 16.9558
63.9463 17.1679
63.0993 17.4622
60.8268 17.1101
61.7406 17.1453
62.9217 17.168
65.9796 17.1395
62.3465 17.1666
64.4147 17.2072
64.3964 17.2017
67.6633 17.2
68.3738 17.3006
66.8059 17.2356
65.4951 17.3337
63.2474 17.3215
62.6404 17.2483
62.2732 16.9766
61.9965 16.9592
65.4705 17.1687
61.9432 17.2958
62.0979 17.1481
60.5665 17.255
63.1066 17.579
63.3808 17.1991
63.635 17.3981
63.1643 17.1101
63.4032 17.0409
63.3502 17.1768
63.9788 17.1558
61.8439 17.2491
62.8928 16.9489
62.7575 17.419
63.7784 17.7408
63.5787 17.3356
65.4773 17.264
65.8733 17.4515
64.5654 17.4967
64.3937 17.3044
62.5654 17.1629
64.3801 17.0547
62.8681 17.0895
65.2928 17.1669
62.4785 17.2333
62.1496 17.3016
65.4593 17.3287
63.186 17.1298
61.8359 17.0747
62.7326 17.1756
65.2105 17.0876
67.1555 16.9549
69.6226 17.5342
70.0515 17.2813
69.3628 17.2538
67.5818 17.0142
67.1738 17.0311
63.6578 17.4336
63.9629 17.086
63.9776 16.9349
64.5886 17.2966
65.9999 17.1328
63.1417 17.2798
62.7961 17.1743
65.0385 17.3803
65.616 17.1452
64.5242 17.2289
63.7082 17.1013
61.6883 17.3428
64.7595 17.2582
66.0246 17.1121
66.0979 17.0902
63.7278 17.0252
64.2753 17.014
65.2434 17.2143
64.2672 17.1541
64.401 17.414
64.8472 17.2486
63.386 17.2802
64.6673 16.9777
61.098 17.0898
62.9949 17.1674
62.9155 17.245
62.5213 17.276
61.2192 16.914
61.8368 17.0357
61.8162 17.1258
59.4212 17.3699
63.6683 17.2766
63.5711 17.0612
65.9348 17.1337
64.2938 16.9909
62.6645 17.3207
61.8 17.191
64.0322 17.3291
63.0506 17.2097
65.7879 17.6498
63.9496 17.1871
65.8605 17.1363
66.4973 16.8612
65.6319 17.5558
65.2871 17.484
65.5363 17.0931
67.1742 17.1332
64.9317 17.2415
67.5868 17.1347
65.8816 17.2377
65.5907 17.3242
64.3435 17.3792
63.3961 17.1968
61.7055 17.2781
62.4737 17.0544
63.169 17.0935
63.2364 17.2024
63.535 17.0764
66.1569 17.041
62.94 17.0223
64.1165 17.259
64.4647 17.0728
62.1074 16.9388
64.987 17.1409
65.4973 17.2808
64.8757 17.4766
65.5859 17.4191
63.3596 17.6089
61.4533 17.1075
66.4016 17.207
65.0978 16.9929
66.003 17.029
67.4803 17.4149
66.6977 17.6699
67.618 17.0526
69.9796 16.901
66.2914 17.2561
64.2096 17.2243
65.0752 17.2908
64.3468 17.2307
66.5318 17.1641
62.8157 17.3466
65.6737 17.1538
63.6508 17.3332
66.9656 17.3987
66.1179 17.3723
65.541 17.1504
63.9986 17.4208
63.0628 17.2108
62.4466 17.2433
63.5522 17.4021
63.6034 17.4746
63.1777 17.2065
63.7887 17.1988
63.8094 17.1908
62.9614 17.2818
64.9718 17.3753
63.7095 17.67
65.02 17.0278
61.5055 17.3884
62.0676 17.3396
61.4003 17.4452
61.8245 17.3896
65.0281 17.0054
67.359 17.1646
65.6605 17.1021
62.0193 17.3136
61.9223 17.3504
61.6007 17.305
64.0149 17.3125
63.4312 17.5191
64.8526 17.3502
65.5259 17.4223
62.6449 17.2885
62.1599 17.1398
63.4777 17.4121
66.0802 17.1822
64.8328 16.8355
65.7242 16.9863
65.144 17.121
63.6314 16.9495
64.8162 17.1028
64.0649 17.2009
68.4564 16.9921
68.0898 17.1254
68.0898 17.1538
67.5798 17.0324
64.1051 17.0983
61.8279 17.0063
63.0218 17.5822
62.9412 17.4269
60.4767 17.2432
61.3606 17.0788
62.7534 17.6506
63.1873 17.25
66.1232 17.3377
64.9225 17.1899
65.3657 17.3581
64.0414 17.3237
66.4725 17.1801
68.387 17.1033
67.4663 17.261
67.8937 17.4045
64.7196 17.2418
67.2717 17.1157
66.6563 17.3355
63.694 17.1404
63.7301 17.3115
62.1462 17.5643
62.0694 17.1259
60.4256 17.0886
62.0408 17.2288
61.163 17.3535
61.279 17.2376
62.7761 17.4624
61.5379 17.1087
65.6568 17.3453
65.2949 17.1901
65.1315 17.1569
62.6718 17.1103
62.7886 17.2897
63.5215 17.2672
63.8125 17.1266
62.8702 17.3706
63.7638 17.1331
65.7866 17.0331
64.3688 17.0739
67.0933 16.9436
64.3982 17.1919
65.0952 17.037
65.5908 17.1022
65.8829 17.1956
66.3589 17.3086
66.3121 17.3677
68.1698 17.1611
66.3783 17.2777
63.6112 17.232
67.5146 17.1719
66.0974 17.3666
67.8455 17.0973
66.8343 17.1826
66.4812 17.3666
65.8818 17.3257
66.6991 17.1764
65.5217 17.3377
65.2196 17.2735
65.2971 17.2617
63.563 17.1478
64.811 17.0269
63.8716 17.3227
64.0073 17.2636
62.155 17.2912
62.4707 17.3962
63.3792 17.2425
64.48 17.2168
64.2995 17.2004
64.5719 16.8801
63.7117 17.1676
64.9984 16.7663
62.835 17.1586
62.985 17.2937
62.7753 17.1893
63.0193 17.3598
61.686 17.2019
60.2321 17.1289
63.037 17.2777
63.9407 16.7723
63.12 16.9195
69.3606 16.977
62.6059 17.3655
61.9417 17.1579
65.0469 17.1338
64.592 17.4191
63.5508 17.3047
65.3848 17.2041
65.4738 17.1766
65.4957 16.7723
64.9493 17.2653
63.0905 17.3705
64.1402 17.2439
63.5875 17.3311
61.1368 17.3152
65.0579 17.3422
62.1036 17.1557
62.3877 17.4474
62.4276 17.1779
60.8743 17.068
61.5325 17.2918
62.0074 17.4965
61.9462 17.2588
62.0808 17.1568
60.6336 17.1923
60.6336 17.2771
65.0043 17.1355
62.4067 17.5733
62.9364 17.2392
63.4779 17.4095
67.0658 17.3019
67.594 17.1809
69.1837 17.5254
70.3625 17.3266
70.3625 17.151
68.5982 17.1677
66.4704 17.1835
67.4302 17.3775
65.9833 17.0809
62.0448 17.2177
64.1305 17.1424
64.2923 17.1645
65.2541 17.1655
64.3366 17.1659
68.1321 17.2355
66.6419 17.4972
67.0383 17.3199
64.7562 17.4675
66.0842 17.3334
67.0932 17.1906
62.9647 17.347
64.2432 17.1144
64.2222 17.2096
64.4504 17.139
62.1924 17.5217
60.7204 17.2338
62.4105 17.1668
63.0055 17.0883
61.1705 17.382
63.5108 17.2128
65.3119 17.0689
66.6704 17.2752
63.5525 17.3664
63.6406 17.2916
66.755 16.9528
64.9946 16.9999
63.4187 17.1187
62.4893 17.1843
61.8122 17.1857
64.594 17.3619
63.7998 17.0858
60.289 17.349
65.5739 17.0007
65.9157 17.1688
66.4879 17.2416
65.0113 17.0566
62.9606 17.1959
65.9648 17.1673
68.044 17.2117
68.7559 17.2348
66.4964 17.1997
66.5859 17.1826
68.1481 17.2761
66.9841 17.3674
66.0884 17.0228
67.2573 17.3425
66.9632 17.1058
66.4468 17.2516
64.7617 17.2023
62.3663 17.2954
63.6736 17.268
63.7567 17.1355
64.3821 17.3301
66.6969 16.9281
62.6273 16.9065
64.07 17.1191
62.6224 17.2738
64.1046 16.9774
62.364 17.479
62.0129 17.4081
61.7439 17.2612
60.6497 17.3457
62.1943 17.2238
63.2373 17.2599
67.6641 17.2315
67.0471 17.2152
66.2972 17.4285
64.7668 17.112
64.6168 17.1849
65.1929 17.1544
64.0795 17.3176
63.0399 17.3381
62.3113 17.1198
63.7961 17.137
61.8774 17.0199
64.701 17.1766
65.0508 17.365
62.889 17.3219
62.9297 16.9556
64.3181 17.1199
62.5408 17.1454
62.5938 17.1319
63.7328 17.1822
64.1468 17.2485
63.9174 17.1868
64.5884 17.1631
63.916 17.1909
61.4759 17.5624
63.3094 17.297
64.0256 17.0796
66.5401 17.0619
66.5906 17.0247
64.2401 17.2031
62.3034 17.5716
67.4089 17.1467
64.5206 17.31
64.0706 17.3597
65.1171 17.5584
64.2784 17.2333
65.675 17.2109
64.5341 17.0194
65.7181 17.4775
64.8814 17.0148
64.2501 17.0213
64.7958 17.0534
62.765 17.1035
64.9884 17.0845
65.0328 17.0038
64.6056 17.0222
66.3875 17.1016
64.7673 17.2324
64.403 17.2527
64.3841 17.2512
65.4516 17.3137
64.7609 17.4532
63.2727 17.2321
60.235 17.35
62.2439 17.1083
63.3273 17.5812
63.35 17.1964
64.2305 17.3074
63.87 17.1709
62.2492 16.9818
63.7557 16.9319
63.8609 17.1094
62.892 16.8617
64.9754 17.059
63.3157 17.0268
63.3673 17.3586
63.1187 17.2161
63.8848 16.9321
62.7845 17.294
60.7583 17.3458
60.6292 17.4205
63.1928 17.1451
63.1331 16.9456
63.1428 16.882
64.2399 17.1443
62.5456 17.3074
62.7257 17.2125
62.4068 17.2836
65.7111 17.1645
64.9798 17.1924
63.1144 17.0839
62.7713 17.1911
64.2112 17.1858
62.4844 17.0096
64.3574 16.9422
65.2545 17.2718
65.4227 17.4284
64.4234 17.2
68.0646 17.3139
64.1581 17.4048
65.1461 17.4276
64.6431 17.2308
66.172 17.2123
68.5425 17.0237
67.2647 17.1189
66.5359 17.1266
65.0175 17.1269
67.7807 17.3249
69.407 17.1542
65.1676 17.1225
64.7926 17.3667
65.6685 16.8774
63.7813 17.0661
65.174 17.1867
65.4776 17.1538
66.3584 17.3084
62.028 17.1999
64.1427 17.1988
63.6942 17.2872
63.7523 17.2944
63.2955 17.1586
64.3902 17.2065
62.7431 17.2845
61.5884 17.2389
61.6206 17.3749
60.5672 17.1559
61.42 17.0338
61.9391 17.0369
62.6844 17.0594
63.4311 17.205
65.9344 17.1185
68.5207 16.807
64.6543 17.2249
63.2341 17.2105
65.6758 17.1897
67.9155 17.1101
68.6305 17.3411
66.6497 17.3357
66.621 17.3676
65.1306 17.2908
66.3561 16.9135
65.1045 17.0639
65.9664 16.9857
69.7635 17.1502
69.6221 17.0426
69.6221 17.2145
67.1643 17.428
66.6999 17.0201
67.0854 17.0093
68.547 16.9871
63.2317 16.9907
63.7182 17.1002
66.3092 16.9957
67.2093 17.135
63.7293 17.1568
61.4647 17.1211
63.9771 17.3971
63.1339 17.2511
64.8857 17.3405
63.0477 17.2172
65.0784 16.9821
65.5417 17.4682
65.5826 17.2379
67.2375 17.2796
67.8253 16.9919
66.3551 17.0958
64.7759 17.2647
63.4538 17.2265
63.8582 17.4337
63.7292 17.422
61.172 17.1118
63.4383 16.9646
62.9151 17.3179
61.9749 17.3699
64.128 17.303
64.1389 17.1897
63.5495 17.3156
63.9306 17.094
63.6646 17.5653
65.1909 17.0632
69.2013 17.208
66.922 17.1943
66.8706 17.3346
66.1779 17.2711
67.8633 16.9544
64.701 17.1342
66.066 17.1079
66.168 17.0821
65.1747 16.9923
64.9291 17.0581
61.759 17.334
63.4462 17.4935
61.4262 17.1209
61.1364 17.0745
65.5807 17.5095
63.6719 17.2089
64.8659 17.3003
66.2731 17.2628
65.9084 17.18
64.8352 17.2354
69.7906 17.2003
67.9064 17.2333
66.7367 17.2123
63.0282 17.5
65.6999 17.0704
65.0765 17.1502
64.755 17.0297
62.4798 17.1863
63.3632 17.0108
63.3782 17.1678
63.475 17.4312
63.5253 17.2401
63.6112 17.0784
64.593 17.1227
65.3627 17.4339
65.6557 16.9373
63.7918 17.3242
61.7785 17.448
61.9948 17.4805
62.6415 17.2721
65.2148 17.079
64.3293 17.1898
64.4398 16.9944
63.0222 17.3536
64.0172 17.226
64.835 16.8346
64.596 17.1678
61.8705 17.1982
65.7208 17.3935
64.2468 17.121
64.2328 17.3777
65.629 17.3398
66.3826 17.2516
69.2015 16.9855
65.9073 17.0977
63.9436 17.3062
61.7188 17.2656
63.1922 17.225
64.1686 17.0846
65.2194 17.2974
65.4857 17.0746
65.4409 16.8991
65.3179 17.286
64.8084 17.3318
63.4936 17.2901
61.2041 17.4411
62.736 17.4622
63.8343 17.5539
63.6149 17.2987
63.4757 17.3553
63.7531 16.9358
64.9019 16.9246
66.7665 16.9561
64.2918 17.1517
65.6147 17.3503
66.1005 17.1872
64.6869 17.1245
66.5783 17.4804
66.9996 17.3809
63.2353 17.2716
65.2896 17.4884
65.635 17.3961
66.8297 17.1368
65.8858 17.2952
66.6443 17.3773
66.6443 17.0669
62.8627 17.1373
62.2331 17.3157
64.2478 17.3713
62.8147 17.4256
63.4268 17.4132
66.151 17.5042
64.5854 17.1428
67.3717 17.3954
69.9928 17.2874
69.5733 16.9116
71.5932 17.1083
67.372 16.7518
65.9458 17.243
63.8848 17.2738
63.2167 17.2146
65.444 17.2165
65.0721 16.9306
63.006 16.9808
64.0739 17.2466
62.9644 17.2297
65.0563 17.2149
64.417 17.1746
60.7052 17.378
61.5028 17.0733
64.1852 17.0826
65.4368 16.9392
64.0784 17.5836
63.3304 17.6131
64.5353 17.4815
63.6171 17.3101
63.3707 17.3449
63.0937 17.1976
63.2239 17.1265
63.9572 17.376
65.7032 17.2302
66.006 17.0618
65.9906 16.8957
65.9995 17.172
65.9897 17.3981
67.0546 17.1374
65.8447 17.3314
64.8676 17.0969
66.7339 17.2625
64.6274 17.1247
62.8667 17.2577
63.0806 17.073
60.988 17.2999
65.239 17.3182
65.3144 17.0904
66.2319 17.3092
64.9979 17.0095
65.8323 17.3815
65.9998 17.0905
65.3403 17.0412
62.9451 16.9145
63.4172 17.1425
63.3327 17.1141
61.9762 17.4051
63.0073 17.2921
63.5771 17.0809
63.544 17.0782
67.0926 17.149
66.3453 17.1805
65.4731 17.1523
66.0203 17.5349
65.8211 17.1685
66.2848 17.1562
67.1232 17.1502
64.6344 17.4871
64.9683 17.0873
65.1103 17.2881
66.7876 17.4421
64.7075 17.2152
64.3936 17.2147
65.0938 17.3635
64.6774 16.7847
61.7851 17.3312
62.0007 17.2556
60.7771 17.2111
61.8913 17.5284
62.2268 17.4025
62.2268 17.019
63.2205 16.9813
64.9109 17.4151
64.0762 17.2971
64.3082 17.2798
64.3759 17.4529
65.706 17.2195
66.3969 17.5369
67.9669 17.0493
65.5271 17.6192
66.0181 17.2116
65.5977 17.0834
67.3063 17.1024
68.2549 17.1645
72.0786 16.9852
65.3163 17.1352
65.3163 17.2351
65.5774 17.3792
64.2167 17.3636
64.6315 17.3933
63.7088 17.3716
63.3809 17.2816
61.7065 17.3885
61.1482 17.2125
65.2162 17.2763
64.1923 17.1511
63.4044 17.1896
62.4181 17.2207
62.7263 17.4154
65.4999 17.2116
64.3416 17.1734
61.9469 17.1845
63.2769 17.3253
60.8292 17.1093
62.3756 17.1365
63.7731 17.2239
66.3239 17.188
65.216 17.4889
64.715 17.1572
62.7224 17.3168
63.4925 16.9721
63.4035 17.2415
64.2062 17.288
64.4074 17.4545
63.2244 17.1091
63.3715 17.3693
62.3567 17.3889
66.7738 17.0564
64.6174 17.3531
64.163 17.2618
63.0103 17.2301
64.5487 16.8272
65.3832 17.0667
65.0001 17.4726
64.4529 17.3491
60.6048 17.2875
62.2306 16.9139
63.1 17.0297
64.9083 17.107
65.0894 17.114
66.1372 17.3851
64.1082 17.0457
64.2272 17.0436
64.1772 17.1065
63.0953 17.0515
64.7019 16.8322
65.6721 17.25
62.7068 17.2582
63.4105 17.2107
63.7854 17.077
63.0522 17.3838
62.7794 17.3164
61.6198 17.4809
63.7242 17.1083
64.0373 17.166
62.4006 17.0837
63.4241 17.5123
63.593 17.0555
64.076 16.9513
62.3525 17.589
64.7402 17.0556
62.4998 17.3716
64.6627 17.1569
65.44 17.1056
67.8658 17.2515
63.606 17.3044
63.3823 17.2074
64.9666 17.1332
62.2868 17.3235
61.733 17.2287
62.8609 17.2583
65.0805 17.0813
65.2292 17.4342
64.1186 17.2567
61.5482 17.1184
61.5482 17.0877
63.2329 17.1265
64.5724 17.3912
62.752 17.1836
65.5773 17.0312
66.6567 17.2906
62.626 17.2788
63.3935 17.4446
63.0084 17.2044
64.6415 17.0573
64.6582 17.3273
64.192 17.0723
64.0881 17.2545
65.3462 17.0969
63.6523 17.2589
63.7691 17.0921
63.17 17.236
63.1523 17.2653
62.4354 16.9976
62.5176 17.4791
67.2295 16.9762
65.2637 17.1287
67.3327 17.0546
67.1138 17.207
69.2212 17.0369
66.2608 17.2009
63.2351 17.2507
67.3941 17.1709
63.3574 17.3026
64.2461 17.254
62.7441 17.3019
64.8566 17.3879
63.3477 17.4877
63.7514 17.3598
65.6699 16.8304
66.113 17.5054
66.344 16.9737
64.9308 17.3162
68.4376 17.2504
65.3404 17.3476
67.9889 17.3156
67.6059 17.4635
67.833 17.0332
67.833 17.1123
65.7776 17.0677
63.9102 16.9898
64.4488 17.4212
64.6202 17.1872
65.7701 16.9417
64.9541 16.942
64.9914 17.0289
64.3349 17.0354
68.6416 17.1948
66.6107 17.1558
69.2936 16.9335
70.4974 16.9253
68.543 16.9633
64.7764 17.3183
66.6891 17.163
65.2811 17.2942
66.5414 16.9306
62.6081 17.1614
64.2421 17.1322
63.0772 17.4201
63.7786 17.1889
63.1312 17.2068
65.2546 17.2638
64.4817 17.1389
64.0522 17.403
64.6788 17.3331
64.4114 17.1635
64.4193 17.3832
63.3445 17.2365
66.8175 17.0625
65.3847 17.2682
65.4424 17.1603
63.7729 17.4142
64.1084 17.1335
63.4066 17.2447
63.3716 17.2331
60.1021 17.2557
60.4393 17.2494
61.3811 17.2156
63.2122 17.0893
62.0829 17.2567
62.4688 16.9841
61.0631 16.8821
61.6462 17.1299
62.2995 17.1581
66.7871 17.1607
64.4335 17.2089
62.4208 16.978
65.861 16.9845
67.0949 16.9216
67.0772 17.0717
67.2158 17.2141
65.009 17.1713
63.4706 17.3048
62.7631 17.4659
63.0174 17.4347
60.1705 17.4467
62.3652 17.2518
63.8733 17.4139
64.8438 17.1378
66.2098 17.2903
64.8382 17.7771
63.9002 17.2242
67.3831 17.315
66.541 17.2503
67.8051 17.3289
67.0002 17.1039
67.9305 17.2444
66.6796 17.2753
66.5345 17.3459
66.8136 17.1337
65.4218 17.1761
65.7261 17.1024
64.6065 17.1913
66.7752 17.2223
65.1676 17.263
65.015 17.3153
66.0341 17.1536
61.9285 17.2299
61.2665 17.3201
64.1226 17.0355
63.959 17.1009
63.5227 17.5112
60.8719 17.0487
63.1537 17.0644
63.5896 17.0194
68.5593 17.0192
64.4114 17.2604
68.7279 17.0295
66.7545 17.2784
65.7538 17.2588
65.0175 17.2593
65.0973 17.1336
64.3205 17.5838
61.5222 17.6537
59.6587 17.2262
63.0159 17.2036
62.5272 17.3864
63.3673 17.1708
62.2053 17.1969
61.0637 17.3021
62.4225 17.086
61.8625 17.7314
61.4525 17.2274
60.8199 17.3156
64.2552 17.2371
61.2833 17.2035
67.3254 17.2036
69.1722 17.3324
68.7263 17.334
68.8403 17.2447
66.7663 17.126
65.9193 17.3417
65.901 17.2444
63.6542 17.15
63.0917 17.0489
64.4439 17.0096
62.1935 17.3015
64.6869 17.258
62.1216 17.2942
62.2693 17.3159
63.5345 17.1555
63.4914 17.092
63.5101 17.2627
65.7558 17.067
66.5441 17.0942
67.5542 17.3241
75.4466 17.279
72.8834 16.9468
69.0224 17.0136
66.6345 17.1913
66.279 17.1648
66.5194 17.4409
66.568 17.3851
65.9894 17.3016
65.4952 17.3984
65.7953 17.2312
63.8412 17.255
64.0983 17.2884
63.1519 17.3144
62.1302 17.2638
62.9561 17.1713
63.292 17.111
64.2952 17.1336
64.0554 17.2136
68.7575 17.007
65.7387 17.393
62.0118 17.4045
61.8775 17.3966
63.5118 17.2147
62.011 17.2688
62.4612 17.2094
64.2355 17.3827
64.3187 17.6505
63.9181 17.086
63.7169 17.1153
62.4407 17.1495
64.7241 17.3742
65.628 17.1197
63.9021 17.0845
66.7333 17.2113
66.3554 17.2044
66.2634 17.2393
64.6328 17.1551
65.3412 17.5347
67.4914 17.2664
65.3893 17.5035
65.2952 17.2191
64.1396 17.3302
63.3262 17.4272
64.1078 17.1808
64.8845 17.025
63.3951 17.3205
63.9718 17.2072
65.0064 17.303
63.8796 17.2159
64.8303 17.1465
66.2393 17.2475
62.5963 16.918
62.4468 17.1402
64.727 17.3208
64.5605 17.3959
67.4977 17.4669
63.961 17.2836
66.4805 16.7928
64.9312 17.2379
63.3673 17.2514
63.3539 17.164
63.4736 17.2421
63.9125 17.3884
63.8318 17.0926
65.5479 17.204
66.1003 17.0853
63.8607 16.9176
64.3846 17.1153
64.1542 17.0795
62.6809 17.1545
61.9219 17.2692
61.2447 16.9373
64.2879 17.2472
65.3687 17.2539
66.8251 17.1396
67.0459 17.0599
67.5126 17.2084
67.2234 17.0538
61.9561 16.8812
62.2211 17.3024
61.1444 17.5458
62.549 17.1823
63.4185 17.1928
61.4792 17.2903
64.2139 16.7822
63.9403 17.2507
64.4769 17.0844
63.317 17.0653
63.8225 17.3645
65.4964 17.1705
65.9307 17.3851
63.5096 17.4419
59.8759 17.4315
61.704 17.313
63.6116 17.2184
63.557 17.2672
63.6448 16.8929
64.0243 17.1588
63.178 17.3557
66.7973 17.615
66.2129 17.2186
66.8344 17.2862
66.5278 17.2972
69.4724 17.2006
66.5696 17.224
66.6825 17.0813
64.3412 17.0324
63.2929 17.033
62.6809 17.0304
62.871 16.9866
62.2968 17.0947
62.3213 17.1665
62.3045 17.2113
62.69 17.3001
63.476 17.2454
63.6632 17.3192
65.1471 17.4392
63.6422 17.5746
64.0762 17.3407
64.0905 17.1753
62.6376 17.3307
61.6956 17.3507
63.254 17.207
63.7826 17.3652
65.8085 17.2181
63.9371 17.1859
64.4743 17.2379
63.8235 17.1489
62.3089 17.2018
61.2125 17.3886
63.7337 17.3618
61.9195 17.2775
60.3433 17.2993
64.1094 17.1865
64.2697 17.285
61.7781 17.1375
61.6738 16.9856
66.7841 17.0967
71.9478 17.3114
70.465 17.1644
70.6349 17.1431
70.9701 17.1435
69.9684 17.1142
65.7658 16.9809
65.1682 17.091
62.3064 17.2928
64.6539 17.0263
64.5551 17.4238
61.5915 17.2366
61.3516 17.4161
61.9438 17.188
62.3033 17.1087
63.9042 16.9962
62.905 17.0114
62.6094 17.2275
64.2552 17.202
64.4668 17.193
64.8719 17.2038
65.1003 17.2452
67.0304 17.0751
62.5838 16.9129
62.6889 16.9671
63.6359 17.0055
63.5827 16.9637
66.0081 16.9171
64.375 17.113
65.1285 17.4423
63.4696 17.2365
64.6264 17.3028
62.0323 17.4702
61.6887 17.0523
63.7401 17.4014
63.3944 17.1974
63.832 17.3226
64.0497 17.3442
62.5817 17.3959
64.203 17.275
64.9556 17.3065
63.2833 17.1406
63.6533 17.1591
62.5736 17.1443
62.1111 17.1416
64.8087 17.1752
63.7104 16.8488
64.3411 17.0824
64.8965 16.9807
65.2655 16.9046
63.5009 16.9341
61.8804 17.2225
63.9307 17.1795
65.9412 17.0016
66.779 17.368
65.5973 17.2266
64.5457 17.3555
64.2713 17.2017
64.464 16.943
63.4933 17.1944
64.7628 17.1976
65.638 17.0071
65.2806 16.5707
62.5789 16.8247
64.3464 16.9889
63.2729 17.2993
64.3816 17.1435
