82.2731 32.322
81.0964 30.4692
78.7023 33.696
77.8083 34.336
75.929 31.6834
82.7832 34.5504
90.3927 31.6624
84.0822 34.2872
85.3551 34.4807
83.1441 33.7156
93.55 33.8426
93.5882 33.2482
95.3844 31.7236
96.6587 30.7151
87.3221 32.8284
79.5446 32.3863
86.3616 32.1497
90.8987 33.015
91.1901 34.8764
92.7257 33.7678
95.5072 32.7949
88.8708 33.824
89.0889 34.175
89.1417 32.6859
90.0305 30.3564
88.1157 32.4796
81.2743 34.6555
86.8271 32.6222
91.7254 32.5107
90.859 32.0825
85.7402 29.6456
86.298 31.2216
89.8845 34.342
92.4575 33.087
91.4011 33.469
97.6466 31.722
98.3593 31.6182
101.983 33.1653
101.824 31.8758
110.618 31.4583
100.17 32.7191
96.1261 33.8176
80.3887 33.5649
92.2112 32.9539
84.7427 31.0745
87.5819 32.3501
92.031 30.4289
95.8259 31.9172
102.127 33.8684
109.048 32.2343
108.44 32.1955
101.985 32.7698
101.583 33.2036
97.7329 33.5064
101.636 32.8476
93.4191 31.7666
86.6922 30.5613
80.619 31.5409
80.619 31.8159
81.8583 33.9549
80.7569 33.644
84.082 36.9034
85.7595 34.1049
87.3586 33.6313
102.51 32.688
102.767 32.9597
95.0778 33.2278
90.7081 33.3131
90.7982 33.039
92.8086 33.1259
90.6577 30.406
89.2111 32.7935
88.4871 32.4307
94.4544 36.8099
83.5099 31.6264
82.9414 33.6165
82.9554 32.2894
79.736 32.554
82.742 29.246
76.0108 33.6701
79.794 32.7288
79.1703 32.6666
89.0096 34.0213
90.5124 33.1973
90.7348 31.8076
86.5241 33.447
87.2408 34.9947
81.3144 35.4841
89.5653 34.9771
86.4288 34.8101
87.0277 33.253
86.6814 33.6843
91.6891 34.0227
90.0883 34.2513
88.0635 32.6576
99.3704 29.5511
95.3799 32.2671
97.9337 33.7907
109.688 33.7966
101.126 33.8205
89.2161 34.305
93.4858 35.823
90.1668 34.12
87.9887 32.4866
99.4668 34.8194
101.036 29.7184
101.018 29.1938
101.691 33.7033
100.998 32.5975
103.446 32.2769
107.304 31.5321
110.811 32.8796
106.765 33.7001
100.692 33.641
114.777 32.7335
107.354 32.6524
112.392 33.6628
125.392 32.6379
122.922 31.4629
130.927 32.3653
121.931 30.2889
108.882 32.0916
108.882 32.8846
108.882 31.7323
96.2737 31.046
90.2891 35.194
89.4967 33.955
90.3865 33.9617
93.5236 33.7587
91.5685 32.6561
91.5136 34.6323
86.9024 35.216
93.9987 32.3672
92.3507 33.8032
96.7242 32.8868
99.4615 33.0505
100.453 33.8005
100.778 31.2371
100.95 31.5512
102.271 32.9805
98.8755 34.3316
102.686 33.8514
97.5792 33.5425
101.91 33.6931
98.4495 34.8234
99.3928 33.0132
106.046 34.4282
98.8933 32.8096
98.8108 31.1729
99.2837 33.857
95.5691 34.4135
92.7511 33.8177
90.1271 32.5502
94.326 33.8528
85.4034 35.1098
89.0241 34.621
93.8998 32.8471
92.8912 33.951
95.5916 31.1755
97.599 32.0405
86.1276 31.973
87.4897 34.2253
90.5432 34.8196
91.1585 33.7735
90.363 34.8108
92.2152 35.1222
94.8488 36.2279
96.9326 35.7003
96.6536 32.0028
115.068 33.1784
105.758 33.0215
107.323 31.4657
107.002 31.7937
111.469 29.9468
92.1859 32.11
94.9871 31.3374
89.6847 31.0599
93.5949 31.1889
86.2012 31.0344
90.5113 33.436
93.1629 34.6461
94.8388 32.0832
103.353 32.2582
96.1327 33.0261
97.0239 32.0851
100.963 32.5819
88.3137 33.19
90.127 33.8039
89.9471 32.7767
85.4198 35.1954
87.4878 30.8586
90.3049 30.8586
91.3219 32.3824
93.7067 32.2208
91.6928 32.0794
96.4723 33.7229
91.9683 33.159
83.3693 33.7489
98.2076 32.7543
109.059 31.8386
100.665 31.9576
107.35 34.0026
100.624 34.5702
114.203 33.4557
106.12 33.6149
109.944 33.8755
103.594 30.3898
97.6025 32.6135
97.9932 33.2357
105.803 31.6958
103.027 33.437
103.692 32.6667
101.071 31.5726
90.7341 32.0494
92.1836 33.8838
93.8369 33.8083
93.2567 33.0452
90.2453 33.2341
81.8984 33.9728
83.616 33.3815
81.9592 33.5752
81.9592 31.9265
78.2016 32.9109
76.2211 33.2779
76.2476 34.5937
81.8568 31.332
82.091 29.2487
83.4817 32.4929
82.2764 32.5612
91.4834 34.6865
88.0295 33.3368
89.8788 33.0551
94.7348 32.6401
101.903 31.9518
102.284 32.3063
97.8936 32.3459
97.0529 31.5191
93.6563 32.6653
90.0322 32.2276
88.683 32.3791
88.2777 31.6668
88.2777 30.8105
95.7227 32.6563
88.5204 34.1036
111.745 32.8655
109.418 32.4985
113.678 33.0805
94.8956 32.5362
90.4154 33.5097
93.5865 33.4578
84.1977 33.3858
84.9222 34.5274
83.5051 33.3702
86.9761 36.0016
87.1251 33.1619
87.4295 34.0595
98.4741 33.5202
90.034 34.8247
90.067 32.6333
90.067 32.6787
91.5189 31.9421
92.0965 32.5975
92.0965 34.8543
92.0965 33.7886
81.1588 34.5673
84.0764 33.4427
93.877 33.6164
91.7291 32.1397
93.0844 33.3526
96.9454 32.9321
103.482 35.3911
94.39 33.2471
91.3053 34.6268
95.2561 31.4737
95.0605 32.0828
91.7175 35.1495
92.0307 32.4559
94.8303 31.5284
95.2258 31.0465
90.1857 33.2128
93.9751 33.0432
93.4931 31.9423
93.4931 32.6297
97.3093 33.0552
93.4547 32.918
93.0882 34.5022
87.8748 33.328
89.7069 33.8802
84.8988 35.2703
84.8988 33.4507
81.944 33.7676
82.8544 33.7857
86.1585 33.8185
86.1585 32.9893
91.3379 32.475
91.3379 34.6735
108.441 33.2196
99.7749 31.6416
103.45 32.1426
99.7465 33.0035
95.4945 32.6544
96.6024 34.2682
102.596 32.5108
115.4 31.7746
102.722 31.8129
103.944 31.8854
98.3216 32.3597
109.862 32.5973
100.732 32.6935
104.437 35.039
99.0622 32.6514
99.3354 31.2417
91.6287 33.8302
86.3622 33.1676
93.537 33.1431
93.5124 33.141
88.3968 31.0214
88.4105 33.0632
89.3671 33.5593
86.0065 30.4647
82.1333 32.9708
83.1134 32.483
85.3371 32.4206
94.0903 33.6801
88.78 33.0929
97.8939 34.713
95.39 34.9648
92.9623 34.5812
69.7593 35.43
66.4706 34.2627
83.819 33.9463
86.8165 34.7417
87.2512 33.7687
91.5827 33.6789
93.956 32.759
93.2484 32.4804
84.9785 33.1111
85.6046 33.1469
83.8035 31.4127
92.5794 33.5909
86.3632 33.6515
83.7792 32.2768
83.7792 33.7514
93.8148 30.6928
86.9462 33.9693
90.6954 31.9446
101 34.2812
112.43 30.5055
111.446 32.1687
107.195 30.491
106.171 32.0641
109.48 29.912
111.554 28.3839
117.198 32.5548
117.964 33.1135
116.524 34.5059
119.343 33.3176
126.517 31.742
121.645 33.3364
110.886 32.4489
104.198 34.6001
107.14 34.6475
107.607 34.5379
93.6549 33.8908
77.5966 33.95
77.5966 33.9877
77.523 31.6392
75.8898 32.7674
78.4271 33.8797
90.9501 34.8564
93.4094 33.0495
90.7758 33.6756
93.1033 33.972
92.8267 33.2014
92.9946 32.2495
94.7319 35.7535
105.524 36.0071
107.984 33.1332
103.524 31.6653
104.027 32.5643
108.889 31.8248
107.067 32.3283
95.9363 32.3587
99.5861 34.2029
96.6742 34.7258
94.1221 34.1606
86.6105 32.8686
84.3736 34.9071
85.1609 33.7531
89.4588 29.3391
105.378 29.7444
104.85 30.0411
113.154 31.1456
103.805 31.5618
98.9024 33.6286
94.7203 31.3777
87.4846 34.7454
96.2786 31.2244
100.951 32.7013
102.31 34.5623
100.654 33.6919
94.9138 34.4538
87.2939 34.1127
83.0112 34.5743
92.3197 30.9576
87.3468 32.8616
97.6469 34.852
104.668 31.1976
106.236 30.992
106.236 30.9315
105.734 32.8491
112.966 31.8157
109.876 30.2555
103.321 33.4839
97.0059 34.7852
96.9355 36.5662
98.8499 33.1717
95.6301 35.4427
96.9248 30.9772
97.9957 31.9273
98.6879 30.3015
96.7026 34.8996
98.5303 32.7507
89.8971 33.4647
92.5326 33.8029
95.8977 33.3622
90.2876 32.6738
89.4245 31.7286
85.3478 33.7439
94.5416 34.1723
90.138 32.9353
92.2315 33.4805
88.7859 32.9943
85.3772 33.7057
84.3017 32.241
83.0945 31.5625
85.2657 33.039
99.8543 33.953
101.294 30.8619
105.08 34.0632
96.0724 35.1524
94.8127 34.5098
89.1853 34.5334
94.4219 35.3662
102.963 33.3641
102.724 34.9888
105.269 30.1672
113.479 31.0883
101.932 33.928
98.6099 35.1663
97.3809 32.9613
98.9987 33.4455
93.2855 31.798
94.2717 33.9353
94.693 34.9067
88.7093 34.0955
88.4895 31.7044
91.1487 34.109
99.8753 31.8438
102.056 31.3613
100.558 32.3132
99.9183 33.7113
100.432 31.8733
104.757 32.0608
106.305 33.005
111.118 31.3627
106.813 33.0428
103.382 32.0593
98.2687 34.9666
97.2275 32.551
93.3964 32.3008
102.747 32.8775
91.3576 32.7986
93.9926 33.0027
90.4968 31.9998
91.3881 34.9477
96.5837 33.4558
96.8197 32.1804
100.723 31.6766
98.7798 30.6826
99.9364 30.1537
102.666 32.7689
103.316 31.7576
116.957 31.2143
116.957 31.6898
102.096 31.2635
116.395 31.6035
109.869 32.2099
99.2067 33.8417
90.3088 33.1213
92.6099 32.2721
103.14 32.5509
111.329 31.6961
107.486 31.1727
110.813 29.6246
99.2236 29.5679
112.717 33.9943
107.532 32.1674
106.007 31.846
110.997 31.8068
109.098 32.0095
102.808 34.7047
103.579 32.9888
104.63 30.9762
102.58 32.7163
103.5 33.7635
103.702 32.7505
102.775 33.1567
101.602 32.5975
111.54 32.6672
111.54 31.7938
111.54 32.6489
108.882 30.8427
112.994 32.8409
98.9463 32.4721
96.8617 32.5123
98.0218 32.9119
98.0218 33.2327
95.9566 33.4929
88.5793 36.8747
85.381 32.2095
88.8984 34.0756
91.5748 34.3439
93.0224 33.2081
94.4631 32.3338
96.3344 33.5555
94.6154 33.7996
93.8797 32.4422
94.9022 31.8813
91.6295 33.1314
97.2162 32.996
100.633 31.9672
97.8189 31.9399
93.4092 31.2133
92.1367 32.136
93.8229 31.29
93.342 31.7958
94.3967 35.4577
95.2943 34.12
95.0663 33.6032
99.2458 32.6829
99.455 32.543
101.802 32.7517
92.3851 29.1022
91.5368 34.5285
90.9345 31.659
89.0474 32.9691
84.579 34.2442
90.6909 33.4886
92.6738 30.9877
100.858 31.1757
100.9 32.3629
95.9936 33.4186
105.613 29.9909
102.448 30.8462
100.18 32.9051
99.7671 31.2167
99.7671 32.3638
87.6928 34.5566
105.753 33.5385
103.564 33.7555
101.009 32.2313
101.009 33.1853
101.371 33.0843
100.731 31.159
105.978 31.8818
102.388 31.5932
104.117 31.2132
107.435 31.9308
107.435 32.1975
106.995 32.7057
96.0007 33.0333
99.3373 35.5364
101.046 32.1823
87.4993 31.606
90.791 33.8994
92.9759 33.4957
87.0209 33.6385
86.6981 33.6943
86.393 32.6764
86.2566 30.7666
90.8369 32.5724
93.9599 31.8268
94.0716 35.3219
94.1002 31.5755
94.6288 36.261
100.655 33.2163
96.9009 32.543
93.9155 33.8455
97.7161 34.3073
98.7941 34.5375
99.9272 33.8331
103.036 33.8319
102.367 33.4117
98.7662 34.3106
100.8 33.2996
100.678 34.3214
92.9287 33.9808
99.6548 30.9816
99.6548 33.074
94.5594 33.6978
108.762 32.6126
117.161 32.247
115.622 32.7914
109.734 31.8551
110.087 32.065
108.73 31.2306
112.632 30.9436
103.878 34.5331
101.757 32.4412
94.3102 33.9538
88.1437 34.0507
82.8869 32.0554
86.7907 31.455
90.9164 35.528
90.7478 33.2519
88.6668 32.3279
92.367 32.6894
93.5417 34.1713
99.8752 32.4138
97.196 33.2533
97.7103 33.4291
90.5002 33.1166
95.1378 33.0941
94.6867 33.5128
93.396 33.0602
96.9467 32.8249
90.3354 32.7473
87.3312 32.9467
87.5111 34.2663
84.3549 34.0196
84.5764 34.961
91.1466 34.6467
86.0299 31.92
88.0068 31.6663
86.8534 32.5725
76.0789 33.5731
74.0596 32.8469
74.0596 33.7574
74.0523 31.4156
74.7505 34.6042
74.8784 32.4443
77.0183 33.1444
77.0183 31.8181
86.2662 31.841
95.4939 32.0849
95.9599 34.6763
96.8073 31.0747
91.4127 31.9409
95.5985 31.5674
95.4271 31.9494
97.665 31.654
98.922 28.9437
104.633 31.1252
98.9569 33.8865
93.1865 33.8017
94.2476 33.3955
93.4887 32.1412
100.004 32.7119
98.5752 31.8526
112.546 31.2289
112.98 33.6425
109.166 31.8606
107.861 32.8329
101.994 34.5479
103.381 32.6543
102.735 35.739
98.2388 32.5873
112.1 33.4225
111.812 32.0012
117.273 29.624
106.903 33.2438
105.059 31.8611
105.125 34.5131
104.541 31.9068
107.249 32.3621
96.4756 34.438
90.9246 34.8381
102.627 33.3308
103.497 31.5173
101.048 33.4596
99.8571 32.045
94.8595 32.7872
93.5742 32.7364
104.866 31.9754
96.9992 31.6718
97.2886 32.9162
86.4022 28.7581
91.8104 35.0707
87.8428 33.6774
89.5893 33.6367
90.668 33.5734
92.7826 32.6903
96.7932 33.3302
106.02 31.3602
103.503 30.6054
95.6718 32.1848
96.5252 34.0028
88.0833 34.5224
88.6183 33.4197
89.5053 34.9115
85.7794 34.1164
89.665 34.0576
88.2281 35.4771
86.0813 33.8663
86.5341 34.0534
101.365 31.8995
103.962 30.4017
110.155 29.8148
123.596 31.4201
114.202 31.2051
106.567 33.943
110.517 31.8567
102.947 31.7273
103.935 33.5107
117.525 32.9548
114.944 33.7389
101.871 33.8662
101.993 35.0861
96.9869 32.3624
90.0903 32.1354
95.535 32.8545
91.0355 34.498
89.0488 32.6546
92.4392 32.2849
94.9346 34.9667
96.4738 35.1143
93.8378 33.8838
95.0873 32.33
95.6454 34.1773
106.264 31.8126
97.208 33.4828
101.834 34.2661
101.122 33.7655
101.821 33.8569
95.4976 31.7086
94.5541 31.8942
97.1945 31.9234
95.579 32.1712
98.1448 34.6749
94.4899 31.6411
93.8909 31.404
95.3113 31.8652
94.7894 31.7169
94.9777 32.8023
97.9075 31.9977
116.872 32.9719
94.2817 34.679
98.2372 34.1129
96.9293 34.0785
92.9457 34.1093
95.6475 33.4249
90.056 33.5927
89.4398 33.106
83.2205 34.7958
86.9514 33.6344
90.8574 32.6779
90.8842 34.722
99.0223 31.7926
97.5178 31.022
96.966 32.3354
83.4099 32.945
91.4314 32.8871
95.9292 31.8639
91.3206 32.5388
89.5942 31.5694
97.504 31.8565
82.7531 31.6091
84.6355 32.0924
87.0631 31.4833
87.4019 33.1873
100.116 34.818
93.917 33.351
86.8971 35.6725
85.2109 36.1105
78.3556 36.8673
82.293 32.7031
89.0084 33.6924
88.4664 30.5718
87.0823 33.1454
107.006 31.2484
107.899 32.9507
97.4613 32.3502
105.55 34.2874
112.856 32.8467
117.041 31.1253
119.461 30.497
126.503 30.106
126.503 30.8367
119.861 31.6148
142.357 33.5071
120.894 32.0148
133.193 32.551
132.051 37.0637
132.051 33.7405
118.236 34.0248
120.277 31.3102
117.037 33.5808
124.062 35.1257
113.369 34.0647
119.276 32.7404
113.52 33.4138
113.52 34.5164
128.695 33.117
142.286 32.8961
142.706 31.922
142.706 32.8393
142.706 32.2221
140.202 32.1693
144.172 33.941
144.172 31.1172
133.705 34.3371
128.906 33.6959
122.607 32.4299
127.922 32.5165
102.374 32.5591
99.7152 31.8527
102.066 32.0931
114.035 32.323
115.688 34.6336
113.259 33.6541
115.712 32.8292
115.677 33.8015
118.249 29.9065
119.284 32.271
112.21 31.6958
106.89 32.8798
108.153 30.875
113.331 34.018
112.595 31.4977
113.017 33.5593
123.378 34.9865
114.918 35.7759
115.12 33.0592
115.969 33.2839
117.554 34.2776
114.977 32.8273
136.237 32.887
125.232 35.0784
126.305 33.9422
128.629 31.4731
133.234 33.2565
133.234 32.2875
124.983 32.6333
124.983 32.121
121.589 29.1683
125.208 32.464
133.576 33.6419
127.568 34.417
124.058 35.3394
137.962 32.3301
134.857 29.5658
119.716 34.0594
112.345 34.0892
113.927 32.8946
117.132 31.7147
107.474 30.3541
111.628 32.5805
110.386 32.7616
117.16 31.133
104.194 33.4329
103.319 33.7988
100.144 34.439
98.3593 35.8256
91.549 33.8867
85.1823 34.085
85.007 33.5664
83.9281 33.8306
81.8385 34.2017
86.2545 32.8387
91.9304 34.4595
89.7876 33.5174
92.7021 32.7802
89.4729 31.1177
89.4729 35.4043
92.4138 31.4397
92.5381 32.1892
89.5538 31.5519
87.9661 33.9436
86.7988 34.1549
91.7052 35.0267
88.0584 34.0316
90.3558 33.877
89.7294 33.6639
83.8039 34.3401
86.7169 34.1819
93.3912 32.1679
90.4043 31.8144
90.9445 33.5828
82.8209 33.2761
81.1226 33.8335
100.401 33.3975
111.648 31.7682
107.093 32.7891
118.447 30.2006
100.977 31.7677
98.2504 31.4973
111.616 34.4866
108.05 32.6431
103.998 31.5799
104.092 31.1169
102.135 35.6029
111.386 34.9001
110.193 31.9487
103.647 32.9362
103.035 32.0254
102.59 31.3437
102.752 30.9177
94.9299 31.8303
95.8155 31.2784
99.9348 35.2855
101.222 37.158
116.003 32.4936
109.931 30.6888
118.855 30.7735
109.058 34.5362
109.035 33.5216
109.697 33.3804
101.942 36.218
98.3205 33.8051
96.3103 32.6174
105.146 31.2602
110.332 31.3496
96.6211 33.1057
94.8061 33.2288
87.471 32.4153
91.6977 33.3865
93.4266 35.6186
89.4385 34.155
94.7017 30.5186
89.8174 31.0579
83.1755 32.2835
86.6893 32.8971
85.1587 35.0701
75.5659 32.1847
75.2429 32.7095
80.4283 34.5686
78.7883 33.6784
84.2463 32.4495
87.7183 33.1963
90.4364 32.1807
100.106 29.6647
98.1833 34.6905
98.219 32.3648
103.322 31.4482
98.0334 32.6721
96.7128 31.4306
91.6925 31.4501
89.8622 31.921
103.818 32.204
109.517 31
100.518 30.957
109.589 32.5399
105.842 32.3985
105.923 31.9505
104.612 30.6745
103.211 29.9392
103.674 31.4571
105.705 33.2502
100.182 31.4531
98.9275 33.0218
98.3264 34.7285
94.525 35.5789
95.8137 33.2469
91.2383 33.3059
96.9211 34.5078
86.9365 33.1249
92.7713 33.4479
90.9658 33.8418
86.4956 34.3179
92.8168 34.6576
94.7942 31.3436
99.9691 34.0085
96.7361 30.9001
92.7007 33.549
99.7642 34.0027
99.2503 32.9907
97.9426 30.8802
78.5742 33.6826
78.5742 33.1898
77.6045 34.9749
77.6045 32.8256
77.6045 33.595
77.6045 33.7164
81.6739 33.6372
83.6273 32.6505
93.4212 30.9038
86.1954 31.3022
85.8216 33.8648
83.9915 34.0744
83.3755 35.8076
85.155 33.6119
69.8862 33.5445
70.0588 33.9344
65.8912 33.4253
67.0762 32.0864
68.2362 32.7855
66.1008 35.1315
65.6789 32.5982
69.6567 31.9519
64.2999 36.2031
60.9857 32.0063
62.3528 32.1138
62.3528 34.3056
65.3372 33.2857
65.3372 32.1433
63.7116 33.625
67.184 34.1542
67.184 35.4496
72.2852 33.9194
72.2852 37.3665
72.2852 31.7988
77.4234 33.3999
67.8787 32.0388
67.8787 33.216
69.6886 34.2434
75.6203 34.7728
79.8789 32.4992
83.2675 33.9228
77.9322 32.2686
82.4244 34.5033
83.8535 35.2746
87.8181 35.7008
88.056 34.5278
91.4998 32.5344
87.1604 34.524
85.515 35.0297
82.5392 32.1171
97.5054 32.0816
100.499 31.887
106.734 33.7756
106.275 34.0286
90.4487 33.7094
88.9831 33.2712
102.5 36.8993
98.1227 32.4015
95.6037 33.618
99.3732 34.7292
108.058 32.7673
104.784 30.789
97.0466 29.7349
100.951 31.4794
98.7007 32.5739
99.0977 31.2745
103.75 35.3101
99.1708 32.7639
100.194 32.7462
100.733 30.6777
94.7683 32.4787
95.2976 31.9758
94.7164 32.3315
94.5066 33.6088
94.0946 31.6114
94.4741 34.0645
95.2591 33.424
102.406 30.1659
99.4403 30.6088
96.5029 30.4737
103.144 30.3189
92.6029 32.363
86.3988 33.7569
86.3988 34.4694
93.7027 32.2195
99.5802 33.4504
102.254 32.5629
99.4409 31.3287
93.6821 32.5267
97.6376 33.0225
97.6376 34.3715
97.4888 33.3891
94.7665 32.3029
98.1462 32.8813
102.253 32.9673
103.781 33.0015
111.249 32.758
104.519 33.0604
103.194 35.495
103.973 32.0966
108.51 31.9641
106.708 31.968
99.8032 34.0782
104.617 34.3142
106.71 34.7789
97.9336 34.9866
93.0449 35.4601
91.028 34.7921
89.701 33.7474
91.274 32.6027
93.0697 31.7754
92.8976 32.2361
103.103 30.1602
104.102 30.3843
95.7792 31.9532
95.5427 32.8255
96.7888 33.1373
96.6183 32.9431
96.0189 33.3239
98.1774 30.7123
98.2226 30.7576
94.1153 32.0646
87.3272 34.2198
93.4499 33.4604
87.229 33.0053
86.6638 36.2255
88.287 31.0114
88.3024 32.7426
89.5172 30.8935
88.1676 35.5767
92.7954 35.025
92.3348 35.5476
88.5707 36.1507
81.8424 35.1817
90.181 36.9587
95.6525 33.4712
97.1775 31.3107
105.793 31.2025
102.208 32.5621
97.7227 37.1666
95.305 31.3935
90.3657 33.4659
88.3307 34.9687
87.4532 34.5533
90.2766 33.0928
92.8556 32.4446
96.5119 33.8559
99.0768 34.4829
104.78 33.3095
106.666 33.7252
107.752 33.6787
106.245 32.9514
107.072 32.7484
100.733 33.8836
97.9545 32.8527
91.8869 32.5689
94.1577 31.2483
85.4549 32.7802
87.449 34.5829
82.7033 33.1286
79.5705 33.6303
80.2657 34.9439
85.8526 32.2345
83.4954 31.6255
81.3713 32.9703
82.3141 33.1037
76.0365 33.4958
76.0365 30.8644
80.6617 33.4998
81.777 35.8673
84.4313 34.8127
85.1833 31.4418
84.6112 33.7566
75.9542 31.7076
74.0224 31.7011
87.6611 36.9097
94.8584 32.6138
102.223 32.023
109.776 33.5253
112.058 32.4996
115.513 32.2186
104.303 32.4166
103.878 32.6823
95.8315 32.1694
95.8662 33.2998
99.6145 33.2272
107.974 33.0267
109.291 29.882
109.938 32.564
102.191 33.0097
96.7948 32.1582
88.2406 32.6424
89.7437 33.7164
93.2073 35.1439
93.2158 32.5071
87.41 33.3662
93.1848 33.5223
88.914 34.5694
84.1819 30.9594
90.9043 35.4353
91.7405 31.811
90.6528 32.0488
93.7609 31.1671
90.0125 31.9955
85.914 32.4684
86.4 32.7538
88.2923 33.6502
90.2088 33.6794
84.2029 33.9675
85.6803 34.4788
86.0785 33.9582
84.456 35.7789
88.7622 33.8511
89.6483 31.6599
90.801 33.84
88.8339 34.0162
90.8526 34.2489
92.1734 38.0576
94.7645 30.97
109.686 31.711
110.775 31.6779
101.152 31.4586
100.968 31.8554
93.8454 34.2242
97.7719 34.3228
97.5209 32.9038
105.384 32.5343
105.384 32.5053
107.93 31.5909
102.342 32.4185
94.1094 33.7214
94.8331 33.9543
97.8905 33.6151
93.1963 32.3681
87.2193 34.3765
87.4566 33.7196
89.4862 35.5797
87.511 31.354
88.7977 34.0928
86.402 34.2625
84.9017 32.8997
85.7619 33.6144
83.8535 33.7362
87.2283 33.1846
91.6742 30.7243
97.5271 33.9316
95.3249 31.5283
95.3249 31.1971
99.803 33.3195
99.803 31.0167
97.2557 32.0749
97.2557 32.4329
89.0038 31.9965
96.0898 32.3012
90.2799 30.9042
98.2533 31.7501
99.0972 33.2848
99.3139 33.8165
99.1318 32.1858
94.1045 33.1955
91.3732 32.1965
92.801 32.0017
93.2521 33.305
92.6516 33.9436
93.1544 33.9576
81.8955 34.3786
87.1076 34.5487
90.1472 32.8828
89.5764 33.0211
88.9021 32.7455
93.9159 34.9146
98.9476 32.0079
90.0653 32.013
95.6495 31.0787
89.2475 30.4099
85.1577 32.6714
82.3002 33.359
82.6689 33.6082
89.7728 33.6027
85.3134 32.7074
103.632 32.9618
96.4666 33.2482
100.134 33.1947
97.1757 32.9922
90.8183 33.5246
84.3572 33.4545
89.3067 32.4186
98.3391 32.1759
90.6561 36.4627
102.231 30.3909
99.1611 33.7161
97.792 32.906
91.4838 33.3401
99.0412 32.8252
101.941 31.717
97.2176 31.9628
92.0456 34.2485
88.1734 32.8349
94.945 33.7028
93.7514 35.2393
96.7788 34.1262
95.6342 31.8007
98.9434 30.5057
97.029 32.5296
93.0895 33.4264
94.5407 34.3551
110.011 32.6839
106.439 31.4195
106.832 30.6572
104.824 29.1833
101.081 32.5593
101.639 31.2268
104.367 30.7335
104.096 34.6045
101.651 34.9081
101.834 30.8909
101.018 35.3109
97.9088 34.5584
98.1871 34.117
99.1572 33.6209
111.394 32.1759
114.702 30.003
122.135 29.1258
110.996 32.5055
117.002 31.7906
107.72 32.3206
105.922 32.8906
108.098 33.2851
107.205 32.9631
100.197 32.5571
104.617 34.5132
99.569 33.5243
90.8525 33.9948
92.4406 31.5702
91.9846 34.241
97.7973 35.4323
90.3867 34.25
97.992 34.3064
94.5857 34.7587
92.7851 32.4163
92.0465 35.2399
92.0709 33.1055
92.6713 33.2673
92.3262 33.6391
89.9391 34.7596
96.8525 33.0803
92.2052 33.0944
88.9369 30.036
88.9369 33.2456
88.9369 32.1591
88.9369 33.8662
80.1 34.4312
79.5001 34.7561
82.1556 31.48
75.9296 34.2739
78.3907 32.0194
81.6249 31.5411
80.7498 35.6636
93.7534 32.0533
104.168 32.1625
114.356 32.9695
100.268 33.8557
100.903 33.9003
106.115 33.17
105.619 33.8337
96.5365 33.6854
93.603 30.8852
104.071 30.7741
100.785 30.4091
104.161 35.5921
104.937 34.6566
104.04 33.1005
105.682 32.9939
107.741 32.0213
97.5975 31.9069
90.4588 32.8234
88.7166 30.1973
93.2591 32.2738
89.3704 32.5225
91.5758 31.6059
98.57 31.4553
93.122 33.2586
94.056 32.7064
93.6791 33.4886
97.4658 32.9187
89.5371 31.6424
97.382 31.911
93.6505 34.6719
98.4317 33.1372
97.1175 32.0048
97.0865 31.233
96.2591 30.0363
94.6031 31.8929
111.83 31.762
93.8147 36.1234
100.013 33.8323
102.546 33.2317
98.769 33.3233
93.3945 33.4237
93.3711 33.335
89.9909 33.0329
93.5191 34.3743
93.65 33.3175
92.3818 33.5958
106.065 31.2648
103.196 33.3636
93.2165 33.8421
101.086 32.9777
104.89 31.9192
102.422 32.6493
101.658 34.0199
93.5897 34.2968
97.2196 34.2793
91.3647 36.3513
92.2573 32.7156
86.9292 32.1867
102.665 31.6327
92.6551 34.3515
96.7273 33.7234
97.0457 34.9798
97.2306 34.3251
98.8866 34.4146
98.7562 34.3949
105.254 33.4311
99.6276 33.0671
99.9928 32.1827
96.4225 31.9658
103.609 33.0224
99.6422 33.0736
100.207 33.042
96.6654 33.0027
93.6193 32.8202
90.2086 33.0683
92.709 34.0164
97.9333 32.5667
104.635 32.6805
103.41 33.5327
102.913 32.2551
101.734 32.9619
98.2946 31.5262
93.8416 30.9505
85.1649 32.8527
83.2521 34.4184
84.9618 35.1086
82.8605 31.5762
74.3241 33.7637
74.3241 33.3428
76.4213 32.6148
70.2863 34.1233
69.2837 36.274
76.52 37.1438
78.8205 34.2725
79.765 33.3033
87.8808 31.4582
87.4469 34.8498
88.9901 32.6879
95.6691 34.4032
101.106 34.0628
101.998 32.0666
92.5109 33.4539
97.9608 33.264
97.7971 34.6015
105.009 31.6402
107.074 31.1174
109.235 32.4758
92.5944 32.6151
97.0678 32.6376
99.5565 32.6174
106.411 32.6161
99.936 32.839
100.394 36.6989
96.0762 34.0442
97.9368 35.9606
94.6147 35.7889
99.349 33.3928
101.239 30.7902
94.9556 34.55
93.4377 32.8456
89.6597 32.7231
91.5892 31.7659
94.4551 31.3649
98.9629 32.2459
102.884 33.4933
101.842 31.9939
101.267 32.3065
110.223 33.192
116.157 32.2618
108.478 31.6648
106.879 32.4019
107.057 31.7744
95.0134 31.5052
96.9729 31.6223
95.9385 32.3948
101.177 32.605
92.3656 34.0686
93.9408 34.1608
89.7603 35.0062
96.3451 32.9397
93.3471 31.9955
92.6937 31.8247
96.541 32.05
99.425 32.1929
97.5543 33.0912
106.286 32.7742
106.457 31.0421
103.544 30.9173
101.727 31.9405
106.353 33.5096
98.0418 30.9106
101.127 30.4331
98.2518 33.4296
89.3669 34.7411
91.2635 31.4218
106.09 31.708
108.599 33.4214
110.497 33.6144
106.796 32.4611
105.866 34.7989
96.8351 31.2197
91.3718 29.6724
86.798 34.451
97.497 33.1404
100.096 31.0054
103.07 31.728
97.4939 33.782
97.053 35.4615
104.925 30.7068
102.412 30.3272
102.736 33.0177
96.3162 31.4711
93.631 33.4409
88.5717 33.744
88.2026 34.7811
88.3223 31.4777
88.4181 32.2369
95.2873 33.1738
104.229 30.7072
108.438 32.0711
103.683 31.2617
98.8916 33.9988
101.811 33.5948
100.008 34.3091
93.4272 32.764
91.2681 31.2767
88.4797 33.4664
91.7122 32.8427
93.0641 33.3389
97.3644 34.1297
97.4741 34.2493
90.1969 34.6359
96.8191 34.0491
95.1701 31.9366
111.446 31.289
100.999 32.2424
102.387 31.5091
95.637 31.9654
94.0533 32.2148
95.1388 32.8022
93.1559 31.655
92.4808 33.4429
90.3011 32.644
82.0605 34.2223
84.1501 34.0569
81.8549 32.5979
78.1444 33.8065
80.4094 34.4003
88.5794 31.7457
91.3339 31.7457
88.8796 32.1169
88.454 34.4331
85.6458 32.7347
96.5199 32.2332
86.2014 35.3956
84.9864 33.6746
90.7921 34.2082
94.8356 30.6216
93.9455 31.521
95.6338 30.9426
97.9062 34.5711
97.2645 33.3381
92.0371 35.1408
100.506 30.9188
95.9426 31.4219
101.45 31.6141
103.958 34.3239
102.54 31.5731
102.54 32.0564
100.156 34.0492
95.5108 32.4914
103.46 30.2192
92.7398 33.2687
92.7398 31.0911
95.4282 33.3827
101.418 34.2255
103.201 32.2811
88.3378 33.8758
91.0621 31.6549
89.2753 32.1383
93.0266 33.1359
91.3369 33.5425
87.883 33.9176
89.1485 34.2679
86.6926 31.5898
90.2559 32.4813
94.491 31.934
104.663 33.5548
100.661 34.9876
106.731 32.8395
106.731 32.3435
98.5583 35.2572
100.805 31.5009
100.805 33.6557
95.6343 33.9259
94.9932 33.2754
91.3849 35.7145
88.0096 33.7228
93.9541 35.2405
96.383 34.9026
114.414 34.016
125.201 31.994
113.284 31.8013
119.817 31.9087
119.817 31.83
119.076 32.4679
106.173 33.8376
99.224 30.8997
92.153 32.4477
96.3213 32.6971
100.111 33.3957
104.819 30.4467
107.862 29.8171
98.073 32.7096
101.461 35.6026
101.461 34.7807
102.491 33.1117
94.2956 29.8411
88.4878 33.3253
107.431 34.6487
102.201 34.5786
103.786 30.6179
111.609 33.0696
112.129 30.8566
105.315 33.9153
110.685 33.7934
111.272 33.9836
116.769 32.1077
113.178 32.6587
114.479 34.2485
98.0474 31.7519
100.759 30.2321
110.371 31.7206
109.805 32.538
110.511 33.1309
111.827 30.5091
111.733 33.9013
104.393 34.1299
105.419 34.099
108.163 32.1078
108.43 33.6498
103.94 30.2672
106.157 32.6661
106.157 33.0968
112.056 33.3513
114.418 32.2522
114.418 34.0046
110.192 33.8081
113.702 33.5683
107.011 32.8561
106.701 29.6451
104.697 33.7717
106.373 33.5228
98.6709 31.5849
109.641 32.2034
106.083 34.114
106.083 31.3904
96.0151 33.7321
89.9604 34.0177
92.9732 33.2325
89.5725 32.273
88.6401 34.6321
93.8889 33.2824
91.2591 31.1448
91.2491 30.9219
92.4713 30.8518
83.2746 33.1791
77.9733 34.0899
83.9583 34.2756
83.207 35.4529
87.8012 33.6725
85.3034 30.9645
88.8013 32.0582
84.1674 30.4902
83.0321 32.3294
85.1023 32.4497
91.3133 34.528
94.9092 32.8126
96.6812 30.5601
87.4673 31.0562
90.2876 32.9744
90.2876 32.0899
91.0744 30.2886
91.6133 32.3606
98.6758 32.0868
99.1182 31.8621
95.7126 31.4311
93.2094 32.3232
93.2094 32.5501
89.4148 34.2027
98.1956 31.709
98.1956 30.6985
98.8349 33.7065
88.7696 34.1911
86.4336 34.0792
89.0122 31.9839
82.7727 33.1527
89.4395 32.1639
93.4547 32.0643
96.1438 30.2157
101.356 30.7049
107.431 32.8409
104.651 33.3785
100.754 33.2783
104.429 31.8859
110.138 33.2255
105.028 31.5666
99.578 31.1785
106.002 31.1786
106.309 34.6348
105.88 33.5508
100.967 33.7151
106.096 32.1561
97.0957 33.0763
92.9223 32.6344
93.7645 31.4946
101.518 31.6862
105.117 32.1543
96.2032 30.3328
99.5519 30.4691
95.4599 35.0345
104.231 33.5993
86.0308 33.9334
87.4576 32.7427
105.529 32.0819
107.264 33.2772
90.5843 31.1491
88.3027 32.6908
95.9142 29.5781
93.8533 29.6076
92.6023 34.7351
92.5342 32.5074
91.2178 35.257
89.4724 34.286
97.9294 31.9286
89.818 31.8206
92.8195 31.8206
93.2836 32.3221
86.1546 32.2136
88.0422 32.654
85.2538 33.7929
82.4521 34.1619
82.5382 31.6763
85.5362 33.0364
87.0289 31.4594
95.3072 31.957
99.0526 32.887
107.126 33.4802
94.5934 33.5438
90.0307 32.3169
87.8131 33.5442
96.7946 32.7368
96.4879 31.5151
101.295 32.2609
100.715 31.4625
91.1372 33.8415
88.8674 33.9178
88.7863 35.2857
89.9147 36.3992
93.0343 31.931
91.5356 32.9739
88.5837 31.6856
99.322 30.5548
93.178 31.6964
91.8984 34.3988
92.1408 33.8854
84.0869 35.0144
82.8592 35.1313
81.4721 34.6216
80.9599 33.1108
80.9599 34.2971
75.7192 33.1171
80.5893 33.9238
82.9667 33.4004
77.5581 34.6233
77.3238 30.7594
80.1384 33.6892
81.3472 33.4644
78.8078 34.3146
89.3639 33.0806
93.2363 32.3889
84.9257 32.4978
89.0863 34.3106
89.0657 34.258
93.2541 35.1046
98.8312 32.538
102.858 30.2791
101.374 31.9845
99.7446 31.6236
96.0174 31.3054
96.2509 30.1419
94.7748 31.8301
97.1471 31.8574
97.6549 37.1054
96.3109 34.6623
94.3939 33.7202
95.9162 30.3423
95.9162 35.243
96.9844 34.0851
102.098 31.0658
102.098 30.6315
96.3947 31.7998
106.495 31.3068
102.035 32.0155
94.8786 32.1974
97.0931 34.1971
93.1195 33.6514
85.9653 33.8722
88.8114 31.9073
92.3033 32.3617
92.3033 33.783
92.0102 34.2129
94.3127 34.0252
106.772 33.1821
104.976 31.8555
90.0955 34.4521
91.9842 35.8665
88.6727 35.9805
101.769 32.8238
97.5368 36.3846
97.1113 31.6517
96.7857 34.134
93.8536 32.3982
87.9646 31.4345
86.5797 31.93
87.2529 32.7867
79.8511 32.5109
87.1856 32.1009
98.6542 33.6886
107.808 32.2355
101.545 32.2317
104.401 33.3883
102.524 32.9258
105.454 36.0074
102.423 31.1134
112.073 30.9808
106.97 34.6962
100.198 33.4032
102.882 33.098
94.8438 31.6438
88.5049 34.7964
96.4874 32.2602
95.8732 32.0096
97.0782 34.5572
95.467 31.142
95.467 31.7791
95.467 34.5492
92.4956 32.3631
97.0241 31.5799
97.1598 32.1103
96.0058 33.7652
93.0854 35.316
94.4048 31.8744
94.2982 32.4611
93.4277 33.7115
114.935 31.942
114.935 31.2262
120.454 31.869
105.648 32.5134
107.015 30.0731
107.614 31.5737
113.954 32.3736
104.291 33.6926
104.517 32.9346
106.835 30.9102
97.848 32.6687
105.319 31.4445
103.488 33.2084
113.505 32.4605
113.942 32.8114
112.231 31.8081
105.01 31.24
94.6648 32.8324
97.8842 32.9805
96.1922 34.6156
91.5933 32.444
94.6977 31.9441
99.0742 32.1688
101.294 30.196
98.31 32.8974
95.7558 31.4975
89.9808 33.832
95.6607 34.6466
96.1691 34.9427
114.138 29.0493
106.575 32.6818
102.772 34.6266
95.8509 32.4585
96.136 33.3743
98.0776 32.3129
103.292 31.5664
99.8945 34.9532
90.7151 34.1691
96.7441 35.7743
102.253 34.514
91.3114 33.4516
102.684 32.6667
98.613 31.6044
100.003 31.0688
105.423 31.2206
97.2723 32.2192
97.2176 31.379
106.931 31.5036
107.451 34.8635
100.592 33.3224
100.1 31.4548
92.9395 31.8714
90.0562 31.9192
89.0629 32.4876
94.8736 32.6969
106.894 33.1456
106.651 32.8123
105.034 34.2769
100.359 33.7733
103.336 32.1958
105.515 32.095
114.556 32.3663
89.0826 32.4035
88.8282 34.7277
91.7976 33.5524
89.5011 33.078
85.7709 33.8011
104.594 34.2604
92.9046 32.1225
94.4555 31.2233
94.5129 33.5357
96.0608 31.3231
94.6499 35.4957
92.5396 36.4751
96.4134 34.1792
88.2483 34.4195
85.4945 33.5569
90.7085 33.991
97.8875 33.3429
92.9499 34.3149
91.7564 34.7848
90.6698 33.3724
105.664 34.1956
105.664 31.1031
97.743 33.2548
94.5947 32.7312
94.7292 31.9293
88.7949 32.4028
89.6816 33.2676
87.1318 33.6909
89.1357 31.5946
95.4093 29.9066
104.841 32.2492
113.783 32.9129
108.931 30.7217
108.298 32.512
95.4934 31.7514
104.906 32.058
99.1616 32.0596
108.11 32.124
104.103 31.6551
104.5 31.7052
105.012 31.9041
104.011 30.3168
100.663 30.7213
95.2345 32.2632
100.271 33.1241
96.4939 32.4462
91.7046 36.762
93.0993 35.3265
100.957 32.0274
96.0964 29.8005
94.7281 32.746
90.3697 33.0166
97.2387 31.3301
94.6738 32.547
94.0024 30.8563
93.2859 29.993
98.0257 31.8153
102.454 30.9534
97.6218 32.4773
97.9151 33.0403
95.3177 34.1907
92.7671 31.7354
104.355 30.7083
98.9396 32.1315
91.8776 35.6738
94.4671 31.8392
104.447 32.5291
106.137 32.8024
100.717 33.8605
98.6644 32.6369
98.6473 31.5496
98.95 34.1594
90.1034 34.0571
91.2831 33.7267
100.322 30.8405
106.294 30.9631
107.958 33.5641
107.476 33.4401
118.981 32.9561
131.147 31.5762
131.147 31.7745
128.599 32.7616
126.018 32.2694
115.056 33.4585
113.701 30.4585
116.316 32.693
115.175 31.6763
108.967 32.2115
119.617 31.3147
101.059 33.5323
97.7827 35.6814
87.2136 35.716
86.9232 33.9189
87.0793 34.7984
92.9714 32.9481
92.0562 31.804
85.9446 34.4214
85.2246 33.1928
96.4407 32.4561
93.1617 32.5988
94.8522 33.2649
97.4453 33.2795
99.2072 32.7382
92.5849 31.9609
99.2428 32.8535
92.9317 32.794
93.3213 33.2223
89.7347 33.9649
89.7347 31.756
92.4141 33.3415
94.5583 33.6133
100.139 33.9314
106.754 35.7391
108.382 32.4241
105.941 33.6303
103.893 30.5554
103.893 30.7818
103.896 34.2843
103.732 31.6326
105.41 34.1055
100.995 33.9137
101.933 34.3151
101.631 32.1078
105.179 31.2643
90.7633 32.5348
94.9223 35.7153
104.12 31.9944
103.139 32.5967
92.6016 36.0849
82.5339 32.8904
83.9707 32.2573
87.7383 33.0815
89.1763 32.6686
82.1538 32.8677
82.1538 36.7041
96.5417 32.3287
97.9892 33.5618
92.8288 32.0115
94.6653 32.846
84.9926 32.5419
85.3176 34.1966
79.3881 34.2063
88.9395 32.984
96.061 32.2072
89.299 31.7195
97.6888 31.5541
90.3222 31.3818
85.7371 31.36
93.4961 31.4968
89.2262 31.6996
88.2974 32.3829
85.9098 33.3384
84.7232 34.1953
87.5359 33.4115
91.4598 33.1093
91.3909 31.3818
92.2125 33.859
96.097 33.3272
99.9327 33.2652
120.805 30.9845
120.563 31.9022
109.589 35.0031
109.847 32.6235
109.34 32.8395
112.693 32.2939
110.197 36.645
107.882 33.3483
102.173 34.5523
107.478 30.4228
107.372 32.1691
108.967 31.0969
108.762 31.6212
101.933 33.4458
91.1671 32.3481
100.144 33.1687
95.3209 32.1229
94.759 33.6974
106.482 32.9454
104.117 32.154
98.8945 33.7921
99.709 31.35
98.829 33.235
95.0054 33.9191
99.2031 34.3505
110.238 31.7074
114.543 32.0778
104.188 33.002
103.637 33.5516
83.1833 33.7777
83.3257 34.2085
90.1012 33.469
88.8281 34.7152
101.032 33.5964
96.289 32.0756
96.1809 32.5763
102.075 33.8082
108.442 31.058
96.7373 32.2185
100.238 34.2884
100.091 31.6662
100.475 33.309
91.5999 32.329
91.1237 32.4786
91.8185 32.4125
94.2597 32.0687
95.9047 32.9482
96.1272 33.6514
93.6408 35.414
84.8673 32.766
95.627 34.8744
96.8055 31.948
95.8684 30.4285
93.7324 34.4094
93.5551 34.0353
92.2992 31.8399
96.5745 31.3509
90.7157 33.0684
91.3663 35.03
91.1629 34.4913
93.0192 33.9491
94.4508 34.0982
98.0245 34.0193
95.3547 33.2864
95.9569 32.4557
97.5816 31.6734
100.21 32.6491
98.6902 34.8439
96.0921 32.186
103.534 34.5291
97.6008 33.6546
99.9683 31.8829
88.5326 32.2233
87.0267 34.485
80.8616 32.385
84.7818 32.2019
88.881 33.6292
91.6165 32.1516
86.3712 34.2406
95.7044 35.0177
98.1835 34.7485
103.137 32.0803
100.522 30.9259
103.159 31.2822
106.947 33.1405
102.005 32.7865
107.073 31.7691
105.186 33.1057
108.362 33.6993
108.917 32.617
103.77 33.2141
97.5905 33.5389
97.6185 32.153
82.8044 34.502
87.4253 33.6444
84.3214 33.5821
86.4697 33.5757
83.1007 32.4346
94.2678 35.1917
93.723 34.1379
97.4269 32.7242
100.715 32.7533
110.236 34.2749
121.637 33.6902
102.028 32.232
109.242 31.7182
109.774 31.7969
109.879 31.5521
101.192 31.7237
106.019 31.9571
98.6994 34.0276
100.277 33.8493
83.6076 34.1247
95.4466 35.2255
91.4201 34.4357
91.0844 32.419
92.081 33.8015
96.4145 34.5705
91.3808 32.8
92.7427 33.8186
92.0961 32.2305
84.6908 32.6101
100.493 30.264
100.606 33.7105
96.0586 29.9181
93.4135 34.0423
93.7154 34.1517
98.6978 32.1859
100.292 33.7778
95.7347 31.8813
95.7502 31.7665
89.7898 33.5768
90.357 32.763
90.6329 32.8548
88.0842 32.844
89.6591 32.8941
97.7425 32.3292
98.3015 30.9107
98.3579 31.6922
98.2402 33.8102
96.8477 32.896
97.4133 34.7896
99.5256 31.5183
108.753 32.5915
101.105 31.1644
104.118 30.3025
107.263 31.9199
112.029 32.503
122.068 32.0682
110.046 34.6832
103.491 32.1796
98.9177 34.9337
105.121 31.6412
100.239 32.9217
107.166 33.1155
116.23 31.8785
116.23 33.1996
117.544 32.8375
115.114 32.0943
116.642 33.4403
119.295 31.3278
106.562 35.1733
97.2159 33.7621
98.3871 33.1941
95.2666 33.701
94.6214 33.2682
95.132 32.7709
95.9452 32.2589
100.666 32.4337
103.499 33.3056
96.1487 32.1785
93.2947 33.1642
95.9541 35.2163
92.6936 34.1594
91.9175 32.7669
94.3265 32.6015
92.7549 30.9113
95.9187 33.2282
103.391 29.679
100.713 34.2944
112.473 34.8116
98.0079 30.9567
105.504 32.7183
102.837 35.4034
104.639 33.2978
106.468 32.5486
103.883 34.1899
108.643 33.6153
105.84 32.291
110.928 31.2933
109.356 33.2644
100.749 33.1484
96.5068 32.9695
93.9448 32.5515
100.695 31.2616
100.695 31.5634
104.899 32.2587
100.809 29.0746
94.142 34.2408
91.7894 33.8639
90.8271 34.985
100.252 34.5291
101.666 32.3265
102.694 33.5686
102.938 34.8128
102.932 35.1039
106.394 32.8162
106.106 31.6386
96.1454 33.4831
89.0302 32.8265
105.675 32.7042
109.133 32.1634
112.113 33.3664
111.542 30.8236
106.598 31.9941
106.246 32.2613
98.746 35.5318
104.154 29.5816
92.8574 34.8602
97.6776 32.8907
93.4731 34.1743
92.5152 32.5462
94.4846 34.7941
97.4875 35.8539
79.716 31.5764
81.0182 33.1143
82.1412 33.1941
85.0391 33.8558
87.0638 35.2215
84.15 34.5264
85.3741 33.9887
78.7978 33.0477
93.577 32.3856
105.525 32.8143
101.835 32.5217
103.27 33.4871
103.994 34.1257
109.102 35.3767
98.7098 33.6124
110.056 33.9449
102.827 29.9331
99.6212 32.8305
103.66 34.9912
107.397 32.2485
100.481 33.54
91.7112 33.3722
94.2607 30.94
92.4187 34.1411
93.7802 31.8509
89.363 34.6586
82.1866 32.7657
83.9827 31.6675
85.7151 33.094
89.9264 33.8902
96.2802 33.0372
94.0385 32.8792
103.873 33.2833
103.742 31.9839
87.6775 32.4193
92.3177 32.7003
89.5882 31.9614
96.142 35.4117
85.6894 36.7566
84.9151 34.4639
88.6526 34.0868
91.7472 33.1161
87.0654 33.8926
93.7693 35.3642
92.1556 34.1706
88.734 33.2571
86.9181 33.219
87.4141 34.5901
91.2612 33.9911
77.0167 34.2201
74.9725 36.4771
81.8896 33.495
81.8433 33.1476
86.4604 36.2365
85.6386 32.2138
85.2596 33.9914
92.1031 32.2425
95.4992 33.8087
100.882 33.3948
107.86 33.0774
88.6522 31.0966
86.0585 31.1889
84.4045 32.647
81.9973 33.5746
79.0897 31.6623
80.2557 32.015
81.3416 30.266
76.9828 31.7576
73.4794 32.9912
70.6375 34.2039
70.6375 31.3943
71.8367 31.4025
71.8367 30.1881
71.0226 31.9793
70.8465 32.6397
63.7955 31.5846
63.8086 32.4481
63.3741 31.4138
63.3741 32.6898
60.3859 34.3046
61.9509 32.7692
73.2099 34.2122
82.2102 33.1463
79.5506 32.4109
82.3814 31.3219
88.5496 31.065
82.6227 33.8266
80.9306 34.058
74.1674 32.9464
80.3116 35.7753
86.979 33.9576
85.7642 34.0103
87.5449 32.6403
89.6746 31.7319
88.892 30.6653
90.8822 34.1903
93.1899 34.1631
98.1348 30.7087
99.8443 31.7103
104.743 34.3689
115.688 32.5786
114.841 32.4174
105.756 31.8073
103.477 29.9116
100.786 32.9138
100.851 33.4301
93.438 31.5518
93.0634 33.9562
90.0515 32.3915
87.9204 34.1937
88.3174 33.3114
89.3417 35.5493
84.0282 31.8618
84.0282 35.8475
84.0282 34.2482
98.0759 31.9873
91.815 34.6931
89.0097 33.9567
89.5416 33.9067
100.786 31.0579
93.2583 30.37
96.1128 30.3009
104.126 33.9318
94.992 31.7622
84.2544 32.4022
74.9225 33.6573
88.3127 35.3911
85.7414 35.8663
84.4217 32.9803
85.3294 33.6106
85.3294 32.1529
86.2352 32.8989
88.7555 32.7583
80.178 33.7604
79.701 33.5636
82.374 35.3469
91.0709 32.4057
99.1982 34.2552
99.1989 32.8322
93.0424 34.1821
87.6888 34.6357
91.3976 33.4004
92.3386 33.3406
96.3246 35.1064
91.3788 33.2845
95.9652 34.0711
91.2725 33.6286
87.136 31.3982
93.0163 33.1873
90.1016 32.6372
100.072 33.6846
95.5585 33.6135
99.5936 33.5898
97.0628 33.5014
96.4689 35.0124
87.8622 33.0033
94.3424 35.6853
101.846 33.2432
107.582 31.9308
105.223 31.6269
100.637 31.498
95.8638 30.6047
100.727 32.171
100.495 31.1835
91.9935 31.913
90.7861 32.761
94.201 31.3748
86.856 30.83
93.3713 32.8093
79.3285 35.7305
79.3285 34.3011
82.68 32.6705
78.1667 33.3062
69.8283 32.9701
71.1145 33.0085
71.3066 33.6351
74.2648 34.6977
85.4026 32.8628
89.3936 33.1588
86.4505 32.7999
85.6301 30.159
83.2879 33.479
77.4628 33.0716
75.2921 33.5258
71.2464 31.9229
73.3839 32.9595
76.8508 34.8932
76.8508 30.1872
78.0899 34.0965
78.0899 33.8845
80.9128 34.8195
86.924 35.3197
86.924 32.8701
86.0566 32.9355
84.9074 33.3683
81.5139 31.9375
88.867 32.3309
91.1003 33.0067
77.3747 33.7064
84.6604 35.5787
81.3864 32.3611
90.4758 30.7001
94.0996 33.5268
90.9214 31.7186
92.4656 32.1062
99.6754 32.1429
101.371 30.6228
99.9809 32.8652
99.4921 33.5618
105.14 33.5342
114.884 35.452
110.292 34.6092
120.089 35.8909
118.626 34.397
112.582 31.8451
106.295 33.1858
106.617 34.1315
116.265 30.469
103.588 30.5884
105.711 29.5762
97.9274 34.0904
98.8661 35.5252
104.484 33.3191
106.55 35.6384
100.879 35.0229
101.855 33.6107
105.265 34.8397
108.027 33.8948
110.065 33.9015
126.467 33.385
112.218 32.8741
111.543 32.7409
108.908 32.2657
107.988 32.8515
99.2321 32.9289
108.741 32.1396
93.4469 30.9357
88.5521 32.2961
106.543 30.9673
110.018 32.728
111.205 31.3439
106.166 34.5758
106.533 32.9846
98.5905 34.4986
95.7363 34.2214
99.1581 31.3946
97.1561 34.3044
114.876 33.5524
103.807 31.4331
101.995 31.7195
105.024 34.1493
101.165 34.0059
105.588 34.3512
103.112 32.6477
109.668 35.1356
107.563 33.1797
115.888 33.3769
102.449 33.2273
106.498 30.8145
110.093 31.4044
122.194 30.738
121.633 31.4786
121.633 32.775
122.946 34.1337
133.78 34.46
136.782 30.8811
133.627 34.1306
123.575 32.1194
123.533 32.4413
123.449 32.1285
123.449 31.9798
117.114 34.1471
120.818 32.8785
120.818 34.7165
120.818 30.6133
120.495 32.5334
124.185 31.9741
116.168 32.2278
135.347 32.8286
124.326 34.12
124.326 31.9637
115.923 30.3015
119.517 32.0041
116.817 30.4305
113.679 31.7376
116.725 30.4288
125.511 33.2685
126.852 31.8614
125.529 32.5512
126.955 33.3492
120.066 33.3104
115.809 32.4818
111.36 32.7238
99.866 33.1781
106.248 34.5592
95.9526 31.6666
108.322 32.5936
110.437 32.7314
107.476 33.5539
107.476 34.0072
94.9164 30.2478
97.0297 30.876
94.6915 33.2314
93.9529 31.7782
94.599 33.7761
94.8184 32.2316
102.064 32.5399
103.581 32.4387
104.73 31.8789
104.23 32.7199
95.8736 31.9606
90.58 31.635
93.4161 32.2369
94.6212 32.9988
91.977 34.2036
90.4375 31.0956
95.2071 31.5506
98.1333 33.5859
98.6466 35.3776
96.898 33.501
96.4888 35.4714
91.6066 35.4782
92.0157 34.096
98.3089 33.2539
92.1814 33.8109
93.4997 32.8279
103.058 32.2202
97.3542 32.3756
103.181 32.5532
101.423 32.6904
112.516 32.0247
94.6918 32.7933
104.396 31.1251
106.765 33.6373
107.062 33.2657
106.89 30.5854
100.615 30.6448
89.8596 35.4425
92.3443 32.1441
90.5435 35.788
79.5618 35.027
94.871 34.0273
94.871 32.9234
88.8485 34.0443
85.6866 36.5881
93.1704 31.9975
100.519 33.0117
106.342 32.8701
102.135 31.4426
95.3782 32.7203
98.1155 33.9062
95.0149 34.1463
80.6465 35.9679
94.4564 31.1834
90.9657 31.8189
99.9279 33.1179
93.6295 33.0181
92.5575 34.5891
92.7791 30.9805
92.0844 34.049
89.3086 32.6141
85.8295 33.5017
90.0284 33.894
100.187 32.9185
98.141 32.7798
97.0192 32.0093
100.869 31.2176
93.0471 33.5533
96.1582 32.8684
97.2624 34.1225
89.4002 31.0022
90.5111 34.1422
90.0334 33.6634
88.1536 33.8931
85.4541 34.5602
85.8211 32.692
86.3875 33.825
86.4467 32.4995
85.7622 33.9817
90.7424 34.0059
93.2999 32.2054
91.6896 31.1177
88.6361 33.5175
89.6205 33.4017
95.2937 32.3054
87.8917 32.055
85.8687 33.3407
86.7936 33.4007
86.7936 34.0411
86.3232 33.8508
97.0382 34.4649
98.8395 35.3411
102.512 34.8471
106.782 32.0806
99.0398 31.8085
97.4935 33.9858
95.4881 34.8362
89.5063 34.4944
97.5094 32.6805
93.635 32.4685
97.8127 33.4572
95.3349 32.0756
94.8149 30.5557
101.651 32.8577
100.723 31.2695
106.385 31.8095
100.668 33.286
97.8495 32.0704
102.656 30.9808
81.5569 34.5414
85.8519 32.0636
90.9377 36.1487
94.62 31.2491
93.9538 32.5297
95.2001 33.2805
98.4646 35.416
102.753 34.2666
94.693 33.0463
98.7362 33.6201
99.199 32.2102
88.5287 32.5638
91.9866 32.061
84.1649 30.0677
73.3124 30.4149
70.1376 32.8042
73.9804 31.7551
71.2923 33.9309
74.2591 33.5423
75.34 33.9674
83.5584 32.8946
89.4005 31.7181
90.9072 32.4054
88.387 31.9674
89.7647 33.1968
90.5167 32.7422
92.3368 33.986
94.8225 31.2112
97.7539 34.2897
91.8079 32.9773
92.5345 34.8491
92.1875 37.1272
93.4697 33.9011
93.4697 33.912
91.5704 33.0028
91.5704 32.7969
102.114 33.1178
94.2574 35.9591
103.701 32.7234
101.777 33.6706
109.14 33.0884
103.268 34.5512
106.843 33.3542
103.491 32.4285
103.491 31.158
103.294 34.6739
105.2 33.2526
111.775 33.2219
106.124 34.0283
106.124 32.1502
108.59 33.5186
109.486 31.4608
111.181 31.2256
107.108 35.5742
105.105 35.4665
97.0168 31.4941
96.0788 32.7314
92.4315 32.9336
88.9057 33.6417
78.6409 32.6616
79.153 33.8546
77.1106 31.2086
77.8527 34.1231
73.6706 32.22
75.25 32.368
73.0219 34.5109
77.5403 33.6368
76.9165 33.5258
78.0873 34.7767
78.4798 32.5948
80.553 33.0245
73.2276 34.5331
73.1934 33.6223
75.0803 32.7109
71.2931 34.694
72.4221 34.0766
78.5128 34.4263
78.8991 34.8466
80.1754 32.9056
102.42 33.9965
100.512 32.136
103.051 30.6945
101.631 32.3903
116.443 31.6839
116.443 31.1126
115.004 31.7582
112.6 32.9114
113.157 31.6564
117.301 32.5572
110.654 31.2229
103.089 31.9913
99.785 32.0735
91.0812 31.8609
102.77 34.0105
114.26 33.5995
101.865 33.406
102.199 31.2002
96.8637 33.2164
96.0187 33.3292
86.1612 32.1868
86.1612 31.343
87.1447 32.15
90.2634 32.7068
104.998 32.6405
97.7542 33.2051
97.1567 33.0732
98.8062 34.0451
97.2168 32.6512
100.944 33.9944
109.549 33.7057
98.8672 31.5486
95.7688 33.5712
95.2408 34.8313
90.3163 35.1032
98.3142 30.228
107.865 32.1158
107.838 32.5814
102.076 33.6639
98.3905 34.0625
99.5838 36.0744
107.993 31.7931
110.508 30.9226
101.408 32.7628
97.3977 34.265
98.6093 34.6086
98.1771 34.4477
100.928 35.6794
105.552 31.8764
105.672 29.9862
97.9279 30.873
97.8373 34.9348
93.2536 32.3884
89.3942 34.4254
90.6482 33.4957
87.7979 34.2953
96.0202 32.6158
90.0201 33.8274
90.0201 34.0063
92.8431 35.0263
90.8755 34.6232
97.656 32.279
93.7818 31.7427
95.064 34.2138
96.8448 34.3024
94.3247 35.0747
92.8464 35.3398
95.5547 35.1911
102.881 34.4156
92.3569 32.5137
93.3722 34.6185
97.108 34.0698
105.948 31.6993
111.262 32.7939
113.068 31.1888
104.454 32.6742
109.644 32.2255
100.311 32.9346
100.615 33.1189
114.573 29.5714
115.213 31.6467
115.316 31.0229
111.13 32.0433
102.622 33.2179
114.41 34.5241
110.345 31.9685
99.4098 31.7988
99.5445 30.2787
97.6007 34.5534
107.098 33.4197
102.792 32.2633
102.146 32.9622
98.0351 32.2985
103.438 32.3726
101.205 28.3605
105.879 30.9624
105.664 31.288
103.924 28.5258
105.797 30.6458
109.673 32.1179
119.542 29.8184
115.763 33.387
107.137 33.15
110.968 33.1306
107.115 32.3525
91.1696 32.7906
106.619 33.3401
104.074 31.3761
102.614 31.3544
102.159 31.4159
101.253 32.0434
103.081 32.5091
100.543 31.1245
92.1604 32.2456
92.1993 31.4206
95.6646 32.6145
94.0409 33.1709
91.1347 34.7096
90.6933 34.1874
92.4599 32.2365
88.218 31.2726
89.1441 31.7881
95.4182 32.247
82.9604 33.9561
77.6244 33.9052
82.9001 33.8989
81.3866 34.0792
90.0075 34.115
100.626 33.4358
110.224 31.3268
98.7366 32.9635
101.337 34.1096
97.1019 34.3216
96.3401 35.8506
97.4092 32.9043
94.9612 31.9607
90.2531 33.0267
92.3533 35.6958
90.1456 34.894
92.7625 32.6017
98.9356 33.463
101.72 31.1262
100.332 33.8111
96.7622 33.7123
90.8732 35.3843
92.1806 31.6828
92.2939 31.3929
94.6138 32.9225
96.8164 34.191
109.03 31.6613
112.793 30.3504
106.697 33.2137
108.101 32.5134
98.2199 33.9285
100.297 33.9876
106.408 33.5976
107.413 33.1913
108.427 30.7561
103.78 32.2493
102.842 32.7061
108.073 33.3984
101.839 34.1
101.454 35.688
101.745 31.6448
110.715 31.3958
104.917 31.9385
96.6116 33.5834
89.4565 30.9782
89.4783 33.3804
81.4357 32.7316
83.2809 33.5076
84.0225 34.0606
93.6226 34.5876
100.543 33.5864
92.4818 33.9803
89.6982 33.2677
91.205 32.1112
96.089 33.0078
83.2918 33.5364
87.2522 33.1346
90.1316 34.0998
90.8641 33.7221
101.475 34.8161
100.107 31.9103
96.1873 32.6763
94.9102 31.3596
97.0768 33.4069
97.9376 32.6943
99.9698 31.261
101.355 31.5103
101.421 31.3335
102.344 32.59
97.9797 33.1984
98.1672 33.1211
97.5106 33.7069
96.4307 31.561
94.2988 32.0207
96.7284 32.4287
106.552 32.8756
106.405 31.6489
96.9248 31.8476
97.559 31.8799
97.4727 34.3171
99.948 33.8852
99.8805 32.4433
100.525 32.263
96.612 35.0004
97.365 35.3566
103.229 31.1841
100.73 32.1653
95.4838 33.1015
94.1914 32.4978
100.769 32.2506
90.3371 32.1262
92.6421 31.7394
96.1383 35.5018
91.5786 31.5707
83.0593 33.8103
83.3506 34.4084
90.1825 30.5701
91.4232 31.9401
88.0012 34.2962
91.2403 33.3602
97.9786 33.7613
108.918 31.5843
109.113 32.4726
108.512 33.7338
99.2407 33.105
91.8286 33.7876
96.0808 31.8671
93.2646 31.6749
97.0934 31.8257
97.1698 32.3924
99.9632 29.5957
102.11 32.9913
88.2313 34.3327
94.2338 35.2805
99.416 34.2456
100.293 31.5326
98.8719 31.6147
90.0212 33.7756
87.0153 34.922
85.3762 33.9564
85.3762 35.5194
87.9034 34.7368
90.8332 33.48
88.1609 32.6684
91.9092 33.1599
93.196 32.9849
94.6813 31.1812
96.0625 30.0235
94.6994 30.7872
89.5726 32.8428
83.6331 32.9047
85.1576 32.9047
83.5667 34.4218
90.4541 34.1812
90.7592 35.0612
94.6956 35.4025
92.9921 33.1408
95.6532 32.6518
94.1945 33.6085
91.0838 33.3278
110.015 30.0981
113.035 32.9847
100.488 32.8671
103.518 33.9851
96.1907 31.8257
100.709 33.582
96.5081 33.032
104.181 33.0292
104.679 32.9699
96.8331 32.2754
91.9088 32.5186
87.1528 32.5271
93.0543 33.7139
91.1449 31.657
94.2422 31.129
90.2783 32.8043
99.8152 33.1978
98.9969 34.2631
106.518 32.6916
84.9607 35.7125
88.1249 31.2111
84.5784 35.0354
86.0406 34.3261
85.9896 34.1392
94.7996 34.4252
97.7257 32.2656
101.13 32.9365
91.9388 33.4629
97.0834 29.1888
98.395 32.8507
96.9404 33.8134
113.707 30.0616
111.121 34.3637
105.473 31.0934
106.14 33.5958
101.525 31.826
107.963 31.5542
114.098 32.7013
109.992 31.8074
114.007 32.1302
121.274 33.4348
116.459 30.787
118.379 30.6252
112.101 31.7362
121.962 30.8628
117.499 32.9448
115.355 32.1794
109.545 28.4898
103.26 33.6523
97.406 31.2804
94.5835 32.5205
87.8287 32.6529
92.7021 32.4037
91.2572 32.1476
94.1452 33.1554
92.4156 35.8298
92.5521 35.0413
96.2254 31.7848
95.5933 30.5098
96.3608 32.9026
96.6277 33.0792
96.3569 33.3677
102.04 32.9469
98.6982 32.8145
93.9324 33.0498
92.5317 33.7776
91.3959 30.5834
96.8051 32.5992
105.421 33.4191
107.089 33.3497
104.686 32.6331
98.0168 31.6061
96.27 33.291
97.7326 32.6038
103.257 30.6368
106.27 31.1309
97.2562 31.5645
99.7554 32.9856
99.7509 32.75
99.5537 32.1842
100.756 32.7213
100.14 30.997
95.6749 34.771
95.6749 30.8329
98.4418 32.1482
99.001 32.4347
102.068 31.2116
99.8408 33.1938
99.8408 33.5261
99.8435 35.4532
103.107 33.7319
102.946 32.8103
97.085 32.0686
96.2751 32.3325
99.788 33.3237
105.776 33.235
121.646 29.7123
115.506 32.3204
106.117 35.7186
104.246 31.6861
113.929 29.8877
95.0123 33.3136
92.32 31.9861
91.8548 33.2071
88.4274 33.0257
89.3308 35.0573
101.222 34.0587
101.964 32.4485
101.004 32.1164
100.398 31.9467
97.1372 35.9915
96.1829 33.5517
94.7667 35.2065
100.326 31.7096
96.3881 32.4436
98.2744 33.2061
102.13 32.5138
97.0985 33.1647
93.5474 34.0716
101.381 33.2623
107.003 32.2863
103.767 32.7587
108.449 32.3256
95.308 34.1909
98.3108 33.8675
97.5116 34.778
95.1992 33.1888
99.631 34.4395
110.211 32.7454
106.44 32.4391
104.879 31.9112
95.7419 33.173
90.5647 31.7975
97.0204 33.1367
96.7676 31.9123
95.8648 32.3653
98.5865 33.4295
96.4209 32.7096
111.032 33.1505
107.432 33.1075
113.449 30.2877
115.241 30.9982
97.1981 31.5744
96.3756 31.5363
93.1882 33.8692
96.0692 33.1561
94.9017 34.9983
96.1595 32.3702
95.7361 33.5859
94.3526 32.5478
90.9761 31.6826
94.567 31.5376
93.6262 31.282
96.0868 34.5145
91.6271 34.1226
91.6271 33.8704
94.3062 31.8399
102.302 32.9121
100.361 33.8032
101.496 33.0594
109.082 33.8214
112.237 33.8293
112.771 32.9515
102.924 33.7118
98.3293 33.2685
98.795 33.2463
91.0265 35.3207
97.0447 35.0551
99.1633 30.605
94.3207 32.2287
97.5826 35.3787
85.3439 33.759
85.4031 32.7355
89.9325 33.587
88.3424 33.584
95.9311 32.5035
94.0903 31.6145
88.2405 32.8469
94.2379 33.4439
95.0891 32.9417
97.9797 31.6206
100.714 30.3182
90.6128 30.4505
92.6338 32.3138
89.7298 31.8749
89.3146 32.385
96.098 35.5964
95.9368 33.2153
98.7072 32.4163
93.9758 31.4122
99.0228 34.4364
92.9989 34.8903
95.2718 33.5265
113.358 32.8987
114.823 32.696
98.6541 30.8293
102.722 34.611
93.0378 32.3408
91.7662 31.078
89.6722 32.255
94.2799 34.3977
98.922 31.0196
108.164 32.5246
103.374 33.1266
102.815 31.271
107.23 30.7189
113.616 35.2481
102.517 31.9364
110.448 29.4698
91.3908 34.7275
92.4263 35.2976
91.638 34.1787
109.038 33.8718
99.631 31.1242
101.659 30.9373
101.79 34.2561
95.5464 34.2712
94.1062 34.2581
94.1062 34.2396
81.8002 37.3206
88.5791 33.8243
100.189 32.1003
102.276 31.4265
102.253 32.5273
110.302 32.1041
108.413 34.4513
115.762 34.1681
116.598 32.508
116.598 33.0215
116.598 31.7286
108.247 32.2239
111.988 32.6343
108.482 34.7131
105.945 35.5677
106.26 32.4256
107.328 32.493
101.014 32.1745
99.6365 32.233
93.4163 36.2306
93.8013 33.8489
103.898 34.5497
103.898 33.8019
102.347 33.5591
99.7282 33.2403
89.5976 33.4603
93.0183 33.9532
93.1789 32.4297
98.0749 32.494
98.9177 31.3958
103.675 31.2684
104.694 30.117
106.324 30.8737
111.404 34.0634
104.946 32.2781
104.946 30.1474
104.946 32.53
104.946 34.2986
109.206 30.7792
110.054 32.217
110.054 32.5891
111.375 31.0104
111.375 31.2999
95.8376 34.2525
98.3241 32.4732
91.4614 32.7943
88.5894 32.5027
92.0079 33.8086
92.5169 34.1841
88.5545 34.1751
79.101 36.0394
110.51 33.2629
110.774 33.0523
113.288 33.2105
102.157 33.0299
99.2726 33.2965
103.982 29.8334
108.874 31.8639
108.874 30.2815
108.874 33.168
105.767 30.236
101.239 34.9996
113.193 31.9374
114.509 32.4032
112.741 33.7053
110.356 32.4557
107.446 32.8028
101.553 32.4769
99.8523 32.6554
108.194 29.7831
102.282 29.4013
97.6286 31.781
101.764 32.0079
100.954 33.0025
99.2393 33.2113
99.1434 34.9695
105.126 34.0015
101.549 32.4918
97.9983 33.0483
105.303 31.8516
96.9264 31.3789
97.514 32.5773
90.7971 34.0016
85.7146 32.951
79.7602 33.9398
79.1074 34.0094
77.9075 35.5034
89.1909 32.118
88.4514 32.2435
85.0528 32.6065
84.8457 33.2411
83.4865 33.4537
83.6035 33.267
75.9169 33.4017
87.1512 31.5999
84.1191 34.56
86.4846 33.3284
86.4851 32.7091
84.5686 34.5387
82.1025 31.7414
84.1045 32.356
79.7921 36.6543
88.4659 32.492
84.3012 35.8623
95.2943 33.5549
96.2267 31.8746
100.957 33.2372
100.671 33.2948
101.988 33.4583
98.8495 33.2363
98.8495 32.925
94.6899 35.3948
94.511 33.6055
97.8795 35.7548
102.351 32.3707
93.2447 32.826
91.347 33.4468
103.708 32.7665
96.498 33.6635
91.8435 34.6237
87.476 34.1319
97.2832 31.5184
96.6757 34.1335
91.7134 32.6355
95.4341 33.1584
96.9285 32.7184
101.046 32.3031
99.153 33.7082
99.5524 30.7272
93.75 33.9203
98.0422 34.2511
96.0893 32.8689
99.1851 33.9007
100.784 32.99
95.4841 34.6366
95.2577 30.7321
108.468 30.6703
95.0164 32.1714
92.7877 33.8862
95.3608 33.5242
97.4256 33.6881
105.96 33.4778
98.1594 33.1124
90.6366 34.1938
95.6835 31.5819
92.1904 32.4781
93.0384 32.1861
96.3402 32.9059
91.262 31.9514
104.407 32.0951
94.7378 31.6612
95.7516 31.3928
95.6535 31.5669
87.5352 33.9592
94.1744 36.1595
84.6512 36.6137
81.8362 35.3563
83.3571 34.6904
91.1632 33.1797
95.4288 32.618
98.047 32.54
98.714 31.8218
92.2748 33.753
97.0346 33.9315
100.951 31.2356
89.4269 33.6006
89.5085 34.6203
91.0977 32.5473
90.5462 32.3031
86.917 32.9155
91.1874 34.0197
91.1598 32.613
96.9924 30.9916
95.2432 31.3008
93.3729 33.5424
93.8914 33.554
103.733 32.5456
104.882 31.9993
106.701 29.659
104.642 32.1953
98.1917 34.1059
108.669 34.2456
100.432 30.1536
111.05 32.2407
103.113 31.2903
99.7235 31.6604
100.704 34.3625
100.817 34.1053
91.9409 35.9512
94.25 32.9689
94.9642 33.0555
97.2597 34.5749
99.1456 34.7976
97.2118 34.4438
94.8443 33.7502
102.703 31.2331
101.988 33.6295
106.979 33.326
103.8 32.9822
106.281 33.2312
103.221 30.3781
103.508 33.4817
103.508 33.9305
110.799 32.1628
106.869 33.3331
112.982 31.4917
110.984 30.543
110.476 32.2619
100.671 33.8671
108.286 33.1293
101.756 31.5169
96.7658 31.8936
90.3824 34.1854
91.8826 33.6678
91.2898 32.0141
97.4364 34.2393
95.1839 32.5769
89.3574 33.0793
99.5853 33.472
99.801 31.903
105.142 33.9448
106.759 32.7968
97.201 30.8628
98.498 31.254
89.5906 32.7254
94.2781 31.9352
99.0649 32.3054
111.956 33.0345
118.328 32.244
129.031 32.1622
126.83 31.0568
116.504 31.9812
108.673 30.0919
107.85 30.9393
110.972 34.5649
122.561 30.2888
111.485 33.4951
100.368 31.0458
100.395 34.9514
106.508 30.0159
106.901 33.8763
104.098 33.8886
95.6964 34.0736
90.6014 34.0561
96.6835 34.1253
98.4471 35.8743
94.2403 35.9827
92.505 35.9126
101.743 33.2515
99.1864 34.0854
106.582 33.8673
104.679 32.8137
96.6661 32.6163
93.4711 35.1328
93.2994 31.1486
97.9425 33.3608
99.3182 34.6937
98.7696 32.9747
102.345 31.3144
93.4245 34.9902
98.1392 31.4056
99.2674 32.7931
103.023 32.5883
95.9905 32.8725
95.7793 30.4825
96.1573 36.7331
94.9155 32.989
91.4255 30.936
93.8058 32.2412
90.4954 32.9329
86.1073 34.1042
89.5175 32.7994
93.1656 32.9734
88.3359 33.3197
91.8239 27.4976
87.9947 34.2594
85.4646 30.9136
88.8579 31.8519
100.828 31.8381
96.7301 33.1642
95.5104 31.7745
91.7609 32.7606
97.0866 32.0209
89.1344 30.6292
90.9856 29.7211
94.5474 32.8374
94.0177 32.0607
95.993 32.8498
90.8611 32.4748
100.62 32.6119
97.1111 32.7147
91.8644 33.6675
91.9613 30.5406
92.0162 33.1614
101.66 32.3305
96.3025 31.895
95.6146 36.0521
93.3771 33.2822
93.2735 32.6381
104.31 33.1374
96.6874 31.4276
100.822 31.267
93.5274 31.1517
94.973 32.4175
93.1758 30.7207
94.6966 30.8998
91.3337 33.9811
83.1614 35.1448
95.9576 33.1777
92.3226 33.8162
96.4484 32.435
90.7108 33.8976
76.8011 33.138
78.8995 34.2333
81.9911 34.5256
79.0573 34.4724
74.3596 34.0803
81.8074 32.849
80.4429 34.1227
76.5267 35.2587
82.5947 35.2079
82.2103 33.4207
86.439 31.9365
86.9474 35.3626
89.1026 31.4352
83.2767 32.9521
83.2767 33.1588
92.5049 32.2659
99.3752 32.5657
98.0083 32.488
97.744 32.6039
98.1094 32.5912
95.4517 33.7777
97.4202 33.6356
88.9044 33.9097
94.8465 35.391
97.549 33.4879
95.2137 33.9088
100.014 34.0001
104.77 31.2943
100.591 31.9468
98.7464 33.7976
92.6215 34.5617
103.818 32.5906
92.3157 35.3705
98.5515 32.5594
100.191 32.8262
104.76 32.6165
107.732 32.8845
102.587 32.303
96.6989 32.6366
97.9673 31.8536
98.6641 33.9026
99.614 30.9494
110.723 33.1573
103.947 33.7812
113.266 30.8362
109.269 29.817
108.341 33.1567
109.084 30.3375
108.073 31.9337
105.945 31.3338
110.43 31.2622
79.6369 32.498
86.8187 31.5446
95.1908 32.75
96.1071 34.3496
100.575 33.6587
96.9782 33.2691
96.6991 33.9946
85.5497 32.6847
81.1259 32.7296
79.2071 33.8457
76.8564 34.4899
88.3374 34.0495
87.4523 35.0636
88.0992 31.748
96.5874 32.5679
95.8759 31.4723
107.497 32.5047
102.623 32.2843
90.8166 33.2111
90.8166 33.5596
95.7994 32.6903
94.3326 33.072
98.9445 31.5346
95.6887 34.5279
92.3719 32.6873
107.354 29.9464
98.841 31.4306
88.0139 33.8736
92.5429 33.7993
97.4101 31.6972
97.4101 37.9906
97.4101 34.6746
96.8906 29.8682
100.025 32.2286
106.374 30.7003
94.888 33.7276
99.4529 32.9738
102.578 31.6656
104.215 32.3796
105.189 31.3177
104.005 32.1628
113.741 30.0713
97.3175 33.8663
94.8291 34.0749
95.6289 33.5892
94.018 32.5047
103.469 31.8961
97.9713 35.8126
102.192 30.4677
101.01 34.0499
108.336 31.7254
105.824 31.3033
110.605 32.8248
102.729 32.8769
93.0034 31.7845
93.171 32.7218
97.4199 33.3684
101.688 35.8322
104.945 31.5115
101.984 31.6646
101.484 32.3996
95.2801 31.9843
93.8121 34.9409
95.4476 33.0905
92.8181 33.5697
94.5144 33.4563
93.3689 34.6498
85.7203 32.4474
85.7649 33.3745
84.2456 33.683
94.1033 33.795
90.953 31.0383
87.2183 33.2677
91.5215 33.948
86.9122 31.2316
90.1918 33.6189
90.1218 35.9895
90.381 31.6062
88.0903 30.4503
96.5564 34.0094
93.9672 31.1451
92.124 31.156
85.8818 31.987
85.8838 33.1413
88.8391 32.1285
94.6071 33.66
94.4029 31.3364
94.8295 31.5937
97.3844 34.1178
99.1628 34.6724
90.1752 34.5181
99.58 30.5198
102.483 31.1327
103.152 31.035
98.7135 32.8535
92.6853 31.8223
91.1218 31.4925
93.4554 30.1527
91.6791 31.0132
91.5278 32.0196
92.1713 34.6155
88.9281 35.3551
85.7055 32.4143
88.735 29.5701
83.9851 32.0065
84.9564 30.9647
87.5644 34.4599
88.9365 33.2563
90.1205 34.6089
89.409 31.9416
104.946 30.0184
99.6649 31.5932
101.729 31.4898
101.355 32.7763
107.39 34.2449
117.384 34.2194
117.714 33.7694
108.687 32.1526
111.394 31.9409
112.328 32.1401
109.074 31.8205
111.485 31.7052
98.3611 34.2699
113.461 31.3842
117.459 33.8678
125.489 29.5453
119.92 32.3018
117.855 33.5472
119.115 32.5636
119.115 33.3173
127.61 31.3182
122.671 32.3096
114.279 33.4784
114.279 32.2546
117.669 35.0854
117.669 34.9217
117.669 33.3854
123.316 34.3854
122.829 31.7411
107.084 31.3257
112.622 30.4174
97.3406 31.4087
93.7646 30.5573
95.5423 30.423
100.514 30.8127
107.266 32.2384
105.836 34.2823
106.228 35.3313
109.642 34.7299
84.0367 34.6651
99.3732 33.6203
100.139 32.016
95.4144 30.4481
96.2165 31.5813
107.081 29.9772
103.56 31.8911
100.812 33.2256
110.789 33.8514
100.038 36.9515
101.45 32.9945
99.699 34.2395
107.992 29.0096
103.778 32.1584
106.451 32.4708
92.8366 33.6735
94.5211 32.6314
90.0862 35.1234
90.1939 35.0529
96.4586 33.7953
96.168 34.532
97.3493 33.4522
98.2283 34.4103
99.3841 32.8737
96.5529 33.8676
100.395 32.856
95.3695 32.8861
95.3666 33.3065
110.314 29.5756
100.487 32.5309
103.364 32.8168
100.991 33.1548
93.4271 32.0139
95.2579 34.6771
95.1218 32.4066
98.0016 33.4074
82.7106 34.4082
78.2221 34.638
76.186 34.6058
79.6961 33.4704
74.2354 34.8119
74.2354 34.6468
74.2354 35.3946
74.2354 31.5297
74.5877 33.9228
78.2145 36.2009
74.7333 35.1317
79.4437 34.5156
79.4437 34.1847
78.3186 32.4458
74.8571 32.8403
81.0255 35.4295
82.663 32.2888
81.1082 29.6145
82.2559 32.1862
81.9447 33.4458
97.8306 31.991
99.5954 33.1804
100.036 33.5155
94.8081 32.8123
95.4881 32.4175
91.7874 33.8379
93.7236 34.2383
95.6021 32.6929
97.6875 33.5933
92.2719 33.5161
93.829 33.9232
92.6242 33.523
94.1957 34.1461
95.0627 34.1106
92.3594 36.2803
91.8365 33.5124
95.834 32.6387
95.4065 32.8646
92.4856 31.0985
91.1537 34.9072
90.6154 35.0652
99.4437 33.5318
105.958 33.7534
104.196 32.4649
99.3105 33.1909
100.568 33.129
110.99 33.3973
110.99 33.4924
112.386 32.8456
111.139 31.7849
112.638 32.943
113.144 33.1575
111.307 32.3613
108.354 29.8816
97.8836 33.965
105.735 33.6561
100.215 30.2981
90.6404 32.9289
94.1672 30.6901
101.882 33.0072
109.085 31.4528
96.5489 32.8538
96.8525 36.4872
103.755 32.5738
93.4528 32.8783
93.4528 30.9947
87.8793 32.5355
97.2364 32.1427
95.1436 32.1204
100.239 33.0675
108.051 32.8487
107.921 30.2765
101.318 33.8747
103.249 34.0856
103.457 33.3885
93.1723 33.5403
94.3282 32.4064
100.155 30.449
101.243 30.4985
96.9055 34.1181
98.5797 34.3406
92.1099 34.7404
86.2024 32.0571
86.4237 34.3684
87.6236 33.88
96.2567 35.1376
91.6022 32.6025
89.9715 38.0407
92.7096 32.0752
94.9631 35.1759
91.8447 32.5107
84.6011 33.8976
79.478 32.7699
79.9296 32.5684
84.5891 33.2192
85.7984 32.8295
84.9084 33.7251
85.3406 33.891
85.2395 32.9707
87.9945 31.0817
97.1102 33.2513
100.81 31.5264
99.4371 33.0935
93.2645 29.1715
98.413 33.4858
88.2763 33.5708
92.1252 33.3681
97.5088 34.6637
97.5088 34.1919
102.559 32.746
102.745 33.2949
97.7414 30.8717
96.6251 32.9195
96.9993 33.0213
96.9993 35.3657
92.6245 29.2561
97.4303 33.9836
95.3287 35.2799
96.3804 31.2833
96.5761 32.8014
98.2919 32.3645
102.844 32.1037
115.815 29.7778
118.159 32.3377
111.782 32.2517
106.544 31.8494
94.7147 31.0686
92.5267 30.6753
96.0345 35.7791
90.8272 35.7699
97.9338 32.92
94.264 32.8091
92.8159 34.3615
93.8605 32.2991
94.48 33.7196
90.9232 33.6935
97.0561 36.1096
99.8087 33.0582
92.3423 35.1252
95.7966 32.7352
100.844 34.23
99.7706 32.6024
92.9889 30.6214
93.705 33.7751
99.0149 32.5926
90.4334 32.4924
86.5399 31.96
89.0895 31.323
98.1283 34.9392
96.7925 37.4488
103.999 33.8815
98.0305 33.0356
107.44 31.8558
108.69 35.338
92.6673 31.7651
93.7808 31.9441
87.8512 33.1356
90.8821 34.3577
103.396 32.6041
111.02 32.7706
107.76 33.164
105.58 36.0565
105.58 31.4404
113.92 31.0478
111.192 31.609
111.928 33.854
115.295 34.2703
113.467 29.826
105.344 33.5169
105.344 33.2793
102.937 31.3114
102.498 32.1896
107.624 34.5533
102.971 32.4349
111.1 33.5427
121.64 33.9824
128.946 33.7569
133.365 32.2133
132.39 33.0581
132.345 32.1484
132.345 30.6419
122.057 30.7644
119.723 33.0942
119.836 33.6546
129.034 31.4206
124.446 33.5054
120.909 32.5224
112.741 32.3311
112.741 32.8728
109.91 32.7817
95.6656 32.2248
107.575 33.5368
99.8161 34.3817
94.9994 34.3198
88.4125 34.4933
94.5468 32.4708
89.7758 31.9006
92.0403 32.1929
86.93 31.0629
95.2977 35.7512
89.7999 34.5951
94.6574 33.9103
90.3361 33.4064
93.1765 36.4332
89.6309 33.1893
96.7401 33.441
98.9341 32.2301
104.065 31.8029
101.334 32.83
97.938 35.5368
103.788 31.2347
99.6234 32.6521
109.143 34.107
102.885 35.0165
107.484 34.1785
104.834 32.9066
119.988 32.6904
114.911 31.4797
102.241 33.3197
106.453 34.1173
104.333 32.7609
101.898 31.4486
110.44 32.2921
101.546 32.2752
96.6195 34.7435
96.9121 32.6246
99.3825 33.14
96.126 32.101
92.5265 32.3167
89.8088 35.4663
92.6044 35.0695
89.6591 34.3025
85.0396 31.9398
78.8461 34.0202
84.0589 32.9048
87.1763 33.8081
98.5227 33.2021
96.9984 33.1278
87.6406 33.5694
83.1272 33.657
85.0641 34.822
89.2097 31.5224
87.9848 34.2002
87.2981 33.6798
83.6185 35.5482
80.5608 34.819
78.2906 33.1991
78.6681 34.2292
76.4718 31.5723
82.2898 31.5689
83.9005 31.183
82.6695 31.1329
79.4774 35.0098
79.4774 34.1616
79.5697 33.6449
88.1339 33.3967
93.7572 35.1798
91.7247 33.7478
97.6015 31.9242
92.556 33.7803
103.43 34.65
107.633 30.1267
101.057 34.4321
108.09 31.1824
102.254 33.3418
102.176 33.7001
109.89 33.3085
101.262 35.7014
97.561 32.164
96.5043 33.6114
87.1223 36.2377
94.6161 33.8832
102.563 32.7835
98.2298 32.6895
100.803 32.9366
98.9143 30.0716
98.3551 32.475
96.3399 32.8809
100.805 32.3949
96.9579 32.9627
97.2238 33.3292
103.5 31.8847
107.396 31.1009
106.953 31.2098
100.738 30.6706
105.04 32.4871
107.808 34.457
104.555 30.8048
103.214 30.2382
95.1865 31.4074
102.377 30.4823
93.7521 33.5372
102.816 33.2113
101.071 32.8522
100.296 32.5845
97.5448 31.5224
104.905 33.2354
114.701 31.6658
115.28 31.1306
115.907 32.0734
106.007 32.4818
100.823 31.2813
101.524 31.2649
99.7389 33.4856
103.702 33.0189
103.543 30.1314
111.415 33.7522
98.1773 31.9991
100.306 35.0634
94.0836 34.3691
96.038 35.1564
96.1414 34.8738
103.77 30.9373
103.655 31.7222
104.043 31.7208
104.142 35.2961
94.6476 33.8968
98.7357 33.2765
97.4765 32.6102
97.3014 33.9902
96.2315 33.4839
99.5566 32.5527
102.375 34.5196
94.3596 33.7838
97.5861 35.2551
97.5861 30.3747
110.975 32.8647
116.913 31.8065
108.914 31.7736
107.445 31.7429
102.982 32.2345
108.006 33.2589
113.88 32.0449
106.091 32.1274
110.424 32.4443
102.516 31.6127
97.3618 31.3546
98.0633 34.8069
103.193 32.7197
100.486 30.7023
100.486 31.0139
102.731 33.5441
100.141 31.9129
93.7372 31.8666
97.8529 33.0744
97.7026 32.4304
102.555 32.5581
102.665 31.5052
112.836 31.4498
105.697 33.8726
108.256 34.2324
96.6405 33.4053
104.344 31.0761
100.779 32.0168
104.222 32.301
99.7164 31.3061
103.991 32.4906
102.6 31.604
99.6419 33.9114
88.7386 31.8477
94.094 30.2407
94.094 31.8665
98.9308 34.3312
97.9257 35.242
104.226 31.6258
105.622 30.8044
104.808 31.4238
107.29 32.3677
112.947 34.7032
103.365 34.9236
95.4196 34.1155
89.9967 32.3732
98.5879 31.827
102.444 32.5562
103.166 31.2759
105.484 32.4434
106.485 33.1798
98.4769 31.3131
86.6433 35.4906
87.6154 32.7549
96.1171 35.2001
95.1838 33.6207
97.1963 34.982
96.1029 32.9054
106.195 32.0627
104.852 30.2362
94.3153 33.8006
92.4309 32.5618
88.7418 34.2732
95.4445 30.2395
85.5833 33.2063
91.929 33.2744
93.3971 34.9616
92.957 33.6959
96.8258 32.9136
96.4087 31.0718
84.7686 31.79
80.0668 34.3376
89.0746 30.7063
82.4593 32.1409
78.3493 32.757
77.6779 34.6552
75.273 32.4333
74.8644 32.5204
74.8644 32.3728
69.4328 32.3951
73.9811 30.6196
73.9811 31.7603
73.9811 33.3598
74.9938 28.9001
74.9938 32.2129
74.2273 34.1403
77.2984 34.3538
78.6493 32.2849
78.6493 35.1745
79.1292 35.6503
88.2179 35.1534
89.4511 32.9113
90.1221 32.4113
91.1514 34.376
95.4815 32.5395
95.3042 32.2013
98.1473 32.4888
102.168 31.374
93.6476 32.0668
91.5982 33.3039
94.2908 32.331
107.501 30.0137
103.504 31.5431
106.492 34.5542
102.949 34.5343
106.334 34.0488
98.6657 34.1242
102.882 33.4864
88.3325 34.4497
83.7146 33.8905
86.8004 32.4291
93.678 33.5547
83.5844 36.0759
99.595 33.1472
95.6023 33.8912
90.7306 34.5159
91.6716 35.9454
97.822 32.5337
105.421 32.4724
98.682 30.2596
95.2771 33.184
100.05 35.6897
111.297 31.4819
121.524 30.5453
113.907 31.7733
111.445 30.7145
104.979 31.8422
99.9652 30.4694
91.0779 32.7228
100.322 32.6503
100.223 33.3051
99.1417 33.2473
99.6025 33.621
95.434 34.0924
91.7876 33.2185
89.3147 33.5091
95.2874 32.1994
89.6285 32.1766
84.0679 33.397
85.2537 33.7793
89.4505 32.1522
86.9691 31.5572
89.8651 31.926
89.43 32.5869
92.9665 33.2017
89.8587 33.2533
88.6752 35.2931
91.1204 32.3576
91.0302 32.2076
90.2547 33.6138
95.6265 33.0588
95.8539 34.1291
91.6563 33.6502
91.6792 33.6365
91.4539 31.5063
95.2791 34.4154
100.133 34.5823
98.1364 32.2627
97.5108 33.2123
93.5683 34.4021
97.3976 33.6129
103.582 33.0125
113.673 31.5861
109.818 31.4974
106.448 32.6612
104.296 33.0625
101.707 30.8891
93.2243 32.7573
96.3849 33.5336
92.3165 34.1354
93.2959 32.7347
93.516 35.1113
93.4827 32.8378
93.5166 32.185
91.8352 36.8133
83.7842 33.7129
88.203 33.387
93.2962 33.4992
88.3302 33.8209
87.8231 33.9071
93.244 33.9357
97.0203 34.5185
102.693 33.4188
101.537 32.2749
91.3787 32.1754
87.1409 33.3915
98.4272 32.9465
97.0203 31.083
105.15 32.8838
101.654 32.2697
108.265 31.1125
100.305 32.8035
99.2734 35.6535
104.547 33.7821
99.7379 34.6562
100.115 31.3117
101.606 32.803
98.0685 32.4192
103.749 31.417
96.5076 31.3482
96.5232 32.3801
104.535 32.9624
115.489 31.033
106.021 33.6396
98.741 33.4738
103.944 33.7232
104.225 29.7231
101.584 33.2984
107.706 32.603
90.7948 32.1518
93.8912 32.0247
92.9421 34.5495
102.847 31.5976
118.248 30.367
107.311 32.4032
106.432 33.1945
100.844 34.3297
89.3349 33.578
97.151 34.6606
93.1561 36.2761
94.443 33.6881
97.7415 32.126
100.613 30.4957
102.812 31.2507
106.053 32.1576
100.019 31.5537
106.103 33.2189
104.665 33.9942
98.8452 31.6113
96.5357 33.0207
105.766 34.0117
122.663 32.7689
120.774 32.071
109.322 34.1308
111.977 32.2215
117.521 31.4048
113.737 34.1153
109.041 30.496
114.924 29.8713
108.05 35.6344
113.215 31.9464
108.264 31.6401
100.788 31.824
98.7197 30.8862
104.358 31.996
100.666 33.0551
95.2835 32.3212
104.662 32.7136
101.275 34.2842
106.42 33.2539
112.006 33.1819
116.821 30.1257
102.171 33.2504
107.701 34.1443
107.401 31.0327
107.401 33.3895
107.517 30.8008
89.1509 31.9971
94.2189 31.7244
100.254 32.4281
92.5231 33.7441
91.2533 33.4995
92.2869 33.8289
93.7216 31.0021
91.4244 31.1893
88.7679 33.6094
91.1566 33.3139
92.212 32.7165
94.0129 31.5985
93.2549 32.8185
99.9233 32.3665
98.9988 31.3883
85.6268 32.1382
89.2578 33.8529
95.1453 34.8467
95.1453 34.0982
92.8353 33.6482
83.9352 34.7141
87.2956 32.6533
87.2956 32.998
89.6444 35.1669
89.6444 32.2113
89.6444 32.4225
89.6444 30.9381
89.6444 36.8907
90.998 33.7689
78.389 32.1197
78.389 29.8187
77.3243 33.5587
77.3243 35.8035
81.6854 32.3899
81.6854 36.9516
90.0803 33.6029
90.2341 32.5991
82.9691 34.5393
82.9691 34.5157
82.7772 36.7236
84.1071 34.0451
80.0704 33.1309
80.943 32.5742
80.943 32.51
74.9829 34.7545
85.5043 32.1078
87.2522 32.5441
98.957 32.6019
102.28 31.9047
102.28 34.0288
101.45 32.0273
96.8357 34.2635
85.4759 34.2412
75.0217 32.4373
82.3039 35.2611
88.7415 31.9734
76.5042 35.5621
77.4067 34.4624
82.5586 32.3491
88.9257 32.3353
86.7891 32.2367
88.1111 34.7756
86.8188 33.8083
93.9607 34.4403
84.5514 32.1567
86.9769 34.9243
92.8564 34.9325
95.0451 35.522
90.2887 33.6995
97.8549 31.2097
96.7903 31.5006
101.342 30.9666
106.722 34.4551
101.79 33.2866
97.8837 30.3056
98.6955 30.3056
92.8029 34.9079
91.6517 33.5031
94.7799 32.0386
94.7761 35.3851
92.966 30.9651
94.267 34.0286
90.9447 31.0373
92.6254 32.2993
99.3924 32.8589
91.2206 31.8989
94.9921 33.4549
88.6778 33.6929
87.0795 32.4295
79.5544 33.241
82.1031 34.0792
75.2464 35.397
74.7593 35.0707
72.2768 31.612
85.2085 34.0051
86.3232 34.4738
89.2075 33.7561
90.4291 29.9027
84.8503 34.1308
86.1844 32.2306
88.7946 34.4557
89.9674 30.8538
89.0115 31.5936
89.7051 30.6411
97.9137 32.1515
104.907 32.5516
105.95 34.0264
106.135 33.4708
85.9535 32.7667
84.7851 33.3206
83.6917 33.6417
92.9214 32.9502
96.621 32.5936
94.4991 32.1154
94.9742 31.2735
87.0891 31.3434
84.6804 33.1393
87.1924 32.2146
91.9269 35.0816
88.89 35.0869
92.7182 32.9234
103.072 32.3318
105.941 34.0541
111.004 31.2226
108.161 31.8319
106.528 32.935
115.794 31.9935
117.512 31.8247
110.204 31.409
103.554 32.8605
101.905 32.331
91.1167 33.1206
89.8955 34.7188
92.6018 32.8018
92.1736 32.7922
92.1736 32.2335
85.7128 33.0783
85.6611 33.8011
86.6828 33.456
98.5921 32.9724
96.5201 31.7162
95.6207 33.0308
98.3564 35.7706
95.4556 32.0256
98.2364 31.51
99.1956 32.6881
105.182 33.669
96.9944 32.931
93.9088 33.0242
93.2439 32.6013
97.8599 31.4929
105.44 30.665
105.44 31.9943
98.4457 32.7929
94.7337 34.1026
99.7399 32.1714
95.4303 33.2115
103.812 30.3048
112.881 30.8464
113.585 32.1111
113.585 32.6931
108.597 33.3253
97.7188 29.914
97.6046 33.3108
91.1269 33.932
94.5759 33.0736
99.6715 34.4603
106.015 29.7845
113.009 30.3704
102.658 33.0742
102.231 32.3965
99.8126 32.4755
97.7488 31.8553
98.2091 34.5768
98.1587 35.984
100.746 28.4731
103.051 32.202
98.2543 33.3421
95.0589 31.9113
92.9882 33.4124
98.3302 33.1946
100.226 32.044
104.588 33.3652
95.2122 31.198
90.7899 33.0574
79.6608 34.8881
92.4522 29.6739
102.269 29.6338
98.2386 30.833
106.458 30.8171
108.54 32.5444
106.369 29.9053
113.979 31.3028
107.919 32.8376
106.201 34.1502
97.122 34.2165
103.601 35.3328
109.038 33.0914
102.551 32.6829
93.5274 36.3168
99.7798 35.7595
97.2063 33.4229
95.9315 32.7399
93.9333 32.5377
75.6398 34.9498
81.1099 35.6307
86.2586 34.2399
86.2586 33.8697
89.7061 34.4416
98.3931 31.3044
88.7574 32.2324
88.7574 33.9323
88.7574 32.7987
93.08 31.8288
87.0541 33.4553
82.2268 33.2315
85.2619 35.354
84.8272 33.1127
94.1803 32.6051
97.8639 31.5541
94.9833 32.4921
96.1387 31.6501
98.6823 33.0781
102.986 33.161
94.4933 32.1637
91.1822 34.5696
92.1564 34.4147
89.5199 34.0199
92.2236 34.1127
91.2872 31.4668
100.564 32.9621
101.179 30.1754
100.867 32.375
95.8495 33.0298
96.8838 32.2667
102.274 33.3383
95.5537 31.5883
93.7381 32.9485
88.9595 30.8976
87.1411 34.1433
104.134 32.735
100.441 31.1213
108.758 30.1917
106.008 32.6084
97.8027 30.5092
102.225 31.1187
106.054 33.0604
110.847 32.8487
105.176 32.5109
99.9231 33.2665
92.7842 30.8862
105.833 30.8097
106.961 30.3979
105.732 31.7083
103.209 33.9801
123.172 29.9024
121.325 34.2547
116.354 33.927
123.562 34.1112
107.044 33.3918
107.387 34.2613
92.7442 32.4312
93.0883 32.6082
93.9504 34.4282
105.23 33.8696
101.675 33.8613
97.918 33.1483
97.9321 31.5578
96.0899 29.511
98.149 33.8826
97.3455 30.4586
89.3972 33.9953
83.8549 30.8004
83.8244 32.7959
84.425 33.8477
85.4908 34.9319
84.9713 31.3605
88.0546 30.0018
92.6438 32.8284
94.5512 33.0615
99.678 32.5207
98.9326 34.8737
100.392 31.1239
96.1209 32.871
99.9836 33.4587
88.8774 33.2609
89.8876 33.4707
95.647 33.4297
93.4361 37.2019
97.0015 33.137
102.917 35.315
99.254 32.6051
102.547 31.6236
102.181 31.126
102.344 35.3066
108.07 32.6562
107.554 33.7704
100.047 36.3816
109.132 36.3641
105.335 35.1003
98.5249 34.8834
87.8811 32.814
90.3451 33.3026
91.8114 34.1473
98.2194 34.3576
99.8795 33.4251
104.929 34.064
101.233 34.8505
89.6068 34.0734
85.8249 32.7099
92.1149 33.8447
94.6735 30.4157
95.688 31.6944
91.6043 34.97
95.4949 31.7268
103.781 34.8244
93.8379 31.9843
92.9835 31.1041
93.1663 30.9334
93.5775 29.7698
92.279 32.4953
87.6953 32.658
89.6915 33.2279
88.7668 31.3456
93.5337 34.2343
79.4081 30.2277
81.7892 37.3867
97.4545 31.1148
94.7961 33.3509
98.4378 33.3018
95.6242 32.6555
99.4004 33.5064
101.106 31.8195
93.2104 34.1114
93.2104 32.2274
93.9373 32.6372
97.476 32.5697
99.3254 32.6887
95.2292 31.3258
93.7827 33.2072
95.04 33.8271
89.5495 33.0885
91.2468 32.4158
96.9279 34.5064
103.206 33.6598
93.8681 32.5034
106.694 30.406
103.974 32.4598
103.888 32.8172
103.731 31.0635
95.428 31.3381
96.5838 33.1932
96.7317 33.2434
90.486 31.8083
94.5782 33.8781
102.308 33.0754
101.162 33.7452
95.9323 34.8805
95.0208 34.3915
96.8234 34.6526
94.8153 31.4843
83.5071 34.7618
87.5894 33.816
95.483 34.3659
93.7174 35.1666
73.9149 33.3322
80.1492 30.3623
96.809 30.7215
91.1137 34.7455
93.4635 33.209
76.8615 35.6726
84.1447 36.1001
84.4229 31.3511
77.1291 33.3514
75.3405 35.986
77.8483 34.6754
77.4446 36.6278
75.8173 35.0869
72.6048 31.6882
86.8557 33.9865
82.3022 33.9695
88.0642 32.9879
88.0642 34.0361
88.0642 34.1041
90.4358 34.2293
95.24 32.1904
88.1923 33.4362
92.5895 33.2938
98.014 33.3245
98.9127 34.6338
86.9605 33.9094
84.9684 32.1801
79.5647 33.4365
82.083 33.2877
83.3296 34.3022
83.3195 35.1067
88.806 31.0891
95.2871 31.6699
95.5479 33.234
93.0409 33.4429
92.2503 30.6084
93.2439 33.0528
106.236 31.9128
98.6708 31.6269
109.922 34.0121
103.934 33.6702
103.934 33.2956
98.4374 34.027
101.374 31.5169
98.0918 31.2925
91.0905 32.4293
93.9115 32.8019
92.7357 30.8899
91.3641 34.0787
104.354 32.6985
104.806 34.7619
113.811 31.8944
110.508 31.4594
105.361 33.3306
102.43 34.1682
102.43 36.1431
102.43 31.3233
97.0632 32.4238
98.7673 31.5428
100.88 34.3365
98.9822 32.2103
98.9822 32.804
101.67 33.373
109.814 31.147
109.814 31.7956
109.814 33.1644
98.8386 30.5082
98.8386 33.9825
91.3439 33.2116
90.0628 32.4741
97.9591 32.6979
97.7933 30.8554
104.213 33.162
93.8827 33.6475
90.8829 32.5961
87.4303 30.9004
101.465 33.3821
99.7071 34.3365
95.964 34.1293
92.4472 32.6234
92.2293 32.0188
90.7896 33.3396
93.9018 32.9498
90.4295 34.3899
87.8046 34.087
84.903 35.0936
90.5517 35.2344
88.0556 35.8498
94.2779 33.7429
86.4575 31.455
86.12 35.6268
89.395 30.8458
89.395 30.9706
90.7889 33.4436
96.9217 31.9199
98.9354 32.2398
103.197 30.8313
109.638 30.9208
101.941 31.0231
95.6262 33.6814
92.9286 34.071
90.9258 33.8979
98.6678 33.0055
99.4025 33.1179
99.4025 34.7214
94.966 36.1559
99.4401 31.8372
104.487 33.9807
93.1471 34.3369
96.5704 31.8901
95.7215 30.6221
94.0113 30.1699
94.1387 32.341
90.9087 35.7907
96.8515 31.2925
92.0335 33.1277
105.689 34.3263
107.173 33.7334
89.7244 33.8093
99.0881 33.3071
98.0472 34.2726
99.5074 33.1055
94.2404 33.3368
92.9639 34.0503
95.6556 34.1805
91.4561 34.903
98.4447 33.0182
99.7026 36.5228
94.5353 32.7964
97.9623 32.6143
102.888 33.3505
105.359 33.6163
91.9297 34.127
91.7119 33.0592
92.9527 31.9023
96.7987 32.0554
96.3718 34.4205
107.242 33.6213
101.008 30.9363
100.794 30.5683
94.4052 32.8422
97.1526 31.2357
90.8215 32.3577
101.993 31.6427
97.5925 35.922
95.623 33.4727
107.886 33.0809
116.12 32.9735
118.503 32.7595
114.924 32.105
113.031 32.5659
98.4933 33.8012
106.535 33.6282
112.339 33.1994
127.495 30.8173
131.543 30.4738
131.543 33.1212
131.543 30.8777
126.244 31.045
125.837 33.3901
115.015 31.9875
110.651 32.8751
107.835 32.6958
104.115 33.4359
106.55 34.975
95.7712 33.5665
92.8994 33.5528
93.8921 32.3707
98.612 32.6286
98.8385 33.0841
104.189 34.6044
96.4427 34.6689
95.9656 32.3075
95.2249 34.1214
102.294 35.6513
98.6078 30.9351
98.2138 29.5235
94.3616 34.0344
96.5828 32.2044
90.468 32.1438
96.3891 30.2896
98.6375 35.0036
97.9309 34.8072
97.8399 32.4109
98.0038 32.5651
97.717 31.6038
93.5668 31.5314
91.3483 34.3076
91.3483 32.6847
89.0605 33.1389
96.6695 33.9618
93.5671 34.2697
95.9541 33.9984
89.1373 33.0435
98.0994 33.1423
88.8828 33.3668
96.4848 32.7431
99.5565 33.0095
93.9497 33.7016
92.5663 31.4385
92.5663 33.2987
94.8432 31.5194
94.2659 32.6956
101.293 31.6552
99.9114 34.091
96.0475 32.6254
95.1482 33.4382
95.328 32.0155
94.9771 34.0836
90.6825 31.5026
90.781 32.7049
91.1992 33.6334
90.7448 32.7366
89.8475 33.8375
92.9217 32.9699
94.3519 32.2256
95.7762 33.4972
94.973 35.1578
86.4599 34.2796
91.9792 31.3629
93.9619 32.3231
95.6393 32.5933
93.0284 31.9631
92.6056 34.0918
92.8209 31.3492
93.4018 33.8417
93.5476 35.3927
93.4125 32.4813
95.6446 34.8473
89.5485 34.3792
85.6659 36.7398
90.1121 33.7936
87.8506 34.1625
93.66 34.6788
84.6675 32.6232
89.2906 33.6486
93.1453 33.5677
86.1057 33.2886
88.4922 33.2496
92.6774 33.2842
99.7807 28.5837
101.619 34.8343
93.7207 34.8454
87.8899 33.1593
87.8899 32.4272
81.7028 34.0651
85.1914 33.5173
86.7571 31.6058
86.6857 31.5119
85.7842 32.4323
97.919 31.4368
89.1798 37.1973
95.502 33.4695
88.4123 33.8405
88.1283 32.8
88.7736 35.9783
82.453 34.229
93.4036 33.7024
99.284 32.7007
111.945 33.3757
109.447 32.286
111.201 33.3036
110.675 33.571
109.712 31.8616
113.253 34.0162
115.288 32.9899
121.978 30.9779
125.532 30.7329
130.845 31.0417
116.555 31.5511
111.959 32.7277
111.959 32.5351
113.968 32.0256
115.918 32.5682
111.676 32.4653
90.6285 34.5014
91.0974 32.9498
100.713 36.743
88.8412 33.6201
90.1884 35.7558
95.7989 29.8702
99.4167 30.8961
97.613 31.4534
93.2748 34.0506
97.5882 35.2211
89.3772 33.9058
97.6731 33.0544
104.66 33.5193
106.063 32.3621
89.5551 33.6483
95.7609 34.0162
99.1735 32.1997
98.4022 30.9078
98.0885 34.7987
100.883 36.0351
100.705 34.4069
100.591 30.9554
101.009 30.8993
104.187 32.8636
107.015 31.2216
96.5304 33.0412
93.9845 35.2603
89.8665 33.2334
80.5959 35.6534
90.389 35.2684
95.0357 29.7393
96.7512 32.3865
100.527 30.374
106.955 33.2585
103.554 33.1051
103.756 33.0351
98.9983 30.8447
111.235 29.4735
118.642 30.3307
123.098 31.1973
114.47 29.5062
109.138 32.5388
109.138 34.3471
116.009 31.761
103.171 36.3601
94.7101 32.296
93.2783 31.6232
90.5413 35.1009
91.7579 33.5371
93.5159 33.2208
93.0022 33.548
94.1232 31.9831
95.6838 33.215
103.33 35.8548
97.9309 34.2591
97.2942 32.3965
95.9725 33.9578
90.8147 33.6316
95.4991 33.5595
92.869 30.1275
96.813 32.3482
92.4121 32.9547
98.632 33.8382
98.2833 32.781
99.2102 34.4842
100.613 32.785
101.639 29.4232
98.1998 32.5936
97.2047 32.2107
92.8907 34.9069
101.887 34.4652
94.6579 33.1046
91.5915 34.3234
101.099 31.2421
101.288 31.4852
94.2814 31.7222
85.0701 30.2224
89.4685 31.6772
97.3869 32.4197
103.433 33.6367
101.81 32.7884
98.2919 33.5004
92.7585 33.2043
89.9017 31.089
87.7505 31.9798
87.0465 32.2642
92.2172 32.4504
105.404 32.6365
99.2383 31.9673
95.9444 31.4582
90.1865 31.4483
88.3663 33.1964
97.2093 30.5996
92.1916 35.0208
87.9185 33.8875
87.9844 30.7457
88.8971 33.0403
91.4671 34.0855
87.3221 31.0378
85.7468 33.1913
96.3743 34.1501
98.7298 33.0592
96.4004 31.0211
93.2302 31.2089
92.1378 32.7232
92.9395 32.8685
93.2613 32.8846
86.5713 32.5933
80.8081 34.433
94.04 32.8701
91.1471 33.7768
91.9003 34.3915
96.1461 30.3394
94.8669 31.7381
94.8669 30.9547
95.8646 32.696
95.8941 32.767
95.8941 32.8966
95.2679 33.471
100.738 31.599
100.283 34.9352
103.613 33.5412
98.5626 31.2692
96.9829 36.617
103.927 34.0741
96.6587 32.179
96.8529 30.7793
94.7789 31.9702
102.665 30.9078
98.3641 29.9334
96.2586 34.2336
99.6176 33.776
99.4262 31.6792
104.041 32.1016
106.266 33.6784
110.131 32.5492
107.768 32.8293
105.54 30.5347
110.764 35.8414
116.435 34.2917
105.931 31.1107
108.897 32.642
99.5715 32.9619
110.083 32.0878
112.039 32.0262
107.392 34.2872
112.67 30.5407
115.383 34.011
109.224 32.418
105.976 33.1577
95.1532 33.9633
101.24 34.4777
95.5309 32.744
105.079 31.1215
105.882 30.7941
111.638 30.5599
109.033 29.8229
113.234 30.5144
103.574 33.6242
94.8876 34.784
98.6968 31.6642
98.6468 32.9693
99.1945 31.3893
95.9313 34.0249
95.058 35.4366
85.6441 32.3172
107.543 32.6267
102.875 33.4111
104.292 32.6648
91.3571 33.6814
87.724 36.2613
86.3997 35.1485
99.9528 33.7904
95.6874 32.1531
89.4541 31.3098
103.276 32.1375
99.5874 30.262
103.02 33.0575
106.288 34.2816
95.566 33.578
92.6854 31.8653
99.0197 32.4244
94.8949 32.7936
95.7055 33.6092
108.544 29.5882
92.785 32.7961
87.7918 33.4225
95.2322 33.1933
97.7065 31.4647
96.5402 37.3498
94.7982 34.0205
98.9608 32.571
89.5576 35.7236
91.2058 34.1575
85.7461 33.9746
80.4447 34.3751
82.1599 33.0398
83.1886 32.4477
77.734 33.7777
83.3051 34.603
90.1143 33.7803
88.7331 32.5499
93.881 32.4065
94.4801 32.4707
95.4451 33.6312
86.4522 31.4607
91.6862 32.8168
96.8303 33.7109
87.4813 32.9638
93.5599 32.9727
91.4914 33.0126
92.9849 32.7482
85.4222 31.8386
91.6736 33.8969
83.5951 34.1125
93.6341 33.2357
93.787 33.5539
88.7727 33.5367
88.7727 33.4305
86.3061 35.6608
83.2065 31.4099
85.1212 33.1278
88.3746 32.673
99.6194 34.2395
93.1568 33.9919
89.1552 33.1289
94.2381 35.0718
106.724 31.9165
105.311 33.1584
92.9297 33.3886
92.9297 32.2939
95.2113 30.4571
90.712 33.4919
97.0826 30.9857
103.687 33.065
95.289 34.6917
93.8712 33.8947
94.0515 34.0484
95.7384 33.9088
97.0222 33.412
104.063 33.3922
93.5352 33.6797
99.9784 32.8135
98.0319 32.1358
106.535 31.5438
119.545 32.0058
120.212 32.221
99.887 31.9319
101.353 33.0253
100.578 33.3891
105.462 29.595
104.052 30.45
106.847 32.0141
96.5299 29.97
95.3489 31.9802
97.7156 30.9642
94.3626 35.1198
89.9463 32.0465
94.7434 32.4006
90.7275 34.2799
89.2268 35.5996
96.3827 32.99
99.1493 32.7954
93.9055 32.6923
95.3449 33.7886
91.0516 28.08
95.5442 30.9477
97.3113 34.5588
99.9129 31.2474
97.9025 32.3683
99.7941 30.4531
99.5592 31.6191
97.0407 30.018
100.591 30.1578
93.8097 31.8293
100.166 32.8798
94.9343 32.2019
96.0501 32.6489
93.2963 31.0164
87.6679 32.7984
91.4555 32.9901
91.0403 33.9153
86.1089 32.5637
84.3574 32.0114
87.0466 32.7116
92.0849 32.9261
88.7815 35.6504
86.8982 34.6235
88.2618 31.7297
89.9328 34.7373
83.1397 33.6356
85.6849 33.2234
88.7053 32.734
83.3787 33.7821
77.8516 33.5899
64.8702 32.653
64.8702 34.2035
67.552 33.7256
68.9168 34.0563
70.2205 32.661
65.7037 35.099
72.0162 33.6472
74.1883 31.8736
73.9411 32.0071
78.0565 32.0423
82.7779 33.041
87.9312 32.0498
88.6195 31.3137
80.2626 33.5998
88.6363 32.4865
92.0682 31.8712
97.425 32.2988
94.1841 30.0582
95.8624 31.6979
94.2429 32.8019
99.9617 32.097
89.832 32.4087
82.7469 33.0535
84.7018 34.9782
87.9279 34.8099
87.2765 35.1667
89.1909 32.8584
87.5196 34.0096
88.005 31.6496
96.9963 30.6074
104.591 31.5027
102.782 30.0003
102.6 34.4742
100.43 30.9444
103.79 32.8163
100.385 31.2847
112.44 30.8861
109.727 32.1488
104.292 30.4678
114.488 29.3458
105.72 33.3218
98.7316 32.7876
96.143 32.9817
96.294 32.4869
97.1335 31.5854
102.379 33.0341
89.1609 33.7512
98.9248 31.4402
99.9442 31.5905
100.123 34.4046
103.009 35.6778
93.5316 33.4006
90.3382 31.3133
95.495 33.0588
86.3398 34.2659
89.2599 33.1167
92.6274 34.6839
94.9336 33.428
94.7399 33.4056
89.3658 33.4466
88.9043 33.0897
91.425 33.9602
97.2128 32.4951
96.4486 33.6108
83.1147 35.6988
88.6406 34.2239
91.5131 32.9598
88.4037 35.8895
90.0214 32.1113
93.6301 30.7613
88.7848 30.9641
87.6613 36.3439
83.607 35.7905
98.0027 31.303
94.7883 31.0689
87.9353 35.3942
98.9204 30.8732
103.94 32.5507
109.019 33.528
109.066 32.9514
103.878 34.4311
97.4894 34.4125
112.356 32.9916
100.292 32.9332
96.7055 33.3543
95.8564 32.0414
98.1245 34.2405
107.522 34.363
107.522 32.4052
110.359 31.7726
108.83 32.8436
103.469 30.8742
105.964 32.7211
100.081 30.2431
92.1512 31.8096
105.751 33.1253
95.5838 32.7437
99.232 32.9993
93.7369 33.8271
94.8345 31.7921
97.2558 31.0951
97.384 29.2234
98.3699 32.6477
97.5794 32.9009
96.6412 32.5822
90.5542 32.9316
91.0617 32.4767
77.7811 35.273
98.8006 35.054
111.115 32.1761
102.029 30.7555
104.932 31.577
102.088 33.0523
99.6366 31.427
101.606 32.1251
99.2642 30.9902
97.742 33.7345
94.7679 31.7511
94.4274 33.2658
94.2553 35.0408
99.6256 32.7946
95.5999 30.8374
90.7688 32.0861
85.3907 33.9749
89.4164 32.0033
93.1551 33.0899
84.1388 34.8366
85.6428 30.3178
95.5598 31.1491
94.4429 32.1676
101.554 32.7052
102.82 32.6202
99.9648 32.902
97.4245 30.9367
98.2326 35.4264
91.8762 33.9753
90.1788 33.6129
77.5774 36.0643
96.1295 33.6286
90.4182 31.582
91.6245 32.5417
93.2316 32.8958
93.4632 34.479
100.083 34.309
104.908 31.9334
99.1275 31.3041
93.9275 33.433
93.4655 33.6227
90.6549 33.8639
86.874 33.7507
89.347 34.4072
89.0709 33.0015
93.3036 33.4179
97.1661 34.2746
97.8129 32.699
97.2501 32.8197
105.084 32.2444
100.068 34.1091
101.978 31.5987
99.379 33.3601
99.6186 33.9526
99.7868 34.5676
99.4853 33.9633
98.5544 30.907
99.9341 31.5939
105.441 34.7763
92.7738 33.9947
88.0278 33.316
83.7897 34.1733
93.6206 33.1651
85.8272 33.1896
93.7213 33.4534
95.9932 31.295
93.4104 31.76
88.9859 33.2667
88.1865 33.9788
91.2559 32.9435
98.4232 30.9929
97.9671 31.3395
97.5519 32.3431
105.499 32.8557
101.52 32.7866
89.7563 33.8101
84.338 35.0245
82.1886 36.9031
80.6697 33.7798
80.6697 34.2135
88.7486 32.5471
86.3975 32.569
91.9929 32.6372
85.2214 33.7825
91.9375 32.6246
92.4039 32.5653
86.3616 32.4048
90.0324 32.5225
92.2433 32.4671
93.0222 32.7914
91.7894 34.4843
99.8692 33.3259
89.5937 34.9129
100.048 30.4268
98.6232 33.9116
94.4244 29.8655
95.5862 32.0714
95.5862 33.0036
90.9059 33.688
90.9059 33.2425
95.9357 30.9074
95.7933 36.1739
96.9026 32.9404
98.9576 34.1599
97.1987 32.4234
95.1917 33.2607
96.2595 33.9103
103.599 35.2056
110.65 33.0274
107.364 31.5703
99.9616 32.4297
104.876 31.7025
104.967 33.674
92.4338 32.3734
99.9684 31.8543
95.8202 33.3319
98.6717 31.6705
109.081 31.8526
108.91 31.9899
113.319 32.6052
92.7891 31.8954
95.4655 32.9288
92.7348 34.9503
94.1067 34.4703
88.5528 32.2329
92.4249 33.5053
94.3179 32.141
102.377 32.5532
100.714 32.7639
105.907 31.8543
94.217 31.3728
89.455 31.6944
89.455 32.4155
85.2542 35.2923
82.4431 33.4577
83.9807 31.9217
88.1929 33.9275
86.7235 31.9284
92.9995 32.7972
94.2944 34.6855
88.2147 34.3051
96.3447 31.4465
112.983 30.5023
111.788 32.9393
106.204 32.3114
114.536 31.6377
111.065 32.6537
104.015 31.4739
102.831 35.2075
95.984 33.4938
106.111 34.1524
106.111 30.8661
102.969 32.7931
102.969 33.2858
102.835 31.4302
103.908 34.018
100.374 32.9028
96.8335 34.0701
96.9409 35.2148
102.157 32.217
96.4175 31.5951
92.2114 33.4048
98.1699 32.6339
94.5478 35.6549
