250.644 10.4936
250.644 10.6784
242.455 10.6377
242.455 10.4415
246.833 10.5764
244.117 10.6093
244.117 10.5833
247.486 10.4369
247.486 10.5334
243.961 10.4629
243.961 10.42
243.961 10.6078
243.961 10.6443
243.961 10.4946
245.631 10.5163
244.516 10.513
244.516 10.6344
244.516 10.5706
244.516 10.5665
248.393 10.5157
248.393 10.58
243.553 10.585
243.553 10.5369
245.335 10.564
245.335 10.4687
245.335 10.6787
245.335 10.6635
245.335 10.579
245.335 10.5676
254.302 10.5897
248.583 10.5011
248.583 10.5713
253.505 10.526
253.505 10.4989
242.034 10.5129
242.034 10.4993
242.034 10.5095
239.989 10.4999
242.533 10.5005
248.692 10.5011
249.998 10.501
250.427 10.5004
250.427 10.4919
255.328 10.47
255.328 10.5168
245.67 10.5354
245.67 10.5628
245.67 10.5041
253.95 10.4627
252.758 10.5014
241.757 10.7302
241.757 10.6857
241.757 10.4428
245.554 10.5182
249.8 10.4773
249.8 10.5408
249.8 10.6178
251.965 10.6444
249.908 10.6414
249.334 10.4967
249.334 10.6659
249.334 10.5532
249.334 10.5739
249.334 10.591
249.334 10.6077
249.334 10.4572
249.334 10.6684
244.092 10.5906
246.212 10.4944
249.182 10.6587
249.182 10.4875
249.182 10.4965
250.29 10.5136
240.604 10.4332
249.026 10.5251
248.532 10.6642
248.532 10.5103
244.414 10.5138
247.734 10.5883
248.753 10.6513
247.936 10.6298
247.859 10.6619
250.946 10.4465
249.456 10.4492
249.456 10.5215
249.456 10.5202
249.456 10.4731
245.84 10.449
245.84 10.493
245.84 10.5886
249.811 10.5778
249.811 10.4725
252.412 10.4489
246.511 10.4437
246.511 10.3841
246.511 10.5088
241.678 10.5096
241.678 10.624
241.678 10.4169
240.338 10.4232
240.666 10.5896
244.872 10.5226
245.489 10.4165
247.237 10.4215
250.563 10.5168
250.563 10.5912
246.801 10.5303
251.454 10.4777
239.625 10.5526
238.283 10.5363
244.97 10.4915
245.483 10.5089
245.483 10.6125
245.483 10.4532
251.684 10.665
241.831 10.6217
248.929 10.4223
241.303 10.6521
244.439 10.4564
244.032 10.403
248.344 10.4219
255.094 10.4417
252.954 10.6407
251.595 10.6142
250.852 10.5394
244.706 10.5763
249.93 10.6249
251.837 10.6247
252.129 10.5243
252.129 10.4848
252.129 10.4782
245.384 10.5106
249.112 10.4513
242.672 10.4809
242.672 10.5575
243.082 10.611
242.473 10.362
253.278 10.5347
247.27 10.5416
248.915 10.4812
250.605 10.6548
253.937 10.6223
255.25 10.4589
245.466 10.614
244.589 10.5102
244.589 10.5185
251.182 10.591
251.182 10.6081
243.27 10.5551
248.253 10.493
248.253 10.5262
249.071 10.5557
246.2 10.6296
246.2 10.5728
245.664 10.6292
249.375 10.5605
249.375 10.5635
244.014 10.4514
248.563 10.5775
248.563 10.3777
248.563 10.6317
248.983 10.6354
248.12 10.5086
248.12 10.5496
248.12 10.6928
248.414 10.3334
246.687 10.5377
246.687 10.4797
246.687 10.6201
240.923 10.6624
248.114 10.4642
248.114 10.5684
248.114 10.6387
248.114 10.6447
252.7 10.4955
244.859 10.6636
243.561 10.6482
246.917 10.6464
243.406 10.6462
243.406 10.5634
243.406 10.5571
245.798 10.5367
248.519 10.58
245.588 10.6033
243.152 10.4798
247.184 10.5635
247.184 10.5393
247.184 10.536
250.822 10.4976
250.822 10.5112
240.93 10.4632
252.057 10.6023
243.822 10.5186
243.822 10.5755
249.487 10.5998
249.487 10.5932
249.487 10.6126
249.487 10.5356
244.563 10.6247
244.563 10.5829
248.34 10.5817
248.34 10.6352
241.958 10.6016
241.958 10.658
242.135 10.73
242.135 10.4655
238.811 10.4739
238.622 10.529
247.681 10.546
245.015 10.5675
245.015 10.5939
243.611 10.5443
243.611 10.5048
242.596 10.4998
250.825 10.715
250.825 10.5779
247.947 10.4803
247.947 10.4907
243.48 10.693
243.48 10.6034
253.241 10.5476
253.241 10.6548
246.223 10.5868
248.711 10.5091
244.727 10.6238
244.727 10.5885
244.727 10.4831
244.727 10.5377
247.225 10.6505
244.158 10.5494
246.696 10.57
249.523 10.5663
249.523 10.5254
249.523 10.5114
243.361 10.6067
243.361 10.6149
246.578 10.5901
246.578 10.587
249.814 10.5744
249.814 10.54
249.814 10.5809
241.793 10.6393
241.793 10.543
253.248 10.5801
253.248 10.4632
247.251 10.5768
250.315 10.5528
248.46 10.6206
254.109 10.51
254.579 10.5711
250.512 10.508
250.512 10.6268
248.134 10.5971
248.134 10.5643
248.134 10.6055
245.185 10.592
246.311 10.5656
246.311 10.6541
246.311 10.5836
246.311 10.5005
246.311 10.6168
255.648 10.458
246.739 10.4675
250.689 10.5138
243.976 10.5277
243.976 10.528
243.976 10.6042
243.976 10.5435
243.976 10.5884
243.976 10.4981
243.976 10.5969
240.842 10.6111
245.372 10.637
245.372 10.5955
247.643 10.6461
247.643 10.5856
247.643 10.6157
246.682 10.6353
250.816 10.6346
248.731 10.6848
248.731 10.5167
249.357 10.6451
250.886 10.6391
250.886 10.5685
244.014 10.5888
244.014 10.4152
255.025 10.4914
239.791 10.5583
241.061 10.6555
250.597 10.4851
245.793 10.4981
249.669 10.5287
249.669 10.4852
245.363 10.4579
246.641 10.4942
246.38 10.4416
244.124 10.6775
244.124 10.495
238.381 10.4378
238.381 10.5855
238.381 10.5787
236.994 10.6331
236.994 10.5252
245.333 10.5684
242.821 10.6878
242.821 10.5904
239.903 10.4321
252.29 10.5402
252.29 10.6717
246.301 10.4527
246.301 10.5419
246.301 10.5516
250.146 10.4632
250.146 10.5661
250.146 10.5618
250.146 10.5555
244.512 10.5964
244.512 10.4832
244.512 10.5101
246.341 10.5424
246.341 10.5701
245.348 10.5835
245.348 10.587
245.348 10.5467
250.232 10.6211
250.232 10.5895
250.232 10.6313
250.232 10.5537
249.606 10.5538
249.606 10.651
249.606 10.6604
249.606 10.6135
249.215 10.6119
249.215 10.5917
249.215 10.6324
249.215 10.5114
245.829 10.5125
250.519 10.5197
245.234 10.4241
247.784 10.5269
247.784 10.547
247.784 10.7254
247.784 10.4832
247.784 10.4457
248.754 10.4723
248.754 10.5545
248.754 10.6267
251.705 10.6288
253.33 10.4745
249.053 10.5254
248.486 10.5296
248.486 10.5482
248.486 10.6445
244.936 10.6141
244.936 10.4945
245.632 10.6469
251.278 10.4868
247.437 10.5281
247.437 10.523
247.437 10.5868
247.437 10.488
247.437 10.5026
247.437 10.4393
247.437 10.3804
247.437 10.5766
253.957 10.5022
247.533 10.5269
247.533 10.6043
254.852 10.49
251.535 10.4975
251.535 10.6264
251.535 10.5497
251.535 10.5558
251.535 10.5298
251.535 10.545
251.535 10.5861
251.535 10.5686
247.475 10.6404
244.215 10.5525
244.215 10.6993
244.354 10.6536
244.354 10.5163
249.873 10.5707
249.873 10.5264
249.873 10.6381
252.538 10.6341
252.538 10.6458
243.317 10.5687
243.317 10.6243
250.611 10.5139
245.83 10.602
245.83 10.521
245.83 10.4975
251.51 10.4401
251.51 10.5478
251.51 10.5281
242.077 10.5587
242.077 10.5445
248.971 10.5772
248.971 10.5214
248.971 10.499
248.971 10.4619
248.971 10.5246
247.877 10.4459
247.877 10.4968
247.877 10.5961
244.047 10.5505
244.047 10.4624
248.514 10.5231
249.134 10.5334
249.134 10.5311
249.134 10.5869
249.708 10.5345
249.708 10.5739
249.708 10.5982
251.077 10.6946
251.077 10.7119
251.077 10.6021
251.077 10.5606
251.077 10.6178
251.077 10.3136
245.38 10.5684
250.033 10.5636
246.058 10.5606
246.058 10.5394
246.058 10.6174
248.705 10.5562
248.705 10.5673
248.167 10.6302
249.218 10.569
249.218 10.6207
249.218 10.5365
238.679 10.5006
238.679 10.6593
252.623 10.5968
252.623 10.6477
252.623 10.6148
242.889 10.497
242.889 10.4692
242.121 10.5026
251.859 10.4644
251.288 10.5123
251.288 10.4217
256.328 10.5058
247.713 10.5404
247.151 10.6245
248.825 10.6513
247.617 10.4032
249.297 10.5169
244.105 10.6081
247.447 10.545
247.447 10.4998
244.161 10.5057
252.709 10.5278
249.099 10.4584
248.082 10.6599
248.082 10.6695
248.082 10.4804
248.082 10.5822
248.082 10.59
248.082 10.5979
243.535 10.5767
246.541 10.6344
249.287 10.4648
249.167 10.3895
244.896 10.5605
244.896 10.7639
241.372 10.5504
251.197 10.5274
251.197 10.6166
242.334 10.5906
248.083 10.5372
248.083 10.6592
248.083 10.6858
248.083 10.5968
248.083 10.5498
248.083 10.6057
249.092 10.5015
249.092 10.3725
247.143 10.4106
247.143 10.4638
243.742 10.609
243.742 10.5642
245.116 10.4192
246.183 10.5938
246.183 10.5264
246.183 10.5647
246.183 10.5887
246.183 10.6282
248.971 10.601
244.25 10.3733
244.25 10.6452
244.25 10.4402
244.25 10.5252
244.25 10.6347
244.25 10.6964
244.25 10.5232
244.25 10.51
245.919 10.546
245.919 10.6089
246.669 10.5737
246.669 10.6334
244.676 10.5696
244.676 10.6959
244.676 10.5685
244.676 10.5242
247.055 10.5628
247.055 10.5633
247.055 10.4416
247.055 10.4651
248.457 10.5292
248.457 10.4769
248.763 10.567
253.062 10.531
258.944 10.5615
250.993 10.5778
247.486 10.5604
247.486 10.5351
251.852 10.589
251.852 10.5998
252.767 10.6172
250.605 10.6043
250.605 10.5725
250.605 10.5237
251.342 10.52
251.342 10.5005
251.342 10.4588
248.631 10.519
250.921 10.6201
250.921 10.5439
250.11 10.6324
250.11 10.6032
246.599 10.6054
246.599 10.5238
247.87 10.4895
247.87 10.499
247.87 10.5668
247.87 10.5934
247.87 10.5096
247.87 10.4164
247.87 10.4467
250.546 10.4492
250.546 10.7827
248.408 10.5885
247.874 10.5642
244.371 10.5615
244.371 10.5654
248.518 10.5847
248.518 10.5075
250.785 10.6286
250.785 10.4601
250.785 10.4599
253.207 10.3997
241.201 10.5236
241.201 10.5371
241.865 10.6742
241.865 10.5474
250.723 10.5708
250.415 10.527
249.298 10.5319
241.873 10.4762
241.873 10.4642
241.873 10.6143
241.873 10.4795
249.506 10.6542
242.046 10.6527
242.046 10.5545
242.046 10.4807
240.858 10.4461
241.651 10.5675
249.852 10.5334
249.852 10.5324
249.852 10.5824
249.852 10.6704
249.852 10.6114
243.709 10.6298
242.391 10.412
242.391 10.6507
240.88 10.5728
243.618 10.5762
244.911 10.5293
244.911 10.5466
244.911 10.5591
242.392 10.5624
243.387 10.5625
243.387 10.5913
244.538 10.5694
245.325 10.5868
245.325 10.5846
245.325 10.5826
245.325 10.6861
250.499 10.5107
245.247 10.4101
248.243 10.6479
245.921 10.7049
245.921 10.5202
244.039 10.4912
239.684 10.3916
239.684 10.6322
240.358 10.708
240.358 10.5122
243.463 10.5198
245.748 10.4828
245.748 10.6092
242.434 10.6462
242.434 10.4996
244.032 10.442
243.815 10.463
243.815 10.5521
251.5 10.6624
249.192 10.4669
249.192 10.5211
246.247 10.4458
246.908 10.5398
244.253 10.572
244.64 10.5671
244.64 10.4842
251.982 10.5335
251.016 10.4206
251.016 10.474
247.199 10.474
247.199 10.5442
247.199 10.7521
243.656 10.432
243.656 10.4047
248.055 10.5118
248.35 10.5004
246.32 10.5384
249.377 10.6024
249.377 10.622
249.377 10.5589
251.823 10.4414
253.058 10.5612
250.823 10.5972
250.823 10.5935
240.361 10.4375
240.361 10.581
240.361 10.5845
244.821 10.625
238.904 10.558
238.904 10.5766
251.384 10.5596
245.326 10.7209
245.326 10.6349
245.326 10.6073
253.244 10.5777
253.143 10.6461
244.589 10.6159
244.589 10.5532
244.589 10.5711
242.872 10.6153
245.886 10.4621
245.886 10.5213
249.593 10.5385
249.593 10.5016
247.971 10.4772
247.971 10.4522
247.971 10.4348
244.014 10.6709
244.014 10.4754
244.014 10.4969
245.467 10.4824
245.467 10.4869
245.467 10.4236
245.467 10.5122
245.467 10.499
245.467 10.6245
245.467 10.6672
245.467 10.4926
245.467 10.63
245.467 10.6172
247.369 10.4584
254.909 10.4854
249.069 10.5332
249.893 10.4807
245.42 10.6756
252.076 10.5781
252.076 10.5998
252.076 10.3068
245.654 10.6293
245.719 10.3356
245.719 10.5946
247.082 10.4217
247.082 10.5744
247.082 10.5289
247.3 10.5056
246.787 10.4514
247.392 10.6114
247.392 10.4375
247.392 10.3859
250.774 10.4773
247.976 10.5279
247.976 10.5349
248.825 10.5371
248.825 10.4912
242.992 10.4573
242.68 10.4459
242.68 10.5537
242.68 10.5722
242.68 10.572
242.68 10.5426
242.765 10.5434
247.613 10.511
244.031 10.472
244.031 10.5532
245.581 10.5302
250.107 10.5043
250.107 10.4497
245.969 10.53
245.969 10.5018
250.581 10.5662
250.581 10.5576
249.188 10.6015
243.121 10.5026
249.615 10.486
245.736 10.6617
245.736 10.7247
248.805 10.5055
250.391 10.6965
250.391 10.5133
248.578 10.521
252.13 10.4371
246.433 10.4178
246.433 10.4251
246.433 10.624
246.433 10.6064
246.433 10.6338
245.076 10.5857
250.713 10.5396
252.14 10.5293
252.14 10.4832
252.14 10.5092
247.106 10.6172
244.575 10.6019
244.575 10.4003
246.654 10.5151
246.654 10.5669
244.523 10.5775
244.523 10.6482
245.938 10.639
247.345 10.5943
246.12 10.5983
246.12 10.6329
246.12 10.6208
248.842 10.6669
243.354 10.4832
248.199 10.6517
251.027 10.5884
244.623 10.5754
244.623 10.5702
247.985 10.5761
247.985 10.4757
246.795 10.5866
245.088 10.4956
249.899 10.464
251.238 10.4449
251.238 10.6615
242.833 10.463
251.443 10.4026
249.646 10.4777
245.641 10.5859
245.641 10.5097
248.636 10.5872
248.636 10.4979
246.503 10.6487
246.535 10.5812
246.535 10.5484
250.21 10.5505
251.467 10.5426
251.87 10.5001
251.445 10.611
248.751 10.4834
248.751 10.5942
243.695 10.6324
245.424 10.6557
251.381 10.6142
240.483 10.5513
243.685 10.4709
243.685 10.4247
247.114 10.5432
247.114 10.5654
247.114 10.4783
255.221 10.4154
251.179 10.5282
251.179 10.4874
251.179 10.5201
244.284 10.5439
244.284 10.5098
244.284 10.5461
244.284 10.5576
244.284 10.3841
244.737 10.4774
247.264 10.3724
247.264 10.4658
247.264 10.6796
244.935 10.7051
244.935 10.5503
245.561 10.6006
245.561 10.5198
246.468 10.608
246.468 10.5197
246.468 10.5494
246.468 10.5545
239.588 10.6043
249.267 10.5137
247.533 10.5202
239.525 10.5732
239.525 10.5857
240.63 10.5644
235.968 10.5957
235.704 10.493
242.832 10.4964
242.832 10.5076
242.832 10.6377
245.952 10.5113
245.952 10.4614
245.952 10.3996
245.952 10.5663
245.952 10.567
253.649 10.5073
251.258 10.5071
251.258 10.6364
246.058 10.6231
242.828 10.6285
242.05 10.5983
240.51 10.6592
246.106 10.6402
246.106 10.6519
246.106 10.7177
243.086 10.5823
248.986 10.5551
242.722 10.3764
242.722 10.5646
246.384 10.5292
246.384 10.587
249.576 10.5187
253.188 10.4059
240.518 10.3866
250.533 10.4109
237.128 10.6906
245.047 10.4288
245.047 10.4523
245.047 10.6434
245.047 10.6026
244.634 10.5649
244.634 10.5728
244.634 10.6601
244.634 10.4545
244.634 10.5698
243.526 10.4963
243.526 10.4932
244.73 10.5868
244.73 10.5678
244.73 10.5766
244.73 10.4375
244.73 10.572
244.059 10.7444
247.077 10.5563
241.616 10.6064
244.449 10.6521
244.449 10.6438
244.449 10.5041
249.769 10.5364
245.298 10.5763
245.298 10.4963
246.379 10.5387
243.372 10.4928
247.495 10.4763
247.495 10.5352
243.543 10.607
243.736 10.5983
249.173 10.6217
251.022 10.6604
251.022 10.4997
251.022 10.5248
251.022 10.5557
251.022 10.7778
246.445 10.5465
246.445 10.557
247.526 10.6045
247.526 10.6619
244.409 10.5935
244.409 10.5802
250.619 10.6138
252.552 10.4822
252.552 10.5696
252.273 10.6281
245.588 10.5835
248.094 10.5827
248.094 10.4448
245.885 10.6521
246.61 10.646
246.61 10.5435
247.21 10.5816
245.269 10.4638
247.756 10.5711
247.756 10.5567
247.807 10.583
247.209 10.5207
246.105 10.5045
246.105 10.5807
246.105 10.4255
246.105 10.4246
246.105 10.4631
245.412 10.5994
245.412 10.5139
252.237 10.5954
246.966 10.6331
246.966 10.5751
246.966 10.5734
246.966 10.4524
241.28 10.5141
249.899 10.4422
249.899 10.4628
247.872 10.5266
251.172 10.5427
243.356 10.5386
243.397 10.4763
251.735 10.4655
245.935 10.5531
248.49 10.5308
248.49 10.5699
250.686 10.4996
250.686 10.6137
250.686 10.5018
250.686 10.5482
238.694 10.5406
245.443 10.6594
250.103 10.5702
250.103 10.5774
242.747 10.7259
242.747 10.4814
242.553 10.4562
253.764 10.452
255.719 10.5048
248.534 10.5003
248.534 10.4934
246.786 10.5186
244.737 10.3848
251.806 10.6169
254.771 10.6228
248.073 10.517
249.716 10.5557
249.716 10.4579
254.552 10.3905
252.183 10.5019
253.042 10.5879
253.042 10.4829
253.042 10.5414
244.234 10.6181
237.16 10.6886
247.079 10.4516
247.079 10.4892
247.079 10.73
247.079 10.5428
250.204 10.6155
251.324 10.5467
251.324 10.5307
251.324 10.539
244.305 10.566
245.504 10.67
248.583 10.6164
248.681 10.4643
248.681 10.4152
249.997 10.418
243.171 10.4376
250.454 10.4041
250.398 10.5161
243.504 10.5268
242.731 10.6359
242.731 10.5395
242.731 10.4956
253.289 10.4886
239.738 10.5986
252.153 10.4885
249.251 10.5445
250.302 10.5078
248.817 10.458
251.176 10.5505
251.176 10.5173
242.391 10.6323
242.391 10.5739
242.984 10.5336
242.984 10.6513
249.811 10.5249
249.811 10.3741
249.811 10.4566
249.811 10.582
250.02 10.6161
250.02 10.6576
250.02 10.5409
255.644 10.5592
246.175 10.5435
246.175 10.6546
248.776 10.6653
247.605 10.5914
247.605 10.4874
245.483 10.6194
249.044 10.5078
244.886 10.6031
240.7 10.5168
247.618 10.3989
244.658 10.4825
244.658 10.4776
240.744 10.5076
246.337 10.6048
246.361 10.6185
243.162 10.635
243.162 10.5926
244.873 10.5534
240.409 10.5691
240.409 10.5161
245.085 10.4922
242.733 10.518
245.38 10.6013
246.346 10.3856
254.606 10.4622
245.132 10.5203
245.761 10.6022
246.338 10.6493
246.643 10.4436
248.015 10.5841
248.015 10.536
248.015 10.6294
248.299 10.6116
248.299 10.685
248.299 10.5851
243.471 10.4861
243.471 10.7128
243.471 10.5749
249.886 10.5773
248.788 10.621
246.865 10.5137
246.865 10.5188
246.865 10.5984
246.865 10.5232
244.185 10.7197
251.77 10.4403
246.659 10.5254
246.813 10.4994
246.813 10.4695
245.429 10.6125
246.015 10.4546
246.015 10.5164
249.593 10.4734
250.466 10.4604
250.466 10.4543
250.466 10.546
243.142 10.4829
243.142 10.488
243.142 10.5554
243.142 10.6963
243.142 10.6778
244.262 10.6878
250.282 10.7222
250.282 10.4551
250.282 10.4123
249.549 10.6248
249.549 10.4706
249.549 10.5375
249.549 10.6044
249.549 10.5363
244.448 10.4906
252.13 10.622
252.431 10.5549
242.718 10.4718
245.465 10.4922
246.3 10.598
246.3 10.5906
241.975 10.5945
239.934 10.505
239.934 10.5595
245.256 10.584
245.256 10.5214
245.686 10.4717
245.686 10.4223
247.104 10.486
241.23 10.5818
241.23 10.5868
241.23 10.5425
248.506 10.4375
248.506 10.5138
248.506 10.4952
241.543 10.6283
241.543 10.6768
241.149 10.4752
248.656 10.6002
248.656 10.5228
247.525 10.4825
246.978 10.5858
246.978 10.5216
246.978 10.5641
246.978 10.5513
247.856 10.542
240.848 10.6362
242.725 10.7017
245.533 10.349
245.258 10.5231
248.745 10.6296
249.54 10.6328
249.54 10.4863
249.54 10.5891
239.907 10.5243
249.905 10.6325
249.905 10.6741
249.905 10.5327
251.18 10.5824
252.005 10.447
249.002 10.549
249.002 10.4215
253.597 10.4781
253.121 10.6275
247.075 10.5904
247.075 10.6354
247.075 10.5343
245.53 10.7193
245.251 10.5348
252.737 10.7879
251.989 10.5607
249.478 10.4179
249.478 10.4391
248.757 10.5295
248.757 10.5293
248.677 10.5141
251.091 10.5287
247.897 10.5299
250.353 10.4946
251.189 10.5984
254.471 10.5694
246.874 10.5714
246.874 10.4495
246.874 10.5349
246.874 10.5205
246.874 10.443
244.744 10.6061
244.744 10.4483
252.948 10.4094
247.345 10.5928
247.345 10.5096
240.922 10.5362
240.259 10.5506
240.259 10.5151
240.259 10.6079
240.259 10.5893
240.259 10.508
245.328 10.5726
249.144 10.6659
241.618 10.6907
241.618 10.5894
243.486 10.4692
246.509 10.4087
243.913 10.4681
244.625 10.436
244.625 10.6828
244.625 10.6373
244.625 10.5951
248.044 10.5737
248.16 10.5941
248.16 10.4867
248.16 10.6001
248.16 10.6389
248.16 10.6244
247.645 10.5421
247.645 10.567
247.645 10.5983
247.645 10.5821
247.645 10.5892
247.645 10.5894
247.645 10.5893
252.564 10.5814
242.887 10.5374
251.35 10.5381
250.927 10.4285
249.846 10.4923
249.846 10.5956
250.008 10.6152
250.765 10.5363
246.464 10.5178
247.969 10.5955
248.764 10.6007
248.764 10.5116
248.764 10.5924
255.301 10.5693
252.612 10.4952
251.954 10.5373
251.954 10.5403
248.368 10.5782
249.228 10.6232
250.205 10.5666
246.656 10.5713
252.897 10.5475
252.897 10.6013
248.346 10.6208
250.191 10.4913
250.191 10.5545
250.191 10.5662
250.191 10.6386
250.191 10.4425
250.191 10.5732
250.191 10.4856
247.821 10.709
247.821 10.556
247.821 10.6664
247.495 10.5572
247.495 10.57
249.205 10.5556
248.701 10.561
244.747 10.5984
244.747 10.4843
244.747 10.4871
244.747 10.3956
244.747 10.5537
244.747 10.5558
248.349 10.4551
248.047 10.5889
246.917 10.486
246.917 10.4926
246.917 10.5222
246.917 10.5468
247.847 10.4869
253.595 10.5814
251.46 10.513
242.009 10.564
252.374 10.512
247.381 10.4564
243.056 10.5089
247.929 10.4384
247.937 10.4536
247.587 10.5712
248.213 10.5402
248.213 10.5457
248.213 10.6239
248.213 10.5611
248.213 10.5476
243.205 10.512
244.185 10.5727
244.185 10.6374
251.295 10.544
251.295 10.5127
251.295 10.5812
246.305 10.6559
244.595 10.5291
244.595 10.5703
249.679 10.5389
252.485 10.5308
252.351 10.4323
251.45 10.5646
242.959 10.5415
247.893 10.559
242.991 10.6443
242.991 10.6541
243.957 10.6529
248.52 10.6538
243.478 10.646
244.751 10.6235
250.854 10.5715
244.304 10.5317
249.656 10.5033
245.508 10.6568
251.624 10.5831
251.624 10.655
251.686 10.6526
251.686 10.6219
248.9 10.6008
250.27 10.5299
243.866 10.5772
243.866 10.58
246.375 10.4692
245.471 10.4997
236.602 10.4847
245.457 10.5254
244.453 10.6375
244.453 10.5445
244.453 10.68
244.453 10.6731
252.187 10.6199
250.141 10.5121
248.261 10.468
248.261 10.5644
248.261 10.5092
248.261 10.6038
241.379 10.6372
247.357 10.6659
251.124 10.5749
245.775 10.5834
249.247 10.6159
249.247 10.6026
251.378 10.6335
251.378 10.3955
251.378 10.5008
246.558 10.5376
246.911 10.5907
258.048 10.4021
256.807 10.5517
256.807 10.6551
252.52 10.6587
247.354 10.6776
248.535 10.6215
244.828 10.6715
244.828 10.7786
244.828 10.6469
240.95 10.5748
251.413 10.5614
244.889 10.5354
252.469 10.5284
245.036 10.4637
246.77 10.5904
241.957 10.6307
243.977 10.7287
248.551 10.6348
244.765 10.5883
244.765 10.5399
247.854 10.5905
250.811 10.5762
251.397 10.5684
244.023 10.6744
244.023 10.658
244.023 10.5652
248.308 10.541
244.949 10.633
244.949 10.592
239.564 10.5229
243.932 10.5295
241.77 10.4198
241.77 10.692
246.155 10.6295
249.78 10.5175
256.365 10.5669
251.246 10.526
251.246 10.5328
251.246 10.5966
248.403 10.6691
248.403 10.5951
248.403 10.6443
252.39 10.5004
251.337 10.5639
251.337 10.5637
251.337 10.5205
251.337 10.5195
253.168 10.5648
253.168 10.5815
255.248 10.5703
255.248 10.6658
255.248 10.4523
247.879 10.6686
247.879 10.587
247.879 10.5516
246.809 10.5498
246.809 10.5896
248.63 10.5189
248.63 10.5943
246.456 10.5678
246.751 10.5203
246.751 10.5589
243.629 10.624
247.967 10.5745
245.853 10.5349
246.109 10.651
250.148 10.5007
252.028 10.4611
251.531 10.4681
246.68 10.5127
243.341 10.5192
246.447 10.5664
250.951 10.4969
251.829 10.4583
245.832 10.4671
245.832 10.5291
245.832 10.5687
245.832 10.6462
245.832 10.5313
249.019 10.4446
245.12 10.4899
244.545 10.4899
244.545 10.4413
248.674 10.576
251.501 10.5306
251.501 10.6425
251.501 10.461
251.501 10.4441
244.716 10.5254
244.716 10.4722
244.716 10.6245
244.716 10.5837
253.699 10.54
250.647 10.6016
250.502 10.4581
247.731 10.5253
251.842 10.5887
251.842 10.635
247.485 10.7064
247.485 10.4956
247.485 10.6331
245.503 10.5443
250.032 10.5551
247.307 10.5679
247.307 10.5021
253.656 10.5629
253.656 10.5972
246.112 10.5407
246.112 10.5831
248.663 10.5901
244.561 10.5771
244.561 10.454
256.062 10.496
258.586 10.526
245.529 10.444
249.985 10.5726
241.656 10.4996
249.787 10.5889
245.528 10.5103
245.458 10.5823
245.105 10.7347
245.105 10.5362
247.405 10.5827
250.216 10.5352
250.216 10.7474
247.484 10.5887
248.275 10.6395
245.866 10.5969
236.677 10.6043
247.648 10.4128
244.791 10.4553
249.307 10.5896
249.307 10.5218
247.85 10.5674
247.85 10.5947
250.408 10.4861
244.959 10.6004
244.959 10.554
250.413 10.5572
250.413 10.5614
247.254 10.5321
247.254 10.5875
244.92 10.5898
247.223 10.5272
247.223 10.6136
247.223 10.6644
247.223 10.6063
247.223 10.7152
252.672 10.604
251.302 10.6404
251.416 10.6345
251.416 10.5885
253.201 10.6125
245.358 10.6279
248.3 10.559
247.007 10.5396
248.438 10.5529
250.343 10.5903
250.343 10.5362
236.587 10.6052
245.913 10.5885
249.016 10.559
244.103 10.4794
246.969 10.6667
246.969 10.6307
242.276 10.6082
242.276 10.5687
243.354 10.5384
243.354 10.6527
238.097 10.6659
240.727 10.6721
240.489 10.6549
244.983 10.4816
245.463 10.4446
245.463 10.5209
247.905 10.4224
242.682 10.5796
246.116 10.5981
241.121 10.5402
241.121 10.6158
241.587 10.5666
241.587 10.5743
248.417 10.4528
247.429 10.5516
247.429 10.6283
247.429 10.4567
243.961 10.5286
243.961 10.6733
246.774 10.4883
246.774 10.5288
246.774 10.6246
248.458 10.5563
245.355 10.6065
245.355 10.5893
249.197 10.6471
242.619 10.6583
242.619 10.62
244.661 10.5562
244.637 10.6365
242.789 10.6655
242.789 10.5991
242.789 10.4408
254.608 10.4916
249.716 10.5762
244.003 10.594
249.357 10.5692
243.794 10.5077
251.103 10.4606
255.729 10.5335
247.167 10.6549
247.167 10.5262
242.724 10.5356
248.497 10.5876
243.903 10.4925
243.903 10.5226
250.443 10.5807
250.443 10.592
247.484 10.6657
249.204 10.5616
243.642 10.5728
243.642 10.6629
244.572 10.5052
246.142 10.4254
246.142 10.4861
247.336 10.4637
246.714 10.4879
248.004 10.5883
250.182 10.5852
247.635 10.5836
253.751 10.5886
248.985 10.5418
247.542 10.5832
247.542 10.5337
247.542 10.5301
246.781 10.5285
246.781 10.5282
247.578 10.4557
247.578 10.4165
251.147 10.4061
251.147 10.599
245.957 10.6028
245.957 10.6179
247.538 10.4774
244.442 10.5232
246.618 10.7272
244.178 10.5956
244.178 10.5866
251.991 10.5236
241.547 10.5584
245.863 10.4737
242.065 10.4845
242.065 10.4798
244.386 10.5813
244.386 10.5057
251.785 10.5905
244.96 10.5319
244.937 10.4614
250.303 10.4861
250.303 10.5628
252.918 10.5502
250.286 10.6043
248.631 10.5728
249.383 10.6219
249.383 10.5761
247.269 10.547
247.269 10.3726
248.393 10.4892
246.783 10.4312
244.578 10.5394
244.543 10.5428
242.872 10.4681
247.544 10.6331
249.192 10.4064
253.267 10.5078
249.835 10.5945
256.632 10.6636
251.483 10.5444
251.483 10.5799
251.483 10.4379
252.463 10.5539
253.776 10.6372
239.614 10.5988
243.609 10.6326
242.152 10.5486
242.152 10.5685
246.338 10.5008
246.338 10.4696
246.338 10.6223
243.27 10.3815
243.831 10.4439
243.831 10.6023
245.092 10.4252
245.092 10.6006
238.453 10.5231
246.855 10.5444
246.855 10.6122
244.133 10.4806
244.133 10.6322
251.938 10.5725
249.463 10.5483
250.957 10.5009
253.124 10.4623
242.029 10.5092
250.572 10.4931
248.751 10.621
245.475 10.5881
245.475 10.5214
245.306 10.4578
248.016 10.5375
244.393 10.4332
243.861 10.5856
243.861 10.5896
250.954 10.6203
251.721 10.37
251.721 10.4549
247.562 10.449
247.562 10.4535
249.005 10.7173
247.885 10.579
247.885 10.5592
252.613 10.5899
254.572 10.5152
243.597 10.6094
243.597 10.6159
243.597 10.6197
246.486 10.5699
245.652 10.5058
245.122 10.4772
246.592 10.506
247.126 10.5417
246.917 10.6144
243.154 10.5957
244.251 10.6005
246.093 10.5051
246.093 10.5603
241.823 10.5575
247.775 10.4381
247.775 10.7137
245.076 10.5294
245.376 10.5508
242.591 10.5956
246.905 10.4754
246.905 10.5632
246.905 10.603
246.905 10.5202
246.905 10.5444
246.905 10.5748
242.971 10.5884
242.971 10.5156
250.676 10.6405
243.816 10.6483
243.816 10.5302
250.192 10.55
250.192 10.5563
248.591 10.687
243.036 10.6511
250.656 10.6532
250.656 10.6738
250.656 10.5651
249.325 10.7063
249.325 10.5185
249.325 10.5726
249.325 10.616
244.14 10.6168
244.14 10.4297
249.529 10.6016
248.137 10.5491
244.095 10.5001
244.836 10.4942
244.836 10.4665
249.264 10.5218
244.819 10.6394
247.096 10.5512
253.302 10.5015
253.302 10.5066
253.302 10.5801
253.613 10.6411
252.006 10.5901
249.527 10.5025
251.896 10.6126
249.812 10.525
246.605 10.6285
252.496 10.5388
252.496 10.5804
243.773 10.6105
245.731 10.6182
251.486 10.5673
251.486 10.6091
249.804 10.4264
245.789 10.4459
250.198 10.6967
251.088 10.5367
252.574 10.4209
244.096 10.5336
249.888 10.4409
243.559 10.4896
243.855 10.5774
243.855 10.5848
243.855 10.559
242.282 10.6021
242.282 10.6381
242.282 10.6382
247.922 10.6648
247.922 10.4778
247.922 10.5433
247.922 10.5507
247.351 10.5754
245.576 10.5808
245.576 10.5718
250.317 10.55
250.317 10.5019
246.498 10.459
251.931 10.489
245.746 10.5388
245.413 10.5194
251.203 10.6039
251.076 10.6563
251.076 10.5254
241.101 10.5465
250.055 10.5156
250.055 10.5807
243.478 10.7128
248.443 10.6379
248.443 10.545
247.846 10.488
247.846 10.6433
243.623 10.5001
246.051 10.4916
246.051 10.5365
240.876 10.6312
237.204 10.5569
241.869 10.5532
238.012 10.4764
248.485 10.4671
248.485 10.4878
248.986 10.4694
251.104 10.5794
242.464 10.4915
249.544 10.6152
250.374 10.5059
242.887 10.4221
241.73 10.6206
250.51 10.5346
249.24 10.5177
249.24 10.5136
249.24 10.5684
246.299 10.572
244.036 10.6067
244.036 10.5683
243.001 10.5182
249.159 10.504
249.159 10.5713
249.159 10.4908
252.38 10.4945
248.556 10.469
243.177 10.6588
243.037 10.634
250.848 10.6881
250.848 10.5047
249.086 10.5784
249.086 10.4964
241.277 10.4449
247.882 10.5498
247.882 10.6826
251.493 10.6194
242.466 10.4762
249.329 10.6547
243.881 10.4783
243.881 10.6322
243.881 10.55
243.881 10.336
244.266 10.6998
244.266 10.6273
244.266 10.6242
249.253 10.5436
248.697 10.3723
247.024 10.3025
244.019 10.6732
247.546 10.4979
247.546 10.4078
247.546 10.4927
247.546 10.5911
247.546 10.5323
243.601 10.5449
246.919 10.624
246.919 10.5407
245.644 10.5553
247.089 10.5662
249.762 10.6191
247.871 10.4767
245.559 10.4948
245.559 10.4944
240.264 10.5084
244.102 10.5936
244.102 10.4953
244.102 10.5892
247.033 10.5815
247.136 10.6546
236.516 10.5267
243.948 10.5325
243.948 10.6422
244.54 10.3919
241.217 10.5643
244.585 10.3539
240.429 10.5401
240.429 10.5012
240.429 10.4512
240.429 10.5799
240.429 10.5086
240.843 10.5706
246.599 10.4891
249.151 10.5503
250.607 10.5459
241.63 10.4313
248.537 10.5024
246.622 10.4871
241.913 10.6339
241.543 10.5339
241.906 10.5298
245.323 10.5604
245.037 10.5003
243.635 10.4529
247.212 10.4268
245.97 10.4894
249.402 10.53
244.124 10.7119
239.586 10.4973
244.077 10.5983
244.588 10.4436
247.336 10.5472
246.647 10.612
245.428 10.581
249.246 10.5562
245.457 10.5983
245.111 10.5653
247.374 10.4595
245.422 10.452
248.669 10.5632
235.038 10.5107
244.319 10.5937
248.764 10.5625
244.623 10.547
247.245 10.5667
245.207 10.4938
245.497 10.5529
252.996 10.5333
255.508 10.5023
250.507 10.5704
247.546 10.5899
246.254 10.4798
249.876 10.5208
248.393 10.5209
248.286 10.485
252.141 10.6824
248.102 10.6392
250.764 10.5051
240.627 10.4738
247.468 10.468
251.046 10.6091
246.379 10.584
251.252 10.6196
242.948 10.5849
245.771 10.6124
254.342 10.5838
240.999 10.5815
241.637 10.6303
247.545 10.6068
246.7 10.4993
248.026 10.6589
243.384 10.6047
247.175 10.626
252.132 10.6591
247.069 10.6523
248.733 10.6185
251.787 10.497
251.748 10.5873
251.179 10.527
249.304 10.5886
247.516 10.4938
246.414 10.6058
250.021 10.5518
250.176 10.5586
249.67 10.654
247.704 10.6842
247.734 10.5511
252.155 10.5642
247.73 10.673
247.243 10.605
249.207 10.5531
252.84 10.4039
250.685 10.5713
250.685 10.588
247.681 10.5513
247.312 10.6379
244.085 10.5464
251.881 10.5904
248.294 10.5561
251.269 10.5625
240.759 10.5422
239.723 10.5489
246.914 10.5218
247.816 10.5984
245.134 10.5213
245.552 10.6242
244.857 10.6082
247.754 10.5964
249.379 10.5661
249.151 10.6853
253.131 10.6726
249.083 10.6584
248.64 10.4275
244.949 10.5634
247.639 10.5582
248.165 10.5346
251.641 10.4598
246.592 10.4514
245.339 10.5351
245.34 10.7077
246.12 10.3455
243.301 10.5354
242.836 10.7235
244.925 10.6136
237.582 10.4937
245.067 10.6686
248.329 10.543
247.604 10.5577
247.644 10.536
246.215 10.543
242.935 10.4652
245.746 10.4391
251.804 10.4489
243.738 10.4985
247.963 10.556
249.662 10.4317
249.632 10.5212
241.066 10.6949
248.234 10.5209
245.426 10.4703
249.248 10.4273
248.297 10.6703
250.507 10.5316
251.714 10.5091
247.587 10.4701
244.98 10.5731
250.687 10.5111
246.645 10.5826
249.252 10.4922
246.319 10.4625
250.449 10.4625
241.134 10.4507
246.329 10.5133
246.212 10.4543
249.672 10.6052
246.297 10.6213
245.305 10.5334
243.861 10.6097
245.426 10.6035
240.528 10.6631
245.078 10.6104
246.608 10.5161
251.05 10.5552
252.52 10.5132
247.005 10.6417
254.412 10.4481
250.736 10.6536
251.523 10.4758
252.291 10.5182
254.284 10.6301
248.887 10.526
250.925 10.5166
247.877 10.6148
245.734 10.3701
251.567 10.3894
245.27 10.5188
245.797 10.4392
245.826 10.6248
250.007 10.4769
251.229 10.4476
251.738 10.5511
251.738 10.6914
247.726 10.5784
249.212 10.6271
245.049 10.6603
250.091 10.455
249.108 10.5161
244.327 10.5295
246.734 10.5856
243.771 10.5418
243.324 10.6102
252.335 10.4632
247.708 10.5343
244.39 10.5366
249.563 10.5585
246.429 10.5501
242.258 10.5134
251.063 10.5155
243.958 10.7209
245.182 10.6271
245.856 10.6172
243.82 10.4877
245.178 10.4969
245.642 10.4763
246.521 10.5263
243.806 10.6002
247.806 10.4447
248.185 10.4692
259.433 10.508
254.628 10.5826
248.131 10.6043
245.209 10.5958
246.541 10.5932
249.401 10.5345
245.267 10.5563
251.165 10.4701
241.709 10.41
244.638 10.6392
248.24 10.5932
246.291 10.5835
244.766 10.6086
246.679 10.5838
243.343 10.475
239.583 10.4967
250.272 10.5404
248.406 10.6002
249.58 10.6321
250.04 10.6466
250.486 10.484
251.742 10.5596
250.454 10.586
248.83 10.6455
252.541 10.587
251.902 10.4772
244.931 10.4685
243.94 10.5162
249.882 10.5514
251.484 10.5898
250.187 10.5525
248.903 10.5204
241.44 10.7259
241.44 10.5441
250.081 10.5233
250.646 10.4636
247.093 10.6183
246.001 10.5066
246.87 10.6544
249.697 10.4514
251.793 10.5435
249.437 10.5829
247.81 10.3654
246.505 10.5437
244.291 10.5902
244.95 10.5561
243.385 10.7119
240.554 10.5449
249.182 10.5785
247.488 10.5515
257.721 10.6577
243.89 10.547
242.711 10.4696
252.655 10.5598
251.917 10.5068
247.607 10.5827
252.167 10.6613
247.767 10.668
248.396 10.6902
250.971 10.5028
249.977 10.4505
248.277 10.586
249.146 10.5379
249.46 10.4817
248.111 10.4293
247.507 10.5982
250.294 10.4128
245.951 10.5331
243.425 10.527
249.398 10.7055
243.166 10.6024
252.715 10.537
245.445 10.55
248.285 10.5462
243.676 10.494
246.136 10.7225
246.102 10.5659
241.614 10.4701
250.589 10.5312
244.131 10.6026
243.61 10.6449
251.01 10.5749
243.957 10.6147
251.273 10.4665
251.312 10.4312
250.412 10.5379
249.835 10.4897
249.798 10.6445
247.189 10.7155
250.937 10.5351
246.522 10.5795
244.833 10.5734
241.901 10.4982
245.438 10.5293
245.077 10.5188
245.039 10.6335
244.77 10.6088
244.806 10.5633
244.756 10.5562
244.928 10.642
244.925 10.5407
247.404 10.5194
246.55 10.6141
247.497 10.4478
245.66 10.4242
246.418 10.4931
248.536 10.4744
250.95 10.4622
249.273 10.5108
247.051 10.5487
247.059 10.4035
246.984 10.5617
251.913 10.5593
247.877 10.5613
246.118 10.6019
248.961 10.5608
244.118 10.5608
247.054 10.4292
253.008 10.6794
246.698 10.6552
242.452 10.6593
243.494 10.475
245.255 10.5025
245.182 10.5441
244.93 10.5545
250.178 10.5139
252.07 10.7038
251.179 10.4859
244.896 10.5644
246.045 10.6326
246.525 10.4506
250.382 10.4586
251.513 10.4266
245.829 10.4074
249.742 10.5318
249.742 10.4578
255.528 10.4878
256.364 10.517
253.092 10.5401
241.935 10.5071
244.768 10.5957
242.219 10.5281
250.314 10.6613
253.233 10.5977
251.874 10.589
252.218 10.5541
249.336 10.5247
245.773 10.5939
248.342 10.6037
248.331 10.5094
250.775 10.5019
250.122 10.6757
245.269 10.4803
243.209 10.4346
249.239 10.5872
248.218 10.664
250.154 10.369
247.978 10.5892
245.6 10.4984
249.779 10.6962
253.799 10.4781
252.489 10.5863
243.378 10.5005
244.834 10.5374
248.881 10.479
244.688 10.4677
245.918 10.712
247.245 10.6857
245.223 10.6103
243.888 10.5431
243.963 10.6725
244.181 10.4611
251.187 10.4868
252.348 10.5441
243.288 10.6118
246.93 10.4324
239.726 10.5499
246.696 10.605
250.615 10.4256
248.538 10.4534
248.43 10.5693
245.074 10.5377
249.225 10.5909
247.381 10.5223
244.211 10.6552
249.505 10.6826
243.888 10.532
251.274 10.7023
238.912 10.5846
248.758 10.6211
247.071 10.5296
245.952 10.6367
245.251 10.5375
248.638 10.6064
249.671 10.6326
245.065 10.5415
248.64 10.5573
249.704 10.6343
245.1 10.6474
243.681 10.6483
245.057 10.6463
249.993 10.5865
253.986 10.8643
252.408 10.5634
250.931 10.5175
250.837 10.4976
247.383 10.528
246.398 10.6102
241.908 10.4875
245.064 10.4772
252.204 10.5794
250.503 10.6265
245.435 10.616
245.242 10.5711
249.711 10.5145
241.552 10.5342
240.151 10.5009
246.851 10.5044
244.117 10.6187
247.248 10.6004
247.077 10.6228
240.989 10.6516
247.099 10.4289
245.056 10.5516
244.363 10.5895
248.011 10.5575
249.168 10.5836
251.363 10.6113
251.888 10.6071
250.67 10.4926
252.746 10.5909
250.347 10.6487
249.883 10.6051
247.119 10.5036
246.02 10.5362
244.86 10.5261
249.274 10.5392
245.339 10.5839
246.252 10.6894
246.956 10.6084
245.328 10.4886
247.422 10.5927
245.069 10.4991
244.546 10.5601
242.201 10.5274
249.248 10.533
255.503 10.4459
247.995 10.4896
251.165 10.6831
245.127 10.4761
246.697 10.5476
252.543 10.7086
247.474 10.6421
246.931 10.6184
246.026 10.4632
248.539 10.4886
248.455 10.5626
247.404 10.6219
247.028 10.6608
245.927 10.616
251.353 10.5938
250.741 10.5196
248.18 10.467
251.793 10.5791
248.012 10.5572
249.705 10.4888
247.11 10.5086
246.194 10.4929
249.208 10.5347
247.082 10.5912
247.056 10.6724
246.458 10.5907
246.235 10.5905
246.146 10.5994
255.821 10.5158
250.303 10.4605
241.685 10.4474
238.899 10.5811
240.331 10.468
240.815 10.5265
242.896 10.4664
249.377 10.4753
242.658 10.6318
247.742 10.4656
244.576 10.4965
243.607 10.5351
240.896 10.5803
242.072 10.6127
243.966 10.5904
243.486 10.5758
248.398 10.6728
247.133 10.5231
245.059 10.5178
247.798 10.6418
247.094 10.6435
248.184 10.6103
247.734 10.6106
250.791 10.6198
246.162 10.6039
251.835 10.5375
250.011 10.5915
246.515 10.4971
252.761 10.5353
252.607 10.4259
253.078 10.5145
253.996 10.5362
248.439 10.64
250.792 10.5831
248.221 10.6026
246.969 10.4617
246.616 10.5553
246.119 10.6304
250.487 10.7479
248.623 10.5954
251.111 10.6323
250.546 10.5259
249.164 10.5204
249.618 10.5664
251.314 10.5611
249.963 10.4745
250.27 10.528
246.41 10.4844
244.478 10.6395
246.945 10.5587
249.693 10.4811
247.419 10.571
246.876 10.5673
251.614 10.6136
251.386 10.5107
249.57 10.501
247.801 10.5373
244.426 10.6028
248.342 10.587
249.72 10.4099
247.365 10.6563
250.934 10.3125
245.821 10.6611
245.651 10.5828
246.863 10.5397
249.901 10.5312
240.401 10.5652
242.622 10.6466
239.209 10.6248
247.688 10.6013
246.954 10.4734
244.948 10.666
249.003 10.5714
249.402 10.5591
242.783 10.5246
244.715 10.5914
248.93 10.4959
246.707 10.5377
248.47 10.5509
243.948 10.5356
244.056 10.5963
248.511 10.6503
249.154 10.3801
251.099 10.6411
248.509 10.5608
248.635 10.6762
250.087 10.5707
249.455 10.4875
247.306 10.593
244.391 10.6008
242.243 10.6471
245.503 10.5261
251.087 10.5862
254.491 10.5666
253.184 10.2861
245.259 10.5541
242.421 10.5357
246.345 10.5868
248.473 10.4193
252.086 10.5424
245.729 10.5591
251.783 10.6007
247.485 10.5182
248.008 10.6571
252.278 10.6818
246.159 10.6671
249.12 10.7408
245.541 10.6644
252.154 10.6249
246.784 10.3554
248.384 10.5726
246.713 10.5967
247.892 10.5021
253.317 10.4316
253.168 10.5338
252.434 10.5178
249.381 10.5643
249.603 10.6053
246.712 10.5984
245.229 10.5376
246.858 10.6561
243.947 10.4724
245.359 10.4997
246.262 10.6083
245.016 10.5304
247.258 10.5199
251.037 10.5999
243.066 10.6098
245.652 10.5505
246.347 10.4819
247.058 10.7417
249.132 10.6019
249.939 10.6091
252.021 10.583
250.001 10.6616
248.243 10.5005
246.601 10.5587
250.167 10.4706
243.992 10.5905
256.368 10.6649
246.803 10.6325
250.777 10.4679
244.747 10.3826
248.222 10.5009
252.207 10.3741
244.163 10.7112
250.749 10.5311
246.294 10.5391
243.546 10.5374
245.315 10.5954
251.216 10.6191
247.681 10.3934
247.359 10.5745
247.903 10.5589
249.493 10.557
252.361 10.5744
252.722 10.5353
248.258 10.6249
251.395 10.5956
248.612 10.5832
247.813 10.453
247.744 10.4357
243.879 10.4672
249.541 10.6164
238.102 10.4827
244.724 10.5366
242.981 10.6487
246.643 10.5837
247.187 10.459
249.056 10.4923
251.398 10.6457
256.22 10.5005
246.81 10.5374
245.124 10.5317
243.933 10.4714
243.262 10.4679
244.37 10.6024
247.479 10.6126
245.293 10.4653
244.98 10.691
249.944 10.6077
243.235 10.5899
245.606 10.4785
248.993 10.5262
247.289 10.4526
251.082 10.3301
246.742 10.6281
246.687 10.6346
250.483 10.4925
244.327 10.5815
247.274 10.4018
247.332 10.6826
251.841 10.5218
245.917 10.513
251.852 10.5425
251.592 10.5742
247.36 10.4994
241.983 10.4215
247.376 10.5788
251.204 10.4356
250.449 10.5277
245.153 10.4719
246.051 10.5641
248.438 10.652
246.978 10.4873
248.156 10.4818
244.817 10.658
244.825 10.5803
245.773 10.658
253.464 10.5488
246.107 10.6338
242.674 10.6039
239.812 10.5259
245.926 10.5408
251.491 10.6974
246.26 10.5956
250.091 10.5192
250.687 10.5577
254.821 10.4912
252.319 10.3799
247.062 10.6192
251.762 10.5423
252.753 10.4718
252.753 10.5644
246.034 10.6018
243.094 10.5568
243.346 10.5712
248.782 10.6976
247.121 10.6299
248.633 10.6617
246.041 10.5796
252.585 10.4419
248.157 10.5204
240.67 10.768
245.637 10.6411
250.306 10.4346
245.962 10.6555
242.881 10.3955
240.75 10.4156
250.939 10.4416
246.2 10.5813
248.909 10.5466
246.102 10.5513
242.658 10.5992
256.407 10.5711
244.375 10.5925
245.299 10.5983
248.483 10.4946
250.567 10.6164
248.19 10.4654
251.169 10.423
244.897 10.6026
248.472 10.5278
243.155 10.4998
245.801 10.478
250.902 10.5147
245.467 10.5506
250.807 10.6475
250.043 10.5962
250.952 10.4923
247.179 10.4767
246.617 10.4014
244.926 10.4996
239.46 10.7079
241.276 10.57
252.004 10.5704
248.296 10.5259
247.752 10.3948
246.956 10.4063
243.275 10.5322
247.088 10.6277
249.096 10.459
241.066 10.5348
247.885 10.4963
243.735 10.4318
241.078 10.4859
243.081 10.4399
246.471 10.4295
250.429 10.4221
247.019 10.4865
244.964 10.6237
243.392 10.6246
248.538 10.6023
243.135 10.6164
252.932 10.6281
249.168 10.5496
251.028 10.4507
249.087 10.5019
247.49 10.5769
251.394 10.5722
250.143 10.5567
253.064 10.5452
250.096 10.4449
250.076 10.5552
245.664 10.6204
247.263 10.6028
241.761 10.4022
243.24 10.3813
244.12 10.6095
246.827 10.5423
248.434 10.6085
247.357 10.5732
250.297 10.5913
252.5 10.4539
247.123 10.557
251.428 10.5409
252.066 10.5374
247.202 10.4422
250.727 10.4379
250.227 10.6155
249.714 10.5952
248.641 10.5018
248.856 10.5758
247.172 10.5821
243.653 10.6207
245.33 10.6499
241.57 10.486
242.017 10.4342
240.787 10.5203
247.125 10.537
252.048 10.5444
249.022 10.5997
244.328 10.6079
245.169 10.5709
243.173 10.4329
241.278 10.3754
238.783 10.8027
244.922 10.3541
245.887 10.4995
245.313 10.3944
249.241 10.5072
246.627 10.6193
242.653 10.6076
242.616 10.4745
248.533 10.6906
246.533 10.4899
248.631 10.5084
248.767 10.4807
250.127 10.5045
249.483 10.5676
246.391 10.5466
247.186 10.5174
250.259 10.6179
249.902 10.4731
244.696 10.6012
241.246 10.5375
240.295 10.3786
246.291 10.5642
247.469 10.4863
247.431 10.4559
244.698 10.4257
246.918 10.5007
241.991 10.6373
249.169 10.645
244.36 10.5701
245.948 10.5492
241.806 10.6287
247.555 10.6945
246.263 10.5549
248.73 10.6158
251.123 10.5416
246.93 10.5282
246.517 10.4582
246.018 10.5296
246.372 10.4697
238.701 10.4217
243.371 10.5556
243.712 10.5046
248.106 10.5965
249.367 10.5758
248.87 10.6733
249.872 10.6388
252.393 10.5301
255.216 10.5262
248.354 10.4893
246.357 10.753
244.228 10.4493
250.091 10.5957
247.178 10.6443
244.792 10.6912
244.282 10.519
245.163 10.5359
249.608 10.5297
244.295 10.5678
245.346 10.5693
247.234 10.5929
249.06 10.6081
248.099 10.6283
248.066 10.5845
256.442 10.5307
249.808 10.5295
252.998 10.5804
243.683 10.579
240.307 10.6519
242.429 10.5941
245.785 10.3916
248.205 10.5105
243.551 10.516
242.28 10.595
245.292 10.3861
249.396 10.5077
253.731 10.6035
250.135 10.5862
249.904 10.4237
246.773 10.4905
248.461 10.4851
246.17 10.5062
249.732 10.5497
245.35 10.69
250.179 10.6128
248.64 10.6252
250.848 10.5111
249.071 10.5317
245.904 10.5043
250.977 10.5348
251.806 10.5112
251.487 10.5474
255.652 10.602
249.125 10.6999
251.888 10.5932
252.368 10.7606
252.417 10.6368
248.325 10.5468
251.534 10.5751
245.48 10.4451
250.802 10.5486
249.066 10.4979
249.262 10.5217
251.188 10.5384
248.553 10.6328
252.442 10.5585
246.963 10.4966
246.686 10.7005
245.67 10.5769
242.12 10.6771
249.274 10.6398
249.515 10.473
250.585 10.2764
248.717 10.5121
248.227 10.4391
249.784 10.4879
249.299 10.6438
245.211 10.6024
241.774 10.5308
237.039 10.618
246.502 10.4285
247.611 10.5639
248.833 10.5111
248.303 10.4854
244.456 10.5695
246.116 10.6114
247.433 10.6067
244.867 10.6071
246.181 10.6178
245.407 10.6422
251.876 10.6254
244.527 10.6286
246.681 10.5774
245.151 10.5183
247.726 10.4933
248.792 10.5272
244.13 10.6148
243.259 10.5877
243.687 10.5828
246.406 10.6649
241.863 10.572
247.604 10.5669
248.12 10.4595
248.331 10.5261
244.793 10.6033
243.382 10.5692
247.513 10.416
243.07 10.4084
251.157 10.4268
250.461 10.4453
252.192 10.451
250.805 10.5283
251.064 10.6316
251.023 10.6341
247.928 10.5963
248.059 10.6192
242.933 10.4929
250.526 10.4757
249.762 10.6441
243.877 10.5372
246.527 10.5139
245.325 10.4698
244.951 10.5892
245.319 10.581
252.441 10.5757
241.943 10.7529
248.599 10.4585
249.058 10.4928
247.376 10.4445
247.256 10.5692
246.832 10.4776
250.296 10.5179
250.998 10.5004
248.444 10.5713
244.068 10.5688
245.214 10.508
244.482 10.6619
241.885 10.4861
243.985 10.6884
254.345 10.6659
248.622 10.5019
242.307 10.4631
240.978 10.5316
252.513 10.5189
252.319 10.5232
246.261 10.5467
242.719 10.4727
246.264 10.4954
247.181 10.5638
253.471 10.6668
251.669 10.5492
251.676 10.5354
248.544 10.6477
253.807 10.4852
246.648 10.6171
238.706 10.5003
247.912 10.629
243.974 10.5574
244.673 10.5331
251.098 10.5536
242.478 10.6207
246.032 10.7068
245.761 10.4156
241.926 10.5513
249.458 10.6412
249.252 10.5239
249.86 10.5304
252.104 10.4508
247.509 10.5539
242.832 10.501
244.41 10.5088
240.349 10.5561
247.125 10.5219
243.96 10.4833
241.378 10.4473
242.352 10.5851
241.013 10.5003
247.384 10.4841
247.535 10.479
240.223 10.4917
244.732 10.5473
246.03 10.6383
237.229 10.6562
249.31 10.5121
242.781 10.625
246.121 10.5391
244.584 10.3592
245.1 10.6199
245.465 10.6079
245.621 10.6623
251.131 10.5999
252.761 10.5984
245.89 10.5758
246.142 10.6941
243.599 10.615
240.352 10.6109
244.264 10.561
246.981 10.5349
240.438 10.529
243.945 10.5526
246.367 10.3707
243.53 10.5872
238.88 10.5596
248.567 10.6524
249.452 10.6218
244.223 10.5136
245.758 10.589
247.032 10.4632
245.105 10.5679
252.007 10.5663
254.554 10.618
250.207 10.6189
249.167 10.6229
248.78 10.4073
256.996 10.4679
246.857 10.5585
244.96 10.574
244.573 10.6457
247.823 10.4831
249.715 10.6158
248.219 10.6202
249.724 10.5172
248.964 10.5356
253.813 10.6161
236.01 10.6495
233.398 10.4947
243.252 10.5239
245.415 10.4886
249.359 10.7676
247.8 10.4342
247.557 10.6181
247.266 10.4476
248.301 10.6095
243.48 10.5247
244.861 10.6304
246.848 10.5169
244.612 10.4658
245.396 10.6054
245.788 10.5139
246.809 10.4931
245.852 10.4941
247.691 10.5695
252.744 10.4797
245.019 10.6009
251.303 10.4447
247.066 10.5281
244.003 10.651
248.317 10.5141
247.282 10.5187
248.601 10.4212
243.235 10.4687
246.255 10.565
241.373 10.5771
251.264 10.6146
246.536 10.6188
249.22 10.3883
247.087 10.4293
246.098 10.5064
251.668 10.7016
249.885 10.4475
244.383 10.4528
247.576 10.5698
249.133 10.5672
245.486 10.6087
245.369 10.5579
248.676 10.4964
247.402 10.4975
244.633 10.5849
244.309 10.5189
245.016 10.7842
248.215 10.5306
246.905 10.5489
246.369 10.6086
250.999 10.5231
251.233 10.5529
251.849 10.5889
250.567 10.5863
250.237 10.6366
249.027 10.5551
247.978 10.4718
243.983 10.5428
242.648 10.6122
245.372 10.5028
247.951 10.4921
249.511 10.5268
238.095 10.6292
249.269 10.5365
242.037 10.5558
246.681 10.5417
249.544 10.4678
248.184 10.5243
242.531 10.4739
252.262 10.6831
257.445 10.5318
247.155 10.5888
248.484 10.5542
250.523 10.5631
251.837 10.5157
247.27 10.6018
252.557 10.4189
251.35 10.4729
250.331 10.5222
250.393 10.5356
249.82 10.6402
249.614 10.5996
249.759 10.4284
252.408 10.5001
246.506 10.5498
244.795 10.6355
250.283 10.5922
247.445 10.5058
249.248 10.5789
249.688 10.4469
255.387 10.4497
244.92 10.4832
246.127 10.5248
248.603 10.5371
243.417 10.5055
244.192 10.5586
243.172 10.6133
245.865 10.6317
249.738 10.616
248.178 10.574
246.571 10.6237
244.843 10.6296
241.016 10.5122
253.8 10.5433
248.509 10.5366
246.681 10.6022
247.325 10.56
248.505 10.5507
245.033 10.551
242.792 10.5754
241.674 10.5906
251.544 10.396
243.062 10.5293
241.701 10.5253
238.792 10.5165
251.665 10.4319
249.274 10.5303
242.124 10.3787
243.888 10.6406
250.652 10.5424
241.984 10.6734
246.918 10.5457
248.618 10.4507
251.033 10.6179
249.896 10.5474
253.404 10.5698
243.566 10.5066
246.155 10.7125
243.992 10.6492
251.137 10.5557
251.23 10.6049
250.478 10.3974
249.979 10.5314
251.642 10.5359
249.792 10.5377
252.737 10.5287
244.592 10.4977
246.568 10.636
235.64 10.5753
251.511 10.6153
244.591 10.6751
252.831 10.4112
248.072 10.4867
248.076 10.4971
247.586 10.5754
242.962 10.5832
244.911 10.6064
246.416 10.6567
249.172 10.5589
244.006 10.5469
250.504 10.6038
250.394 10.5583
247.437 10.6587
252.33 10.4638
255.57 10.4499
253.564 10.6434
254.321 10.566
247.917 10.4536
256.49 10.6174
244.379 10.5806
247.28 10.5464
250.206 10.5629
247.974 10.6525
245.78 10.5518
247.058 10.5682
245.286 10.5704
244.595 10.5891
243.745 10.499
247.108 10.4341
247.319 10.4833
248.884 10.6722
239.707 10.519
244.414 10.5013
247.61 10.5362
247.876 10.5359
248.919 10.5501
246.138 10.4415
246.148 10.5182
246.75 10.6389
246.515 10.4608
254.804 10.6835
250.738 10.456
250.328 10.5036
250.778 10.5401
253.226 10.4421
245.937 10.5228
242.589 10.4669
246.503 10.4785
245.931 10.5581
248.338 10.5252
251.576 10.5301
241.133 10.5603
244.223 10.5983
243.066 10.6082
245.038 10.5737
243.817 10.5483
246.571 10.5155
247.311 10.5434
246.111 10.4776
245.788 10.6478
246.745 10.6093
240.921 10.5745
245.311 10.4981
244.248 10.6068
244.083 10.585
243.594 10.5469
248.701 10.6669
244.782 10.6098
250.939 10.4199
244.996 10.6564
245.511 10.6496
245.538 10.5718
250.266 10.4767
249.022 10.7089
243.798 10.618
251.538 10.52
245.162 10.6119
244.845 10.5824
249.543 10.5395
249.924 10.5508
246.533 10.5652
247.243 10.5319
245.029 10.6138
248.653 10.6825
255.161 10.5993
250.53 10.5936
245.141 10.5687
245.719 10.535
247.967 10.548
247.316 10.488
245.657 10.6604
239.737 10.6123
244.274 10.4979
243.917 10.4008
250.299 10.6258
240.789 10.5813
243.784 10.4725
245.148 10.5367
244.601 10.5074
245.449 10.586
242.639 10.6457
246.494 10.6075
250.95 10.5536
250.404 10.639
251.001 10.645
250.671 10.5188
244.503 10.5679
247.147 10.4144
248.907 10.4058
247.108 10.4011
243.459 10.4944
249.792 10.5346
248.095 10.5119
249.415 10.5198
249.243 10.5147
249.727 10.5521
253.568 10.4267
247.506 10.5399
248.286 10.4991
251.348 10.5858
246.376 10.4499
250.195 10.4193
246.335 10.49
246.612 10.5399
246.521 10.4593
255.558 10.6308
250.042 10.5891
252.59 10.4978
251.801 10.4918
248.405 10.5787
249.853 10.5682
246.493 10.4666
245.631 10.553
250.394 10.5534
247.176 10.4946
242.128 10.5916
246.773 10.5396
251.41 10.5653
245.2 10.4759
246.145 10.5089
244.66 10.511
243.714 10.5923
251.886 10.62
247.691 10.541
246.333 10.5197
245.256 10.5513
244.865 10.5551
247.164 10.635
245.874 10.4405
246.372 10.6015
252.052 10.6002
249.813 10.4588
254.249 10.4001
247.099 10.5442
252.111 10.5793
251.104 10.495
244.537 10.5456
246 10.5093
242.634 10.4109
246.682 10.6642
241.379 10.622
243.248 10.3802
248.522 10.5521
247.038 10.6164
253.494 10.5985
248.701 10.6126
251.613 10.5904
248.715 10.6077
250.055 10.5885
247.329 10.5989
245.646 10.6493
251.154 10.5661
252.121 10.522
249.95 10.5636
249.239 10.5702
247.433 10.5137
248.733 10.4717
250.358 10.6227
249.87 10.4525
251.286 10.4636
251.695 10.6476
246.995 10.4933
250.393 10.5953
244.766 10.5829
245.419 10.5111
244.756 10.5609
250.172 10.5987
246.746 10.6521
250.323 10.6242
249.212 10.4536
247.16 10.5858
243.106 10.5532
249.979 10.4499
247.018 10.4226
246.424 10.5938
249.256 10.527
248.967 10.4827
242.897 10.5987
245.039 10.6119
241.345 10.6039
241.982 10.5959
254.099 10.5891
249.177 10.6493
248.403 10.5251
250.793 10.5038
250.483 10.5352
251.241 10.5302
244.271 10.5153
245.719 10.5153
244.976 10.6338
251.238 10.5792
248.563 10.5223
244.025 10.5885
245.774 10.5572
251.874 10.505
245.568 10.5688
246.207 10.5452
246.467 10.5783
241.472 10.4577
244.794 10.3676
249.839 10.5044
245.072 10.5601
244.31 10.5808
245.046 10.5782
248.086 10.5567
250.157 10.5426
249.815 10.4059
250.976 10.3708
249.309 10.567
247.498 10.5802
247.335 10.5143
246.077 10.6379
248.617 10.6346
246.603 10.5779
248.781 10.5152
247.783 10.4742
242.57 10.5096
245.32 10.5031
247.849 10.5043
257.582 10.493
257.582 10.3315
252.483 10.5819
252.049 10.5625
251.436 10.646
250.381 10.5792
251.853 10.6717
247.627 10.468
242.816 10.5631
242.197 10.5569
250.105 10.6082
251.642 10.6497
251.817 10.7018
248.522 10.5998
243.517 10.583
248.3 10.4516
246.85 10.4197
246.323 10.6598
241.487 10.5468
245.553 10.6282
246.217 10.5556
246.149 10.5723
244.761 10.4965
248.926 10.4214
249.753 10.4763
246.351 10.5
241.674 10.5807
248.045 10.6478
247.875 10.5925
251.25 10.6124
245.177 10.6142
242.727 10.6055
250.984 10.6096
249.502 10.6682
243.043 10.6469
246.456 10.6563
249.851 10.6547
249.084 10.6137
245.838 10.5429
245.389 10.5709
251.161 10.5533
241.037 10.4601
251.294 10.4605
248.014 10.5886
243.897 10.5131
242.036 10.4343
248.168 10.5698
246.166 10.6033
246.46 10.6163
242.142 10.6234
244.923 10.5046
249.32 10.742
251.574 10.4602
246.85 10.4815
251.166 10.4519
251.58 10.4857
251.306 10.5277
252.184 10.5495
249.155 10.6498
252.859 10.6112
251.718 10.6394
253.576 10.5018
254.854 10.5567
243.697 10.6253
253.5 10.5458
243.743 10.5815
251.894 10.5593
249.375 10.5519
251.696 10.559
248.445 10.5607
250.248 10.562
253.762 10.5477
248.346 10.6242
248.899 10.594
248.298 10.6448
240.964 10.4738
249.427 10.4946
245.569 10.5739
238.34 10.5779
243.776 10.5068
240.831 10.4782
243.522 10.5168
244.927 10.6697
247.823 10.553
247.91 10.6156
248.509 10.5387
245.39 10.6703
245.069 10.5698
244.616 10.5353
251.373 10.4625
247.043 10.528
244.865 10.5568
241.792 10.5257
242.969 10.5329
249.95 10.4786
247.438 10.5616
246.943 10.5596
249.489 10.6029
242.929 10.6965
243.517 10.6171
254.598 10.5064
244.95 10.59
247.482 10.6062
246.677 10.5329
246.723 10.6228
249.1 10.5723
254.905 10.5235
250.966 10.5043
246.561 10.5048
249.618 10.6048
248.524 10.523
247.975 10.521
249.123 10.4295
245.406 10.6021
247.861 10.7018
249.853 10.6211
249.61 10.6051
246.128 10.581
249.25 10.6113
252.825 10.565
241.495 10.4939
245.616 10.443
244.054 10.4836
242.485 10.5569
243.866 10.5319
247.502 10.5925
246.412 10.5065
248.847 10.4242
246.83 10.5758
250.267 10.5213
248.293 10.4478
249.846 10.637
246.982 10.46
247.996 10.3975
249.729 10.5029
252.409 10.4778
247.084 10.3363
248.799 10.4427
245.642 10.5864
244.412 10.5851
249.422 10.5651
251.313 10.4996
246.377 10.6323
245.977 10.6056
248.021 10.6389
244.913 10.5141
247.318 10.5543
248.258 10.6131
246.16 10.7488
244.79 10.6218
246.233 10.472
241.846 10.5529
254.599 10.5893
248.763 10.5094
242.188 10.4977
250.892 10.5296
249.207 10.6186
241.895 10.6253
244.996 10.5815
250.318 10.6023
246.882 10.5103
248.727 10.419
250.431 10.5925
245.512 10.5182
247.667 10.5261
243.344 10.5482
245.602 10.466
243.862 10.5291
245.022 10.5159
248.32 10.5312
244.743 10.5472
241.966 10.3833
243.172 10.5995
242.058 10.5099
243.68 10.6299
242.702 10.624
245.526 10.6634
250.012 10.5699
250.371 10.5045
246.113 10.4542
250.334 10.5139
245.202 10.4611
251.9 10.5615
250.515 10.5623
250.549 10.5825
244.554 10.5139
247.103 10.515
243.748 10.5351
244.957 10.6621
245.206 10.5212
241.979 10.5383
247.091 10.4056
249.184 10.6194
247.747 10.5312
248.767 10.6956
249.24 10.5645
246.402 10.6442
243.281 10.5167
249.935 10.5
248.334 10.6252
248.195 10.5618
245.439 10.4613
248.849 10.4891
249.925 10.5789
246.084 10.5251
247.029 10.6696
246.657 10.4002
240.061 10.4893
243.44 10.6199
245.936 10.6077
244.729 10.5625
247.099 10.6201
246.765 10.5259
252.032 10.6899
253.506 10.6163
245.194 10.6089
244.736 10.4124
242.838 10.4525
244.378 10.4485
245.925 10.4204
246.003 10.4499
244.65 10.8603
244.712 10.6895
243.621 10.6013
244.26 10.6513
245.654 10.4404
247.934 10.5418
247.425 10.4672
252.95 10.6151
244.55 10.5661
237.576 10.5742
247.704 10.6403
245.998 10.5563
254.282 10.6672
247.692 10.5372
244.879 10.5359
245.77 10.5892
244.302 10.6077
241.834 10.6271
245.083 10.5759
247.674 10.6243
247.629 10.4888
245.961 10.4892
245.276 10.5922
250.541 10.6503
249.873 10.6935
249.963 10.6532
245.358 10.4584
241.268 10.5144
242.795 10.5636
247.434 10.6053
240.988 10.5155
248.884 10.5127
244.846 10.3873
247.476 10.559
248.01 10.5532
245.855 10.6457
243.883 10.482
243.419 10.5619
245.541 10.6597
251.122 10.5602
246.562 10.4516
250.188 10.6899
252.766 10.4788
243.113 10.4737
247.427 10.4633
243.527 10.5037
245.54 10.6
244.347 10.5975
246.283 10.5318
243.453 10.6804
244.558 10.5115
243.389 10.5578
243.397 10.5632
250.591 10.5522
247.303 10.608
247.619 10.479
247.718 10.5075
248.466 10.5916
249.421 10.5432
247.972 10.6544
250.632 10.6294
246.437 10.5977
243.368 10.5801
243.669 10.5145
241.044 10.4834
236.467 10.4541
244.571 10.5907
241.003 10.6655
247.228 10.5322
242.53 10.4357
250.519 10.471
249.23 10.5241
245.827 10.6934
246.978 10.5542
247.12 10.5102
252.49 10.5494
247.353 10.5495
246.398 10.5836
246.911 10.517
246.706 10.4433
250.389 10.5599
246.569 10.4957
245.793 10.4992
244.436 10.4338
245.509 10.4267
247.726 10.589
238.509 10.4519
243.102 10.6747
246.404 10.5057
245.086 10.5292
253.135 10.4672
250.427 10.4534
247.077 10.4331
245.498 10.5379
245.977 10.4219
248.186 10.5822
252.938 10.6083
244.934 10.6515
250.234 10.5443
247.254 10.4973
246.959 10.5529
249.38 10.6636
237.86 10.5354
245.36 10.5502
253.252 10.6027
250.4 10.536
252.4 10.4414
252.917 10.5181
249.828 10.5479
245.651 10.542
249.764 10.6295
252.79 10.5083
248.104 10.5205
250.392 10.4069
250.224 10.4846
249.897 10.5111
249.931 10.601
248.313 10.5942
248.882 10.5612
247.247 10.4691
248.1 10.5082
247.114 10.51
248.118 10.6215
247.166 10.5958
249 10.6358
250.279 10.5904
250.009 10.4967
241.018 10.6326
239.749 10.5888
248.431 10.5581
247.895 10.59
245.882 10.6256
250.064 10.5876
245.864 10.4613
249.935 10.4521
250.549 10.5986
250.079 10.5402
250.235 10.4059
252.71 10.5653
253.07 10.508
251.201 10.6378
245.916 10.5543
246.062 10.4767
247.531 10.5601
247.446 10.5576
248.648 10.5803
240.151 10.5679
246.759 10.5026
245.925 10.5209
244.928 10.5072
246.483 10.6341
245.321 10.5944
251.011 10.6118
253.533 10.6156
248.028 10.6123
247.54 10.5822
244.354 10.4734
245.339 10.6357
250.797 10.6657
250.198 10.5833
248.988 10.5204
246.355 10.5126
249.687 10.4807
248.016 10.5202
246.138 10.6118
241.244 10.5926
245.118 10.6054
240.695 10.4526
247.683 10.4573
241.967 10.4583
244.303 10.4628
239.871 10.5964
250.793 10.5363
245.949 10.684
244.369 10.5397
249.152 10.5814
247.244 10.4944
246.984 10.4479
243.097 10.4165
248.161 10.6131
246.287 10.495
246.43 10.5992
241.975 10.633
246.603 10.4925
246.67 10.4207
246.108 10.5139
245.172 10.5098
248.203 10.657
248.837 10.5292
247.129 10.5667
248.03 10.614
247.962 10.5365
248.064 10.6434
241.304 10.5404
248.163 10.5818
245.923 10.5434
242.599 10.5844
244.632 10.5348
249.061 10.6439
247.208 10.6393
243 10.5163
242.153 10.5629
241.831 10.6054
242.511 10.5083
242.578 10.6764
242.406 10.613
244.436 10.4756
239.884 10.6163
244.633 10.7038
245.998 10.57
240.342 10.5742
244.654 10.5179
246.005 10.474
246.532 10.4331
246.153 10.431
245.732 10.6643
249.553 10.4669
240.367 10.6489
239.531 10.6379
249.482 10.6672
250.737 10.6888
248.607 10.5578
241.582 10.5639
243.404 10.5756
246.42 10.4614
250.529 10.576
250.384 10.5538
250.247 10.4284
248.004 10.528
251.488 10.6106
249.159 10.5924
249.076 10.633
247.467 10.4495
242.143 10.513
239.257 10.5836
243.651 10.5719
252.276 10.4656
247.456 10.6559
245.021 10.6314
250.644 10.4953
250.418 10.5718
246.693 10.4984
239.058 10.5859
246.698 10.6285
244.831 10.6126
241.89 10.7305
244.758 10.5116
245.41 10.4108
243.48 10.7019
244.921 10.5388
251.713 10.614
248.351 10.5119
254.129 10.5735
245.522 10.5847
252.378 10.6171
244.112 10.5158
243.831 10.6066
245.242 10.5653
245.429 10.5463
245.779 10.5342
251.077 10.516
243.704 10.522
243.704 10.3752
245.884 10.5095
251.138 10.452
245.997 10.4841
244.55 10.4533
243.79 10.739
244.469 10.6375
244.86 10.5685
250.081 10.5696
244.385 10.5176
247.231 10.5427
252.845 10.6641
250.187 10.358
250.688 10.4238
248.419 10.484
245.761 10.5971
251.811 10.6271
249.447 10.5848
244.811 10.5133
246.187 10.6366
245.381 10.5554
243.783 10.5434
242.721 10.5968
245.804 10.4923
244.028 10.7145
244.612 10.509
243.001 10.516
242.386 10.5374
242.391 10.5525
243.651 10.5565
246.05 10.4225
249.025 10.5703
246.947 10.5344
248.558 10.6624
243.355 10.57
243.226 10.5322
251.966 10.678
244.081 10.6187
245.502 10.6682
245.361 10.5191
248.41 10.6211
250.433 10.5609
243.881 10.6089
244.034 10.5746
244.518 10.6021
247.536 10.5652
252.609 10.6139
252.961 10.5191
255.036 10.5748
249.849 10.5547
249.52 10.441
249.395 10.3402
248.64 10.4698
247.329 10.5506
249.669 10.5449
248.573 10.2967
250.993 10.5704
248.72 10.5326
248.562 10.6574
247.66 10.4745
251.61 10.4995
248.417 10.6068
248.257 10.5961
249.671 10.5395
250.808 10.5652
246.578 10.6189
248.298 10.6413
240.992 10.4632
242.481 10.6328
250.808 10.5272
252.038 10.5457
245.849 10.5076
250.099 10.584
248.012 10.578
246.762 10.5857
247.39 10.6332
242.65 10.6395
245.854 10.687
248.511 10.5936
250.974 10.4635
246.949 10.6699
248.544 10.6418
244.686 10.5934
241.241 10.6325
237.832 10.4566
242.063 10.4995
243.55 10.42
241.442 10.5897
243.048 10.592
242.971 10.4885
245.313 10.4659
248.022 10.5308
249.197 10.4988
251.922 10.5303
250 10.4749
250.103 10.4252
246.102 10.541
245.833 10.494
250.759 10.519
249.498 10.6294
249.691 10.6184
248.656 10.674
248.095 10.6
255.57 10.4216
252.993 10.6321
242.694 10.4185
247.977 10.4687
247.146 10.658
246.265 10.6139
249.524 10.6073
249.399 10.5424
250.518 10.4884
251.279 10.5093
241.067 10.4397
245.523 10.5247
246.996 10.6027
244.988 10.6294
241.88 10.5703
248.729 10.6019
250.351 10.5337
247.153 10.5373
249.244 10.4099
254.529 10.498
249.665 10.5744
246.292 10.4785
248.958 10.5893
250.96 10.6328
245.026 10.5717
244.771 10.5611
242.919 10.5683
248.461 10.6247
247.584 10.6542
244.662 10.3856
251.973 10.5882
252.917 10.5537
249.131 10.4045
251.819 10.5981
247.682 10.6114
245.563 10.5723
245.02 10.5632
245.76 10.6695
243.89 10.4989
252.121 10.4705
247.617 10.591
247.849 10.5776
246.521 10.5461
246.472 10.5017
244.36 10.5277
247.3 10.4329
252.836 10.537
249.158 10.4765
248.673 10.6025
248.915 10.5739
246.874 10.5628
251.974 10.5279
243.064 10.5453
246.358 10.5841
245.456 10.4583
240.666 10.5975
244.249 10.5823
242.286 10.5218
246.707 10.639
253.119 10.5517
243.318 10.493
249.678 10.5312
248.51 10.5624
247.489 10.4737
247.225 10.4861
247.156 10.5625
241.216 10.5591
245.327 10.6119
244.812 10.6716
245.064 10.5628
242.513 10.6189
253.663 10.6296
242.04 10.4381
248.974 10.5387
244.04 10.4937
246.619 10.5128
246.235 10.6796
245.882 10.5261
244.702 10.515
247.611 10.5532
255.111 10.5461
245.536 10.6399
245.314 10.5875
243.484 10.4551
245.11 10.4536
246.51 10.5871
243.073 10.596
243.353 10.6183
245.649 10.5993
242.845 10.6116
249.483 10.4758
248.662 10.5678
249.77 10.5669
251.492 10.6057
247.616 10.5677
247.882 10.5931
247.386 10.5937
248.806 10.592
250.017 10.4961
242.878 10.5898
243.457 10.6275
249.383 10.487
240.631 10.65
240.709 10.5044
247.958 10.4876
246.468 10.5559
249.532 10.3269
246.91 10.4998
247.394 10.4346
246.507 10.5401
246.324 10.5861
245.671 10.5851
247.834 10.5726
245.276 10.6835
249.586 10.5286
244.128 10.6377
246.399 10.5455
241.107 10.6494
247.059 10.5376
247.985 10.4108
239.859 10.6324
251.835 10.4267
252.105 10.5489
249.131 10.5242
251.884 10.5081
244.346 10.5778
248.605 10.6265
245.821 10.5897
247.076 10.597
248.668 10.4668
246.03 10.5551
248.627 10.5211
247.47 10.4078
238.62 10.6428
250.136 10.4543
250.854 10.446
249.333 10.4394
245.376 10.666
242.814 10.4971
245.927 10.5776
244.485 10.5116
241.934 10.643
240.133 10.6458
243.578 10.5709
241.933 10.5198
251.273 10.4614
244.027 10.5672
246.326 10.4604
253.136 10.4464
247.735 10.8328
244.16 10.4485
249.706 10.5108
240.973 10.4136
247.683 10.6974
241.258 10.615
250.739 10.5562
245.103 10.4939
241.348 10.5983
243.96 10.5399
240.948 10.6549
240.121 10.6281
253.353 10.6215
246.305 10.561
244.028 10.5071
246.283 10.561
247.304 10.6362
244.55 10.4882
240.75 10.4882
249.267 10.5569
253.062 10.6866
249.127 10.6406
246.712 10.5977
244.369 10.6212
241.946 10.4729
241.23 10.6762
249.869 10.5722
250.876 10.4774
250.53 10.5729
248.056 10.5526
247.549 10.6115
241.365 10.5144
252.349 10.5704
245.887 10.5225
249.836 10.4769
252.483 10.5723
252.483 10.5016
246.144 10.4214
247.918 10.6327
248.675 10.4588
246.034 10.4553
244.683 10.4437
248.909 10.4755
253.993 10.6044
249.274 10.593
252.854 10.5676
251.795 10.6088
248.874 10.6517
252.839 10.538
251.264 10.5615
251.259 10.6272
251.474 10.5564
252.058 10.6566
250.247 10.6175
248.329 10.6609
245.878 10.534
251.637 10.5342
251.226 10.5321
244.31 10.5539
243.531 10.6287
243.956 10.5939
244.116 10.6519
250.142 10.6401
247.149 10.6621
239.314 10.5021
249.458 10.4451
243.377 10.6002
248.556 10.7619
251.7 10.7502
247.277 10.6234
244.654 10.5217
246.459 10.549
247.941 10.5799
259.222 10.5799
245.346 10.5005
243.069 10.5224
242.708 10.485
255.235 10.4746
252.823 10.5758
245.082 10.6815
245.752 10.6235
248.709 10.6373
245.36 10.5964
244.502 10.6627
246.793 10.4922
242.542 10.5646
248.213 10.4291
247.177 10.5189
249.867 10.5933
250.357 10.5348
247.835 10.4673
249.088 10.5564
250.112 10.5301
246.834 10.5187
245.056 10.5778
249.727 10.6554
245.013 10.6309
249.44 10.5903
247.202 10.5481
241.034 10.5882
243.065 10.5307
244.623 10.5821
236.813 10.5947
238.929 10.4735
244.488 10.5024
248.496 10.533
241.35 10.4121
245.683 10.6456
247.345 10.5761
247.372 10.6115
246.34 10.5737
249.337 10.5792
246.158 10.4989
242.139 10.5442
251.3 10.5547
254.945 10.3953
243.957 10.6018
248.786 10.4756
245.06 10.4355
245.801 10.6108
251.677 10.6835
248.996 10.619
250.691 10.5729
248.419 10.4521
249.349 10.4882
243.66 10.5958
244.393 10.5195
245.347 10.5144
246.436 10.595
249.382 10.5509
240.363 10.64
243.876 10.5531
244.06 10.5848
245.897 10.5879
242.705 10.4085
245.13 10.4334
242.492 10.6385
242.175 10.534
246.178 10.5764
249.527 10.5715
242.208 10.6508
243.915 10.5514
242.68 10.5385
244.401 10.5333
244.295 10.5842
250.943 10.5965
247.111 10.6465
243.755 10.5815
243.672 10.6315
244.884 10.5865
247.794 10.4942
250.594 10.5836
247.453 10.6644
242.666 10.5326
244.167 10.5445
243.97 10.5399
246.404 10.6537
250.819 10.6555
252.547 10.5462
249.108 10.5804
250.834 10.5813
247.321 10.437
252.303 10.5371
246.456 10.5154
248.341 10.5641
246.019 10.5486
241.811 10.5228
244.848 10.7028
244.945 10.6488
242.614 10.5378
240.77 10.4923
247.834 10.498
248.546 10.4594
242.656 10.4485
248.478 10.5358
249.031 10.3865
241.441 10.5573
244.41 10.6062
249.17 10.4037
254.868 10.53
249.386 10.5541
247.016 10.5478
247.094 10.606
245.68 10.53
248.392 10.548
243.585 10.412
245.151 10.5423
247.928 10.6333
249.989 10.6876
246.643 10.551
244.341 10.6772
242.833 10.643
247.892 10.6655
251.081 10.5418
248.353 10.585
247.144 10.4286
247.447 10.4858
248.727 10.414
246.167 10.5722
244.64 10.5058
244.669 10.3681
247.359 10.6321
244.121 10.5847
243.754 10.5157
247.108 10.553
246.496 10.545
248.045 10.645
251.829 10.6947
251.96 10.6054
251.169 10.5611
250.616 10.5278
249.141 10.5929
258.997 10.5871
252.92 10.5412
249.798 10.5579
247.922 10.4512
246.998 10.4842
244.605 10.5037
248.831 10.5672
248.13 10.5522
247.196 10.5245
246.036 10.6916
242.242 10.4964
251.324 10.6321
251.085 10.5224
252.146 10.5939
253.44 10.6002
249.935 10.544
249.597 10.6048
249.421 10.5649
249.479 10.7189
247.37 10.5443
255.564 10.5246
256.958 10.4752
250.967 10.6336
251.448 10.5451
244.864 10.4899
252.075 10.595
250.249 10.5691
249.988 10.577
240.342 10.5955
248.398 10.5975
244.919 10.6126
248.543 10.5655
248.394 10.4614
248.656 10.5821
241.661 10.6194
240.715 10.6846
245.326 10.6284
247.332 10.5409
246.222 10.5807
240.061 10.5392
249.146 10.5369
245.86 10.4756
245.868 10.5145
250.419 10.4671
248.612 10.5285
249.111 10.515
254.395 10.6623
249.995 10.6777
248.338 10.4066
241.295 10.4394
242.832 10.4432
245.276 10.5086
248.259 10.5416
245.625 10.6859
251.721 10.6992
250.44 10.5466
246.891 10.6163
244.801 10.4053
246.324 10.455
246.638 10.5247
242.818 10.5416
237.468 10.6123
244.641 10.4278
244.044 10.5029
244.45 10.3797
238.817 10.4819
239.255 10.5383
251.356 10.5269
245.307 10.5648
246.039 10.58
246.923 10.6075
248.014 10.5759
252.83 10.5627
248.51 10.5284
252.133 10.4986
245.991 10.6407
246.544 10.5287
242.515 10.4767
246.985 10.6828
244.836 10.5858
246.951 10.5815
251.172 10.4929
251.838 10.5612
247.426 10.563
243.621 10.5258
242.059 10.503
246.342 10.6258
243.888 10.5131
249.79 10.5558
248.827 10.5677
251.875 10.5876
248.789 10.4866
254.021 10.4866
241.731 10.6129
254.831 10.5523
244.403 10.5155
248.994 10.5179
247.467 10.5203
246.411 10.6084
245.411 10.5748
245.49 10.6684
249.632 10.471
250.408 10.4881
249.355 10.5173
249.442 10.4779
248.315 10.6204
247.118 10.6538
247.821 10.5392
252.524 10.5805
242.984 10.5553
240.217 10.4095
249.892 10.7038
246.386 10.5479
246.97 10.6022
245.073 10.4726
248.343 10.5225
246.986 10.6589
245.454 10.525
242.746 10.5592
238.297 10.5024
250.304 10.5242
250.811 10.5698
254.489 10.5233
246.903 10.6648
241.257 10.4898
247.425 10.5621
250.781 10.6151
251.336 10.7106
244.921 10.549
246.097 10.4667
249.763 10.4777
241.015 10.5717
235.993 10.6229
241.431 10.58
247.688 10.5336
245.036 10.567
245.668 10.505
246.853 10.6869
242.126 10.4559
244.767 10.5602
250.266 10.5674
247.139 10.6566
248.948 10.6315
249.507 10.5378
249.29 10.412
249.751 10.4854
249.254 10.5305
244.838 10.4755
246.545 10.482
247.002 10.4529
250.218 10.5551
248.202 10.5418
247.36 10.559
240.625 10.4868
242.626 10.7003
243.105 10.4118
251.785 10.4274
243.056 10.4843
248.646 10.4843
244.737 10.6352
249.283 10.5629
253.171 10.5041
239.631 10.557
243.529 10.5798
250.283 10.5525
247.782 10.495
240.793 10.5144
245.16 10.4648
240.542 10.6162
256.089 10.481
249.608 10.5669
247.739 10.5697
247.72 10.6606
247.232 10.5626
255.395 10.6741
251.455 10.631
243.992 10.5297
246.419 10.5772
244.328 10.5665
243.392 10.5746
241.83 10.4865
239.095 10.5073
241.346 10.5346
243.913 10.5719
243.085 10.5899
244.895 10.4073
248.633 10.5691
251.513 10.7129
247.218 10.5467
242.867 10.5289
254.632 10.5573
249.862 10.4818
252.8 10.5891
250.6 10.5265
251.128 10.4615
247.229 10.4987
253.416 10.5795
249.956 10.626
252.535 10.6292
249.104 10.5755
251.773 10.5104
250.545 10.5142
244.426 10.494
251.725 10.5766
247.511 10.6371
245.02 10.5057
243.741 10.658
245.06 10.6035
244.622 10.5981
241.16 10.5445
251.019 10.7168
247.649 10.6448
246.597 10.6396
242.83 10.5795
248.394 10.5428
251.468 10.5578
252.938 10.5478
247.87 10.5283
249.339 10.5383
248.323 10.6569
248.815 10.5439
246.378 10.6577
250.574 10.5707
248.332 10.5177
248.661 10.5908
247.387 10.5268
240.853 10.5496
250.989 10.511
256.743 10.3733
247.304 10.5599
248.745 10.5901
249.959 10.5431
250.191 10.6614
248.95 10.5827
252.617 10.6483
252.575 10.6144
250.25 10.5655
249.026 10.5392
252.629 10.5429
248.565 10.5543
247.274 10.5657
247.742 10.5406
245.189 10.4757
247.587 10.6175
248.098 10.6148
252.479 10.5722
246.584 10.6074
247.133 10.4919
239.237 10.5149
248.124 10.5095
246.517 10.4561
245.252 10.4033
243.564 10.5587
247.143 10.7098
248.34 10.5067
249.352 10.4218
250.281 10.7035
249.407 10.4669
248.818 10.5072
236.756 10.6153
242.28 10.6509
244.751 10.5768
251.693 10.4677
242.136 10.5177
252 10.6352
249.535 10.5254
249.683 10.4778
247.645 10.5152
251.214 10.4984
247.13 10.5571
253.257 10.5429
249.955 10.5143
254.458 10.5308
245.734 10.6082
249.418 10.4892
249.78 10.5516
253.793 10.4956
249.298 10.5743
250.424 10.5384
243.914 10.533
244.296 10.6411
250.756 10.4973
249.749 10.5227
243.787 10.5287
242.473 10.4801
246.495 10.554
240.314 10.5373
246.723 10.5375
250.966 10.5415
248.225 10.5698
249.328 10.4702
249.899 10.5918
241.85 10.5883
243.295 10.5275
243.551 10.5204
245.599 10.5296
245.566 10.525
249.645 10.5395
246.86 10.4587
244.102 10.573
250.697 10.6894
252.188 10.5066
251.578 10.6371
247.089 10.6302
248.27 10.5174
249.202 10.4361
248.612 10.6012
251.179 10.5286
253.308 10.5543
250.005 10.6986
246.695 10.5554
246.605 10.5538
243.325 10.5601
243.205 10.5953
242.246 10.5558
242.96 10.4562
241.322 10.511
240.63 10.5058
245.449 10.4996
247.254 10.4818
248.211 10.5085
247.18 10.5452
242.487 10.5167
244.815 10.5122
245.176 10.5075
245.681 10.6268
247.57 10.6257
247.214 10.5788
244.209 10.6128
242.259 10.6005
244.118 10.6691
244.767 10.42
245.126 10.648
245.646 10.6036
245.843 10.5008
247.824 10.55
244.174 10.5387
243.415 10.5052
246.644 10.5757
241.135 10.6039
250.997 10.5735
254.533 10.5856
251.692 10.6631
247.044 10.6647
248.804 10.5149
246.872 10.4702
250.137 10.5063
245.479 10.6572
244.38 10.5197
246.122 10.4437
250.577 10.6979
251.331 10.5656
250.378 10.595
251.95 10.5959
246.592 10.5827
246.426 10.5054
246.814 10.519
246.538 10.6661
247.552 10.6615
245.874 10.5076
248.507 10.5384
242.284 10.4113
241.504 10.5269
244.26 10.4064
243.477 10.4845
246.228 10.5078
241.156 10.5017
249.678 10.4973
249.795 10.4615
245.294 10.5717
247.744 10.5625
247.63 10.5829
248.903 10.5399
247.808 10.5944
247.148 10.6409
252.436 10.4995
248.578 10.4404
247.944 10.5508
242.806 10.5602
242.991 10.6093
248.067 10.5078
244.512 10.5174
244.295 10.6585
246.59 10.466
248.813 10.5844
247.101 10.6367
250.739 10.5636
250.322 10.4705
242.343 10.4147
247.561 10.596
252.088 10.52
249.302 10.5222
247.529 10.5387
238.668 10.5595
247.105 10.5544
246.445 10.5472
250.428 10.5186
247.582 10.481
248.228 10.5809
245.023 10.5881
245.478 10.531
245.225 10.6577
243.4 10.6159
249.19 10.3615
250.214 10.6708
249.634 10.5656
242.134 10.5124
245.139 10.5213
249.927 10.5079
246.935 10.5882
243.962 10.5836
250.127 10.7057
251.274 10.5995
245.466 10.4944
242.538 10.6507
247.321 10.5816
248.172 10.6134
240.077 10.5373
243.711 10.433
245.497 10.528
247.053 10.5559
250.165 10.5447
248.066 10.602
249.778 10.6385
247.227 10.6665
245.492 10.5002
246.867 10.5715
245.29 10.557
246.447 10.5029
248 10.529
250.137 10.6366
248.817 10.4481
243.117 10.5868
244.277 10.5194
250.378 10.5713
247.582 10.5394
250.946 10.6957
251.267 10.4598
251.106 10.5741
247.815 10.5834
251.045 10.5173
244.187 10.5601
249.115 10.4746
253.596 10.4853
242.468 10.4552
244.134 10.478
246.147 10.4098
246.968 10.6196
246.419 10.5456
246.539 10.5289
247.642 10.5043
249.257 10.6648
245.204 10.716
249.747 10.4429
252.548 10.6833
250.81 10.6612
251.722 10.5343
241.231 10.5577
241.406 10.7137
243.403 10.5472
246.919 10.4698
254.133 10.5702
242.414 10.6785
251.85 10.6338
244.906 10.6016
248.59 10.5079
247.529 10.5464
247.194 10.5744
245.573 10.7049
245.254 10.4763
252.43 10.4263
250.5 10.4612
249.38 10.5877
245.574 10.569
251.218 10.5472
250.88 10.57
249.522 10.4757
250.604 10.521
253.904 10.5218
246.349 10.5235
243.687 10.5091
250.392 10.4987
247.79 10.5331
243.764 10.563
242.028 10.5184
253.301 10.3952
253.744 10.4335
254.4 10.599
254.935 10.513
254.827 10.5555
245.302 10.5234
244.173 10.5279
249.615 10.5644
247.285 10.4476
247.979 10.5732
247.983 10.5944
245.223 10.398
251.713 10.6983
249.458 10.5559
248.446 10.5185
244.224 10.3895
246.787 10.5891
249.322 10.6002
252.075 10.6836
245.588 10.5972
248.169 10.6009
246.218 10.5445
248.507 10.5214
245.897 10.5532
245.939 10.4929
248.919 10.5351
252.34 10.48
247.483 10.4019
249.273 10.5359
254.529 10.525
241.315 10.5815
245.313 10.4738
249.58 10.5778
253.728 10.6446
245.392 10.589
244.188 10.5812
241.45 10.7483
245.873 10.6101
245.509 10.6251
244.98 10.5675
237.865 10.4437
245.626 10.5104
243.611 10.7566
240.564 10.4735
240.328 10.469
244.754 10.5173
245.262 10.5801
247.632 10.6003
252.626 10.6693
250.776 10.5572
248.292 10.5478
249.777 10.5701
248.686 10.5893
248.5 10.5326
245.1 10.5499
244.02 10.5843
249.29 10.5656
246.447 10.5082
248.547 10.5111
252.067 10.4915
255.183 10.5622
237.529 10.6115
242.867 10.5234
247.117 10.4724
243.201 10.5957
251.709 10.6195
250.498 10.6212
252.508 10.632
248.246 10.5623
251.503 10.5312
242.552 10.7456
253.629 10.5659
249.689 10.6024
247.296 10.6009
246.816 10.6346
244.06 10.5924
246.063 10.5519
245.171 10.5319
248.81 10.7556
245.846 10.6905
239.434 10.6334
247.824 10.4813
250.286 10.5341
249.964 10.5447
248.824 10.607
252.568 10.4371
240.128 10.4758
248.366 10.6251
242.536 10.4625
239.802 10.5503
243.486 10.6278
247.64 10.6853
247.24 10.4097
247.72 10.5695
246.331 10.451
244.925 10.5553
247.198 10.4942
240.519 10.4715
244.334 10.5241
246.779 10.5403
246.461 10.5193
250.41 10.6104
251.521 10.6902
253.292 10.3888
247.69 10.5273
244.667 10.5508
243.094 10.4486
245.347 10.6408
242.531 10.6545
244.481 10.5045
247.873 10.6601
241.667 10.5632
239.464 10.4026
247.737 10.5925
242.819 10.6468
242.907 10.6056
242.907 10.4907
245.723 10.442
246.469 10.5902
245.787 10.5165
251.396 10.6448
250.099 10.5151
248.921 10.4631
246.433 10.5151
241.894 10.4925
247.969 10.4388
239.166 10.5021
248.35 10.4595
249.662 10.622
243.027 10.4512
249.623 10.5193
247.267 10.4533
250.045 10.6615
252.35 10.6113
249.93 10.5834
245.171 10.5671
242.911 10.5266
241.433 10.6507
242.153 10.4718
245.581 10.7488
247.506 10.534
249.56 10.6402
246.097 10.5697
244.878 10.6215
245.388 10.5825
252.625 10.6032
246.851 10.4672
251.708 10.5206
246.573 10.6685
248.761 10.4206
249.946 10.5767
245.875 10.627
246.034 10.5611
251.529 10.5102
248.115 10.5041
245.392 10.621
245.335 10.5687
247.514 10.5729
249.71 10.5864
239.231 10.5083
242.411 10.5883
242.658 10.5929
248.222 10.5591
250.698 10.5196
245.954 10.4797
244.221 10.5487
241.404 10.6744
248.18 10.569
254.235 10.5007
251.292 10.5897
247.973 10.6004
246.362 10.5555
247.824 10.6399
250.017 10.5948
252.143 10.6864
249.317 10.4873
250.433 10.4864
243.821 10.5106
246.312 10.4514
246.291 10.5703
246.692 10.5191
247.817 10.5238
250.655 10.4983
246.553 10.5527
247.905 10.5697
245.269 10.5132
247.695 10.5039
243.783 10.5383
247.941 10.6046
244.981 10.5421
243.28 10.629
242.513 10.6046
243.94 10.6455
245.266 10.643
248.712 10.5626
241.989 10.5334
249.539 10.5794
245.867 10.5806
245.446 10.5037
250.709 10.6401
251.737 10.6113
251.041 10.4426
244.502 10.5287
247.512 10.5592
243.897 10.6052
244.902 10.563
245.68 10.4958
244.096 10.4551
246.692 10.5646
245.641 10.5784
245.334 10.5681
244.644 10.5871
238.726 10.5999
239.476 10.5665
242.714 10.6033
246.015 10.481
251.384 10.5639
245.292 10.5285
245.292 10.6123
244.649 10.6351
254.545 10.6146
250.298 10.6174
248.018 10.636
251.239 10.5804
250.204 10.5581
250.337 10.5828
251.177 10.6718
249.892 10.4272
249.231 10.5448
246.281 10.5327
249.315 10.4326
251.479 10.4577
246.617 10.5524
243.46 10.5765
241.513 10.6619
251.577 10.661
243.875 10.497
244.143 10.5238
242.882 10.518
242.957 10.5513
240.733 10.5234
246.29 10.5376
250.372 10.6046
245.815 10.5522
242.501 10.5095
250.826 10.5521
247.781 10.3908
243.655 10.6057
246.464 10.6009
244.604 10.6278
243.772 10.5801
248.644 10.5422
247.956 10.5964
244.719 10.5328
245.44 10.5674
246.146 10.5666
251.213 10.5026
247.332 10.6495
244.201 10.5587
242.522 10.5935
244.583 10.49
244.836 10.3737
245.137 10.5924
245.019 10.5641
245.365 10.5022
246.887 10.4746
247.076 10.518
239.965 10.4972
244.294 10.5335
246.818 10.5222
246.899 10.5238
242.927 10.5261
249.626 10.6192
242.737 10.4779
249.638 10.6596
251.593 10.6366
247.677 10.4143
246.872 10.3528
247.111 10.7303
252.519 10.6464
244.877 10.6192
241.019 10.4741
244.759 10.5953
242.449 10.5785
239.804 10.3568
242.657 10.5244
244.351 10.6384
244.11 10.6857
250.176 10.5761
248.308 10.5484
249.23 10.4074
245.95 10.4332
245.745 10.7337
245.772 10.4887
250.951 10.5813
250.67 10.6411
243.935 10.4607
252.02 10.5611
247.325 10.5612
248.411 10.6046
244.872 10.5403
245.738 10.638
252.439 10.6247
253.003 10.5291
249.574 10.4857
252.529 10.4803
245.606 10.4966
242.487 10.522
254.314 10.6203
253.124 10.5853
245.894 10.634
243.411 10.557
246.968 10.5377
246.846 10.6717
247.577 10.5358
243.583 10.5298
244.036 10.4829
239.824 10.5003
249.956 10.6055
246.905 10.514
247.608 10.6494
250.635 10.4802
246.47 10.6462
242.837 10.5056
247.184 10.5363
252.229 10.5727
252.366 10.6135
251.733 10.5819
251.733 10.6587
247.249 10.5837
245.639 10.5895
247.289 10.5486
248.524 10.5083
246.552 10.5321
243.038 10.6915
252.409 10.4942
249.955 10.5029
249.354 10.6283
249.484 10.5398
249.185 10.5401
247.878 10.5401
248.386 10.5401
245.593 10.5401
245.423 10.5401
243.925 10.5402
245.612 10.5402
251.066 10.5405
246.108 10.5487
244.58 10.5286
245.538 10.6565
243.028 10.6004
250.563 10.7314
250.156 10.6596
246.126 10.6878
252.777 10.5543
248.844 10.4521
255.451 10.7117
250.574 10.5018
251.666 10.6845
249.308 10.6142
252.952 10.5413
253.697 10.6684
253.795 10.6095
247.446 10.4949
248.136 10.4428
245.415 10.3646
243.982 10.6137
244.241 10.641
247.805 10.4498
242.994 10.6909
251.113 10.5165
250.45 10.6414
250.321 10.5043
251.424 10.4358
250.891 10.5896
244.478 10.5542
245.873 10.6106
248.775 10.5377
248.05 10.5888
240.938 10.6225
244.893 10.6076
245.856 10.5338
247.222 10.6199
243.908 10.4076
247.28 10.5381
242.785 10.5282
249.712 10.656
246.311 10.5766
247.673 10.5208
252.133 10.4095
245.094 10.4968
251.609 10.4583
245.039 10.6269
245.153 10.6266
251.175 10.5939
248.765 10.574
245.955 10.6274
247.537 10.5734
247.165 10.5713
246.39 10.7303
246.423 10.552
247.652 10.6124
251.13 10.4893
250.624 10.6018
249.67 10.5038
248.804 10.5711
251.257 10.4986
249.282 10.5707
248.761 10.6216
249.192 10.6424
248.344 10.5399
245.779 10.5557
246.25 10.5517
244.657 10.4649
244.832 10.8371
241.551 10.6183
252.797 10.3897
243.098 10.403
249.992 10.5183
247.802 10.6316
248.443 10.7117
251.223 10.5737
248.649 10.6095
247.022 10.447
248.339 10.5456
242.069 10.5422
244.695 10.5656
250.517 10.5085
246.579 10.5372
249.125 10.5146
247.821 10.4828
242.314 10.4801
244.99 10.3967
246.287 10.4121
247.317 10.5788
253.091 10.5905
245.488 10.5799
245.285 10.5847
246.802 10.5313
245.278 10.4422
247.656 10.4522
243.169 10.4997
247.32 10.5702
247.02 10.6394
250.43 10.5898
244.722 10.6145
248.506 10.641
245.213 10.5584
246.323 10.5003
245.442 10.5487
252.609 10.4443
249.031 10.6539
247.638 10.5784
246.45 10.6234
250 10.5872
248.033 10.5368
248.477 10.534
250.575 10.5747
249.689 10.5357
239.667 10.71
241.59 10.5704
241.103 10.5067
245.818 10.5914
248.865 10.412
249.254 10.5709
245.642 10.5523
246.183 10.5699
245.725 10.6241
244.168 10.5492
244.006 10.4602
238.109 10.5378
241.947 10.6103
242.426 10.5476
241.82 10.4865
248.157 10.5795
252.473 10.5567
246.628 10.5376
251.116 10.616
244.101 10.5925
251.717 10.5024
247.633 10.419
243.785 10.5077
248.752 10.6111
251.765 10.6853
256.852 10.7092
250.187 10.5555
244.663 10.6077
248.802 10.5431
250.678 10.4745
241.678 10.5196
244.025 10.5219
255.34 10.554
245.559 10.4565
249.53 10.7367
250.426 10.5334
248.949 10.6608
250.085 10.6323
249.457 10.4531
256.03 10.6012
249.459 10.4906
248.529 10.5785
241.202 10.6235
245.362 10.6138
244.77 10.5841
241.912 10.5555
247.484 10.5408
245.703 10.5482
247.243 10.5815
243.921 10.6194
243.278 10.5771
243.335 10.6091
249.411 10.4774
249 10.369
241.655 10.6244
251.934 10.4119
246.476 10.5953
247.914 10.677
257.05 10.4329
249.603 10.5223
243.898 10.4776
243.46 10.6552
243.203 10.5524
243.171 10.4835
242.95 10.5106
249.787 10.6203
249.985 10.5132
251.414 10.5695
249.327 10.4632
248.422 10.5339
246.666 10.6316
246.429 10.5599
254.442 10.4579
244.286 10.4641
248.75 10.5469
246.841 10.4835
243.339 10.5425
249.637 10.6374
251.028 10.4921
250.795 10.5872
251.335 10.5712
251.335 10.5927
243.059 10.5537
247.146 10.6024
246.419 10.5776
248.171 10.5645
251.209 10.4976
254.45 10.6695
249.4 10.5162
247.967 10.6395
246.934 10.6012
246.013 10.4688
244.012 10.4525
244.986 10.6146
245.658 10.595
247.5 10.62
246.003 10.5542
246.392 10.5402
245.193 10.4691
244.585 10.6543
249.19 10.6062
247.361 10.612
245.8 10.5605
241.726 10.6452
247.291 10.4784
241.193 10.5182
242.19 10.633
250.072 10.5002
245.208 10.4164
246.717 10.5966
241.983 10.6309
245.173 10.4513
244.225 10.5361
250.202 10.5528
240.946 10.5842
241.76 10.551
246.208 10.4993
244.748 10.5656
250.434 10.6358
254.473 10.4529
250.656 10.4859
249.095 10.5894
251.598 10.5768
245.173 10.5421
250.078 10.6522
247.474 10.581
249.51 10.543
251.753 10.6182
250.445 10.6331
248.521 10.6762
247.454 10.6155
245.382 10.5948
245.612 10.5563
242.843 10.5189
250.797 10.5377
243.75 10.6384
238.238 10.6039
238.765 10.5943
244.689 10.4859
244.647 10.4503
246.187 10.4963
247.201 10.5339
248.462 10.482
243.653 10.4862
251.836 10.5894
246.069 10.548
245.473 10.5367
246.961 10.5581
251.033 10.4742
248.494 10.5663
245.89 10.5597
244.243 10.6179
244.315 10.5652
251.731 10.5846
248.768 10.6133
247.347 10.6119
245.861 10.412
246.143 10.535
246.416 10.4526
250.318 10.488
242.246 10.5417
245.858 10.5506
245.121 10.4692
246.478 10.4749
247.215 10.5211
251.596 10.6371
253.328 10.4805
249.295 10.6207
252.646 10.5401
246.562 10.4404
246.957 10.5904
246.147 10.55
251.513 10.4911
247.292 10.5196
245.881 10.4564
246.019 10.5948
243.745 10.5449
243.972 10.6839
247.614 10.548
247.514 10.5725
247.606 10.6342
248.299 10.4375
247.849 10.4555
252.281 10.5304
256.527 10.5108
247.559 10.4578
253.975 10.6209
251.034 10.6549
248.278 10.5261
249.967 10.4882
248.819 10.4404
246.447 10.5798
245.934 10.5264
246.955 10.3654
247.76 10.4654
244.213 10.5343
247.37 10.6217
244.252 10.5941
246.469 10.6683
243.115 10.6172
249.04 10.4671
248.07 10.521
254.84 10.5855
245.952 10.5911
245.429 10.6526
242.903 10.602
250.961 10.6597
243.321 10.5557
243.83 10.5153
242.271 10.4301
243.35 10.5454
239.029 10.6255
239.787 10.5469
245.597 10.5233
242.918 10.5215
243.609 10.5073
244.455 10.4601
244.511 10.6255
243.343 10.5375
241.348 10.5047
243.927 10.5724
248.549 10.5742
249.248 10.6205
248.798 10.5107
245.381 10.5539
240.722 10.5746
243.162 10.5372
246.272 10.5279
247.667 10.6463
247.656 10.4295
243.96 10.515
242.242 10.5464
242.224 10.4365
249.15 10.3648
245.531 10.5696
240.177 10.6217
247.405 10.6361
244.688 10.5907
244.819 10.53
247.248 10.5355
244.671 10.6129
242.412 10.6467
249.178 10.5252
252.308 10.4393
247.574 10.4651
240.32 10.6288
243.988 10.512
242.912 10.3759
242.776 10.3761
243.473 10.5111
241.801 10.5638
242.582 10.3464
246.692 10.5186
244.469 10.638
248.393 10.6936
243.424 10.5162
243.788 10.5987
235.326 10.5019
244.53 10.5283
242.986 10.5827
241.678 10.5716
243.422 10.5621
245.415 10.5089
243.907 10.5445
246.078 10.5126
246.866 10.5724
241.417 10.5058
249.103 10.5991
249.147 10.6183
245.662 10.5764
250.681 10.5712
246.727 10.5476
240.711 10.5551
241.455 10.5639
244.865 10.6907
236.108 10.5808
243.596 10.5014
244.477 10.5741
253.92 10.4892
251.499 10.6599
250.311 10.6866
248.005 10.6317
247.464 10.5081
247.238 10.5278
245.697 10.5243
246.262 10.5154
242.42 10.4578
247.596 10.5389
245.321 10.6452
246.032 10.3374
251.727 10.5992
249.744 10.5504
248.102 10.5231
247.013 10.5362
245.987 10.6158
249.117 10.562
246.227 10.6398
246.142 10.5277
244.753 10.5017
242.782 10.5901
248.436 10.5546
243.058 10.6307
246.937 10.5997
248.161 10.6422
246.14 10.4543
249.381 10.4877
248.238 10.5021
246.892 10.7046
250.808 10.4662
252.605 10.518
243.452 10.7053
252.451 10.6307
249.475 10.4171
256.02 10.5349
251.181 10.5308
255.117 10.6257
250.415 10.6315
246.768 10.6028
243.188 10.6209
246.459 10.4817
237.517 10.4953
244.597 10.699
245.322 10.7032
244.517 10.6102
245.719 10.6017
246.611 10.6105
247.613 10.4965
240.046 10.5181
245.631 10.6029
243.788 10.6018
243.659 10.575
250.69 10.6306
247.515 10.4916
247.458 10.545
246.201 10.5271
249.153 10.5032
248.716 10.6166
249.078 10.4957
248.942 10.4911
247.113 10.4639
248.467 10.4896
248.286 10.5572
251.371 10.6043
245.417 10.4892
248.794 10.535
245.215 10.4866
255.337 10.461
246.785 10.5434
253.216 10.5262
251.959 10.4671
245.462 10.6123
244.988 10.5544
245.042 10.5701
249.316 10.5744
250.281 10.675
248.932 10.4709
250.364 10.5573
239.214 10.6729
239.738 10.64
246.3 10.6834
242.941 10.6519
242.639 10.5323
243.744 10.5772
244.851 10.4577
237.98 10.5138
247.814 10.5104
242.468 10.6222
243.52 10.5551
241.304 10.5174
244.999 10.5065
245.16 10.6059
244.975 10.5922
240.383 10.6047
242.118 10.6656
244.904 10.7145
245.991 10.6047
244.336 10.6671
248.029 10.3852
252.865 10.5696
246.984 10.63
248.057 10.5959
243.022 10.6043
244.651 10.5327
244.988 10.6267
244.952 10.6128
245.23 10.6862
243.164 10.5176
237.754 10.5819
246.028 10.5587
247.91 10.4956
249.555 10.5015
247.37 10.4796
243.836 10.4885
248.251 10.6099
253.744 10.4314
250.048 10.5871
245.983 10.5675
250.982 10.5184
244.404 10.5451
243.51 10.6227
242.274 10.5779
242.517 10.6143
243.547 10.6112
244.91 10.6228
246.375 10.6529
244.642 10.4503
245.446 10.4411
250.132 10.5401
247.926 10.5566
248.455 10.6389
244.482 10.5434
244.449 10.5666
246.856 10.5596
244.241 10.6255
248.47 10.4841
249.554 10.6072
250.968 10.6219
247.263 10.5104
248.418 10.5659
249.232 10.6294
248.982 10.578
250.92 10.6615
249.418 10.4978
244.551 10.5395
243.617 10.5722
246.86 10.6468
249.837 10.6278
256.394 10.6017
254.617 10.5927
251.974 10.7107
250.081 10.5896
245.176 10.5637
245.299 10.6504
247.537 10.5691
249.001 10.4784
248.002 10.5309
243.324 10.4803
241.708 10.556
243.779 10.5231
249.927 10.5198
