99.844 29.0013
101.248 29.8234
103.472 29.911
109.219 28.1828
108.087 28.6366
108.037 28.6608
102.289 29.3176
105.293 29.1241
103.976 29.2211
106.468 29.3997
104.851 28.8174
107.973 28.8311
99.4206 29.1208
109.658 28.8741
103.767 29.2292
95.7454 29.4316
99.645 29.1444
97.9743 30.5343
105.654 29.5138
109.404 28.0779
104.649 28.8531
105.494 28.8683
108.574 28.5245
105.804 29.3889
95.5075 31.3639
101.152 30.1235
104.04 29.2014
103.745 29.6168
108.912 28.8478
104.848 30.478
96.9433 29.4237
104.611 30.4035
99.5608 29.5464
105.41 29.7745
107.093 29.3925
103.38 28.2789
106.572 28.0415
101.191 29.0127
106.628 29.1035
102.246 28.6599
99.1776 29.5956
98.2527 29.3677
102.975 29.5446
100.884 29.1439
112.081 29.0595
111.549 28.6781
105.105 29.5305
104.532 29.2001
103.426 29.1876
105.477 29.2285
104.43 29.5847
104.08 30.1523
104.363 29.8336
104.48 29.8257
105.993 29.945
103.294 28.7781
102.98 30.3517
102.097 29.9548
98.3394 29.7731
102.123 29.5347
105.878 30.1368
103.403 30.3568
99.9609 29.6084
106.562 28.2626
107.805 28.8108
104.883 29.5202
103.435 30.1764
104.345 29.6758
106.957 29.2192
104.687 28.8859
102.167 28.7416
100.431 29.266
108.56 30.3608
110.975 29.4362
109.105 29.151
107.444 29.6351
103.879 29.8251
105.066 28.5251
107.035 28.7009
108.377 29.1898
109.221 29.089
105.02 29.0749
111.301 28.2515
103.769 28.8944
104.014 29.9452
102.632 29.5527
104.968 29.2896
104.648 29.0174
104.319 29.09
101.257 29.2711
98.436 29.0793
104.736 28.6817
104.584 28.5389
102.418 29.8204
98.0421 30.2003
99.7501 29.1757
99.5299 29.6465
100.722 28.8761
107.395 29.0883
101.851 30.3609
101.192 29.3684
103.233 29.1934
101.156 29.0583
103.772 29.1997
110.719 29.4887
106.484 29.9819
107.853 29.7527
110.769 29.8133
102.898 29.8733
101.247 29.9908
107.332 30.184
113.267 28.5786
101.963 30.0465
104.682 28.989
99.7441 29.0556
103.294 29.6361
93.6939 29.7195
101.445 29.4958
103.81 29.7708
104.089 29.3943
101.811 29.252
104.743 29.5323
102.826 28.9623
101.157 29.2264
100.81 29.6909
99.6235 30.0743
94.2755 28.9783
109.761 28.9204
108.986 29.3272
98.7144 29.5311
100.646 29.4373
102.769 28.8417
107.99 28.1523
104.988 28.8927
102.351 29.871
101.55 29.451
105.43 29.2807
106.803 28.9402
99.0907 30.0513
102.035 29.8567
105.766 29.5708
102.969 28.6837
96.6904 30.3723
108.653 29.5586
107.086 30.2663
105.037 30.0818
104.674 30.0867
110.022 28.4993
105.798 28.8822
104.834 29.6323
100.283 29.1166
104.817 30.15
103.768 28.727
105.594 29.1554
107.116 27.8767
109.309 29.4066
111.227 27.9624
107.605 28.5101
108.172 29.2422
111.352 29.2865
102.873 29.0984
109.205 29.8368
98.5817 29.8899
110.199 30.0826
99.2378 29.9804
99.1207 29.9762
100.332 29.4249
99.5619 29.5261
98.2217 28.7456
100.709 29.9504
100.667 29.3491
103.961 28.7964
99.8605 28.9852
100.179 29.6764
98.8056 29.3482
102.385 29.0941
99.8438 29.0893
102.106 29.6532
105.149 29.4995
102.603 29.8437
96.3022 30.1181
104.403 29.5365
103.359 29.5376
101.74 29.6578
104.2 28.703
103.996 30.628
102.235 29.8149
106.448 29.8098
99.3037 29.7153
104.652 30.244
103.61 30.4564
101.747 29.4632
103.314 29.86
96.3655 29.8567
99.1859 29.0684
102.059 29.6843
105.238 29.3987
102.534 28.9773
108.622 28.5091
107.211 29.4088
104.863 29.6468
108.54 28.9178
115.177 28.8235
104.136 28.9742
102.833 29.7451
104.492 28.6726
100.48 29.9938
99.3745 30.7362
102.243 30.1878
104.932 29.21
100.969 29.3208
108.174 28.8948
100.181 29.8735
100.262 29.3943
102.465 28.966
106.584 28.7355
108.536 27.7876
104.411 28.3966
106.556 28.5768
106.605 28.9423
106.652 29.7923
106.654 28.5816
106.508 28.8437
109.336 28.8545
103.735 29.4585
99.2253 29.0173
104.867 29.3082
112.06 29.2001
105.172 29.9063
108.358 29.3001
104.102 29.0138
102.435 28.6966
101.378 29.6806
102.842 29.6557
109.374 29.7175
110.363 29.9281
101.043 30.8105
101.277 30.0831
99.4554 28.9233
102.389 29.2414
104.558 29.1507
105.733 30.0463
105.748 29.1729
112.43 28.3469
103.706 28.6248
100.835 29.6743
102.35 29.5597
109.945 29.7275
100.605 30.0531
104.708 29.1365
107.711 29.081
108.255 28.7858
103.72 29.7606
107.354 28.9771
105.377 28.7463
107.342 29.2033
102.25 29.4605
104.219 29.603
109.292 28.725
106.109 29.9315
100.177 29.0787
101.098 29.5784
104.697 29.5129
105.168 29.6433
108.283 29.1696
108.475 29.2034
104.952 30.0331
103.125 29.3852
104.683 29.8893
105.205 28.835
110.662 29.0643
106.954 29.3133
102.096 31.031
101.218 29.5854
101.06 29.0762
103.155 29.7704
100.829 29.1346
104.396 29.4705
104.078 29.4566
104.077 29.0284
104.215 29.1682
108.299 29.2292
114.636 29.0497
103.251 29.1336
108.057 29.1109
102.827 30.2358
101.536 30.2349
103.902 28.3115
104.112 29.8566
98.6377 29.9738
102.995 28.5366
107.388 29.1585
109.455 28.3416
100.696 30.0161
101.569 29.7184
108.243 28.804
107.047 29.1066
105.918 29.6897
106.942 29.7644
102.91 30.449
102.986 29.7752
106.289 29.7804
94.1061 31.3462
105.156 29.8081
105.38 30.6989
102.139 29.7608
102.835 30.2504
104.546 29.0366
106.632 29.1837
104.253 28.8579
113.153 28.3151
107.376 29.0327
106.531 28.2101
105.843 29.6282
100.694 30.3361
106.156 29.7027
101.993 29.3806
100.121 30.5396
100.962 30.4152
99.377 30.2657
101.381 29.2206
102.16 28.1459
102.201 29.8629
101.666 29.7305
108.36 29.5031
109.81 28.9492
103.039 30.0825
107.989 28.9746
100.309 30.046
103.772 29.8997
102.867 29.7926
101.262 29.9789
105.524 29.5226
104.419 29.0344
109.04 28.7644
107.039 28.4831
112.347 28.4816
107.864 30.7335
111.921 28.7144
99.6211 28.9634
102.855 29.5789
105.145 28.3284
106.819 27.9795
108.572 28.5008
112.615 28.5559
106.245 29.3547
107.223 29.5839
104.154 29.3734
99.1093 28.7049
109.911 29.1701
107.148 28.6767
110.371 28.9327
107.344 28.9443
109.1 29.6078
96.2669 30.3267
97.8797 30.1789
101.618 30.066
104.86 28.556
103.922 29.3986
104.416 28.6409
106.536 29.6447
102.073 28.9856
103.426 29.1656
105.912 29.4807
108.604 28.5454
103.022 29.3029
108.381 28.7156
97.3015 30.2001
99.8692 28.4115
107.796 28.7352
103.918 29.6149
109.022 27.9815
107.818 29.8868
107.149 29.4163
108.565 29.1531
100.307 30.5793
102.31 30.414
104.301 30.1774
108.117 29.492
101.669 29.2588
107.492 29.1176
105.567 28.2605
101.896 29.6906
98.662 30.2911
101.994 30.3316
113.527 28.813
103.385 29.8672
102.199 29.5672
105.388 29.2379
106.611 29.7066
105.64 27.6967
105.886 29.1242
105.319 29.2315
105.462 29.0897
107.753 29.3214
102.156 29.8818
102.567 30.4866
105.944 30.3766
104.207 28.9347
103.408 29.6343
108.282 29.1479
106.763 29.2732
102.778 29.1574
100.831 29.2744
100.683 29.9576
107.114 28.4897
102.125 29.3026
104.46 29.5539
105.299 29.218
104.771 29.5123
101.844 29.1317
103.873 29.026
103.331 29.2456
104.991 29.2127
103.654 29.4906
107.271 28.9386
102.382 28.8114
100.481 30.1054
100.638 30.2016
100.195 29.5185
96.4807 29.7111
96.8176 29.4592
100.343 30.4391
99.8775 29.7319
106.03 29.6812
103.073 30.118
103.964 29.483
102.609 29.494
102.663 29.9711
100.68 29.0632
99.8626 29.7784
107.604 29.2825
110.132 29.5525
101.65 30.0643
100.598 29.8252
102.051 30.0604
103.805 29.3116
102.555 29.3229
99.8073 29.5799
102.608 29.6711
101.641 29.2925
104.227 30.5371
106.642 29.0599
103.614 28.808
107.338 29.2302
103.816 28.9187
108.524 29.4032
106.461 29.1561
102.45 29.3886
99.9168 29.5572
99.9889 29.5214
113.469 28.4177
98.6618 29.4128
113.544 28.6516
105.534 29.8076
103.582 30.8217
101.784 29.5462
103.757 29.9532
100.353 30.9585
104.93 29.9976
106.668 29.2924
104.24 29.9157
107.514 28.4192
106.181 29.6562
107.205 29.2889
105.003 29.2759
101.156 29.4998
103.221 29.8631
102.982 29.2824
102.1 29.5523
105.983 29.4966
104.131 29.5409
103.916 29.581
102.689 29.5926
102.259 29.6511
110.378 29.7765
106.89 28.9497
106.891 28.5485
107.736 28.6457
99.929 29.0978
99.4822 29.4918
103.332 30.2635
106.423 29.392
104.22 29.0379
108.176 29.2792
106.722 29.7383
103.826 29.494
108.491 30.406
107.892 29.1757
103.177 29.7489
101.83 30.7167
104.591 28.1249
101.955 29.5727
104.319 29.6967
101.929 30.1046
103.485 28.6524
103.782 29.536
104.045 29.1378
107.863 28.5393
104.48 28.7891
104.816 29.8866
105.16 28.9073
104.99 30.5038
96.2507 30.1061
101.483 29.594
99.9545 30.5658
103.684 29.9285
104.083 28.9835
104.344 29.283
104.334 29.7721
104.33 29.8981
104.224 30.7298
104.41 30.3651
109.581 30.0268
103.694 28.5254
107.201 28.5595
108.494 27.7745
106.263 29.5988
100.642 29.1585
99.8435 29.4159
114.799 28.6674
112.901 27.9994
99.2381 30.2321
102.838 30.3257
108.751 29.7435
99.9572 30.1256
95.9021 29.4371
100.998 30.8312
103.083 30.1193
103.112 28.7325
96.9994 30.0831
104.886 30.1202
111.785 29.5291
107.63 27.8905
100.326 29.1525
103.669 29.2658
100.581 29.8736
101.441 29.2862
103.493 29.4169
110.535 28.8701
106.515 28.9603
107.053 29.5238
105.766 29.0817
112.933 28.7906
106.274 28.8418
110.388 28.6337
105.611 29.6607
107.135 28.6761
105.178 30.7501
101.757 28.6489
101.59 28.8063
100.373 29.186
100.06 30.602
97.2908 30.5674
101.891 29.4276
105.584 29.1242
102.161 28.0439
100.568 29.5262
98.9888 29.5718
101.963 30.9377
105.873 28.4709
104.108 30.0141
102.632 30.0123
100.491 30.0431
102.8 30.6487
103.202 29.3779
97.1035 29.4008
103.312 29.4443
101.883 28.7954
102.605 29.2251
104.353 28.5401
102.206 28.6707
100.842 30.1028
100.81 29.3061
103.463 29.6547
103.846 28.1065
104.635 29.5153
111.055 29.6356
102.958 28.838
102.526 30.6935
108.051 28.9457
104.953 29.5396
102.243 29.1541
106.625 29.7203
104.723 29.5915
110.434 28.3143
107.851 28.817
108.361 29.3
101.174 28.6577
106.294 29.1886
109.997 28.807
103.642 29.1722
103.43 29.3785
101.918 29.7038
100.747 30.2731
108.895 29.4114
107.932 28.4651
103.179 29.8453
103.506 29.8696
102.781 30.3288
97.0042 30.6715
108.498 29.1811
113.376 30.2146
104.245 29.4502
104.753 29.5186
100.922 28.5682
109.515 28.6818
108.955 28.6995
113.113 28.3087
102.084 29.8512
102.646 30.0114
105.969 27.6845
104.818 29.0243
100.631 29.4042
109.774 29.2346
108.516 29.3542
104.482 29.5881
103.007 29.2806
107.887 29.1352
100.106 29.6451
104.376 28.5008
104.609 28.9209
102.204 29.1991
101.357 29.1231
106.307 29.261
102.93 28.8178
112.78 28.8032
113.358 28.7621
108.49 28.8776
104.992 29.4022
107.687 29.3308
101.381 29.1357
108.338 29.4953
107.212 29.5874
97.1403 29.8781
99.8381 29.576
105.232 30.0666
103.961 29.8826
105.655 29.6141
105.703 27.8489
104.717 29.6069
99.8789 30.5079
103.557 29.5782
108.083 28.7166
107.518 28.5517
100.676 30.0812
103.617 30.1015
105.663 27.7388
102.619 29.7045
107.178 28.7328
109.089 29.0705
106.041 29.4619
105.067 29.1735
106.041 29.325
104.164 29.3873
106.791 28.7538
103.553 29.5913
105.373 28.7569
105.483 28.5687
109.826 28.1622
109.552 28.9283
98.7337 30.3536
104.757 30.5482
109.154 28.8606
104.041 28.756
105.759 29.6847
100.471 28.7022
101.78 29.747
101.296 30.4154
101.454 29.835
104.976 28.6027
105.599 27.9443
102.359 29.1609
103.917 28.6738
96.6599 30.2543
109.12 29.0147
105.37 29.2905
105.636 29.7449
110.433 28.163
102.524 28.5356
96.5559 30.4967
98.5522 29.5983
106.928 29.507
95.2129 28.9873
101.045 29.9662
100.324 29.4364
111.389 27.5232
104.077 30.1157
101.566 28.6808
105.722 28.6933
103.366 28.9952
98.5668 30.4678
102.181 29.9905
107.676 29.3962
106.032 29.3183
106.632 28.3239
105.388 27.9746
103.712 29.1786
106.051 29.25
107.152 30.2466
101.186 30.7826
101.379 29.3246
98.4757 29.4905
102.829 30.0793
96.7816 30.1087
101.758 28.4825
103.896 29.3059
103.774 29.8988
104.228 30.0178
101.592 30.1237
102.933 30.0282
101.804 29.6076
107.331 28.3647
103.423 29.8795
98.3402 29.4206
106.198 28.7187
105.051 29.7291
108.344 29.2362
105.083 30.0337
102.82 29.5743
102.957 29.2354
109.628 28.6104
96.8752 29.2071
102.675 29.4723
102.096 29.9585
104.309 28.7949
103.999 30.3057
101.196 29.0964
105.189 29.6007
103.636 29.7832
102.655 29.1767
101.573 29.0616
103.763 28.5048
101.691 28.5972
105.793 29.3396
102.287 29.0576
104.26 30.1372
109.502 28.6471
107.968 28.7106
108.219 28.9471
106.846 28.9463
106.62 29.144
111.236 28.6206
107.727 28.7154
109.494 28.8963
105.43 28.5996
108.503 28.5827
105.728 28.7848
99.1326 29.8629
99.9544 30.0754
101.701 29.9002
98.4299 30.4852
107.709 28.5595
105.179 29.4944
108.013 29.571
111.863 29.8994
107.717 28.6823
109.81 29.8263
105.945 29.694
103.605 29.0567
104.612 29.7093
103.866 30.1466
103.711 28.5667
102.796 29.9886
102.575 30.0009
106.723 29.4575
104.954 29.1991
104.727 29.7265
101.752 30.1348
103.768 29.5735
104.393 29.4889
109.332 29.6664
103.575 29.1713
102.024 30.4415
107.703 29.9002
102.231 29.9401
108.207 29.5715
110.638 28.9493
109.362 28.7657
104.998 29.6982
100.663 30.6346
99.621 28.9776
103.637 28.771
98.3644 30.974
114.38 28.0142
104.899 29.1464
101.063 30.0105
101.829 28.6136
101.328 29.1179
102.579 29.1131
104.673 29.1847
99.6317 29.3693
93.3778 30.0905
105.77 29.7413
104.833 29.8806
105.269 28.9239
106.814 28.849
106.284 28.7219
101.641 28.9024
111.121 29.4511
111.547 29.8368
106.746 29.0266
105.364 29.8754
107.366 28.8954
103.513 29.6384
98.8172 29.5753
106.274 28.5407
99.7307 29.5098
107.417 28.6136
108.712 28.4706
111.357 28.669
106.998 29.3299
102.689 29.3889
102.805 29.409
102.914 30.2244
104.093 29.851
102.76 29.5512
106.33 29.1753
98.6662 30.7712
101.602 28.6846
96.4204 29.8812
96.0827 30.9249
106.617 28.805
99.5268 29.5972
99.0607 29.3109
100.375 30.472
104.013 29.4206
105.997 28.8084
106.654 29.4649
95.8773 29.8635
101.999 28.6979
97.7411 30.0209
107.558 29.6797
105.659 30.2086
105.12 28.6329
105.907 29.1602
97.5877 29.1149
102.946 30.0659
103.253 29.9094
105.601 28.8308
102.997 30.1927
106.82 29.9908
104.752 28.8404
107.958 29.5224
104.409 29.6813
104.471 29.0666
103.841 28.8048
103.884 29.5342
102.849 28.2425
106.005 28.7896
104.374 29.6563
101.908 30.2673
99.4454 30.7113
103.815 30.6043
106.217 29.7235
102.257 29.0736
99.7583 29.7746
104.931 29.0194
108.294 29.2326
110.299 27.1529
102.165 28.525
103.912 29.4543
102.11 29.2486
102.435 29.9561
101.113 29.8443
96.1427 30.5654
113.479 28.7872
98.6135 28.3436
108.966 29.1968
108.88 28.5374
109.331 27.7011
109.584 29.8806
108.898 28.8948
111.46 28.9569
110.696 28.6749
109.962 28.7575
104.98 29.3358
105.862 28.438
104.122 29.0133
108.297 29.0666
100.396 29.6413
104.897 29.9025
101.662 29.6509
107.089 29.1286
107.401 29.3286
110.58 28.6324
111.235 28.3502
105.358 29.8408
104.789 29.0869
107.796 28.6534
99.4874 29.9755
97.0602 31.1943
102.629 29.3965
106.361 28.7203
101.776 28.5056
99.2436 29.7537
98.944 31.6776
98.5499 30.0012
99.151 30.5392
96.7839 29.4751
100.98 30.5879
100.484 30.5417
102.505 29.7308
104.76 29.8004
95.3561 29.7833
107.461 30.5181
105.919 29.1233
98.7616 30.2837
99.5893 29.1461
108.321 30.288
106.053 29.0324
104.439 27.8088
104.445 29.072
103.33 30.2228
92.9499 29.4999
101.052 29.7573
109.372 29.1
104.414 29.3373
104.128 30.4164
104.413 30.3723
102.157 29.2257
105.195 29.7748
103.569 28.6714
106.468 30.2296
103.473 28.9493
104.888 29.5337
100.312 29.6481
101.774 29.232
100.579 29.1961
110.327 29.21
104.243 29.1611
104.484 29.7623
105.021 29.2754
106.556 29.226
104.165 30.0984
110.694 29.8646
109 28.9851
108.349 29.9633
102.058 29.7943
103.268 29.4391
99.6336 30.0256
100.114 30.5784
107.806 28.8939
107.667 29.5235
106.964 29.4987
99.9227 29.5635
105.384 29.6526
104.952 28.5989
106.366 28.8662
97.6491 29.9594
103.612 29.4496
102.874 29.2126
99.7712 29.3531
101.304 29.7431
101.578 30.3878
100.64 28.591
102.881 28.9921
103.365 29.0255
103.34 28.8757
96.6656 28.7703
106.459 28.1058
110.411 28.0646
103.12 28.4209
105.56 29.6678
106.738 30.201
103.295 29.771
108.704 29.2063
105.1 29.6261
104.647 29.5093
107.087 29.4733
102.622 29.4185
102.232 29.5229
98.299 29.3256
95.8973 30.9683
103.874 28.012
103.093 29.8729
99.444 29.4981
102.448 28.7483
108.568 28.6243
103.097 29.4796
99.1039 29.9352
101.225 29.9731
100.274 29.4271
106.084 28.6467
101.026 28.9894
101.952 29.4492
105.367 30.1838
103.142 30.7046
101.291 29.28
102.889 29.074
112.174 28.6296
106.42 29.2264
102.362 29.8376
100.952 29.0892
102.077 30.0907
104.436 30.2367
103.801 29.6511
110.579 29.8077
108.694 28.7238
106.432 28.6828
105.783 30.3722
100.786 30.2804
101.014 29.8506
102.318 30.1198
101.543 29.7963
100.793 29.5211
102.646 29.612
109.151 29.2767
103.311 27.7577
105.86 29.0501
105.295 28.6946
111.218 28.129
103.228 28.1952
103.99 29.8528
100.902 30.5134
103.048 30.4331
102.545 30.2657
110.117 28.8426
101.102 29.404
108.165 29.6323
105.592 29.1724
107.002 28.946
106.765 29.457
98.2953 29.4279
104.41 29.5293
101.308 29.3407
101.233 29.6525
101.626 28.8341
104.118 28.7268
109.622 29.2724
104.337 29.8279
107.546 29.5056
103.625 30.2559
107.383 27.351
101.877 29.6431
107.361 29.425
100.231 29.8461
107.334 28.6374
102.51 29.5376
100.534 29.276
103.054 29.4448
105.85 30.2317
103.869 29.4314
106.487 29.0579
105.767 28.7373
107.387 29.4265
105.692 30.1967
104.054 28.9251
101.678 29.4073
110.401 29.7096
100.159 30.1723
109.334 29.4833
108.536 29.0836
97.0336 28.8419
106.158 29.1874
104.918 29.9259
97.766 30.0721
101.179 29.8577
101.972 29.4195
102.84 29.3301
97.7532 29.4945
106.452 28.7694
101.371 30.6954
101.519 29.7572
102.093 29.755
98.1531 29.789
101.151 29.7927
103.072 28.9518
101.739 30.0331
104.271 29.6893
103.058 30.8367
104.008 29.8994
105.632 29.835
105.314 29.2695
108.08 29.4154
109.802 28.4819
102.003 29.1871
107.182 29.3357
106.113 29.1103
111.958 28.3666
106.88 28.746
100.646 28.6424
112.107 28.3086
105.764 29.7691
106.123 28.9117
104.492 28.8367
105.031 29.2987
105.651 29.1473
102.184 29.1101
111.32 29.1169
108.151 29.1556
108.464 28.5217
107.325 28.7982
109.048 29.2597
105.889 28.3908
101.326 29.6936
98.6821 30.1603
101.052 30.1962
102.978 30.638
105.971 29.7217
102.957 29.8474
104.183 29.8248
112.339 28.9554
105.616 29.5612
108.384 28.9858
104.83 28.0601
106.427 28.6776
99.7865 29.1866
108.345 28.5951
105.472 29.3913
105.041 30.3622
97.1246 30.0977
106.47 29.419
102.162 29.5445
104.924 29.5461
102.863 29.5494
104.463 30.2043
92.7944 30.6249
99.1158 30.7394
101.611 29.7481
104.635 30.2813
107.856 28.4893
108.58 28.0164
108.317 28.7701
108.513 29.3819
97.5571 30.1741
101.007 29.9959
101.347 30.0456
103.971 29.0753
99.1229 30.4229
100.802 29.9125
100.752 31.0003
98.7277 29.7366
102.846 29.9331
100.52 30.0212
99.5483 29.0464
99.789 29.7894
103.446 30.1073
105.341 28.8331
106.918 28.5949
111.797 28.7211
106.597 29.1797
104.995 29.0227
106.59 29.008
105.243 28.8006
104.577 29.1851
101.347 29.78
101.482 30.1782
100.622 30.2401
106.542 29.405
106.322 28.7241
104.718 28.9284
105.361 29.0689
110.348 29.1775
100.887 29.1755
101.928 29.2329
107.784 29.6258
109.811 29.315
108.719 29.0105
102.502 29.5101
103.302 29.9805
99.6635 30.1906
100.075 28.6824
104.261 27.9397
100.648 30.3193
106.838 28.7185
101.491 30.1285
99.9965 29.5497
102.05 29.2331
99.5781 30.1731
104.683 29.6315
104.588 29.373
104.484 29.301
100.031 29.3709
104.801 29.1101
99.0505 28.874
107.756 29.9505
110.687 28.2931
103.175 28.6329
101.438 29.6142
107.986 29.6364
103.408 29.6784
101.212 28.7136
112 29.0339
108.894 29.1498
109.144 29.3527
103.749 30.0519
105.637 30.1854
104.142 28.2883
106.738 29.3849
107.739 29.0523
104.58 29.6213
104.887 29.1773
100.575 29.8962
104.681 28.9024
111.839 28.2333
103.879 29.9896
102.96 30.3121
105.88 30.3382
104.337 29.6572
103.029 29.2727
104.175 29.3108
103.727 30.1968
100.673 29.6058
101.03 29.5988
107.037 28.2899
104.212 29.2464
107.45 29.4188
104.813 29.1425
102.516 29.1718
100.896 29.8314
102.568 28.9096
108.842 29.1414
107.519 29.0368
109.188 28.3459
106.625 28.6101
104.285 28.593
108.023 29.1225
104.665 29.8843
102.292 28.9537
101.156 29.7968
105.208 29.7004
108.192 29.8056
105.591 29.4607
107.261 30.2928
107.213 28.442
104.678 29.3241
105.148 29.3611
108.364 29.5397
105.508 29.5005
107.299 29.1183
104.017 28.8858
102.289 29.9257
104.764 29.3579
106.095 30.0495
103.323 30.2581
102.197 29.9538
101.469 30.2284
101.512 30.3151
98.4947 30.3614
102.031 28.3312
105.961 28.6639
103.942 29.9348
110.233 29.1641
106.299 29.6644
101.04 31.0018
101.165 30.4781
101.005 30.6464
100.819 28.9147
106.477 30.3501
100.911 30.3541
101.148 30.3762
107.205 29.3562
98.7964 29.9456
107.006 29.7528
108.913 29.0081
108.727 28.4273
104.76 28.8165
100.101 29.4712
98.74 29.8707
100.292 29.0379
102.03 29.4887
106.989 28.6814
103.738 30.2921
106.601 28.3735
100.436 29.1844
105.501 28.4938
108.7 29.1057
104.946 29.762
104.892 28.615
105.414 28.5232
106.531 28.6485
101.991 29.4356
103.012 29.2796
109.043 28.8313
105.547 29.0865
104.324 29.1353
107.735 29.1079
100.227 29.4486
103.488 30.2537
104.343 29.9565
105.202 30.2802
105.695 29.7212
104.159 28.2368
106.673 28.764
102.214 29.4847
106.831 29.3713
103.98 29.2831
105.515 29.5173
108.027 29.3125
108.937 28.7857
102.101 29.5918
104.638 29.5473
100.227 29.6334
100.608 30.2767
99.8856 29.6664
105.185 29.7007
104.626 29.6313
110.463 28.457
95.4125 30.5483
104.77 29.7273
104.199 29.8739
102.707 28.3831
102.761 29.7938
103.794 28.9782
106.005 29.5068
106.579 29.6275
100.122 30.6771
105.215 29.2967
99.8168 30.7019
95.051 30.2241
100.425 29.6695
103.611 29.9098
107.963 28.4787
107.9 28.5058
99.9249 29.2622
102.416 29.4184
105.693 29.9198
107.164 29.1334
106.166 29.2087
109.302 28.744
103.494 29.1046
108.994 28.5024
106.548 28.7577
109.727 28.7754
107.635 28.9812
106.121 29.4482
102.504 29.6691
102.906 29.4597
97.2617 31.3334
100.16 29.3396
109.341 29.1579
100.366 29.6405
107.582 29.4741
104.773 28.7089
99.323 30.1476
100.965 29.4803
99.4161 30.3332
104.758 30.2885
104.542 29.5612
105.306 29.3669
104.638 29.8461
100.191 30.7284
101.298 30.1005
103.53 29.3955
103.252 29.1634
106.458 29.5524
103.056 28.618
108.499 28.7892
105.55 29.5114
106.619 29.7417
105.814 28.7046
108.01 29.0451
105.288 28.9082
100.313 30.2519
106.936 29.4953
101.246 29.92
108.424 29.6965
106.127 30.0564
106.099 28.698
105.86 29.9379
108.349 29.0076
107.166 29.7489
104.301 30.0734
104.932 27.7173
101.17 29.4225
105.309 28.5091
107.458 28.6615
105.727 29.0849
108.219 29.4059
110.699 29.4879
103.809 29.1014
103.462 29.6615
109.003 29.6154
108.477 29.6483
101.023 28.3626
101.471 28.8773
100.958 29.1086
100.889 29.9018
98.7843 29.5244
99.2393 29.5842
101.022 29.355
103.674 29.7981
101.53 30.1546
105.576 28.6609
103.609 28.3234
109.033 28.883
112.883 29.1504
107.882 27.8728
98.6465 28.7352
102.822 29.8199
100.107 29.335
101.935 29.8125
96.2222 30.4029
96.4661 30.6467
105.287 29.3661
108.245 29.3456
106.242 29.3465
107.79 28.9503
108.218 28.184
104.161 29.2043
105.648 29.0608
98.9885 29.8738
110.092 29.8529
98.501 30.2784
101.409 29.0736
103.935 28.4297
103.471 29.3447
102.251 28.8255
101.192 29.3417
98.7196 29.8878
103.849 29.1678
102.852 30.3758
106.647 29.3864
109.645 29.3082
102.372 28.6081
106.628 28.5954
111.213 28.9188
106.244 29.0873
101.938 29.0589
98.6357 29.4576
98.4336 30.7205
103.647 30.4739
105.879 29.4691
103.858 28.9553
109.234 28.7947
106.661 28.8947
104.464 29.0939
102.446 29.431
99.3212 29.7616
97.9974 30.4022
99.031 29.8529
101.321 30.3239
98.7802 30.6337
95.2178 30.8797
97.2049 29.8496
106.349 29.1138
107.311 29.4839
102.495 29.7497
101.05 29.3346
105.7 28.8738
103.876 29.2806
105.552 29.5868
101.34 30.425
102.781 30.0067
105.937 29.4676
101.411 29.5435
105.087 30.2269
101.686 29.8979
101.809 29.2298
102.545 29.2497
105.946 29.2706
107.917 28.7272
107.618 28.7353
107.686 28.6975
105.485 29.2738
103.337 28.1366
101.32 29.7681
105.497 29.9159
103.333 29.8339
104.122 29.907
104.008 29.0446
103.49 29.3258
105.941 28.6053
108.742 28.7213
98.1899 30.2553
100.227 29.5653
103.524 29.2699
106.26 29.5429
105.04 29.0367
107.614 29.0795
107.614 28.7305
110.932 29.7377
103.348 29.4882
106.623 29.0954
102.308 28.9511
104.749 28.9559
107.238 29.0128
97.8683 29.5914
105.736 29.3636
102.852 29.7992
107.095 28.9939
102.306 29.8813
98.9677 29.8691
99.6457 30.7522
102.322 29.884
103.927 29.6697
107.223 28.7231
102.266 28.9041
104.424 30.4208
106.746 29.7832
103.154 29.7369
103.519 29.1986
102.116 29.3659
102.116 28.9163
115.219 27.7321
107.223 27.5851
102.662 29.1257
104.781 29.8281
107.018 29.1586
100.013 29.5209
113.656 28.079
106.482 28.9504
109.766 27.8857
109.95 28.3842
107.686 28.663
104.241 28.5208
111.982 29.0673
105.418 28.3472
98.5872 29.5704
97.4796 30.5171
103.879 29.4703
103.879 29.6805
107.943 28.5265
105.136 29.1899
99.0797 28.5337
104.151 29.0965
100.821 30.3483
104.687 28.2683
102.001 29.2862
109.248 29.5476
102.578 30.1685
104.724 28.0959
110.621 28.8173
111.27 28.9355
106.567 28.8854
100.855 28.6058
103.292 29.6344
103.292 29.3864
103.292 29.2076
104.402 30.1983
103.883 29.3609
108.854 28.6207
101.271 29.1681
103.978 29.5357
104.285 29.4829
105.966 29.222
103.147 30.3439
103.783 30.13
105.422 30.2248
98.8971 29.6565
98.8971 29.8067
95.7972 30.5456
106.831 29.0403
109.547 29.2128
109.901 29.0409
107.016 28.9883
107.016 28.8146
104.125 29.6094
102.672 30.124
98.8548 29.4185
103.899 29.8556
104.85 28.67
99.8451 30.6282
102.844 29.6284
101.854 29.3299
106.112 29.5337
106.112 28.9829
99.5405 29.5557
111.261 28.8583
105.827 29.0381
103.038 29.7062
103.038 29.0721
100.834 29.0591
103.392 29.9604
107.189 29.6491
102.792 29.8556
104.142 29.8297
106.712 29.8082
106.64 29.9705
105.853 29.8371
91.1934 30.4625
108.273 27.7939
99.8385 30.1186
102.253 28.5638
98.7153 29.9454
98.4244 30.2665
97.9391 30.3126
99.242 28.2749
106.693 28.948
113.621 27.8851
101.582 28.9619
100.808 29.606
103.416 30.3203
104.611 29.6316
104.611 30.4947
107.848 29.6347
103.498 29.8714
104.464 29.2597
103.401 29.5265
105.128 29.7045
103.694 29.8737
103.694 29.3477
107.718 29.3629
103.423 29.6509
101.833 30.4319
106.901 29.593
109.27 29.7031
105.166 27.5179
106.961 29.941
102.287 29.5687
102.287 29.7457
99.112 29.3246
107.155 29.0874
107.155 28.9552
102.583 29.6948
100.579 29.7015
100.579 28.0175
105.887 29.3736
109.27 29.5397
108.947 28.8216
104.783 29.6767
104.37 29.464
105.192 29.8113
104.325 30.2136
108.324 28.3218
101.77 29.5329
107.41 29.7325
110.903 28.3049
106.153 28.9726
106.153 28.5982
102.888 29.9671
101.223 30.3366
101.223 29.1933
98.6543 30.2761
98.6543 29.6512
105.708 28.5586
106.688 28.5495
106.688 28.5088
106.688 29.2946
106.688 29.0794
100.838 29.3954
104.978 29.3957
105.51 29.0324
105.1 29.8029
107.161 28.0394
100.846 28.3838
100.667 29.1135
111.396 29.6103
104.501 29.1457
104.651 29.6147
102.619 29.7525
108.056 28.7921
108.056 28.1867
109.492 28.0818
106.955 28.6067
104.63 30.3544
100.014 30.4108
100.014 29.5407
100.014 29.6521
100.014 29.695
100.01 30.3832
106.33 29.1682
106.33 29.2862
103.308 30.4381
111.09 28.4092
100.99 29.2813
101.452 29.2921
104.985 29.352
107.454 29.2472
105.493 28.7802
105.493 28.6659
108.9 29.5576
103.881 29.6204
101.499 29.1019
106.981 29.3462
104.493 28.8229
102.361 29.6119
109.555 28.4608
99.7463 29.667
106.07 28.6931
100.596 29.7183
104.751 28.7582
102.37 28.7427
104.084 27.8978
106.294 28.4732
102.293 29.0492
104.277 28.9175
106.927 29.1193
107.826 29.6821
108.043 28.2068
105.577 29.0822
102.086 30.0672
97.4733 29.3395
105.805 28.5506
100.469 29.836
100.182 30.3616
99.6746 30.2186
99.6746 29.0114
99.2738 30.4698
96.6527 30.6704
104.603 28.4768
102.287 30.1252
102.287 29.9129
105.833 28.809
105.833 27.9427
111.845 28.235
110.888 29.2032
111.133 29.019
101.918 29.3345
97.5153 28.9791
102.229 28.3276
102.229 28.5834
103.617 28.1888
107.8 28.9615
107.977 28.5974
100.692 29.1639
106.567 28.0711
104.707 29.7954
104.707 29.612
104.707 29.4244
102.803 29.3282
102.803 28.9104
104.468 29.4002
113.171 28.8919
104.404 29.312
108.023 28.8509
108.023 29.0593
102.029 29.0303
98.8629 29.6825
98.8629 29.8845
101.449 29.226
101.449 29.1562
106.145 28.8979
104.231 27.9128
108.703 29.0226
105.248 29.3692
104.168 28.9981
108.472 29.8194
102.28 30.1865
107.514 30.3098
100.83 30.6124
107.97 29.2753
107.337 29.2628
106.732 28.6098
99.4599 29.7787
105.195 29.9118
104.969 28.9813
110.32 28.1531
106.348 28.9055
100.585 30.363
104.348 28.8902
102.877 29.2139
101.987 29.1455
101.987 28.3942
106.706 28.7542
105.698 29.0091
106.222 29.0065
99.4166 29.7822
102.431 30.1761
100.988 29.5053
100.988 29.4646
101.338 28.8463
109.873 29.8849
99.8834 29.9794
92.5277 30.1228
99.4113 30.7333
101.937 28.3632
99.3576 29.5491
99.3576 29.7742
99.3576 30.3884
94.8386 30.8041
101.035 30.248
100.59 29.0508
106.706 28.6444
103.716 28.6747
104.4 29.0373
103.223 28.9627
101.105 28.961
100.74 28.9551
101.348 29.003
101.348 29.6804
106.347 29.3294
109.396 29.2003
106.891 29.6591
96.1501 29.8266
96.1501 31.3566
99.1099 31.2201
104.342 28.5004
104.342 30.2593
103.483 30.2513
103.483 29.0507
103.077 29.1038
106.682 29.1584
104.886 29.1415
110.552 28.9384
107.004 29.256
107.555 28.9724
104.327 29.0735
104.327 29.751
104.327 29.7727
103.955 30.6529
106.398 29.7356
104.245 30.4845
104.22 29.3423
99.3511 29.2971
109.438 28.1909
98.9591 29.0564
105.59 29.6965
102.713 29.4545
98.9298 29.7834
100.124 30.324
101.647 29.665
104.42 29.6833
103.889 29.1963
100.795 29.3493
102.533 29.456
101.391 29.4521
101.391 29.3138
102.572 29.4503
102.572 30.3892
98.6176 29.2617
102.519 30.1219
108.009 29.803
105.705 29.3286
106.891 29.0123
104.092 29.5604
103.288 29.6474
106.605 29.9536
101.145 29.491
99.6896 28.7495
103.096 30.2096
102.991 29.6355
102.661 29.6893
101.184 29.5234
98.9724 29.7722
100.111 29.394
99.9873 30.085
102.293 30.4294
98.8279 29.9221
101.287 29.889
103.783 30.0793
103.783 28.697
107.868 28.643
107.868 28.7525
104.586 30.2135
101.968 29.8045
106.586 27.9556
108.812 27.8117
110.295 28.7244
100.973 28.956
105.99 30.6451
101.691 29.7274
101.691 29.7488
103.583 29.889
103.938 29.9368
103.165 29.7251
99.8485 29.6431
99.8485 29.9821
99.4796 30.1183
108.364 29.5156
98.3932 30.4256
101.535 30.4777
102.691 30.7113
102.55 29.0402
100.416 30.0628
102.118 30.6121
104.63 28.3664
104.63 28.6416
110.168 29.3768
110.214 27.5923
108.882 29.003
98.941 31.1072
99.0807 29.5159
103.026 29.2038
103.329 30.3318
103.891 28.7584
107.305 29.8822
104.758 29.4422
100.984 30.9333
107.037 29.509
107.528 29.031
107.73 28.6759
107.73 28.4653
98.1955 29.8377
93.4532 30.3332
99.2281 29.7726
104.684 30.1126
110.049 28.8284
108.928 28.2284
106.787 29.2268
102.758 28.7924
104.987 28.521
107.678 28.6972
107.532 29.7275
103.856 28.7061
107.539 28.4729
106.115 29.7336
100.155 28.7709
101.918 30.1373
101.918 30.2033
101.918 29.8837
99.7459 29.6147
97.1843 30.2819
97.1843 30.4233
97.8201 30.1134
106.215 30.0793
100.414 30.0956
95.8761 30.0353
95.8761 30.074
95.8761 30.4153
99.6225 30.7042
96.1887 29.7089
101.08 29.8043
107.181 30.5674
106.064 30.4866
104.777 30.5792
107.373 27.722
106.039 28.6919
107.396 28.8318
103.589 30.3778
109.062 29.1253
103.051 28.8192
99.3912 29.3098
103.884 28.8857
103.693 29.5109
105.247 29.366
103.837 29.6429
103.837 29.5203
106.682 29.3185
102.98 30.0574
109.62 29.1926
108.607 29.0434
101.09 29.162
103.62 29.6721
103.431 29.946
103.431 29.0251
103.431 28.9585
100.275 29.5403
104.716 29.5767
104.054 29.5245
104.437 28.7353
95.6871 29.3004
106.844 30.4312
102.855 29.9842
102.14 29.2798
106.05 29.2609
106.05 29.4684
102.06 30.064
101.516 29.9563
93.2222 30.6925
98.4935 30.2845
106.906 29.5556
98.8388 30.965
98.8388 30.0346
101.253 30.6661
109.659 29.9106
106.899 28.8559
106.899 29.0448
101.703 30.0805
105.816 29.6181
110.571 29.015
109.97 29.2913
101.179 29.3499
101.503 29.9356
107.344 29.4817
100.968 29.3866
102.943 29.4625
97.1919 29.4886
108.46 29.3293
104.399 29.7382
105.457 29.2467
104.366 29.0962
102.002 28.3702
107.505 28.9404
107.505 29.7641
108.165 28.3658
111.858 27.9573
110.115 29.317
100.883 30.0183
105.921 28.9506
105.921 28.5003
99.6337 28.4211
97.6017 31.1154
108.098 29.8151
105.254 29.8579
102.182 29.8102
102.182 29.1338
102.971 28.7454
100.304 29.6149
106.306 30.088
108.217 28.5886
103.538 28.7138
106.799 28.8929
111.987 28.9661
104.759 29.3561
106.108 29.5637
95.5918 30.2537
106.21 30.1677
101.59 29.4044
104.837 27.6914
109.877 29.0588
104.404 29.8363
104.911 30.3367
104.911 30.3225
101.896 30.1306
100.051 30.3544
105.938 29.7667
105.916 29.1199
97.5107 30.3409
97.5107 31.7931
97.568 29.8099
100.237 29.0459
109.534 28.3085
109.75 28.8369
108.579 27.9993
111.338 29.4048
111.476 27.6364
106.363 29.1007
106.363 28.4027
109.963 28.2322
100.425 29.1519
106.656 29.3151
108.943 29.1377
101.638 29.5393
102.448 29.4615
99.1404 30.0779
105.31 28.6234
105.31 28.7137
105.31 30.6054
99.8152 29.9435
101.783 29.7924
104.062 29.7924
99.9381 29.7459
104.318 29.1214
104.849 29.0435
100.546 29.3261
105.01 29.0507
105.744 29.0776
105.744 29.2622
104.07 29.3238
104.583 28.1053
104.085 28.9476
106.334 29.1006
106.064 29.7122
102.061 30.1522
99.3518 29.1797
99.6157 29.6681
97.4217 29.9449
103.27 29.1865
105.206 29.0583
107.432 29.7497
108.132 29.2388
105.343 27.6989
109.321 28.6163
109.395 29.676
104.569 29.548
102.874 29.6114
102.874 29.3601
102.874 30.6323
98.0225 30.2528
106.825 29.2185
106.825 28.4262
96.9306 29.4532
103.395 29.5513
104.953 28.413
105.627 29.5447
101.275 28.9142
109.897 28.7304
110.963 28.6692
111.724 28.6692
101.644 29.1596
99.7951 29.439
100.7 29.1185
100.7 29.9036
100.7 30.2887
103.087 30.0972
109.186 28.8313
106.45 29.2235
105.822 28.5226
98.3862 28.4684
107.89 29.5251
110.55 29.0929
103.922 29.3855
110.012 28.9935
110.012 28.8961
107.014 28.5815
109.902 28.4868
106.982 28.0119
106.982 27.7328
102.892 29.6126
98.8698 30.9307
101.355 30.0824
101.355 29.1931
95.4586 29.3446
104.32 29.0356
101.287 28.8406
108.043 29.3451
102.785 28.9191
103.592 29.0188
106.121 29.5139
98.882 29.3208
97.9405 29.4121
102.5 29.49
101.96 29.4364
101.96 29.612
103.697 29.1544
102.221 28.9735
102.605 29.2214
97.975 30.2165
101.105 30.079
94.728 29.7875
101.82 28.8775
109.045 29.3541
106.742 29.0797
107.711 29.3531
106.685 28.9203
102.828 29.5343
100.18 29.3632
102.73 29.2925
100.413 29.3021
100.413 28.3185
100.413 28.9958
104.895 29.5735
102.478 29.8252
98.8694 29.7612
112.662 28.7622
102.8 30.4482
99.6791 30.1608
98.6497 30.2124
98.6497 30.1409
100.333 29.306
95.4746 29.7564
105.124 29.5576
105.772 29.0133
103.659 29.2744
103.659 29.5299
104.49 29.0799
104.85 29.8454
100.468 30.3325
100.468 29.8579
104.389 28.7416
104.389 28.858
101.676 29.0759
106.884 29.1974
104.049 28.6648
102.66 28.2538
102.66 30.0184
102.66 30.0099
98.0594 30.1179
103.466 29.0942
106.012 29.6188
106.012 28.6464
99.3159 29.5715
99.9229 30.0421
99.6947 29.8753
103.606 29.5315
103.575 29.4743
103.575 29.0168
102.21 28.3265
113.972 28.3728
110.526 29.2419
95.2229 29.3381
103.19 29.8031
100.256 29.7832
103.396 29.7087
102.87 29.7386
105.189 29.4238
106.561 29.6784
106.561 28.3346
106.561 29.7553
106.561 29.768
106.561 29.2739
105.791 29.0527
103.932 29.7424
100.63 30.2204
99.1513 30.7612
95.502 30.5083
106.198 29.4721
95.0561 30.1841
103.874 30.3457
107.16 29.6887
105.542 29.7901
104.799 28.8944
99.0763 30.3794
96.9133 30.1202
101.823 29.599
105.955 30.444
104.041 29.208
113.395 29.7768
97.4558 30.0727
103.811 30.1937
107.664 28.957
110.499 29.8296
97.5326 30.1504
101.225 29.9558
101.225 30.1801
101.967 28.5071
106.982 28.1855
100.384 29.1788
100.384 29.3606
106.838 29.1073
103.841 29.627
103.841 29.3572
104.752 29.0454
101.429 28.7401
104.438 28.5197
103.097 30.0733
101.733 29.5885
101.733 28.9326
108.113 28.4771
111.92 28.0903
115.802 27.7333
112.764 28.0987
110.161 28.8487
106.571 28.927
109.54 28.9874
105.892 29.0366
106.105 28.9844
106.531 29.2293
114.68 29.7772
103.674 29.8058
100.922 29.7267
108.733 29.7851
106.488 29.0402
103.586 29.151
106.453 29.0811
101.21 30.2218
103.793 29.067
103.793 30.0134
103.57 29.5964
106.513 29.2609
106.513 29.0078
103.561 29.2218
105.711 29.6046
98.56 29.9945
100.569 30.3438
101.318 29.1514
98.9478 29.8377
103.112 30.4433
104.028 29.511
104.028 28.9518
102.659 30.611
99.475 29.8091
104.165 28.0362
104.165 29.948
102.918 29.4555
104.755 29.3936
102.404 29.1428
102.404 29.6673
102.404 29.5745
98.2516 29.7265
103.904 30.9708
103.904 28.835
103.904 30.7062
101.779 29.7
101.779 29.5484
101.779 29.5484
97.064 30.2466
97.064 28.8463
101.379 30.4608
105.25 30.3483
105.434 29.3604
105.526 29.406
105.526 29.0303
103.464 29.5018
103.267 29.2527
103.267 29.487
104.318 30.0109
105.424 27.7963
104.015 30.0389
94.6654 30.6423
106.505 30.5859
100.847 30.0999
100.847 29.1117
106.271 29.841
102.595 30.1498
102.998 30.7211
103.751 29.7259
102.902 30.2834
101.704 30.0286
101.704 29.9636
105.238 30.4545
104.173 29.3987
105.881 29.3941
108.643 29.364
108.643 28.4882
105.802 29.0717
96.9728 30.313
105.913 29.4682
113.394 29.6066
102.19 29.3261
104.441 28.6878
102.209 29.2428
103.87 28.5859
107.668 28.653
107.823 29.6123
106.179 29.5512
107.15 29.2051
107.15 29.3201
102.376 30.0242
101.775 29.4288
100.194 29.4014
107.066 28.972
109.09 29.4874
100.344 30.4721
101.864 29.2263
108.438 30.3391
104.216 29.9671
104.977 29.0989
104.175 29.6592
96.0868 30.967
102.814 29.7494
98.4422 28.7252
101.893 28.5723
101.45 28.5771
102.1 28.5829
112.019 28.5275
104.402 30.5731
104.861 28.7417
104.347 28.3453
104.347 28.7644
106.589 28.0977
100.275 29.5229
103.871 29.0671
103.871 30.2804
98.9876 30.4374
109.235 27.8278
108.577 28.5959
106.714 29.2921
100.891 29.2848
101.143 29.3045
106.501 28.7403
105.655 28.8536
107.741 28.7406
109.784 28.7749
104.255 29.5797
98.7134 30.1217
104.695 29.692
100.158 29.7903
103.73 29.1914
110.479 29.7559
106.131 29.0702
100.589 29.9892
103.335 28.9773
106.915 28.4774
106.684 29.8421
102.187 30.4887
110.784 28.9918
101.565 28.6777
102.236 29.8608
102.161 29.6309
102.161 30.6846
100.852 30.5934
95.5297 28.7893
107.093 29.1485
98.2898 29.5968
96.9669 29.8691
104.536 29.6719
104.682 29.5064
104.682 31.0127
106.669 28.9914
104.223 29.3873
106.19 29.8918
106.19 28.7578
106.19 29.8523
108.221 29.2109
105.044 29.2671
103.382 28.7967
103.382 28.7251
101.089 29.9377
105.587 29.8214
105.587 28.8818
105.587 28.6579
98.2666 29.2863
102.565 28.9481
103.05 29.5155
103.05 29.6051
102.236 29.4158
104.062 29.6317
104.062 29.9834
104.062 28.6294
106.898 28.5093
105.362 28.9177
102.692 29.9332
97.8405 29.9625
97.8405 29.0738
108.658 29.8163
105.624 29.1107
105.624 28.3889
107.575 29.0377
102.024 29.1791
102.618 30.0701
102.618 29.1751
105.465 29.6779
104.931 29.5803
105.898 29.432
107.595 29.433
107.595 28.8054
98.3182 29.2116
106.174 29.4127
106.174 29.2153
102.188 29.6144
101.542 30.0012
109.29 29.0839
99.0256 29.5554
103.07 30.0567
104.875 29.3861
106.257 28.5531
106.257 29.2769
102.761 28.638
101.143 28.7599
109.541 28.5924
107.203 28.7538
107.203 29.7761
104.08 28.6204
102.479 28.6059
103.915 29.4632
101.262 28.7703
101.262 29.6309
100.769 29.5053
108.445 28.0243
104.108 28.746
102.883 29.2634
101.114 30.2049
102.503 29.3627
94.0224 30.2826
102.005 30.4379
108.801 29.0764
103.191 28.7997
107.36 29.375
102.457 29.9232
100.242 29.6188
103.129 29.6665
101.845 28.9014
99.4427 30.467
99.4427 30.4251
103.311 29.8825
106.282 29.9375
101.984 29.3059
101.93 28.436
104.934 29.3722
104.934 28.4478
108.162 28.7413
105.043 28.3729
98.455 30.5043
98.455 30.23
99.0981 30.8547
99.0981 29.1257
108.544 29.1581
106.896 30.2499
105.909 30.5401
106.674 28.3392
106.674 29.6308
106.674 28.807
108.307 29.3506
110.491 27.6149
114.53 27.4554
114.53 27.0668
109.83 28.9691
107.612 29.0703
107.612 29.3655
103.952 29.518
103.952 29.5225
108.462 28.7637
113.201 28.438
110.775 28.5044
107.614 28.6035
107.614 28.4454
104.001 29.6393
95.8634 30.5035
102.175 29.4987
102.531 29.3009
104.745 29.2075
104.745 29.2207
104.054 29.3604
105.753 29.4749
105.753 29.861
102.527 29.4795
102.072 29.8701
109.747 29.6471
100.555 29.8798
103.923 28.3128
103.923 29.3034
104.902 28.8979
104.438 29.1474
104.438 30.0558
102.281 29.3051
102.281 29.2535
102.281 28.5101
102.281 28.7492
107.577 28.9486
108.845 28.7784
106.508 29.6487
106.508 29.6962
106.508 28.9728
104.469 29.0657
109.1 28.8173
113.719 27.9903
105.584 28.8765
105.584 28.7629
106.574 28.6765
100.371 28.9607
101.349 29.3689
102.219 30.0373
104.975 29.3471
105.829 28.6511
105.829 29.6443
106.76 28.2384
101.204 30.3463
98.3272 30.204
102.759 30.4343
105.446 29.2012
106.758 29.1638
104.7 29.2301
107.188 28.2336
111.459 28.1742
100.289 29.0434
100.662 29.1553
102.789 29.2047
99.3405 29.7109
106.647 29.2628
107.644 28.5623
104.232 29.8654
102.235 29.2788
100.677 29.0821
100.677 29.2497
106.139 29.5411
106.975 28.9521
103.422 29.9894
106.759 30.7267
105.99 28.3443
104.988 29.1246
100.032 30.0678
106.395 28.3816
99.9367 30.4549
103.279 29.5628
103.279 28.7471
103.279 29.8096
103.279 28.9403
105.606 29.4005
104.118 29.2664
103.521 29.0211
107.869 28.8494
100.864 29.9682
100.864 30.7252
106.733 30.1228
104.763 29.4603
111.731 29.3598
105.866 30.0317
101.273 29.8253
103.574 30.0789
98.8513 29.8613
105.495 29.1624
104.894 28.4094
103.235 28.3419
108.881 28.6473
105.23 29.3961
101.92 30.3805
105.906 29.9119
100.954 29.7282
104.881 29.427
104.115 28.9074
106.833 28.9447
106.833 29.7631
106.833 29.3812
106.564 29.4705
111.123 28.6457
104.669 29.6097
104.669 30.5809
104.669 29.1831
106.406 29.524
106.406 29.3506
103.943 29.6338
103.943 28.8669
106.401 29.2836
107.307 29.058
105.666 29.9692
110.064 28.8262
104.04 29.3917
108.037 30.0975
108.037 28.2355
108.121 29.3508
102.056 29.1861
105.85 29.5633
105.85 29.1382
110.007 28.5302
102.634 28.7697
105.815 29.1541
109.605 29.3482
109.605 29.5053
109.605 29.3014
106.05 29.6363
107.758 29.044
107.758 28.9679
100.906 29.3357
114.559 28.5778
105.623 29.0825
106.716 29.3003
103.22 30.1859
98.6526 30.0791
106.062 29.483
95.1704 30.0108
104.16 29.4699
105.213 29.0739
104.723 29.6915
98.1061 29.6616
104.548 28.1454
102.239 28.9564
104.279 29.3051
103.879 29.2161
103.879 28.6543
103.089 29.2998
111.738 28.9439
109.952 28.2853
101.841 28.9209
101.841 29.0368
105.869 28.6196
102.013 29.1999
92.605 30.2631
105.54 30.2406
99.6007 30.9077
99.6007 29.0952
102.461 30.2861
97.7978 30.3123
107.611 29.9452
108.388 29.0008
102.535 29.3859
97.5169 29.5687
107.96 29.1633
110.312 28.0896
110.312 29.0487
106.682 29.6965
109.876 29.2551
109.876 28.5409
102.586 29.5869
102.586 29.6628
102.586 30.0661
102.586 29.2158
105.161 29.1293
102.985 29.4432
104.988 30.975
102.729 30.1084
105.509 30.3176
105.5 28.3033
108.287 28.4583
99.8337 28.823
98.9959 30.0801
98.9959 28.3536
96.5712 30.7056
101.173 29.3132
102.376 29.0186
102.376 29.4014
111.026 29.1154
108.041 28.9298
106.462 28.8944
103.636 28.9028
103.636 29.6719
106.42 29.8949
105.855 30.1503
104.293 29.602
100.139 30.4482
102.032 29.1731
102.032 29.2616
106.266 28.9653
107.312 29.3792
111.187 28.7218
103.384 30.5873
98.459 29.4886
104.118 29.6643
102.365 29.5807
100.982 28.2413
109.102 29.4178
100.218 30.8252
107.385 29.6085
108.144 29.35
111.083 29.4588
100.937 29.4537
104.863 29.5276
107.414 30.8698
103.204 30.7494
102.071 29.9506
102.656 29.0058
106.486 28.4975
100.599 28.8177
107.263 28.9145
107.263 29.6224
103.812 28.937
108.187 29.7131
103.47 30.2054
106.54 29.1797
104.378 30.2509
104.378 29.0536
103.353 28.9604
94.3764 30.3893
99.9898 29.473
102.758 29.5501
107.072 29.5778
107.948 29.3579
106.367 29.1173
100.638 29.1804
108.136 29.2331
103.656 29.0463
105.982 28.7819
105.533 29.1275
103.92 29.7129
106.622 28.9615
102.311 29.4381
108.528 29.8383
108.528 28.0096
108.528 28.2093
108.528 29.141
104.691 29.58
102.849 29.0994
100.361 29.3271
100.799 29.6334
100.412 29.3821
102.737 29.3977
108.665 29.0692
107.187 28.5423
100.617 29.3878
108.183 29.273
100.472 29.6831
104.638 29.3418
102.925 29.6551
104.2 29.6616
104.2 29.3905
104.2 28.8733
106.552 29.2259
102.244 29.0558
107.264 29.0772
105.563 29.358
109.71 29.5634
102.283 29.2118
105.353 29.4439
101.099 29.1612
109.19 29.2107
103.948 29.1455
102.3 29.1916
105.571 29.9584
107.642 28.9635
106.838 28.754
103.341 28.8324
102.452 29.5833
101.912 29.4355
107.491 28.4895
107.491 29.6008
98.5205 29.5855
105.594 28.5387
101.003 30.2377
101.003 29.2033
109.05 29.2766
109.05 29.2102
100.34 30.3404
100.34 29.6228
100.34 29.8814
97.0835 29.9126
100.068 29.2988
100.068 30.0405
105.163 29.1345
110.537 28.5723
99.3326 29.7493
101.5 30.0108
101.5 29.084
101.5 30.2012
101.5 29.6372
101.5 29.9985
105.682 30.0885
105.036 29.253
105.618 30.1911
99.9544 30.494
99.9544 29.0433
106.832 29.8886
103.559 29.7637
105.03 29.1833
105.573 28.5174
105.723 28.8215
107.769 28.9973
105.231 29.6041
101.851 29.7503
99.8712 29.9814
106.472 29.5214
105.522 28.55
105.522 28.7266
100.83 31.0303
100.83 29.8682
102.725 29.2344
98.8121 29.2827
100.268 30.2799
103.781 29.9233
102.735 30.1153
107.199 28.633
110.521 28.8779
109.639 28.8852
102.89 29.2908
102.058 29.3267
103.456 29.3892
104.817 29.5618
99.7776 30.7073
97.2112 30.3506
98.4906 30.3643
108.364 29.5066
109.971 28.931
105.817 29.2449
101.657 29.1588
107.271 29.1065
107.271 29.0236
104.482 29.0181
104.482 29.214
105.802 30.2076
98.9344 30.7445
105.366 29.2179
102.532 29.6601
101.77 30.163
103.235 29.2195
103.92 29.2278
104.127 29.9881
102.21 28.702
103.639 30.6139
105.382 29.4985
105.382 28.668
105.382 30.1461
112.901 28.2902
111.067 28.1148
107 28.2099
107 28.0694
107 29.6812
103.653 29.5627
98.7109 30.0946
108.031 28.8716
107.757 28.4378
103.631 28.9128
109.108 27.6343
106.416 29.0771
104.327 28.5486
104.327 29.0934
109.194 30.0698
108.451 29.1469
105.098 29.0681
109.455 29.6594
105.112 28.4556
105.112 29.486
101.787 30.1723
105.792 29.0716
106.085 28.2124
99.0789 28.7067
101.644 30.2817
101.644 29.9954
102.9 29.1072
107.063 28.9793
106.619 28.8041
104.667 28.5257
109.975 28.782
109.986 28.9838
106.932 29.1218
107.393 28.2149
95.7421 29.2627
110.735 28.3042
108.634 30.4525
100.082 30.7064
104.545 29.569
97.2244 30.377
103.322 29.5754
97.0629 29.7239
103.057 29.73
103.057 29.1984
100.409 30.1663
103.651 28.9083
103.651 29.9718
109.212 29.2378
100.866 30.1028
105.488 28.6287
106.767 28.7671
106.767 28.4473
101.682 29.7683
101.028 30.2753
109.68 30.1967
99.1147 29.9417
104.826 29.8395
106.353 29.7503
108.164 28.5393
108.164 28.6094
100.972 28.8061
100.393 30.3853
97.2923 30.6022
107.722 28.6903
110.696 29.3331
106.91 28.5087
106.91 28.9635
107.266 28.5262
98.3762 29.0508
90.9271 29.7291
94.8808 30.7331
106.585 28.7162
103.655 28.759
98.6152 30.9009
95.1989 30.9009
105.648 29.2244
102.373 29.8854
109.64 28.4269
110.043 28.791
103.766 28.9912
105.359 28.2476
106.336 28.3658
106.742 28.8549
102.883 29.9489
102.883 29.4594
111.641 29.409
106.84 28.0618
109.855 28.4342
103.335 28.6721
110.392 28.4062
104.049 29.8281
99.9298 29.0244
105.089 28.9024
106.216 28.7437
103.117 28.8675
103.117 29.7288
110.279 28.556
109.092 28.5938
105.628 29.0894
103.66 29.6818
107.021 28.8865
104.187 30.2737
103.484 30.0205
103.484 29.4114
103.484 29.859
100.334 29.7706
102.17 29.7577
99.548 29.5071
99.1387 30.4323
99.3451 29.7051
102.529 30.5766
108.289 29.3274
104.098 29.3349
104.831 30.2566
98.4241 30.4367
97.2903 30.3252
99.0252 30.3685
105.513 28.5946
102.433 29.5845
100.353 29.622
103.612 28.7132
105.151 28.4506
105.636 28.9395
104.508 29.5962
105.721 29.3629
104.81 29.5185
105.35 29.4941
105.35 29.3306
104.621 28.7839
101.937 30.643
107.692 28.5644
104.707 28.9836
99.5982 29.6946
109.085 29.5807
105.355 29.6839
104.613 28.8632
99.9956 29.5118
103.576 29.5684
102.56 29.9914
96.6329 30.8613
105.426 29.3069
106.244 29.4363
105.114 29.4321
105.464 29.3906
105.901 29.6321
107.987 29.6635
106.426 29.3781
106.426 29.2147
106.426 29.3394
96.9616 29.443
103.338 29.6513
102.381 29.0632
102.917 30.2437
103.303 28.8614
103.934 29.4366
103.934 28.6756
103.934 29.2017
96.8405 29.4659
100.326 30.0651
104.904 30.7273
101.911 29.3105
107.786 28.8936
105.902 29.3213
101.389 28.9476
110.808 29.1779
107.507 28.7947
107.507 28.6443
104.112 29.9362
104.194 28.6866
105.4 29.2263
105.4 29.7513
105.4 29.6605
105.4 30.1217
107.577 29.7171
101.595 29.824
101.595 29.4767
100.35 28.779
100.35 30.4302
100.47 30.1244
100.47 30.0939
103.184 29.419
106.829 29.7569
100.809 30.346
99.4911 29.2716
109.09 29.3799
109.09 29.1454
107.273 28.7773
107.273 28.6536
100.143 28.9177
100.143 28.6319
102.742 28.8738
103.965 28.6567
103.965 28.9844
106.642 28.3001
103.814 28.3567
103.814 29.3861
103.814 29.7182
104.801 28.4905
104.061 29.4971
102.834 29.4888
105.58 27.7921
105.774 28.6645
104.228 30.0411
108.836 29.3343
106.707 28.6823
102.107 28.7702
101.046 30.5597
100.236 30.2398
100.236 29.8394
102.974 29.3379
107.444 29.6229
104.559 29.3892
104.559 30.1969
100.176 30.8208
105.513 29.639
98.4018 29.7291
111.722 29.809
105.13 28.6704
101.529 28.903
106.44 28.8964
106.44 29.8321
99.0737 30.2049
103.578 29.713
102.353 30.0637
106.577 30.1816
106.577 28.4191
103.58 28.9373
102.358 29.233
102.358 28.9979
102.64 29.9984
102.64 30.0609
100.38 30.3133
104.178 29.3086
110.374 28.663
102.91 30.2116
102.91 29.77
106.497 29.7078
104.31 29.711
101.286 29.711
106.729 29.2211
100.009 30.8236
101.944 29.3079
99.1695 29.8664
99.3041 29.9865
102.861 30.023
103.296 30.4996
103.296 30.6392
104.527 29.8807
104.527 28.427
108.151 29.098
112.628 28.0774
105.636 29.4139
102.938 28.9441
98.1163 30.0623
105.481 29.5647
105.481 28.9507
103.936 28.9612
100.712 29.5698
98.8489 29.0972
100.748 29.6208
100.748 29.5652
100.748 29.6268
104.939 29.4647
100.538 30.2516
97.7221 30.9967
105.135 28.4471
109.357 28.1892
107.659 28.8614
108.56 28.4291
103.675 28.4399
111.614 28.7152
104.62 28.8485
101.218 30.5706
101.218 30.1591
98.4764 30.1591
104.846 28.6655
104.846 28.8347
104.846 28.9913
103.957 28.7048
101.606 29.079
107.168 29.0504
105.626 29.0551
105.432 29.0609
105.432 30.1518
101.903 30.1518
110.383 28.7845
106.549 29.1558
106.549 29.2239
106.249 29.1854
100.83 29.6575
100.83 28.2584
100.83 29.6486
100.83 29.8916
101.216 29.1165
100.069 29.2368
103.943 30.0982
108.574 28.3971
101.273 29.4533
108.261 27.7751
104.546 28.2114
104.789 28.6309
108.795 28.7293
105.631 29.6317
105.482 28.8951
102.686 29.641
102.686 29.3604
102.451 29.3259
100.993 29.2506
108.929 29.0273
104.868 29.4963
96.3655 29.9274
98.3065 29.8475
100.706 29.9179
99.7668 29.9604
99.1074 28.8527
106.889 29.509
106.889 29.1868
104.264 30.4859
97.4241 29.7626
99.793 29.7634
99.793 29.188
103.291 28.5336
96.4988 30.2244
101.825 29.7635
100.927 29.1144
111.012 29.05
108.005 28.8991
107.301 29.8024
101.257 29.6444
101.257 30.217
102.143 28.8888
109.92 29.1856
103.074 29.3057
103.074 30.3568
103.074 29.8142
104.058 29.7801
104.058 29.869
104.058 29.1503
98.3439 28.773
108.555 28.5863
109.463 28.4607
99.5728 29.4154
104.936 28.9827
104.936 30.1009
109.715 30.19
102.473 29.4941
105.685 28.5465
105.685 28.5416
98.2117 29.7294
101.416 28.3458
108.73 29.502
104.041 28.8835
104.115 29.7204
103.582 29.6542
103.582 29.6325
101.143 30.1578
103.934 30.345
105.664 29.0387
102.767 29.4976
109.002 28.7622
100.965 29.4587
103.809 29.6231
103.809 29.3112
106.717 29.4975
108.181 29.1566
105.71 29.446
103.194 29.7878
95.9295 29.6784
103.615 28.974
103.329 29.1171
95.5928 30.9756
110.642 28.52
104.266 29.9984
104.266 28.3507
102.672 29.0338
99.5704 28.9918
105.297 29.09
101.269 28.6917
104.982 29.027
104.982 29.1775
108.895 28.4315
110.854 28.3181
106.792 28.5486
104.385 28.7019
106.539 29.1858
101.999 29.5943
100.493 29.6176
103.71 29.4009
103.71 30.0886
103.264 28.7177
103.264 29.5805
104.856 29.8508
104.986 29.8155
102.468 29.7952
97.4717 31.3621
102.633 30.2892
102.878 28.6779
105.365 28.8391
105.069 29.44
107.191 28.3954
101.425 29.9913
102.709 30.2349
108.868 30.4559
104.011 30.0312
105.054 29.1564
103.447 29.7044
106.184 29.6858
103.803 29.4594
100.872 30.7213
100.8 30.0693
101.67 30.1929
109.054 29.4346
102.548 29.1141
109.27 28.4084
102.581 30.9387
104.047 28.8798
109.153 28.1438
104.937 29.4117
111.255 28.4533
106.998 29.8035
105.071 29.0164
103.515 29.4218
107.504 30.1542
107.504 28.9321
96.8649 30.8737
103.576 28.8501
104.296 28.9689
106.816 29.3994
108.953 28.4827
106.793 28.0693
106.793 29.2231
101.924 30.135
100.257 29.859
105.188 29.0211
102.938 28.4264
102.938 29.0082
102.893 29.4538
99.1661 29.4181
105.633 29.364
108.552 28.7568
109.01 29.1303
103.612 28.4965
107.111 29.1501
102.55 30.0815
102.55 29.6547
105.292 29.4183
106.788 28.4438
106.788 28.6534
101.657 28.372
100.352 29.0833
100.352 29.5842
102.976 29.2633
102.976 30.2305
101.498 29.1038
106.927 28.1622
110.948 28.6421
102.504 29.0844
102.504 29.6196
108.584 29.1014
109.608 29.07
104.311 29.2395
106.038 29.2592
106.038 29.1672
106.038 29.7073
104.838 29.6112
107.176 29.4287
107.484 29.3301
103.352 29.071
103.352 30.1246
100.374 30.1012
101.153 29.4301
102.157 28.9683
104.52 29.0557
103.365 28.9291
102.128 29.1587
107.806 29.4641
109.569 28.4096
103.258 29.0015
100.244 29.2086
101.904 29.631
102.35 29.1369
102.35 28.8104
105.333 29.3677
104.01 29.0403
101.156 29.4027
89.3533 29.8699
100.618 29.499
101.582 29.489
105.43 29.0527
110.849 27.9073
103.311 28.8547
108.94 29.1605
105.457 29.2319
108.898 28.2724
103.575 29.5773
99.8098 29.9541
105.416 28.3642
105.124 28.3564
105.203 28.7305
104.227 28.6737
104.227 29.4521
100.325 29.8194
107.113 30.2351
100.135 29.7103
100.602 29.789
107.676 29.5276
99.4027 29.9601
105.405 29.9351
103.213 29.5349
105.747 28.7489
105.095 29.3521
105.095 29.45
108.869 28.5623
102.176 29.7209
103.125 30.02
98.8273 29.9456
98.8273 28.997
106.285 29.3027
105.929 29.3487
103.524 30.203
107.821 29.73
106.889 29.142
111.031 28.2446
106.924 28.4839
106.924 29.4367
100.44 29.6326
100.321 29.3721
100.79 29.8867
100.79 29.6551
100.227 29.8558
99.6351 29.6673
99.6351 29.7694
99.6351 30.1545
101.988 30.2352
101.988 30.9076
98.8022 30.02
98.8022 30.2084
102.019 29.3695
102.019 29.5089
103.485 29.2483
107.064 28.8745
105.056 29.5277
103.846 29.3156
105.815 29.7501
97.1064 29.5376
100.72 29.8365
104.791 30.1384
103.959 30.3848
109.105 29.0291
104.164 30.3262
103.97 29.1583
106.014 29.6164
102.327 29.7326
102.327 29.6186
111.001 29.162
104.276 28.6025
102.331 29.5743
103.665 30.4091
95.4495 30.4155
101.102 30.5283
101.102 30.0003
101.102 29.7368
98.357 30.8857
98.357 29.0772
101.844 30.3568
101.844 30.2722
99.7084 29.4731
99.7084 29.6486
106.133 28.8214
106.133 28.5793
100.797 29.5356
104.1 29.8219
104.136 29.2367
112.463 29.0347
108.159 30.1245
107.003 29.3338
104.276 28.6157
107.771 29.7328
99.6287 30.015
99.8579 29.9663
100.694 30.0409
96.2559 30.0767
100.751 29.7992
100.768 29.1243
107.493 28.7871
102.353 28.8
102.812 29.9825
102.812 30.0549
101.601 28.8303
101.601 30.1182
107.304 27.5693
101.833 29.6702
101.472 29.9669
105.832 30.5655
97.5535 30.7899
101.774 28.1739
98.6921 29.9638
101.475 28.8326
101.475 29.4069
101.961 29.0935
100.992 29.1289
109.894 29.1881
102.855 29.1585
102.339 28.6367
100.741 30.197
102.669 29.1449
105.975 30.0255
100.948 29.505
100.948 30.558
105.313 29.6312
111.022 29.0871
101.625 30.0471
108.742 29.3482
106.501 29.3815
107.925 28.9591
104.803 28.91
105.513 29.1045
105.513 29.2722
102.879 30.3764
98.7713 29.9637
96.1324 30.8727
97.3807 30.4121
104.282 30.1445
103.499 30.1514
103.528 29.8312
106.898 29.7136
106.898 28.8745
109.372 28.7349
107.324 29.7659
106.224 28.948
105.161 28.9809
103.047 30.0461
94.3914 29.9221
105.576 29.6325
108.233 30.3977
105.672 28.9857
99.3271 29.889
96.6179 29.2502
106.719 29.3031
104.047 28.9958
104.983 29.0474
101.738 29.2724
108.732 28.5406
105.473 28.9298
105.473 28.7778
104.709 29.6216
104.709 29.2529
109.395 27.8874
108.067 28.5011
105.349 29.0526
105.349 29.9275
107.183 29.6044
109.227 29.345
109.227 29.1124
104.017 28.9499
105.559 29.2474
105.449 28.929
102.627 28.3312
102.627 30.5421
106.049 29.7732
106.049 29.5359
106.049 29.4717
108.577 29.2068
107.725 29.2289
102.778 28.5422
102.778 28.9456
102.778 30.0684
104.816 29.8119
103.948 30.0435
103.948 29.2
99.1927 30.1464
99.1927 30.2553
99.1927 30.3339
99.1927 28.9706
108.137 29.5048
102.458 29.3984
98.8978 30.0045
101.622 29.5602
101.445 29.3586
104.269 29.5005
104.088 28.7317
106.241 29.4405
106.241 29.1965
106.241 29.2466
106.241 29.2944
106.241 28.516
109.056 28.5708
106.493 28.3318
102.175 28.9496
100.92 29.27
105.732 29.2309
107.672 28.5169
109.591 29.188
103.677 30.0603
103.677 28.9033
103.677 28.901
101.016 29.2527
106.394 29.0349
106.394 29.0076
106.394 29.0055
104.688 28.9242
103.232 28.9203
108.417 28.9346
108.417 28.9026
101.809 30.1961
104.779 30.3286
100.655 29.666
105.446 29.6038
100.979 30.1944
104.677 29.3363
109.944 28.6624
109.434 29.3319
102.271 28.8044
103.624 29.9193
103.624 29.2465
102.077 29.4196
100.478 30.2306
106.461 28.997
100.715 29.4291
98.1807 30.0038
97.9297 29.6876
97.9297 30.1018
102.964 29.9278
102.964 29.8349
102.917 29.8246
102.979 29.2231
99.4539 29.3797
103.958 29.1447
100.67 29.2955
103.431 29.676
103.431 29.132
102.635 29.298
102.515 30.3752
99.0484 30.3752
99.0484 29.2671
97.0127 29.7919
99.2098 30.3815
97.2441 30.7075
112.07 28.0341
111.087 29.9279
111.087 29.8124
107.317 28.6736
103.625 29.2939
103.004 29.4914
111.309 28.0967
101.297 30.1434
105.388 30.0933
106.238 29.7357
106.238 29.2497
103.679 30.3218
101.906 29.9611
100.683 29.8235
100.683 29.7547
102.294 29.6601
104.217 30.0428
99.9397 29.109
99.9387 29.6426
101.56 29.8768
100.428 29.5985
109.49 28.9159
102.556 29.4077
107.205 28.1471
107.846 28.9564
107.846 28.9564
99.2684 30.16
99.2684 29.5519
103.253 29.406
102.533 30.9212
102.533 28.9304
96.1544 29.4994
101.807 29.2008
101.807 28.9811
98.4852 29.3587
97.5398 29.9618
100.69 28.7742
105.897 29.5212
105.897 28.0826
102.256 29.3637
104.562 28.3374
107.721 29.2281
101.096 28.9334
110.728 28.2603
103.203 28.8876
96.5914 29.5907
98.2625 29.9262
105.279 29.8373
108.762 28.7842
103.71 28.237
103.71 29.3465
103.71 29.4974
103.71 29.5472
101.679 29.4674
101.679 29.7605
101.679 29.7655
99.2971 29.4914
104.983 29.9676
104.983 29.2051
98.5752 30.333
105.783 29.3247
105.783 28.9469
107.436 28.3907
108.847 28.7158
102.469 29.1648
99.6916 28.6104
104.333 29.1888
104.333 28.0929
104.943 28.525
104.943 29.0713
107.424 29.3061
107.383 29.3822
108.528 29.9651
104.81 29.8642
96.9618 29.2423
101.654 29.0583
105.65 29.2035
105.65 29.4274
105.65 29.424
102.568 29.4649
105.148 29.0674
105.148 29.353
105.148 29.325
101.878 30.2689
99.6082 30.2528
103.212 29.7268
105.996 29.0988
106.792 29.7171
106.792 29.5539
106.792 28.5167
107.24 28.811
107.879 28.7193
103.722 29.6619
105.418 30.1325
99.3309 29.6695
102.682 29.615
104.204 29.1971
104.204 29.4992
106.807 28.1251
102.998 29.965
96.8153 30.5126
107.182 29.0699
100.386 28.8845
112.119 28.584
104.121 29.4034
109.585 29.8749
102.74 29.9008
104.884 29.871
105.615 28.668
98.9805 29.1165
97.5533 29.7311
105.052 28.5095
108.37 28.6003
107.31 29.9526
107.31 30.09
107.31 29.9473
106.424 29.5835
105.229 29.6891
107.579 29.3395
106.836 28.8699
103.03 28.989
105.008 29.2006
106.291 29.2275
112.703 28.4594
107.641 29.1957
107.641 28.1799
107.641 28.7597
108.106 28.4653
102.817 28.2199
102.817 29.2115
110.002 29.2379
105.689 29.0405
100.177 28.9798
106.865 29.0457
101.996 29.1364
104.109 29.7699
99.2742 30.3008
103.422 30.6949
102.175 29.0984
102.175 29.3962
109.936 28.4187
105.863 29.8194
105.863 29.2773
105.863 30.4535
110.47 28.9435
104.722 28.5991
107.076 29.5112
103.787 29.1951
101.163 29.4853
101.163 29.881
96.3231 30.7648
100.131 30.697
100.131 30.1475
100.131 29.8277
103.125 30.316
96.5631 29.5033
107.895 28.6784
114.933 28.0645
105.336 30.0919
103.046 28.9896
103.046 29.2462
103.046 29.8627
104.116 29.221
106.768 29.7044
110.823 29.5591
111.216 29.155
106.324 29.5778
106.324 30.1905
106.324 28.6132
110.793 28.5143
106.081 28.552
106.081 29.2891
106.081 28.5436
107.527 29.316
100.888 29.5936
110.401 29.2777
103.961 28.6125
111.521 29.6666
109.379 29.5882
105.625 29.3399
102.17 30.129
102.168 29.3715
102.168 29.6928
102.168 30.1902
102.163 30.0622
102.163 30.4808
100.086 29.1636
106.342 29.7945
103.925 29.4041
103.925 29.472
103.16 29.5716
103.16 28.8926
109.064 27.9246
100.325 29.6834
100.325 29.7217
100.15 29.469
99.883 30.5266
99.1625 30.2367
100.062 29.9219
103.206 28.172
103.206 28.7398
103.206 30.0434
102.533 29.9638
108.069 29.4649
108.069 29.4621
102.708 29.3532
107.948 29.6108
108.992 28.8105
103.543 28.8825
101.795 30.1432
101.795 30.1851
101.795 30.3823
102.428 29.7137
106.564 29.735
106.564 29.4138
106.564 28.6015
106.432 28.64
103.058 28.5605
107.012 30.2071
103.356 29.7828
108.598 29.573
109.742 29.0626
107.454 29.1209
107.712 28.8752
102.055 29.0845
102.055 29.1478
99.1839 29.3026
99.1839 29.9874
99.1839 29.1835
99.7209 30.6239
99.8656 30.4424
104.671 29.5808
103.218 29.7718
103.218 29.9215
105.14 29.6205
105.14 29.3501
107.139 29.5335
101.139 29.6539
101.139 29.749
99.5074 29.3861
103.127 29.6202
105.027 29.6991
105.027 29.7562
105.027 28.9727
105.027 29.5603
105.498 28.7007
105.498 28.8154
105.498 28.6343
107.253 28.2573
106.369 27.9727
105.148 29.9657
104.888 28.148
111.44 28.7483
111.268 29.069
107.952 29.4975
104.836 29.8762
104.836 29.0601
108.466 29.3053
101.337 29.3159
99.2907 29.0923
99.2907 30.4817
99.2907 29.8696
108.39 29.5021
99.5303 29.3564
99.5303 29.4783
107.888 29.1132
107.118 29.7149
101.877 29.6234
101.877 29.7403
101.877 29.3431
101.852 28.426
103.142 28.9166
101.155 29.8565
101.023 29.5237
101.023 29.3888
101.023 29.1167
101.023 29.8097
105.901 29.399
105.901 28.3582
105.276 28.822
105.276 29.9714
100.841 29.6145
105.39 29.9858
101.744 28.7722
105.186 28.7272
102.875 28.5014
106.363 28.5677
106.363 29.6744
105.117 29.5166
106.615 29.1953
101.663 29.8965
104.249 29.2757
104.249 29.5868
104.851 29.9743
104.851 29.2014
105.836 30.402
102.77 28.9168
104.005 28.3499
103.02 29.5152
102.863 29.4773
102.863 29.7846
108.518 28.9301
109.936 29.2588
110.257 29.633
107.499 29.1639
107.499 29.5851
107.499 28.2714
114.382 28.1075
109.966 28.4224
103.34 29.4897
102.013 28.5719
102.013 30.8384
102.013 29.3348
103.27 28.8692
96.0907 28.9213
113.234 28.9426
104.451 29.2496
99.7221 29.5485
103.02 30.0529
104.215 29.0537
98.7492 30.416
103.169 30.8172
107.759 29.6087
108.214 28.972
105.54 29.7419
105.54 28.8817
107.661 29.4511
107.661 27.9002
95.8654 29.9481
98.7278 29.9574
98.7278 29.1635
98.7278 28.9167
105.369 29.1909
105.369 28.9496
108.121 28.8614
107.003 29.0067
100.717 29.3511
101.271 28.775
101.271 30.649
101.271 29.5318
103.177 28.9781
104.703 28.5497
103.324 29.4265
104.338 29.4265
104.273 28.1565
98.0874 29.4104
103.306 30.0151
103.306 28.6077
104.512 29.1571
105.468 29.2683
104.349 29.0257
104.737 29.7346
104.737 28.7389
104.737 30.5855
102.881 30.5864
96.3608 30.7317
100.864 30.4022
102.476 28.7055
99.9625 29.17
105.971 29.4175
106.713 29.7693
96.746 30.5746
101.581 30.7912
103.913 29.8306
103.516 29.0932
102.327 30.0106
103.973 28.622
105.601 28.3295
104.336 29.7678
102.314 29.4264
105.205 29.2576
102.982 29.6295
102.826 29.4254
105.262 28.312
106.767 28.7681
106.767 29.7217
99.7883 29.8174
99.7883 29.3924
106.899 29.5751
97.6719 29.6309
95.2718 30.9552
95.2718 30.7125
98.6626 29.5334
101.836 29.2817
107.021 28.83
98.2844 29.4335
101.458 29.7136
102.721 29.1602
102.721 29.8623
104.04 29.8825
108.287 29.2088
101.789 29.4783
94.1362 30.3325
99.7351 29.7234
99.7351 29.8065
99.7351 29.0423
105.962 29.3599
105.962 28.5586
105.962 28.3282
105.962 29.2072
105.962 29.2748
102.582 29.2057
102.582 28.3354
102.582 28.2429
107.263 28.9838
101.221 29.787
108.53 28.8666
106.496 29.2362
106.496 29.1938
106.496 28.3922
102.644 29.1236
102.644 29.2032
102.047 29.592
103.869 29.224
107.802 28.7653
105.276 28.8431
106.462 29.2
103.905 29.2398
102.358 28.2453
100.354 29.4744
109.173 28.2673
102.516 28.7673
109.096 28.8592
103.62 29.6293
108.066 29.1305
110.381 28.846
103.578 30.1075
97.2251 30.3465
106.973 30.251
104.809 29.6786
105.674 29.5978
105.674 29.7121
105.827 29.8322
96.1859 29.9518
98.4997 30.168
100.347 29.5001
100.462 30.0451
110.371 29.183
105.875 30.2907
101.89 30.2319
101.34 29.0149
101.137 29.5077
108.722 29.6796
101.795 29.5878
111.297 27.3917
102.477 30.1811
103.93 28.9211
100.569 29.4294
105.445 29.3934
105.697 29.6805
105.697 28.7892
108.304 28.8447
105.531 28.8503
109.739 29.0243
102.756 29.1495
108.499 28.8072
108.956 28.8951
101.917 29.649
105.983 29.8025
106.673 29.2069
105.52 29.5105
102.167 28.9075
104.618 29.7148
104.618 28.1758
100.461 27.9725
101.277 30.3115
108.95 29.0213
103.482 29.4717
104.038 29.8459
104.474 29.778
102.105 29.7817
107.523 29.6922
106.876 29.6628
103.636 29.0567
103.636 29.1084
102.355 29.4756
102.821 29.0626
105.977 28.7317
106.577 29.6269
106.577 28.8719
101.99 29.7267
101.99 28.8637
103.787 28.413
105.794 30.3775
108.83 29.0794
108.199 28.4845
103.764 28.594
103.764 29.6479
102.526 29.7352
99.6994 30.1901
102.683 29.5079
105.225 29.1991
104.669 29.2826
102.021 30.054
99.6802 29.2383
106.057 29.2173
109.287 29.2507
104.919 29.3572
105.157 29.2502
105.157 29.807
105.543 27.7958
105.543 29.2385
103.118 29.1784
107.653 29.4366
99.707 29.7204
107.836 29.4495
105.778 29.598
105.778 28.8029
104.012 29.291
104.012 29.2276
106.583 28.1756
105.235 29.607
106.034 30.2882
102.647 28.4109
106.55 29.0978
101.738 29.4295
105.293 29.6615
105.293 29.0485
107.278 29.2184
106.048 28.9785
108.535 29.2458
106.761 28.6348
102.978 28.8405
102.978 29.4685
101.548 29.2438
107.232 28.6624
104.134 29.2366
104.009 28.8186
107.528 29.0061
103.815 28.9126
103.815 29.5225
103.815 29.0069
107.633 29.7572
92.8866 29.9083
102.222 28.9489
102.222 29.7217
102.359 30.5159
103.048 28.6252
104.708 29.4305
100.973 28.927
104.519 29.6301
108.076 29.3345
102.472 29.8244
104.897 28.6379
103.793 28.6524
105.409 29.2557
109.092 29.3322
101.93 30.1739
101.93 30.319
98.5685 30.349
101.169 30.5015
103.67 30.2115
107.166 29.5448
96.7126 29.7831
102.466 29.283
107.478 29.0636
107.478 28.4428
101.406 29.3293
101.406 29.8621
106.979 27.9198
107.04 28.3078
111.42 28.7504
102.601 29.627
102.601 29.6635
104.787 30.2777
107.138 29.1638
108.032 30.255
108.322 29.7617
105.875 30.2074
99.0138 29.3967
102.032 28.9696
102.872 30.686
102.872 30.176
102.872 28.0331
106.908 28.6995
102.945 29.1809
102.945 29.5742
102.945 29.2495
104.542 29.3812
107.635 29.654
100.257 29.6663
108.656 29.2352
110.994 29.6868
100.632 30.5301
102.976 29.3164
102.976 29.1087
102.976 29.323
102.976 29.6146
102.976 29.5182
106.847 30.0155
98.529 29.7012
102.606 29.1338
99.5476 29.3896
101.677 30.2265
104.565 28.9317
104.565 29.4759
102.538 29.3109
97.9923 29.2654
101.729 29.2898
101.729 28.7921
102.716 29.5989
108.229 29.0704
108.527 29.1631
108.527 27.6048
102.77 30.4182
102.299 29.5845
102.299 29.2858
106.64 29.5285
106.64 28.4983
106.64 29.4897
104.084 29.4859
107.739 29.075
103.492 29.8424
103.492 29.5465
103.415 28.7165
103.675 30.4519
102.06 29.3229
101.827 29.0134
100.11 30.8335
106.434 29.2342
108.724 28.041
103.901 30.3144
100.85 29.6871
108.39 29.5218
102.103 29.7772
102.103 29.4776
107.114 27.5328
105.833 28.3184
105.388 29.3096
102.925 29.7032
106.828 29.3593
103.373 28.7376
103.373 28.4818
102.575 29.5856
102.73 30.1396
101.371 29.4061
101.371 29.1107
113.772 28.1914
105.419 27.9679
113.597 28.582
104.126 28.3776
104.126 28.9699
104.126 29.3998
105.802 29.1464
108.536 28.7021
105.487 29.7223
104.383 29.6767
104.383 29.4212
105.584 29.1783
99.1003 30.421
105.413 28.7446
98.2788 29.763
105.485 28.906
101.214 30.0419
100.138 29.4824
107.352 28.9717
99.8339 29.5542
107.105 30.0637
105.415 29.9331
97.1167 29.7705
97.1167 30.202
99.2659 29.985
101.166 29.4039
101.166 29.8482
99.3674 30.2348
106.743 29.267
106.743 29.1069
107.846 29.3265
104.994 29.0113
101.75 28.5185
106.935 28.5425
101.615 29.7715
101.615 29.3608
106.159 29.589
103.661 30.0789
103.661 29.6542
103.661 29.1737
100.743 29.5098
108.129 29.0325
106.802 29.7231
106.802 29.8219
106.802 29.1658
106.275 29.1668
101.113 29.5998
101.113 30.0161
101.113 29.5759
109.402 28.6547
109.606 28.9676
106.028 29.7801
106.028 29.118
106.724 28.2686
106.724 28.8338
106.367 28.9301
108.203 29.1313
108.203 29.093
101.437 30.4107
101.437 29.3689
101.314 29.6363
104.843 28.1131
103.725 30.1368
98.9115 29.828
102.982 30.1258
108.047 28.5934
105.049 28.3864
107.66 27.9752
105.574 29.1829
105.574 28.4832
106.954 28.7263
100.236 29.0617
104.404 28.9283
103.56 29.1319
104.131 28.779
104.305 28.585
104.761 28.9564
101.908 28.4514
99.2924 30.9277
97.1556 30.6607
99.8289 29.8947
108.473 29.6438
102.298 30.0122
106.869 29.6299
105 29.1628
106.052 29.0841
104.324 29.5236
96.7267 30.1468
102.969 29.3828
105.485 28.9437
113.387 28.9925
102.822 30.1997
103.778 30.6385
98.6505 30.135
105.576 29.0012
101.8 29.2313
101.8 28.9592
106.768 28.8619
106.571 29.3744
104.602 29.3702
102.306 28.7947
101.481 30.3713
101.09 30.1882
95.9769 30.5035
96.9605 30.0726
105.466 29.548
104.499 29.1909
104.499 29.1643
104.499 29.1341
104.074 29.1533
100.966 30.1302
100.966 29.7621
101.974 30.1333
104.653 30.3613
104.653 29.769
105.338 29.8129
100.054 29.8396
96.4901 29.7188
96.4901 30.4488
103.008 29.5408
103.008 29.5716
107.496 29.2203
107.496 29.0812
102.846 29.1468
107.471 30.0742
105.112 30.6953
103.92 29.0591
103.92 29.9683
104.53 30.0933
95.0517 30.0533
103.392 29.4296
103.392 29.4881
107.581 29.5794
107.581 30.4002
101.586 29.5591
106.323 29.4486
107.084 29.7814
111.525 29.211
108.148 29.166
106.103 29.2556
109.492 29.5393
103.325 29.4499
102.047 30.0261
110.468 28.3268
106.095 28.585
101.978 29.7064
101.497 29.4664
107.066 28.5234
108.482 28.6963
107.572 28.8268
107.572 28.2604
108.576 27.8968
104.758 28.9156
103.969 29.5102
103.969 29.778
104.927 29.1592
100.287 29.9221
104.891 29.8528
104.891 28.811
104.277 29.4337
97.5232 29.7912
107.934 29.2865
107.402 28.2689
108.374 29.2225
113.814 28.9453
108.277 28.4346
107.86 28.3546
104.391 29.1988
96.8691 29.4
105.561 29.2129
106.044 28.5893
113.774 27.9673
103.576 29.5039
99.1891 29.0728
99.1891 29.8368
104.091 29.538
104.091 29.5265
104.283 30.2579
101.174 30.4152
112.762 28.7165
103.527 28.9311
107.976 28.3883
109.268 29.2233
105.992 28.7957
105.496 29.6916
104.784 29.9687
103.47 30.0878
104.292 29.7888
104.075 29.2689
100.095 29.0953
102.662 29.0703
108.087 28.5659
103.03 28.965
104.143 28.9552
111.056 28.3189
111.55 28.1475
105.179 28.0549
102.415 29.2403
103.101 30.2726
99.9942 29.7708
108.58 28.2311
98.4118 29.7741
104.025 28.4453
98.4322 30.0076
100.317 30.2743
98.842 29.4904
101.609 28.9973
102.09 29.9393
101.967 29.7724
101.967 30.57
102.521 30.0231
108.303 28.8456
96.3234 30.8222
102.402 29.0616
106.775 28.6563
104.049 29.8016
103.096 29.3458
102.294 30.099
102.294 30.3139
102.294 29.9726
102.537 29.5773
95.8729 29.6927
101.143 29.3265
101.873 29.3213
109.014 28.7164
98.0435 29.351
107.025 29.169
101.926 29.2276
103.571 28.672
101.538 28.4524
107.131 28.1304
106.091 29.8307
106.01 29.2224
106.8 29.7004
101.355 30.1846
99.0883 29.1604
106.733 28.5549
100.1 29.3162
96.9886 29.2758
94.7533 30.7394
96.8842 28.7995
103.772 28.9409
107.928 29.2323
109.17 28.7445
106.972 29.9296
105.122 29.1729
107.566 28.7171
105.919 28.7088
105.931 29.3317
100.411 30.2132
107.082 28.936
102.406 29.1176
109.368 29.2175
104.953 28.5314
104.953 29.3693
114.084 28.4012
114.084 28.0797
107.502 28.994
105.67 28.381
99.4302 29.6148
105.173 29.0012
98.7204 28.9877
96.7615 29.6542
101.952 30.2571
105.188 30.0011
103.473 29.092
101.752 29.9076
101.752 29.9683
105.156 28.5299
105.156 28.2473
105.156 28.3694
106.187 28.9779
106.187 29.4334
102.669 29.1823
102.669 29.1921
104.08 29.5673
102.677 29.6657
106.252 29.7237
103.784 29.4208
103.784 29.8097
102.728 29.2638
101.872 28.9181
101.872 29.0581
101.872 29.7326
103.955 29.0303
101.065 29.5293
97.5344 30.8209
97.5344 30.6375
106.759 30.1794
106.759 28.8507
104.814 29.8246
102.116 29.9097
98.5292 29.8292
98.5292 29.7327
97.1747 30.1005
100.167 29.4923
104.677 28.9946
109.16 29.352
103.654 29.4946
103.654 29.9427
103.654 29.9144
102.372 28.5821
107.297 30.0074
108.931 28.4738
108.931 28.6334
111.29 29.0608
108.457 28.2363
108.992 28.8086
102.037 29.0525
106.029 28.3801
97.6539 29.6745
98.1069 30.7677
98.8333 30.4621
98.8333 30.583
102.509 30.7838
102.509 29.1403
99.0497 29.7677
99.4565 29.5104
103.242 29.5091
100.708 30.27
101.586 30.6889
105.628 28.4359
104.416 29.6687
94.0238 29.6485
100.674 29.5829
99.735 29.418
102.409 29.6534
95.0436 30.2275
95.0436 31.0772
110.293 28.7968
94.9042 28.9781
94.9042 31.0175
100.937 29.4585
104.463 28.9944
112.111 28.5211
104.08 28.6206
107.705 28.4395
104.555 28.7656
108.761 30.3651
101.657 29.1754
102.413 30.5114
100.427 30.1512
100.427 29.8017
103.961 28.901
107.654 29.5549
104.678 29.269
104.253 29.4953
104.253 30.1317
105.966 29.4296
105.966 28.7596
108.325 29.1549
104.205 29.2188
107.329 29.6047
107.329 28.5125
112.921 28.722
98.6172 29.6914
100.564 29.3421
103.003 30.0374
100.223 30.2718
100.569 30.7998
101.528 30.5251
98.8706 29.3222
106.725 28.6201
105.576 29.5377
98.9863 29.9579
102.629 29.7759
100.831 30.4338
100.634 30.2381
103.924 30.2617
103.924 28.8929
103.924 29.0657
109.27 28.5321
108.077 28.254
108.077 28.2705
102.864 28.4504
105.477 29.3879
97.9684 28.2786
100.861 28.9
100.861 29.5968
101.456 29.7973
109.709 28.6622
109.984 28.5478
103.326 29.2468
103.327 30.2906
102.161 30.139
106.183 28.6152
108.058 29.2744
112.884 28.201
105.031 30.1995
105.031 29.8527
105.082 28.8698
100.239 29.8141
99.75 29.7515
107.822 29.8421
103.893 28.6242
101.431 28.958
106.329 29.6661
96.8137 29.4572
113.565 28.7844
103.654 28.8631
100.549 30.5321
104.688 29.5505
106.076 28.8634
104.08 28.9555
106.866 29.0954
100.789 29.1422
102.388 29.264
104.676 28.9327
100.559 29.9431
95.2462 30.4869
99.2829 30.3303
99.2829 30.5293
107.801 28.7647
105.293 29.2328
105.293 29.4333
111.145 29.0453
104.9 29.5224
104.9 28.8294
112.965 29.2531
107.32 29.8939
100.879 29.0676
96.858 30.5665
101.217 29.3974
105.155 30.0128
101.098 30.168
100.796 30.1676
100.08 29.2846
100.08 29.4676
102.804 30.1181
97.3341 30.7198
96.6751 29.3477
103.531 29.6096
105.282 29.0093
105.282 29.1336
104.256 29.2738
101.941 30.5321
103.295 29.3385
98.0434 29.9961
98.0376 29.9961
102.097 29.5453
106.43 29.2308
107.165 29.6575
104.651 29.5487
103.198 28.8961
108.766 28.8196
106.489 28.9669
109.155 28.2304
105.643 28.1099
108.124 29.7877
103.248 29.1365
98.722 29.4771
102.585 30.1532
99.2301 29.9119
100.697 29.5572
104.384 29.4316
102.78 29.4585
102.78 29.8194
104.914 30.0849
102.816 28.4653
108.934 28.2255
107.335 29.3531
98.7894 30.1792
103.51 29.4564
102.591 29.7141
103.633 29.18
102.95 29.4631
106.052 28.2099
105.484 28.2908
106.174 29.1856
106.174 29.438
100.892 29.6983
104.12 30.1163
103.628 28.8002
107.454 29.1491
106.234 28.8044
106.234 28.5711
99.281 28.1759
103.908 29.5768
99.6502 30.0753
103.896 29.8026
104.647 29.5793
106.393 29.1452
106.393 28.0368
102.842 28.0263
107.579 29.2457
107.102 28.7682
99.4085 29.9842
99.4085 30.2543
100.618 29.7234
103.827 30.0118
97.0069 29.9005
103.793 28.3171
107.244 29.4288
107.244 28.473
107.244 28.4793
107.571 29.0868
107.571 29.8084
105.933 30.093
109.744 28.2812
103.56 28.8096
107.791 28.9095
103.184 28.9674
103.184 29.0702
98.3781 30.7324
104.89 29.6623
108.744 27.8229
99.8406 28.9823
108.117 29.0411
105.278 29.0164
110.111 29.5061
100.948 29.7169
101.596 29.6006
101.596 29.3073
105.994 29.4546
105.994 28.0304
108.144 29.5602
101.024 29.3189
104.773 29.8662
97.104 29.6599
105.776 29.399
105.776 29.4707
100.05 29.5481
103.298 29.9167
101.15 29.4792
101.15 28.8536
97.5985 29.0298
102.971 30.3072
101.094 29.9681
102.799 29.6331
100.391 29.3007
99.3848 30.2881
106.976 29.5593
99.7873 29.5769
108.028 29.5921
107.409 28.0922
107.409 29.029
107.409 29.6821
109.008 29.2167
104.203 28.7926
102.537 29.4718
107.612 29.2701
101.529 30.491
102.255 29.6949
102.255 29.5076
107.685 29.7992
103.399 29.7925
103.399 28.4281
107.96 28.5016
100.085 29.9021
104.677 28.9685
104.677 29.6538
99.0888 29.9165
100.232 30.6809
102.926 29.7872
102.625 29.8275
102.625 29.6112
104.892 28.6833
102.937 29.8865
106.005 29.861
106.005 29.2665
106.005 29.3649
106.005 29.0427
103.686 30.0628
103.686 29.5173
105.159 30.4726
99.6536 30.0445
99.8696 29.8671
99.8696 30.6697
98.6027 28.1146
100.652 28.7472
98.3318 30.5733
102.201 28.5486
105.786 28.7768
107.029 28.2226
106.882 29.2293
101.577 29.4308
103.821 29.1304
101.241 29.5335
103.537 30.2505
102.709 30.1349
111.45 29.2312
103.664 29.5241
103.664 30.1866
103.051 30.2249
104.569 30.2152
104.569 29.5355
107.06 29.832
107.06 29.291
107.06 29.7811
107.06 28.9818
105.95 29.747
106.555 29.0645
104.916 29.5986
108.418 28.5878
102.974 28.753
104.826 29.8834
104.826 29.5635
104.826 28.9535
104.826 29.3052
104.565 30.0469
105.043 27.3799
103.64 27.9506
101.025 28.4135
104.147 30.0361
104.147 29.1095
104.147 30.0097
103.541 29.7482
100.046 30.1008
108.357 29.1799
108.357 29.154
102.691 29.7882
103.857 30.2314
103.585 29.7445
103.585 29.4628
102.086 28.9796
110.262 28.0206
104.855 28.4319
112 27.4992
106.819 29.7673
100.036 29.6217
102.218 30.1602
107.174 29.0892
107.227 29.8519
103.538 28.891
96.8048 30.0115
105.844 30.4753
105.844 29.4284
104.067 28.9772
107.496 29.2302
104.567 29.0952
103.239 29.1182
103.109 28.9809
105.157 29.537
108.491 27.8898
109.085 28.6961
104.648 28.8447
111.306 28.8155
96.9562 30.1377
102.95 30.085
102.95 29.4474
102.158 29.3519
102.158 30.1716
103.306 30.079
103.306 29.5519
105.644 29.4758
105.205 29.1661
97.2485 29.7328
104.937 29.6542
104.937 28.6171
109.229 28.5454
105.472 28.8351
106.391 29.6517
106.034 28.9231
109.653 27.9288
105.357 28.5988
107.146 28.7013
109.195 29.0055
103.464 28.8149
109.767 28.2326
109.767 28.6093
107.602 29.0708
104.807 29.2184
102.782 29.8219
102.782 29.5245
99.0783 30.4916
103.982 30.0425
104.778 30.5967
100.087 29.9577
100.087 30.0179
107.097 30.4301
103.202 30.2338
106.308 27.6554
104.353 29.2346
106.194 28.5948
104.488 28.9982
107.233 29.2427
103.113 28.915
108.299 28.4635
112.461 28.6382
108.237 29.4022
105.452 29.7351
104.826 29.3787
100.724 29.9406
100.724 29.9512
99.7371 29.8808
98.8278 29.0003
104.751 28.434
97.9081 29.3846
103.768 30.8783
106.157 30.0952
100.761 28.769
102.873 28.6537
101.573 28.8959
102.368 29.2411
102.368 29.5008
102.368 28.7321
99.7583 30.5294
103.103 29.6377
103.103 30.0994
101.605 28.7718
102.184 29.9268
102.184 29.255
105.88 28.6819
105.88 28.5974
107.606 29.185
109.514 28.3216
102.296 29.0926
105.426 29.2637
104.942 30.3422
102.497 29.9097
104.656 30.6098
104.656 28.9103
110.995 29.0318
102.433 29.2956
101.242 29.6486
103.113 30.2229
103.113 29.742
101.12 30.1421
103.87 29.6508
103.653 30.3091
103.653 29.9219
101.614 30.3261
100.932 29.7639
101.68 29.7356
106.001 28.062
106.001 28.6516
97.6115 30.8169
97.2757 28.8997
104.572 29.1763
103.795 29.2365
109.895 29.0005
107.243 29.6029
107.243 28.4811
104.276 28.8223
110.75 28.3993
100.369 29.2611
101.629 29.8067
107.475 29.3674
106.227 29.1272
100.049 30.2668
98.8416 29.5916
98.8416 29.5647
101.334 29.2344
100.69 28.9775
107.581 29.1386
104.296 29.5907
100.55 29.1746
105.542 29.1081
107.157 29.3955
107.157 30.216
102.941 29.1784
102.941 28.6606
107.346 29.5976
112.886 28.9739
104.715 28.8856
103.318 28.9526
108.336 29.8348
102.225 28.9833
100.685 29.0829
108.776 28.9622
99.6002 29.6757
100.983 29.9949
103.298 29.3312
99.6781 30.1263
104.469 29.8099
101.632 30.1806
99.0846 29.4191
117.587 28.942
105.425 28.4902
100.451 30.5593
105.741 29.3052
106.751 29.4624
104.279 28.945
108.543 28.2868
98.2853 29.9866
104.608 29.9866
111.089 29.1151
108.804 27.8072
102.864 28.898
110.996 29.1263
112.074 29.2481
97.9012 29.7119
104.953 28.0882
104.095 28.7973
104.337 29.2701
104.337 30.3302
103.265 30.0855
104.484 29.9278
102.085 29.9779
102.085 30.1104
102.085 28.1703
102.085 29.6635
103.067 29.829
103.067 29.8953
103.067 29.8051
105.786 29.9419
106.318 29.9414
105.568 30.5165
110.327 28.9029
101.396 30.1418
101.396 29.5892
102.315 29.2197
108.28 29.3278
105.527 29.3383
105.527 29.4844
106.644 29.6481
106.644 29.7843
104.023 30.9408
105.088 30.1901
103.924 29.8367
109.264 29.0332
96.5925 29.6736
106.16 29.1382
105.993 29.3419
104.24 29.4947
103.418 29.6252
105.089 30.5044
100.06 29.6668
106.785 28.7304
106.785 29.3626
107.099 28.557
105.563 30.6499
105.563 29.814
105.563 28.8452
100.263 30.3148
108.575 28.8001
109.478 28.0773
108.35 28.8237
107.877 28.3058
103.035 30.7093
108.905 30.3988
101.22 29.2704
101.22 29.9542
101.22 29.7146
98.6651 29.7329
109.333 29.8744
98.2586 29.9904
105.62 30.2459
105.62 28.6659
103.088 30.4149
104.774 29.4095
110.634 29.0875
100.972 29.6936
101.794 29.6309
101.794 28.9489
102.733 29.2623
100.927 29.4236
107.007 28.6775
106.958 28.7715
104.869 29.0801
101.835 30.0111
102.717 29.298
96.0617 29.6909
103.712 29.3879
109.362 28.5942
105.592 28.6913
105.865 29.6472
99.0694 29.9128
104.002 28.3178
104.002 29.2349
104.516 29.5256
104.784 29.6579
107.674 29.1249
107.674 29.0758
112.988 28.5053
105.313 28.7998
105.313 29.8483
102.082 30.2015
99.7167 29.3326
108.114 28.1598
114.16 27.793
96.6265 30.2317
101.923 29.7955
101.799 29.9591
100.42 30.0318
103.095 30.0923
109.233 30.0774
112.052 29.5979
106.242 29.2178
103.719 29.2103
103.719 29.9323
106.8 29.7948
106.8 30.0811
106.575 29.3674
97.2011 29.6801
101.48 30.1803
101.48 30.1715
99.7043 29.8108
106.265 28.8564
105.72 29.8414
100.744 29.7191
100.365 29.151
100.365 29.0928
103.516 29.9986
103.879 29.9405
103.879 29.3628
107.761 28.3021
104.857 28.8222
104.857 28.7905
104.857 29.4882
105.337 29.6569
105.337 29.4161
105.337 27.6861
103.773 29.4715
103.773 30.3381
105.094 30.1428
105.094 28.8814
98.4664 28.3548
104.477 28.8742
104.477 28.5442
101.858 29.3722
96.703 29.6297
106.832 29.7543
103.962 29.0356
105.344 28.6938
104.627 30.0869
106.989 29.3074
109.558 27.8557
96.6775 28.6242
105.493 29.2643
104.714 29.0466
104.939 30.4099
102.852 29.9845
99.099 30.0074
103.492 28.9101
103.492 28.8525
103.492 30.0212
103.814 29.3465
102.585 29.441
102.585 30.4269
100.308 30.1248
100.528 30.1552
100.528 29.9828
106.699 29.9855
111.171 29.0628
105.01 29.9044
103.31 30.1587
101.564 29.4921
111.564 28.2108
103.676 30.1212
102.912 29.5266
102.912 29.4739
106.064 28.3254
104.557 28.9027
103.113 30.035
106.09 30.2246
97.7223 29.094
103.906 30.3556
109.506 28.7597
104.426 28.4468
109.59 28.5164
98.3585 29.5992
103.601 29.4106
103.601 29.1513
101.257 29.4387
108.261 29.2556
103.826 28.3408
109.112 29.0016
107.267 29.2094
102.594 28.8937
110.597 28.5413
107.123 29.1362
103.96 29.4901
107.183 29.1335
104.196 28.8253
104.196 29.3962
110.395 29.5643
103.951 29.0553
101.89 29.9545
99.447 28.9059
99.447 29.0085
107.699 29.1156
101.738 29.1257
107.721 29.1239
101.051 29.1263
103.833 29.6554
107.194 28.7079
105.175 28.4345
98.7852 29.0135
98.7852 29.465
97.3672 30.0225
101.16 29.4049
100.884 30.0645
98.2501 29.6595
101.308 28.6714
105.477 28.0799
110.867 28.5945
107.549 28.5793
106.243 29.161
109.403 28.4256
99.012 30.3684
101.857 29.9023
104.836 29.3693
107.109 28.5786
106.326 29.3408
106.679 29.4173
105.969 29.2937
100.999 29.2022
106.824 30.1143
105.358 28.9519
103.279 28.7349
109.463 28.6481
112.36 28.8196
104.952 29.0763
103.431 28.7863
111.858 29.3749
101.934 31.0809
101.934 30.8138
103.418 29.7531
103.418 28.7431
103.418 29.7027
108.275 29.244
109.213 29.1519
109.645 29.2852
103.251 28.7715
103.251 29.6743
104.008 28.9992
107.377 29.2789
104.468 30.4432
101.895 28.6979
106.689 30.1002
103.806 28.8828
103.806 29.1868
103.17 28.8568
107.983 29.2932
108.844 29.3477
104.299 29.3546
105.943 29.2113
98.7575 30.5017
102.156 30.1904
104.563 29.7641
102.703 30.1091
104.944 29.5877
100.826 29.7529
100.826 29.7909
107.333 29.5268
107.333 29.6723
111.077 29.1647
100.608 29.0812
103.029 29.8519
101.401 29.6764
106.744 29.7284
103.394 30.1958
103.276 29.7105
104.244 29.2085
106.071 29.3109
108.77 28.8369
103.93 29.4963
111.463 28.6133
109.839 28.2268
111.309 28.7507
104.924 27.9437
111.522 28.4143
104.683 29.3853
107.584 28.2063
107.584 29.6949
104.709 29.8864
101.81 30.3343
100.316 29.6884
102.866 29.4518
105.27 29.4198
102.774 29.2995
102.774 29.7231
108.583 28.4566
111.215 28.8647
109.618 28.1872
106.194 28.7661
106.194 28.4147
107.598 28.6691
106.142 28.6977
105.524 28.7141
106.33 29.0925
105.797 28.6189
105.841 28.5867
104.911 29.319
104.911 29.3566
104.212 28.8768
104.142 29.5588
99.8909 29.8164
101.424 29.0623
101.709 29.8347
109.134 28.6808
104.585 30.167
104.72 30.199
104.72 30.7368
103.56 29.6493
100.459 30.9008
100.459 29.186
105.585 29.1665
107.673 28.5914
105.558 29.018
105.558 28.8074
104.518 28.7744
104.518 29.893
104.518 29.5597
100.082 29.9643
110.447 28.4808
108.683 29.9074
99.7826 29.8508
108.536 29.6975
109.097 29.0185
101.811 29.4302
112.023 28.0283
107.324 29.6818
98.2474 29.259
105.243 28.9994
106.384 28.9237
106.211 28.5722
104.068 30.0584
105.657 30.6017
101.282 29.081
106.475 29.9051
105.604 29.6763
105.604 28.1921
106.888 29.2567
99.7431 29.6367
95.5266 29.9757
99.9742 30.3051
101.877 29.9236
103.354 29.8573
108.988 29.913
102.92 29.739
102.92 29.4985
102.92 28.8489
106.759 30.1214
104.217 28.8312
110.304 28.7252
110.304 29.7451
98.5238 30.0581
102.688 29.767
108.5 29.5446
106.609 28.7837
106.609 29.0922
104.279 29.425
101.713 30.2544
108.404 28.59
108.256 27.9214
110.887 29.243
109.27 28.6951
109.874 28.9113
105.933 29.5607
105.93 29.0928
104.774 29.6091
104.432 28.1289
104.432 29.9769
102.858 30.2613
103.61 29.5435
103.339 29.3737
104.872 28.5161
105.937 29.3026
101.986 28.9894
101.759 28.7976
105.344 29.5556
99.4397 30.1573
99.4397 30.2556
99.4397 30.5122
102.961 29.5032
103.011 30.5896
107.386 28.3449
108.474 28.5365
101.461 28.8537
102.687 29.0144
102.687 29.3145
102.687 29.2492
101.769 30.0105
104.652 28.9931
99.0167 30.2391
106.936 29.3126
100.952 30.7915
101.133 30.2544
101.133 29.5691
104.136 29.5474
105.722 29.8115
105.176 29.8628
105.176 30.4358
105.368 30.5072
101.033 29.5322
101.335 29.6546
103.154 28.3007
105.443 29.524
105.443 29.1854
103.013 30.1745
99.1787 30.4134
98.5918 30.4316
98.5918 30.4405
98.5918 29.6197
98.5918 28.8036
98.5918 29.9462
98.5918 30.947
106.371 28.6535
109.405 29.4283
108.885 29.9167
108.885 28.5757
108.926 28.4306
108.771 29.3677
107.194 29.1069
107.194 29.6057
101.6 30.1258
101.6 30.8864
104.851 29.6348
100.403 30.0509
104.889 29.6058
104.889 29.6093
104.889 29.0448
106.966 29.2034
101.129 29.6724
101.129 30.5106
102.368 30.0771
103.659 29.2835
103.65 29.4835
106.586 29.4283
108.53 29.1846
106.845 29.8612
100.621 29.5964
100.621 29.6329
100.621 29.8277
103.119 29.853
101.777 29.1794
100.567 29.2979
100.567 29.2981
108.124 28.9348
108.943 28.874
100.415 29.2587
102.117 29.6277
103.954 29.7642
103.224 29.1864
105.7 28.9815
103.066 28.5664
105.65 28.6949
106.463 29.0605
99.8586 29.3904
99.8586 28.99
101.965 29.3387
102.478 29.4141
102.478 30.27
100.788 29.4225
105.651 29.2498
110.518 28.7332
105.579 28.9573
103.192 30.2161
104.89 29.9353
104.89 29.0577
100.905 29.1569
109.181 29.4497
105.04 30.4666
100.567 30.1261
104.275 30.2614
106.617 30.4334
106.617 29.8465
101.138 29.7063
104.652 29.6261
104.652 30.4958
102.239 30.0477
101.223 30.2525
105.342 29.4089
98.041 30.3422
102.914 28.7563
102.285 29.9007
102.285 29.5588
108.2 29.3872
101.412 30.0942
101.412 29.936
101.412 29.7065
101.412 29.9408
103.118 29.5673
101.168 28.9444
103.134 29.7069
112.898 28.9308
103.111 29.3533
105.211 29.6418
107.362 29.5486
98.6586 30.4393
98.6227 30.4517
105.549 30.0877
103.109 30.117
103.109 29.2754
102.362 29.6365
110.606 29.1771
102.09 28.8858
106.491 28.5191
106.491 29.2034
106.498 29.3103
105.248 28.6457
107.475 28.9539
104.518 29.439
105.468 29.2601
105.468 29.1503
108.466 29.18
106.784 29.0078
110.775 28.9223
104.526 30.7236
102.727 29.242
101.141 28.7152
101.141 28.8649
112.294 28.9577
108.121 29.2315
107.219 29.7761
104.611 29.3032
97.6212 30.6818
109.47 28.2656
99.9999 28.3919
111.539 28.3385
102.331 28.1058
103.848 29.2572
101.549 29.005
107.245 28.3245
107.245 28.3245
101.629 29.66
101.629 29.6538
103.574 29.9094
109.553 28.9844
109.553 28.6543
105.155 28.6672
106.598 30.556
102.292 30.1046
102.292 30.0553
102.292 30.0145
101.238 30.0485
108.444 28.8835
110.991 28.9272
108.532 28.9931
111.274 28.1222
109.8 29.1305
102.248 29.689
102.248 29.8295
105.414 29.6303
105.414 29.0591
101.651 29.6847
111.594 29.9784
104.95 29.5295
98.8436 30.3643
106.722 30.5533
106.265 29.5891
104.616 29.029
110.321 28.9673
105.277 29.8291
107.755 29.1376
99.6253 29.1376
103.365 30.4632
105.752 30.4007
102.471 29.9756
106.53 29.9439
109.884 28.4381
107.34 28.3303
104.099 29.5044
104.099 30.0902
106.572 29.1538
102.139 28.4612
102.139 28.9086
101.247 28.8838
108.991 28.6768
108.991 29.489
98.8631 30.1302
101.502 29.871
111.42 29.2051
105.185 28.5577
105.405 28.5577
105.405 30.0879
106.946 28.865
98.3886 29.555
97.5682 30.2539
102.646 29.0423
102.646 29.4482
102.646 29.4482
99.8698 29.7018
99.8698 29.5902
110.703 28.5605
108.738 28.805
93.0051 31.5177
108.837 29.2667
99.8058 29.5591
102.376 29.4186
102.376 29.1353
102.376 30.3418
102.376 29.9745
107.364 28.5131
108.903 29.0888
101.681 28.9377
102.422 29.0695
102.422 28.522
104.031 28.5955
103.267 29.5472
109.015 29.546
109.27 29.0142
109.28 28.5959
108.687 28.9861
106.956 29.4277
106.956 29.4095
100.296 29.5919
101.768 29.2051
104.461 29.8268
102.445 30.0649
102.445 30.3372
101.641 29.9012
101.641 29.6876
95.6697 29.9247
104.671 29.7701
102.939 28.6909
100.514 29.946
99.0491 29.7335
103.254 29.4741
107.444 29.0875
109.864 28.8296
106.28 28.9129
104.377 29.3551
104.377 29.1535
111.459 28.562
109.597 28.3348
109.597 28.3348
103.201 29.5868
105.844 29.2792
106.04 29.7214
96.1921 29.9623
100.197 29.8744
104.528 30.0437
104.528 29.7924
104.528 29.1507
101.888 29.4612
112.241 29.1145
103.72 29.7194
102.503 29.6181
102.503 29.8599
100.793 29.8328
106.08 29.3824
106.08 28.4488
107.288 28.305
103.395 28.8125
102.301 29.6187
105.965 30.9772
101.177 30.551
101.764 28.9247
109.966 29.7312
106.54 29.0973
103.894 28.9919
103.894 29.5737
103.803 29.8962
105.16 29.1644
106.13 29.1344
108.896 28.4122
107.393 28.7085
103.661 30.4517
105.287 29.8919
109.84 29.1223
107.849 29.8472
109.083 29.2772
103.984 29.3781
105.852 29.1972
105.852 29.2584
101.599 30.761
102.195 29.5035
99.5752 29.4135
101.669 28.7591
101.228 30.2318
102.047 30.5335
102.047 29.3962
109.268 28.9069
108.74 29.6859
108.966 28.3657
108.141 29.3875
100.271 30.9973
100.271 30.7191
99.2336 29.2003
107.589 29.0697
107.589 28.5092
103.636 29.361
103.636 29.0936
108.816 30.0508
113.257 28.984
103.603 29.3018
101.375 30.6946
106.325 30.288
106.434 29.6779
109.892 28.4235
109.892 28.2188
114.424 28.8324
106.226 29.1829
101.152 30.4847
101.5 29.6729
99.3732 28.0161
100.167 30.2339
96.9095 30.1759
108.191 29.8153
100.774 29.2424
98.0588 29.3223
98.0588 29.6848
99.3251 29.6105
106.894 29.3931
106.894 29.2596
99.9865 27.7246
101.991 29.8734
101.991 28.5896
106.109 29.9964
99.137 28.7413
103.676 29.7563
104.129 30.3787
107.259 30.7371
100.501 29.7769
108.022 27.9398
106.691 29.3923
107.106 28.2698
102.794 29.6501
107.97 28.2299
102.799 28.906
100.813 29.5251
101.444 29.8456
106.352 29.4577
104.232 29.0463
103.288 30.3572
98.8095 30.0932
98.8095 29.6427
103.4 28.5488
103.4 28.7459
101.649 29.2806
104.39 29.1786
107.783 28.0356
107.431 28.7372
107.431 28.5549
105.898 28.4465
107.27 29.5006
103.842 29.5566
103.75 29.9863
102.244 29.1478
102.244 29.4417
108.137 29.0064
111.901 28.5795
98.6161 29.754
98.6161 29.9039
100.156 29.6123
102.925 30.4081
102.925 30.6433
99.8197 29.7342
102.937 29.1994
106.169 29.6948
99.0925 30.5344
102.174 29.6721
101.028 29.0885
101.013 29.9175
107.172 29.6636
105.132 29.8679
105.132 29.8943
102.851 28.8731
104.125 29.4779
106.996 29.3834
102.312 30.3479
102.11 29.1785
102.11 30.7485
102.11 29.4299
102.11 29.827
105.169 29.2033
99.7505 29.1756
106.8 29.0561
109.468 29.016
106.266 29.6837
96.8067 29.4385
96.8067 29.8743
107.631 28.1552
109.078 28.7188
101.109 29.0572
99.0919 30.0383
99.163 30.4869
99.163 29.7267
99.163 29.3144
97.4163 30.4423
101.869 29.5679
104.325 30.009
97.5007 30.1566
101.504 29.6873
100.491 29.1794
110.652 29.0563
99.5265 29.1504
100.194 29.3965
103.877 29.0568
102.366 29.5233
100.089 29.5233
98.3824 29.4147
97.4994 29.967
110.147 28.909
105.178 29.1509
103.795 29.6876
103.795 30.2003
103.77 29.6861
103.356 29.4624
105.51 29.4617
105.51 30.0819
109.196 29.6696
101.197 29.3332
106.688 28.2479
103.656 28.5088
103.656 28.4688
99.5701 30.6194
101.631 29.0441
107.126 29.1983
103.39 29.7265
105.986 29.2854
106.437 29.2412
110.655 28.9467
110.13 28.7698
102.576 29.2158
103.524 30.1842
106.33 29.061
102.074 30.3509
102.074 30.6365
101.711 30.2261
101.711 30.8026
101.711 30.6327
101.362 29.9563
105.645 30.042
106.145 29.1552
106.145 28.4962
100.867 28.9495
105.497 28.7473
104.817 29.2017
107.69 29.045
98.6489 29.2182
98.6489 29.5523
100.085 29.4097
103.167 28.6407
104.338 29.2849
112.86 28.6125
105.887 28.7035
110.625 28.3837
101.563 29.0157
102.645 29.0497
106.145 28.0678
106.877 29.4105
102.651 28.1255
102.742 29.0567
109.608 28.9161
108.17 29.3961
101.418 29.6211
101.418 30.0497
99.9101 30.2131
98.9396 29.2746
107.408 29.5757
100.865 29.2973
100.865 29.8658
100.865 29.7879
99.1066 30.5509
99.1066 29.3877
107.288 29.7171
105.435 29.5374
103.834 28.5181
103.834 29.0655
103.834 29.0332
103.834 29.0352
103.834 29.0366
106.071 29.1228
105.792 28.6315
103.897 27.6887
111.936 27.7292
101.849 29.7903
101.849 30.1093
104.106 28.5155
104.924 30.1916
101.799 28.2736
105.262 29.8215
104.614 28.8964
100.699 30.2686
100.699 29.5888
100.699 29.8852
108.067 29.1455
105.745 29.6216
106.324 28.9051
99.2623 29.7115
102.66 30.4897
102.452 29.4624
106.281 29.3567
108.488 29.3512
104.002 29.8259
104.002 29.5748
108.295 29.3443
108.295 29.1285
109.233 28.2948
98.8002 29.7063
102.56 29.98
101.241 29.567
101.241 29.4363
101.241 29.5935
102.436 28.8868
104.421 29.1318
107.917 29.6196
104.851 29.1443
104.01 29.1849
102.66 29.537
98.3779 29.5417
104.918 29.5744
103.95 29.1061
109.529 29.569
109.529 29.8156
105.411 30.1583
99.764 29.6173
99.764 30.2274
99.764 30.3979
108.405 29.4435
100.761 30.3877
103.691 30.0522
98.6388 29.8045
102.243 29.9396
103.093 29.7373
102.516 29.455
101.476 29.5515
107.806 28.9993
106.805 28.9116
105.339 29.1566
105.339 29.7693
104.921 29.6344
101.601 28.1975
101.601 29.7648
101.601 29.9393
101.172 30.9594
97.576 30.5534
99.1495 29.9118
105.516 30.0537
103.977 30.1897
103.977 30.1618
95.4224 29.8978
103.412 30.1763
103.202 29.2579
101.676 29.8683
101.676 29.3069
106.515 29.8352
106.905 29.328
105.307 29.028
105.307 29.5137
105.307 29.2598
99.1368 29.2828
100 29.3275
103.798 30.1887
96.5405 29.276
93.9157 30.5369
93.1228 29.9606
102.273 29.7985
99.3316 29.2744
101.853 29.1004
100.22 28.703
106.461 28.5788
101.563 29.2731
101.563 29.3158
104.03 30.3095
102.185 29.7494
102.185 29.5394
104.111 29.3799
104.111 29.4506
103.105 30.0455
101.907 29.7782
98.2208 29.3409
105.606 31.3542
102.504 29.9611
98.5464 30.1834
96.7784 30.0079
100.955 30.4621
109.38 28.3973
109.38 28.7246
108.784 28.7786
99.1203 29.8592
99.1203 30.421
98.7239 30.5097
103.122 30.541
102.992 30.6174
104.477 30.2628
104.477 29.1481
104.477 29.7193
104.477 29.1749
107.424 29.5196
104.552 29.9491
104.552 29.5283
106.909 29.2889
106.909 29.6614
103.847 29.1949
100.827 29.2709
105.407 29.1314
106.347 28.6468
104.308 30.1118
105.859 29.9193
97.7147 29.9615
100.63 29.6069
105.925 29.4587
104.206 29.247
104.268 28.9581
103.818 29.5358
104.479 29.1666
104.479 28.4251
106.254 29.0374
102.039 29.4315
102.754 29.0838
103.025 30.4234
102.602 29.0483
108.196 28.9957
108.196 28.6333
102.608 29.5338
102.608 29.7872
104.592 29.5598
101.923 30.0088
107.311 29.2304
107.311 28.7065
107.239 29.5279
104.757 29.2367
102.499 30.1712
110.848 28.9524
100.381 31.3916
100.381 30.1215
109.292 29.7984
103.644 29.0966
105.675 28.974
104.362 28.8219
105.418 28.5531
102.939 30.0577
107.5 29.1295
106.2 29.2775
106.2 29.1148
106.2 29.5596
108.029 29.2339
105.745 29.2907
102.525 29.9578
104.936 29.3168
106.038 29.3168
102.12 30.1871
103.72 30.1032
104.034 30.0021
104.034 30.2033
104.034 29.8034
104.034 29.0968
104.034 28.9389
108.23 29.0189
103.669 29.9762
99.6818 29.6119
109.702 29.5606
103.217 29.814
105.642 29.53
105.642 29.3826
104.823 29.344
105.731 28.9859
100.603 29.1808
100.603 29.4721
108.759 29.6939
103.112 28.8362
110.268 29.5845
104.844 30.3065
104.844 29.8949
104.805 29.1971
114.164 28.321
111.668 28.806
106.493 29.1035
102.775 28.1588
102.775 28.9839
111.925 28.8785
106.86 28.5353
100.507 29.4669
103.583 29.355
103.583 29.4143
103.583 29.2115
99.4305 30.0741
100.89 29.3792
100.89 30.9363
101.456 30.3387
109.254 28.652
108.368 27.5475
104.168 27.8672
105.773 28.7779
108.263 28.8219
99.2304 29.8729
98.0545 31.1421
97.4879 29.4122
101.706 29.9214
104.536 30.6745
111.063 29.0697
106.891 27.6901
105.229 29.1019
100.732 28.912
108.73 29.3019
102.374 29.4232
103.505 29.571
103.505 29.8738
102.091 28.952
102.518 29.8326
98.5895 30.4111
110.714 27.3144
105.47 29.9573
101.711 29.9283
105.131 29.3374
104.698 30.4451
104.554 29.6441
106.098 28.2619
104.204 29.9519
104.204 29.8233
103.911 29.5089
110.545 29.6284
105.705 28.2904
100.319 29.0948
100.877 29.6507
99.0178 29.9568
102.996 29.2427
103.665 29.2315
103.665 29.9032
106.357 29.1974
99.9895 29.8233
105.467 29.9652
100.275 30.1609
100.275 30.1783
103.54 29.633
99.9995 29.9471
99.9995 30.4835
104.209 29.8368
108.168 29.8019
102.559 29.1159
106.208 29.2753
105.001 29.5097
107.875 28.9276
99.1689 30.4764
98.7934 29.45
101.044 29.2177
99.3494 30.2543
103.825 30.0622
99.5827 30.3846
102.037 30.4757
96.1647 30.5206
110.246 29.2355
108.902 28.5576
108.902 29.2666
101.404 29.7532
101.404 29.4385
103.144 29.3871
105.544 29.5364
105.808 28.5849
109.85 28.7592
98.0009 29.7465
98.0009 29.6584
99.8654 29.7052
102.173 29.6875
109.103 29.4565
103.743 29.4917
99.0275 28.9188
100.637 29.2324
100.637 29.3807
111.779 28.8774
110.669 28.3042
98.9519 29.5338
109.478 27.5777
109.461 29.0036
101.001 29.3406
101.001 29.4408
101.649 29.529
101.649 29.3812
102.354 29.3812
106.64 29.8703
104.909 29.2762
103.459 28.8879
102.405 29.0336
102.535 29.7041
109.474 29.1765
103.794 29.1296
105.129 29.1015
108.215 28.2099
108.071 29.0927
106.17 29.1791
