582.167 15.7081
586.299 15.5793
592.751 15.6439
592.751 15.5323
595.123 15.5468
590.042 15.5247
588.073 15.5772
588.073 15.5257
580.152 15.5257
578.84 15.6648
587.082 15.6275
581.434 15.5684
581.243 15.5644
589.727 15.8598
588.528 15.6473
583.371 15.8473
578.088 15.599
579.639 15.56
580.159 15.5525
577.813 15.5237
580.366 15.617
580.366 15.6574
582.87 15.5655
574.84 15.5921
580.163 15.6512
580.289 15.9368
577.175 15.9368
576.981 15.7611
574.098 15.7683
574.098 15.7439
578.962 15.7292
579.067 15.7307
582.672 15.7804
584.673 15.5085
589.241 15.621
578.74 15.7013
572.525 15.6895
575.637 15.699
574.834 15.6929
576.922 15.5792
585.618 15.6175
586.476 15.7847
580.976 15.7884
576.005 15.6668
580.303 15.7146
576.905 15.7245
580.483 15.728
580.15 15.6839
580.054 15.5661
585.68 15.5661
579.88 15.5661
574.923 15.6213
580.368 15.7008
575.678 15.6929
579.989 15.7102
572.48 15.7931
570.598 15.7801
578.713 15.8078
577.595 15.7515
577.595 15.6498
571.974 15.6255
578.345 15.7387
577.402 15.828
576.307 15.6907
581.743 15.6841
576.108 15.6881
586.131 15.6928
573.139 15.6912
577.553 15.6943
581.601 15.6728
578.583 15.7103
578.583 15.7217
572.558 15.7031
572.558 15.8449
579.046 15.8013
581.379 16.0289
581.303 16.006
581.598 15.7217
577.933 15.6243
580.684 15.8169
581.492 15.7667
578.629 15.7682
572.07 15.7997
578.371 15.6546
577.969 15.6062
577.969 15.382
570.795 15.7315
573.596 15.6422
573.596 15.706
573.596 15.8733
573.596 15.3957
573.596 15.3957
574.964 15.8443
574.964 15.8443
574.964 15.8286
574.964 15.7298
574.964 15.7298
574.964 15.6813
574.964 15.5709
574.964 15.6116
578.86 15.6037
578.86 15.6037
578.86 15.6599
578.86 15.5775
578.86 15.6214
585.506 15.688
585.506 15.6311
581.984 15.6431
581.984 15.67
581.984 15.7711
573.351 15.7276
568.991 15.8753
571.036 15.9036
571.036 15.8503
586.418 15.7657
589.476 15.7558
589.476 15.8345
585.268 15.8045
584.355 15.7108
586.538 15.5985
586.538 15.8263
590.368 15.8261
590.976 15.7963
587.555 15.6193
588.816 15.8653
594.653 15.8489
593.793 15.7485
593.793 15.7943
576.27 15.787
583.468 15.5445
581.814 15.703
574.137 15.7441
574.137 15.6416
587.343 15.5399
591.378 15.561
590.359 15.6651
593.346 15.6817
589.872 15.6697
589.872 15.7594
590.153 15.5207
590.909 15.3602
590.909 15.5778
582.947 15.6762
591.441 15.6661
590.968 15.6661
591.745 15.6631
591.745 15.7357
591.745 15.6874
585.055 15.6708
579.556 15.6839
579.556 15.5134
588.438 15.4358
588.128 15.4139
589.85 15.4787
581.79 15.6119
583.878 15.7334
584.053 15.6521
584.129 15.5464
595.212 15.8064
592.88 15.8813
580.096 15.6882
578.839 15.5139
585.864 15.5139
585.864 15.5139
593.005 15.7437
593.005 15.7314
588.757 15.717
583.411 15.5718
585.151 15.6809
578.157 15.6788
590.544 15.5983
589.618 15.7381
589.226 15.7186
590.462 15.4294
585.514 15.4294
577.167 15.7411
578.157 15.7872
588.731 15.5973
582.1 15.6663
595.089 15.6754
573.679 15.6872
585.89 15.6639
573.355 15.6245
573.355 15.8103
573.355 15.6396
578.987 15.7778
585.995 15.7203
584.582 15.5803
583.416 15.8028
586.995 15.8331
597.689 15.7838
596.852 15.7716
596.852 15.6923
601.138 15.6787
598.77 15.7174
588.606 15.7717
591.369 15.686
591.369 15.7245
591.369 15.7382
591.369 15.7372
586.661 15.7557
588.443 15.6064
582.013 15.6996
584.418 15.7451
586.161 15.7451
576.442 15.9177
569.228 15.6752
579.077 15.6292
582.785 15.683
577.957 15.7079
581.184 15.6377
580.047 15.6697
576.512 15.7
585.897 15.6288
586.047 15.5764
586.047 15.8137
581.611 15.7572
577.474 15.7106
588.854 15.6552
585.139 15.682
587.535 15.544
591.829 15.5105
590.809 15.4268
590.374 15.7684
587.471 15.711
575.164 15.6013
583.802 15.5159
583.802 15.5508
587.48 15.5844
574.643 15.5952
590.759 15.6313
586.791 15.6407
592.589 15.5595
592.103 15.5333
592.346 15.5795
585.319 15.6584
580.094 15.6869
576.61 15.7449
579.296 15.7512
583.53 15.6948
582.235 15.7185
581.462 15.7185
583.027 15.7015
585.188 15.6485
581.873 15.6719
581.873 15.5851
586.46 15.6137
586.46 15.5407
583.962 15.4562
581.979 15.3926
589.18 15.4391
592.988 15.4895
589.751 15.5366
591.66 15.5936
593.403 15.5605
587.219 15.7341
587.98 15.6645
574.44 15.6752
573.644 15.8697
576.959 15.4492
600.197 15.351
583.803 15.3793
583.803 15.973
594.242 15.7726
594.242 15.5261
594.242 15.5165
594.242 15.5586
583.917 15.6371
593.863 15.7272
589.369 15.731
584.008 15.6921
584.008 15.5621
588.785 15.5968
588.785 15.7101
586.49 15.7191
584.822 15.788
584.247 15.8214
577.593 15.6331
577.593 15.6637
577.593 15.6598
587.1 15.6278
585.796 15.818
590.535 15.5311
576.58 15.486
581.571 15.705
581.139 15.6981
587.565 15.8071
584.675 15.7523
581.12 15.6051
581.602 15.7432
585.322 15.7432
585.322 15.9412
589.161 15.354
589.161 15.354
576.673 15.7333
584.071 15.7856
583.403 15.7432
584.083 15.9269
573.3 15.7906
575.72 15.7778
575.72 15.6397
574.64 15.6054
573.605 15.6047
586.99 15.675
586.99 15.675
597.589 15.6735
598.106 15.672
591.928 15.6567
589.94 15.7009
578.208 15.7699
578.208 15.7847
578.208 15.3965
578.208 15.4498
578.208 15.485
578.481 15.795
578.481 15.7384
578.481 15.5883
578.481 15.4811
578.481 15.7963
568.936 15.6356
577.142 15.5796
582.51 15.6553
582.45 15.6205
581.601 15.5214
581.601 15.5808
581.601 15.7379
581.601 15.6496
581.601 15.6668
581.601 15.7132
584.665 15.7864
584.665 15.4598
570.394 15.5942
570.394 15.5989
583.747 15.5911
582.891 15.5675
588.97 15.4976
583.884 15.4921
592.931 15.4921
592.931 15.6286
580.413 15.5239
584.485 15.9056
581.133 15.9046
578.169 15.8436
578.203 15.6581
578.231 15.7239
578.366 15.6844
576.84 15.4731
576.84 15.589
575.674 15.5802
576.114 15.5467
578.751 15.614
586.652 15.6171
587.23 15.8889
577.94 15.8739
577.94 15.6579
577.94 15.7595
579.209 15.7848
579.209 15.6833
588.543 15.69
594.391 15.7867
594.391 15.6678
583.161 15.671
583.161 15.6152
575.476 15.7562
570.196 15.6891
570.196 15.6742
570.196 15.5821
570.196 15.5598
586.804 15.5598
586.804 15.5232
579.402 15.7396
579.402 15.8294
579.402 15.8556
579.402 15.5417
579.402 15.8354
577.473 15.8401
591.938 15.6591
591.938 15.6414
589.262 15.583
589.262 15.6795
589.262 15.5208
577.14 15.4282
577.14 15.7734
583.472 15.7066
593.042 15.6869
593.042 15.6715
595.154 15.7941
595.154 15.5976
591.575 15.8858
591.575 15.8333
591.575 15.787
591.575 15.7577
572.457 15.6517
573.202 15.8233
579.004 15.6488
584.28 15.7164
584.28 15.7177
586.169 15.8148
586.169 15.8779
593.733 15.5397
594.4 15.6548
587.825 15.6183
587.825 15.6303
587.069 15.6303
590.569 15.5521
590.569 15.5472
575.554 15.6019
590.193 15.5784
575.601 15.5012
588.352 15.7503
583.978 15.7503
589.231 15.5717
589.606 15.7424
591.371 15.7367
583.898 15.7243
583.464 15.7662
576.593 15.6787
584.72 15.6797
590.447 15.6796
581.922 15.6969
578.949 15.7053
580.038 15.9069
579.57 15.4917
579.57 15.5553
584.274 15.8171
585.45 15.5498
579.556 15.6694
587.61 15.6802
592.135 15.764
593.207 15.4909
587.954 15.7957
587.954 15.5467
592.566 15.5976
593.921 15.6163
579.092 15.4236
592.176 15.5698
586.241 15.7518
584.035 15.695
585.892 15.6772
587.817 15.6654
587.817 15.7581
597.473 15.6894
593.951 15.5399
591.457 15.5164
586.067 15.504
593.408 15.5622
596.57 15.4681
594.442 15.6669
591.116 15.6757
582.751 15.7061
579.544 15.7599
588.666 15.4643
588.666 15.5251
570.815 15.7195
576.775 15.7499
584.296 15.6449
570.902 15.5322
583.749 15.6806
577.95 15.7511
577.95 15.7442
578.898 15.7442
580.845 15.5857
572.781 15.5678
572.781 15.6773
572.781 15.6925
572.781 15.7032
572.781 15.7707
572.781 15.7699
587.342 15.7785
587.342 15.5215
587.342 15.5209
575.006 15.6817
575.006 15.8126
575.006 15.8126
592.382 15.7878
578.109 15.7878
581.949 15.7396
582.809 15.7484
582.809 15.6124
598.772 15.666
588.065 15.973
588.065 15.7843
588.065 15.7865
588.065 15.943
588.065 15.7062
582.556 15.6219
583.22 15.7903
584.444 15.7903
584.444 15.8179
591.103 15.5035
591.403 15.7114
588.88 15.7146
588.88 15.7039
591.112 15.7422
579.932 15.7782
579.932 15.6876
587.296 15.7576
578.349 15.7595
575.764 15.7597
583.205 15.856
587.648 15.4959
584.941 15.4298
584.941 15.6669
586.264 15.7341
586.264 15.7341
579.234 15.7564
585.959 15.7496
585.959 15.7358
585.959 15.5845
585.959 15.7758
585.959 15.6615
584.265 15.6684
584.377 15.8374
583.06 15.7269
583.06 15.7631
583.06 15.8113
583.06 15.4968
583.06 15.4977
595.749 15.6071
593.211 15.5746
597.418 15.5119
596.927 15.6012
596.544 15.6957
595.339 15.9445
595.857 15.7409
593.888 15.5278
592.393 15.6299
586.413 15.6544
582.243 15.6716
581.931 15.7716
585.297 15.8346
588.268 15.7644
588.268 15.7826
580.404 15.7418
593.668 15.5583
585.859 15.4764
590.142 15.4666
587.139 15.3196
587.139 15.3196
587.139 15.4937
587.139 15.7638
586.599 15.7622
591.835 15.5632
589.568 15.6448
589.962 15.5734
584.945 15.6231
594.481 15.6494
594.481 15.7257
582.618 15.81
581.821 15.7823
586.432 15.6942
585.318 15.6909
569.321 15.6862
579.079 15.6036
579.079 15.7148
581.005 15.4911
576.33 15.7212
586.851 15.5715
579.367 15.7141
575.305 15.6201
580.565 15.6545
569.624 15.7084
579.995 15.6643
574.213 15.6326
577.176 15.663
577.176 15.7227
577.176 15.6493
577.176 15.594
581.36 15.8887
579.371 15.7775
580.288 15.8033
580.288 15.5702
580.288 15.6288
584.57 15.6404
584.57 15.7455
578.334 15.7118
583.101 15.5245
578.372 15.5618
578.372 15.5793
578.372 15.4955
586.67 15.4975
581.682 15.5009
581.682 15.5019
581.682 15.5021
578.621 15.5182
585.651 15.5129
585.651 15.6644
583.832 15.6644
589.618 15.6553
581.312 15.6109
591.391 15.5476
588.711 15.5228
586.057 15.8017
586.057 15.6925
578.006 15.743
580.653 15.7485
581.737 15.771
573.647 16.0686
574.407 15.5681
575.539 15.7028
575.539 15.5635
580.654 15.6064
576.433 15.6064
576.433 15.628
572.933 15.7572
572.262 15.5959
578.488 15.6732
565.689 15.7162
570.696 15.7146
576.62 15.5667
581.042 15.6791
566.002 15.7317
562.635 15.6305
579.042 15.6101
581.199 15.6101
574.665 15.6165
574.665 15.5842
574.665 15.581
580.078 15.6737
580.078 15.7479
580.078 15.7641
573.363 15.7641
583.044 15.7984
578.465 15.8014
576.948 15.7967
584.73 15.8122
583.133 15.8552
586.258 15.4892
586.258 15.6895
578.804 15.6865
585.736 15.6856
585.736 15.7074
579.749 15.7074
591.851 15.6723
591.851 15.7878
581.674 15.6071
572.021 15.5451
581.903 15.721
575.288 15.7633
575.288 15.8344
575.288 15.8344
583.653 15.5722
581.111 15.5481
581.516 15.5208
579.254 15.7085
599.896 15.7085
599.66 15.599
588.975 15.74
577.448 15.7125
601.016 15.6217
584.06 15.7594
584.241 15.6626
582.313 15.4045
588.133 15.4045
583.898 15.5298
585.454 15.5593
577.679 15.7863
577.679 15.5009
583.248 15.7439
584.632 15.8724
583.188 16.0341
583.629 15.6702
582.522 15.7932
583.769 15.6409
585.091 15.5578
590.156 15.5027
596.826 15.6298
596.826 15.7163
582.163 15.8442
581.541 15.6866
585.693 15.6273
584.366 15.9906
586.175 15.9007
590.181 15.8809
584.852 15.4856
578.602 15.5683
578.517 15.8064
579.077 15.6871
587.334 15.708
587.334 15.6418
582.52 15.5598
588.826 15.6611
588.341 15.7963
588.341 15.6359
588.341 15.6099
588.341 15.7369
588.341 15.5088
582.36 15.5617
586.001 15.5758
582.922 15.7153
582.922 15.6399
585.478 15.7687
584.262 15.7687
574.21 15.7867
580.427 15.8836
580.427 15.8887
580.427 15.6072
580.427 15.4222
591.259 15.6851
579.162 15.7026
574.313 15.7155
577.367 15.7693
577.266 15.6583
580.66 15.7411
573.737 15.5797
580.495 15.5964
575.18 15.5964
579.677 15.673
585.239 15.8216
588.125 15.5527
588.31 15.4224
592.547 15.5216
580.797 15.5216
583.985 15.6432
578.547 15.5491
584.025 15.6842
581.631 15.726
581.995 15.7411
588.182 15.7425
586.815 15.5428
585.711 15.8936
581.58 15.7214
581.58 15.7382
580.567 15.7416
578.31 15.6346
577.424 15.7022
578.31 15.6808
578.31 15.6906
581.562 15.5701
583.868 15.526
574.267 15.8015
584.253 16.0538
577.727 15.5484
579.735 15.6509
589.152 15.6509
586.416 15.4475
584.96 15.5488
582.663 15.9173
588.232 15.2821
588.232 15.4166
579.824 15.7061
584.954 15.754
584.954 15.5992
584.954 15.5693
578.837 15.5693
575.359 15.6872
575.359 15.6619
585.274 15.3293
576.799 15.6954
588.712 15.618
590.859 15.5648
586.51 15.5687
583.554 15.5943
585.421 15.6809
588.336 15.6167
578.709 15.5726
578.777 15.6825
582.701 15.6757
581.862 15.7035
581.862 15.618
581.862 15.5718
573.331 15.5817
580.38 15.5817
587.387 15.5873
579.352 15.6246
579.352 15.6208
579.352 15.7744
583.268 15.7236
584.143 15.539
576.765 15.656
579.122 15.7038
574.666 15.6597
574.666 15.9528
574.666 15.7965
574.666 15.9019
591.247 15.591
591.247 15.6006
591.247 15.6076
583.464 15.5996
581.732 15.5748
582.821 15.6571
585.364 15.6941
585.364 15.6151
585.26 15.6477
584.627 15.8329
583.005 15.7931
577.758 15.6863
577.758 15.7641
580.414 15.7189
586.52 15.7558
588.774 15.8691
584.435 15.8359
584.435 15.7395
584.591 15.5947
580.04 15.7994
580.04 15.7358
577.125 15.6305
577.125 15.8386
577.53 15.7811
584.793 15.7233
582.557 15.6999
583.762 15.6594
583.835 15.6836
583.973 15.6378
578.868 15.5757
577.12 15.5651
579.872 15.4178
580.979 15.4178
580.697 15.8401
586.374 15.7737
586.492 15.6985
586.355 15.7494
585.63 15.6204
595.888 15.468
581.471 15.7404
585.12 15.5887
587.891 15.6152
594.076 15.5496
594.076 15.5694
584.872 15.7461
588.358 15.7461
580.561 15.7261
585.108 15.51
595.332 15.6289
597.443 15.7128
594.299 15.6214
594.042 15.6966
582.181 15.6685
587.98 15.7488
587.98 15.7717
588.359 15.7465
592.633 15.4888
584.583 15.4798
586.604 15.7043
591 15.6918
587.252 15.6002
589.223 15.532
587.28 15.5958
582.168 15.6816
578.479 15.6652
578.479 15.7006
578.479 15.6874
579.721 15.7155
578.239 15.7706
578.239 15.7706
584.035 15.6349
587.377 15.661
574.979 15.8053
580.632 15.5837
589.403 15.7312
589.033 15.761
582.3 15.6549
582.3 15.7427
582.3 15.7464
582.3 15.7315
580.08 15.7944
575.633 15.7805
581.974 15.7809
588.461 15.8147
590.97 15.7481
590.97 15.7481
595.649 15.7481
591.483 15.7095
589.111 15.6508
581.482 15.74
581.482 15.6941
592.335 15.707
594.434 15.7659
583.763 15.863
584.794 15.863
584.794 15.8196
589.791 15.817
586.851 15.8134
584.215 15.5642
584.215 15.5705
584.215 15.6174
591.899 15.6107
591.899 15.7627
592.616 15.7358
596.722 15.476
586.417 15.428
588.029 15.7314
593.54 15.6696
587.724 15.5035
587.724 15.5483
594.591 15.9199
590.152 15.9199
599.676 15.543
596.813 15.5971
598.125 15.5971
593.596 15.7823
604.705 15.7823
599.04 15.7823
591.935 15.7082
596.747 15.5806
596.634 15.6284
596.718 15.6874
596.089 15.6832
584.522 15.5564
589.805 15.4525
587.559 15.7502
595.495 15.6599
602.344 15.7358
594.691 15.5564
588.757 15.9312
589.34 16.0291
589.34 15.6638
587.469 15.6825
586.088 15.5059
586.088 15.5685
584.993 15.5612
587.988 15.5878
585.683 15.4982
584.258 15.4627
585.566 15.394
586.681 15.3796
585.7 15.392
589.232 15.5748
588.484 15.6487
588.484 15.6487
583.202 15.7128
583.202 15.7646
585.348 15.7353
585.348 15.7616
590.877 15.7277
585.293 15.6674
585.293 15.6868
582.007 15.6923
584.003 15.6319
572.012 15.71
583.673 15.6269
578.808 15.4826
582.141 15.5935
585.855 15.6308
585.855 15.5794
585.855 15.551
577.556 15.5438
578.45 15.6491
586.006 15.5417
594.366 15.6149
582.931 15.5729
580.744 15.5713
586.463 15.7201
586.463 15.5547
595.228 15.6405
588.35 15.5102
584.057 15.5567
584.057 15.6112
586.704 15.6179
582.936 15.6106
580.332 15.5385
584.677 15.641
592.332 15.6573
583.544 15.7214
583.544 15.6969
583.544 15.6958
583.544 15.74
583.544 15.772
591.206 15.9202
587.726 15.6927
590.931 15.7074
590.096 15.6403
585.658 15.6459
585.658 15.5517
586.595 15.9025
574.49 15.7892
578.749 15.637
581.918 15.5402
584.956 15.5882
574.797 15.4935
574.797 15.9331
574.236 15.616
581.437 15.6557
581.437 15.5628
593.502 15.5315
582.15 15.5693
591.911 15.5439
590.194 15.8444
588.685 15.733
581.97 15.5625
585.303 15.6199
585.303 15.5945
589.86 15.7273
589.424 15.7027
584.079 15.6945
586.737 15.6959
587.605 15.5751
586.707 15.6274
594.135 15.6351
583.759 15.6311
575.776 15.7749
575.776 15.7279
575.776 15.5571
575.776 15.7126
572.484 15.7456
572.484 15.8529
587.824 15.876
587.824 15.7456
587.824 15.7171
580.354 15.6732
580.354 15.6771
579.708 15.7077
582.04 15.8912
582.04 15.8912
582.04 15.7045
582.04 15.6974
582.04 15.5781
591.478 15.6902
591.478 15.7932
588.692 15.663
595.134 15.6287
595.134 15.5422
595.254 15.5516
585.312 15.5352
585.312 15.4521
585.312 15.4742
585.312 15.8572
585.312 15.8661
585.312 15.8746
593.045 15.8746
593.045 15.6142
593.045 15.6033
593.045 15.8268
593.045 15.6603
593.045 15.8124
594.981 15.6344
600.898 15.6318
600.898 15.6414
600.895 15.7066
586.814 15.5422
586.814 15.583
580.766 15.5391
580.766 15.4766
583.59 15.5622
594.197 15.5415
593.891 15.4316
593.891 15.4796
590.156 15.5291
595.102 15.8056
582.318 15.7588
591.633 15.7801
583.524 15.6003
583.524 15.5511
583.524 15.4509
583.524 15.4162
583.524 15.5201
583.524 15.8561
583.524 15.9241
580.344 15.4467
584.432 15.8903
584.432 15.7815
584.432 15.7848
586.238 15.8311
580.455 15.7685
580.455 15.7362
580.455 15.7464
580.455 15.7566
580.455 15.5053
587.382 15.7207
594.524 15.7322
594.524 15.7108
594.524 15.5581
589.215 15.8507
578.983 15.6479
586.657 15.4614
586.657 15.5914
586.657 15.589
586.657 15.7163
586.657 15.8164
581.545 15.6906
577.913 15.6906
590.859 15.6702
590.859 15.679
590.859 15.7185
590.859 15.8982
590.859 15.226
583.302 15.5124
583.302 15.576
586.497 15.5799
586.497 15.6578
586.497 15.7511
586.497 15.7724
593.204 15.7496
591.619 15.5541
591.619 15.6668
591.619 15.777
581.894 15.7027
593.975 15.7822
593.975 15.8059
586.286 15.784
586.286 15.7862
586.286 15.7101
586.286 15.6426
586.286 15.7947
586.286 15.871
565.757 15.691
579.03 15.7061
583.877 15.712
583.877 15.6897
583.324 15.957
583.324 16.1316
583.324 15.7525
583.324 15.7694
583.324 15.7694
583.324 15.7237
599.614 15.5059
585.984 15.5035
582.921 15.5396
582.921 15.5619
582.921 15.7868
574.686 15.8178
574.686 15.7814
582.764 15.7814
582.764 15.6608
582.764 15.663
580.039 15.6414
576.04 15.5488
583.206 15.6096
575.401 15.5266
575.401 15.8302
575.401 15.7461
578.513 15.5317
588.889 15.6327
571.316 15.7191
583.684 15.5725
588.716 15.6105
596.867 15.772
603.02 15.7501
603.857 15.2735
604.153 15.9303
595.122 15.3693
595.477 15.7306
595.477 15.673
581.418 15.6465
581.418 15.5803
581.418 15.5415
581.418 15.6251
581.418 15.7321
581.418 15.6136
578.755 15.7369
570.616 15.6153
571.032 15.693
567.927 15.7961
577.963 15.7946
577.963 15.853
578.831 15.8325
573.838 15.7992
573.838 15.664
573.838 15.688
573.838 15.7323
582.388 15.7944
582.388 15.7512
587.355 15.3896
577.489 15.667
589.197 15.7174
586.262 15.7315
587.468 15.4687
587.468 15.5957
587.468 15.7154
587.468 15.5495
582.145 15.6863
594.427 15.6819
585.331 15.7637
580.828 15.7637
579.714 15.7735
584.407 15.6843
576.114 15.8387
578.863 15.3667
600.937 15.736
574.103 15.7345
574.103 15.7665
574.103 15.6379
579.811 15.4306
579.811 15.576
590.194 15.6513
582.506 15.7314
581.983 15.771
577.174 15.7504
586.572 15.6849
586.269 15.6861
592.997 15.734
575.925 15.7689
575.925 15.626
575.925 15.9451
590.082 15.6995
586.407 15.6995
586.407 15.651
579.997 15.6669
584.049 15.6735
594.258 15.8661
585.482 15.8593
581.068 15.7923
581.068 15.8966
574.974 15.8044
581.208 15.7211
591.825 15.4452
577.551 15.5137
587.056 15.5256
587.056 15.6661
586.833 15.5321
582.259 15.9121
582.259 15.3696
582.259 15.6475
586.939 15.7016
594.005 15.6518
594.005 15.6245
590.425 15.6229
590.425 15.658
590.425 15.6066
590.425 15.5613
590.425 15.5352
590.425 15.5598
590.425 15.6083
590.425 15.8255
580.026 15.5907
580.026 15.5536
580.026 15.7506
580.026 15.7174
580.208 15.7789
581.212 15.7099
583.896 15.808
593.974 15.6245
593.974 15.6245
591.876 15.6735
592.657 15.698
584.843 15.7482
592.112 15.8382
585.647 15.7208
585.647 15.7623
594.066 15.5461
587.084 15.5461
583.975 15.469
588.215 15.9064
583.132 15.8637
585.347 15.8599
583.685 15.8599
580.961 15.6222
591.729 15.7002
578.517 15.6392
587.335 15.7214
586.258 15.8462
586.258 15.9598
586.258 15.8371
588.662 15.667
585.718 15.3555
585.718 15.3555
590.003 15.8796
588.473 15.8965
585.471 15.8965
581.749 15.8965
581.731 15.7799
581.731 15.9843
585.5 15.5876
581.609 15.6335
582.959 15.6554
581.717 15.5531
585.136 15.5132
579.424 15.6662
579.424 15.6196
586.975 15.5852
590.403 15.622
589.787 15.6666
599.853 15.7595
598.677 15.7821
595.043 15.9164
595.043 15.7605
595.043 15.7699
589.804 15.7999
589.242 15.5744
581.536 15.5619
579.203 15.6575
579.203 15.7205
584.382 15.8432
585.543 15.6848
587.702 15.7141
588.386 15.7456
588.386 15.7702
587.483 15.7912
589.314 15.6526
577.009 15.6548
577.995 15.535
589.334 15.7493
589.053 15.629
590.094 15.6777
576.662 15.8039
584.78 15.8395
587.64 15.9207
579.207 15.9219
579.207 16.027
569.473 15.6599
569.473 15.6782
569.473 15.7511
569.473 15.6379
579.527 15.8055
580.142 15.67
580.142 15.7263
579.332 15.7263
579.332 15.8839
573.185 15.5836
573.185 15.7522
573.185 15.518
574.913 15.5797
574.913 15.5636
580.069 15.5409
585.124 15.5393
580.374 15.529
580.374 15.4301
580.374 15.4301
580.374 15.5047
595.286 15.5803
598.35 15.5803
596.705 15.6605
592.884 15.8146
592.884 15.6917
601.122 15.6171
584.121 15.5931
584.121 15.6102
575.386 15.8589
575.386 15.8198
575.386 15.8141
578.675 15.9274
588.971 15.5151
585.376 15.3464
576.453 15.8084
581.663 15.7667
574.651 15.7682
574.651 15.7472
574.651 15.7963
591.66 15.6882
585.868 15.7067
585.868 15.6231
580.326 15.7443
575.727 15.7712
581.127 15.7818
588.901 15.9125
584.178 15.7029
590.437 15.4667
583.784 15.7337
583.784 15.7516
577.3 15.7637
581.243 15.6749
581.243 15.6749
581.243 15.642
580.512 15.6432
581.297 15.4462
579.693 15.6323
580.265 15.6849
583.892 15.7
583.892 15.6214
583.892 15.5288
578.477 15.5971
584.722 15.5971
584.068 15.6301
582.029 15.6887
583.813 15.467
583.346 15.9051
583.346 15.919
572.502 15.5365
596.564 15.4186
592.622 15.6161
588.156 15.6054
587.671 15.6593
593.92 15.667
588.793 15.7195
580.813 15.8168
594.822 15.6431
595.281 15.6551
585.3 15.6667
579.295 15.667
586.574 15.6687
578.957 15.6666
578.957 15.5686
581.101 15.6181
581.101 15.6182
581.101 15.6439
581.101 15.8773
589.549 15.6584
586.514 15.7534
585.804 15.7855
590.137 15.8623
592.449 15.6134
592.449 15.8426
584.093 15.7153
581.565 15.7153
581.692 15.7225
574.145 15.7248
574.145 15.6394
589.871 15.6853
590.784 15.7016
591.146 15.7461
589.126 15.7414
588.998 15.7313
573.367 15.5955
575.659 15.6427
592.365 15.5157
587.169 15.4336
584.916 15.6994
584.704 15.6733
580.424 15.4273
583.771 15.4273
587.948 15.4722
585.055 15.6686
586.191 15.5893
581.109 15.7586
583.12 15.6083
583.12 15.5752
578.065 15.5472
577.819 15.8316
580.727 15.8188
580.614 15.7176
581.834 15.7737
587.353 15.5983
592.876 15.6881
584.586 15.6732
579.06 15.7093
580.13 15.7242
580.373 15.6994
580.02 15.6497
580.286 15.7194
580.319 15.4843
580.216 15.6975
578.947 15.7292
576.702 15.7962
582.691 15.5175
581.534 15.4559
571.273 15.464
582.74 15.5862
585.295 15.5722
583.45 15.6885
595.067 15.5284
578.171 15.4317
587.511 15.6241
580.643 15.6285
580.643 15.638
576.871 15.5226
585.501 15.5226
583.196 15.7369
571.118 15.7466
584.488 15.6413
584.488 15.7154
584.488 15.6504
584.488 15.6989
587.771 15.9185
588.082 15.2536
585.847 15.4083
576.52 15.6163
576.52 15.6638
576.52 15.7538
583.866 15.6297
572.888 15.5218
588.674 15.7627
588.674 15.656
584.5 15.7218
579.131 15.5578
582.995 15.6324
581.594 15.6458
584.871 15.709
582.448 15.7078
589.589 15.7242
589.589 15.7564
583.21 15.6608
581.268 15.6608
581.268 15.4795
581.268 15.224
586.288 16.1579
587.402 15.43
581.884 15.4595
578.132 15.5275
582.69 15.594
580.396 15.6629
584.307 15.7289
584.764 15.6944
581.521 15.5187
580.492 15.5865
587.083 15.7149
583.167 15.7497
584.191 15.7497
584.191 15.6043
584.191 15.501
584.191 15.4951
581.257 15.5341
581.257 15.7423
583.009 15.4927
583.816 15.496
583.816 15.4555
583.816 15.4349
579.919 15.4413
579.919 15.5999
579.919 15.6829
579.919 15.6548
591.465 15.769
595.016 15.6766
588.609 15.79
584.285 15.688
584.285 15.4854
592.743 15.6227
589.997 15.6121
589.997 15.5871
589.997 15.5835
588.896 15.5835
589.095 15.6447
604.483 15.5923
594.132 15.7217
591.255 15.7849
591.255 15.8022
587.243 15.6103
586.682 15.6624
586.682 15.6921
586.682 15.6921
586.682 15.6935
586.682 15.6905
586.682 15.7358
585.835 15.7158
582.327 15.782
582.327 15.7141
582.327 15.7914
582.327 15.5746
577.196 15.8427
577.196 15.7517
577.196 15.8949
589.22 15.7197
571.555 15.6747
571.555 15.3956
571.555 15.2809
579.414 15.4166
588.233 15.7712
588.233 15.4784
588.233 15.4441
595.214 15.4441
585.206 15.4828
585.206 15.6632
568.295 15.7658
568.295 15.9124
568.295 15.8026
568.295 15.6961
568.295 15.7853
568.295 15.6918
582.599 15.7773
582.599 15.7678
582.599 15.6695
582.599 15.6392
582.599 15.647
582.599 16.0183
582.599 15.503
582.599 15.5548
582.599 15.5484
586.204 15.7451
586.204 15.4684
578.132 15.5106
578.132 15.5439
578.132 15.5882
585.279 15.5887
583.767 15.82
581.409 15.5911
586.488 15.5539
586.488 15.3473
592.157 15.343
591.107 15.343
591.107 15.4523
591.107 15.5905
590.342 15.6269
585.14 15.6193
585.14 15.6007
587.343 15.5384
587.343 15.5844
590.913 15.4377
590.913 15.7447
590.493 15.8027
584.994 15.7373
584.994 15.7267
584.994 15.6839
584.994 15.6839
588.756 15.7118
578.244 15.5697
606.089 15.527
602.594 15.6201
593.509 15.6082
587.323 15.6584
592.327 15.6584
586.148 15.71
586.148 15.7112
586.148 15.7272
586.148 15.7376
586.148 15.7376
586.148 15.383
588.967 15.3283
584.385 15.4265
584.934 15.5386
584.934 15.5736
590.089 15.7231
582.744 15.7326
585.89 15.7326
585.89 15.6538
590.158 15.6593
588.064 15.6643
588.064 15.8055
592.043 15.4846
590.683 15.6351
588.474 15.6497
591.641 15.8642
594.801 15.836
584.404 15.8657
584.404 15.5815
587.513 15.6301
587.513 15.6602
588.084 15.6421
588.084 15.6392
588.939 15.8125
582.651 15.5539
589.301 15.4038
589.301 15.4031
589.301 15.4254
589.301 15.4254
588.242 15.9114
588.242 15.3254
582.726 15.7379
582.726 15.8291
582.726 15.7452
586.361 15.6541
586.361 15.7788
581.95 15.6906
584.007 15.699
584.007 15.7607
587.431 15.6264
587.431 15.6264
594.54 15.6551
594.54 15.6517
594.54 15.6727
594.54 15.5842
582.575 15.744
582.477 15.635
581.449 15.6899
581.449 15.6395
587.09 15.6691
580.22 15.5463
586.104 15.5696
577.001 15.718
590.731 15.7027
590.731 15.53
578.825 15.6024
578.825 15.6205
578.825 15.6776
578.825 15.4485
580.154 15.6565
580.154 15.6838
582.081 15.5632
590.964 15.5745
590.964 15.5061
590.964 15.5109
590.964 15.5793
590.964 15.5437
590.964 15.5614
592.199 15.6366
585.973 15.5749
587.003 15.6867
575.626 15.6357
575.626 15.4381
575.626 15.7326
575.626 15.5532
576.182 15.5532
576.182 15.5122
586.845 15.8546
581.013 15.58
581.945 15.695
583.112 15.6908
583.112 15.6919
574.249 15.6
573.5 15.8103
584.531 15.9394
585.422 15.8721
581.133 15.7836
581.932 15.7836
591.66 15.6339
590.11 15.589
590.014 15.782
580.965 15.9016
585.776 15.8181
585.776 15.4811
585.757 15.8235
583.961 15.8432
583.179 15.6839
600.835 15.531
579.927 15.785
580.76 15.5446
587.455 15.6568
576.834 15.6839
575.698 15.7884
575.698 15.8024
575.698 15.8024
577.051 15.8961
581.714 15.8961
573.42 15.762
575.925 15.744
576.773 15.8623
581.578 15.7321
581.578 15.5057
581.578 15.4377
573.263 15.7708
573.263 15.7406
573.263 15.7664
573.508 15.7886
572.738 15.7886
567.09 15.7526
580.186 15.7398
574.481 15.6211
577.575 15.6135
574.726 15.6213
574.726 15.5441
580.513 15.5691
580.085 15.5477
584.867 15.5794
584.867 15.703
584.867 15.8658
584.867 15.809
584.867 15.7921
584.867 15.7921
580.201 15.7109
580.201 15.5688
580.201 15.5688
584.578 15.6495
584.578 15.7215
576.229 15.812
581.997 15.7267
575.66 15.865
575.329 15.3172
575.329 15.3172
575.329 15.3172
571.141 15.6946
572.77 15.7079
579.565 15.709
584.401 15.713
584.401 15.7059
577.945 15.7052
576.161 15.6997
572.591 15.558
576.856 15.7147
577.85 15.6929
577.85 15.7622
576.172 15.831
572.469 15.7448
585.566 15.5482
587.855 15.5482
572.629 15.5175
577.351 15.542
577.351 15.5347
577.351 15.4935
575.88 15.554
576.659 15.5095
580.395 15.4517
567.449 15.4905
567.449 15.5906
579.214 15.5922
585.615 15.5987
579.725 15.6176
579.725 15.5488
585.556 15.5479
574.36 15.5262
576.896 15.5275
579.573 15.6379
578.47 15.5887
581.728 15.5367
583.182 15.5229
583.565 15.4906
581.791 15.561
579.65 15.5771
577.769 15.5416
577.909 15.628
582.862 15.7456
577.612 15.592
584.519 15.6997
583.428 15.7706
583.428 15.6436
578.492 15.6397
587.936 15.6397
584.424 15.745
584.424 16.0148
584.424 15.6981
576.095 15.7647
576.023 15.7483
576.023 15.7907
584.931 15.6658
566.36 15.6663
582.92 15.7575
589.59 15.6385
589.59 15.5726
580.355 15.5726
595.82 15.5113
591.451 15.5009
591.451 15.6735
591.451 15.8159
591.451 15.5518
599.884 15.6956
592.639 15.4398
583.307 15.5244
583.307 15.68
583.307 15.6057
583.307 15.6255
579.645 15.5852
579.645 15.7787
579.34 15.7497
574.051 15.8076
576.325 15.7839
576.325 15.8164
585.398 15.7811
585.398 15.6428
585.398 15.6697
585.398 15.703
585.398 15.6831
584.345 15.7072
584.345 15.6373
575.2 15.6665
575.2 15.6515
575.2 15.652
575.2 15.8458
575.2 15.5509
575.2 15.7832
577.709 15.7773
573.452 15.8002
573.452 15.7048
576.025 15.7177
576.025 15.6533
578.201 15.7074
576.269 15.6627
576.269 15.841
583.038 15.786
583.038 15.571
583.038 15.877
583.038 15.4445
583.038 15.6452
576.986 15.6983
576.986 15.7111
584.792 15.4107
584.792 15.5553
578.663 15.7391
578.663 15.7635
574.359 15.7448
586.348 15.6264
591.515 15.6264
586.479 15.9348
586.479 15.8373
589.172 15.8373
589.172 15.6553
589.172 15.6808
578.736 15.5823
588.021 15.6176
588.021 15.6657
588.021 15.6991
582.538 15.6957
582.538 15.7024
583.85 15.6326
583.85 15.6276
583.85 15.6052
583.85 15.7187
581.422 15.652
578.068 15.7685
588.734 15.6267
588.734 15.6542
594.512 15.5081
594.512 15.7473
596.655 15.7331
587.359 15.7526
590.843 15.753
593.37 15.7393
593.37 15.725
589.727 15.6312
586.129 15.6487
586.129 15.5922
577.381 15.6199
579.69 15.8761
579.69 15.8761
584.672 15.8098
584.672 15.6687
584.672 15.6999
584.672 15.7558
577.609 15.8178
577.609 15.7539
577.609 15.7964
577.609 15.7685
583.232 15.7888
583.092 15.8982
579.23 15.7772
579.23 15.7076
579.23 15.7027
585.629 15.7151
578.715 15.6645
570.113 15.7702
570.113 15.8265
570.113 15.7456
570.113 15.7103
586.343 15.4692
586.165 15.6104
588.482 15.6029
582.205 15.6535
580.428 15.706
582.782 15.867
582.25 15.7831
568.13 15.7761
580.78 15.7683
580.78 15.8213
580.78 15.8716
570.526 15.778
578.007 15.7173
586.767 15.6227
578.695 15.544
589.393 15.7945
594.273 15.7494
592.585 15.7752
580.259 15.7425
576.944 15.8058
585.004 15.8058
587.16 15.7174
592.077 15.8289
592.077 15.629
585.172 15.578
585.172 15.6991
577.991 15.7144
577.991 15.8135
590.391 15.6101
573.143 15.7285
576.937 15.4598
587.019 15.6834
591.536 15.4885
587.97 15.664
575.095 15.6673
585.558 15.6642
582.869 15.6635
582.869 15.6178
590.954 15.6112
592.718 15.5954
592.718 15.6912
589.952 15.5536
600.983 15.5521
594.458 15.7254
596.504 15.6113
584.22 15.6149
584.22 15.6003
579.721 15.6476
581.066 15.7023
588.99 15.5524
588.99 15.5384
588.99 15.6757
583.643 15.6113
583.643 15.6679
585.843 15.5885
578.071 15.5275
578.071 15.6251
578.071 15.6251
578.071 15.7555
589.338 15.7377
576.309 15.691
589.495 15.6808
580.806 15.5223
587.453 15.519
585.929 15.7481
585.929 15.5746
593.926 15.7685
593.926 15.7288
583.044 15.7512
588.694 15.7186
588.721 15.5421
577.782 15.7223
577.782 15.4508
584.297 15.6788
586.808 15.7193
586.808 15.7263
592.908 15.574
592.908 15.7808
593.943 15.6371
586.325 15.6466
586.325 15.5349
586.325 15.6146
586.325 15.6571
584.019 15.6442
584.019 15.6075
584.019 15.6075
579.128 15.5907
579.128 15.5762
578.393 15.721
583.642 15.6846
583.642 15.7081
587.899 15.6682
587.899 15.6762
587.899 15.7134
595.797 15.5144
595.797 15.6589
595.797 15.7551
590.064 15.7698
590.064 15.8076
593.738 15.7117
585.489 15.6979
592.759 15.7157
582.3 15.712
582.3 16.1186
582.214 15.9953
587.507 15.9952
587.507 15.8804
587.507 15.7938
587.507 15.5849
587.507 15.6194
583.393 15.7442
583.393 15.8716
583.393 15.6698
588.156 15.7042
584.202 15.7826
584.202 15.7126
587.279 15.7382
587.279 15.6664
584.777 15.5747
590.711 15.6544
593.692 15.5908
583.37 15.8195
599.293 15.7756
586.274 15.805
594.2 15.7054
594.2 15.5419
594.2 15.5474
590.169 15.6817
593.793 15.6923
601.091 15.7018
593.405 15.5165
592.238 15.7868
588.918 15.6554
590.203 15.65
586.896 15.6699
590.621 15.6852
593.682 15.7606
596.232 15.7402
579.613 15.7357
588.121 15.7604
588.121 15.8234
582.94 15.468
588.255 15.5724
574.147 15.5695
583.219 15.6213
581.938 15.3942
588.585 15.7193
580.379 15.7419
580.379 15.7478
580.379 15.6827
582.716 15.6461
582.716 15.705
582.716 15.692
582.716 15.6354
582.716 15.8114
573.071 15.8114
579.914 15.8714
583.827 15.8016
583.827 15.7208
576.04 15.7208
576.04 15.7828
574.135 15.8885
576.46 15.8885
579.804 15.5349
571.854 15.637
575.847 15.6727
575.847 15.6537
584.748 15.7797
584.748 15.6905
584.748 15.7566
584.748 15.9397
584.748 15.9825
584.99 15.5717
584.99 15.6066
584.99 15.646
589.641 15.5434
584.726 15.5701
584.726 15.7022
578.27 15.7022
578.27 15.7438
578.27 15.777
577.593 15.5846
577.593 15.3951
575.183 15.4194
575.183 15.6074
575.183 15.6395
575.183 15.824
575.183 15.7095
575.183 15.5313
575.183 15.5554
575.183 15.7971
575.183 15.7328
575.183 15.7456
572.552 15.5618
572.552 15.5618
572.552 15.6976
572.552 15.7149
572.552 15.5306
572.552 15.6333
572.552 15.6405
575.593 15.6405
575.593 15.79
564.718 15.8453
580.931 15.7321
580.931 15.7321
578.748 15.7839
578.748 15.8296
578.748 15.7583
586.008 15.8677
586.008 15.8483
582.529 15.7477
582.772 15.7089
584.028 15.6168
584.028 15.644
584.028 15.7529
584.028 15.6691
582.569 15.822
582.569 15.518
582.569 15.5216
582.569 15.6322
582.569 15.6322
582.569 15.5708
584.969 15.7747
584.969 15.7588
584.969 15.6805
583.518 15.8219
583.518 15.8031
583.518 15.7067
583.518 15.7093
593.35 15.6684
583.774 15.6606
583.077 15.6528
583.077 15.6451
583.077 15.5977
583.077 15.6249
586.895 15.6532
586.895 15.6556
586.895 15.8332
595.723 15.6954
586.722 15.8307
586.722 15.7745
590.528 15.4746
590.528 15.5604
590.528 15.7236
590.528 15.7331
590.528 15.7514
590.528 15.748
599.217 15.6748
599.742 15.6699
599.742 15.6714
599.742 15.8203
599.742 15.7382
599.742 15.5663
599.742 15.6624
589.222 15.5529
592.196 15.7558
592.196 15.4082
589.513 15.4078
589.513 15.562
590.935 15.5068
597.474 15.5068
589.932 15.5068
592.812 15.3514
583.952 15.59
583.952 15.6049
586.404 15.6049
587.304 15.5759
584.554 15.5156
584.554 15.6062
582.353 15.5049
582.353 15.5229
582.353 15.6576
582.353 15.8711
582.353 15.8594
582.353 15.7376
582.353 15.4407
582.353 15.5813
584.186 15.7787
592.01 15.7235
593.763 15.7361
593.763 15.6683
593.763 15.7946
593.763 15.5932
592.579 15.4326
598.073 15.8891
598.073 15.8886
593.213 15.7904
581.863 15.8431
581.863 15.765
581.863 15.5432
589.283 15.6134
589.057 15.702
589.057 15.735
582.442 15.4517
575.818 15.6532
589.712 15.6591
584.265 15.6591
582.855 15.6902
594.247 15.7677
581.492 15.8076
581.492 15.693
581.492 15.7725
581.492 15.7237
590.818 15.6553
574.992 15.6553
584.956 15.6266
583.099 15.5774
583.099 15.5256
589.51 15.6558
586.297 15.6222
586.297 15.533
586.297 15.7371
586.297 15.7236
592.27 15.7557
569.934 15.7899
569.934 15.6408
569.934 15.5954
569.934 15.6592
575.74 15.6536
571.588 15.5758
571.588 15.5873
571.588 15.5834
585.236 15.5405
572.998 15.6155
572.998 15.665
575.429 15.5733
569.598 15.5796
569.598 15.595
569.598 15.8014
569.598 15.8918
569.598 15.8918
569.598 15.5909
569.598 15.5909
582.291 15.6118
582.291 15.5947
579.394 15.5117
569.928 15.7011
580.739 15.7989
579.763 15.6574
597.863 15.6971
590.809 15.6269
583.902 15.6292
587.149 15.9227
585.505 15.5472
585.505 15.6301
585.505 15.7457
585.505 15.6402
587.186 15.5396
587.186 15.5396
587.186 15.7165
583.392 15.7182
578.055 15.7904
578.055 15.6807
578.055 15.6512
588.783 15.9596
588.055 15.5901
588.055 15.5901
591.436 15.5299
587.892 15.5299
577.942 15.5678
584.736 15.5678
585.062 15.5966
575.066 15.7386
575.066 15.6626
575.066 15.8005
575.066 15.4677
575.066 15.9226
580.498 15.5982
583.8 15.7212
583.8 15.7693
583.8 15.8179
583.84 15.8577
584.095 15.6817
585.698 15.8286
586.189 15.4041
590.771 15.3864
589.492 15.3515
589.492 15.7936
587.898 15.7762
574.471 15.6856
591.708 15.639
585.707 15.7346
585.707 15.6679
585.707 15.6725
585.707 15.5165
585.707 15.6176
585.707 15.6132
584.002 15.615
584.002 15.615
584.002 15.7202
592.31 15.6958
592.31 15.6186
592.31 15.859
592.31 15.8698
592.188 15.8961
592.188 15.7385
583.85 15.7042
583.667 15.7625
590.092 15.808
590.092 15.6361
590.092 15.649
598.859 15.6587
598.859 15.416
591.759 15.606
591.353 15.4565
585.939 15.6854
585.939 15.6904
585.167 15.5323
585.167 15.5302
585.167 15.5709
585.167 15.7227
577.522 15.7429
577.522 15.7398
585.682 15.739
581.689 15.6274
586.557 15.6477
589.354 15.7616
583.073 15.7495
574.134 15.4821
573.395 15.3748
584.054 15.3917
585.96 15.5245
591.565 15.676
581.037 15.3928
582.818 15.7467
582.818 15.6636
584.757 15.6642
574.677 15.6507
581.639 15.7358
591.141 15.5142
588.423 15.4556
586.523 15.4186
572.292 15.5534
572.292 15.6786
586.219 15.6546
586.219 15.4403
587.855 15.4767
587.855 15.5303
587.855 15.5572
574.139 15.723
574.139 15.5505
574.054 15.6575
577.474 15.6001
577.474 15.5829
577.474 15.7474
577.474 15.6751
577.474 15.5586
577.474 15.6029
579.361 15.6023
579.361 15.5875
578.445 15.6512
578.445 15.7026
584.295 15.6689
584.295 15.7127
586.146 15.7031
586.645 15.6538
586.645 15.6917
585.886 15.6676
585.886 15.8155
578.361 15.6931
575.633 15.9046
575.633 15.4979
582.704 15.4979
574.465 15.7506
585.12 15.6927
585.12 15.6927
585.12 15.6432
598.156 15.4973
598.138 15.6945
574.86 15.6796
574.86 15.6546
574.86 15.6731
580.362 15.6276
580.362 15.5625
579.924 15.6511
585.426 15.6511
582.896 15.6483
580.897 15.6405
580.897 15.6221
586.017 15.6264
586.017 15.6234
586.017 15.6036
586.451 15.6386
573.803 15.7891
570.659 15.7711
585.765 15.6038
582.738 15.5811
582.738 15.5811
580.747 15.5796
598.267 15.6449
581.243 15.5392
576.877 15.6544
586.46 15.6665
586.46 15.6544
582.573 15.5317
576.942 15.5159
576.942 15.4588
576.424 15.6082
582.597 15.6587
582.597 15.721
575.595 15.7289
575.595 15.7251
575.595 15.7236
575.595 15.7236
575.595 15.3655
579.282 15.5828
575.578 15.7825
574.753 15.6979
574.753 15.8289
585.687 15.728
581.369 15.5657
581.421 15.5505
581.421 15.9562
584.103 15.636
584.896 15.5611
586.852 15.5597
586.852 15.5049
586.852 15.522
586.852 15.4947
586.852 15.4628
586.484 15.7977
586.484 15.5312
586.484 15.5631
586.484 15.5353
586.484 15.3202
578.965 15.5001
578.965 15.3748
578.965 15.5486
585.356 15.6153
585.356 15.5136
585.356 15.5778
585.356 15.7463
589.303 15.7879
582.514 15.6632
582.514 15.6701
587.128 15.6856
579.129 15.7101
589.281 15.745
587.182 15.5506
587.182 15.5183
568.733 15.6063
583.218 15.6063
584.132 15.6191
583.922 15.683
584.189 15.6411
586.324 15.653
586.324 15.5612
575.627 15.649
573.373 15.5866
586.22 15.8519
575.028 15.8906
575.028 15.8314
581.415 15.8866
581.415 15.7052
581.415 15.7052
581.415 15.6485
573.625 15.711
582.844 15.7099
585.856 15.5823
583.123 15.5068
579.64 15.509
582.22 15.4644
580.144 15.6312
592.074 15.8347
592.074 15.8347
592.074 15.59
583.431 15.5917
583.431 15.5956
583.431 15.5551
585.666 15.6467
585.666 15.5982
585.666 15.6263
579.706 15.6194
578.3 15.5991
578.3 15.627
578.3 15.7146
578.3 15.6297
578.3 15.5858
586.459 15.7611
587.163 15.7267
587.163 15.8817
584.57 15.8589
583.922 15.9216
570.642 15.9233
583.876 15.4489
584.563 15.5079
578.851 15.4761
576.882 15.905
579.416 15.7721
579.416 15.771
576.828 15.8384
576.828 15.8384
576.828 15.7162
575.848 15.8882
589.39 15.8193
582.725 15.8743
587.268 15.9261
583.835 15.7829
584.281 15.8774
584.281 15.6939
581.98 15.6764
584.848 15.6027
587.165 15.466
583.485 15.466
589.936 15.5935
589.936 15.5422
584.644 15.579
585.369 15.5546
585.703 15.5546
586.874 15.3698
590.455 15.7922
580.161 15.6078
587.981 15.6419
589.014 15.6411
580.299 15.6412
580.299 15.6372
584.163 15.5889
583.163 15.6702
587.331 15.7543
579.06 15.7675
579.06 15.7987
579.06 15.7526
579.06 15.7537
579.06 15.7541
580.111 15.8016
575.002 15.5729
584.648 15.383
584.648 15.5271
585.149 15.7748
585.149 15.7748
575.38 15.6245
575.38 15.5709
589.235 15.5706
582.629 15.5935
577.96 15.58
565.884 15.7803
578.701 15.3647
578.701 15.7415
578.701 15.7923
580.074 15.6322
580.074 15.604
580.074 15.7164
580.074 15.7101
584.859 15.7701
572.456 15.8352
573.949 15.7252
585.415 15.6013
576.496 15.6187
583.109 15.6036
583.109 15.6978
579.494 15.6732
588.621 15.6104
577.389 15.6679
594.02 15.8054
577.64 15.8063
580.866 15.5246
580.866 15.4853
570.736 15.3988
572.469 15.4634
572.469 15.8105
572.469 15.7529
572.469 15.7478
572.469 15.9792
569.554 16.0007
585.988 15.7415
578.117 15.852
584.566 15.7298
578.644 15.6751
593.594 15.5916
587.563 15.6819
588.3 15.7568
588.3 15.5676
588.3 15.6181
584.812 15.6949
584.812 15.4661
584.812 15.4661
586.997 15.4392
586.997 15.8199
590.765 15.7631
588.203 15.5669
575.634 15.7831
575.634 15.7831
570.896 15.7552
570.896 15.7959
570.896 15.48
570.896 15.5594
575.799 15.4877
575.799 15.6974
575.799 15.6903
575.799 15.6827
585.568 15.6008
570.488 15.6008
573.162 15.8279
594.586 15.5898
594.586 15.5694
582.518 15.8719
582.518 15.5402
582.518 15.5182
582.518 15.5182
582.518 15.6337
588.224 15.6793
588.224 15.7566
588.224 15.7507
588.224 15.5892
588.224 15.6716
593.363 15.7021
593.363 15.6517
593.363 15.734
593.363 15.7149
583.177 15.6209
583.177 15.5715
587.336 15.5709
597.535 15.5852
590.96 15.5862
590.96 15.5837
590.96 15.5822
589.567 15.5783
589.567 15.7233
592.564 15.7233
592.564 15.735
592.564 15.7475
592.564 15.7511
592.564 15.7433
592.235 15.7448
592.235 15.6213
592.235 15.6023
587.379 15.6335
582.239 15.7493
588.529 15.6571
588.529 15.5992
579.776 15.7869
581.101 15.9218
584.359 15.8221
584.359 15.6072
583.165 15.6965
584.096 15.6706
582.27 15.6751
584.357 15.8356
585.612 15.8168
581.334 15.9759
581.334 15.7663
581.334 15.6491
581.334 15.5312
581.334 15.6689
583.478 15.5212
583.478 15.5376
578.776 15.5214
593.17 15.4633
590.017 15.6073
590.017 15.4981
590.017 15.4727
587.108 15.5984
590.981 15.6474
598.405 15.7427
584.581 15.7804
584.52 15.7225
585.237 15.774
585.237 15.7695
583.182 15.6995
583.182 15.8519
583.182 15.7237
589.298 15.6214
589.298 15.5566
591.765 15.4607
582.194 15.7301
582.194 16.0571
582.194 15.674
579.318 15.7547
575.829 15.6645
575.829 15.6651
571.021 15.7626
571.021 15.6204
571.021 15.6435
571.021 15.6572
581.907 15.6541
581.907 15.8952
569.851 15.7532
570.205 15.5975
582.995 15.6017
570.633 15.7567
582.595 15.6931
583.857 15.5095
576.128 15.6595
573.44 15.6634
582.745 15.4518
580.199 15.9637
580.199 15.7534
580.199 15.8491
580.199 15.8922
580.199 15.493
575.534 15.6806
575.534 15.6004
575.534 15.6444
580.266 15.6789
580.266 15.7128
580.266 15.8223
580.654 15.725
580.654 15.6684
588.591 15.6536
584.85 15.6691
584.85 15.7785
584.85 15.7241
578.791 15.7662
575.179 15.7734
575.179 15.681
575.181 15.7828
587.329 15.8537
574.737 15.7334
574.737 15.7449
574.737 15.7601
575.957 15.666
575.957 15.7375
577.327 15.6511
580.947 15.5917
594.769 15.3748
587.427 15.5069
591.789 15.5781
592.721 15.6735
592.721 15.6316
585.495 15.5584
585.495 15.4875
585.95 15.8388
583.208 15.8621
589.345 15.8621
587.946 15.8859
577.587 15.6667
577.587 15.6667
577.587 15.7737
577.587 15.7864
577.587 15.6748
584.11 15.6503
584.11 15.7073
584.11 15.6463
584.11 15.6867
584.11 15.9211
584.11 15.6252
584.11 15.7041
584.11 15.7041
573.798 15.58
573.798 15.5437
594.057 15.5457
594.057 15.5978
581.67 15.6951
578.545 15.7339
577.639 15.7355
577.639 15.6895
574.923 15.786
574.923 15.7734
581.455 15.7911
581.455 15.6946
581.455 15.8385
581.455 15.5878
585.849 15.5652
592.525 15.5735
592.525 15.499
592.525 15.5016
592.525 15.4612
580.167 15.5044
580.167 15.4665
580.167 15.4223
582.927 15.3947
576.158 15.5738
576.158 15.7517
576.158 15.7549
580.764 15.578
572.302 15.7137
572.302 15.819
572.302 15.8698
572.302 15.6793
572.858 15.9548
574.554 15.8542
580.371 15.7457
580.371 15.6631
583.742 15.8058
574.013 15.6693
580.16 15.4857
580.16 15.8786
584.628 15.6619
593.209 15.5759
590.003 15.8198
594.609 15.5189
587.603 15.8567
585.117 15.5824
589.314 15.6214
580.489 15.6633
580.489 15.6188
580.489 15.7562
581.233 15.5621
583.144 15.6809
583.381 15.7029
583.381 15.6155
589.486 15.5151
589.486 15.5151
589.486 15.7157
589.486 15.7473
589.486 15.7473
584.26 15.5665
580.259 15.5477
593.202 15.4574
593.411 15.482
597.814 15.7574
592.724 15.7819
583.019 15.7819
583.019 15.7514
587.565 15.6156
587.565 15.4154
589.899 15.77
586.496 15.7355
581.671 15.7171
594.682 15.5869
594.682 15.5869
589.174 15.3851
589.174 15.5276
589.174 15.5035
583.459 15.5193
583.459 15.6234
585.255 15.5481
582.948 15.6703
591.669 15.6753
586.592 15.5731
579.818 15.5714
588.171 15.3827
588.964 15.5535
584.849 15.6824
584.849 15.8178
584.849 15.7366
584.849 15.7489
584.849 15.5673
587.69 15.6733
577.419 15.6261
581.865 15.8038
582.243 15.8511
582.243 15.7869
580.834 15.725
580.834 15.6149
580.834 15.6123
580.834 15.6616
580.834 15.6819
587.167 15.672
581.697 15.5324
590.406 15.5192
589.214 15.8404
589.214 15.5171
590.678 15.6488
590.678 15.507
590.678 15.6075
590.678 15.4827
590.678 15.4529
590.678 15.7111
592.6 15.5672
584.754 15.5597
584.754 15.508
584.754 15.7016
584.754 15.6403
591.013 15.5101
591.013 15.3777
584.213 15.7606
584.213 15.6012
594.612 15.9244
594.612 15.7814
585.253 15.7536
584.802 15.7151
584.802 15.5331
584.938 15.6342
589.759 15.7003
586.688 15.8842
589.778 15.7375
590.378 15.7094
595.401 15.6229
604.231 15.6119
598.188 15.5958
599.792 15.8687
594.586 15.5607
591.916 15.828
592.392 15.828
587.138 15.7567
591.264 15.8296
585.324 15.6947
583.386 15.6706
592.695 15.7906
591.498 15.7302
589.298 15.744
591.857 15.6911
588.817 15.7237
588.817 15.7237
591.169 15.6429
602.602 15.6453
593.389 15.5427
593.389 15.5427
593.389 15.528
594.311 15.6292
594.311 15.5627
589.009 15.5358
587.565 15.5107
594.008 15.8307
589.659 15.8307
589.659 15.8695
589.896 15.7087
592.277 15.5532
591.705 15.7084
589.272 15.687
581.289 15.6218
581.289 15.8467
578.485 15.6275
583.162 15.6747
586.934 15.572
583.829 15.6073
580.109 15.6301
574.979 15.6954
583.019 15.6418
582.917 15.7397
582.917 15.6978
582.917 15.7625
582.917 15.7625
582.917 15.4664
582.917 15.6246
584.302 15.6647
572.417 15.7259
572.417 15.8047
579.696 15.6061
579.696 15.7762
569.625 15.5103
571.553 15.5334
574.906 15.6994
570.092 15.6526
570.092 15.705
570.092 15.7005
570.092 15.7564
570.092 15.5324
570.092 15.5642
570.092 15.6471
570.092 15.5246
570.092 15.5848
576.817 15.5471
575.729 15.9157
575.729 15.4219
570.486 15.4646
564.488 15.6401
580.338 15.7279
574.587 15.6687
570.604 15.6802
570.604 15.8919
574.965 15.6523
574.965 15.7916
574.965 15.8392
587.413 15.5469
589.214 15.6695
577.218 15.7263
586.857 15.7257
583.253 15.7323
590.193 15.707
586.97 15.6786
583.587 15.8159
579.591 15.7462
579.591 15.7171
582.957 15.7535
582.957 15.8364
582.957 15.5588
582.957 15.5707
582.957 15.5677
581.822 15.5602
581.038 15.4312
587.811 15.6141
587.811 15.6532
589.632 15.6496
590.895 15.6712
591.264 15.677
591.264 15.6336
580.489 15.8003
583.231 15.6437
586.706 15.7817
586.706 15.7974
586.706 15.9663
586.706 15.8488
583.155 15.8798
583.277 15.5889
590.136 15.597
591.485 15.7264
572.722 15.8518
581.807 15.8593
594.515 15.7687
594.515 15.7598
594.515 15.5551
592.193 15.7761
592.193 15.7559
592.193 15.5682
592.193 15.8349
594.174 15.6164
584.721 15.6321
584.721 15.7341
584.721 15.9077
584.721 15.7325
584.721 15.7015
587.296 15.6804
587.296 15.5833
587.296 15.5841
587.296 15.6752
587.446 15.6073
582.191 15.6518
582.191 15.7755
582.191 15.6989
582.191 15.9266
582.191 15.9266
579.966 15.8345
578.512 15.4386
589.571 15.4386
589.571 15.6737
577.166 15.7894
577.166 15.6086
577.166 15.714
586.545 15.6378
586.545 15.7848
586.545 15.7848
589.56 15.7452
589.56 15.7599
589.56 15.6034
589.56 15.4936
589.56 15.5414
585.483 15.554
585.483 15.7277
585.483 15.9131
585.483 15.7748
585.483 15.6087
585.483 15.5722
582.777 15.6621
582.777 15.8671
582.777 15.7525
582.777 15.7693
582.777 15.7852
589.505 15.7899
588.289 15.7905
581.938 15.8249
592.083 15.7323
587.471 15.7125
587.471 15.6953
585.897 15.596
585.897 15.6286
567.702 15.7105
586.62 15.6411
581.402 15.6704
583.44 15.7822
583.44 15.4527
581.007 15.5224
581.007 15.5097
581.007 15.6689
581.007 15.6035
583.485 15.7003
583.485 15.5924
571.386 15.6493
569.372 15.6986
570.063 15.6403
570.063 15.706
565.871 15.6483
565.871 15.7211
580.112 15.6053
580.112 15.565
569.004 15.6437
568.855 15.5727
570.875 15.5741
570.875 15.5785
574.8 15.6295
574.8 15.6246
561.514 15.6246
580.754 15.5087
571.102 15.6792
571.102 15.6815
572.471 15.6881
573.276 15.7019
573.276 15.6995
573.276 15.7087
566.865 15.7395
568.36 15.7576
568.36 15.5185
566.67 15.5227
565.042 15.6149
576.655 15.4581
577.458 15.4514
577.458 15.7053
577.458 15.6414
577.458 15.6611
582.391 15.7244
568.477 15.6687
583.036 15.4902
590.821 15.5415
569.549 15.5983
569.549 15.726
570.314 15.6263
568.042 15.72
577.85 15.6744
577.85 15.473
579.114 15.6687
569.752 15.7461
579.532 15.5052
579.532 15.6753
579.672 15.7444
579.672 15.7404
579.672 15.6938
579.672 15.6928
579.672 15.6616
579.672 15.6931
579.672 15.595
579.672 15.6864
585.19 15.695
593.152 15.6869
584.251 15.7067
590.625 15.5535
582.515 15.8653
582.515 15.8578
584.511 15.7633
584.511 15.7193
584.511 15.6491
584.511 15.9517
584.511 15.6719
584.511 15.8604
584.511 15.8352
584.511 15.4327
592.396 15.4905
592.396 15.7381
592.396 15.5295
587.609 15.6623
587.609 15.6827
587.609 15.6277
587.609 15.906
587.609 15.5458
583.477 15.4261
583.477 15.4713
594.233 15.4866
588.392 15.8089
591.853 15.7099
585.112 15.6546
587.523 15.658
587.523 15.5889
589.308 15.6533
594.898 15.6483
575.006 15.7085
580.457 15.7085
594.199 15.7497
585.518 15.7841
570.376 15.6812
573.469 15.6978
577.465 15.7548
583.695 15.9135
583.695 15.6404
581.221 15.6289
571.541 15.6792
571.541 15.8084
590.423 15.655
580.855 15.6583
580.855 15.5543
571.867 15.8226
585.341 15.6182
585.794 15.7496
586.842 15.6529
578.877 15.7218
584.088 15.6164
575.431 15.7361
584.177 15.7352
584.035 15.481
578.693 15.6599
578.693 15.8247
578.693 15.4736
570.022 15.5015
575.235 15.6343
581.439 15.4641
581.439 15.6503
581.439 15.6551
581.439 15.8758
587.517 15.7778
587.331 15.7778
587.331 15.7981
575.545 15.8313
575.545 15.7939
575.545 15.8108
575.545 15.8161
575.237 15.7796
575.237 15.5398
586.216 15.5501
593.175 15.4913
579.35 15.499
579.35 15.5408
579.35 15.8518
592.949 15.8551
582.77 15.6421
582.77 15.6342
579.822 15.6358
579.822 15.6845
584.116 15.7111
584.116 15.6552
584.116 15.6867
583.45 15.5628
583.45 15.4871
584.77 15.4654
577.839 15.4675
586.498 15.701
588.959 15.7732
578.124 15.3809
578.596 15.8292
578.596 15.6599
581.246 15.6327
582.587 15.6188
584.996 15.7367
582.999 15.6998
582.999 15.6314
584.667 15.6756
595.953 15.7505
593.956 15.5771
593.956 15.6804
584.543 15.7449
584.543 15.6261
584.543 15.515
584.543 15.6833
588.907 15.5639
591.422 15.7351
597.048 15.777
579.076 16.0214
604.979 15.6892
591.768 15.78
592.264 15.8345
585.839 15.7232
585.839 15.7232
585.138 15.8056
585.138 15.4473
589.682 15.6432
591.05 15.5135
591.05 15.4782
589.95 15.4389
580.796 15.5814
583.452 15.7502
583.452 15.9652
570.46 15.8959
570.46 15.9214
570.46 15.9552
587.981 15.9765
579.23 15.8848
581.108 15.8134
581.199 15.7585
581.622 15.7622
581.622 15.7551
579.89 15.6667
580.188 15.61
580.261 15.4265
585.456 15.5151
586.358 15.6098
582.713 15.6911
582.713 15.7289
586.754 15.5612
586.754 15.6112
586.754 15.6217
586.754 15.7284
586.754 15.769
586.754 15.6807
590.44 15.6807
595.417 15.5798
595.417 15.6936
595.417 15.6066
596.067 15.6414
596.067 15.547
591.34 15.6584
589.297 15.6064
589.297 15.5916
589.297 15.5911
586.895 15.7203
586.895 15.7673
586.895 15.7508
582.369 15.7062
583.051 15.7738
583.051 15.7403
588.047 15.7401
588.047 15.7442
588.047 15.7851
588.047 15.7081
588.047 15.6424
588.047 15.5159
588.047 15.6685
587.283 15.5758
592.778 15.577
592.778 15.577
592.778 15.6171
592.778 15.6929
592.778 15.7086
590 15.7852
593.315 15.4754
589.571 15.5138
582.121 15.428
592.18 15.583
578.989 15.6724
581.055 15.5583
589.506 15.7115
594.192 15.7256
577.686 15.8659
577.686 15.5123
573.791 15.4472
587.332 15.6704
599.302 15.5677
592.218 15.581
590.953 15.5408
594.153 15.5427
594.153 15.5218
588.062 15.5524
586.591 15.3823
586.591 15.4266
586.591 15.426
587.671 15.4263
590.013 15.4409
585.96 15.487
585.96 15.7179
579.34 15.6345
571.289 15.7381
575.814 15.6654
575.814 15.8237
590.758 15.4748
589.013 15.3589
589.013 15.6771
582.923 15.5592
577.5 15.8378
577.5 15.7137
577.5 15.8119
577.5 15.5561
584.581 15.655
583.127 15.6587
577.208 15.6179
577.208 15.7063
577.208 15.8534
586.019 15.5954
586.019 15.6453
579.836 15.5686
581.152 15.6177
581.152 15.7267
589.562 15.5289
591.765 15.6924
578.201 15.6457
578.201 15.6457
578.201 15.7767
577.605 16.1339
570.494 16.0221
570.494 15.7945
570.494 15.7123
584.643 15.5408
584.643 15.609
582.097 15.5219
582.097 15.5062
585.042 15.8851
585.042 15.7947
578.282 15.6662
576.346 15.6947
579.257 15.6691
585.211 15.4979
585.211 15.6413
585.211 15.6046
585.211 15.7064
593.169 15.5478
591.269 15.6645
591.269 15.6973
577.121 15.6161
577.121 15.63
580.481 15.7239
580.481 15.8313
580.481 15.7061
583.646 15.6977
583.646 15.643
586.832 15.6445
586.832 15.7932
586.832 15.8991
586.832 15.6749
584.478 15.6402
584.478 15.73
584.478 15.7082
584.478 15.6849
584.478 15.6629
584.478 15.6764
586.867 15.6898
589.041 15.6642
591.452 15.6616
583.03 15.6604
578.453 15.6555
578.453 15.6765
578.566 15.6765
578.566 15.7539
574.725 15.4606
574.725 15.53
570.21 15.7464
582.939 15.6947
566.393 15.6991
566.393 15.6892
566.393 15.5854
570.519 15.5337
570.519 15.8786
570.519 15.7204
570.519 15.7202
579.469 15.7218
579.469 15.8153
579.469 15.6284
579.469 15.6984
579.469 15.6696
579.469 15.4811
579.469 15.534
579.668 15.5687
579.668 15.7087
579.668 15.6497
579.668 15.7055
579.668 15.6386
584.527 15.6367
584.527 15.5673
584.527 15.6741
584.527 15.7006
584.527 15.7617
589.78 15.4037
579.436 15.36
579.436 15.6226
579.436 15.6459
579.436 15.5796
583.424 15.5973
586.7 15.5894
585.986 15.5725
581.571 15.5501
581.571 15.6021
589.143 15.4655
587.438 15.8343
589.315 15.5777
592.922 15.6377
576.097 15.6425
576.097 15.8122
576.097 15.7215
576.097 15.4947
564.345 15.6502
579.744 15.663
579.744 15.6758
576.988 15.5841
584.161 15.5206
563.98 15.7209
571.813 15.6199
571.813 15.5999
578.612 15.5667
578.612 15.4272
581.105 15.5127
580.104 15.5072
580.104 15.5147
580.104 15.5049
575.808 15.5768
575.808 15.5845
575.808 15.5632
575.808 15.6045
575.808 15.6706
575.808 15.5427
575.448 15.7001
585.637 15.7151
588.048 15.7461
584.998 15.4746
584.998 15.4601
575.793 15.5005
575.793 15.5632
579.939 15.6276
581.865 15.8357
581.865 15.8357
576.032 15.6808
588.918 15.7173
589.072 15.7173
589.072 15.7576
573.115 15.7185
578.508 15.7232
573.22 15.6473
573.22 15.6006
581.078 15.6414
581.078 15.6533
581.078 15.7366
573.393 15.5222
577.576 15.6997
566.429 15.748
579.4 15.779
576.75 15.7624
584.74 15.6241
587.634 15.5612
591.353 15.3947
581.28 15.5942
584.945 15.5823
590.949 15.6766
589.93 15.7496
589.93 15.5808
593.162 15.5421
586.915 15.3363
583.919 15.7023
583.919 15.8212
583.919 15.7905
583.865 15.8904
576.502 15.6581
576.502 15.8397
589.426 15.8754
591.342 15.7483
584.726 15.7305
580.536 15.6647
581.202 15.6831
577.114 15.7602
584.71 15.6507
591.195 15.729
590.663 15.6334
582.19 15.8423
583.532 15.8348
583.532 15.7133
579.345 15.55
580.33 15.7787
580.33 15.8474
573.197 15.7695
573.197 15.7515
582.222 15.7081
573.673 15.5628
585.192 15.6737
587.047 15.6941
587.047 15.8227
591.906 15.707
580.416 15.58
580.416 15.58
583.928 15.6721
585.28 15.5363
592.639 15.5968
578.462 15.6549
578.462 15.7043
578.462 15.6257
584.512 15.7211
581.702 15.6575
581.702 15.7124
587.44 15.7604
575.478 15.5298
584.63 15.6898
584.63 15.6452
591.382 15.5704
582.337 15.534
582.337 15.5932
583.655 15.6584
583.655 15.7477
583.655 15.6099
586.505 15.6099
595.559 15.6654
581.13 15.8026
581.13 15.7979
581.13 15.7927
580.51 15.5392
590.987 15.7311
590.987 15.8759
588.831 15.498
588.831 15.6226
588.831 15.6446
584.321 15.6077
584.321 15.6119
581.34 15.6308
575.421 15.5673
575.421 15.5557
590.51 15.6035
584.257 15.7996
584.257 15.5756
577.271 15.5756
577.271 15.5253
581.635 15.5292
584.405 15.6323
588.401 15.4552
588.401 15.7281
578.037 15.6451
582.27 15.6907
582.27 15.684
581.177 15.5747
581.177 15.6586
591.936 15.6007
587.045 15.6794
581.876 15.6544
580.708 15.7459
580.708 15.948
581.843 15.5775
581.843 15.7553
581.843 15.8431
586.709 15.7015
586.709 15.6159
586.709 15.5734
586.709 15.6973
586.709 15.7537
587.337 15.7262
587.337 15.7101
579.801 15.7069
586.413 15.7023
586.166 15.7352
579.219 15.7226
579.219 15.7085
576.846 15.7553
588.958 15.5345
586.934 15.5378
586.934 15.6889
589.27 15.7465
589.27 15.9683
589.27 15.6886
582.128 15.5396
586.989 15.7523
581.902 15.7184
589.948 15.6744
594.409 15.679
594.064 15.6115
592.297 15.5523
592.481 15.9432
578.656 15.7409
580.282 15.4619
580.282 15.5321
580.282 15.861
590.432 15.9071
587.434 15.6309
583.084 15.5664
579.476 15.6419
579.476 15.87
579.476 15.8092
589.938 15.8063
591.008 15.8143
591.008 15.521
591.008 15.5618
584.114 15.3573
587.357 15.7773
587.357 15.7806
584.335 15.8135
576.379 15.7528
579.464 15.8147
573.415 15.8147
573.415 15.8922
581.591 15.6147
580.934 15.7655
592.022 15.7655
589.106 15.6343
588.061 15.8554
594.05 15.823
582.356 15.7598
582.356 15.8675
596.193 15.7353
587.112 15.6804
587.112 15.7016
583.592 15.4683
583.592 15.3962
586.709 15.5058
586.709 15.5611
587.332 15.5321
590.137 15.629
590.137 15.6217
590.137 15.6425
585.302 15.6532
585.302 15.7127
585.302 15.6313
585.302 15.5572
587.971 15.5907
587.971 15.6143
587.971 15.6319
579.95 15.679
579.95 15.5514
580.532 15.7344
580.532 15.7977
584.707 15.7401
577.236 15.7319
580.42 15.6302
580.42 15.7973
580.42 15.7449
580.42 15.5426
580.42 15.6942
580.42 15.8159
592.941 15.7925
589.646 15.8324
589.646 15.4783
589.646 15.4078
590.177 15.7331
590.177 15.7408
578.109 15.722
592.526 16.0349
589.461 15.8292
589.461 15.6692
589.461 15.7773
586.494 15.7773
586.494 15.8771
593.921 15.692
589.682 15.7306
591.06 15.7873
582.743 15.7437
600.058 15.7168
593.847 15.7204
593.847 15.7227
589.617 15.7106
589.617 15.6907
577.319 15.5428
579.814 15.5759
579.814 15.4299
590.271 15.5347
590.271 15.641
574.986 15.4674
586.011 15.6154
586.011 15.7612
586.011 15.6817
582.008 15.4188
588.839 15.7693
594.373 15.62
577.826 15.62
577.826 15.81
587.725 15.6958
588.434 15.6464
588.434 15.595
591.526 15.7953
598.939 15.4651
582.677 15.5906
582.677 15.6987
582.677 15.6712
582.677 15.7172
582.677 15.6416
582.677 15.6644
582.677 15.6703
582.677 15.618
582.677 15.5085
582.677 15.5085
587.825 15.5817
594.441 15.5139
591.481 15.3943
584.473 15.4277
590.184 15.5901
587.873 15.6384
583.657 15.6384
584.181 15.645
584.181 15.6124
576.082 15.6102
578.648 15.6093
585.026 15.6816
585.026 15.7727
578.94 15.7177
578.94 15.7144
578.94 15.5953
589.639 15.7368
589.639 15.7582
589.639 15.7389
589.639 15.5728
587.994 15.6185
587.994 15.6521
577.447 15.626
577.447 15.6229
578.351 15.7117
570.575 15.5272
587.38 15.67
586.085 15.6683
584.111 15.6966
584.686 15.7391
582.607 15.4264
588.32 15.5843
588.276 15.5843
582.63 15.7698
585.601 15.8024
582.47 15.7411
585.467 15.6734
586.438 15.8931
591.443 15.5957
582.717 15.5817
582.717 15.571
569.858 15.5858
569.858 15.5276
569.858 15.8141
578.847 15.8828
582.023 15.8564
582.023 15.5656
576.749 15.7455
578.067 15.7498
587.713 15.6499
589.066 15.5636
586.475 15.5531
571.605 15.6412
584.839 15.6535
580.592 15.6447
581.167 15.6401
581.167 15.8118
581.167 15.7655
581.167 15.6338
572.349 15.6372
582.516 15.6372
582.516 15.7563
582.516 15.593
582.516 15.549
582.516 15.4611
582.516 15.7066
582.516 15.7426
588.151 15.5196
586.518 15.6021
586.518 15.7173
586.518 15.7599
581.258 15.7576
581.258 15.7687
581.258 15.7646
581.258 15.7646
597.102 15.8373
585.638 15.8719
587.528 15.7606
579.492 15.7606
578.112 15.6918
588.049 15.6722
588.379 15.692
588.993 15.6441
589.546 15.7053
583.549 15.5726
583.549 15.5726
583.076 15.7968
588.911 15.7679
571.784 15.7654
572.204 15.7452
575.899 15.7652
584.911 15.6506
574.274 15.7362
578.351 15.5491
578.351 15.6958
585.919 15.8146
581.722 15.7403
575.917 15.7996
582.947 15.4996
579.388 15.5374
581.672 15.4511
581.672 15.6331
579.295 15.6974
579.295 15.7538
579.295 15.7675
597.447 15.678
574.539 15.6325
587.102 15.7429
586.543 15.6625
577.606 15.594
585.327 15.4417
582.571 15.6799
578.07 15.8008
578.07 15.7922
581.241 15.8132
571.929 15.6513
571.929 15.6624
573.282 15.556
573.782 15.6829
575.244 15.656
576.209 15.6427
581.003 15.6112
576.448 15.3832
576.448 15.6687
583.621 15.7663
580.859 15.602
586.962 15.5435
590.343 15.6198
586.162 15.7156
586.162 15.7072
587.46 15.7679
588.124 15.8088
581.869 15.7664
590.411 15.7111
590.411 15.4724
567.8 15.556
570.33 15.772
583.713 15.7151
580.062 15.7151
580.062 15.7083
579.238 15.7258
580.928 15.6116
580.928 15.6684
578.771 15.7574
581.73 15.8163
581.73 15.74
590.297 15.7617
590.297 15.7401
590.297 15.6172
590.297 15.689
590.297 15.6002
581.333 15.4946
581.333 15.5597
581.333 15.6019
581.333 15.6738
585.458 15.6936
585.965 15.6936
580.737 15.5613
581.41 15.7073
591.579 15.7298
591.579 15.8588
591.579 15.6824
591.579 15.7419
587.374 15.6926
587.374 15.5622
587.374 15.5927
592.125 15.6328
592.125 15.7962
588.365 15.7939
584.934 15.7982
584.934 15.7444
584.934 15.5678
584.934 15.6608
584.934 15.703
588.949 15.7017
580.447 15.8506
580.447 15.8662
580.447 15.7647
578.98 15.5215
578.98 15.7273
568.882 15.6972
564.463 15.6347
564.463 15.8318
572.658 15.5586
576.864 15.4723
576.864 15.6854
576.864 15.6856
576.864 15.6136
585.538 15.5682
579.173 15.4659
578.899 15.6924
578.899 15.7973
580.867 15.7552
576.995 15.7208
578.124 15.7792
581.747 15.6605
588.136 15.7077
588.136 15.7738
585.657 15.7062
585.961 15.8269
581.981 15.7101
591.47 15.5589
591.47 15.6125
583.361 15.6046
571.623 15.61
588.284 15.6076
588.284 15.5846
588.284 15.5963
588.284 15.5959
588.677 15.5667
604.031 15.4816
593.069 15.5146
581.326 15.5084
597.479 15.5348
597.479 15.8399
596.306 15.8264
594.266 15.8544
601.842 15.8407
599.048 15.8104
599.239 15.8826
594.852 15.8544
594.421 15.5526
597.663 15.6612
595.783 15.7227
591.718 15.5529
589.121 15.5394
584.71 15.6994
584.71 15.76
592.332 15.5777
592.332 15.6822
588.355 15.8008
594.413 15.8008
592.338 15.726
589.641 15.6923
589.641 15.7177
589.641 15.7185
584.909 15.6959
578.308 15.7268
578.308 15.7166
578.308 15.5895
581.691 15.5957
581.691 15.4601
581.691 15.456
581.691 15.5169
581.691 15.5306
579.84 15.7628
579.84 15.7886
583.563 15.5814
582.943 15.6083
577.614 15.6413
579.164 15.6233
579.164 15.7293
577.282 15.6686
578.883 15.6833
578.883 15.6164
578.883 15.8508
577.367 15.607
576.568 15.6306
577.311 15.6701
578.686 15.7317
578.686 15.6977
578.686 15.7272
582.068 15.6989
582.068 15.5548
583.835 15.8339
586.258 15.8147
586.388 15.7492
589.542 15.8985
589.542 15.4403
596.017 15.4717
596.017 15.4789
594.028 15.4841
596.096 15.7617
596.096 15.6521
600.058 15.6663
591.035 15.566
592.172 15.7911
591.984 15.8024
594.205 15.8419
592.431 15.8201
593.049 15.7792
593.049 15.7792
590.377 15.8288
580.197 15.8817
587.338 15.7066
587.396 15.8085
599.014 15.6243
599.014 15.6447
595.612 15.5228
595.612 15.5228
589.742 15.8548
589.742 15.559
593.115 15.7916
582.044 15.79
587.589 15.672
587.589 15.448
593.139 15.8111
585.736 15.7693
586.582 15.6114
584.434 15.5566
592.188 15.625
591.879 15.6375
589.284 15.7876
589.284 15.8017
589.284 15.8147
589.284 15.6515
589.284 15.6767
589.284 15.7434
589.284 15.6264
589.284 15.5912
586.389 15.78
586.389 15.7889
586.573 15.754
594.653 15.7733
593.956 15.7512
581.305 15.8807
582.306 15.7825
574.06 15.5228
581.288 15.6014
578.215 15.572
578.215 15.603
578.215 15.5784
578.215 15.8666
575.55 15.5929
575.55 15.699
584.354 15.6981
567.85 15.8246
578.421 15.525
578.421 15.525
581.194 15.6169
581.194 15.5565
576.367 15.7261
576.295 15.7108
586.053 15.7813
587.606 15.549
587.606 15.6109
587.606 15.744
587.606 15.6124
579.905 15.8907
582.097 15.7255
582.097 15.7428
582.216 15.7195
582.216 15.6729
582.216 15.6357
582.216 15.6314
582.216 15.6489
579.908 15.4798
579.908 15.9448
579.908 15.665
579.908 15.6823
585.883 15.6797
578.99 15.6592
578.99 15.662
592.432 15.7931
588.638 15.766
589.255 15.726
587.548 15.7071
596.424 15.6583
595.861 15.6369
595.861 15.571
595.861 15.5246
598.826 15.5189
599.772 15.5255
593.197 15.3784
599.573 15.3784
599.31 15.4961
596.123 15.7782
597.734 15.6072
597.819 15.4633
597.208 15.7298
597.318 15.8434
592.572 15.7927
591.266 15.7896
590.76 15.6681
591.424 15.6138
589.595 15.5649
588.601 15.4474
587.812 15.4474
591.205 15.7354
591.503 15.7932
591.503 15.6897
587.816 15.5211
593.947 15.7704
580.347 15.7974
580.347 15.4485
584.113 15.6174
580.476 15.7368
587.097 15.5484
584.638 15.5607
584.638 15.5679
584.638 15.5679
584.638 15.4569
584.638 15.4569
590.715 15.5571
590.715 15.5495
590.715 15.7603
587.576 15.8695
587.576 15.7892
587.576 15.6823
587.576 15.5808
588.773 15.5808
588.773 15.6469
579.275 15.6654
592.533 15.6645
581.489 15.6522
585.094 15.7561
585.094 15.9133
577.2 15.8963
582.423 15.4409
582.173 15.557
584.922 15.7849
581.275 15.7995
577.485 15.8074
580.857 15.656
586.358 15.4125
586.54 15.6107
587.083 15.5946
587.055 15.703
586.273 15.703
588.214 15.7222
588.63 15.7222
588.554 15.8075
584.061 15.4488
584.061 15.8018
586.41 15.8309
595.751 15.8354
595.751 15.8393
585.464 15.8438
588.188 15.6478
594.061 15.6669
591.252 15.7074
584.896 15.6535
584.896 15.6721
584.896 15.5356
591.594 15.6302
591.594 15.7885
582.874 15.8707
582.874 15.877
582.874 15.877
589.815 15.6413
598.421 15.6394
586.993 15.5691
588.761 15.4086
588.761 15.4399
596.282 15.9234
580.615 15.6695
580.615 15.7043
590.952 15.6992
590.952 15.7436
590.952 15.7347
590.952 15.7462
590.952 15.7734
590.952 15.7824
588.571 15.727
587.504 15.6116
582.501 15.6361
575.201 15.4905
588.604 15.4723
591.343 15.609
588.815 15.5842
587.328 15.5774
588.73 15.5068
587.201 15.6565
588.646 15.6109
592.453 15.6127
592.453 15.5085
592.453 15.4367
592.453 15.5087
592.453 15.6423
592.453 15.7002
592.453 15.7683
592.59 15.6962
587.778 15.7084
589.831 15.7181
582.977 15.5536
579.888 15.5029
573.394 15.7986
572.746 15.8707
584.013 15.7194
584.013 15.7444
584.013 15.6989
588.594 15.6989
577.953 15.7797
582.052 15.5889
585.742 15.6992
589.511 15.6666
593.167 15.6528
583.515 15.5587
586.935 15.5277
580.824 15.7224
586.696 15.9324
580.638 15.9324
581.112 15.9324
585.817 15.9622
585.817 15.805
585.817 15.8483
589.85 15.6976
589.85 15.6609
589.483 15.7506
577.297 15.6281
594.167 15.6281
590.135 15.571
582.496 15.7561
582.496 15.6014
582.496 15.4488
582.496 15.4858
574.378 15.8345
574.378 15.8488
585.195 15.7948
581.605 15.7705
581.605 15.695
580.141 15.7965
580.141 15.6249
580.141 15.6584
580.141 15.6263
580.141 15.6085
569.004 15.4448
585.826 15.4971
581.977 15.6609
581.977 15.7615
581.977 15.6078
585.897 15.6384
585.897 15.7323
585.897 15.6675
580.725 15.4947
580.725 15.7139
585.025 15.7529
585.025 15.8056
585.025 15.6914
585.025 15.7128
585.025 15.7274
583.729 15.7616
577.817 15.5965
583.307 15.8151
585.003 15.7866
573.739 15.7372
577.404 15.7923
579.388 15.6421
579.388 15.5341
579.388 15.6309
584.862 15.5702
588.327 15.9158
583.835 15.7947
590.841 15.6686
590.841 15.6686
593.053 15.6463
593.053 15.784
593.053 15.594
594.01 15.7243
592.377 15.5699
587.805 15.7013
595.46 15.5537
586.567 15.6962
582.98 15.5862
582.98 15.5862
582.98 15.4687
586.871 15.6497
586.871 15.557
576.916 15.9348
576.916 15.6546
576.916 15.8461
576.916 15.6151
586.181 15.4059
586.181 15.5617
586.181 15.5837
586.181 15.4217
590.802 15.547
594.816 15.5212
594.816 15.4666
594.816 15.7982
594.816 15.6956
591.644 15.5841
591.644 15.5802
591.644 15.6075
591.644 15.6411
593.933 15.4391
593.933 15.6106
593.933 15.6248
596.565 15.5805
596.565 15.5934
586.326 15.5882
586.326 15.7247
586.835 15.6205
578.474 15.6362
577.679 15.6275
589.681 15.6485
589.681 15.7103
589.681 15.647
589.681 15.64
589.681 15.6605
595.434 15.6114
595.434 15.5575
581.684 15.6478
581.684 15.5578
586.063 15.578
583.662 15.7076
582.072 15.7875
581.954 15.5423
581.954 15.8123
581.954 15.825
581.954 15.7819
593.88 15.7819
593.88 15.9869
588.884 15.6531
588.884 15.6496
588.884 15.7541
588.884 15.7541
596.041 15.7097
596.041 15.7059
586.935 15.8767
586.935 15.6512
586.935 15.6357
586.935 15.6967
584.661 15.6401
588.187 15.5931
588.187 15.4516
584.24 15.6058
596.989 15.6844
587.417 15.6925
587.417 15.4305
582.952 15.4445
582.952 15.7353
582.952 15.7477
591.025 15.5701
591.025 15.6062
591.025 15.7109
589.374 15.8225
589.374 15.8404
587.474 15.6619
587.474 15.7337
579.711 15.6187
579.711 15.7966
579.711 15.9003
588.29 15.8342
589.169 15.8342
589.266 15.6363
588.643 15.6319
598.366 15.6787
599.869 15.5988
587.597 15.5195
587.597 15.8504
587.597 15.7312
583.388 15.7461
583.388 15.7469
583.388 15.8171
583.388 15.7723
583.388 15.6894
583.388 15.7354
583.388 15.665
583.388 15.7127
583.388 15.7201
589.815 15.6713
589.815 15.65
589.815 15.6035
589.815 15.6379
588.061 15.5061
588.061 15.6791
586.725 15.7516
587.75 15.6617
587.75 15.6793
585.251 15.6513
585.251 15.6097
586.685 15.6729
591.567 15.6729
591.567 15.7733
591.91 15.6092
585.006 15.6957
585.006 15.6637
585.006 15.7839
585.006 15.7393
585.006 15.6384
588.659 15.6091
588.659 15.5202
584.834 15.477
584.834 15.477
595.643 15.681
588.254 15.6466
586.264 15.5325
586.264 15.4215
588.906 15.6211
569.19 15.5121
579.211 15.7514
578.238 15.7514
586.364 15.526
586.364 15.5963
586.364 15.5134
586.364 15.6665
586.364 15.6896
594.236 15.753
572.176 15.7612
585.38 15.6915
585.38 15.6273
581.997 15.7662
581.997 15.5549
581.997 15.8106
581.997 15.8267
594.953 15.8633
582.972 15.8633
582.972 15.8633
582.972 15.8256
582.972 15.966
582.972 15.966
591.181 15.8768
582.385 15.8768
574.03 15.8124
575.32 15.5941
581.603 15.5665
585.6 15.5665
586.992 15.6615
583.719 15.6496
593.426 15.7095
597.969 15.769
600.882 15.7268
585.45 15.7543
585.45 15.8764
590.432 15.6627
581.914 15.5108
581.914 15.8581
586.924 15.5313
576.523 15.5313
576.523 15.8259
587.353 15.7848
585.314 15.5944
581.498 15.6357
581.498 15.7289
581.498 15.6803
584.759 15.7234
584.759 15.78
584.759 15.6042
573.373 15.9154
584.126 15.7678
584.126 15.8129
592.909 15.5713
592.909 15.5522
579.586 15.5722
579.586 15.5758
579.586 15.6714
579.586 15.7619
579.586 15.7101
579.586 15.6841
579.586 15.6032
579.586 15.6388
587.569 15.5823
587.569 15.6491
587.569 15.6682
587.569 15.7094
595.468 15.7251
585.273 15.7344
585.273 15.7164
585.273 15.7395
585.273 15.8164
585.273 15.622
585.273 15.6956
585.273 15.708
588.09 15.5768
583.842 15.5535
593.401 15.5356
588.373 15.6427
592.83 15.5936
595.253 15.4726
595.253 15.5084
595.253 15.7881
587.331 15.8935
587.331 15.8935
589.993 15.8472
589.993 15.4592
589.993 15.679
582.369 15.7438
582.369 15.6017
582.369 15.5891
582.369 15.6849
582.369 15.6819
586.513 15.6794
586.513 15.5968
579.487 15.6049
579.487 15.9076
579.487 15.6636
579.487 15.8132
583.956 15.5195
583.956 15.6596
583.956 15.6361
583.956 15.5213
583.956 15.5304
583.956 15.5801
583.956 15.5592
589.401 15.5352
589.401 15.7241
583.467 15.3355
585.39 15.5699
578.949 15.5699
589.344 15.6739
589.344 15.6771
588.186 15.6908
588.186 15.6908
587.776 15.6199
585.994 15.7233
582.685 15.6306
580.44 15.6306
580.44 15.7179
595.397 15.8887
583.648 15.5268
587.844 15.7397
588.553 15.5954
593.246 15.5573
593.246 15.7016
584.582 15.6482
584.582 15.5804
584.582 15.6699
583.093 15.7687
574.524 15.7982
574.524 15.8174
585.652 15.7195
583.768 15.5911
583.768 15.5873
589.436 15.5873
587.665 15.5394
588.646 15.5498
594.114 15.69
588.537 15.7303
585.243 15.4649
585.244 15.4076
585.244 15.5302
579.134 15.6575
579.134 15.6653
585.895 15.6941
585.895 15.6909
582.522 15.7773
575.479 15.7652
577.378 15.5513
590.314 15.548
596.787 15.548
582.375 15.4915
581.409 15.6564
577.954 15.7602
577.954 15.5969
579.752 15.5969
579.752 15.6589
579.752 15.6552
579.752 15.71
579.752 15.71
581.827 15.6847
573.544 15.6847
586.772 15.6264
585.214 15.6367
585.214 15.5006
574.098 15.5904
574.098 15.7141
588.981 15.7769
579.706 15.6618
579.706 15.6028
579.706 15.6595
579.706 15.6639
579.706 15.526
591.123 15.5279
591.123 15.6583
591.123 15.5966
591.123 15.7934
591.123 15.9143
591.123 15.9296
591.123 15.6803
591.123 15.7028
591.123 15.7128
577.732 15.8862
589.11 15.7402
589.11 15.6373
589.938 15.626
589.172 15.6321
593.515 15.6396
593.515 15.4433
593.515 15.4658
597.869 15.7235
593.809 15.7235
587.074 15.889
582.068 15.3853
586.211 15.7425
578.745 15.7396
578.745 15.8063
575.782 15.7839
583.589 15.5905
583.589 15.7184
585.172 15.6813
585.757 15.6787
585.757 15.685
585.114 15.6811
583.792 15.6048
583.792 15.9617
584.745 15.8349
588.704 15.7184
586.069 15.5752
586.069 15.7568
582.53 15.736
582.53 15.6564
593.876 15.717
593.876 15.6512
585.602 15.5574
585.602 15.7241
585.602 15.936
579.08 15.7554
579.08 15.706
589.698 15.7628
570.794 15.741
572.998 15.871
580.937 15.8176
586.077 15.5865
583.845 15.5965
583.845 15.5965
583.845 15.4895
587.522 15.6343
591.569 15.6674
591.75 15.6335
583.182 15.5679
583.182 15.4997
583.182 15.6026
588.279 15.6399
585.766 15.937
585.766 15.7294
588.126 15.6613
574.349 15.684
572.529 15.7562
