101.104 32.7633
101.108 33.4743
107.017 32.8654
98.5083 32.6959
92.2197 33.0196
89.4885 33.367
93.1685 32.6744
93.8865 34.6997
91.5321 33.4002
106.275 32.2447
84.1139 34.8968
88.8099 31.3412
86.7707 32.9443
91.8753 33.5198
90.6315 32.3965
93.6294 32.8736
97.9231 32.5891
97.6033 33.1724
84.5498 33.9996
93.058 32.6303
94.3942 31.9971
92.5843 33.5915
91.2238 33.8315
91.9724 34.3325
100.149 32.5991
103.918 33.8455
92.5145 32.5418
93.1129 32.1823
89.7986 29.6088
90.4414 32.8925
96.0271 31.3922
98.3119 29.6249
102.009 30.6988
99.0079 31.0329
97.5818 31.9783
97.9887 32.454
94.095 31.8317
109.371 33.6535
100.025 30.2647
99.6187 31.8117
87.5582 32.8423
88.8139 33.427
91.2161 32.7628
89.9051 32.5925
87.2161 33.0821
88.5962 30.9695
83.2473 31.4841
88.775 33.5161
95.6716 34.3923
84.5961 31.7362
90.4695 32.1304
100.652 30.6772
107.412 30.3091
108.152 29.8575
93.7546 31.7392
90.0576 33.9363
87.3032 35.5302
88.1065 33.7452
91.2425 31.0936
99.8478 30.8811
111.064 30.8418
114.732 30.7401
113.527 30.5994
114.093 30.5498
120.217 28.8456
113.688 30.5084
112.25 32.5959
106.222 33.9604
105.705 33.5473
110.65 30.2119
105.969 30.3941
90.0195 35.4544
92.8914 33.4633
98.2528 33.1025
94.35 32.1167
92.4449 33.9544
89.2087 32.7482
91.534 31.7073
98.7554 33.3583
98.6784 32.274
92.5356 32.2689
103.925 31.6263
99.8748 32.2263
98.7304 31.7444
92.7444 31.6545
96.409 30.8643
100.787 31.4848
104.428 31.671
102.629 31.336
96.2669 32.2114
98.695 31.1639
93.3399 34.1139
95.3855 32.4011
88.7027 32.2516
90.1586 33.3878
104.758 32.5309
104.958 30.3429
95.6258 31.7492
95.6258 31.845
88.8872 32.3337
81.3795 33.1707
81.3795 34.1093
79.4281 32.7925
80.594 33.0662
83.5228 31.5851
81.5021 31.0574
82.7276 32.3677
78.5177 33.0689
88.4727 33.3186
86.0075 33.8924
90.3128 34.1933
95.2056 31.8358
99.6446 30.9216
113.257 29.943
100.255 32.7733
91.8625 32.1754
93.3937 33.2982
101.567 33.2116
105.557 32.82
98.9431 32.5863
100.327 31.0228
95.5987 31.2017
95.6359 31.6404
91.3088 32.7203
85.2347 33.496
106.323 32.6345
108.873 32.71
108.739 31.7403
96.423 31.1154
100.066 32.8279
99.5259 32.6593
95.4132 33.2746
92.2847 33.3234
95.7565 31.6966
105.117 34.6538
105.422 33.4853
94.9797 32.4864
95.8264 33.5433
91.8142 33.3428
95.7284 33.3044
99.5029 30.8764
105.965 30.8731
106.889 32.8359
105.247 33.2635
100.813 32.7238
100.749 33.3737
101.751 30.5113
102.569 33.7782
100.902 32.6517
104.068 30.6395
101.996 30.7755
101.893 32.5073
94.7551 31.5534
99.9602 32.1968
96.8757 31.8647
85.4014 35.0084
92.6828 32.3823
79.7256 34.7806
86.7526 33.674
85.7508 32.0636
95.8273 31.239
104.696 31.2401
103.48 30.9791
103.353 30.7262
103.924 31.8925
110.085 29.5592
109.762 30.871
95.9263 31.8866
99.2805 32.6795
105.186 32.7411
105.445 32.3468
99.1825 32.254
91.9454 33.236
91.0693 33.2154
96.8138 32.5253
94.0524 31.2582
101.633 30.1883
94.6288 31.406
88.311 33.2889
93.9176 34.357
93.6768 32.01
88.8336 34.0478
91.3773 29.6
93.6283 31.1664
89.8387 34.3489
92.2201 33.4128
95.6329 33.5533
94.4485 33.009
100.648 32.7678
100.434 32.2688
101.449 31.3068
103.093 33.6743
101.067 34.0555
108.051 34.0804
101.325 34.0459
95.7306 33.9027
100.316 29.9601
95.9607 30.0142
92.3184 31.9154
97.6482 35.771
92.2677 29.4341
89.9136 32.8849
87.6059 32.9534
89.6294 33.1198
87.3427 32.5402
86.8067 32.0433
88.43 32.3733
87.1854 32.7887
89.4166 31.0836
86.9794 31.8132
80.7183 34.1572
81.9473 32.9444
79.9187 32.9396
81.9782 36.4233
98.1668 32.3833
97.6148 32.8272
93.0561 32.2446
98.4882 31.8561
93.444 33.1273
93.5251 32.2127
92.0755 32.1729
95.2605 29.6264
99.7529 30.8621
98.3774 31.8277
101.52 31.3063
103.345 34.8015
97.9499 30.5444
103.184 32.9021
98.1619 33.1566
96.1438 32.9984
98.6526 31.5541
100.97 30.9227
98.7587 32.1722
94.3019 32.1541
97.0841 32.1541
102.032 33.8454
95.385 32.9445
88.9004 31.233
84.8873 34.6878
95.1323 33.0408
92.432 34.1773
96.4882 32.1857
96.0706 32.2836
87.7827 32.1614
90.6219 31.7855
87.348 31.5392
95.2014 32.0271
101.088 31.9543
104.731 31.6547
110.801 33.1302
106.323 35.9889
97.9795 33.2072
100.702 32.1637
100.054 32.6626
98.6075 35.6837
98.8711 31.0416
103.954 31.4261
102.26 31.01
104.905 30.3995
108.121 29.9783
109.127 32.2139
111.227 32.198
98.394 31.8427
88.1913 32.1601
93.9573 32.2345
91.9818 33.1494
91.8096 32.8931
86.1653 31.0679
90.6021 33.768
91.4886 31.3316
92.1579 34.6719
92.7581 33.2875
94.1813 33.6449
90.3146 32.7517
89.9007 31.6008
85.7761 32.5509
90.4567 32.2606
92.3776 32.7336
92.5465 31.9991
90.3702 32.3031
90.3702 33.1286
92.1478 33.3646
93.9608 29.9102
107.298 31.5435
99.8443 29.4031
94.1808 33.714
100.565 32.4713
101.344 32.9007
106.818 31.4416
109.481 32.2624
104.069 32.1039
103.393 32.1821
96.0444 32.9834
95.5097 32.7305
96.073 33.5484
96.4954 32.6713
105.533 31.3261
95.0311 34.0883
97.0634 32.9785
96.1828 32.7256
96.8464 32.8068
97.4621 34.6096
96.2009 32.7433
88.0842 34.3983
94.3207 34.1145
89.2191 32.8646
82.9859 31.1891
85.8292 31.4533
94.1787 30.6868
94.7021 32.4293
94.6218 30.6184
94.4772 32.4943
94.0043 30.8779
94.033 32.3746
94.2901 33.4992
92.49 32.8818
100.215 33.9053
98.0337 31.0464
105.636 31.4244
104.589 30.8557
105.752 32.601
98.2664 33.1331
97.797 31.2363
98.2511 30.8121
97.9554 31.9967
98.1219 34.0236
98.6893 32.8714
104.95 31.4002
102.517 32.5553
101.95 34.648
105.005 32.3551
100.333 34.0301
102.389 33.9122
102.106 33.6745
95.0644 32.1487
93.8138 31.4826
93.0685 33.3031
90.3141 31.2727
95.8137 31.8596
88.0661 34.4719
88.5452 34.8707
82.3315 31.3024
89.4269 32.0891
98.4384 31.9312
101.079 29.9798
94.266 31.3441
93.4405 33.2351
87.1086 30.8311
86.5022 30.7265
86.57 33.0432
83.5137 31.7094
86.1742 32.7308
95.0004 30.9005
97.4575 33.6033
96.7074 33.5832
92.5924 33.0527
97.2928 31.2293
85.8112 34.4136
91.2218 33.3232
89.3146 32.5599
90.0105 34.6628
84.6777 32.2397
88.3639 33.3669
82.129 31.5735
89.1825 32.4048
89.6282 31.8653
93.6855 30.1572
97.0368 30.6174
93.711 32.0304
101.065 32.885
95.5487 31.9801
101.183 32.2352
91.2854 32.1343
96.4327 30.3181
87.0801 31.1261
93.8006 30.5997
82.6977 34.1377
90.6856 30.7823
92.9882 30.4456
92.8453 28.7286
95.8489 30.7708
88.4972 32.1183
91.8444 32.8104
88.3208 32.4992
99.6684 34.0497
98.9602 31.3134
95.7051 31.6409
93.1506 30.6287
89.2909 32.5734
87.2052 31.5339
87.2052 31.8982
98.135 31.2134
102.44 33.0836
108.496 31.6042
107.311 28.6871
100.677 30.7995
102.362 30.1845
100.612 31.5918
104.166 31.1836
101.146 32.8294
101.67 35.1712
95.9688 30.5121
89.0908 29.4446
88.2859 33.0502
97.9332 31.7592
97.5606 32.6482
93.2714 33.1414
95.8533 30.3023
96.0883 31.6034
96.1403 33.4358
96.1326 33.0539
93.7288 32.3499
88.2075 30.3106
99.1944 31.1596
89.7665 32.1536
89.8246 33.3434
90.0264 32.2282
90.7494 33.3947
85.7244 31.9016
85.6001 30.7543
94.3625 32.4174
95.4752 31.1876
98.5789 31.1407
93.7988 35.0587
97.028 31.6904
95.0653 33.5278
93.6426 32.0722
97.9294 32.8755
96.1505 33.2375
96.3883 33.3077
92.4928 31.0736
100.81 29.8303
92.8211 32.3561
85.5769 33.2493
87.4503 32.8466
88.4389 33.3699
92.7975 34.7766
93.2501 31.2698
90.3893 31.9657
87.8033 33.7901
98.3806 33.6689
108.954 32.9264
96.3177 33.5145
95.8693 34.3782
100.437 32.0845
93.1086 31.6787
90.3535 32.055
93.1567 30.5573
89.5809 34.4643
93.0357 31.4862
90.982 33.4654
94.0802 32.9758
101.17 32.6025
99.8712 32.567
98.6408 32.6546
112.427 31.2848
111.341 32.9929
107.186 35.1854
109.017 31.9515
107.301 31.1374
105.871 31.2922
105.107 33.4561
104.52 32.9325
103.305 29.5745
101.343 30.0043
86.5559 33.0027
92.8201 33.7235
89.5489 30.8744
86.1217 33.9461
97.8232 32.6927
99.1545 32.2592
96.8914 31.6054
92.907 34.5696
96.4361 33.6114
91.6253 31.4948
88.0116 33.2894
86.7884 33.7793
88.0755 31.1181
82.7254 32.2695
87.9996 33.4987
87.3123 31.2739
82.5834 33.3254
79.5921 33.2202
73.1868 33.7139
80.7677 33.9142
94.4141 34.0663
92.6441 33.2256
87.6788 31.6685
101.741 30.987
110.406 31.2372
95.384 32.1292
84.4444 31.532
92.6613 30.2718
90.8162 32.3376
98.6954 30.3046
94.1939 31.4244
88.0345 29.9048
89.5725 32.2064
87.9432 29.5361
84.8213 33.6028
95.205 32.8108
94.0827 34.1421
87.0313 32.2375
82.0978 32.5467
99.7618 32.4724
95.6545 33.8357
92.318 35.6707
94.1992 32.1753
88.1986 34.6191
87.8597 34.1632
88.4535 31.1596
90.402 32.6932
91.818 32.81
103.038 32.6495
103.846 32.1397
101.188 31.5964
96.611 31.7491
105.19 29.6122
105.107 30.5727
95.8219 31.4824
98.7807 31.3574
105.885 30.9866
122.712 32.7039
103.98 32.5002
108.416 33.6869
104.509 34.3106
102.335 32.3804
88.5633 30.6585
93.7387 32.3987
91.6033 33.9995
94.896 33.8738
94.2039 33.6463
95.7332 33.2652
98.5075 33.2437
103.032 31.4398
107.16 29.9227
107.368 31.5108
107.368 31.6451
107.544 33.1895
105.768 31.8355
104.308 32.7531
107.696 34.5396
97.0082 33.3492
99.3427 33.2587
100.011 33.5036
100.011 33.4005
100.242 29.6933
97.1177 30.8815
95.3271 31.1906
99.7529 32.4074
96.6045 31.8085
89.814 32.6364
97.4279 31.0325
100.707 30.4867
100.399 32.174
99.3588 29.5717
96.324 29.6691
88.6489 30.0549
87.7166 32.7985
87.9503 32.7858
96.2412 33.1623
91.4674 31.5536
89.5236 32.7596
91.5874 32.4692
91.5874 34.1546
93.4134 33.5275
102.508 30.0625
90.5997 32.4666
97.7884 32.5845
94.9233 31.7577
96.7995 33.9418
95.2361 32.504
92.0021 29.5665
92.7193 32.9418
83.8873 33.2071
86.593 31.5458
84.5464 32.9366
88.1991 32.5667
94.1597 31.858
87.049 31.488
101.397 33.5672
94.8759 33.9835
96.2494 35.0785
91.0264 33.9107
95.1889 32.5795
97.555 31.1389
98.8174 31.0044
88.7536 32.8535
91.47 33.2177
84.6636 33.8897
82.5225 33.9506
97.1158 32.4107
94.0595 32.9307
95.7884 31.066
88.8909 33.5887
86.0495 34.0877
91.0721 33.9196
85.6767 34.5279
85.6767 34.1619
84.8926 34.6718
92.1059 32.1176
106.863 33.116
102.721 33.0916
101.224 32.778
105.708 31.2719
107.318 32.0614
93.8377 32.836
94.0095 32.386
94.8806 31.3343
94.4691 32.7641
95.5856 32.7604
97.7765 31.0274
92.7346 32.9471
97.5553 34.7119
92.4733 34.2257
85.3587 33.7262
95.1985 34.2325
93.8621 33.6933
90.6642 32.6236
99.1592 30.99
100.945 30.8881
100.639 31.32
102.972 32.3043
93.9169 31.9001
97.691 31.0329
89.0314 31.8447
88.5024 30.9861
95.9634 31.8053
99.1017 31.4053
101.937 32.2825
93.2583 32.403
93.6199 34.0263
96.896 35.1902
99.7215 30.9196
101.02 31.5686
106.071 31.5564
104.138 31.4153
120.423 32.3977
103.336 32.0831
105.781 30.5964
101.526 31.1052
91.8693 32.9796
97.4116 32.3943
95.2125 33.389
106.639 33.3572
95.9919 33.5279
89.5826 32.8782
95.7673 32.2903
96.2996 34.3398
101.706 33.3989
94.4745 32.415
85.3001 32.5721
95.5099 31.7284
102.093 31.6146
106.879 32.4304
101.736 32.5016
92.4173 32.8156
89.3827 32.8252
97.2098 33.133
85.0391 33.0797
91.3897 33
108.434 28.7437
103.778 31.6784
100.026 32.5765
99.8226 30.5061
109.205 31.3705
106.004 29.6832
100.363 31.496
92.3673 32.4475
99.0687 32.4489
99.9258 32.6969
95.2515 33.3724
97.5697 31.3121
96.0112 32.9482
99.2333 31.9382
94.0004 33.2925
94.7923 30.7241
93.7447 31.249
88.9379 32.4288
89.4123 32.7208
92.499 30.1786
99.7611 31.776
105.694 32.0899
114.55 31.6927
124.617 31.8566
120.048 32.3373
116.22 31.5558
115.15 29.6041
113.243 31.981
110.317 30.8102
93.5111 31.9106
93.9157 33.0186
93.051 31.5633
88.3318 31.5607
88.4323 31.6902
90.0961 31.6934
95.477 32.0589
93.9638 30.8965
94.9139 31.3351
91.1581 33.7869
111.806 30.1552
104.036 31.0457
90.6332 32.1329
97.3209 30.4959
96.5203 31.0434
88.9709 33.6052
84.4685 33.1882
94.8766 32.197
99.0601 30.8518
98.8219 32.3781
101.106 33.7646
105.285 31.8921
101.137 31.0971
104.737 32.0673
103.317 31.4558
99.3041 31.8451
98.076 32.1612
95.9942 31.2099
103.07 30.8421
114.449 29.5511
105.448 32.4806
111.731 32.2128
101.248 31.702
98.0888 30.3654
99.1771 30.9461
97.4457 31.0136
99.1344 31.8516
96.4994 32.695
100.854 31.9501
106.021 31.938
94.9878 34.5944
103.675 29.9262
104.259 31.8835
98.3737 31.6282
101.231 32.2558
94.58 32.6678
88.1021 33.9389
86.6858 33.2599
86.4469 31.1731
86.1676 31.1731
89.3312 30.9762
87.9888 33.6668
89.6522 33.7196
92.6127 33.0883
90.9699 35.2716
83.3036 34.1713
81.9962 33.2485
88.4091 29.0982
102.432 30.6382
96.8142 32.2387
99.4172 33.8876
96.6882 29.9179
95.3969 31.4397
93.5801 31.7945
95.1591 29.7909
99.4126 31.3268
88.6294 33.4174
90.8001 33.1637
93.0573 32.5127
93.2744 32.3013
102.287 29.1587
107.177 32.5877
106.977 32.4944
111.909 31.4477
110.447 29.6217
93.2072 33.5114
99.7892 32.1923
96.7332 32.9347
100.623 33.0589
99.0281 33.9706
99.7867 31.3325
93.285 33.2028
94.2934 31.551
88.2896 32.3232
86.7173 34.6658
83.263 32.7961
86.7315 31.0863
106.982 31.2378
97.0453 32.4874
105.781 29.649
97.5428 30.7984
89.8111 32.844
91.5857 31.5327
89.1949 33.0199
91.2295 32.7223
85.1739 33.0124
83.5573 32.8053
81.2901 32.7726
84.4294 34.6594
91.7027 33.7321
91.3659 31.9996
92.1478 32.7272
93.431 32.012
91.4998 33.7123
90.6834 33.7241
91.4102 30.1189
100.55 31.3947
101.763 28.6835
100.931 29.8251
104.167 30.6527
105.281 30.6648
106.963 30.5048
99.8999 32.6393
95.4713 31.3011
95.4713 31.7334
94.3768 31.8367
90.854 34.2542
93.1757 32.8804
90.8568 33.0503
93.5884 31.9752
98.6357 32.4794
105.658 31.1094
96.9564 32.3347
101.168 33.4054
103.311 32.868
102.286 34.3995
115.142 31.8347
118.268 31.1534
108.561 34.655
112.403 33.7912
128.238 32.2072
129.941 32.1189
121.691 33.0987
133.16 33.6492
115.841 31.9873
124.376 32.6537
140.442 31.6451
145.683 31.8959
141.399 34.0309
140.026 33.2077
135.669 34.5359
133.794 31.9423
136.121 32.5178
133.971 33.2158
125.387 34.0139
131.556 32.7294
120.704 33.0979
115.604 32.8167
107.588 32.789
117.143 33.3838
106.987 33.8272
101.298 33.2635
106.703 34.0604
110.802 31.4608
101.022 29.6769
108.837 33.2912
111.557 30.2807
112.331 31.4004
112.749 29.5334
115.762 30.0957
117.77 32.1046
114.283 29.7607
107.453 32.2194
105.455 30.6842
110.207 32.8124
111.71 31.3875
110.536 32.8541
122.057 34.8314
103.102 31.7383
108.482 32.8167
105.886 32.5877
96.1408 33.313
91.5971 33.637
93.544 31.5772
94.0264 32.6564
97.7492 32.8986
94.8617 30.8317
93.1615 32.2354
98.83 32.5559
98.165 32.1335
83.474 31.8703
88.2243 33.3982
81.1727 33.0086
91.3318 33.08
90.4293 34.0718
96.9013 31.8941
96.5501 33.6651
92.0268 31.3682
100.959 31.3768
96.7177 33.8632
98.5337 32.7718
109.646 30.5424
113.98 30.5038
104.355 30.0689
97.4255 32.0782
95.2429 30.6655
98.3579 31.2544
104.845 31.7728
107.211 32.0341
107.851 31.4664
123.267 31.3283
117.711 30.4914
116.577 30.6852
110.099 31.3179
98.6334 32.2928
100.669 31.4179
105.488 31.1472
100.039 32.7833
100.429 32.4893
105.322 32.6065
100.732 32.9914
98.486 31.2528
111.319 31.4233
107.903 30.9361
107.713 31.8772
101.714 34.1336
100.309 33.246
81.8755 31.6927
83.0927 33.4587
85.5318 33.0291
89.7811 32.9552
100.278 32.4718
104.638 33.0662
109.78 32.7647
111.32 33.29
110.868 32.8198
109.761 32.1542
103.053 32.7105
103.842 33.1456
100.533 33.1496
106.875 32.2949
97.8016 31.8805
91.985 33.4839
106.812 34.7905
87.7049 34.0185
91.5035 34.0824
84.5379 34.4428
94.2022 32.1276
87.4787 34.3528
88.9253 32.9258
80.3328 31.7385
85.9366 30.6222
86.1303 34.4086
90.1098 33.1301
98.2203 31.7831
95.7956 34.5861
97.4589 34.5129
102.327 33.4414
102.29 31.7794
99.087 32.4101
95.6131 32.0252
105.891 30.3876
104.521 31.378
95.4228 32.3668
95.2018 32.4475
101.679 32.8997
100.398 31.6248
102.677 31.6196
98.8038 33.3854
98.3764 32.7487
110.997 30.5139
112.291 31.0688
100.987 32.6802
101.418 30.4293
100.164 32.3201
112.963 30.8321
109.42 30.8064
106.12 30.6908
111.619 30.8168
104.432 30.9542
105.464 31.5278
102.48 30.6701
101.906 30.4719
97.6208 31.3959
91.7999 32.7408
86.9741 33.6608
94.7017 32.0289
94.4058 30.238
105.12 31.5398
97.9622 30.9707
91.262 32.6531
85.0428 32.5398
92.9004 30.9393
89.696 31.7805
91.6713 32.7692
105.987 32.4042
106.793 32.84
106.793 31.6111
95.6736 30.8957
104.929 32.818
104.795 32.6501
102.397 32.6574
93.1472 29.321
91.0353 29.8469
92.2341 30.8384
92.1956 31.3448
93.5578 33.2457
100.608 32.8668
90.9959 33.1928
89.5517 33.1926
87.9411 33.1909
88.2412 33.2201
95.703 33.1946
100.869 33.1089
107.814 32.9331
119.35 33.4551
117.393 32.7305
118.495 32.5389
108.321 30.2347
122.629 29.8878
124.855 29.1731
123.172 32.7606
125.282 30.8733
120.477 31.1526
120.477 30.4549
122.331 33.0143
122.784 32.7479
122.604 32.123
120.711 31.4606
122.814 33.3313
129.313 31.351
123.961 32.3606
123.961 33.6988
117.396 31.851
102.592 31.8097
97.534 31.693
98.3161 32.0849
96.9677 32.8457
101.814 31.8256
95.9502 31.6443
97.2098 30.9098
93.6454 31.3945
88.769 32.6064
88.6751 32.2042
96.4411 31.6393
91.7809 31.1319
88.4458 32.7286
84.4071 32.983
95.5516 30.7933
81.4759 31.8335
84.3673 33.4191
83.6812 32.9662
81.9016 34.328
82.3951 34.4852
83.8572 31.5672
94.0482 31.1354
96.04 31.2878
83.4298 32.5566
88.0404 32.7849
93.1413 32.8098
94.093 31.4533
93.5069 30.4194
89.6808 32.9248
91.3208 33.8337
93.7004 33.8726
98.6554 31.896
98.4296 33.6683
96.9507 32.0832
102.312 32.4271
104.073 30.6355
104.578 30.906
100.017 30.0301
98.3753 31.4517
101.429 31.1987
109.44 31.5775
108.886 31.4972
103.381 31.4692
90.6717 31.7598
93.6027 29.9371
99.1133 31.2069
90.3122 31.2471
92.9372 32.5439
93.9325 33.8494
100.808 34.2097
102.266 30.8817
103.293 30.7774
97.8878 31.0361
97.6084 34.851
96.1876 32.2963
96.1876 31.3074
85.3017 32.8488
96.7256 33.4283
95.2815 32.0981
94.0586 32.6993
97.0141 33.2244
99.2125 32.4327
96.1556 32.3749
97.2995 31.8201
100.479 32.6012
100.835 31.7157
99.0527 32.5439
99.0748 31.763
93.7281 29.7407
84.5913 32.564
86.4259 32.8632
86.3918 30.7831
84.3455 31.3803
90.9145 34.0507
88.4213 31.7128
91.9049 32.3053
94.1367 32.4719
105.422 33.1069
107.386 32.3749
109.101 32.2977
123.341 29.9937
118.644 32.9457
110.742 31.784
110.278 31.0673
109.245 31.465
101.137 32.1708
97.5341 33.5878
95.2669 34.3925
98.8335 34.8584
89.6768 33.6958
98.7245 30.9184
95.655 30.8632
96.5743 33.8616
100.389 32.2262
83.45 32.4938
82.7391 32.1496
88.1404 32.8812
90.8248 31.4609
89.2573 30.394
91.6912 31.2421
88.9799 32.8705
97.3881 34.108
99.8247 31.7437
103.317 35.0031
112.696 29.7708
112.429 31.5337
111.784 32.4062
117.277 32.5088
112.629 31.1818
100.612 32.2303
101.726 31.3002
116.475 31.2017
114.518 30.9286
104.926 33.5075
117.792 33.6346
112.331 31.7396
110.243 31.8866
101.293 33.3345
108.286 32.8505
105.215 32.3842
101.551 32.0888
101.916 31.0957
99.1442 31.4021
101.632 31.6834
107.863 30.1951
115.586 30.5161
100.441 31.851
93.9129 33.2985
108.194 32.1653
108.879 33.4084
100.394 32.9221
100.633 32.1883
100.945 31.8204
101.146 29.993
94.3168 32.6762
94.4706 32.6796
98.7206 32.2804
96.8173 32.0103
98.2488 30.7452
88.859 32.4926
90.2587 32.8894
86.7011 33.474
95.895 33.3517
87.7705 32.6115
87.4398 31.9047
90.591 31.3497
88.0285 32.4452
88.6528 32.911
87.278 33.2153
97.2106 33.2436
92.8275 33.1985
102.557 30.3153
99.1416 32.7404
97.2972 33.2953
98.6269 35.1786
100.955 34.5008
97.426 34.8955
90.3087 31.725
93.4712 34.0723
92.3799 33.0364
95.7328 31.0613
94.4767 31.5485
95.5305 31.655
96.7274 30.7967
101.882 31.5411
111.284 31.5992
113.554 31.8647
100.477 32.4669
104.037 31.6697
105.707 30.3021
102.925 32.6113
116.242 29.0451
108.207 31.4594
95.6723 31.2382
97.1328 30.7399
93.3255 32.0354
90.5948 31.8583
87.6716 31.519
95.9231 33.032
98.8431 30.4123
97.7765 32.0368
88.7836 32.3527
87.6212 32.0311
87.7223 33.4403
95.5541 31.9237
101.828 33.873
117.306 31.589
118.449 32.6646
108.969 32.9833
108.425 34.4375
108.708 32.6852
102.701 32.1908
102.993 34.6402
105.852 31.0388
100.864 31.452
102.629 32.2013
104.651 32.683
101.009 32.0955
100.296 30.9611
107.699 31.4898
111.579 30.0877
120.333 29.1144
123.89 31.8298
114.325 31.4955
121.923 31.512
118.935 32.3253
111.404 30.3991
112.078 30.8649
105.378 33.1848
102.735 33.8472
103.752 30.946
103.871 32.2687
110.654 33.7891
110.422 31.8719
110.364 33.2448
110.387 33.6079
106.349 33.8404
109.637 31.8263
103.911 32.9512
99.2497 31.3156
90.1181 33.5299
90.7621 33.0532
101.115 31.9529
96.8142 31.3225
97.925 32.3014
97.4542 32.4189
97.3826 33.7774
90.5945 32.5347
96.1665 32.4149
105.108 32.6977
96.2979 30.767
87.0252 34.9381
94.2083 33.031
84.4713 33.0545
94.135 31.1164
92.7081 31.9527
99.5124 33.2709
92.4505 31.1024
99.4356 31.6086
102.942 31.9648
100.866 30.301
101.082 30.8453
91.5979 30.715
100.793 29.2045
94.3278 30.4819
93.1344 32.7975
103.169 32.6205
95.4587 31.1241
93.108 31.2265
92.3868 32.4202
95.8041 31.6675
95.5556 31.8875
95.5738 30.2281
96.3251 31.0036
94.1413 31.9146
94.6648 31.8845
88.9193 32.6487
94.471 30.0267
87.0868 31.5137
91.7088 30.6716
91.7783 32.4264
95.7433 31.9513
97.2435 33.441
96.2972 31.3858
89.501 33.1351
98.2111 32.6565
98.682 33.3026
105.994 34.3779
100.508 29.9982
104.228 29.9196
105.679 29.4817
105.569 30.9627
97.8697 34.2741
99.4595 32.59
99.3609 31.6023
93.6526 30.3272
91.7517 30.0058
89.2623 30.4203
89.8801 31.3898
90.0682 31.8579
92.0498 32.9292
90.1885 33.0662
95.5423 32.2777
91.7352 31.4899
96.2092 31.5874
100.487 31.8538
102.417 31.5821
107.03 31.2521
119.745 29.7259
104.119 29.7259
102.514 29.949
104.355 30.4673
94.9567 33.5493
102.659 32.9668
97.042 33.6115
94.3961 32.3201
89.6187 32.3614
87.5145 33.4501
93.0409 34.4112
99.2534 31.6251
98.0746 32.5175
102.003 31.5689
107.348 30.3352
108.296 31.6822
102.584 32.1116
100.315 32.7534
97.2427 33.6173
101.062 29.3586
100.736 32.0852
94.1264 30.7532
95.904 36.2947
98.8375 30.8204
90.3212 34.4511
102.123 32.5407
88.5578 33.0604
91.8571 34.3
94.9848 33.749
100.706 34.5821
98.6891 32.7858
102.1 32.0946
106.247 33.6579
100.035 33.5038
99.2536 31.8355
94.9882 32.3333
98.6756 32.7978
103.458 31.6485
103.587 31.2083
104.807 34.4482
109.671 31.694
104.852 31.804
96.0507 33.2597
98.8314 33.4273
98.7351 33.6727
101.832 33.9645
107.445 33.8985
103.198 32.5907
102.902 30.5807
95.4558 35.2965
104.038 32.6749
97.443 32.086
103.768 32.2865
101.793 31.7558
102.165 30.3285
98.5239 31.8912
96.9483 31.437
102.218 30.7719
111.233 30.5028
109.401 29.563
109.676 33.3283
110.368 29.7143
107.788 33.7732
111.106 33.9017
110.291 31.3598
103.985 33.6562
93.0398 33.3043
101.16 31.5299
92.0308 32.4404
92.6711 33.1972
96.0837 33.27
87.305 31.6494
100.85 32.922
96.1618 32.6905
93.0744 31.7822
92.6968 32.6354
107.999 31.7779
97.6638 32.9792
103.885 33.0652
106.757 30.4832
116.965 30.8331
113.874 29.8554
115.127 34.2068
115.907 30.9179
115.907 30.4346
127.481 29.8447
114.383 30.4982
109.574 31.9762
102.91 32.4268
99.6137 33.2594
105.775 33.412
103.85 30.4782
93.4287 33.2685
84.7595 34.5449
94.5094 32.1354
99.009 31.8429
97.9226 32.119
102.294 34.396
105.602 32.4209
98.6076 31.9495
104.622 32.0669
114.908 33.5109
123.266 32.7678
117.701 32.0859
118.669 31.6088
115.673 31.0838
109.659 31.5496
103.43 32.9001
99.034 32.2306
96.5442 32.2402
98.471 31.0415
100.143 31.1028
93.9591 31.2224
96.0253 32.2685
96.4898 32.2151
92.1303 31.8307
93.45 34.3406
97.1399 32.4457
96.2895 33.8045
97.5002 33.2956
96.5009 32.0685
96.2986 31.9491
96.9664 32.545
101.452 29.4762
100.125 32.2992
109.745 29.9514
105.899 33.5146
112.594 32.7951
112.793 34.8302
125.336 33.6955
121.023 32.8767
125.654 33.088
122.621 32.4352
111.987 32.4134
107.894 32.0965
105.717 32.9816
115.483 31.6873
115.483 31.3283
94.7204 32.8783
97.6985 30.8526
103.66 32.0819
107.058 32.3267
106.835 31.4142
107.175 30.5104
100.079 33.574
101.635 32.4969
102.859 32.2659
102.482 31.0044
95.3292 33.042
94.6158 33.1701
99.9326 33.0111
95.0797 32.3066
89.8513 31.5816
86.2567 31.7953
92.9569 32.0324
89.1315 32.8072
85.0537 32.3556
89.1322 33.3278
87.4915 30.3631
91.2861 30.2969
92.4267 32.1473
96.8811 33.3474
99.6784 32.7387
90.6124 32.2975
97.2627 32.0333
98.223 31.8207
99.6483 32.8693
98.773 32.6241
98.5492 33.8081
98.6661 32.5074
97.6788 31.9638
98.5124 31.501
115.229 30.0275
96.1084 30.5584
100.932 31.4467
100.763 31.3988
87.2406 34.9162
95.1158 34.7072
95.6895 31.9731
92.0488 32.595
106.947 31.3252
105.956 33.0602
94.1752 33.0826
99.1279 33.5936
97.6378 32.5475
93.2616 31.608
95.2848 31.7016
94.8657 32.0787
101.5 31.5456
92.8974 33.7036
105.562 30.6357
110.355 30.5687
102.613 29.8404
107.659 30.59
114.195 29.9531
108.777 35.6144
107.633 30.5657
103.834 30.5356
105.72 32.3964
106.478 30.7928
99.8448 34.4581
94.6877 32.1574
83.864 33.0197
93.5142 32.01
106.398 32.2451
111.757 31.4606
104.839 32.5832
103.414 31.4677
98.258 31.9121
93.2708 32.1156
96.6938 32.9376
98.1806 32.3389
101.678 32.7327
95.6763 30.7973
90.5767 29.8042
92.4188 33.6004
100.199 33.0637
99.9412 31.7446
103.303 30.9656
108.799 34.3917
91.8101 33.2202
93.4249 33.1925
92.0618 33.3134
93.9819 32.1416
99.4145 32.482
89.9192 31.4671
88.9619 33.3156
94.1647 34.6907
98.943 34.7658
100.758 30.7601
99.4773 33.1558
94.1049 31.4019
99.3416 29.6199
97.3915 30.5716
101.304 32.0106
99.0355 31.3657
97.977 30.3279
95.6605 30.7165
93.3879 30.0579
87.2498 31.9556
89.5364 30.5385
81.2339 34.9952
98.3757 32.2607
94.479 32.2834
95.9534 32.6965
89.5482 32.1903
96.5926 30.4839
91.6624 31.694
94.2363 31.4576
97.5997 31.6456
98.3962 31.2802
98.0213 31.3788
98.5922 32.622
100.156 32.2572
110.99 31.8076
104.055 32.0868
102.07 32.1838
102.138 33.2875
98.9004 31.7342
94.2841 31.588
101.522 29.458
99.6329 30.2769
100.649 30.8565
94.9324 33.1135
101.414 32.1106
98.2046 32.0424
99.1265 31.5346
97.0363 32.2106
90.3503 32.1135
86.8814 36.1425
89.487 29.8846
87.5511 33.4095
92.8905 32.7506
89.6762 33.4553
86.7369 33.3846
88.7204 32.9064
93.5811 30.652
93.521 32.4664
94.9095 32.8522
82.6338 35.2904
88.8913 34.3131
100.528 32.6567
96.7647 31.7579
98.6345 31.0179
92.5093 32.6754
95.204 33.6256
82.4537 32.7753
87.2092 34.459
97.8341 31.7565
97.684 33.511
92.0134 32.8931
86.1307 33.4143
94.7544 31.9982
100.5 31.0339
99.2006 32.3918
111.222 29.5798
107.034 30.4797
105.164 31.5426
99.409 29.4425
97.708 31.6635
105.095 31.277
96.0077 31.9712
101.622 30.5371
102.42 32.6592
101.986 32.7856
103.913 31.1854
114.822 30.1104
106.704 31.8691
119.778 33.1182
109.617 32.0928
91.7622 32.7163
91.4783 32.6969
92.5198 32.8359
105.5 33.0888
104.127 31.9109
104.782 32.8649
102.549 31.8289
103.82 31.8662
98.101 31.1564
96.371 32.3889
88.3608 32.8695
87.3008 34.6543
80.4735 33.5208
85.5813 31.3515
87.0355 31.622
87.0355 31.8932
87.0355 32.9732
85.0783 32.1173
106.707 30.2106
103.812 32.8031
115.616 30.1825
94.8647 29.6175
83.5452 30.3663
93.0368 32.2847
94.8173 33.3081
105.217 34.0065
101.647 31.7237
113.061 29.5185
110.382 30.6039
102.718 31.7029
100.092 31.6838
97.6532 33.5218
99.2364 29.104
103.05 30.3315
98.3344 33.0448
96.7746 30.5372
95.2763 33.653
93.7447 30.7148
96.7261 30.7069
94.3918 32.6075
98.1423 31.3937
94.7441 33.5323
108.143 33.1199
97.1663 32.8495
96.9202 30.2738
99.5803 31.9034
99.9685 32.2576
97.4225 32.133
97.6727 32.1992
101.437 32.0126
100.181 30.6114
108.252 32.5892
110.981 31.3696
110.407 31.1157
106.268 32.3379
112.914 31.7379
126.368 30.3174
115.917 31.7741
114.7 34.1218
111.647 33.2193
113.633 32.5159
113.633 32.3819
108.243 32.6955
100.463 33.7185
110.596 30.2322
146.881 30.439
143.813 29.5768
132.434 29.702
132.933 30.7738
121.981 31.7044
111.451 30.8361
111.17 30.6776
108.921 33.0459
120.289 32.2673
108.008 32.4372
100.824 32.2289
101.909 32.4162
104.79 32.1707
96.3236 32.3849
88.3347 30.1427
86.2931 29.8307
87.9371 31.8544
80.9233 34.7014
82.2412 34.0674
84.9153 33.7481
88.1189 34.0422
90.65 34.3844
91.0929 32.6651
88.0015 34.5683
86.3057 32.4815
81.7557 33.1257
84.884 33.537
90.2307 33.937
92.8274 33.2004
89.6611 33.4936
95.8888 34.042
91.1936 31.1542
92.4486 31.2131
97.2163 32.8258
104.077 33.3544
106.619 33.0457
103.304 32.634
100.097 31.8988
97.9472 33.6352
99.3119 33.289
96.4642 32.9513
104.292 31.379
101.78 30.7077
103.486 29.3474
105.756 28.6491
98.6802 32.5911
96.7513 32.8451
96.2598 32.903
93.106 34.7981
100.978 31.8184
101.343 32.3575
94.8061 34.3467
101.456 32.5581
102.543 30.4195
105.896 30.4287
107.235 31.5485
110.642 30.2328
96.3508 32.2598
96.9274 32.7071
93.2309 32.2435
84.1099 33.6596
85.9939 32.1928
91.0164 32.1829
91.1278 32.0897
89.274 31.5734
88.9336 31.9476
87.9919 32.0063
86.2719 32.5349
84.0891 35.2244
90.2601 33.4043
96.7576 33.7188
93.9038 33.8452
100.424 31.8755
105.908 30.3354
96.0293 34.6696
93.7553 33.5244
100.451 30.8995
102.872 32.0039
105.117 30.1243
86.019 32.6179
87.7636 33.7708
85.8897 31.525
80.0304 33.8309
85.7009 33.5547
85.2468 32.9714
82.6227 30.9083
86.8872 33.1229
87.89 31.5771
89.3649 31.044
94.3504 29.4384
89.3032 32.4156
87.5804 31.3842
91.9463 29.4348
91.4582 34.1803
97.7484 31.8874
103.553 31.6366
102.663 32.6105
109.538 28.344
104.629 30.8097
99.6492 31.8554
97.8565 33.2601
95.2422 32.5828
94.652 33.1259
98.5714 33.8031
97.1448 32.1764
109.482 29.7248
105.825 30.1915
104.706 30.3433
108.524 32.1577
111.642 30.4184
109.801 30.5769
113.004 31.4641
115.682 29.0915
110.42 33.3149
113.172 33.2016
103.824 31.693
104.695 29.8487
104.27 30.9635
105.896 32.0448
102.901 33.4701
93.0017 32.3255
98.5215 31.5089
99.3713 30.3184
98.6348 31.1482
93.8156 30.9692
96.7704 33.1927
94.6178 33.6179
101.837 30.1997
97.0715 31.3497
88.6622 31.6678
86.9524 31.8153
81.4366 32.0618
93.9825 32.4042
94.1564 31.7589
92.702 32.5602
92.1085 32.8123
89.6107 33.0954
89.9817 33.5755
85.7756 34.8842
93.9758 34.6155
97.8233 33.4798
100.383 33.1292
85.6004 33.402
85.9176 34.253
83.0237 32.1057
88.4668 32.7311
77.4974 33.4912
72.7709 33.4111
84.8964 29.8187
83.9614 30.3558
90.235 30.6348
86.8674 31.6148
97.1762 32.0831
92.0297 32.2206
93.9906 31.9592
91.355 33.8772
94.724 34.1411
97.458 30.5832
106.135 32.936
109.298 32.2968
112.599 31.7028
112.599 34.1191
104.667 32.8816
105.356 33.4751
108.744 33.5239
96.6483 33.5715
89.9249 32.7765
98.0834 31.1764
102.393 30.6032
94.9626 31.245
94.5926 33.0143
96.5127 32.5351
99.5243 33.23
96.5632 32.6196
101.056 32.485
101.691 31.2708
100.024 35.6488
104.083 33.9968
101.274 32.1622
98.454 31.3348
95.9552 32.3502
95.1242 32.948
102.18 32.1944
107.407 33.6131
107.653 32.5531
99.9084 32.3654
103.477 31.8112
96.8752 30.8174
91.7292 31.451
87.3633 34.059
95.8934 33.5129
98.5957 29.7787
93.4741 31.6231
96.1281 33.4232
104.342 32.5892
89.494 32.5805
84.3015 32.385
85.7405 33.299
85.4127 31.0885
87.58 30.5128
98.1351 30.5337
98.448 31.7388
88.6069 31.9541
91.53 32.2638
88.5268 31.7976
95.2102 33.2474
95.8502 33.7843
100.721 33.1771
92.6848 30.8161
97.7175 29.5715
100.617 29.5542
102.817 33.4904
100.615 35.0264
99.9746 34.0301
106.905 32.8796
94.4542 32.7551
92.6107 32.9849
87.2215 33.846
84.1648 32.7715
86.9344 33.7761
88.6877 34.5511
86.3739 34.112
79.615 32.824
84.4332 32.3798
88.0827 31.882
91.0698 32.0064
92.9761 31.6049
93.1843 31.6343
80.0336 33.0137
88.3038 32.72
96.1607 31.3901
89.2799 33.8592
87.6046 33.9835
89.543 30.784
89.6388 33.3555
87.4399 32.175
82.5945 31.4004
82.5945 30.3681
94.016 30.3971
91.0975 32.2817
100.88 30.012
100.003 32.909
96.8844 31.7181
99.0377 32.2497
88.1468 30.9689
82.9575 29.9646
88.2432 32.3238
89.9204 33.0038
97.4501 30.9468
97.1112 30.7215
90.6185 33.3564
82.6131 31.7967
93.5977 32.4389
88.5759 32.8899
89.0113 32.5524
91.0722 32.5218
91.093 32.3218
88.9018 32.6385
100.426 32.5199
101.66 32.7139
90.8009 33.5016
94.1781 32.0743
95.9742 31.2068
100.7 32.8085
105.899 30.9408
103.384 31.0645
101.285 32.3658
94.4272 31.5062
89.9475 31.8611
91.6335 32.9257
93.7092 32.5255
93.1437 30.8069
83.8749 30.9056
83.8749 33.9002
87.737 31.8983
83.9915 35.2094
86.8985 34.9519
91.9623 32.2096
100.518 31.2219
89.5472 31.0575
89.0031 31.6758
91.9444 31.2257
95.263 32.0228
97.9487 30.0951
96.6639 30.7762
92.2195 29.2367
86.005 32.2272
88.7914 31.8987
90.6228 33.8592
91.5197 34.9558
94.287 31.4723
103.258 31.3203
104.689 31.7166
92.9288 33.8221
88.8001 30.8603
85.6925 30.4025
85.0484 33.155
76.823 33.9547
90.0003 33.637
95.5002 33.5392
104.531 32.0148
95.1849 33.3218
98.8631 33.7596
91.1795 32.1539
85.1411 33.3307
88.3431 33.3756
83.8852 33.2902
93.638 33.1284
84.4515 31.6441
87.3737 33.0819
83.6893 31.7454
96.8273 29.6816
99.9212 32.3518
94.1247 34.4307
93.6741 31.9821
101.621 32.2811
89.4872 30.1153
100.601 32.0466
121.086 28.6673
115.188 32.3945
104.731 34.1276
102.768 31.2594
107.462 31.2007
104.865 30.7256
90.0107 32.8045
89.1178 33.5188
82.962 31.7996
81.5839 33.1937
83.8622 32.3561
80.8878 30.9181
84.5254 30.5444
85.9446 32.2564
87.6977 31.6207
84.3087 31.5827
85.6373 34.1132
83.4109 31.401
87.9795 33.666
82.1626 32.4959
92.2047 32.9183
83.052 33.6513
87.5595 33.0749
87.1446 31.1203
92.1323 31.1343
89.5582 34.0804
97.2645 32.4346
106.225 31.9764
105.464 32.3757
105.556 30.4532
98.6746 31.9902
102.799 33.7666
107.691 32.3424
104.808 32.6035
107.688 30.6333
108.41 29.6937
104.651 32.4302
86.6819 31.8422
90.9704 32.6018
97.0348 33.4522
101.3 33.6337
97.1298 33.5143
100.035 31.4146
95.9501 32.9129
98.7195 32.5254
93.2516 31.7312
99.0567 29.6309
94.3102 30.5375
98.0613 30.6319
102.729 30.5116
95.6137 31.3935
93.4293 32.336
79.1962 33.2995
99.4233 32.4877
116.233 31.8685
115.679 29.1501
118.6 31.9129
113.131 31.5959
118.034 33.2421
97.4254 33.1384
99.7763 32.9577
93.5388 33.2688
95.8344 33.5566
92.4806 31.6743
89.0719 31.6262
93.8084 31.349
95.7727 32.5585
93.2751 32.0992
99.8554 31.8682
103.474 31.7808
102.68 31.6094
99.3614 32.4879
98.0822 32.6197
97.8188 33.8089
104.848 33.7614
96.6066 32.4796
91.0181 31.3002
92.9293 33.38
100.669 31.3292
103.951 30.9856
88.1428 33.3292
85.3561 32.5864
85.0363 34.1411
91.1853 32.4165
89.2665 33.1565
96.4069 32.9757
99.0104 32.914
94.7188 33.6343
95.0295 31.7279
91.2006 30.9385
92.8988 31.8824
92.0972 31.9646
92.6745 31.9722
100.034 29.1864
93.1899 31.7624
97.0254 31.8814
87.6189 28.9488
91.3173 31.5874
86.3822 34.0216
85.095 33.0127
87.8346 32.2464
104.282 32.3516
105.484 29.9231
103.995 29.1143
90.6454 33.9494
89.8239 32.7218
88.2458 32.7921
102.861 33.4936
95.2294 34.3409
94.4641 32.1537
88.734 32.757
88.7277 35.2869
92.44 32.9184
92.7627 33.1978
93.3628 31.4104
93.0915 34.7162
98.6275 31.7787
100.445 30.8891
92.9873 31.6899
95.0197 34.2291
95.3819 32.9552
98.9127 34.7046
102.508 31.2826
107.828 30.2484
102.792 31.2806
99.4397 32.2011
95.3548 31.6139
92.7305 32.0903
87.9936 34.2118
95.4852 32.3015
92.2774 33.81
103.835 32.9062
93.9047 32.4702
87.8751 32.9133
89.8443 31.5272
91.3177 35.082
90.4583 32.0804
89.7679 31.7385
94.4914 32.9431
96.2084 33.4316
87.6397 34.0612
89.2512 31.0858
85.9854 32.7621
82.6541 35.2424
88.5745 32.781
101.024 32.0125
101.905 29.7689
100.844 33.241
92.9435 34.967
101.225 34.6355
101.795 31.4602
94.1015 32.1922
99.9923 32.2662
96.9308 33.1779
83.7474 33.4147
99.7468 31.6294
96.5012 31.4676
94.1753 31.682
82.8519 31.5279
94.371 30.316
84.0695 34.7886
89.3697 32.4498
87.9669 33.2022
96.0494 33.2035
95.7104 33.1323
98.5665 31.3818
91.1009 34.6603
100.577 31.7082
100.773 30.1032
102.322 33.0607
97.0121 31.7171
91.0594 32.3723
97.6819 32.1315
93.1339 31.1684
96.709 32.9875
97.5803 33.4219
93.897 32.5071
102.525 30.8315
111.357 32.2781
102.869 32.6791
101.699 32.8953
105.289 31.3941
98.1788 31.579
90.6071 33.6406
103.328 32.1564
96.6308 30.7452
93.8774 32.0313
93.6903 34.0232
95.671 31.4077
87.1707 32.1621
79.7514 32.2806
94.6124 32.3184
94.5046 33.2529
99.4573 31.9039
96.0202 33.8596
95.002 32.2457
95.2078 30.7423
98.2675 29.8433
96.7817 31.2577
95.046 32.5951
96.0106 32.6961
96.5694 31.2095
109.556 32.7531
109.553 32.9864
99.0337 33.1936
97.0272 33.6747
113.997 30.5362
99.5033 31.6074
103.145 31.1198
97.0777 31.6637
95.4295 33.5599
98.7621 31.2881
89.9145 32.7591
99.0759 33.1056
97.758 31.4516
97.2797 30.649
96.9703 32.0226
96.9879 35.1313
96.9736 32.9185
100.022 31.9289
97.9324 32.2458
92.8024 32.2646
89.4976 30.608
97.7825 32.0666
93.5075 31.2851
94.6946 32.6133
84.8058 31.9984
83.9341 33.0287
93.7464 32.329
94.931 33.3283
93.0893 32.6528
93.1433 33.5415
86.4519 30.2684
91.4029 33.2901
90.4176 33.0278
89.4068 32.4611
93.1979 32.8649
86.0502 31.3311
87.7541 33.0358
88.3923 32.3752
98.3709 35.4013
100.115 33.4604
94.6692 31.7617
95.9907 31.6384
104.023 30.6309
105.145 32.0275
98.3072 29.7514
97.247 30.9951
94.5952 30.4835
98.2394 32.695
95.893 33.4112
99.5661 33.9912
101.264 30.3828
92.1549 30.7851
85.4716 32.6478
83.0575 32.1614
83.0575 32.5675
87.4978 33.1775
86.3667 33.9587
87.6761 31.9218
87.6761 31.9067
93.5183 31.9667
94.1586 31.7882
104.547 31.6593
102.921 31.3828
97.1716 30.8202
96.5421 30.6728
93.502 30.6192
89.3049 31.3013
88.1395 31.3122
94.8225 33.3656
94.8459 33.3481
87.0127 32.7076
87.5051 29.8105
87.2545 31.7262
89.3777 32.5778
89.3339 32.8252
86.8378 32.5835
96.3222 31.4773
91.9238 32.148
88.6962 31.9719
91.9927 32.0669
82.3891 34.2123
88.9023 32.1828
85.9764 34.8382
110.905 30.9354
111.252 30.5187
112.336 32.3977
126.726 33.2499
132.887 33.3342
131.164 33.5568
121.581 32.8359
122.101 32.1336
121.707 29.5171
114.774 31.7436
108.563 32.8483
105.093 32.2572
91.9875 33.2194
87.338 33.8517
93.396 33.269
99.5752 30.9469
102.191 29.6906
87.3863 29.7088
89.8684 33.8228
90.1035 31.6864
94.3109 33.1961
103.12 31.4137
98.8452 31.4673
100.942 34.0879
97.5141 33.9298
92.9779 34.0314
89.7711 33.9418
98.2028 31.3281
85.5452 33.3673
85.5779 32.4992
85.7347 31.9961
80.1516 33.0011
83.2298 32.4168
87.0562 32.7192
88.0442 32.9745
90.63 34.3447
83.5611 33.6007
89.033 33.0937
89.2253 32.8907
86.5964 32.7775
83.0509 34.5891
94.0827 29.9059
100.217 31.9535
99.3298 32.9021
117.187 31.0752
117.682 33.133
111.282 33.9622
112.167 33.43
110.815 30.6579
103.192 31.3458
100.107 33.1025
96.2618 33.0368
96.1935 32.2904
91.7317 34.4675
89.3536 32.2853
91.6721 30.193
107.594 30.1172
116.816 30.0133
113.617 29.9247
108.613 29.7055
112.859 31.3037
107.216 31.823
107.266 30.222
111.171 34.5777
109.725 29.572
113.497 30.5534
104.204 31.7596
99.8388 33.0559
94.2653 31.6816
99.1117 33.6671
103.359 31.2241
90.9188 32.1391
89.4193 33.2451
82.1738 34.0807
96.4568 32.9004
98.8033 32.0465
94.9741 29.7897
93.9651 32.2905
92.6315 31.7723
99.7855 31.2682
94.8446 32.1739
86.8121 30.8869
86.8121 32.85
86.8121 31.0445
97.4595 31.0548
128.62 30.3514
119.825 32.2482
120.723 35.3353
117.732 30.2329
114.606 32.2609
109.54 29.5546
107.111 29.243
105.298 33.7324
105.537 34.3494
108.495 30.2474
107.953 31.0707
109.24 30.1784
101.426 30.6832
111.775 31.0382
106.869 32.956
98.846 33.9172
93.3896 31.7243
90.7467 34.1956
91.1662 30.5938
90.5073 33.5519
96.832 34.0524
94.6029 31.8721
93.0052 34.4171
91.107 33.2431
97.0034 31.9706
88.1096 33.1851
88.8594 32.4389
108.376 29.8665
103.335 30.9542
98.4159 31.1931
99.601 34.6163
102.217 34.3972
97.6357 32.0994
99.7552 32.0591
94.1898 31.8597
95.7397 32.7302
89.5958 33.2161
89.4494 32.8766
89.7177 33.2918
97.9924 33.388
107.635 32.3999
98.0098 30.8556
102.339 29.5084
94.5811 33.3095
97.4069 32.2801
95.9827 31.6542
88.7626 33.062
93.7189 32.6277
96.6683 33.596
101.451 30.6448
108.62 31.8029
109.974 31.7419
109.974 32.614
107.51 33.8527
105.872 35.223
97.2693 33.8211
95.1359 33.9654
93.0965 33.8271
98.989 33.8705
104.649 33.7729
96.2429 33.6423
100.991 33.3239
107.29 30.8972
109.001 30.4435
101.893 32.4468
103.454 32.3265
114.407 31.44
101.919 32.9859
98.51 32.9938
93.818 31.4711
84.9984 34.8479
90.8891 31.7908
84.2901 33.6311
79.6135 32.9224
89.5525 30.4609
93.3696 35.5249
108.522 30.2739
118.719 30.6461
110.305 30.5516
110.885 30.3117
104.64 30.8496
95.4663 31.8213
98.6057 31.3423
90.3892 31.6998
92.422 35.4908
98.1128 34.0848
98.4646 33.9165
100.44 34.7396
102.289 32.0721
97.7575 34.2805
98.7931 32.773
100.711 31.0546
97.4323 31.9382
99.5191 33.3077
99.7711 34.7187
103.139 31.5146
97.6926 31.8492
107.826 31.7477
103.069 32.4366
97.4627 33.9225
109.541 32.1083
100.503 32.7135
106.878 33.0669
92.0756 32.3757
93.7198 31.2956
83.4832 30.4292
87.4207 32.9014
81.9817 33.7117
85.0749 31.0621
84.7387 32.7431
82.0673 31.6799
86.8455 31.6508
91.4215 32.9515
93.1773 33.8742
97.5658 34.0086
88.654 34.9844
84.6989 32.6239
97.458 31.7774
98.1514 33.4389
87.4273 34.4924
94.6017 34.7626
94.7061 31.5698
88.4598 33.0389
91.6354 31.437
94.6584 32.717
92.949 32.2337
101.542 30.4899
102.941 31.542
103.222 31.6577
91.8993 30.9133
93.7251 30.4953
88.2581 32.6625
92.3764 33.253
96.1932 32.4598
90.5739 32.3394
92.3137 30.8657
86.4119 32.2436
93.6311 30.4989
99.8081 31.2786
106.489 28.9642
108.377 33.2589
102.509 31.8162
95.7958 31.2922
88.0613 32.7689
89.1356 32.8534
98.9866 31.1722
102.25 30.2036
92.7249 30.2834
96.5653 32.053
91.9619 34.0904
89.5731 31.2434
95.6125 32.3199
99.6477 32.5387
90.1726 32.7245
89.715 30.8797
86.2477 30.3918
94.5656 30.2777
93.4388 31.6585
92.3262 29.8905
94.4868 31.4951
99.76 33.2301
95.8862 32.924
101.016 29.6969
99.0124 31.4138
90.8897 34.2178
96.8203 33.0244
99.8607 31.6871
100.316 31.6679
98.3608 30.8718
101.567 34.7246
105.71 30.8786
98.5012 32.0541
96.3027 30.7358
109.622 30.8206
90.3118 33.2701
91.963 32.3797
90.1866 32.1536
88.7554 32.3393
86.9456 32.3739
100.997 32.9333
99.4677 33.8922
97.8593 32.4529
100.15 30.4133
97.087 32.436
97.2331 32.0678
90.8583 31.9967
96.0941 32.1501
93.9836 32.1765
95.7083 32.1778
97.4158 32.9439
97.2589 32.3345
91.8846 31.8063
88.8598 32.4126
88.3512 33.0129
92.2209 33.8423
93.4346 32.8637
95.13 32.3478
98.8826 33.5042
107.194 32.9438
104.472 34.5313
101.647 32.5888
96.7898 32.4191
94.5675 31.5564
99.6465 31.2063
99.383 32.4345
98.1998 31.6162
91.1665 33.611
93.3519 33.328
87.2735 32.6038
82.9846 33.5103
86.4889 35.5477
86.1842 31.4245
92.9135 31.5994
89.7313 32.7467
96.3645 33.5998
99.6881 33.2815
95.3385 31.205
97.1641 32.4855
101.11 30.4234
96.2844 31.0887
91.4518 31.1323
99.8817 31.3329
101.805 30.1308
102.83 32.5756
91.3111 33.4485
91.2113 33.6576
96.9899 32.5901
107.362 31.9133
98.5027 31.6045
96.2115 31.0962
89.4315 32.1648
86.5347 34.5874
91.1565 33.5645
92.6784 32.8213
90.725 33.526
88.0231 33.8818
92.1273 33.5913
80.3539 33.4802
89.8072 34.6216
104.382 31.8598
93.3892 31.7402
100.169 31.6285
93.6392 32.7349
95.36 29.2588
104.388 33.0531
102.46 32.767
96.7808 32.7895
101.897 32.1422
103.11 32.3928
96.2122 30.6789
96.5238 31.9031
90.5827 30.9026
101.261 32.147
96.721 33.3186
103.877 32.4802
107.347 29.9173
108.634 32.5631
108.311 32.2638
102.991 32.1594
98.394 31.0589
101.711 30.4274
109.36 33.5397
105.348 32.3913
111.811 31.2998
108.573 32.392
100.218 32.3111
104.311 30.7443
99.1242 30.6237
99.3343 30.2423
101.038 31.9611
98.4073 32.7695
102.793 30.8096
110.346 32.2942
112.93 30.7248
112.583 31.738
119.317 31.8215
118.683 30.9643
110.415 30.7451
106.14 31.2784
107.235 30.938
104.22 29.396
107.734 30.0129
113.24 30.0132
126.251 30.1317
125.431 30.0897
95.3369 32.8856
99.6592 33.1271
99.8693 34.4246
108.792 31.3913
101.542 32.9555
101.861 28.2322
97.3197 32.3522
96.68 31.1237
102.647 33.0491
103.986 32.6924
95.2902 33.5334
111.019 31.9241
110.217 32.7754
95.0963 32.4745
105.504 31.6141
102.222 31.2454
104.404 33.9679
97.2008 32.57
106.629 30.1476
101.889 31.1877
102.913 31.2824
105.018 29.9911
109.562 33.2461
102.616 33.6805
105.897 33.6893
108.042 31.912
112.395 31.1202
106.337 30.1405
97.7807 30.1827
96.5837 29.9155
93.6563 34.5374
88.7078 31.497
94.5289 29.8703
97.1188 33.8418
90.0519 32.2745
89.8658 32.7757
94.5674 31.2594
96.3506 30.1941
91.6498 32.509
86.2884 32.9528
97.4806 31.2084
101.777 30.1674
103.895 30.6543
102.507 31.7327
104.879 31.596
106.924 32.8688
106.32 33.2421
105.824 33.9045
110.125 34.032
111.454 31.3641
113.399 34.0744
113.138 33.7396
107.553 33.1757
106.033 33.1674
104.51 33.1927
107.108 33.2008
109.786 31.6996
110.744 30.2462
100.021 31.8248
100.923 31.3915
97.587 31.3576
97.6202 30.9772
91.6789 30.888
92.0834 32.6079
82.865 32.391
89.8586 32.7606
91.1954 33.4072
98.5161 31.8424
96.5237 31.2678
90.3435 32.9144
87.392 33.2944
87.931 34.2846
88.6205 31.4256
95.9552 31.2037
106.203 30.8717
102.494 35.1733
95.5969 33.8961
100.367 32.2103
103.584 32.2664
102.238 34.0406
103.727 32.4119
99.6316 31.8702
97.9156 31.7953
96.3451 32.6162
93.6042 31.1196
87.2205 33.338
96.232 31.8914
75.3117 32.4633
81.8713 30.6857
86.5403 35.0947
88.269 33.8728
89.094 32.498
89.4966 31.6485
91.894 33.996
90.5043 32.0244
88.1311 32.3224
98.1051 32.5077
95.2511 33.3226
99.016 30.2216
102.928 34.0686
101.519 33.0912
96.0928 32.0418
107.701 32.1238
96.484 32.122
102.831 32.1008
102.155 32.0901
94.7117 31.3125
106.141 32.0192
99.8607 34.0904
120.401 30.8496
107.705 29.7031
124.369 31.4474
116.891 30.7615
118.88 30.1506
114.932 30.9179
106.573 32.1662
113.409 30.5873
115.892 30.5609
112.457 30.7606
111.63 31.2831
108.549 32.6147
101.322 32.7258
96.106 31.8072
90.0933 33.8723
97.5603 31.1356
103.824 30.9398
103.042 31.3049
108.098 31.8333
106.056 34.1165
107.94 33.19
101.271 33.7662
100.779 30.2387
112.744 32.2063
114.159 32.2309
99.6699 30.8031
101.504 30.7193
98.2393 31.9204
93.184 32.0513
95.6334 31.4815
98.5878 32.0894
99.2719 31.6493
96.2079 33.2456
95.8381 31.862
95.9841 33.9877
91.7134 32.5043
88.2509 30.8271
94.1161 30.4782
95.0029 32.0156
106.058 31.6362
100.054 31.9463
103.492 34.7615
104.794 30.9921
98.8483 32.554
95.5988 32.6839
96.3993 33.2636
97.8018 32.91
95.5588 33.447
89.1635 33.9615
81.4232 34.1394
95.6397 32.2689
95.6406 32.5084
94.5272 32.6106
96.1624 32.5569
104.869 30.5019
107.032 33.3231
107.072 32.9009
102.176 32.2563
102.606 32.7618
100.875 32.1587
97.9685 33.2635
104.093 32.867
114.037 32.9398
108.439 32.5873
110.686 33.5243
92.1536 32.7738
82.8101 32.0339
87.2962 30.8934
86.0907 33.8982
94.1653 33.1149
94.9919 34.8845
95.4773 33.8039
96.1449 32.5134
97.8361 33.358
83.8011 33.4157
94.1518 32.6467
94.3858 33.0177
94.3678 32.501
90.8282 32.8525
97.9222 31.7902
105.703 32.9249
94.7252 30.5218
94.2125 30.9502
88.1643 32.2902
92.1306 32.3079
92.8668 32.2365
97.7433 32.8896
81.4902 34.3307
90.1716 34.0168
92.3121 33.0906
94.2463 33.5843
97.627 35.0228
85.3629 33.0129
101.582 30.3652
93.6006 33.3279
96.2354 29.4914
92.5004 31.2308
90.428 31.1238
98.9731 32.1754
91.7532 31.3263
85.4842 33.5049
86.4823 33.3507
85.36 33.66
95.2855 32.8045
90.4081 32.7144
90.0922 33.4081
85.4831 34.1229
98.8335 32.8482
103.169 31.8827
103.736 32.4286
100.881 31.8843
100.855 32.7574
107.386 30.1236
110.433 30.7804
104.582 31.1418
105.462 32.3576
99.3037 31.9658
100.457 34.6788
104.763 31.9832
95.9625 32.6489
96.6883 32.0515
96.6779 32.4238
98.3502 32.5733
99.6428 30.5452
98.7028 31.2423
98.4683 30.9655
95.4046 33.3473
104.373 33.1287
102.355 32.4512
89.08 32.8478
95.389 33.3194
88.5224 33.5187
101.165 33.1304
98.3148 32.3612
96.5876 33.6498
108.609 31.5839
107.158 32.6912
105.084 30.8826
111.291 32.2865
110.447 29.057
107.497 31.8496
107.334 32.9074
115.039 30.7619
110.021 33.0906
108.894 33.097
98.5364 33.6749
98.242 31.8783
95.7759 33.587
95.8349 31.5557
100.476 29.1758
99.5661 32.6649
91.1857 33.3598
90.0979 33.8588
92.4572 33.9276
96.7572 32.358
92.0383 32.3498
86.532 30.9812
97.97 31.7589
93.8871 33.0195
96.1274 33.3557
107.32 32.3537
104.917 32.8218
105.876 32.3707
108.264 32.9278
100.623 32.7123
95.7074 31.1993
93.8709 32.8178
96.2517 31.9002
99.589 30.9248
103.284 31.4379
98.5152 31.8061
102.907 33.6713
93.0614 33.8113
93.5198 32.3627
94.2429 32.6275
100.144 34.3956
101.971 33.162
106.232 31.7351
104.731 31.9844
95.3452 31.2826
93.5922 32.8619
92.1281 32.9955
80.5591 34.051
94.5914 32.7471
94.2732 33.1592
88.8584 33.2142
86.4863 34.8249
94.5158 33.4227
102.975 30.9939
98.6624 31.8407
98.4212 32.8751
99.2195 32.7589
97.0019 32.8958
96.401 31.0684
99.2942 32.0688
98.3131 33.4777
94.9892 34.1034
98.8098 32.0195
106.212 32.2332
102.641 33.5562
103.097 32.4961
99.8346 32.4817
108.52 32.8355
104.322 32.1639
102.392 30.8694
98.0089 31.213
98.8821 32.5856
101.054 31.7006
97.3238 32.855
92.6585 32.5991
88.4226 33.318
87.9852 32.1012
93.431 33.1448
97.4391 31.1931
97.4391 31.4666
95.459 29.4556
98.665 32.6337
90.3324 33.14
93.8829 30.6732
100.661 31.89
104.73 31.9128
92.3763 32.9794
87.5656 33.1186
91.6588 30.0831
90.9789 33.3602
96.7562 31.0087
95.7968 33.593
96.0824 33.1702
96.7557 33.5957
91.2023 31.5337
92.031 33.4652
93.1674 31.8817
92.7922 30.7614
97.2952 32.1053
96.1595 31.571
91.3145 31.018
93.4561 33.9348
96.6833 34.0273
93.0093 32.7711
94.7147 31.7725
93.1741 32.7554
91.44 32.9394
91.4621 33.274
85.4507 33.6184
89.2256 34.1863
93.7952 34.3925
98.4068 33.2195
94.3329 34.018
100.692 32.0955
102.268 31.6365
108.13 30.5491
100.47 31.9298
96.1827 32.295
100.251 31.0026
105.166 29.3962
97.5988 31.8493
95.7681 33.0033
87.3598 32.8588
98.3841 33.3549
100.064 33.5345
92.2531 33.1514
89.3237 33.6923
86.6888 33.7543
84.4776 33.5959
89.9566 33.5359
87.6023 32.7365
93.8448 34.1851
95.1346 34.5504
93.6565 35.8124
99.5264 32.6129
102.901 32.1489
113.73 31.8014
108.272 32.6177
105.246 33.2929
114.123 33.0837
103.335 34.0052
92.8849 34.5758
94.7578 30.8283
98.3954 34.3045
91.1981 30.2968
93.0393 29.5364
86.1352 33.3411
90.8416 32.1661
90.4911 30.6907
94.2277 31.2706
92.9186 31.4462
92.9276 32.9269
92.9618 30.5077
94.1249 31.2411
103.737 32.8229
99.7299 33.6199
102.732 33.0327
88.783 31.3554
90.3595 32.4638
90.4188 34.6889
88.5007 34.292
91.5329 32.3607
91.6289 33.7952
92.4752 33.0195
103.525 32.9227
99.4857 32.5442
97.4497 34.0489
96.3441 33.3231
94.2699 35.2436
104.143 33.7925
96.5529 32.363
93.2189 31.8993
91.8225 34.4238
99.1088 33.7567
95.5095 33.4158
94.7653 32.6815
97.0618 32.9569
83.4968 34.5005
83.8217 35.381
88.6579 34.2319
90.4349 30.8603
89.4984 33.4019
91.4855 32.8229
91.4855 32.7091
96.2797 32.2698
92.0881 31.2814
85.2046 32.8477
86.4871 31.1175
88.5144 33.8827
92.4284 34.0307
90.553 33.2796
98.9303 32.8775
96.4832 32.1468
97.7349 31.8279
95.8586 31.3491
92.0117 32.8153
99.7402 31.7437
99.8901 32.3783
99.7332 33.1056
96.3604 33.7088
99.3924 30.4981
93.5483 31.4822
101.165 32.149
101.336 32.6759
96.435 32.8547
91.5271 33.0361
91.7369 32.1511
92.6322 31.7357
94.4894 31.2132
88.8582 34.0351
73.8815 34.9829
92.7926 31.4164
88.8019 32.2647
92.3003 33.9938
96.3397 32.3061
100.464 32.553
97.0646 32.8129
97.0646 31.8989
93.6909 31.6655
101.193 30.9879
99.7583 30.5636
97.5181 31.1748
106.196 35.7823
98.4979 33.9384
100.181 33.372
108.105 34.3015
107.795 33.1872
105.284 33.1943
111.741 33.0407
99.2424 33.3701
105.342 33.3943
101.453 32.8075
99.6636 32.7483
101.441 31.0117
95.0553 31.6942
92.0066 30.9978
77.3632 33.0592
75.2621 33.34
80.0769 33.2336
89.7394 33.5368
95.3936 34.1586
100.014 33.2735
92.4027 32.0145
94.7845 31.778
95.512 29.5365
90.1655 34.6588
91.7628 30.5563
92.1784 31.9276
89.7723 33.3707
89.9308 34.1226
86.5761 33.6584
85.7669 31.8027
89.2431 33.7526
83.318 33.0693
89.1443 33.1263
97.0823 31.1956
100.721 30.9478
90.5208 32.7712
92.6337 32.925
93.5126 31.9761
89.1918 33.5917
89.2615 32.6883
85.6752 31.816
83.9255 31.2545
91.5603 30.9677
86.2614 31.7954
88.9433 33.1462
96.4428 31.3684
94.7893 33.7161
94.687 32.7631
101.318 32.164
89.0057 33.2503
86.0276 31.464
94.4719 31.4531
91.9294 32.6929
92.3772 31.7293
97.0085 31.432
93.5786 31.7072
92.3822 31.7913
92.5323 32.9176
103.74 30.5827
101.885 32.8882
117.268 32.986
104.442 32.1298
101.463 31.5346
102.701 32.2145
103.305 31.4929
89.1222 33.8599
91.0892 33.1296
90.7447 31.3535
89.0842 34.5984
88.2704 33.2524
84.2918 32.8253
85.8632 33.7216
90.7191 33.2419
103.848 33.3135
99.2512 31.4023
93.4481 31.647
97.8428 31.4466
103.911 30.126
98.975 31.649
95.1419 33.1175
106.201 29.4272
94.4541 30.7389
91.1895 34.1626
104.645 33.4871
101.945 30.3721
95.2598 31.7343
103.669 30.5376
99.4138 30.9482
107.48 30.8177
98.4097 34.0127
96.5498 33.4697
108.663 30.8635
104.536 31.6467
105.212 30.4565
103.886 31.6055
96.0432 33.7121
86.5203 32.2678
85.609 30.0283
94.3985 32.1796
91.4905 31.7985
87.5686 31.9165
95.1416 30.8506
104.661 31.5241
103.927 32.1984
106.972 30.8333
99.0946 30.9742
102.276 29.5985
102.692 30.144
98.6884 32.5621
102.681 32.9402
107.775 32.9
101.512 31.516
93.4543 32.2861
94.85 31.4196
104.198 30.9164
105.657 30.264
106.8 32.7725
105.127 31.8632
103.213 33.1143
107.578 31.0374
103.038 30.5526
97.1259 33.3908
99.36 33.8365
91.0725 32.2987
96.3192 30.568
94.7855 32.5648
96.022 32.2783
97.4279 30.1532
98.8577 31.4136
97.3945 32.9677
98.3717 32.5361
101.035 32.395
107.978 31.8692
112.754 30.6295
110.351 31.3529
111.417 31.1136
102.135 31.9557
99.8086 32.0948
99.8891 33.4226
98.5629 31.0563
101.396 33.2381
101.439 32.1841
89.6159 30.9743
86.8508 32.2735
91.5818 32.5236
88.3685 32.9324
99.6389 31.817
97.2299 32.8402
95.7821 31.0824
102.658 31.4227
98.6487 31.7323
98.5998 30.6116
88.3749 32.9938
89.4361 30.8666
98.6911 30.7937
89.2252 31.9931
91.0859 33.1349
89.5764 31.8555
89.5764 33.0539
90.3194 33.3973
91.4274 34.0443
97.5642 32.9435
98.7982 34.1847
100.345 32.3537
105.585 30.5741
101.435 32.0328
91.1828 31.845
87.7721 32.4628
94.7606 32.6834
94.9052 31.3239
107.003 32.2262
107.003 32.2007
106.302 31.8659
88.9971 34.1615
104.511 33.6686
100.572 31.5588
96.7878 32.3047
93.9502 31.5506
101.332 32.5358
98.3575 32.5315
100.35 32.6941
100.998 33.7535
101.548 32.1257
92.4024 32.7199
97.8213 32.2992
93.996 31.2559
92.5042 32.5445
98.7365 30.5615
99.0548 29.4938
95.7795 31.0443
97.6934 31.1942
103.203 30.8221
97.4629 32.4853
97.3315 33.1147
88.8054 32.7873
88.8054 33.1894
98.6349 32.2254
105.618 32.8615
110.795 34.1396
102.456 33.3549
101.202 30.1566
96.0886 32.3379
98.0822 30.8955
104.754 31.4172
111.542 32.2225
115.683 30.2203
115.456 30.7138
117.596 33.2515
119.17 31.9577
109.254 31.8137
116.437 32.039
115.261 34.5953
129.382 33.0604
124.235 33.9482
124.392 31.9607
131.848 32.6434
133.493 33.4387
138.034 33.4626
126.691 32.4507
119.94 31.1306
102.97 34.083
111.524 31.5816
114.061 31.373
123.889 30.606
104.67 34.4689
102.908 32.7948
98.9846 33.8008
98.8333 34.5447
99.4079 34.5288
98.8339 30.0776
99.6172 30.1812
98.6568 31.0793
101.139 30.3994
100.596 32.2955
96.2876 31.0095
93.6992 33.7361
102.226 33.7647
98.1636 31.7422
92.7317 32.0824
80.9283 31.5484
84.4364 31.3187
88.3025 31.5397
83.4796 32.2044
87.9369 31.2152
88.743 31.8865
88.8775 33.1135
93.2489 32.8103
96.6227 32.1612
91.1335 31.7144
86.2064 32.4304
85.9723 32.9797
88.9061 32.652
84.3135 32.2267
89.8902 32.5412
84.4998 32.5712
86.6909 32.1956
92.6568 32.2106
88.9123 31.0289
90.5719 31.814
89.3167 32.8501
94.3859 33.0754
92.342 32.1129
83.861 33.1662
101.123 29.7889
101.123 29.234
101.245 27.6626
102.87 31.6443
91.9671 32.6428
89.9541 33.8116
89.9509 32.3573
92.2076 33.2601
86.2316 32.831
83.5309 33.9476
86.5336 32.3119
89.838 33.7253
89.2065 32.1698
90.4003 31.9649
95.8128 32.9413
98.1836 31.953
99.9366 33.7929
100.697 30.1987
106.198 32.5807
101.531 32.725
95.4036 32.616
94.7062 32.0483
100.376 32.8612
97.7461 31.9106
92.5454 31.4094
98.0618 31.1068
82.0457 30.7411
83.4971 32.1331
90.9279 32.1013
90.1123 32.0385
86.6716 33.2885
86.6716 34.3188
85.0619 33.9053
92.9405 32.9495
92.8973 31.1152
91.4101 33.0391
88.8536 32.2457
85.1473 32.6114
95.9516 33.984
95.6728 29.9896
90.2992 32.0432
98.8508 31.7868
96.2595 32.6405
98.1627 34.087
96.3617 32.5489
92.0219 32.2431
92.4853 31.0783
98.2082 28.873
96.3339 31.3489
92.0653 32.0448
106.679 30.4428
104.838 31.5929
101.068 31.8193
97.2555 32.1972
95.322 31.5101
98.8606 32.279
95.225 32.4157
96.7709 32.0454
94.7669 33.0269
93.0112 32.8319
86.7395 34.9269
91.0033 31.5803
100.442 32.0348
99.3451 33.7474
107.477 31.2676
101.638 32.2481
97.7271 34.466
93.6127 31.5269
103.694 32.8391
94.0636 31.7759
90.5196 33.0374
99.8632 32.1783
92.8935 33.6078
91.6091 31.5391
90.9495 34.1421
97.9787 32.5982
96.563 30.0841
91.533 32.211
96.6255 32.1901
96.4924 32.2569
100.626 32.8099
93.1862 31.8795
79.2992 34.2579
88.8964 32.9789
76.2907 32.4783
90.8374 31.7467
88.8917 30.2503
91.0462 32.3619
80.0475 31.9894
81.7249 32.8238
81.4789 33.138
71.5748 31.37
85.3036 32.2989
89.4528 31.9301
95.1709 32.4388
90.6098 32.2292
97.7507 31.9059
91.9397 31.9706
90.756 32.0177
83.1547 31.4499
83.1547 32.8593
84.4012 31.9729
95.3073 31.1789
95.9495 32.3969
85.7109 32.8812
96.5735 32.3782
84.4949 32.6274
91.3051 32.8685
78.5212 34.0978
87.1544 33.0735
89.8445 30.851
87.8233 31.1275
88.4027 31.8093
89.7485 32.887
91.7828 30.673
102.512 32.0648
96.6569 32.1992
94.9031 32.1894
94.6596 32.2025
94.6629 30.7092
97.6018 32.3048
97.333 31.3674
97.6319 31.338
97.6319 30.82
96.4265 30.766
102.709 29.7186
99.2517 31.8435
100.62 31.0285
97.303 30.7009
92.0223 33.8292
86.2657 34.0197
92.6113 34.3707
120.465 30.6217
102.357 32.2857
105.686 32.1526
106.659 32.6654
107.326 33.5202
108.59 33.9902
108.771 32.4313
111.232 31.6266
110.568 32.2127
114.316 32.3912
112.038 30.8973
112.705 32.7005
111.43 33.4884
96.9705 32.2167
95.1036 33.1225
84.0186 31.773
80.3365 35.6657
83.9378 32.4887
83.9378 34.1476
85.6946 34.721
83.7389 33.5468
95.4599 34.0801
95.0766 32.6757
89.3907 33.5148
91.5915 30.7931
95.2815 32.0573
95.2815 33.1527
95.5067 34.5247
90.2547 34.4766
90.0783 33.8332
84.8634 33.5174
82.4701 31.5145
92.0445 30.4324
85.1524 33.0029
96.0114 33.5884
92.6603 33.7993
93.8878 31.523
95.3712 31.4188
98.943 33.5602
99.5889 32.3362
105.133 31.1628
98.6756 34.4493
83.4491 32.0673
82.9953 33.6824
81.94 36.259
80.9365 32.8795
81.1945 32.4438
81.4067 33.174
91.0004 34.1823
86.6699 34.6518
91.2886 32.8023
90.6571 30.1781
105.395 32.2927
100.154 32.0282
88.7776 32.3339
88.7632 32.1261
89.4415 31.5497
95.9416 31.5784
95.8837 34.2644
97.258 31.5743
83.9534 33.7657
91.9329 32.9814
93.8249 31.9566
96.9918 32.1518
96.3158 30.7979
98.7446 30.1751
93.058 30.2242
92.2385 30.8469
99.8013 29.2551
96.5594 32.1441
89.8424 32.2606
95.3241 32.7934
97.4994 33.3938
90.957 31.3429
84.7666 31.1537
83.925 30.3114
87.7963 30.7075
86.9894 31.774
90.6808 31.6945
89.6329 31.2542
81.9369 31.6094
80.6616 30.8782
77.9752 31.4613
88.665 31.7207
89.5209 31.2917
90.4854 32.9009
96.6539 32.4802
96.0053 31.9475
96.1712 31.9475
95.788 32.4736
98.5005 33.2167
97.617 33.7958
97.4827 32.9769
104.324 32.0019
91.9689 32.1641
91.3369 33.3909
99.9647 32.0617
98.9086 31.0117
95.5056 30.6956
91.6676 31.3415
97.1544 32.2152
89.5425 33.4394
91.3327 33.4421
93.1521 33.1792
95.5006 31.8989
94.2984 34.489
97.2031 31.4969
92.68 31.2285
101.948 31.8727
107.744 32.6946
106.725 32.2218
105.816 32.578
100.014 32.0065
96.4379 32.7494
105.154 32.7619
103.857 31.5903
89.6549 31.8323
101.044 30.6889
94.8756 32.1802
100.777 29.7883
89.9513 32.607
89.9513 31.6941
91.8988 31.2433
88.2844 32.5518
96.0218 32.2554
92.3078 33.3028
103.111 31.8078
103.499 29.8112
100.287 32.0633
99.2432 33.3431
89.8292 33.6031
97.0453 34.0091
99.2029 34.4651
107.471 32.477
99.1104 34.2978
87.2952 32.4789
92.5364 30.0198
86.1906 31.9618
86.403 32.1062
83.9504 31.8044
94.6084 30.2438
100.989 30.6653
107.686 32.06
109.903 32.2084
109.277 31.686
107.175 31.8644
107.168 33.1257
105.098 30.1783
109.621 31.4294
102.785 32.5736
106.027 32.8361
101.735 31.9116
103.754 31.9236
100.544 31.6977
102.791 32.0575
98.4316 33.4801
101.763 33.2912
104.369 31.3242
100.86 31.5461
98.736 32.1374
107.206 29.6605
113.68 33.4674
116.443 33.0265
115.839 30.9967
120.25 29.8092
118.692 31.0908
112.617 31.5199
109.67 28.9648
110.439 34.4739
103.242 31.998
98.3948 33.6846
99.3463 31.5481
109.129 32.9369
104.32 34.1818
120.18 33.2565
111.296 33.9246
117.41 34.3738
111.123 32.0255
106.184 32.9199
127.616 32.6821
130.517 30.8851
120.918 32.7621
127.591 31.3094
112.951 32.6027
119.41 32.9255
109.305 33.4179
134.036 30.8791
117.934 33.5141
111.868 33.3409
111.87 34.3352
105.891 32.7284
103.14 33.1264
98.6104 34.7356
108.699 33.5852
111.028 31.6944
109.252 31.7821
99.9876 32.0493
95.7348 30.7662
103.061 30.5262
90.2336 31.6092
96.1964 32.8184
99.666 32.8538
101.155 30.6962
90.5746 32.1657
90.9282 32.5015
93.1867 33.2758
98.4062 32.4989
108.945 32.1527
93.4824 34.9775
93.3467 33.1987
89.1391 31.1922
88.3393 33.2174
86.4926 31.4009
84.4674 32.675
88.4246 32.6031
91.0255 32.4938
92.8822 32.4326
100.834 30.396
106.574 30.7795
102.368 31.8964
104.753 32.1732
101.73 34.6947
100.099 34.4059
92.652 31.6951
99.7967 30.5539
100.082 30.2987
95.845 32.4287
103.405 30.9967
98.0527 32.2529
97.1835 33.3427
95.6656 29.7842
100.406 30.4285
88.5192 31.0237
86.6884 32.4387
87.4385 33.3274
81.8484 30.9235
80.1163 33.6242
80.7223 34.1185
89.6528 32.3242
84.5452 32.3681
87.7529 31.951
93.7586 32.5602
95.4308 32.5587
93.8993 32.9503
88.9555 32.7287
104.709 33.8313
110.135 33.4463
100.17 33.1153
89.8423 33.0103
84.2963 33.4152
88.9924 33.2705
96.4277 32.3796
95.0799 34.1717
94.5825 33.5928
97.4099 31.3987
93.0827 30.7175
93.5775 32.2137
94.7245 32.2756
89.2278 31.9566
90.9335 32.4139
86.8316 31.2129
78.8495 31.8258
79.0069 30.5923
88.5139 31.8438
77.1446 31.4899
84.1939 32.6738
84.8046 32.6738
82.4835 33.9611
81.8553 34.0085
88.8552 32.5366
88.8552 32.9271
90.1177 31.5784
88.8047 31.7877
94.4814 31.76
100.961 31.876
100.859 32.6065
104.258 30.9051
105.274 32.6803
102.269 31.0018
102.959 32.7942
92.4926 33.0509
98.4816 30.7081
102.867 34.2203
99.4453 33.3712
103.062 32.0678
105.657 32.6215
104.827 32.8886
103.483 31.6466
97.5671 32.3823
105.142 32.138
109.731 32.2151
104.945 34.5727
105.199 34.3081
101.369 32.0954
106.644 30.8756
97.9648 32.0973
96.0065 32.6568
96.9899 31.4489
87.1882 34.5546
90.3964 34.6994
93.7591 31.4093
95.2532 32.8728
95.249 32.4939
95.249 30.9723
90.9189 32.2219
90.9022 33.6246
92.3916 32.9765
102.138 33.7032
97.9305 32.645
96.762 31.3571
94.2237 32.012
93.5229 33.3443
94.7173 33.1741
94.1907 31.0248
101.56 32.7262
90.2106 33.7366
83.3901 31.9914
83.5914 31.6852
84.7718 32.3145
92.119 31.2187
88.2209 33.0809
99.7444 30.7919
93.8559 31.7243
95.7365 33.8382
92.4691 31.3156
86.6631 32.2867
89.5747 33.3895
83.5754 33.6937
91.8603 32.3392
92.6469 30.8236
82.4791 33.2001
94.7438 32.218
96.3446 30.8104
91.3786 32.7552
104.09 31.8925
97.8331 31.6822
94.8276 31.4741
86.0302 32.7253
79.9112 32.7501
89.8068 33.4287
95.6461 32.1573
97.7607 32.3267
102.107 32.8795
89.1586 32.0809
97.1762 29.8063
90.2489 33.0329
93.1048 31.7364
94.4647 33.9218
94.9429 32.642
101.134 33.4543
96.2085 33.6479
102.396 31.2871
100.505 30.75
101.089 31.5089
104.257 30.2888
109.118 32.1658
108.677 31.0791
108.763 30.7429
112.487 30.0901
109.493 30.2439
99.2034 30.752
105.295 30.1055
92.3286 33.0214
97.9019 31.9356
101.704 31.4553
96.0815 31.8992
100.484 32.7481
94.7285 33.2794
97.3657 32.7563
91.128 33.2542
86.3495 33.0197
82.5773 33.1072
83.1194 32.703
84.8516 33.7283
92.4115 33.508
85.812 32.5145
83.9032 33.394
85.8955 32.3818
87.2267 34.969
90.7483 32.3354
89.2799 33.0247
92.2011 32.1109
97.8437 30.0168
100.208 31.4732
98.0787 32.7317
100.347 31.4008
109.235 30.2922
121.175 31.2281
123.242 31.9314
126.501 31.9663
121.782 31.0065
112.724 31.6701
115.526 32.4293
114.29 32.5091
116.058 33.6577
111.875 33.0592
108.029 31.4958
110.13 33.3352
111.612 35.2139
104.783 33.7839
96.8701 33.3356
92.7577 33.363
98.2703 33.7824
100.424 32.2214
94.521 32.1253
104.78 33.3132
95.2838 35.0593
93.1785 32.4397
93.1167 30.5681
90.0765 33.4971
90.3054 32.1503
93.9476 30.4719
106.086 31.0617
99.4033 33.7844
102.574 31.3505
90.5374 32.3231
95.9401 32.1755
97.3464 32.9601
89.1508 32.8667
90.4774 31.4169
94.1475 32.3075
89.3313 32.4217
89.3313 32.2745
86.4909 32.7322
92.5262 31.909
94.0607 33.3652
94.6299 32.2505
96.41 28.7337
108.129 31.3095
107.706 32.5466
106.801 31.6405
104.909 33.755
102.771 29.0038
94.534 31.684
84.0753 31.3409
95.4502 30.8348
90.979 32.219
89.4015 32.6024
99.0716 30.8528
88.7808 31.5444
88.1154 33.6602
84.2443 32.9794
90.5007 32.8698
91.0841 33.0358
95.2208 32.0509
95.4199 31.8954
95.2659 32.5938
95.21 29.6596
97.0472 32.8033
99.4698 32.1318
98.2721 29.3106
100.444 31.2662
103.206 33.4703
97.585 32.587
86.6514 33.0964
91.7187 32.622
88.5931 32.706
98.8382 34.3319
115.539 30.1061
111.612 30.6179
108.95 33.1582
110.405 33.1496
109.591 32.9014
104.213 32.3273
105.055 32.8398
111.062 30.0552
114.49 31.4283
111.062 30.762
112.806 31.5598
106.947 30.9747
102.659 33.2935
107.732 32.8492
112.319 32.3193
113.548 33.2621
125.817 32.8333
124.036 30.1928
138.238 29.2977
136.293 31.0951
125.569 32.5301
125.569 31.0224
145.819 30.6518
149.777 30.8835
148.515 31.3368
148.515 30.4611
146.783 32.4246
132.711 34.202
116.25 34.5222
109.95 34.0144
99.8183 33.2836
107.119 31.3955
101.036 32.8987
103.137 32.0447
110.457 32.0369
120.555 31.908
103.616 31.9201
105.117 30.4872
92.5789 29.8839
93.2028 31.0976
108.652 32.3249
104.92 30.8967
92.2877 33.9286
97.1476 31.2014
103.255 33.0498
99.3715 31.5002
107.965 31.4663
112.338 30.5873
106.957 31.4787
104.037 32.7233
106.751 33.044
109.34 31.1302
111.186 32.3366
113.309 32.4494
100.754 33.1849
110.745 32.9712
111.884 32.1878
108.27 31.5034
104.534 32.935
97.2726 32.494
101.507 30.6556
101.476 30.6028
97.163 31.3452
100.923 35.1323
94.8088 31.5845
88.2552 30.8724
94.1955 31.6732
92.5995 32.6155
100.179 30.1032
97.5002 33.4657
100.357 30.8746
96.1371 31.3347
92.6455 30.6396
88.092 33.7305
90.0476 34.5547
90.8718 33.521
92.0815 32.6482
85.0251 33.1122
88.5941 32.4848
90.1712 31.623
93.7596 30.8635
99.1167 31.0372
88.8899 31.224
87.6204 32.2282
88.2214 32.528
89.142 33.0164
96.6804 33.0546
97.394 33.1312
90.475 32.6796
93.9409 32.8288
90.8552 34.1358
94.4087 31.3488
104.873 30.3766
101.865 33.0927
97.2021 33.1347
93.9062 31.4519
93.7529 32.868
89.4185 33.2341
93.5872 32.7156
95.5502 32.0111
96.4617 33.5583
91.036 30.8982
85.7675 32.8138
95.598 32.9687
96.466 32.5979
85.5624 34.9693
87.1843 34.9314
85.2149 33.5655
85.4333 32.6695
88.577 32.1668
91.2598 32.301
89.8861 30.4148
92.9963 32.1011
89.9458 32.2423
77.4975 32.7877
79.6084 32.4551
89.8684 31.5606
90.285 31.4166
98.1616 31.0996
93.7437 31.0801
97.2121 31.3669
85.0868 31.9789
81.8943 33.1371
81.8943 34.3231
86.7858 33.6949
95.119 32.9021
102.278 33.2283
98.5756 32.5481
96.5613 31.9719
105.311 31.7484
100.795 32.1888
98.224 30.5783
98.4842 29.8516
98.2831 29.0863
97.1115 33.4349
93.9943 32.5722
100.784 32.4308
94.5125 31.3924
103.653 30.7232
101.241 33.3722
95.2298 31.7885
93.1609 32.0801
96.1476 33.3836
94.5883 32.1114
90.4913 31.6648
87.0783 34.245
93.3181 31.1276
85.7602 32.3991
87.2567 32.462
83.0592 32.3198
92.352 32.6548
90.5923 32.1687
104.971 32.3072
103.997 33.2819
104.521 31.8519
106.733 30.5117
108.212 31.0141
107.034 31.2249
95.0492 33.1951
95.3222 34.531
103.003 30.4392
97.8745 31.1534
105.669 32.3532
97.38 33.5708
95.6591 31.3573
90.7901 33.3896
94.8262 33.9321
90.5527 32.8468
90.0115 32.0881
98.7251 31.993
100.435 31.1184
98.749 30.4896
97.8375 30.6204
100.082 31.5962
106.902 31.0497
102.209 32.3295
105.015 32.3085
111.089 34.8632
115.388 34.7499
107.401 33.1227
112.744 31.4715
114.185 31.5728
114.185 31.3638
113.09 30.5165
114.282 34.0413
108.522 34.0735
110.617 33.3308
116.816 32.3509
111.43 32.3614
120.37 30.9847
112.328 29.6657
106.771 33.4683
98.6327 32.8728
108.152 31.2699
101.863 31.172
96.0436 31.3979
98.4595 31.6194
98.3807 32.559
99.174 32.7986
100.828 33.2346
88.5306 32.7455
90.4641 31.3502
88.0567 30.8566
83.5468 35.0445
94.7788 33.0571
92.3578 32.4678
94.852 33.7914
96.0159 33.1812
101.621 32.561
90.7373 31.7841
90.3595 31.3783
105.196 30.3352
104.842 32.1292
96.5024 35.0891
101.889 32.046
99.9299 31.2455
106.402 32.8374
114.652 33.3675
114.652 29.8659
100.193 31.5268
100.053 32.3643
111.675 30.4578
109.556 33.3055
109.556 33.5437
104.933 30.6593
93.9499 32.8364
104.523 30.3397
99.4013 35.4411
94.9868 34.1349
96.2926 33.3468
96.1444 33.1608
96.1331 33.3153
104.342 32.467
102.533 30.8838
98.4854 31.4188
103.321 31.1466
115.176 30.9887
98.4199 32.4029
110.058 30.3168
108.903 31.4066
107.062 32.4906
108.784 35.5461
108.381 30.5373
112.56 30.289
109.434 33.865
103.315 31.1336
102.279 30.5223
104.03 29.9363
106.178 32.6817
115.623 32.1989
110.947 32.5635
103.99 31.4706
112.219 32.4979
120.813 31.6263
119.942 30.5832
119.942 30.0101
111.748 30.9756
122.705 30.477
121.891 30.6638
132.286 32.9417
121.104 32.4238
119.936 32.0253
128.717 32.6816
130.406 31.8485
131.828 31.5035
118.749 30.2853
105.991 31.9064
107.321 30.5715
103.651 30.4371
110.079 31.9997
115.022 32.2806
112.523 31.865
111.442 31.3957
102.081 33.1789
90.81 34.8612
95.384 30.4713
91.9192 31.0343
93.1544 33.1727
89.8594 33.4066
94.2817 33.4028
88.9179 34.3887
98.321 33.7136
99.9277 32.6457
99.9277 31.5499
100.888 32.709
85.7781 32.1212
84.5318 33.8019
93.4201 32.2066
82.6556 32.8741
96.8352 32.9899
102.393 32.6306
113.699 32.2242
108.408 31.7969
102.667 31.4689
107.715 31.6526
106.277 32.473
99.438 32.8586
102.698 32.9279
114.136 31.163
108.757 31.9924
115.344 30.8107
110.28 31.1271
110.587 32.1855
95.3601 29.2512
94.64 31.4337
98.1397 34.5319
96.3655 33.6531
98.9829 31.3231
110.067 32.0534
108.5 32.8194
114.766 31.7244
117.817 32.6031
106.062 31.0913
108.863 31.3846
105.171 31.3389
104.459 29.8409
100.883 32.0047
101.522 33.1465
102.38 32.9508
97.4843 33.9734
97.9909 34.6448
99.3579 31.5742
93.9137 33.633
95.91 31.8686
105.914 32.9041
98.5534 31.5815
104.451 32.584
98.1849 31.8544
99.866 32.9317
101.78 31.6234
100.101 29.773
96.5763 34.3969
91.8731 32.9341
100.974 31.5563
104.38 31.1692
106.157 32.196
97.1536 31.1416
106.169 29.916
99.4612 33.247
111.256 31.6488
119.546 31.6088
114.601 32.047
113.716 31.8304
115.453 31.1998
115.028 32.3295
121.868 29.4734
120.253 31.7161
109.2 31.9037
111.139 30.012
106.409 32.4006
101.87 32.8173
101.918 30.7712
105.715 31.6673
94.8581 32.9095
103.7 30.953
89.5956 32.7451
88.4337 31.3934
92.7658 31.9211
103.629 30.4949
99.2276 30.0679
93.0091 30.4385
97.3772 31.8165
95.0192 32.8502
92.9576 32.6094
94.4647 32.3955
97.8059 33.1376
110.641 29.262
106.158 31.2831
94.8683 31.4522
104.371 32.9868
91.4696 32.9357
98.0016 32.3763
97.1499 37.1724
101.304 32.3153
101.424 34.3789
97.7467 33.3926
101.95 32.5137
95.6984 32.2967
95.1066 31.998
94.8154 33.346
92.2544 33.1146
97.2095 31.9936
105.681 31.6111
102.01 32.4434
90.8604 32.3959
88.5091 33.0854
88.9065 31.6177
87.2424 34.4215
83.0694 33.5967
85.7853 31.3893
88.4304 31.4101
92.127 32.7978
90.9466 31.2864
97.1827 33.6406
93.2265 32.8356
99.6156 31.5577
100.649 32.6416
93.4605 32.8632
92.912 34.481
97.7722 30.2117
101.498 31.2412
103.537 30.5203
100.78 31.225
96.0438 33.1493
93.9109 33.2379
94.3454 31.6447
88.0574 31.1845
94.2454 29.9049
81.215 32.4492
92.1752 33.3763
93.0043 32.4665
94.0214 33.4962
97.9876 30.7406
103.212 28.9768
106.316 29.8339
94.0133 33.6275
91.1566 34.6788
91.1566 32.447
102.042 31.6998
92.1348 31.5848
94.7205 32.0529
91.4112 33.6488
105.681 31.1341
109.428 31.0214
110.933 30.9703
102.418 30.8411
99.9955 32.4073
96.1545 31.0689
94.2912 31.1325
99.7652 31.136
103.368 31.6432
98.4376 32.3999
99.3849 31.3277
98.8639 31.0947
96.4468 32.5097
98.7488 33.1374
90.538 31.8098
97.5694 33.0797
92.3428 31.3121
99.2324 29.9796
101.92 31.3612
92.7069 32.5051
98.3151 33.5704
94.6941 32.6783
93.6823 31.0626
90.156 32.1672
92.0574 31.2763
90.239 30.2128
86.3123 31.8652
87.9699 32.262
88.9793 31.0259
82.6276 32.9145
75.4532 33.758
85.983 33.9711
85.8134 33.0432
90.8708 32.3273
96.7668 31.4929
94.4565 30.1745
101.46 30.3224
109.911 32.8084
130.16 32.9932
111.868 32.8142
109.596 32.8033
97.2116 32.7214
108.18 33.9679
99.4797 32.4427
102.883 31.3165
103.799 31.3341
106.54 31.0278
102.805 31.4699
99.6594 30.9247
106.942 31.3987
94.5671 33.8266
92.0133 34.1491
93.5521 32.7775
85.4952 33.5121
89.6853 32.3583
95.8221 35.5528
100.319 33.2213
94.7113 31.8258
89.8256 33.3906
93.5806 33.0497
95.3479 32.2413
97.0977 31.2573
90.2841 33.6147
101.345 31.6402
99.695 33.24
98.761 32.9518
100.979 33.2765
102.651 32.225
83.1714 33.5036
90.7499 32.1015
97.1928 30.8517
94.511 31.8797
89.504 33.3891
89.3165 32.9716
89.8826 31.8969
89.9903 31.0254
85.0543 33.3215
81.6829 33.446
82.295 33.3575
87.5001 33.7785
97.3978 32.1598
99.6921 32.469
104.961 32.2787
102.772 32.1644
92.0642 34.1951
113.621 33.8285
100.442 30.9856
107.203 31.4907
107.16 31.9011
105.891 32.3996
99.4019 31.8101
99.7155 32.6171
99.47 31.1884
98.2416 30.3425
97.9428 30.849
89.7932 32.7816
88.8657 31.6692
84.4132 34.001
84.829 32.1521
81.4231 33.1786
83.925 32.1522
86.953 33.845
88.989 33.2252
80.0387 33.3518
78.0436 30.8001
79.6091 33.2479
80.2992 32.7571
87.5949 32.6278
85.0755 33.9049
86.6947 35.6066
88.5371 34.701
96.0547 34.2895
97.6384 32.67
100.586 31.9381
97.884 32.4142
89.5689 33.1264
91.3767 33.8207
96.0532 33.2189
88.956 33.4266
86.3844 34.0897
87.823 34.8853
86.3419 32.1616
96.9287 31.3331
99.889 29.6765
99.0487 31.7493
103.556 32.0531
102.448 32.5449
105.767 30.7958
105.768 32.7842
105.465 32.7842
103.089 31.9138
105.105 29.8577
112.961 32.2981
111.808 29.2136
113.115 31.9882
108.39 30.4716
105.836 32.7995
106.011 31.9877
119.096 31.6021
110.624 31.6671
126.734 33.9555
123.036 33.1308
110.735 32.5187
106.335 33.6871
96.7202 31.3164
96.8229 33.1762
97.8601 32.5976
102.146 31.9148
101.125 31.2584
99.029 32.8928
97.731 32.8213
98.7983 31.1071
103.165 32.5578
100.622 31.6842
92.2575 33.2009
104.713 31.9714
102.448 31.0737
100.176 29.2187
98.0411 33.2635
98.9453 32.1893
101.156 32.5025
108.259 30.426
111.926 31.9203
100.052 31.3937
104.236 34.182
103.135 31.1596
112.402 33.2731
106.987 31.1897
109.116 30.8713
108.842 33.3614
107.608 31.8418
107.765 30.8564
109.851 31.0164
111.782 34.2042
102.699 31.4945
105.022 32.1171
108.11 32.5119
108.11 34.4262
110.604 31.189
107.75 33.3329
101.807 33.1916
103.216 32.2352
106.26 31.9876
108.501 34.1187
100.272 33.419
101.536 29.7945
101.536 31.6928
99.8132 31.4091
110.116 30.18
98.8603 32.5944
105.342 29.687
96.065 30.584
99.3425 31.4188
111.487 30.1264
106.864 29.9948
102.757 32.0907
104.527 32.8542
92.5672 33.0671
84.6347 35.4355
87.7642 31.9426
94.1336 31.692
94.3217 33.5332
91.1131 32.2793
106.228 33.5741
93.7676 34.873
95.2362 32.5423
108.291 32.0062
104.689 33.7578
89.9041 34.628
82.9641 34.4765
85.3522 33.1034
82.8426 31.1624
83.0283 33.8566
86.7851 32.5401
92.7696 34.4046
97.7879 32.2804
100.55 32.4043
101.009 30.9809
97.8346 30.7602
94.2138 32.0764
101.93 32.5981
94.9144 31.5657
88.1072 33.5234
99.2953 32.7246
101.799 32.9384
98.2215 33.1528
92.5844 33.7509
97.1363 32.2409
89.607 32.129
89.5536 32.9619
92.3132 33.4593
87.6161 32.723
96.3367 33.5211
90.6099 31.2954
86.5694 33.4319
94.1258 31.1741
94.2229 31.6254
90.9226 31.3802
95.1487 32.1928
100.744 30.501
100.744 33.0645
96.0667 32.3305
93.794 33.0201
91.8751 32.8992
98.8835 33.6377
97.9111 32.6766
101.294 33.6443
98.7998 33.8306
98.9335 30.2954
90.6026 32.8117
97.1053 33.6145
87.9874 34.5803
96.1567 34.8809
101.207 33.6013
98.2423 33.8973
91.6894 32.2992
96.0363 30.9416
104.619 31.0155
87.1494 33.1099
89.6718 32.6248
98.8926 32.0323
95.6786 30.034
80.6659 31.9897
87.4752 31.9275
97.9886 31.8104
94.7299 32.8513
102.332 28.8426
106.88 29.2837
104.848 29.894
102.421 32.0075
100.848 31.3054
102.255 33.5696
110.184 32.4772
104.567 31.6788
108.059 32.1319
104.253 32.5344
95.2027 31.9184
105.123 33.637
113.038 32.2958
113.296 30.607
116.181 32.1617
119.872 33.1183
108.694 34.9442
108.125 34.1217
104.709 32.349
112.644 32.8253
108.384 30.9138
107.885 30.6343
98.8589 31.3314
101.271 31.5524
85.8116 32.7591
95.9013 32.1665
94.7877 32.3902
100.805 32.6489
100.972 32.0878
108.234 29.4726
102.766 32.3667
103.725 32.0811
99.3407 33.3157
102.213 30.6618
106.418 32.3522
102.613 32.852
104.177 33.7055
106.404 30.0647
108.027 30.2804
106.28 32.5503
105.758 33.8233
105.119 31.6278
114.476 31.4656
106.29 33.409
110.958 33.696
104.859 33.213
108.113 30.9991
108.242 31.5568
117.823 29.8366
106.595 32.5535
105.082 32.7439
96.1402 34.6246
93.8791 34.0933
91.9743 29.8227
91.9202 31.6916
97.874 31.2595
86.8582 34.0046
88.2542 35.4623
88.313 32.2768
87.7788 32.5372
85.7744 32.7331
95.119 32.0845
94.2177 32.7455
88.1847 33.2885
86.9543 31.873
90.4011 30.9357
90.2781 30.7051
88.893 32.4847
103.802 33.4908
95.0226 32.9354
99.0461 34.3934
102.705 33.3099
106.285 33.0956
103.225 33.4954
94.023 33.0563
98.5823 34.4861
104.154 33.5277
99.0994 30.9154
99.6881 32.1887
104.619 30.7217
104.892 32.2883
96.9299 35.0244
91.3387 32.5989
93.8529 34.1362
93.9915 31.475
93.938 32.3164
88.2196 32.0907
91.0236 32.6256
90.4369 31.0234
87.6958 31.6009
97.0245 31.6622
92.9248 31.7558
97.8116 30.728
104.531 31.4641
98.1096 32.0511
99.6426 32.9261
97.4985 32.8358
94.963 33.9258
93.9233 31.3492
96.2275 31.3522
91.6236 30.6912
81.998 32.9405
92.5648 32.4766
89.5372 33.3593
91.4593 32.1734
89.5445 32.3611
96.1392 33.3478
91.1695 33.4901
96.9063 31.5552
99.705 33.7941
107.725 28.1076
101.011 34.2516
95.5518 33.156
89.2057 34.2953
91.5171 34.1888
97.431 32.9232
101.56 31.7757
95.3842 31.9039
99.0752 30.1448
94.1847 32.1354
96.25 31.3264
99.5305 30.5208
97.6951 31.4873
99.9487 28.9263
104.808 30.8325
97.4831 31.1686
96.1829 32.3711
97.3512 31.1427
100.901 33.2067
100.367 30.8291
101.386 29.852
96.5642 31.8429
96.6032 32.222
106.374 33.0911
106.875 31.036
102.549 33.5691
104.666 33.28
106.05 31.8523
93.4947 32.3133
92.003 32.254
97.8359 31.6056
102.507 30.2567
110.009 32.0369
101.067 32.003
99.3078 30.46
91.4359 32.28
89.3625 32.4031
93.7095 33.4837
86.7268 34.1493
92.3991 33.4914
89.6071 33.9689
90.7059 33.3052
87.7431 33.1153
85.6441 33.4952
88.7592 33.8356
93.6148 33.1769
100.254 32.7958
106.837 33.2248
107.185 32.2971
110.367 32.4929
122.683 34.7223
133.308 29.8689
139.371 31.4103
118.037 32.6843
118.037 31.297
120.499 31
115.055 33.005
116.796 33.8115
130.484 34.0507
130.484 31.1266
138.399 30.7533
121.253 31.0541
115.495 33.2194
104.876 32.914
107.986 32.8909
101.728 32.8944
112.059 34.2733
104.925 32.0353
97.6131 30.7914
97.4993 31.5011
91.2162 30.989
84.964 32.6178
86.3992 32.907
85.6498 31.2015
106.011 31.2621
96.9883 30.2544
102.164 31.6127
96.2286 31.826
93.8655 31.1869
105.299 31.2988
105.897 31.5317
96.0868 31.9915
93.1585 32.9513
95.453 32.5275
96.5251 33.5746
92.869 31.336
87.2957 34.1409
84.9772 33.2118
83.0527 33.5129
86.1125 33.3383
99.0054 32.2335
100.245 32.5408
99.5987 33.3406
96.7721 33.3677
95.9498 32.8784
95.4765 33.757
96.9772 34.4709
95.249 32.7305
93.9805 31.1912
96.2309 33.8231
101.807 33.3494
106.789 32.5382
110.375 33.3568
103.446 33.3403
89.5379 33.3486
94.564 34.1624
104.067 33.1636
94.8394 32.686
92.5849 31.5583
103.268 31.8535
98.7813 31.8992
104.871 32.4141
101.057 31.2623
107.925 31.4163
111.588 30.922
103.071 32.9848
99.5485 31.8328
96.9018 33.181
92.8224 31.7412
90.9879 31.4635
95.7504 32.4525
95.583 30.3458
95.4486 31.7324
96.1541 31.7827
96.6827 33.9599
98.7437 34.2359
108.643 32.8675
103.447 29.6783
89.5919 32.062
99.2706 29.3157
99.0469 33.2793
96.749 34.0998
95.12 33.7401
102.284 31.499
101.12 31.5808
99.9187 33.4837
97.3373 32.0238
94.7925 29.8712
93.165 31.3321
90.4951 33.3449
92.8506 32.3172
96.6738 32.6499
96.6211 31.2039
88.4513 33.035
85.8369 34.3323
91.2103 33.9469
96.425 35.5371
97.9733 33.1326
106.006 33.1202
108.131 31.477
106.539 31.0919
98.2171 31.3918
95.8407 31.4157
97.7214 30.0626
86.6835 32.6551
96.8263 30.6996
93.0254 33.4625
89.3329 31.105
93.6017 31.4501
95.3256 33.1145
99.4909 32.0744
98.165 32.6232
104.442 34.4552
94.6449 35.1916
106.741 31.8744
103.323 31.9204
106.622 31.7291
96.7461 32.3593
90.338 31.7066
92.7759 29.9308
90.3923 32.4305
94.0797 33.4193
92.7433 31.0295
89.2443 31.9402
102.509 31.4553
98.0076 30.9917
96.5651 32.1255
91.7041 28.8366
90.5412 33.6358
89.905 32.0975
99.3029 32.865
100.925 33.4231
101.028 31.4817
101.028 31.7102
104.287 30.0636
102.645 33.3645
101.746 33.4726
108.463 32.7606
115.437 32.0755
111.42 31.5438
106.99 31.9224
110.646 31.6686
115.562 32.2269
101.359 33.3097
104.459 32.4132
107.648 29.9187
99.3879 34.5369
95.383 33.0186
99.8591 32.0838
96.7313 32.005
105.296 31.6107
103.558 34.1005
97.3575 31.2099
98.7103 30.0185
95.5917 31.2533
96.1695 29.9692
90.0271 31.053
96.1494 31.1279
95.0115 31.048
96.2187 31.2018
89.0469 34.5829
92.945 33.6057
89.0144 33.4001
90.2848 33.178
99.5863 33.2758
103.12 32.74
113.226 32.9374
105.184 31.8122
103.155 31.2048
101.512 31.6458
96.4592 31.9349
93.6367 33.4311
88.6126 32.5348
92.3014 32.7448
95.4663 33.1766
101.867 33.1367
104.413 32.2174
112.693 28.9364
104.74 33.1467
104.057 32.9222
102.448 32.8426
103.08 32.844
103 32.8243
102.064 32.2948
102.924 30.658
101.232 32.5411
100.188 31.6197
98.6979 32.7963
96.5491 32.852
100.647 33.392
105.217 31.1241
111.191 33.4829
100.667 33.7836
108.975 30.3482
107.127 30.4608
106.27 32.6787
105.197 32.6016
105.692 32.6326
106.988 32.9331
103.539 34.8218
105.085 32.49
98.6972 32.3589
96.9761 33.361
92.3021 33.0594
98.6956 34.159
100.476 33.8657
92.272 31.8897
90.0453 35.4387
85.044 33.4993
87.1762 34.2335
91.894 33.6751
86.5192 32.0637
96.8298 33.2374
96.596 31.6541
103.802 32.5998
100.554 33.3307
101.957 29.2989
92.7719 31.3936
87.9013 30.0817
92.0543 30.4388
98.361 32.7626
103.688 31.8036
106.837 30.9279
106.085 30.5337
105.164 33.5463
101.897 33.9468
130.601 33.7489
109.258 33.078
103.405 33.2052
87.6677 32.7397
95.0987 29.407
96.4073 33.5087
96.3323 32.1192
103.088 31.7983
106.718 28.9242
95.4922 32.2408
92.9001 32.7976
93.0859 33.6295
84.1587 33.4596
96.7719 31.3206
99.1143 29.653
98.345 29.2723
97.7491 33.9686
93.3939 34.1139
87.839 33.3149
93.4681 33.144
89.2821 32.0594
90.8578 32.1617
103.089 32.9297
86.7748 33.0786
94.5022 33.5106
91.8487 33.4143
99.8795 33.9754
98.8674 34.0566
101.496 30.123
94.8153 32.0181
94.2965 31.842
104.056 30.4134
102.342 33.0755
101.088 33.2443
101.076 31.0765
101.063 33.2984
99.9384 30.1028
106.944 30.8373
98.334 33.184
89.1071 33.6311
88.9609 33.7619
91.5217 30.6381
91.7963 32.1814
98.4455 31.6344
107.151 32.6857
95.7324 32.1782
95.327 33.4854
104.626 32.4298
109.291 30.9434
105.932 33.7483
101.364 31.7819
105.227 31.8645
106.218 33.0498
106.211 31.6797
116.518 30.584
115.273 31.9678
109.989 33.4821
105.282 33.0917
98.7355 31.8073
93.8609 30.0973
88.8233 32.2102
106.345 31.0493
113.233 30.9322
104.096 29.7661
95.3787 30.6143
95.3787 34.0513
95.3787 32.5819
90.8554 32.8618
88.4062 32.4613
87.4967 30.4652
85.8599 32.6733
92.0571 33.0456
91.3327 33.3743
94.4559 33.2847
88.4125 34.2019
88.9678 33.2408
94.1057 32.1156
106.488 33.3005
84.3783 33.6127
86.5008 32.3955
92.3336 31.3514
84.7215 32.2027
94.3113 32.6726
83.7009 32.3304
87.5739 31.7884
84.8624 32.0234
84.8624 32.7519
92.3775 31.0502
92.3775 30.4426
93.4842 31.7173
96.8406 32.1444
97.2055 31.2867
100.069 33.6446
102.78 32.8808
100.759 31.9238
99.3929 33.6568
103.689 33.663
105.409 33.0823
111.822 32.9945
99.8903 33.4529
96.5424 32.1465
97.7166 29.8737
99.3431 31.9994
105.055 33.0978
105.654 33.5963
97.3277 32.4459
96.043 34.5811
103.958 31.3154
93.8739 34.4472
105.832 33.146
101.829 31.0746
102.451 31.1603
102.656 30.4774
106.374 28.8532
105.904 30.764
96.0954 32.6146
97.4495 33.3182
93.3753 32.8593
96.5398 33.474
97.2744 30.697
109.981 30.2287
105.5 30.528
107.943 30.9336
98.1505 31.9525
94.1688 34.4083
93.2501 32.7554
99.6732 33.5858
85.2502 31.4625
82.2672 33.5158
82.2672 32.5677
82.2672 32.733
80.6714 33.4721
88.4332 32.7989
86.2728 30.9541
86.6952 30.5486
94.2719 29.8791
87.3203 34.013
87.3203 33.899
80.5166 33.2839
93.5007 31.1476
101.643 31.2134
94.8511 31.4199
98.3848 31.2525
91.4858 31.2267
95.4857 33.0208
85.4643 32.4031
89.5007 33.648
94.9676 32.1328
95.0775 32.5921
95.5939 32.6584
93.3326 32.1078
93.4892 33.9451
93.6308 33.4439
93.146 31.9056
89.6648 34.1789
90.9165 33.4429
87.1393 33.7554
90.6364 33.456
78.9773 34.4723
89.9915 32.5095
93.5969 31.6748
99.0588 31.6413
96.6016 32.9713
93.0777 31.7708
91.3935 31.7059
95.2348 31.7779
93.7784 30.8092
98.7206 30.8748
110.111 32.372
108.559 31.0793
113.015 31.1565
103.378 34.2935
101.498 33.5661
104.406 32.2407
122.633 31.9527
117.807 32.5477
117.421 29.1148
118.619 29.8993
103.699 31.1874
102.069 30.2603
92.5673 33.6791
98.2079 33.0057
99.8252 30.12
103.036 33.3415
105.732 32.8337
107.148 31.993
109.345 30.6342
95.1285 33.6566
91.7845 32.763
92.8869 32.5796
95.866 31.6853
99.8032 32.7177
95.5657 32.9898
97.4714 34.282
102.132 33.0668
98.7626 33.1976
105.464 33.1095
114.007 31.7255
110.192 31.9782
109.686 30.7363
116.583 33.6447
117.876 31.8888
113.581 31.8982
112.185 31.4488
95.3503 30.9559
107.303 30.0883
95.1204 30.7519
101.816 32.6765
99.8684 32.3293
99.1113 32.5382
91.8462 32.9603
95.9828 31.9757
91.9014 30.9074
98.824 30.7885
94.3497 33.5242
91.4341 32.7232
95.1837 32.8835
92.8836 30.8205
92.6955 31.8726
87.0329 30.919
87.7292 32.7874
97.5307 32.7854
90.974 31.8588
85.4177 30.4474
90.3911 32.5064
94.1274 32.5382
94.789 33.291
95.6015 33.8457
106.428 33.452
101.089 34.3372
109.195 31.5096
105.801 29.5981
104.616 32.6278
111.7 30.2403
95.4449 32.4824
107.28 33.4714
87.5754 33.8452
91.0892 30.0658
95.2136 30.4519
93.8901 31.9582
98.0661 32.6673
92.6357 33.8463
92.8392 32.6383
90.3064 33.5673
89.4017 35.0913
90.4158 33.0996
97.7399 32.0082
100.459 33.1574
99.1676 30.1746
93.5887 30.8273
95.0322 32.5243
97.2895 31.9629
104.677 31.4928
109.296 28.9794
99.5627 32.5638
109.939 32.3
111.256 31.003
89.3151 34.6528
95.615 33.6654
91.6387 32.8458
95.6657 32.879
95.9031 31.6403
98.2141 32.2561
104.789 30.921
104.726 32.7432
103.979 32.8111
99.457 31.9638
96.6813 31.3146
91.9532 31.8165
90.2883 33.7469
97.9058 31.2762
91.7447 30.9895
86.6235 31.5494
86.8712 31.2738
88.9299 32.3306
86.101 35.0439
92.9615 32.9748
92.9674 33.3761
86.2066 31.4559
80.1917 34.5064
87.042 33.7563
92.1815 32.9439
96.9968 32.341
92.2649 33.2434
95.191 34.9083
96.9871 32.5673
95.162 31.9212
93.8271 30.6771
100.741 30.6426
98.52 31.592
98.01 30.8264
95.5317 33.0329
93.3511 32.4852
101.244 32.517
96.7695 29.9361
98.4358 31.6929
94.2854 30.9838
94.9461 32.7583
87.9371 34.7493
102.056 34.0376
104.193 34.3109
108.555 32.0169
101.542 31.6406
113.719 29.6369
111.295 29.5308
101.8 32.573
106.373 31.0162
106.455 32.5175
109.078 33.5975
123.968 33.1334
129.299 33.0362
126.669 34.6544
126.669 32.1618
120.088 34.4843
117.577 32.3575
120.344 33.0818
123.345 31.8531
117.422 32.0968
126.961 33.1177
110.949 33.7616
113.025 32.0315
99.4878 31.8288
98.847 32.7784
96.474 31.0851
103.206 31.5878
101.443 34.4338
98.328 33.3914
97.8461 34.0365
98.0088 32.8456
100.282 31.0615
95.355 31.3938
86.6174 32.5312
97.887 33.2576
84.1771 35.5795
90.7301 34.3534
96.9798 32.8909
88.3606 32.6602
93.8927 32.5876
94.02 32.1534
101.387 32.045
98.9459 31.7849
102.761 30.7734
102.761 30.8905
94.227 33.5771
101.815 32.5174
108.571 30.9713
100.256 32.918
98.0339 33.4899
103.464 30.8162
90.2879 33.473
91.672 34.5666
94.3508 33.2057
99.028 33.0356
88.0309 33.7315
96.2371 29.6555
98.3391 30.1274
100.441 33.9035
97.9694 30.2645
99.4917 32.505
91.0706 32.1267
91.6128 33.0376
100.633 33.3549
88.2776 32.5377
95.8193 32.4229
87.3715 33.1476
89.5113 31.4054
88.5856 34.1654
89.4677 33.5968
89.8113 33.7766
85.4403 32.5614
95.57 31.6265
95.156 32.9477
95.402 30.1296
91.071 32.4674
85.4977 31.9111
85.0879 30.8763
86.258 31.6364
93.4939 34.0567
89.3552 32.9553
90.2734 32.5413
93.3787 33.3079
85.8452 34.2779
88.5755 31.5598
87.8725 34.0492
80.4073 34.4261
83.3121 33.1397
85.6668 32.6775
94.8628 32.549
88.5961 32.1837
96.818 31.2236
95.747 32.2379
95.4043 33.9881
97.3016 31.2931
96.6349 30.3439
96.8518 30.6454
98.7443 32.0614
98.7069 30.3797
99.802 31.1199
93.7787 32.5244
96.1942 32.2207
92.224 32.529
98.8875 34.2808
95.2267 31.9626
99.4458 31.4659
99.7129 31.6068
94.527 32.9844
103.77 32.8672
99.5237 32.482
108.47 32.239
114.638 31.705
95.2126 31.8961
93.9056 33.5265
92.3099 31.7939
90.249 33.28
91.708 31.7211
90.7303 35.3728
91.5043 33.8704
91.6789 32.0354
94.2043 32.2481
97.7958 32.8729
97.1761 31.8121
104.989 32.7214
100.064 31.7015
101.404 30.3191
106.004 32.6507
117.339 31.1211
109.38 32.7304
100.026 31.6616
100.751 31.565
92.637 32.3028
93.3155 33.9114
101.25 32.3949
102.195 30.7173
99.5548 30.1809
96.4638 30.6248
99.4358 30.0645
100.068 31.7011
100.041 30.8714
104.218 31.8275
98.1309 33.0998
96.2423 31.0989
94.784 31.3389
100.709 32.8847
93.1647 34.3128
90.1853 31.5597
93.0502 32.7303
89.8478 33.5574
89.792 31.5593
94.2504 30.7848
100.524 30.5601
99.5329 32.6036
109.048 33.5438
117.812 33.0287
111.187 31.9087
103.174 32.7525
111.823 32.0279
97.5476 33.8863
98.9791 31.583
108.968 30.5178
102.835 30.96
97.2529 30.7772
100.431 30.3001
91.8572 29.995
97.6247 31.7513
104.359 30.9797
99.4064 33.1148
102.277 31.6848
104.322 32.1231
112.518 33.7663
106.395 33.4299
100.602 32.2756
104.147 32.3168
101.198 32.2401
103.272 30.8292
104.815 31.638
91.1191 33.0871
93.7492 33.4737
97.1983 29.7719
91.2746 33.2973
91.4395 32.2678
91.4395 30.4619
77.0055 33.5452
87.0757 34.1573
95.3258 32.847
94.2014 33.2423
91.269 32.0447
91.5872 31.6806
101.721 29.5637
94.4528 31.4694
102.04 30.5837
99.6202 30.8552
92.457 31.4506
95.9192 30.8174
100.513 30.1762
98.7979 33.5296
99.154 32.4532
98.5795 31.0577
104.886 31.8662
105.924 32.0333
103.984 31.5934
100.592 32.716
105.651 32.5204
114.393 32.5204
110.817 29.5203
122.666 32.3986
116.84 31.0893
116.619 30.7956
100.746 31.0517
103.113 30.8369
97.8504 31.1839
96.4963 34.3747
97.7481 33.8841
103.467 31.6641
95.6517 32.6846
87.3201 32.477
89.1886 33.7218
91.5324 31.3131
91.5019 33.9443
89.959 32.5781
89.3157 32.8098
89.6691 32.8357
89.3181 29.9512
92.449 30.1821
99.3677 32.6795
100.123 32.3597
100.052 33.2793
102.911 29.7837
94.7294 29.592
91.8139 35.8124
107.859 31.0341
105.263 31.8872
99.587 33.0533
106.526 32.0589
104.302 30.89
111.225 30.5345
105.499 30.8654
101.369 31.699
98.9953 31.9965
96.2463 32.9117
99.3749 31.0858
93.911 33.1936
98.0593 31.163
97.1786 33.1515
102.606 30.8996
101.128 31.5037
110.042 32.012
99.8738 31.9373
105.091 31.0951
89.0479 33.0823
92.38 31.2063
91.8393 34.9045
97.2149 32.3184
97.4503 33.3596
95.1742 31.7054
92.171 30.7661
90.9412 31.9397
95.1175 31.2645
99.7691 33.8925
101.562 33.1403
103.507 34.5423
103.077 32.0398
94.493 33.5993
93.5311 31.7065
79.6017 32.7247
83.1989 33.5104
82.9225 31.8496
93.5071 32.1839
84.4598 33.3761
90.4257 33.2004
98.1836 31.177
87.9544 31.8928
100.231 30.9279
97.5413 32.0049
96.127 30.8237
94.9927 32.6389
97.6899 32.2108
96.502 30.2933
88.3252 32.2444
88.5306 33.2604
93.61 33.0292
93.3885 30.933
87.2511 32.3816
87.9561 32.8028
87.4166 35.6633
99.1252 29.7413
95.8886 30.2051
97.6237 31.0554
104.713 31.0861
91.758 33.1336
95.2911 33.4172
90.4161 32.3607
85.5516 31.1943
86.8217 31.6739
97.7458 31.2465
90.7677 33.7939
92.9531 33.2041
95.1126 32.6827
89.7605 34.8972
97.9801 33.8635
100.595 33.752
101.647 32.6909
102.038 32.1546
107.247 32.5726
103.742 31.0123
107.015 31.9857
109.57 32.9168
90.8022 32.6019
92.947 32.1528
96.4488 34.6149
97.349 34.3733
94.0016 32.7482
107.685 32.8743
104.147 31.2014
106.379 32.5538
99.7015 33.6376
97.0672 32.5
103.734 32.2355
86.5493 32.9977
84.7706 33.4077
99.3914 32.9379
95.1356 33.7153
102.747 32.6634
101.449 31.586
107.852 28.8337
101.55 30.7295
94.4967 30.5547
92.6214 32.2094
92.1767 32.7918
104.089 32.2605
91.5633 31.4933
92.1365 33.6951
83.7188 32.445
83.6818 32.7146
93.1475 33.1253
86.8791 32.7659
88.5566 32.3701
93.137 30.7144
93.2285 31.7443
93.3745 32.7531
93.9559 31.8465
97.4988 31.7551
83.1329 33.0081
84.4828 32.4588
84.9515 32.2873
85.2755 34.6814
86.7351 32.8272
93.5112 32.243
92.3927 32.162
91.5118 31.9579
86.7429 31.6349
83.2901 32.8674
89.5452 32.4326
88.4221 32.6187
92.5554 33.0249
95.7339 31.0974
99.6655 32.8715
99.5685 34.8666
101.102 31.6666
109.997 31.9626
95.4463 33.8748
94.5071 33.0084
93.1584 32.2899
95.7118 29.372
103.115 31.487
103.004 30.6002
103.11 29.7121
91.364 32.9943
91.17 33.655
99.8591 31.7244
93.1196 32.9533
93.1214 32.1572
99.5615 31.2565
96.3074 30.955
89.886 31.9221
106.399 32.8373
102.637 31.8198
91.9215 31.1777
90.2254 31.2136
93.5611 31.8675
99.7305 31.4869
99.8746 32.3512
101.977 30.6534
101.549 32.2815
97.6226 33.1068
88.0417 33.523
96.4864 32.7426
97.0877 32.359
95.6001 32.7449
98.1291 33.7822
106.586 31.2561
99.1057 30.398
94.566 30.9667
100.095 31.5064
89.0586 30.6627
98.376 32.5973
102.716 33.0521
102.518 32.3946
103.044 31.2931
99.5851 31.8242
91.6665 33.1323
87.108 32.7116
89.5024 32.4317
93.0175 31.3969
91.4608 31.1914
86.9914 31.0778
93.0364 30.9
91.4901 31.0111
87.4341 30.0884
92.0143 34.1608
86.8428 31.9474
93.1667 32.3391
98.1317 34.6048
84.2828 34.033
103.033 33.2539
95.5121 32.9767
108.874 32.3561
110.938 32.7828
108.62 31.8063
108.788 31.5929
105.664 33.0803
111.099 31.6165
115.155 30.8803
104.589 32.6874
88.665 32.0867
96.5192 33.7362
84.1631 31.2584
90.668 32.8491
91.789 31.6907
92.4378 32.952
89.1928 32.8347
99.7371 32.6201
101.386 33.8804
105.965 30.7631
107.455 31.5988
100.707 34.2101
97.0451 31.574
100.173 31.0797
102.977 29.1811
101.603 29.6042
104.183 31.3494
93.3909 30.9457
94.8328 30.3441
88.531 33.695
88.0977 33.0851
91.322 32.6535
93.1071 31.7107
96.6647 31.0919
95.5175 31.6759
92.4988 32.1018
93.3718 32.0443
103.088 33.548
101.622 30.4551
98.9277 31.564
97.9783 29.9501
95.4449 31.1888
96.4403 30.7556
100.109 31.614
99.9676 32.4347
101.594 30.6495
100.868 32.5044
97.2927 32.0215
102.853 30.2301
104.432 30.0993
103.727 32.5262
93.1134 32.2126
92.0872 31.2588
90.7602 33.2664
96.6847 33.0319
90.9906 33.3852
97.4438 31.7779
101.458 33.5675
95.852 32.376
97.6997 32.2652
89.5772 32.805
92.8477 32.4957
93.7465 32.0365
94.4742 33.2957
98.0077 30.9235
96.9869 32.1261
95.5602 31.5386
100.175 31.6223
90.6157 32.5595
95.6865 33.2877
95.149 35.5597
99.9981 33.2125
100.83 33.4145
89.9602 33.4925
89.257 33.1433
89.0723 34.1175
92.0334 31.9248
97.6912 30.7129
96.2564 31.6451
92.6299 32.5691
97.6521 32.9278
97.9806 32.153
94.4951 31.2409
99.4128 32.5657
97.9011 32.5051
100.946 32.7405
103.297 31.1801
103.312 31.2913
95.7175 33.2862
94.091 32.5602
94.8699 33.0604
106.835 30.1444
105.711 30.5561
105.929 32.3075
108.296 32.3136
99.8118 33.4525
99.1595 32.3035
101.818 31.2546
106.039 31.4703
108.435 31.2074
102.94 32.7874
108.926 32.3173
111.529 32.8582
105.426 34.0851
115.081 32.3872
106.084 31.5349
104.857 31.2698
106.066 28.9987
97.1089 31.0978
100.015 31.701
101.394 32.2465
102.85 31.7366
110.229 32.2098
100.838 32.1833
114.261 31.9857
119.646 31.1292
119.646 29.191
110.26 32.442
112.479 31.4454
106.662 31.0362
99.4086 31.5599
92.7864 32.2991
92.1256 33.0179
90.5347 34.1412
86.4268 33.8932
86.999 34.5959
92.4235 34.4362
93.6887 31.6729
93.0265 30.3922
88.0778 33.0635
95.0766 32.5261
107.395 32.6001
100.391 33.904
97.8765 33.3665
99.4281 31.1478
90.963 33.8777
82.255 35.9126
81.3682 35.9126
82.0281 36.6839
91.6104 32.3957
89.9221 32.2312
91.6682 32.5209
94.792 32.8184
86.8543 34.7307
85.8631 31.6095
88.1179 32.1182
93.7994 32.2509
87.3373 33.974
96.4177 31.7194
99.1663 33.5482
100.008 31.6877
100.374 30.9454
96.2003 31.0621
95.4604 32.6017
98.8305 30.8399
99.8619 32.725
97.2976 31.8149
103.081 31.6805
100.523 32.9444
99.69 32.2125
99.4105 31.186
98.4666 31.4883
97.9636 32.9805
95.7126 32.7827
95.8916 31.1662
98.6747 31.7616
100.186 32.2856
98.6067 32.8694
101.419 31.5784
99.4465 33.0322
87.8233 31.4577
82.4078 34.3683
86.5644 31.7666
85.5696 32.7446
85.0752 33.1921
92.6281 32.8764
92.9267 32.9157
87.9885 31.9897
89.8317 32.3234
87.7567 32.3002
88.7664 33.3382
87.9573 33.3541
92.0822 30.13
86.8583 30.522
81.9607 30.6344
88.5597 31.3945
87.8927 31.5008
84.5156 31.3098
96.1153 32.171
80.4417 31.2455
96.6287 32.7381
94.3669 30.9985
94.8652 34.1058
97.5423 33.9935
95.58 33.6041
91.0987 30.1863
95.013 31.7364
97.1329 32.8897
94.5273 34.3287
89.1293 32.4909
94.8922 31.888
102.169 30.7432
103.325 29.9928
96.2493 32.9002
87.1522 34.1882
93.4424 37.0846
83.536 35.2307
80.1325 33.3342
81.6862 34.2957
85.0475 31.3969
92.8947 30.6507
89.7422 31.7053
92.9759 31.061
95.8127 31.6279
92.0482 36.57
88.1486 33.1396
89.7346 33.1768
86.1016 34.7876
92.3771 35.5486
96.1238 31.4719
101.3 32.9982
103.359 33.2788
105.228 31.4123
111.094 31.4289
108.379 30.9108
100.151 30.8644
98.5733 31.1648
97.8309 34.2936
100.282 31.0796
102.939 32.9733
107.871 34.27
106.436 32.913
100.812 33.0141
99.7935 33.315
91.699 35.0693
84.6667 35.2824
88.755 32.8485
99.9659 34.1413
101.772 33.863
100.261 33.9347
105.216 32.4736
96.9568 31.0469
109.183 30.1053
104.888 30.2066
91.6615 31.8322
96.954 31.9964
104.082 31.9589
111.624 31.1588
110.549 33.8552
103.878 31.738
102.745 33.3863
97.8575 34.1531
97.2306 32.8411
97.9333 31.5288
92.9611 34.6861
90.6144 33.2035
94.1728 34.1262
91.4841 30.7515
94.3142 32.2208
93.1873 33.1864
90.4522 32.8079
93.7045 33.2928
91.9144 32.2926
90.5757 31.5784
93.0426 33.0445
94.0873 32.3389
94.5034 31.9742
96.903 32.5053
97.8478 32.2897
107.811 30.2756
100.888 32.3007
99.5085 32.8398
105.184 32.0865
108.83 32.2331
104.645 32.1944
95.3893 29.0723
92.096 31.3191
86.7993 33.3905
89.8411 32.852
92.8114 32.0455
86.7739 32.044
88.111 33.0147
92.5778 33.5049
87.8996 32.7729
95.7894 32.2354
99.0001 30.5732
97.98 31.9191
100.51 32.4533
99.7059 31.7544
105.268 30.964
98.1642 29.8759
101.038 31.7688
97.4072 32.3005
95.901 30.8967
95.6562 30.8967
106.445 32.3697
110.634 31.1648
101.43 31.5662
104.642 31.1726
112.575 30.8519
109.324 32.3683
108.836 32.0726
105.262 32.7429
109.797 31.5222
105.311 32.5893
113.581 32.5375
95.3743 31.4486
96.5952 30.3926
100.863 29.3738
98.4331 33.474
97.6535 33.5049
90.6403 34.648
98.4854 32.4493
102.767 31.6442
99.6344 32.2261
95.2024 32.8209
122.352 30.8749
122.34 30.5058
121.03 32.6105
118.98 32.0369
104.523 28.9545
97.6995 32.3093
98.4031 33.0814
95.1392 31.5975
97.7048 31.7333
93.1963 31.5993
92.7688 32.0427
86.612 33.017
91.3481 30.1626
90.4678 33.2062
92.4459 31.4076
102.603 29.5195
99.658 30.9505
108.593 30.479
101.582 33.1754
104.228 33.3877
102.83 32.6951
114.697 31.5139
109.095 31.8179
110.667 31.7053
100.006 32.6045
98.4976 32.2515
108.01 32.672
100.13 31.014
107.587 31.3149
90.3187 32.0252
94.4403 32.2408
92.7049 32.9622
86.807 31.6123
83.0044 32.0032
96.8389 31.8074
101.867 31.3425
102.371 32.1471
101.626 32.0803
94.0125 31.8007
98.6759 32.1328
96.0454 31.2949
98.1325 31.5026
101.74 32.8006
105.194 33.2216
107.876 32.0006
111.95 30.7898
108.699 33.0066
101.176 32.0318
110.148 32.1905
115.716 34.4989
129.477 32.7782
127.663 32.3651
117.186 32.8609
110.265 29.9959
102.47 31.8913
102.714 33.9046
113.516 32.0046
103.855 31.4824
108.109 31.9717
111.603 30.1978
96.5967 32.3177
95.6956 31.7615
97.4711 33.8653
96.4338 32.6751
99.271 34.2528
97.7245 33.1571
102.21 33.761
98.3385 33.2133
99.7867 31.4826
91.8526 30.8505
91.3468 32.4646
89.7211 34.1978
99.1935 33.158
98.3492 29.7728
103.458 32.1218
97.2282 30.969
95.9412 30.1447
89.9878 32.0845
88.2441 33.6135
100.881 31.7721
110.81 30.2234
103.315 32.1656
114.342 31.7227
96.9694 32.9464
102.571 30.3444
97.8443 30.8456
105.498 30.9303
100.294 31.0677
105.328 30.3687
111.178 31.3545
74.7644 31.074
77.1763 33.1439
80.1864 33.3105
84.2886 33.5683
95.5209 34.2609
78.8427 34.3147
78.8427 33.1364
80.1322 32.7886
84.2355 33.047
84.2355 34.3992
98.2673 29.9216
96.7411 31.255
91.961 32.9086
102.741 29.6297
85.9168 31.512
83.4102 30.1487
87.989 31.962
89.2683 32.9416
94.6083 31.5375
91.8831 30.2531
93.7322 33.7218
94.6573 33.0649
90.2842 34.9606
91.0439 33.7591
94.4429 33.6104
101.144 33.9446
86.843 32.9601
97.7706 31.2623
93.3352 33.223
87.3752 33.2669
86.7624 33.304
96.0252 33.5965
86.9287 32.7145
91.7657 33.4246
97.9744 32.2454
94.6026 34.2637
104.294 34.2691
104.435 32.6258
96.401 32.7007
103.296 32.7712
97.052 33.8411
99.6425 32.0749
100.179 31.4573
94.9792 31.7946
94.7802 32.4941
95.2528 32.6079
86.5575 32.5791
98.6311 32.1203
104.967 33.3057
106.709 33.0254
101.175 33.1813
101.335 31.77
101.012 32.2105
92.2542 31.5593
89.9682 32.4376
83.4383 33.3517
82.482 30.9647
83.9316 34.1496
87.3847 31.3837
88.7776 31.5585
103.309 30.5054
97.8628 32.6376
93.6253 31.035
97.0538 33.1695
94.8359 32.7384
95.5593 33.0471
96.916 33.9871
100.769 32.0498
102.238 30.9419
96.8899 33.3703
102.521 32.3543
106.43 31.5266
104.915 30.4529
100.754 32.1062
101.212 31.3962
99.0047 31.1371
106.745 30.8536
103.448 31.1143
101.327 33.4347
94.0776 30.7038
91.974 30.5595
96.5283 30.571
96.6499 31.5277
95.9377 33.4203
95.7161 32.505
99.4692 30.8643
98.7223 32.1849
99.6741 31.4176
93.4408 31.2009
90.1834 33.5585
94.6105 33.3481
103.183 33.2466
99.0947 32.889
97.9619 32.2661
94.9118 33.5845
89.3198 33.2014
91.6823 34.0297
88.0588 33.368
84.7399 35.3047
91.7646 33.0752
98.2618 33.0205
97.9476 31.1446
92.4532 33.5791
85.0602 34.7921
94.0802 33.5578
95.0987 33.0158
94.0224 29.7992
93.3192 31.4967
94.0144 33.4175
100.362 33.8321
90.3084 31.0808
97.1491 32.4351
104.943 31.4163
102.347 32.1331
90.7557 34.0444
101.148 33.1889
98.3436 31.4775
97.5445 31.5883
109.714 31.1485
112.205 31.3137
104.83 32.211
99.2863 35.1941
103.269 31.7242
99.5242 32.2168
113.702 31.262
105.683 31.7074
104.827 33.0598
99.0684 30.6553
96.2927 32.348
95.6014 32.9247
90.752 33.605
90.6794 33.9324
96.5589 33.3793
99.7751 32.3391
93.5129 31.4791
93.3929 31.3261
99.5366 32.8835
97.1309 33.4128
106.845 30.3101
95.0355 33.7929
97.0755 32.0098
90.136 31.9641
95.7994 31.0967
96.4924 28.5283
89.991 33.3094
105.376 32.9352
106.613 32.1031
109.137 36.5369
108.248 33.3411
116.274 33.5449
105.703 32.1265
108.185 32.0164
105.466 31.9315
110.43 31.3502
103.579 32.8418
103.166 30.2434
112.897 32.2503
98.48 32.7419
101.843 32.4205
94.9851 32.8425
96.0885 32.4727
104.01 30.3729
104.272 30.7531
94.336 31.4647
