544.651 23.0771
521.935 23.0725
490.9 22.7491
572.815 23.3075
572.815 23.3103
500.657 23.4366
523.116 22.6823
587.684 23.1273
587.684 23.2648
504.599 23.194
491.67 22.9942
463.911 23.013
385.328 22.9638
381.56 23.163
417.661 22.4449
445.284 23.1773
452.87 23.0702
457.639 23.1015
410.953 22.9273
379.521 22.9093
410.086 23.0313
385.407 23.4488
419.086 23.0609
417.562 23.3682
394.05 22.8941
413.58 22.594
420.591 22.8109
415.183 22.9811
407.941 22.7068
413.873 23.3876
387.09 22.835
385.621 23.1337
409.901 23.4095
417.208 22.9706
414.261 22.9133
414.261 22.8028
395.7 23.2041
409.456 23.0924
384.355 23.4187
384.355 22.6575
366.473 23.5005
378.576 23.2606
409.842 22.9033
417.708 23.0647
452.739 23.0611
462.385 23.0627
463.573 23.0635
479.232 22.9884
418.257 23.251
388.438 23.0822
395.665 22.7469
398.523 22.9503
413.953 23.3473
397.683 23.2073
358.38 23.0132
380.419 22.532
382.182 23.031
383.339 23.292
368.993 23.288
410.797 23.3489
424.511 23.2167
394.421 23.2604
391.635 23.4316
374.6 23.075
392.01 23.5551
395.197 23.0922
373.791 22.4942
373.791 23.15
378.22 23.2798
373.807 22.9271
394.102 23.0084
393.714 22.8224
398.456 23.2637
406.343 23.2567
410.635 22.8162
427.219 23.1954
397.132 23.0901
386.108 23.0363
403.717 23.0119
404.663 23.0741
408.519 22.9372
416.548 22.7983
406.223 23.8639
434.464 23.156
444.229 23.2494
441.195 23.1504
479.423 23.0879
457.806 23.1613
451.491 23.3806
447.417 23.2733
448.338 22.9861
459.034 23.342
448.82 22.7277
432.557 23.0456
452.721 22.6717
470.719 22.8901
503.615 22.5925
434.517 23.0166
436.287 22.8052
452.709 23.3572
457.169 23.1354
452.946 23.133
454.22 23.3381
458.841 23.1795
488.352 23.1647
504.497 23.0044
481.951 23.0258
497.572 23.088
509.7 22.9339
482.24 22.9436
474.256 22.6809
505.513 23.413
470.35 23.9693
469.625 23.311
499.328 22.826
528.658 23.0503
489.004 22.9915
482.483 22.9235
461.054 22.4762
481.519 22.6818
405.729 23.3871
404.355 22.8917
446.141 23.078
456.876 22.667
497.778 23.2811
468.731 22.7425
440.783 23.0692
461.459 23.0659
435.834 23.2796
467.493 23.1302
441.945 22.8914
428.553 23.0096
454.781 23.24
426.719 23.7013
426.719 23.2379
426.497 23.2662
445.382 23.2061
448.698 23.3466
502.466 23.5863
456.787 23.3107
429.078 23.1005
451.482 23.0355
456.388 23.8055
445.941 23.933
450.825 23.1271
446.844 22.954
378.975 22.9891
422.873 23.0471
444.81 23.021
475.05 23.0471
483.718 22.602
470.28 22.6526
461.442 23.4584
457.452 22.7531
438.986 22.6235
459.984 22.34
452.62 23.3086
450.611 23.2811
458.592 23.1387
440.018 23.1621
461.857 22.7764
446.202 23.1458
436.683 22.7747
443.378 23.2815
461.012 23.2313
494.248 23.1104
464.278 22.8103
452.228 22.2329
457.959 23.1285
486.041 23.1809
451.288 23.3612
441.142 23.2007
424.429 23.4448
398.313 23.503
374.592 22.8934
421.729 23.2704
426.206 23.099
436.866 23.4132
441.045 23.1971
466.87 23.1891
436.98 23.1979
453.869 22.8267
457.703 22.8236
457.674 23.1366
455.805 23.211
448.902 23.4873
441.112 23.6003
446.819 23.1747
481.963 22.8535
373.717 23.1659
408.421 22.8526
394.107 22.7913
382.484 23.613
397.936 22.7658
360.301 23.1943
391.626 22.695
402.39 23.0403
397.807 22.4818
443.338 22.5303
451.976 23.5678
473.669 22.9977
468.831 23.1473
428.598 23.1775
433.416 23.5516
421.711 23.5714
375.961 23.5417
409.321 22.7987
414.497 22.6859
414.384 22.9799
419.644 22.8426
425.972 23.786
452.673 22.9657
455.088 23.2394
439.75 23.0857
449.037 23.3354
449.037 23.1899
489.566 22.9038
412.24 22.6522
427.815 23.2162
425.05 22.97
478.963 23.1438
470.223 23.0199
443.645 23.032
456.612 23.1469
445.477 23.0091
457.097 22.7873
414.824 23.6737
399.443 23.0456
437.228 23.2168
453.124 23.7174
461.374 23.4071
409.666 23.0978
423.8 23.0502
499.645 23.4007
429.024 23.211
408.066 22.618
399.203 23.5177
448.144 23.0316
418.541 22.6741
439.035 23.0937
433.847 23.1104
453.305 22.8598
435.541 22.8406
494.149 22.949
488.42 23.3437
557.067 23.2895
493.272 23.398
523.976 23.4256
541.877 23.0543
497.069 22.82
493.26 22.8109
480.647 23.1577
388.796 22.8441
388.796 23.0829
433.911 22.5018
420.991 22.8854
420.991 23.186
462.236 22.8509
438.6 22.4827
451.336 22.67
495.872 22.8366
468.684 23.0808
463.224 23.4312
461.373 23.1879
454.929 22.9243
454.929 22.955
462.278 23.4618
452.142 22.6578
470.948 22.6138
417.823 22.346
447.445 23.2198
442.517 22.5949
452.656 23.2964
450.313 23.2934
463.183 22.8835
440.11 23.3565
453.997 23.4545
445.763 23.1157
437.092 23.3102
402.021 23.4443
398.393 23.2488
454.873 23.3563
419.344 23.2751
447.509 22.976
427.588 23.3251
497.644 22.8506
492.556 23.3376
506.154 23.09
555.095 23.2354
558.577 23.5447
573.928 23.6058
567.682 23.0819
553.152 22.4444
538.773 22.7028
519.586 22.8097
545.416 23.0462
517.668 23.1882
523.798 22.9757
549.992 23.355
514.571 23.5535
524.22 22.9377
504.727 22.3819
507.005 23.0065
525.135 23.1038
529.552 23.1237
499.004 23.717
437.381 22.4175
450.166 23.2662
446.987 23.4544
475.668 23.6901
510.818 22.8782
518.531 23.6252
520.84 22.4556
518.818 23.2315
497.742 23.0944
509.545 23.3454
527.341 23.2139
475.555 22.7053
435.689 23.7868
386.293 22.9648
448.494 22.5636
448.494 23.0476
431.964 23.3972
470.07 22.8498
427.87 23.2157
418.11 23.0829
398.9 22.5978
393.994 22.5574
407.581 22.5667
405.478 23.3461
414.731 23.0837
388.749 23.1468
386.179 23.4158
402.15 22.8821
408.277 23.0356
444.825 22.7675
438.677 23.2215
438.851 23.4168
427.811 23.4012
423.424 23.3628
433.829 23.2005
409.196 23.2001
395.816 23.3431
422.114 22.9033
442.99 23.1948
433.253 22.8014
399.453 23.3771
388.214 22.9666
378.176 23.0845
358.104 22.9673
404.224 23.0274
410.367 23.5425
405.27 23.6377
411.323 23.5894
471.039 22.9956
429.798 23.0744
429.798 23.193
403.098 23.0856
348.33 23.2529
397.106 23.2168
413.522 22.8116
367.809 23.0056
394.276 23.7065
394.032 23.5235
399.824 22.4538
409.962 23.085
427.708 22.9604
458.837 22.828
436.636 23.0297
499.703 22.8156
507.441 22.7675
480.059 23.2022
516.532 23.4401
510.734 23.5116
510.734 22.9341
484.882 22.6838
409.737 22.9923
473.376 23.2675
470.083 22.6376
496.227 22.6548
461.05 23.2655
460.341 23.5922
484.697 23.7678
469.344 23.5466
506.443 23.2117
437.373 23.154
409.499 23.4228
422.075 23.3244
422.075 23.1916
430.164 23.0284
437.584 23.7098
428.911 23.63
406.105 23.0878
433.081 23.1237
466.572 23.4941
466.572 23.2717
498.352 23.2278
448.22 23.6707
448.22 22.8531
416.629 23.136
422.602 23.2664
417.261 22.7969
402.556 23.169
437.913 23.3091
405.747 23.3093
386.011 23.3149
401.675 23.2492
371.673 23.148
371.943 23.3254
364.973 22.8399
369.645 22.9855
369.645 22.9748
385.772 22.9452
401.109 22.9898
401.109 23.3131
395.246 23.4278
442.185 23.0521
384.059 22.976
363.609 22.9423
388.725 22.6804
418.347 23.3421
413.742 22.6985
420.639 23.0569
405.325 22.7451
426.679 23.3738
390.046 23.1823
401.33 23.1382
397.3 23.0569
421.703 23.092
426.854 23.0223
408.852 22.7352
416.819 22.7113
445.459 22.7947
436.61 22.9627
423.724 23.1378
422.948 23.0475
400.176 22.4689
450.847 22.8967
424.816 23.2834
437.404 22.6054
442.637 23.1027
439 22.6774
409.961 23.1854
423.947 23.6794
423.026 22.6031
425.889 23.4165
430.131 23.2888
439.58 23.0827
465.217 22.9928
455.382 23.2045
430.662 22.7364
412.581 22.7015
430.971 23.1189
456.724 23.0797
479.627 23.2314
440.186 23.3369
439.81 22.9207
454.946 23.373
490.451 23.2675
431.04 23.3359
459.759 23.1908
459.696 23.1358
464.854 23.264
441.533 22.9905
409.719 23.2721
417.869 23.3509
429.081 23.356
373.466 23.5124
452.468 23.0003
461.637 23.3609
467.514 23.2683
494.359 22.866
470.577 23.1018
470.497 23.1673
485.851 23.5108
458.516 22.8639
476.937 23.1112
479.454 23.2534
466.094 23.0726
441.708 23.3376
429.689 24.1513
461.697 22.8025
496.616 23.1944
460.255 22.8838
473.799 23.028
472.455 23.3223
474.1 22.9817
489.505 22.7966
453.302 22.9328
410.748 23.4135
471.679 22.9458
471.679 23.3769
467.008 23.0315
450.593 23.826
464.405 22.9264
462.033 23.3254
512.57 23.1919
489.739 23.3005
516.331 23.3605
507.883 22.88
520.319 23.5632
429.286 23.2043
426.803 22.857
425.685 23.1069
454.979 23.3694
511.913 22.8533
463.757 23.0644
439.787 22.9992
458.256 23.4223
464.015 23.0196
477.367 23.0097
473.139 23.0794
476.069 23.2499
412.373 22.9804
429.283 22.7424
424.57 23.1852
412.577 23.2677
413.779 23.0499
375.693 23.0347
425.925 23.0085
427.967 23.0105
461.625 23.0102
471.612 22.8929
475.38 22.6908
460.407 22.6909
439.92 22.85
418.874 23.3723
383.372 23.033
389.915 22.9417
365.017 23.1386
357.458 23.1098
385.05 22.704
362.913 23.0246
336.307 23.4328
336.307 23.3369
345.58 23.2053
366.628 22.5137
385.397 23.3916
425.338 22.8801
418.723 23.2394
374.963 23.0011
407.302 22.9386
425.487 23.2926
402.038 22.8976
427.404 23.2028
438.502 22.8644
452.638 23.204
429.688 22.6209
404.103 23.2458
385.847 22.9513
386.196 23.4613
394.904 23.4471
416.805 22.5882
452.536 22.5868
455.069 22.6668
455.069 22.9387
422.098 22.9401
404.884 23.4067
418.754 22.8925
445.141 23.2422
432.908 23.0676
468.627 23.068
484.737 23.2989
466.822 23.0786
454.357 23.1191
422.186 23.1241
428.803 23.0756
423.56 23.4486
405.431 22.9607
415.728 23.6906
424.639 23.5593
414.873 22.6299
470.342 22.9287
455.197 23.2312
439.79 23.2052
435.766 22.9328
416.796 23.1335
414.724 23.1352
411.858 22.827
402.726 22.6224
395.087 22.6665
404.919 23.1454
442.196 23.0398
453.032 23.1956
467.115 22.7505
515.641 23.0906
434.813 22.929
474.321 23.1755
496.811 22.9941
503.921 23.3564
458.361 22.8048
435.388 23.3646
457.166 22.9674
392.632 23.003
392.632 23.0898
413.553 22.9328
417.734 22.8691
415.364 22.5793
423.365 22.5856
370.371 22.871
409.376 22.9234
437.944 22.6086
428.417 22.9924
408.687 22.9809
406.945 23.0297
406.945 23.0233
404.475 23.4719
441.317 23.0604
442.113 22.8036
456.33 23.6364
450.131 23.6581
460.073 23.3234
480.309 23.035
457.772 23.1409
455.119 22.683
492.059 23.1617
500.557 22.9828
492.706 22.5561
494.453 22.6558
493.775 23.133
477.666 22.9663
417.606 23.1117
417.606 23.0475
394.849 23.4728
439.148 23.0034
439.148 22.6445
434.291 23.0651
427.747 22.5165
467.343 23.1272
407.919 23.6605
424.38 22.9064
469.357 22.8459
417.652 22.5324
438.851 22.6681
450.947 22.7265
429.767 23.2544
468.654 23.1326
447.268 22.9708
457.201 22.9574
446.69 23.3314
514.819 23.0246
505.138 23.2098
510.849 22.9007
527.637 23.2887
530.416 23.2251
562.682 23.0801
572.486 23.28
544.638 23.0258
561.279 22.9339
543.762 22.6722
508.737 22.7301
574.741 23.3327
519.579 23.2736
511.979 22.9382
509.006 22.9187
550.617 23.3746
537.365 22.6916
553.343 23.1248
566.423 23.1994
515.517 23.657
480.299 22.9394
496.171 22.9427
474.278 23.6246
445.488 23.7082
424.546 23.2256
425.867 23.1057
438.381 23.0389
439.842 22.7776
447.738 23.346
444.72 23.0711
464.142 23.225
467.328 22.6035
462.434 22.7311
488.085 23.0435
472.356 23.4983
498.028 22.7913
526.288 22.7373
533.149 23.4793
591.627 23.6208
577.182 23.1469
473.605 23.2983
478.899 22.9803
434.158 22.9803
489.707 23.2257
487.037 23.0011
539.407 22.8964
518.683 22.9645
532.893 22.9076
516.413 23.3132
488.037 23.5209
498.595 23.2037
491.085 23.7629
482.827 23.3387
504.257 22.9649
504.974 23.3697
513.13 23.1597
497.804 23.3342
457.804 23.0001
482.617 23.032
484.385 22.8992
444.333 22.9072
484.372 23.2163
520.952 23.1932
502.354 22.932
541.743 22.8115
509.823 22.9619
502.875 23.1585
473.259 23.1782
475.761 22.7421
449.008 23.2544
441.402 23.2299
428.655 23.3241
413.977 23.7969
420.415 23.2876
388.522 22.9228
390.406 22.8732
436.53 23.2531
451.468 22.9691
417.219 23.6504
393.722 23.43
384.838 23.162
431.252 23.4581
402.143 22.94
390.63 22.695
400.52 22.9409
408.932 23.2922
420.59 22.822
444.511 23.201
440.175 23.3335
422.184 23.081
424.471 23.2459
403.086 23.1706
414.526 23.0187
371.987 22.6936
353.123 22.8942
363.723 23.4528
378.028 23.1366
397.188 23.4922
424.438 23.6842
450.396 23.1068
412.601 22.8531
452.434 23.4303
436.462 23.0324
441.718 22.8824
445.408 22.7684
425.055 23.2374
428.112 22.1607
419.993 23.0475
418.917 22.5511
435.61 22.5511
431.476 22.8439
436.564 23.3043
429.629 23.0993
444.435 23.1327
439.513 22.7521
433.522 23.1952
435.238 22.8637
434.179 22.995
449.417 23.3255
413.138 23.4089
446.782 23.3428
444.197 23.4752
487.166 23.121
458.538 22.9186
423.119 23.3684
444.775 23.4918
443.463 22.7451
445.435 23.5098
447.925 23.4209
448.583 23.2624
419.895 23.032
397.974 23.0086
400.532 22.6202
383.493 23.4057
417.901 23.3214
408.921 23.3837
398.054 22.954
387.953 23.5207
365.553 23.38
365.553 23.3954
365.553 23.4643
370.072 23.1429
346.849 22.9958
407.889 23.4289
384.313 23.2057
394.29 22.4693
439.296 22.8799
445.61 23.2709
463.804 23.2058
480.435 23.0011
500.401 23.4692
453.555 22.7007
466.268 23.3756
445.047 23.203
391.122 23.3948
386.946 23.4176
404.74 22.9074
358.309 23.5167
366.677 23.5167
362.663 23.4016
414.593 23.2413
451.129 23.3335
443.782 23.1187
419.542 22.9804
443.377 23.2489
452.709 23.0552
425.864 23.0176
471.916 22.976
512.156 22.9775
502.461 23.0396
492.808 23.1441
508.394 23.5348
491.402 22.8904
461.314 22.7963
443.955 22.9653
430.995 23.1142
466.752 23.6073
479.121 23.5022
485.233 22.9963
469.825 22.9484
416.164 23.116
452.169 23.0803
424.401 23.4891
418.938 23.3051
400.922 23.4286
425.247 22.589
393.565 22.4463
432.711 22.2398
408.999 22.9408
408.999 23.0429
417.008 22.9239
440.202 23.2044
484.915 22.896
497.599 23.0922
500.647 22.7984
499.366 22.9602
486.894 23.7725
532.957 23.1015
507.722 23.08
502.166 23.1359
497.435 22.931
498.472 23.0844
495.347 22.9677
473.921 23.1136
450.578 22.7291
442.177 23.2749
383.502 23.2146
383.358 23.4524
385.703 23.1467
422.583 23.1526
349.037 23.1536
312.91 23.1242
353.217 22.8561
359.238 23.3519
360.676 23.4789
352.026 23.3998
377.224 22.7859
397.851 23.0445
391.403 23.7026
425.653 23.2407
489.54 23.5125
480.42 22.5988
467.625 23.1241
443.971 23.1866
417.93 23.6585
402.62 23.1318
418.032 22.6989
434.981 23.1668
421.934 23.2419
433.57 23.2601
421.258 23.1415
413.587 23.3968
426.917 23.1604
434.872 23.0533
434.305 23.34
448.339 22.8576
428.69 22.8428
414.627 23.0445
403.8 22.9776
463.078 22.8447
442.461 22.5518
463.924 23.2111
472.662 23.5127
441.703 23.4081
443.634 22.749
455.002 23.5689
469.449 22.8373
469.618 22.8009
463.412 22.8128
464.37 23.1117
447.053 23.0685
432.663 23.0243
432.663 22.7949
407.897 22.6299
386.012 23.0679
396.529 23.4367
393.07 23.0755
364.921 23.224
395.731 23.0304
395.731 23.3582
381.285 23.3827
381.285 23.1575
356.734 22.9685
351.302 23.0188
398.597 22.9743
361.884 23.2858
378.477 23.2866
357.769 22.9006
376.975 23.1601
376.975 22.8916
386.887 23.2321
386.887 23.3731
388.046 23.0157
401.009 23.0188
403.378 23.1779
403.537 23.3998
405.36 22.8883
403.797 23.1092
413.097 23.107
415.239 22.9342
422.438 22.6476
418.721 22.9131
418.448 23.2557
411.665 22.8416
417.014 23.672
414.888 23.1803
416.457 22.9068
415.5 22.587
377.967 23.5103
388.421 23.0754
429.895 23.5792
416.067 23.5265
429.578 23.7347
458.232 22.9479
473.584 23.1329
494.855 22.5144
421.225 22.6731
450.11 22.5152
448.062 23.0228
429.315 23.5415
446.824 23.2943
446.23 22.5117
430.521 22.9184
445.875 22.4066
468.168 22.873
470.759 22.9899
480.811 23.4717
487.561 23.3779
481.006 23.711
476.185 23.2313
421.441 23.2174
365.534 23.3096
365.534 23.4429
365.534 22.7529
446.656 22.7835
472.631 22.797
444.526 22.6515
387.873 23.5403
377.801 23.0263
374.66 23.3933
374.66 22.9385
339.302 23.0837
339.302 23.4108
382.507 23.4843
364.723 23.413
339.528 23.7004
430.221 23.3718
423.825 23.158
441.331 23.5453
493.848 23.2558
518.641 23.0653
469.901 23.2183
463.826 23.2237
463.826 23.1256
467.049 22.7851
461.471 22.9216
476.117 22.9327
448.617 23.1905
488.516 22.7293
448.912 22.8777
424.162 23.0718
430.3 23.0909
468.966 23.6065
449.507 23.4503
477.361 23.0855
477.306 23.2989
474.434 23.3512
485.223 23.3497
462.974 22.8202
472.048 23.1075
463.701 23.1996
463.701 22.7856
506.958 22.7728
483.724 23.2024
494.147 22.6332
494.649 23.2232
467.994 23.4084
515.939 23.2252
472.624 23.5578
470.464 23.2506
469.429 23.2276
443.342 23.1968
432.634 23.1973
441.595 23.5527
409.859 23.1929
393.814 23.2144
408.504 22.5657
411.534 23.4181
438.266 23.0776
434.024 23.1573
437.919 23.4601
435.005 23.1212
454.297 22.9839
463.062 22.8413
430.905 22.4452
414.394 22.2496
411.49 23.3145
401.185 23.3785
420.008 23.15
403.737 23.2968
424.592 23.6806
420.674 23.1191
430.299 22.9818
415.797 22.8814
356.888 23.2567
386.523 23.2542
388.361 22.7048
388.361 22.7587
392.947 23.4653
384.438 23.2497
403.778 22.904
446.278 22.7494
432.608 23.1026
486.169 23.337
483.503 23.531
459.578 23.1958
459.356 22.8607
467.068 23.7161
465.137 23.2835
468.317 23.2211
440.734 23.146
421.773 22.9749
428.747 22.641
468.194 22.9017
472.871 22.9209
449.575 22.6788
463.372 23.4633
421.606 22.5203
430.82 22.8885
388.848 23.1177
408.834 23.124
426.346 22.6282
468.673 23.7166
458.435 23.0016
450.031 23.2419
427.613 23.0628
416.642 23.2503
363.449 23.1735
390.044 23.3122
453.124 23.0758
437.776 23.5668
447.08 22.791
457.357 22.9631
461.579 22.6191
434.821 23.0446
460.55 23.0385
447.751 23.0342
451.114 22.9072
465.151 22.7579
440.87 23.0957
449.853 23.1116
492.044 22.7142
446.219 23.1859
403.283 23.441
420.769 23.4042
408.964 23.0642
441.512 23.4298
394.059 22.9852
373.873 23.2485
384.219 22.9996
384.219 23.139
396.24 23.4515
396.24 23.2533
464.227 23.2527
429.389 23.026
429.389 23.4102
436.409 22.9443
441.012 23.0178
463.432 23.4156
407.799 22.9092
427.58 23.037
424.826 23.1863
435.656 22.7169
415.111 23.4635
413.246 23.3712
418.949 23.1496
480.371 23.357
498.883 23.2344
505.622 23.2989
490.185 22.9583
521.594 22.7417
474.272 23.282
493.546 23.3654
494.624 22.8599
491.645 22.7446
492.97 22.8374
495.652 23.0952
485.37 23.4167
446.019 23.0387
451.793 23.1033
430.633 22.9942
420.672 23.2083
410.273 23.1564
411.603 22.9178
467.46 23.4098
471.409 22.9111
449.999 23.1589
467.433 22.9914
464.422 23.2839
467.322 22.8392
450.725 23.0324
411.666 22.8242
411.666 22.5843
405.595 22.6075
451.13 23.1974
452.414 23.2474
471.388 23.0012
524.147 22.7244
474.913 23.1915
496.577 23.5647
493.232 23.2163
509.913 23.1486
528.135 22.8529
476.453 23.1307
489.252 23.3062
486.69 23.1861
499.146 23.3936
526.885 23.4564
503.599 22.921
499.148 22.8698
443.981 23.5548
453.241 23.0996
498.539 23.1309
499.992 22.7427
521.137 23.1632
520.985 23.312
479.506 23.3205
529.343 23.3455
514.772 22.7303
400.092 23.1377
443.603 23.5654
457.291 23.2281
460.731 23.6404
485.727 23.4587
482.588 23.425
533.159 23.0992
542.167 22.841
542.167 22.8296
504.891 23.0731
515.559 22.8725
506.17 22.9154
530.079 22.9207
528.449 22.9711
535.007 23.3306
523.988 23.2962
523.988 23.3895
581.852 23.3708
469.05 23.0903
429.505 23.3677
493.261 23.2007
433.384 23.2748
438.576 23.2616
434.158 23.0484
479.582 23.2932
426.329 23.1308
425.673 23.7544
413.666 23.0528
403.508 23.3001
435.677 22.9906
463.854 23.0349
455.305 23.1864
358.859 22.9074
346.43 22.8583
391.37 22.8587
399.417 23.2274
402.127 23.052
400.918 23.1905
399.517 22.8748
392.096 23.2842
405.725 23.1583
406.548 23.0713
404.885 23.2027
404.608 22.3394
418.499 22.4659
416.896 22.9058
425.932 22.9443
436.475 22.6013
424.341 23.3449
426.457 22.781
420.418 23.032
419.015 22.8901
467.555 22.7096
484.635 22.7758
457.746 23.3166
420.955 22.9038
457.191 23.3187
436.106 23.1255
448.26 23.1539
455.755 22.9042
465.147 22.0461
466.7 23.5464
495.966 23.3548
453.054 22.6569
475.715 22.507
447.818 22.8757
413.501 22.4709
428.614 22.9667
388.905 23.2534
428.837 23.4097
423.719 23.1116
421.311 23.1579
432.47 23.2233
424.117 23.1608
426.282 22.6749
428.298 23.2601
423.079 23.1093
436.986 23.2035
465.279 23.2607
470.175 22.6846
434.917 23.1986
369.815 23.2561
377.367 23.3422
404.856 23.1117
466.937 23.1689
481.763 23.2082
488.017 22.9473
491.227 23.1384
508.029 22.5369
473.207 22.7083
437.535 23.178
434.44 23.0982
433.48 23.4953
434.544 23.3642
429.768 23.4634
426.165 23.0793
446.733 23.2975
484.535 23.0281
424.989 23.3517
427.625 23.0875
412.579 22.7756
404.286 22.9928
397.055 23.3404
435.107 23.4642
464.49 23.3845
462.398 23.0201
452.976 23.0605
449.756 23.1919
378.97 22.7606
387.068 23.1148
418.158 22.9969
415.421 22.9975
428.934 23.0851
433.483 23.3038
422.426 22.8947
415.229 22.8858
440.557 23.0227
427.636 22.3916
437.28 23.5346
434.334 23.331
417.562 23.5717
406.051 23.2517
494.505 23.2014
518.158 22.5673
514.095 23.5595
506.446 23.0954
490.213 23.4465
489.572 23.4027
474.235 22.7329
454.811 23.0064
491.844 22.9132
535.72 23.341
500.283 23.2271
453.793 23.441
484.29 23.1488
452.62 23.2957
413.485 22.9182
398.732 23.3588
372.757 23.0268
431.344 23.3985
417.826 23.1911
403.551 23.4642
403.788 23.6495
392.383 23.2548
359.697 23.1887
333.11 22.7722
303.478 23.236
305.011 22.8297
316.438 23.0812
326.561 23.2331
314.384 22.9968
328.744 23.2482
341.067 23.0432
341.067 22.7322
341.067 22.8705
352.26 23.6273
358.973 23.2737
378.33 23.1145
377.113 23.4274
415.633 22.8374
423.813 23.7678
394.941 23.1648
394.941 23.0464
393.188 23.3593
411.699 23.04
410.146 22.8008
396.598 23.2857
468.384 23.2566
492.853 23.3576
494.291 23.0195
451.532 23.1326
421.689 23.125
390.967 23.0665
398.851 23.0337
377.721 23.0606
403.634 23.2103
366.892 22.8948
374.646 23.173
361.738 23.0515
381.848 23.1729
376.657 22.9878
402.277 23.6117
383.251 23.247
375.003 23.1914
405.117 23.0454
431.58 22.8238
429.911 22.8344
452.939 22.9098
498.389 22.6041
510.504 23.0742
439.575 23.6775
462.166 23.0589
465.63 23.1975
454.289 22.6137
427.6 23.5095
455.675 22.9021
451.072 23.3048
426.404 23.3941
426.404 23.2714
404.388 23.1016
389.544 23.4753
389.159 23.4087
394.994 23.1943
416.19 23.2812
432.794 22.8348
393.968 22.5872
424.232 23.0385
389.288 23.3936
404.27 22.8915
401.673 23.0496
384.735 23.3967
423.649 23.1745
395.123 22.9613
390.023 23.3715
414.374 23.1022
417.762 22.6973
395.86 22.9078
422.146 23.524
429.156 23.159
437.575 23.2449
437.575 23.027
394.992 23.1628
413.556 23.3763
431.23 23.4026
429.436 23.8457
415.862 23.5039
429.252 23.2695
442.411 22.5715
443.898 22.9855
448.768 22.7306
451.625 22.8353
443.282 22.8346
413.216 22.9441
406.52 23.1684
405.195 22.869
403.624 23.3446
396.804 23.4701
405.125 22.6893
410.357 22.4974
451.503 22.4881
494.828 23.273
506.736 23.2506
468.004 22.7914
457.483 23.3022
487.133 23.4017
408.124 23.0891
429.595 23.018
421.041 23.2866
419.96 23.3209
419.263 22.5924
401.769 22.6716
349.164 22.687
383.266 23.0046
402.532 22.7581
387.504 22.4545
365.36 22.9173
376.439 23.7713
393.891 22.9664
377.875 23.2398
391.227 23.3295
387.405 22.6196
374.83 23.0565
354.546 22.9927
351.041 23.0743
332.443 23.1596
423.782 22.8033
402.534 23.5384
390.814 22.468
399.504 23.3639
425.496 22.997
396.616 22.8444
436.005 22.9354
401.68 23.3991
422.846 23.2411
420.913 22.753
442.665 23.0207
428.912 22.8008
455.687 22.7681
419.443 23.1182
386.222 23.5646
389.779 22.7634
400.548 22.9721
392.743 22.9922
393.101 22.8242
370.846 22.5988
383.424 22.8304
393.038 22.6694
467.46 22.9318
463.866 22.7718
442.427 22.921
472.543 22.6828
495.391 23.0123
512.312 23.0109
511.883 23.284
487.572 23.1613
484.819 22.8767
444.886 23.1423
454.153 23.5031
485.347 22.535
481.673 23.3177
465.381 22.5403
472.967 23.0354
447.212 23.072
449.91 23.1173
454.543 22.7066
461.554 22.9084
477.483 22.8692
543.025 23.3174
462.505 22.9817
468.008 23.4511
468.008 23.2782
450.409 23.8877
459.622 23.0932
468.975 23.6958
437.025 22.8945
458.135 23.2746
506.197 23.0708
424.867 23.1454
379.852 23.5855
389.45 22.7722
397.721 23.0981
398.797 22.8367
411.923 22.701
427.264 23.1777
480.211 23.0888
489.043 23.1106
505.28 23.4637
552.299 22.7128
569.114 22.8578
535.927 23.2327
513.984 22.986
527.535 23.3382
477.828 23.166
453.802 23.3144
448.668 23.2759
431.144 23.0961
440.537 22.7471
451.67 23.499
462.18 23.2166
508.982 22.6596
508.25 22.5976
519.813 23.3921
502.629 22.6186
474.354 22.9224
518.247 22.9034
517.673 22.6515
498.199 23.7857
506.579 23.2056
508.196 22.9969
546.179 23.04
527.533 23.2864
534.001 23.3352
535.679 23.2407
534.187 23.2541
498.455 23.7017
507.735 22.8491
494.897 23.1717
479.803 23.2529
407.742 23.1014
405.884 23.0492
440.394 22.7601
474.75 22.7739
458.781 22.9197
472.314 23.2435
479.465 22.5557
510.538 22.8087
470.712 23.3827
440.088 23.2606
500.465 23.3487
417.986 23.3863
456.568 23.2517
470.232 23.119
451.227 23.184
479.473 23.3634
404.339 23.043
407.504 23.1833
414.471 22.9892
427.046 22.8455
366.358 23.0564
393.994 23.2255
409.343 23.0913
394.445 23.3062
400.777 23.525
389.557 22.8026
392.325 23.1101
432.318 22.938
477.231 22.6887
423.406 22.829
410.096 23.2373
435.547 22.9866
413.732 22.8757
433.018 22.5936
432.122 23.2542
403.089 23.0049
388.481 22.9103
368.462 22.9472
406.491 23.2211
402.759 23.1118
414.539 23.0172
421.849 23.1166
398.979 22.931
391.717 22.544
353.585 23.4952
417.621 23.428
385.655 23.3413
386.586 23.1185
386.586 22.9009
413.076 23.2239
427.189 22.8129
421.63 22.8552
428.083 22.7012
419.26 23.1975
410.985 23.0897
399.383 23.3424
414.879 23.2203
391.708 23.3684
402.788 22.9416
409.731 23.7606
407.697 23.2973
432.857 22.9682
417.509 23.1669
446.229 22.5066
500.109 23.0247
483.028 23.2058
462.303 22.7386
448.671 22.8644
420.476 22.7549
427.047 23.2167
386.881 23.156
410.519 22.7741
423.131 22.9203
402.92 23.1913
423.97 22.7582
421.984 23.2693
429.352 23.3824
429.649 23.1521
426.214 22.5731
419.74 23.0983
453.032 23.7145
438.38 23.0133
448.794 23.2517
389.255 22.9493
422.762 23.2108
433.255 23.6546
400.252 23.3774
410.155 23.5851
434.258 22.7893
411.65 22.6056
401.533 23.0928
378.977 23.3273
365.273 22.9932
365.273 23.2131
365.273 23.1325
397.245 23.324
397.245 23.2819
463.231 23.4355
453.795 22.6327
428.461 23.1333
410.152 23.1647
466.232 23.2115
510.752 22.6189
480.321 23.2999
441.328 23.0519
494.31 23.4047
466.834 22.9185
435.963 23.3553
455.755 22.7578
460.844 23.2677
494.876 23.2734
455.968 22.9335
454.316 22.9979
448.746 22.8893
465.629 22.9013
485.534 22.9211
524.179 22.8915
507.795 22.9275
484.429 22.6956
446.565 22.9127
448.914 23.3956
456.478 23.267
468.167 23.248
408.307 23.2649
423.389 23.2337
420.637 23.0833
417.705 22.931
432.242 23.3222
410.541 23.1895
426.629 22.88
398.328 23.6569
398.328 22.4269
386.984 22.7407
424.387 22.9989
414.609 23.3421
402.732 23.3606
410.704 23.1304
403.179 22.9641
459.805 23.4848
436.083 23.5448
457.253 22.7365
464 22.9919
489.671 22.9963
474.252 22.9942
462.319 23.5629
472.701 23.3674
454.14 22.6392
442.403 23.2132
456.379 23.7008
489.567 23.8286
477.981 23.762
481.498 23.0194
507.355 23.2154
452.154 23.2313
495.569 22.9209
477.095 22.924
462.591 23.059
478.542 22.8961
465.961 23.2599
452.728 23.1304
454.033 23.1758
427.734 23.1288
415.622 22.6325
406.242 22.7899
424.487 23.0896
362.868 23.1026
357.012 23.0533
318.805 23.0255
336.489 23.8121
337.434 22.9131
357.647 23.3141
371.358 23.2477
378.161 23.0853
404.561 23.1576
463.445 23.3783
442.822 23.3555
433.35 23.1122
435.036 23.2036
434.983 23.35
475.92 23.3207
472.357 22.7514
416.469 23.2073
455.852 22.854
452.504 22.9231
442.892 23.159
455.157 22.9226
450.419 23.2509
455.843 22.6888
435.023 22.6481
396.563 23.3109
444.274 23.0905
452.615 23.4066
461.36 23.0514
479.506 22.8802
482.918 23.0651
462.99 22.8014
458.05 22.9062
467.534 23.1962
469.554 23.1538
474.464 22.7518
471.919 23.1983
493.455 22.747
459.473 22.6535
482.935 22.9161
479.18 23.0947
467.409 22.8965
466.608 22.9373
459.414 23.5158
495.191 23.085
480.012 22.9567
476.747 23.2265
451.021 23.1628
435.604 23.105
416.085 23.5061
433.532 23.1178
437.452 22.8403
447.075 23.155
442.364 23.2494
446.933 22.9078
448.79 23.5039
443.475 23.2647
453.377 23.6525
456.913 23.0247
460.429 22.9547
412.146 22.5891
438.132 23.2715
430.217 23.5681
433.874 23.4405
474.245 22.8655
489.587 23.1567
527.315 23.1407
559.339 22.8171
539.221 23.4166
515.045 22.9617
593.249 23.5377
576.364 23.0425
619.25 23.0276
613.715 22.9864
622.751 22.697
595.027 22.7955
575.437 23.6637
472.525 22.7636
404.797 22.8821
416.174 22.9176
405.633 22.9263
381.252 22.9556
390.159 23.0631
403.382 22.9819
418.464 22.8238
459.61 22.9859
481.568 22.8669
498.861 23.146
468.995 23.2803
432.271 23.4452
417.943 23.4715
375.448 23.4239
473.891 22.6466
446.248 22.7847
434.609 22.7432
451.62 22.6804
489.456 22.6542
414.12 23.5122
422.341 23.4425
438.536 23.0873
456.138 23.1155
417.913 23.2011
441.7 22.9563
456.896 23.2033
476.844 23.1971
463.036 22.7535
474.549 23.1347
492.473 22.8141
486.744 22.8242
496.458 23.8513
437.132 22.8297
455.739 22.8059
475.673 22.7569
485.457 23.0774
471.221 22.9128
530.514 23.4794
504.119 23.0699
468.156 23.0887
487.704 23.5466
409.751 23.1889
428.66 23.3537
402.612 23.0585
404.191 23.2758
443.633 23.028
409.106 22.7861
386.713 22.8393
416.692 23.1996
420.213 23.426
469.51 23.0878
464.591 22.6227
462.732 22.9172
463.979 22.6791
461.188 23.2508
444.073 22.9401
450.72 22.9359
468.702 23.0811
492.423 23.1847
503.175 23.1498
520.427 22.9482
485.169 23.3307
502.601 23.1771
482.304 23.1313
490.338 23.3396
461.427 22.736
436.034 22.8117
439.922 23.4676
425.952 23.2153
407.881 22.5597
372.104 22.5087
407.495 23.271
405.265 22.7137
419.839 23.1992
434.477 23.5388
400.391 23.1147
406.48 23.0388
411.509 23.4645
407.696 22.3878
439.011 22.6858
439.637 22.9333
400.814 23.1737
420.81 23.7061
409.988 23.364
453.198 22.5552
411.97 23.1826
398.585 23.8944
406.947 23.0796
406.947 23.1256
390.506 23.4676
388.056 22.8359
382.904 22.7831
376.777 22.8555
390.58 22.7672
434.561 22.8825
437.193 23.4495
387.875 23.3299
389.187 23.2735
421.492 23.179
429.406 23.3793
449.554 22.9642
453.64 23.3876
438.102 22.9643
431.473 22.8943
439.635 23.2547
427.68 22.7381
387.536 22.7381
382.545 22.4215
386.608 22.7394
387.402 23.5286
402.549 22.3681
377.532 23.383
377.532 22.7487
410.924 23.5127
419.086 22.7617
403.87 23.4699
404.038 23.1418
404.083 23.7094
404.245 22.5054
400.492 23.0354
401.169 23.0981
444.867 23.955
460.791 23.3895
421.575 23.0983
451.424 22.9877
441.169 22.6202
471.903 23.3252
486.366 22.8105
445.423 23.0225
444.292 23.0665
448.965 22.601
454.398 23.1718
438.224 23.3779
487.515 23.1444
480.782 22.9547
489.023 23.1659
530.812 23.1661
525.812 23.1632
524.085 23.1936
533.307 22.7682
518.288 22.7731
492.42 22.4794
493.175 22.7032
493.959 23.1155
479.065 23.4786
500.965 23.206
512.138 23.0726
469.866 23.0929
476.162 22.8035
454.865 22.9759
450.677 23.0182
439.856 22.9592
427.734 23.4665
398.845 22.8459
460.35 22.9225
427.33 22.8815
408.303 22.6382
440.482 23.3572
432.432 23.6951
415.147 22.9768
413.617 23.3819
401.106 22.4062
412.607 23.003
431.129 22.4871
474.58 23.0743
472.046 22.9252
451.998 23.2121
453.072 23.14
451.531 22.9953
422.333 22.5928
414.661 23.537
419.318 23.2564
382.658 23.2516
388.516 23.2399
399.591 22.9047
387.543 22.864
415.15 23.1262
426.659 23.5098
413.187 22.9801
386.349 22.9781
366.338 23.4275
382.675 23.131
361.138 23.09
353.494 23.525
335.406 23.2618
331.436 22.8317
313.283 23.0637
320.139 23.1232
366.44 22.9894
370.993 23.7091
340.975 22.9491
350.104 23.2157
353.556 23.1978
386.543 23.3246
385.897 23.025
401.689 23.2785
367.87 23.0025
348.349 22.8519
355.838 23.2597
360.858 23.4756
370.33 22.4616
372.833 23.4086
368.552 23.7092
320.427 23.2346
320.427 23.1666
325.257 23.1407
406.461 23.4073
408.426 22.7854
409.409 22.5171
415.027 22.8037
394.27 23.0221
425.164 23.1636
442.15 23.2325
436.59 23.2236
438.418 23.3147
459.77 23.3713
442.303 22.3481
441.205 23.0517
410.293 22.7067
414.283 22.9109
409.233 23.177
440.147 22.8742
448.569 23.176
438.574 23.0573
489.738 23.5536
466.119 22.9777
454.948 23.2553
447.86 23.0189
450.988 23.2963
426.395 23.2
418.728 23.5586
420.289 22.7797
413.234 23.4651
447.425 23.2316
454.586 23.1574
440.885 23.1068
492.512 23.0933
490.554 23.2545
489.895 23.2952
482.001 23.2636
479.383 23.1014
517.417 23.5702
451.147 22.8216
513.526 22.8521
478.526 22.8671
472.229 22.9079
434.541 23.2711
431.968 23.2557
435.453 23.2756
436.72 23.0786
474.948 23.2241
493.836 23.3858
478.703 23.4205
489.017 23.4211
455.22 23.4109
452.137 22.8337
497.684 22.9665
412.826 23.1348
405.325 23.2987
372.482 23.2062
349.3 23.0511
330.251 22.9748
341.746 22.8635
344.642 22.8554
344.642 23.2517
347.391 23.4675
378.213 23.3418
362.597 23.162
372.583 23.0848
391.972 23.1567
416.717 23.1288
383.665 22.7361
426.836 23.4915
482.061 23.0866
469.433 23.3642
478.427 23.0055
479.222 23.3819
491.564 22.7969
501.247 22.707
501.548 22.9964
498.423 23.3392
466.924 22.873
476.16 23.1956
473.304 23.5
471.302 22.7823
515.671 23.1891
503.89 23.103
510.953 23.2145
501.773 23.0954
467.179 23.1636
467.179 23.0633
470.166 22.5825
508.76 23.0147
494.205 23.0389
497.846 23.6127
497.059 23.1682
541.466 22.9512
542.247 22.9428
549.937 23.0702
495.658 23.0015
449.063 23.2124
434.569 23.1149
440.682 23.1917
430.572 23.1827
438.494 22.8264
447.247 23.1923
460.467 23.1043
473.884 23.5833
453.853 23.338
443.335 23.0495
472.108 23.7813
478.046 22.7969
468.331 23.3873
506.454 23.2378
492.59 23.3529
507.874 22.7674
502.397 23.3426
522.05 22.9985
458.936 22.691
446.902 22.9781
502.9 23.4978
511.762 23.0178
517.189 23.1448
507.19 22.8553
464.058 22.9408
495.536 22.6744
491.029 23.3881
470.931 23.5412
484.479 23.0618
500.064 23.1661
474.023 22.8827
442.87 23.0115
461.982 23.0715
465.329 22.964
475.448 22.9082
507.508 22.956
513.458 23.1797
482.457 23.3693
454.064 23.1505
440.908 22.9147
423.429 23.0759
413.631 23.7379
421.987 23.4053
385.569 23.3954
446.224 23.3455
452.386 22.5045
470.669 22.9241
456.728 23.2093
452.257 23.2733
436.069 22.8553
441.113 23.4299
437.564 23.5277
414.27 23.1988
421.227 23.0312
488.704 23.1386
472.47 22.9174
485.579 23.6414
494.87 22.7571
487.886 22.8599
455.69 22.9105
457.826 22.4742
472.781 23.4509
458.497 23.2006
471.839 23.0802
498.135 22.6419
532.712 22.9982
502.527 23.0593
515.863 23.0334
504.288 22.3543
460.497 22.4262
443.609 22.5613
480.651 23.271
467.338 23.3555
473.928 23.0204
499.502 22.8226
455.073 23.3478
478.005 22.7927
462.601 22.5872
457.892 22.6892
496.838 23.0959
487.664 23.183
465.585 23.1118
466.265 23.0167
503.364 23.0346
485.353 22.8291
577.04 23.2696
558.445 23.0604
558.445 23.009
533.816 23.0976
551.232 22.7692
562.128 23.3372
459.205 23.3387
415.237 22.9062
432.651 22.6205
436.266 22.8752
419.408 22.4957
450.284 22.8337
432.859 22.9961
436.262 23.2673
425.809 23.5579
411.75 22.6653
409.999 23.2418
413.79 23.3635
457.454 22.3982
456.122 23.4537
456.061 22.6986
463.753 23.2606
429.141 23.4842
441.913 23.2334
465.325 23.1559
434.001 23.2296
424.015 23.1444
417.965 22.9709
415.915 22.8522
431.748 22.9126
486.434 22.9712
487.06 23.3154
510.959 23.443
561.361 22.8605
573.633 23.1248
586.33 23.2672
542.667 23.5786
501.253 22.7515
499.754 22.6809
503.042 22.9709
477.949 23.0215
523.078 23.6086
466.337 23.4633
459.067 22.649
471.384 23.1923
447.948 23.2839
468.995 22.3588
485.359 22.6492
444.232 22.9045
438.371 22.8947
446.484 22.7213
454.38 22.7674
459.301 23.5456
415.942 23.7921
405.742 23.4646
411.822 23.3653
419.199 23.0456
408.054 23.4226
407.48 23.0893
423.509 22.8416
445.281 22.8001
443.479 23.2687
458.043 22.0602
397.143 23.1414
427.621 23.4667
447.41 23.106
403.885 23.1207
480.71 22.2625
472.256 23.1994
457.454 22.6286
451.65 23.2108
377.655 23.1049
363.533 22.9969
310.947 23.2688
303.002 23.1198
353.071 23.543
342.568 22.6859
430.353 22.9451
424.909 22.6269
420.457 22.9769
408.671 22.8312
409.829 23.1039
448.264 23.6941
422.547 23.1039
445.632 22.888
526.19 22.6615
493.287 23.079
485.261 23.2689
480.198 23.2034
471.233 23.2505
450.339 22.5974
449.19 22.8861
476.738 23.288
504.024 22.9065
476.497 22.7983
495.608 23.2308
499.066 23.0932
496.131 22.5868
502.558 23.5893
496.944 22.9237
477.258 23.3707
488.656 23.1534
518.634 22.4707
511.387 22.9293
465.6 22.7923
461.654 22.7286
483.391 23.3671
490.681 23.5885
424.584 22.7562
412.227 23.1117
424.108 23.1393
436.544 23.1389
416.887 23.0052
394.693 22.7068
403.963 23.601
399.043 22.7761
418.952 22.8702
449.165 23.7961
419.114 23.1207
409.297 22.6816
444.088 23.6827
419.407 22.5086
426.417 23.3593
443.973 23.0092
443.973 23.3574
406.385 22.8537
433.764 23.024
396.24 23.0197
404.576 23.1649
418.307 23.1899
438.792 23.2006
485.921 23.0973
466.075 23.3423
479.81 23.0263
503.636 22.7549
501.047 23.2443
571.276 23.1779
503.602 22.7669
490.789 22.9002
490.789 22.8702
446.694 22.9319
463.93 23.1337
426.771 23.2024
467.78 22.984
481.974 23.0744
481.974 22.2668
437.677 23.39
455.442 23.5239
471.838 23.2075
477.98 23.1275
465.996 22.9259
490.403 23.6897
477.33 23.2875
466.331 22.8469
513.371 23.0011
513.371 23.0431
472.544 23.3557
443.328 23.0003
429.934 23.455
409.788 23.5193
426.028 23.1631
508.179 22.3955
473.007 22.817
482.439 23.1699
431.773 23.2214
414.027 23.3733
418.928 22.8084
433.172 23.3141
432.628 22.7888
459.562 22.9196
492.791 23.4534
480.046 23.9066
476.956 23.5771
456.935 22.913
440.618 23.1866
455.164 23.0802
473.324 23.4285
452.436 22.7986
414.437 23.1023
403.255 23.0247
408.548 23.3455
380.552 22.525
434.504 22.8836
484.826 23.0341
510.388 22.9187
490.11 23.1132
546.808 23.3989
527.16 23.4667
503.642 22.7993
511.38 22.9283
531.128 23.7727
540.686 23.0752
514.655 22.9312
478.301 23.2731
502.312 22.973
488.888 22.5028
493.877 23.3573
510.878 23.2282
490.201 23.1233
486.351 23.2718
457.079 22.9561
460.774 23.4298
453.817 23.1156
461.399 23.0605
450.428 23.0198
449.866 22.9526
442.321 22.557
450.029 22.9367
460.714 22.7289
422.309 23.1139
415.864 23.2286
387.131 22.8512
391.002 22.899
433.66 22.8722
401.151 23.0785
394.042 22.986
383.723 23.6615
400.236 23.4511
364.96 23.5823
406.372 23.5862
430.95 23.129
411.384 23.2626
446.11 23.4065
459.557 23.4994
428.952 23.457
440.116 22.9902
445.887 23.1926
407.338 23.2452
402.047 23.4696
417.818 23.4421
390.429 22.8224
395.802 23.2591
408.872 23.3259
421.872 23.4432
429.672 23.7044
469.306 23.4524
468.952 23.0757
409.422 23.3564
410.969 23.5196
411.307 22.8616
402.698 22.9951
404.003 23.078
392.345 23.2048
434.804 23.2743
437.641 22.9865
417.463 23.1772
409.527 22.6348
438.52 23.0435
443.703 23.0594
410.406 23.2675
417.794 23.419
454.538 23.1957
463.289 23.2013
431.639 23.7991
444.164 22.3386
469.854 23.4855
478.642 23.2495
512.826 23.2882
498.431 23.4459
493.308 22.9261
460.268 22.6796
429.387 23.0408
426.523 22.7117
468.308 22.9361
458.298 22.7775
448.69 23.146
458.054 22.723
458.317 23.1691
457.208 23.0772
480.812 23.146
462.596 23.5209
534.984 23.1603
521.422 23.1782
506.45 23.1716
531.502 23.3241
531.802 22.7526
533.815 22.9617
548.67 22.9262
484.838 23.3022
523.385 23.3008
460.593 22.7564
477.734 22.9422
497.434 23.5377
497.434 23.3112
486.558 22.8276
492.968 23.332
477.741 23.0582
497.795 23.1015
463.498 23.5399
399.297 23.5125
440.41 22.9262
416.299 22.639
406.362 22.7116
425.082 23.4388
424.777 23.4348
432.235 23.2119
436.424 23.5969
420.318 23.0643
447.395 23.378
447.124 23.1436
448.905 23.0568
457.355 22.8649
437.812 22.9285
405.297 23.2713
412.14 22.6054
430.442 22.3871
468.65 23.3302
444.275 23.1708
416.415 23.0612
421.662 23.4117
417.682 22.7765
412.845 23.2784
413.229 22.9754
424.344 23.2715
432.002 23.2854
448.061 23.3221
440.736 23.2856
453.727 22.6971
432.219 23.2028
413.529 23.5212
415.017 23.1356
409.444 23.0802
411.508 23.3975
419.039 23.1898
429.798 23.1454
398.263 22.9274
364.932 23.1762
345.322 23.4792
296.757 23.2043
315.565 23.485
354.953 23.3418
359.045 23.1818
363.962 22.9626
427.863 23.3479
432.956 23.6558
429.303 22.9487
447.965 22.7766
418.129 22.5931
436.848 22.8707
433.067 23.1819
433.067 23.0392
436.497 23.351
430.102 22.3307
496.753 22.9392
490.573 22.466
483.761 23.074
474.834 23.3645
461.301 22.9859
489.855 23.1957
488.495 22.7171
472.038 23.2512
486.282 22.9312
512.836 23.1309
463.152 22.4829
454.961 22.9482
438.218 23.2304
489.689 23.1121
467.704 23.1001
435.249 23.201
447.208 22.4052
456.593 23.0146
438.032 22.9588
450.349 22.8886
450.564 22.8722
476.095 22.9426
457.026 22.7663
450.248 23.2302
435.065 23.4264
439.172 22.9614
480.236 23.1706
447.038 23.4747
466.723 23.051
477.996 23.2182
476.225 23.1762
453.577 23.0751
478.678 23.0825
478.678 23.6042
474.208 22.3864
483.977 22.8749
549.767 23.0772
505.069 23.0782
485.816 22.6733
477.913 22.9883
488.96 23.1713
493.444 22.8049
511.295 22.9855
562.589 22.396
518.179 24.0671
522.245 22.9415
489.138 23.0309
523.892 22.8271
498.405 23.0637
507.818 22.6552
457.874 23.3078
467.891 22.925
467.891 22.8015
467.891 23.4326
457.623 23.2721
411.08 23.3113
423.506 22.9125
441.752 23.1171
418.377 23.0189
434.455 23.32
465.415 23.1352
465.509 22.8499
446.407 22.8366
449.078 22.597
503.681 22.9566
489.519 23.0392
472.567 23.2604
513.543 22.6895
486.52 23.0703
493.094 23.8758
468.073 23.2673
499.448 22.8483
502.184 22.8518
470.53 22.9426
451.921 23.3226
463.152 23.1264
421.235 23.1396
419.113 23.0078
400.182 23.3766
375.559 22.7901
359.398 22.4979
362.028 22.8866
356.928 22.8378
363.02 23.3721
380.194 23.3962
343.629 22.9474
341.34 23.3245
332.31 23.258
330.507 23.0505
335.002 23.1079
368.525 23.2509
375.975 23.3367
457.536 22.9601
425.405 22.7899
443.014 23.2044
450.646 23.686
441.934 22.7653
445.934 22.8248
443.79 22.8026
425.374 22.9127
434.542 22.7313
438.42 22.8239
427.355 23.2057
458.528 23.7383
448.578 22.7921
447.569 23.1199
469.717 23.1171
504.064 23.2939
506.916 23.3145
543.508 23.1693
543.508 23.3053
497 23.0855
511.495 23.0528
500.375 23.1205
473.429 23.0669
498.609 23.0562
466.468 23.2151
429.025 22.9224
441.222 23.0994
439.768 23.1049
361.477 23.3613
387.445 22.9952
368.683 22.6588
397.701 23.2296
382.904 23.0694
365.217 23.4309
367.689 23.0538
367.689 23.2002
367.689 22.827
380.344 22.631
361.33 23.8185
381.949 23.3573
385.091 23.2081
379.904 23.2532
375.883 23.0235
365.775 23.492
403.386 22.8822
396.167 23.1392
378.135 23.2525
414.378 23.4223
390.628 23.3108
370.92 23.264
385.769 23.269
423.107 22.6769
387.693 23.3377
380.144 23.2261
368.727 23.2047
354.344 23.1959
358.061 23.5451
389.915 23.4073
436.743 23.2435
427.096 22.8072
402.502 22.9134
388.027 22.8517
411.846 23.5384
410.573 23.5293
394.494 23.1112
361.583 23.0002
402.238 23.0896
439.111 23.1998
460.245 23.2489
456.174 22.8518
495.687 23.3184
510.287 22.7959
493.287 22.6232
462.338 23.5364
476.884 22.9614
432.848 23.1385
444.137 23.1293
419.816 23.1657
434.622 23.1457
414.565 22.6987
434.838 22.6575
441.987 22.9218
452.133 23.2271
407.682 23.2886
394.491 23.2461
373.511 23.2222
381.374 23.1414
391.414 23.0903
384.358 23.1835
416.203 23.0248
434.734 22.624
451.913 23.728
450.894 23.6985
425.792 23.1181
417.733 23.2058
409.369 23.0059
396.198 23.0151
412.714 23.2101
445.995 23.1665
427.257 22.8224
394.832 22.8154
401.186 22.8042
415.643 22.9039
410.252 23.408
404.059 23.2973
421.265 22.8903
405.92 22.9994
415.882 22.5985
416.217 22.9381
409.213 23.4317
409.203 23.1171
430.579 23.013
381.74 23.3285
396.419 23.237
390.315 23.231
394.208 23.0523
398.382 23.2801
393.226 23.3131
385.999 23.238
365.109 22.969
390.948 23.1813
421.946 23.4215
385.176 23.4606
395.262 22.9214
384.615 22.9744
408.546 22.8198
412.371 23.3695
424.955 23.0846
361.793 22.9341
370.373 23.1169
320.362 22.9161
397.245 23.1552
371.054 23.8854
359.569 22.5477
392.816 22.8625
399.462 23.4835
417.239 23.1791
418.45 23.2137
425.564 22.8968
424.01 22.9403
424.347 22.8082
434.774 23.0274
426.066 23.0858
381.509 22.9552
427.966 22.9089
428.787 23.3275
416.058 23.1793
420.381 23.0912
434.694 22.8972
444.373 23.0598
442.573 23.2272
431.181 22.6928
452.585 22.7794
448.128 22.4993
450.709 22.5933
455.74 23.0169
436.585 22.9889
455.179 22.5383
452.418 23.3361
447.42 22.844
455.605 23.3413
424.443 23.5515
448.76 22.9436
399.447 23.0288
409.738 22.9289
403.628 23.0188
464.618 23.0716
461.374 23.0573
428.168 23.0994
433.276 22.831
432.309 23.2289
428.817 22.7588
413.502 23.0061
420.35 23.2856
397.032 23.2686
400.673 22.6447
367.649 22.358
372.75 23.0768
379.03 22.9892
384.331 23.2626
426.667 23.439
454.197 23.1023
424.036 22.8931
384.882 23.2908
402.476 22.9779
444.745 23.2624
421.647 22.6356
433.454 23.1513
459.223 22.6396
427.454 23.1138
448.423 22.8517
443.077 23.1172
470.768 22.8482
464.629 22.1727
442.821 22.5012
503.32 22.6887
513.511 23.2045
456.024 23.1477
484.383 23.3665
446.459 23.3656
464.037 22.9697
473.903 23.0444
451.468 22.7575
504.958 23.1727
466.761 23.3176
485.468 23.1049
486.107 23.8176
513.579 23.4268
524.938 22.8053
508.416 22.4672
517.35 23.0902
513.474 23.1371
427.694 23.0775
457.068 23.286
466.235 23.3539
458.871 24.0189
493.995 23.0029
491.567 23.0328
517.11 23.3175
455.409 23.2353
459.728 22.8092
453.593 23.1965
436.454 23.1252
474.219 23.3117
488.465 23.4574
475.628 23.8214
512.155 23.2282
452.061 23.3693
519.334 23.4687
500.59 23.1237
469.075 23.1484
504.714 22.6028
517.541 23.0046
525.474 22.9551
466.787 23.2488
481.897 22.4421
476.527 23.2968
445.897 23.2941
456.106 23.0796
463.991 23.5364
471.438 22.741
475.322 23.5388
491.454 22.9099
459.113 21.9538
428.077 23.0827
420.019 23.2505
404.919 23.1478
421.833 23.877
438.634 23.1433
452.112 23.2192
437.193 23.4919
473.154 22.8336
436.027 23.3689
411.516 23.1282
402.494 22.8594
431.49 23.1798
399.293 23.2519
396.826 23.3723
388.468 23.1381
388.385 23.0773
388.681 22.9917
366.301 22.8786
349.15 23.1643
325.355 23.6054
332.316 23.0754
332.316 22.9645
377.951 23.1143
377.292 23.1213
432.261 23.0435
410.007 23.251
452.309 23.322
460.535 23.1594
452.228 22.7186
422.329 22.9645
422.233 23.004
420.095 23.0825
399.137 22.8754
398.586 23.3427
337.385 23.1683
309.519 22.9199
382.521 22.756
369.129 22.8834
378.489 23.2496
377.09 23.288
386.702 23.2224
400.428 23.1159
418.536 23.2496
385.873 23.1563
397.202 23.5569
463.539 23.2501
426.898 23.0309
428.499 23.2641
434.205 23.2756
409.268 23.2645
445.995 23.013
453.886 22.899
451.455 22.9911
421.082 23.0078
389.52 22.6079
410.121 22.6676
450.561 22.7428
457.337 23.3348
460.292 22.925
479.677 22.4444
511.562 22.8889
494.872 22.7875
493.879 23.332
493.881 23.0963
493.871 23.3596
493.897 23.0126
493.889 22.4022
490.177 22.6071
522.981 22.7717
515.629 22.934
506.958 22.8816
495.282 22.7254
505.011 22.7505
504.551 23.0859
465.507 23.2019
493.178 23.4928
430.94 22.8732
395.077 22.7538
422.001 23.4573
441.589 23.4732
447.556 22.7442
461.393 23.0035
460.672 23.3606
463.35 22.78
463.553 22.6886
424.416 23.1306
421.239 23.7479
423.448 23.0263
440.989 23.3051
448.142 23.378
422.053 23.1397
417.111 22.9594
431.714 23.2934
460.662 22.7991
465.636 22.9015
476.593 23.2005
497.598 22.7981
470.098 23.0338
463.911 22.8455
489.041 23.2267
520.577 23.2366
540.562 23.446
535.189 23.2117
565.795 23.6875
474.941 22.2719
541.297 23.1123
555.129 22.9864
489.69 23.0475
505.268 22.6696
561.192 23.2576
502.693 22.7427
539.898 22.8503
492.526 23.0522
508.433 23.2905
503.716 22.741
497.887 22.5773
453.946 23.0582
458.227 23.4756
482.86 23.1209
490.794 22.5
474.684 23.0908
458.209 23.4565
451.157 23.0387
434.749 23.1678
417.716 23.5013
406.339 23.6859
478.79 23.2742
450.581 23.0633
401.047 23.1556
396.177 23.2937
395.43 23.5713
392.721 23.3003
392.721 23.0982
389.828 23.4178
389.469 23.0698
396.145 23.6748
404.205 23.5692
439.751 22.9212
460.865 23.7622
468.529 23.0969
479.285 23.1697
484.586 22.8889
478.903 22.9206
459.142 22.9457
485.474 22.861
519.111 22.8702
521.485 22.6436
519.474 23.1913
546.698 23.3399
523.638 22.9542
488.551 23.2711
487.902 22.2917
434.192 22.8275
468.488 22.8898
452.261 22.7939
430.93 22.7745
432.603 23.4467
431.108 22.921
431.244 23.382
427.233 22.7672
431.5 22.4343
439.37 23.5529
412.585 23.4519
410.346 22.7409
406.944 22.9421
432.667 23.0455
393.838 22.4439
402.795 23.0705
396.658 23.3597
452.903 22.8187
453.181 23.3963
473.569 23.2465
496.929 23.1397
471.931 22.8429
489.989 23.0306
447.115 22.8681
458.234 23.0816
424.519 23.0822
392.58 23.2318
395.314 23.0853
391.565 22.9817
390.995 22.689
390.995 22.9179
422.218 22.5353
424.28 22.55
408.153 23.09
411.361 23.2668
403.275 23.1357
399.562 22.8349
407.671 23.4938
356.653 23.2729
356.653 23.2393
359.951 23.002
359.951 22.5881
371.431 22.5972
371.431 23.0019
381.602 23.0392
381.602 22.862
400.849 22.8694
393.47 23.2253
397.803 23.5396
408.159 23.488
415.078 23.1181
448.431 23.3128
446.564 22.8973
429.577 22.7153
446.346 23.4334
420.064 23.1948
443.158 23.2601
466.549 23.7924
477.335 22.9735
447.702 22.7447
431.391 23.0128
439.86 23.0947
519.597 22.9048
499.659 22.9837
461.232 23.4358
417.924 23.4705
406.467 22.8747
437.864 22.7657
459.67 22.7632
474.371 23.3071
484.174 23.1339
476.828 22.6007
460.455 22.8595
460.455 22.8823
458.181 23.0343
428.256 22.6915
425.089 22.7034
451.829 23.3548
450.191 23.3879
417.777 23.0266
427.035 23.3019
432.122 23.0855
477.976 23.3108
467.894 23.3882
467.894 23.1835
459.175 23.1504
476.712 23.1235
439.065 23.1041
496.422 23.4318
501.167 23.0291
451.305 23.2526
467.103 22.9482
443.046 23.6755
446.073 22.7702
473.441 22.9488
485.658 22.7093
480.271 22.6678
462.536 23.0413
460.402 22.6392
438.429 22.6012
451.13 22.9195
480.357 22.5958
462.488 22.9112
429.526 23.4144
456.542 22.9292
508.393 22.6864
479.538 23.0365
412.319 23.2015
420.371 23.3557
461.312 23.7548
370.341 22.6631
432.889 22.6814
465.381 22.6554
458.807 23.0566
458.75 23.047
496.605 22.9941
452.927 22.8554
481.711 22.9555
437.769 23.0953
438.263 23.3628
409.033 23.2563
414.624 23.4308
427.902 23.2609
415.626 23.585
441.849 22.8045
465.119 22.6984
461.998 23.2016
454.864 23.1934
509.377 23.3411
455.654 23.126
419.391 22.9701
422.033 22.7633
401.055 22.9991
395.925 23.2591
407.181 22.938
400.084 23.0897
410.498 23.1424
410.519 23.0529
410.332 23.2151
377.909 23.0603
391.83 23.2082
389.782 23.2453
371.244 22.7436
404.065 22.4953
388.356 23.9157
370.974 22.7514
378.35 23.2708
390.551 22.8658
435.186 22.9167
442.222 23.175
428.499 22.6784
396.127 22.8312
418.792 22.8863
434.74 22.9531
405.939 22.4328
409.765 23.4218
421.337 22.9785
425.06 23.1438
441.605 23.6841
417.854 22.8295
431.734 23.4946
459.452 22.898
456.436 22.1765
432.376 23.0457
376.881 22.8432
386.181 22.8261
396.607 23.4964
396.338 22.7029
394.356 22.6449
386.707 23.1391
375.987 23.2993
421.884 22.5143
467.367 23.0284
449.562 22.8065
451.131 23.4279
453.398 23.1674
454.56 22.8573
483.32 23.4553
483.32 23.973
445.052 23.1155
481.544 23.0017
496.875 22.9694
488.122 23.0168
497.049 23.0486
439.967 22.8606
437.559 23.1367
509.861 23.3103
539.087 22.5745
483.022 23.0945
494.986 23.4678
472.21 22.8408
532.553 23.0892
538.155 23.1282
535.551 22.7884
511.692 23.3118
515.035 22.9828
463.053 23.2629
453.479 23.2022
452.562 23.3572
447.916 23.576
402.07 22.9954
407.373 23.1165
429.897 23.2453
434.514 22.9322
471.184 22.8333
472.401 22.8189
468.148 23.4597
469.102 23.3344
474.012 23.0762
447.672 23.2965
451.035 23.4309
413.653 23.5012
416.475 23.0754
443.302 22.9561
453.835 22.8518
451.274 23.505
439.305 22.9321
429.068 23.3252
414.196 23.0796
436.095 23.365
386.506 22.9827
426.759 23.2415
416.066 23.2726
472.55 23.1758
436.97 23.1693
477.305 23.4353
459.316 23.0421
438.963 23.4614
429.533 22.9047
446.321 22.7883
435.618 23.0901
403.455 23.3296
425.83 23.2048
424.954 23.6806
406.703 23.3216
421.007 22.3067
449.25 23.3499
432.479 23.0728
432.976 23.0323
407.554 23.3017
413.661 22.8835
405.515 23.5283
424.009 23.572
460.879 23.2101
407.568 23.1972
413.153 22.9618
385.135 22.9626
371.352 23.0039
364.435 22.935
350.751 23.4383
341.188 23.668
401.723 23.5278
421.111 22.9861
438.369 23.2093
415.203 22.7462
438.872 22.7834
395.766 22.7788
417.716 22.7093
420.208 22.5547
408.216 23.3867
411.719 23.2842
381.499 23.044
398.955 22.8434
409.628 22.9777
413.488 23.0599
407.511 23.0137
407.511 22.9583
373.683 22.5842
371.184 23.3327
370.384 22.9879
397.223 22.3328
419.044 23.5006
426.55 22.8311
437.832 22.8676
433.178 23.1488
480.424 23.104
403.504 23.0336
453.963 23.1043
450.706 23.4674
442.114 23.2638
457.665 23.0972
436.148 23.0864
431.417 23.4382
423.716 22.9765
403.434 22.7136
445.306 23.2093
379.082 23.3577
394.952 23.44
409.779 22.9363
448.118 22.6013
442.018 22.6719
435.889 23.3486
431.214 23.3225
436.632 23.5068
440.661 23.058
433.972 22.9776
415.242 23.4454
401.23 22.8386
389.711 23.235
396.854 23.1005
368.821 23.1638
365.296 23.227
387.497 23.2108
435.139 23.2503
452.73 23.0715
450.068 23.5081
505.85 23.068
533.817 23.0144
527.816 23.2179
505.273 23.135
523.691 22.893
478.115 23.5243
467.26 23.2387
433.8 23.1119
424.552 23.4784
431.387 22.7904
457.968 23.0892
488.28 22.8171
481.037 23.3434
468.264 23.0016
501.73 23.0214
450.868 23.1591
489.671 22.9917
503.729 23.3176
453.003 22.4772
426.435 22.8446
402.62 22.8084
417.506 23.1723
442.507 23.0214
432.925 23.3076
425.805 23.347
423.768 22.969
395.835 23.4943
422.051 22.6363
437.243 22.9487
442.391 23.5215
442.946 23.0078
451.96 22.9439
443.912 23.5079
465.491 22.9988
487.571 22.834
448.821 23.0176
497.692 23.1642
428.774 23.3121
477.527 22.8218
477.287 23.3415
448.274 23.4007
415.929 23.3114
407.009 23.5011
415.939 23.337
390.199 23.4397
359.815 23.2888
359.815 23.0742
373.367 22.849
381.466 23.1952
370.427 23.1042
399.523 23.0223
421.373 22.4232
399.149 23.3379
440.507 23.4452
448.615 23.0395
426.71 22.7555
423.023 23.4799
418.214 23.3817
436.517 23.4059
402.613 22.5338
427.684 23.1787
436.608 23.0512
464.36 23.0027
453.848 23.0586
449.217 23.4187
462.132 23.4029
423.984 23.0811
411.145 22.9346
452.53 23.2851
462.602 22.8505
438.963 22.8732
465.494 23.2028
463.001 23.3014
453.098 22.8889
402.169 23.2913
422.256 23.3671
419.935 23.2975
434.68 23.0759
429.337 23.0572
435.662 23.0678
435.464 23.1357
482.164 23.4318
450.809 22.9497
450.809 22.6193
483.464 23.2271
449.851 23.1074
431.37 22.95
427.413 22.7984
401.13 22.7831
475.273 22.6145
460.025 23.3526
462.859 23.3811
453.44 22.9776
455.832 23.1612
453.37 23.2798
446.548 23.3008
442.017 22.9384
416.468 22.7528
431.207 23.0681
455.104 22.8892
446.543 23.1553
434.456 23.1103
434.148 23.2418
438.695 23.4716
433.711 22.941
431.496 23.0414
485.066 22.8039
469.596 22.9786
434.788 22.7567
427.561 22.761
435.497 23.2559
441.289 23.2673
427.148 23.5366
413.804 23.2397
412.671 23.1665
398.946 23.0164
421.251 23.4818
428.728 23.2158
400.804 23.3169
417.899 22.8729
423.836 23.1275
407.578 23.1089
409.39 23.0253
417.197 22.8891
489.283 22.788
486.011 23.2826
473.051 22.9964
479.139 23.433
449.079 23.0676
427.537 23.1957
407.154 23.5322
407.154 23.1639
420.49 22.9296
435.275 23.2822
474.159 22.9516
473.301 23.1328
462.271 23.6324
469.659 23.3333
467.246 22.9419
423.551 23.019
449.42 22.622
415.07 23.1668
429.4 23.0524
426.387 23.2723
381.525 23.2467
382.567 23.1793
350.753 23.1043
395.869 23.4169
398.137 22.8291
370.144 22.7715
433.587 22.7603
394.721 23.0857
387.139 23.1827
387.139 22.9439
398.164 23.2566
370.273 23.4617
404.968 23.2037
404.968 22.83
404.873 23.2288
398.258 22.9309
414.049 23.0798
450.855 22.7897
421.295 23.14
414.517 23.0948
414.517 23.3147
433.275 22.7462
436.019 22.7053
430.305 23.0247
440.266 22.8904
413.74 23.0958
421.599 22.9627
440.56 23.0863
447.92 23.6575
452.477 23.3126
400.984 22.9719
398.043 23.0001
383.505 22.9591
372.725 23.0063
422.321 23.0493
435.591 22.6978
422.132 23.3805
393.421 23.1253
407.093 23.9123
437.992 22.8398
439.015 23.3523
373.401 23.2365
412.074 23.0062
444.05 23.1125
416.898 22.9371
398.839 23.3611
388.407 23.4539
388.407 23.9357
380.065 22.9942
379.795 22.7508
420.707 23.7713
445.488 23.0633
447.622 22.8752
440.422 22.8424
427.581 22.7534
425.939 23.012
436.724 23.153
422.826 23.2829
432.695 23.1565
449.08 23.3056
432.196 22.4976
410.211 23.5339
410.211 23.7841
445.414 23.2022
498.132 22.7148
462.091 23.4784
456.365 23.0234
425.363 23.0717
392.562 22.9723
395.533 22.6668
424.135 22.9114
387.566 23.1022
426.342 23.5629
416.221 22.9743
407.786 23.2311
421.012 23.2189
384.737 23.3903
395.109 22.7786
379.598 23.2194
391.573 23.1487
425.871 23.2323
373.485 22.8424
398.121 23.2379
393.135 23.3332
389.137 22.9836
427.273 23.0916
415.227 22.6442
423.13 23.6179
416.191 23.0878
473.68 22.5309
445.512 22.8362
454.579 23.2833
463.548 23.171
455.582 23.0896
522.375 23.281
495.645 23.368
510.051 23.2652
494.136 23.2347
530.856 23.4998
457.983 23.5159
490.472 23.2367
519.301 22.8306
513.56 23.0228
483.558 23.3314
548.488 23.5778
456.31 22.8264
480.589 22.3562
441.827 23.4711
444.299 22.3592
462.658 22.8457
477.125 23.3146
431.26 23.3248
450.719 23.2026
446.07 22.9948
441.847 22.8866
445.604 23.2525
449.989 23.5436
461.531 23.0738
440.629 23.0886
427.061 22.8491
442.456 22.8471
439.088 23.5467
442.856 23.1554
438.252 23.1584
461.128 22.7199
426.087 22.8029
469.709 23.2791
414.36 22.9586
390.679 23.1529
391.66 22.7864
392.493 23.1972
398.1 23.116
391.206 23.1418
374.981 22.4796
363.433 23.3814
335.037 23.402
331.956 23.497
341.524 23.6853
340.936 22.4375
391.913 22.3148
392.524 22.6536
398.233 22.8377
393.271 22.7138
392.755 23.1303
368.269 23.0315
358.335 23.1348
373.641 22.8444
399.742 23.2035
388.613 23.236
388.613 23.1791
393.232 22.6821
375.278 23.2879
361.415 23.252
347.981 22.9967
381.246 23.1505
414.756 23.0142
400.059 23.1884
391.864 23.2589
412.584 23.244
413.43 22.9371
409.457 22.8186
447.373 22.9115
436.728 22.8437
444.283 22.5652
425.044 23.0674
466.349 23.4866
515.297 23.0714
523.463 22.918
509.327 22.5919
552.492 23.0186
509.689 22.9506
509.689 23.1619
473.653 23.0169
461.582 23.427
455.172 23.3408
440.427 23.2549
417.295 23.6651
437.722 23.4783
427.534 23.2901
406.644 23.6016
435.678 23.5989
428.478 23.1561
434.599 23.5248
417.314 23.0761
414.192 23.2695
423.766 23.0519
441.202 23.3374
481.109 23.0046
447.064 23.2888
435.053 23.4093
432.822 23.4272
371.674 22.9882
381.667 22.9964
393.525 23.1827
382.605 23.2138
383.112 23.2194
361.424 23.4069
339.279 23.3162
421.721 23.0986
415.148 23.3638
397.33 22.9582
411.529 23.0865
417.743 23.2104
418.68 23.4968
441.316 22.7723
429.166 23.1431
447.268 22.9983
461.267 22.8438
453.904 23.3451
427.095 22.6807
471.552 22.7624
468.915 22.8215
505.951 23.3129
503.207 23.1488
427.99 23.5295
377.311 22.63
374.026 23.255
374.527 22.5843
383.463 23.3124
356.195 23.4761
359.664 22.7122
396.87 23.2873
413 23.0725
415.567 23.2811
385.235 22.9734
413.199 23.2509
352.666 23
371.912 23.258
354.974 22.9811
310.482 23.2859
309.672 23.0307
326.712 23.4266
326.712 22.8259
359.544 23.2994
338.742 23.1647
391.573 23.398
378.146 23.1844
400.684 22.9133
382.637 23.5375
400.347 23.3928
424.01 23.055
435.64 22.6484
499.203 22.9789
485.537 23.155
455.823 22.839
487.553 22.849
470.627 23.129
455.682 22.9622
431.237 23.2472
431.626 22.8771
476.86 22.8652
478.491 22.8288
439.766 22.8975
454.518 22.9056
478.844 23.0103
474.55 23.0291
505.984 22.939
483.297 22.6586
489.873 22.5945
467.918 22.8616
475.87 23.481
470.42 22.9174
531.042 22.783
486.356 23.1503
493.924 23.4027
505.083 23.3537
514.038 23.6247
542.542 23.2663
482.007 22.7874
449.811 23.2521
463.855 23.0927
458.772 23.2159
421.937 23.2485
386.501 23.1413
431.395 23.2341
394.903 22.6274
417.473 23.3642
406.774 22.694
431.078 23.1154
444.278 23.1525
453.101 23.8691
429.215 23.327
430.419 23.5286
432.497 23.5398
428.304 22.8106
440.123 23.1674
433.08 23.2115
449.541 23.5042
464.294 23.4598
469.985 22.8265
473.922 22.8214
440.98 23.7438
505.539 23.0439
487.709 23.5123
504.682 22.6439
484.441 23.26
442.832 23.4588
472.75 22.8355
428.929 23.0878
490.442 23.1555
459.281 23.3951
436.602 23.0872
418.541 23.1329
415.095 22.7573
420.162 22.2658
407.368 23.1789
468.44 22.9065
477.498 23.0738
445.634 22.9021
452.715 23.5286
442.767 23.5225
415.289 23.5334
390.755 23.6903
373.504 23.1362
347.976 23.3385
349.561 22.9387
399.749 23.229
383.23 23.1409
400.254 23.1422
442.311 22.7542
422.477 22.977
440.662 23.2996
434.528 23.1713
420.909 23.1122
417.481 22.4784
415.274 23.0997
398.509 23.2649
419.186 23.323
415.776 23.2177
421.535 23.3728
407.744 23.4353
412.033 23.2343
424.612 23.0617
378.005 23.0281
385.638 22.6369
383.805 22.9182
364.462 23.0832
432.379 22.9196
403.941 23.4998
400.899 23.2825
414.05 22.8031
410.226 22.6169
415.925 23.5556
419.715 23.1735
428.497 22.8829
427.584 23.0471
442.699 23.6775
418.243 23.3039
395.963 22.9223
414.424 23.0751
432.872 23.1828
423.913 23.7992
426.789 22.7863
495.867 23.1025
459.854 22.8295
482.535 23.0106
505.698 23.4115
459.705 23.3983
442.69 23.6955
512.103 23.1859
521.148 23.6446
457.898 22.8357
441.569 23.0003
452.616 23.4061
466.301 23.1034
429.631 22.9758
453.339 22.7483
423.081 23.0254
440.781 23.1155
424.163 23.2325
449.434 23.1431
441.292 22.8247
430.175 23.1253
453.672 22.9096
489.437 22.7066
478.103 22.8264
450.287 22.8263
424.536 23.4332
410.678 23.1196
392.806 22.9251
376.598 22.9158
407.251 22.9215
423.55 22.9435
435.873 22.8311
421.225 23.4598
409.255 23.5383
427.855 22.687
381.596 23.102
364.559 23.9049
364.559 22.7233
416.182 22.5117
422.146 23.6727
426.754 23.3745
372.812 23.1923
373.156 23.2325
384.807 22.9774
404.97 22.8379
397.029 22.9163
389.532 23.0657
396.911 23.1651
423.347 22.754
420.999 22.6814
392.512 23.2233
406.971 23.2753
446.548 22.6571
392.967 23.498
393.851 22.7846
398.546 22.8855
393.569 22.8734
395.481 22.6943
402.506 23.6621
384.909 23.4473
393.512 22.9975
408.667 22.8644
411.304 22.5197
407.397 23.1841
376.308 23.2541
363.896 23.5878
354.825 23.4432
361.341 23.18
352.024 23.0649
371.031 22.2685
384.319 23.2244
380.025 23.2032
369.315 23.0208
378.789 22.6804
403.658 23.1543
357.955 23.0115
366.62 23.1329
399.861 23.2733
374.217 23.3056
407.583 23.0417
387.567 22.7109
380.674 23.1839
352.696 22.9822
350.579 23.5932
344.336 23.5638
375.068 23.5242
409.7 23.8284
415.18 22.8632
423.621 23.368
399.498 22.9275
387.355 22.912
390.832 23.0422
411.44 23.2392
404.354 22.7917
392.973 23.1481
403.582 22.8258
341.279 23.0399
321.625 22.8798
415.549 23.0172
406.106 22.4842
363.751 23.319
340.677 22.7708
383.673 23.3327
390.541 23.3297
383.482 23.1059
347.14 23.1338
347.14 23.2958
347.14 23.5845
376.654 23.1777
416.304 23.4843
391.071 22.9336
375.444 23.1274
383.809 23.1928
400.425 23.329
366.707 22.8054
373.713 22.7813
366.747 22.5825
376.482 22.6503
381.051 23.3157
378.682 23.0668
386.958 23.0221
382.991 23.2906
412.524 23.185
441.805 22.9782
438.053 23.0203
411.013 22.6619
432.105 23.2554
429.816 22.6883
434.701 23.5912
434.701 22.9449
427.719 22.5892
419.25 23.1391
411.562 23.6192
386.517 22.985
388.923 23.2609
381.787 22.7935
398.679 22.9016
417.371 22.9366
394.783 23.0295
445.695 22.9089
465.663 22.5106
455.261 22.9248
448.969 23.4385
438.486 22.852
447.692 22.7598
441.279 23.1973
434.002 23.0993
485.373 22.9189
499.492 23.1315
460.63 23.0019
467.603 22.6651
467.603 23.2927
467.603 23.2043
450.64 22.7621
439.692 23.4417
443.186 23.3578
428.065 23.3983
459.537 23.2282
503.168 23.178
499.364 23.0231
449.42 22.8497
447.881 23.1557
430.031 23.4033
460.16 22.8715
493.261 23.4858
535.859 23.3266
501.703 23.2101
495.445 23.2493
475.339 23.1645
496.336 23.0373
458.102 23.6407
492.914 23.1429
491.053 23.0961
471.298 22.8212
504.497 22.6422
534.153 23.4382
532.451 23.3534
516.5 22.6365
459.757 22.534
529.352 23.3289
548.719 22.8554
567.053 23.5153
518.816 23.3631
519.149 22.8252
431.681 22.8201
448.741 22.7997
437.607 23.2174
442.439 23.3152
439.121 23.0495
421.742 23.1404
420.954 23.101
402.105 22.91
412.029 23.1545
449.271 23.46
469.004 23.0721
428.409 23.2924
410.953 22.9521
410.835 23.0778
409.956 22.766
403.319 23.1511
380.217 23.0955
388.624 22.8335
411.14 22.8786
423.355 22.742
439.594 22.9151
428.672 23.0136
420.241 22.5632
412.222 23.283
436.401 22.757
395.078 23.1058
387.659 23.4126
403.588 23.1526
459.906 23.0902
489.452 23.2513
491.55 23.5093
533.183 23.1333
557.222 23.0033
547.487 23.1164
582.107 23.2398
577.143 22.8973
577.143 23.1914
558.908 23.1039
538.307 23.2353
474.058 22.6844
474.981 23.5159
439.538 23.1416
443.218 22.267
447.009 22.6686
478.943 23.2784
447.394 22.6347
454.86 23.047
472.583 23.1211
473.835 23.2014
452.08 22.9532
452.123 23.1595
498.071 22.9039
443.765 23.3195
459.105 23.2091
465.811 23.1573
493.538 22.8456
468.986 22.9372
496.139 23.8729
477.685 23.2637
504.27 23.1327
499.406 22.927
506.421 22.6332
475.896 22.9235
503.735 23.032
490.696 23.1173
509.451 23.3185
482.813 22.9602
495.033 22.8403
487.274 22.9207
513.654 23.2341
523.627 22.9031
523.426 22.7721
531.941 22.5592
493.899 22.6833
443.413 22.9892
433.775 22.58
418.307 23.1538
409.037 22.6819
446.257 23.2577
488.845 23.2868
486.177 22.7626
453.153 23.3863
438.548 22.9521
476.322 23.401
483.713 23.0777
484.642 22.9843
466.264 23.0538
457.142 23.3829
460.811 23.4462
475.929 23.0796
430.708 23.124
406.198 22.9574
424.066 22.9345
434.437 23.2656
422.257 22.8658
393.624 23.6741
369.778 22.8676
369.404 22.6803
360.487 22.761
438.09 22.8254
391.665 22.8534
398.928 23.416
438.36 23.0977
436.277 22.7524
453.562 22.8828
491.788 22.9479
499.838 23.1069
534.522 23.1439
535.229 22.9741
486.304 23.33
485.493 23.1419
466.089 23.0869
449.071 23.1968
428.124 22.9161
388.41 23.5266
387.239 22.8819
372.672 23.0836
370.457 23.3096
389.439 23.4344
414.789 22.7329
430.833 23.0208
407.63 22.6619
432.414 23.4087
405.705 22.8331
406.824 23.1017
408.158 23.6117
376.206 23.0491
355.962 23.4138
358.856 22.8735
401.026 23.31
380.782 23.5922
398.162 23.2393
412.153 22.5539
388.774 22.4475
395.295 22.8888
459.083 22.9401
430.545 23.1753
401.207 23.2302
427.078 22.8184
430.469 22.5136
409.597 22.6258
401.333 22.965
368.07 23.4789
345.795 22.5523
349.316 23.0365
337.18 22.8333
327.39 23.299
320.046 23.1894
366.528 23.1909
410.146 23.1737
363.933 23.028
391.506 23.1052
402.784 23.2354
394.204 23.0421
384.842 23.1147
425.847 23.8481
382.925 22.8431
385.855 22.681
417.352 23.5392
443.586 23.6424
398.26 23.0426
362.514 23.3165
380.785 22.9502
373.277 23.0236
373.277 23.5757
374.189 23.116
387.53 22.1854
389.733 22.937
414.817 22.5337
430.348 23.2131
409.68 23.0214
413.055 23.501
424.957 22.886
405.863 22.8819
448.343 23.2042
469.319 23.3576
441.251 22.7939
405.557 23.2225
382.184 23.4287
405.257 23.1627
438.314 23.1363
437.807 23.0309
473.368 23.1463
496.683 22.6619
480.521 23.3236
479.174 22.9477
515.757 23.1365
442.069 22.9279
435.193 22.938
443.482 23.121
433.126 22.9609
466.369 22.9637
450.066 23.3893
435.258 23.6077
422.957 23.2252
461.092 23.1179
398.793 23.149
440.708 22.9581
472.341 22.8662
472.341 23.4592
462.02 22.6442
473.269 22.6091
448.432 23.2494
499.991 22.8551
527.583 22.6618
480.548 23.3643
471.655 23.3043
477.202 23.2468
451.232 23.1542
441.404 23.0246
435.298 22.9812
458.76 23.0866
428.276 22.752
433.649 22.8286
449.549 22.8446
488.975 22.7437
442.526 23.3755
437.25 22.8585
484.944 22.641
469.602 22.9807
481.906 22.9149
490.741 23.0922
488.116 23.0333
490.221 23.2197
493.562 23.3983
493.953 23.3448
472.583 22.6993
499.452 23.1246
504.943 23.0568
485.075 23.1699
468.291 23.1177
503.03 22.4516
499.564 22.7096
507.126 22.7082
497.058 22.7036
471.698 22.7186
398.677 22.6595
388.873 23.3786
388.873 23.7025
395.059 23.3149
358.483 23.1799
363 22.9895
378.817 22.6261
410.509 23.1581
397.653 22.7948
409.771 23.2773
381.76 22.8217
414.829 23.2691
417.21 23.343
480.556 23.2881
478.654 23.1897
444.657 22.5918
458.366 23.4323
420.189 23.1826
411.344 23.1079
411.344 23.1669
446.285 23.0082
470.626 23.137
453.053 22.8075
436.487 22.8996
399.804 22.8303
451.738 23.4128
415.162 23.2087
461.227 23.1982
447.645 22.8286
447.709 23.1411
497.108 23.2536
479.507 23.2145
434.294 23.2799
428.227 23.2796
448.405 23.5253
449.976 22.9806
437.969 23.7839
417.26 23.2084
439.835 23.5323
433.558 22.6281
387.855 22.8906
353.928 22.9286
333.8 23.2598
333.8 23.039
352.083 22.4499
390.374 22.8083
406.082 23.1855
386.235 23.1719
392.237 22.9248
392.237 23.4716
391.339 23.5617
401.5 22.6966
405.624 22.8607
383.7 22.6986
379.515 23.1506
374.879 23.1317
380.841 23.0278
369.922 23.1792
372.285 23.4108
353.64 23.0641
370.952 23.1076
339.178 23.0241
351.242 23.1501
355.347 22.8889
368.767 23.31
377.386 23.0485
396.048 23.0003
412.278 23.1164
422.22 23.439
404.778 22.9621
385.329 23.3196
369.797 23.2885
386.924 23.2468
430.286 23.2391
414.943 23.6459
437.245 22.8142
442.17 22.7005
430.851 23.1542
457.569 22.8928
448.145 23.1817
403.392 23.2819
418.792 23.2398
453.027 23.0599
440.799 23.3775
422.06 23.0883
418.516 23.0829
404.842 22.9694
415.767 22.8778
433.892 23.1123
433.109 23.2348
453.045 22.9342
455.549 22.6967
455.056 23.0467
462.256 23.7094
476.123 23.3801
474.128 23.4271
446.957 23.2057
511.171 22.9512
511.171 22.9003
475.723 23.1453
469.298 23.4677
460.742 23.0628
438.652 23.3646
436.229 22.884
417.563 23.3798
444.773 22.7332
432.156 22.9296
464.329 22.9955
472.293 23.1244
429.071 23.2097
458.14 23.0525
503.434 22.8633
485.638 23.5816
435.29 23.0828
437.461 22.5578
437.461 22.8648
434.121 22.9698
435.684 23.0473
404.65 23.583
420.441 23.506
412.754 22.5311
425.715 23.4472
409.625 22.5029
406.548 23.1491
437.638 23.1075
454.533 22.8069
470.875 23.312
474.058 23.3402
460.297 23.09
456.955 23.1157
479.046 22.5368
431.192 23.2203
447.414 22.898
420.419 23.5743
396.817 23.3212
377.188 23.2185
459.873 23.1889
433.692 22.9426
442.678 22.7175
408.394 23.3319
389.834 22.6894
432.121 23.271
440.924 23.0519
451.492 23.481
494.431 22.8583
490.534 23.0734
525.67 22.939
502.064 23.2369
470.376 22.9579
459.716 23.2707
498.076 23.0857
480.694 22.9824
506.187 22.5786
433.172 22.6587
502.889 23.304
458.21 23.2187
496.474 22.9013
480.686 22.8597
469.711 23.2975
488.491 23.4679
453.307 23.1627
439.618 23.2428
445.303 23.0016
427.68 23.0715
438.641 22.6259
451.355 23.2297
449.398 23.4635
506.581 23.2441
495.313 23.1808
472.14 22.8836
461.824 23.1359
484.276 23.0795
517.442 23.0816
542.62 23.0822
524.947 23.0848
469.526 23.007
478.939 22.6982
474.323 23.7308
490.072 22.9938
517.04 22.7912
500.698 23.3264
462.463 23.2329
458.674 23.1681
424.085 23.6508
438.74 22.7734
438.355 22.8787
448.054 22.6346
411.016 22.7637
403.287 22.9823
380.621 22.9489
416.341 22.9215
409.377 23.1353
397.501 22.9593
355.201 23.2151
364.2 22.9011
364.2 23.284
375.865 22.9497
401.121 22.5056
373.923 23.1936
386.578 23.4314
409.321 22.8808
344.737 23.0379
363.552 22.6558
350.551 22.9028
376.977 22.8241
381.539 23.1624
394.465 22.7116
397.116 22.5081
402.87 23.5827
410.28 22.9956
387.272 23.1556
380.339 22.9711
380.169 23.2245
401.824 23.0719
407.919 22.9314
404.334 23.0535
432.354 23.2319
425.666 22.5413
441.01 22.5213
438.868 22.905
407.337 22.7303
393.541 23.1684
429.219 23.0797
421.086 23.0922
407.286 23.9401
397.771 22.8541
467.542 23.1667
454.587 22.9783
466.072 23.2907
447.867 22.7831
479.164 23.2071
466.998 23.4304
460.581 23.5987
442.119 23.5359
476.715 23.081
490.348 23.5051
444.668 23.4907
424.939 23.7618
413.446 23.1916
453.111 23.0181
453.111 22.7036
430.919 23.4728
414.545 22.7583
415.963 22.9974
480.497 22.745
449.878 22.8139
443.127 22.5646
439.246 23.4036
432.566 23.0726
458.525 23.3476
439.74 23.1433
464.086 23.5056
489.015 23.6182
462.296 23.7428
473.528 22.2701
484.132 23.1103
506.278 22.7801
496.576 22.9296
496.576 23.3475
484.974 23.024
483.451 23.3058
455.536 22.9487
429.873 22.9596
461.534 23.0536
450.314 23.4522
471.231 22.7619
455.957 22.7406
417.943 22.7278
433.625 23.2025
475.806 23.0853
502.234 23.1249
468.247 23.0837
460.823 23.1451
459.331 22.7179
451.05 22.8413
451.05 23.3285
427.01 23.3626
437.336 23.2047
429.878 22.7355
449.61 23.2776
463.732 23.354
491.75 22.6899
491.511 22.8908
498.112 22.7773
499.879 22.7324
499.458 23.012
500.879 23.2278
487.487 23.2994
491.413 23.2212
457.393 23.0698
488.922 22.6777
460.04 23.1626
438.782 23.0761
412.725 22.7249
455.633 23.1973
447.183 22.8077
429.409 22.7168
412.355 22.7538
403.939 23.2242
405.378 23.2704
406.904 22.5699
386.406 22.8735
390.586 22.904
387.757 23.2133
347.883 23.6514
381.65 23.3658
378.134 23.1518
390.425 23.127
389.574 23.1954
433.619 22.8193
446.561 23.1224
436.53 23.397
395.575 23.0834
432.136 22.8715
477.129 23.3584
505.749 22.6603
464.785 23.1034
451.29 23.376
467.836 23.4685
454.491 23.0272
424.73 22.9073
406.188 22.5368
400.652 22.9511
424.963 23.4296
408.358 23.0346
433.502 23.2733
433.071 22.902
428.55 23.2246
424.355 23.2975
448.729 22.9872
431.653 23.4879
423.789 23.129
423.503 23.0256
396.734 23.1832
399.639 22.7284
381.636 22.8873
422.349 22.7015
396.173 22.7801
362.176 22.6188
378.078 23.6792
381.201 23.269
365.433 22.876
371.777 23.0594
351.194 23.5766
384.419 23.3579
376.178 23.0021
337.999 22.5263
302.75 22.8583
302.75 23.4163
290.492 23.3806
285.466 23.1393
289.42 23.6986
331 22.9713
336.573 23.0871
336.573 23.4521
330.473 23.0258
326.502 23.3269
335.436 22.8754
335.406 23.1917
326.675 23.0775
304.421 22.6416
304.421 23.4255
280.744 23.0275
280.744 22.8884
280.744 23.067
350.244 22.905
356.501 22.8432
358.568 22.7851
357.878 23.0049
357.502 23.926
386.525 22.6962
399.853 22.9306
346.331 22.8008
337.779 23.0199
341.66 23.1325
338.836 22.8588
330.936 23.1509
334.003 23.0668
351.223 22.7692
362.526 22.8831
365.144 22.7438
368.271 22.9275
381.785 22.8358
392.756 22.8619
369.484 23.0972
377.599 23.1246
438.58 23.2811
399.26 22.9662
411.806 23.171
409.606 23.3626
414.843 23.0762
435.17 23.0312
435.17 22.6697
421.777 22.9642
445.545 22.9365
428.331 23.3436
418.808 23.3903
399.072 23.4174
399.145 22.706
398.813 23.7627
449.188 23.0839
464.7 22.9047
461.377 23.0445
453.136 23.1396
444.373 22.8626
496.2 22.7998
448.369 22.7991
454.376 23.1637
490.75 22.905
507.21 22.6011
507.256 23.2513
518.485 22.8294
508.848 23.2434
520.609 23.1854
520.609 23.4327
459.518 23.3262
473.768 23.2423
500.504 22.4951
490.571 22.8995
487.508 23.1041
455.206 22.7089
436.107 22.6727
433.792 22.5974
417.851 23.0273
442.269 22.9661
390.875 23.4162
400.361 23.0906
432.061 23.4306
442.771 22.9658
446.487 23.1213
451.78 23.4756
500.262 23.1286
491.934 23.2032
481.964 22.9758
448.291 23.1519
470.449 23.1574
467.947 23.386
516.882 23.0816
503.623 23.1196
465.869 23.3947
454.219 23.1725
426.94 22.7744
434.795 22.7372
433.609 23.3888
429.281 22.286
461.196 23.3427
463.653 23.0604
457.59 22.8448
443.558 23.9663
428.178 23.6105
407.096 23.4895
415.094 22.8168
416.098 23.1697
445.195 23.1107
450.171 22.7537
440.639 23.0659
487.185 23.5793
449.79 22.304
478.078 23.779
459.306 23.1262
447.537 22.9789
446.218 23.3126
454.833 22.9642
485.336 23.1343
484.516 23.066
484.285 23.2623
523.936 22.9992
485.528 22.8837
488.719 23.0141
505.007 22.7403
497.176 23.1539
479.116 23.134
479.77 23.3349
487.052 23.5336
485.793 23.0157
505.565 23.9705
463.574 23.1141
507.108 23.261
535.565 23.31
488.351 23.2655
540.999 23.7738
559.946 23.0119
542.977 22.4743
588.617 23.0838
489.261 23.0343
579.104 22.8867
605.453 23.2074
558.341 22.8266
551.371 23.2912
489.686 23.2006
489.686 23.0724
469.056 23.8196
464.623 22.9963
481.224 22.574
481.224 23.4342
532.146 23.1403
534.716 22.9965
496.14 22.8784
424.522 23.2518
454.136 23.118
459.536 23.2711
487.181 22.6996
491.421 23.1205
412.575 23.1052
442.213 23.0762
449.019 23.0942
387.77 23.1437
379.766 23.1863
392.444 22.9702
386.794 22.9763
431.33 23.1475
444.912 23.3111
436.899 23.178
465.81 23.3296
477.65 22.6582
499.925 22.6877
522.893 23.041
527.214 23.3478
508.97 23.5622
504.008 23.4195
499.108 23.1016
534.059 22.5634
503.807 22.7012
463.972 23.1511
451.267 22.9106
434.735 23.9274
475.701 23.1953
478.002 23.2771
453.656 22.884
478.579 23.4644
469.266 22.8741
453.592 23.1933
456.15 23.3315
461.99 22.8459
441.542 23.3495
443.52 22.9769
418.754 23.6003
406.314 23.4471
419.498 22.9224
443.104 23.0354
464.261 22.5369
449.806 23.7897
423.337 23.2934
399.831 23.0017
451.388 23.488
466.597 23.2658
460.575 23.2009
430.971 23.0229
402.422 22.7501
392.123 22.9883
418.865 23.1292
414.524 22.926
419.867 22.7915
424.968 23.1516
412.537 22.8316
405.886 22.9498
409.307 22.1846
420.458 23.0577
414.362 23.019
409.211 22.9448
373.059 23.5648
394.215 23.0812
402.131 23.433
422.867 23.2077
461.634 23.036
451.361 23.5435
457.478 22.7404
424.738 23.1629
405.863 23.6859
414.502 23.2497
434.517 23.1695
478.12 22.8453
460.563 22.9961
456.42 23.3105
502.978 23.3414
459.155 23.2883
502.587 22.7801
545.186 23.3408
507.751 22.6675
469.877 23.5841
449.913 23.4444
459.166 23.106
453.987 23.4335
408.153 23.3815
454.391 23.7597
443.629 23.4959
462.769 23.4404
424.757 23.1482
414.037 22.7838
440.359 23.2393
424.265 22.425
429.39 23.4999
443.906 23.3304
456.843 22.1797
482.13 23.2458
500.921 23.0634
462.654 23.2394
383.659 23.0127
383.659 23.1655
452.579 23.0435
412.579 23.1666
414.111 23.2158
420.972 23.0149
430.696 23.3441
462.627 22.852
381.524 23.4995
409.618 23.1455
408.924 22.8049
424.914 23.0819
465.824 22.7324
416.282 22.4536
453.765 22.4654
430.096 23.1455
528.664 22.9772
505.221 23.4622
487.433 23.2004
488.853 22.9066
538.279 23.3063
509.265 23.1191
515.72 23.3378
536.709 22.9663
497.699 23.0617
500.408 23.3843
480.422 22.6275
476.771 22.6852
476.636 23.4169
476.205 22.7747
476.203 23.2024
450.991 23.2054
384.07 22.7997
384.07 22.8857
360.42 23.4926
360.42 22.9239
430.175 23.2042
435.935 22.9598
435.504 23.2711
452.067 22.9441
455.787 23.208
441.293 22.9804
450.405 23.6294
437.003 22.7843
417.622 23.3255
443.457 23.2399
444.245 22.871
446.321 23.6655
422.334 22.9568
457.66 22.9538
437.597 23.1183
444.986 22.9855
442.891 22.7613
404.831 22.8567
404.831 23.5788
404.831 22.8048
404.831 23.6367
422.17 23.1073
444.463 22.83
518.824 22.5835
540.672 22.8011
485.581 22.8803
510.484 22.3774
460.898 22.6287
415.453 23.1391
415.453 23.1169
411.889 23.1873
424.138 23.2307
401.062 22.7567
383.326 23.3058
350.919 23.7232
319.735 22.4127
333.331 22.9597
350.538 23.416
344.794 22.221
362.037 23.0073
380.219 23.2929
416.597 23.1857
425.631 23.1762
427.335 23.2629
425.023 23.3721
427.976 22.8891
418.889 23.1866
388.088 23.4155
372.522 23.1199
408.499 22.8872
416.802 22.887
418.215 23.1516
431.644 22.6941
440.85 23.0401
438.569 22.9124
467.589 22.5053
470.697 23.3544
469.815 23.4423
457.668 22.1419
476.611 23.0999
423.123 23.2994
436.439 23.0719
420.336 23.6479
431.853 23.4734
447.067 23.595
408.799 23.2273
396.744 23.5832
382.27 23.2487
381.626 22.9826
387.237 23.1798
409.651 23.1341
414.96 23.0634
417.692 22.8251
413.748 23.7314
430.699 23.1906
428.616 23.103
427.418 22.3988
417.559 23.0368
417.521 22.8864
442.801 22.9297
427.19 22.9068
445.672 23.4408
455.995 23.4842
415.212 23.0802
402.864 23.5454
451.949 22.9873
428.78 22.8335
453.002 23.2214
498.548 23.2545
498.459 23.4
536.294 23.0145
512.414 23.3922
463.67 22.8175
427.817 22.9681
435.045 23.4792
421.239 23.3828
436.833 23.4249
453.192 23.1478
492.857 22.7096
484.703 23.8579
484.703 23.3499
574.07 23.1505
539.991 22.477
502.559 22.7928
494.071 22.5903
479.635 23.1349
458.772 23.1987
444.452 22.7723
429.762 23.0115
457.653 23.432
478.208 23.5647
500.391 22.5959
476.125 23.4949
478.452 23.4866
481.53 23.8873
505.125 23.433
506.384 22.9983
520.736 23.0358
532.726 23.5872
559.307 23.0279
460.238 23.4566
545.712 23.2832
548.219 23.2473
508.642 23.1992
494.126 23.4163
512.935 23.1598
510.241 23.2671
499.422 22.8316
490.339 23.0097
554.741 22.6413
550.248 23.5257
542.391 23.0672
496.209 23.1182
507.184 22.9336
428.957 23.4246
412.171 23.3184
420.381 23.2995
401.634 23.228
477.231 23.7662
488.963 23.3301
478.934 23.2895
458.432 23.4819
479.579 23.0609
457.059 23.4575
433.116 23.2755
444.342 23.2403
473.915 23.1098
479.372 23.1436
462.703 23.1725
443.466 22.9819
437.004 23.0969
405.727 23.5584
426.125 22.701
429.404 23.616
428.398 23.5648
427.479 23.2757
427.381 23.1417
425.682 23.0458
419.15 23.2041
392.699 23.4538
415.063 22.837
446.988 23.805
472.435 22.9234
472.435 23.1475
513.304 22.8739
540.237 23.2359
566.347 23.1983
519.467 23.0864
536.805 23.3166
516.934 23.4936
497.076 23.478
536.543 23.457
548.893 23.4622
579.488 23.0286
507.229 23.3224
540.863 22.9928
572.265 23.2133
569.869 23.2589
534.429 23.2848
599.276 23.002
584.785 23.6446
584.785 23.4102
548.128 23.1915
496.711 23.1664
490.165 22.7355
486.85 23.1751
477.572 23.0122
510.53 23.0299
472.961 22.9678
416.799 23.2173
423.603 23.2649
404.625 23.28
449.765 23.2901
462.615 22.8852
464.513 23.196
454.983 23.2098
470.859 22.8571
461.473 22.7232
467.835 22.8788
468.128 23.1084
467.935 23.1838
467.895 22.9117
469.394 23.3006
477.084 23.2973
476.382 22.9911
482.527 23.1293
455.2 22.8312
404.451 23.1836
410.902 23.1848
435.133 23.282
434.404 22.6391
410.211 23.5444
410.38 23.2117
399.425 23.4285
392.844 23.2774
387.286 23.0137
357.639 23.1499
347.037 23.0218
382.561 23.1719
387.997 23.3597
387.997 22.7768
381.956 23.0147
380.79 23.1986
371.474 22.6475
351.613 22.7978
408.749 23.2719
423.08 22.9485
413.09 23.5992
416.483 23.4761
357.866 23.0473
387.916 22.8412
390.435 23.307
384.767 23.0933
410.143 23.1499
361.202 22.7524
361.202 23.5414
338.33 23.28
331.584 23.6687
388.011 22.9043
351.491 23.2665
419.861 22.3422
451.559 22.9696
451.244 22.7997
447.565 22.97
471.909 22.7441
506.992 22.7215
502.232 22.7438
511.783 23.1621
477.736 23.1774
478.35 22.6247
467.364 22.6185
442.662 23.3799
482.667 23.3924
545.934 23.0069
535.762 22.813
511.191 22.6223
439.188 23.2592
470.544 22.9186
475.871 23.0486
474.707 22.8276
406.23 23.0183
407.602 22.8569
411.218 23.3132
454.905 23.251
457.303 22.8321
475.488 22.6363
490.739 23.4924
476.121 22.7331
442.9 22.9458
433.511 23.2226
445.86 23.3252
468.458 23.3174
455.368 22.6813
455.368 23.219
472.166 22.8155
405.391 23.3342
405.391 23.0201
420.346 23.2213
423.297 22.83
421.434 22.8586
434.212 22.7973
520.982 23.0599
510.115 22.9114
506.039 23.5222
480.415 23.5809
470.706 23.0818
436.101 23.0037
448.129 23.8503
491.842 23.293
444.503 23.006
419.977 22.5189
459.145 23.2715
444.405 22.5082
407.53 23.2486
431.179 23.2811
419.195 23.3739
417.051 23.5108
463.548 23.1518
429.761 23.2925
429.761 23.3994
445.94 23.6849
488.816 23.3259
472.055 22.6691
449.239 23.0083
457.626 23.3134
404.641 23.4978
405.325 23.106
421.764 23.1755
375.648 23.246
373.862 22.7147
397.687 22.8029
380.453 22.8118
390.039 22.9376
381.486 22.5731
366.101 22.792
359.075 22.8259
359.075 22.8772
370.534 22.58
399.805 23.1999
396.147 22.9845
392.994 22.9839
375.445 22.5083
426.877 22.6313
401.24 22.7817
401.24 23.2202
410.487 22.7269
406.815 23.4123
402.719 23.18
392.024 23.7631
395.314 23.108
371.789 23.1496
417.213 23.5516
429.108 23.0897
450.768 22.7406
463.26 23.4576
440.359 22.791
438.382 22.2008
462.868 23.2079
460.882 23.2802
460.892 23.4187
437.918 23.1486
454.983 23.0342
437.574 22.9302
444.504 22.8869
434.984 23.5502
420.314 22.8561
398.286 23.2425
374.296 23.2946
422.391 23.0823
424.369 23.0735
414.57 23.0894
412.141 23.5844
386.759 23.3557
386.759 23.1271
375.825 23.1546
370.983 23.5855
369.095 22.9998
377.825 23.1012
376.955 22.8862
344.175 22.6722
340.658 22.9401
382.014 23.3006
353.15 23.2741
354.499 22.9123
346.015 23.6442
346.015 23.0207
394.4 23.0524
402 23.6304
396.417 23.3058
418.517 23.5761
404.611 23.0833
436.296 22.7561
404.58 23.676
429.317 23.2196
447.454 23.1497
461.302 22.4124
432.13 23.6972
462.433 23.3126
445.733 23.1991
472.488 23.304
471.405 23.1658
477.937 23.2334
511.28 23.3099
520.898 22.5206
468.825 23.0878
498.383 22.9738
471.937 22.5895
466.769 22.7275
461.761 23.4671
443.626 23.5431
460.05 23.27
472.593 23.317
473.069 22.7011
489.26 22.9025
439.396 23.6102
437.328 22.473
445.766 22.9522
443.887 22.7675
407.645 23.2929
415.052 23.9235
434.389 23.0067
416.078 23.1136
463.285 23.3519
451.652 23.2597
449.695 22.8756
454.783 23.1527
454.768 23.2998
385.089 23.4038
386.017 22.8972
411.319 23.345
400.071 23.1611
430.388 23.0936
409.377 22.7568
449.662 22.937
449.662 23.3616
443.644 22.9359
452.896 22.8535
467.802 22.9114
439.144 22.8452
422.691 22.59
396.61 23.1997
396.61 23.3558
447.915 22.8401
408.796 22.7137
425.583 22.9156
438.552 23.3583
435.995 23.0155
438.63 22.5682
439.984 23.1171
404.879 23.4181
412.464 23.1936
375.003 22.237
381.398 23.3959
380.385 23.514
425.507 22.9222
374.124 22.8613
379.532 22.7667
381.76 22.6196
338.186 22.7223
365.908 23.1115
365.487 22.8174
412.979 23.3529
415.085 23.112
405.112 22.6006
412.424 23.0336
429.324 22.7508
459.946 23.0631
533.77 23.1744
496.698 23.0148
504.156 22.9908
426.061 23.2994
441.483 23.184
439.734 23.4501
419.727 23.0225
525.597 23.0172
521.992 22.9999
522.927 23.0055
554.376 23.2716
508.088 23.2393
481.118 23.2809
511.939 22.9996
487.484 23.1772
457.441 23.5709
467.787 22.5833
426.505 23.0068
506.682 23.6292
551.194 23.1552
544.349 23.0007
594.117 23.1879
592.791 23.1328
566.637 23.1906
588.437 23.093
588.437 23.0999
555.213 22.897
564.975 23.086
518.715 23.5366
465.47 23.408
459.87 23.0228
440.829 22.6511
483.393 23.2447
424.312 23.8959
399.554 23.3497
422.805 23.2484
388.709 23.1875
371.869 23.1552
404.214 23.4148
445.749 23.4967
459.926 22.933
425.736 23.1389
429.766 23.4306
433.827 23.5019
439.476 23.0723
460.206 22.7384
429.485 23.3668
479.216 22.0642
456.355 23.253
450.424 23.2304
451.29 23.5501
460.476 22.8812
435.342 22.8553
435.478 23.3774
428.58 23.3727
431.827 23.2204
401.76 23.2947
398.313 23.2449
384.125 23.3645
368.639 22.9387
414.651 22.85
389.294 22.9896
338.605 22.9319
318.693 22.551
387.119 23.0987
420.391 23.0805
391.646 23.5508
405.124 23.3639
442.242 23.126
419.147 23.1691
461.878 23.3819
387.351 23.5137
340.581 22.4975
330.531 23.2627
346.871 23.3832
362.254 22.7821
320.705 22.9941
320.705 23.026
