50.8974 19.8866
49.0356 19.9106
55.4077 19.9417
71.5861 19.5445
70.2043 20.8058
96.7207 19.1671
62.3129 20.22
78.9686 19.8875
53.189 19.9064
59.6561 19.5133
53.2174 20.9807
61.6205 20.1735
57.638 19.8235
66.6303 20.2621
65.5328 19.8181
39.6444 19.9954
32.2054 20.0986
67.8021 20.365
76.6076 19.3836
46.8382 21.0508
78.4609 20.3239
48.4857 20.198
37.2976 19.1895
49.7646 20.3862
62.2175 20.4503
60.3713 19.7764
45.2169 20.5825
34.5077 20.2827
36.9727 20.6099
54.353 19.7891
36.5119 20.1346
36.5734 20.36
26.7639 19.9814
63.0336 19.7557
54.024 20.3526
50.8276 19.5328
82.7087 19.5655
58.8434 19.2816
129.023 19.7676
85.8438 19.1465
105.842 19.9942
114.486 19.2518
77.1181 19.2297
57.3272 20.697
110.533 19.8164
92.8598 19.6411
73.7854 20.1732
109.632 19.6488
109.632 20.1358
67.2687 19.9446
76.5241 19.56
61.3807 19.8684
86.0283 20.3604
91.3774 19.5459
89.1034 19.2341
50.2103 19.7956
58.4698 19.479
96.3844 19.9508
102.729 19.8613
88.7984 19.0077
70.4918 20.619
79.3051 20.2346
63.808 20.3444
93.2944 20.0306
69.5062 19.2815
46.1909 20.6605
55.8603 20.0906
86.6379 20.4139
35.3519 20.3853
45.1793 20.3559
89.7493 19.4839
69.2772 19.5476
64.3558 20.7846
62.3237 19.8774
53.6316 19.9648
73.3197 20.033
71.9649 19.738
75.737 19.3119
75.0366 19.6629
54.0948 20.9905
84.028 21.0936
82.2277 21.082
115.462 19.2719
68.6267 20.3638
64.8052 19.7623
105.197 20.4492
97.5743 19.6115
52.9808 19.777
79.8895 20.1283
88.3211 19.4546
40.0256 20.1392
56.9465 19.8578
57.1073 19.7522
81.0959 19.794
70.9153 20.1522
92.9796 18.8689
82.8698 20.4247
67.2013 19.9461
53.2946 20.3577
69.2728 20.2923
73.0831 20.2253
47.9985 20.0796
51.1878 20.7019
53.4435 19.8858
75.4783 19.718
79.5013 20.4922
68.4108 19.8247
76.1896 20.3545
67.3587 20.5671
78.842 20.2429
75.9124 19.8193
57.3502 19.8354
72.5582 19.8149
61.0045 19.7541
77.5454 19.772
38.7011 19.7412
80.9745 19.1731
86.126 19.8558
75.1918 19.5483
93.3277 19.9748
75.614 20.268
47.8001 19.8913
87.4727 19.002
65.8852 20.6498
59.4838 20.5197
69.4658 20.5709
69.7373 20.2121
73.6228 19.8685
77.2762 19.5024
81.3564 19.5677
58.9263 19.591
48.6479 19.9668
79.9885 19.2689
61.7011 20.367
38.4655 19.5273
50.3614 20.1849
50.3161 19.2323
92.4959 20.0044
93.2524 20.0787
70.0796 19.7104
74.5787 20.5266
74.6548 20.5338
71.4424 19.339
47.6854 19.8565
71.3881 19.7033
95.8074 20.3537
41.9874 20.3589
80.2163 19.8192
80.5684 20.04
141.726 20.4779
106.924 19.6373
85.4217 19.96
90.5963 20.8588
77.6213 19.4285
91.4229 20.0303
89.8987 19.9894
79.2197 18.9039
107.634 19.7691
126.923 20.2225
76.9535 20.3342
98.2168 20.0634
84.5484 20.2711
118.372 19.6815
110.653 19.6244
123.987 19.6815
107.738 19.77
82.5634 20.2773
112.515 19.5095
91.4797 19.6593
104.051 18.8246
85.218 20.0781
56.556 20.0821
80.6811 19.74
83.5865 20.8413
63.3208 19.6917
89.0009 19.8136
88.1077 19.7061
82.6056 20.2115
46.1108 19.8928
95.4668 19.4242
73.8514 19.7369
81.9559 19.1669
72.2484 20.3868
69.9324 20.2171
51.598 19.7778
43.2774 19.7453
70.5483 19.9048
52.2486 19.5895
49.3785 20.7682
64.7572 20.1686
46.9877 19.9717
32.0804 19.8017
34.0585 20.6374
58.4636 18.9646
33.2325 21.2886
35.2538 20.1225
57.969 20.0237
58.5387 19.848
81.0215 18.3615
73.6739 19.2711
37.4511 19.9242
36.1886 19.8966
51.2862 19.1027
43.1928 19.6863
55.8201 20.2498
57.8532 19.8861
54.9892 20.5114
63.5281 20.84
44.7501 20.9507
67.0283 20.6148
62.4299 19.7815
50.8107 20.3943
41.12 19.803
65.2173 20.2902
47.2387 20.4207
68.5857 20.082
78.148 19.8188
61.8335 19.6427
89.4131 19.3106
75.2885 19.5784
73.5903 20.4257
75.7755 19.7022
82.9257 20.4778
102.595 19.5568
79.0246 18.8338
59.4187 19.4777
84.5464 19.1443
57.6302 19.3615
78.1375 20.1351
94.7715 20.0985
64.9535 19.8107
63.4391 19.9445
63.6748 20.0362
55.8614 18.9143
68.2192 20.4918
59.8006 20.7979
49.1202 19.1935
59.8139 19.014
82.2875 19.7879
83.4107 20.1802
43.2576 19.1547
67.9873 19.4059
80.9802 19.572
54.8741 20.3076
45.1327 19.6423
39.9775 19.4867
70.2898 20.2227
53.9788 19.4631
56.9172 19.9605
79.9943 19.3474
98.42 20.1513
106.38 20.1991
71.1517 20.2237
72.3688 19.9477
68.5129 20.0184
67.7668 19.5925
85.4093 20.0832
96.8951 19.4802
78.1168 20.0552
84.5205 19.5492
65.2791 20.1788
95.2464 19.6936
100.579 19.0871
87.2386 18.7016
81.6716 20.5065
66.8348 20.0402
71.6805 20.1652
60.0648 19.5795
68.8768 20.1366
60.9432 19.9541
73.5587 20.3814
42.6595 20.6602
52.2319 20.2673
49.5922 20.4033
36.9639 20.4216
77.6927 19.744
97.3103 18.9991
88.9503 19.2493
84.9466 20.3424
120.23 20.6579
103.081 19.8288
106.435 19.7859
124.899 20.2628
95.347 19.5979
86.524 19.7845
92.3336 20.204
47.2198 19.9896
75.4087 19.3752
81.6531 19.2819
87.7043 20.0562
60.5203 19.9001
65.7497 20.2781
61.9629 20.2396
87.1035 19.5279
87.8122 19.2526
76.0736 20.9495
87.7232 19.543
120.487 19.8057
88.5007 21.0484
110.313 19.0776
123.362 20.2617
49.7655 19.9375
95.834 19.3759
59.0528 19.9092
68.8105 19.8926
84.7143 20.2577
66.2658 20.4615
84.2037 20.654
81.9076 18.9425
71.291 20.79
60.994 20.443
96.1947 19.6435
102.345 19.5025
75.8088 20.2149
76.4646 20.1516
126.716 20.0039
117.27 21
61.2475 20.2991
33.8119 20.3608
60.3377 21.0116
97.1376 19.4575
90.9529 20.4586
78.2144 20.5303
69.83 19.6534
91.6661 20.2348
96.9668 20.4996
113.319 19.5838
120.26 19.8271
88.091 19.1316
76.8058 20.3738
130.772 20.318
124.434 20.1466
104.099 19.5568
54.2222 20.1696
52.242 21.4088
63.5754 20.6855
59.1442 21.297
71.3432 20.7043
36.8898 19.3125
113.886 19.6608
105.186 19.4504
107.794 19.0965
107.188 19.4119
101.859 19.7093
78.5165 19.0765
70.9427 19.7232
80.8655 19.8861
72.4303 19.7257
73.9812 21.1106
125.12 19.7168
86.7129 19.8611
35.4308 19.8243
110.261 19.9988
86.7292 20.2985
84.3809 19.4434
77.304 19.4136
65.6739 19.9115
83.2587 19.2854
86.9436 19.8691
83.4537 20.1046
108.37 20.0878
47.2091 20.0212
80.2641 20.0317
65.6804 19.4885
68.6787 19.9969
75.1499 19.9248
86.944 20.0672
71.4415 19.8586
104.173 18.829
91.6036 18.8964
108.643 18.5202
108.015 19.4601
146.659 19.503
61.9859 20.1927
71.8811 20.1242
54.4136 19.7808
90.4165 19.9233
97.2361 19.2544
89.6707 20.2228
111.281 19.4451
94.7375 19.8276
61.4465 20.2695
60.4704 19.4275
74.2767 19.9731
60.1034 19.8578
77.5589 20.1021
72.3944 19.8908
85.4069 20.2279
102.324 19.7615
114.105 19.8203
66.768 19.5811
103.187 19.8639
69.5804 19.6209
78.8001 19.746
80.6761 19.6829
46.3759 20.356
94.4529 20.0419
71.2599 20.0209
90.7142 19.258
78.0307 20.0864
69.3826 19.8306
67.399 19.9518
100.954 19.0629
113.429 20.3732
79.7876 19.6332
63.9602 20.5241
82.8937 19.6119
89.626 19.8334
140.716 20.122
72.9588 19.8882
71.1289 20.1174
69.866 19.5401
53.8902 20.2291
56.8929 19.1103
50.1621 19.7702
45.809 18.8566
74.707 19.8088
95.8989 20.5545
77.6043 19.608
54.6131 19.4008
60.967 19.5232
56.3052 19.3204
78.9404 20.0715
85.1549 19.7361
66.6418 20.167
65.4054 19.4368
78.096 19.8528
68.0194 20.3916
88.7095 19.6468
65.574 19.5356
88.8434 19.3911
53.7632 20.0482
50.1401 20.3738
64.6486 20.5816
69.9518 21.0376
50.4815 19.4132
83.5631 19.9288
70.6027 20.537
81.9943 19.7593
77.7152 19.7387
78.1683 19.5582
76.725 19.8534
95.7694 19.8638
77.5776 19.9298
90.219 19.9254
58.4549 20.0525
111.38 20.6381
112.267 20.0944
92.4845 19.7111
139.598 19.7751
142.499 20.3734
93.7481 20.0825
159.63 20.675
161.37 21.2483
159.525 20.6005
186.931 19.9383
226.862 19.864
135.012 20.2123
117.364 19.6678
135.265 20.3306
144.88 20.0548
118.616 19.3424
91.1172 20.3914
82.7743 19.1071
61.882 19.8547
112.215 20.0124
82.0748 20.3007
108.071 20.7219
48.6837 20.4284
76.6788 19.4437
73.3577 19.6178
138.447 20.0337
68.8983 20.308
59.4569 20.6428
50.4462 20.6846
111.782 20.1387
52.451 20.1463
55.7223 20.7813
48.8819 19.7563
75.1653 19.9327
127.551 19.6869
95.6655 19.7071
165.716 20.0298
130.074 19.7732
95.3919 19.5869
57.415 20.3676
92.0599 19.791
82.696 19.8957
111.79 19.006
101.243 19.3122
36.9283 20.6722
45.0668 21.2258
49.675 20.3259
48.1539 20.6254
41.2947 20.1044
77.1113 20.519
60.1736 19.812
70.7962 19.8095
85.1332 20.0294
96.1802 19.6489
80.838 19.8097
71.9942 19.9049
106.136 19.4756
80.4861 20.571
79.0351 20.0419
93.0917 20.3796
90.6375 19.5572
75.5224 19.7093
69.0807 20.3668
61.0203 20.282
60.6596 20.1829
103.57 19.773
66.2594 20.6684
54.5879 19.8208
69.8456 20.5425
72.9889 21.0788
64.0639 19.6253
81.8593 19.2393
86.7385 19.2567
71.9892 20.871
54.2568 19.785
46.8834 18.5942
51.2776 18.7066
41.8731 20.1403
45.3672 19.996
48.2561 20.4125
45.5364 19.4887
41.75 20.2566
73.8762 19.0237
60.3204 19.6609
73.4137 19.7469
70.5652 19.701
67.8702 19.6522
77.9884 19.9697
72.4747 20.5882
65.3133 19.6453
79.6642 20.295
60.855 19.7967
62.4729 19.4285
65.1924 19.2348
57.6705 20.1429
63.6692 20.5001
121.289 19.8042
126.011 20.0809
116.53 20.4
79.6957 20.1633
86.4618 19.5962
89.4629 19.3013
51.8833 19.6075
80.9043 20.5648
66.9251 20.3732
70.7904 19.5639
74.2234 20.1552
77.7089 19.7228
89.3497 19.4752
79.8602 19.3033
71.4349 19.8421
52.2415 19.8729
72.5197 19.3053
125.87 20.0192
108.571 19.8048
78.2207 20.5078
124.789 20.0452
111.285 19.8652
89.7327 20.114
122.139 19.2156
146.64 19.754
49.7245 20.2375
80.9288 20.2275
60.2031 19.9113
51.8593 20.1267
70.048 19.9108
65.1914 19.3967
101.658 19.7625
113.54 19.7481
74.6997 19.1473
66.8703 19.9561
45.6238 20.801
77.8577 18.4068
83.8566 20.258
57.6958 19.8502
57.5937 19.3057
70.3454 19.7741
78.934 19.409
45.2935 19.4728
67.5081 20.036
46.1152 19.5307
87.9527 19.7374
58.7956 19.9373
21.4504 19.3079
100.443 19.8429
87.3769 17.8734
55.7134 19.5043
138.5 19.374
74.2786 19.5145
68.5076 19.3223
121.563 19.9345
97.0972 19.3198
116.526 19.4143
67.9679 19.9026
54.1503 19.7393
78.0182 19.5434
55.6711 19.2639
75.6946 19.5932
58.9161 19.344
44.5698 20.1246
68.9415 20.0119
63.007 20.0586
82.1011 20.2729
59.4229 20.7185
84.9357 19.3957
90.9377 18.7004
90.5283 20.0794
54.536 20.0504
66.8544 19.5924
75.1689 19.3192
86.4506 19.9905
89.0884 19.352
81.9203 20.1985
89.6472 19.2076
54.2895 19.893
71.5258 20.1007
88.8504 19.4113
62.2429 20.4104
34.9254 20.5224
53.4753 18.7491
60.806 19.6532
61.7182 19.296
77.0295 20.0207
61.2742 19.8466
73.4857 19.7545
108.242 19.8038
71.9659 20.0982
67.2771 21.1885
53.3465 20.3873
46.2027 19.9581
77.2898 19.9905
60.2607 19.2754
97.8494 19.2014
73.6063 19.5738
75.529 19.6271
81.2031 20.1387
100.074 19.9609
112.312 19.8736
118.228 19.5006
43.209 19.5809
53.2118 19.642
98.535 19.9885
86.3108 20.0294
83.497 20.2382
51.1047 20.4205
92.0898 19.7013
80.132 19.6263
54.1495 20.0322
100.798 19.3891
103.382 19.6989
87.5814 20.6285
115.261 19.667
89.782 19.3649
67.8684 20.0378
75.6026 20.388
56.2585 19.673
106.536 19.8626
83.2414 19.5769
97.1922 19.6607
123.271 19.9672
108.004 19.9781
74.3462 20.4637
116.289 18.5232
116.763 19.6794
106.358 19.1799
77.345 20.379
93.1188 20.1254
64.847 21.029
58.6564 20.4159
26.0405 20.3628
56.8541 19.5415
61.911 20.1707
38.9473 19.7736
51.0296 19.357
88.1333 19.7131
84.7774 19.4468
74.5231 20.1359
77.8778 20.0062
83.2899 19.5845
53.0597 19.7349
74.2183 20.0477
69.6878 20.4082
98.5967 20.0124
93.0329 19.7911
157.999 19.9673
112.169 20.1701
158.956 20.2061
117.53 20.0158
151.207 19.8243
103.621 20.0346
128.207 20.4336
145.631 20.4418
120.767 20.0199
124.651 19.7542
129.176 19.3091
71.2877 19.5128
95.348 19.7553
110.305 19.467
97.7379 19.28
70.8485 19.1289
76.2249 19.6562
81.0857 19.8158
71.7915 19.6639
86.8326 19.8135
72.7367 20.4408
67.15 19.9447
79.738 19.4918
54.0154 19.8532
99.6621 19.5756
69.6428 19.4529
128.498 19.5653
47.2217 19.0811
65.8886 19.4569
68.7421 19.6383
78.6038 18.8936
59.4384 20.3049
36.3024 20.7987
68.2481 19.621
61.0536 19.1174
94.2146 19.9841
44.6119 20.8996
48.667 20.0099
73.2345 20.1001
82.444 20.6867
61.8651 20.648
103.28 18.9046
63.0321 20.2127
38.0759 20.0476
76.5327 20.8279
66.4883 20.2258
69.0981 20.3102
66.9371 20.6628
111.588 19.7086
120.764 18.9562
141.196 20.6314
77.5078 20.0144
68.0953 19.3643
51.7591 19.3728
35.1746 19.4637
38.8682 20.5988
46.8968 20.3552
78.5274 19.6663
59.0644 20.1843
68.5928 19.5746
77.5855 19.13
52.1726 19.6256
68.1802 20.6244
59.6087 19.4895
72.6388 20.2967
80.1804 19.5967
73.2216 19.5406
68.1933 20.057
56.5974 19.9239
62.1302 19.571
54.2887 19.383
63.1362 20.6044
73.8737 19.3174
50.8603 19.8487
72.3283 19.6255
84.0356 19.8952
82.4333 19.7765
78.6308 20.6488
83.8572 20.5127
61.3619 19.643
91.2648 19.9239
80.9485 20.556
132.37 18.8946
51.4819 19.9509
81.318 19.6623
66.5477 20.195
50.2092 20.601
60.7756 19.4467
76.3839 19.8727
71.9574 20.1226
91.414 19.4381
67.3844 20.461
52.9218 20.5747
67.3464 20.2294
50.3984 19.9227
48.73 19.8993
54.2267 19.984
60.7242 20.8064
79.0059 20.1856
59.872 19.963
95.5585 19.7097
86.051 20.0658
78.2962 20.3674
103.382 20.1627
128.854 20.1831
78.1322 19.4857
74.6754 20.111
75.3623 19.9697
84.5793 19.4971
58.5903 19.7541
122.621 20.6518
127.014 20.3193
97.2126 18.7185
108.67 19.7648
117.832 19.8173
78.7406 20.4526
145.797 19.1725
128.187 20.2443
123.754 20.1675
109.961 20.8524
89.4554 20.1376
61.0283 20.1919
47.7401 20.7157
101.635 19.1575
96.4676 19.4157
60.6713 20.1964
75.8753 20.1383
57.3707 19.8239
56.0559 20.1528
76.0481 20.1535
76.0969 20.1458
81.5965 19.7822
64.234 19.0476
58.4386 20.0468
39.1331 20.0152
79.8038 19.0225
91.912 19.8633
54.3702 19.902
50.8618 19.6367
47.2575 19.7907
63.5373 19.7856
65.3802 19.957
68.611 19.7302
43.8613 20.4785
60.0723 19.5643
85.2277 19.9372
77.7146 19.503
62.7709 19.4043
87.0688 20.0168
65.0651 20.6958
62.1919 20.2277
46.5883 20.3216
46.7778 19.6303
56.3163 19.0515
58.1589 19.1186
99.4798 19.8708
69.2249 20.8054
66.9909 19.6833
75.0346 19.8039
105.395 19.3367
57.2054 20.4044
65.8328 19.1651
52.5404 19.4072
71.3474 19.6533
82.0328 19.7484
84.3838 19.7415
68.1899 20.189
92.2036 19.7126
59.9038 20.0311
89.6259 20.125
91.2062 19.8727
59.3866 19.9124
74.1228 20.1354
62.6563 20.1218
72.8018 19.6254
69.5757 20.0265
70.7257 19.7775
84.5594 19.5222
76.473 19.8074
76.9763 19.8237
73.8792 20.3105
85.4286 19.6111
95.4467 19.941
95.8875 19.6977
89.4799 19.9583
113.009 19.8393
129.731 19.9181
158.027 20.4066
89.9737 21.1166
78.8381 19.6507
101.122 19.7176
50.8243 20.0922
62.8525 19.7846
96.9706 19.3922
80.5421 18.9298
95.1201 19.3353
85.2732 19.7728
83.928 20.2085
84.5294 19.2112
88.7525 19.9812
76.5927 19.8632
66.0586 19.5007
52.3647 20.3416
32.3284 20.556
75.6103 20.2544
56.7432 19.8516
74.3947 19.3656
68.4983 19.6229
53.7781 19.9049
80.6653 19.8553
80.9126 20.1582
71.1682 20.627
71.8008 20.2135
67.0846 20.0433
62.0953 19.3816
67.8226 19.9748
71.3237 19.5345
66.5843 19.8937
72.5167 19.1129
50.3614 20.1834
35.7012 20.1789
36.0662 20.0382
33.3511 20.1804
43.1961 20.7889
89.2685 20.3184
65.0306 19.8721
114.998 19.567
116.536 19.4302
61.9655 19.7921
67.4158 20.3545
81.0641 20.2489
60.9632 20.5758
75.184 20.4617
111.768 20.1743
90.2054 19.5426
91.1918 20.278
82.129 19.5631
69.4238 20.0069
78.9166 19.4357
65.0598 20.9942
119.768 20.1968
96.3246 19.6739
122.44 19.7231
90.8397 19.7722
97.4378 20.0572
102.768 20.4417
125.391 19.1166
97.4746 20.1126
80.4128 20.4907
79.0733 19.6637
51.6533 20.1446
108.751 19.1986
71.8366 20.5454
75.3597 21.1801
82.1564 19.9033
57.2095 19.766
62.0624 20.765
88.2866 19.2757
95.1753 19.5616
98.5722 19.9711
89.4719 19.8368
53.0135 19.9393
82.7475 20.1109
91.4186 19.8655
72.232 20.7544
75.9571 19.9063
60.8384 20.1815
47.3378 20.6556
64.8612 20.4464
67.803 19.7314
107.29 19.7366
112.131 18.8797
117.772 20.1278
88.0446 19.4109
80.9637 19.6941
106.271 19.9901
32.6161 21.0208
67.1188 19.4407
83.6354 19.5008
60.2918 19.4043
81.862 19.7861
57.1729 20.5745
58.1072 19.8442
49.197 20.3161
58.3647 19.726
73.3932 19.6654
65.5791 19.2384
61.5666 20.3425
36.6822 20.7649
66.3593 19.7386
41.1939 19.8037
51.2723 20.1484
47.5 20.4244
47.5726 19.8101
57.5307 19.9913
83.4866 18.7092
58.1303 20.235
86.0364 19.5846
70.0713 18.8219
58.5409 19.3117
40.5469 19.7972
72.7071 19.734
76.2401 19.5653
91.9323 20.1845
80.8264 19.8621
90.4544 19.9269
70.5167 19.6266
40.9987 20.081
68.6013 18.8284
46.1277 19.7784
35.8847 19.6323
56.5662 20.2016
76.8511 20.3108
56.4714 20.0979
44.6805 19.81
55.8635 20.7109
67.3067 20.8949
70.8652 19.9869
100.991 19.6901
80.2126 20.0835
106.233 20.4634
73.1604 19.9352
80.6655 19.1769
94.0023 19.6688
112.092 19.3621
66.3732 19.2761
85.5506 19.7733
41.7574 20.3796
61.7807 19.3867
37.8897 20.3005
75.2024 20.1445
67.0138 20.0106
54.3092 20.3532
86.5169 20.0744
63.1751 19.3318
89.8392 20.574
69.0426 20.2067
77.2624 19.4504
80.0621 19.9356
69.9102 19.9987
97.4465 20.2366
97.3653 19.7463
122.333 20.0728
70.7972 20.3499
80.9902 20.2103
116.583 19.9722
110.432 20.678
80.3524 20.1376
85.0881 20.0354
85.3924 19.8161
72.674 19.8974
86.566 19.5993
96.7887 20.2894
113.227 19.1251
49.9784 19.3878
24.5323 19.8641
47.9974 19.9671
56.981 19.9724
55.8629 20.6862
72.4606 19.988
33.7872 19.97
33.8447 20.121
31.7695 20.7467
23.0219 20.8471
49.4374 19.7085
53.1227 20.1049
37.9565 19.9441
51.3281 20.0011
66.7593 19.1258
52.4252 19.2897
62.6578 19.6053
46.2793 20.6941
47.51 19.8177
145.211 19.2278
129.789 19.5726
62.7084 19.8077
89.3006 20.0224
74.1281 19.8714
73.023 20.1317
61.5121 20.0123
75.2705 19.8445
78.2214 20.0432
75.8916 19.065
79.9192 20.2148
73.9275 20.0096
75.5736 19.9747
61.5399 19.5306
57.0252 20.1547
56.6303 19.8093
88.8985 20.6164
44.6736 21.0832
53.9935 20.4654
51.8037 20.215
65.3727 20.2316
78.7864 19.3852
76.0035 19.5276
62.8755 20.4582
63.7103 19.3019
76.4613 19.2401
65.6675 19.069
56.1648 20.0215
84.5877 19.0981
107.983 20.1169
62.213 20.5463
79.5117 20.4184
48.7011 19.3622
113.878 19.2261
100.323 19.5966
76.7653 19.9033
58.831 19.6836
82.7712 19.4269
93.181 19.1283
113.414 19.8447
104.383 19.7075
84.9784 20.5129
110.127 20.1685
86.1301 19.543
63.3387 19.8154
107.538 20.0063
81.3107 19.5854
122.458 20.0031
84.0383 19.9608
60.8418 20.0149
106.485 20.1192
90.2325 20.3768
102.8 20.5448
91.2015 20.5671
107.898 19.0527
99.7638 19.5004
60.9583 20.0141
46.3815 19.2855
58.6643 19.633
57.1103 19.8042
72.7324 19.2695
65.4101 19.149
80.9769 19.2265
82.3287 19.5108
80.441 20.043
47.5723 19.9979
31.2207 20.5652
46.2618 19.8426
114.016 19.3112
146.065 19.7568
78.9514 19.0628
104.834 20.3416
129.712 19.7839
81.3073 19.9491
114.213 20.6015
99.1086 19.6162
116.447 19.6381
100.265 20.4615
110.11 21.1318
129.59 20.0954
113.675 20.3043
139.456 20.4732
159.864 18.7019
176.095 19.8756
212.633 19.3459
137.304 21.311
134.768 19.8427
108.306 20.328
81.4886 20.1008
59.9802 19.73
71.8479 19.9099
99.0379 20.2073
113.177 20.1619
115.928 19.7181
103.319 20.1072
61.2717 19.5171
62.9307 19.6195
56.6703 20.328
51.8583 19.9912
68.0871 19.3865
62.2779 20.5649
38.258 20.7275
63.5266 21.0744
62.8825 20.4263
62.7282 19.8203
62.4983 19.5452
62.3256 19.0497
65.54 21.1683
58.4061 19.4023
50.0915 20.3817
75.104 20.3522
67.8219 19.5936
73.1344 20.3929
75.0659 19.9467
86.4403 20.5518
88.9959 19.8042
76.7742 20.1313
94.0688 20.1424
108.039 19.1751
85.2997 20.0111
95.1245 20.2675
52.5531 20.2972
102.282 19.6189
95.3478 19.3312
85.9633 19.9582
96.6814 19.9206
93.719 19.253
75.8704 19.8183
218.742 19.5688
90.0935 20.1732
77.1325 20.1455
52.158 19.6202
64.4911 19.9852
155.468 20.117
81.282 19.7427
123.471 18.9339
104.185 19.8889
95.1655 20.3918
70.2725 19.2876
75.958 19.938
54.1698 19.9037
117.296 18.8265
111.884 19.8106
153.227 19.274
122.094 19.3683
126.661 20.7015
63.8553 19.9348
55.2666 20.2942
49.267 20.3195
66.3296 20.7978
58.9628 20.3547
69.6892 20.0739
94.8125 19.6115
63.7818 20.1034
83.3721 20.085
100.699 19.7222
98.0714 20.3064
102.747 19.8493
123.254 20.5929
59.7696 19.8318
81.0063 20.383
68.8279 19.2783
84.4157 19.9293
54.7586 19.8969
62.0825 20.0562
78.1056 19.633
60.9774 20.634
66.8441 19.9633
85.7045 19.5884
56.8625 19.9569
67.1498 19.0292
79.4452 18.8576
78.1815 19.3621
85.8861 19.7921
77.8316 17.9815
74.6066 20.0735
64.487 20.3524
89.8569 19.9618
111.16 19.5654
107.702 19.5494
69.4307 20.4026
64.2268 20.1267
49.7768 21.3074
37.5172 20.2356
70.9451 20.3352
75.0242 20.5382
94.4234 20.4974
45.2673 19.7788
82.6713 19.9199
76.2534 19.4108
118.561 20.4871
101.605 20.8753
64.0564 19.0213
47.4282 19.7378
71.2287 20.306
87.3589 20.6677
74.9619 19.1033
32.181 20.2665
41.5803 20.1727
61.1807 19.8816
66.8139 19.6865
36.5248 20.1022
64.3735 20.3149
36.1698 20.7492
45.0722 20.8501
45.3527 20.7103
41.5401 20.4805
58.5905 20.1518
57.5729 19.2653
62.5918 19.7121
80.8357 19.5664
83.4154 19.0689
50.4051 20.4911
53.0945 20.1974
72.0047 19.7005
86.1328 20.4026
53.6607 20.1332
59.667 20.209
61.5359 20.3437
35.9947 20.9753
47.8798 20.3511
42.8011 20.3603
49.2784 19.8111
63.8503 20.2136
48.5547 21.0457
79.4838 19.7699
53.3383 19.6278
51.7795 20.8117
56.1553 20.2045
63.9259 19.7987
71.306 19.597
63.9503 19.346
50.4753 19.6331
53.2443 19.3167
76.5424 19.6915
120.954 19.5751
62.0974 19.0617
69.4081 20.5235
51.9058 20.1911
62.1497 20.0216
65.0927 20.3498
66.5943 19.3897
73.9238 20.5673
68.7904 19.8156
89.3921 20.0817
62.2564 19.1654
114.939 19.2083
102.288 19.7227
92.8079 19.64
28.4545 20.256
98.729 20.1731
79.0458 19.8796
77.2779 19.6922
78.7606 19.7426
65.4427 20.4065
53.6877 20.0516
47.4613 19.9371
50.9219 19.5359
47.0816 19.9649
63.2681 19.7665
94.1475 20.1718
49.9254 20.0744
45.8793 20.2623
51.407 19.9041
55.6178 20.1176
70.0858 20.293
64.4242 20.2976
48.2843 19.6272
31.5634 20.1301
52.8647 19.9041
55.2671 20.3675
48.288 19.6502
75.7594 20.3608
47.1685 20.0876
75.0966 20.5565
73.9804 19.9315
49.8336 19.3991
73.6988 19.6574
58.9481 19.5093
56.0628 19.8345
50.6974 20.2513
27.9901 20.1383
38.2194 20.2664
59.4381 19.7765
80.9062 19.8474
82.8032 19.1857
55.8097 20.7701
41.3334 19.7495
39.8285 20.8473
33.3963 19.9848
26.5678 19.3626
26.7124 20.1941
31.8085 20.3051
14.0836 20.4884
73.7453 20.4298
61.4711 20.4307
60.5102 20.4193
57.4061 20.3223
82.7637 19.8999
71.2383 20.1938
81.478 20.4392
55.9434 20.1135
66.6882 19.813
57.7179 21.1231
73.5302 20.5308
41.7838 20.7474
68.4969 19.5727
60.5583 20.1809
69.2432 18.6502
51.7201 20.7511
54.5881 19.9695
46.8106 20.3255
45.2683 20.1475
49.2369 20.6343
42.7216 20.0643
94.9893 19.3275
61.5934 19.3999
73.5382 19.4477
47.2859 19.4874
87.4807 20.5612
19.7559 20.3049
32.7578 20.6379
61.8517 19.1964
53.0948 19.6527
60.3885 19.8763
42.6577 19.5719
53.3312 20.0481
42.0588 19.7503
49.7629 20.4111
85.9184 19.5065
92.6419 19.256
85.1546 19.3978
54.0615 20.0066
32.931 20.5625
31.4009 19.9975
40.5657 20.1165
63.9288 19.8655
37.1634 19.57
34.3825 19.7602
53.1518 19.4062
50.4416 20.4641
59.2818 20.5341
63.1162 20.3783
43.9824 19.3949
49.3052 19.5818
39.7171 19.6466
61.9665 19.5845
60.0428 19.6562
48.0786 19.6725
52.4864 19.3895
51.0099 20.3708
56.1676 20.1658
48.8003 20.2577
89.8819 20.4666
103.655 19.9431
88.4353 19.2666
44.0846 20.1828
46.6771 20.3509
49.6643 19.6705
45.9189 19.4831
65.8913 19.0995
73.1471 20.4693
74.1957 19.8208
71.9834 19.9657
60.7819 18.5539
44.8778 20.1542
56.7901 19.9808
50.3739 20.145
61.1377 19.8993
63.0256 20.5407
70.2083 19.668
61.4352 20.2008
52.2275 20.2845
79.1389 20.3085
99.4506 20.3797
62.2063 19.9426
62.1949 20.7886
67.5763 19.824
29.6224 20.2492
57.3403 20.1851
57.6316 20.0774
27.4626 20.7268
50.6575 19.5283
39.8923 19.7818
43.9363 20.002
39.5168 19.8721
68.2722 19.5975
49.3115 20.0064
75.4981 19.8104
78.3614 19.7923
69.5819 19.7874
64.8887 19.7964
59.3599 19.7997
55.1531 20.6685
62.0372 19.1498
69.7119 19.9376
95.9562 20.2441
71.4714 19.5808
62.2412 19.7159
68.0733 19.8872
72.1925 20.0623
77.529 19.498
89.1133 19.3289
95.2413 19.6247
66.1838 19.4322
89.6829 20.0567
57.7453 19.707
46.1525 19.7909
77.3614 20.0154
70.3082 19.965
96.9555 20.2031
72.2711 20.2276
65.4758 19.1374
48.565 20.405
54.6067 19.9939
55.9725 19.8319
69.0465 21.231
55.174 20.9173
77.5244 19.5611
61.2319 20.5092
68.2438 20.4258
48.8643 20.5744
69.6809 19.6385
52.2121 20.4572
56.878 20.1918
55.4095 20.3032
59.1764 20.0164
79.6586 19.2805
81.2295 19.3611
117.22 19.3276
90.4551 20.0651
72.4818 19.8206
73.6107 19.6964
42.726 20.2186
82.861 19.6809
57.7114 19.7673
69.871 20.2753
94.3604 20.063
78.2222 19.5449
80.9307 20.2197
56.5509 20.2357
80.8821 19.2054
71.221 19.5504
56.3026 19.9943
38.8774 19.9621
51.5662 19.7021
96.0544 19.61
81.5352 19.3639
46.6586 20.0594
76.6345 18.6808
76.2496 19.4328
76.0673 20.7611
86.0254 20.3817
92.363 20.068
79.6471 19.7172
75.9584 20.3668
43.7451 19.8893
88.201 19.5582
46.2008 20.3399
34.3469 20.4529
36.8031 20.6128
47.275 20.5569
67.5059 19.5467
58.698 20.4181
75.002 19.627
53.7294 20.4078
74.5473 20.1866
87.1524 20.4558
59.0897 20.3483
127.88 20.3635
58.2459 20.5163
58.1672 20.1961
81.4888 19.1908
58.1956 19.9362
49.1996 20.7658
38.0213 20.4789
34.631 21.1898
87.5674 19.731
82.787 19.7328
71.9019 19.7587
79.684 19.8913
66.488 19.3392
62.3255 19.5529
71.4371 19.4032
72.1455 19.7412
40.5363 20.273
49.3166 20.5425
45.9525 19.5609
55.531 19.3523
73.384 20.844
44.7815 20.273
54.4201 20.6
93.5265 20.0425
86.9513 19.8874
97.5449 19.6055
54.5798 20.3635
52.4881 19.1286
84.3324 19.649
75.4683 19.7016
68.0536 20.8668
51.0183 20.6762
59.8526 20.2366
62.7372 19.647
68.2714 19.4742
58.4371 19.2322
69.8209 20.5397
68.7885 19.9551
77.2463 19.9385
84.9751 20.0539
109.709 20.1742
74.42 20.2676
81.0671 20.3285
91.4558 19.1848
86.0589 19.4173
54.6015 20.3237
74.0677 20.2521
62.8378 20.3176
58.2821 20.4073
48.6136 20.223
50.0351 21.0489
18.5345 20.4603
76.6211 20.033
77.4951 19.8448
91.2487 19.9602
75.6476 20.3731
58.2138 20.3056
62.781 20.1586
61.7111 19.6331
80.4915 19.4875
68.974 18.5348
59.6857 19.8406
58.4475 20.4159
58.5617 19.8767
80.4107 19.5362
84.3531 19.6909
91.8218 19.2938
56.9879 20.1689
78.1634 20.0414
63.6573 19.8848
35.6527 19.781
46.8258 20.5538
51.969 20.1566
67.3433 20.0412
62.1184 19.529
49.8157 20.0808
25.9853 20.8867
46.9904 19.6726
53.8304 20.4031
29.2027 19.9298
73.0052 19.6787
64.1229 20.5809
88.6129 20.3917
114.423 19.9483
126.976 19.2874
60.6043 20.3193
45.8838 20.318
72.1139 20.2425
75.2976 19.7801
67.4146 20.0648
67.9682 19.8039
61.8738 19.5125
64.4257 19.1798
54.9105 19.8257
61.2343 19.6778
65.9819 19.8018
90.3415 19.4413
144.11 18.7513
86.5102 19.9614
77.5335 19.6077
108.536 20.5326
89.4993 18.8761
101.374 18.9205
78.3432 20.5299
63.0153 20.6703
62.8355 20.3043
73.8486 20.4961
79.1475 19.1934
75.4207 19.7898
90.1994 20.6209
87.1628 19.7149
109.511 19.5771
92.1504 20.0348
77.1963 19.2804
65.2707 20.0263
66.6512 20.6796
100.131 19.2383
60.3008 20.0093
87.8779 19.6435
114.655 19.4169
97.9453 19.7078
90.7446 20.1014
79.9627 19.4641
114.771 19.7124
48.2459 20.0505
44.7828 20.2717
73.9154 20.297
65.8576 20.5876
108.153 20.2914
115.37 19.7175
128.281 18.676
58.5466 20.5731
76.4263 20.4185
78.839 19.9619
66.8218 20.9025
34.9585 20.5516
43.4578 20.0093
108.063 20.0478
39.0916 20.1026
141.344 20.2411
111.039 20.3246
73.6001 20.8988
116.546 19.4237
151.113 19.8248
183.259 19.8137
167.873 19.6253
112.725 21.1127
85.6548 21.5174
104.576 20.5007
73.0071 19.8468
57.5654 20.0533
88.8682 20.0356
66.8314 19.8022
67.454 20.3877
92.8475 20.4315
75.3692 19.7017
78.3824 19.0649
90.8129 20.0973
58.4446 19.1255
84.4117 18.7502
63.0485 20.0316
105.001 19.7839
61.7916 19.853
81.8204 20.1232
86.9609 19.2376
81.4511 20.0526
63.7532 20.1009
67.9317 19.9944
90.4036 19.8005
64.3781 20.0169
86.7105 20.4666
89.589 19.8016
76.5627 19.7631
43.4929 20.3471
48.9993 19.4025
64.8753 19.8648
62.6396 19.6813
59.2828 20.5964
68.5334 20.0282
43.3942 20.3994
69.3448 19.9284
87.2931 20.0469
96.014 20.1207
87.6702 19.3365
63.8106 19.5671
92.9418 20.2182
54.2907 19.6704
76.278 20.3846
74.635 20.6018
103.454 20.3822
35.3362 20.1392
62.5878 19.6996
86.5542 20.3232
106.952 19.6993
83.8976 21.2463
72.04 20.1674
60.0604 20.8182
70.5977 19.7969
56.6144 20.2002
57.795 20.116
51.9514 19.8662
55.8636 20.0784
57.6366 19.2935
66.3523 19.285
66.6743 20.2299
69.7353 19.6746
61.5816 19.6766
84.4052 20.1377
60.1296 20.1329
36.0946 19.814
62.4538 20.2405
64.5812 19.705
73.93 20.4078
50.0338 20.2782
55.5023 19.3274
51.4274 20.1605
50.0566 19.9527
68.9993 19.9092
40.2837 19.9137
79.9675 20.7675
88.1749 20.3871
60.5515 20.1661
108.772 20.2348
93.4379 20.1287
74.7789 20.5879
96.8722 20.2262
77.3456 20.0384
93.8811 20.9319
112.223 20.216
100.267 20.087
81.6881 20.1768
122.388 19.356
87.292 19.8307
65.9719 20.1439
55.6158 19.9304
32.3667 19.486
73.6213 19.5363
64.087 19.57
46.5193 19.8834
72.9723 20.5748
54.0191 20.083
69.983 19.0858
46.7366 19.7644
49.189 20.3976
32.9437 20.7321
44.7932 20.2707
66.6109 19.8914
51.1312 20.6238
61.4579 20.0684
60.6655 20.6443
61.6303 20.2681
47.5218 19.7001
78.1638 19.5021
78.1638 19.4803
57.5491 20.4445
68.4924 18.8525
102.422 19.2065
123.882 19.8101
88.5716 20.0196
88.242 20.3133
181.825 20.3357
97.663 19.4615
77.0575 20.4537
81.0929 20.4591
71.6125 20.5715
71.5557 19.9745
67.5488 19.4241
51.1834 20.051
74.9707 19.1933
49.8711 19.9202
64.4128 21.5458
67.2171 20.0893
86.0379 19.8813
75.2455 19.6069
62.0677 19.6976
52.6768 19.4245
67.4831 20.3679
51.0998 19.9078
64.8073 19.8341
58.3893 19.9837
59.5124 19.5948
73.3667 20.0086
80.8363 19.8877
73.8276 20.0227
84.7481 18.7171
71.9503 20.147
74.8026 18.9806
84.1662 19.7182
85.3429 19.3623
79.3518 20.4997
106.951 20.3485
103.841 20.0299
90.1214 19.5036
77.4022 19.8068
51.242 20.2417
64.8012 20.4071
50.8163 19.3389
46.7743 20.3907
36.8894 19.7251
48.2408 19.9646
49.197 19.4838
51.7756 20.3177
55.5074 20.3499
164.123 19.3638
154.249 19.5205
133.013 19.3329
82.5538 19.6758
81.0273 19.6
65.7575 19.5837
75.9224 20.0843
54.5413 20.0268
69.5664 19.7438
69.9984 19.7813
43.2043 20.9158
49.8613 20.5318
99.9274 19.5339
83.593 19.6796
126.733 19.7673
123.585 19.7969
123.585 20.269
147.812 19.8891
80.1865 19.8183
75.3913 20.5768
66.0589 19.97
41.9698 20.7865
71.1024 20.2732
71.2034 20.6276
76.8764 20.3907
94.0759 19.6555
65.0009 19.7187
48.9464 20.2688
39.7184 19.5694
115.952 19.9174
79.2438 19.1605
35.34 19.8417
66.0029 19.3732
65.9329 19.8173
68.2196 20.4754
90.1421 19.9041
58.9664 19.9825
50.387 19.8013
56.0887 20.4251
103.967 19.5205
99.4175 20.1658
123.461 19.2548
90.4923 20.0852
58.4685 19.703
113.862 18.9518
81.0308 19.6356
95.5297 20.0694
85.0474 19.5973
55.3581 19.8979
78.3109 20.6874
84.9521 20.3439
51.0071 20.564
67.6408 19.6221
79.727 19.6969
69.7412 19.7965
84.5888 20.241
72.2031 20.0653
84.2526 20.0188
88.8818 20.0196
61.0651 19.3649
53.8937 19.4269
61.7415 19.2346
72.2951 20.1622
54.8188 20.8944
60.593 19.6241
58.9647 20.8239
71.1851 19.4218
89.7387 19.9936
90.1547 20.0641
75.5491 19.0447
70.1813 19.9082
78.7772 20.0072
55.9564 19.8459
55.842 19.9668
83.4932 20.7676
81.5429 19.825
82.9011 20.234
90.4351 19.8173
70.5398 20.1634
72.0876 19.9433
55.0044 21.1079
46.0614 20.7888
47.5469 19.9651
47.9988 20.2557
64.2165 19.8853
78.0259 20.9142
77.2473 19.641
50.6731 19.8074
72.5992 19.2123
81.4897 18.6532
52.6157 19.9988
45.2548 19.2781
74.6067 19.5137
61.4427 19.3686
122.365 19.1955
94.473 19.8993
92.3924 20.065
126.988 19.2248
117.469 18.6275
147.562 19.935
70.8657 20.0294
84.0296 19.7941
31.8829 19.6116
41.3332 20.3422
62.0339 20.3682
70.3589 19.7394
51.0357 20.0633
44.7704 20.1972
88.5239 19.2735
115.347 19.1426
86.9858 20.1768
101.363 19.9319
52.7137 19.98
53.1138 19.8287
53.2067 20.1886
51.6625 20.0657
52.1703 20.4827
58.23 19.5275
68.2013 19.8012
74.978 19.4691
95.7172 19.3083
39.6509 20.8431
58.5104 20.3916
66.648 20.0061
115.859 20.2567
67.2424 19.3383
61.0265 20.0606
109.403 19.1663
84.1181 19.4322
78.3841 19.9674
41.2702 20.0289
63.4008 19.9379
58.4493 19.9748
52.0314 19.962
71.3247 19.518
48.1241 20.1989
30.1238 19.5202
42.5466 19.7256
77.4571 19.2577
66.6312 19.0645
58.6736 19.4607
76.1462 19.4904
77.1525 19.5284
68.0726 20.6025
87.4531 19.578
62.2189 19.8575
85.5991 19.2634
58.7034 20.2171
72.2656 20.4069
103.551 19.5561
98.3413 19.3725
75.769 20.3054
58.8448 20.0672
26.3735 19.2885
100.109 19.6064
50.4182 19.9783
59.6913 19.4501
38.059 19.9639
54.603 19.9232
69.5799 19.3151
67.6948 19.865
66.7733 19.8152
81.1203 20.4909
66.4155 20.6581
77.4832 19.8484
66.4005 20.7042
71.969 19.305
58.4491 20.0489
54.0017 20.1183
54.4073 20.0034
65.1458 20.0833
64.9693 19.9409
52.687 20.5383
67.9953 20.0975
72.3834 19.7426
82.5363 20.4649
49.1643 20.4498
69.4768 20.4399
64.5358 20.1177
84.9492 19.3081
72.9596 19.8034
80.9515 20.116
94.7265 20.2896
66.0628 19.7706
76.1983 19.8606
73.0486 20.0882
87.0634 20.038
126.05 19.5429
61.1426 19.7789
65.048 19.922
86.6454 20.1551
72.465 19.9256
80.5853 20.0832
94.537 19.5051
63.4684 19.9139
94.212 19.1846
78.1539 19.8983
85.5849 20.5861
67.4898 20.0715
64.907 20.1665
94.2719 20.3183
61.4474 19.5782
89.2516 19.5846
72.2209 20.1271
113.698 19.52
92.8226 20.866
116.3 20.2105
93.0411 19.1325
76.2725 19.6435
77.2704 20.2279
61.6116 19.6603
70.1381 19.8015
63.1722 20.0427
38.7883 20.4955
56.6162 19.8762
56.4813 20.2354
56.1972 20.5387
56.1273 19.8257
45.3777 20.3177
48.1523 20.7653
63.2683 20.9504
22.3531 21.0135
56.2343 19.3383
71.4315 19.7172
76.301 19.8423
87.8587 20.1122
71.1466 20.71
63.6759 20.3482
35.1212 20.5528
70.5162 19.8679
90.886 19.4362
41.5948 19.9403
91.4667 20.0071
64.7268 20.0479
73.0872 20.5389
60.1707 20.026
52.6925 20.8366
63.2246 20.6251
44.7355 19.59
39.433 20.5419
62.8874 19.5955
61.779 20.1588
74.4251 19.6298
37.0304 19.9152
46.5896 20.0003
41.3425 20.9132
78.3044 19.7458
74.1755 19.4339
28.4653 20.4515
22.9886 20.6849
55.8143 19.825
60.5833 19.817
82.8354 19.0529
65.5688 20.2674
73.2043 19.7111
74.3622 20.0474
63.1501 20.0101
45.6312 20.5472
72.0434 20.4012
76.6394 19.7677
86.0304 19.0599
69.5649 19.9032
57.184 20.439
44.7808 19.826
72.2192 20.2157
47.073 19.693
80.9658 18.7013
84.0882 20.1212
66.1534 19.0685
110.447 20.6497
83.4312 19.827
90.1543 19.9902
38.6643 20.0597
61.8988 20.3625
96.3336 20.0137
115.285 20.0897
91.5175 19.1699
71.4909 20.1237
80.5513 19.4592
92.9156 20.0007
112.944 19.8368
86.745 19.3948
86.733 20.423
68.9001 20.3579
40.9736 20.3766
46.4036 20.0255
56.7253 20.5411
45.9505 19.877
68.4292 19.9464
53.7609 19.4522
80.1194 19.4124
71.5432 19.3735
82.0569 20.3808
148.884 20.6415
69.456 19.7268
83.787 19.2222
54.378 20.5772
73.4369 19.9402
89.7853 20.2036
69.5203 20.7305
87.4419 18.2424
95.2977 20.4558
81.3967 19.8979
74.9999 18.9053
92.9863 18.944
96.1176 19.7834
80.2658 19.1987
80.7754 19.2793
83.8371 19.622
83.553 20.2793
64.9071 19.4811
91.9633 19.5775
85.5153 19.5939
60.4406 20.3475
37.4272 19.8461
75.4498 19.402
91.9817 19.3113
55.1998 19.8364
67.8868 19.9437
83.5356 19.6712
43.7514 19.6068
89.4845 19.6692
90.3404 19.7568
52.6332 19.7133
83.397 19.3405
67.0781 19.6232
55.9313 19.3718
48.404 19.7746
57.2383 19.47
58.5714 20.0452
64.0308 19.4373
43.6933 19.8036
90.2504 19.7595
64.3736 19.9684
71.337 20.3763
79.7021 20.8723
80.0739 20.4122
90.1843 19.7907
70.608 19.8361
69.8551 19.8599
79.8997 19.875
85.0068 20.4956
76.4502 20.5711
89.7356 20.0896
72.1425 19.8124
73.1621 19.4856
63.7677 20.5302
64.0428 19.5582
101.062 19.2915
108.94 19.87
80.5728 20.2349
54.4842 19.322
86.4209 20.0958
90.588 20.1789
59.4813 20.3868
63.0481 20.3531
59.7808 19.8809
71.4001 18.7418
65.1621 20.1408
60.9799 19.6847
96.1259 20.5169
91.7953 20.4065
93.1693 19.6116
90.3519 19.5734
100.283 19.1451
85.1514 19.444
85.4779 20.2276
67.3075 19.1214
89.5518 19.6562
95.7009 19.5766
51.5981 20.8015
57.6843 19.9803
42.0823 19.2816
26.0645 19.3518
94.0214 20.2555
83.196 19.3538
80.094 19.3489
111.163 19.4438
65.7637 19.7762
62.4219 20.0226
77.1861 19.5556
65.5113 20.7929
79.7924 19.4904
54.3555 20.236
55.5108 19.8765
48.103 19.8507
49.9075 20.4343
54.3751 20.9254
63.194 20.1468
63.5052 19.6389
100.964 20.4763
92.3137 19.222
70.9919 19.5463
86.6402 18.7017
60.2333 20.1714
81.7279 20.0718
84.103 19.4284
143.46 19.5358
142.294 19.8888
144.686 20.5351
149.077 20.0379
131.845 21.5308
165.868 19.6111
106.269 20.3593
107.169 20.2183
58.2619 20.8227
49.3974 19.9624
79.8055 19.6727
105.988 20.056
88.2563 18.8883
85.3083 20.1746
82.3742 19.0998
57.0972 19.7317
59.7284 20.2569
60.1051 19.9434
102.215 20.0017
94.8292 19.9361
96.9389 20.1631
87.7792 19.9338
68.0473 20.1388
83.4738 19.1673
59.4065 20.3729
117.509 20.5384
144.364 19.7008
127.848 19.955
131.705 19.7954
100.381 19.8928
83.629 19.6626
61.942 20.0223
68.5323 19.9353
79.7962 19.7932
53.4648 20.2864
60.5984 19.9837
98.2414 19.0508
91.9857 19.3365
63.5143 19.9013
61.6302 19.8264
81.245 20.0779
57.2124 20.053
58.4227 20.2468
45.2384 19.8242
58.6286 20.6699
65.7235 20.0042
64.0522 19.9752
71.4107 20.0855
108.721 19.7951
101.547 19.8822
68.566 20.3331
79.9 20.6253
73.1147 19.7778
102.396 19.5944
72.2503 19.6282
60.4941 19.932
81.8597 19.9089
98.412 19.8508
71.4602 20.1659
55.0542 20.501
85.6325 20.4895
93.9344 19.5232
77.1159 20.5587
86.9672 20.6125
71.9968 20.591
67.1752 19.2488
67.8637 20.2748
82.2175 19.5562
61.0218 20.2629
57.6587 20.6418
105.362 19.4547
47.9915 19.7913
64.1949 19.5
31.0063 20.6707
37.2147 20.8741
54.7138 19.7701
66.2389 20.2411
71.8021 20.3187
40.1662 20.1249
52.7451 19.6377
42.8114 20.2282
57.2841 19.344
58.46 20.2686
101.339 19.8437
56.076 19.7818
42.5408 20.1797
44.1655 19.9743
73.1841 21.0953
50.6278 19.8245
73.2444 19.8869
48.9267 20.0459
74.674 19.7415
78.0893 19.8103
59.7154 19.6967
67.3254 19.7391
109.315 19.2203
101.253 19.0364
72.4363 20.3494
69.8694 20.4759
76.4281 19.4244
101.332 19.3568
62.6529 20.3027
80.851 20.5354
59.0748 19.5098
72.4796 19.4059
40.7522 19.984
55.5001 19.4301
55.9871 20.6356
69.8748 19.2312
59.391 20.2364
65.3642 19.5086
63.949 19.1927
85.0552 20.7334
67.3018 20.0836
83.359 20.635
77.2015 19.7119
97.1883 20.0331
71.6558 19.8278
131.317 20.6668
131.317 19.9144
68.8659 20.5077
78.5464 20.1994
67.5677 20.5195
74.0028 19.6111
74.2672 19.5879
88.5361 19.519
88.5361 20.431
70.6202 19.7184
66.4076 19.2598
80.4166 19.2421
98.6199 19.5028
79.0795 19.7312
78.1616 19.6051
42.5623 20.0608
109.606 20.3084
87.1831 20.3789
79.675 20.4688
94.6772 20.1175
85.0339 19.6031
50.7391 20.6503
64.6275 19.5449
65.5048 19.3965
62.4924 21.0644
55.0051 20.8425
55.2761 19.8546
67.0457 19.2948
40.6524 20.32
37.8385 20.7738
61.8367 20.6524
66.5913 20.2155
72.3638 20.3501
77.1372 20.1488
93.1831 20.0995
85.6953 20.2047
61.5084 20.4001
76.6227 19.0966
62.5996 20.0932
31.5254 20.2181
51.4773 19.9017
48.5383 19.9561
70.6896 19.7701
50.8866 19.4532
75.562 19.4244
48.3744 19.699
64.0055 20.0482
74.7628 20.754
76.3137 19.3433
62.8406 19.7725
71.817 19.866
64.1123 19.7812
73.0823 18.9021
75.32 19.8481
87.339 18.9326
73.0649 20.6628
63.3274 20.2873
66.3379 19.1378
67.143 18.8577
94.341 19.0433
102.647 19.9505
47.1848 19.9762
64.8003 21.2629
71.9855 20.3111
85.1916 20.0769
59.7575 19.619
70.4008 20.094
65.5198 20.2
70.2492 19.9055
69.4507 20.1391
49.3692 20.632
45.0546 19.8978
93.9341 20.107
119.709 20.3069
55.0034 20.4929
47.1456 20.7003
48.9793 20.2827
84.0766 19.2695
63.5183 19.3145
62.6198 18.9798
61.2571 19.9394
85.6952 19.6548
84.9972 19.1377
84.2058 20.0236
77.8748 20.1045
63.7652 20.5556
66.9626 20.123
79.0426 20.3098
41.4039 20.7374
53.0205 19.4748
48.5023 19.4072
68.2515 19.4784
62.992 20.3559
61.8829 20.2854
75.6077 20.0156
112.057 19.5496
75.2537 20.535
46.2268 20.6284
53.985 18.8367
41.7325 21.0946
54.181 20.497
65.6179 19.6475
61.0952 19.6837
58.0543 20.0375
53.7323 19.7935
74.9457 20.0999
92.4266 19.8794
107.281 19.6903
102.774 20.2701
66.3194 20.4395
82.3331 19.5567
63.3977 19.7617
69.3522 19.4915
79.054 19.928
66.9127 20.1609
47.4624 18.8953
57.0652 19.863
74.5002 20.0375
66.747 19.9114
72.8896 19.6818
49.9695 18.8358
51.2256 20.2058
79.8307 19.6376
80.4273 20.4879
66.2677 20.1648
57.8362 19.8877
79.2148 20.2651
76.9926 19.8324
68.9604 19.8156
82.9672 20.2295
66.856 19.7818
76.0244 18.7684
75.3871 19.6517
79.9097 20.2597
131.298 19.4004
99.3589 20.3314
64.6336 18.7405
79.8924 19.6062
82.7543 19.6692
74.3211 19.681
107.516 20.3393
50.695 20.1768
92.9674 20.8612
84.1626 19.9664
67.0922 20.4157
129.144 19.6339
82.3839 19.9865
70.7052 19.488
83.3334 19.8658
122.565 20.0452
90.5662 19.767
55.5446 20.4874
59.3794 20.0899
20.0916 20.4054
72.0594 20.3694
55.2639 19.339
89.6552 19.4654
71.9869 20.1024
66.5748 20.0459
72.8399 19.589
52.6318 20.028
91.027 19.5901
86.2714 20.0585
78.5127 20.3185
69.6592 19.9334
91.6322 19.7686
83.7278 19.5919
97.3863 19.6837
87.0656 20.9766
76.0706 18.8205
59.1159 20.2886
79.3768 19.0786
76.7282 19.8222
65.9773 19.2187
48.6646 20.1124
54.1985 20.181
73.8495 20.0346
61.5505 20.5052
100.687 19.8923
88.4448 20.6052
91.3581 19.5372
136.438 20.5262
47.6351 19.1051
65.4745 19.4911
46.0452 20.1223
47.5424 19.6636
68.9999 19.7048
80.6488 20.4593
58.089 19.3478
51.0091 20.3535
66.3419 19.5912
91.5669 18.997
45.5875 19.5007
89.0509 19.1924
78.9143 19.2568
85.8447 19.2568
63.1771 19.2702
68.0437 19.2765
87.8299 19.1778
108.313 19.5724
80.1039 19.7325
70.5136 19.4791
78.6079 20.5175
56.8204 20.0597
59.4088 20.269
62.0724 20.3002
96.8733 19.729
74.5909 19.7458
67.2352 19.2341
20.3756 20.311
102.003 19.5155
128.711 19.7541
127.616 20.4185
121.886 20.6799
50.911 21.1376
77.927 19.0714
59.6131 18.8174
97.0595 19.8647
80.6215 19.7534
77.1729 19.7422
56.4504 19.3702
104.049 20.119
109.872 19.2178
89.2165 19.3642
61.6191 19.9445
70.4165 19.6741
71.8471 19.1482
99.4994 19.8125
70.7116 20.1696
98.0861 19.9148
57.5147 19.638
44.2848 20.3845
60.2615 19.4258
50.0604 19.6583
69.6538 20.5999
70.3672 20.572
73.8253 19.5458
73.2482 20.2905
76.2686 19.8348
76.9134 18.6443
61.2046 20.5398
58.5464 19.1138
48.8795 19.3972
43.3864 19.9861
27.9052 20.2871
70.4024 19.9809
53.581 20.7759
64.1331 20.7743
75.5855 20.015
80.2387 19.9662
76.7207 19.9567
86.1598 19.9266
71.4522 19.97
90.9034 20.3803
88.5828 19.3798
74.2189 20.2122
70.7594 19.7044
62.8591 20.0059
109.53 19.6481
67.9726 19.3467
55.7853 19.6423
95.4056 19.3302
134.804 19.165
75.3175 19.8183
144.478 20.422
140.368 20.6789
125.035 19.2092
83.4355 19.3267
87.4724 19.4939
97.8418 18.8456
92.8846 19.6116
135.388 19.5021
62.2717 21.0077
50.5136 19.9925
53.2173 20.0125
67.6232 20.1048
66.3483 20.6881
74.6644 20.0097
56.8389 19.7334
98.0236 20.1219
92.8032 20.0279
80.5739 19.0129
61.8601 19.3777
62.2011 20.5538
87.0342 20.2988
89.5582 19.3288
72.6722 19.7033
58.4169 20.2572
92.4779 19.9871
70.8626 19.5214
66.6522 20.2236
76.3181 19.1541
98.5998 19.7933
61.5233 19.8388
74.0388 20.0927
88.3376 19.9116
142.082 19.5607
102.307 20.8194
85.7955 20.1417
53.6784 19.9758
99.5218 19.8447
63.5727 20.0354
82.1401 20.6216
107.948 20.6524
41.1142 21.0438
65.8371 20.5809
62.6441 19.4207
98.6915 19.9363
111.847 19.3996
78.2819 20.0534
108.233 20.4231
88.046 19.9742
89.4821 19.2594
57.848 20.3135
41.0408 20.2097
51.5801 20.6414
55.6777 19.5793
96.3608 20.1181
64.326 19.9923
84.8591 20.2499
98.549 18.9774
120.284 19.2864
42.0754 19.872
39.0101 19.5096
100.428 20.5248
101.862 19.7639
72.5509 19.2697
71.1847 19.8434
66.8274 20.2253
61.5734 20.8778
67.5203 20.2371
86.7002 19.0921
93.3282 20.1961
77.6538 19.537
94.7384 19.9585
68.2589 19.9799
68.2828 20.1582
71.7849 20.1098
80.6041 20.3314
85.199 20.3792
57.1852 20.6309
36.7056 19.5308
58.7577 19.6352
71.2102 19.8027
81.3674 19.8968
64.2017 19.2714
59.4844 20.9936
65.3594 19.7651
60.2676 20.3209
57.4676 20.1583
52.7708 20.6093
78.3518 19.4044
48.1327 19.7696
76.008 19.8928
70.2274 19.9676
74.9773 19.4988
52.6393 20.8092
63.5084 19.2635
61.4395 19.6761
50.892 20.4176
47.1633 19.4741
80.2552 19.0675
43.0217 19.5254
62.146 20.4507
88.212 19.666
67.9643 20.2938
80.3351 19.9075
59.4774 19.6934
66.5428 19.9256
66.7684 19.9364
56.6958 19.8358
54.165 20.1339
63.8241 19.5115
74.3976 19.5129
69.7092 19.8789
99.339 19.8767
68.6039 18.747
98.2165 20.1984
41.7596 19.6265
97.4384 19.409
44.5896 20.0721
101.582 20.3111
88.5068 20.4677
93.7593 19.7346
76.6978 19.7118
82.4157 19.4096
84.0352 20.2867
60.504 19.9637
94.611 20.4571
94.611 20.7034
113.927 19.6553
118.94 19.7503
87.8011 20.1118
69.9123 20.2273
81.0787 20.2984
68.3998 20.4445
55.6973 19.9517
51.2914 20.0595
69.644 20.2588
45.8889 20.0048
69.535 19.6574
41.2508 19.7788
86.2455 20.0481
77.3857 19.7566
51.5764 19.7409
68.1234 19.4316
45.5261 20.7103
62.8348 19.8098
37.6979 19.396
93.4858 20.03
57.8925 19.8766
55.9197 20.4027
81.982 19.5976
94.755 19.1766
74.4189 19.9007
59.5002 19.5416
73.8857 19.8525
66.8101 19.554
74.2045 19.6125
56.351 20.5675
84.5695 20.1563
61.2974 20.2937
61.0543 19.9424
48.7225 20.5768
70.4092 19.7367
90.3913 19.8884
95.2668 19.9178
88.9148 20.3137
59.5694 20.2695
63.4441 20.2513
81.6654 20.0759
83.2248 19.6048
53.1519 20.0465
99.9643 19.986
57.2151 19.9261
79.9491 19.847
57.1023 20.7256
35.2566 19.3159
62.3122 19.2973
59.1876 19.3533
60.4269 20.017
83.1292 18.8697
59.3953 19.4408
67.9616 18.6482
65.8697 20.1585
48.7526 19.9768
66.0271 20.7911
56.2043 20.15
70.0796 18.8415
69.7885 20.0296
77.1545 19.854
74.4663 20.8207
73.5615 19.2341
59.931 19.7837
73.3069 19.9501
83.0482 19.1683
90.4894 19.6359
90.6613 19.9558
93.8038 19.3689
100.919 19.5934
78.4475 20.1395
84.6697 19.8387
84.1636 19.6533
52.5108 19.6706
78.2334 20.2709
59.4737 19.6414
67.9606 20.5552
52.1717 20.4005
81.1709 20.3795
80.5031 19.8076
74.032 20.7075
69.9423 19.6062
70.0793 20.0373
68.0983 20.489
50.5654 19.7232
50.2683 19.8986
69.7531 20.4828
63.7105 19.5957
90.9006 20.3492
23.8555 21.1066
61.2632 20.2543
45.6641 19.7257
56.8309 20.6941
57.8194 20.255
57.9104 20.52
77.6545 20.0562
56.9 19.5795
53.3506 19.8526
71.2515 20.1673
61.0831 19.7259
64.7483 19.8596
58.8938 19.3545
56.6065 20.6461
49.0524 20.2484
71.3559 20.311
80.4586 20.2979
100.924 19.8109
76.5904 19.3981
47.492 20.4216
66.8581 20.5259
49.3582 20.6185
77.1843 19.6436
80.0132 20.0213
90.4158 20.4875
73.5457 19.7801
126.611 19.5387
54.8871 18.789
66.4516 19.2791
65.3695 19.7341
57.7478 20.0887
65.9337 19.8313
65.7457 19.3947
58.285 20.1952
67.3534 20.6214
67.3534 19.7433
52.0918 20.5459
34.4308 20.9303
53.5692 20.3161
38.8543 19.895
70.495 19.3914
73.7517 19.9731
75.9182 20.061
67.2833 19.4691
57.6674 19.6497
65.0826 19.9932
51.026 20.5649
38.0128 20.4103
60.357 18.9117
66.8376 19.4327
78.9162 19.4714
84.6965 20.0208
89.3493 19.3402
48.6472 19.6282
59.372 21.0687
39.4897 20.5327
61.2216 19.3191
85.0185 20.3745
69.0017 19.3419
81.3418 19.4039
59.1702 19.8043
52.2283 20.7774
52.249 19.826
54.046 20.2445
76.4485 20.6508
91.8398 20.3613
78.5721 19.5084
138.693 20.1978
115.647 20.5577
70.3046 19.4383
87.3394 20.2338
73.2534 19.8699
91.4507 19.7964
64.8906 20.7221
50.0172 19.9667
68.7268 20.3598
68.1272 20.4603
34.2982 20.6825
52.9865 19.985
57.9202 20.0057
42.6134 19.8592
45.0294 20.1042
43.2554 19.9333
46.5365 20.3055
71.8542 19.7426
89.2191 18.916
57.1873 19.8106
56.8021 19.7901
59.7762 19.7852
64.6834 19.7938
54.0203 20.0473
42.3785 20.3862
38.6191 20.8928
42.7968 19.395
37.7486 20.5212
62.9821 19.6867
60.1933 20.1686
67.6801 20.0025
48.5977 20.2269
50.5584 20.3454
57.8662 19.4658
39.0556 19.4782
55.0008 19.5877
48.9875 19.2428
44.7698 20.2784
50.7798 19.9039
52.9754 20.3604
18.1254 19.9811
38.9949 20.1563
109.902 19.6729
49.4657 19.9158
82.0304 19.693
71.6999 19.5624
101.154 19.5615
64.4838 18.9302
102.53 20.683
68.4451 19.4552
58.8915 19.4173
67.5978 19.4059
54.2291 19.9853
51.913 19.8764
47.5424 19.79
70.7159 19.8005
57.1929 19.4902
67.0129 19.3297
96.0142 20.3226
100.209 19.0598
69.4411 20.2128
64.0063 19.7316
53.4346 19.3119
53.2331 20.1291
51.8437 20.1833
49.1875 20.3704
63.7234 19.4684
77.9072 19.8788
58.4146 19.7957
91.528 18.9922
67.8076 19.9516
97.6356 19.6951
76.195 19.5573
63.8047 20.1006
86.2692 20.2619
86.2692 20.4135
67.6853 19.9668
77.6388 19.9742
77.963 19.9633
110.747 19.2144
86.7023 19.6704
78.6163 20.4482
156.847 20.026
61.8705 20.0053
56.8621 20.0104
85.4847 20.2104
91.5283 20.6187
64.4718 20.4865
50.429 20.5318
54.9671 20.2925
51.9217 20.0033
59.3363 19.6553
64.6198 19.6573
59.4859 20.0035
58.0425 20.0392
81.2158 19.8166
98.4197 18.6956
76.5697 21.1928
90.7573 19.8497
99.4296 19.4066
81.3261 20.0173
68.3389 19.3203
58.2448 20.5321
86.1336 20.0754
67.098 20.1352
76.4906 20.0219
124.961 20.2484
116.218 19.3844
133.599 19.4346
63.9872 20.0289
62.8638 20.5627
74.028 20.5558
67.7659 19.6945
51.0229 19.2096
82.9742 19.7189
74.3691 20.0996
59.3363 19.8319
92.6501 20.3863
96.2605 19.6592
71.5145 19.6198
79.3552 19.8408
95.5425 19.4911
79.4764 19.8263
81.6301 20.533
42.8372 20.4086
66.5525 19.973
69.3377 19.9054
58.4156 19.3896
70.9521 19.0527
69.5756 19.058
79.9217 20.1337
97.3135 19.8221
119.158 20.065
82.6687 20.3504
91.4772 20.0753
128.509 19.4538
105.088 20.351
68.6123 20.651
66.2953 20.4618
124.566 19.6841
73.6737 19.7335
64.7607 20.0437
44.8283 20.2994
37.2514 21.2793
65.2208 19.9941
85.9652 19.8556
57.2043 20.3174
62.9341 19.6817
64.3575 19.6842
62.8186 20.4777
57.2209 19.0849
78.758 19.709
96.7775 19.8477
79.5582 19.4231
78.591 19.8535
78.0859 20.0055
136.993 20.7089
130.063 19.6539
142.596 19.4697
111.739 20.1314
94.7635 20.2213
133.972 20.5847
59.6153 19.7806
56.9022 19.5116
73.3881 20.2616
78.9942 20.2483
84.8392 19.8094
87.8231 19.2729
78.8748 19.6524
99.8722 19.6312
44.1659 19.7621
82.9334 20.1002
97.7561 19.7788
147.114 19.2938
154.468 19.0417
94.9643 19.6005
72.9802 19.7085
69.9762 19.7914
84.3174 19.16
105.636 19.7725
87.2272 19.4695
110.079 19.5265
93.5441 20.4187
94.4255 19.6012
48.8178 19.2222
84.863 19.9858
87.3436 18.6887
89.3655 20.1121
51.4878 20.4837
52.0347 19.8848
55.6562 19.2582
68.6481 19.3995
63.2269 20.8731
55.337 19.8287
70.054 20.0011
69.6213 19.9801
58.7469 20.0659
54.6037 19.9269
85.407 19.2708
68.1134 19.6388
57.1496 20.0227
76.0583 19.8875
92.8757 20.078
55.2291 20.7602
82.0582 20.1169
103.574 19.8922
67.9187 19.0347
94.7472 20.1582
84.0819 20.0798
62.5473 19.7653
56.0509 20.0143
39.0383 19.8456
159.775 20.1942
105.56 19.6235
76.8762 19.2558
64.4163 18.8371
76.1293 19.5387
86.1917 19.4591
102.138 20.7098
48.2419 20.3539
57.8191 19.9002
100.978 20.7248
132.995 20.6234
68.7844 21.0519
104.24 20.1577
73.5124 19.87
96.1452 19.0277
106.594 20.1488
121.524 19.9985
136.077 19.8896
69.32 19.7477
106.945 19.291
76.4574 19.7534
82.2733 19.6657
54.7155 20.114
66.721 19.8268
83.8026 18.4735
155.239 19.2294
68.4285 19.7523
84.773 20.046
50.2557 20.4987
82.4566 19.5632
86.9144 20.1503
81.3065 20.3509
103.156 19.6477
84.4528 19.6681
97.4146 19.6469
73.5765 20.1945
67.2619 19.7457
64.2558 20.3714
98.9675 19.8032
72.5779 19.4922
88.6185 20.0876
110.725 19.4279
31.7845 20.7776
86.7787 19.2886
64.1101 19.6782
86.6917 19.5829
56.5015 19.9351
48.9825 20.0804
50.2341 20.1895
118.528 19.6399
118.011 19.6496
105.995 19.3832
101.531 20.4067
87.5427 20.0949
84.7783 19.6128
76.9007 20.4509
104.286 19.2325
64.8842 19.9053
74.2376 19.6412
84.2634 19.9915
104.021 20.5748
82.0323 20.529
77.4264 20.491
92.028 18.9525
106.302 19.3972
84.1909 19.5224
137.278 20.0821
121.016 20.667
168.394 19.8241
134.583 19.943
96.6405 19.7104
66.4045 20.0922
62.0799 19.7463
55.2828 20.1258
61.3243 20.6828
67.5199 19.9028
49.867 20.8237
49.6631 19.4232
49.1987 20.5829
52.2912 19.7281
49.7864 19.4681
72.0743 19.1499
77.1881 20.9762
65.4924 19.772
60.3092 20.0771
76.8615 19.9475
73.3136 19.8491
73.7549 19.9999
104.246 19.3511
77.7967 19.3626
82.9457 19.982
76.0454 19.8708
63.5018 20.8709
78.4455 19.7115
92.3811 19.622
105.386 19.6236
36.2051 20.455
81.222 20.1319
75.0113 20.0916
54.9116 19.7308
88.5898 19.3095
63.2111 20.4171
78.2699 20.3058
71.7988 20.4698
65.8161 19.4054
92.699 20.0421
110.144 19.9836
77.9249 20.4043
52.6807 20.117
64.8192 19.5908
90.0825 19.4582
80.4739 20.077
81.3018 19.7232
86.8014 19.5986
76.3372 19.4427
86.053 19.295
85.9671 19.5487
92.6571 19.8375
80.0783 19.0985
80.6607 20.3001
85.2518 20.0048
77.4182 20.6086
90.6553 19.8302
102.8 20.2758
85.6012 20.2721
90.7955 20.1643
81.6266 20.2268
81.4367 19.0963
73.1357 19.3747
83.9614 20.6461
122.408 19.8273
83.9733 20.2677
95.1338 20.136
104.751 20.1152
76.5774 20.1319
84.959 20.1261
95.2498 19.8051
76.7767 19.8514
62.8352 20.2133
59.6825 20.5759
68.4781 20.3675
71.0414 19.5525
74.1818 19.8054
80.788 19.7209
83.6967 19.802
61.9517 19.7978
61.352 19.7953
61.1835 19.947
46.7252 19.8679
86.4472 19.6562
55.6408 20.4268
81.1765 19.3595
68.4336 20.3061
63.2985 19.5829
102.197 20.2329
80.1873 20.4846
82.633 19.5427
69.5756 19.5154
116.76 19.6918
37.6189 20.099
71.0042 20.5281
50.9062 20.268
73.1022 20.1989
65.572 19.6109
70.5887 19.935
71.3399 20.0253
76.5369 20.3311
80.1293 20.1714
47.0768 19.8558
70.1823 18.9699
68.0206 20.7306
65.319 20.1925
58.2597 20.409
27.1281 20.7817
80.6137 19.2184
90.1123 20.5299
66.2415 20.2459
33.096 19.6657
54.1613 19.8938
51.935 19.3478
41.1897 20.0364
78.1266 19.1103
72.3477 19.9152
56.6109 19.9614
54.45 19.2763
52.6932 19.0439
54.911 20.1708
58.3476 20.2341
74.4129 19.8337
77.9579 19.582
70.1213 19.1661
84.5924 19.9412
81.842 20.1859
74.4856 19.5616
59.5339 20.7787
83.9036 19.7994
37.1693 19.8939
55.9331 19.7971
63.2982 20.0016
67.345 20.1187
72.5238 20.0148
75.2883 20.1953
86.2248 20.0423
75.8903 19.9842
84.5042 20.105
56.7086 19.8952
71.9657 19.423
66.8943 19.4617
78.821 19.4639
63.8177 18.9481
31.3093 20.1187
30.1288 19.9973
30.6725 20.656
31.6481 19.6777
40.8734 19.6518
51.8879 20.1243
58.9984 20.0746
63.6749 20.4675
71.6164 19.9596
63.8906 19.8492
54.8664 20.037
67.5181 20.309
70.5608 19.834
100.267 19.3939
83.8928 20.3938
52.7784 19.7657
82.7281 19.3917
51.6391 20.3491
39.9752 20.5688
54.2844 19.4903
101.228 20.1006
102.654 19.6416
59.9032 20.2629
59.5118 20.1237
57.7235 19.7918
61.9391 19.573
74.4037 20.559
71.3841 19.7367
69.1507 19.7953
75.193 19.9284
81.8607 19.9242
69.1105 19.8205
104.119 19.834
72.7875 19.6596
93.0223 19.8304
66.9401 19.7234
80.0265 20.9255
80.0016 19.474
54.4349 20.0455
64.9443 19.7897
47.6507 19.6348
36.0213 19.5222
67.2799 20.4449
96.9126 19.4454
77.8265 20.1176
59.6719 19.5775
91.2233 19.5033
80.6742 19.8715
82.7824 19.4529
73.8967 19.3118
77.9541 19.6006
93.0777 19.7523
90.7478 19.8527
77.9486 19.191
48.3446 20.1839
86.6535 19.6067
79.5657 20.6946
44.1792 20.1089
79.3019 19.8156
63.8643 19.5983
77.0857 19.8119
55.4458 19.8191
50.3062 20.0848
51.8177 19.8772
76.7326 18.8376
56.1995 21.2434
55.5084 19.6952
42.3034 20.3087
64.2268 19.9295
100.762 19.3518
95.8828 20.2086
101.29 20.0688
92.7053 20.3827
57.6618 20.9373
79.3974 19.9357
40.0192 20.2141
59.6167 19.611
66.6093 21.0035
66.4202 20.1253
65.356 20.711
59.236 19.1624
66.3517 19.9085
77.8091 19.9656
59.8931 20.6786
51.3983 19.5693
51.1231 19.6453
49.5887 20.464
54.5285 19.2099
60.7835 19.8723
58.0001 19.8884
71.3518 20.3372
58.5793 20.5644
75.6991 19.9282
99.3185 18.3278
86.647 20.4416
76.4088 19.754
59.9584 20.007
59.3782 20.681
99.7941 19.6624
66.1272 19.5191
83.4118 20.1896
119.388 19.4564
110.709 19.8918
91.151 19.5648
110.704 20.3249
88.2354 19.5363
71.2632 19.2267
66.2701 19.9329
66.9778 19.6311
91.3785 19.7909
91.4529 20.3627
65.7677 19.9375
87.0459 18.6658
103.132 19.3558
62.3323 20.7308
84.5886 20.4875
100.115 20.5375
54.2212 20.2318
90.0611 20.0181
94.8904 19.7264
65.3913 19.7486
66.781 20.1253
48.3775 20.1788
55.3933 20.1198
68.3624 20.072
56.3159 19.9604
84.4573 19.1972
77.6801 21.0902
79.667 20.1654
46.3419 20.2081
23.9797 20.3487
51.1367 20.3845
81.4353 19.9104
72.6644 19.9938
134.583 20.2425
88.0373 19.731
79.4157 19.6344
90.8978 19.7608
88.8721 20.1127
65.9835 20.1481
80.1592 20.4109
87.0161 19.3366
75.016 21.0526
141.108 19.865
105.303 19.9649
75.3542 19.9396
46.2411 20.7565
75.2924 19.5209
72.7897 20.1869
75.8379 19.5137
75.9922 19.8507
80.4978 20.4359
66.0998 19.7295
70.4266 20.8423
57.2122 19.7867
84.6331 20.3532
63.1343 19.8727
55.4748 19.4515
55.332 19.8482
50.3914 20.0164
82.4504 20.215
75.5994 20.0602
86.7363 19.1385
54.5937 20.0385
65.2668 19.8325
64.923 19.6889
89.2077 20.5261
50.7563 20.2017
71.781 20.7677
49.7256 20.9678
104.588 20.7045
106.475 19.3236
71.8533 19.5802
77.8832 19.8334
70.5064 19.3162
28.249 20.284
51.9291 20.3743
54.547 19.6602
72.5092 19.8351
55.9814 20.2255
64.6574 20.1774
81.7776 19.8226
38.8518 19.6678
46.3213 19.8143
44.8986 19.9012
57.7009 19.7453
95.1652 20.4522
72.7064 20.0619
58.3697 20.1643
32.1921 21.0147
38.4455 19.8616
37.1177 19.9366
32.8004 20.122
81.9988 19.8591
99.3657 19.8587
94.3528 19.7068
93.0515 18.8786
80.9442 19.4807
61.9548 19.9979
92.8758 20.0072
128.685 20.6278
69.8816 19.4323
85.2465 20.1381
67.9427 19.5031
70.974 19.0594
73.0604 19.7841
54.4087 19.9522
60.8346 19.6467
64.8616 19.953
70.5356 19.4635
66.8587 19.863
74.3271 20.6686
68.9539 19.8617
83.7414 19.8423
75.7009 19.9188
85.2744 20.2383
60.8248 19.517
81.0949 20.0097
85.9776 20.7599
94.3915 19.6549
68.9368 20.4654
70.0531 19.2456
62.5995 19.4678
67.7239 20.2564
53.7901 19.6158
60.1185 19.6794
81.9496 19.1814
59.3092 20.5344
60.2975 19.2929
81.482 19.931
67.0576 19.5369
66.2462 20.0743
79.2992 19.9585
74.2147 19.6571
63.282 19.053
59.1617 20.3398
59.0741 19.5586
73.9006 19.7212
60.6986 19.1758
74.4061 20.2893
101.38 20.7888
46.7317 19.8207
74.2898 20.7011
82.867 20.2924
76.1918 19.4333
46.4587 19.4916
75.3068 20.2147
64.7305 20.1082
40.5676 20.047
64.1331 20.3907
65.6406 20.5262
66.4071 19.5417
39.9199 19.924
38.1443 19.6753
36.0711 20.2609
74.3804 19.7394
63.8325 19.9942
51.6199 19.6922
81.454 19.8642
51.6495 19.6083
60.5153 18.6976
43.9866 20.2246
39.1244 20.3287
48.7908 19.8189
47.2843 20.4631
38.3776 19.8519
72.367 20.4195
49.0443 20.3276
100.147 19.1259
63.8695 19.8712
87.912 19.8722
65.3016 19.6691
73.7095 20.4795
67.6133 19.6803
62.7844 19.1322
58.3654 19.5841
59.1091 20.2294
54.1177 19.811
44.2703 19.543
33.2536 20.4937
44.8709 20.0953
111.838 19.6726
56.9973 19.597
78.2707 20.1666
93.6776 19.9355
49.8696 19.8694
39.1129 20.3038
61.6479 20.6655
55.8732 20.1831
73.216 20.8273
95.1045 19.4278
78.4245 19.4794
75.121 19.8444
41.5929 20.5689
77.8976 19.2877
81.8181 19.9287
93.162 20.3277
64.7942 20.6056
99.9381 20.4596
91.7377 19.3942
38.7181 20.1435
50.6726 20.2418
51.7166 19.6886
52.2111 19.9482
46.1642 20.3325
64.3267 20.3824
61.357 20.0735
74.1665 19.9546
34.2658 20.6317
59.3673 20.5292
43.7811 20.3967
71.2479 20.46
71.9819 20.6105
61.9111 20.5197
47.4499 19.5799
66.485 20.6937
82.5515 20.8314
57.7091 20.0786
44.8875 20.364
90.4456 20.4836
84.7324 20.2982
42.8965 20.8197
31.1901 21.7105
47.726 20.2132
52.4641 21.0139
41.196 20.3879
27.759 19.6984
47.4035 20.1086
77.3102 19.4998
46.4787 21.4063
57.4091 19.4587
57.5134 20.2267
44.9277 20.8172
90.7568 19.8377
49.6833 19.7523
52.8799 20.028
57.3391 20.0649
68.9818 20.8491
81.5618 20.3195
92.2999 19.8516
46.3263 19.5933
58.9917 20.1708
81.6552 19.5715
68.3596 19.8611
55.6034 19.4241
64.8683 19.6153
64.8506 19.2123
36.1547 19.6601
40.2236 19.8678
85.7164 20.2117
73.986 20.3591
91.2493 20.0138
109.434 20.0522
127.765 19.6063
133.95 18.6542
90.438 20.6702
69.8668 19.9201
110.948 19.8674
156.406 20.1039
105.664 19.8034
124.073 20.2188
73.4835 19.7261
145.095 19.8221
99.6844 19.8221
188.017 20.1514
157.171 19.4188
162.638 20.031
160.235 19.5816
133.699 20.4823
83.8356 19.2345
118.128 19.5612
66.5294 20.4185
94.6523 19.238
47.3766 20.9042
102.649 20.0722
107.196 20.2348
121.655 20.2144
90.7354 19.3085
84.2452 20.1112
63.9938 19.9009
66.1897 20.1166
54.5896 20.5919
69.5133 20.3061
66.5556 20.1455
58.7205 19.9162
59.1867 19.315
49.5063 19.8483
100.132 19.3736
58.0867 20.9157
72.4073 19.6917
45.2521 20.6563
73.2189 19.5983
85.5673 20.0477
84.9024 19.203
68.1996 20.3128
48.1956 20.5603
74.5025 19.9202
67.8907 19.9277
67.732 20.0024
76.3814 19.6912
56.2334 20.5262
88.8906 20.3778
65.2333 19.644
73.6166 19.6534
74.183 19.5404
62.8514 20.2155
79.4848 19.5499
60.87 20.0201
61.9139 19.1895
85.5818 19.392
79.3795 20.2937
83.3672 18.8503
55.9356 20.438
62.6807 19.683
64.9183 20.5109
63.0103 19.621
78.4351 19.5278
77.846 19.3316
77.846 19.3523
61.6613 18.9193
71.8631 20.1014
36.4091 20.1409
45.4588 20.1909
62.0315 19.8061
55.5987 19.8845
84.6572 20.5417
81.5836 19.3694
78.7939 20.2655
91.5567 19.9069
87.1712 19.7317
72.5446 19.2221
88.9443 19.3315
80.8826 18.7269
65.9643 19.967
47.2412 19.4575
54.6763 19.8622
47.0334 21.0009
64.5538 19.0627
75.1606 19.3453
45.5973 19.7747
76.5674 19.577
91.2526 20.0986
89.1737 19.9334
68.1577 20.1053
63.7619 19.3802
48.1801 20.1917
44.6397 19.7279
56.7478 20.4978
58.5536 20.1667
66.0594 20.4181
60.2478 19.8604
48.6393 19.6729
91.5913 20.0282
86.4105 20.4168
75.4309 20.2003
88.0815 19.5741
89.4037 21.0413
107.193 20.3912
59.268 20.3403
80.5186 20.0851
78.8765 19.8867
78.4525 19.8449
67.4789 19.8429
63.4842 19.6617
53.8656 19.435
109.254 19.4883
156.19 19.3461
96.8633 19.7365
89.6231 20.0462
120.818 19.8441
110.014 19.8506
106.364 20.4217
75.2364 20.2278
72.9783 20.1529
71.2274 20.085
81.7876 18.9247
72.9237 20.2841
100.839 19.2004
77.6403 19.1773
78.977 19.4963
96.9056 19.7446
107.672 20.4923
101.851 19.9656
119.148 19.0386
87.9427 19.4289
91.3341 20.869
68.9342 19.3042
100.549 19.8319
96.4127 19.9155
60.63 19.5478
89.9324 20.0873
99.896 19.4003
121.432 19.6002
110.439 19.8776
85.8382 20.1643
108.943 20.2481
72.7205 20.7881
97.2229 19.2577
84.4422 19.1407
112.406 19.1444
86.0312 20.5302
77.0019 20.5495
59.6056 20.568
56.6411 20.5803
62.9265 20.3
60.4647 20.3533
65.169 19.4433
46.7154 20.0872
45.9089 19.1636
76.4947 20.0289
64.5423 20.3763
55.7434 20.7145
61.12 19.1039
83.5331 19.6699
66.2131 20.8464
60.9486 20.2186
67.0338 19.4453
101.414 19.6566
89.1093 20.1784
80.8249 19.7775
100.306 20.0494
132.705 19.8546
105.685 20.4476
145.325 19.9774
102.537 20.1807
143.628 20.1334
95.9209 19.9073
108.09 19.513
96.1907 19.6019
52.6586 19.8728
98.2726 19.6493
106.566 20.2585
97.2582 20.8616
85.0617 19.7615
70.4494 19.9995
65.9795 19.8402
71.1234 20.2731
49.0611 20.3708
32.7733 19.5956
64.1205 20.0148
37.1243 20.7132
48.896 20.9931
70.618 20.1005
68.8845 19.5275
74.3287 20.1805
48.8619 19.7679
53.994 18.6306
73.5209 19.3735
77.2434 19.6132
79.1332 19.7317
73.4315 19.4772
78.8017 19.6559
78.2222 19.8897
109.973 20.2781
156.683 20.2356
100.827 19.7904
89.3144 20.5058
87.745 19.9153
123.395 19.9382
116.614 20.0783
117.724 20.0336
83.259 19.8105
130.384 20.302
111.452 20.2746
104.822 19.4013
79.8272 20.0272
49.4337 19.7456
59.7077 19.4222
62.1587 20.3981
97.8274 20.0832
98.0957 19.6378
92.3027 19.7823
86.3394 20.687
126.022 19.4184
77.1329 19.505
79.8615 19.8166
65.8554 20.4694
89.8911 19.738
81.3282 19.4579
76.4009 19.3508
93.0468 20.1441
67.7743 19.6384
91.4347 19.7057
82.7806 18.8653
87.9479 20.3494
100.897 19.3965
53.4077 19.9367
60.9059 19.0748
59.9693 19.714
79.0002 19.8786
112.967 20.0799
96.2899 19.141
97.2745 19.7156
47.5993 20.0479
60.3824 20.5701
60.7422 19.8742
62.3011 20.8705
75.3703 19.7087
111.108 19.6945
124.993 20.4199
90.5247 20.3029
76.9839 19.9469
133.617 20.9595
77.5103 19.6035
78.0553 20.8866
89.7284 20.1726
80.7221 20.093
101.507 20.3212
90.3271 19.7848
86.7319 20.0791
64.3241 19.0354
103.741 20.3256
100.896 20.3556
99.5571 20.6109
84.7959 20.5415
103.659 19.5786
49.1709 20.2393
69.3377 19.8813
94.0652 20.0275
117.751 19.8088
115.696 19.948
98.6567 20.1743
93.0161 19.5798
100.934 19.8909
80.3208 20.3976
123.836 19.6402
100.389 20.1523
101.745 19.4638
97.8685 19.5763
74.9394 20.2942
66.7613 20.615
25.5805 20.4316
34.7437 19.942
60.3187 20.148
31.0489 20.4538
50.6337 19.6019
50.6337 20.1253
78.6947 19.5182
81.2513 20.0889
150.689 19.5867
85.6001 19.0367
74.0663 19.901
37.2133 20.2367
85.7014 19.8416
74.3196 20.3508
79.8984 19.6914
73.2729 20.3575
50.2637 20.4177
79.7792 19.4361
40.6794 19.9867
62.9325 19.9373
76.6967 20.3897
86.8041 19.548
86.881 19.3947
96.1677 19.4611
58.7313 19.6949
61.1503 20.541
71.0039 20.6688
74.6381 18.5136
78.0691 18.7958
52.427 19.8973
63.2471 19.7743
62.6838 20.8333
73.266 19.5656
65.0099 20.1449
95.5463 20.0912
69.7622 20.7924
102.151 19.9677
99.654 19.1248
79.7822 20.3698
57.8739 20.318
61.2051 20.3754
76.9299 19.9886
61.1612 21.2831
73.6397 19.5693
72.7789 19.9755
69.1227 19.4854
41.1565 20.7287
57.0243 20.0639
50.6985 20.1719
55.7641 20.03
64.6299 19.4113
80.4081 19.3691
112.875 20.1759
89.4605 20.241
65.2009 19.8228
75.747 19.5629
107.503 19.4662
100.253 19.7145
84.1829 19.7925
71.8529 19.2618
71.8714 19.3615
79.8132 19.7634
77.3016 20.2646
105.929 19.6851
79.2441 19.6186
100.518 20.0762
113.33 20.8479
81.506 20.9749
71.0721 20.1127
145.397 20.0643
93.8825 20.1782
83.9625 20.0097
93.8557 19.4291
118.823 19.1326
80.3286 18.4306
88.2223 20.4968
56.6411 19.624
88.7792 19.8278
124.606 19.6694
99.6028 19.4469
105.759 19.7898
94.1972 20.0031
135.807 19.97
163.449 19.9701
85.6739 19.6945
138.82 19.9017
62.9941 20.0777
87.8763 19.4353
97.6183 19.2449
138.869 19.7947
146.386 20.3638
145.343 20.1264
153.77 19.1817
74.9474 20.1372
38.4875 20.3604
54.8989 20.1282
42.9468 19.9776
24.857 19.6146
28.0528 20.8941
37.7542 19.8848
52.7208 19.711
32.17 20.8317
37.2694 19.3871
50.6434 20.1178
50.2263 19.3263
48.8323 20.0593
45.0048 20.3261
49.0913 19.8914
36.7131 19.9918
29.0774 20.2219
53.6783 19.7858
46.9774 20.2194
54.4136 19.9728
71.1264 20.0042
46.3629 20.0105
46.0111 19.6954
25.1028 20.1366
46.0333 20.2722
40.1973 19.8204
58.7699 20.1938
51.9894 19.9493
41.195 20.2497
72.161 20.1441
40.1675 20.4211
56.9688 20.0479
65.631 20.498
28.3621 20.8
45.7397 20.8242
73.7262 19.9728
58.5679 19.5891
64.7078 20.008
60.0015 20.3796
83.759 20.2536
22.8347 20.294
72.3556 20.4928
61.0318 20.6292
70.1097 19.7315
72.2164 19.9527
71.5346 19.897
75.1352 19.8691
60.0457 19.5549
87.07 20.0442
94.9093 20.7059
85.5522 19.456
81.6596 20.436
63.9943 19.2073
82.5767 20.4193
60.3336 19.6614
58.3127 20.331
58.3489 19.8604
53.701 21.1855
53.0384 19.7942
43.524 20.3181
49.3329 20.5072
37.871 20.0508
43.6845 19.7087
51.7697 20.215
50.583 19.4393
20.5576 19.4482
74.4413 19.9528
67.959 20.5514
74.3073 19.1729
38.5186 19.9736
53.3211 19.8095
67.6908 20.2364
46.8569 20.2497
71.907 19.8715
70.1704 20.1431
61.3944 19.6729
47.1718 20.418
43.5619 20.3105
40.6058 19.9784
41.3131 19.7399
41.0914 19.9286
42.6911 19.582
61.1896 19.5814
63.8293 19.7716
66.312 18.7694
58.4466 20.6224
43.3774 19.2705
55.288 20.3068
67.369 19.3864
42.5764 20.3893
83.2146 19.4243
74.236 20.2403
65.1851 18.9364
56.4324 20.4117
58.9315 20.4561
64.7195 20.5308
75.0825 19.5862
69.135 20.4584
68.3972 20.4481
51.3436 20.3256
50.1849 20.1342
36.2301 19.6325
64.626 20.7758
57.9993 19.9255
69.4449 19.8439
66.9989 19.6645
60.6494 19.0788
54.9333 19.1396
49.1261 20.6772
82.4632 20.2255
52.5948 20.6783
46.6188 19.8325
77.3909 18.932
28.3379 20.7015
70.3232 20.678
82.4462 18.9357
71.3569 20.4537
56.7394 20.4831
64.9854 20.5141
75.0201 19.7376
92.394 19.9938
60.9309 20.1528
54.2178 20.5389
49.8946 20.7421
79.2979 19.451
98.8109 18.8608
150.455 19.5553
141.832 20.8595
65.588 20.5053
78.5484 20.5522
144.777 20.1244
107.934 19.3216
112.69 20.2164
92.1794 19.3145
95.499 20.6441
61.7662 19.9868
75.6195 20.1822
79.3595 19.8355
54.9861 20.4157
75.9916 20.3129
59.1657 19.5149
92.7462 19.1584
59.9674 19.7833
63.7476 20.3695
63.1483 20.2925
40.4735 19.4809
58.5911 18.3522
67.6354 19.2275
65.2102 19.8227
24.4187 20.5895
24.3597 20.5323
50.0358 20.0748
48.675 18.7999
52.4383 20.7286
67.6146 20.1557
70.4534 20.2559
55.4084 19.7627
69.7459 20.5321
68.0689 19.5512
62.0457 19.2151
100.377 19.0863
95.3989 19.3682
67.917 20.1327
64.987 20.104
62.1024 20.0724
62.0164 19.3507
70.517 19.4739
38.3816 19.9662
73.5631 19.7954
93.7106 20.0138
85.7463 19.9521
84.7232 19.7857
107.942 19.7704
100.382 20.6775
83.9018 20.1179
72.9853 20.0543
65.9787 19.7992
75.4658 19.7621
97.001 19.6112
56.952 20.4449
65.8713 19.7625
76.3738 20.0116
118.184 19.7853
68.1068 19.6943
105.211 18.9564
78.3928 19.4026
86.9361 20.0873
56.3662 20.2624
98.1036 19.67
133.814 19.7732
148.403 19.953
122.363 19.5112
111.009 19.4491
86.3658 20.1532
86.4238 20.6316
104.422 19.6167
101.999 19.73
122.569 19.4263
144.82 19.357
85.4616 19.0735
51.0974 19.6934
72.9144 19.7
80.6544 20.1202
59.2154 19.5175
36.2087 20.283
102.677 20.3741
66.4435 19.9319
72.4689 19.4619
64.6872 20.6519
54.7035 19.4296
65.1401 19.4932
67.8965 19.5865
75.1287 19.335
77.4199 20.7916
69.9037 19.7222
33.371 19.8812
72.1772 21.0842
67.1171 19.5532
102.647 19.5598
98.8574 19.6945
67.519 20.5182
66.8223 21.0739
71.3125 19.6783
46.046 19.6376
85.2315 20.2015
80.3493 20.1003
68.4551 19.6188
60.7734 19.7838
68.5085 19.1711
94.0271 19.2588
42.2024 19.2449
58.9468 19.9481
65.859 19.3446
131.378 20.3716
113.529 19.2271
85.0163 20.8954
82.8407 20.1279
74.0343 20.1061
68.1557 20.0892
40.0206 20.0964
52.5836 19.9107
73.2561 19.9463
88.7864 19.8722
82.7298 19.246
36.1283 20.5823
57.8315 19.6808
107.114 19.3475
52.636 19.8964
62.2014 19.1787
87.2497 19.9374
100.028 19.9679
82.4145 20.7259
75.0433 20.9822
73.2741 20.1304
102.678 19.1318
73.8326 19.2143
67.9524 20.1816
75.8933 20.334
52.4657 20.3576
33.1296 19.479
66.6588 18.8531
66.9754 20.7519
71.2456 19.9002
64.6635 20.2121
72.4874 19.1424
71.032 19.2353
71.6834 20.2537
94.1623 19.8927
84.8582 20.1068
67.9116 19.9096
46.1946 19.9522
57.4465 20.9062
47.8883 20.9716
43.174 20.0332
55.987 20.9548
30.7101 19.7237
55.1121 20.4593
37.3315 20.4505
23.2974 20.4912
52.6617 20.7476
59.6926 19.6722
59.9196 20.3154
64.1198 20.1906
58.0981 20.4568
47.8857 19.894
59.7062 20.4155
49.5474 19.2608
48.3817 20.1918
56.7933 20.5697
44.0283 20.1116
79.362 19.9449
61.3595 20.6398
35.4182 19.8629
57.6474 19.5182
61.7991 19.9469
68.7876 19.9125
66.9459 19.1917
58.5794 20.5313
67.6524 19.5034
53.0729 19.9292
69.7145 19.654
33.6248 20.1102
79.9863 20.0996
67.6447 19.3076
73.1906 20.8485
44.5784 20.7209
44.5486 21.0402
60.6942 20.1451
44.4707 20.3186
54.4681 20.6038
85.9793 19.8088
51.3191 20.0627
70.4222 20.0429
63.4083 19.6001
68.2704 20.2124
53.0959 20.2102
45.1445 19.6759
67.2008 20.1434
79.5564 19.3717
60.539 20.4351
82.1137 19.5612
67.9524 20.0189
67.3123 19.9005
43.3526 20.2234
65.2029 19.9879
58.4917 19.2964
60.3393 19.9873
57.7256 20.7755
65.2455 19.567
84.4718 20.3497
64.4935 19.8143
42.0572 20.7268
82.7203 19.4736
72.249 20.6604
86.8055 19.608
51.7651 19.8
63.5911 19.3001
65.5978 19.9351
59.7824 19.865
75.515 19.0935
71.404 20.5611
103.328 19.9273
76.5954 19.6951
59.9129 20.37
87.4582 19.7337
48.8118 19.4451
62.1209 20.1762
52.573 20.4913
45.5404 19.7388
46.4807 20.0688
52.7267 20.1715
57.3017 20.2951
62.3812 19.3096
77.5112 19.356
36.0774 19.9106
73.1604 19.9224
47.0408 19.6837
68.6082 19.3096
51.1303 20.3868
34.7442 20.567
71.4147 19.3012
97.638 20.202
61.8132 20.1814
38.2137 19.5549
88.7904 19.5097
63.967 19.3639
55.7609 20.1566
100.637 19.2264
78.349 19.3119
59.9819 19.2361
59.0269 20.2316
97.7367 20.1318
53.9912 19.6401
55.4629 19.2405
55.0756 19.896
63.9434 19.1223
74.4211 20.623
56.6899 20.183
61.0932 20.443
89.6919 20.0502
95.0156 20.1246
67.1203 19.9282
75.5323 19.7061
68.3885 19.8444
48.8169 19.9367
63.1764 20.2097
56.4979 20.2227
65.455 19.7431
44.8183 19.789
29.895 20.4845
67.6541 20.5544
60.0284 20.0461
78.5477 19.6491
81.4263 19.4656
74.2609 19.9933
82.356 19.1127
82.762 20.104
64.4476 20.3906
59.2616 19.9602
64.0514 20.3527
56.84 20.0031
80.3436 20.2271
53.9247 20.445
56.2741 20.1668
50.4834 19.8772
60.0151 20.5434
71.3113 19.8807
31.6212 19.3784
81.5709 19.4148
84.7443 19.5837
80.9277 20.4347
75.0143 20.3473
104.189 18.9935
105.824 19.5766
83.4889 20.2854
79.7731 21.0364
101.576 19.6591
121.359 19.9847
84.5004 20.2283
58.4259 19.9335
59.2591 20.1423
63.2011 20.1513
100.987 19.9519
73.5329 20.5459
49.2424 20.4423
81.4071 19.9452
85.5719 19.4455
65.8231 19.4054
98.9655 19.382
90.1635 19.7252
70.2673 19.8885
80.96 20.3671
88.8554 19.712
86.6901 19.3957
91.2825 19.7276
52.57 19.3967
89.4232 20.4157
79.9661 19.8722
53.6599 20.6196
27.0812 19.6948
81.501 19.4278
91.596 19.1218
88.1648 19.7093
98.779 19.5735
118.659 19.6327
81.2315 19.2831
36.3626 20.3661
54.2205 19.9069
90.6203 20.5487
74.346 19.9572
75.2896 20.1303
81.5492 19.386
89.7449 19.9913
28.8241 19.8738
74.6743 19.3018
72.3514 19.8683
85.0737 20.4987
83.6471 20.1741
86.4188 19.4859
90.5787 19.3385
53.1561 19.9652
73.8213 20.4134
104.875 19.8962
53.9958 19.8015
61.9957 19.609
76.2575 19.4658
58.8699 19.8091
67.7473 20.7904
66.2211 19.4008
98.1832 20.3082
89.8271 20.2367
44.0637 20.3059
62.2225 19.5598
45.5438 20.1746
52.0543 20.2572
96.2943 19.9293
51.4875 20.2293
54.424 19.8566
60.3929 19.9691
74.3308 19.4386
50.5107 19.99
74.4026 19.2914
64.11 19.4103
79.706 19.1454
76.1654 20.2157
88.2422 19.5646
80.0961 20.2148
104.155 20.8772
119.674 18.7277
90.9363 20.0595
87.0819 19.8207
61.4508 19.4323
82.0115 19.7806
74.9247 20.5296
74.4443 19.7817
39.7217 20.5639
45.0142 19.9189
48.4292 21.2452
46.5849 19.7179
79.3177 19.7251
69.7389 21.1323
53.1339 19.94
67.507 19.8986
65.2557 19.3271
56.4031 19.7359
79.7371 20.166
52.9556 20.1756
107.954 20.1978
66.9422 19.727
69.9943 20.7425
68.1499 19.9528
81.7745 18.9904
55.8769 19.9816
62.0525 19.303
71.0721 20.2818
68.557 20.6925
23.8535 20.3994
32.3441 19.7719
28.2457 20.6352
20.1019 20.9989
25.7348 21.1749
46.85 19.7513
77.6442 19.4409
86.3703 19.7362
88.2188 19.3564
74.0565 20.2784
52.0165 19.565
75.4813 19.6417
98.7598 19.7355
102.686 19.9795
81.5935 19.9312
66.0921 20.2678
79.221 20.0287
82.9344 20.1745
61.2461 19.8917
66.9974 20.0303
63.2277 20.4767
72.5086 19.2517
36.415 20.0589
37.3301 20.1089
61.4369 20.3239
67.5073 20.3202
46.8629 20.4792
81.2324 20.625
71.0454 20.3714
59.8036 20.1326
57.9428 19.7001
61.7839 19.9676
47.9458 19.7074
69.1117 19.8251
71.051 19.3258
83.8525 20.5019
55.7012 20.6324
133.034 20.1017
72.6803 19.8803
54.2877 20.6625
70.2502 20.924
67.9816 20.5709
76.3502 20.1158
68.0618 19.6954
55.4442 19.7053
85.7057 20.6838
62.1074 19.8358
61.982 21.4297
42.3693 21.3816
82.3315 19.3787
100.463 19.71
90.3239 19.8006
83.3887 20.5524
77.2316 19.3639
96.4543 19.976
77.1657 19.4653
50.8808 19.6894
65.7495 19.8788
69.2149 20.2008
63.7225 21.0231
55.8785 19.8308
76.4861 20.0269
76.7546 19.3874
72.4144 19.9006
53.6011 19.5359
69.2881 20.4741
40.5594 20.3777
73.2937 19.8892
81.1816 19.6594
51.5702 19.983
69.7317 19.8769
82.1173 19.8163
52.0876 20.2475
60.0851 20.5159
76.3385 20.3941
89.2391 19.82
57.1378 20.9926
46.913 20.6896
39.1266 19.761
68.8845 19.4208
65.9851 19.9938
40.0814 20.2229
39.6893 20.7017
70.768 19.0285
83.2006 20.2806
46.2083 20.151
64.4531 20.038
39.9422 20.9154
59.9716 20.3028
57.2857 20.6
76.4384 19.4138
140.636 19.5137
58.9826 20.4047
74.3909 19.5013
42.2805 20.434
46.9233 20.4895
52.8654 19.0458
72.5774 19.3396
98.067 19.3379
85.8492 19.3512
57.1885 20.841
60.6818 19.2294
74.4646 19.5004
56.4418 19.7457
61.6053 19.991
59.4259 20.2103
56.0783 19.9065
59.4092 19.4507
98.5173 19.3851
67.9836 20.3789
57.5802 19.6959
82.6022 20.3029
106.98 19.3113
71.8892 19.3736
76.9389 19.5316
62.4146 19.597
63.7317 20.364
70.634 19.63
46.62 20.2485
41.6423 20.2728
58.783 19.3294
58.5137 20.1213
57.3603 20.4167
65.5882 19.4992
61.0105 19.601
55.4792 20.6646
70.3394 18.8769
70.6537 20.4092
101.383 20.8704
76.3572 20.9236
103.565 19.6124
103.565 19.8282
101.388 19.9351
77.7694 19.7451
74.625 20.5309
87.0767 20.7141
46.4822 21.1915
23.1716 20.2044
40.5742 20.2441
48.6733 19.9975
45.932 19.8463
52.9399 20.1509
51.6954 20.3149
67.5192 19.972
130.419 20.0999
125.092 19.7368
116.79 19.2552
120.384 20.3003
187.857 19.8452
88.8798 19.611
49.6234 19.5986
47.871 20.5991
84.7894 19.5939
70.9961 19.1183
65.652 20.5665
84.6391 19.3636
61.5483 21.0451
41.3788 19.9107
58.5693 20.4691
89.0732 18.8914
77.1686 19.8063
76.8531 19.4189
52.2798 20.2462
57.536 19.9912
53.4144 20.3913
60.3351 19.9381
69.8313 20.4673
57.298 19.6631
56.0851 19.8267
57.7325 20.7567
65.6137 20.0738
76.7486 20.063
75.037 20.0783
49.873 19.5725
53.1908 19.8025
91.418 20.3667
84.5201 19.8022
85.4811 19.3471
85.9245 19.783
92.4286 21.0597
69.9005 19.1914
70.3528 21.0052
95.581 18.8888
60.78 20.2234
42.8992 20.2892
56.6208 20.344
45.3203 19.6256
65.6599 20.194
47.1102 20.5132
66.4188 20.2593
56.7375 19.6942
83.0894 19.1915
84.243 20.1712
92.3378 19.9497
124.633 20.1699
110.145 20.2722
71.1603 20.0972
79.6536 20.4545
72.6474 20.3554
86.6952 20.6989
116.458 19.4386
103.606 20.0769
96.3761 20.5749
125.236 19.5957
100.683 20.3872
62.1329 20.1996
41.2555 19.3634
94.2096 19.6494
47.2109 20.3483
55.1576 20.5435
55.0833 20.4591
77.7563 19.588
63.3888 19.7726
90.1978 19.7574
71.8904 19.8109
68.2053 20.1118
109.537 20.1618
92.1002 19.7285
93.2782 19.9499
56.4264 20.7024
80.0667 20.4817
88.4502 19.9974
73.8811 20.1308
64.1688 19.9741
90.8367 19.7256
72.5365 19.4825
53.6661 20.0469
44.2595 19.7938
67.6148 19.3978
50.6352 20.0213
61.205 19.4018
55.311 20.6334
53.9492 21.2693
88.1116 19.769
70.4588 19.6964
70.6263 20.4038
47.6373 19.7148
90.7922 19.2948
80.2662 20.4532
55.2111 19.6166
70.5821 20.6683
58.1576 20.0312
55.5793 20.081
74.2192 19.8045
69.0388 19.788
57.7612 19.395
83.4886 19.157
91.6547 19.7848
127.248 19.6277
109.042 20.2901
94.4774 20.3912
102.16 20.9459
89.1208 20.0451
107.203 19.6167
83.5531 19.9102
70.2576 19.3976
75.9432 20.41
79.7744 19.9329
31.7968 19.404
103.43 19.6041
92.0535 20.4374
113.023 20.6296
134.647 18.8444
91.9088 18.9666
87.2396 20.5336
85.7853 20.5463
114.654 19.2835
102.906 20.3209
86.8357 19.7864
108.965 19.8647
68.9462 19.2474
48.1154 20.4502
49.7346 19.8958
61.3634 19.5139
55.0207 19.5279
54.3554 19.6087
52.1629 19.1767
48.5681 21.4356
55.6217 20.9087
34.9731 19.7619
33.467 18.5649
53.049 19.5471
65.219 19.9941
66.2375 19.9665
69.3749 19.9862
61.9692 19.9032
93.2365 19.5966
57.626 19.5626
62.6024 20.1463
51.4142 20.5449
54.7401 20.6563
70.6043 20.0864
53.3483 19.8885
56.4347 19.5987
62.2833 19.8055
58.1776 20.454
93.4102 19.2086
58.2114 19.7354
78.2631 19.5776
80.6807 20.0062
64.107 20.3097
82.2039 19.9361
65.1073 19.9809
59.9317 20.085
61.0185 19.8086
59.405 19.7765
66.7605 20.2146
69.6309 20.3889
73.839 19.72
67.3396 20.5553
72.4841 20.4622
63.8595 20.9539
58.5484 19.9449
48.4749 20.06
68.8675 19.8465
60.7905 19.402
49.4135 19.4965
60.1142 20.9761
52.9606 19.7468
56.1547 19.8023
50.378 18.9511
57.5297 19.8903
61.9689 20.0503
73.409 20.2552
99.219 19.9308
62.0259 19.5796
67.8178 19.681
84.1117 20.1281
74.4341 19.8451
32.1454 20.1663
81.7482 19.4389
86.1956 20.0181
83.2569 19.0637
60.4854 19.4704
84.7631 19.4013
49.519 19.7781
59.466 20.6079
51.4129 19.0879
59.2247 19.8499
74.16 20.0429
54.7844 19.9751
65.3371 19.7342
63.117 20.2244
69.062 19.5765
80.3432 19.0903
67.7344 19.1404
63.8507 19.4227
35.4905 19.2595
65.303 19.4127
67.7602 19.7751
66.5986 18.8482
53.3309 20.5607
60.8682 19.7868
37.908 20.512
37.1797 19.8969
41.701 20.6315
36.2999 20.6061
52.6857 20.0929
66.3191 19.6701
31.4312 19.8923
34.0208 19.685
27.4281 19.3825
26.794 20.2977
21.9775 20.2268
70.3745 20.2298
68.8949 20.3644
58.9101 19.5429
64.3691 20.1555
52.263 21.0828
47.7004 19.6513
52.2306 19.4224
67.2053 19.5234
85.3657 19.6765
83.1186 19.7856
95.7852 20.0357
86.4238 20.2385
96.9185 19.8615
98.7823 20.0815
74.4428 19.412
71.619 19.3054
61.9273 19.4306
36.0995 19.5551
90.62 19.5494
77.9724 19.4972
102.286 19.3362
76.8153 20.5665
86.5258 19.8082
99.4617 20.4116
78.4591 19.9315
55.8791 20.031
86.2206 18.8116
96.229 19.4177
117.728 19.4787
118.797 19.6868
46.172 20.0972
47.686 19.0953
48.4221 19.5199
37.9271 20.3203
34.9501 19.5635
65.1956 19.5217
62.3307 20.0212
47.7598 20.6615
47.6725 20.5041
56.3187 20.3085
74.6589 19.1909
66.366 19.9242
55.7327 20.1971
52.7226 19.3019
46.6007 20.3019
78.4302 19.2312
84.9207 20.5093
90.6228 20.0456
85.4865 19.9233
71.8141 19.6757
100.593 19.5651
98.8036 20.1225
75.3924 19.9378
96.4647 20.2155
115.41 19.6357
97.8503 19.8952
59.6439 20.3113
68.9981 20.4307
43.9007 19.9902
35.6469 20.531
104.749 20.6419
81.2016 19.4121
92.8743 20.6407
57.9042 20.4354
48.8634 20.2061
51.902 20.4364
49.3572 21.0703
50.5417 19.9804
60.5397 19.7946
70.2249 19.9029
73.1158 19.9253
55.1325 20.517
97.7246 19.5686
68.6351 19.7708
59.5688 19.4871
59.7878 19.7281
64.1491 19.8389
72.1147 19.9384
70.9835 20.3128
48.8425 20.2081
60.1727 20.4124
58.4237 19.8487
91.3522 19.7649
53.0205 20.334
76.504 19.9308
87.2186 20.5486
69.8334 19.5983
78.237 20.1475
101.184 20.0365
66.8693 19.4838
64.9603 19.9907
45.2485 20.7903
46.3366 20.4195
72.1971 18.7664
95.8684 19.1976
64.1779 20.0073
95.369 19.885
58.7546 20.2326
69.0911 19.7509
82.6633 18.8595
67.0603 19.3525
46.5276 20.5598
85.4396 20.4217
79.3686 20.3978
79.8867 20.1573
91.2675 19.8257
108.785 20.0831
122.508 20.1206
105.991 20.184
108.51 18.7997
90.4667 20.4398
107.501 20.4289
86.7141 19.9488
91.6339 19.5916
89.7412 20.1354
58.5386 19.622
61.6758 18.8009
93.6899 19.5579
69.5514 19.4131
72.7405 19.6293
52.0983 19.7756
64.4127 19.7296
60.0764 19.8663
65.0546 20.0814
76.8961 19.8388
58.8116 20.3222
72.7772 19.8787
66.3256 19.8156
97.617 19.668
97.5494 19.5673
78.2557 20.5859
85.8572 19.7432
66.2511 20.5266
43.2479 19.9664
75.0962 20.1778
74.0809 20.3006
93.3719 20.5987
76.9264 19.6852
104.448 20.0434
99.7693 19.4131
101.075 19.6833
88.4452 20.2437
44.0621 20.1735
58.4762 19.5544
65.3147 20.027
47.506 20.0802
64.3783 19.7777
80.4113 19.8609
105.348 19.8003
55.8105 20.3969
81.5223 19.7323
87.0951 19.9842
100.053 19.8055
53.8155 20.6272
52.1127 20.0472
58.8429 20.0715
78.5344 20.122
46.8908 20.7661
79.3818 18.6135
96.5612 19.7547
68.1676 20.3407
60.8176 19.5085
140.704 20.2398
124.583 19.1857
105.433 19.6222
62.5574 20.1506
62.597 19.3178
77.1357 19.969
71.6719 20.7947
103.067 18.7298
95.9851 20.6118
130.105 19.6999
72.6284 19.4912
93.7517 19.1754
62.3184 19.8711
59.0634 19.874
79.4658 19.045
110.212 19.8048
98.6252 19.7392
107.127 20.2984
49.1528 20.5204
47.1683 20.2491
84.5853 19.5787
85.0632 20.2239
72.893 19.7669
104.753 19.5087
64.4771 19.173
57.3007 19.5359
68.9022 19.6569
53.4741 19.8734
36.0522 20.5251
83.4216 20.0505
