75.1296 23.2772
74.883 23.0734
70.5904 23.0896
69.7823 26.8253
67.9835 25.0203
65.2753 22.6941
74.5229 25.2231
77.2899 21.5392
68.5002 25.1826
65.5697 25.8263
66.2151 23.1239
61.4446 24.4004
58.0887 24.2409
61.5383 23.7199
62.2174 25.6223
65.8067 25.2924
67.547 24.6398
65.9948 21.6566
75.6415 22.5062
73.9322 24.0555
73.1442 24.3018
74.023 23.9369
71.7232 24.2646
66.8655 26.9355
65.2398 24.264
67.7125 24.942
68.8197 25.8016
70.1665 25.9922
68.5648 25.2917
67.4229 24.0763
71.5093 24.9721
67.4409 25.8959
67.5418 23.4145
72.7575 23.4097
71.5272 23.6066
71.9742 24.2553
71.7207 25.5576
70.5849 25.6191
76.8577 24.1321
68.8475 25.5278
71.721 24.7386
72.5434 24.1131
66.493 25.1797
66.428 22.4946
62.8548 25.0552
70.3795 25.2232
67.0694 25.3329
68.1379 25.8341
69.2123 25.1898
73.2685 24.1454
74.4906 22.9261
74.8906 23.2183
65.6099 24.3821
67.0648 24.1732
65.762 25.302
67.9173 22.3587
74.4264 22.8911
73.8213 24.1264
70.3519 25.042
69.4336 24.1332
71.2343 24.1971
68.8298 25.5195
70.6035 25.9067
64.3704 25.9627
62.3457 26.3204
66.8563 23.0055
67.2688 24.2744
68.3472 24.5812
67.1808 25.0279
66.0473 24.5165
69.0966 22.8197
63.2226 23.8759
63.6741 26.5239
60.677 25.6352
62.2775 25.2062
64.4112 25.1513
65.315 25.9432
58.2508 24.3095
54.2121 24.281
56.0304 27.9425
59.8807 24.6148
58.3122 27.0309
59.1917 24.6536
64.833 25.0016
68.353 24.7972
68.255 23.5226
62.6485 26.5721
60.7309 27.639
61.9796 25.7652
59.9611 25.1772
55.5354 25.5408
54.1449 25.1822
58.6756 24.7895
65.6378 23.869
63.619 23.5889
60.4469 24.3794
56.845 27.4278
56.1206 27.136
57.2954 22.9684
58.1663 23.2226
58.2828 23.231
57.8121 22.6126
59.2514 26.0173
58.0874 24.7965
57.9343 23.7824
62.023 25.0817
72.2623 25.0602
78.8714 25.0819
73.1095 23.1239
71.5217 25.3475
75.0951 24.9744
72.7886 26.8193
67.6604 26.1866
68.3811 25.7427
73.9943 23.7722
70.5698 24.5184
75.4156 26.0471
82.459 24.71
84.0517 24.2654
83.44 24.0499
86.6311 25.8771
83.0619 23.059
76.2303 22.065
76.2352 25.2149
83.4847 24.8765
84.3892 26.479
70.7838 26.2668
73.3186 23.86
78.195 23.6739
80.4627 24.8228
64.1222 25.3592
73.9615 24.6072
71.0173 24.5059
73.9819 23.7494
74.4894 23.4636
72.2084 24.8045
73.0728 22.8498
68.5927 25.5286
69.0459 24.0983
66.0381 26.5345
62.1982 25.0502
60.3557 26.4626
62.4538 22.6177
66.3299 23.7498
73.2027 22.9996
68.3595 23.2149
68.1958 22.3229
64.961 21.8491
62.3738 23.4921
64.4033 25.197
63.0206 27.9849
66.3469 23.9039
64.8708 22.4236
65.1827 23.7659
66.3491 24.1499
60.9009 25.838
57.9078 21.8288
59.6755 22.9137
55.828 24.3639
62.3769 24.8686
58.3855 25.2109
59.192 24.2383
58.0393 24.2704
60.246 25.1504
65.0592 22.7959
65.5924 25.626
65.5924 25.9303
69.6225 26.5273
68.438 25.2179
68.202 24.4345
70.8734 24.9658
73.0436 22.7066
79.5278 24.8606
82.9565 24.8956
81.4218 26.6804
80.6731 24.1704
82.8468 23.9061
91.2534 24.9352
83.1684 24.8738
89.0196 25.4593
86.9125 25.8667
86.1389 24.7326
77.4434 21.2893
70.0262 25.5451
70.9343 25.1392
69.8098 22.8163
72.9233 23.8902
68.7016 23.4416
69.7539 23.5641
79.3761 23.877
78.681 26.4963
83.482 24.2366
83.3936 24.5116
82.9725 23.345
83.1063 22.5364
82.4335 23.3547
80.4001 22.5769
78.2272 24.7946
72.6298 25.6089
70.708 21.3443
66.0143 25.123
68.6441 26.0274
69.4848 24.8346
66.5813 25.5425
71.4116 26.7164
73.7305 25.8742
70.7636 25.6836
81.3288 24.4512
85.6106 24.6498
85.7744 20.7045
76.6527 24.6412
76.5836 26.64
77.4833 22.1515
75.5167 23.3734
76.4005 23.2502
77.895 25.579
72.5713 24.1197
85.7757 24.0476
81.7146 23.412
74.3958 23.304
75.5461 25.4882
75.6487 24.8755
71.0428 26.0898
70.2968 23.7146
63.6142 23.6666
65.5261 23.4534
66.2869 23.7192
72.0556 24.8623
72.3291 23.3591
73.1194 24.5544
64.4407 24.6049
73.675 24.3464
64.9384 24.5923
64.9384 25.1505
62.3825 26.6163
53.2177 25.4647
55.6741 23.8387
59.8583 23.8771
63.6898 25.1288
63.2333 24.3295
63.6377 23.5466
62.8412 25.5517
65.0733 24.33
74.8657 25.5421
80.3479 22.5218
87.6329 23.8874
75.1306 24.7218
74.1567 25.5841
73.2438 24.7447
72.921 26.0421
81.3185 25.4166
78.5217 22.1623
67.9125 23.5995
64.477 23.2196
67.8876 24.9745
61.147 27.09
67.9212 25.4397
75.6056 26.422
70.9349 24.8821
77.52 23.2955
79.0899 24.0953
73.0116 24.2563
71.2915 24.942
71.1385 23.4618
57.5436 23.1251
57.5436 24.0753
57.0952 23.3643
57.9352 25.4297
59.3678 23.461
54.3112 24.5934
53.017 25.2048
58.4382 22.4686
58.9726 22.5692
53.6833 23.7222
57.5579 25.0314
54.5873 26.5732
55.3339 26.0362
57.3782 25.8942
61.1122 26.1941
66.2201 23.8032
65.5418 24.0091
63.0059 24.5329
63.0059 25.7792
72.0419 25.7725
69.859 23.2946
70.2993 22.5481
69.599 25.0785
68.8185 23.6319
69.2173 25.771
72.1362 25.7953
72.6538 26.5346
74.6221 26.5391
72.8939 22.4247
72.7337 23.9497
74.1338 24.4432
69.6481 25.0285
69.9406 24.1706
69.8003 25.6612
61.9682 23.856
65.7193 24.9437
64.088 24.901
65.843 24.0777
66.3734 23.9368
66.3574 23.444
66.3316 23.9312
53.6451 24.8291
59.0718 24.2153
55.1993 23.3374
52.6634 25.5594
50.7225 23.0781
59.4384 24.0259
53.5581 24.7992
55.8684 25.1444
62.8682 24.1374
64.802 23.183
59.961 25.2766
73.7767 23.914
71.2532 25.76
79.0903 24.0475
91.4914 23.4261
74.3585 23.7544
72.2343 24.976
73.0766 24.6201
67.149 24.9765
66.574 24.1718
70.0871 23.3055
70.9788 26.4454
70.5095 22.2122
67.6151 23.2693
69.7779 24.3052
66.6266 24.0595
77.975 24.6602
82.9085 24.0055
81.1869 22.863
81.3341 23.8836
85.9828 23.1827
65.3322 23.7015
60.0039 24.359
66.7611 23.3895
68.7941 25.5909
72.2787 24.9583
67.9215 23.2978
70.7601 23.0075
70.6237 25.3159
70.3274 25.4235
74.0723 25.5138
70.9628 24.0282
79.1907 24.5748
73.9428 24.0074
77.2925 24.0649
60.9779 26.0023
60.9779 24.3917
74.9694 24.8294
73.4919 23.0611
69.8184 26.7895
65.6569 25.9572
61.7952 25.5128
66.3531 22.8841
68.1867 26.5622
68.8542 27.4992
63.6121 24.1272
66.574 24.196
68.2897 23.5944
75.2341 23.9543
71.5651 26.1133
71.7711 24.2378
81.3207 23.6976
78.0201 23.2597
76.6164 24.2534
77.2632 26.5861
70.9105 27.4858
77.5674 22.4386
79.4683 22.3271
79.4515 24.2047
74.6566 25.8957
88.5335 22.5945
79.7506 25.6757
69.8699 23.1275
72.224 24.6972
68.0972 24.5711
72.9974 24.4756
69.0092 25.1033
69.4704 23.5787
65.5377 23.8525
69.7992 24.7952
64.7816 25.2262
73.1098 24.4392
73.704 25.3954
68.26 25.6157
71.6061 24.5748
64.5398 26.3321
64.6698 24.0412
67.1072 23.2743
65.194 23.3265
70.5186 25.2125
67.4273 24.1181
67.4273 22.3218
71.2326 24.8333
69.4699 22.6417
66.9535 25.1128
66.8298 24.9874
74.9463 22.5177
76.5422 23.8395
71.8116 24.1782
70.5097 25.3177
67.9617 24.5765
66.8875 23.6936
73.5692 24.3643
77.8163 23.3306
74.0876 24.1646
67.1524 23.1907
69.2857 24.1699
70.6204 23.4703
75.666 25.195
65.4969 25.6095
64.3076 25.7794
64.1913 26.2759
63.3903 23.2306
60.6763 23.5176
65.3918 23.8116
65.4222 25.0878
61.5511 25.6241
62.0173 24.0597
62.4077 26.0504
65.2945 24.0337
66.1824 24.5487
65.7949 23.4037
69.5105 24.7039
66.3436 24.6977
65.3434 23.5727
68.7764 23.9157
73.9207 24.3244
68.4862 24.1522
75.1655 25.281
81.1561 23.3037
73.3358 22.6063
76.2822 24.9037
71.9621 22.7143
72.0395 23.2554
70.3858 22.673
74.4716 25.0732
73.3128 24.8984
74.0787 25.5886
72.6447 25.8275
69.2565 24.9986
71.141 23.6439
65.73 23.8057
67.0226 24.6098
61.7506 24.4794
56.1139 24.5626
61.7901 24.5449
64.3153 27.3009
64.3153 24.6914
68.2168 24.2487
67.3229 25.2489
63.3655 26.0857
67.8759 25.1865
71.3674 21.5454
70.4281 25.5857
61.8117 24.311
62.1702 24.9563
69.91 26.3948
73.747 25.577
72.7465 25.1021
72.1384 24.5767
69.9867 25.169
77.7401 23.2406
78.0686 25.7022
70.7348 25.5648
64.1531 25.0127
64.4232 25.016
69.6326 25.6288
69.955 23.7194
72.9898 25.3982
75.8026 25.5143
73.642 23.5966
72.1865 21.6784
80.8253 23.6699
76.3031 23.3739
77.9666 24.028
71.056 25.7226
75.4189 26.0168
81.648 26.3029
79.0138 24.868
71.2963 26.624
73.0307 25.9598
74.5554 23.0917
74.41 23.3944
69.4533 25.7467
69.5109 27.1973
72.3336 24.6983
68.4425 23.3293
67.5946 25.4016
62.0091 25.0678
57.2281 24.5721
63.8607 27.5357
64.5736 26.0453
62.7844 24.0006
63.79 24.4539
62.3372 23.0092
59.5849 24.3471
55.0852 26.1353
50.7389 24.3081
54.0961 24.7071
61.9899 23.2013
62.9703 23.7372
60.5997 23.9307
61.5592 27.5126
60.5407 25.1152
65.7385 23.839
72.9804 23.2876
75.4712 24.2862
67.7789 23.864
71.6883 24.2671
72.221 26.0969
70.5633 21.9802
66.494 25.3485
70.5276 25.02
67.663 23.1345
66.0085 25.9215
61.2367 25.5085
63.7026 25.4365
63.9615 26.2547
69.5531 23.6251
72.4513 25.6332
72.8693 25.3168
64.1901 25.1366
62.0882 22.8099
57.8111 24.2972
62.4173 25.8308
61.5433 26.0297
60.3663 25.5522
65.0548 25.5751
58.9183 24.5843
62.1404 25.73
66.0414 25.73
59.9546 23.9217
60.7278 23.5334
60.6094 23.4357
58.9533 23.8339
61.2289 21.9572
63.7844 23.9381
64.8702 21.5902
72.781 23.5364
71.2334 24.015
66.4559 26.0806
66.8252 24.4709
63.1836 23.5767
65.3973 26.2619
64.4665 24.6521
66.7937 23.4344
63.601 24.01
66.1801 22.6393
63.8725 25.9632
64.8462 26.479
70.2224 26.0948
67.9103 25.2846
60.1405 25.735
64.0638 25.5267
61.7317 24.791
64.3949 26.7708
73.062 26.2021
78.6183 25.7859
77.1951 23.8845
76.9729 25.7977
73.5551 23.8054
70.0796 24.0106
82.8493 24.9631
85.162 24.6943
85.67 21.8043
87.5451 23.5271
81.6971 23.5429
81.6971 24.5966
82.9014 24.3601
93.2313 24.5035
91.3533 23.0144
92.3698 25.391
94.9699 21.9518
93.5871 25.2153
91.7014 25.5478
99.4507 24.7396
94.2976 24.2228
94.2976 24.8926
90.9113 24.2127
89.3271 23.5885
82.9624 25.1763
87.3175 24.9947
74.8567 25.7612
77.6994 25.1973
76.2026 23.9872
77.4475 24.7729
72.8071 23.9035
53.724 24.713
57.905 23.7566
59.0563 23.8633
58.3635 25.6131
53.7341 23.7456
57.5779 24.8064
56.7318 23.5726
63.4335 23.2735
60.2358 22.6981
57.2469 24.7646
62.7046 24.8345
64.3659 24.2558
67.5204 25.4613
67.3949 25.2669
70.0484 27.4886
73.509 23.8928
72.941 24.9187
79.1656 24.3556
80.6807 22.3835
78.9722 21.7067
81.2832 22.3874
74.2597 23.6737
73.4644 23.4129
73.4391 22.7674
73.2087 23.2752
67.1732 25.4728
75.1342 24.1493
65.0243 24.6689
66.0575 26.1587
60.1497 25.9956
59.4916 25.5797
67.7145 24.3739
71.0182 24.5652
72.8579 24.6942
73.1134 26.4502
71.5722 25.5385
69.8246 24.8162
70.5436 24.718
69.7167 23.4958
68.7299 23.8608
65.7462 25.6744
64.9643 24.9874
61.0306 26.5343
58.2682 23.9243
60.9117 23.5209
64.6245 23.5527
71.9394 23.691
65.015 23.9108
64.4632 23.259
67.0065 25.0839
74.82 24.3715
73.7182 24.5567
65.1733 24.9915
63.5327 24.9562
60.9672 24.4229
59.9614 23.9097
57.4487 28.8374
58.9332 25.1018
66.4929 23.7219
67.0884 24.437
68.3695 22.0708
68.7154 25.0169
66.6589 22.8803
73.7836 24.4315
73.823 23.6414
73.0089 25.9543
82.6304 26.9336
74.6892 24.5357
82.6021 22.3987
76.8479 24.171
73.558 23.5623
74.4421 23.5418
80.096 22.9344
80.096 25.3646
73.9642 23.8919
75.244 25.3138
78.7184 24.2792
80.963 23.0414
65.1252 25.5885
74.3684 23.7366
69.6817 24.277
61.5415 21.0796
70.4132 25.916
69.4423 24.9915
79.1994 24.9729
76.1851 21.8571
78.4652 23.0105
76.0182 23.6318
77.1798 24.935
72.1379 23.9563
78.0963 24.3286
70.5267 24.6034
74.7655 23.9219
74.1977 26.9394
78.7457 25.9596
76.8541 25.18
82.9474 25.2984
87.0364 24.6694
84.0171 23.6502
77.9684 24.8803
82.6828 27.1601
85.2589 24.7067
83.4116 24.1567
73.4506 25.8229
77.5282 24.7382
78.9792 22.4185
85.4039 25.1405
70.2305 24.7448
67.6134 25.9098
75.3995 24.0931
80.3782 23.6696
78.3819 25.6022
76.3308 23.6951
71.0738 26.5495
75.7111 24.2422
80.3687 25.6105
76.0338 27.6209
81.8756 25.7477
75.641 25.7849
75.598 24.1255
66.1263 26.1132
68.9489 25.7103
70.688 24.1153
72.6379 24.333
70.5879 22.6733
70.6008 22.6521
67.2307 24.7063
70.6511 25.6727
64.2544 25.2495
67.3095 26.4535
69.4964 24.7201
68.6331 25.2655
70.0536 23.6092
69.2147 22.7133
73.1325 23.3882
64.6888 25.4479
65.4371 24.5657
59.4336 23.5872
61.6458 23.7806
60.4742 25.6707
63.3578 26.1272
61.7968 24.482
65.0322 25.3194
65.3829 23.2594
69.6447 23.7998
73.7748 23.0917
71.6766 24.1136
74.1895 25.3059
73.2687 25.0134
87.8646 24.9095
76.2761 25.3937
67.8365 22.9655
72.3386 24.0812
59.6407 26.8215
59.3259 25.3885
61.5818 22.8214
59.1536 25.1224
58.4197 25.1071
60.6949 23.1126
63.1731 24.6068
59.0464 25.7321
55.3639 25.13
58.0022 24.8704
55.1165 26.9744
48.6433 26.2986
48.6433 25.7049
46.1038 23.4502
50.6751 25.0188
48.2652 25.8879
50.7086 24.3977
50.7086 23.0322
48.5912 22.9769
48.4914 25.5155
51.3264 23.8098
57.8953 24.2491
58.9937 22.8891
57.5411 24.1888
63.0383 26.1299
62.6982 23.3693
51.8852 26.7789
57.3048 24.9785
60.3112 25.43
57.3282 22.7112
63.432 25.5075
63.9993 25.6293
67.416 23.1655
68.1129 23.9054
69.2806 23.6598
71.0239 25.8
71.3368 23.9529
72.9488 24.024
74.2642 23.6485
73.3337 24.2245
78.9169 23.0567
76.8225 22.8142
78.6349 22.8985
82.6787 23.9501
83.558 23.8905
80.8339 25.2329
69.2418 25.7394
74.3225 24.1595
76.5659 24.7153
80.2729 22.6759
87.8658 27.118
86.9539 21.3813
79.9551 24.3647
79.9776 23.2973
82.3 21.6879
76.3189 24.46
81.5883 24.419
82.7277 23.6634
85.1287 23.34
81.746 24.5067
67.5456 24.6377
67.1044 23.9707
65.505 27.3191
71.007 23.902
64.932 24.526
66.1259 24.9488
65.6328 25.7038
70.5656 21.0344
68.3865 25.1877
72.9812 25.1054
72.034 24.3739
71.9644 24.5012
63.7247 24.9565
68.8608 22.8277
68.9865 23.661
77.1607 22.1943
76.7848 21.4928
72.2333 25.1272
75.3702 25.9738
73.5991 25.8794
73.5991 25.4562
75.2667 26.2334
74.4201 21.2601
75.783 24.368
71.9683 26.3095
72.2022 22.9622
72.586 25.7698
71.6349 24.612
77.8053 23.6181
78.2129 19.8686
74.1068 24.1213
76.3359 26.3571
81.568 22.9334
75.7544 26.5169
82.2827 23.7123
78.8713 24.9295
61.3525 23.6011
62.7081 26.1081
63.9046 23.1314
66.7167 23.5264
58.7136 24.2528
57.9792 25.2421
55.6425 25.9781
55.0115 23.0323
63.4525 22.165
67.2651 23.8959
63.6443 23.7541
66.5381 24.9371
65.3722 24.21
71.2573 23.2514
68.8813 23.8451
72.47 24.5895
73.5855 24.2485
75.9891 26.8752
70.4676 23.5714
68.4625 23.4513
63.6863 25.0147
66.088 24.8059
64.9877 26.3599
66.8416 25.7347
66.7893 27.4992
71.0957 25.968
74.4811 24.7026
72.0606 26.4624
72.2099 25.0923
73.8492 24.9425
74.4735 25.1811
74.4521 24.9572
74.4863 25.0522
74.3905 25.634
72.6987 26.5432
67.4813 22.6596
70.373 23.0174
72.0079 23.2565
68.4832 24.5235
69.9766 25.6276
64.3353 25.5876
65.7415 26.5355
70.1493 25.7905
69.8789 24.2465
68.4164 25.4669
69.666 24.931
68.5758 24.0006
69.0716 22.9896
67.3384 24.5035
61.4327 23.1694
70.1126 25.2895
68.5716 23.7737
61.8476 25.7851
69.1591 25.3179
64.9746 25.0012
71.1823 23.1081
72.5938 22.7891
72.7497 22.7977
76.2499 24.4508
74.5909 23.9418
76.6669 27.1231
68.8294 23.0139
70.5218 24.2365
70.2735 24.6831
69.3948 24.1992
75.8209 26.2203
78.9397 26.8339
82.551 24.0106
84.543 22.5459
82.9975 24.8183
82.4375 22.7992
82.319 24.5762
82.273 22.7084
75.8687 24.5823
71.5044 23.8867
63.4693 24.894
60.9521 23.2514
68.1874 22.0737
69.5701 26.2681
73.4046 20.2816
66.8325 25.3045
60.2454 23.2047
66.6488 22.7828
66.3619 26.9548
55.719 25.3679
57.0917 24.1606
55.1911 25.6645
64.985 23.6471
62.4298 23.6623
62.698 23.2649
65.752 23.8403
73.4872 25.394
74.2611 25.6227
76.4621 23.4404
75.1599 23.4335
81.3382 24.7109
71.8437 26.1262
70.7255 25.4863
67.6865 24.8015
63.4415 24.1273
60.547 23.7466
61.4906 22.5927
61.8489 22.9588
65.6584 25.7931
68.4187 25.9586
75.2906 24.0785
75.7277 27.4801
72.1631 23.4371
71.6891 23.3535
68.2889 22.95
65.967 22.5247
66.8318 22.1092
80.619 24.445
76.371 22.753
75.4511 23.6314
77.1735 23.3254
79.5799 24.5903
78.1972 24.5536
81.5089 23.6725
87.4846 23.9808
81.4571 26.8687
88.79 22.0585
85.6974 25.7371
72.6327 23.6195
68.7243 23.3855
74.8186 25.4549
70.2823 23.9862
70.9441 24.0527
65.3523 22.8266
70.7653 24.0963
80.06 24.423
82.7609 25.3463
79.554 24.6528
78.677 24.0384
78.9659 25.1494
76.5447 24.3591
73.6683 24.2681
72.8181 25.3999
79.7699 24.0429
88.5398 25.9119
84.852 23.0957
77.3089 24.7236
74.7541 25.4343
75.4284 25.4366
64.9249 25.5195
64.9249 24.7022
64.2714 22.6376
61.9205 23.2705
64.8837 23.1542
62.7921 27.0658
60.2735 27.4516
59.3895 24.3456
60.5114 25.4161
51.2673 25.4696
57.6615 26.6978
62.0847 24.9221
66.0928 24.7937
63.1124 24.6988
68.3851 23.0795
62.7698 23.0389
62.6768 23.9075
65.5525 22.1781
67.6339 23.5627
66.6542 23.2823
66.6542 22.9902
73.7847 24.1781
70.6057 25.6076
86.888 23.8033
79.5333 24.3807
79.5832 22.4929
72.4063 23.1607
69.9655 26.7423
76.4299 24.4311
76.4852 26.1281
74.8284 23.7612
76.5791 25.0997
84.563 25.7786
85.1252 25.7851
85.786 23.5542
90.067 23.8971
91.5482 23.8439
86.1684 24.9815
87.6032 24.9223
79.2715 22.9767
78.3968 23.3715
80.5926 22.5838
77.1835 23.0582
80.6558 23.5881
79.854 26.634
64.0331 25.8074
64.4717 23.7948
72.1841 24.5055
63.0784 25.8018
68.5223 23.267
67.4774 23.2422
67.1299 22.2795
67.7485 22.8856
70.0786 22.8376
70.6162 24.0396
74.6737 25.8038
80.3287 25.8584
80.3287 21.1692
89.2802 26.1443
88.1886 26.1698
103.071 27.2607
90.3315 25.2759
88.4051 22.611
94.9899 24.4406
85.2758 24.5699
80.6677 24.1444
77.5504 21.8773
77.5704 24.9726
76.1215 26.3773
76.2827 24.9146
70.7696 26.3715
71.8591 25.8834
69.3738 24.9925
81.0202 23.8901
77.4234 21.9498
77.1539 23.963
71.89 25.335
69.2289 24.9595
75.2257 23.7444
69.4643 26.2893
73.5739 26.1626
74.0372 24.6256
68.9692 24.8318
66.3485 25.0314
69.0103 24.4204
66.0357 26.513
72.8361 24.6169
77.3647 24.7281
87.9976 27.7312
90.9624 24.0279
85.4998 24.303
85.4998 26.3957
78.972 26.22
76.0289 24.6782
70.5064 21.9022
67.1947 21.8259
66.3566 25.2465
64.371 24.3833
63.3572 25.4499
67.0732 24.13
66.2595 23.1946
70.9353 23.9609
64.8565 23.3013
67.9214 23.014
73.5984 23.0803
71.5491 22.3092
69.2423 24.1123
71.9448 22.1134
67.1744 26.2689
72.103 25.7149
71.8974 25.6136
73.7462 20.7317
83.2409 23.8138
74.7943 24.8067
76.5543 22.8084
69.4063 23.1589
67.5214 27.5624
69.497 21.9942
66.5955 25.3896
66.546 23.0626
60.888 26.335
58.4821 22.8278
65.8335 22.9614
65.0084 21.6529
63.7768 22.8061
62.8013 25.3512
65.3369 23.7352
69.8887 23.269
67.9841 22.4867
67.767 25.4931
73.4821 25.6055
75.2942 25.2319
75.9851 20.6453
72.6383 24.9628
70.2696 25.6668
67.8206 24.5706
62.9603 24.9127
67.8117 23.5072
66.748 24.1572
70.8243 24.1421
68.1652 24.6078
64.9248 24.2812
74.2237 23.9637
68.0259 23.0918
67.8453 24.5156
67.4729 24.394
63.276 25.231
64.2718 25.31
58.6896 25.0635
61.5082 24.7998
61.4496 24.7642
69.2655 24.1902
76.1902 24.0183
74.4123 24.9305
74.5779 25.7962
72.5847 25.9291
78.7479 23.4715
78.7479 22.4868
80.3733 24.8013
84.9431 24.4706
85.6299 23.5133
75.9779 24.5532
79.5597 26.1073
79.4095 24.8847
79.4095 23.092
84.4844 25.5859
78.6757 25.4587
74.1242 25.3861
73.5337 23.6092
72.0432 23.1578
76.7781 22.1198
68.2984 24.4887
69.1303 26.8626
74.7223 23.1055
74.103 22.4862
71.2291 24.4553
76.7632 21.5732
81.8904 23.828
75.2396 23.5714
76.7011 23.9443
76.4507 24.0852
79.37 25.4376
75.2711 22.4613
74.9642 21.7485
72.8745 22.457
71.5231 24.3449
69.5538 22.3375
82.3152 22.7804
82.6758 23.6319
79.8225 23.632
76.1303 23.6464
77.1253 23.591
73.2478 23.5728
76.3961 23.5762
76.869 22.6709
82.98 24.8867
76.9216 22.2482
72.6849 25.2595
71.8182 24.7693
76.9775 24.9304
68.3951 25.5641
69.9726 23.5644
70.9296 27.5757
78.7168 22.4146
73.9469 23.1605
73.6625 24.9663
74.4317 23.017
69.4435 25.3576
64.8057 26.7063
65.6193 25.8697
66.5604 24.4787
70.5845 25.2891
70.4408 24.4248
69.6694 24.5857
66.5849 26.1498
66.2385 25.3394
69.8808 25.5274
71.152 25.2223
79.0843 24.2642
74.2518 25.677
74.0415 24.9973
74.9766 23.9505
69.3525 22.6179
65.6613 24.832
66.1556 25.271
67.9389 25.9194
76.7156 23.154
77.8118 24.8312
70.7409 25.6199
69.2187 21.6837
73.2241 24.3254
73.3219 25.9726
72.7868 24.7382
78.5491 23.0372
78.5251 25.5175
74.4802 23.2653
80.3001 24.9284
82.2511 25.1858
77.5923 23.0977
79.601 25.0367
79.1385 24.1522
68.1766 22.251
65.9834 24.1687
68.2239 25.4929
75.53 23.4196
75.7804 24.2545
74.1114 25.708
82.8659 22.435
84.3405 22.9167
74.4551 24.3699
83.9007 25.4633
86.4065 27.0046
76.5628 23.7063
73.174 25.2339
73.4817 26.4679
78.2798 25.3136
81.083 26.3523
80.1349 24.9241
75.6796 24.8512
67.3891 25.4708
68.9799 23.4809
66.4285 24.1752
59.5064 24.4637
65.2627 25.065
62.8465 23.5365
67.8216 23.8823
60.2399 24.5397
58.3541 25.7218
60.8175 24.5394
61.761 23.6568
58.8644 24.6981
57.2377 25.4052
66.2925 25.3147
70.2708 27.0697
67.1751 25.568
73.5542 25.4989
73.3717 24.1849
75.9419 23.3027
78.3495 23.1994
78.3495 22.2601
69.7392 23.8394
71.596 23.9008
73.1358 24.1707
69.051 24.994
80.3547 24.8939
80.0328 22.2979
82.1617 23.8374
82.1617 24.3241
82.1617 23.843
81.1267 22.3084
76.392 22.2805
77.0069 22.8365
86.7855 24.5445
83.663 25.9912
74.3988 23.8262
71.1536 23.1516
66.7455 22.9015
61.6316 24.2776
62.0513 24.82
61.477 24.924
59.229 25.448
58.8089 25.4177
59.9187 25.8993
65.4112 24.2376
62.3943 23.698
56.7043 22.5483
56.6414 22.7556
59.8153 22.1725
55.9005 25.6073
61.7953 25.5589
65.9441 25.9637
66.0242 27.3894
65.5888 25.4205
63.2795 23.7881
67.7056 24.0582
68.9025 23.1342
70.9003 23.575
61.8952 23.9726
58.063 27.0167
65.3552 24.633
67.4947 24.2619
75.8998 24.497
73.7033 24.6362
60.8722 26.1684
63.9539 24.4589
66.4216 24.8556
64.359 23.9116
62.1238 23.8341
60.1246 24.4887
60.1246 24.24
61.5525 24.7001
62.3884 23.9047
65.1097 24.9794
63.5303 26.0682
64.8515 26.8407
64.8515 22.8801
69.9009 26.0521
67.274 23.6833
66.5937 25.9431
65.6883 26.6887
69.0849 26.1081
69.9073 26.3573
71.8825 24.0766
68.7809 22.7449
72.1441 24.386
70.6027 24.7804
72.6208 25.3409
70.0518 24.7941
71.2287 25.3108
73.4645 25.4035
71.6372 24.6197
73.6742 23.5953
75.4117 25.5926
72.3121 23.8711
73.1366 22.406
72.1504 23.6683
73.9979 24.1144
64.8211 23.0319
64.8166 26.4184
61.6712 25.2254
59.1437 24.9923
62.2652 22.213
59.6703 24.0722
67.0987 23.5938
64.4194 24.5844
66.4006 24.2355
66.4318 25.1903
66.9009 25.6713
60.5822 21.9631
61.6085 26.7281
64.5682 24.1726
73.3479 23.0582
77.0981 23.3956
75.1638 23.3052
73.6895 23.9314
76.9704 24.8561
73.8363 23.1464
82.0053 23.7664
87.9684 25.0309
82.3123 24.1431
83.0342 26.3044
100.125 25.2109
100.125 24.8573
96.8873 27.1658
110.137 21.9634
110.137 23.7006
108.636 23.7162
108.543 22.8585
108.543 24.6165
102.556 23.8168
108.384 23.5405
110.54 24.4918
106.419 24.6915
78.2339 24.233
74.4314 22.5305
76.0059 24.5065
77.3466 24.6059
80.8822 25.4893
77.4921 25.6923
78.5364 22.88
80.2111 24.1963
75.2432 24.3462
79.7293 23.9941
78.3095 21.0709
75.5471 21.6613
73.0895 23.315
71.0032 24.4786
71.9758 24.2681
70.7556 26.4319
68.1208 25.6459
65.8639 24.4544
66.532 24.411
68.3166 23.0124
68.009 22.1338
72.9778 23.3441
74.6973 24.5031
66.7441 23.4973
65.7835 25.593
61.1104 25.9573
57.7379 23.8995
56.7153 27.7813
61.7946 25.5173
62.8733 24.0628
62.8733 23.8985
62.946 23.803
71.2235 25.0497
65.7317 23.5654
71.2169 23.2254
72.8009 24.4945
70.8162 23.296
68.3659 24.3186
64.5713 26.4196
70.2619 23.76
67.0686 23.5934
66.7844 23.1265
67.8914 23.808
69.6272 25.8652
66.7575 24.3207
75.5766 23.3668
67.4171 23.28
64.36 24.1799
65.6446 26.9616
68.0866 23.5214
71.0164 24.8708
73.2096 24.212
71.8794 23.3196
75.5956 24.4723
78.5532 22.3947
67.1781 26.8274
69.9035 27.5517
68.4498 25.4038
77.6481 24.7706
75.828 24.2048
80.3814 24.1561
78.5071 24.0014
84.0849 22.6006
72.8839 26.778
66.8384 23.6112
67.6001 25.5
63.2181 27.043
60.9354 24.6538
63.4329 25.3908
66.6741 26.0319
63.3157 26.0896
59.5337 23.9023
59.1133 24.3823
65.4558 25.1699
71.251 25.0714
73.6625 24.6429
74.1016 24.2319
69.3391 22.4162
75.3509 22.7924
70.7786 23.2987
75.1486 23.433
84.0224 22.7267
82.2105 23.545
78.1559 24.875
80.7099 26.1046
77.2687 25.177
76.9768 25.0876
77.8697 25.8906
65.5072 25.9729
71.5949 27.2892
75.2719 24.8945
76.7745 25.9524
67.7192 23.9572
74.9472 24.1765
62.3466 23.2023
63.1506 22.4754
66.6717 26.1104
66.6717 26.4904
68.7231 23.5432
72.6699 23.377
72.6699 22.5874
71.134 22.0955
66.3801 25.5855
68.3884 25.8734
69.3189 25.5308
75.7845 24.1943
66.6987 23.2163
66.4178 24.8349
66.4178 24.985
66.4178 26.5067
60.833 25.4366
63.4115 25.0296
60.8439 23.0476
59.3855 22.3603
59.3855 24.7008
60.7426 25.9633
56.4213 21.9249
56.5765 24.4583
55.5163 23.9218
55.5163 22.3571
58.3343 23.7289
57.515 23.8231
58.9554 25.5774
56.1478 24.9605
53.2264 24.4132
53.2264 21.663
52.4158 25.6416
50.4936 26.065
54.5348 23.4806
53.8507 25.143
53.8507 23.4347
55.6388 26.9222
60.4081 25.6356
59.0122 25.4294
61.9402 23.99
64.5385 25.4497
71.9144 25.4314
71.6633 25.5954
64.8177 27.6759
64.8177 24.8753
66.9055 24.8845
67.876 22.6471
70.3327 23.3607
75.3252 22.431
69.2954 23.1351
77.3805 23.7432
69.9474 25.8564
74.9562 24.5041
70.771 25.8363
71.0067 25.3924
76.4333 23.3735
78.694 23.9582
79.7628 24.8265
81.2732 23.7492
80.9934 25.8658
79.2886 20.5893
78.7632 25.5797
80.7803 25.0473
86.3589 22.0438
86.4651 25.3043
76.6116 25.827
80.1494 26.5386
82.4228 26.8441
81.1041 21.6632
77.5231 25.9289
73.0885 25.2852
65.3295 22.6518
66.8625 23.7261
66.8625 25.2038
63.9053 24.629
64.643 26.3311
70.7827 26.0087
64.6338 26.1568
69.9307 25.9757
68.0374 23.2098
77.1177 25.9124
74.8567 22.8274
78.9417 23.1192
75.1901 26.0123
75.5575 24.9384
76.6936 23.4767
75.0097 24.0047
74.7591 25.6657
71.8718 24.5129
72.7297 25.2718
72.0212 22.6155
65.0665 25.5128
66.227 22.7556
66.9688 24.081
68.9822 24.7385
68.2296 24.7361
67.504 23.4556
68.4166 26.2042
77.8361 22.9177
78.0277 23.4896
82.7919 24.9083
81.1675 22.4855
75.5329 26.5427
68.1537 23.0976
64.1049 25.6326
66.2268 25.0624
68.072 25.8936
63.4836 24.3207
65.684 27.0089
60.2301 24.2207
60.2148 26.1545
59.5578 26.2567
62.29 25.5806
66.3482 24.9789
65.2078 23.6816
66.2186 25.062
65.1335 23.8842
62.2524 23.963
54.9175 25.4951
57.3629 24.559
60.3635 26.6164
56.9359 25.4789
62.4073 25.3077
63.7706 25.8393
64.0492 24.0155
75.6547 20.9088
64.3402 22.9254
69.3964 24.7107
73.7352 22.3611
69.0121 24.773
71.2532 24.3275
74.362 24.1758
73.5381 24.1831
81.5502 23.4253
80.417 24.0619
84.9527 25.7033
85.3711 21.5333
89.4584 26.6414
85.9274 26.3368
86.0297 23.4079
116.819 24.7429
118.238 24.9197
110.765 23.5747
115.695 24.4277
130.613 22.5498
112.541 22.6553
100.82 22.4954
100.82 23.7963
100.82 23.6884
99.0309 25.4446
99.0309 25.0802
93.0699 26.7394
93.0699 24.6628
100.946 24.4818
103.113 24.2909
96.9033 26.4895
96.8283 22.0391
96.8283 25.2459
91.0012 24.8645
92.418 24.787
83.2004 24.0558
71.1555 24.4933
69.3536 24.1735
71.0507 26.8428
78.2565 26.5908
75.978 25.7856
70.7288 25.8555
73.2485 24.7082
66.5978 25.8286
69.6399 27.2685
71.1099 26.0394
72.423 24.081
71.4107 22.8996
76.0121 25.5145
69.0603 25.1245
72.209 24.6313
79.2059 24.6463
71.6249 22.7268
68.9362 22.974
80.3923 25.5986
70.6676 27.1426
70.8113 26.2264
79.8698 22.6287
77.1761 26.0321
70.5131 23.5214
74.7095 23.9458
74.7385 25.6361
75.6852 26.3088
76.2502 25.0349
79.0565 24.7297
77.7975 23.2347
80.2676 24.7978
81.5131 22.3125
81.6218 23.029
74.3798 24.582
75.9096 22.0785
71.6382 24.9907
73.4362 26.196
71.3102 23.6571
73.6202 24.0794
71.6326 23.6671
73.0178 23.2821
69.1772 23.2602
67.5718 25.0956
63.3661 25.5475
72.066 25.2858
69.3682 25.3183
72.8482 23.8789
68.3546 25.6873
68.5423 24.2925
67.8048 25.8864
67.0849 23.7018
58.8444 25.5775
66.3593 25.266
67.3442 28.1004
70.6561 23.2848
70.6561 23.7777
71.6505 22.1167
93.3435 24.8987
75.0209 25.7037
78.2994 25.6809
70.6627 25.5594
68.8986 24.8652
71.8208 22.8577
70.5831 25.7558
70.9271 25.5263
73.6016 23.471
77.0676 23.4553
81.3442 22.4562
84.7905 25.9024
83.8147 26.2837
72.3144 26.2966
67.1738 25.8625
70.5895 26.2226
63.2148 26.6505
70.1415 26.7062
68.5724 23.139
70.195 26.4097
68.9637 25.5914
72.052 25.4323
73.8081 26.7993
69.8492 26.5771
68.9978 22.695
65.2253 23.8675
55.519 24.3844
60.8718 24.4982
63.0725 26.195
62.8926 25.7815
60.597 24.2799
59.9787 22.2072
58.7669 25.1279
67.2703 23.6806
65.5294 23.0858
65.121 22.1074
67.2886 23.8639
65.6231 23.7274
63.4206 21.9867
68.4235 23.3063
66.8693 23.4832
69.5201 24.6041
63.3395 25.3113
60.8824 26.2407
63.7009 25.6388
63.2895 26.23
62.1079 23.6219
60.908 26.789
59.2038 24.3178
59.5988 24.7812
62.4433 24.1404
62.0297 24.4848
65.6854 23.4347
73.1437 24.2868
68.2749 24.4785
68.61 25.6427
63.0044 24.3038
54.2316 26.3935
60.0637 23.5727
60.03 25.1888
75.1722 25.4032
65.0567 25.6295
66.7136 24.8256
70.0526 23.969
73.8955 24.1663
72.918 23.4782
70.6506 25.5983
71.2411 23.354
70.6486 24.7521
72.1378 25.2881
71.2463 25.9705
76.9054 24.9518
75.3093 25.2493
76.1309 24.5288
81.0107 24.0589
84.7433 22.5164
82.9719 24.7232
74.0134 24.6551
72.4641 24.2625
73.5362 23.2537
65.0937 23.1172
68.1427 23.9029
70.5375 22.9127
63.2837 25.4147
64.1887 24.7558
78.6928 22.5012
77.8759 24.9154
84.2239 24.9818
74.3686 21.2163
62.3757 26.7122
78.5941 23.9316
75.3901 22.2701
72.7901 23.0194
66.0557 25.339
71.4684 27.8333
70.4483 23.6176
66.0223 27.2748
70.5581 25.879
72.2344 22.3833
73.2005 24.667
72.6003 22.3489
66.3547 27.8885
75.3741 25.1398
74.5981 24.8346
61.503 24.5134
64.7309 24.4198
71.7651 25.9705
74.5732 24.7094
72.5068 24.726
74.0378 24.7319
66.8176 24.5254
71.8288 24.3549
78.5616 25.5078
76.5304 23.892
68.648 23.033
66.9468 25.0634
68.894 25.9339
72.9165 22.6012
73.1659 24.4339
74.383 24.3381
75.7376 23.5004
72.6628 24.1905
71.1981 21.4326
71.6479 23.403
63.3167 26.3998
73.2946 24.129
70.8477 24.438
73.2382 24.8615
69.6842 24.6788
69.6144 25.1397
72.2213 24.2932
71.2901 24.853
69.8125 23.9861
68.5686 26.5666
70.1006 26.2698
73.2243 22.9109
70.1432 26.3192
68.9669 23.9907
72.7761 23.9553
77.6371 25.4545
70.6619 25.721
69.9362 27.1279
70.0962 24.7797
69.863 25.7923
66.679 21.9042
64.0777 23.081
64.0777 23.7334
67.2997 25.8784
67.0439 26.1734
65.6494 26.3857
66.6863 26.0462
63.3889 24.4875
63.0277 24.6552
69.5963 26.0814
75.5989 26.2008
79.6823 26.4496
83.2962 26.5212
90.3327 26.3602
87.9627 26.3179
90.2209 25.62
85.3867 25.2429
85.3867 24.9835
81.772 23.7678
81.772 23.4646
77.887 22.829
79.5636 25.357
79.5636 23.2533
73.4746 24.6043
81.6963 24.1198
80.7626 25.1439
83.2578 21.7371
71.9303 23.7864
76.126 28.3653
75.7708 24.7433
80.8545 23.8032
85.7058 23.599
70.8988 24.9015
74.6409 21.8998
74.6409 22.3249
71.6439 23.6263
68.4362 24.1238
66.8196 24.1313
67.7391 26.9169
68.5589 24.3237
66.527 25.2219
68.4575 23.5028
66.004 25.3828
59.9364 23.5927
68.7452 24.4693
67.9724 25.2399
71.2483 23.2574
68.1496 26.1806
63.8318 25.1927
71.7633 25.7493
88.7788 24.4647
75.963 24.0327
75.3235 24.2472
77.4542 24.5352
67.1384 24.8253
71.5728 25.5411
68.5623 25.6807
71.6453 25.5401
65.1141 24.1981
65.2711 23.8215
62.999 21.7755
65.6836 24.2412
59.2202 22.6178
59.2202 26.4268
64.5861 25.3097
70.3704 25.5542
70.2103 24.6443
73.4384 25.4995
65.0918 25.7703
64.7021 24.4072
66.529 23.9315
72.6135 23.8552
68.6391 26.1626
71.0553 24.897
72.2854 25.4075
72.3049 24.1924
73.1831 26.3293
72.9817 25.5007
72.1226 22.4135
71.4901 26.9438
72.1328 22.9421
73.5968 24.0827
80.4085 25.027
86.9909 24.2305
79.6897 28.0429
77.9994 23.9285
72.4218 22.4761
71.9341 26.338
74.0956 25.2747
74.3504 24.4599
74.7856 23.3142
73.7877 27.2863
65.7878 23.3262
71.9819 28.0106
74.7319 25.1119
69.9761 24.5108
74.526 21.2197
78.1967 24.4822
79.533 24.3111
83.971 24.5249
70.2732 24.384
66.7023 24.2399
67.4402 24.651
71.6571 24.9917
74.2471 25.3277
63.26 23.1589
64.8527 25.506
60.7056 24.1252
56.8971 26.4756
60.9007 25.3013
64.9657 25.4719
65.3678 26.147
75.0383 23.5928
69.3263 23.1847
59.8203 25.2309
70.2117 22.946
71.8782 25.2104
71.0284 24.0841
67.1363 23.7469
60.7723 23.4594
60.7723 27.1796
60.2758 27.2654
63.4546 23.4695
67.6901 22.0574
64.5875 24.6648
70.0823 24.4232
78.1611 24.0612
72.4777 25.6676
72.8303 22.7403
72.8195 26.4045
63.844 25.1308
65.736 27.1317
77.2257 24.3168
82.8237 24.082
77.1495 24.6432
75.762 24.9691
76.5418 21.8488
71.923 25.6957
67.5855 25.164
65.5168 25.2755
64.3098 24.0796
68.2208 23.2103
66.7762 23.4353
61.9614 24.1941
71.0301 23.5548
73.2884 24.1099
75.8271 24.8808
80.1137 23.6682
68.8867 27.7486
71.4735 23.9348
68.0021 26.8398
69.8277 26.7015
67.3972 23.8756
68.9946 26.6923
71.289 25.1609
71.8932 26.1849
60.2551 25.7866
68.3778 22.2077
75.0143 24.4293
67.3448 24.2121
63.5791 25.7863
64.9805 27.0304
65.7121 24.9243
64.5665 24.3061
68.5665 24.4607
72.034 22.8855
67.8838 24.2315
71.0393 23.6438
75.1562 24.9289
74.7788 24.1077
78.2228 23.3918
76.0604 26.1254
71.4568 22.8745
67.374 23.2123
62.1512 21.5794
65.1881 23.7035
62.1794 23.6171
69.1295 24.0123
71.7117 23.035
71.7771 23.9824
74.5677 23.6415
75.1621 23.7705
69.1546 23.0495
71.1793 25.6441
69.3875 25.2613
67.487 26.7877
66.4762 25.4496
64.2498 24.3778
58.3576 24.8468
68.0719 24.5789
68.8317 24.4886
64.1416 25.5724
63.9754 25.4159
66.6188 25.7261
62.9836 26.1762
65.294 22.7105
64.6236 23.053
64.7354 23.9673
61.4023 24.5035
63.9932 23.8501
72.9336 24.7428
68.654 25.6137
77.2123 23.2084
79.7649 26.6477
76.6158 23.9082
70.1435 21.7076
72.806 23.2049
75.3127 25.1233
76.2484 26.2427
77.3421 22.0011
79.6235 24.0353
76.5139 24.6988
79.7691 24.572
80.5628 25.1466
87.5587 25.2167
87.8445 23.5007
84.227 23.0528
76.6296 23.7157
74.7654 25.2505
75.7194 25.0908
75.7194 24.189
73.5133 22.1207
72.4153 25.0526
82.4403 25.8901
74.5494 24.3045
87.8789 25.1416
83.1325 21.4482
78.8081 24.7689
65.6377 24.3924
65.6377 25.0532
65.6377 24.1685
65.6377 25.8851
65.6377 23.6236
62.8013 25.399
67.3551 23.8557
67.3551 23.3515
67.3551 24.8443
66.5156 25.1212
71.0529 24.2597
70.8066 24.4908
70.8066 24.1762
68.5095 26.0717
70.4374 24.5577
69.9703 25.7034
69.9703 24.6356
74.8207 25.5282
74.8207 24.7856
70.3994 25.2209
66.9906 24.2684
72.9909 25.0314
71.6069 23.611
62.453 26.4885
62.453 25.8306
65.9557 24.6417
63.8637 24.2899
63.8637 22.3492
63.8637 25.0852
62.1507 24.6572
65.6877 24.4874
60.7796 24.7332
61.9154 25.8139
60.737 26.01
61.0786 24.9708
61.0786 24.2364
62.7737 21.7798
59.7647 23.3759
58.3658 24.5551
58.3658 23.1284
59.7404 23.848
59.6157 24.403
69.9766 22.7715
64.3303 26.2749
63.2998 26.4344
63.0189 26.261
63.0189 26.5969
65.0757 24.3902
64.5992 24.7199
68.3556 26.1532
63.3796 23.7499
69.4694 23.7499
72.0236 24.2592
67.6135 24.197
72.2466 23.359
68.0217 25.142
62.7656 22.8589
59.2033 23.9103
57.3713 24.1975
61.9421 23.0185
61.3725 24.7961
63.9583 24.1756
69.3727 24.6097
70.7772 23.0829
66.6887 25.8873
70.0579 25.4273
70.9165 25.4408
71.5465 26.6145
69.619 24.977
77.9458 25.398
77.9458 24.1887
75.4036 24.194
65.8044 25.1182
66.6093 26.8732
62.2744 25.1714
59.9917 26.6928
61.7477 27.4452
69.5158 22.8879
69.9712 24.5434
71.1881 24.4805
70.0022 25.1209
69.2844 25.0003
72.5408 23.7529
72.3865 22.7169
77.0504 22.4425
77.0542 24.1819
87.5465 23.1308
88.7894 23.679
89.1361 21.9781
89.7893 25.8935
90.1549 27.557
80.4351 25.7539
79.1221 24.6844
79.9826 23.734
72.7491 26.6005
66.0546 24.9345
60.945 23.2211
57.2575 26.1633
60.0482 23.4927
63.2617 23.328
61.2705 25.2194
59.9178 23.6194
60.0831 27.3457
60.1683 25.0758
63.6946 25.0262
64.6998 23.9374
63.6945 23.6897
70.0403 24.3913
65.8607 21.3957
66.1628 23.7786
63.5942 24.3303
66.6523 26.4269
65.1086 23.0084
60.8019 27.5244
64.2531 27.0317
72.3339 26.6129
72.2971 25.8264
70.1538 24.9352
65.7688 25.7077
61.419 25.8617
69.0701 25.3062
71.0015 26.0053
70.8799 23.2371
75.3382 23.1409
75.1901 24.0783
66.9871 23.9708
69.2523 24.2069
74.114 25.4522
84.7693 24.5277
83.4827 22.1074
83.8613 23.5261
71.8566 24.3239
70.2194 27.4306
67.5781 25.1725
70.6664 23.1512
63.3312 26.1527
62.8398 26.6245
64.375 23.7521
56.8299 22.4484
54.269 25.2374
63.4569 22.7105
66.8476 23.0832
73.8946 24.1664
68.9187 27.4691
65.4935 26.5509
74.2248 23.6921
77.859 24.4396
75.025 22.9938
69.1605 23.8743
66.4601 27.7197
68.654 23.8216
64.4142 27.588
76.9925 25.1719
66.3274 25.2501
70.8536 27.1335
61.8681 22.617
59.5753 22.6749
59.5753 24.8563
60.741 24.9559
59.541 24.498
61.4081 25.5133
58.803 24.448
58.7497 23.9306
61.2324 26.6699
61.6871 26.6455
65.1209 25.9207
69.0993 23.381
70.3482 21.9611
65.3189 23.4732
66.5396 23.9415
64.6269 25.1078
70.1624 24.7041
67.9539 26.3065
65.329 25.8103
67.2105 24.2209
68.8088 23.9843
66.7992 26.1017
68.0694 24.399
70.8199 25.2011
70.5778 23.4695
74.4676 26.6943
80.2074 23.1023
74.7516 23.6804
74.4291 22.6034
79.7064 22.3851
74.189 25.9736
76.6999 22.8534
80.5148 25.2708
86.5518 24.8904
81.0976 24.1
82.9071 24.7242
74.5414 23.1857
71.0178 25.1847
68.5318 24.1158
66.9033 24.7846
63.9808 27.3502
60.1638 26.18
65.8731 25.185
65.7284 24.6193
71.4079 23.5224
65.1365 23.9724
70.6439 23.9883
69.1923 25.4784
72.6811 25.491
70.3447 24.3201
74.9336 25.7405
72.242 26.2876
69.9844 24.227
73.2788 23.974
74.9867 26.1255
74.7487 24.4813
78.9633 23.4054
79.0766 24.8055
72.2707 25.2635
77.8866 22.3874
76.6144 24.8506
80.3153 29.2022
73.1584 23.6845
74.093 21.9003
74.4982 21.8894
72.8195 23.886
74.0571 21.0864
68.5267 22.9378
70.5108 24.3966
71.9313 22.4563
70.3911 22.9417
68.301 20.0034
62.7286 25.4005
65.5989 23.2797
68.2192 24.9456
72.8811 23.3085
66.7417 22.7508
68.4238 22.7716
63.9604 23.0629
63.1796 23.9472
68.6524 23.1007
70.0314 24.922
64.4199 25.6376
65.4831 25.1685
69.4619 24.7033
67.9623 22.1338
66.9151 24.7731
69.8593 24.0074
69.5267 23.7072
69.7747 23.8309
69.0032 24.192
73.169 23.5804
73.6448 23.4623
69.861 25.5986
77.568 24.3737
71.4759 24.3034
81.4172 23.789
85.0886 23.6568
72.9005 24.5202
69.2362 26.9345
69.2362 25.34
71.1062 27.1276
70.4537 23.2836
73.0947 24.6326
70.876 25.4947
74.5394 24.8917
74.4479 24.5913
78.7866 24.8377
77.5369 24.3436
71.2945 22.096
75.4319 23.8753
69.6604 24.8407
67.9177 23.6417
71.9987 24.8074
60.421 25.8732
59.7828 25.5891
62.1027 26.2794
55.327 24.9542
55.327 24.225
59.5215 25.6586
65.9791 25.7274
72.766 23.2546
69.4138 24.465
60.1437 24.7982
60.4768 24.7088
63.5393 22.8644
66.0472 24.6018
59.5455 24.732
58.781 25.9891
60.496 25.4582
66.052 24.2544
65.5475 26.4623
66.647 24.4754
68.2612 25.5764
68.8996 27.7814
71.8618 24.2869
71.3863 24.8764
66.4805 26.3886
67.7148 25.5235
71.7437 25.5009
71.8463 25.4081
60.3661 26.7674
68.6564 21.7835
67.9676 23.2723
62.3223 24.4121
59.6755 23.961
61.828 26.5027
58.9646 23.5937
64.5427 24.7357
64.3981 23.3593
63.5425 23.9419
63.8372 25.0586
72.183 24.2052
65.5103 26.3047
64.8067 24.6906
62.4253 24.9646
73.8367 23.4327
75.3439 24.34
77.1757 23.4299
68.4642 24.7601
73.4348 24.1955
72.0649 25.3136
71.9875 23.6911
67.7435 25.6762
68.8771 24.4149
66.0985 24.3753
68.2376 24.5353
64.6009 23.2072
63.4611 24.2954
61.9481 24.3304
59.8713 22.1053
68.6838 23.6585
76.0639 23.7946
72.8336 26.5745
74.7292 27.0203
74.2096 25.1508
75.3008 25.8317
66.2205 24.014
66.6986 24.2094
67.3333 21.0741
59.0279 23.827
56.0837 23.3649
59.0351 25.4959
67.7769 23.5162
75.526 22.7153
73.9316 24.4581
73.5368 22.6149
73.6612 22.4188
78.7729 24.0757
77.4492 23.4561
63.5588 26.6899
72.631 25.2398
76.4816 24.5988
74.2229 25.3865
76.7911 23.3171
73.4734 23.7775
74.3112 22.3083
74.0989 24.1311
66.1662 23.7065
67.9177 22.8467
72.1543 23.7786
76.1883 23.8448
79.133 23.8978
67.9955 24.3572
61.9734 25.612
69.956 26.5951
70.3994 25.4359
65.527 22.8968
67.3679 23.207
66.1763 22.6276
67.6408 24.4998
68.3795 23.6007
73.9601 25.0871
80.5142 22.2017
74.0385 24.2283
74.3168 24.2202
74.0892 27.0565
72.9835 24.2696
75.3033 24.2823
74.9714 26.3222
74.4904 25.7314
74.182 23.2876
78.4457 25.6773
74.241 25.3456
73.958 22.8936
78.2841 25.9591
76.5655 25.4221
70.9003 25.283
73.1211 23.1156
76.0481 23.3516
73.3825 25.8904
79.9632 24.0881
73.1593 25.9212
63.0735 25.2965
69.0176 25.2719
58.5139 24.4341
56.2642 23.1941
57.372 24.6429
60.8582 26.317
67.792 25.146
74.7712 25.7437
63.7023 24.6042
63.9625 25.0377
62.6948 24.6686
70.5334 23.2255
67.3828 25.2782
66.1266 25.8181
71.463 25.1978
61.9966 25.0774
61.1623 23.944
58.6756 26.9181
61.4492 25.9941
61.3819 26.7988
71.3353 24.1831
72.6327 26.3598
76.4103 24.24
73.2754 25.9051
78.874 24.4369
87.641 23.4277
80.6954 23.6362
74.6557 23.4757
70.4914 25.4623
70.9746 23.247
69.7651 22.8001
70.2103 25.3787
66.975 26.6913
72.0565 25.3578
67.3991 24.5992
64.2019 27.3517
73.4691 26.0375
84.1257 26.0959
75.5622 25.1756
69.9597 23.1709
74.2151 24.9382
69.1179 22.7218
72.3717 23.1443
70.5176 24.2414
69.7714 25.6051
69.6659 25.029
71.3931 26.2154
72.1095 23.5655
69.27 23.0965
74.1122 25.1798
66.8184 24.736
69.1478 24.0516
72.5357 25.1153
72.6723 23.2183
71.5331 22.5931
72.2135 24.2609
67.9003 25.2045
68.1948 23.3029
65.4992 23.117
73.0316 23.5407
70.2829 23.324
63.5058 23.5029
70.0152 24.8672
65.1202 24.4548
65.5055 25.1239
61.061 25.0763
62.1465 24.0899
65.6756 24.3589
69.2487 23.9483
63.0724 25.8545
59.9388 24.9501
59.9582 24.1879
60.399 22.6116
64.3385 23.6834
70.5517 24.3865
77.0907 24.7651
77.4589 23.9725
75.5133 24.9174
83.9386 23.2934
75.3496 24.0489
73.6352 25.7542
67.6727 26.0546
71.4043 24.9947
73.2157 24.203
71.6722 22.4407
71.4279 25.323
76.3249 25.8373
73.633 24.3102
74.1871 24.6572
65.208 24.185
69.3618 23.3946
70.0066 24.2651
71.3316 24.4352
70.8662 25.2827
65.7268 24.3942
71.1847 25.1153
73.6247 25.014
74.388 23.4182
69.9486 23.6421
72.664 21.7943
71.3958 24.219
71.0722 25.2711
70.3755 25.2045
64.7997 25.3522
65.9943 25.3943
73.3938 24.1528
88.2369 23.6035
90.0454 23.3095
83.0862 26.4185
91.7933 26.1932
84.5579 25.1564
85.6239 24.5296
88.4673 25.3204
74.7343 26.1853
74.5401 22.5155
72.6647 24.3857
69.3887 24.9314
69.0517 24.33
67.1833 24.6289
74.3099 23.5669
67.5484 24.9205
72.7864 23.6393
67.5286 22.7742
62.0727 23.7675
63.4567 24.2492
66.7127 25.3093
60.2413 25.4958
59.7961 25.6789
65.0362 26.3228
64.9565 25.0382
65.027 23.3609
71.0576 24.6757
69.4162 24.5193
73.5808 25.1803
68.7869 24.6047
67.9718 24.4573
67.0583 26.2789
66.768 23.2644
66.9716 26.5869
65.5882 24.2549
66.0873 23.8975
68.4911 25.5608
68.2042 24.5915
72.3235 21.9109
70.2253 24.1334
66.6787 22.9412
67.0621 24.7747
72.2148 25.5709
71.4011 24.811
71.3226 24.4277
72.9158 26.5379
69.5826 26.5654
69.1108 24.6783
77.5378 24.1516
75.7605 23.7695
80.068 23.9993
68.0682 25.3206
60.8613 26.4904
60.8558 27.3364
85.7144 25.7473
89.4968 21.7093
89.888 26.023
84.1258 26.4683
84.8104 24.5318
79.4541 23.4634
80.3602 24.7001
82.8766 23.8456
79.8234 24.844
87.4151 25.2793
72.163 24.7981
71.9889 24.8868
77.821 22.8131
74.2636 20.5595
69.7469 23.5878
67.8589 24.7652
65.2821 26.9797
69.551 23.75
67.3859 24.3391
68.1125 24.8471
71.5955 21.0652
68.3157 24.7572
65.7693 26.0456
73.1932 24.1217
72.4706 25.4669
75.7599 25.484
69.0219 28.8787
64.2447 28.2369
59.2431 22.7335
61.0191 23.7861
57.6034 25.042
59.4546 25.0085
65.6837 25.3093
62.4102 24.6195
64.1534 24.3125
64.6577 25.8065
62.7881 22.6166
61.357 24.3569
62.655 27.0207
65.4321 24.3236
63.7581 24.5879
63.4805 21.8362
64.2887 24.1384
66.9392 23.8124
68.2567 21.6469
81.6388 25.404
83.2254 23.1948
75.4291 25.4659
67.859 24.911
70.8149 26.5658
69.6398 25.277
72.1145 23.7401
65.0863 26.399
62.0278 23.6617
66.637 23.5157
69.0619 23.6735
68.7987 24.9587
66.5052 25.2055
65.8486 25.8854
66.8645 23.0955
68.4311 24.6432
69.7716 24.1231
70.6324 23.3784
73.0711 23.5951
69.615 24.6011
76.802 25.8757
69.3768 26.7777
69.3735 23.5589
69.7845 22.4218
69.9017 24.738
69.6525 24.2902
70.4208 25.1096
67.1614 25.4464
69.4635 24.089
74.0421 25.374
74.6347 25.3079
70.459 24.6166
58.948 24.706
65.937 25.4427
63.9983 25.6926
55.9695 22.9378
57.3746 22.5912
69.2352 24.5699
63.3765 24.9965
62.7835 24.0369
66.6968 25.9093
65.9046 25.8033
62.1936 26.8941
68.0007 25.0256
68.8836 24.1789
73.5174 22.1405
71.2703 23.2927
66.1277 22.6418
64.8791 24.8418
64.2827 25.4378
56.3601 24.7058
60.0595 22.7419
61.7685 24.4328
60.3411 25.9294
57.4292 24.7478
62.0334 26.7982
60.8405 25.4808
61.4077 23.5823
56.804 27.9429
55.7814 23.3792
50.2696 25.6924
54.3336 23.1881
58.7769 23.6867
60.1768 24.3161
54.0445 26.2403
51.1466 25.433
57.6696 25.4997
65.9015 25.4128
64.8017 22.1697
66.0392 23.2554
63.9306 24.3967
61.5953 23.5938
66.408 23.5929
66.408 25.4213
61.6502 24.5969
68.7186 23.8004
64.1404 23.3288
58.5597 25.9884
65.1448 23.6584
62.2148 27.168
65.9181 26.5819
71.9696 26.5278
69.5187 22.7807
70.6 23.9823
66.3136 25.3611
61.9015 23.9648
71.9401 24.0159
74.2242 26.0127
74.2242 25.8204
65.7902 25.7807
64.9645 22.5082
65.858 24.4115
63.849 24.6925
65.1523 26.9091
67.1538 25.1029
67.4789 24.1392
68.7761 22.6885
69.9739 24.9069
71.0453 25.4368
69.2178 25.5921
74.2568 21.8035
64.8336 27.525
63.3437 24.7018
63.1676 25.4302
64.5297 24.4579
64.0245 22.4825
65.8399 23.9888
67.3945 23.7831
72.6945 23.5327
65.7317 24.0347
66.0345 26.2243
63.7827 25.3172
63.4741 25.9472
64.1645 25.6283
68.5439 25.8284
68.6579 20.1918
60.1647 25.2696
57.0837 23.5668
53.8179 24.8108
60.1748 24.9544
61.6699 23.6322
64.9088 25.3545
66.314 24.8865
62.3848 25.5214
69.8583 24.8843
76.3662 25.6271
79.4996 25.1656
79.0827 26.2153
83.1192 22.7826
80.5125 27.0621
76.3133 24.7589
74.8444 25.8003
77.2431 25.8642
76.2429 22.739
76.8241 21.9707
82.0652 24.4415
88.6181 24.8726
83.1561 25.0309
78.5183 24.505
74.3588 23.5544
76.1362 25.2841
71.2772 25.1257
71.3103 25.2457
66.2748 27.2629
64.1981 26.6326
73.5858 26.1453
63.6621 25.5035
68.211 24.1263
64.6015 25.6373
67.6664 24.874
76.4827 22.9608
74.5488 22.9875
79.548 24.2382
79.0953 25.4355
74.939 25.7937
75.0157 23.6957
73.8874 24.1574
74.4818 23.7477
71.7003 24.5406
71.4126 23.3527
65.6951 25.0906
72.9865 24.6599
71.6724 22.2981
70.196 24.7274
69.6285 23.1308
67.5478 24.4583
75.7128 23.422
75.5513 25.0036
70.6206 24.9345
73.8288 23.8667
72.9604 25.6058
71.2153 24.8618
69.8074 25.447
71.4956 24.0562
78.3461 24.3162
78.6586 24.4989
73.1601 26.5446
71.8094 23.8163
70.5569 22.8761
70.1551 24.9825
72.0425 24.8377
79.7461 24.2018
77.0496 25.9593
77.1884 25.0125
80.9404 24.6973
75.596 24.4109
84.8055 23.2536
82.7493 24.1948
89.9227 25.1052
84.319 24.2224
86.2765 23.2202
80.0499 26.1035
61.5748 22.667
64.5902 24.7474
71.5459 25.2827
64.687 27.311
72.7866 23.2718
79.2961 21.2889
79.3574 22.6498
77.6868 22.9499
73.1472 22.7758
75.3201 26.5446
77.9926 26.1621
77.3231 24.3631
75.1085 24.5152
74.8561 22.0159
91.382 22.0159
91.382 22.667
94.4827 24.3827
94.4827 23.7931
87.0508 23.2006
81.3937 23.0829
76.573 23.2838
71.9778 24.5797
74.6509 24.1215
70.7876 24.3197
76.03 23.4806
73.331 23.254
75.9853 24.6141
71.9899 24.4793
70.4184 23.1154
67.0973 22.7152
69.9108 24.156
71.0821 24.1423
72.4099 22.1346
74.5112 25.0687
74.8604 25.7863
69.0473 22.7304
71.717 24.0405
68.2325 24.4954
65.5639 24.4736
71.4406 24.4396
67.7648 23.1506
70.2961 23.4425
69.1963 23.9107
63.0996 25.6298
62.4798 23.3553
63.3177 24.7405
62.0291 25.0448
63.0818 23.8876
62.9732 22.9058
67.0924 26.3168
66.6221 26.071
60.1659 26.2669
58.4267 24.3669
60.1204 26.8
57.3537 24.306
62.1419 26.3747
61.7394 24.0965
71.0364 26.1205
64.5286 24.5095
67.5847 24.5949
71.9239 22.9689
70.4669 22.9119
70.2005 25.6848
69.372 26.1771
75.2249 27.5409
75.3375 26.4416
77.9065 22.3269
77.7748 22.5689
85.0146 24.6344
77.0369 26.3173
80.0586 25.1527
81.3962 24.3906
82.5437 25.074
78.9488 25.1266
80.1555 25.8152
80.9457 21.9189
76.6608 22.3023
79.1308 24.0857
79.6634 24.0469
74.2746 24.4643
72.3529 25.3867
74.8853 24.3643
67.0422 25.2486
74.257 23.7288
69.3344 24.3382
70.4792 21.7405
72.0098 25.3106
76.4705 25.2053
66.5717 25.6226
68.9284 25.869
71.417 23.9534
74.9531 24.296
64.1883 25.7816
67.8088 24.615
61.7334 24.3955
57.887 22.6885
60.3675 23.1094
65.6325 24.6067
66.5188 26.3888
64.3361 21.228
61.2525 25.3719
61.2001 25.4246
66.8426 24.0063
63.9611 22.8542
69.1699 23.7457
64.1193 25.7989
57.7373 23.7718
58.2994 23.0565
52.4162 23.904
55.4746 23.6894
58.1454 23.8851
60.4246 26.5283
57.6765 26.4893
58.129 27.5681
59.792 24.6611
64.7199 26.0559
65.207 25.4456
66.1587 22.4101
69.038 22.4269
69.6547 22.7561
71.2575 24.7242
73.5439 24.9947
69.1001 23.5763
67.5131 24.7122
67.5131 22.5459
69.1701 23.3629
70.8299 22.9659
71.3587 25.9812
68.5481 24.0689
72.2101 22.3676
69.528 23.8755
65.0001 26.8326
63.006 26.0223
63.2843 23.7598
64.8248 25.6229
63.863 26.2351
74.376 24.4851
74.453 24.2251
68.3856 24.6495
64.4417 24.7996
68.9574 22.3603
71.1249 22.144
66.353 22.9187
64.2422 23.5175
64.0566 24.5982
61.6014 25.1279
65.8367 25.6156
66.8514 22.9173
65.9532 24.2976
59.7218 25.5111
68.0102 26.2104
67.6587 23.0947
74.7137 23.5074
71.3695 24.9441
71.1744 24.7854
72.5347 21.8753
73.0001 24.8519
71.4858 21.0686
83.7991 23.0854
84.5763 24.8069
85.1629 21.2809
80.2196 23.8914
86.6635 23.1644
83.6483 23.1929
83.6483 23.616
83.6483 22.4824
79.1438 24.9833
73.0783 24.9387
80.0723 26.9433
84.9292 23.2076
79.9835 24.312
87.6903 24.027
83.3827 23.8899
80.3988 23.1933
82.5958 25.032
78.4902 24.2663
72.8185 23.8508
82.6694 23.7223
86.5934 22.3522
87.6902 21.8941
69.3426 25.2882
74.9483 23.4144
74.9483 25.9688
72.3602 25.4174
70.0407 23.1035
69.9753 21.5742
58.6895 27.038
61.2859 26.1471
66.3988 24.6366
64.5514 24.5409
62.8368 24.8163
63.3263 27.1763
64.7728 24.1086
65.899 25.3106
69.1443 21.0076
64.2012 23.4116
63.4646 24.868
63.7692 25.7977
69.0712 24.3417
70.7095 23.4598
78.3688 26.7357
78.8195 24.0114
78.4983 24.0208
70.8378 24.773
75.9894 25.6295
77.5179 23.2532
83.1654 22.4673
81.4142 24.2607
81.4142 24.2407
82.6169 22.7741
85.9879 22.5566
88.6625 24.5462
85.7402 22.1403
79.8705 27.1168
81.0788 24.2733
79.4133 23.7463
76.4501 27.5621
71.4409 23.7991
70.7195 23.1323
71.2868 23.6235
70.1099 24.3815
64.0638 23.9593
71.1751 23.4809
64.2364 26.5906
67.6676 25.4496
63.4925 28.3372
65.6134 25.5685
68.1349 22.0675
69.5854 28.3809
81.0406 23.9735
63.8004 23.2058
64.6894 26.1765
64.6512 25.3893
69.0473 24.5798
68.172 25.637
69.0747 25.3968
65.8748 25.1265
72.7057 24.1824
67.7391 24.6372
66.0415 26.2697
74.2766 21.7875
77.488 24.8279
68.7933 25.7135
70.8718 24.3489
70.9273 25.2026
71.1599 26.1419
70.5238 26.4969
67.56 23.7597
67.8586 23.5084
68.7024 28.3346
61.7681 24.7252
62.3085 25.9173
70.1876 26.3729
69.7458 27.0559
62.9644 25.3331
64.885 22.8435
63.6024 23.8303
71.4652 23.0331
58.9793 25.4894
60.9858 26.3639
65.0446 22.2857
67.6969 25.4359
66.1016 24.9194
63.7655 26.2158
71.915 22.9235
76.204 25.2288
70.7954 25.7818
76.0299 25.8281
87.2995 24.21
86.0788 24.0444
82.9394 25.0359
76.3782 25.0185
77.9465 24.7657
75.0255 22.9834
75.1813 25.5616
80.171 23.6999
79.7381 24.3709
81.6608 24.0251
83.0156 24.5484
77.6702 22.0119
70.8829 25.0438
79.4406 25.4463
75.1153 24.609
77.001 23.3578
76.2547 24.2956
75.641 23.0051
75.3466 22.3626
73.9811 23.5499
71.8033 25.7164
67.6448 24.2716
61.9761 24.5272
61.326 24.2781
63.2006 23.7134
62.1288 24.1508
59.7158 27.3435
57.5803 26.0672
55.3639 24.7607
55.3639 24.5169
55.3639 24.9829
55.3639 24.1011
55.3782 25.6994
55.3782 23.9315
54.3104 26.193
58.7659 24.8105
62.8184 24.9638
62.8184 24.7842
70.7619 23.8721
75.2018 23.8557
73.2817 23.9586
75.7074 23.6993
68.9657 25.0334
69.9085 26.6153
65.1346 25.7484
76.6714 23.0095
72.6851 22.8386
75.4472 23.7458
61.8478 26.3976
63.1617 25.459
60.494 23.7307
58.0717 25.6589
66.0571 21.9935
61.5126 24.0735
61.8441 24.3146
66.7936 23.6954
60.8146 24.2106
59.8871 27.5058
59.8345 24.8029
59.518 24.5843
67.5603 25.7506
72.0478 24.3414
71.414 25.9823
71.3916 24.7168
66.2243 26.233
66.5609 22.1238
75.5625 21.7559
72.8807 24.2163
63.4329 25.3121
55.9427 24.6542
62.2248 24.6653
62.6545 26.5792
62.6545 24.9193
63.6383 24.863
65.6703 24.9642
75.0835 24.9101
78.5086 24.8982
71.4799 24.9206
64.7027 24.9861
71.0387 24.1464
73.7612 24.1345
65.1249 25.8911
65.1249 23.7707
70.8346 24.7421
66.265 26.938
72.6794 22.7005
65.9397 25.2043
70.7499 23.672
69.5438 21.9952
62.8128 28.3415
62.9689 22.7659
68.1995 24.5292
59.872 26.1929
59.9747 24.586
61.1237 22.9136
63.9728 24.8122
65.7296 26.6465
71.5429 24.8375
66.7378 23.6609
69.1189 24.015
67.4964 24.0918
71.587 24.6414
66.1194 23.8647
69.6628 27.4824
65.5515 25.7055
68.901 23.9275
67.897 24.7311
71.504 23.8293
76.6574 23.6942
69.4123 23.7639
73.7795 24.1451
78.2321 23.1709
76.4282 25.423
82.3049 23.2101
72.9113 24.2662
77.9425 23.5209
77.9457 25.3996
83.9671 24.8852
72.2736 23.6447
83.4628 22.4855
75.4437 23.377
73.9139 26.3077
69.7776 22.4287
73.0137 28.6708
73.8683 25.0097
72.3482 26.3004
74.1578 23.9961
71.5014 24.1622
66.627 23.0967
68.5329 23.075
74.8481 25.024
70.0717 25.5679
76.804 24.0227
69.8697 24.0083
78.8074 24.4482
73.8861 25.0209
75.566 24.663
75.016 24.3752
81.4888 25.9234
82.8539 23.5668
78.8691 25.162
73.0223 23.8419
71.7235 23.5257
73.6166 23.3248
78.7151 23.9896
77.9854 26.379
75.95 22.1366
76.228 26.6544
70.6731 25.65
69.0876 25.6567
70.1887 24.4885
70.8934 24.9278
73.227 21.4379
73.5299 22.8209
64.1264 25.1108
64.0954 24.9617
65.657 24.402
66.6147 23.4192
66.5332 24.0881
66.4773 24.8588
71.2992 23.3804
65.7456 24.3196
66.1005 24.145
63.3618 26.7786
65.1756 22.2294
67.6697 23.9565
64.1437 23.5189
67.3504 24.1254
67.259 23.5918
71.293 23.0261
66.0142 25.4002
69.1415 22.7778
68.491 23.0443
70.2639 23.5114
67.8951 24.8953
70.4819 26.4919
74.9452 23.6542
80.0937 23.673
78.206 25.6911
85.7206 25.7771
85.482 25.4562
81.2131 24.7441
81.3352 27.1602
78.9204 24.403
73.335 26.6922
74.7796 25.6186
78.0472 24.4337
74.1837 24.1616
74.6752 25.7694
82.5744 23.3314
80.5006 24.1422
83.3077 23.5238
81.0382 22.74
72.8413 23.8886
66.9277 24.9552
70.9635 23.6764
73.464 24.6153
79.0707 23.2309
81.4259 23.2627
75.7061 25.1288
60.6303 24.3051
65.2138 24.8806
65.1379 24.2145
62.6353 24.2635
68.9543 25.0527
70.5844 24.2026
65.2531 23.9918
69.8587 24.5353
70.9632 24.717
65.3984 26.2515
67.5875 23.7263
68.4763 26.1435
67.4138 25.2543
69.5645 24.8432
69.2672 24.4077
69.2022 25.2191
75.9021 25.6326
72.8292 23.2703
75.037 24.295
79.197 22.9759
85.2803 24.2297
84.8815 24.1303
82.7276 23.7478
86.412 23.3407
87.3193 23.884
78.3026 23.461
75.4256 27.1713
75.3641 24.8474
84.4696 24.2131
80.6304 24.7548
87.3063 24.5424
95.1416 23.2312
89.5998 22.4315
83.3409 23.6482
88.8532 25.5734
88.8532 23.3971
85.1642 24.263
91.7877 23.1921
74.7048 24.1095
71.6111 24.6511
75.3052 24.3487
75.3052 23.8481
69.4096 24.7848
74.0269 24.7336
64.6381 24.1351
65.3756 25.1003
61.2244 23.0269
64.3983 23.8904
60.6422 26.3793
66.9208 25.1979
56.3471 23.6874
53.9239 24.254
53.2566 25.8029
53.2566 24.5737
62.8638 26.0656
61.1374 23.4529
60.1862 23.1823
61.1452 24.0424
58.539 26.5286
65.0259 23.0861
64.3238 25.0656
60.9714 24.9157
59.4613 25.607
61.553 23.4719
61.6728 25.2964
60.7354 25.5085
59.3287 24.9157
58.4938 24.8933
54.5326 25.0358
55.8441 25.0381
55.4368 26.117
63.3766 23.4477
63.8782 22.9385
63.3658 25.1602
59.7815 26.4654
62.6053 24.0309
64.136 24.3256
66.9465 26.594
66.9161 22.9336
67.3788 23.864
75.2721 23.9501
63.8368 25.9709
51.5189 25.8304
56.6549 25.4537
56.2963 24.0182
61.4493 25.0465
63.4013 24.3345
60.0005 24.2814
72.1281 25.9557
62.0794 23.8075
61.5573 26.523
57.8899 24.8638
63.2305 24.4055
60.2593 27.3935
69.2802 26.1532
69.1065 26.0571
70.6885 24.7017
76.9033 23.7453
80.4958 24.4529
78.186 21.2165
70.5776 24.3803
65.0249 23.5331
64.7119 24.2224
67.9884 25.1657
67.3766 24.4011
59.0817 23.2493
59.0817 23.727
53.9341 21.2606
60.8354 24.5666
63.8773 25.0347
63.6134 24.6511
65.7054 25.2884
65.2929 22.161
65.5096 22.9917
66.0541 23.8892
61.6673 25.2486
58.8341 25.4651
61.7445 24.1408
59.2736 25.313
59.997 25.405
66.6811 22.8604
62.6393 26.9495
62.7269 22.1129
62.7269 25.3969
68.6144 25.9034
78.1583 22.7008
74.6943 23.6649
76.5205 25.6612
74.2613 25.1403
76.6012 25.0768
70.071 24.6025
71.0925 26.7631
69.7146 25.604
69.4681 25.67
74.0232 20.9069
69.3494 25.5519
64.6227 25.3164
65.3531 25.0345
65.4044 27.3317
69.9009 23.0749
65.1393 25.4667
64.9656 25.9015
67.9549 26.3849
72.6231 23.4417
67.6704 25.2374
75.2882 23.8509
78.3158 26.0414
79.2951 25.7234
78.2089 24.2409
76.2578 23.6723
71.6831 24.0951
69.7254 22.3711
79.4235 21.7603
75.655 24.4632
71.2749 24.5951
77.7463 24.6143
73.7234 21.9716
74.9698 22.6978
74.5004 23.1981
76.3801 25.4541
80.0269 24.3917
65.5252 24.7742
64.6848 25.3529
66.6417 26.0283
74.1147 24.4112
78.2809 23.9374
66.5804 24.5115
70.9421 24.6133
72.4192 24.0397
66.0434 25.6037
65.9345 27.1318
68.7918 25.5093
68.2251 26.1207
75.9867 25.4224
79.6182 25.6816
74.8533 23.2886
77.4058 23.1706
82.98 23.7898
80.4982 22.3593
73.6412 23.6862
73.2506 25.722
72.1824 23.6415
71.3399 23.7805
68.8575 25.8923
70.8279 21.0983
71.0394 23.5495
66.1703 23.4118
70.1775 23.5464
68.7626 25.3251
73.4933 22.5071
74.805 24.713
82.9803 24.6379
70.9204 25.4187
82.3936 24.443
82.863 24.6902
76.5187 24.7231
86.4182 24.1839
72.3742 25.2481
65.473 25.1919
71.9724 22.2936
70.0161 24.2886
65.3038 23.8273
71.1204 25.5758
78.0495 24.1512
78.4913 23.4765
73.9749 24.1709
69.3879 23.7155
69.211 23.9239
69.8389 26.4304
73.5893 25.4446
78.0579 26.3455
70.83 26.0484
82.095 22.6552
89.7824 23.4775
99.5078 24.1305
89.4574 23.8298
89.0062 24.3075
89.0062 22.6711
89.0062 23.7801
77.0922 24.6227
73.8588 24.9167
74.9757 24.3916
71.7845 23.737
73.725 26.15
68.2426 26.3479
67.3437 24.8962
64.0205 25.2091
64.3178 24.9056
63.5256 25.294
65.315 23.283
67.7273 24.9636
70.6295 23.8078
64.0873 24.8725
60.4723 23.8605
63.2453 25.3051
57.934 25.5265
64.2605 25.0473
66.0657 25.0277
64.7435 24.3588
64.9161 24.1332
62.4142 25.1993
68.1303 24.5065
73.108 24.8982
71.433 25.3094
69.6026 24.3452
61.3002 23.2171
69.6 24.0752
64.7588 23.4184
70.4571 25.3251
57.879 24.1444
68.2459 24.2403
68.7538 24.1165
71.0638 24.167
65.8607 24.5547
65.687 22.6523
67.5436 22.7479
73.2258 22.3155
65.7962 25.709
67.2394 24.3984
59.8731 23.4737
59.8731 24.534
57.529 23.4796
57.4615 22.7413
62.2021 23.7533
62.6512 22.0404
60.561 25.4634
67.4154 26.0582
69.0525 25.4699
72.3569 25.2285
78.1017 23.1359
77.3209 23.9784
74.9749 23.3299
79.2458 24.766
75.9366 25.9832
77.3544 25.9832
79.7705 26.1846
72.3509 25.5193
74.1042 23.9387
77.3854 25.3616
77.8533 25.5008
75.7668 24.3701
71.6343 23.0183
79.2152 25.2952
77.4179 25.4194
82.0264 22.4032
90.5258 24.2314
80.5313 24.5348
79.5696 25.3648
77.0242 26.6115
76.4988 23.895
78.7818 24.1675
69.8396 24.1757
68.7054 24.2925
68.7054 24.3076
68.5415 23.7665
65.7078 23.4444
65.9665 24.6593
68.7238 26.2285
71.9961 25.9814
72.8958 25.1144
71.2023 22.7835
73.6006 24.9239
68.4461 25.8302
68.4461 23.3654
64.9042 27.3599
69.8277 27.128
63.1865 24.0501
63.1865 25.5126
62.9945 26.6
62.9945 26.9845
64.6298 22.9601
63.8383 23.3711
63.8383 24.9257
63.8383 22.7197
65.848 25.4134
65.5853 24.6105
64.8974 25.6572
57.6346 25.0736
51.6778 25.8224
51.6778 24.3622
56.7558 22.9127
56.7558 26.3112
53.2819 22.0982
55.8797 24.8645
61.0193 22.8141
63.6415 24.0641
61.3877 25.9575
56.6446 23.5947
53.4954 24.4249
66.9958 26.5404
62.0879 25.2706
59.514 24.6707
57.417 24.6187
63.1996 24.7089
65.4275 24.4388
65.4275 24.9809
67.7692 24.0684
73.2974 24.5781
66.7498 24.3475
72.2543 24.8785
70.1558 21.9785
67.3471 23.5693
66.3914 22.2495
66.5212 24.214
67.464 23.4833
70.4119 24.7091
72.034 22.829
68.6821 21.6837
70.0195 24.4865
65.5134 25.4362
70.0337 23.5555
70.9998 23.8548
64.3254 25.9713
67.6994 25.2377
66.8605 26.6043
64.6754 26.6109
65.5999 26.4387
70.0002 26.5244
73.4798 24.402
73.4798 24.8093
75.2526 25.6506
63.5317 25.7433
59.8454 25.0698
73.5718 24.8916
68.7655 24.3267
66.2664 25.2307
71.976 24.9417
79.6895 26.1275
79.4176 25.6362
83.8494 25.422
79.4297 25.4057
79.0986 25.0878
81.6017 23.7947
71.4678 24.683
71.4678 25.6516
72.5376 23.6511
68.4587 24.1457
72.6942 25.5117
68.2662 24.8165
60.59 26.8561
69.175 23.4001
64.8217 23.768
70.1277 24.004
69.752 25.5081
67.3432 25.1905
68.3346 25.471
66.7539 24.4661
64.8585 26.0539
64.5285 24.4678
64.9131 25.6454
63.8234 24.8856
62.3765 25.819
67.5802 23.3145
67.8842 25.5791
68.3289 26.3646
65.0469 23.4826
61.6096 25.8238
68.166 26.5055
66.6836 24.8041
69.8185 21.8287
67.9074 23.4006
68.7926 24.335
63.4942 23.9371
68.1232 23.723
62.2424 23.7032
61.9232 24.0169
59.7384 24.6798
66.7745 24.0662
66.2882 25.3035
71.5554 21.9792
71.6423 25.0828
74.0759 22.6424
73.1236 23.9229
66.7912 22.1859
65.2724 25.1646
63.8442 25.0624
68.91 24.2422
67.1332 22.8615
64.4188 24.978
72.6388 23.0122
68.2906 24.5038
77.3268 24.5532
70.7349 25.6635
72.3912 24.7873
75.3362 22.5846
68.432 23.281
59.6183 24.285
62.0266 24.1712
64.8987 24.3832
67.9142 25.6522
66.0352 26.1151
64.535 26.5039
65.7246 24.4555
61.0873 23.5009
63.3969 24.0281
72.5398 24.4157
70.6975 23.686
74.2948 24.3427
68.2959 25.9337
67.6163 24.8927
67.1173 24.386
61.7855 26.2143
60.2953 24.9052
62.9899 24.6199
67.6272 24.6591
70.5529 23.6547
88.2437 23.0495
88.2437 25.5311
91.8732 28.0819
85.5662 23.0588
79.8751 23.7797
81.133 24.6379
77.6065 25.4837
83.7916 22.639
78.6257 26.2986
75.269 22.8549
75.1003 22.4099
75.3866 23.7585
65.5419 24.0384
70.6852 26.6987
70.6238 25.8164
70.4673 23.4259
68.2686 22.3121
73.2545 26.1347
65.6484 25.7885
63.0204 24.5855
62.7822 24.5799
60.7438 25.1487
62.9659 24.8812
65.7573 26.6611
65.8005 22.9663
62.5131 24.1971
64.702 23.1296
61.0128 26.517
58.0997 27.1971
58.8532 24.568
64.2505 23.4522
62.8891 27.124
65.3156 23.9189
56.021 24.9723
61.0419 25.7463
61.7859 22.3905
59.9307 22.6675
59.2984 25.8195
59.482 26.182
61.7103 25.5796
70.7414 25.4755
73.6307 25.2488
69.2221 24.8721
72.5996 25.3899
76.1011 24.4517
73.4896 24.4712
73.5293 24.7252
72.7067 23.798
70.1012 25.0712
69.1531 23.4456
70.0926 24.6549
64.7136 25.9612
68.0843 23.1672
72.9597 22.0003
69.4276 22.8768
72.3715 23.3802
72.2217 24.0905
71.0133 24.3122
70.4534 25.6468
70.3638 25.8665
68.6781 25.1517
66.4535 25.9015
73.1984 24.2233
70.5378 25.4682
72.9736 24.3336
70.7571 25.6608
72.4162 23.6812
72.1915 22.4803
71.4451 25.7104
80.9138 25.9809
81.1445 23.4362
72.2772 23.43
77.7925 26.4752
74.9221 24.445
70.3449 25.6544
65.5817 25.6405
72.7845 26.2486
69.9774 25.4575
63.5631 26.4266
64.7257 26.3745
73.9857 23.8126
71.5166 25.3004
72.5355 24.1369
69.2694 24.6758
71.7761 24.6741
72.8286 26.4293
75.3252 22.5536
74.7625 24.0993
74.7625 23.6323
76.8396 23.3703
72.8491 23.1879
71.516 23.9611
71.2372 22.6791
76.1 22.049
77.506 23.9868
67.6757 24.273
66.6384 24.3547
58.5577 24.4388
64.2247 24.7736
71.8313 24.5808
69.1395 23.5579
76.3289 24.1986
76.3289 24.3387
72.4185 24.6481
70.7645 24.3281
69.7939 26.0562
70.1847 22.1713
76.4962 23.0894
74.1931 24.6347
68.2648 20.2617
76.2026 23.2626
71.6658 25.0919
72.6512 23.8351
75.1629 22.7342
78.2382 24.0686
69.8708 23.3977
71.9435 23.5454
69.0049 24.2615
69.7292 24.7679
71.1656 24.8095
74.6502 23.3893
70.1765 24.303
65.4387 23.8347
71.7521 21.4264
72.5735 21.7715
71.3367 24.1654
79.8951 24.9974
82.4712 24.9033
89.9652 25.6092
86.9018 24.4398
90.767 23.4393
91.3564 25.0658
91.3564 23.4292
91.8933 25.3846
82.5584 24.2972
78.4279 24.7014
86.9889 25.5973
83.7331 24.6972
71.6551 27.2567
71.412 24.8697
79.3192 26.327
72.1322 22.6271
67.5641 24.6796
69.8775 24.1654
73.3251 24.731
69.3292 26.0026
69.5306 22.5383
73.0261 22.8805
78.5732 24.306
64.5206 23.5073
63.7997 23.6506
63.7997 24.9658
70.4386 25.9373
66.2204 22.2129
57.984 25.5405
62.7124 24.8184
65.373 23.7836
62.0279 23.7836
62.0279 23.0851
68.1997 25.0502
66.3898 23.5708
59.2107 25.2406
57.5652 25.0882
64.6862 21.6436
68.874 22.0153
71.1669 22.5216
69.2558 24.0828
70.4629 20.796
70.0139 24.8284
72.1021 23.3988
70.0422 23.2739
67.6389 26.3034
65.5353 25.7864
61.9193 23.8277
73.3377 23.2715
72.6894 24.08
70.9363 24.1309
73.0938 23.8253
77.5783 23.5789
78.3919 24.4914
71.8174 24.3817
72.6213 23.3487
74.0969 25.39
73.5123 27.7397
75.8409 23.5376
77.2784 24.9028
69.2146 25.1808
68.4755 26.5977
70.9862 26.4489
70.2527 24.1573
71.0367 24.6468
66.8964 25.0557
75.7401 22.2037
72.925 23.5943
66.215 22.0959
61.5197 25.8881
59.9036 27.7639
60.594 22.1269
65.2925 24.7133
69.2143 26.3051
70.8094 22.775
70.2042 26.0972
79.919 23.3418
77.8959 25.9187
81.3667 23.6983
79.3553 27.2942
77.9917 24.1298
77.0814 25.1335
79.5713 23.0432
86.0729 25.2546
89.2673 22.6772
87.9897 26.7523
92.7726 23.3433
83.9164 25.7322
75.7247 24.3747
81.2322 24.1311
82.3102 24.4866
81.8762 25.4067
82.6021 24.1511
75.0773 24.5512
76.4422 24.1885
72.2346 24.9652
67.9106 23.7459
66.0067 25.8118
64.4456 25.1027
64.845 26.7317
71.4369 25.2855
77.488 24.9561
75.4886 27.4348
81.1606 25.2358
81.1177 24.4981
81.9616 25.266
82.3782 25.4351
82.0892 22.077
84.8548 23.1295
79.3053 25.8475
84.3031 27.5271
86.2738 24.0081
90.1584 22.8802
91.4957 23.3585
82.7427 24.029
82.0656 23.3583
85.1933 23.2132
89.7786 26.4002
82.0789 23.1295
84.6672 24.201
87.7931 24.8566
90.9963 24.2231
77.6965 27.9261
78.6904 25.5045
92.6476 21.2738
80.4448 24.854
85.99 23.255
67.2559 26.3384
67.6271 26.1862
68.7751 23.9385
68.5474 27.728
66.1338 22.7773
66.3667 24.8806
68.4106 24.2837
81.1808 21.7833
78.395 25.335
78.1971 25.3875
78.6629 25.7412
79.432 23.7843
71.4978 23.6243
71.4978 23.141
75.4507 26.1481
75.3392 25.1736
70.97 23.6087
75.839 24.0534
77.3644 24.6517
74.0182 24.6718
73.7561 23.8505
74.2922 25.9188
80.9384 24.7614
77.3751 25.0259
71.4282 25.4299
75.3503 22.8963
71.2745 23.9973
73.2573 24.3903
73.9024 23.7209
67.2815 24.054
76.5465 24.715
72.8357 25.8571
71.5494 25.2103
72.334 24.3703
72.3209 23.2427
65.4453 25.4737
64.5942 22.5587
64.119 26.5446
67.2719 26.7005
64.7608 24.2351
60.8023 25.6614
60.8023 24.8953
59.7937 22.4245
57.2269 24.4074
66.0073 24.407
66.9835 23.8118
70.4821 22.7657
71.3062 25.344
59.1307 25.2116
61.706 25.1875
59.7897 23.7832
65.2372 24.5546
62.413 24.4733
67.9208 23.6696
73.6654 24.3598
68.8135 25.8952
69.7263 23.4818
73.6378 23.732
75.6697 24.0021
69.4986 24.3374
70.5626 26.2271
64.8799 25.8095
67.8216 24.8761
59.6985 24.9507
61.9075 22.7473
60.1565 24.9345
66.0006 23.3821
63.4889 25.311
71.7563 23.9667
70.185 24.556
73.5956 24.4253
67.7514 26.7731
69.2741 25.9543
73.4645 23.3935
73.2531 24.6326
72.7478 25.8607
65.33 23.5148
69.0685 22.8533
70.9544 23.8536
66.6511 24.6169
59.4573 25.659
60.2546 23.477
62.2872 24.6115
73.5274 24.4025
70.5272 23.2637
75.6947 24.2974
65.8882 24.7101
64.7554 24.8362
67.8257 25.2135
62.4312 24.4683
68.6679 23.8686
67.6476 24.6364
74.8346 22.3466
70.2021 25.5655
69.6658 25.2223
68.1108 24.5736
68.3087 24.7159
63.482 24.3576
68.1937 24.0955
68.7174 24.0432
67.9783 24.6281
66.0734 24.608
62.881 24.6899
63.5538 24.6375
65.5468 25.4755
67.4698 25.7068
66.1404 26.2011
68.612 24.8889
57.9586 25.6193
56.1046 23.914
58.6904 22.9774
61.4422 24.6447
66.5225 24.294
68.5385 25.9802
68.7435 25.0741
66.7859 25.0356
67.8549 25.6624
75.4139 25.9457
71.3834 25.7104
76.2796 23.4992
74.3469 26.2593
71.0174 25.7894
67.451 22.5859
59.3371 27.5803
69.8814 24.4522
70.2649 25.0533
64.7411 23.1262
66.4862 24.269
65.6846 25.8095
63.3041 25.1463
64.6213 24.8179
65.6496 26.2476
65.6393 23.4958
69.7548 22.8022
75.5882 22.8638
78.8948 24.5505
79.5977 25.9342
73.4726 25.1212
69.1851 24.8807
64.6523 24.8591
69.1547 25.3083
69.5062 25.7451
76.8291 23.0992
76.5404 24.9672
74.6002 25.1843
61.2687 25.5796
68.5849 25.4981
67.1567 22.866
65.7091 26.2356
66.4014 25.2544
70.7176 25.5389
65.9786 26.0143
71.9688 23.3936
74.5462 22.6207
71.0363 22.1897
75.518 23.6798
81.7087 22.8177
73.2021 22.1013
72.7724 24.8991
83.3382 26.4857
78.2429 23.2956
84.7255 24.9961
69.8982 25.6682
78.8301 23.7627
78.8301 24.9302
77.8376 24.3926
77.8376 24.0342
72.9205 23.8599
72.9205 24.5264
72.9205 25.3271
72.9471 24.8733
72.9471 24.6678
71.6339 24.0487
69.5028 23.7059
69.5028 26.3656
67.0439 23.1831
68.2718 24.5316
64.1598 23.8924
64.1598 26.8968
64.1598 25.2551
67.2359 25.0149
67.2359 25.2388
62.5855 25.1567
71.5471 24.8828
71.5471 23.4413
66.0921 22.5628
66.0921 22.6503
68.3839 23.0605
74.6947 25.3219
77.116 22.7011
77.116 21.3858
77.0283 23.6764
70.4566 24.7551
70.4566 23.8553
69.9631 23.1931
70.0907 25.0463
66.8703 23.7624
66.672 23.2815
71.0771 24.4242
75.3088 25.15
75.0998 26.3847
71.7969 25.6464
72.3389 23.4615
70.253 26.0168
60.9511 26.2308
60.9794 23.8961
65.4725 23.632
67.7951 22.7104
67.7189 24.901
70.893 23.4445
75.7229 24.9075
69.3878 21.5557
70.613 23.6301
68.5317 26.0739
66.6563 24.9881
68.5135 23.0397
65.3294 22.0831
66.4437 26.0846
81.3774 23.9844
72.3343 24.2348
73.6228 22.3385
81.7559 23.2818
74.1007 21.5068
72.9598 25.7151
73.0687 26.2683
73.8685 26.1108
69.7132 24.7898
74.6545 23.0131
66.834 23.072
66.4573 22.9913
70.5201 24.7599
65.7489 28.6819
72.4366 25.2408
73.289 25.7234
78.5584 26.3703
70.7145 25.0011
69.6097 27.1403
71.1962 21.7506
68.498 25.2648
69.8359 26.3711
67.0983 25.3983
67.5008 25.3144
66.8671 24.1185
64.787 23.9141
64.787 24.0332
63.4957 24.0342
65.075 23.9333
65.075 24.0522
61.1859 23.9098
61.1859 25.129
63.3762 24.4725
60.2222 25.4927
66.187 24.4488
69.1636 23.8348
69.1636 24.2119
69.1636 26.67
61.3878 24.0326
66.175 26.6303
60.609 25.2492
63.4879 25.5586
61.4937 25.579
58.7627 25.3637
62.1891 25.2751
61.2883 25.3322
63.31 23.4084
62.4844 23.8759
60.2237 23.5975
64.707 25.1037
63.3567 24.9202
56.5476 25.5051
61.6981 23.5419
58.7483 24.8674
63.1403 24.7473
65.8048 24.4513
68.1234 23.4865
62.9403 28.0239
69.3897 22.8843
72.5219 23.2116
70.06 22.9603
65.669 24.8936
65.2402 25.457
65.506 23.269
65.1572 23.4462
65.6639 23.999
69.5135 23.5685
71.0475 22.6332
70.5955 24.2168
68.4079 22.925
67.9454 24.2269
69.9918 25.7156
76.5231 22.4547
73.292 22.831
68.5497 23.9362
74.6132 21.0199
78.3611 23.414
82.4825 25.6385
67.134 25.9661
72.8471 25.211
64.9097 24.64
70.6891 25.0966
82.7024 24.2026
86.3449 22.1246
77.614 22.4515
87.3311 24.2103
88.1084 23.0018
88.1084 24.9854
88.1084 24.3207
90.8383 24.2004
88.0209 23.6709
78.9077 22.4632
79.3532 22.8848
90.0066 22.6432
86.4072 21.3373
88.5658 23.2675
71.1041 25.9816
73.1712 24.8971
74.753 24.863
77.8305 25.2407
70.5717 25.7791
64.2489 25.1641
63.5811 27.3967
63.5329 26.2286
68.5551 24.4219
68.2337 21.7187
68.704 24.3361
72.319 25.5998
67.9816 22.4402
66.2574 26.1228
72.1836 20.5163
68.3021 22.4176
76.6448 23.1834
72.5899 23.2272
71.3621 23.2533
70.2213 23.3788
77.4373 23.8804
80.1083 24.4913
75.1024 24.6071
84.0005 24.6328
89.7932 25.0692
90.535 24.2837
90.535 23.9067
88.7625 23.4632
91.842 24.6124
87.8986 25.9312
97.6826 24.1122
97.6826 23.6945
97.6826 25.4425
89.809 25.8767
78.4824 21.8788
70.275 26.1699
65.7866 26.2166
75.8695 25.6466
69.9263 24.3589
69.9396 24.5684
70.0254 25.3357
75.9678 25.7229
67.3094 23.7574
62.7543 23.4137
63.9881 23.3952
58.5244 25.8834
65.6123 21.1801
64.4796 24.1924
60.4153 25.9624
54.565 23.5793
54.742 23.4793
58.7109 24.2911
58.3019 25.2883
55.6038 22.4773
56.3939 24.4173
56.8715 26.3906
61.8186 24.7412
60.1423 25.2572
68.1395 24.6546
69.4438 24.1843
71.4861 23.6191
65.6507 25.1183
62.2137 24.1157
62.9695 24.4086
64.0712 23.2918
63.6969 22.1155
66.1135 23.4977
66.5758 25.3015
70.1402 24.3301
71.6041 22.9837
71.2359 24.2403
65.7381 22.9769
67.9229 25.1999
62.9433 24.4203
64.6911 25.6675
70.9021 25.982
75.68 25.4322
61.1798 26.1873
65.031 24.5551
65.7381 24.5946
69.4355 24.115
74.5734 23.3212
77.4669 23.0939
78.384 24.7884
79.5985 23.162
77.8388 23.8364
76.3315 23.6264
78.2061 20.6281
75.1719 26.3311
69.9524 22.7696
74.9536 23.5892
77.2232 22.6122
72.5257 26.1787
73.01 25.196
72.8034 26.6191
76.3336 26.1962
77.168 22.6354
73.9802 23.4564
75.0379 23.4432
71.9329 24.0229
75.6188 23.3267
70.1879 24.662
65.2226 25.4212
71.428 21.8866
68.9885 25.6512
68.142 24.7786
71.7237 24.2624
70.6341 25.2228
72.2845 25.3296
73.6611 23.1028
74.2724 22.8161
73.2967 25.2436
70.5567 25.0181
66.7636 24.5982
80.8963 24.059
70.2162 26.9708
74.2018 23.515
72.652 25.2098
76.7956 24.0978
72.6135 24.6917
64.8696 23.6323
71.1385 24.4039
70.4431 23.5968
75.0291 24.5423
62.7528 26.5064
69.647 25.1537
72.6394 26.3283
70.7766 26.0668
68.4032 26.5706
69.9085 24.3182
74.7263 26.9985
75.5996 24.3748
74.3259 26.4972
73.8891 27.8091
72.1721 24.006
68.6308 24.804
66.0304 21.9643
66.3362 25.7187
67.1726 23.8488
70.2907 25.541
67.8451 24.3095
68.346 22.1688
67.7212 23.7046
73.01 21.8533
78.6414 22.1653
75.3632 23.8743
74.0199 22.5309
65.6753 23.3906
65.1918 23.7991
67.544 25.9229
67.3014 25.4803
68.9549 24.504
68.7424 24.1529
63.4205 25.2664
65.5206 24.8572
66.5742 25.1582
70.8505 24.9683
66.1975 25.1583
70.0209 26.6725
66.9497 23.7039
68.3374 25.851
68.5209 25.7786
71.9616 23.7277
71.7898 25.4806
69.2407 24.901
71.1269 24.8916
73.6785 24.9132
73.5538 23.5996
67.1964 25.9138
69.6513 25.5182
71.0659 24.9465
69.3692 26.1597
61.9095 26.6651
64.1873 25.1496
61.232 24.5052
65.2877 26.4367
62.173 24.07
59.1223 23.1264
63.7993 25.7527
66.8451 25.5899
71.3607 26.9424
64.4965 24.3616
68.8243 24.0463
69.6434 23.3083
71.4068 26.0163
73.2825 26.5443
73.3161 26.4121
77.8602 26.2206
68.2099 26.1382
71.6031 24.1655
74.7951 26.2656
74.2616 24.1716
70.4475 22.8142
75.7404 26.3693
67.0464 24.9128
70.9411 24.6458
61.9904 22.5872
60.197 24.3109
61.9651 24.3822
63.7289 24.4675
61.1966 23.0667
60.0949 23.1661
60.635 26.6241
62.7379 26.6695
62.8614 22.5361
61.6222 23.9911
62.5276 25.1811
64.933 21.8152
71.5485 25.9958
64.7304 23.8871
67.3909 24.0748
67.6648 23.7617
74.682 26.5143
73.4022 26.0839
69.0293 24.9509
68.9331 24.1662
73.9392 24.6246
72.8376 23.0083
78.5354 23.7318
71.7157 25.1211
70.2415 23.8054
76.1536 23.9313
74.6264 23.6673
74.8161 24.7525
75.5063 24.8514
74.7581 24.6249
71.6962 24.7101
70.9579 23.5192
71.0665 22.2484
73.4746 27.5891
82.0392 23.3243
88.6621 22.8991
88.7356 22.6491
82.2039 23.5212
74.991 24.9399
72.6393 25.1708
69.9117 22.775
68.6947 23.8195
69.2745 25.5952
66.7518 24.0369
64.5984 24.8287
61.9083 24.2162
59.0759 25.7784
59.9726 25.9088
58.32 25.6413
67.0948 25.1019
66.2125 25.0645
66.5394 24.2879
68.5526 25.1116
65.0674 25.6753
67.2954 25.3478
71.6056 25.8297
69.5595 25.9951
69.509 26.3783
68.8784 25.2457
70.0475 26.7133
71.6354 25.8575
65.0112 26.099
65.2683 23.3752
66.5727 24.8124
57.9688 25.1044
77.2329 23.5043
83.5455 24.7753
75.0487 25.1487
71.2664 26.733
67.9204 22.7112
67.1713 23.603
62.239 24.6262
66.0288 23.7111
67.1077 26.2262
67.2985 23.2542
75.0032 21.923
69.4012 22.5625
65.3808 25.3678
72.6764 27.3119
69.4947 24.0417
70.5248 23.5795
66.062 23.8889
68.4962 25.8041
70.5925 21.3433
71.6512 24.5933
67.1528 26.2355
74.1691 24.2521
67.5799 26.0041
70.3394 24.2547
70.0622 25.4056
61.5714 24.0802
60.3593 25.3357
62.2622 25.2217
61.5059 26.8777
59.7032 23.2878
64.2699 22.0529
68.9337 25.3786
64.6145 24.0803
67.7032 24.0299
69.481 24.435
60.2177 27.9948
69.0826 24.9851
77.3959 26.1184
83.3634 21.6774
75.9314 23.709
79.5744 24.6934
80.9471 25.377
80.3093 24.7465
83.0731 26.4398
83.0731 25.1825
86.1961 26.7316
87.6397 22.7916
85.0392 24.6783
79.995 23.9625
82.0165 24.0316
86.1326 23.8699
87.7984 24.8485
81.4452 23.0928
71.3418 25.9168
69.7881 24.932
65.1888 25.394
67.2871 24.0755
66.6962 24.4814
65.0212 24.0286
62.4571 24.79
62.2427 25.0628
64.0409 25.3327
66.4012 25.2838
70.6248 24.9099
68.9707 24.8143
69.4774 23.9932
68.0662 24.2648
68.0304 22.4749
67.5584 24.3075
66.7484 24.6572
72.368 22.4065
77.4994 24.8872
71.3903 24.3608
81.2025 26.3198
82.5369 24.2886
77.1019 23.9399
72.3845 27.261
72.1414 24.929
82.952 23.8527
83.0487 24.7025
79.422 24.7843
76.5217 25.4033
73.2167 28.322
75.1928 22.3553
73.7433 23.6495
76.4486 23.7942
70.5027 27.4429
71.3761 23.8948
72.2905 22.746
76.2776 27.0272
71.712 24.4636
64.4055 25.5774
66.9641 24.2596
68.2808 24.3842
70.9977 24.6891
71.3039 24.2338
69.6225 23.8793
68.8169 24.7276
70.5972 25.4203
69.6867 24.6015
63.8824 26.0056
67.3695 24.0084
80.2136 21.9959
74.0479 23.2179
71.0609 24.8501
73.1728 25.7998
75.5365 26.9442
74.3975 26.8285
75.757 23.5202
70.9055 25.2954
71.0342 25.3873
72.0545 23.6635
73.6356 23.302
68.7304 24.0887
72.231 25.4912
82.625 25.2569
69.5571 25.3564
77.6451 25.5629
72.3818 24.2328
68.9322 25.6198
64.0918 25.6833
62.9923 24.5735
57.2539 25.1334
60.367 24.8048
61.719 24.2794
59.2021 25.05
60.3276 23.1128
62.7625 23.691
63.1071 23.7179
63.0811 23.2357
64.0904 25.1058
58.7225 25.5174
67.6804 26.0046
64.0209 26.0325
62.7229 25.0075
65.43 25.7526
69.6173 23.4212
64.4112 24.9689
63.3648 24.5981
69.4125 24.8014
66.2351 21.8028
64.4011 23.5258
62.4042 25.7062
66.1927 25.8302
66.6492 24.0867
68.4022 23.3815
68.2412 24.9552
71.4326 23.4606
68.0255 23.6533
67.6042 22.9814
70.8763 23.0125
74.2877 25.2317
76.8211 24.2099
71.4395 24.5665
70.3855 24.2536
68.7855 21.9044
67.5601 23.5923
68.5503 23.7551
68.4368 26.4743
74.2784 25.0532
67.7889 24.8765
77.3223 25.0148
69.784 25.6798
73.1642 26.7766
69.1055 23.3232
68.0437 23.044
67.354 25.8629
68.3138 24.23
69.1056 22.0705
68.5738 21.5863
74.2208 26.543
79.2501 27.3284
71.6475 23.3979
77.389 25.7583
71.243 25.6734
71.3491 24.7297
63.5811 26.3041
69.8407 23.3168
69.1135 23.5597
71.1372 26.0333
75.847 24.095
72.5602 23.4816
69.4025 26.2968
68.6122 24.9041
67.5091 27.6883
75.7565 23.068
77.234 24.593
72.4595 24.9269
66.3551 26.0738
67.3601 23.5102
71.9008 24.8917
71.0016 25.633
72.1276 24.3091
68.1414 28.1028
67.044 23.7034
71.9553 23.2785
72.5196 24.8902
71.5836 23.5011
75.9656 24.0284
70.8131 25.4087
69.8408 23.7838
67.1502 24.9044
62.0648 22.5147
72.5308 23.8996
68.0467 22.9446
69.8979 22.7706
65.936 22.9377
65.4978 22.1944
65.3814 25.4237
64.204 25.438
62.3839 24.8601
58.0488 24.985
72.1173 24.0615
73.7068 20.9098
68.6402 22.7491
61.9578 25.0947
58.1415 26.6292
54.8955 24.9334
52.0032 25.7888
55.8932 23.3015
56.8901 22.8383
50.3778 22.7976
50.5766 23.8766
56.5524 24.9778
59.2406 25.9794
53.9353 27.1439
60.1937 25.3855
66.1769 26.3636
69.7365 22.2022
71.7201 24.8696
59.2207 24.9748
66.4405 24.2738
61.0247 26.386
60.8471 24.1991
62.6542 25.1532
67.8741 21.6028
60.6908 23.4081
61.2889 23.4926
62.6638 24.0333
59.0208 24.4422
59.0289 26.824
74.7246 23.8714
75.2419 22.9943
68.5571 23.2359
67.5954 26.0803
55.8128 26.1878
59.5773 24.7798
56.7804 23.5316
60.3388 25.8951
64.9114 26.6622
61.4192 23.1651
71.4074 24.3184
73.1905 25.0785
78.2478 22.9869
67.7344 25.1942
69.5409 25.4272
69.9665 22.6949
67.3209 23.5836
66.1214 23.5406
67.6813 24.4531
70.9585 26.4141
60.5561 25.4966
68.4901 25.7438
70.9984 24.4007
83.9312 26.0756
80.2557 23.106
78.8597 22.9811
76.6744 23.3448
68.1385 26.9802
66.2753 23.974
66.2753 24.5848
62.4737 24.7042
66.9806 24.0351
73.5163 22.0327
70.3453 23.4591
68.1688 24.2575
69.8515 25.2509
64.0229 22.8787
64.2792 27.0259
70.2789 26.2696
74.5329 23.4515
83.6217 24.3381
72.4422 24.6171
64.8848 22.5339
71.3351 21.9888
76.8308 26.1533
78.6953 25.5999
70.7621 25.4714
79.755 25.2891
82.5299 25.187
82.0125 22.7041
89.6579 24.8584
86.4186 24.8182
84.1505 25.896
80.6076 26.8959
75.9439 25.5949
66.5247 27.0571
70.8696 24.5475
75.5931 24.0384
68.7744 23.6354
64.234 25.3241
61.6732 24.4358
67.2787 25.7217
58.8445 26.0923
60.1975 26.0859
66.0506 24.2238
64.1344 21.1527
64.095 26.7699
64.0504 22.2085
64.0119 24.1702
65.261 24.0115
64.972 23.9375
64.7855 23.9513
65.5245 23.4215
65.947 25.3054
70.1811 23.6342
68.5283 24.3523
66.0241 26.2633
73.5955 22.5748
77.3139 22.944
77.062 22.5457
73.6665 22.7968
72.5279 25.2111
73.6419 23.5692
70.2095 24.5609
73.2081 23.723
82.7136 23.92
77.3948 22.2144
68.887 25.2979
68.7035 24.6485
76.8668 23.327
79.5664 25.437
79.5664 23.6362
86.2409 22.6395
92.6757 24.324
88.5631 22.881
88.5631 23.5004
85.8627 23.358
76.0416 24.9323
80.1599 25.5251
83.0651 22.0447
80.3196 23.612
76.0643 24.7406
83.1659 25.1009
70.3879 24.6477
69.2463 23.8067
65.9709 24.5072
74.4289 22.6055
77.0431 27.7934
84.3676 23.6251
86.1414 23.7968
76.8751 23.3902
73.2424 23.4926
76.1421 24.3054
76.1421 23.5897
71.01 24.5617
77.9896 24.8862
78.7266 24.8404
83.3188 26.5571
82.1957 24.9691
88.0294 25.4411
89.0268 24.0516
82.921 25.6521
79.561 24.3702
76.1973 25.7668
74.1808 25.6982
76.9725 25.9455
81.3439 23.0383
73.6914 24.0448
73.66 23.9673
70.0746 26.2634
72.6576 25.4318
72.4407 25.8401
72.4797 25.1702
71.2323 25.8048
74.07 26.0925
76.5018 25.1113
76.933 22.4181
74.61 26.4198
82.8578 23.7099
81.4678 23.9986
86.5912 23.6629
80.8027 24.3905
83.4882 24.53
86.4006 25.3017
87.5269 26.3483
87.5269 24.4673
93.1746 21.978
83.9938 23.4555
71.6749 23.368
76.9536 27.1267
80.431 23.9667
81.1102 25.1848
91.5409 23.5786
91.3332 23.9536
90.131 23.5048
83.155 22.1929
81.2903 21.9943
80.0837 22.4001
77.1173 25.7291
73.5147 25.5721
66.3829 23.8609
65.6069 24.7817
73.0844 25.5238
74.3652 23.0796
78.0173 23.4013
73.5106 23.2454
73.0786 24.1453
68.3718 24.1622
64.038 24.1069
67.8526 24.145
65.3399 24.1803
69.0598 24.1375
70.9533 24.3907
71.0595 22.2162
73.1632 26.7179
70.757 25.2819
67.7425 25.7462
67.2478 23.2275
70.0627 25.7103
73.2459 23.6451
75.5294 24.9618
75.1819 23.9797
73.8194 23.282
72.3859 24.4717
70.395 24.3338
70.8118 22.3808
70.7368 28.6321
68.621 26.0058
65.9082 23.2184
75.2879 25.6305
73.7943 25.6716
72.3017 24.1467
72.4142 24.2548
79.2005 24.8634
73.9865 25.2351
68.6037 25.8646
72.6805 26.0583
78.1301 24.6119
69.7566 25.0647
85.4708 23.7587
77.6764 26.2192
77.5696 24.2959
74.5697 22.5558
76.2688 24.3041
78.2589 22.0496
70.4296 25.7827
75.9036 25.6116
68.7981 24.3294
73.2706 26.7361
79.377 25.5255
79.377 24.4951
80.0279 24.1006
67.4763 22.9467
71.4442 25.9326
80.7145 24.4504
79.951 24.5932
81.023 22.6919
77.7568 23.2932
78.9888 24.7876
78.1985 24.8824
77.1062 24.4414
79.4658 26.5928
79.2534 21.8088
80.5709 21.2256
79.1011 24.8311
76.4433 23.0749
67.908 23.0581
67.908 22.8199
64.7728 23.9389
65.8075 23.2765
63.7134 26.3139
70.7855 26.5758
68.998 22.3126
76.9507 26.1681
72.0448 24.0707
67.2506 23.9591
65.574 24.254
66.7782 27.3755
75.1769 27.558
68.6624 25.6349
72.0706 23.3735
73.1596 23.0578
70.3323 23.5984
71.8677 23.7086
71.0485 24.7738
70.2757 24.3859
73.7734 23.9327
72.8896 26.9324
70.8302 26.2066
71.2322 25.151
72.5216 24.9059
73.9418 21.8085
66.667 23.769
69.7288 23.1795
69.8894 23.4514
67.1497 24.5057
67.9687 25.1134
72.3884 26.8968
70.7296 25.8035
71.2314 23.3761
71.0905 26.4628
72.1624 25.5352
70.1023 26.2854
79.3866 25.1568
77.9955 21.8536
76.4201 23.4863
76.0872 23.3162
73.0096 24.0648
69.2598 24.9055
68.3762 25.4097
67.7435 25.5213
73.8042 23.1766
76.0231 22.7054
73.4544 22.5368
67.1481 25.3949
63.2909 25.0698
67.9265 24.7489
70.3566 23.272
70.4092 23.3378
65.2623 23.9653
65.8592 27.9406
63.8638 24.7008
67.3035 24.6583
70.7096 23.6112
67.6062 24.0183
62.0713 24.2705
66.7368 22.7688
69.341 24.6558
74.0122 21.8246
74.0122 23.5845
81.8933 23.5967
75.8163 23.7237
77.8643 23.1868
82.0867 22.2158
84.0133 23.5341
81.8069 24.0024
80.2119 21.5656
82.859 24.133
77.1394 23.8458
68.8937 24.3057
72.4919 24.7509
76.534 22.7225
71.7622 23.7588
72.1288 23.1803
76.4945 24.9277
72.4398 23.3484
72.5837 24.4907
74.8787 24.1319
76.7603 24.5578
79.7873 25.4675
75.6249 22.9775
67.6616 24.6484
60.8103 23.2568
61.7884 21.9915
65.0132 24.914
69.1555 22.5741
71.3311 24.5089
74.1133 23.9791
73.5867 22.2626
72.4568 25.5287
75.7267 25.9129
76.4508 24.38
76.2049 24.9716
77.2351 24.1779
82.4681 25.3012
80.8028 23.8181
78.7125 25.6891
75.0036 24.1016
73.7655 24.5806
78.4306 23.5204
98.388 23.3407
97.5575 26.7804
92.4515 26.2914
82.2718 25.6928
78.8745 22.0502
76.7481 24.9038
72.095 24.453
82.5843 24.5435
89.7367 24.7972
84.2638 23.9843
84.916 23.9554
77.1465 24.5204
76.7113 25.1744
69.9132 24.6872
67.8616 24.0378
63.5822 25.6995
64.2245 25.4179
65.4558 24.7875
62.5637 22.9304
57.7841 24.6701
67.4681 23.268
72.2249 25.5158
80.5449 25.3978
80.5449 25.7242
76.8233 25.956
73.2427 26.2669
73.3166 24.3633
68.8097 25.3314
72.1029 23.9031
72.1029 24.1335
71.6562 24.5226
75.3599 23.8269
68.2487 23.9817
59.6511 22.802
62.1762 25.3984
62.5652 25.6363
63.8917 25.7953
60.9347 23.9101
58.077 25.4811
61.6478 24.4577
66.7566 24.923
68.0629 23.351
65.2111 25.6123
69.2193 24.8643
72.0308 24.7982
70.3578 22.8799
61.7846 24.3883
68.5571 24.547
64.7287 23.3152
62.508 26.4689
60.8972 26.2073
56.3923 25.5387
62.7544 24.1996
57.1851 27.0131
57.1962 24.183
57.9545 25.9039
63.6967 24.7538
63.4819 23.0643
68.7897 25.4421
68.1311 22.5699
64.1864 24.36
68.0533 23.6063
62.1216 23.4199
63.7456 24.1705
64.1072 24.5256
59.8324 24.617
64.7436 24.6152
69.08 24.6325
71.3387 25.0667
72.8596 25.0661
74.2834 26.2684
87.2622 24.9597
78.1988 23.2902
71.2076 24.1731
71.9086 24.7043
73.8577 26.9371
75.7544 25.8267
70.9332 27.3253
71.8941 26.1764
71.2584 26.1909
77.2884 23.1434
74.2121 21.0613
75.0044 23.9834
74.1943 24.5219
79.2239 25.0822
80.7071 23.3362
90.6126 23.0206
77.3794 24.2496
70.2205 24.6163
70.1523 23.7388
71.8821 26.5334
71.6019 25.3514
66.5494 24.4483
62.607 21.8678
61.4684 26.5363
67.3149 23.753
66.1244 23.2708
61.2977 25.5205
61.2977 24.3963
65.5223 24.6989
63.7572 23.7042
64.6449 25.8036
74.1482 22.857
69.7326 24.829
70.4675 26.0671
62.006 23.4926
60.9048 24.0811
58.7612 24.608
63.0342 23.2798
67.7681 24.4467
64.3874 24.8431
67.099 23.2724
72.4282 26.092
78.0714 23.0841
76.7325 23.7174
68.6049 25.2404
65.2549 25.6382
70.1038 24.1366
67.7139 24.702
73.2777 25.211
68.6777 22.8075
68.0833 24.92
68.5143 25.2291
71.1909 22.6852
64.823 25.8448
65.8215 25.8436
63.5012 25.0856
68.9076 25.2113
64.197 24.7494
64.3036 25.3787
75.8182 25.2102
72.1297 24.8919
66.2415 24.3103
66.6177 23.1499
70.186 22.9853
71.0513 25.1902
71.0523 24.2383
71.0989 21.4407
71.5259 25.5744
70.9525 24.4824
72.5307 22.8785
75.3471 23.8922
71.958 23.844
75.3819 23.047
61.9406 23.7949
68.0049 22.8606
66.5322 23.8725
66.1702 22.8989
64.2306 23.1214
64.4179 23.8596
66.2845 23.9749
62.6609 25.1187
69.7195 24.4729
82.5441 24.3973
72.1938 25.3958
72.7278 22.7642
76.0746 25.297
81.5561 22.1752
77.0886 26.3571
69.8922 26.0346
70.3239 25.832
67.9667 25.7255
73.3577 25.6013
74.9296 23.396
82.4124 25.0086
86.1319 25.7104
81.3276 25.2157
92.0268 26.1154
92.0928 24.7561
83.4971 24.0871
82.9963 21.9227
85.1805 23.9233
79.1947 25.8096
76.0529 25.2637
75.57 24.591
73.6027 22.533
73.6285 24.7037
73.6476 24.311
80.6928 25.1462
81.5463 26.2513
81.3279 24.2554
78.3982 23.7639
82.9831 26.1379
89.9546 25.7673
80.2134 25.6671
69.3189 23.9269
68.0281 26.4851
56.4193 26.7509
57.6873 23.2098
58.0856 25.1348
54.2103 26.4156
50.6719 24.3635
50.6719 24.6349
50.0731 24.8979
50.797 23.1689
50.121 25.4313
49.2611 24.3575
51.3311 24.3469
48.4045 22.9912
49.074 23.6168
52.2156 23.2753
45.4806 25.0214
44.7324 25.134
45.0916 24.699
43.1363 24.7635
42.1201 24.9372
53.0969 24.0614
62.8154 23.7653
57.568 24.762
60.4734 23.6332
60.5044 25.2132
66.3991 23.4007
63.7279 21.6428
63.7279 22.9375
67.1615 24.3931
67.0839 26.1228
68.3109 23.3432
71.2017 21.7516
76.8385 21.6839
80.3285 24.1223
71.9844 26.5192
70.5281 23.1383
63.8774 24.2216
62.5713 23.7571
72.5482 25.6342
61.9456 23.6451
62.6043 22.3151
56.6396 24.5672
61.1074 24.6792
62.7175 24.5171
59.3897 23.9518
57.4057 22.3967
64.6074 24.7064
64.0956 23.853
66.5738 21.4564
69.873 21.6118
65.5891 24.7269
65.5891 25.0528
79.3734 25.9625
75.8317 23.9566
70.8581 25.6461
86.2122 24.8043
81.3853 22.8783
78.1668 24.2184
78.6708 23.9414
73.6166 23.718
75.8778 25.0341
76.9335 21.6943
78.7091 24.3316
75.8053 24.3489
71.6632 25.2265
68.604 26.3096
73.0071 25.3497
73.8926 25.5234
73.0882 24.0081
68.7502 23.598
68.7502 24.7106
71.3373 25.2615
69.8968 26.4992
71.9491 21.4072
71.6075 25.5468
69.7148 24.9889
67.7117 24.8024
69.2005 24.4257
70.0399 25.0895
61.3845 25.0045
71.6395 25.1767
69.6589 25.7464
76.798 26.0166
71.073 23.484
70.332 24.4399
69.6874 25.0864
65.61 25.4115
62.1159 23.6241
71.1313 24.4896
67.0927 24.4423
63.777 24.4039
60.9409 24.5402
65.7158 25.6483
64.9866 25.8175
64.5209 24.3236
62.7937 22.9092
