254.599 8.2501
254.966 8.15007
248.892 8.34706
251.568 8.5732
249.439 8.26953
249.439 8.39757
247.804 8.27275
248.978 8.29004
251.043 8.34962
250.364 8.34051
249.614 8.37535
251.763 8.39836
251.763 8.41179
253.72 8.40028
249.745 8.25214
249.745 8.46852
249.745 8.32258
250.869 8.35191
246.474 8.48648
242.387 8.33742
242.387 8.30639
234.945 8.38743
235.73 8.31359
234.178 8.27501
232.03 8.35034
230.99 8.35143
234.836 8.21276
234.862 8.29563
234.862 8.30557
233.706 8.31833
235.369 8.29741
237.702 8.31541
241.044 8.25019
234.496 8.23232
234.496 8.16927
235.876 8.23308
241.206 8.29224
233.88 8.29145
236.999 8.26648
231.783 8.25376
227.072 8.24114
222.335 8.30539
229.789 8.36521
230.026 8.39421
231.655 8.34329
231.63 8.46694
231.63 8.28241
231.63 8.26151
223.522 8.17582
218.146 8.38754
181.296 8.40249
181.296 8.23064
182.866 8.37195
182.866 8.26338
188.171 8.33972
188.171 8.37037
188.818 8.4089
188.818 8.44219
186.002 8.32285
186.121 8.17538
184.161 8.3828
187.389 8.27189
187.117 8.37211
187.117 8.29927
183.347 8.36376
183.347 8.30345
181.735 8.44345
181.735 8.32515
180.905 8.37469
180.905 8.24716
180.905 8.32573
179.527 8.23288
179.527 8.4086
179.527 8.33561
181.95 8.21191
181.95 8.28311
185.616 8.30611
185.616 8.38799
185.616 8.37824
185.616 8.34122
185.58 8.47948
188.385 8.23618
188.385 8.27656
190.018 8.29984
193.267 8.18932
190.926 8.23137
190.499 8.30281
193.478 8.30883
187.794 8.28447
185.94 8.37599
185.94 8.32869
188.8 8.28253
188.8 8.13781
188.8 8.42848
186.307 8.56209
186.307 8.37662
190.191 8.36078
190.476 8.31062
190.476 8.38187
190.959 8.38263
188.192 8.35199
196.287 8.26614
190.436 8.16657
193.494 8.25444
189.253 8.26735
178.08 8.33204
177.119 8.24197
179.219 8.38078
186.119 8.17762
189.027 8.39368
190.107 8.32818
191.025 8.29796
194.328 8.35223
192.229 8.30767
197.507 8.36396
205.34 8.40216
209.286 8.46161
212.551 8.27054
212.307 8.29089
214.177 8.32884
212.798 8.40561
212.798 8.31114
218.843 8.31263
211.49 8.51211
213.888 8.27736
216.339 8.26904
215.281 8.24243
215.281 8.17042
215.281 8.27025
215.281 8.29868
213.082 8.26139
212.188 8.27364
212.188 8.38998
212.188 8.2213
210.262 8.19302
210.77 8.57011
207.759 8.20415
207.759 8.52782
210.073 8.40639
211.063 8.42693
211.063 8.40902
211.063 8.39602
212.19 8.29504
214.312 8.32521
218.593 8.29773
213.066 8.29191
214.558 8.43405
215.822 8.29704
212.698 8.36161
212.772 8.22716
214.769 8.27677
229.404 8.3164
222.358 8.37363
212.602 8.41973
212.602 8.34985
224.349 8.1527
224.792 8.36574
222.943 8.37629
222.943 8.31407
223.729 8.42828
223.729 8.36499
219.203 8.36385
219.203 8.36391
219.479 8.36427
219.479 8.36582
221.632 8.31991
221.632 8.26446
221.632 8.1993
220.846 8.25834
227.825 8.27267
227.825 8.38689
227.825 8.31783
227.825 8.26944
223.881 8.25319
223.881 8.39448
223.421 8.14727
223.421 8.26123
223.044 8.28295
246.795 8.25459
246.795 8.26974
246.795 8.26693
246.795 8.32899
246.795 8.19372
247.252 8.4833
247.252 8.41473
248.403 8.16868
244.47 8.32816
244.47 8.38863
244.47 8.48439
244.47 8.41312
251.814 8.28279
250.224 8.41591
245.516 8.34944
246.153 8.24649
244.023 8.34722
240.089 8.4606
240.089 8.3335
236.773 8.40589
232.406 8.3105
232.406 8.29452
230.716 8.34754
230.716 8.48292
230.716 8.33039
230.716 8.4
230.716 8.18186
226.588 8.16685
223.849 8.3984
224.076 8.33128
228.632 8.32849
231.076 8.14233
229.391 8.32183
222.753 8.31697
222.753 8.3622
224.521 8.30268
223.371 8.16071
223.371 8.29584
224.108 8.2717
223.139 8.27903
236.941 8.2429
236.941 8.312
236.941 8.29814
237.28 8.32455
237.28 8.33898
238.94 8.34262
238.94 8.26233
244.336 8.27184
246.921 8.39494
246.921 8.34639
246.183 8.36352
246.183 8.35291
245.937 8.25009
245.937 8.37864
245.937 8.34582
248.52 8.31995
248.312 8.26559
247.309 8.19468
247.309 8.29508
247.309 8.4093
230.455 8.27615
230.455 8.33604
230.455 8.27593
230.813 8.32512
227.841 8.34206
223.943 8.41331
220.412 8.38318
218.906 8.44471
219.618 8.34833
219.498 8.21793
217.977 8.23974
213.453 8.27738
212.228 8.19312
210.781 8.36243
207.637 8.30814
195.236 8.35113
194.665 8.33354
196.906 8.39065
203.153 8.49315
207.9 8.38385
208.07 8.28137
209.794 8.41065
210.789 8.49075
216.118 8.23935
216.118 8.25516
216.118 8.22332
213.943 8.30257
217.726 8.27265
219.127 8.30845
216.108 8.33445
236.946 8.26574
236.946 8.36333
223.065 8.4057
212.762 8.39894
218.543 8.49369
220.975 8.31333
213.73 8.39801
220.94 8.39491
230.737 8.38507
228.581 8.47805
232.065 8.34525
232.065 8.4608
238.392 8.13017
233.587 8.35967
235.623 8.28672
247.152 8.23661
247.152 8.32958
247.152 8.19377
263.992 8.22885
263.992 8.24197
263.992 8.44816
263.992 8.29443
263.992 8.29443
254.462 8.28148
255.797 8.31456
255.797 8.19282
255.797 8.33718
255.797 8.46167
255.797 8.35001
255.797 8.2857
255.797 8.36163
255.797 8.33792
256.486 8.18229
256.486 8.3387
256.486 8.32245
256.486 8.30673
256.486 8.3292
256.486 8.38143
256.486 8.38274
256.486 8.33071
256.486 8.2368
256.486 8.263
256.486 8.2356
255.627 8.25655
243.476 8.3044
243.476 8.37392
243.476 8.29522
246.052 8.37018
246.052 8.22966
245.446 8.27996
245.134 8.24019
245.134 8.40495
246.08 8.29958
246.08 8.37551
246.08 8.17381
246.146 8.2107
246.146 8.3807
246.146 8.38932
246.146 8.39541
243.032 8.21124
243.032 8.15154
243.032 8.32997
243.032 8.17046
240.087 8.29786
239.527 8.2992
239.527 8.24682
239.527 8.43127
236.311 8.38353
236.311 8.3328
236.311 8.30537
236.311 8.35998
235.257 8.35031
238.151 8.3569
230.836 8.22008
230.836 8.26079
233.069 8.29179
233.069 8.33375
239.649 8.26316
238.178 8.37725
238.178 8.20968
238.178 8.42565
238.178 8.46143
236.204 8.4172
235.439 8.35209
239.286 8.29121
246.978 8.28971
246.728 8.31637
246.728 8.32351
246.728 8.29376
251.639 8.25231
251.639 8.2856
251.639 8.29357
253.015 8.414
253.015 8.11786
248.826 8.42773
248.532 8.51629
248.842 8.37949
248.842 8.34781
248.842 8.28061
248.842 8.19661
248.842 8.38571
248.715 8.30338
248.227 8.30451
248.227 8.34827
248.227 8.27291
210.018 8.3
215.854 8.35886
213.177 8.39967
213.177 8.35299
210.919 8.53682
208.22 8.22902
206.384 8.34794
205.293 8.3662
201.954 8.3662
208.213 8.32211
208.382 8.31028
208.382 8.35058
210.702 8.39125
210.702 8.42599
206.447 8.27445
182.622 8.29081
180.413 8.34515
180.303 8.38936
180.303 8.3952
182.936 8.40281
185.134 8.14881
185.722 8.1835
187.944 8.30967
193.265 8.30652
192.393 8.29997
191.84 8.36137
191.84 8.32065
194.269 8.31333
194.327 8.26355
188.464 8.2739
185.054 8.39136
185.332 8.47421
186.897 8.14596
187.4 8.14596
190.563 8.37992
190.454 8.33522
186.491 8.40396
191.297 8.21625
192.573 8.25179
196.79 8.16858
196.079 8.28248
200.207 8.29011
197.497 8.1976
194.93 8.2911
195.562 8.45576
200.56 8.4584
204.412 8.3048
204.227 8.36485
198.174 8.27774
197.396 8.36689
200.079 8.44275
200.079 8.36129
201.736 8.42793
204.849 8.38174
209.533 8.18676
209.533 8.2146
210.24 8.27023
213.487 8.26788
212.922 8.22606
213.76 8.34837
216.385 8.3571
218.849 8.27965
218.358 8.29056
218.351 8.3335
219.49 8.29976
212.057 8.16061
209.633 8.35091
215.727 8.33535
217.385 8.23601
223.486 8.39534
224.167 8.26454
222.635 8.32967
232.366 8.3327
232.737 8.30343
233.506 8.43021
231.445 8.43789
231.445 8.25003
235.877 8.34335
235.877 8.28403
244.583 8.31634
244.583 8.2901
244.583 8.22133
247.009 8.44172
247.009 8.27968
247.009 8.18139
243.363 8.15947
243.363 8.25602
243.363 8.28716
232.79 8.3071
234.929 8.38422
234.023 8.37696
232.109 8.48039
236.411 8.47507
236.411 8.20235
216.228 8.35946
219.257 8.37719
219.257 8.35086
220.555 8.2591
222.037 8.21492
222.857 8.17738
246.035 8.2315
194.269 8.32175
193.729 8.31379
192.44 8.36271
196.569 8.50141
197.436 8.32128
197.691 8.29366
194.12 8.29003
197.467 8.30669
196.852 8.33894
197.824 8.34107
204.236 8.40694
201.615 8.3178
196.872 8.3047
188.088 8.33362
186.362 8.21724
184.581 8.34889
180.825 8.34847
178.952 8.49796
180.668 8.19763
181.926 8.1781
181.409 8.25153
180.396 8.22509
178.087 8.26408
175.439 8.23808
176.829 8.27004
176.134 8.32127
175.782 8.23893
179.401 8.30189
178.359 8.2732
180.327 8.2801
185.966 8.14631
186.79 8.46288
184.708 8.34236
184.708 8.20687
185.655 8.2511
183.954 8.29891
183.431 8.39351
183.954 8.4118
183.954 8.27383
183.954 8.32933
182.975 8.34427
183.744 8.22996
183.713 8.36128
183.168 8.40024
183.637 8.39853
181.13 8.36968
186.624 8.3648
183.73 8.34768
183.73 8.2915
184.69 8.25414
184.69 8.23752
185.258 8.24596
186.662 8.24519
186.137 8.2451
180.799 8.24494
183.971 8.24889
186.693 8.47999
191.93 8.34199
201.918 8.38351
202.451 8.35875
203.344 8.41154
202.792 8.20071
204.516 8.29926
200.138 8.31731
202.33 8.26022
199.57 8.46962
204.928 8.29345
207.976 8.19791
216.864 8.26
208.609 8.35556
208.609 8.40257
208.009 8.35932
208.009 8.37327
211.839 8.31347
211.732 8.51249
213.859 8.45908
213.859 8.29737
213.859 8.19713
209.999 8.38034
211.421 8.47171
207.652 8.36719
206.232 8.3042
206.232 8.34963
213.03 8.32566
214.07 8.37677
215.221 8.17909
215.221 8.21523
209.741 8.24312
209.741 8.22548
210.01 8.23969
204.953 8.44372
204.953 8.28932
203.816 8.22387
199.801 8.24588
193.904 8.26489
193.904 8.35694
196.974 8.37053
196.104 8.34573
196.104 8.40034
193.653 8.39871
191.272 8.32468
192.551 8.37839
194.882 8.42243
196.213 8.40265
193.335 8.39827
196.461 8.25266
206.862 8.4779
206.862 8.45457
205.766 8.22313
204.768 8.33635
210.395 8.33582
210.123 8.17682
210.753 8.26832
220.336 8.17859
217.999 8.40158
218.15 8.37875
219.216 8.43026
219.216 8.40272
219.216 8.34974
219.838 8.22074
219.809 8.37565
219.809 8.365
219.809 8.45389
219.809 8.34131
219.809 8.03352
224.224 8.29948
225.323 8.13962
225.323 8.27143
225.323 8.33208
223.819 8.27341
226.716 8.2455
226.716 8.14468
224.308 8.35017
221.651 8.4424
221.651 8.27192
222.252 8.22917
222.252 8.4033
223.06 8.40537
216.723 8.32123
231.865 8.30545
234.11 8.34461
236.544 8.23574
242.095 8.27639
233.454 8.28752
235.848 8.217
234.267 8.30276
233.19 8.35229
231.711 8.32935
237.257 8.32402
240.657 8.25203
237.637 8.10726
236.918 8.2381
238.597 8.36543
241.505 8.35734
250.352 8.20777
247.218 8.27844
253.036 8.32534
253.036 8.2853
253.036 8.38323
253.286 8.28332
254.548 8.31792
251.843 8.33094
214.374 8.30476
218.768 8.4933
215.867 8.4293
214.59 8.28835
211.483 8.24369
217.456 8.47947
211.175 8.3048
207.768 8.50661
210.38 8.28086
212.457 8.38819
209.276 8.24307
207.259 8.23113
207.259 8.35468
207.259 8.32933
207.259 8.33703
209.022 8.37645
193.45 8.51405
193.45 8.27336
194.153 8.40178
198.046 8.34864
198.046 8.41965
195.609 8.4364
198.972 8.3419
199.281 8.32266
201.085 8.47777
201.133 8.19596
200.196 8.31263
180.825 8.28254
180.825 8.48969
180.825 8.22735
181.774 8.20297
181.774 8.41227
182.489 8.46009
182.489 8.21206
182.489 8.32198
185.256 8.2479
185.256 8.3994
185.256 8.40237
185.256 8.40186
187.507 8.39959
187.507 8.40038
187.507 8.36921
209.643 8.11002
206.542 8.28021
206.542 8.37094
211.419 8.20275
211.419 8.14729
205.682 8.22609
205.682 8.41459
205.958 8.22813
210.166 8.27571
202.322 8.24844
202.322 8.31056
203.381 8.47311
203.381 8.13572
203.381 8.26267
201.989 8.30538
202.381 8.26994
202.381 8.25759
202.381 8.29579
202.381 8.42555
202.381 8.2165
202.381 8.36065
200.601 8.27803
200.601 8.35259
200.601 8.32221
207.687 8.38574
207.687 8.31882
207.687 8.25263
207.687 8.31154
207.687 8.31289
207.687 8.21657
207.687 8.26254
205.372 8.37949
205.372 8.29561
204.677 8.28253
204.673 8.30381
204.673 8.43327
204.274 8.38408
204.274 8.28386
204.274 8.27643
205.213 8.24804
205.213 8.32012
205.213 8.36614
208.377 8.35838
206.832 8.35514
205.512 8.3144
205.512 8.2677
208.826 8.21213
206.529 8.43583
206.529 8.37851
206.529 8.33052
211.09 8.30611
209.205 8.20306
209.205 8.35549
210.833 8.30557
210.922 8.25233
213.323 8.3465
211.42 8.23531
212.301 8.41446
212.301 8.31019
210.891 8.44204
215.863 8.26312
218.751 8.3672
221.965 8.28915
223.2 8.29477
221.899 8.23491
222.376 8.37036
222.411 8.26975
221.078 8.40921
214.935 8.38423
214.143 8.2628
206.298 8.37647
206.298 8.27162
204.048 8.31134
207.928 8.30138
212.823 8.23492
207.178 8.25136
210.268 8.37004
208.346 8.38816
212.997 8.29418
212.775 8.21429
214.178 8.18801
207.733 8.25399
207.355 8.46196
205.426 8.37647
206.594 8.22131
204.099 8.17598
204.099 8.31166
203.356 8.29825
200.936 8.31983
200.936 8.46392
188.091 8.37257
188.091 8.32718
196.245 8.4528
194.431 8.30261
196.894 8.3656
195.805 8.24444
199.417 8.32977
199.238 8.25843
205.7 8.18395
207.006 8.32355
208.793 8.33053
205.746 8.27078
201.57 8.4662
208.797 8.36649
208.639 8.37809
208.399 8.21545
197.625 8.34084
199.137 8.33
199.137 8.33595
199.137 8.39617
199.461 8.10496
197.383 8.2294
198.963 8.31069
198.963 8.37591
202.835 8.34232
203.759 8.41921
203.759 8.41393
203.759 8.27314
203.759 8.25651
212.837 8.14725
207.965 8.17574
207.69 8.29934
207.69 8.29977
207.69 8.33825
203.987 8.3671
209.325 8.36742
201.627 8.33646
201.627 8.36884
201.627 8.39462
197.92 8.38749
197.92 8.41762
197.92 8.27885
197.92 8.31829
196.662 8.48876
196.662 8.35395
196.662 8.29923
196.662 8.34289
196.662 8.22354
196.662 8.37102
194.69 8.22037
194.69 8.25662
198.542 8.35306
198.69 8.46058
198.69 8.38204
201.07 8.30616
201.07 8.42859
201.07 8.37611
201.07 8.38
201.07 8.376
204.112 8.29438
208.189 8.18886
211.727 8.37573
211.727 8.40667
207.26 8.27087
208.329 8.48455
208.804 8.24414
208.804 8.24863
208.804 8.30463
213.098 8.47413
212.658 8.3976
208.971 8.33518
210.048 8.26329
212.904 8.41385
192.186 8.36784
192.186 8.31193
192.424 8.37237
197.762 8.26049
200.656 8.29467
198.873 8.29206
197.64 8.32086
193.811 8.37992
193.811 8.35477
196.995 8.16535
188.915 8.34716
192.998 8.28587
192.998 8.38723
194.048 8.31604
194.456 8.2121
190.287 8.16429
188.956 8.23318
188.322 8.21734
192.841 8.19457
189.068 8.27081
192.485 8.29746
187.819 8.12644
181.98 8.32364
187.671 8.45218
192.706 8.33199
193.418 8.32146
190.442 8.31897
187.267 8.23125
189.86 8.36626
189.971 8.3045
193.39 8.31776
193.194 8.33702
197.68 8.25243
195.314 8.24564
198.838 8.29866
198.838 8.23058
214.355 8.29507
211.291 8.25767
211.291 8.21625
211.291 8.21261
207.744 8.26669
207.744 8.40472
210.136 8.50901
207.227 8.21383
207.227 8.37203
207.227 8.30893
213.007 8.21577
213.623 8.17046
212.837 8.20438
212.16 8.36625
212.16 8.32246
209.793 8.34263
207.133 8.29813
206.468 8.27205
203.246 8.3015
201.605 8.29994
201.605 8.26638
201.605 8.24182
201.605 8.38702
199.914 8.42166
199.914 8.4224
199.914 8.22728
202.3 8.28233
202.628 8.38433
218.648 8.32056
222.614 8.32263
225.185 8.37318
228.805 8.42388
229.659 8.4246
230.183 8.27955
229.812 8.3583
229.057 8.27588
229.125 8.33915
228.85 8.34525
226.842 8.29526
222.73 8.34119
223.734 8.43149
222.903 8.35505
218.646 8.21369
213.664 8.25338
211.378 8.39755
211.318 8.44018
210.234 8.30498
209.45 8.39097
210.493 8.37102
210.595 8.3688
208.846 8.3709
208.313 8.25477
212.191 8.16917
217.664 8.22612
206.334 8.43175
201.795 8.31565
197.335 8.38262
197.335 8.27006
197.335 8.2952
195.797 8.36392
195.737 8.29867
196.254 8.32599
200.826 8.30352
194.461 8.2079
194.461 8.25445
189.416 8.14696
189.416 8.17052
194.351 8.18179
194.351 8.4164
193.736 8.29026
202.017 8.13365
199.188 8.23253
199.962 8.25603
198.979 8.31934
198.988 8.4824
197.93 8.46821
200.366 8.39867
198.446 8.27815
202.095 8.37673
197.075 8.38184
196.703 8.27303
190.728 8.23343
193.058 8.43032
193.058 8.37952
186.703 8.299
186.703 8.37924
186.703 8.29508
188.223 8.33877
191.844 8.28346
191.844 8.2509
191.844 8.28705
191.844 8.40711
192.054 8.31778
193.125 8.45489
193.125 8.35597
199.799 8.2152
196.296 8.31253
198.118 8.25529
198.118 8.36603
196.1 8.13012
196.1 8.26598
199.026 8.44962
195.062 8.3171
196.672 8.37538
193.142 8.37394
193.142 8.28424
193.142 8.31918
193.142 8.37337
194.271 8.34759
193.368 8.37427
201.388 8.33198
203.437 8.4267
202.691 8.16306
202.691 8.27519
202.691 8.27497
201.465 8.43963
201.465 8.46658
209.016 8.55113
192.2 8.34797
189.618 8.31934
189.618 8.24191
189.618 8.30735
191.152 8.32268
191.152 8.44777
191.152 8.26661
199.075 8.33345
199.075 8.29613
199.075 8.14701
195.817 8.27685
194.652 8.32344
194.652 8.37463
194.652 8.21624
203.25 8.48845
197.778 8.3886
197.778 8.27984
198.426 8.32991
198.426 8.32744
198.426 8.20121
197.955 8.42247
197.955 8.36242
200.831 8.43171
203.341 8.33881
193.534 8.33372
193.534 8.31653
193.716 8.29955
195.524 8.33883
208.793 8.18787
203.808 8.20199
204.918 8.12691
206.088 8.23978
209.985 8.35071
211.323 8.27998
204.397 8.37091
208.205 8.33284
208.526 8.30091
208.603 8.46415
212.549 8.34102
223.224 8.29568
215.266 8.33139
217.046 8.31209
218.14 8.33751
218.14 8.34035
217.223 8.33663
216.642 8.30856
214.582 8.27276
213.963 8.34692
211.592 8.26964
212.038 8.28189
214.513 8.28583
209.278 8.36247
207.602 8.34118
203.915 8.2725
203.566 8.3433
208.842 8.35332
209.026 8.37369
206.503 8.29294
208.435 8.30942
207.404 8.34087
208.196 8.335
202.528 8.30826
208.004 8.35238
208.139 8.34838
207.924 8.39708
215.051 8.33821
215.308 8.30741
213.263 8.19029
213.632 8.34628
209.388 8.42877
209.323 8.43995
210.595 8.22246
207.81 8.37992
212.38 8.40045
206.778 8.34366
205.69 8.42717
208.004 8.1697
208.036 8.39414
200.626 8.27623
200.467 8.3325
200.467 8.27937
199.619 8.32545
199.645 8.3205
195.428 8.16709
207.706 8.25024
206.577 8.37607
207.255 8.31259
206.917 8.46113
204.531 8.26513
207.017 8.37159
204.984 8.2789
203.528 8.27981
199.559 8.22939
202.227 8.22879
198.197 8.33402
193.644 8.31118
188.675 8.23867
191.389 8.33207
190.038 8.37429
190.814 8.30174
191.07 8.25683
192.826 8.28222
192.826 8.24511
195.161 8.35179
191.465 8.35426
191.465 8.32784
191.465 8.29142
191.465 8.32366
191.465 8.29725
186.216 8.33326
186.216 8.26736
186.216 8.44274
186.216 8.20363
186.216 8.30099
188.85 8.28105
188.85 8.37388
188.85 8.5565
188.225 8.3743
182.805 8.28389
181.385 8.33993
178.782 8.42371
178.782 8.31509
178.782 8.33639
180.352 8.32504
180.352 8.25676
180.352 8.32681
182.042 8.26173
182.042 8.24723
182.042 8.33846
178.985 8.29383
178.985 8.39604
178.985 8.4459
180.24 8.37714
180.24 8.35494
179.887 8.34976
185.277 8.38664
193.941 8.30358
190.787 8.20883
190.787 8.26362
180.391 8.33972
181.481 8.35996
185.231 8.23646
188.876 8.36825
189.977 8.34797
190.908 8.38653
194.537 8.41578
195.83 8.26846
195.364 8.20584
199.549 8.35886
197.023 8.1377
197.789 8.4388
198.595 8.21051
198.595 8.22927
195.048 8.20315
198.166 8.32838
195.462 8.34094
195.462 8.38203
196.543 8.29857
193.149 8.31812
194.214 8.25194
195.517 8.44986
195.517 8.37806
195.929 8.26941
197.273 8.33281
201.287 8.26413
202.21 8.16874
196.323 8.18155
201.106 8.22703
202.775 8.28645
203.557 8.20505
212.321 8.38642
211.833 8.33624
212.017 8.32373
213.686 8.35398
215.475 8.20411
216.92 8.34625
208.898 8.32613
208.371 8.34832
211.715 8.32773
212.791 8.4838
212.351 8.26347
210.529 8.26187
221.975 8.19278
210.652 8.30191
210.652 8.42802
216.083 8.38419
216.05 8.34149
215.235 8.40308
209.288 8.42442
209.833 8.30082
214.431 8.32065
217.994 8.26835
219.242 8.25126
219.242 8.33359
219.242 8.41778
214.845 8.35522
229.282 8.44729
227.784 8.3348
227.784 8.3496
227.784 8.34721
238.563 8.35742
237.148 8.17113
237.148 8.40232
237.148 8.30687
237.148 8.27339
258.69 8.2734
264.588 8.3315
264.588 8.32007
264.588 8.35133
260.756 8.44942
260.756 8.33408
260.756 8.30718
259.022 8.36864
259.022 8.25798
255.255 8.19922
256.278 8.3037
258.451 8.22687
259.618 8.37186
261.138 8.34586
258.088 8.3811
258.088 8.32979
259.222 8.34569
259.222 8.2335
259.222 8.44177
244.042 8.38549
244.042 8.30092
241.678 8.29072
241.678 8.28807
241.678 8.22884
243.314 8.25025
243.314 8.17465
243.323 8.34528
243.323 8.35744
259.877 8.17726
259.877 8.26577
271.54 8.31825
271.54 8.26799
271.54 8.25264
271.54 8.25584
252.297 8.26597
252.297 8.26181
248.182 8.32318
249.012 8.34334
251.113 8.46226
251.113 8.39252
251.113 8.3194
245.791 8.34694
248.623 8.39929
248.623 8.26495
248.623 8.32102
248.623 8.27098
249.875 8.2394
247.806 8.2394
247.992 8.41128
243.851 8.35729
244.033 8.15799
241.312 8.4203
240.219 8.30628
239.355 8.31941
239.355 8.25845
242.101 8.20563
240.951 8.25271
240.951 8.30878
240.951 8.2876
240.453 8.41869
235.079 8.21291
234.183 8.37413
230.657 8.23705
231.27 8.22956
235.281 8.3378
246.7 8.31696
244.7 8.28097
244.685 8.44357
244.685 8.41592
245.93 8.40898
245.93 8.32925
245.549 8.31068
243.957 8.27065
243.957 8.38659
243.957 8.43099
243.957 8.18427
243.957 8.42804
243.181 8.35268
251.028 8.36248
251.028 8.27756
250.963 8.32019
250.963 8.44446
250.963 8.35549
239.635 8.35571
243.261 8.33601
248.315 8.36912
241.115 8.31906
241.115 8.3409
244.095 8.26581
243.763 8.29818
240.269 8.39526
240.269 8.30832
239.986 8.31734
234.34 8.2692
241.137 8.43861
237.315 8.41812
237.859 8.4228
232.258 8.36343
245.677 8.29753
257.926 8.31091
252.866 8.34156
252.866 8.35379
252.866 8.40199
252.866 8.28105
252.866 8.33269
252.866 8.40948
252.253 8.44581
252.253 8.43098
248.751 8.43079
241.349 8.40439
245.36 8.23168
242.437 8.18176
242.437 8.25473
251.394 8.24008
252.02 8.32694
251.658 8.316
251.658 8.23845
247.926 8.39552
250.839 8.40038
244.578 8.25834
250.147 8.33785
246.494 8.29986
246.118 8.40826
245.42 8.39488
241.239 8.32574
235.798 8.3292
233.145 8.2516
233.054 8.46114
234.83 8.24668
235.639 8.32821
238.38 8.26874
239.711 8.43943
239.711 8.42658
244.053 8.25755
264.516 8.42773
264.516 8.22849
264.516 8.27163
264.067 8.38324
261.805 8.30431
257.079 8.35143
259.29 8.3754
267.385 8.32199
270.199 8.30575
272.107 8.34906
270.062 8.48392
263.867 8.26552
268.576 8.30267
263.632 8.35199
266.987 8.34431
262.906 8.36615
263.117 8.38474
257.04 8.2434
257.473 8.37838
259.706 8.24431
261.653 8.17847
262.098 8.39026
255.307 8.36759
259.837 8.32196
257.843 8.31559
257.843 8.38559
258.919 8.10676
262.514 8.21673
250.599 8.21018
250.599 8.25189
253.689 8.24834
254.836 8.31359
254.749 8.39719
255.357 8.32113
254.228 8.38998
252.092 8.40749
252.977 8.27635
249.15 8.40884
246.982 8.39649
248.103 8.40541
248.941 8.32368
247.192 8.29361
249.002 8.37009
250.034 8.27299
247.87 8.32097
242.517 8.35541
248.971 8.37194
248.971 8.24419
240.803 8.41679
245.149 8.31533
245.731 8.3825
243.673 8.22718
241.768 8.24875
241.768 8.19699
237.834 8.2417
230.572 8.20514
235.687 8.25627
231.752 8.23358
236.422 8.33273
240.642 8.15804
240.642 8.2608
240.642 8.15277
240.312 8.30013
241.78 8.37581
241.78 8.43998
241.78 8.32949
244.993 8.28487
241.971 8.29058
241.971 8.27347
241.971 8.2029
241.971 8.30404
243.263 8.43345
238.215 8.41175
238.215 8.34235
240.919 8.38558
