160.741 38.4419
168.589 37.0966
176.854 37.6408
164.775 37.0757
160.645 35.9356
154.743 37.1849
164.461 34.8724
166.371 34.4725
166.807 35.4113
166.085 32.7825
163.103 35.4283
160.159 35.9588
152.142 37.2721
143.645 37.3119
149.563 37.6867
157.301 38.3836
162.778 37.0276
151.627 36.595
148.784 35.2832
149.394 38.6094
131.077 37.5399
131.077 37.8369
126.772 37.5363
129.604 38.2233
117.881 36.2472
142.872 34.318
153.909 37.6165
172.739 37.787
167.039 38.8648
169.855 37.0218
163.722 39.3761
170.702 38.0579
176.838 37.818
176.74 37.0306
180.604 37.0093
174 35.1958
182.907 37.286
181.371 36.5144
168.351 34.5066
171.24 35.6115
168.687 40.1258
167.255 38.7769
144.665 35.0925
130.975 37.701
130.975 38.0534
131.484 37.4857
110.32 35.6041
117.549 34.4757
132.342 39.6728
128.314 35.2584
132.869 37.7442
123.833 35.0538
129.083 37.0461
121.96 37.1896
141.445 34.9211
136.477 37.1477
134.288 34.9736
135.459 39.1359
143.115 38.8523
127.384 38.3443
115.878 38.4624
124.858 38.0022
117.276 37.5142
119.631 36.7417
128.9 36.4944
130.82 37.8444
138.632 36.4303
145.703 34.2046
143.633 39.5709
122.22 36.3496
112.682 37.0037
106.432 35.4623
129.188 39.9
140.881 39.9032
135.552 38.5753
147.607 39.5897
131.591 37.1958
135.213 35.5111
133.931 35.2016
136.622 36.1211
140.046 35.4928
133.159 36.0161
134.449 36.7607
134.409 35.8663
134.282 35.5323
134.007 35.4218
140.152 34.6528
139.788 38.209
146.653 38.3584
130.349 41.7061
130.714 34.4452
127.886 35.7705
128.34 38.7107
136.205 36.5652
147.564 36.6898
133.501 37.5132
121.961 36.3732
135.246 41.5559
115.207 35.6783
114.446 35.9457
117.864 38.6192
115.601 36.4703
113.764 37.3295
122.08 39.3048
125.622 36.5141
129.205 35.7381
128.481 33.2572
127.102 34.7008
120.225 38.0174
104.064 39.2291
132.042 34.7974
137.225 38.3253
132.932 37.8796
130.328 37.1434
147.959 36.1582
145.254 37.3007
145.962 35.9824
144.014 36.5565
152.651 36.0745
135.353 36.5152
136.003 40.3665
135.324 34.2091
131.052 36.3895
130.58 36.8127
133.854 36.6218
147.152 35.2048
152.177 38.2362
150.59 36.3735
153.201 33.2704
148.763 34.7041
146.594 35.771
145.366 37.7986
145.225 37.6059
148.241 34.1879
147.604 37.1142
148.03 36.414
142.459 35.6965
140.163 33.9739
138.009 34.2068
147.443 35.4004
139.035 35.788
141.645 36.6901
130.539 37.9508
140.784 36.7448
140.218 34.2716
143.161 32.9472
143.144 36.1728
134.42 36.1829
130.396 37.0596
129.369 37.7493
125.428 38.6655
121.481 39.3501
132.252 37.5056
126.27 38.8674
116.061 37.9845
125.633 37.0815
127.947 37.5627
135.373 39.1229
127.005 33.2344
128.949 33.0959
124.58 36.017
117.779 38.0377
120.588 38.2745
129.065 37.7823
122.785 37.7728
139.988 35.1742
146.407 37.5466
131.409 36.5489
134.884 35.7384
146.149 35.9393
117.657 38.8876
125.784 37.368
123.636 37.1175
133.266 35.6233
127.582 36.6393
125.65 39.0428
126.649 35.17
124.769 39.5699
152.902 37.4839
140.561 36.9385
142.459 35.5171
149.374 38.1221
155.21 35.8715
168.198 37.6074
155.139 37.5557
145.827 37.8307
148.248 36.9434
146.279 34.9304
145.29 38.1533
148.717 36.8809
143.958 37.3445
141.1 38.6425
141.514 37.5978
145.667 36.3204
145.36 37.1915
141.377 34.986
137.625 36.8323
140.787 34.8168
138.457 35.4758
137.796 36.4305
148.791 36.1338
157.808 35.7839
141.744 36.8054
150.381 37.2237
147.401 34.688
146.467 37.6718
156.387 37.6801
152.254 37.8303
141.517 37.3858
137.657 37.1322
152.22 36.683
150.059 35.5044
135.082 37.9566
157.628 36.6422
164.571 35.0207
162.734 36.177
151.567 36.4624
147.049 35.5545
151.604 38.0862
146.963 38.5141
146.126 39.0935
141.787 37.7862
140.317 37.516
140.881 36.2714
139.521 36.1602
162.725 35.051
170.809 34.0965
182.727 36.5735
182.727 36.8838
178.668 34.3003
178.668 36.9802
164.132 36.6926
141.471 39.1622
147.622 38.0531
136.626 35.8623
133.796 39.0692
135.443 36.0582
122.971 37.664
122.362 35.7909
118.986 34.123
124.648 37.5495
126.526 36.6481
132.904 36.4578
133.834 35.3259
126.996 37.7709
142.734 36.2441
132.933 38.3494
140.515 36.4671
128.872 40.5515
129.115 39.499
133.404 39.5876
123.063 36.9952
126.795 37.1812
122.27 37.0612
145.811 37.0909
126.183 37.0538
119.608 36.2563
137.288 35.8156
137.236 37.4161
147.236 34.5003
152.696 36.9146
152.928 36.4901
146.353 34.056
135.168 34.4048
119.376 34.4417
135.582 35.2628
131.273 38.4418
148.148 34.2736
158.837 34.1936
146.359 36.5893
153.555 36.0715
141.279 37.7325
153.011 39.3473
165.441 35.5909
151.469 36.1492
155.242 35.6835
146.938 37.407
158.467 33.1843
163.089 35.462
137.011 36.3471
148.582 37.2528
157.485 38.2945
156.047 36.7147
166.425 37.0295
164.959 38.8716
151.566 36.3131
150.829 35.6258
140.158 36.2951
143.759 37.5486
139.648 39.8016
155.417 37.4091
168.06 37.6163
182.306 34.9406
158.807 35.892
180.545 39.0771
180.545 37.2605
180.545 35.4795
174.453 37.3496
172.739 37.6134
172.739 35.7807
171.283 37.6675
163.139 36.8083
170.72 37.6303
135.565 38.7338
136.9 37.1554
136.657 39.9875
136.43 36.5089
161.737 36.3585
157.119 33.5624
155.511 36.9272
162.434 37.1849
147.402 35.1812
156.482 32.6397
147.828 39.6366
121.991 38.778
126.344 33.9647
129.632 36.1344
117.394 38.9348
117.394 37.7166
117.394 36.9553
129.448 35.9956
113.375 37.9069
117.351 37.8708
120.815 39.7658
136.82 36.4843
144.35 37.0021
148.659 34.3252
129.101 38.5391
131.725 38.4993
136.778 39.6397
137.785 36.285
141.349 34.6227
131.567 37.0248
140.007 36.2093
137.982 35.5128
138.277 39.8516
142.357 35.3257
161.744 35.3807
165.849 37.6414
131.374 37.5427
146.212 36.1508
147.02 36.5446
162.126 36.9771
157.826 38.2984
154.519 37.7181
150.231 34.5713
145.464 36.5435
146.864 34.6539
162.848 34.3893
159.207 35.6362
157.052 34.5606
170.89 39.5366
178.952 34.5363
175.345 37.6344
189.493 38.1863
174.983 38.1711
170.463 38.2505
177.439 36.4919
183.142 37.171
187.14 38.1138
169.011 36.823
185.988 37.8151
209.978 35.5648
202.628 33.5976
210.06 34.7415
191.372 38.046
195.494 37.9365
185.125 35.8919
182.421 35.0691
182.736 36.7517
180.874 36.6182
182.568 37.9136
183.494 37.0858
177.494 37.0081
184.184 37.0775
190.852 36.802
208.09 36.0916
195.724 38.0078
184.102 38.5789
153.094 37.2029
162.77 36.9212
155.495 37.4291
139.893 37.5636
154.379 36.5668
180.672 35.5874
165.783 36.0084
164.62 37.686
168.071 36.8878
168.59 33.0902
173.066 35.7776
169.353 37.6551
176.434 38.7928
162.004 38.1368
153.962 35.6485
201.406 40.1805
161.708 38.9989
158.415 37.7035
146.367 37.0013
150.667 36.7821
146.202 35.6633
139.024 36.1138
151.597 36.7382
143.466 37.0288
126.848 39.0118
137.268 40.6061
128.14 37.4287
122.824 39.174
123.201 39.7653
113.182 37.1015
110.242 38.6426
117.105 38.7555
121.834 34.8336
115.687 35.7919
137.037 40.1221
144.255 38.7416
146.441 38.4133
158.857 38.497
158.171 36.2813
156.093 36.6148
156.093 37.0667
156.093 37.4491
186.205 35.7522
180.281 36.8484
202.377 37.8601
191.052 36.0738
160.554 37.8681
156.892 38.1585
116.702 38.001
128.961 38.5795
130.833 38.3591
131.034 36.9345
140.904 36.0388
140.904 37.1322
135.027 38.2372
142.984 38.5512
131.765 40.012
141.385 40.9516
143.966 36.4884
156.451 38.5817
145.212 33.996
136.987 40.3973
136.164 36.6266
153.297 37.8014
139.975 36.8883
166.589 35.0444
171.766 37.9097
156.527 38.0291
190.688 38.7036
164.018 36.488
181.901 36.4951
163.877 36.9916
171.412 37.0267
155.512 36.1213
159.724 36.4486
150.496 36.1874
170.754 35.312
155.081 35.1767
157.915 36.9375
158.213 37.92
147.277 37.5788
146.677 37.0056
143.836 38.7162
155.722 38.5342
159.172 38.6043
160.196 38.81
148.292 36.0167
160.015 35.7423
144.745 36.3905
150.914 38.0507
160.525 36.1218
200.754 33.9641
200.754 34.3715
188.91 41.1514
180.506 34.4273
173.615 33.8139
173.193 40.3709
171.553 36.6638
172.529 37.6404
178.759 37.7439
178.759 38.5081
167.841 38.6779
148.538 38.6972
153.796 36.7411
146.93 38.4644
154.982 35.4045
151.769 35.0948
150.997 37.9195
154.556 38.327
149.702 36.924
143.494 37.1334
160.188 36.1157
160.403 37.1255
127.609 40.2398
147.951 37.0716
154.711 36.4571
158.833 36.1897
154.538 38.3599
156.716 38.7065
155.796 38.4145
128.562 37.5586
127.556 37.7594
123.685 36.3292
122.398 36.9413
121.175 39.6096
123.151 36.4212
124.404 39.5964
140.078 39.5964
131.728 39.8052
122.655 39.6658
135.57 35.5123
132.933 37.9648
142.857 34.1135
142.127 36.1386
149.516 36.314
158.861 35.1696
162.286 35.6944
162.565 35.1066
165.599 34.6635
164.265 36.4049
165.983 36.1364
167.49 35.3695
162.049 40.1064
171.032 38.205
169.758 36.2964
157.002 39.3012
163.842 35.0067
153.076 36.4148
172.052 37.0666
175.658 34.8948
162.281 37.2773
136.971 36.4773
149.447 36.7236
156.986 37.2144
150.012 37.7182
152.383 38.1226
165.355 38.1039
187.714 38.7023
182.932 38.0058
175.589 37.453
175.217 36.9745
149.219 34.8731
150.012 36.0271
164.31 35.8286
161.126 34.7061
141.165 35.357
149.09 39.6703
147.156 39.8989
146.657 38.4895
144.473 37.284
143.826 37.822
128.511 38.3924
119.672 36.7355
145.369 35.4985
146.02 38.2257
129.06 38.7431
120.631 40.3744
136.21 38.1987
129.849 37.5918
131.618 40.239
127.401 38.9779
140.851 37.4522
131.08 34.5216
130.586 34.4748
117.363 38.8792
128.127 39.9607
128.534 38.1806
127.296 36.5412
135.639 35.5537
127.044 37.7435
126.788 34.6694
118.065 34.8859
128.025 35.3871
127.727 35.5298
125.621 38.3886
131.683 38.2708
128.468 36.4469
144.629 36.8831
156.698 33.6962
138.916 37.334
140.837 37.0072
141.137 38.2515
141.137 34.2592
145.709 36.3448
167.945 35.2662
174.542 37.2573
171.239 37.2192
165.027 36.2799
169.229 39.0939
178.559 35.9366
148.316 38.2803
164.156 35.8963
189.315 37.0328
188.772 36.2226
195.407 36.783
196.265 36.6664
210.994 35.6758
176.873 37.3495
164.759 36.1962
189.904 35.5458
191.445 36.6958
181.734 36.3263
195.903 39.4303
219.652 39.3347
236.408 37.9761
210.3 36.5423
185.094 36.2634
199.394 36.6921
183.081 35.9249
148.557 36.2039
144.401 33.7152
148.066 37.9485
148.711 34.5018
143.013 36.672
151.63 36.0224
150.76 33.35
166.009 37.4748
182.341 38.3083
167.897 36.4397
177.2 37.2137
166.32 38.234
156.693 37.1622
154.538 37.7532
146.926 37.8195
140.326 37.0215
128.236 37.9558
129.602 37.5623
128.484 37.5167
126.005 38.288
125.831 38.3218
116.289 37.8865
112.058 35.8224
122.648 36.3885
137.719 37.1469
135.649 37.771
131.449 35.0686
156.969 34.8517
147.041 37.1742
140.009 36.5011
159.151 36.7755
170.395 34.6557
149.995 39.1247
177.434 36.8748
177.508 38.2492
174.058 37.6657
181.563 37.1744
165.163 34.9778
159.811 36.6054
161.273 39.035
159.814 35.9903
173.143 35.9473
153.203 35.7269
167.574 38.7096
156.77 36.9032
159.769 36.065
141.901 36.1627
137.284 38.4232
137.284 35.3887
146.934 37.6762
158.566 38.4595
155.054 36.9554
153.845 40.0199
149.775 38.9485
131.523 38.3126
125.319 35.8916
126.547 37.498
134.347 37.9449
126.478 38.6857
116.929 38.577
115.704 38.6217
99.4906 36.5009
105.033 35.4338
97.3393 37.8531
100.663 37.7903
113.243 37.76
113.243 38.1499
121.838 39.2674
138.976 37.5015
162.092 37.932
157.32 37.1579
165.903 36.5605
177.653 37.1605
192.295 37.8973
201.143 36.7561
208.344 35.9485
186.354 36.7206
182.846 37.0697
168.516 37.2228
164.389 33.9247
164.65 34.6992
162.826 38.0599
160.971 35.0785
158.572 39.1606
187.842 39.6903
179.649 38.7554
169.811 36.1467
189.927 36.2355
175.411 36.3569
172.284 36.5965
162.723 36.7581
150.686 39.7904
140.892 38.1632
162.321 37.9842
148.489 36.6309
153.332 34.7524
134.96 39.8419
148.242 35.8394
149.713 39.9866
149.713 36.4424
147.596 36.4768
138.978 38.1707
128.996 38.1861
144.617 34.3393
129.817 37.3875
116.119 38.4475
112.699 36.2508
130.657 38.4741
136.047 39.3514
136.863 35.8921
139.242 38.2555
130.57 37.4979
138.345 36.8501
132.419 34.1531
132.419 37.4045
137.983 35.5633
143.122 37.7241
142.776 36.1765
140.667 37.1823
144.349 38.5961
145.054 36.4842
151.809 37.7857
148.088 35.1472
153.811 38.7588
144.939 37.7187
146.584 36.9702
141.814 36.8342
138.396 36.1989
143.103 35.3383
142.308 35.0364
159.349 35.2605
156.344 35.8569
159.215 37.9609
162.773 34.6359
153.926 36.2057
153.803 37.3283
152.838 35.7846
152.462 34.6472
152.352 35.8465
147.76 36.5181
141.845 36.1623
161.737 35.8859
165.879 33.6885
162.689 36.7194
176.688 38.7711
171.851 37.3242
156.004 33.9453
147.258 37.9366
155.366 37.4845
155.743 36.6331
153.242 35.5826
148.64 37.9057
159.909 36.8805
151.792 35.939
166.089 37.5289
163.514 37.5655
150.264 39.3375
150.672 36.0748
154.231 38.8736
131.202 38.4243
138.705 37.9241
134.672 38.1537
141.666 36.8838
153.674 35.918
154.656 35.6573
148.418 38.7957
139.688 37.4451
139.606 35.4561
131.015 37.8982
129.117 40.1037
138.755 38.3552
138.441 36.5535
134.106 37.3517
139.16 37.9833
151.662 37.4193
153.177 38.307
167.694 38.1963
165.143 37.2489
178.925 38.1195
195.492 37.3826
169.637 37.0092
138.529 37.9584
147.605 36.708
158.213 36.7443
158.712 34.6766
149.289 39.1951
137.397 40.8237
126.518 36.2233
120.254 36.5568
126.459 38.6928
122.673 38.8997
121.148 35.9472
121.148 39.3565
130.183 38.4907
130.585 33.1369
121.798 41.4181
121.859 37.1387
136.264 35.4004
126.434 39.4423
134.743 38.1389
149.3 40.5856
147.445 39.2874
150.834 38.1945
145.068 36.3025
162.105 35.3671
153.386 34.385
161.505 35.7747
175.621 36.1632
172.243 35.1777
176.824 35.5545
160.765 36.5334
140.983 37.4253
137.376 37.7871
166.734 38.7411
160.813 36.8258
180.649 34.3542
145.586 39.4067
164.346 35.5123
161.067 38.7516
147.408 38.3979
149.813 37.4077
149.333 38.1013
154.489 34.9896
148.013 36.2306
148.704 35.7103
142.222 36.0807
143.185 38.4469
141.549 37.229
135.881 36.5669
145.345 35.5474
128.743 37.7064
131.09 38.5356
134.083 36.2075
142.447 37.128
144.787 36.5016
133.97 39.0825
129.743 36.7486
125.937 36.9835
123.179 38.685
126.14 38.7143
133.643 36.4151
146.876 36.9638
133.52 37.4602
150.183 38.6654
150.111 38.5457
149.689 38.8957
152.237 35.1536
164.837 35.768
169.882 36.4385
168.255 38.054
161.501 37.0275
165.706 37.5081
159.638 37.9395
170.491 39.3523
188.599 33.9708
190.447 36.2471
202.607 35.2047
207.127 33.7061
197.513 38.7593
186.259 37.8827
238.017 37.5911
234.362 37.4229
251.693 37.1241
210.355 35.8543
191.335 37.3999
182.72 39.6489
181.011 37.3269
182.732 36.2921
169.464 36.2563
184.738 36.8877
211.152 34.2732
211.511 38.9832
199.813 36.2814
166.07 36.4994
171.763 34.5792
169.884 36.2948
159.135 37.1232
172.868 35.4784
175.62 38.4866
156.301 37.3245
147.771 33.367
149.409 36.841
155.655 35.1112
169.04 36.1629
165.35 38.0789
151.761 35.7552
146.7 38.707
150.665 38.8613
154.104 35.8103
152.558 36.6729
155.134 36.088
141.176 38.7931
136.183 35.5633
138.119 35.2332
126.112 39.2044
130.129 36.2516
119.995 36.4071
142.12 35.0861
141.061 34.8915
145.973 36.6945
169.531 36.7294
170.646 33.411
167.754 33.6216
178.099 33.6936
171.591 34.6169
164.281 36.3447
119.642 39.119
122.821 39.3741
130.841 38.3657
137.986 38.1617
129.495 37.9409
138.988 37.5802
163.582 35.9298
172.54 36.6474
164.501 37.0477
178.435 37.054
170.844 36.952
187.09 36.1913
206.044 35.574
200.801 35.4789
195.578 39.6781
204.34 34.276
210.381 34.8798
214.215 36.1031
190.885 38.3572
206.347 40.5437
192.212 37.9949
190.293 36.8781
172.645 38.6854
135.968 37.7874
125.522 37.328
119.724 36.4645
136.777 39.1128
122.951 36.876
122.297 40.267
125.488 38.0461
140.498 36.0501
129.908 40.3357
133.524 36.6623
128.206 38.7953
115.305 37.8472
113.236 36.583
127.319 38.696
132.229 34.3216
127.465 36.3425
118 36.3482
119.255 39.966
124.062 37.0726
116.556 36.0947
119.806 37.0763
105.177 39.2104
112.388 37.2371
108.99 40.0237
107.673 40.0529
113.411 40.1434
120.954 38.9238
122.433 39.1264
126.022 37.9292
125.578 38.323
123.56 38.0771
110.796 37.5378
113.32 37.5061
116.556 36.392
146.19 34.3627
157.872 34.2477
165.737 35.6465
161.819 36.8241
159.06 35.5811
155.937 34.1076
154.527 38.2337
156.49 33.4829
167.225 33.4135
168.413 35.1054
166.421 35.7872
127.011 39.7355
142.376 35.404
142.011 38.1699
146.059 32.971
149.856 40.0494
151.756 34.2799
151.756 35.0955
157.182 35.7987
157.315 37.7485
153.1 33.483
158.842 38.1142
157.372 37.9479
151.627 37.5145
145.65 38.5383
148.189 37.342
147.202 34.2854
139.123 37.1575
151.2 34.0144
172.091 35.0328
164.105 35.733
165.287 35.698
162.275 35.5113
156.701 36.2715
143.458 36.804
169.828 37.1517
169.828 36.134
189.077 37.9285
189.077 37.4824
186.342 33.6527
186.342 35.7738
178.154 37.3181
152.185 37.6469
142.361 36.9303
134.839 37.4673
151.552 38.4611
152.99 36.9647
151.111 37.4403
153.432 37.043
154.758 38.8993
142.998 37.5337
149.852 35.442
149.852 37.1008
135.875 37.3251
127.51 34.8932
118.169 38.0082
119.503 36.3934
137.145 33.4785
139.393 35.3076
145.963 38.8589
160.602 36.8492
152.903 37.9686
153.204 35.6275
154.866 36.0551
162.372 36.4321
135.054 38.2125
141.879 37.7617
138.821 36.2655
144.528 33.8852
153.32 35.0895
142.463 37.1985
115.755 36.7895
124.481 37.2301
117.708 36.0395
134.92 38.3134
133.227 35.661
131.754 36.3605
135.034 37.8236
136.388 37.3838
137.667 34.5435
133.794 39.3085
140.431 37.6412
130.183 36.6478
143.349 37.9461
147.254 33.91
136.601 38.1565
140.946 37.0862
149.269 37.9787
148.595 39.0736
150.555 36.0441
148.901 38.6495
162.682 36.4062
143.664 37.9953
171.456 35.8469
162.045 34.9166
168.68 34.4969
166.871 36.0725
162.173 36.5137
165.252 38.3275
159.589 40.0962
155.789 38.5304
160.296 37.2005
157.052 37.4066
161.051 36.7986
136.445 36.0969
137.967 37.0551
157.456 36.9912
138.421 38.3726
163.621 40.6403
132.314 38.5142
124.06 41.0204
115.319 40.557
111.89 39.0941
116.126 39.0393
123.613 37.9799
134.264 34.6478
132.797 36.7042
124.921 39.683
131.23 34.5062
123.655 37.1728
130.115 38.468
130.115 39.9339
139.609 37.1534
149.406 37.3279
145.289 35.6667
140.936 33.8383
149.161 34.4703
141.359 36.0939
120.984 40.7842
129.102 33.9227
129.434 37.3953
135.578 38.4012
152.242 36.2737
143.479 36.4372
139.721 35.408
146.2 36.4111
155.953 35.0124
161.663 38.4224
161.663 38.5718
148.625 36.0421
149.821 38.6461
138.458 37.237
119.522 38.4752
133.463 39.3653
140.154 36.1029
135.909 34.671
142.438 36.9782
141.875 34.5865
147.651 36.6752
147.651 37.6263
155.131 36.2181
148.069 39.9655
149.79 37.2659
140.168 37.4904
148.997 34.5717
143.006 35.2011
143.648 35.8813
126.047 36.2966
119.05 35.7695
158.226 37.4329
159.784 38.1838
170.32 37.2237
167.998 37.4933
166.706 38.5928
160.646 38.7792
160.646 34.3251
176.112 36.4283
176.112 37.5829
176.584 37.169
145.122 37.3712
156.336 37.8153
156.336 38.2332
153.279 38.5955
163.864 36.7805
172.167 35.5239
163.709 36.6225
173.996 35.8334
177.185 36.7172
176.25 37.2869
168.352 39.0081
163.773 35.9092
156.625 35.3611
162.138 36.6534
162.221 36.6059
146.328 37.6005
137.169 37.4213
130.008 37.5509
132 37.1442
121.703 40.3634
105.2 38.9921
115.805 36.3061
100.028 39.2711
111.865 34.8986
111.865 38.039
126.745 39.0271
132.293 38.874
119.711 39.4604
127.116 40.0837
116.125 38.7107
118.608 38.4039
133.771 35.43
120.639 36.8544
120.639 36.9597
136.642 35.8642
136.642 35.4382
114.836 40.7236
114.836 37.7748
114.836 39.5141
114.836 35.4424
117.851 39.4383
109.542 39.9267
114.124 40.8924
98.8374 37.6985
111.756 38.2987
129.649 37.7747
119.962 39.4356
126.77 38.5056
132.731 39.5477
132.57 37.3744
140.269 36.9655
134.092 35.5607
131.298 36.7482
131.38 38.4397
113.986 36.6536
133.134 36.0511
139.755 38.037
133.482 37.9812
142.938 36.909
154.089 37.1053
141.259 37.4102
154.304 38.5591
144.369 39.1333
160.782 35.5342
162.502 35.9212
169.339 35.7413
155.672 36.5507
132.814 36.471
117.717 35.1272
123.285 36.4318
133.806 33.2882
137.695 34.1202
144.785 35.1395
157.27 35.5534
142.138 37.8215
132.172 39.038
139.097 35.9747
111.822 33.559
139.457 36.7523
126.879 36.0459
133.328 36.0765
133.328 36.1796
136.567 37.2236
147.414 37.7536
156.399 35.635
156.97 37.6101
153.968 35.0246
172.503 33.8551
159.566 35.3124
154.263 36.1545
151.775 39.3942
148.457 38.5967
148.364 37.1912
146.215 37.9084
147.084 36.175
145.655 36.3234
133.755 35.8043
135.63 35.7012
125.165 40.1251
131.168 36.3141
124.84 36.9933
124.84 38.7242
131.521 37.4656
118.018 36.3069
135.601 33.9346
136.554 36.8908
148.759 36.4122
130.97 38.7191
136.237 36.1645
149.745 38.44
147 37.9386
148.004 38.7551
156.379 36.5603
147.073 36.87
155.215 37.115
163.116 38.6066
149.626 38.0648
170.188 38.9161
172.413 38.1372
181.101 34.8103
168.329 35.2774
151.278 34.9914
154.347 36.9361
159.402 36.4141
155.274 34.5582
157.007 39.1133
138.444 36.9626
147.419 38.2676
168.787 36.168
168.354 35.6568
168.354 35.7948
171.178 35.5991
161.39 34.8992
160.741 36.6753
185.197 37.7657
171.575 37.8733
164.305 38.378
161.969 37.6317
141.912 36.772
159.869 36.836
153.096 36.5712
143.582 36.979
157.293 36.6589
157.618 36.3932
163.244 38.3955
172.1 38.7825
179.028 39.9517
164.078 37.587
155.265 36.2083
154.26 35.461
154.81 37.0175
151.769 33.9866
150.093 38.6371
123.122 36.5693
126.361 38.3379
144.701 37.3171
153.783 39.0009
165.15 35.5616
178.672 34.9296
176.441 37.9683
173.188 38.518
164.909 38.3283
167.238 37.64
178.614 37.7261
168.549 37.6026
177.04 38.9364
171.577 39.4264
176.532 35.8997
176.532 34.1222
164.394 32.0312
174.243 33.9481
163.04 39.8472
163.531 36.8048
172.779 35.5446
182.748 37.056
178.604 37.133
164.185 33.7561
167.138 36.4806
169.322 34.5567
162.044 36.8874
161.279 36.9156
173.176 36.3129
145.489 36.8142
139.234 38.209
155.028 36.7686
134.087 35.5847
135.05 35.4992
135.461 37.7742
136.107 39.3381
129.387 37.2795
117.16 38.027
152.058 36.9338
152.124 36.4134
170.052 35.7147
167.319 37.0184
157.541 34.3397
147.528 36.8704
139.178 35.777
147.952 33.7547
155.98 37.7217
146.878 37.639
154.511 35.4649
154.511 34.5608
155.854 36.9145
158.612 36.078
161.211 35.511
149.713 34.6888
169.57 36.0759
161.582 36.8817
154.072 36.9907
141.021 35.7115
146.284 35.5787
141.743 36.6638
149.001 37.5555
135.676 38.5929
132.203 36.7098
137.337 36.4661
134.293 37.1165
139.135 37.7804
143.127 36.7808
144.814 36.8795
159.966 34.0057
172.986 36.1315
171.846 35.1824
167.381 34.4929
143.061 37.262
164.68 37.534
149.27 36.9706
146.596 38.6915
157.439 40.4032
175.391 36.4912
173.986 41.6892
175.58 38.1609
166.55 37.819
157.786 36.4231
131.211 36.5233
133.257 36.1897
127.474 37.0199
127.908 34.8461
122.417 38.4968
121.894 36.1163
144.734 37.4474
146.782 40.0488
123.693 38.0528
119.439 39.207
126.857 37.5908
139.338 36.1775
146.626 35.6932
146.626 37.8878
150.81 36.6665
170.931 37.6104
176.783 36.452
182.127 38.0741
179.468 35.2359
167.262 37.6188
171.824 37.9933
165.251 34.8509
172.273 36.3643
177.411 38.0712
172.185 36.5992
163.459 36.2821
159.029 36.9774
153.947 38.3317
153.914 37.2972
136.527 38.3851
136.536 36.2521
133.422 38.0305
149.384 36.3541
149.576 35.7055
142.911 37.1857
117.256 34.5822
134.439 34.5023
138.457 38.1767
126.247 37.5708
138.643 36.8591
140.814 34.2543
167.462 36.4343
163.424 36.5783
173.78 35.7792
164.818 36.8285
161.467 33.8508
162.225 37.732
165.574 40.106
163.403 35.2067
154.673 36.9087
155.234 36.3797
145.171 36.4942
136.55 39.6132
134.623 36.2526
137.296 36.4665
122.442 38.304
122.101 38.304
137.328 37.8732
139.253 39.46
138.551 34.985
135.177 35.9303
140.956 35.9076
128.783 37.5325
133.859 40.4367
144.905 34.6017
139.313 37.2657
135.729 35.7447
143.421 40.1763
143.195 38.6175
142.922 37.1614
142.657 35.5376
128.632 37.7789
140.01 35.1902
147.084 36.8986
150.534 40.2932
130.131 38.1831
145.272 34.9593
148.351 38.9666
159.834 38.5533
149.584 38.2801
157.188 35.668
165.804 36.5974
135.265 37.2434
149.933 37.4529
146.689 36.58
155.15 37.7113
145.429 38.6046
117.584 39.1152
131.393 39.0489
140.862 38.7803
143.932 34.9594
143.573 36.2715
150.48 38.0913
144.252 38.2492
146.999 36.0216
146.689 36.0624
138.193 39.5276
146.964 35.4625
159.92 35.7512
140.996 37.2755
138.397 39.0241
144.759 37.1274
131.894 39.2551
157.617 35.906
151.928 37.324
148.708 36.6474
160.475 37.5616
168.696 37.6441
167.424 38.2904
154.71 37.1389
174.243 35.4691
175.748 35.5949
166.008 34.6467
149.423 36.6577
149.496 37.1643
149.091 36.5809
145.584 33.9794
141.532 33.0649
134.622 35.6775
142.124 33.7412
163.893 37.5763
147.804 38.7965
148.806 39.9072
153.269 39.6938
153.542 36.1741
150.246 36.4607
148.485 40.0223
146.679 36.7137
136.223 38.5284
138.676 37.8752
146.525 37.5433
160.613 37.9949
155.66 39.3918
184.139 36.4162
188.7 39.0713
190.261 36.2274
160.715 36.3999
152.462 37.2778
135.637 37.8368
124.957 39.4767
126.634 37.0556
136.017 38.7687
138.334 38.3053
136.753 37.3666
137.521 36.1144
140.286 36.8704
141.244 38.5625
141.802 36.5499
140.772 34.9857
132.052 36.8056
133.664 40.1962
141.868 37.7899
132.965 37.0063
138.013 35.2337
132.49 35.3155
136.545 35.214
119.568 37.2453
125.064 37.4229
132.437 39.2502
148.776 38.3656
150.008 34.466
140.96 36.9954
142.618 34.9048
126.956 36.8462
120.729 35.1788
131.868 37.4939
146.548 36.6306
136.268 37.8153
135.142 39.8607
137.618 34.4782
136.652 35.9646
149.798 36.6702
152.25 36.8994
145.404 38.2191
151.252 38.5302
131.817 36.9308
142.557 35.3745
140.522 35.332
141.795 36.9742
128.174 38.4214
143.748 37.2313
130.971 37.8182
123.229 36.457
130.867 36.0016
123.625 35.9984
133.809 36.3177
139.61 35.8566
122.16 36.4732
132.609 37.5633
117.074 39.6114
120.09 38.7321
125.369 36.6328
126.39 36.549
125.579 39.4301
126.638 34.6816
131.777 38.0337
133.472 39.5533
147.318 34.4706
159.53 34.6966
159.53 34.8984
147.917 36.4791
135.132 40.5268
127.205 39.0362
128.967 37.6145
138.365 37.5142
134.335 40.4072
138.364 37.8233
151.014 33.5581
149.54 35.598
158.471 36.8744
170.794 36.0676
170.361 38.3378
174.454 36.2854
181.873 39.4879
185.443 35.4552
175.68 35.6342
174.503 38.8642
171.901 39.0285
152.369 37.0496
141.959 38.2067
151.048 37.2247
166.32 39.8256
166.32 36.5236
143.724 38.5655
143.724 38.2484
135.687 36.9612
136.034 38.0707
145.293 38.0804
151.137 37.04
117.779 40.1644
118.828 34.6481
112.583 37.3499
115.849 36.7031
128.204 37.7417
126.478 36.6594
134.511 37.0373
136.778 36.8082
140.864 37.5195
139.954 38.7085
145.943 39.0829
150.134 38.9957
145.13 38.149
143.117 38.003
145.322 32.7393
132.328 35.1252
127.368 37.2211
122.426 38.0737
138.033 36.1755
140.732 39.047
139.485 34.57
141.991 36.2435
125.041 34.7451
112.669 38.8493
131.149 38.5707
123.183 35.04
127.129 36.5983
125.893 34.8048
138.484 35.2275
113.378 35.4776
120.548 35.563
128.908 34.9843
129.582 37.9077
131.341 37.7557
134.073 36.6252
129.953 36.6313
148.42 38.5438
151.94 39.6885
154.057 35.7701
155.088 37.1149
155.358 33.2282
152.751 35.593
147.798 37.6608
143.715 35.6887
166.471 38.5659
144.546 36.6301
150.454 36.3859
147.515 37.7697
145.415 34.8762
154.204 35.9218
157.942 35.2857
137.64 35.6103
159.701 34.9616
146.322 37.1336
134.824 36.6567
134.865 35.4833
142.664 36.1522
119.037 37.3545
136.95 33.8415
140.699 38.219
153.111 37.5159
167.049 38.1016
156.51 37.9938
156.553 35.9632
151.171 35.487
154.608 34.0973
151.564 35.7839
152.309 35.181
163.116 35.18
169.473 37.9803
167.576 37.9829
151 37.3005
154.578 36.605
144.037 39.7811
150.239 36.7274
145.592 37.5639
162.85 39.1461
162.85 35.0948
153.156 34.296
152.695 36.9567
143.489 36.57
138.631 37.1279
144.594 36.5238
148.027 34.8451
124.547 35.9564
139.76 38.3778
143.923 40.1071
154.879 36.4376
136.136 39.3076
156.61 37.1567
154.503 36.1964
160.125 35.5852
157.883 36.5789
152.101 34.5681
147.484 33.9063
159.78 34.3777
145.421 34.8044
136.544 35.0851
129.472 36.5276
145.653 36.2829
145.653 36.407
142.041 37.1258
134.249 37.4086
131.038 38.179
133.99 37.8225
136.146 37.2799
143.418 39.0556
157.308 38.0517
140.357 36.2097
135.521 34.4015
130.864 39.4479
136.662 37.7827
139.086 37.6948
153.255 36.2727
138.486 39.1172
133.023 39.0723
115.295 37.0833
125.951 38.1392
132.927 37.8803
126.403 35.5975
124.365 33.6659
128.646 38.6359
135.182 35.4747
131.822 35.5934
124.174 38.7848
120.346 39.5632
120.831 36.5774
126.355 36.6796
131.332 40.132
132.566 40.5325
125.778 39.823
128.787 35.7396
123.07 38.3507
144.577 35.6184
145.417 36.3705
144.878 37.1218
148.518 38.5251
163.183 34.794
156.331 34.915
160.025 35.7001
163.556 36.8534
158.494 37.5274
170.984 38.8404
185.924 37.1791
176.455 36.5414
171.294 36.8812
163.74 37.3083
179.579 37.8303
189.047 37.3517
189.83 34.133
205.774 36.3057
195.947 36.2748
193.127 35.8586
192.486 36.1298
187.714 36.1503
190.811 38.0006
151.708 37.7035
146.174 39.0005
156.528 37.6823
149.05 37.8988
158.674 36.4893
160.243 35.7679
179.2 36.3482
166.389 36.4255
170.14 34.5284
147.524 38.391
147.548 36.2435
144.422 39.4501
140.678 39.3339
141.006 36.5454
134.935 38.7908
133.966 36.2224
140.385 37.0821
130.482 37.9045
127.238 38.3578
137.3 38.3576
150.839 36.1602
153.584 37.6276
158.354 35.9113
156.39 36.0794
146.333 34.6177
142.406 38.4415
135.605 34.0014
133.274 39.1677
142.014 39.0824
129.832 39.0985
125.51 37.8861
117.639 39.7535
115.474 33.8173
121.981 35.373
131.717 35.8521
138.057 37.2853
129.035 39.175
129.358 36.5672
137.198 35.4135
132.94 38.0485
130.598 36.3424
135.697 36.3652
139.208 36.1296
146.235 34.6135
150.809 38.3828
138.15 37.7012
141.774 36.7276
138.871 38.0386
129.617 36.5401
133.42 35.5049
124.457 35.845
122.427 32.7098
115.672 35.5076
115.672 36.4887
120.058 37.0401
118.509 37.4883
116.171 36.1766
125.031 38.5798
138.957 39.7993
152.508 36.9361
140.885 36.9862
161.713 35.2842
163.466 39.0638
159.687 39.097
157.622 36.4208
157.665 36.0716
155.488 37.4455
167.222 37.9241
156.268 34.358
132.888 33.3938
135.907 36.0528
155.266 33.7907
147.887 37.5114
148.649 39.532
155.617 35.7059
145.262 33.9841
152.336 37.1536
152.77 34.7003
164.743 34.7821
160.532 35.6342
166.528 39.278
161.813 37.0482
145.622 35.7239
148.896 40.1138
139.487 38.4924
143.304 37.3629
135.559 34.1342
147.284 35.0693
141.378 39.6957
147.818 36.9793
144.245 34.2352
155.45 34.1905
151.039 35.456
156.595 36.529
151.684 39.3801
146.913 36.52
133.463 39.5119
143.175 35.6245
134.394 38.3385
131.612 37.9283
118.302 36.9917
120.846 35.0849
113.622 38.9165
105.017 38.1098
120.386 37.5309
124.229 36.7814
123.211 37.111
128.87 36.8193
130.514 37.1313
130.391 40.3534
127.712 40.3349
123.919 37.9904
140.433 37.1195
132.545 35.6275
123.176 40.1014
165.004 36.7602
169.46 37.127
177.186 38.3917
197.885 37.3166
200.599 37.5879
182.931 36.9806
187.268 35.9324
202.505 36.5979
193.356 37.442
220.073 36.3815
183.587 38.2051
187.036 36.6293
190.194 36.2347
158.036 36.5424
158.099 35.5146
187.17 36.4765
166.295 36.6252
158.616 35.9039
164.349 39.0723
152.709 35.9417
142.622 36.0651
162.274 36.3244
186.368 36.6198
186.633 39.1922
201.306 34.8585
192.783 38.5776
194.454 35.4819
178.83 37.0174
179.272 36.4547
159.627 37.1484
152.416 36.4424
146.776 36.1424
139.261 39.8155
142.836 39.4936
156.365 34.3597
136.393 39.047
144.381 35.1882
154.853 34.0214
150.27 36.7396
127.449 35.2192
150.885 37.149
142.867 37.7693
162.141 39.7022
144.891 38.3669
156.417 37.6942
149.825 34.5741
150.452 38.8459
126.785 37.2448
141.26 35.8555
154.334 34.8684
150.08 34.9474
150.08 35.2739
146.884 38.4785
146.432 35.3033
132.863 40.6632
131.499 37.2286
124.923 38.2618
125.921 36.0962
126.276 37.7367
135.061 35.6507
151.51 36.3827
150.358 37.2866
151.641 36.7404
132.447 36.6709
129.863 37.2122
109.25 36.7207
118.971 37.9954
110.971 37.9339
118.803 37.2271
119.149 36.162
122.316 36.9962
133.054 36.2321
126.691 36.0842
123.623 35.1264
123.623 39.0868
123.623 37.5763
131.596 33.8637
137.92 37.8897
135.961 37.7171
144.507 36.4825
138.96 37.1656
133.205 36.6089
125.054 37.7481
148.542 34.4739
142.043 35.7379
137.233 36.3633
130.347 37.0368
123.084 40.1198
140.188 39.3233
168.395 34.2549
158.57 37.3109
145.505 37.3249
158.334 36.3555
151.659 35.2029
156.086 39.6006
155.483 36.489
163.417 35.8928
167.197 35.2678
167.197 38.278
165.565 37.8666
155.439 39.347
145.2 37.1301
154.016 36.0952
144.996 35.411
136.057 37.3204
157.964 38.8668
173.828 35.9155
172.336 36.2199
172.14 38.508
161.613 39.4967
160.122 37.4599
155.393 37.7576
166.186 38.0543
157.331 35.42
159.711 37.8498
169.782 34.8859
174.692 36.8241
166.635 34.4845
148.6 36.6777
172.034 36.4285
168.093 35.0962
158.174 37.5405
162.013 36.0819
143.205 36.8712
152.823 38.7445
167.483 35.2612
162.304 34.5136
143.618 39.2726
140.795 35.8763
146.614 36.1938
132.068 33.343
138.969 36.9424
137.017 36.1712
139.036 38.4173
140.944 35.9358
161.62 36.8656
179.668 34.5375
159.279 34.5939
181.906 34.3604
185.928 35.1679
181.569 36.3667
165.968 36.3407
177.216 36.3087
165.564 36.3142
176.904 36.0533
166.648 34.2058
165.763 34.4936
157.593 37.3112
157.593 37.5845
154.655 36.8115
159.651 36.0687
178.7 37.5133
180.189 37.1953
201.861 38.378
201.861 37.545
185.291 36.8018
183.19 35.7893
178.126 36.3372
166.934 36.1023
178.846 36.5834
183.351 34.1875
179.826 37.4004
157.021 36.6327
152.319 38.8111
157.757 37.4572
143.117 37.104
148.175 38.1262
140.135 37.8299
156.408 34.6373
152.639 38.7443
157.843 34.8518
149.802 37.444
146.802 37.4083
138.159 38.2085
127.507 37.2572
154.147 36.7707
140.517 40.2156
139.561 36.183
135.34 37.0034
134.736 37.1563
132.471 37.5721
137.211 31.8582
147.979 36.3425
128.732 39.4242
139.646 34.7328
140.905 36.2821
134.146 34.3355
136.264 34.3284
127.312 35.0896
136.467 38.3476
133.236 38.2443
139.26 37.1779
129.538 37.1822
139.111 36.6002
159.583 35.5413
155.42 37.2472
156.416 36.6562
154.707 38.7966
156.417 37.7294
166.351 36.4035
145.186 38.0326
143.361 38.606
149.235 36.2045
146.983 38.3104
178.208 37.7091
176.025 36.9653
183.669 36.9236
177.182 34.8588
155.326 39.1843
151.428 39.6844
154.114 34.3803
145.446 37.8937
142.943 36.1995
139.161 38.874
124.501 40.2898
134.115 38.6077
131.894 37.4443
127.846 41.0577
138.459 37.189
129.851 40.0125
128.175 34.4722
124.721 35.9809
132.386 40.2293
126.779 36.8871
102.095 37.6749
139.205 39.7349
142.916 35.7555
135.922 38.8563
143.88 36.0818
163.427 37.5176
161.707 36.6268
157.787 36.1245
138.271 36.4439
131.591 38.2732
134.881 36.5294
128.636 35.1998
139.241 35.0188
151.027 36.147
139.848 35.9813
157.914 35.4561
157.211 37.318
151.165 35.6109
137.946 38.2139
137.882 35.2635
143.025 35.9777
164.779 38.4593
162.014 35.4933
152.947 34.3408
148.471 38.9059
149.935 37.671
140.139 38.2096
142.822 40.1062
134.893 36.5958
132.892 36.33
135.772 37.2712
142.754 36.8736
138.571 33.3761
128.079 31.9605
118.454 37.4333
125.681 35.9532
124.871 37.2022
128.401 38.9811
117.489 35.4669
120.809 37.0785
118.242 38.2847
105.264 43.1445
107.429 39.1885
103.461 36.0159
122.825 36.9029
112.56 37.0681
123.435 34.2586
122.838 35.2217
120.471 39.0733
115.691 36.6374
117.853 37.4781
114.775 37.9394
111.2 39.0602
128.683 36.5321
160.899 38.1569
139.275 37.5502
143.183 37.4113
152.105 35.0258
148.914 37.3425
145.85 38.4721
161.923 38.9023
161.308 35.1424
138.743 32.1616
151.129 36.9583
147.831 37.4609
134.964 40.4381
114.725 37.6315
120.618 37.5648
122.086 37.3872
122.769 38.6415
111.836 41.2412
129.667 38.0021
121.155 38.446
124.537 37.5064
126.366 36.7775
133.381 35.7422
132.665 34.0644
137.371 36.6113
138.077 38.4777
133.053 36.779
119.034 36.7979
105.867 35.5675
104.394 38.3966
103.357 36.3894
112.194 36.853
123.422 36.3819
114.151 37.9287
114.151 38.5673
114.151 35.9774
125.691 35.829
120.199 35.8642
114.564 36.1011
119.464 38.6859
126.194 37.0475
128.311 35.7251
129.19 36.1674
137.344 38.3002
137.496 36.2378
140.246 35.1856
137.152 38.9344
143.358 39.729
157.446 36.7739
129.685 38.5333
124.928 38.3451
128.727 37.9273
136.881 39.5743
117.88 36.2075
118.515 39.1325
119.16 36.3425
123.833 41.8983
140.222 34.4091
139.867 37.6459
124.295 36.3223
144.015 36.7361
146.876 36.0067
153.143 37.2629
155.14 35.5465
145.961 36.0624
130.491 38.7274
134.93 35.8974
134.623 35.4037
134.051 36.037
139.454 35.6941
146.859 35.9376
132.467 34.8569
148.281 35.9958
156.139 34.7999
156.139 35.5615
151.463 38.0978
141.306 35.9309
159.272 36.3038
159.803 36.5365
183.502 36.008
181.398 38.1036
173.624 36.3894
151.969 37.1137
157.156 38.1931
155.663 37.9988
151.587 37.3176
159.503 31.6563
145.266 36.3703
137.916 36.797
166.771 36.4306
160.614 37.3398
161.75 37.4681
137.771 38.7351
162.502 37.8554
168.742 34.7849
165.477 39.6115
165.477 36.2204
144.734 37.003
139.271 36.1802
140.752 35.0316
142.281 38.3046
132.687 37.0725
128.23 35.9749
138.03 35.2889
119.237 38.7059
139.098 35.5249
131.753 35.4872
139.082 35.5427
141.191 38.1146
136.767 36.0532
136.58 37.2202
159.977 34.5358
157.335 40.1598
152.414 36.0908
152.296 37.5998
154.727 37.441
153.322 37.6273
143.344 37.3027
142.165 36.4481
141.254 35.6975
135.835 36.6337
130.707 37.8558
133.025 37.7736
140.129 37.2606
148.485 38.6571
136.435 38.0207
126.701 36.3762
116.889 39.4328
135.425 35.4398
144.668 38.464
142.554 36.8165
140.938 36.2689
136.785 35.7085
129.975 36.0834
138.504 38.9214
170.666 37.1678
167.363 36.3329
157.994 38.2804
157.541 39.2524
163.475 34.6053
162.576 37.67
165.969 35.0383
169.13 37.8746
164.181 36.8912
170.442 35.2436
154.095 34.2262
137.254 37.1717
148.831 39.2022
145.216 33.3817
141.81 39.5564
126.313 40.2444
136.029 39.7361
141.289 37.7826
147.088 34.907
150.376 36.4032
143.473 35.9015
148.536 35.4026
138.604 40.2448
159.993 37.7877
142.617 36.6992
150.265 36.187
151.226 33.8433
146.023 36.5442
146.96 35.9407
153.115 36.6026
138.563 36.9746
129.737 37.8635
127.905 38.0703
132.077 38.6115
133.659 38.035
132.339 39.7369
149.895 37.8721
131.448 37.3911
128.911 35.5667
129.996 35.5832
122.285 37.056
129.299 35.4845
129.756 37.3679
135.464 35.2483
145.887 37.0518
149.709 38.8203
175.921 37.3205
165.992 34.7114
176.503 36.4948
172.263 39.8585
175.327 37.8497
155.322 36.2477
164.092 36.313
151.884 37.7949
144.619 34.2177
135.727 36.9599
135.727 36.9619
147.428 35.1764
149.497 39.9996
155.091 39.1211
150.038 39.6591
148.733 38.5062
141.113 40.3815
166.537 39.5061
169.059 37.2164
143.052 37.6018
128.031 38.1686
132.394 35.9235
132.177 39.7009
128.819 36.9839
143.307 34.2656
141.803 38.479
149.467 37.9875
132.599 38.9977
133.093 38.3402
131.829 37.776
146.432 37.7659
137.349 39.2567
149.882 36.3449
143.138 36.1184
147.435 37.4122
139.736 37.4119
134.364 38.9869
133.93 35.7968
129.742 34.5032
122.649 38.8178
114.664 37.8673
115.159 37.517
114.772 38.8842
114.716 38.9241
119.611 37.919
118.092 36.6534
115.071 35.2815
103.939 33.4771
94.1609 38.0375
99.1794 38.7174
99.1794 37.7383
98.484 37.0484
98.0102 39.8251
111.376 40.3583
124.486 39.4241
120.079 38.3086
130.117 36.3296
130.916 38.3612
125.436 33.4789
121.488 35.991
120.102 38.322
122.327 40.9214
127.889 37.7806
139.027 34.97
146.656 38.6567
164.383 34.1369
155.608 35.159
151.663 34.8008
153.338 36.87
143.291 38.3299
153.426 36.0629
138.446 39.1577
154.496 39.6301
154.496 36.0723
167.212 37.1697
164.324 38.429
158.172 32.4371
152.961 34.8995
154.572 36.9835
182.296 32.3866
157.074 37.446
163.082 37.8947
159.558 38.7175
163.702 36.4064
149.95 35.714
160.012 35.0549
149.568 36.5987
169.773 36.5379
153.716 36.0319
138.485 33.9062
149.303 35.648
145.831 36.9675
157.115 37.7569
147.631 35.8009
146.426 35.0234
143.806 36.6773
148.122 37.0589
146.207 36.7611
152.776 36.2019
160.484 36.7746
177.187 35.4152
160.075 36.0425
180.617 35.9853
186.774 37.3191
177.515 31.1032
166.211 36.1683
161.652 36.8835
140.75 40.8187
146.406 36.966
157.487 36.5567
156.486 37.5797
142.699 35.1908
153.248 35.5775
133.545 34.8528
127.787 39.9393
113.193 39.9275
126.971 35.7195
126.971 33.4431
131.107 36.7936
131.107 36.1288
122.874 36.6953
119.744 39.3179
120.259 37.242
114.299 36.9769
116.187 40.9481
129.085 38.8098
141.39 35.7745
144.297 35.2163
135.246 34.0839
132.782 36.8033
124.717 36.6575
121.411 36.2572
138.762 37.5578
138.762 37.8406
148.831 33.6163
141.206 36.303
150.826 37.8595
133.37 38.0134
139.794 36.2979
124.766 36.9203
127.151 36.3611
123.413 36.0071
122.82 36.7046
123.881 36.9374
123.719 40.1162
124.445 38.1036
125.681 37.2398
135.884 36.5664
142.577 36.107
139.925 34.1443
138.794 37.544
157.824 40.5164
180.207 32.6848
180.207 36.5608
180.207 37.1509
178.228 37.2525
164.62 39.1416
181.552 35.0972
161.787 37.2544
179.619 37.32
186.233 40.0648
172.366 38.5856
141.061 39.485
160.143 38.0496
167.559 39.8334
151.899 39.9831
161.521 36.5464
127.52 37.3115
142.389 37.5283
133.162 39.1589
150.134 36.6634
140.629 36.2604
155.295 34.7754
156.089 34.3731
147.976 36.8113
136.875 40.0852
136.812 35.1235
141.858 33.871
140.091 38.5666
133.52 38.4549
155.535 38.6406
149.623 36.6618
156.713 38.5391
137.781 39.3299
142.396 36.9023
145.637 38.5319
141.073 34.9901
135.556 36.3684
131.072 39.0796
134.754 37.1232
150.39 35.3145
138.042 38.0899
138.712 39.7777
153.565 36.6759
148.912 34.1617
116.706 38.0905
136.47 37.9166
136.411 38.6201
145.564 36.0943
131.75 37.0037
143.159 35.735
126.837 37.6747
128.072 38.6679
147.403 34.7132
133.722 36.602
134.205 35.3132
137.87 37.3396
154.472 37.3415
151.748 38.4919
147.416 34.642
120.353 34.8424
124.723 35.1618
133.237 36.1782
127.191 37.5069
142.325 35.6215
127.569 35.5001
117.576 39.525
135.031 39.0255
167.325 39.8826
161.886 34.7327
172.742 37.52
186.271 36.8501
168.168 37.9078
176.77 36.0333
193.063 38.4052
156.204 36.9976
170.807 37.2114
180.067 36.9879
178.921 35.416
166.039 39.1244
140.505 36.4099
138.634 36.4535
142.673 36.6286
143.407 36.4529
134.138 36.1846
146.439 36.5875
152.754 36.5744
149.647 36.6392
147.983 36.8056
142.144 35.9826
132.189 35.6491
134.942 37.8765
131.733 37.1739
102.886 38.2678
113.373 36.501
120.334 35.8127
125.913 40.9446
141.06 35.1002
131.476 38.6367
126.496 38.6605
123.837 37.6287
124.642 38.4696
129.987 34.5617
143.289 34.9525
155.173 38.1704
155.977 37.9253
151.248 36.7475
154.143 37.9931
140.603 38.3194
140.603 38.9419
140.701 35.9372
138.161 38.2413
132.501 36.0281
133.522 33.557
123.067 35.9552
113.217 36.6277
108.663 35.9029
118.25 38.1084
114.264 38.7858
128.277 38.1984
112.29 36.1943
131.907 37.803
153.608 37.1693
135.137 38.3005
132.663 39.6662
138.772 36.5984
129.631 38.2608
142.72 33.6957
151.303 36.3113
158.19 34.4577
161.025 38.0054
160.24 35.4094
167.847 33.2421
167.849 39.0527
167.849 37.5394
155.925 38.0797
170.423 40.1919
169.284 35.7405
149.004 35.807
149.004 34.9471
163.359 36.3291
149.439 35.5663
152.358 38.3138
162.772 38.4312
160.552 39.1449
153.677 38.6703
151.662 36.6328
153.295 36.3823
153.656 40.7825
151.905 37.3751
151.679 37.0711
141.686 35.2614
150.478 37.98
150.845 34.8576
156.758 37.9047
161.467 37.5128
157.399 37.7049
173.649 38.2134
175.052 37.9199
164.165 34.6722
173.335 38.511
136.79 37.5411
155.9 38.0763
147.715 38.1995
140.984 36.9022
132.436 36.9904
127.758 34.4626
138.883 37.5072
124.97 35.3355
118.591 38.203
141.112 37.5716
157.731 36.8744
148.857 38.1917
149.553 36.2782
153.908 38.4429
149.54 39.2894
163.829 35.1409
146.805 36.4442
144.992 34.7369
148.288 35.4927
148.807 36.5828
159.047 35.8494
156.143 37.2027
139.328 35.4501
151.82 37.7669
151.121 36.6795
146.198 36.5032
135.959 39.1981
138.444 39.0278
153.431 37.1334
145.859 36.1894
128.938 37.4961
139.091 38.212
142.753 36.215
153.29 37.3593
162.046 33.9108
162.759 33.8331
160.922 38.4403
134.022 40.0741
142.57 38.2937
147.417 36.0713
148.628 39.0301
139.123 35.8937
137.698 38.5222
132.62 36.8745
131.868 36.4266
129.596 37.9663
138.687 37.0525
124.792 36.3123
123.241 35.2226
134.479 36.6681
136.582 35.1853
131.814 37.5728
140.593 38.8061
151.325 37.5978
134.181 37.1031
125.888 37.7717
133.875 36.9404
133.255 39.2612
138.127 40.0859
127.384 38.143
137.527 40.9268
128.158 36.6315
119.597 36.595
113.245 38.2964
132.706 35.4967
125.902 38.2982
144.695 35.9501
159.427 32.9526
175.426 38.3297
175.379 37.8555
186.015 34.3435
186.015 35.1012
155.916 37.0914
164.043 35.1882
164.746 33.3131
162.222 37.7376
158.348 35.885
163.795 34.5129
168.698 37.6435
172.926 35.7177
167.214 36.2948
168.568 36.2308
152.689 36.0459
167.192 35.6259
166.63 35.5902
151.85 36.9125
154.11 37.1665
154.895 34.0346
159.828 34.6862
139.908 36.4278
133.363 37.078
134.219 36.9393
134.201 40.3567
132.498 37.907
127.583 39.4208
131.022 37.5788
118.32 37.0715
137.952 35.7037
135.954 33.7268
133.961 35.2412
145.325 36.7066
152.856 32.9452
129.346 39.0072
131.519 38.2888
125.681 38.0363
137.66 36.8762
137.846 37.9639
133.357 36.6126
133.432 36.3823
133.321 35.7629
129.523 34.2494
126.501 36.5043
129.732 33.8961
131.304 37.1434
119.387 35.9987
119.387 38.6359
109.666 38.4402
119.964 34.5371
112.821 36.3859
103.862 36.763
127.319 38.4391
124.785 36.8004
114.111 36.7958
120.74 37.4825
147.726 37.7685
139.876 37.8364
131.557 37.314
133.963 37.7412
108.149 38.2951
116.242 39.249
120.518 35.9523
120.573 38.6244
128.067 38.8547
129.114 35.7968
146.124 37.5839
160.59 35.1243
156.409 36.2639
153.962 36.0563
153.962 37.386
148.136 37.8267
155.908 36.5128
150.931 36.0927
150.931 33.2799
158.912 39.2491
150.594 39.0939
148.971 38.6393
142.252 39.3511
166.75 40.5048
163.997 39.6668
163.997 37.5501
173.075 37.881
141.796 38.0674
150.011 36.7407
139.394 34.3025
128.044 38.9734
139.091 36.5437
124.34 38.9703
136.169 38.6467
135.577 38.5032
131.649 34.7947
124.383 36.3486
142.596 38.3647
133.777 36.7303
133.844 35.695
136.066 36.312
125.467 37.7326
127.008 36.2082
131.713 37.7488
136.453 36.9759
141.116 36.0823
137.92 37.65
144.358 36.2825
163.58 38.0948
140.559 35.3325
137.747 36.0771
139.387 39.5747
139.157 37.1783
141.388 39.6905
146.708 37.1398
131.973 41.2165
139.939 34.6957
142.994 36.7026
136.127 33.953
134.969 37.3357
145.723 37.8994
161.883 39.5995
160.605 35.3775
166.187 35.795
166.686 36.006
170.479 35.0461
172.785 34.938
160.868 35.1184
163.766 35.9164
163.766 34.1766
145.652 37.8674
149.375 37.758
151.255 37.6624
165.651 36.8915
170.526 35.8697
143.994 38.5972
162.768 36.01
166.743 36.5675
147.473 36.4461
172.105 34.7264
194.581 36.5248
177.869 37.0602
192.636 37.1954
164.668 39.5036
168.298 36.4826
177.819 36.2166
155.303 36.6441
168.365 36.7089
138.747 36.3625
128.59 38.3301
122.436 39.3189
123.035 38.1168
132.386 35.2582
131.63 38.4872
173.588 32.233
174.331 38.0643
203.17 34.8134
192.316 38.5272
178.845 39.0715
180.47 34.2678
168.502 35.1422
158.705 37.4589
143.023 36.7032
142.196 38.2476
143.34 36.3513
140.751 37.5043
125.847 36.2083
131.38 37.7629
130.123 35.95
130.108 35.9261
131.309 37.13
139.668 40.1885
132.134 38.0581
124.424 37.6443
110.394 36.9272
112.756 36.4269
119.907 35.6616
145.579 36.0263
135.834 37.5365
140.699 36.088
139.502 38.178
172.557 36.4278
177.446 34.3992
174.533 37.9994
172.563 35.081
171.153 36.059
134.036 36.7513
135.799 38.5978
133.397 33.7105
116.465 37.7874
127.953 37.7476
117.791 37.6236
119.762 35.6241
109.717 39.0929
121.641 39.3745
141.363 38.689
125.722 36.4951
137.942 36.9652
131.153 39.1814
147.332 35.6008
128.386 35.8923
166.465 35.1815
183.878 35.7321
170.668 36.2471
170.668 36.7579
164.525 38.836
149.779 36.2521
144.031 36.4297
167.019 36.1552
150.497 37.587
157.721 34.3313
146.323 36.5044
159.179 37.0671
176.393 37.8206
209.749 37.5448
174.302 35.9735
172.359 34.9696
168.631 36.3051
145.923 38.5722
144.808 37.3742
141.857 36.916
152.882 36.3815
136.137 36.5811
139.265 37.6566
139.451 38.5298
135.7 37.9224
128.31 37.3286
138.571 36.9203
141.273 37.4272
160.981 35.726
150.497 39.7276
162.176 36.9799
177.515 38.055
164.308 37.2724
169.572 36.3031
174.743 37.2824
166.258 37.2635
169.3 37.2283
171.516 37.5219
166.07 37.7307
146.301 36.1095
148.567 38.6885
151.639 35.2002
135.929 35.7065
134.149 34.7892
140.173 40.4066
145.734 37.5572
142.957 36.1027
143.261 38.0801
138.796 36.8515
155.751 37.1717
142.996 36.9989
139.914 36.8606
129.398 36.4689
133.372 36.4652
148.862 35.1895
147.586 38.2455
149.271 36.1212
149.686 35.0319
157.784 37.3165
172.482 37.3065
179.381 38.4833
178.503 36.995
155.291 37.7062
153.018 36.4564
151.842 37.2228
151.701 36.6648
153.015 36.6957
150.314 35.2207
139.173 35.2733
162.323 38.3764
149.243 37.5323
155.987 37.5184
145.29 38.0694
140.961 38.3656
133.188 38.7774
156.888 38.804
178.395 38.9851
169.987 36.1999
172.669 37.5174
150.327 38.7723
142.954 38.5858
150.572 38.0982
150.783 33.5284
166.497 36.0561
170.212 37.8198
161.609 37.3016
153.012 37.0786
159.84 36.5116
159.394 37.5807
146.169 36.9477
141.209 39.7384
143.818 34.9892
141.721 35.0407
151.332 35.5856
137.991 35.0884
141.877 36.1707
142.915 36.7063
142.19 36.7345
142.391 35.5691
142.891 37.3081
138.342 36.4472
127.617 39.9093
141.501 38.2423
147.734 36.6649
159.953 36.7194
159.352 37.5234
160.736 36.8363
145.366 36.8259
151.378 35.6292
156.44 36.3912
147.925 37.3933
158.75 35.8411
155.099 35.1802
147.468 38.5172
136.399 36.9365
136.399 36.7113
143.928 36.4735
149.654 36.7477
164.691 34.1842
163.509 38.789
163.721 39.1451
162.235 39.7684
151.589 35.4298
153.659 34.3557
153.589 40.7184
150.43 37.5115
142.547 35.0081
135.34 37.7501
134.022 32.5452
128.568 38.9287
124.464 39.7041
127.622 38.9771
127.555 35.8232
127.555 39.4318
119.599 38.1278
130.111 38.6847
133.248 37.9328
130.2 36.4185
130.2 37.2784
134.696 41.1985
123.235 37.5292
131.342 38.4407
126.835 36.6111
116.95 38.2765
112.567 38.9792
112.745 36.5009
116.581 37.0941
108.095 34.9097
119.095 39.7799
128.174 41.0783
129.466 34.3667
129.674 34.8721
139.468 39.0103
127.432 35.9177
139.245 35.1883
142.405 35.1198
142.036 34.7357
145.237 35.4033
136.945 34.99
162.023 34.469
161.236 38.1569
162.058 37.9614
160.533 37.986
167.011 37.2496
154.906 38.8809
169.096 38.2151
155.534 39.5463
141.065 36.0925
150.657 36.1982
148.029 36.2079
136.415 36.9204
140.893 36.173
138.928 36.8472
146.152 34.9437
156.718 36.4959
148.342 33.6325
120.235 37.5653
121.107 35.1875
121.107 35.6488
112.347 37.7552
111.702 36.9358
125.946 37.0114
156.638 38.6638
145.275 37.0149
138.374 36.7223
137.646 35.7904
131.272 36.7989
130.635 35.0407
140.307 37.0602
149.728 37.9593
149.345 35.3614
143.48 37.3201
148.249 39.2149
162.986 34.7004
145.38 38.216
152.755 37.8531
155.384 37.0948
150.284 37.7112
147.973 38.5427
164.969 38.4608
148.338 34.9482
150.062 35.2135
143.971 36.9636
151.777 34.3404
150.818 35.436
172.087 37.1437
162.887 36.4854
165.703 33.4703
137.798 40.3532
149.218 36.6133
138.841 34.9553
135.491 38.0218
121.894 37.8016
127.664 38.1608
124.015 38.6944
123.546 35.1441
125.185 37.536
141.051 36.4511
135.397 37.2541
135.795 36.7997
145.679 37.8617
139.248 37.0414
153.015 36.5552
130.229 37.2048
148.107 35.5729
155.012 34.954
160.597 35.9812
154.132 36.0756
160.864 35.6818
142.534 37.1571
147.104 33.7087
146.05 33.8633
138.85 35.7179
139.72 38.6037
136.1 36.7391
129.753 36.4127
141.026 36.7557
124.91 39.0238
134.116 37.2219
122.484 39.8311
127.505 35.623
131.948 37.8643
134.971 34.4106
133.581 37.7287
133.581 37.4181
128.167 37.8145
134.556 35.7241
141.606 36.038
140.072 41.1738
132.441 37.2153
130.497 36.8513
142.273 37.947
149.068 38.7626
154.151 32.8152
147.397 36.3665
148.146 36.7295
160.586 38.2056
161.047 38.4623
162.774 37.4578
160.743 37.6611
142.991 38.524
138.343 38.0247
140.825 36.5003
154.267 34.725
154.844 33.5799
159.966 33.8384
136.169 37.0205
145.754 34.9095
138.263 37.0627
133.055 35.6593
150.263 35.3165
162.594 34.6988
160.994 37.2317
165.827 34.4286
151.229 37.5541
137.567 38.0164
139.708 36.299
139.358 38.0612
126.39 35.3615
119.061 35.814
117.739 37.7639
115.38 37.4055
137.577 34.596
141.929 35.8316
137.687 36.7439
119.096 38.773
119.096 34.0515
119.096 35.9919
119.096 36.1603
119.096 36.3187
110.374 39.2148
120.825 34.4375
117.193 34.6756
147.536 35.5125
129.966 34.9452
148.178 38.4241
136.409 36.4243
153.236 35.4578
143.979 33.6081
135.293 40.475
123.304 36.1971
123.228 37.6346
115.633 36.6682
130.108 37.9403
145.326 36.4785
130.78 35.5791
153.128 35.7908
143.254 35.5664
156.69 37.5179
157.465 37.0787
154.328 38.8786
149.225 33.1409
156.014 34.2754
160.67 34.8121
164.838 35.4252
148.038 36.6411
163.83 35.752
147.407 35.8729
160.265 36.7715
160.234 35.6096
160.234 36.2039
158.271 40.216
160.214 36.3632
162.206 34.419
134.785 38.447
126.555 38.3474
137.977 38.1143
124.511 36.2573
130.188 36.9669
124.253 34.461
130.911 34.9775
130.898 36.2789
114.376 34.3067
119.36 35.7757
140.615 38.4221
136.043 39.2264
125.727 39.635
122.851 38.1939
117.984 37.3487
123.604 36.4261
122.344 37.8332
115.126 36.0023
107.301 36.6784
107.301 37.5692
113.415 36.7163
107.204 38.0981
132.299 38.3704
115.367 38.5416
117.62 35.6189
116.221 38.551
128.139 36.8875
129.875 34.729
134.106 35.9963
131.787 38.9408
132.116 36.1401
135.406 38.3989
145.479 36.8906
150.164 38.1147
168.713 37.0244
150.956 38.4578
150.042 38.1779
149.936 38.6242
147.888 38.3
137.886 33.5491
130.64 38.3248
140.161 36.6394
135.153 35.3813
139.213 35.4712
141.189 37.3937
127.833 36.5213
135.314 39.0148
146.26 37.4281
129.907 39.4968
125.937 37.8792
126.85 37.335
131.212 36.0891
153.091 38.2186
160.173 38.3519
147.92 35.3286
143.836 37.6257
138.451 36.802
134.582 38.042
133.132 35.9247
137.607 34.6647
140.207 35.1743
140.65 35.5829
129.349 35.3091
136.107 36.1394
160.652 35.7963
150.031 34.8896
142.028 37.7903
145.728 36.9246
145.723 36.1635
155.083 35.4036
163.813 34.747
146.919 36.3521
185.509 39.7848
186.014 38.5393
190.433 35.5974
240.299 35.5185
199.963 36.5864
185.056 38.4616
184.249 32.8385
159.865 36.0949
155.513 36.2793
140.905 39.0273
141.97 39.1782
140.521 37.1336
135.368 37.2778
135.686 35.946
143.285 39.0402
136.765 37.5207
131.031 38.0853
117.025 35.0412
120.471 35.2251
141.425 33.305
166.908 34.0893
150.042 35.136
138.337 34.8594
138.337 39.5105
127.751 36.4258
134.279 36.3436
129.848 37.9588
134.403 39.0524
167.535 38.484
154.107 35.6796
144.542 35.6693
137.53 36.2372
165.668 38.4992
153.794 35.775
173.12 32.7789
166.405 36.9477
145.383 38.7483
145.195 40.2071
146.572 38.9195
142.287 38.2236
144.244 36.9269
153.522 36.2823
160.225 36.381
138.828 39.1187
132.572 38.7199
137.91 38.0811
144.408 38.3509
142.443 37.4119
155.514 38.07
155.514 36.2469
144.28 36.0012
147.802 40.5789
128.541 36.614
132.996 38.3458
132.996 36.961
127.272 38.927
127.329 36.5959
140.627 36.1118
139.255 37.9185
135.674 37.7401
128.515 35.0843
130.047 37.5458
129.322 37.428
133.648 39.5549
143.028 39.0873
116.589 42
125.103 37.136
129.139 36.6194
133.406 33.1612
139.453 36.5362
138.368 32.8172
128.679 34.5438
130.685 33.594
120.364 38.6588
128.393 39.0582
130.253 38.683
130.253 35.145
143.093 36.7315
151.592 35.6045
161.718 33.9313
154.372 38.5372
154.973 37.5186
181.538 38.6241
153.741 38.1673
177.371 38.1101
195.777 38.1518
178.941 37.3191
160.755 35.6368
161.114 37.0286
151.527 37.7085
145.804 37.0452
151.334 39.5675
153.178 36.7819
140.407 36.0381
140.407 35.1993
143.56 35.5787
148.688 38.7823
148.743 38.5873
153.412 37.2784
157.699 35.575
155.974 36.4361
143.027 36.8304
156.308 37.0091
134.69 36.0365
132.792 37.1218
132.792 37.3958
160.49 35.0909
138.906 36.7785
139.324 36.5382
136.581 39.3893
144.931 36.009
149.178 38.064
136.583 38.3548
133.042 36.6995
146.124 34.5596
143.883 35.5166
131.282 37.862
133.984 36.8736
141.754 35.0262
141.754 37.4783
142.452 35.8089
133.183 35.7103
119.76 38.3596
119.774 38.2459
120.826 36.4638
124.967 39.1469
124.324 39.4152
124.912 36.0723
130.252 33.9704
125.975 36.0372
120.821 37.8957
123.356 34.2638
134.905 35.7696
124.831 39.3272
129.92 36.485
129.809 34.5476
117.443 35.4976
117.443 37.3073
138.817 36.2969
141.139 34.6152
148.087 35.5939
124.833 35.1131
120.199 38.3539
118.976 39.8826
122.11 38.5133
122.414 37.6784
127.182 36.3046
138.21 36.5281
128.215 38.4882
140.741 35.2566
156.348 35.5551
156.895 35.173
156.895 34.886
140.307 38.3729
142.013 35.7217
136.123 37.9595
136.153 37.5221
136.515 39.7548
133.047 35.2207
147.196 37.5764
154.443 36.635
138.347 36.4096
138.68 33.4641
136.911 38.558
147.594 34.0551
151.906 37.2178
130.299 36.2155
117.239 36.2485
108.128 40.7847
149.394 36.5751
126.124 36.2617
144.564 39.279
126.962 39.0272
139.448 34.8487
127.556 37.4408
132.509 38.3982
139.17 37.1166
130.342 35.5535
130.851 38.4076
131.025 37.87
126.965 35.809
123.949 36.0802
122.511 36.4675
118.018 38.5185
125.422 39.2789
138.882 34.6539
144.989 35.2926
151.832 38.5407
141.613 36.4296
137.015 37.3907
126.584 38.9419
132.654 35.7838
134.868 36.0454
134.03 37.7377
142.76 35.6308
134.057 37.2462
142.423 36.9611
147.355 37.9435
132.395 38.3856
128.834 35.9152
120.929 36.0159
117.254 36.643
124.662 35.9153
139.099 38.5171
138.403 37.9825
157.986 36.0409
137.211 38.1473
139.947 36.2168
142.005 35.0715
141.458 36.7198
144.697 37.1102
128.051 34.15
116.299 38.8186
130.899 37.5026
137.989 38.5482
128.823 37.2839
133.531 35.6624
159.404 35.1976
162.751 33.5783
158.816 34.1436
136.911 37.5471
142.957 38.4616
158.125 39.3736
155.551 41.9807
177.623 39.877
188.347 37.763
185.901 34.0717
187.521 36.8425
195.658 38.8055
175.319 37.3568
152.445 38.1906
178.513 35.9852
179.88 34.3797
192.096 39.6282
182.39 41.3527
178.767 36.2247
197.168 35.6111
182.257 34.5866
195.736 35.749
191.959 36.8201
196.469 37.7494
170.756 37.6994
158.686 36.5102
181.145 38.2576
182.404 36.1751
179.752 36.3169
182.036 36.5355
175.046 36.9521
158.362 36.6188
145.473 36.4255
152.682 38.108
165.902 36.2316
164.714 33.7805
151.552 38.8695
156.497 34.5649
133.813 37.9679
154.253 38.8889
150.665 36.0999
154.663 36.8052
151.888 34.7499
156.929 38.0712
134.953 37.6315
142.522 37.3747
140.112 37.6497
144.126 35.474
129.669 39.7493
123.628 35.6381
115.618 38.308
121.622 36.9078
134.597 37.4353
133.341 38.9111
141.599 35.9656
132.91 35.0538
132.936 33.8669
141.998 37.8369
142.21 39.6344
149.363 36.0111
144.449 35.715
142.754 38.2957
134.093 37.947
129.856 38.4222
156.611 37.6991
145.443 34.8155
158.557 37.2438
151.86 34.9002
142.366 34.0352
147.385 37.6394
134.59 38.2824
132.395 42.079
140.286 36.6098
139.58 38.6579
139.617 39.4581
135.546 39.0702
142.574 36.2028
142.523 38.2981
143.708 36.7232
151.492 38.7256
148.764 35.1771
141.12 36.4517
134.711 39.8577
144.738 35.7968
141.015 37.6974
117.468 39.8551
113.005 38.3919
128.993 38.1233
133.17 37.0233
141.053 36.8526
141.053 34.614
135.066 37.5484
129.699 36.8292
141.864 40.0101
144.516 36.5219
128.675 37.4372
117.649 37.9961
132.195 35.4534
138.865 36.9346
130.31 35.0524
119.813 36.3222
127.222 37.829
122.067 37.2891
122.312 36.415
130.084 37.5918
136.948 38.9629
141.202 32.0245
144.36 36.055
143.533 39.3667
144.556 34.9638
150.109 34.9547
140.471 38.2459
123.159 37.0861
133.8 38.2594
128.437 36.7183
130.046 35.04
134.331 37.2824
130.993 36.3338
133.987 36.3457
115.212 38.066
122.162 36.7826
126.171 36.9359
124.018 38.4682
143.109 36.1164
133.436 37.7267
134.751 37.7458
124.96 38.7304
120.754 38.1891
122.089 37.5337
126.827 36.2917
127.885 37.9333
136.357 37.8442
136.35 39.2166
136.344 38.3625
142.833 34.6247
134.875 36.3002
132.027 38.9036
148.937 35.4701
145.042 38.4855
169.986 36.7222
172.284 37.1353
166.993 38.119
142.095 35.9747
136.339 39.8264
124.27 37.1113
124.27 40.132
133.755 35.6511
131.716 38.3407
132.149 38.7729
128.623 37.3882
149.824 33.9549
150.979 34.567
138.881 37.5303
145.31 37.054
121.44 36.4134
125.587 41.4404
135.096 36.1368
134.158 34.6808
141.332 35.6703
150.408 37.6368
140.579 38.5679
140.579 37.5184
132.593 37.6109
110.585 37.6317
124.467 37.6486
122.996 38.333
122.404 38.9272
121.182 37.8134
126.056 38.3633
129.922 38.3133
130.548 37.0542
138.28 36.8535
128.407 37.1484
129.783 37.5923
150.062 38.5705
174.723 35.8783
171.505 36.333
155.19 36.7797
164.057 37.1653
171.696 33.6325
185.636 34.5364
171.682 37.8447
170.413 36.1591
157.801 38.6163
161.971 36.8961
157.312 35.6488
167.892 36.4166
143.616 37.1537
148.003 38.7136
134.659 39.4597
140.866 36.853
154.62 34.3306
151.688 35.8209
153.458 37.2792
152.854 37.2634
161.959 37.5872
147.652 35.8697
141.503 37.1393
145.975 37.3448
156.227 35.657
155.318 36.2697
145.511 35.8462
154.042 37.6374
163.081 35.4088
155.968 35.2439
154.817 33.9862
163.111 34.4487
155.66 36.8765
156.815 37.0634
161.121 37.1181
152.1 37.8223
153.654 39.7132
153.74 37.2143
154.6 34.3434
145.874 37.1062
144.491 38.4838
140.93 33.7061
140.466 39.328
143.792 35.5385
147.29 36.3973
137.75 38.3827
149.357 35.9583
149.333 37.6907
162.966 36.758
189.583 37.5332
194.899 33.8396
171.589 37.2568
169.889 39.0871
157.888 36.1603
148.328 35.8136
165.045 34.9968
150.897 34.191
162.336 37.7839
156.606 42.3195
139.721 37.8273
127.781 39.5762
137.545 38.6522
136.76 37.3792
132.186 39.8107
154.835 36.8935
169.992 35.689
157.043 37.6844
156.412 38.1028
153.701 37.7018
153.701 36.9001
152.793 36.3009
154.994 35.8057
154.994 36.9364
158.874 37.6123
150.972 35.4665
151.467 36.8118
166.146 35.9972
146.82 40.5057
135.951 34.2672
140.367 37.7015
135.862 35.8383
127.469 38.4096
123.018 37.4561
115.057 39.8335
106.757 37.231
120.276 39.7413
131.612 37.3346
127.548 37.2936
124.107 38.4382
112.301 37.9358
101.776 38.151
114.671 38.1823
106.987 36.3441
107.919 37.507
112.285 35.9588
116.448 35.1482
123.096 37.5831
129.68 36.6291
123.822 34.4646
128.388 34.8467
114.044 37.7268
114.209 39.152
121.272 35.8024
121.272 37.06
132.636 36.0036
140.935 32.9683
142.876 38.9008
133.159 39.0399
126.807 39.6708
149.403 35.2085
136.895 36.7686
133.494 36.0233
137.911 35.8671
134.268 35.4648
130.512 38.2578
142.388 35.8808
122.337 35.5425
135.676 38.6372
132.806 37.8763
128.621 38.1366
134.199 36.5834
135.548 37.124
133.711 37.4033
143.058 35.7864
148.726 35.314
129.879 36.7384
136.417 37.8392
149.767 38.0043
154.214 37.9934
158.973 36.303
152.774 37.0594
147.784 39.12
153.666 37.383
166.665 34.4612
153.201 34.6696
156.708 34.5206
155.844 36.3513
154.084 35.2397
154.377 37.6191
156.449 37.8723
164.037 35.5325
167.164 35.0772
168.783 33.9478
163.549 38.5091
165.517 36.0668
164.81 35.0358
162.766 38.8499
146.686 35.552
149.616 35.7673
145.329 32.5716
153.041 34.9116
146.793 38.341
144.437 38.5507
163.327 37.6727
168.554 35.8614
146.924 38.4303
148.069 39.3007
146.295 37.1982
122.212 40.0116
121.933 39.3484
129.727 37.3591
121.539 34.8483
113.967 38.2954
120.418 35.7668
146.779 36.3422
157.099 36.1954
165.231 33.944
161.304 35.3756
156.315 37.0049
147.177 36.905
152.909 35.8925
146.39 36.5184
161.706 38.8482
160.363 37.522
167.414 35.2085
160.624 35.3882
161.445 38.1016
157.814 37.2835
144.876 38.2921
144.107 38.6262
144.062 36.9201
135.983 39.4184
148.321 38.3922
153.695 38.3346
153.107 40.6554
133.749 37.3512
146.358 38.8164
153.125 36.5745
149.321 36.5246
149.321 35.9975
159.61 34.8386
151.158 38.0394
142.26 38.2097
161.168 35.7805
159.174 36.0711
173.99 36.4899
213.846 36.0391
188.273 37.6734
190.774 38.1007
190.774 38.1997
190.774 34.0431
171.695 38.8698
121.419 36.9654
118.421 38.3016
122.811 37.5787
104.521 37.1586
128.564 36.7287
127.24 36.7956
134.314 37.3058
126.438 38.0112
140.717 34.6525
143.281 37.0229
148.904 36.0749
154.181 34.8168
154.869 37.1267
149.778 34.9505
157.372 38.6404
130.73 38.4681
130.73 37.8691
152.569 37.9323
155.738 34.9002
166.412 33.7646
138.529 36.5469
144.919 34.1718
143.971 36.619
159.173 38.4973
152.449 38.2358
134.229 37.8792
132.715 37.1428
145.541 37.0111
123.84 40.3538
125.271 35.4206
133.852 34.9233
132.069 37.2607
121.854 36.4122
124.169 39.1802
128.366 38.4186
122.809 39.0014
126.992 39.4177
139.079 37.8621
134.196 37.2103
124.047 37.7173
135.346 35.6096
142.594 38.5731
134.695 32.5079
132.301 36.1462
142.506 37.4422
142.506 37.9138
146.05 37.7972
144.233 37.5586
160.786 37.9864
164.537 37.5735
178.92 39.175
149.408 37.6968
156.598 39.8308
147.93 36.8681
141.288 36.9667
146.585 38.0084
154.742 40.4956
162.534 37.3947
148.876 37.8092
163.774 37.2649
166.978 37.6514
171.416 38.7727
151.99 35.2438
151.523 37.4138
152.22 40.8982
151.39 36.3285
143.362 39.2416
143.32 39.6071
145.796 37.8094
133.813 39.6333
120.436 38.7031
126.539 38.9673
132.14 36.812
141.943 37.257
140.886 37.7906
151.136 38.1383
168.974 34.866
161.044 36.6761
129.85 39.4852
139.691 39.261
140.642 34.9729
153.081 34.6791
157.582 35.5461
162.273 33.201
159.476 36.1528
159.781 37.4827
172.725 37.9725
172.725 36.0832
163.276 38.971
170.813 38.4768
165.307 35.7397
144.336 38.4171
151.847 40.6121
151.984 39.9444
146.325 38.811
155.781 33.4563
156.028 36.8426
137.123 39.7555
157.915 39.3406
142.278 36.4258
142.278 36.727
149.625 35.5895
141.091 35.9003
149.476 36.7148
161.908 37.8292
177.307 38.0329
172.385 38.0092
166.376 37.1738
170.367 33.771
173.45 37.1291
192.34 34.5317
202.614 35.3223
163.372 37.9894
162.753 35.3049
168.151 34.166
159.646 37.8337
168.456 36.3272
157.56 37.3004
135.287 35.0164
137.76 37.592
140.604 39.6783
141.889 38.0872
153.729 39.7028
186.818 36.9984
165.83 37.8953
166.616 39.8577
173.234 37.5485
169.733 35.2708
169.733 37.7139
150.404 37.3078
155.604 34.6491
138.931 37.409
138.38 37.6903
141.638 37.9269
148.224 36.2121
143.502 37.6661
137.451 40.2231
170.034 34.2896
168.115 36.1801
198.328 35.784
191.825 35.8532
197.598 35.7318
182.273 39.0204
162.422 39.4397
175.561 38.6817
161.895 35.7793
162.402 35.4022
162.402 36.5408
176.305 37.5913
156.134 35.543
143.236 36.425
153.501 36.9701
150.298 36.6465
145.714 36.8794
144.848 37.1628
151.631 35.2392
146.797 39.8535
170.805 36.8341
168.061 39.8517
156.171 36.9768
160.989 36.1907
154.888 37.5576
160.943 35.7844
158.064 37.5234
151.452 38.8963
133.836 37.6074
135.319 37.4064
115.642 39.0372
141.825 35.0611
141.198 37.3904
146.674 35.8577
149.669 37.3492
161.603 36.1658
215.07 36.9107
190.039 36.8611
172.052 34.8866
175.028 36.2009
173.723 38.3509
166.333 39.4985
156.818 39.3534
165.817 34.4311
161.423 37.6389
166.685 36.613
160.647 36.7392
153.055 36.3273
137.716 39.272
129.145 36.807
127.492 38.0002
144.741 39.0968
146.904 37.8626
156.899 34.3817
152.877 32.4699
137.802 37.5092
134.577 35.7874
123.156 38.3699
123.156 37.9316
123.156 36.643
111.932 36.9681
111.801 35.0278
110.289 36.4829
123.238 35.5892
123.238 38.0497
133.502 38.1257
133.466 39.3398
161.979 38.3675
153.167 38.9401
146.366 37.2863
137.746 38.7345
121.367 36.5807
121.367 39.0698
113.331 36.8368
109.921 36.284
134.082 39.5493
134.082 31.9926
133.134 36.4134
134.092 37.3928
129.307 37.0124
135.639 37.0722
135.492 37.1123
134.869 37.08
134.041 37.1976
141.662 37.927
131.144 38.65
136.571 38.3937
135.952 35.4849
135.187 37.1474
144.62 37.4366
139.882 37.5642
141.727 36.7202
134.961 37.2292
154.832 36.0589
147.318 36.6121
146.092 38.3017
156.999 34.3618
138.669 38.6738
138.795 36.897
143.526 39.2691
146.491 39.0717
143.093 37.0548
139.912 37.8603
140.684 35.7643
141.369 35.8569
118.564 36.5631
138.473 36.8034
150.665 36.4488
145.32 37.3037
149.994 40.283
134.558 38.1282
142.816 34.6705
134.341 34.5324
143.497 36.3639
143.486 36.8355
136.633 37.0936
153.032 36.2637
152.983 36.9333
143.35 35.7186
164.354 32.57
169.372 33.8597
170.33 34.7157
170.699 36.4752
159.406 38.6529
168.339 36.495
164.724 37.4178
159.803 36.515
156.805 36.6769
165.301 37.9529
151.537 36.7029
155.488 34.6256
151.72 39.8744
159.189 37.2467
158.302 35.5875
152.267 34.7317
127.553 39.9145
154.788 35.1902
147.692 38.8392
134.754 37.5759
124.528 37.2568
127.217 38.6664
140.25 34.7717
138.444 39.14
136.437 37.2675
151.884 39.4644
162.979 36.826
155.2 39.7733
144.325 36.7425
151.81 36.2419
179.446 36.5816
162.79 36.0315
155.985 34.6372
167.642 34.5872
131.229 36.4652
127.285 37.0886
119.757 36.9913
126.267 36.4153
126.812 35.6171
114.207 34.3245
121.089 38.1186
143.528 38.808
148.48 37.5729
144.315 35.5279
133.529 36.3507
138.263 37.1249
131.723 36.4929
128.567 38.0999
133.167 35.7489
133.098 36.6269
134.822 38.2931
133.876 36.8096
128.625 38.3497
146.77 39.8093
150.268 35.7632
124.169 34.5808
135.091 37.2527
148.265 37.5963
171.025 38.7863
155.537 39.0084
144.977 39.1223
160.979 37.9019
151.49 37.5551
143.911 36.1639
146.656 35.3983
147.856 34.8694
158.725 33.1256
161.86 37.3314
154.827 38.5975
160.326 36.6742
155.698 37.503
148.788 36.2476
146.427 37.0735
151.287 34.9377
145.311 37.5055
160.554 36.7744
156.783 37.6376
153.983 35.3589
146.296 37.3855
155.71 37.5395
154.502 37.3731
137.461 37.2558
168.089 34.6067
172.159 38.049
153.747 37.1507
149.743 36.8936
145.172 36.6348
151.109 38.0454
158.49 35.917
151.814 36.6032
138.835 38.1428
140.127 37.769
145.281 38.8689
137.595 36.8103
131.129 35.7211
144.396 35.1358
142.65 36.6064
160.86 35.375
164.089 37.8142
136.226 36.769
151.99 40.49
137.72 39.2659
152.717 36.6407
151.011 34.7752
141.318 37.3361
155.596 35.9043
171.358 37.3139
158.269 36.9908
153.853 35.9341
153.061 36.7156
154.706 35.525
152.381 35.559
158.799 35.8477
163.922 36.6841
177.253 34.2462
148.655 35.0254
128.178 37.3249
147.437 36.1853
150.472 38.9561
143.258 37.5347
159.729 37.9103
136.387 33.8968
158.165 36.9495
146.904 36.4336
168.737 35.9204
164.341 35.7665
170.193 36.3948
166.402 34.0106
175.754 37.3559
151.938 37.6647
140.609 40.7024
152.517 35.9101
141.343 37.4336
151.412 38.252
142.181 37.3587
152.741 37.9636
154.878 38.1568
153.07 38.7893
157.575 36.5759
170.323 38.4835
165.395 37.5608
165.386 38.4039
165.768 36.3412
149.379 35.9039
165.952 35.4215
158.694 38.0787
159.229 38.9581
158.598 36.1954
153.708 36.2165
174.002 35.4011
163.802 37.8248
157.87 36.964
167.013 37.6824
154.094 37.754
154.833 39.499
167.485 37.9229
168.479 36.6172
167.052 35.5317
155.382 35.3284
149.213 35.4399
157.249 34.3906
147.08 36.0307
157.231 35.2362
130.043 34.8488
136.899 35.4476
132.532 37.1647
130.747 37.4138
146.616 38.4989
130.907 34.7691
139.308 36.4902
125.617 36.1726
127.59 35.4779
122.314 38.4103
114.781 38.4795
127.863 38.208
127.584 40.4619
124.348 34.5184
118.408 34.099
113.983 39.3212
118.633 39.6644
115.079 39.4315
115.079 38.938
119.033 36.9998
114.236 38.9961
122.909 39.5417
112.851 36.2779
126.09 36.6881
127.207 36.2236
122.969 36.6502
142.649 38.0813
149.735 39.7883
151.824 37.558
141.049 38.7424
128.716 39.4549
124.229 36.5076
121.381 37.2453
132.864 40.0831
130.23 35.8145
132.802 35.5447
141.645 36.5448
145.873 38.1956
139.661 38.02
124.761 38.2701
131.519 38.2544
137.559 35.8363
140.547 34.8372
133.572 36.7598
133.572 37.5261
148.314 36.2812
138.499 34.1686
143.517 34.691
147.288 34.1667
150.667 38.8143
142.122 38.066
140.088 36.8542
138.62 39.4314
135.098 35.8359
120.582 36.4779
125.386 40.1781
121.38 40.4255
117.469 38.8302
134.057 37.8314
127.608 37.9449
112.276 35.297
112.276 38.0688
128.571 38.7869
125.377 36.1555
134.216 38.4313
134.216 38.7635
130.8 35.3689
143.79 39.4129
137.343 41.2881
127.702 35.9982
124.754 36.8445
119.373 37.0274
119.373 37.6409
109.499 42.183
109.499 39.079
108.444 36.2857
108.444 39.4045
110.834 38.5824
122.841 37.5718
130.18 36.0286
143.728 35.8785
143.939 37.7903
150.693 33.1834
152.713 35.2322
152.366 34.7817
146.151 40.9935
139.311 36.8412
163.566 32.171
141.893 38.7859
128.796 42.9069
137.245 39.8472
141.411 37.1151
139.192 36.1398
130.747 36.2204
115.907 37.7043
116.642 35.011
127.099 40.3715
142.087 37.422
148.883 37.4616
132.336 37.7862
123.777 41.4834
120.004 37.8662
115.629 36.7476
127.468 39.5619
128.065 37.984
128.425 37.5523
125.087 37.8147
126.651 36.2413
124.37 39.1457
136.68 37.5918
133.87 39.3367
146.246 35.0121
127.198 38.0512
105.27 36.5727
105.27 35.1852
120.015 37.5257
114.638 39.669
109.482 37.8409
114.831 35.9555
95.5352 37.5502
122.796 38.1833
128.906 38.0551
127.768 37.718
141.698 34.633
142.786 34.7145
147.143 39.6634
153.587 37.518
152.339 36.3233
161.168 39.0927
187.828 37.5143
165.934 36.3342
171.022 36.7003
172.804 35.9399
177.301 36.971
160.289 39.0779
132.814 38.3128
137.494 37.7881
120.924 37.9372
128.91 35.3086
129.917 35.2289
138.954 37.1549
129.384 36.3523
121.735 38.2003
116.08 37.5786
130.076 36.7495
127.215 34.9525
136.197 37.2982
142.014 36.4327
129.076 36.6481
141.918 38.2244
142.85 38.6695
147.734 36.7378
157.904 36.2018
162.101 34.8789
156.24 34.225
170.455 36.5644
173.814 39.245
164.989 36.6037
163.425 35.9949
165.177 37.6117
152.894 36.3148
168.468 34.4908
155.452 38.6847
185.964 36.8125
193.422 40.5269
189.258 37.6461
199.208 37.1261
193.187 36.7679
192.064 38.6738
174.875 39.6868
147.763 40.2174
163.572 36.9612
145.992 36.0235
159.103 35.8497
169.578 37.677
185.732 37.4848
175.236 36.5808
192.847 37.925
183.017 38.3909
189.779 35.5339
180.295 34.3751
164.431 37.3586
140.276 37.9278
140.302 37.3755
139.133 36.9451
146.961 35.186
134.191 37.8116
135.468 36.2883
138.126 38.144
140.463 37.8988
128.501 36.5411
122.25 35.7852
123.142 39.7229
133.617 35.9921
141.728 36.4395
139.232 33.3983
135.092 33.1584
130.561 38.3777
125.349 35.8266
112.616 35.4531
93.803 39.6339
108.889 36.754
106.36 36.2892
101.021 37.8269
119.577 38.7818
136.473 35.4702
127.06 36.0321
138.789 37.7017
133.608 36.6441
141.566 37.4208
161.035 37.4536
190.339 37.4571
179.962 36.6171
183.247 38.7764
180.741 39.5494
155.293 36.7888
137.377 36.9345
137.136 33.5723
130.19 36.1585
130.19 35.3988
150.196 37.2614
152.466 36.4774
163.081 35.998
172.201 36.1184
161.738 38.0635
147.406 35.7239
145.904 37.3309
130.632 36.2891
146.952 37.2389
132.884 35.691
131.289 36.5244
129.331 37.896
121.802 36.8803
124.35 35.6811
127.522 37.8933
122.639 38.8528
134.541 37.7534
130.122 38.9353
133.887 37.9125
134.727 37.2574
141.168 37.0973
147.266 35.9772
153.726 35.0935
153.562 33.5863
154.96 36.5154
135.764 36.1547
133.638 36.9002
126.478 36.9254
140.048 37.0434
122.126 38.1148
127.797 36.4601
118.195 35.5443
112.784 37.8335
128.425 37.7262
128.593 37.2653
122.896 37.3943
129.342 37.7658
130.36 35.4195
137.871 35.347
121.601 38.6718
131.266 37.4477
126.234 37.5257
130.931 37.1849
120.844 37.1903
124.027 37.4368
125.415 37.647
131.923 37.0048
121.732 35.8623
122.542 39.5669
129.918 38.2697
127.441 36.4281
129.049 35.5901
109.001 35.2364
129.881 37.3077
150.436 37.239
152.202 38.0183
160.585 37.0725
153.28 33.6281
146.492 35.1621
144.925 35.0468
147.68 36.2668
164.317 35.6195
154.045 37.426
156.521 35.8421
157.644 38.0509
154.791 37.2088
120.347 35.8799
135.236 38.3004
132.409 37.7961
132.516 35.4083
133.112 38.5281
132.256 36.2973
129.88 37.3508
125.078 38.4143
127.891 36.3724
133.289 35.8787
122.865 38.4131
132.768 40.0273
156.105 35.5623
166.476 35.9595
176.999 37.0971
163.171 35.1149
172.112 36.3642
182.377 36.3342
182.377 36.477
187.934 34.4897
168.321 36.292
172.369 36.8457
162.912 38.3966
162.912 36.8349
141.07 38.4577
142.234 37.393
148.095 36.8757
152.397 36.8555
150.379 38.5184
146.877 35.1314
133.059 39.9839
131.876 38.2054
123.458 36.959
109.149 37.7539
123.592 36.1448
126.273 35.7813
113.548 35.4219
114.036 36.6992
121.995 37.2755
125.465 35.5963
120.005 35.6656
125.816 36.8074
132.7 38.6644
148.616 37.7433
105.493 38.9991
117.81 36.2254
119.384 36.183
134.08 37.4768
128.888 37.3566
134.421 35.6182
142.477 34.333
148.81 37.6892
133.28 35.4242
119.42 37.3385
120.961 37.0347
120.137 37.2377
137.091 37.0153
129.109 35.2758
150.15 32.1885
136.177 36.8083
139.054 36.2728
150.276 37.298
132.785 40.7262
138.714 38.2509
140.454 35.9124
132.064 34.1845
122.844 38.4138
117.761 37.1273
119.777 36.8869
126.687 34.7092
127.232 39.2841
122.4 37.4847
117.046 37.0471
122.79 36.9372
122.79 38.4373
132.808 37.6658
131.696 38.5394
126.505 37.918
119.668 37.9521
119.635 37.8375
108.527 36.8364
103.471 34.7131
100.547 38.6213
128.916 36.778
126.594 36.4825
126.571 36.4299
121.659 37.6288
122.048 37.9587
114.227 36.0193
113.554 39.0332
127.653 36.5497
119.308 36.3981
120.934 37.5439
114.909 35.6115
127.856 36.3238
117.814 39.265
116.365 36.8782
123.877 35.5009
109.075 38.2655
131.829 34.7841
135.029 38.2439
133.927 37.0181
129.168 35.1196
132.988 36.8028
122.485 39.1618
151.304 36.0411
163.861 36.2359
150.942 34.4162
153.873 37.6437
155.585 33.3356
145.987 38.9051
139.701 34.4447
159.968 36.638
153.407 35.0672
157.326 37.927
140.958 40.147
139.337 34.1401
134.31 36.9157
121.968 37.0688
120.572 37.228
125.676 36.9107
126.303 36.9122
119.63 37.8401
123.403 37.9219
121.249 36.876
121.249 34.4057
109.867 36.3584
122.161 35.0159
127.969 36.8303
126.732 35.8754
135.468 36.9094
128.994 37.7314
135.125 35.7262
137.104 35.9829
125.989 37.3377
118.53 36.6294
134.603 37.1201
135.082 38.8382
123.036 39.8964
120.643 34.7635
115.945 37.5322
111.007 37.8702
111.007 38.7223
119.829 35.6712
164.363 35.4003
158.109 39.4759
138.706 38.3756
127.032 37.7361
155.598 38.1211
159.965 36.9041
159.277 34.4299
176.89 35.549
194.813 34.2224
166.527 35.6698
184.905 34.7366
161.127 36.1049
138.601 37.2385
167.655 37.1841
162.29 38.0765
154.072 37.7449
178.044 36.8039
165.819 38.8126
156.884 36.1976
146.4 34.4957
147.881 34.2175
148.734 35.3411
148.734 37.2448
149.638 38.4829
160.445 38.5918
139.563 37.2757
144.934 34.8165
141.539 35.6498
128.796 38.452
125.402 36.7732
116.688 37.8961
126.361 37.4991
133.499 38.6945
117.978 37.4688
123.187 37.7253
131.155 37.8224
130.864 38.9534
131.053 37.4827
124.37 34.469
127.503 37.881
120.814 36.6292
122.767 38.2992
143.081 37.5757
147.217 34.7663
151.872 35.7067
151.539 37.127
137.214 36.9874
149.016 36.5765
125.56 37.2346
143.883 35.8814
140.422 36.6439
125.048 37.8367
130.335 37.1772
143.936 36.7023
137.275 36.9616
139.524 36.1519
158.766 35.7416
131.272 38.705
140.513 39.6249
154.044 39.4735
183.62 37.3794
165.163 37.528
156.544 38.7123
167.873 37.575
170.009 35.6912
177.758 30.8068
162.797 34.3421
163.45 36.2588
166.52 36.0282
162.944 36.601
169.866 35.9007
177.121 37.8847
172.059 33.4099
163.465 33.4099
176.139 37.922
172.639 38.3994
170.477 38.0638
171.817 35.257
175.486 34.5044
153.876 35.2806
170.103 36.9449
162.307 35.5725
154.924 35.2366
154.924 35.1563
141.84 39.6304
150.608 38.1101
146.704 34.9991
141.11 35.6228
141.11 40.4194
154.809 36.0538
148.025 36.0511
149.944 34.3968
147.989 38.9286
156.18 36.8686
154.428 40.1955
147.546 35.1054
152.873 39.4149
124.71 40.729
160.2 33.272
160.2 34.8928
161.294 36.0608
169.517 37.5893
149.299 35.8386
146.877 41.2339
133.449 35.4559
135.569 40.7737
137.277 39.1943
124.073 39.496
125.08 38.9822
120.878 40.0786
127.829 36.8497
122.707 34.6448
124.231 39.0922
120.873 38.2157
128.984 37.337
128.983 34.1285
128.811 36.4184
129.789 37.9856
125.398 37.1359
114.56 34.5912
114.584 35.888
114.519 39.9875
112.647 37.0195
122.972 36.9117
129.947 35.8819
137.176 35.8487
138.279 36.3035
136.933 38.1487
129.246 36.6783
131.68 36.1323
136.036 39.0261
144.081 37.6913
151.442 35.9757
131.049 35.638
141.047 33.6512
138.293 36.3504
128.694 36.4561
131.644 37.4635
129.104 37.6642
131.372 37.186
127.15 37.6991
130.749 38.2892
128.577 35.1713
129.552 37.7805
135.223 36.6822
144.746 35.4678
126.849 34.7732
124.374 34.956
132.965 36.5387
143.835 37.2785
137.355 37.0626
137.29 36.4572
136.445 35.5559
137.924 37.2403
136.64 38.3472
135.206 40.7488
138.604 36.9216
138.604 38.7584
116.47 36.1645
116.47 36.6891
127.118 34.0526
121.335 35.3094
125.238 38.4678
125.238 36.7837
114.299 37.2121
108.385 39.7836
123.597 36.1195
129.115 36.1827
139.294 37.7171
144.368 36.3176
140.388 35.9085
147.806 36.2019
153.095 38.0521
159.995 37.148
161.438 41.4174
161.488 38.5283
167.537 35.0497
167.537 36.4731
207.278 36.5709
207.278 37.8533
191.603 36.0822
182.478 34.7341
197.673 35.4104
215.793 40.6732
208.156 39.5539
174.501 34.1851
175.747 39.5841
152.515 38.357
150.009 37.6297
150.009 38.3565
160.042 36.5876
160.21 35.8884
153.309 33.8072
163.809 36.0283
160.551 37.5618
162.279 36.3383
171.846 36.1415
171.846 37.4811
168.68 37.0671
154.325 37.6303
163.958 39.4464
152.178 38.988
149.513 39.8863
170.29 40.5316
170.715 36.4702
168.236 34.0582
172.999 34.4341
179.839 34.3855
158.365 34.0625
159.554 35.1582
169.368 35.8717
157.447 39.0516
170.532 38.7645
174.163 37.2537
156.85 39.1676
186.442 39.7342
169.826 35.481
163.477 36.8655
168.861 38.9133
164.883 37.1992
144.149 37.4604
154.711 40.6795
153.229 37.9344
140.567 38.3059
151.586 36.1738
135.145 37.8875
128.459 36.1205
132.999 35.2126
141.511 35.5104
141.129 35.6634
149.611 32.5991
151.447 34.5366
139.687 36.1328
136.035 39.1033
140.926 36.8071
138.604 37.5146
141.908 35.2728
140.971 33.4356
153.163 37.6873
150.941 37.289
151.67 36.9249
159.317 35.4459
144.1 36.9404
159.449 39.3236
153.282 36.1276
145.861 35.3197
140.229 41.2626
148.669 36.2853
156.92 37.664
147.418 37.8417
145.081 32.4629
142.199 39.6548
142.271 37.0425
140.136 38.5344
142.356 40.5645
147.726 38.6288
138.922 37.1461
127.206 37.5529
145.519 36.7425
149.205 35.174
148.17 36.7498
128.111 40.6136
159.27 36.9093
168.879 38.0867
174.666 37.6439
175.567 36.8476
167.471 41.6611
157.938 37.5804
158.134 35.3888
149.638 37.7227
141.71 35.6679
129.622 37.9123
139.432 38.0647
136.078 36.2359
138.087 36.273
144.858 39.0845
155.979 37.2338
177.019 34.1422
168.567 36.4617
185.356 36.745
169.524 36.5132
177.292 37.31
182.912 38.0435
190.857 36.4692
178.575 36.8417
150.614 35.8141
159.472 38.6285
158.595 36.9665
153.891 33.3834
163.248 34.5429
171.497 36.9778
170.078 34.9353
166.514 35.7167
158.059 37.3261
131.201 39.1303
165.744 34.2755
140.375 38.1484
134.321 33.8989
127.461 38.1777
124.827 35.2918
124.795 33.5002
119.298 35.8857
115.19 35.8493
120.589 37.3065
125.887 39.658
110.754 38.9215
128.97 37.1755
122.594 33.7756
122.439 35.5957
123.615 37.3072
156.037 35.5797
151.711 36.3286
148.583 32.5745
148.253 36.7063
159.816 37.2447
159.816 36.0106
142.971 37.567
157.321 36.1487
168.805 34.4231
193.1 32.2578
166.825 35.8666
169.195 37.0681
163.674 37.7658
177.19 37.7677
197.963 36.3624
179.377 36.8916
196.706 35.43
186.487 36.3383
186.487 33.9568
186.093 32.0737
188.14 34.3672
192.583 39.3312
192.583 34.9231
189.098 34.628
189.098 35.7652
199.662 37.8678
150.965 37.3683
135.693 34.1261
135.599 36.7153
133.116 37.5338
135.253 38.4885
134.836 38.76
146.227 38.5024
139.078 37.4706
119.719 36.0742
124.018 37.6364
123.43 37.9096
123.567 34.6408
129.26 40.2121
123.807 35.4718
109.582 39.7848
113.616 39.5254
113.616 36.4645
126.232 36.9621
124.631 38.7873
114.103 37.6192
126.42 34.3393
111.758 41.8769
128.447 35.2252
128.572 36.6905
105.932 37.9236
114.996 37.4868
114.996 36.7411
125.578 37.1597
124.729 35.5774
129.81 35.249
135.86 40.2451
132.602 38.2962
121.51 38.5916
137.32 37.1575
133.979 37.7004
141.826 36.5949
144.524 36.846
161.101 36.9787
151.111 34.909
164.994 33.8087
184.544 36.456
181.974 36.6488
186.896 33.3261
175.508 36.4046
163.526 35.2586
144.628 38.6531
169.156 33.5052
165.358 33.9243
158.309 34.063
150.589 38.2661
164.151 37.9992
140.193 35.8114
120.719 36.4415
117.49 35.908
124.204 35.3144
111.769 39.3374
118.69 38.1131
130.009 37.9214
131.4 36.9427
124.97 36.4597
124.97 37.6456
130.766 36.8263
133.26 38.4038
134.375 37.9663
157.813 37.5411
154.908 36.8216
168.879 34.6804
158.557 38.2069
152.528 37.1036
174.708 38.7187
181.174 35.6014
188.655 35.8032
170.979 36.0829
150.27 38.1607
141.867 37.4015
132.072 38.6515
140.67 34.7393
144.667 35.3157
146.889 38.0167
147.277 37.7974
155.435 36.8679
179.746 37.9579
157.826 35.9913
176.825 35.118
170.658 38.0755
190.298 37.6177
207.935 37.255
185.435 39.0197
188.483 37.7555
188.483 40.1055
186.198 33.9685
173.147 34.8688
177.158 33.292
160.045 33.5556
173.564 33.6815
155.349 38.0764
145.825 38.9095
145.965 36.1365
154.433 36.2037
127.129 37.9351
139.929 36.3669
142.39 38.581
134.361 36.2548
131.405 35.3017
124.295 38.4275
135.873 38.033
153.191 36.5243
156.742 36.3553
159.4 37.0344
166.694 34.6473
177.185 38.888
173.736 38.6193
177.245 39.0246
157.262 39.8374
170.198 36.4223
183.181 32.5298
176.32 38.0006
176.32 35.8799
177.916 35.9448
195.198 37.9627
175.008 37.6212
180.975 36.3751
159.907 35.3071
153.322 35.1378
130.675 39.8398
128.51 37.2697
118.663 36.2947
136.685 36.4294
136.877 39.0317
150.125 36.3636
140.237 37.7193
137.058 36.9208
140.099 39.6606
141.088 35.5287
147.097 34.054
155.046 37.1189
146.051 36.0131
135.038 37.9131
138.173 36.2852
139.19 37.2406
142.471 35.7639
143.631 37.1937
149.823 35.6821
149.477 37.5886
155.38 36.2704
159.494 36.6518
155.531 37.4773
144.242 35.7932
149.347 37.1389
163.769 37.676
148.999 38.4394
140.156 37.7315
147.215 38.2416
149.114 36.0331
146.946 35.6928
137.209 33.9711
111.991 35.0164
111.991 37.3957
116.659 37.9166
114.857 36.4259
122.984 35.5688
129.197 36.6751
142.892 36.0863
138.337 38.9834
130.867 40.3577
153.26 35.0921
159.021 37.2611
157.204 36.5074
154.437 36.1554
151.401 34.9261
147.587 36.2443
146.973 34.8191
144.687 38.0658
144.37 37.0405
126.554 40.571
121.61 37.0014
147.493 37.7674
153.109 37.7604
155.11 36.7451
151.435 35.295
148.066 34.0138
150.17 35.2019
150.327 35.9004
156.894 37.7393
169.39 35.4792
167.601 37.5292
151.952 35.9062
145.612 36.5939
149.891 35.7239
139.605 36.8514
137.481 34.2024
137.855 37.6957
144.273 35.9937
146.7 39.2162
138.809 39.3808
136.158 37.4839
143.979 37.8991
175.482 33.7518
175.957 38.0569
175.957 36.9324
181.327 36.495
169.215 37.0456
176.074 36.4517
169.872 39.6971
173.696 34.7919
163.144 37.662
163.144 37.3255
153.121 36.0768
140.426 36.0152
151.549 38.5092
146.219 35.9216
132.466 36.6029
137.2 37.7982
126.988 36.613
138.941 36.8104
137.683 38.017
140.405 36.7476
126.348 36.0899
121.221 35.9027
120.901 38.0515
124.102 33.9561
126.045 40.0214
121.998 39.1914
120.744 36.4891
111.843 37.154
111.466 35.3384
105.708 37.5519
107.388 35.9789
129.623 36.5934
128.282 37.5483
137.744 36.9887
143.507 35.9433
135.06 36.0385
140.197 36.1668
141.015 35.5955
154.461 34.3376
137.426 37.6555
144.462 35.9795
149.464 35.9204
148.322 35.619
170.69 37.4907
148.569 36.7722
141.608 37.4921
141.03 37.7954
142.386 37.6045
144.355 36.6214
170.574 37.8201
161.476 39.1395
152.938 37.5277
153.983 36.6708
167.004 39.608
157.187 36.6996
173.803 37.8524
194.97 37.6306
161.13 36.774
158.93 40.1858
144.812 39.2804
153.056 38.5105
149.334 36.0132
167.943 36.6668
158.452 35.3822
151.611 36.8035
159.865 35.7467
155.108 35.8008
163.538 36.4837
176.363 36.0504
176.532 38.3475
175.854 38.539
162.971 37.5253
148.724 32.56
138.494 38.9408
132.816 37.1362
129.535 36.9385
149.437 35.9603
160.452 37.5905
136.747 36.8168
135.066 36.4036
149.888 39.3109
114.646 37.3761
125.934 37.6286
120.772 37.4156
119.43 37.2602
127.513 35.8319
127.513 37.5229
116.548 40.8025
116.548 36.1624
118.866 40.0814
127.833 38.1749
119.986 37.5387
138.742 37.2592
141.698 38.2868
144.866 39.8383
148.542 33.9853
152.699 35.1963
166.835 36.6393
176.131 39.3853
163.918 40.0478
159.551 36.4732
177.662 38.7928
170.822 34.4679
171.519 34.4611
148.418 36.3946
168.987 37.7086
168.987 35.9622
168.987 34.5168
146.645 35.896
121.697 37.4599
128.237 32.7441
126.424 39.6087
124.466 40.6133
139.284 35.435
138.353 34.4017
128.647 42.1845
137.676 36.6596
142.223 37.5171
142.656 36.5535
155.165 35.809
143.534 36.1922
163.625 38.0248
163.59 36.3017
156.886 35.485
162.75 36.2924
173.7 34.2175
157.602 36.5854
148.55 37.358
155.143 35.5979
156.266 34.0518
144.882 35.3086
135.423 35.5226
135.756 38.9182
129.505 36.8993
132.145 35.4585
148.607 37.957
155.529 38.0315
153.259 38.0264
171.889 36.9324
164.804 34.4785
156.841 35.8431
148.267 32.8693
142.446 32.9495
145.89 37.125
153.713 36.4382
137.769 37.0711
134.664 37.9453
130.496 37.3638
131.298 38.284
135.855 36.8168
118.355 37.7543
124.657 37.1818
121.803 37.7519
137.284 35.7215
140.311 35.585
144.869 37.1065
144.137 38.172
143.219 37.6149
162.464 35.5041
165.212 33.3843
162.372 33.393
155.089 38.1534
165.22 36.5567
156.883 35.9745
158.449 35.9418
163.122 34.8499
161.742 37.9804
148.697 36.6737
171.081 38.6563
171.081 35.0896
153.345 34.8137
146.06 34.3838
153.38 34.4956
133.509 38.5812
131.936 37.179
136.534 36.8041
139.66 36.0615
141.07 37.5882
134.454 37.3705
133.446 34.451
135.521 37.2722
134.075 38.7515
139.9 36.144
133.508 35.9046
133.391 36.7882
131.429 41.9846
131.977 35.2369
131.062 38.3504
127.445 37.7152
129.513 34.8417
131.019 36.3175
141.985 34.5342
146.94 36.8067
143.948 37.5199
146.521 37.4674
145.534 37.5353
146.508 34.7679
139.002 38.1995
136.434 38.9696
146.523 34.4815
143.708 36.6578
135.081 35.6213
140.498 35.2483
133.459 38.493
125.75 35.1539
148.939 37.1016
143.327 36.8123
150.702 37.7907
130.44 37.6506
141.064 35.3929
125.513 36.7972
138.665 35.4177
146.054 35.3712
148.61 35.6395
149.521 33.6605
138.127 36.2901
139.776 36.3634
164.685 35.0645
167.216 37.9264
158.067 37.7836
149.563 39.2112
137.849 38.2385
122.208 39.428
144.868 39.111
130.889 37.685
127.915 37.1671
113.371 37.4677
115.416 36.6135
116.999 38.3042
116.999 34.1668
120.329 37.9387
121.898 38.0966
112.215 37.5215
107.529 36.7865
108.355 38.5025
119.873 37.4945
115.652 36.3514
115.652 36.664
117.919 36.4096
115.816 37.5877
116.661 37.8304
119.655 40.1271
119.19 38.6588
136.807 35.9818
132.983 36.9149
134.832 36.1533
116.345 38.8156
114.196 35.5433
144.192 37.5173
137.569 37.4319
126.24 37.2812
