228.94 41.5969
228.754 40.9397
229.06 40.4517
228.591 40.5795
193.235 41.0843
242.577 41.386
228.182 38.5837
202.888 41.3999
191.492 41.548
202.51 38.9667
212.548 40.4614
196.211 41.3409
201.971 38.3849
197.315 41.8679
205.988 41.4004
211.919 39.958
187.748 41.6186
195.581 43.0473
213.156 43.0946
212.98 42.0295
215.571 40.9117
217.285 39.7769
227.71 39.8167
259.635 36.124
248.063 40.0883
223.879 44.7039
226.787 39.7799
212.867 39.8376
214.629 41.1364
210.234 37.5483
195.031 41.5501
205.291 42.16
206.68 40.6792
211.757 41.0729
228.18 39.358
226.024 39.0114
223.308 38.8238
217.73 40.8997
216.666 39.78
203.068 40.844
188.892 40.5516
187.491 41.198
194.484 43.1142
208.813 41.88
189.321 43.2252
203.171 40.8657
222.649 37.8647
205.542 40.4248
234.013 40.2261
234.17 38.8674
227.791 39.354
245.609 42.0026
257.34 41.2371
274.4 41.4609
270.002 42.8675
279.514 39.4155
292.792 42.6718
274.758 40.2535
270.573 40.6445
265.458 37.9251
262.277 39.1971
230.8 38.6233
208.653 42.4615
213.283 39.5567
213.283 43.9916
234.542 40.1378
218.464 39.8717
203.911 42.1194
204.117 41.1324
205.952 41.768
215.772 42.7532
223.705 45.4149
205.762 44.2153
211.366 41.9547
205.61 41.6864
212.337 43.9035
192.628 44.6735
184.612 43.654
170.253 43.4569
207.445 40.7737
192.029 42.1376
185.322 42.5983
185.322 44.5114
196.836 41.9253
195.087 39.4833
192.67 43.8663
202.955 44.024
223.401 39.8477
213.833 41.086
206.722 40.7369
214.665 39.6427
199.872 42.5581
208.022 39.3183
203.216 39.5024
213.211 37.1764
225.494 39.9281
258.412 39.3843
272.785 39.1167
225.472 42.7073
219.623 41.1063
210.797 41.5865
216.149 40.8387
219.735 40.4999
198.944 43.4054
195.111 40.6078
201.057 43.1339
193.538 40.6147
210.455 41.0152
212.083 42.4135
190.592 43.0483
208.743 42.3253
227.871 41.6048
218.781 41.2789
215.995 42.1374
212.008 42.2767
252.437 39.9135
242.309 40.8455
236.628 37.9651
245.293 37.7946
221.158 41.0404
223.278 43.4918
227.752 43.3285
217.105 41.8671
216.937 42.8828
212.615 40.5766
214.851 41.6924
214.745 40.0587
237.283 38.2864
214.142 40.4548
191.83 42.6358
204.428 41.4584
214.317 43.3334
213.879 42.3751
205.722 41.1132
189.399 44.3649
208.607 39.4276
207.218 41.0929
192.045 41.7861
199.521 43.2999
204.912 41.4782
202.894 39.9941
199.416 37.7599
200.835 42.5561
205.963 39.654
211.373 40.8738
199.797 41.2247
214.679 41.391
216.656 41.3944
254.596 41.2136
236.106 40.4285
224.05 40.2725
221.763 40.3486
234.88 44.8875
223.645 41.8953
212.721 42.9092
186.328 40.9284
174.737 41.3435
198.375 40.6035
204.129 39.8228
197.939 40.6897
217.82 42.8072
224.458 38.6856
269.221 42.813
276.152 39.4898
242.578 40.3298
246.392 39.9923
235.469 42.8615
194.873 44.1184
210.176 38.2933
192.276 42.0477
216.214 41.4554
193.027 40.2492
169.63 41.6787
174.66 39.1212
189.892 39.8535
188.691 40.5781
190.606 40.4802
211.388 40.7443
219.189 40.5563
195.119 40.5514
202.056 41.8162
214.594 40.6517
217.74 41.7241
244.513 41.1676
240.912 42.0197
233.875 41.0009
298.728 37.4601
278.478 40.6714
266.493 40.1089
273.761 39.9143
269.594 41.3301
261.97 40.349
314.51 38.5566
314.51 41.3544
267.078 40.578
266.933 38.1908
240.449 39.4994
217.013 39.047
198.869 42.4042
207.931 41.0662
207.566 42.1189
204.636 41.1361
217.394 40.5349
210.03 43.9177
230.49 39.9561
212.05 40.6094
226.081 41.1859
203.468 42.9278
197.082 41.1791
202.43 43.3221
186.889 43.1851
192.334 42.3417
188.766 42.567
183.446 43.8133
203.574 38.567
199.109 41.8564
218.255 39.9939
220.84 40.9461
248.894 39.2784
226.979 42.4399
221.916 38.1525
204.549 40.3357
188.085 44.4284
174.165 45.1199
169.193 41.8598
163.397 40.8573
164.263 44.0062
183.027 41.1364
185.921 44.1925
183.938 43.9176
178.703 44.2816
178.703 42.0669
182.639 41.4941
174.328 41.4637
206.404 40.604
229.699 41.7186
217.49 41.6542
223.013 42.8705
206.227 43.4479
190.734 44.1499
210.584 42.8922
205.584 40.3102
215.608 41.465
232.623 41.0918
208.592 43.0507
197.641 41.3859
184.623 46.9589
184.623 44.5252
213.185 41.5735
215.209 41.5515
224.932 41.5125
224.932 42.1333
207.966 39.1205
200.103 38.0049
207.828 42.1737
215.694 40.0347
221.943 41.1623
214.297 40.6507
227.194 42.1381
242.034 39.0937
223.845 42.1172
217.064 42.302
234.517 40.3782
199.428 43.4682
191.419 41.2475
188.556 42.5715
202.276 41.0928
211.73 42.8245
208.969 45.1447
245.428 37.6467
243.951 42.017
226.125 42.1838
230.906 42.5957
228.467 43.227
212.498 43.5277
216.958 39.0569
217.525 40.4637
209.523 41.664
223.962 40.1435
234.652 38.5471
226.205 39.7923
248.521 41.2957
238.836 42.0446
231.511 44.2778
217.206 42.5657
223.059 40.4733
215.681 37.5958
214.846 39.0366
212.89 40.9764
214.362 39.7669
218.671 43.0566
227.166 41.4541
210.304 43.0845
210.934 41.1434
238.524 41.778
213.315 44.3145
213.896 40.6223
221.306 36.183
204.394 36.7205
178.844 42.9773
191.89 42.3939
205.517 42.2054
200.051 42.2494
200.582 42.2541
206.241 42.2421
200.057 41.4588
209.723 42.9695
207.191 40.5189
205.56 39.8657
210.849 42.0242
213.618 43.7579
218.842 42.3596
215.438 40.8462
204.151 39.6556
206.752 41.8497
214.643 41.1219
212.524 39.0076
214.909 40.0729
182.063 41.6924
201.435 41.8173
218.642 45.0614
223.88 42.4323
209.246 42.62
194.051 43.6116
182.32 38.4784
214.613 43.0848
193.147 40.5324
176.306 43.4214
197.182 42.4394
193.735 44.4195
199.007 41.8778
220.075 42.1924
222.922 42.3035
228.637 42.4874
223.319 41.7029
226.223 42.0088
226.248 40.2841
228.695 37.1136
238.741 41.6881
230.94 40.0545
233.44 37.1698
246.23 39.6766
260.188 39.9747
277.11 41.1532
251.144 40.8838
237.457 41.3913
229.035 42.5868
240.651 42.5435
231.722 44.2584
181.675 41.2612
217.053 42.116
206.403 41.0126
200.051 38.1199
194.734 40.813
180.175 40.0187
179.547 40.7479
186.485 40.8126
180.303 43.5411
194.437 41.5186
187.432 41.0012
173.609 42.2179
204.48 39.0907
201.486 41.6672
179.843 42.7402
187.087 43.1842
188.15 43.2867
183.63 44.0045
201.631 42.3884
202.86 39.8392
188.599 40.0726
179.888 44.9176
184.526 42.9471
178.706 43.6617
190.362 44.0712
165.249 37.3499
165.249 40.9112
183.218 43.1423
176.904 44.4391
178 45.0551
181.985 38.0225
190.618 40.9181
202.411 41.6072
216.779 39.2126
213.527 37.4905
237.482 41.0503
232.142 41.8993
219.875 39.9537
248.626 38.2091
246.635 35.6797
235.984 39.2703
239.294 37.9944
219.081 42.9118
206.959 41.4605
205.206 42.7623
237.258 37.7097
228.383 42.287
225.675 42.9104
213.475 42.3623
227.285 42.9679
236.931 39.5539
285.518 40.9295
290.908 42.0976
296.042 43.5964
288.269 42.5499
315.499 40.5298
292.62 40.2602
294.858 41.1826
294.483 39.1493
258.703 40.9993
244.249 42.488
245.861 39.2757
284.351 42.5525
283.866 39.8289
272.108 42.7647
253.7 42.8029
242.222 40.5616
212.389 40.8263
198.026 41.0343
196.886 42.1599
206.191 40.3924
227.979 41.3443
219.24 39.9954
193.69 41.3744
217.516 42.5057
206.198 41.8602
220.002 39.0214
219.419 38.9551
237.968 42.1222
210.046 40.1016
222.975 38.8158
231.962 38.0049
219.933 39.1113
228.044 38.7328
236.602 37.3334
222.466 36.3786
212.379 42.9965
220.938 42.1427
235.054 41.7064
242.861 41.1077
255.15 46.4291
291.147 37.9394
285.229 40.0048
269.107 40.0579
290.89 38.213
276.513 44.7769
298.859 36.9543
269.05 41.6311
255.242 37.8477
260.459 40.9248
268.087 38.9877
272.045 41.3906
264.007 42.4421
251.546 40.2642
271.078 41.3437
288.592 39.5645
297.912 40.9352
295.662 40.6325
271.635 40.3752
252.21 40.3831
238.858 40.4668
212.075 39.8617
223.043 44.8529
242.097 41.5623
233.921 39.7115
235.984 39.2464
234.228 39.9012
223.155 40.8269
240.833 43.2378
230.261 43.0632
220.063 40.5576
212.445 39.6808
216.149 41.2736
216.612 41.5867
223.996 42.1933
202.093 40.4646
224.413 41.4037
225.368 41.4675
233.057 41.4248
231.249 40.2059
226.827 41.8178
255.333 43.1746
237.572 43.7768
215.73 40.0288
210.133 39.9171
199.279 40.3471
199.279 42.8627
197.574 43.3848
194.483 41.1416
208.535 43.0736
204.974 42.62
214.027 41.1636
219.875 39.0435
217.689 39.048
219.159 41.4502
216.748 40.1737
209.846 41.964
214.745 36.7492
209.793 40.3549
199.653 41.4596
188.543 41.0778
200.301 38.7367
201.14 36.625
198.901 42.9144
196.321 43.6465
192.636 43.1538
193.414 41.8802
205.692 40.7746
202.019 41.3494
202.585 42.2893
176.268 42.64
192.474 39.3088
168.284 40.6286
196.726 41.3452
170.518 42.9795
174.65 42.9107
179.956 42.3557
179.956 39.8674
209.477 38.3437
211.029 41.4503
199.066 41.6649
195.873 42.849
197.377 42.8693
221.926 42.7825
248.949 39.6537
256.551 41.7465
246.392 40.3946
234.591 42.9941
249.473 43.0616
237.453 40.0773
229.358 39.7996
243.395 39.9428
239.318 42.7657
251.407 42.1361
264.423 42.6201
265.496 42.5168
246.683 43.0113
255.47 43.0122
204.04 39.9811
226.991 41.1727
210.875 41.4217
226.424 40.1472
211.327 39.4148
220.056 38.8276
215.025 39.2312
242.834 40.6175
211.578 40.3964
201.434 40.7207
211.425 40.4684
229.274 41.5893
229.376 40.8766
254.863 39.8371
251.443 37.6319
285.632 37.9548
294.874 43.0959
254.078 42.9959
242.486 40.5288
276.985 42.2591
225.909 43.2601
229.524 40.6409
242.081 42.676
236.036 40.8652
222.077 40.9722
214.252 39.8127
212.863 35.54
203.29 40.6327
210.104 39.7333
202.606 42.6173
201.69 40.7815
212.939 40.5823
217.455 40.1528
218.652 37.2204
209.405 39.9009
197.481 40.2289
212.995 40.7663
212.219 42.9101
210.817 42.6024
216.162 42.9904
209.681 43.5791
204.096 42.0447
239.372 37.2234
215.489 41.2035
214.105 39.8992
227.731 42.9307
221.962 42.8489
217.425 42.4379
223.581 40.4939
225.192 42.0376
241.69 43.0536
242.097 41.7103
230.151 38.7848
247.688 41.4099
219.006 40.3234
230.361 41.7611
231.077 44.5989
241.741 42.457
244.416 39.2525
238.004 39.6047
257.953 38.1844
243.529 40.0115
219.725 40.3203
189.756 42.7302
197.242 42.6213
190.781 42.7853
164.824 40.6594
165.572 40.6511
188.972 42.5817
179.504 42.4137
189.466 41.4112
192.638 43.2616
201.813 40.6623
215.205 41.0214
213.593 40.8832
212.493 37.9554
191.553 38.9934
205.803 42.896
216.488 42.2752
195.991 43.701
200.146 44.2809
194.599 42.072
188.581 45.609
190.764 41.7437
202.311 39.6047
196.989 39.3493
206.664 38.5005
207.34 37.4755
218.078 39.999
210.788 39.5401
214.775 39.655
217.744 41.3168
226.887 41.9899
218.652 42.0796
222.078 42.4415
226.63 42.5176
239.128 41.0695
242.17 42.8497
240.46 38.5678
227.556 37.7167
228.477 40.379
214.396 42.6875
214.396 40.6061
227.051 41.3885
214.967 44.0405
220.567 44.3035
212.349 41.0562
195.487 41.3464
195.487 42.0442
229.133 42.8888
229.133 42.8544
226.299 40.0725
231.767 39.2947
253.772 40.1388
254.663 42.7706
222.45 43.1352
227.372 44.4068
219.306 41.9879
211.716 39.2574
186.614 39.7025
189.982 41.1768
181.987 38.8883
212.987 40.0893
236.161 41.2583
226.265 42.0077
215.268 39.5165
188.198 40.4571
221.363 43.5226
225.496 39.4951
229.544 42.2444
245.204 42.6017
223.108 38.98
230.635 38.9579
237.784 39.5404
207.369 41.3079
221.672 40.1643
217.93 40.2602
233.317 40.2044
259.402 39.1821
249.175 40.7456
239.792 40.8156
249.433 39.2002
229.594 39.2088
223.564 39.3277
240.037 37.8104
221.724 41.9689
241.291 39.8282
263.755 40.6244
235.369 41.4577
209.659 41.4937
207.509 41.1561
202.106 42.2446
180.458 40.451
187.473 37.9013
181.895 42.9907
205.108 41.6207
176.814 41.2401
184.04 40.6484
193.27 40.1928
194.459 40.9797
194.459 41.4745
191.452 42.1885
188.398 40.1431
188.398 42.3709
198.081 42.152
201.708 38.1126
210.93 38.5102
181.946 41.4033
199.513 40.5355
204.643 40.488
197.257 38.3438
200.867 38.9355
212.525 41.7953
204.836 40.7929
214.114 39.7183
217.688 40.3604
212.037 39.5665
206.165 41.5598
195.47 41.4366
195.27 40.1706
207.971 42.3064
216.968 42.3942
227.254 39.837
221.423 42.4108
238.243 39.9048
227.296 42.1774
214.881 40.2665
210.686 40.6971
218.552 40.6921
230.114 37.4671
237.876 41.0474
212.083 43.492
219.347 40.79
215.079 42.5424
214.904 40.2069
211.839 40.4114
201.393 43.7129
208.071 44.2971
213.544 42.2374
207.854 42.4688
185.495 42.5191
190.85 43.1433
224.738 39.4949
205.812 41.9511
221.653 44.7355
262.039 39.6171
239.223 38.9602
225.594 40.4231
262.159 41.0021
247.223 40.6454
234.073 40.6419
195.036 44.4823
201.779 42.5977
229.718 40.7172
224.406 40.3035
220.255 43.2026
220.255 43.4826
263.6 39.973
263.301 40.0077
253.708 43.0865
227.762 40.2495
227.314 40.8093
227.314 41.0355
206.606 41.1098
181.297 38.8539
184.432 38.916
172.22 38.4162
174.388 41.0438
174.388 40.6974
174.388 42.7588
185.441 42.6519
197.377 45.2821
189.443 40.8086
191.434 41.7794
194.485 43.9759
199.398 43.3359
199.398 40.1745
199.398 39.684
199.398 38.0314
199.398 43.9303
202.401 41.8461
202.401 43.1952
208.531 42.5511
193.621 41.6406
184.015 41.3816
194.304 43.7044
186.332 40.0621
186.332 41.2521
148.436 43.9806
208.004 44.5603
216.685 41.3562
222.783 41.3059
215.258 41.7301
210.34 38.2418
194.301 40.3498
196.221 40.0036
202.971 40.9658
183.801 40.1089
178.822 45.8736
165.509 41.6073
168.584 42.6292
197.873 41.096
192.68 40.666
182.279 42.5034
200.038 43.8225
199.057 41.3834
205.58 42.4907
212.54 40.0039
204.673 40.9159
187.076 39.8427
181.144 40.8384
216.552 40.8011
218.9 40.8045
204.448 40.4109
210.648 40.2187
213.551 41.0515
218.115 44.2722
223.741 42.2781
224.01 43.1881
224.984 41.4838
224.857 42.1727
224.781 42.66
211.502 43.9653
221.115 44.8795
222.915 42.6443
228.746 42.4224
229.747 42.9044
228.822 42.5287
221.965 40.3121
214.965 39.369
261.15 40.6564
254.739 41.8764
252.968 43.3226
261.429 39.2083
257.062 42.2176
247.611 41.3817
229.473 41.328
238.862 42.6624
240.1 40.4974
221.782 41.928
228.825 40.705
210.099 40.585
215.603 40.7213
215.811 42.0795
210.612 40.2325
212.375 41.1939
204.796 42.4667
193.752 42.4938
203.523 42.4869
212.805 42.5742
212.36 40.8245
225.636 39.283
215.706 41.1475
195.216 44.9574
188.238 41.7753
204.427 42.1618
207.985 41.9033
203.52 41.6352
204.016 41.5054
203.447 43.3243
180.705 42.737
188.208 42.2762
212.901 42.6524
204.654 42.2118
193.166 39.7071
211.251 39.7564
208.38 39.008
209.416 40.9711
208.391 41.3331
219.643 40.9922
215.758 40.9922
215.288 41.4027
211.534 43.3307
211.154 42.5416
208.038 42.7045
243.619 39.7949
229.038 40.6879
219.398 41.3851
206.229 43.4649
212.67 41.0973
219.059 40.7535
217.894 41.6624
223.788 40.6758
224.43 38.5918
218.041 42.2907
198.488 42.885
205.761 40.8673
212.61 38.9056
210.148 37.4488
220.735 37.4668
203.165 38.6465
204.453 38.3449
222.044 40.618
225.256 38.334
220.483 38.5546
213.613 40.1199
210.748 38.7206
205.217 43.1556
210.651 39.6535
222.846 39.772
206.231 41.9023
225.976 40.5384
213.574 40.178
225.783 38.6716
228.91 39.6977
225.662 41.3317
200.976 42.1599
216.537 41.8316
203.891 40.5091
190.111 43.3831
195.813 41.1096
196.141 41.8826
215.544 40.5563
207.557 39.2849
230.316 37.8751
210.711 40.8106
235.816 41.148
219.599 41.1505
217.915 41.6367
215.444 41.7144
225.859 40.2298
225.859 42.6319
235.564 42.746
231.634 44.7223
222.46 43.609
180.787 39.4592
221.659 40.9977
227.752 39.4766
227.614 43.3772
232.427 41.4409
250.508 45.434
274.814 42.9055
265.888 41.638
266.433 40.7108
249.492 41.2382
233.141 41.6268
235.948 39.999
234.892 41.3797
235.664 42.2379
248.208 41.2223
227.948 41.2935
227.169 41.0181
219.222 41.2466
226.31 38.9563
226.554 38.9921
225.819 40.9533
222.066 38.3128
231.076 37.0268
229.006 38.9813
244.951 41.1546
306.967 40.0705
300.52 40.1623
280.384 40.1623
288.469 42.0793
280.999 42.8056
220.562 36.9543
224.631 42.9699
205.919 42.643
209.991 43.7791
197.284 42.9696
198.076 43.664
211.435 42.4039
200.413 40.7831
200.172 42.8268
195.264 43.2703
200.428 39.9305
204.127 39.1648
193.755 40.7081
186.765 42.812
193.718 43.3126
186.478 43.6613
177.333 40.3477
189.258 39.7129
199.784 40.8329
215.347 40.8359
217.191 41.1265
207.039 41.3924
199.522 41.8674
202.527 41.9066
218.089 41.8055
219.261 42.672
227.559 41.4242
224.162 40.8827
219.812 42.2078
213.935 41.1068
234.615 42.0816
264.12 41.2682
267.344 40.4421
291.224 46.0495
291.224 40.4702
258.964 39.8282
278.34 40.4229
271.839 41.2191
249.96 41.1578
268.96 36.4516
253.477 37.606
260.629 43.4473
267.644 41.5409
267.644 41.3844
270.834 41.299
255.051 40.7423
282 38.9494
256.145 40.5707
254.06 41.9278
300.916 41.711
263.202 41.7093
241.113 41.2494
255.641 38.7491
261.307 41.2302
233.889 40.2774
226.275 43.5726
264.116 41.4719
261.581 39.9772
217.144 43.7298
196.804 43.2045
195.767 39.2222
195.767 43.0107
203.696 41.6932
193.886 41.6987
185.193 41.8631
193 40.4271
193.461 41.0924
181.821 42.162
202.671 41.6989
221.026 40.5112
230.353 40.3474
241.394 39.5207
246.288 39.1478
249.143 39.3499
257.821 41.2455
243.181 40.2794
223.809 37.714
221.782 43.9893
225.138 39.9433
203.815 41.1671
219.998 39.2923
241.633 42.1814
235.828 41.5767
202.55 42.5328
180.42 43.4755
178.336 42.4506
210.473 44.8523
225.573 41.8419
218.557 40.9414
229.4 41.3619
221.142 42.6329
257.85 42.7973
246.163 40.142
248.081 38.7406
214.541 39.9028
250.945 40.9562
227.947 41.2151
217.804 43.0958
205.837 40.8185
192.575 38.7599
200.637 40.2934
176.999 43.988
205.462 42.962
200.608 39.8222
211.554 39.3526
229.545 43.0241
227.378 39.6836
198.109 40.4691
200.291 43.4528
213.714 44.1633
232.612 40.3042
197.596 42.4735
213.878 43.168
200.735 43.2151
190.198 42.6521
179.016 43.1895
185.609 43.2264
197.778 42.9182
189.504 38.0887
198.248 41.2462
194.72 42.3793
187.458 44.1176
215.362 41.3022
206.06 39.0926
205.297 38.9079
212.656 40.3895
224.455 40.4477
235.4 40.4896
232.879 40.1193
222.971 38.7936
241.514 40.7396
217.753 40.1547
215.342 40.0467
219.581 42.4588
227.964 42.8003
209.778 42.5897
200.526 43.8967
204.054 39.5465
198.301 43.0465
208.045 43.7557
214.315 42.4232
215.342 40.9717
235.247 41.6612
211.874 40.4402
199.541 40.4082
199.755 40.7898
228.06 39.7957
239.036 41.0481
212.949 44.9536
222.949 41.3735
217.813 40.5355
244.386 41.1783
240.453 42.259
216.07 45.0749
229.293 39.2901
248.822 40.8368
238.27 40.8974
215.275 41.7629
232.283 40.1298
201.486 43.7494
214.014 37.8082
214.892 40.6918
230.956 39.4219
249.448 37.6442
231.746 37.746
207.457 41.2472
209.378 42.6297
189.942 40.9043
205.308 41.6496
215.983 39.7209
225.706 42.9019
216.965 41.9905
224.906 40.7316
220.483 38.9296
206.617 37.8459
215.445 42.4716
221.535 40.8051
238.201 43.0507
231.837 40.7729
247.765 42.1011
230.772 40.6533
212.36 41.7092
215.632 41.3158
201.108 42.927
200.663 41.9958
226.626 38.5752
226.166 37.8749
232.69 41.1397
254.36 41.1707
225.912 43.4734
238.014 43.8863
233 41.6534
232.071 42.6166
235.667 44.4342
237.731 43.3817
234.836 36.6848
232.996 38.3949
225.226 42.0453
237.286 40.2738
210.099 41.1336
220.531 37.8876
224.498 41.3321
222.828 42.2634
226.171 39.7503
231.182 39.9726
231.969 40.5072
224.498 43.8801
221.288 42.149
223.597 44.4503
215.979 46.9916
212.29 41.0167
220.43 38.8229
224.596 37.5858
228.003 39.0667
223.826 37.594
222.73 39.8048
201.358 42.0791
199.47 42.0145
214.431 41.0351
212.956 39.8047
195.933 43.0297
201.541 42.0092
240.699 42.1519
245.725 41.596
256.059 38.994
268.627 39.1411
290.574 42.2454
260.159 39.2457
236.441 40.2642
231.946 44.173
244.668 41.2637
250.269 40.7887
233.096 41.8968
243.232 39.0711
234.358 39.2361
234.576 37.3618
227.692 45.2483
249.028 40.0388
232.87 41.6295
229.353 40.9573
223.436 39.7074
223.123 39.8547
223.526 39.9593
245.266 40.1361
259.001 43.369
242.851 43.1358
238.609 39.8806
235.165 39.7836
258.366 39.0873
266.297 40.6218
264.138 41.0253
237.367 39.5867
236.77 39.1934
245.953 40.4513
235.264 44.8002
249.591 40.3652
233.642 41.2116
219.368 38.1627
227.437 39.8619
224.5 39.994
222.008 40.0854
218.481 39.7831
222.226 39.1784
246.822 39.7222
229.816 41.117
223.314 41.6053
215.476 41.9016
216.565 37.7623
215 41.5097
211.398 41.2994
201.925 41.1154
190.273 42.7514
199.919 43.2306
172.339 41.4747
192.842 40.8304
192.842 40.194
204.442 42.3099
187.467 41.0332
209.829 39.1114
200.395 39.317
202.613 40.3042
200.668 42.2365
185.714 43.7218
200.91 39.7953
208.205 41.4727
223.165 43.6404
213.01 42.7797
209.192 38.9928
207.576 44.1461
211.611 42.4977
211.198 37.1768
211.608 40.6313
203.786 39.6982
203.899 41.6431
218.197 40.4425
209.643 39.8572
210.787 38.8696
211.455 38.8719
208.936 38.7643
246.636 38.912
224.687 40.036
230.625 38.3844
211.162 40.2862
236.11 40.5271
208.968 41.8751
201.066 41.8897
213.143 42.0113
199.366 41.4515
213.512 42.9012
197.742 42.2899
221.553 41.8537
218.147 42.1879
215.095 41.6031
215.047 42.5997
208.249 39.3908
199.432 43.0437
196.81 41.9227
207.755 40.6472
193.903 40.1628
214.484 40.2696
212.157 42.2557
191.363 41.8302
191.451 40.8862
182.229 42.6755
206.11 40.4969
210.592 42.7373
211.341 40.5829
225.223 40.9946
220.949 40.628
259.635 45.8364
271.206 38.4768
279.663 42.9696
279.663 44.0626
271.646 44.3303
296.03 40.8678
301.147 41.6
282.092 40.204
251.788 43.6724
250.369 38.3198
245.342 41.2195
243.637 42.9114
234.032 40.856
221.457 39.1306
233.696 37.0505
238.555 38.5054
247.201 37.6761
244.672 37.9819
228.957 40.6066
229.457 40.558
231.976 42.3363
214.013 39.3456
216.134 41.3115
212.531 39.5036
200.13 41.4627
189.54 44.5564
196.624 40.6462
217.814 41.6751
204.739 41.4794
199.878 39.7079
213.836 42.7507
219.294 39.4311
226.971 39.6755
204.77 39.5723
210.994 41.8266
207.439 42.6143
205.406 42.9599
254.881 41.9929
241.652 41.0423
216.947 42.2712
210.902 39.5647
208.994 42.3963
215.973 42.1017
218.485 42.5162
240.777 39.7242
234.225 40.0322
219.783 39.5516
220.107 39.5342
218.29 39.1602
229.272 39.3576
202.283 43.2534
180.546 38.9213
233.782 43.1668
214.056 40.5658
204.896 42.8884
215.563 46.6787
215.563 39.4396
218.837 41.7854
214.379 40.2609
211.072 44.2769
250.181 38.8826
239.873 42.3685
232.656 36.8565
236.157 41.7431
207.076 43.7353
231.646 40.8055
247.951 41.354
231.575 43.2829
207.646 42.7779
213.728 43.663
221.99 39.4869
218.816 42.6557
220.873 40.3691
228.016 39.9049
211.212 41.8648
223.875 41.6432
248.531 42.8829
209.548 41.6518
211.478 39.8223
232.576 39.8223
187.586 40.4224
185.111 41.2576
211.919 39.5618
216.7 44.25
226.155 44.0429
219.344 44.5583
205.523 42.7421
228.96 44.1779
242.202 39.5484
233.96 39.3367
236.065 40.9996
220.891 40.5026
223.824 40.2617
215.478 43.2212
220.218 41.9295
223.398 41.0633
223.398 40.1109
240.213 40.2106
237.698 40.2215
220.168 40.4397
233.16 39.2625
223.637 37.7064
217.646 38.9418
211.533 39.9507
213.532 39.5481
202.671 39.5481
193.369 42.9128
192.769 44.4791
178.71 42.2631
178.71 44.4082
193.602 39.5054
194.323 43.0851
202.738 41.2779
224.458 38.7635
209.947 40.5169
216.878 41.3079
245.477 44.0851
245.538 40.3275
246.048 37.6926
237.681 42.0661
233.164 43.6812
244.463 40.2071
259.44 37.7418
252.175 44.5837
230.861 40.5906
262.753 40.4511
286.291 41.8607
290.174 42.0603
322.41 42.4797
327.769 39.8685
328.018 38.2377
298.161 44.3004
250.711 42.8584
225.127 44.2381
209.687 41.9907
217.6 39.3191
193.167 38.5968
223.3 40.3304
212.307 38.7185
225.821 39.9675
249.667 38.4283
231.527 39.3123
211.111 41.3275
237.621 36.7911
226.251 40.7646
244.287 38.4429
214.218 39.5174
256.923 42.7126
323.269 41.1907
320.341 43.6163
320.341 39.7512
294.967 40.0777
304.144 39.9906
322.947 38.9266
316.41 36.4547
296.851 37.8875
283.991 42.2405
305.545 38.6153
266.334 39.1502
278.152 37.8914
295.452 38.2504
306.473 39.1197
310.498 38.9501
311.087 40.9979
271.018 44.0663
279.336 43.2467
291.134 42.8759
293.69 42.8263
317.337 42.4803
326.585 40.7558
320.213 37.2951
309.392 42.2343
296.56 43.3205
296.637 44.3112
277.593 41.5506
279.293 39.6818
240.693 40.1428
275.563 37.9432
280.057 41.2675
276.273 41.2026
267.372 41.716
219.296 40.4679
208.733 42.5194
238.519 40.9229
260.753 37.0452
233.703 40.2652
225.184 44.3855
217.703 41.7315
226.899 42.984
265.507 41.1963
240.303 36.4817
200.08 39.2066
204.125 40.8457
213.509 43.4331
161.323 42.1864
188.719 43.5614
235.937 38.1363
284.449 43.229
262.279 43.3186
294.995 41.2702
296.532 39.4835
296.532 40.5241
284.399 40.4678
268.096 42.0911
256.7 37.6187
245.519 39.6566
251.249 41.0409
242.693 41.2337
234.866 40.261
243.904 43.0235
241.926 42.7468
247.592 42.2402
249.552 40.9268
246.67 39.2185
243.489 42.0035
228.44 40.289
223.143 39.7818
220.423 40.7586
218.734 42.2797
220.19 39.0821
220.173 41.0652
220.119 41.8594
223.617 40.701
218.595 40.2033
223.28 41.895
225.054 41.9667
219.634 38.934
220.395 40.5426
228.474 39.5933
265.994 38.5461
240.489 38.2104
254.624 41.6032
234.356 41.018
209.033 42.1186
195.319 42.2653
213.212 42.2122
205.644 42.1338
197.736 41.0327
216.974 41.5345
197.275 43.0888
199.71 44.2404
196.735 42.3512
204.611 42.0846
200.743 43.4988
202.165 41.7714
199.316 38.5968
232.025 37.5894
238.293 40.6103
206.871 41.2434
227.94 43.4574
209.325 37.7045
228.558 41.6361
241.424 40.9607
254.816 40.7761
259.955 35.7841
250.554 39.5044
277.657 41.3928
299.393 38.6294
283.189 41.5573
312.007 41.1176
296.091 42.4569
279.428 40.4212
316.101 42.2934
306.613 43.1027
306.697 41.4327
239.528 43.382
228.229 41.4546
239.544 37.6429
215.579 42.2405
246.411 42.1987
257.617 39.1535
257.617 40.2293
248.122 41.5551
255.357 36.6984
257.028 38.8815
248.437 38.7343
225.76 40.4202
225.772 40.72
221.142 38.8762
224.388 41.3947
231.051 39.6533
240.519 37.6424
189.022 43.6829
207.51 44.4354
207.001 41.9541
231.617 39.3464
227.501 40.0002
226.907 41.7817
253.671 41.6375
233.878 40.3545
228.039 41.4325
240.714 40.9744
244.202 40.4253
270.985 40.6945
235.953 41.0015
221.796 40.4443
216.803 39.2365
213.192 39.3555
211.257 41.4354
212.24 41.4886
176.842 39.2687
178.463 39.2097
174.667 40.9831
174.667 40.4346
174.667 44.4336
183.045 40.1805
181.46 41.2721
196.86 43.3303
203.93 38.5554
208.334 43.168
222.719 40.7313
229.909 43.2129
208.341 42.2538
223.671 41.3481
217.589 41.4757
227.208 42.0523
212.33 41.4697
209.369 40.596
198.973 41.4766
195.124 40.2477
195.33 40.7775
205.527 40.3731
207.54 37.1174
252.289 42.6533
234.154 40.601
225.969 42.3175
221.449 43.0574
200.758 40.8323
208.077 40.5292
228.15 41.913
199.436 42.1933
207.38 40.2464
219.508 40.0281
224.929 39.7984
215.493 40.1545
233.085 41.9412
226.591 41.4001
213.178 40.8609
191.397 44.7771
195.113 40.7264
202.435 41.3468
194.241 41.6027
230.687 40.4159
210.492 38.4532
213.604 39.4996
197.387 40.9702
213.444 40.7898
196.405 40.3953
189.767 42.1255
188.12 41.2532
185.73 43.1117
198.906 40.4313
200.323 40.0636
184.835 40.5031
170.5 43.4409
172.762 38.0267
166.529 42.4191
172.357 44.0449
196.525 40.4769
207.74 43.6533
203.083 41.7069
202.377 42.0296
201.938 45.553
220.779 42.2357
248.237 41.7762
245.328 38.1446
229.707 42.7274
262.803 40.7246
233.315 39.5699
228.484 40.746
231.355 37.3451
234.651 40.2138
245.276 42.2559
224.656 42.5062
204.168 42.4517
202.09 38.85
203.705 41.0731
191.85 40.3385
195.424 39.0128
208.357 42.5943
200.476 43.8975
228.166 40.3139
238.634 43.4925
252.593 40.7225
238.266 38.8771
232.878 38.089
210.292 45.0569
212.13 42.3146
206.854 42.825
228.759 39.5298
263.252 42.655
252.195 42.0962
231.82 41.3335
249.122 36.2818
228.983 40.0401
213.042 41.778
218.447 41.2529
232.043 39.8406
209.017 41.974
222.276 41.0024
235.603 40.5364
231.635 43.9915
244.425 42.4201
248.749 42.0001
254.219 41.5008
266.489 42.1694
291.021 36.8773
273.745 40.6153
257.454 39.3644
282.061 41.8688
262.591 43.4855
252.816 40.7801
245.874 42.1359
257.684 40.4053
255.374 38.0452
267.712 41.2731
238.501 41.8581
251.942 41.3537
230.796 42.4299
234.47 38.952
221.466 39.8781
220.939 37.2068
220.043 39.4758
207.061 43.2557
217.118 40.9214
245.85 44.5124
213.963 41.4668
217.156 41.2414
227.056 40.2782
232.167 40.1484
227.662 40.5026
245.602 40.0736
243.686 41.3139
257.367 39.912
250.823 42.4196
252.053 39.9387
259.168 40.6753
278.957 40.6523
274.397 39.6682
268.744 40.6247
283.269 40.5972
307.091 39.6712
307.091 44.4608
297.652 41.6469
287.237 41.3235
328.123 41.8791
328.396 40.9113
286.863 41.2884
307.441 42.1776
276.948 42.3033
269.04 40.6786
266.045 41.8479
240.701 42.2812
219.139 39.6954
215.653 42.8951
204.02 41.5776
199.731 43.6398
198.689 42.3607
204.379 44.0961
232.954 39.7271
229.583 41.1793
205.533 38.3255
197.999 39.1917
192.88 42.2327
211.069 37.3034
193.321 40.7152
205.582 40.5201
219.792 40.6403
229.355 42.6391
216.662 41.2697
201.544 42.0447
199.465 41.4131
216.882 41.0374
230.581 40.1774
235.577 43.3967
207.496 38.8181
236.432 41.3134
250.6 39.0845
245.06 39.1162
238.366 40.087
249.406 39.3611
234.229 40.262
204.797 38.0771
214.392 39.117
230.739 40.1459
234.735 40.7801
219.495 38.8868
221.553 40.9124
233.269 38.8496
254.916 42.7124
231.408 41.7015
251.882 38.8958
240.544 41.9098
239.549 37.8882
231.482 42.2743
265.229 45.6621
260.697 41.3351
252.231 39.7256
224.937 40.3312
219.28 39.416
229.978 39.9647
217.372 40.2174
226.362 41.0162
211.631 40.0722
182.41 42.0539
216.745 43.9227
192.647 38.9209
206.475 43.4036
210.203 43.5432
200.776 39.0752
208.257 38.0086
227.057 40.0863
209.307 40.1687
214.097 41.319
202.88 39.8892
200.538 40.6361
198.234 41.802
191.489 43.8507
184.791 44.0137
183.229 41.1722
178.248 45.2472
169.124 40.7713
171.99 39.7592
186.434 42.8062
196.252 37.3996
211.358 41.7795
202.353 40.4297
201.858 43.0472
199.298 44.0322
211.804 36.8408
241.733 40.1636
182.855 41.1991
202.541 41.9336
201.136 41.8293
204.553 42.0062
211.083 42.9665
217.118 39.4585
225.629 40.0123
230.222 44.8364
232.799 42.2422
230.376 40.8011
205.712 41.8393
196.449 42.2983
218.045 41.0641
199.198 42.0075
207.483 40.5108
212.721 42.7934
201.931 40.3576
199.883 40.2607
200.148 41.621
208.006 38.3991
201.786 41.7705
206.329 40.7171
227.305 42.0741
232.324 38.3422
251.507 38.6461
246.623 39.5472
226.714 40.5174
233.178 41.1558
235.656 39.715
218.752 41.8837
215.506 43.6037
207.566 42.9028
216.943 41.0996
216.801 43.3006
214.871 41.1548
214.61 40.5371
218.169 42.1084
279.977 37.3394
294.08 39.5192
287.856 34.7547
252.326 42.1636
281.752 40.5571
271.59 39.9931
262.817 39.4204
263.565 41.6709
244.985 40.009
229.45 41.2963
192.66 42.7491
181.089 43.6277
198.956 43.388
199.796 41.6919
193.525 40.6382
208.33 39.4128
209.852 40.7906
227.033 41.3938
252.549 43.1455
247.801 41.8412
257.35 42.5786
260.842 39.3471
260.842 41.1789
254.435 42.5217
218.986 42.3869
208.804 40.7586
212.591 40.8945
229.318 41.1271
211.165 40.4689
212.018 41.4482
205.618 40.2415
191.174 39.3451
191.174 43.7983
196.324 41.3044
231.608 43.3968
212.543 40.8754
225.423 40.4117
220.822 39.3397
218.333 43.6192
236.754 41.706
267.562 40.677
251.438 41.3267
232.956 39.9711
228.838 41.5153
236.282 41.5558
236.235 36.0121
231.966 41.4732
223.237 39.491
227.896 41.4846
216.672 34.987
220.211 37.1679
213.943 40.0268
213.199 39.4573
190.315 41.7925
202.904 41.3275
209.802 40.6884
213.291 41.8433
224.929 41.92
222.703 39.5019
213.131 40.7259
236.69 37.3909
260.797 44.4759
261.086 43.3756
223.408 43.4665
223.981 38.6436
251.832 41.4133
261.985 40.8737
247.509 41.1893
241.097 43.4069
223.464 43.0712
223.464 42.9841
219.77 40.1314
225.452 41.1576
208.499 40.9015
210.208 41.1117
231.891 43.1817
266.46 40.542
253.426 42.0151
271.557 41.7713
247.424 40.2467
236.789 41.84
216.254 39.3281
205.686 42.5023
216.284 42.1074
223.757 43.3696
233.246 41.917
233.185 40.3595
213.006 43.4799
217.908 38.6973
215.67 38.9877
222.93 40.3142
221.686 44.5895
207.158 44.1827
191.172 40.7192
181.052 41.7434
207.589 39.9538
192.265 41.9746
201.794 42.3977
212.883 40.6758
193.572 40.1081
202.007 39.8521
211.444 41.1809
227.38 40.605
221.633 44.277
224.452 40.1848
229.392 46.589
244.833 41.5724
224.317 41.8231
256.412 40.8782
241.734 42.5016
274.059 40.3603
294.882 41.3911
309.537 38.8182
302.474 41.9781
302.474 41.9141
309.715 43.8919
283.002 41.9603
283.002 42.3513
283.002 40.2546
266.689 42.8457
265.766 39.9403
252.981 40.8298
273.152 39.0271
291.355 41.6807
271.912 43.6398
260.074 39.1599
250.907 42.4386
261.378 39.7069
251.599 41.982
248.502 42.1387
275.478 41.9046
320.321 40.4102
237.354 42.2754
222.539 41.2435
207.66 41.7841
196.997 42.2522
174.202 42.9685
174.486 43.4812
178.379 41.5923
178.996 41.4711
182.589 40.7916
199.484 39.9918
204.398 41.6516
198.184 40.8745
215.329 37.9164
206.113 39.6325
216.355 41.6307
222.507 42.959
226.22 39.2655
257.028 42.2037
225.022 38.9337
206.312 45.0811
223.778 41.177
233.171 40.2633
225.918 41.0062
227.095 40.3282
221.056 42.5527
219.062 41.4242
213.422 41.953
225.469 42.6602
222.166 43.1873
211.344 40.6177
212.085 40.485
209.162 41.7343
193.672 40.3017
191.379 38.9179
201.074 42.0575
238.631 41.2231
228.688 41.9028
225.799 40.6665
213.355 44.4573
223.775 41.7237
213.654 42.1596
200.761 41.2183
194.898 43.6304
206.042 42.2571
221.729 39.6428
217.075 38.8839
217.333 39.8332
221.881 42.1022
249.128 40.7256
244.888 40.1214
216.089 38.3535
200.847 43.4622
227.441 39.8048
209.96 43.3213
205.749 38.8724
192.72 38.5585
183.114 42.4686
202.497 43.9398
199.149 41.1067
216.031 38.1495
210.37 42.2717
215.53 42.4455
204.322 38.7331
183.846 41.3283
195.755 43.9994
198.403 42.3113
186.327 38.8817
213.994 38.6394
192.208 41.3335
185.62 41.1375
190.459 40.8392
181.311 41.788
181.311 42.2293
184.782 44.2509
184.782 41.2752
202.818 42.1348
195.234 44.9946
196.705 42.9391
195.573 39.6796
184.936 41.203
176.36 40.1699
209.724 40.9018
206.884 41.1258
232.51 42.3384
224.605 40.9109
217.406 39.2964
223.367 40.0939
230.323 39.4423
232.894 39.1335
243.148 40.1851
243.847 43.2878
237.684 38.083
221.357 40.2154
235.308 41.5241
245.705 39.7606
247.904 40.7804
256.604 40.0288
268.463 41.2544
251.267 42.1892
277.43 37.6603
274.731 44.1554
258.14 38.8766
268.396 40.3128
240.592 39.2954
233.715 42.5697
211.822 42.4749
210.728 38.0994
214.558 42.5863
225.795 42.273
232.277 41.3682
217.282 42.3901
233.959 41.2977
233.959 41.8646
213.062 41.4412
214.659 41.083
248.874 38.822
238.874 41.6972
232.605 38.5816
242.785 39.0654
246.172 39.917
233.941 39.9117
232.527 41.5805
227.149 38.5688
225.78 38.6467
230.322 39.474
214.158 39.6445
206.653 38.2011
202.657 43.337
212.862 37.9668
185.116 40.6519
217.259 43.3234
198.117 42.4958
213.357 42.1209
204.697 41.8666
185.063 43.5198
184.952 41.2946
188.783 40.4786
179.384 41.8186
197.649 42.3851
201.446 41.6375
214.496 41.2476
206.453 42.4004
184.057 43.3203
175.266 41.811
177.9 40.9185
160.089 42.0778
169.973 42.7063
169.973 40.2178
169.973 39.4598
175.548 40.6194
175.548 41.2335
185.513 42.6524
185.513 44.3618
185.513 41.2072
198.951 40.9686
210.912 40.466
210.912 38.8942
236.11 37.1488
238.95 40.5916
257.686 42.1622
227.135 42.7058
239.453 38.525
251.333 39.0802
252.186 42.5744
243.149 40.7395
234.137 43.9717
231.022 40.4557
222.827 39.9891
237.197 38.76
231.934 38.4554
215.657 39.3574
217.696 40.3444
226.913 36.579
207.435 38.7329
217.963 42.1986
205.755 41.2029
192.892 45.511
192.123 42.0409
192.123 41.8803
208.253 37.7273
202.392 40.5636
236.672 38.9003
230.055 37.4767
222.031 38.0274
196.729 39.0333
212.407 39.6548
225.961 41.1228
227.788 41.7605
236.401 38.9918
201.421 40.7956
209.905 40.89
217.208 39.0646
223.381 38.5588
222.429 38.5648
226.265 39.0063
232.351 39.8554
239.898 39.8143
236.444 38.1866
239.031 40.9814
238.631 40.4452
238.488 38.9859
262.801 34.2201
265.884 41.2982
250.246 40.2624
255.797 39.5188
232.959 40.4865
236.981 42.0477
232.853 41.2926
225.834 39.7653
235.69 40.4083
236.486 40.4996
222.288 40.7611
217.658 38.3848
262.875 37.2296
266.426 40.556
257.502 41.8311
230.66 42.0403
193.509 45.804
202.385 38.8258
207.248 40.6593
187.53 41.7306
198.449 40.7398
191.367 41.9471
183.641 41.3901
184.992 41.2001
169.627 40.1923
190.581 40.8126
179.467 42.7914
198.796 39.4607
214.907 41.0596
197.752 42.8545
223.975 39.7267
260.121 40.3564
237.209 40.3586
215.071 41.1084
230.534 40.9274
221.833 43.127
229.996 41.426
227.358 41.8027
222.75 41.6317
205.601 41.6004
201.646 39.0462
195.482 39.3776
203.906 41.2171
190.51 41.2299
196.413 38.9242
196.105 42.132
205.736 41.3361
193.36 41.2038
214.006 43.0886
214.006 43.4935
205.851 40.0113
199.169 42.3253
217.824 41.14
219.425 40.9816
231.678 44.3998
217.638 42.5436
225.355 42.4113
198.639 41.1746
196.732 41.6008
203.107 43.6931
204.004 42.0157
198.565 41.5755
198.593 41.2693
199.878 41.4698
206.524 39.0588
196.761 36.9692
193.818 41.4397
208.888 42.1907
216.177 41.739
206.974 39.2076
203.42 42.1863
198.198 43.3538
208.841 41.7227
208.841 40.1915
178.423 40.8913
204.067 39.214
196.25 38.5961
205.398 42.5282
209.831 42.0452
201.943 41.1056
201.943 37.5564
212.181 39.3354
220.764 39.1136
195.579 39.3841
214.765 43.0702
209.495 39.5448
211.635 40.0661
212.971 41.2357
211.385 41.0491
202.306 40.3367
217.323 40.7042
228.166 41.8083
242.97 41.1587
255.748 43.682
277.069 39.8129
270.997 40.425
267.56 42.135
341.03 42.1685
289.193 43.4939
253.605 41.8542
247.291 39.8701
256.573 41.3027
253.067 41.2066
253.067 41.8816
241.195 41.6447
242.827 39.9999
227.068 38.7754
220.565 40.9931
233.79 40.9492
221.245 41.3237
236.356 39.3717
243.292 41.1426
278.538 41.5354
247.446 42.1125
237.039 41.4432
257.42 39.5183
246.321 39.5542
242.226 39.3777
236.586 40.6587
213.079 42.1171
205.049 39.3225
199.007 41.0662
222.218 38.7634
212.991 39.1113
206.018 39.07
235.123 39.3364
246.14 41.5933
246.742 38.7201
260.748 39.7729
251.839 40.3249
254.952 41.556
247.156 40.8763
241.054 41.0936
230.054 41.5201
228.751 41.6463
237.86 42.806
254.11 42.4072
261.408 39.2041
273.623 41.7141
292.171 42.3137
292.171 40.2469
275.823 43.9753
269.853 44.488
254.605 43.9194
274.068 41.3342
293.1 40.7262
252.908 43.4513
263.875 37.6621
264.851 39.677
240.024 37.8964
247.012 38.1851
220.282 44.2102
215.877 43.0621
237.701 38.5539
214.753 39.8673
222.977 40.9797
201.83 41.5009
211.987 39.7205
203.476 40.2986
202.299 40.4146
213.13 41.2702
213.311 41.8472
213.098 44.4144
211.749 43.0658
207.733 41.6993
223.722 40.5415
231.142 40.7258
242.181 40.5888
255.74 39.4174
255.869 39.5349
245.393 39.325
221.569 40.1255
207.855 42.9865
238.279 42.3454
233.465 45.4705
243.858 39.8112
255.681 42.7226
236.248 41.6745
242.368 39.7654
266.869 40.3529
245.651 40.5614
248.467 39.2604
243.058 38.2316
247.011 37.1195
238.946 41.841
241.704 37.8347
229.194 39.3892
203.533 42.645
194.596 41.6684
196.488 42.9575
195.487 41.8035
198.136 44.3422
209.263 42.7697
219.276 41.4597
221.911 42.2628
217.831 36.8546
217.536 44.3349
217.629 41.8088
220.267 43.0102
221.464 41.7792
218.806 40.5973
206.971 40.0787
204.746 41.8047
198.325 42.179
207.316 41.4093
205.662 42.1996
209.412 40.5704
207.718 41.6536
194.411 42.804
195.464 40.4425
207.715 40.5291
223.181 40.3907
240.587 42.3323
255.15 36.9917
237.803 39.7158
231.211 39.8317
222.111 40.6739
203.296 38.5015
213.421 40.7806
212.099 40.7607
211.572 40.8236
210.546 38.8107
206.484 39.762
213.144 43.735
224.471 39.2716
217.396 43.5922
211.874 42.6366
214.734 38.2851
223.486 40.9079
220.735 40.0203
195.811 40.7779
206.689 41.8939
211.081 41.882
207.561 40.8042
204.927 42
177.39 43.1479
194.523 40.4642
180.296 42.948
170.96 40.103
178.432 38.416
183.46 37.8515
209.85 41.2042
197.263 40.7
200.946 40.4732
211.319 39.7042
219.479 40.5622
228.269 39.0474
238.467 40.0349
245.006 40.3211
220.906 41.7684
225.598 40.5005
230.736 41.0136
227.734 43.2688
228.776 43.3041
224.602 40.4949
217.424 41.4388
201.681 43.161
219.379 41.2484
201.835 39.6065
216.584 40.2416
236.215 36.1426
225.685 38.7863
242.668 40.8945
209.512 41.5326
207.46 44.0404
189.65 40.1862
206.068 41.7219
218.892 43.5735
213.621 41.2184
208.23 43.7834
198.282 41.5102
196.972 42.6459
195.844 39.3084
229.364 39.3398
225.007 42.2795
230.937 42.134
240.273 40.1954
232.757 40.5344
231.53 40.2394
221.849 39.6148
226.247 39.9971
194.419 40.5077
197.416 40.4507
207.68 42.6047
234.677 42.0637
225.849 42.5059
217.839 40.8883
213.399 42.9039
233.302 41.2078
235.449 37.2316
225.408 37.962
219.558 38.9254
215.657 42.3339
195.917 39.6294
216.102 44.6643
218.248 39.3108
209.555 42.0718
192.385 41.4429
199.381 41.27
187.533 43.6496
223.788 39.7786
210.865 40.818
189.248 41.1721
202.794 41.3353
190.307 42.3045
217.903 43.3222
224.289 37.9559
207.475 42.0156
208.346 40.0382
229.713 39.278
213.369 40.4754
240.705 37.0315
234.715 45.4216
223.218 41.0721
227.9 41.6537
208.699 40.6658
215.872 41.7683
225.762 40.5759
226.02 41.5409
209.816 42.3888
225.339 44.1839
220.515 39.5447
222.882 38.5391
228.36 39.8371
220.358 40.5353
227.346 40.4572
238.962 42.2926
223.056 42.4423
221.998 43.4456
231.985 40.2314
225.43 40.4953
239.562 40.0411
239.562 39.2885
248.427 38.8217
243.147 39.5535
246.311 40.9092
249.116 40.4193
237.007 44.7647
216.939 42.3469
229.163 40.8894
233.161 40.4721
239.364 38.4637
221.231 41.5757
235.758 40.5525
243.505 39.6433
247.195 41.0012
254.97 39.534
230.689 40.4233
220.944 41.9574
214.442 41.0644
206.189 42.0322
215.123 39.4768
221.683 38.8626
209.978 40.9736
215.718 37.6229
224.072 39.7481
219.375 43.7233
208.773 42.5744
207.785 39.9363
219.128 41.6065
198.673 41.8001
205.178 40.3359
186.463 39.7442
191.957 42.3325
195.463 41.318
197.315 40.0634
195.218 41.7395
178.727 42.3864
197.772 45.4306
197.727 41.4824
221.98 41.0629
231.64 41.0694
205.967 41.3448
193.212 44.355
192.461 40.3733
199.505 43.5189
183.374 41.6529
178.993 42.6489
173.263 41.1952
169.849 39.4347
186.986 42.7925
200.369 43.5726
194.738 42.3953
194.141 41.2674
185.722 44.6775
202.652 39.8912
191.553 42.4393
184.341 44.9055
186.543 42.0766
186.447 41.1247
175.496 41.6835
180.157 42.4554
182.554 39.9968
188.458 39.4314
188.067 40.1047
222.164 42.7801
225.734 42.7841
218.613 41.9163
220.071 38.425
181.437 39.409
166.412 44.0469
204.882 44.8839
212.208 41.1808
205.566 40.5219
195.727 41.7973
205.72 41.7169
197.463 41.5571
200.602 41.3292
232.355 42.7475
221.408 40.2525
230.872 40.6867
218.783 41.3748
245.279 40.9741
258.551 42.251
252.828 41.0208
261.44 40.4575
266.779 41.572
301.405 41.5302
302.25 42.5004
307.229 41.0082
297.208 38.2502
293.843 41.5797
265.33 40.5226
262.32 41.285
232.644 43.8653
238.026 42.2788
228.445 39.2693
228.033 40.9324
217.535 39.5954
210.123 42.0266
180.471 39.7486
189.913 42.4462
200.396 41.3496
196.49 42.9598
207.323 41.5412
179.804 40.0117
170.955 41.6788
166.381 42.3407
180.722 39.4808
160.902 41.6133
155.928 38.2269
165.57 41.1598
164.257 39.3754
171.353 40.9769
181.478 41.1306
184.047 40.4247
203.502 41.239
198.772 42.2275
179.402 40.985
172.232 42.3129
160.682 39.9516
163.375 40.9675
219.253 39.9491
216.367 43.094
198.829 44.1044
208.929 43.1753
197.41 42.5654
188.105 42.1114
176.633 38.1443
177 42.6438
186.604 40.7073
194.647 42.3189
193.192 43.4679
195.317 41.9488
189.497 40.5594
189.237 40.5546
193.375 40.6017
220.385 40.6875
236.408 40.5055
228.625 40.8396
229.29 42.8035
243.595 41.1776
252.186 40.4458
252.186 38.8748
238.903 39.1088
216.374 40.3665
231.39 39.5631
254.396 42.6886
248.477 40.1778
248.477 40.6061
231.507 40.8982
226.699 42.2362
221.974 41.1316
209.759 37.9515
202.08 41.8984
220.932 41.1703
221.637 37.9332
220.155 39.4984
230.856 39.1583
230.856 41.8427
225.047 41.1821
246.174 38.8501
221.131 42.2518
232.571 39.7685
226.409 39.7844
202.717 40.6126
211.047 39.1982
189.325 41.2403
199.007 41.696
218.69 40.6088
184.62 42.8489
195.185 41.6362
231.768 42.3825
209.339 42.7529
218.922 42.01
231.986 37.3242
217.145 41.5796
202.927 41.7134
229.428 39.8112
224.033 42.9391
221.103 42.9093
268.183 43.2253
277.706 39.1706
248.138 42.9589
329.345 40.4487
314.328 41.9061
304.531 40.9643
322.321 40.4627
322.014 42.7898
315.559 43.6143
315.849 43.6143
304.164 43.3454
280.269 44.3813
259.186 44.8274
248.859 42.1566
248.859 36.5587
252.796 42.4093
246.502 40.8835
208.529 40.8519
208.529 39.6648
208.529 40.9502
246.226 40.1471
223.734 38.9037
242.941 42.6713
221.61 40.0945
229.337 40.5319
207.978 38.7951
197.134 42.9352
205.55 39.6865
219.813 40.1892
221.587 41.3124
220.805 40.4321
194.9 42.704
224.578 38.9355
238.647 39.0725
201.976 41.5597
206.069 41.4458
219.402 39.6304
219.044 40.8096
189.45 45.5216
201.14 42.556
213.39 42.4592
191.025 40.1897
219.043 38.5659
231.996 39.5147
251.113 42.7347
240.249 40.8666
226.988 40.8686
203.391 41.1167
206.533 38.862
225 41.9864
208.329 43.0331
179.855 40.2823
206.751 37.9115
202.469 40.3406
194.364 40.7821
194.364 40.6875
172.327 42.2223
191.164 42.3296
193.402 42.0067
191.289 43.5248
184.914 42.2159
183.786 43.8221
179.905 45.527
193.071 41.5006
212.302 42.1645
212.309 40.8597
201.622 43.3156
199.759 42.0974
180.675 41.9587
173.338 45.0123
192.845 39.5216
209.005 44.0586
209.005 42.2475
198.634 42.2864
168.823 40.324
168.998 42.1836
200.896 36.2161
197.527 44.1918
210.833 43.8677
207.062 41.9009
206.731 40.9231
213.288 40.8571
200.599 42.8859
216.762 40.4466
226.299 42.8074
229.688 39.59
212.596 41.6639
218.513 42.2326
202.002 38.452
209.407 41.1232
226 43.7927
251.094 43.7472
242.605 43.5113
256.48 41.4526
252.13 41.194
258.233 41.0834
242.041 41.6568
201.148 42.2752
210.098 42.0263
210.098 41.7124
210.842 39.9865
223.761 41.687
232.93 40.9979
240.345 40.7062
247.02 41.3063
246.136 42.0755
247.465 39.2995
217.059 41.8997
214.981 43.4383
220.693 44.2423
228.396 40.1309
216.392 38.1153
234.837 40.237
229.541 41.3434
243.454 40.8128
230.617 40.8861
211.621 40.1751
210.703 39.6667
214.885 40.1158
206.124 43.3777
220.085 40.9481
226.386 38.9635
222.358 38.6161
225.996 39.8576
196.702 40.3988
225.729 39.7843
265.19 39.1821
231.448 40.6823
231.448 39.0432
224.425 39.1116
225.968 38.5703
202.255 37.3985
219.626 38.8117
206.745 40.6349
227.493 41.5834
215.278 39.0092
216.346 36.567
212.641 43.416
213.093 44.2553
206.605 41.2519
249.806 39.3061
242.27 39.6374
236.28 40.0304
236.28 39.6215
228.124 35.4826
255.613 36.1399
240.37 39.48
234.966 37.5595
240.518 36.4588
254.128 37.2864
242.556 42.8823
237.502 42.2021
242.464 40.957
252.229 44.6522
263.424 39.9602
257.274 40.9926
286.064 41.1129
260.065 39.0151
253.31 40.4713
264.321 41.4887
237.013 41.0773
240.812 41.0847
252.57 37.68
258.21 41.1186
260.488 41.8977
266.651 40.2748
264.332 42.1396
283.038 40.4806
306.984 41.2835
359.793 38.7362
343.79 43.1013
316.644 39.1906
303.697 39.4534
290.877 42.9363
343.293 41.9242
364.101 40.3834
312.388 43.4565
270.285 43.4295
275.551 38.6442
279.272 39.1633
301.635 38.8544
294.72 39.3354
341.729 38.855
300.78 41.3846
267.52 44.0867
277.337 40.2277
223.116 37.7549
225.701 41.764
221.694 44.6618
229.447 40.8213
209.194 42.1105
228.998 40.3137
245.341 43.4081
202.111 41.8808
210.335 41.5721
199.94 40.3357
214.697 39.9239
206.875 40.9101
188.222 40.7198
170.558 40.993
170.069 41.0795
175.036 40.0348
185.052 44.2174
186.619 41.2553
220.151 35.3069
225.173 41.2283
206.993 41.9429
206.993 41.1471
210.945 37.5342
192.911 42.3096
219.359 38.455
208.759 39.0526
224.67 39.5227
210.314 43.0625
219.236 40.9118
212.882 40.727
224.385 40.7575
239.104 41.8703
239.369 41.7011
227.037 40.9314
236.181 42.5854
231.166 40.024
216.923 40.9961
220.279 43.9383
218.388 39.7816
231.965 38.752
234.759 37.2171
228.876 40.6187
212.252 40.1112
220.39 39.7953
221.823 37.9677
206.589 38.1102
203.03 40.0452
208.685 39.7203
232.922 36.8337
225.695 43.3302
228.075 42.7934
246.155 43.4493
246.155 40.3638
236.011 41.0059
236.461 40.9155
243.01 39.6996
222.384 41.2118
217.351 42.3903
221.223 45.5273
258.713 41.257
243.53 39.7113
243.53 40.434
245.627 38.3047
240.135 38.2088
252.112 39.4415
242.276 39.7232
230.914 40.3023
203.213 42.5683
197.617 42.3192
222.14 42.8636
219.901 41.9278
204 44.8214
202.727 39.4378
198.332 39.0072
198.776 42.5663
196.048 41.3472
199.478 39.5713
197.63 38.8809
187.268 44.0797
193.9 39.0832
200.187 39.244
203.197 40.3629
205.099 42.1226
204.645 40.1476
221.64 41.186
222.944 41.6621
226.056 44.3019
226.423 45.4744
226.414 40.9268
209.75 39.3158
199.429 40.3834
216.932 41.8649
221.621 42.4401
225.423 38.6615
202.058 41.1533
210.992 41.6034
200.195 42.2431
203.118 40.8429
199.402 41.7657
199.402 40.8321
198.318 43.3411
192.497 44.3145
216.553 39.665
210.07 38.3805
218.094 40.3064
220.502 40.7651
221.12 41.8375
208.556 40.5044
223.812 40.4679
205.079 40.4252
210.431 40.2284
212.881 40.0538
204.153 42.7094
214.695 39.6775
234.028 38.8666
237.189 40.7579
229.491 40.5126
256.981 40.6587
239.22 42.2307
229.321 41.9555
216.811 38.8047
215.942 41.4803
209.333 40.1019
193.461 40.0809
200.662 40.7908
181.024 40.9922
170.976 39.2191
164.215 45.825
167.998 42.5706
218.016 38.7852
218.878 41.0206
192.794 38.4027
206.444 41.2677
222.778 38.6974
226.772 40.5812
191.711 39.0569
189.768 44.5134
223.667 44.2298
219.397 41.5253
251.852 39.7603
213.223 42.2704
241.46 40.8511
224.186 37.5018
215.153 40.4253
212.28 40.3263
211.86 39.7977
216.404 39.9131
226.059 41.1965
205.112 42.3469
206.808 41.2786
200.431 39.1545
199.314 39.3025
226.184 39.6103
203.526 42.2429
202.586 42.2453
203.94 43.5707
191.005 42.4538
195.306 42.3484
195.306 41.4609
195.306 41.3266
208.758 41.7059
202.713 42.2391
228.487 41.8349
230.565 42.4677
223.834 42.8222
236.859 42.7327
235.305 42.43
216.699 42.1856
210.107 40.7572
208.098 41.1037
222.356 41.9358
221.007 43.0953
210.235 42.1173
215.087 39.997
196.765 40.1043
190.947 39.2196
189.455 40.9111
205.388 42.5183
198.122 44.644
187.48 44.4267
195.02 38.7548
203.114 39.428
203.92 39.8547
209.758 39.7186
193.63 39.072
218.665 39.2602
217.411 39.8017
222.218 40.7652
225.819 41.9877
234.021 39.6714
204.336 38.6027
196.356 39.3941
225.953 39.867
223.917 42.6042
234.821 38.7518
234.577 40.4529
249.833 41.3995
229.488 41.5555
229.205 39.476
231.776 43.9404
233.286 41.2314
233.668 39.4409
234.049 44.9104
235.363 41.9386
240.541 38.5068
248.369 41.5549
209.635 39.3941
204.177 41.585
187.646 39.2063
176.087 44.0321
166.304 39.5021
180.338 39.2392
192.994 44.0577
202.246 40.2337
208.067 42.5508
198.801 42.8093
204.931 41.9793
193.258 42.2928
212.853 40.7022
202.784 40.8779
208.913 42.8457
221.185 41.198
245.85 41.293
236.906 38.4189
237.559 40.4742
223.347 41.0948
214.895 42.4893
220.629 40.1077
236.497 40.3245
248.395 38.9803
258.652 36.0281
245.686 37.9881
235.358 40.6305
236.653 38.2493
202.148 36.9009
199.74 38.9443
199.74 42.7379
213.485 41.5162
238.061 40.371
223.236 40.7934
206.165 42.7372
220.76 43.6677
215.515 39.4392
215.289 42.146
226.568 40.8878
244.654 39.6199
243.041 38.8541
221.01 42.3601
214.153 44.353
222.212 42.0613
247.365 42.2986
245.409 43.7633
254.813 41.3929
223.285 42.872
216.131 39.2236
225.687 40.6897
228.37 40.1049
251.376 42.0521
250.108 39.9645
236.243 41.2381
221.983 41.3072
223.954 41.6566
196.972 43.844
231.189 40.6427
217.881 42.6261
217.57 41.1741
215.37 39.6303
211.57 38.4274
203.517 39.1888
222.952 39.5964
206.191 41.6621
207.842 43.3188
203.715 39.0004
211.755 41.1626
213.721 41.5306
246.238 40.9055
243.192 39.4588
251.014 41.5968
230.628 42.0419
206.056 43.2932
195.735 44.3513
220.764 42.4069
213.9 40.5568
240.49 42.8921
219.313 39.6058
246.278 41.1999
244.79 40.1847
279.373 37.3916
265.389 37.202
285.127 38.0575
256.028 41.682
251.11 39.5014
222.264 42.0841
225.081 42.5631
249.841 41.9378
252.758 42.0758
223.557 40.8912
230.459 42.1247
227.736 42.3261
220.912 42.2762
223.903 42.1171
214.26 42.4032
221.155 41.8434
229.904 41.3709
220.578 41.4106
205.463 40.0759
207.036 40.9952
195.571 41.7704
191.429 40.5755
186.672 42.9669
211.502 41.4018
198.929 38.6613
199.025 42.7788
215.685 40.8171
230.462 39.1197
236.28 40.0908
237.957 41.8177
255.186 41.979
255.186 39.3373
254.635 40.9983
241.338 39.6589
231.204 40.1642
235.754 39.9902
234.014 38.7662
238.231 39.4613
237.644 42.463
227.509 42.0833
243.927 39.2856
210.018 38.3815
210.803 38.1873
227.864 40.1154
236.384 38.7458
216.094 40.9994
203.983 39.0349
197.012 42.1058
196.644 38.9414
202.41 39.7164
200.835 42.1487
232.117 38.8456
215.838 43.0126
238.015 39.4167
212.273 42.6484
215.768 40.5449
214.897 42.5836
210.632 42.8563
251.294 43.344
232.042 40.5304
228.806 39.5706
231.726 41.2805
241.683 41.1633
249.57 41.744
233.617 39.775
209.934 43.3776
210.846 39.9253
205.19 43.4018
191.358 40.6501
189.657 40.6289
191.398 39.503
179.547 41.0159
173.194 45.5941
171.226 44.6268
187.888 44.9417
196.529 43.63
201.128 37.9204
205.939 38.9949
203.525 42.2943
221.703 40.6777
231.316 36.9761
228.729 44.1303
238.008 40.2127
221.647 42.4673
226.636 42.1892
209.027 39.9966
210.291 39.9924
212.037 42.6274
200.322 41.4457
187.465 39.4778
202.538 39.7118
200.962 39.3288
203.416 42.4982
202.044 41.9334
193.851 41.6848
236.629 36.0934
213.483 42.1209
222.422 42.1727
212.704 42.8466
235.299 39.5172
243.959 41.3103
230.271 42.2433
230.271 39.0551
230.949 40.5493
236.699 39.5202
251.27 39.6757
218.666 42.4131
243.573 38.4921
244.132 38.1143
232.307 44.5126
231.453 39.8961
226.295 37.2895
221.933 40.9427
216.557 39.3762
221.059 40.6821
225.273 40.4744
236.778 40.4734
233.771 42.0547
233.059 41.5496
224.047 41.5602
250.785 40.9199
243.528 41.7495
239.373 41.2297
239.859 42.1302
222.955 41.2669
236.567 39.963
227.61 40.6656
219.109 38.6752
205.294 41.9283
206.18 41.6218
188.788 42.4329
188.788 43.4085
178.099 41.921
198.32 41.2101
205.205 39.2741
203.388 39.2225
207.522 41.855
207.186 40.2972
223.329 41.8514
192.005 44.2851
182.972 40.6766
175.043 40.6379
188.85 43.6164
208.696 41.1944
200.647 40.0493
191.99 41.6969
199.038 41.0166
197.316 44.4458
188.178 40.881
198.567 39.4612
201.022 39.5392
220.29 38.5938
237.247 38.782
216.91 41.6663
228.861 40.8277
223.638 43.0322
226.081 40.9509
214.929 41.51
205.631 39.9822
224.372 39.8808
223.585 40.7171
225.356 38.4412
225.633 40.7683
229.985 39.6101
225.517 43.5333
222.462 41.6781
209.627 41.0087
214.007 39.3889
223.714 38.9249
232.884 39.6063
269.749 41.3142
243.572 39.3339
231.942 41.5722
226.974 44.6671
242.874 42.8951
246.87 42.6564
280.816 39.4333
306.363 40.0498
311.809 39.8039
344.357 39.7391
331.506 39.7876
331.506 45.2878
321.989 39.1488
297.972 38.4379
265.261 41.6347
273.814 40.4219
274.753 41.3387
274.753 38.6933
306.144 40.6924
286.266 41.9341
319.45 42.0991
307.772 41.286
307.772 41.2029
307.772 41.1469
300.537 42.0917
285.09 45.2091
279.651 42.4736
236.939 42.8506
252.056 42.1344
275.469 41.9183
247.068 39.8425
242.733 42.029
220.684 42.3079
222.666 39.5171
222.379 38.8563
204.503 45.3451
203.584 38.5134
205.06 41.1334
208.645 37.8896
211.7 40.3965
221.513 40.8874
218.406 41.304
219.691 40.4079
237.673 40.4418
237.673 43.0739
282.439 39.3187
268.379 40.8868
270.019 41.4244
270.912 40.0682
259.342 42.2716
261.754 45.3383
263.138 38.9728
201.884 40.5194
193.714 41.3138
211.891 41.1432
220.44 44.0359
232.604 42.9398
213.114 40.6748
220.246 38.8948
209.978 42.8233
232.039 41.0046
210.326 41.476
215.61 42.8299
218.813 38.0778
210.546 39.5917
210.514 40.2785
249.466 37.8373
236.787 41.1781
213.794 42.4458
236.225 40.8902
240.836 42.8356
235.688 39.33
245.958 36.3709
244.666 39.8538
235.896 39.0416
207.706 41.0732
214.005 39.3429
207.116 41.902
213.068 38.618
219.359 41.1369
217.694 43.0268
208.691 43.7734
200.341 41.9099
224.204 38.9237
216.387 41.7273
243.144 43.5325
227.651 41.9186
232.208 39.2661
231.821 40.7606
213.493 41.1309
234.662 41.303
214.544 40.0928
214.544 40.6104
214.262 41.0251
209.493 40.4824
230.303 42.7622
247.832 41.3171
250.495 41.2523
250.495 41.3225
245.156 38.9297
238.103 43.4408
238.103 43.1171
228.632 43.4292
241.261 40.4883
226.084 43.0609
222.377 40.8001
195.432 39.3356
182.825 44.4997
187.506 38.7391
187.506 40.4981
182.763 38.9042
182.763 38.2197
195.507 42.3006
183.692 42.0391
206.162 41.183
222.841 38.3981
216.722 43.8148
237.909 39.6904
237.909 38.1579
231.106 39.404
212.537 41.9559
196.837 39.8609
196.102 40.9579
220.956 40.6832
208.195 38.0624
188.469 40.0943
191.467 42.4523
214.9 43.2967
241.831 41.8291
244.807 41.3952
258.331 40.2112
258.331 41.0849
263.362 39.8317
256.787 39.4147
285.653 39.5369
281.357 36.8887
281.357 39.1982
277.857 42.594
277.857 42.5712
271.865 41.6278
274.984 40.6254
265.986 39.6754
246.084 38.96
264.371 37.9551
241.959 39.1306
233.554 39.6397
240.85 41.7093
239.715 43.3111
230.835 42.2964
217.008 38.7496
216.957 42.4827
199.573 41.2801
231.516 41.3655
247.861 44.9028
283.94 41.1293
291.327 38.0863
279.517 41.0517
283.604 40.8118
270.678 38.1582
258.042 38.0084
258.042 40.0702
271.494 41.6026
276.625 39.3861
268.247 38.8907
264.956 39.8149
241.13 39.4184
224.502 39.2238
232.31 42.3496
230.402 40.7195
257.322 41.9507
286.253 39.28
289.14 40.0405
320.301 39.4344
281.078 40.364
295.051 40.4077
271.979 41.138
302.434 41.1398
314.927 40.8427
323.953 42.0277
322.515 42.6862
357.537 39.2034
357.537 42.2932
366.982 44.9125
350.728 40.4513
360.152 39.6929
367.194 40.4937
375.976 39.1428
357.868 40.5722
348.937 41.4109
350.077 42.4319
320.904 37.9481
295.986 38.8691
316.953 40.0855
300.572 42.7768
301.699 40.3811
301.699 37.6727
273.224 41.2955
263.167 43.8136
292.543 41.8971
287.427 42.4915
253.507 40.6729
255.012 40.2778
271.348 38.4079
273.852 40.8693
296.752 40.9433
237.662 39.601
216.861 42.4767
228.488 42.2786
252.051 42.8225
233.592 41.6654
232.235 41.6202
255.478 41.112
243.625 41.0193
271.001 41.3951
277.774 40.2756
256.072 40.2366
270.745 41.8195
267.491 41.3383
246.235 41.563
233.638 41.6291
213.599 41.1598
211.549 39.9757
207.537 43.1818
268.848 40.035
256.987 42.2567
256.987 43.6681
256.719 41.911
256.719 41.445
242.202 41.2917
214.621 40.8377
197.038 41.5919
240.195 39.0243
189.618 41.6746
173.25 44.5073
189.702 44.9449
218.657 44.0909
220.836 41.2302
214.333 43.2525
213.188 43.4444
223.344 43.0547
227.918 40.6774
250.31 41.0205
254.663 42.3257
284.302 39.6831
257.961 39.8638
258.664 42.6009
281.517 37.0712
279.212 43.0207
286.236 40.3364
271.286 41.7455
281.939 39.5838
228.921 40.4352
225.967 39.6525
204.122 40.9878
223.239 38.6473
236.547 43.097
234.179 41.1068
241.308 39.8841
250.775 40.6434
265.058 39.3522
229.304 41.4207
238.098 40.238
234.391 39.973
231.38 40.6367
210.684 40.9494
215.374 40.7369
249.009 38.4882
252.289 37.3216
235.775 44.1893
230.032 39.4744
221.171 42.6764
210.815 41.3391
213.653 41.3757
197.856 43.1075
195.164 42.6433
206.874 43.6717
207.631 41.8054
220.458 44.1107
238.265 42.4009
258.191 40.9201
250.143 39.2284
237.8 41.439
230.809 39.2598
227.001 42.4048
228.347 38.0636
225.905 40.621
228.011 40.6866
222.101 40.9355
215.251 40.4502
229.464 40.8766
257.664 40.3852
268.931 41.7093
248.212 40.6791
258.398 39.9802
250.517 41.4479
216.284 41.1039
235.269 41.1988
244.717 40.3702
252.366 40.9827
254.793 41.063
245.317 44.0025
221.746 41.5936
237.207 42.3913
231.189 41.6364
226.072 39.2129
193.196 45.0289
197.088 39.729
239.991 42.8154
242.255 42.8511
227.801 38.3544
254.224 39.5618
266.085 41.3701
240.761 41.4827
244.32 43.2643
230.553 41.6397
215.31 41.2084
210.807 40.0019
226.922 42.9892
226.712 42.5403
215.364 42.6537
231.517 42.6698
224.618 41.8244
224.112 38.6481
217.187 38.8355
218.29 40.6184
226.534 38.8811
219.874 42.9762
213.767 39.5021
203.733 46.0902
203.733 45.9223
186.39 41.8497
188.038 41.2934
213.226 41.7058
226.241 40.9234
239.26 42.117
240.8 40.6863
248.756 40.7936
258.831 40.1319
250.07 42.294
258.12 38.776
225.105 44.1936
195.267 38.6015
192.971 40.6784
192.971 43.1096
182.192 42.0127
180.75 42.9696
183.516 41.7631
186.19 39.5412
184.218 37.7719
191.414 37.0632
191.414 40.9561
188.493 39.2408
195.085 39.4012
183.792 42.1967
204.439 39.57
202.873 40.6134
199.755 41.7845
196.629 43.1933
203.193 42.7627
205.92 41.7459
200.154 39.5928
211.01 40.7192
186.708 41.03
187.306 43.1008
199.225 42.8069
215.008 42.2293
209.251 42.7183
201.491 41.854
209.601 43.3619
196.116 41.554
168.134 43.617
189.855 43.1671
201.983 39.8966
203.967 38.1366
216.84 38.3749
198.9 42.2502
183.626 41.2339
219.588 41.1969
202.343 41.7098
200.556 42.6437
196.936 39.8114
184.535 41.2147
168.185 44.7341
154.387 44.9975
154.387 38.3101
160.673 38.2371
169.778 38.9822
170.296 39.8163
170.527 42.105
177.867 41.9023
175.282 40.1452
178.153 42.9642
177.27 40.2516
194.72 41.3918
195.916 42.7974
185.603 38.701
187.124 42.8954
180.784 38.2824
208.828 40.8068
220.086 42.2984
218.983 42.7166
240.337 42.7595
251.689 38.3498
261.727 41.6616
231.604 39.5196
244.879 38.0822
215.222 42.934
199.52 41.4641
199.52 42.8627
175.55 43.1785
230.189 42.5799
244.358 42.6214
241.556 41.8179
246.931 41.8272
241.202 41.859
246.818 40.6796
250.27 40.4678
239.263 41.2601
230.543 46.0031
216.136 42.6436
226.753 40.482
199.347 38.8495
191.876 42.1802
194.368 43.0859
194.828 41.0587
195.383 40.339
209.991 42.0886
205.814 44.1775
199.814 38.2858
199.028 42.008
215.234 40.3156
191.763 43.009
208.688 39.4348
213.793 39.1303
210.431 40.6243
211.474 39.5449
193.918 40.7869
191.058 43.1188
191.111 38.9999
173.782 41.3125
171.315 42.9511
188.608 42.9859
196.933 42.8033
182.082 45.3616
198.798 42.2182
185.735 42.5707
205.673 41.0126
214.441 41.284
202.298 41.4715
204.549 41.88
215.134 42.8626
228.309 41.4335
236.915 41.4496
236.915 40.8169
209.568 44.7937
198.33 42.2491
195.868 40.7825
219.305 41.2961
217.616 39.8974
232.356 38.6593
228.516 39.2109
226.028 41.4988
235.275 40.2558
248.672 38.5295
238.535 39.5279
204.037 42.5419
205.459 40.2929
198.852 40.1513
199.43 42.0986
201.868 40.9493
198.791 41.6214
190.63 42.4095
183.2 40.5086
181.496 41.0591
199.22 41.6491
203.563 40.9474
212.033 40.1276
226.966 39.0836
214.472 40.9499
214.472 42.5128
210.965 42.3492
212.579 43.19
201.958 44.2749
200.211 40.2751
179.2 40.7567
179.2 40.7564
188.626 42.2839
200.11 42.3108
206.255 39.8371
232.785 36.7607
247.168 38.4066
208.848 44.0858
246.68 43.286
239.02 40.5846
222.918 41.2244
204.035 40.224
206.203 42.357
201.239 39.6967
212.89 40.2005
219.111 41.3014
224.025 38.8155
195.717 42.6678
194.865 40.0135
209.559 41.0602
224.767 40.2292
233.533 41.784
220.819 43.6557
221.92 38.3202
220.29 40.051
225.158 39.6731
260.223 40.363
244.667 40.0618
255.919 44.8296
277.884 40.5372
250.758 41.586
234.296 37.4633
230.35 41.6774
226.839 42.7996
217.693 40.9661
217.601 39.4034
224.365 41.2737
220.355 43.0761
250.583 43.7104
237.624 43.1141
236.629 43.7308
214.973 42.1883
223.6 38.7467
205.108 36.1715
210.821 41.3373
221.84 43.0303
221.84 36.2945
240.462 38.4773
256.47 40.731
258.461 38.6474
267.175 40.6477
282.73 37.9511
248.208 36.4116
254.821 42.0046
246.329 40.1852
248.137 42.4985
249.646 42.2632
227.83 42.2639
231.322 44.153
265.925 41.805
257.773 44.735
251.34 39.4333
232.041 44.3449
261.927 39.0241
263.283 40.4408
265.539 43.26
254.588 42.2811
237.449 40.7435
233.086 39.6099
235.963 40.8164
235.916 42.976
238.656 44.1723
257.466 38.7494
260.338 38.2652
276.845 42.0492
279.352 41.8641
280.797 42.8651
265.989 38.0011
270.962 42.8101
270.962 38.5776
255.039 38.3414
255.039 37.0762
248.407 37.3382
235.283 39.3768
216.186 38.2944
232.757 39.6139
232.788 40.5768
236.867 40.0852
244.876 41.658
258.368 39.8009
243.195 39.0084
227.7 41.713
208.053 39.5013
211.499 41.3009
244.658 39.4165
207.475 39.6142
225.287 40.4985
228.637 41.4351
218.607 40.9262
208.222 40.1823
216.074 41.8579
232.16 39.6419
223.538 41.4158
235.907 38.0943
260.87 40.1668
226.904 40.7595
256.682 42.5154
237.106 40.608
215.439 40.2791
221.526 41.9816
221.526 38.9866
221.526 37.8711
221.526 39.6014
240.15 39.6913
224.772 41.3722
232.366 41.4133
243.602 43.3787
239.46 39.1928
237.477 43.1688
244.063 43.1646
244.814 42.6612
243.771 42.102
235.999 41.1529
238.734 41.6634
282.726 38.2589
282.726 40.7305
247.765 42.0933
246.286 39.3882
261.87 39.3822
225.861 43.0671
240.608 40.0192
221.376 42.5392
234.514 40.7714
254.484 38.1372
220.964 40.5784
216.2 42.4643
215.802 39.4868
229.385 39.4017
220.613 43.0282
223.816 44.4403
224.437 41.5932
226.334 42.9827
229.575 42.3435
211.123 41.3078
195.934 42.7599
210.321 41.9144
216.815 39.8005
203.308 41.8126
216.173 41.8961
222.319 41.0363
233.721 41.4739
256.237 38.988
266.952 41.0758
229.625 40.419
228.244 39.8066
207.571 40.1613
215.749 43.6179
208.57 40.821
220.419 40.6306
233.152 41.4568
226.924 39.119
189.762 43.3846
221.404 40.3691
216.949 41.3784
207.48 39.1531
176.463 41.6165
176.285 40.2981
175.975 44.1158
180.495 41.7557
192.942 42.2782
208.445 41.2355
230.195 40.8868
233.081 40.0669
223.795 40.2537
222.207 38.2025
251.965 41.5826
221.916 40.4961
236.476 40.535
239.757 40.4572
233.969 40.0345
248.11 41.6167
242.156 41.3791
272.96 41.2334
286.971 40.5369
286.971 41.7528
274.888 40.952
268.871 39.8512
284.329 40.0786
294.755 41.8041
357.172 42.9475
318.554 40.8094
259.917 43.4117
287.51 39.7065
307.903 39.4831
283.082 43.1915
271.708 42.4558
257.434 37.9379
242.67 39.939
227.586 42.026
222.281 40.9544
234.703 39.8546
231.542 41.2736
240.896 40.1162
238.67 42.2032
251.461 40.9119
240.024 44.4474
256.387 43.1144
254.333 39.547
254.333 38.5196
234.951 40.6895
210.971 35.4165
208.674 38.6313
198.807 38.7173
207.681 39.4068
184.069 43.8442
186.13 43.762
203.965 40.347
195.215 41.9918
194.143 45.3578
173.366 42.9822
193.611 41.4551
184.747 42.9496
187.491 41.3416
191.822 41.9903
180.734 41.8168
181.169 40.4895
181.595 39.827
213.316 42.6863
220.939 40.2491
225.628 41.1207
196.835 41.3011
195.492 43.9682
193.912 40.4217
198.269 41.6807
215.091 40.2963
213.852 41.7955
197.477 42.8648
202.506 39.5635
203.694 41.4855
200.901 41.8763
193.71 41.3148
211.895 41.4132
206.735 38.6613
219.995 40.7071
208.642 38.2276
225.161 40.833
212.955 42.1208
220.726 43.3385
213.875 41.8409
235.173 40.6519
230.052 40.2824
245.892 41.1428
235.387 41.5289
231.039 40.9886
220.82 41.9381
209.233 42.38
233.197 42.4645
227.494 38.5478
235.683 41.606
228.581 43.3071
225.304 38.5817
210.446 43.4173
193.477 44.6504
225.765 41.8332
205.951 44.6947
206.716 41.8807
204.685 42.266
209.408 41.4311
249.033 43.0359
230.238 40.9235
232.042 37.8598
239.026 40.3116
233.031 43.5698
231.823 43.7173
231.372 39.6686
211.152 38.7142
196.069 38.4656
203.774 42.1248
202.796 40.2638
219.583 40.6746
193.992 39.5576
207.212 43.2649
197.651 42.1385
239.645 43.0017
228.89 37.3458
210.701 41.6396
214.535 40.4652
193.11 41.2792
178.804 38.1487
180.014 38.251
203.41 39.5999
186.323 39.1156
193.464 40.4764
236.325 43.4006
227.073 38.9221
234.495 39.7202
222.687 39.1302
243.996 42.1138
234.394 41.8714
229.15 42.342
224.313 42.2281
224.21 40.845
201.159 40.327
197.398 39.2758
213.994 40.6632
197.774 40.8354
198.691 39.4157
225.329 40.8839
192.531 42.7167
182.715 42.6072
182.715 41.0334
182.715 41.537
182.715 44.0722
178.606 43.9868
176.295 42.0996
181.498 42.0169
172.058 41.8326
172.734 41.3065
198.186 40.5646
189.668 40.8502
176.75 42.0756
163.752 41.5776
163.752 42.9154
177.069 38.9268
177.069 41.5893
186.401 43.5785
186.401 42.3654
170.994 42.1878
149.334 42.4706
155.204 42.1432
148.616 41.5
148.616 43.6534
148.616 40.6581
144.774 44.5981
144.774 42.2805
144.774 41.3603
149.155 40.4558
164.717 40.402
162.795 43.6166
152.775 45.8129
176.806 42.1915
198.252 41.1682
228.267 44.9388
232.281 39.4061
236.909 41.0312
232.15 41.1617
233.101 40.0863
238.026 39.5251
237.015 40.5362
228.358 38.0477
221.607 41.1323
239.79 39.7706
191.932 42.387
213.413 41.6633
237.399 41.3261
235.54 39.5772
235.54 40.4879
210.418 39.1547
230.526 40.0211
216.891 42.3203
206.859 40.8286
210.967 42.8302
209.042 40.6817
217.647 40.435
202.518 39.7462
214.822 37.9263
192.257 42.254
208.146 40.1156
202.797 42.7628
204.789 41.7603
166.77 39.8406
179.447 41.8212
187.755 42.9454
232.418 42.854
264.084 37.412
248.942 40.0333
222.719 43.8038
224.646 44.0158
223.133 39.0519
192.438 41.0383
211.717 40.306
164.434 43.6497
191.731 39.7396
168.185 42.1467
195.087 42.5642
207.698 39.9683
215.975 40.0565
223.582 39.4098
227.511 38.6867
227.511 38.2921
248.394 39.1777
250.192 38.0041
274.929 41.9553
212.575 41.7091
250.299 41.545
249.011 43.8181
258.315 38.2405
221.578 37.393
233.61 37.0415
230.487 39.6707
198.053 41.0878
199.027 43.0582
208.492 41.7528
213.342 39.8029
239.002 38.5835
236.373 41.9434
257.501 39.9061
255.999 39.8322
247.75 40.4127
240.946 43.9589
225.092 39.1785
221.779 40.8985
223.404 39.414
235.74 42.2351
209.912 39.4686
214.591 43.4989
217.315 43.7439
219.532 41.7674
228.092 40.1817
203.602 40.7373
195.127 43.7865
195.033 43.3609
208.552 38.5085
229.845 40.5953
235.625 42.5772
220.212 38.7284
227.065 41.6412
248.411 40.7509
244.615 39.1524
243.91 40.997
248.886 38.48
282.3 42.7435
240.317 41.9143
240.725 39.9556
237.916 39.7413
239.638 41.7814
246.338 39.4566
250.695 42.414
251.389 42.5234
254.838 44.4796
265.531 43.4909
264.261 44.0916
264.435 42.9779
283.734 44.3877
287.509 38.0791
298.109 42.4164
281.768 40.2077
280.273 43.5495
297.448 42.7759
255.646 36.7039
246.373 41.1059
261.181 41.3191
187.095 42.4511
195.836 42.4148
212.338 40.0163
213.962 37.7207
208.025 39.1701
222.885 40.0625
204.755 42.652
199.083 41.2993
201.673 41.0385
186.707 41.1796
186.707 39.4187
174.318 42.5113
171.254 42.8196
171.254 39.7034
198.244 38.466
191.516 40.4845
180.422 39.909
162.321 42.322
168.417 41.8617
182.44 41.2744
179.528 40.2832
167.881 42.1743
169.719 41.3212
185.847 41.3844
182.178 40.4602
199.547 38.3369
199.162 44.3282
199.095 38.344
195.143 37.433
195.401 38.9572
203.742 40.4605
188.252 41.5327
194.691 44.1926
193.957 42.5683
198.826 41.2591
222.428 40.4122
227.074 38.3863
211.244 41.2152
204.18 42.0659
239.693 39.2891
208.643 39.2355
225.187 41.3404
223.515 41.0067
206.952 40.3603
203.799 39.7958
213.304 39.4054
218.487 40.4849
232.629 41.4322
234.175 42.1065
218.57 40.1265
204.228 44.3431
209.819 42.439
200.923 41.0353
196.015 40.0176
202.753 40.8898
198.597 42.1365
210.699 43.7378
201.277 41.0856
204.055 42.4974
196.459 41.7275
193.187 40.3337
183.376 40.5047
192.054 42.0885
193.826 40.624
204.86 41.7202
206.293 41.2659
209.74 41.3188
193.462 42.5401
192.163 43.8126
196.692 43.3547
214.162 43.1524
232.429 41.0612
210.209 42.6343
212.092 41.2971
222.66 41.5553
226.097 38.4584
234.945 41.2018
235.595 37.4295
228.511 36.368
209.777 39.7725
218.647 40.988
218.647 40.4473
203.083 38.9251
215.039 41.1442
207.955 40.6376
214.324 43.1994
196.178 41.2323
216.301 40.7949
217.522 39.1512
228.274 37.7715
242.068 37.3512
237.217 40.4803
253.558 39.7302
248.758 37.4414
232.417 43.5387
256.4 41.7856
256.4 42.0416
246.235 40.4984
234.925 42.7188
233.696 39.9332
223.784 43.634
232.368 41.4079
262.893 39.5544
250.494 41.4082
239.868 42.6583
203.587 41.667
194.929 41.1777
204.827 41.8891
195.934 39.9535
212.158 40.4587
208.593 42.9016
222.483 39.7364
227.682 38.4049
220.034 41.5292
272.212 41.8216
257.519 40.6039
231.196 39.161
239.693 39.5281
283.424 39.5257
236.16 39.3757
210.679 40.9377
222.847 40.5113
217.31 40.3066
217.495 38.6978
202.875 39.8033
206.953 41.9165
207.66 43.9453
230.01 42.4804
241.023 40.8548
245.144 37.9541
233.693 41.278
243.815 39.5543
251.379 39.4638
275.237 40.5803
278.015 40.9369
261.862 40.5973
246.78 42.6683
256.056 42.0332
261.503 37.1836
259.809 39.2333
272.954 41.9845
277.559 40.7695
250.487 40.5743
273.954 39.0512
251.545 43.8542
246.469 41.1596
257.433 39.7045
252.571 38.9441
266.61 40.6481
255.323 38.2403
248.141 41.1793
228.72 39.2244
197.555 39.997
186.231 39.6464
190.756 41.1939
194.38 42.494
196.866 41.2448
206.724 40.9647
217.311 41.9663
213.077 39.6856
204.154 36.2712
201.546 41.2743
198.606 41.4696
176.749 38.9901
175.394 41.8047
193.66 40.0143
210.711 40.401
193.58 43.6535
195.713 41.6015
210.44 38.4108
204.524 40.5358
213.068 39.8574
197.767 41.5719
198.16 40.5477
194.871 43.2601
200.607 40.6459
195.548 41.121
194.96 42.3117
197.426 41.8654
177.068 41.2074
191.66 39.7322
187.163 39.2201
195.071 41.9228
197.088 43.3097
181.008 40.7487
182.828 41.7849
176.799 42.0001
182.212 42.2013
201.146 40.2621
196.462 41.4305
207.492 39.0743
198.758 41.022
232.064 42.3132
252.228 44.0644
239.128 42.4934
267.42 43.8072
259.985 38.655
263.925 41.0573
285.647 41.4279
293.757 40.8841
286.725 40.8243
257.444 40.7741
261.292 39.7329
221.75 40.2294
244.051 37.3314
221.305 42.911
223.564 40.3904
222.46 39.1576
238.479 38.7966
227.583 41.2648
240.909 40.8587
251.065 37.6604
225.07 42.7137
220.461 43.5044
198.6 40.0524
208.377 40.9922
216.095 39.2845
212.964 40.974
218.594 39.7295
207.665 41.31
206.517 42.1155
207.102 38.7309
212.336 38.3747
223.205 37.622
220.035 39.398
229.932 40.6875
238.116 37.2132
238.097 39.2713
224.444 41.3266
217.864 41.8973
204.165 42.397
213.684 43.0815
200.679 43.1563
204.278 43.3478
204.278 44.642
208.054 43.0377
197.568 42.4356
184.573 41.7944
182.35 41.1606
204.71 41.3729
203.743 40.0641
212.947 40.8564
214.989 41.192
231.308 39.4256
241.514 38.1868
216.133 39.4496
227.917 42.4004
236.837 42.0574
236.339 39.4311
214.31 40.9545
206.209 41.7437
193.106 44.328
202.277 40.0288
222.186 38.5184
224.309 40.7866
219.936 43.2447
227.85 41.9225
233.968 40.9108
202.487 40.8663
225.328 43.2037
209.078 40.8154
205.233 41.2296
206.757 40.4356
193.486 40.2537
204.071 40.8695
206.745 44.9792
196.278 43.2217
192.065 41.1654
183.487 44.1209
172.325 40.318
160.76 44.0172
199.782 40.5177
201.985 42.7454
193.559 40.963
200.305 39.6884
213.813 39.773
248.298 39.0989
223.916 39.39
224.868 39.39
223.137 39.9644
219.388 42.8858
269.802 39.7656
262.695 40.6772
261.239 43.4159
252.999 43.2681
245.566 42.8609
258.824 42.5167
248.646 40.6167
248.332 40.812
262.099 41.5278
224.381 39.1788
234.222 39.9547
236.503 39.3256
218.331 39.0712
211.135 39.4652
183.111 46.6199
191.291 39.2839
196.481 43.0774
174.404 39.6177
197.325 37.8485
197.961 41.3304
206.218 39.8468
211.47 42.9104
236.657 41.1367
227.326 39.1223
220.359 42.1063
198.585 42.3388
188.142 41.0485
184.117 42.0092
184.117 40.02
213.506 39.7879
200.154 39.9164
210.84 41.4782
226.267 40.8019
206.806 39.7729
199.628 42.7629
216.964 43.459
217.075 44.5448
217.228 39.1089
217.435 41.1555
214.398 40.8346
214.962 43.3538
192.306 42.8128
193.631 44.6255
178.443 42.4272
184.821 41.8074
178.484 42.7752
178.484 42.2168
165.012 41.0822
177.559 41.5323
198.851 39.2677
196.432 40.6237
184.844 43.7637
185.33 38.5157
186.488 40.9534
168.077 41.3701
167.667 41.4059
172.375 42.1273
170.576 40.4862
170.576 40.7206
170.576 42.6455
164.488 43.96
181.306 44.0161
201.949 39.4796
209.121 42.6767
212.518 42.6964
198.87 43.4109
200.943 42.4333
217.299 43.709
204.969 42.873
219.63 42.8469
206.143 45.639
219.051 39.9012
203.704 41.1328
185.135 42.8371
193.081 39.73
205.966 40.9492
221.645 42.1647
218.547 44.7453
216.878 38.0717
212.173 39.141
214.507 40.2208
217.506 40.1828
215.383 39.7606
224.482 41.0662
232.238 43.3224
247.828 44.0484
245.201 37.4617
245.532 40.341
243.963 40.0148
256.427 37.984
258.27 40.2046
235.256 38.3681
239.636 40.0974
224.675 40.243
219.969 41.1399
210.465 43.4802
212.533 39.4328
215.093 42.4213
231.349 41.8818
201.243 39.947
227.686 41.6879
240.432 41.398
236.979 39.3444
229.41 36.8112
231.869 41.2947
230.09 41.8226
232.713 41.375
229.481 38.1438
232.729 41.8229
230.288 38.4568
230.909 41.1645
253.502 44.6719
240.322 43.5121
230.717 39.5418
219.832 39.1238
210.46 40.6965
190.706 41.4073
190.174 40.0519
188.169 40.9051
188.169 37.428
205.421 39.2866
206.362 40.9713
205.078 41.28
185.464 42.1744
185.464 41.2882
185.464 41.6572
188.402 40.5854
196.315 39.1144
214.858 40.2022
208.715 40.2762
245.684 40.2059
239.394 40.1644
240.989 40.1576
243.112 40.383
249.37 38.2722
264.456 39.6282
241.661 42.4801
237.934 42.569
222.241 41.9655
233.979 38.8593
260.172 41.7853
244.462 38.424
244.439 40.609
219.062 42.5727
214.353 40.9742
209.876 37.6998
233.142 37.556
221.511 39.5579
199.873 40.4511
210.686 40.5073
202.979 40.2358
215.643 39.4403
205.192 37.8042
210.112 40.6774
207.895 40.7619
204.992 41.4563
208.111 38.6919
216.052 38.8345
213.026 41.7941
211.223 41.9753
191.173 39.5717
208.793 39.8684
195.052 44.1121
201.221 41.7729
204.863 41.319
215.247 40.6834
215.247 41.2578
217.821 40.9224
222.89 40.5632
217.148 40.9529
204.498 40.0816
215.301 38.3736
234.395 39.2419
223.105 41.5071
223.105 40.8168
234.268 40.1003
257.905 40.451
287.877 36.4136
298.439 42.5655
278.39 40.8675
260.897 40.4426
264.425 42.0877
268.989 41.3851
307.064 36.74
303.448 38.2521
298.11 41.5223
293.377 42.0949
232.535 43.3654
208.997 41.1325
203.559 41.1284
204.655 41.5997
202.782 41.0372
196.586 40.3503
209.999 39.9311
218.039 40.7542
202.748 40.7205
190.844 41.65
210.897 41.2577
182.419 40.7321
192.673 38.9582
192.673 40.0854
222.251 41.4758
227.356 41.1596
226.193 41.6563
229.196 40.7494
222.588 44.552
203.734 40.0636
217.415 40.9704
219.224 38.9158
214.305 41.8852
201.947 40.6446
197.331 42.2353
196.973 41.661
202.995 42.5869
204.316 38.7543
204.482 40.5949
182.902 40.5378
202.844 41.926
199.458 40.2242
178.846 44.62
188.847 42.8271
186.864 42.3449
203.614 40.7496
201.323 42.8444
187.08 40.6916
187.08 42.1474
206.298 38.998
206.298 40.3235
205.272 40.3021
205.92 42.8851
220.175 41.8256
220.175 41.5165
220.175 41.3739
206.488 42.6615
218.466 40.9148
243.137 39.6984
235.303 42.4932
245.302 42.2426
257.046 38.6248
247.923 38.8702
236.617 38.8318
229.987 38.8892
224.565 39.0297
229.973 37.7465
226.168 41.4597
220.561 39.9953
237.607 39.8111
242.073 41.7096
258.615 41.386
261.233 41.6047
255.806 40.553
260.222 39.6341
249.805 43.2135
227.655 41.9701
244.694 39.061
243.667 39.3935
218.648 37.706
211.056 40.6892
216.605 42.5191
216.61 39.4778
235.153 38.5203
230.572 40.7769
217.175 36.9423
217.14 39.9968
194.159 43.3725
194.159 40.4253
174.722 39.903
175.12 42.0763
190.095 43.853
188.254 39.1011
188.871 38.4764
187.972 39.6422
200.504 40.0245
199.136 39.55
201.451 40.1211
197.693 40.1045
197.693 37.4012
226.092 41.6317
212.009 42.6535
207.484 39.4968
197.994 42.0976
212.827 39.6943
218.811 42.0758
212.491 40.3141
214.745 42.2309
217.694 45.3606
229.273 40.9856
223.04 42.5325
221.942 42.0612
218.943 39.9698
208.075 40.4306
215.368 40.5114
203.967 40.129
203.967 40.3537
193.255 40.3195
218.515 40.61
189.292 41.1664
179.018 42.2483
220.925 45.8441
228.273 41.5915
243.233 41.1469
230.599 41.4187
230.559 39.647
219.452 44.5384
205.156 42.114
190.553 42.5996
202.073 42.1737
201.796 42.7457
183.282 41.5518
202.6 41.9826
205.6 38.5846
205.6 38.6166
210.796 38.5414
191.612 41.6589
210.72 41.1985
211.886 40.9688
208.887 39.768
197.706 40.9811
200.644 40.237
203.882 43.2801
187.557 39.5234
198.154 40.2831
198.154 39.2189
197.736 42.5123
190.057 43.6387
201.605 44.7595
189.718 42.2408
189.718 44.6861
189.718 41.0707
187.402 43.6183
225.017 42.6888
233.412 43.4529
254.685 42.0234
252.563 41.7757
255.933 41.8334
255.933 41.6054
256.858 38.6438
238.257 39.1427
229.142 38.9826
237.353 39.6149
247.04 42.1361
282.05 43.2
243.201 42.2696
245.944 43.215
254.135 42.3027
237.56 40.6293
263.186 38.387
288.155 38.9578
261.874 44.8335
252.289 43.1338
225.275 42.9025
191.603 40.5685
197.729 40.2665
234.904 37.8407
235.734 39.907
240.15 40.36
218.118 42.2812
216.337 40.7595
269.37 41.0318
268.198 40.9629
239.369 40.2741
217.357 42.318
241.776 40.4892
255.025 41.5744
250.905 42.1597
266.038 39.9187
258.518 43.43
235.894 39.8614
228.326 38.8078
225.726 41.465
253.576 39.9303
246.056 38.2992
274.053 41.6558
254.727 39.5942
279.825 39.9143
262.569 41.1095
267.704 41.1112
255.651 43.2604
256.52 40.2206
256.928 39.8481
267.096 40.1042
256.747 42.0184
260.861 39.452
253.04 39.4435
242.192 40.4572
202.781 41.7992
234.098 40.7658
223.907 40.7799
219.266 42.3451
241.3 41.6304
234.742 39.4174
224.354 41.3095
212.512 41.0603
214.673 41.6067
228.6 40.178
220.702 39.5309
218.424 40.7016
253.57 41.5592
221.39 40.5952
224.113 40.3485
232.902 41.2122
223.086 40.3966
220.063 40.8704
231.813 40.2936
233.457 41.3661
229.068 40.9253
233.493 41.4144
208.622 44.3078
216.557 43.0788
192.89 39.5833
214.916 39.6627
240.047 42.2816
230.056 39.7745
242.457 40.1851
231.586 41.6821
240.802 39.9737
219.282 41.9427
200.855 42.0075
214.939 42.0968
215.08 41.739
208.428 41.5107
215.224 38.0742
221.705 40.6677
239.04 42.3298
201.434 40.3514
184.55 41.6407
177.339 45.3299
183.364 39.3427
201.548 42.8204
209.226 43.0902
218.705 41.7945
204.9 42.25
215.774 41.0901
198.59 42.0537
222.094 44.4774
186.558 44.4774
202.84 39.2351
243.508 39.7783
242.934 40.9155
240.517 39.3746
233.107 39.6635
227.64 39.5404
223.854 40.0093
249.973 40.0602
243.413 38.6505
230.142 39.917
240.721 41.2138
219.058 40.4614
223.32 41.0068
223.949 41.3794
229.462 42.0472
250.159 42.532
259.149 39.9898
265.272 41.6942
297.559 42.2072
279.815 40.4061
288.884 38.0307
255.489 39.4616
246.233 41.529
253.585 38.3441
236.198 40.1331
238.952 40.9366
215.869 41.8461
222.934 38.7591
274.862 39.6996
281.585 41.0884
266.963 44.7593
252.103 40.2696
271.617 44.2836
260.401 39.802
265.284 41.3825
236.505 41.5083
227.625 41.9015
235.317 41.4204
296.313 43.0402
274.121 39.8279
257.36 40.8729
251.657 39.9443
240.427 41.2171
233.811 37.8562
221.331 39.4948
205.796 40.7846
184.671 39.6376
183.961 41.4095
190.941 39.2588
179.948 39.4385
177.791 38.658
190.913 42.3344
185.647 39.5471
208.814 40.0604
207.569 41.1544
209.548 39.7037
184.534 41.0371
202.381 41.1185
199.151 41.5062
197.601 43.3121
227.567 39.5536
220.826 40.4624
240.928 40.3593
248.489 36.7674
248.489 37.7579
240.984 39.0866
238.683 40.2803
235.927 42.7939
233.469 38.0985
226.257 41.5658
210.055 39.211
221.694 40.6132
213.385 43.8163
199.308 45.7945
220.625 38.5341
203.546 41.3799
209.909 38.9405
197.708 42.7317
214.715 39.7153
244.231 41.8962
253.425 41.7537
265.894 39.4849
256.032 38.6239
290.407 38.9283
255.75 41.9908
271.203 39.6012
270.473 39.0654
259.264 40.0594
256.695 39.9196
265.722 40.5416
241.48 43.9136
258.59 40.2291
258.59 39.6894
255.52 37.5109
226.78 40.2217
226.78 38.8242
191.748 40.3479
204.157 42.9598
180.73 42.5481
205.958 41.2405
179.309 41.5557
198.555 42.921
199.517 38.1117
189.007 42.4571
191.164 43.9067
195.653 43.4767
204.269 41.3458
201.186 39.9316
199.35 40.1202
212.36 42.8408
207.987 42.9143
208.089 41.5992
212.717 39.2957
218.476 40.195
229.697 42.706
228.538 42.732
214.117 40.6084
211.208 42.2151
215.165 42.3108
236.694 43.3255
224.869 43.9773
233.901 41.0443
237.902 41.3912
213.954 43.6677
229.091 43.2162
218.413 44.057
221.565 42.7089
236.465 40.0161
216.734 40.8663
236.169 42.9983
239.633 44.5033
254.707 41.2314
235.247 41.4497
207.017 42.4612
211.368 40.5264
213.347 38.9479
208.428 39.2808
211.402 41.0321
227.828 41.2913
241.484 38.4434
226.557 38.746
269.624 38.7298
254.738 43.2166
253.684 41.0821
236.86 42.6388
248.928 40.7503
263.375 38.1088
234.055 38.3015
212.147 37.9736
227.229 40.055
212.449 40.4156
228.615 40.1291
249.038 42.8083
260.323 41.7007
256.074 43.2559
230.622 44.9128
243.85 39.648
248.693 40.7583
278.066 40.8053
279.618 41.0109
255.851 40.9528
254.078 41.3635
227.505 41.3534
222.506 40.7255
234.066 43.3776
226.683 40.0378
216.149 39.2325
222.178 41.612
219.969 40.7426
210.355 41.9206
209.454 41.1941
197.831 39.9746
165.746 41.4045
168.626 41.784
176.331 40.9346
198.072 41.1134
202.699 39.6941
222.96 39.6476
209.231 44.3574
209.231 39.6408
217.666 39.9011
212.198 40.0865
230.574 43.0104
224.514 38.7044
234.452 38.8134
242.074 39.6016
230.546 41.194
246.542 40.5293
219.966 40.8318
230.307 38.9373
251.622 38.0512
239.625 40.6234
213.894 38.5191
212.993 41.7378
222.983 43.3851
225.617 40.1093
245.277 38.8598
251.429 40.6323
238.366 39.2722
236.741 41.2967
236.965 41.3611
235.069 41.7463
233.229 43.327
232.454 41.9649
235.911 44.056
229.24 42.6602
242.615 41.6612
240.84 44.7195
228.529 39.4237
207.726 37.143
225.436 44.4262
207.941 41.2993
210.902 39.547
181.021 41.6358
173.703 42.3054
191.77 40.7048
201.615 40.6449
174.984 43.6878
192.472 43.098
170.811 44.1432
148.178 40.7416
161.238 43.869
201.587 43.8344
207.546 41.4458
209.248 42.4332
218.206 42.035
219.326 41.3665
219.647 43.0243
217.057 41.634
195.758 39.72
196.174 41.3188
200.393 41.005
195.721 41.4611
198.114 41.1643
197.585 43.3715
197.39 39.9378
214.451 38.2794
231.07 37.9137
238.687 37.1833
246.184 40.0731
265.889 40.7359
259.513 42.2476
289.922 40.535
295.671 40.5742
281.241 42.5564
249.05 42.7794
254.334 43.9865
273.599 39.9707
271.762 42.2528
255.638 42.2969
258.408 42.2025
226.249 40.2732
246.328 41.0579
241.366 40.2731
254.15 42.5956
243.569 41.5388
226.655 39.7926
226.655 40.1722
233.477 41.8783
228.126 39.2789
218.474 42.2798
239.65 43.2984
209.438 41.8159
211.373 41.6217
193.588 42.1055
187.642 42.2243
207.339 43.202
207.339 38.3951
206.005 41.7708
212.829 41.7303
233.146 41.8655
236.77 43.3722
234.601 43.1186
251.712 42.2429
226.339 42.2084
255.328 42.1364
247.198 42.3018
249.958 42.228
251.862 42.9307
231.76 40.2241
241.727 39.7789
219.257 40.507
222.272 42.1267
199.699 41.3518
231.058 42.1813
225.368 42.0926
242.208 41.3752
239.389 41.7109
227.19 40.9885
233.498 41.5132
236.142 41.535
236.142 43.5144
283.42 42.7506
308.181 38.0659
327.885 40.2117
292.929 39.9328
271.937 41.0549
248.365 41.6126
242.496 41.8568
247.424 41.9202
250.283 41.7895
249.013 40.3718
258.124 39.6421
225.825 42.271
198.371 42.3417
174.979 40.7603
173.125 41.0011
177.505 40.0921
189.384 41.6218
199.456 42.915
209.901 42.0642
185.095 42.5635
185.095 44.9566
181.74 42.3562
173.957 41.3399
167.794 42.5496
175.826 38.6229
163.932 39.8053
173.043 38.9332
191.765 41.5796
220.811 39.5571
199.195 40.0326
213.296 38.7357
213.296 38.939
226.736 39.0159
220.398 41.6136
201.889 40.2929
201.466 42.7019
226.294 43.5095
230.924 39.4975
253.79 38.6998
232.978 41.3983
239.725 40.1937
209.061 41.6004
191.156 46.8406
199.046 41.208
193.286 41.7595
182.255 46.296
195.953 40.6288
206.264 38.4359
200.875 41.2934
210.46 38.7002
206.145 38.8671
213.418 38.869
205.951 38.7287
220.374 36.7652
220.374 37.6976
202.728 42.7255
213.109 41.9111
195.596 42.9058
207.58 38.999
196.623 41.8588
174.803 43.3014
194.44 42.6881
237.983 39.3417
257.093 42.0207
258.256 40.446
229.452 39.9288
243.82 40.601
245.452 36.9808
231.055 43.688
252.734 42.06
279.808 38.028
284.94 39.525
284.94 42.6024
284.94 43.3889
287.143 38.5732
263.169 38.925
229.166 41.4699
229.29 40.417
199.187 40.7209
211.922 39.6348
201.161 40.2321
208.746 42.2552
208.803 42.5922
208.824 42.4546
199.151 42.0503
215.316 41.2577
213.169 40.2306
213.169 40.9266
214.83 41.0324
194.904 47.824
240.96 38.8807
213.772 39.6669
211.013 43.9901
197.814 43.8423
173.058 41.714
185.166 42.9689
179.193 38.259
191.878 38.6424
183.423 44.5755
201.771 42.8411
203.526 41.8605
203.093 44.3597
225.783 43.2794
222.166 41.4872
219.867 41.7797
215.116 42.7567
227.086 40.3683
279.42 41.9168
265.788 40.8771
265.739 37.7194
251.007 38.2431
262.372 42.7432
251.955 39.7912
259.69 39.4755
226.042 40.0586
236.794 44.6536
238.746 43.0262
216.397 42.0793
226.827 41.6821
221.814 39.8781
239.741 39.6421
213.87 45.0965
222.867 38.2688
216.97 40.211
202.369 40.5388
200.334 40.2856
193.8 40.9186
181.656 41.4668
168.875 41.6127
173.605 40.4617
185.832 37.6563
185.537 43.3795
183.606 42.9534
183.606 38.914
189.938 39.8034
184.444 38.6482
218.961 41.716
227.323 38.5842
222.565 43.2049
240.315 41.1863
247.002 38.0853
201.643 40.8246
213.155 37.7054
201.247 39.4362
198.257 43.1026
203.597 39.121
184.69 44.2153
197.984 42.7254
206.531 42.7161
213.339 40.1441
222.21 39.4452
208.561 41.113
221.105 39.3834
205.143 44.7525
224.297 41.2501
213.93 40.7577
197.512 39.3523
201.657 39.632
192.639 40.0895
177.892 40.448
194.668 39.41
197.439 42.1886
216.83 42.6227
209.664 38.5879
207.914 41.6005
194.384 41.7758
203.653 43.535
224.431 42.1642
222.3 44.2232
223.864 44.3454
209.76 40.3051
207.743 40.5931
194.065 42.6061
190.428 39.5404
190.89 43.8945
203.844 40.0926
200.465 41.0524
187.086 42.0877
192.592 41.4058
195.823 41.7578
208.23 39.9944
202.965 42.3877
211.482 39.3689
215.642 40.3175
215.642 44.0642
234.586 40.6143
223.724 38.8835
222.207 37.4689
191.002 39.4211
213.981 44.6898
214.609 45.4425
204.747 39.9547
203.624 40.7856
218.812 40.8172
211.278 41.6024
211.841 40.46
213.116 41.7443
236.122 40.9819
243.672 37.4584
241.869 39.3565
254.168 37.3822
275.428 40.5051
255.284 41.9302
257.913 40.3004
252.115 38.9192
263.201 39.2844
246.898 42.8023
236.478 41.9643
245.405 40.2553
240.746 42.9806
258.066 41.6292
255.433 41.2195
262.138 41.7993
278.686 44.1023
255.653 39.597
227.657 41.1263
250.361 39.5597
225.434 41.9353
215.777 40.0616
202.281 41.4673
189.815 41.2963
202.906 40.2395
202.906 40.322
226.928 42.4189
222.453 41.5626
214.714 41.2124
187.521 41.6203
200.504 38.7422
181.774 39.6182
199.533 40.9019
206.059 41.1573
206.368 39.9445
225.542 43.6069
211.592 43.9921
212.616 39.9284
213.045 40.1635
213.045 41.8585
213.045 42.1495
213.045 39.6521
208.519 40.3795
199.173 39.3013
208.583 38.1212
197.388 37.9413
188.901 37.2394
170.586 39.1897
182.148 41.7135
180.997 44.1169
193.688 40.2653
194.301 42.2099
199.176 38.6709
212.07 40.3727
196.796 43.3148
190.296 41.9312
199.74 39.8404
209.525 41.43
242.567 39.3017
226.323 40.267
200.595 42.2501
194.976 42.5531
209.447 38.2181
209.447 39.8404
223.676 39.3364
216.576 39.8624
209.207 41.6531
199.571 41.0682
183.094 41.6338
183.094 42.8681
199.632 39.9161
202.619 41.4366
210.438 41.3126
205.853 42.999
208.462 43.0413
207.717 42.4049
201.352 41.3753
197.16 43.2757
199.31 41.7288
231.227 43.8538
240.975 43.3373
230.25 43.548
208.609 42.9837
213.454 40.5262
222.832 41.9426
210.794 42.7544
199.016 39.6196
191.131 41.7778
211.117 40.9507
202.408 41.1
200.39 39.4165
210.263 39.0721
210.561 38.0363
225.025 41.8884
220.743 40.5185
223.479 43.7102
225.39 41.0927
208.816 42.6564
184.335 42.97
203.45 41.9704
227.161 43.1805
220.445 42.8115
213.932 41.7827
215.198 41.0269
235.748 42.7096
204.543 40.8384
204.96 41.0073
210.501 40.767
211.11 41.6467
192.303 44.2063
197.926 40.5649
194.661 37.6769
183.129 42.645
188.281 42.3396
189.696 39.2993
191.96 40.8365
202.819 40.984
208.795 41.7993
199.843 42.3519
207.316 43.1874
207.316 41.3429
209.826 44.7968
210.577 42.5527
233.948 40.5839
231.694 40.3071
242.209 39.5227
226.419 40.5345
210.261 40.3184
207.399 40.1702
201.13 40.3117
204.886 38.4677
206.482 37.7676
216.471 41.2275
201.652 42.1322
211.438 37.1626
214.076 42.0145
219.271 45.1177
202.818 41.721
195.857 39.3973
216.33 40.1778
216.524 41.502
213.663 40.7967
203.726 42.1961
193.825 41.4789
188.33 41.2003
190.791 39.5993
217.487 41.4183
208.768 38.4792
205.002 39.0622
201.299 42.9299
228.218 41.1749
232.442 44.7431
227.685 43.4914
221.563 42.7332
214.405 41.7293
218.579 40.7954
204.802 42.4438
228.616 40.9062
238.345 39.2744
248.648 43.779
254.305 43.6081
216.46 45.9316
201.484 38.4826
165.637 43.0563
184.196 40.2745
195.901 43.2348
170.227 42.7151
177.725 41.462
187.385 37.2567
179.99 40.0636
183.473 40.6865
178.016 42.1239
174.018 40.0851
187.274 42.8324
199.83 36.0255
199.802 40.0044
166.058 43.6012
179.448 42.6315
164.005 42.1041
161.31 38.4862
199.171 39.7392
204.423 38.1008
203.585 42.9286
200.572 41.7012
180.456 43.772
174.936 40.4737
178.528 40.4748
185.25 40.3806
183.889 41.7427
189.899 42.9017
179.403 42.784
201.665 44.2718
210.017 40.321
200.585 41.334
188.602 39.7066
186.779 40.2359
198.498 41.9723
192.664 42.9527
192.641 43.1438
202.118 38.4364
222.808 40.2899
236.386 43.5385
224.559 42.693
221.843 40.5845
222.052 40.7886
225.206 42.0249
218.049 44.5819
230.277 39.6295
226.638 43.5372
210.659 40.9258
215.982 40.7114
245.311 40.8178
258.242 41.1526
236.063 41.1116
229.755 42.665
248.948 43.3639
242.608 43.2347
247.96 42.1253
235.481 41.3526
251.838 41.0353
257.736 42.3523
255.716 41.6781
266.275 41.761
253.601 40.7244
271.332 41.1696
269.121 41.4623
252.93 40.6603
312.7 41.3108
289.352 41.3033
322.351 39.1293
308.367 42.8327
287.201 42.6511
274.77 43.9837
278.631 43.4077
281.519 40.3043
278.979 40.2366
276.874 39.4134
265.769 40.79
261.077 42.8085
264.032 41.4572
259.819 40.3751
250.358 41.5734
247.92 40.9684
224.263 41.5469
196.693 41.3624
209.088 39.8464
195.802 40.272
182.2 42.5808
187.671 40.2956
197.01 40.6181
202.478 44.5835
179.788 40.736
184.76 39.5823
181.938 39.9007
189.077 41.8557
193.54 42.0949
193.54 40.8978
197.231 40.1729
209.97 41.9534
213.187 39.7555
214.609 39.9763
218.821 39.9663
214.923 43.3784
217.818 43.1392
227.964 40.217
239.624 39.3418
244.39 39.2491
236.988 39.1881
249.068 39.7318
264.039 40.2534
222.883 43.0457
231.462 39.6079
220.92 39.464
233.078 39.6217
253.238 40.2369
238.176 41.3869
226.109 42.4412
255.347 43.0319
239.266 41.0124
274.688 40.8766
270.598 41.3845
270.147 42.2691
237.154 39.7415
231.302 41.2986
252.217 41.9442
252.822 43.1328
242.346 44.771
252.561 42.5797
260.795 42.3949
221.418 38.2196
222.039 37.6464
215.612 39.0532
243.472 40.2167
230.346 40.6243
249.874 40.8491
232.905 40.0215
219.158 42.0923
208.127 41.0177
217.573 38.3519
225.523 40.1494
221.662 41.4021
251.015 42.0887
251.015 41.5637
291.634 39.643
285.947 41.137
293.249 40.4875
271.863 42.0674
260.572 38.8995
274.652 38.7419
274.652 38.9732
299.415 40.316
281.06 40.461
261.024 39.0923
244.124 38.2202
258.121 37.8571
238.611 41.7596
231.607 40.4822
240.329 40.8143
230.358 41.841
237.139 43.6616
233.064 39.3386
245.55 41.3153
243.824 39.0511
236.567 41.5402
232.745 40.3061
218.302 40.3614
237.78 38.4094
236.66 41.6761
238.388 41.2196
246.877 41.3556
257.629 40.9803
233.816 40.6196
221.31 38.1396
223.063 42.0744
221.747 42.1072
224.34 43.4625
213.412 37.6951
229.514 39.5287
207.995 40.2661
209.877 39.3664
213.982 41.856
188.576 41.781
193.765 41.8486
190.046 42.3473
203.857 41.1894
191.055 41.0614
189.608 41.0993
191.314 40.6623
173.313 43.9678
185.832 42.1025
203.359 41.4748
221.613 37.8087
206.481 42.5167
193.035 41.8701
239.484 40.178
230.028 40.828
201.238 41.4748
194.537 41.4446
211.82 37.491
227.193 41.0217
223.47 43.0159
231.693 39.3603
217.683 41.2073
222.018 39.3876
214.92 38.8222
223.124 40.2502
219.986 43.4946
205.523 42.7409
200.811 41.4729
225.316 38.4454
226.946 40.0844
206.428 40.6998
202.017 40.7766
203.095 42.8718
212.024 42.9652
209.745 40.29
220.691 37.5454
203.556 38.3338
195.529 42.1634
192.717 42.7129
188.429 44.7277
192.796 42.7151
203.434 40.3533
224.788 39.7783
226.666 39.0113
261.397 39.8929
240.286 43.0129
257.053 41.2152
263.369 39.6139
263.166 40.0151
278.931 40.9495
315.504 40.7086
322.088 41.1562
255.788 41.6168
222.091 40.6281
235.937 39.4767
242.52 43.0638
222.695 41.8198
247.498 38.5467
230.144 39.0128
222.224 41.1414
246.264 40.4676
261.434 40.2923
271.541 42.0316
281.728 38.639
257.256 38.5388
251.105 40.1661
261.691 40.2481
257.07 35.3007
268.92 44.2912
283.259 35.5941
210.445 44.376
209.568 40.0435
218.05 39.4069
209.915 40.6097
205.521 42.7523
207.602 40.3653
203.825 42.2783
188.728 39.2131
197.939 43.829
215.276 40.7203
215.473 39.9851
209.111 43.2482
225.662 42.275
231.872 40.6561
197.026 42.6059
226.124 43.4993
231.501 43.8238
233.361 43.2388
250.134 41.6802
232.27 39.6252
229.363 39.2782
249.539 39.5963
264.013 39.7298
246.988 39.9524
250.707 39.7676
236.98 40.6718
225.343 39.5866
220.275 42.7315
203.836 43.1021
219.295 39.9711
212.121 41.0812
202.065 42.4457
180.868 44.4823
180.145 39.9271
198.151 41.5324
186.776 41.9585
199.184 42.5839
190.751 41.5159
184.736 43.5663
182.116 40.5202
179.831 40.0762
201.801 39.5072
197.599 38.6602
227.998 38.7317
203.617 38.8954
191.875 43.9319
204.17 43.7061
187.502 42.3888
208.434 43.3046
202.461 42.1082
206.772 39.6862
202.822 40.6778
184.432 39.7884
201.456 41.6734
211.382 40.5275
218.173 38.6183
240.387 38.7983
232.738 39.6743
231.752 37.8245
322.834 37.5195
295.056 37.9831
346.31 38.7385
382.684 38.6716
389.876 39.6053
307.327 40.9433
295.874 39.3002
299.183 38.8247
306.931 37.3626
321.831 39.1618
294.158 42.7235
298.267 39.6618
325.133 39.9559
325.133 43.7762
324.657 43.4655
280.691 44.1114
281.292 43.1636
280.148 41.5773
253.607 41.2081
252.089 40.2611
240.328 39.919
235.789 37.393
243.498 41.5376
268.567 41.0559
280.295 41.4124
267.204 39.907
250.949 40.9368
265.74 41.397
269.368 41.353
270.963 42.4187
243.188 40.0206
247.051 40.7306
235.709 40.6983
230.965 43.5418
223.464 42.0748
230.299 40.8783
225.456 42.7413
224.522 39.3847
212.544 39.8843
187.216 41.6639
203.212 39.1436
197.314 38.973
195.185 41.2571
208.191 39.4747
208.884 37.6456
202.865 41.2513
209.068 41.1829
199.203 40.5787
215.427 44.2145
192.284 42.158
192.284 42.9247
208.912 43.4058
234.31 42.9421
239.775 39.4157
232.12 36.9423
234.782 41.1731
238.063 42.4538
251.318 39.8296
229.231 40.5736
240.463 40.9058
235.575 41.1897
232.598 44.2929
229.918 40.0659
229.152 42.2103
224.74 44.0115
232.317 41.2195
250.397 40.5737
250.397 40.6057
213.619 42.3991
208.343 43.2532
224.069 43.7166
219.774 39.5518
233.787 38.164
233.092 39.062
241.234 37.9101
251.221 40.0486
246.31 42.4113
255.162 41.2503
245.858 40.1375
256.28 39.5789
253.6 39.4641
239.539 39.8341
242.425 42.4281
279.553 36.676
265.437 39.7567
265.053 37.5867
267.769 40.8419
276.645 41.7742
239.603 40.3625
275.703 39.9664
248.217 41.4529
278.473 40.3051
270.729 40.7317
223.16 41.2942
217.971 42.0599
245.179 41.9279
244.452 42.146
240.133 40.8699
235.066 39.7237
235.054 43.0021
235.055 41.7232
235.045 38.6472
233.869 41.6913
223.225 39.4586
222.74 39.3977
217.205 42.3475
230.779 41.2387
230.589 41.4241
264.228 40.9735
291.628 40.8921
296.546 35.8795
347.402 39.5286
376.046 40.4459
365.796 40.3053
401.159 42.0331
397.809 39.9167
349.486 41.487
332.757 40.753
305.646 42.6951
294.969 43.0784
333.671 43.5796
343.797 38.2246
350.74 39.1676
312.973 41.0631
332.699 37.9322
322.865 40.8176
325.066 39.4248
302.113 40.2977
264.76 40.6137
255.763 42.388
260.196 42.6471
245.991 38.293
234.334 40.3687
215.528 38.9582
213.004 42.657
213.004 41.1549
235.409 39.054
207.812 39.7711
210.17 40.0792
210.677 40.1443
200.001 40.6733
192.511 40.8828
187.519 42.0624
187.519 40.805
214.448 41.2955
207.366 40.2064
216.547 39.9938
190.268 42.9422
192.717 41.261
206.113 40.7001
240.277 41.8389
234.197 40.1276
238.574 38.3386
230.535 43.7885
221.665 42.949
235.671 41.9008
235.671 40.8803
220.055 41.3082
243.356 38.7546
228.637 39.5672
228.637 39.6812
212.831 39.6809
219.281 40.2347
216.319 40.2435
218.666 42.7558
232.512 43.8823
226.605 39.2658
235.662 41.437
201.26 39.1963
205.094 40.0373
205.354 43.4339
212.257 42.7264
209.741 41.9606
209.672 41.4577
179.519 40.0814
184.561 40.0402
192.621 42.4038
206.909 43.7854
242.059 43.089
215.471 41.5078
226.23 39.6442
209.018 40.3283
198.045 39.886
198.424 43.53
225.376 40.368
228.587 40.195
237.711 39.9613
234.318 41.2906
222.8 39.4012
206.626 39.9627
210.866 43.6664
203.835 45.5191
206.461 40.3286
191.972 40.252
212.183 38.3392
205.988 40.1236
199.187 40.7309
214.979 41.18
198.959 42.0259
199.533 42.9625
193.052 39.9088
188.715 43.419
182.249 44.043
191.997 42.6982
189.528 39.8682
184.083 40.2115
178.819 40.4928
167.718 42.4257
