75.9214 11.185
75.2502 11.2401
75.9032 11.2082
73.2942 11.0701
69.9163 11.1293
77.1755 11.0356
72.2212 11.3252
73.2811 11.2
72.9281 11.5431
77.4249 11.1617
81.6984 11.1723
79.3879 11.3217
76.7139 11.3865
76.8139 11.1347
81.1744 11.0951
79.0993 11.2384
79.9317 11.1257
77.3637 11.192
83.0381 11.2677
82.4005 10.9718
79.678 11.2729
83.3034 11.2312
81.5266 11.1095
80.5685 11.4374
82.0363 11.4457
84.0046 11.1401
83.6816 11.0607
82.7324 10.9831
80.8094 11.3574
77.276 11.3127
76.684 11.1966
75.2551 11.0517
75.3131 10.9896
74.5797 11.3069
74.218 11.3758
73.3972 11.4434
74.6363 11.1872
72.4171 11.3406
72.3322 11.3855
74.0756 11.2584
75.656 11.1252
74.5388 11.1349
79.459 11.1055
76.3083 11.195
76.965 11.3224
76.2144 11.1352
76.6442 11.1527
74.3669 11.2016
74.7523 11.2063
74.4004 11.3163
76.6011 11.1657
71.12 11.058
75.3893 11.1905
81.6537 11.0406
80.7802 10.9373
81.6039 11.0648
79.0603 11.1211
77.9085 11.3412
78.4673 10.8112
76.9877 11.1533
77.5287 11.2743
79.6476 11.2543
78.4871 11.2417
77.2764 11.2291
78.6577 11.0532
73.782 11.042
75.565 11.2206
74.2404 11.0473
74.6648 11.2998
73.2147 11.2503
71.3438 11.1235
75.0589 11.1308
75.4476 11.0631
76.0344 11.0027
76.3449 11.4214
80.2348 11.0767
79.5821 11.1567
77.0498 11.1557
73.2878 11.2222
76.2736 11.3554
75.008 11.2724
74.4788 11.1977
72.9469 11.157
72.4003 11.207
76.7948 11.2424
79.8387 11.2203
78.2133 11.1704
79.4108 11.2957
79.1164 10.986
81.4727 11.2006
80.6594 11.0144
75.6851 11.2215
76.4385 11.1528
75.9942 11.2357
75.1291 11.1261
76.2105 11.3889
75.8946 11.1402
76.7753 11.1583
75.7822 11.1147
75.5581 11.1222
72.4695 11.2365
72.5968 11.2352
75.2034 11.2428
77.2729 11.1777
75.2764 11.4195
75.8276 11.3028
76.9593 11.3088
78.6641 11.1891
78.2851 11.4806
73.929 11.2996
77.7639 11.1411
74.0086 11.1862
74.8397 11.0855
77.5974 11.1455
77.5949 11.0982
79.062 11.1401
77.0238 11.1023
76.9949 11.2194
76.8728 11.3692
78.946 11.4338
81.2905 11.267
78.722 11.3177
76.147 11.3194
79.2987 11.3211
83.4205 11.3131
79.3389 11.2514
75.5967 11.4001
77.1848 11.1856
78.8852 11.2441
79.9632 11.0609
80.8366 11.4264
77.3051 11.2945
78.9322 11.1958
75.7553 11.0718
76.4315 11.0371
74.2162 11.4142
74.1791 11.0629
75.1072 11.0602
74.9553 11.1711
74.9365 11.3675
75.5738 11.3665
75.159 11.175
73.6039 11.2443
74.7651 11.3537
74.2728 11.2737
74.8449 11.4569
73.7903 11.3081
78.0804 11.0117
80.4245 11.5019
80.1127 11.3214
82.2469 10.9416
82.2469 11.1516
85.9923 11.1249
86.7155 11.2095
84.8979 11.0987
87.5327 10.7677
87.5327 10.9073
86.5846 11.21
85.6736 11.1789
85.2479 11.1115
84.425 11.0398
80.1936 10.7062
83.7589 11.0952
83.5098 11.1772
82.3897 11.1311
79.9015 11.1382
80.1546 11.2107
79.1259 11.0442
80.1036 10.8278
79.5653 11.1631
72.3824 11.1209
76.1051 11.171
75.6887 11.1604
76.4384 11.3189
75.0064 11.3647
72.0883 11.1592
75.3814 11.3447
73.9038 11.3779
74.8509 11.2628
78.2472 11.2019
73.4872 11.2659
76.1239 11.0502
76.2538 11.1413
72.3734 11.0887
75.942 11.1754
78.4424 11.2819
75.6466 11.1879
80.1534 11.314
80.1349 11.1505
79.0166 10.9887
76.507 10.9674
76.507 11.0645
77.2394 11.1247
79.3193 11.1164
78.9558 11.4257
80.0304 11.3444
76.7573 11.3444
77.1237 11.3301
79.6621 11.2636
75.9103 11.2793
76.1067 11.4094
72.714 11.0941
76.7082 11.2816
75.8605 10.9963
75.8605 10.9479
80.0154 10.9232
78.9182 11.2946
74.618 11.4017
72.4343 11.458
78.1949 11.4469
75.1642 11.3078
75.7785 11.2102
75.7785 11.235
78.2062 11.162
78.0941 11.1873
79.9555 11.1699
80.2172 11.2925
80.1131 11.0341
78.7001 11.2347
76.8882 11.2815
77.2107 11.3211
77.2107 11.1817
76.8034 11.254
80.1424 10.9638
81.8096 11.209
81.8096 10.9739
79.0105 11.3534
79.2685 11.3643
82.3214 11.0493
79.5568 11.5128
82.877 11.1042
79.383 11.2842
79.3969 11.1267
78.9388 11.3502
79.2468 11.2778
78.2637 11.2071
82.3546 11.2038
78.3679 11.3741
79.1167 10.9459
77.0579 11.239
81.413 11.0957
82.9963 11.0359
84.6438 10.9671
85.3903 11.2764
79.7244 11.0988
78.629 11.0294
81.1833 11.2051
90.6167 10.9453
91.8015 11.0339
91.9679 11.0309
92.4953 11.1468
85.6229 11.2422
91.1406 11.0448
89.8958 11.2143
85.1224 11.1374
86.5715 11.1232
84.7062 11.2978
86.5303 11.1686
81.8919 11.3108
85.7143 11.2052
81.0481 11.1755
81.9235 11.149
81.411 11.0075
78.0689 11.0395
82.0627 11.423
89.9359 11.214
86.5453 11.3702
82.5744 11.1973
85.3699 11.3671
78.2054 11.2134
81.1022 11.4102
81.647 11.3883
81.8502 11.356
82.3959 11.3884
85.9652 11.1931
87.9185 11.2201
88.8901 10.9501
87.4312 11.1465
86.7567 11.1831
100.753 11.0167
110.072 11.1565
102.068 11.2241
102.546 11.1801
95.9078 11.2594
96.4131 11.0835
93.6144 11.1751
94.2819 11.012
90.175 11.1404
86.5688 11.2503
87.9736 11.1997
90.8567 11.1691
95.4383 11.3281
92.2471 10.9309
92.8148 11.0698
98.4286 11.3151
93.3507 11.2898
100.548 10.9459
101.811 11.2109
101.811 11.0782
99.468 11.1597
100.097 11.35
91.3492 11.167
88.8433 11.1585
80.7837 11.0183
83.4125 11.4335
86.0164 11.1947
82.4766 11.2326
83.2833 11.3778
86.3392 11.4441
89.1427 11.0616
90.2893 11.029
82.1563 11.1727
85.6879 11.0813
83.371 11.04
84.1176 10.935
85.5237 11.2028
82.324 11.1986
84.3478 11.318
82.5692 11.4281
79.8223 11.4918
82.148 11.2204
79.1964 11.1738
84.3245 11.302
88.0497 11.1584
84.8707 11.3576
83.1489 11.1766
81.5866 11.2346
84.942 11.0442
79.2409 11.234
77.0745 11.1244
80.5127 11.15
85.5821 11.3449
90.2273 11.2852
86.2118 11.238
86.8181 11.2246
82.2949 11.2131
83.5455 11.2753
80.2066 11.0545
82.2791 11.1428
83.022 11.1149
80.3147 11.1202
83.3776 11.1105
85.1242 11.09
84.2476 11.0965
77.1128 11.3871
79.1511 11.1075
78.9286 11.3603
79.8807 11.0564
80.5205 11.2349
81.6686 11.2287
83.0418 11.1116
79.1015 11.125
76.0541 11.2475
77.7056 11.4038
82.5894 11.2565
85.3646 11.3334
86.1224 11.2121
80.5118 11.2371
84.9703 11.2378
83.3842 11.2744
82.3545 11.4735
83.7355 11.2955
85.1296 11.0801
80.5138 11.3072
80.436 11.2966
80.6777 11.1981
78.5609 11.1752
80.399 11.0757
78.689 11.4777
77.4942 11.4388
76.6926 11.1281
77.9392 11.3097
79.4204 11.2286
81.0868 11.3779
81.8074 11.2139
82.1846 11.3733
79.1976 11.2941
83.9898 11.1379
78.3147 10.9944
80.6407 11.0313
78.733 11.0831
74.2599 10.8228
78.6221 11.1854
80.3486 11.0827
78.754 11.3045
79.0794 11.113
78.5603 11.2244
78.366 11.3277
76.9004 11.2047
79.9563 11.053
78.5192 11.1294
82.1182 11.219
79.2752 11.2049
78.1232 11.306
74.5536 11.2149
75.397 11.3259
72.4464 11.2578
73.8541 11.1386
76.4516 11.1263
74.2314 11.0531
74.9028 11.3077
75.8939 11.3146
77.9368 11.2619
78.5961 11.3241
77.4837 11.2546
79.113 11.2356
79.3439 11.2475
79.6198 11.1731
75.4731 11.1044
74.7525 11.4662
75.1743 11.345
75.5577 11.1176
76.5001 11.1374
80.6721 11.2497
81.6474 11.2112
83.7778 11.0661
85.9915 10.8011
83.1399 11.2858
83.7995 11.1792
82.6004 11.2893
85.0506 11.3981
79.3445 11.2602
79.4714 11.3434
78.5797 11.334
78.1725 11.0707
81.8863 11.0375
79.4044 11.2908
77.6525 11.1698
77.8378 11.3075
77.8737 11.3091
76.8524 11.3006
77.1756 11.357
75.5741 11.1515
77.0954 11.387
78.3363 11.2463
77.4911 11.1973
79.7938 11.0789
79.2798 11.0895
73.5897 11.3451
78.1145 11.1229
75.9185 11.222
77.499 11.3331
78.2494 11.3985
80.3002 11.0772
78.453 11.1928
78.2414 11.2824
88.2995 11.1498
82.5798 11.3815
79.5772 11.365
81.1701 11.1547
79.9599 11.1486
71.3003 11.0372
81.3298 11.0964
76.6324 11.1761
78.9334 11.2076
77.5197 11.2749
77.5297 11.1791
78.8558 11.1953
83.3882 11.1737
77.0253 10.9358
76.8328 11.2095
76.9025 11.1695
78.7867 11.1361
83.7571 11.2769
85.68 11.2235
85.5183 11.1507
87.8003 11.1653
89.4091 11.0973
89.3333 11.159
86.2234 11.2989
83.952 11.0984
82.1679 11.0174
81.3157 11.253
81.1178 11.1823
88.2274 11.1437
85.9078 11.2723
86.4377 10.9728
85.8624 11.0596
87.5241 11.0629
86.3411 11.1591
80.5302 11.1727
83.6492 11.1502
84.2037 11.3836
79.6115 11.0892
80.8223 11.0902
81.3595 11.1287
80.5266 10.9567
80.0029 11.2143
78.5371 10.9565
76.9472 11.2635
78.1619 10.9493
77.1678 11.3836
76.1741 11.1208
75.5341 11.1564
81.9401 11.3342
78.6679 11.0105
75.2505 11.2157
83.6405 11.0305
85.5402 11.3328
88.5894 11.4108
84.9757 11.4117
85.6651 11.2994
85.5661 11.2867
76.8183 11.0808
78.2985 11.2569
80.4436 11.3271
80.4126 11.145
80.1319 11.0591
80.7609 11.3332
73.8356 11.2411
81.7427 11.1382
81.517 11.101
79.0162 11.1074
78.2629 11.4301
81.1434 11.1897
80.2879 11.1829
81.1814 11.0349
88.4499 11.1757
79.0193 11.1551
81.1794 10.7883
72.7437 11.4491
72.9244 11.1216
75.2676 11.0415
76.674 11.0012
80.1351 11.0379
80.1283 11.2017
77.7732 11.093
73.892 11.1672
73.6365 11.1423
77.6475 11.1532
77.4622 11.0661
84.7038 11.2644
88.6336 11.087
94.0743 11.4703
88.5936 11.2611
82.3291 11.1539
79.0837 11.3376
77.8658 11.3907
78.2411 11.2905
81.3041 11.1649
76.7987 11.2225
78.095 11.1159
77.6765 10.9994
74.1436 11.2946
81.4395 11.1112
82.1261 11.1214
85.5066 11.2029
79.1224 11.2216
80.3383 11.2753
84.4044 11.1227
92.2192 11.1172
88.9362 11.1425
82.4486 11.1859
82.0424 11.0725
77.5551 11.3568
77.2245 11.3101
78.6741 11.0544
78.685 11.0107
80.5645 11.0281
76.5694 11.1165
75.7082 11.2379
78.4398 11.1332
79.3583 11.2771
79.7117 10.9768
79.4957 11.3764
80.0523 11.1575
80.1415 11.1011
78.9935 11.3981
75.968 11.2501
83.0764 11.275
84.307 11.2104
79.2464 11.1915
81.3573 11.1837
82.5959 11.1628
81.203 11.1022
79.0885 11.1244
75.6904 11.3489
78.5393 11.0825
79.2474 11.1375
82.304 11.1698
83.8781 11.1707
78.9478 11.1677
79.3583 11.1679
80.345 10.9899
80.3903 11.2362
86.2051 11.1986
82.1178 11.1891
79.6788 10.9312
79.8152 11.3047
77.5653 11.2479
77.9173 11.0351
78.305 10.9969
76.0599 11.2633
81.0734 11.1417
78.6773 11.0325
78.5937 11.2248
78.877 11.2545
83.863 11.3753
80.4562 11.3158
79.6288 11.2972
85.2002 11.4861
81.288 11.0001
80.2395 11.2293
78.0365 11.198
77.3176 11.2121
81.8156 11.2121
81.1495 11.2129
85.0279 11.1947
79.5439 11.2021
79.3901 11.0829
79.533 11.3277
80.2838 11.2531
77.8834 11.1028
84.6399 11.0604
82.6552 11.2554
82.0962 11.1852
86.4743 11.2252
84.2375 11.1567
85.4054 11.4795
83.1734 11.2957
78.8105 11.2774
86.9081 11.0275
87.6594 11.0432
88.2746 11.1761
84.0162 11.181
77.4523 11.2685
83.1352 11.0861
88.4399 10.9995
83.2977 11.1653
87.0419 11.2001
82.5023 11.0839
85.198 11.1852
83.5142 11.1913
80.4903 11.0886
81.0428 11.1723
81.5303 11.3046
82.9907 11.0861
79.5695 11.409
76.6811 11.1678
79.9146 11.3375
80.8739 11.4253
82.6822 11.1006
77.2919 11.1087
78.7563 11.2897
79.4595 11.1887
77.5572 11.1732
78.0543 10.9774
79.7985 11.1032
76.3764 11.1739
80.5793 11.2464
78.8733 11.1946
78.5488 11.4139
77.1218 11.0678
78.7601 11.1062
77.0743 11.2588
81.7425 11.2986
80.9477 11.137
80.6569 11.2433
77.4477 11.3424
75.8388 11.1399
77.3662 11.3721
77.4371 11.1866
77.4371 11.1121
77.4371 11.117
80.036 11.2328
78.8984 11.2509
75.7152 11.329
78.7855 11.2423
78.7127 11.4496
83.8548 11.2275
80.3519 11.2852
77.5104 11.2559
80.5848 11.2556
87.8585 11.2876
91.1413 11.242
82.7771 11.1248
83.9986 11.1712
82.2799 11.1836
94.9006 11.1306
85.9992 11.2101
83.0611 11.0935
82.4054 11.1594
79.9264 11.2622
78.5328 11.4289
79.5864 11.3137
82.565 11.3265
80.0902 11.305
75.9719 11.2373
72.3297 11.2631
75.4214 11.1346
75.2443 11.4524
75.4362 11.2561
73.6587 11.3261
77.623 11.288
74.277 11.4022
75.4938 11.1778
77.8518 11.0043
81.7917 11.2228
78.7938 11.2533
77.0761 11.3802
77.6575 10.9527
80.6041 11.1631
75.1919 11.1305
72.618 11.266
69.9996 11.5486
69.9996 11.3654
70.5419 11.267
71.4849 11.269
73.105 11.0834
76.2349 10.9657
80.1678 11.0355
75.5466 11.4167
78.0351 11.1437
76.4647 11.15
74.925 11.1989
76.6805 11.3564
73.0048 11.2789
77.0684 11.2836
76.7904 11.1583
78.8086 11.1452
75.5935 11.1727
83.5277 11.1594
86.1608 11.3406
82.3127 11.0643
80.7283 11.0726
79.605 10.9417
80.7534 11.3146
80.3851 11.161
85.4718 11.0473
82.85 11.2862
78.2642 11.4096
84.3199 11.169
80.191 11.2187
85.7278 11.2572
88.6098 11.4218
90.7139 11.2659
90.7742 11.1532
88.7529 11.4819
96.0233 11.1334
97.0313 11.1942
97.0313 11.1109
95.8812 11.1249
96.1283 10.9226
101.894 10.9942
103.56 11.1233
96.4758 11.2857
90.6444 11.1367
95.4954 11.094
98.2939 11.0176
84.6719 10.9895
88.2074 11.2574
84.5533 10.9138
87.7494 11.2034
89.227 11.203
86.2661 11.2915
83.898 11.218
85.5628 11.2434
88.5842 11.2476
86.7517 11.2483
97.5305 11.2555
98.6528 11.2939
97.4957 11.2645
99.1738 11.1843
89.283 11.2114
86.9063 11.1496
86.9063 11.026
87.9177 11.1951
85.6731 11.2846
82.6844 11.1989
80.7911 11.0983
78.381 11.2059
78.4212 11.2264
77.8853 11.1917
80.5359 11.4505
86.5106 11.1662
85.3306 11.0779
82.5211 11.1466
83.2864 11.2444
81.9557 11.1146
78.6079 11.2624
78.6955 11.4159
78.1754 11.1793
79.1766 10.9882
79.7314 11.2843
78.1302 11.1356
77.0158 11.3552
76.1702 11.1691
76.0859 11.1746
80.4036 11.2859
76.0884 11.1133
77.1685 11.1656
76.0803 11.2416
77.866 11.2185
76.1758 11.4935
78.6183 11.3057
75.611 11.3159
75.1046 11.1897
76.4396 11.213
75.2591 11.1961
77.2611 11.2246
76.08 11.1202
74.8273 11.2846
84.3532 11.2045
81.1383 11.1989
79.5421 11.2009
80.9834 11.2344
81.2401 11.2691
82.2501 11.2438
81.5787 11.1234
79.886 11.1728
78.0734 11.1821
76.7001 11.0638
79.0402 11.0758
76.2115 11.1191
79.5461 11.2977
82.6011 11.2923
76.7818 10.9402
76.6189 11.2045
79.304 11.1991
77.325 11.1709
78.3157 11.3046
79.8956 11.0901
82.0182 11.2671
86.1889 11.32
86.1907 11.2393
83.7223 11.1846
86.4959 11.2234
78.0819 11.11
82.1674 11.1158
93.35 11.14
93.1149 11.1059
89.0102 11.1162
87.885 11.1198
88.2182 11.345
91.4988 11.2241
91.4988 11.225
79.4575 11.1711
84.3847 11.2784
81.8622 11.1903
82.6373 11.221
78.7552 11.2886
80.4463 11.2355
75.1475 11.2507
74.2314 11.2478
78.521 11.2061
77.1058 11.2934
80.487 11.1283
83.2208 11.001
90.8543 11.2692
95.1558 11.224
96.3576 11.4561
93.6211 11.2217
85.0531 11.0386
79.2046 11.2687
81.1541 11.2594
84.2266 11.3623
83.637 11.3503
81.8548 11.2519
77.7303 10.8729
82.2354 11.1453
81.2096 11.1666
79.4579 11.2297
78.6979 11.0493
77.5296 11.2839
74.6389 11.5739
74.9759 11.0715
71.5879 11.1054
78.7544 10.9958
81.2834 11.2472
81.1595 11.2512
85.7469 11.2234
80.2584 11.1193
87.7644 11.2635
81.421 11.2688
86.7942 11.1781
85.9081 11.234
84.1795 11.177
85.3965 11.183
83.0428 11.1679
82.3776 11.1902
85.7605 11.201
85.488 11.2681
84.8417 10.9252
79.0758 11.1851
80.0504 11.0615
90.5699 11.1707
87.716 11.4488
77.8883 11.2561
84.9817 11.1751
88.6309 11.1733
85.5777 11.4603
79.1744 11.1777
78.3266 11.3375
78.2488 11.0313
71.4771 11.4299
76.7796 11.1289
78.5441 11.0874
73.0246 11.261
73.7473 11.1886
72.7129 11.156
75.5373 11.2564
76.8741 11.033
83.2825 11.1862
84.3575 11.3226
82.2521 11.384
80.222 11.2359
87.1335 11.1325
86.2357 11.2239
90.1436 11.1765
87.387 11.1648
84.5737 11.0887
82.9745 11.211
81.7775 11.2788
77.7587 11.086
77.9173 11.2759
77.3064 11.3323
76.3468 11.137
77.2937 11.0687
77.6657 11.1182
77.531 11.4259
78.312 11.2714
78.5589 11.14
76.4054 11.1966
78.5912 11.1936
80.2484 11.0498
79.6393 11.2172
78.6919 11.023
79.3992 11.1678
81.0861 11.2492
81.0243 11.0824
82.0791 11.0457
80.5122 11.2392
80.1623 11.2204
78.9683 11.3177
81.2661 11.3876
79.0697 11.2783
80.2842 11.1567
79.5603 11.2774
81.5627 11.3277
79.3372 11.1067
81.6178 11.054
82.2927 11.1406
81.6769 11.2663
81.5942 11.1385
81.2873 11.0852
81.9557 11.2269
83.2051 11.313
83.6336 11.0571
81.858 11.2718
77.6747 11.026
78.5129 11.2417
75.2814 11.2113
77.2942 11.5042
79.6497 11.25
79.6147 11.1164
82.0113 11.2074
83.582 11.1362
84.2144 11.086
85.0018 10.9567
82.7098 11.1232
88.2108 11.1674
83.6056 11.2632
80.9491 11.2175
86.2628 11.2874
85.0013 11.2874
86.8874 11.2007
79.4792 11.1267
85.0938 11.1355
80.8198 11.3814
79.9427 11.3649
83.7069 11.1075
82.3885 11.1698
77.3749 11.0589
79.938 11.2596
82.4523 11.2361
82.4523 11.1838
84.2972 11.2287
81.2713 11.0172
82.9594 11.0232
79.9149 11.2821
78.621 11.2488
74.9408 11.2029
77.4824 11.3233
77.3063 11.231
76.2107 11.4022
76.5353 11.2451
74.1941 11.2595
74.1941 11.4414
75.315 11.1316
75.315 11.1319
75.8289 10.9199
85.284 11.298
83.9369 11.264
86.3357 11.0424
82.7561 11.4844
83.0208 11.4715
82.2797 11.0416
83.6283 11.0264
83.9216 11.1155
80.4307 11.2217
82.282 11.1453
82.1794 11.1228
84.2715 11.2041
81.9836 11.1657
82.2918 11.2095
80.9305 11.2793
80.0295 11.1163
80.8312 11.2121
79.7214 10.9194
82.1992 11.1785
84.8728 11.1749
85.268 11.0501
83.9293 11.0022
83.9293 11.2718
86.7229 11.1112
80.9444 11.3945
81.7123 11.0468
81.6959 11.422
80.9193 11.2877
80.785 11.074
81.3239 11.2519
77.4087 11.6417
75.6413 11.0304
81.8736 11.2734
79.3699 11.2358
80.746 11.2434
79.7638 11.1621
78.7902 11.2848
74.7895 11.0572
78.9224 11.0963
79.2768 10.9946
82.1238 11.141
80.6096 11.4605
77.8514 10.9521
75.9672 11.1017
77.2707 11.2854
77.5348 11.5096
79.7911 11.3006
79.9478 11.1183
81.5499 11.1571
82.2166 11.182
86.0073 11.1719
80.929 11.1906
78.3062 11.2753
76.1683 11.2205
75.7802 10.9252
74.8805 11.133
78.5421 11.1335
77.7089 11.2256
77.2231 11.4665
74.6945 11.382
74.8613 11.3158
78.8829 11.2358
79.3788 11.1921
80.029 11.0365
81.016 11.351
81.9537 11.0296
80.1336 11.3057
81.6274 11.4206
82.8017 11.4371
77.7023 11.3638
81.1884 11.4695
78.991 11.1159
78.991 10.9339
81.6015 11.081
79.8883 11.0367
75.0381 11.1048
76.8142 10.9733
77.8985 11.1341
78.1872 11.0715
83.4027 11.1126
84.3747 11.1388
86.1987 11.1407
88.4688 11.0119
81.2697 11.2521
82.6817 10.9425
80.8571 11.1309
81.8554 10.8704
81.1907 10.9762
82.6814 10.8738
81.915 11.0513
77.5659 11.3507
78.8151 11.2162
81.166 11.2403
82.9241 11.2003
80.6141 11.3276
83.4699 10.99
85.7397 11.441
81.8992 11.418
85.2689 11.2143
82.312 11.1755
80.0761 11.1895
81.6262 11.0929
81.8635 11.3307
92.6705 11.0327
90.1184 11.2752
89.7316 11.2382
88.3986 11.161
86.2183 11.2193
90.2093 11.2557
92.1321 11.1665
89.9337 11.2116
84.144 10.9066
83.8537 11.3319
82.9233 11.1465
85.9933 11.4115
85.4213 11.0692
81.1281 10.882
76.9084 11.0858
79.7935 11.2942
77.2574 11.4327
76.2742 11.2811
78.1948 11.2112
84.6005 11.1137
84.2938 11.3503
85.6655 11.0969
83.5312 11.2751
78.7808 11.1734
79.5628 11.3844
81.607 11.0782
79.4508 11.1521
79.4081 11.1403
73.2726 11.0565
73.2726 11.1797
78.2078 11.3441
80.5543 11.3861
75.7789 11.3851
78.6294 11.3855
80.3616 11.158
80.4026 11.1809
80.143 11.1796
82.7648 11.0655
81.1177 11.0925
88.9638 11.3033
85.6044 11.4905
83.3696 11.0555
80.3453 11.3917
80.4677 11.1381
81.7926 11.3167
81.7759 11.192
82.1884 11.2914
80.8564 11.3511
77.77 11.1762
78.7835 11.3099
80.0017 11.1577
80.9672 11.2674
84.9206 11.0911
84.6553 11.0661
80.1991 10.982
81.77 10.8465
78.9336 11.3215
78.9529 11.0925
79.0878 11.1152
77.4747 11.1265
76.3221 10.9592
77.8696 11.264
76.4128 11.1658
80.0088 11.1035
80.071 11.1629
77.0666 11.0964
79.8778 11.1672
81.5312 11.3708
81.3268 11.1983
77.1729 11.2037
85.8534 11.0767
84.9073 11.0221
81.6064 10.9546
81.5637 11.0054
77.166 11.204
82.1857 11.137
81.3302 11.1677
77.497 11.2099
78.0094 10.9749
77.2846 11.0901
76.4258 11.1662
75.5181 11.3819
78.2128 11.0984
78.7084 11.03
81.1328 11.1386
84.1713 10.8651
81.1437 11.0595
81.5611 10.9553
80.1098 10.8845
79.1407 11.44
75.2239 11.0555
84.3074 11.2017
82.6725 11.3146
80.731 11.3238
80.991 11.376
81.4413 11.1972
83.4795 11.0956
84.9901 11.2464
81.8389 11.2359
82.3202 11.3651
79.1096 11.2248
82.5185 11.0565
76.6534 11.1888
78.9592 11.2872
84.5528 11.252
84.654 11.2412
79.2864 11.2078
74.066 11.3167
75.4564 11.4029
72.5194 11.4436
77.7703 11.1881
76.2752 11.2228
76.2752 11.3004
77.9815 10.9111
75.1731 11.1612
78.6057 11.0086
80.2447 11.0673
74.2813 11.3691
73.1584 11.4736
76.9654 10.9702
75.6412 11.2952
78.841 11.3145
74.2724 11.259
71.508 11.4975
75.0098 11.3894
78.9764 11.2484
77.5296 11.1307
75.8258 11.331
78.3607 11.2745
78.446 11.2657
75.8685 11.1494
77.2004 11.0829
75.045 11.0863
77.7039 11.1256
75.7143 11.2844
79.7183 11.1216
82.163 11.6312
79.4522 11.1188
77.0095 11.1927
80.2829 11.5128
81.1119 11.076
81.4649 11.2866
80.6041 10.9108
88.0935 11.0189
89.9366 11.0714
91.4738 11.238
86.0925 11.0969
88.6162 11.3254
92.9775 11.1132
87.5912 11.0929
85.3056 11.1783
84.2456 11.1727
93.9499 11.3426
89.9453 11.4603
89.9453 11.1816
96.4394 11.0178
96.4394 11.4076
96.4394 11.214
99.9731 11.5046
93.9603 11.0976
87.0347 11.1427
91.4648 11.0514
86.6426 11.1154
87.2606 10.9544
86.3536 11.0752
86.3724 11.1592
85.2098 11.2164
77.1883 11.1945
80.2542 11.3139
77.2991 11.0782
76.0302 11.3448
78.0636 11.3836
78.1924 11.1187
77.7434 11.2004
76.5957 11.2627
77.744 11.0663
79.8892 11.2513
76.7209 10.9811
77.6623 11.1699
75.1764 11.3553
73.0646 11.1808
76.9632 11.1219
79.9571 11.1951
79.6972 11.2079
79.0545 11.3978
78.5817 11.3896
75.9717 10.9278
75.9717 11.1047
76.2544 11.329
79.0335 11.2673
80.2109 10.9494
82.1785 10.9563
82.6481 11.2422
87.3358 11.0373
96.2497 11.3733
98.1463 11.2864
97.7491 11.3521
89.5026 11.1568
91.5034 11.0975
90.3495 11.2026
86.3068 11.0503
89.5194 11.3174
89.5194 11.0999
75.8825 11.3547
74.8195 11.4137
75.5805 11.2751
78.5566 11.1197
76.5411 11.0544
85.2721 11.1037
84.4755 11.1876
87.7285 11.0643
87.925 11.1581
84.78 11.2058
82.7183 11.2929
81.9046 11.292
80.1063 10.9399
84.3993 11.0973
84.4439 10.8658
75.6234 11.1014
85.7273 11.1466
80.1605 11.2494
81.8803 11.1363
83.0908 11.0827
81.453 11.2169
83.3221 11.2307
81.6535 11.2554
80.8079 11.3275
83.6941 11.3413
82.0437 11.2748
75.2322 11.2184
73.7935 11.1216
73.7935 11.1524
75.9821 11.383
77.5504 11.1254
78.277 11.1989
77.1996 11.2766
79.2918 11.3588
79.9789 11.0177
78.7949 11.248
74.1876 11.133
77.465 11.053
71.9525 11.0032
75.5551 11.2855
75.3256 11.2068
73.2558 11.1587
73.2701 11.3993
78.7936 11.3321
79.3267 11.3065
78.1039 11.1136
79.3317 11.072
79.7279 11.2324
78.22 11.5879
78.5455 11.3114
78.6032 11.3173
76.4199 11.0941
78.073 11.337
76.843 11.078
81.4688 11.1144
84.1715 11.3594
85.118 10.9794
79.6697 11.1038
80.2801 11.2209
82.2355 11.1494
79.7199 11.1554
80.8929 11.1616
82.3725 11.2137
74.9885 11.123
79.3399 11.1957
82.0615 11.2475
76.9206 11.2499
80.3056 11.2767
87.074 10.8424
88.0795 10.8488
85.4548 11.0188
82.1512 11.1186
79.7014 11.324
78.4588 11.1194
76.9941 10.9239
79.9161 11.248
84.0245 10.9749
80.6415 11.2308
76.3509 11.0855
77.6876 11.093
82.6773 11.2469
81.96 11.2584
81.3102 11.4748
80.3957 11.3625
76.4128 11.21
78.742 11.3601
78.4389 11.0205
81.4105 11.1485
80.7243 11.146
79.5443 11.3956
75.8093 11.2619
81.01 11.1356
80.9345 11.1853
76.9269 11.3351
79.7831 11.3915
79.9341 11.2647
77.4894 11.2714
79.1372 11.2571
79.3017 11.2615
76.8875 11.2669
80.4246 11.3953
85.614 11.1126
86.603 11.2686
82.4326 11.2233
80.7067 11.2321
75.8433 11.1675
79.8928 11.0687
79.433 11.0169
79.287 11.1882
81.5242 11.1689
83.2636 11.277
83.4515 11.1859
82.4579 11.1497
81.0245 11.2263
78.584 11.2482
81.3002 11.1614
74.7614 11.2983
75.3129 11.2991
74.0598 11.2725
75.9863 11.165
77.8711 11.2266
78.9961 11.3373
78.7256 11.0496
77.8919 10.9986
77.3656 11.3134
72.8043 11.4097
75.3693 11.0827
73.3126 11.2553
77.5729 11.2699
77.5437 11.2732
83.0561 11.2147
79.2515 11.1881
77.3714 11.2475
77.396 11.2046
77.7827 11.3268
78.2282 11.2161
78.1057 11.3371
78.8772 11.0725
77.3434 11.3099
77.7697 11.1941
77.8754 10.9951
79.0857 11.1975
76.1021 11.2289
76.9535 11.119
78.8756 11.1442
76.9677 11.1138
76.9677 11.224
79.7444 11.1471
75.5104 11.2201
81.179 11.0545
80.4362 11.0602
79.1415 11.36
80.2292 11.2821
77.749 11.2727
78.1971 11.0992
80.035 11.0638
81.4705 11.0496
86.0674 10.7707
87.4206 11.0746
93.8951 11.1231
94.6886 11.1031
90.2977 11.3248
87.1616 11.3273
82.2545 10.994
81.0538 11.2403
81.1161 11.2764
77.1955 11.2949
82.0291 11.0652
85.2999 11.2061
87.6472 11.1794
78.8853 10.9659
79.6074 11.1205
79.0638 11.1142
81.2085 11.3909
78.4213 11.2925
78.9435 11.3068
79.1767 11.3824
80.5618 11.2909
77.1013 11.2691
85.6762 11.1234
82.8623 11.3202
75.7656 11.2063
76.0749 11.153
76.9046 11.2346
79.4832 10.9045
77.5354 11.3075
78.8181 11.3584
81.5279 11.1259
79.8108 11.1777
75.1732 11.1561
77.7887 11.1765
80.1753 11.1332
81.9299 11.3686
86.0066 11.1216
89.75 11.2091
85.4483 11.2117
88.2489 11.2017
84.4245 11.3626
87.1696 11.356
88.281 11.2158
88.1109 11.2704
83.4774 11.2796
77.8441 11.0963
77.1132 11.0681
77.0359 11.0753
79.4143 10.9602
83.9492 11.2289
87.9629 11.2125
81.9699 11.3353
79.131 10.9462
81.7814 11.5513
80.0548 11.3312
84.9147 10.9466
83.103 11.422
80.1693 11.4735
83.8014 11.0543
83.566 11.3653
80.2409 11.1341
80.4651 11.2731
80.0353 11.3414
76.1844 11.1609
83.4003 11.1919
84.0294 11.0243
79.9368 11.3409
78.4963 11.2518
80.0316 11.0654
76.7433 11.0898
75.7817 11.0519
79.2261 11.1896
83.6844 11.2549
78.2297 11.0764
83.9124 11.2302
80.6836 11.1587
74.8125 11.1635
77.7511 11.2278
77.657 11.221
83.234 10.9738
81.5433 11.1212
83.5551 11.0481
91.1265 11.3606
98.5245 11.2489
101.569 10.9862
95.3696 11.3111
86.5724 11.3059
90.0591 11.3303
89.1787 11.3304
87.6192 11.1528
81.9516 11.3913
80.8218 11.2178
82.2083 11.224
82.8317 11.3426
83.395 11.0352
82.205 11.1687
87.8732 11.1786
89.3469 11.3595
88.7414 11.4041
93.7185 11.2628
82.9352 11.1757
86.4511 11.1048
94.1552 11.2902
91.3549 11.3159
86.5137 11.2177
90.1055 11.2672
84.1251 11.2447
86.1656 11.1749
85.951 11.0787
84.6818 11.0442
78.0052 11.1057
81.5973 10.8929
83.7067 11.3838
82.234 11.2572
84.602 11.1957
87.8498 11.1095
81.9114 11.3142
82.6436 11.0548
78.8933 11.0793
78.1452 11.2229
80.356 11.3088
78.7256 11.3276
80.6867 11.2389
77.7415 11.2308
79.6407 11.1402
80.0158 11.2793
79.7714 11.1869
80.6053 11.106
78.2821 11.3525
75.4148 11.1186
76.6999 11.3309
80.7904 11.2858
78.6721 11.2014
76.5042 11.3628
74.5698 11.1906
72.7727 11.1893
75.737 11.1238
74.9947 11.1868
77.7757 11.1101
80.9206 10.9955
84.1907 11.2386
79.9465 11.1726
81.7641 11.2467
80.28 11.282
78.3924 11.2119
79.7726 11.2403
81.6078 11.4606
81.0255 10.965
79.8212 11.0978
80.7337 11.3131
80.1386 11.2323
79.303 10.9752
76.3709 11.1731
75.5364 11.1348
82.0301 11.1641
77.845 11.5022
77.8038 11.2948
78.6911 11.1053
79.8681 11.1808
79.8856 11.0634
81.238 10.9315
81.3019 10.9693
83.738 10.9755
84.1163 11.0175
85.6027 11.0046
84.3832 11.0223
87.9476 11.146
88.4102 10.9127
88.4372 11.4836
88.4519 11.4869
85.4703 11.2563
92.105 10.9824
88.9076 11.19
83.1575 11.2703
84.87 11.1177
80.5189 11.0933
79.9033 11.2309
80.4923 11.2187
80.9838 11.3583
80.4558 11.2627
80.9229 11.1657
83.9542 11.184
83.096 11.0137
87.754 11.1052
86.0026 11.0145
78.6876 11.3139
77.5488 11.1984
77.7298 11.2493
80.7428 11.1029
81.1766 11.0405
79.4383 11.1542
75.8136 11.2684
77.4485 11.3666
77.621 11.3843
79.3075 11.268
78.1932 11.2687
82.9775 11.4095
80.5701 11.3227
79.6301 11.3023
82.3468 11.2973
83.5077 11.2361
82.1249 11.3343
80.8181 11.1515
73.0685 11.1111
74.4835 11.1002
76.4617 11.1827
77.8048 11.1882
80.5326 11.2293
82.1785 11.0529
81.7967 11.3689
79.848 11.286
79.848 11.1909
78.9107 11.1969
76.1738 11.4472
77.7171 11.4801
79.16 11.1607
79.6188 11.2857
79.8336 11.3711
79.7287 11.3336
79.6743 11.0405
78.7581 10.9704
78.1897 11.4296
78.0966 11.2118
80.4538 11.1074
80.8425 11.2224
77.7713 11.1577
78.867 11.1914
76.7302 11.184
76.5302 10.9822
78.0496 11.0489
75.6084 11.1965
77.596 11.0285
78.1414 11.2588
78.3715 11.3106
82.4738 11.2876
83.6021 11.1344
88.3844 11.147
89.5042 11.1125
83.9859 10.8627
78.2463 11.1818
84.4781 11.1189
83.2901 11.1652
83.2901 11.286
80.1684 11.1739
78.9243 10.9894
79.3265 11.128
80.6179 11.0552
80.2628 11.3819
79.9257 11.3576
78.4896 11.4423
80.7228 11.3362
81.5211 11.1519
84.7561 11.1677
84.8831 11.0987
78.3425 11.0624
76.6424 11.0626
72.5528 11.224
82.4472 11.2923
77.4947 11.1475
79.7275 11.3573
79.9568 11.1462
78.7581 11.1938
76.5902 11.0217
76.8309 11.2625
77.1172 11.152
83.0654 11.135
85.9833 11.2894
85.748 11.2708
83.3104 11.2578
85.0047 11.2031
83.1072 11.175
84.745 11.1143
87.2692 11.0113
86.0511 11.1869
85.5676 11.1081
82.0509 11.0471
81.0908 11.6582
80.3157 11.099
84.0602 10.8962
85.6566 11.065
83.8368 11.1253
82.8491 11.1078
84.2316 11.1442
75.3335 11.4676
75.9388 11.2612
77.8184 11.4556
73.1297 11.1114
74.8231 11.2002
81.378 11.2304
77.9574 11.2586
77.632 11.0492
81.4229 11.0623
82.9151 11.3108
82.798 11.1494
85.6056 11.293
85.6056 11.2569
82.293 11.0139
79.2367 11.1766
78.4091 11.3439
81.4836 10.9994
80.5137 11.194
80.7294 11.1582
78.9929 11.1538
80.7592 11.3004
82.1819 11.2747
82.2621 11.2637
83.6833 11.0405
77.471 11.3359
75.6365 10.9581
76.6702 11.0503
78.8508 11.0085
78.1328 11.2011
79.6034 11.3633
78.2503 11.175
84.1704 11.0103
87.6255 11.2233
85.5613 11.0968
85.125 11.1099
90.8502 11.2838
89.2845 11.2617
87.1231 11.2038
82.546 11.1814
77.0964 11.0055
78.7566 11.2017
79.458 11.1583
75.8674 11.4331
76.5297 11.221
79.4832 11.2844
76.8475 11.4233
77.0646 11.1425
78.2399 11.1763
81.9232 11.1784
80.8244 11.0074
80.2433 11.0304
78.8993 11.1762
82.4565 11.2349
79.186 11.2379
77.9779 11.1214
78.1149 11.1364
72.9422 10.9324
79.7699 11.2968
76.6596 11.089
80.043 11.2166
86.5147 11.4655
81.6466 11.3672
79.5804 11.2188
82.4654 11.1259
83.1245 11.2358
83.2427 11.0862
85.7562 11.2162
80.3055 11.3989
83.3007 11.3688
81.2602 11.2382
82.7685 11.3353
79.7532 11.3814
80.4944 11.1445
74.4472 11.1623
78.1754 11.2232
78.9601 11.1175
78.9026 11.2372
81.7321 11.096
76.617 11.1833
76.3831 11.2776
79.7748 10.9044
79.7272 11.2074
79.4892 11.349
79.2625 11.2827
79.9474 11.2448
79.2611 11.4067
81.4708 11.4078
73.2534 11.2843
77.1007 11.341
77.0433 11.4421
77.3324 11.4012
77.3483 10.9751
77.3819 11.0533
76.7919 11.0896
86.1605 11.0841
79.8298 11.0972
77.4174 11.0893
74.5315 11.2096
74.2585 11.1512
76.1284 11.228
81.2687 11.3143
77.8684 11.3901
80.5153 11.2642
80.7575 11.2689
79.007 11.2728
80.7233 11.1665
79.3921 11.1689
87.9843 11.142
86.3204 11.3564
78.9607 11.2277
80.3706 11.0599
79.4079 11.2485
79.6383 11.2172
81.4501 11.143
86.1689 11.185
82.4897 11.3731
78.8363 11.1287
78.2819 11.1071
77.7285 11.2828
76.3158 11.1186
82.0939 11.2572
76.1431 11.1626
75.7324 11.0912
79.0094 11.2276
77.8963 11.1395
80.5094 11.373
74.2627 11.2162
74.8158 11.2465
77.1816 11.3214
77.1939 11.0886
74.4299 11.3521
80.681 11.3445
80.2631 11.2718
81.9924 10.9746
85.6832 11.0106
83.9456 11.1116
84.3688 11.3664
82.1301 11.4994
73.7167 11.3688
78.5675 11.3968
79.0993 10.93
78.9635 11.0748
79.2598 11.2538
82.1289 11.2432
76.5434 11.0456
82.8013 11.3361
84.1894 11.3309
81.2834 11.1335
86.8204 11.3379
83.6937 11.0863
82.9884 11.3083
84.5642 11.1047
81.994 11.1679
83.1707 11.0381
80.6355 11.1484
81.5745 11.1216
84.306 11.2512
83.6252 11.1999
79.3606 11.0477
80.1954 11.1908
78.2538 11.1425
80.0318 11.2315
74.4684 11.2132
77.7504 11.2214
79.5013 11.1661
87.046 11.2313
78.7681 11.4123
80.6402 11.3916
78.5794 11.2357
78.8705 11.2992
83.897 11.189
84.4561 11.1427
86.6369 11.3727
87.0046 11.1403
87.5728 11.1976
82.3031 11.2437
82.3627 11.2009
84.02 11.3066
93.2245 11.3119
99.0344 11.4023
101.51 11.3538
99.2344 11.2939
97.1382 11.2004
102.429 11.244
89.8188 10.8821
84.4474 10.9818
81.1771 11.4255
78.0372 11.1481
83.8257 11.3817
82.7594 11.1196
83.7975 11.2548
75.5729 11.4296
77.0191 11.0002
75.6528 11.1713
81.13 11.3138
79.6707 11.3403
79.3447 11.3329
85.9029 10.9968
84.5625 11.0907
83.4237 11.081
86.1249 11.1521
87.7298 11.1287
87.9687 11.0689
84.9043 11.2766
84.7558 11.0753
81.7545 11.156
81.2009 11.2183
76.744 11.4777
82.8034 11.3919
80.6967 11.2609
80.5349 11.2548
84.2681 11.2625
84.2363 11.0674
83.4479 11.2366
80.7794 11.4117
82.9449 11.1726
84.5926 11.0918
84.1952 10.9888
85.4053 11.0451
88.0054 11.2022
94.1689 11.4076
91.5676 11.1498
87.122 11.4025
84.2059 11.1591
81.0161 11.1589
79.492 11.2117
76.4662 11.237
75.5746 11.1848
79.9312 11.1132
80.07 11.1292
78.379 11.2252
79.9486 11.2351
86.4697 11.1216
92.5096 11.283
84.736 10.9826
90.5708 11.2442
83.0936 11.0618
83.519 11.3683
89.7012 11.4308
84.6391 11.3361
91.1494 11.1009
98.9669 11.3678
86.9695 11.0793
87.5173 11.4505
84.2876 11.1898
86.2617 11.293
80.1721 11.3478
83.2106 11.1168
82.556 11.0423
86.4036 11.1489
87.898 11.1811
83.442 11.0328
86.2772 11.3018
89.5154 11.0364
89.0584 11.1153
85.2057 11.3018
89.5764 11.4329
86.1363 11.0996
86.7547 11.1491
86.7547 11.0995
98.8108 11.0954
105.871 11.0851
101.002 11.0887
93.7622 11.0612
90.2256 11.0693
89.1738 11.0889
88.6897 10.9671
82.3815 11.1917
88.1392 11.2323
93.8002 11.2021
77.8589 11.2769
81.624 11.2313
82.5168 11.0649
75.418 11.1081
77.0215 11.2215
79.9474 11.2091
75.3658 11.1805
74.8017 11.2245
75.7612 11.0473
82.2137 11.0058
84.1514 11.3287
81.7131 11.3146
77.6033 11.2995
77.4022 11.2714
82.6474 11.1721
81.0748 11.1352
87.4559 11.2421
87.2334 11.1957
87.3912 11.3118
89.8424 11.0865
89.625 11.1946
89.3715 11.3358
83.6652 11.4598
91.1838 11.1527
82.5771 11.1813
82.5744 11.3469
80.7941 11.229
84.0768 11.2553
80.161 11.1853
81.4867 11.0034
84.0388 11.1279
80.1002 11.268
78.5007 11.3588
78.1379 11.276
75.851 11.1827
79.789 11.2987
80.8457 11.1518
83.3524 11.0807
84.7069 11.2038
81.8835 11.0681
80.3265 11.4252
83.0854 11.2948
80.3791 11.1203
85.3711 11.116
80.0298 10.9061
80.9604 11.0908
81.6558 11.1971
82.11 11.4632
79.1168 11.3265
79.9061 11.3078
79.2732 11.3858
79.7068 11.3389
76.0099 11.3768
76.6302 11.2416
76.0176 11.1539
75.164 11.0576
78.5122 10.8913
81.4695 11.2106
84.4111 11.2837
81.2828 11.3434
83.1191 11.276
86.6287 10.8263
87.5727 11.3017
85.645 11.2027
83.5436 11.2962
82.1019 11.2108
82.5576 11.3666
86.6939 10.8863
83.7046 11.0182
85.6369 10.8818
83.7829 11.1118
81.3459 11.2792
81.1243 11.1436
82.281 11.1353
78.9937 11.0763
79.0848 11.2538
82.8866 11.307
84.097 11.2275
82.1758 11.1221
76.2228 11.1942
79.9716 11.0887
78.505 11.0824
79.0778 11.2096
81.0806 11.3749
80.2187 11.1627
80.5039 11.086
79.3397 11.1553
80.8208 11.0901
81.0277 11.0963
82.2574 11.0927
82.8732 11.2045
83.5567 11.0887
84.5768 11.0318
85.5658 11.2866
80.3971 11.0796
82.4487 11.0001
81.8627 11.1898
77.3451 11.1515
76.8925 11.1576
78.6722 11.2459
78.0457 11.1345
78.1714 11.0736
79.9524 11.3218
78.7131 11.2694
78.2515 11.085
78.6422 11.0853
77.2727 11.0688
82.64 11.2076
80.9248 10.8561
81.4795 11.267
76.0071 11.1563
79.8064 11.2134
76.2066 11.0979
87.4051 11.5694
83.0872 11.0547
81.369 11.1934
76.0853 11.2551
82.6564 11.5247
82.6564 11.3392
79.9282 11.1515
74.1879 11.2313
79.5338 11.2976
81.5781 11.0629
79.0026 11.1844
85.4749 11.146
88.6728 11.3885
90.9975 11.1988
94.4111 11.2033
94.4111 11.1101
90.1463 11.0683
86.168 11.1877
87.0192 11.2607
84.5856 11.3574
85.1371 11.1934
89.6799 11.0718
88.7303 11.156
88.9674 11.3363
93.2556 11.116
91.9468 11.0882
94.2355 11.314
89.2924 11.3049
89.2924 11.265
85.2762 11.5835
87.193 11.3179
86.1491 11.3252
84.8898 11.339
88.0395 11.3566
88.9763 11.1485
88.9763 11.1155
89.1409 11.1227
86.2587 11.3462
86.2587 11.3006
83.6675 11.3006
83.9248 11.241
81.3802 10.9233
79.8519 10.9592
76.585 10.9683
80.0265 11.2253
78.7322 11.2253
76.7123 11.0297
76.7841 11.0237
76.2079 11.1597
75.0254 11.204
75.573 11.4385
78.3404 11.1283
78.2892 11.291
79.203 11.2229
76.3427 11.1663
77.9062 11.2278
77.9062 11.2869
76.0962 11.3776
76.0962 11.3086
78.4246 11.3386
78.8064 11.108
77.8786 11.085
74.5279 11.1053
69.8766 11.1682
70.9368 11.1738
69.7598 11.3485
74.3891 10.9523
74.3891 10.9545
73.7815 11.3495
72.4501 11.3993
71.8458 11.0957
74.1845 11.4219
73.866 11.0243
75.3255 11.3709
72.1535 11.0779
74.7575 11.2376
74.9962 11.1296
76.8198 11.141
73.2752 11.3088
72.5337 11.1966
72.9298 11.0637
73.4689 11.0657
73.629 11.011
74.4889 11.1438
74.5794 11.1754
72.769 11.3318
74.4621 11.0991
76.6704 11.1555
73.2974 11.2712
77.108 11.2858
75.288 11.0154
78.395 11.1602
78.9583 11.3079
78.7345 11.2647
78.4579 11.2313
80.3324 11.2753
83.439 11.1562
83.0074 11.0778
80.6174 11.2513
79.1864 11.2304
78.7451 11.3461
76.3459 11.3296
78.5123 11.2914
78.353 11.1029
77.2575 11.2442
76.5555 11.2243
79.3437 11.0661
80.3652 11.09
78.4955 10.9868
75.8824 11.3649
78.8215 11.276
76.8453 11.1247
76.8453 11.1611
73.9908 11.2974
73.9608 11.3809
75.0645 11.1152
76.0363 11.0707
75.3678 11.3653
76.4233 11.1191
76.3387 11.2546
76.9382 11.1109
79.4693 10.9629
77.6183 11.1139
75.8392 11.2364
76.8316 11.2615
73.0644 11.1395
71.9719 11.1321
73.8996 11.0575
75.4963 11.0959
76.2219 11.1039
74.9961 11.0884
75.0183 11.1123
74.1514 11.1621
75.4234 11.2675
73.7475 11.1323
76.3084 11.1343
76.3274 11.2787
79.8455 11.283
78.5874 11.4099
79.872 11.322
78.6926 11.2339
83.3072 11.1713
82.9977 11.0704
81.1424 11.1918
83.1727 11.1498
81.0368 11.1514
81.1787 11.2917
82.2039 11.0655
80.1766 11.2247
78.9615 11.4162
79.2468 11.0095
77.3442 11.1746
79.7326 11.1075
77.5832 10.9513
78.9575 11.2433
78.577 11.2746
79.2805 11.3737
79.3103 11.3163
81.3638 11.4481
81.695 11.1631
80.7187 11.2387
75.8315 11.3828
76.7451 10.9763
76.624 11.1336
77.7881 11.1145
77.8755 11.2603
74.8612 11.1849
80.2528 11.2408
83.5479 11.092
80.7094 11.0218
79.6106 11.111
80.0472 11.1237
81.2787 10.9827
78.2925 11.2678
79.0609 11.2702
82.394 11.2976
81.5494 11.3446
80.0212 11.1275
83.2122 11.2215
83.3442 11.2081
81.6054 11.1916
75.6537 11.2598
76.2301 11.1908
78.487 11.1537
81.3865 11.2344
77.9107 11.1501
82.1359 11.1168
86.0189 11.1333
86.3898 11.031
91.9578 11.3719
84.2069 11.1429
84.302 11.1783
79.2509 11.4044
79.7861 11.1644
80.6449 11.171
82.0056 11.2309
77.3721 11.3092
81.9363 11.142
85.8433 10.9182
81.5804 11.1598
85.6044 11.07
79.9791 11.1281
82.8257 11.2049
82.5338 11.1956
88.6547 11.33
91.7052 11.2532
90.7241 11.0976
84.1546 11.3936
85.8718 11.2637
86.485 11.1546
87.9154 11.2212
85.2517 11.3516
84.0777 10.9846
83.1759 11.1838
78.6248 11.1683
74.271 11.0988
75.4004 11.371
80.7778 11.1617
81.0926 11.1763
77.5676 11.0371
81.5105 11.2023
81.3283 11.3172
80.2879 11.3504
78.3396 11.2146
79.0542 11.052
81.2641 11.2968
81.9632 11.2846
79.5175 11.133
81.9589 11.2997
77.0512 11.2501
83.6469 11.3174
86.9341 11.1923
89.4783 11.0591
90.8302 10.9528
96.2654 11.3371
91.549 11.1887
93.2761 11.1097
83.7175 11.1677
83.8545 11.2418
83.6785 11.0834
82.2132 11.0953
83.9033 11.3486
80.054 11.2113
80.9938 11.2577
84.6642 11.2213
86.9351 11.2287
78.8869 11.0436
77.6083 11.0747
85.6243 11.1683
81.9822 10.9709
82.7563 11.0713
84.7925 11.0339
85.2186 11.1917
80.2112 11.2044
80.0303 11.0014
81.3121 11.2543
81.2433 11.138
81.6337 11.3521
84.6021 11.578
78.6526 11.3238
80.7367 11.3604
80.7981 11.1858
82.973 11.03
78.0902 10.9687
80.375 11.0745
78.1665 11.2817
79.8677 11.4933
81.8142 11.18
83.1452 11.1036
82.1505 11.2082
80.8372 11.2493
82.1805 11.0859
77.9539 11.3208
79.3086 11.1523
83.0878 10.9356
90.9743 11.1884
83.415 11.2534
79.7105 11.2906
81.5781 11.2003
80.3118 11.0857
80.0502 11.1975
79.6181 11.2277
78.5176 11.0531
78.7845 11.2284
79.7839 11.0143
88.3132 11.3422
90.699 11.119
94.178 11.0109
88.6222 11.066
83.9468 11.1672
82.0614 11.0186
84.2569 11.2359
78.4408 11.0318
82.7179 11.2346
79.7962 11.1942
81.152 11.235
77.5183 11.3029
79.1522 11.1957
77.7481 11.101
79.3615 11.064
75.0227 11.3158
74.6893 11.2928
76.0566 11.3896
77.4649 11.3332
80.8415 11.3454
81.7661 11.3595
76.7275 10.9182
76.7466 11.1339
75.1972 11.0449
74.1766 11.0704
74.6412 11.4094
74.8778 11.2966
77.4621 11.3775
75.947 11.2915
76.7845 11.1699
76.8821 11.0398
76.8247 11.3687
73.6476 11.1187
73.7885 11.0822
73.6982 11.2094
73.0213 11.3365
71.902 11.2237
73.6687 11.3624
72.9333 11.0614
73.602 11.1629
74.6135 11.1512
75.6105 11.1576
77.4099 11.1164
79.6318 11.2545
79.2462 11.1517
79.101 11.1275
78.0746 11.4039
80.0938 11.2213
81.6508 11.0881
81.012 11.1904
82.7556 11.271
75.0344 11.0461
80.3306 11.0658
81.8256 11.1216
78.6615 11.0612
80.4987 11.4445
78.6589 11.5232
78.7676 11.2558
79.9703 11.1783
79.8545 11.1303
78.0058 11.2767
77.0779 11.236
76.637 11.1536
76.5591 11.3089
77.813 11.3493
80.3391 11.2938
78.6504 11.276
77.9269 11.3433
80.0018 11.51
75.6644 11.5122
74.3577 11.4988
75.0015 11.4881
75.1877 11.2019
75.567 11.1281
75.9529 11.3053
75.5692 11.2879
75.633 11.2517
77.4193 11.3366
74.2752 11.3329
75.1341 11.3391
77.9327 11.4519
76.9585 11.2417
76.6024 11.3333
76.9415 11.1421
76.343 11.1787
75.9793 11.1787
75.6865 11.194
76.109 11.309
76.2027 11.0632
75.8812 11.0517
78.2064 11.0306
75.7644 11.241
76.764 11.1565
77.0382 11.1464
73.6625 11.1775
74.6005 11.291
75.7917 11.1899
73.8714 11.5003
76.784 11.1272
77.0241 11.1812
77.7482 11.0953
71.2488 11.0827
71.2488 11.0971
73.4564 11.1348
75.1861 10.9861
77.8627 11.2456
76.1582 11.2547
76.1582 11.3835
77.9348 11.1265
77.9934 11.0626
79.7323 11.0274
79.5554 11.1902
79.2633 11.184
79.2527 11.3642
75.7277 11.3579
75.9403 11.3531
77.3038 10.8814
76.7035 10.9219
74.576 11.1949
76.9685 11.306
75.0894 11.1352
75.9961 11.3088
75.9961 11.2507
72.3158 11.2061
75.8465 11.386
75.9853 11.3508
73.9031 11.3214
70.4775 11.3685
70.4775 11.4999
71.2154 11.1705
71.3664 11.1011
71.3664 11.2532
72.1839 11.4392
71.7298 11.3678
73.5623 11.4164
71.8034 11.299
71.5942 11.2956
70.474 11.1947
75.8154 11.4334
72.9638 11.3409
72.1257 11.342
79.2497 11.2521
79.4957 11.1434
78.219 11.1143
79.6047 10.9529
77.1085 11.2485
80.9557 11.1552
80.3307 11.1575
78.9843 11.1793
78.5483 11.1464
75.4571 11.0748
73.3548 11.1464
77.0909 11.3002
73.7065 11.0645
75.0259 11.074
73.0447 11.0864
73.2215 11.1777
75.3287 11.4844
77.1512 10.9784
79.6221 11.1233
79.413 11.2589
81.9081 11.3
76.8473 11.1305
82.2847 11.3315
82.4958 11.1954
84.1719 11.3163
79.3979 11.2613
76.8425 11.149
82.5876 11.2468
80.1332 11.1815
83.4859 11.3418
82.9637 11.0705
80.3395 11.011
77.7606 11.0067
75.9392 11.379
77.1324 11.3126
71.5658 11.3279
75.3617 11.1774
78.7306 11.1644
79.3274 11.2804
79.8536 11.0006
77.4159 11.4578
81.4077 11.1738
80.6621 11.3135
81.6518 11.196
81.5026 11.1573
81.76 11.2355
84.0181 11.0551
82.8344 10.982
82.1991 11.2707
82.2347 11.4632
82.3427 11.3077
85.12 11.263
89.1814 11.2208
87.3849 11.1431
89.0235 11.0931
88.754 11.1971
99.4824 10.96
103.38 11.172
100.026 10.9467
99.6773 11.2955
86.8699 11.3783
84.4763 11.3581
87.5741 11.2781
84.3624 11.2426
80.9546 11.1015
78.365 11.1311
80.1496 11.1857
86.0299 11.2996
83.2001 11.2287
78.0583 11.3587
81.5277 11.061
81.7156 11.1309
82.7461 11.1972
82.0769 11.1477
85.493 11.147
81.2249 11.3406
83.0114 11.0659
84.0397 11.2422
80.688 11.2823
84.7442 11.0796
83.7356 11.0343
83.6908 11.1338
80.403 11.1401
78.8531 11.173
81.3242 11.2095
84.5164 11.1488
83.2647 11.1946
89.7848 11.1078
92.0154 11.0083
94.4097 11.1555
93.8065 10.9746
92.1803 11.3348
92.1803 11.2026
94.3676 11.221
82.6034 10.9666
82.1184 11.4511
78.5439 11.2144
79.376 11.2845
77.7502 11.3192
85.4424 11.1952
86.5186 10.9585
79.7692 11.0207
83.817 11.0549
79.9446 11.4623
80.3639 11.3189
84.9681 10.9308
78.8545 11.0044
78.1232 11.0275
83.0674 11.1791
82.805 11.2263
84.1916 11.2993
74.3172 11.2724
78.2697 11.1487
78.882 11.1544
77.7968 11.3969
77.8565 11.1587
80.5927 11.2131
77.2967 11.3458
79.424 11.4633
75.6022 11.2484
74.9925 11.1726
80.9376 11.2232
81.9817 11.1263
83.3453 10.9986
80.2134 11.0645
79.6159 11.1674
82.8791 11.1965
82.3942 11.0041
94.2218 11.2236
90.908 11.1988
93.0457 11.2035
88.2365 11.0444
88.6526 11.1386
91.0133 10.9801
90.1488 10.954
81.6253 11.0955
84.3716 11.2231
84.4876 11.4534
87.6929 11.2621
87.5657 11.3003
88.7835 11.2226
88.2395 11.1658
84.2956 11.0588
81.442 11.1347
80.692 11.12
78.6444 11.311
80.9342 11.2507
79.3274 11.0047
77.0572 11.0805
79.5568 11.142
83.6189 11.0409
83.6189 11.215
82.7767 11.3444
88.4625 11.383
87.5085 11.0454
94.3286 11.0892
95.8854 11.1062
95.5022 11.1746
91.2248 11.1865
92.096 11.1727
90.3103 11.1229
86.5593 11.0733
85.2121 11.1292
87.2229 11.2822
79.9166 11.2559
84.0772 11.2281
84.4081 11.0103
83.0231 11.0565
84.1658 11.2073
84.0253 11.1036
80.6229 11.2527
81.5817 11.3668
80.9722 11.1952
80.504 11.3452
81.776 11.0353
77.6738 11.117
75.1442 11.3965
79.871 11.132
79.1274 11.0588
76.9451 11.308
77.6831 11.1201
77.5486 11.0955
76.0503 11.0993
78.6511 11.1581
79.8517 11.0757
83.771 11.1786
81.4151 11.5222
83.0076 11.1134
79.9108 11.249
80.324 11.0947
78.8347 11.0613
77.751 10.8899
78.4519 10.9402
79.8016 11.2876
78.7506 11.277
75.1755 11.2968
74.3882 11.2324
77.3777 11.1146
83.3299 11.1805
78.615 11.2136
76.1182 11.1585
77.7796 11.045
74.9159 11.2775
78.3563 11.1499
78.4347 11.1554
80.3619 11.2222
80.0325 11.1154
75.4521 11.2018
75.9955 11.142
75.0958 11.3065
76.119 11.3439
80.747 11.1863
79.2643 11.1821
77.3796 11.1564
75.1679 10.8774
77.5257 11.3097
79.0093 10.9419
77.5058 10.9977
79.3472 11.1414
83.7336 11.1287
83.1087 10.8705
75.6353 11.3066
77.3243 11.1793
81.0694 11.2331
80.629 11.046
84.6403 11.1398
84.3483 11.3185
82.8488 11.1351
85.8897 11.6113
84.2976 11.302
78.6383 11.2525
81.0645 11.2001
80.5186 11.168
84.3267 11.2481
79.7262 11.4121
79.7926 11.4462
77.9945 11.3652
76.5591 11.1858
83.0456 11.1588
83.665 11.362
84.8308 11.3473
83.8644 11.2424
84.7804 11.0541
88.1187 11.1386
84.5308 11.2035
86.0853 10.8659
81.0398 11.2527
75.7035 11.2258
76.6679 11.0834
78.1514 11.2151
80.8373 11.0984
76.8126 11.1079
76.585 11.1629
74.3407 11.1935
75.5434 11.2725
78.6263 11.3376
75.2435 11.3427
74.4557 11.1982
74.5381 11.2473
78.0801 10.8635
77.9111 11.1112
77.1138 11.47
81.5595 11.1233
80.9641 11.2235
79.9475 11.2696
77.6592 11.271
82.7479 11.2114
82.6618 11.1359
81.8786 11.084
78.5255 11.0548
74.9696 11.1976
78.5073 11.1015
78.4471 11.1682
80.2719 11.1071
83.7756 11.1019
84.9494 11.0665
82.0873 11.0651
85.0285 11.0125
85.9552 11.0856
81.9591 11.2226
75.9264 11.1868
79.8035 10.9996
77.637 11.4052
82.5584 11.4322
79.2048 11.1917
82.2374 11.2761
82.0456 11.4265
82.3345 11.1382
74.5714 11.3193
74.5084 11.0933
77.9724 11.0694
81.7492 11.2198
80.2364 11.1126
78.6021 11.0822
76.5989 11.2098
73.6016 11.2632
80.0978 11.157
77.9206 11.1881
82.0731 11.1371
79.183 11.0343
83.7783 11.1904
86.4328 11.0851
81.5746 11.1073
79.7025 11.3389
77.6152 11.1578
75.9159 11.1316
77.7207 11.2074
80.0839 11.171
79.8293 11.1845
79.3766 11.2484
80.427 11.2262
83.9713 11.4203
83.9843 11.212
91.2578 11.2867
93.7555 11.0308
89.2598 11.0211
88.0805 11.3056
89.4158 11.1868
84.5743 11.255
87.3515 11.2919
83.8923 11.2798
82.2239 11.1103
77.8107 11.1043
81.6182 11.1929
76.5327 11.2487
76.5757 11.243
75.3574 11.2537
72.0596 11.2125
74.6143 11.2186
75.2404 11.1679
79.2655 11.0112
77.815 11.0519
81.7764 11.294
82.3548 11.0394
84.7562 11.1939
84.2625 11.3723
82.2862 11.0686
82.8653 11.3057
83.9968 11.0385
80.0852 11.1381
79.3127 11.4143
76.6532 11.3935
75.6078 11.3817
83.3167 11.27
84.2254 11.1714
86.0055 11.0818
83.4996 10.976
85.0747 11.0275
88.6484 11.13
86.345 11.2319
85.9453 11.3736
84.5793 11.2841
91.5397 10.9086
93.5025 11.173
92.6986 11.1533
95.3335 11.3367
83.2576 11.1266
88.3906 11.3433
84.9685 11.0566
86.7924 11.2129
84.6352 11.2964
86.3051 11.2005
79.3945 11.2308
82.2673 11.3843
74.4354 11.0966
80.529 11.1598
79.2826 11.2047
79.2706 11.3714
78.5834 11.3797
75.4097 11.2547
77.3975 11.3762
82.1068 11.308
85.4965 11.2433
80.6586 11.0114
82.6396 10.9611
86.4263 11.0942
85.7511 11.3934
88.7663 11.21
86.5685 11.1853
85.3632 11.1733
83.436 11.4497
83.1291 11.268
81.9821 11.1073
80.2798 11.2464
77.0034 11.0818
82.329 11.0906
80.9521 10.9738
83.3609 11.3562
80.6305 11.4749
81.1853 11.2326
79.2854 11.3257
73.813 11.0409
78.2743 11.2574
79.1247 11.2358
84.3972 11.0915
90.5106 11.0782
87.3421 11.1394
85.6664 11.1283
81.6217 11.1387
79.4117 11.1042
86.4583 11.1672
79.2133 11.4179
80.33 11.1869
84.3182 11.1939
83.3236 11.1969
80.7615 11.3267
81.3715 11.0591
81.764 11.2114
82.076 11.0765
86.1405 11.1958
86.8501 11.3393
79.2385 11.2554
84.7484 11.3497
80.6527 11.2719
86.815 11.2185
82.8727 11.2347
86.3105 11.3341
85.9381 11.3419
86.893 11.0943
90.1346 11.1109
82.2143 11.3256
84.7438 11.1295
85.9907 11.1827
85.9907 11.0618
83.619 11.3655
83.0732 11.2537
76.6884 11.14
77.0571 11.1322
85.8336 11.3046
89.6122 11.2624
89.6609 11.3029
86.6726 11.2998
82.4763 11.3727
77.1875 11.3478
79.1532 11.3114
80.5689 11.2657
78.6052 11.0338
85.0566 11.1954
81.7627 11.181
77.9629 11.3525
79.7488 11.2896
79.9853 11.0899
78.149 11.1407
80.7364 11.0851
84.7757 11.1026
86.1206 11.1449
84.6009 11.3615
81.7691 10.9907
82.9631 11.3118
81.8323 11.2967
78.1809 11.3465
80.3025 11.0836
82.6172 11.2289
83.2772 11.2054
79.8077 11.2323
83.0938 11.3533
79.706 11.3952
81.6223 11.168
77.477 11.3123
78.1609 11.0365
84.1962 11.335
83.9117 11.1339
80.8885 11.1879
79.8973 10.9931
84.0265 11.0161
89.5487 11.0844
80.9942 11.2865
79.4403 11.0807
82.4645 11.4098
80.31 11.1994
79.1145 11.3856
79.9526 11.0689
80.9547 11.3049
88.2451 11.3945
86.7237 11.2238
87.9275 11.2237
90.3256 11.1703
77.8512 11.257
76.9976 11.1801
76.3688 11.3622
82.6253 11.2233
81.3929 11.2343
79.9684 11.2489
81.368 11.1887
79.5403 11.2952
79.094 11.4784
74.9454 11.3433
79.1001 11.2566
78.2396 11.3467
74.1745 11.206
73.9792 11.1898
74.321 11.0166
75.6195 11.1235
88.5671 11.2292
92.5897 11.2063
94.2327 11.2695
92.4021 11.0988
89.0405 11.1249
84.1595 11.3112
83.0211 10.9694
80.6645 11.2331
79.1966 11.2201
84.8873 11.2748
82.2278 11.1441
82.8057 11.2934
89.429 11.0217
93.6122 11.1924
93.3119 11.1144
80.7406 11.3461
91.5008 11.1167
90.8566 11.0201
89.0549 11.1102
89.4759 10.9987
94.505 11.0975
85.8038 11.2962
80.7411 11.3017
83.6072 11.2897
84.0086 11.1076
81.0874 11.0895
85.3837 11.2371
85.5549 11.4068
85.9494 10.9751
79.2763 11.0788
78.9958 11.0077
78.6014 11.3072
79.6524 11.2746
79.0918 11.022
81.1726 11.1049
84.2294 11.2816
81.4187 11.1252
80.7712 11.3319
80.2452 11.2957
80.3045 11.1883
81.0547 11.2024
81.1424 11.4099
80.5968 11.3327
80.6321 11.2481
82.6421 11.35
84.6329 11.1727
84.482 11.1632
80.4678 11.3102
80.6867 11.0951
78.7698 11.0528
79.4442 11.3871
83.8836 10.908
84.0379 11.4092
80.2573 10.884
82.0538 10.9681
81.1912 11.0413
79.7631 11.3963
77.0068 11.2811
79.1966 11.0075
82.5596 11.0287
80.9058 10.9409
77.4844 11.1493
79.6683 11.1411
78.3183 11.4288
80.8481 11.1867
77.2015 11.0626
76.3258 11.4426
80.9989 11.0507
86.1814 11.2321
79.9707 11.1998
81.1931 11.0017
80.3932 11.1811
78.6753 11.4028
80.7023 11.02
74.2303 11.0268
75.3894 11.045
77.0707 11.1897
81.3353 11.3878
79.0115 10.951
83.1197 11.0178
79.8965 11.0282
81.7514 11.1721
82.9706 11.2957
78.6431 11.2837
77.9426 11.1218
74.5575 11.117
79.4043 11.1667
81.8052 11.2595
80.5 11.4398
79.7163 11.3446
78.955 11.2095
78.529 11.3464
77.8952 11.5736
80.8151 11.2872
85.5675 11.2763
84.0059 11.3052
79.0275 11.2607
79.595 11.1688
82.4092 11.2112
82.7949 11.1008
81.6383 11.3999
78.7229 11.1476
81.1693 11.1212
79.3784 11.3492
81.6949 11.1027
82.562 11.1759
82.7884 11.2473
84.3102 11.2238
84.0458 11.2065
82.034 11.3528
81.9783 11.4247
85.508 11.3429
78.7927 11.2928
80.4473 11.4307
77.7822 11.0748
74.8995 11.3809
75.3286 11.4305
74.1059 11.6234
77.305 11.0773
75.8965 11.218
78.863 11.3648
74.2995 11.2821
78.6713 11.2596
84.6448 11.0687
84.2219 11.022
82.1276 11.05
81.2529 11.0901
79.6895 11.1061
77.9548 11.4148
78.1133 11.0371
79.7334 11.2281
80.6781 11.2118
78.8935 11.1584
80.3004 11.0443
81.1514 11.22
77.9636 11.3283
80.6709 11.1527
74.6641 11.1867
74.8513 10.9971
75.8488 11.2659
80.4028 11.376
79.8518 11.2969
81.3699 11.2819
77.6445 11.2546
79.6068 11.2207
81.5767 11.2163
82.7221 11.2221
83.9401 11.0037
83.2076 11.0409
80.1104 10.9081
81.0253 11.2442
83.1276 11.1358
76.6619 11.3044
77.5328 11.3464
76.0241 11.2332
76.8301 11.133
78.7159 10.9608
76.731 11.3337
77.9348 11.4466
76.3481 11.3829
78.7464 11.358
77.7683 11.2577
80.2195 10.7895
80.886 11.203
83.4376 11.385
80.3476 11.3231
79.6091 10.8375
83.1024 11.2895
82.3787 11.1106
82.8348 11.217
85.6579 11.02
82.8526 11.0864
85.1871 11.0848
82.0673 11.0189
81.6141 11.1981
80.6173 11.1674
78.0956 11.287
77.7787 11.2935
76.6695 11.2992
74.8555 11.2151
80.1582 11.1892
82.7383 11.2309
85.7214 11.2883
80.8318 10.9942
81.425 11.2814
84.3243 11.3403
79.5659 11.0502
84.8436 10.9626
82.5298 11.2341
82.5298 11.1089
80.2347 11.0361
77.6255 11.2051
77.4186 11.1632
78.395 11.3893
79.3854 10.9294
79.3854 11.1358
76.9951 11.3206
76.9951 11.1921
76.9951 10.9585
76.9951 11.2478
74.9396 11.3153
77.9064 11.1312
77.9064 11.0389
81.3626 11.1523
77.734 11.2566
80.4909 11.286
81.8344 11.4153
80.0577 11.0474
75.7374 11.299
78.3346 11.2763
79.2221 11.1156
74.4536 11.198
75.7949 11.1085
79.4523 11.1824
81.6714 10.9345
75.5034 11.3047
76.5371 11.3388
79.0499 11.4859
78.8288 11.0996
82.9469 11.1944
83.4505 11.322
85.9615 11.0754
88.5245 11.177
89.5395 11.0085
88.2186 10.9441
89.6196 11.2506
87.1276 11.0687
77.7214 11.2436
78.0557 11.3026
76.427 11.2741
75.649 10.9519
74.7568 11.0279
80.2031 11.1482
80.0156 11.2115
80.2991 11.2408
82.2966 11.2596
83.0436 11.2103
80.1171 11.1952
78.0855 11.5061
77.6025 11.3237
94.9519 11.0085
90.3554 11.1839
92.1878 11.0351
90.9355 11.2638
90.9355 11.2719
85.5683 11.1925
90.6301 11.1381
87.2389 11.3188
88.8128 11.2228
86.0849 11.3973
84.999 11.1114
84.2855 11.1114
84.3682 10.9928
85.4155 11.0712
81.4689 11.2341
82.9753 11.1189
81.1754 11.0644
83.3125 11.2294
78.7942 11.2094
81.3183 11.0943
87.502 11.2572
83.8124 11.0993
82.5598 11.1332
87.7227 11.3302
82.3323 11.1153
80.7967 11.1844
79.9644 11.184
79.2937 11.2059
83.0717 11.1726
79.4925 11.2701
81.995 11.1028
74.9982 11.1455
78.0663 11.4678
81.7015 11.2025
85.4671 11.0383
80.2171 11.2663
78.3314 11.2998
80.4536 11.3135
80.1248 11.2175
80.7827 11.1695
81.0771 11.4375
79.7243 11.1029
80.2268 11.3255
81.854 11.4079
82.5641 11.2723
80.2879 11.2079
77.4964 11.1692
77.4828 11.3702
76.9059 11.1314
75.8582 11.1526
79.524 11.3052
78.4917 11.2639
81.5089 11.2035
77.0705 11.1947
81.0473 11.0415
85.6198 11.1896
87.9698 11.1843
82.3741 11.1019
80.2344 11.0116
79.043 11.111
78.6161 11.178
80.8209 11.2731
82.5244 11.1802
84.3531 11.0928
79.379 11.1954
81.0156 11.4285
80.2226 11.2334
81.2376 11.0897
81.8365 11.1474
83.9903 11.0664
78.9193 11.2826
76.2721 11.2597
83.2563 11.0941
82.6207 11.3223
88.5925 11.1874
90.7186 11.1034
88.515 11.2968
82.4886 11.1796
82.4555 11.0748
84.1102 11.1377
80.6501 11.379
78.2581 11.0336
80.784 11.2567
77.1241 11.2234
79.5649 11.1197
79.5612 11.1229
80.0552 11.1067
80.1539 11.136
80.8512 11.2858
80.4812 11.1151
79.8553 11.0679
79.4948 11.0258
78.7134 11.1196
78.6769 11.217
80.1531 11.4122
80.4924 11.061
83.0502 11.3533
81.3866 11.1196
77.6729 11.2912
76.8608 11.1357
74.1421 11.3314
74.682 11.0284
75.1158 11.3445
77.2793 11.2417
77.1151 10.933
79.5261 11.3229
79.9763 11.0035
81.8459 11.1911
83.11 11.1413
87.0653 11.282
80.0973 11.2062
82.5467 11.0944
77.9808 11.2357
78.1913 11.2957
81.3638 11.3981
88.2883 11.4102
87.088 11.231
82.7602 11.2952
79.6044 11.0913
81.0363 11.1934
79.5177 11.1211
80.6429 11.1815
83.1746 11.276
86.9414 11.3362
86.4708 11.252
76.0434 11.2315
83.8756 11.2855
80.8605 11.186
81.2555 11.1852
84.6179 11.4319
81.5926 11.2039
84.0183 11.285
83.4089 11.0071
80.8769 11.0714
82.0036 11.0198
79.3671 11.1158
84.0264 11.2166
78.1973 11.3636
77.5153 11.2148
77.8377 11.3713
73.2574 11.2358
72.2609 11.3336
78.1429 11.0953
74.9357 11.0667
73.9096 11.2293
74.961 11.2163
81.4549 11.0558
86.1982 11.1312
89.4111 10.8987
84.8399 11.3336
87.0377 11.227
80.3336 11.0808
76.7198 11.105
81.3108 11.2616
81.6006 11.3073
77.7249 11.2212
72.7488 11.2237
74.6795 11.0214
74.4327 11.3854
72.9036 11.2513
72.9736 11.3296
73.9797 11.1143
73.042 11.3367
74.5872 11.3455
76.4951 11.3577
74.5218 11.345
77.2147 11.4131
76.3119 11.4509
77.4022 11.2981
77.8156 11.3067
76.1804 11.2029
77.5049 11.0785
77.683 11.2048
76.6271 11.3024
74.1279 10.9857
76.7392 11.2443
79.1502 11.3765
80.0045 11.2384
80.0045 11.316
78.5313 11.0648
78.3352 11.1814
76.8031 11.2479
75.042 11.4965
81.9972 10.9674
77.8614 11.3641
78.0078 10.9576
79.9763 11.1806
75.2202 10.9711
77.3054 11.3176
76.9959 11.3292
76.4701 11.0597
76.3804 11.3351
76.7618 11.4563
76.7298 11.2049
78.1724 11.293
81.2295 11.3082
74.3466 11.3181
74.3199 11.2548
76.756 11.21
79.6661 11.1078
78.739 11.0274
75.3297 11.1977
77.8076 11.1484
71.0241 11.4598
73.4255 10.9319
73.1617 11.1901
74.2817 11.0872
75.4303 11.4018
75.0944 11.4008
78.3087 11.1928
76.8424 11.173
81.8754 11.259
78.8815 11.2164
82.9423 11.1756
77.6218 11.4356
79.2717 11.2328
81.1258 11.1755
84.484 11.0532
84.484 11.1579
81.4508 11.3541
80.4538 11.2172
84.6216 11.2045
81.0354 11.2076
78.4722 11.1741
78.4791 11.2881
79.5402 11.0547
73.4664 11.1688
73.589 11.0632
72.0243 11.1475
68.3402 11.1851
72.0663 11.1386
67.4937 11.1905
71.9819 11.2272
67.3596 11.197
75.0889 11.2482
74.5436 11.2377
73.8522 11.179
73.7755 11.3044
75.3485 11.2564
76.899 11.3438
71.6715 11.2614
73.8995 11.2856
76.4283 11.3439
77.6039 11.1812
74.9307 11.1226
77.4031 11.2688
75.6649 11.3609
75.4294 11.1449
81.5542 11.1098
77.4999 11.2435
78.6682 11.0895
78.7731 11.2043
76.8968 10.9482
76.0288 11.2032
75.8006 11.3326
77.8551 11.2166
76.7556 11.0868
76.8068 11.2872
76.7919 11.182
76.9005 11.3561
76.7223 11.2116
77.5794 11.4621
78.5496 11.176
77.8034 11.2262
77.309 11.2184
78.6159 11.0004
75.0323 11.0224
76.7224 11.2562
77.2035 11.0373
77.6634 11.2504
77.2959 11.0117
82.0094 11.0096
82.3481 11.1417
82.0357 11.214
82.6242 11.3014
82.7251 11.3176
82.9928 11.6427
76.5497 11.4069
76.2521 10.8865
76.797 10.983
77.5257 11.2687
73.8274 11.2425
75.965 10.8362
75.1126 11.1069
74.264 11.2731
71.488 11.1065
72.4941 11.2964
73.7021 11.1444
74.6847 11.0902
73.6848 11.0975
73.6848 11.3211
74.4941 11.2205
71.1655 11.3299
71.4647 11.2214
73.6223 11.2806
73.2456 11.2234
74.7396 11.2954
73.8465 11.1946
74.6387 11.2984
73.9227 11.2109
72.6284 11.1623
74.9725 11.2887
73.028 11.2065
72.8492 11.2481
73.7673 11.2345
77.1977 11.107
77.3064 11.169
77.3064 11.4662
80.9795 11.477
81.0521 11.1157
81.0521 11.2026
78.061 11.2205
81.4202 11.3933
82.3416 11.0352
81.4717 11.2744
80.3392 11.2555
77.5746 11.3381
78.1158 11.1837
78.3406 11.2891
77.0963 11.2342
75.0827 11.2641
74.0105 11.2072
72.942 11.3694
73.8437 11.1218
76.3352 11.0711
72.7474 11.0399
71.3681 11.3009
75.2403 11.2444
74.4341 11.2437
76.9453 11.1114
79.0458 11.1548
75.7795 11.2237
77.9526 11.1366
75.5607 11.1878
80.0911 11.0651
81.629 11.0191
80.6592 11.0804
78.1072 11.3289
80.4663 11.0283
81.3468 11.0819
78.3394 11.2156
79.7159 11.3275
79.7159 11.1738
79.8855 11.3218
78.2798 11.187
81.1882 11.0385
77.5926 11.2654
77.5926 11.2034
74.5575 11.1263
79.0765 11.2439
78.6384 11.2671
81.2708 11.2661
76.404 11.2706
77.5674 11.2667
77.6978 11.2045
79.4998 11.2922
81.1802 11.2389
83.1438 11.0106
84.9924 11.5274
85.1785 11.3243
91.5116 11.1268
89.9343 11.2277
85.6289 11.1642
81.6659 11.1774
77.3415 11.27
81.4873 10.7075
80.918 11.1893
78.0294 11.1039
78.0205 11.1847
78.2204 10.9828
79.1304 11.0105
78.8114 11.1966
79.203 11.2664
78.0766 11.2307
76.7841 11.2307
75.1335 11.4662
72.5193 11.2815
72.5193 11.311
71.6955 11.3412
70.5304 10.9991
72.4032 11.2105
73.54 11.3041
73.4772 11.2163
75.5907 11.321
75.0106 11.2973
73.1521 11.2594
75.2592 11.3739
75.2592 11.1656
75.5239 11.3042
73.4168 11.1592
72.9071 11.3113
74.9734 11.2478
74.9734 11.1576
75.7954 11.3282
74.5236 11.3027
72.3729 10.9969
73.6967 11.4049
76.0392 10.9812
75.6018 11.0931
78.533 11.2592
78.533 11.2925
78.4231 11.1514
77.0834 11.2963
77.1894 11.402
72.9651 11.2266
72.9651 11.2695
72.5386 10.9414
76.4721 11.304
77.4635 11.222
71.7357 11.2251
71.6665 11.2383
73.7678 11.298
74.0967 11.0966
75.3326 11.0517
78.3965 11.2435
76.2712 11.2494
78.7856 11.1991
82.1908 10.9517
82.0869 11.0171
79.0595 11.4333
81.1947 11.2416
81.2637 11.3443
83.0548 11.2667
75.4892 11.1325
76.8711 11.4552
79.1557 11.3423
79.6443 11.4222
80.8391 11.3557
81.9154 11.1772
80.0799 11.1854
78.1368 11.1679
76.4805 10.9142
74.1473 11.2141
76.6877 11.0926
76.8632 11.2127
82.7689 11.158
78.6065 10.9561
82.7017 11.2069
78.8453 11.3753
77.6936 11.3541
80.4938 11.3501
79.8629 11.2054
80.5496 11.0881
81.4875 11.099
80.395 11.1121
78.7145 11.1883
81.5512 11.1812
83.6957 11.0689
81.9707 11.0096
76.2667 11.1639
77.3327 11.1694
78.3702 11.087
78.2157 11.0135
75.9497 11.1869
77.0133 11.1874
80.0931 11.1675
78.347 11.1482
77.0891 11.4238
72.8599 10.9044
79.6626 10.925
86.703 10.8605
79.0791 11.0582
79.0791 11.0548
80.106 11.1037
85.9061 11.2597
87.833 11.326
87.1 10.9552
89.2348 11.1053
91.2593 11.1433
84.3508 10.9021
86.8975 11.2402
84.6462 11.0358
83.5462 11.1552
82.5894 11.0862
84.9929 11.3343
82.4158 11.2556
82.7244 10.998
83.4374 11.4724
82.0165 11.0786
81.0608 11.2518
80.4701 11.1724
79.8843 11.2146
83.8999 11.2734
82.6919 11.0054
81.6557 11.2201
86.5382 11.2698
83.4222 11.2574
85.5428 11.0065
86.8214 11.1223
80.5518 11.199
83.6783 11.1244
78.8695 10.977
78.6292 11.1148
82.7586 11.0446
87.1714 11.1452
87.3865 11.2655
87.3865 11.1251
80.636 11.2577
83.059 11.131
83.4159 11.4511
77.3666 11.3593
78.9085 11.4157
80.722 11.2795
79.1268 11.1782
76.339 11.1342
77.9602 11.1753
77.3819 11.1666
80.5736 11.2395
80.6251 11.113
77.4988 11.3989
80.7054 11.0132
80.8623 11.1125
80.3933 10.9547
84.9038 11.1675
82.6422 11.1324
80.3082 11.1813
77.8352 11.2558
76.5082 11.329
77.7627 11.2608
75.6351 11.2608
78.8559 11.3417
76.9506 11.3405
78.8915 11.18
75.9444 11.144
76.669 11.2616
75.1835 11.0539
72.5597 11.1986
72.531 11.0198
72.3631 11.038
76.8356 11.1551
76.0999 10.8687
72.8137 11.1303
75.434 11.3159
77.9549 11.0847
75.7428 11.0802
81.8782 11.2308
78.2216 11.196
82.9433 11.2439
87.3045 11.1177
82.3819 11.2537
78.4297 11.0733
76.3134 11.401
79.9968 11.1822
81.0759 11.0541
78.4807 11.1941
81.2012 11.1894
82.8356 11.0816
84.0702 11.2824
85.7978 11.2351
85.7978 11.1868
85.0457 11.1324
83.0615 11.1694
87.536 11.0886
86.1134 11.0878
78.078 11.2818
76.5608 11.247
80.1297 11.2292
82.861 11.072
77.9326 11.3099
77.9513 11.1943
77.6249 11.1391
77.5915 11.1727
77.7683 11.3606
80.5882 11.339
78.1932 11.2151
74.03 11.1595
73.8529 11.2784
77.8776 11.2904
76.6049 11.3205
77.7276 11.1682
79.7624 11.1122
73.868 11.1852
77.0056 10.9001
75.0523 11.3202
72.0875 11.3571
78.0759 11.3391
79.8032 11.2783
78.6875 11.2765
78.3696 11.2579
74.3353 11.148
79.4745 11.1502
79.9401 11.1909
87.3002 11.1267
85.1255 10.9567
82.2145 11.0062
85.0995 11.0675
84.4618 11.2937
88.4468 11.2151
85.349 11.1897
82.1346 11.1897
79.3482 11.0685
78.5328 11.0677
76.4188 11.151
76.4188 11.0003
77.864 11.2414
83.8309 11.1733
77.9102 11.1977
74.7446 11.167
77.0046 11.2168
77.2083 11.2204
81.6625 11.176
79.0333 11.2609
80.6323 11.3412
80.0171 11.2533
75.5394 11.1067
75.9063 11.1209
75.8688 11.1802
73.7589 11.1619
75.9634 11.0035
78.4401 11.1585
79.2475 11.0825
79.3697 11.1564
72.464 10.9649
81.6698 10.8915
83.9384 10.9201
81.5977 11.1467
82.5258 11.0207
86.6734 11.2611
80.6333 11.1796
78.7933 11.219
76.5298 11.2165
73.9848 11.2207
75.2208 11.1857
75.1435 11.189
76.9881 11.1692
84.625 11.0546
82.4152 11.2604
78.8634 11.1437
81.8858 11.149
78.1134 11.1645
76.8729 11.0283
78.0895 11.1323
79.2511 11.1683
79.7258 11.1843
83.0259 11.3227
81.7438 11.2544
81.1212 11.2538
81.0051 10.966
79.9498 11.2427
78.8166 11.219
75.6558 11.2225
75.0354 11.1913
77.1125 11.2471
79.4845 11.1691
82.1803 11.1392
81.4144 11.2619
84.6979 11.0585
84.0429 10.8762
81.5979 11.1199
82.3754 11.0071
79.0604 11.222
76.1592 11.208
78.3884 11.1588
78.9231 11.0463
78.534 11.0749
82.6343 11.2921
84.1196 11.3149
84.405 11.3175
79.0266 11.1772
79.727 11.2824
83.289 11.2447
84.3401 11.1305
82.8486 11.3232
83.5839 11.4363
81.8711 11.1045
79.4121 11.5174
75.8774 11.0381
76.6441 11.3525
76.2703 11.3502
75.4721 11.2237
75.7749 11.2096
74.0133 10.9953
72.0353 11.2074
72.9788 11.1807
74.9141 11.2356
72.1315 11.2182
70.4563 11.2241
68.237 11.2017
70.36 11.0725
69.4232 11.2384
78.4428 11.3207
78.7616 11.225
76.6267 11.1925
78.0426 11.1798
79.9363 11.2159
76.0867 11.4496
79.5886 11.3628
79.4604 11.1815
80.8836 11.1176
81.8605 11.0752
80.6585 11.1856
81.0493 11.1482
78.5938 11.1797
84.3169 10.9074
81.4326 11.1404
79.525 11.3545
79.9051 11.1598
79.1388 11.196
80.9776 11.3136
80.6093 11.2802
82.892 11.1571
82.0288 11.188
84.7918 10.9359
82.5672 11.2492
85.7553 11.0382
86.2088 11.1721
91.4104 11.3408
86.7676 11.265
91.4807 10.9538
85.3534 11.0028
79.5785 11.1398
83.6733 11.3204
85.9972 11.3721
85.9972 11.2497
81.6924 11.0501
83.5163 11.1299
81.0562 11.2983
83.6122 11.0717
87.1792 11.193
89.4094 11.126
82.8651 11.144
82.236 11.1825
78.8717 11.2306
80.9169 11.1707
77.8659 11.1973
79.5038 11.1801
91.9942 11.0742
94.0376 11.1472
93.5052 11.1357
96.1402 11.1627
96.0832 11.174
98.3083 11.1442
97.4067 11.1227
89.954 11.0626
89.4625 11.0373
84.4956 11.1214
83.2203 11.2546
83.44 11.085
86.4853 11.3042
87.7468 11.0742
83.8594 11.2471
79.9283 11.0634
82.1979 11.2483
83.4342 11.1539
79.4918 10.9816
78.9949 11.0895
78.1093 11.04
78.7771 11.1111
81.3868 11.2141
76.8469 11.0323
82.9212 11.2906
89.1425 11.0935
90.8941 10.9435
86.0214 11.0801
85.5394 11.3179
83.3497 10.9977
80.4582 11.3599
79.3987 11.0937
75.9799 11.1454
75.9799 11.2157
75.885 11.3445
78.6723 11.3103
78.9226 11.2411
82.3746 11.2605
82.219 11.1205
85.5483 11.1957
86.2544 11.3326
92.6515 11.2358
94.3174 11.2989
92.8826 11.312
86.6986 11.0861
82.9227 10.9667
83.0658 11.2661
87.2582 11.2229
90.5682 11.0143
93.004 11.2003
80.6331 11.1693
77.1805 11.335
77.1215 11.1901
76.0388 11.2194
76.4261 11.1722
75.8133 11.1189
71.8593 11.1717
75.5285 11.155
75.7586 11.1756
75.9665 11.3708
78.0055 11.1882
78.3532 11.1784
77.0166 11.1058
78.6709 11.4425
82.0736 11.4958
82.4089 10.913
79.7435 11.1541
78.5328 11.1471
80.6156 11.2319
81.518 10.9231
75.6809 11.3217
75.3242 11.3114
74.6597 10.968
75.2425 11.2209
73.9648 11.3664
74.8587 11.3759
74.1356 11.4272
77.2759 11.1286
77.0302 11.1173
76.4422 11.1383
72.5579 11.2962
71.9035 11.3503
72.6578 11.3161
74.5094 11.1618
74.2983 11.1642
73.8917 11.1457
74.1913 11.1551
72.6373 10.9984
74.3421 11.2164
73.3562 11.3167
74.1628 11.2057
70.2352 11.2865
73.6795 11.2438
74.1246 11.2885
75.519 11.2628
76.5447 11.2584
75.5877 11.247
75.9399 11.2502
76.7271 11.1699
73.702 11.0602
77.9332 11.0977
77.6638 11.2789
75.7274 11.178
79.0563 11.1845
80.2596 11.3856
79.2365 11.2086
78.3034 11.1424
80.5849 11.1055
81.3836 11.1708
81.6452 11.0647
80.9037 11.1964
79.9282 11.0106
77.9542 11.2159
81.4491 11.0279
80.3233 11.0064
76.8575 11.4891
74.8022 11.2724
76.773 10.923
76.1041 11.0939
75.2657 11.0746
73.7412 11.126
72.7963 11.1911
71.2485 11.1695
74.4618 11.1918
73.4918 11.1309
75.5376 11.1374
76.3542 11.2979
74.5302 11.1891
75.1314 11.4344
76.5361 11.1479
74.7975 11.2168
76.1167 11.2633
75.6189 11.1612
75.2078 11.1694
77.1652 11.2879
78.9336 11.4009
74.766 11.4551
77.979 11.2514
76.3559 11.2059
75.434 11.1258
73.5027 10.9784
72.7348 11.3546
74.5886 11.2905
75.3113 11.1363
74.4539 11.1472
74.8688 11.28
75.511 11.318
72.2186 11.3311
73.5343 11.2668
72.4005 11.1246
73.978 11.2093
76.8262 11.3025
76.2482 11.3032
74.0787 11.2574
78.3556 11.4866
78.1374 11.2801
77.5671 11.0967
78.484 11.1862
79.2218 11.1192
80.6075 11.1949
78.6512 11.2699
80.3682 11.1909
77.1171 11.2704
78.7986 11.3335
77.0902 11.1694
76.8906 11.2137
77.7534 11.1574
82.23 10.6655
86.4819 11.2049
87.4627 11.2097
87.4627 11.1814
86.019 11.0379
82.3608 11.4103
88.0966 11.1727
86.7155 11.1413
87.7781 11.2184
87.7781 11.1929
89.2402 11.3169
88.8138 11.3634
82.5656 11.1879
81.1177 11.2116
74.5692 11.3021
73.9882 11.2472
75.5128 11.0729
75.857 10.9646
76.489 11.1432
76.4857 11.1071
80.9857 11.1914
79.4938 11.2538
81.3602 11.3011
81.9506 11.0215
75.2899 11.073
79.2212 11.0991
77.8823 11.0777
76.416 11.2143
76.3192 11.1504
74.6397 11.3662
75.0716 11.0584
74.8249 11.1141
78.3145 11.1016
76.3609 11.1188
74.4924 11.0949
77.6628 11.0218
76.6715 11.0375
80.5112 11.2506
79.6861 11.3517
78.6216 11.439
77.2415 11.2927
80.9518 11.0798
81.2864 11.1756
84.8982 11.1324
84.9055 11.2337
81.7104 11.0619
82.545 11.3121
83.461 11.1728
81.7014 11.1113
79.0667 11.2097
81.0037 11.3111
79.5714 11.3512
78.9182 10.789
82.9702 11.1642
84.1185 11.0383
76.5605 11.3422
76.2188 11.083
79.1451 11.1594
79.4612 10.9829
76.2836 10.984
71.8957 10.995
76.54 10.9948
76.4474 11.0089
76.5758 11.0562
69.926 11.6101
72.52 11.3437
74.1618 11.0907
78.0375 11.1409
78.324 11.2253
80.0258 11.208
79.3589 11.0707
78.8789 11.0583
78.2569 11.1557
76.5685 11.291
79.9465 11.1798
75.9681 11.1848
77.9774 11.1459
75.9709 11.2761
80.4396 11.1472
79.7338 11.1689
80.7203 11.1894
81.0623 11.2715
81.0028 11.2102
82.7233 11.1799
81.1959 11.3169
82.3159 11.0287
79.2265 11.3359
84.2407 11.1053
84.2407 11.2732
83.4575 11.1789
84.3433 11.2268
80.7886 11.0659
77.9322 11.3172
78.8989 11.1188
79.7924 11.1798
79.6069 11.3373
81.0344 11.265
84.134 11.3075
90.3283 11.3111
87.0433 11.2446
85.3941 11.1883
85.9768 11.1166
85.6292 11.2923
83.6909 11.2511
88.6283 11.1445
80.3765 11.1146
81.9429 11.2192
77.9784 11.1588
75.2755 11.4022
76.3045 11.1143
78.3446 11.208
78.0421 11.4398
78.8398 11.2098
78.8007 11.2778
83.53 11.2755
78.9145 11.1213
79.4758 11.1419
81.1005 11.1056
88.4902 11.0677
85.6802 11.0351
86.4991 11.1801
82.1457 11.2339
81.9626 11.0371
77.8447 11.3259
79.8752 11.2481
82.0444 11.2088
79.7129 11.0908
82.781 11.2308
80.9167 11.2278
82.5704 11.288
79.1586 11.096
79.0566 11.0779
80.1041 11.1641
81.5329 11.4237
82.7146 11.2581
83.6443 11.138
83.5866 11.1417
82.3769 10.9575
78.3133 11.01
77.8386 11.0882
74.4298 11.221
77.5602 11.0862
74.6903 11.0507
75.861 11.2768
70.5062 11.1719
72.0275 11.2706
73.2173 11.2725
74.2144 11.1902
74.2994 11.3223
73.0785 11.1236
73.7519 11.2056
73.2284 11.4855
76.3976 11.0299
74.7288 11.1013
75.8903 10.8432
75.1555 11.2763
73.8894 11.3621
76.3938 11.2458
76.487 11.3085
76.6565 11.2466
77.3568 11.0765
79.402 11.1571
74.6092 11.0389
76.2308 11.1324
76.8913 11.2002
76.9115 11.3413
77.5903 11.2909
73.8993 11.1473
78.4905 11.1444
77.5188 11.139
78.5617 11.302
80.1266 11.2859
80.0676 11.2016
81.8853 11.2255
81.2141 11.2296
79.1878 11.2957
78.9652 11.3825
81.3275 11.2902
79.2392 11.1962
78.9789 11.0916
80.7985 11.0912
76.622 11.1699
77.4888 11.3405
74.4738 11.4763
75.2774 11.2625
73.5431 11.1456
74.9482 11.2473
78.1862 11.0992
77.9536 11.0654
80.4444 11.0509
78.3243 10.913
78.72 11.0917
79.3124 11.1027
79.8829 11.2963
78.1833 11.3628
75.3736 11.3459
74.8406 11.3817
75.8459 11.0255
76.5719 10.9276
77.001 11.1445
76.1136 11.3627
75.8058 11.5014
75.6869 11.1561
75.7371 11.1782
76.9786 11.2176
78.6117 11.2689
80.4197 11.2664
84.3302 11.3812
82.7395 11.2894
78.8631 11.3738
78.6474 11.3281
78.7836 11.1349
73.4579 11.1212
76.1969 11.1155
77.7817 11.186
73.4108 11.2097
73.8453 11.4308
75.9977 11.1605
72.8919 11.1421
68.3799 11.3326
69.7221 11.3476
72.582 11.0371
77.9575 11.1619
72.3088 11.1598
75.6279 11.1846
77.837 11.2004
79.6965 11.3002
77.0967 11.2644
73.9685 11.3869
80.822 11.5186
81.9595 11.2234
79.7435 11.1176
77.4887 11.1122
79.6066 10.9987
78.4104 11.0117
75.6191 11.2498
75.4907 11.1338
75.3792 11.3095
76.1198 11.1963
74.7714 11.1072
73.1351 11.1555
74.0764 11.1727
74.0138 11.2112
74.8373 11.2779
74.8373 11.1584
79.8923 11.0922
77.8174 11.1675
77.6914 11.2492
76.1848 11.1782
79.3507 11.1777
77.1793 11.0844
76.9462 11.2158
76.8453 11.3195
77.0161 11.1066
75.596 11.0935
79.4846 11.08
79.9784 11.082
78.5071 11.0942
79.722 11.0567
78.491 11.2217
75.5584 11.1589
72.5214 11.098
77.6599 11.3339
76.5082 11.3719
76.7861 11.3581
71.4726 11.4353
71.4726 11.3414
72.1931 11.333
75.292 11.2211
71.2039 11.1709
69.207 11.1922
73.3775 11.0957
73.0022 11.2367
75.2617 11.1425
70.0177 11.3445
77.9107 11.2796
74.4754 11.0414
75.4116 11.1896
76.8335 11.2928
75.9673 11.2723
76.0524 11.4177
74.7014 11.264
78.6157 11.2164
75.3658 11.1053
74.1959 11.2726
76.5044 11.1429
73.1055 10.998
75.019 11.1595
72.5841 11.2296
72.5333 11.2079
72.5333 11.1475
72.5333 11.2124
72.5333 11.2094
73.4915 11.3148
77.8234 11.4139
76.2852 11.3233
75.3738 11.3287
74.7161 11.3147
75.1544 11.2014
74.0558 11.2168
72.9373 11.109
72.9823 11.3044
74.5901 11.2815
74.809 11.1403
76.9713 11.1442
75.0925 11.153
75.514 11.306
72.9894 11.2518
73.5114 11.281
73.2676 11.2908
75.9929 11.1263
73.9418 11.0211
73.9418 11.1555
73.7117 11.2209
70.5325 11.0704
76.8735 11.1281
77.0997 11.262
74.6534 11.2433
73.4042 11.386
73.9941 11.0006
79.8323 11.1569
76.6368 11.1797
79.0264 11.1635
74.8531 11.4523
76.5786 10.8919
77.0521 11.048
76.4558 11.2189
77.9159 11.2992
78.8746 11.2423
78.7434 11.0631
80.5351 11.1265
80.4926 11.3199
76.9479 11.1963
78.5673 11.4503
78.2946 11.0189
79.5468 11.2305
76.196 11.4169
77.9514 11.3502
80.973 11.1661
78.8024 11.3079
78.9471 11.3025
76.6178 11.2588
77.9051 11.2761
76.5445 11.1454
75.7989 11.2126
74.3077 11.2662
72.8295 11.2372
72.1444 11.3288
72.1444 11.232
73.3303 10.9871
73.1572 11.3504
73.6361 11.3288
73.0369 11.4886
72.996 11.2301
70.5504 11.3983
72.445 11.0539
74.1749 11.3335
72.5282 11.3097
72.5282 11.335
78.7864 11.2697
76.878 11.3876
75.6252 11.0949
75.4543 11.3736
72.5018 10.9531
72.404 11.0483
75.0006 11.0992
74.1671 11.0885
71.6067 11.0617
74.1412 11.1212
75.5825 11.1036
80.3351 11.1248
76.4565 11.2148
73.0804 11.1672
77.4268 11.3492
77.925 10.8829
79.2954 11.0043
77.6099 11.2168
77.2292 11.3814
76.199 11.4185
73.1777 11.101
72.5837 11.1719
73.5728 11.1512
77.1622 11.1505
77.2573 10.9646
82.0514 11.43
75.8086 11.2848
77.0074 11.0612
75.3638 11.2401
75.6484 11.2215
74.2381 11.077
72.2723 11.2533
76.3335 11.0281
76.0867 11.2063
73.9764 11.3659
76.6335 11.0374
74.3872 11.2766
77.1307 11.2239
78.6544 11.1908
74.2347 11.1889
79.9742 11.3263
78.3838 11.122
77.0222 11.277
75.9538 11.0184
72.035 11.3127
72.7871 11.2908
74.0563 11.3548
76.8199 11.3083
73.3175 11.2276
73.9878 11.2036
76.2806 11.0967
76.7357 11.2398
73.1034 11.1146
73.0467 11.3576
73.1664 11.3827
73.7243 11.3995
73.5939 11.1606
72.6935 11.0665
72.6935 11.4262
74.3864 11.2756
74.2699 11.0701
73.7763 11.0177
73.0888 11.1561
75.0814 11.2492
75.0122 11.1227
79.1116 11.0573
79.1116 11.3704
75.2924 11.2271
78.7301 11.1647
74.1872 11.1678
75.5382 11.1762
77.9167 11.175
74.8028 11.1824
75.7357 11.1032
77.6034 11.3072
75.8592 10.9465
77.6119 11.1397
75.6544 11.3708
78.4386 11.3931
74.283 11.3961
74.283 11.4066
74.6412 11.1755
76.5435 11.2531
75.2316 11.1946
72.8474 11.1846
74.22 11.3107
75.1591 11.2403
72.2759 11.1483
72.629 11.1356
72.0493 11.2589
74.3636 11.4996
76.7372 11.1473
75.02 11.4525
77.8976 11.1115
78.8284 11.1804
79.3193 11.1219
81.3901 11.1152
81.3826 11.1054
79.946 11.1727
78.8941 11.2236
76.0305 11.2773
78.1708 11.2367
78.3296 11.5806
76.7492 10.954
76.9673 11.2074
77.0223 11.248
75.8559 11.17
74.3594 11.2687
75.1387 11.1971
73.9932 11.1579
73.3462 11.0611
78.2231 11.1542
73.8583 11.2902
77.7723 11.2206
76.6818 11.2634
72.2236 11.56
72.2236 10.7261
73.7845 11.0515
75.398 11.2363
68.3678 11.3442
68.5219 11.3287
72.0152 11.2514
70.9925 11.205
70.5195 11.1333
74.4207 11.2406
76.6691 11.1604
73.4569 11.2298
68.7749 11.2755
72.8125 11.3682
74.3534 11.2602
74.3298 11.2544
74.2532 11.0027
71.243 11.1825
74.8711 11.3723
75.4579 11.3396
76.693 11.2986
74.6841 11.1073
75.8381 11.15
76.453 11.2748
78.9457 11.1562
73.6134 11.162
80.2981 11.3083
75.7461 11.0993
80.2871 11.2211
72.4025 11.1347
77.8146 11.2668
77.731 11.1908
75.5507 11.2255
78.4373 11.0862
76.148 11.1732
75.3646 11.123
72.6274 11.231
75.4394 11.1046
77.1609 11.1285
74.7471 11.2323
76.7647 11.2983
76.9738 11.0469
73.7735 11.2548
74.5862 11.3429
76.3644 11.0932
76.2182 11.162
74.1918 11.0931
74.1634 11.3465
79.1479 11.3172
80.0697 11.2318
78.4182 11.262
78.954 11.262
78.2456 11.0976
79.6954 11.0248
77.8627 11.3151
78.1136 11.1477
77.084 11.0741
78.8308 11.1456
79.9606 10.851
76.6222 10.9625
77.4248 11.0697
78.1864 11.2496
81.7139 10.9768
76.6641 11.1234
73.4462 11.3209
73.6385 11.1659
73.6702 10.6102
74.6189 11.2692
71.7144 11.1424
75.5154 10.9828
76.2582 11.0726
76.1611 11.2783
74.429 11.2703
74.8073 11.0756
77.4789 11.224
77.057 11.4096
79.1704 10.8557
77.617 11.2787
79.6604 11.2507
77.2384 11.184
79.3074 11.2016
79.9021 11.1547
78.2561 11.1297
78.3815 11.008
77.0042 11.0214
78.5425 11.3349
77.2745 11.3696
76.5249 11.3464
75.6903 11.1296
76.3719 11.2641
78.7129 11.0588
76.323 11.2371
78.1117 11.3439
78.688 11.3362
75.6449 11.1907
76.5386 11.2403
74.6875 11.1631
73.1764 11.2146
73.4865 11.2167
75.9452 11.4083
76.6929 11.2823
75.1827 11.178
74.3549 11.3474
74.489 11.188
71.9362 11.058
71.9673 11.2139
78.1616 10.9987
77.3872 11.171
72.4849 10.9085
73.024 11.2448
74.6233 11.1949
75.6958 11.1
72.386 11.241
72.5536 11.2175
74.6991 11.0279
74.2514 11.1193
72.8912 11.1067
74.2189 11.2948
74.7138 11.1943
78.9533 10.8561
76.6973 11.0428
75.9717 11.2159
76.1891 11.1923
77.0269 11.3375
75.3745 11.1028
75.0157 11.1004
74.6398 11.0867
73.8904 10.9514
71.497 11.3559
73.1811 11.3753
73.282 11.5325
73.7582 11.4025
72.7219 11.0752
73.3999 11.227
70.7481 11.4627
72.1485 11.4185
73.5561 11.3005
71.6649 11.043
73.363 11.1191
75.5414 11.0261
76.4378 11.0761
75.8225 11.141
77.1124 11.0301
73.9264 11.4715
73.7276 11.3383
77.8256 11.1061
77.6568 11.0515
80.0558 11.1506
80.9906 11.1567
79.0946 11.3218
78.7015 11.1316
78.829 11.292
78.7374 11.2051
79.2217 11.1539
81.8864 11.122
79.4813 11.1223
79.9318 10.9885
77.0541 11.0516
79.018 10.9227
80.9269 11.0506
80.4138 11.2817
80.1706 11.2816
80.3028 11.2794
82.2841 11.2827
82.1018 11.0735
78.6033 11.2849
82.253 11.1372
80.128 11.0589
85.1382 11.3728
79.846 11.4755
82.2197 11.3534
80.279 11.2729
79.4528 11.4775
82.8099 11.0047
75.6742 11.464
79.0398 11.0417
81.107 11.1774
81.4465 11.0767
81.5599 11.2704
82.2919 11.4501
83.7156 11.1492
86.7861 11.2467
87.8881 11.1547
85.6105 11.3456
85.6105 11.0986
85.9885 11.0128
81.0076 11.3269
76.1255 11.3218
80.4141 11.2296
78.5135 11.2576
78.8832 11.1426
78.674 11.1445
79.0801 11.0233
80.1758 11.2762
78.3195 11.466
77.2351 11.2029
73.5385 11.4053
73.5717 11.1936
74.9467 11.1263
74.6468 11.2554
78.1043 11.1092
76.8025 11.2694
76.166 11.2195
78.7224 11.396
76.0325 10.9697
77.6601 11.094
76.8189 11.1795
77.7628 11.1254
77.0286 11.2029
79.5337 11.1775
74.784 11.1609
76.4294 11.1112
81.6616 11.311
74.5478 11.3448
72.7453 11.1237
74.6227 11.0621
70.5128 11.1873
72.765 11.1929
75.2325 11.0745
76.1837 11.0942
73.1436 11.1188
73.3178 11.124
75.0643 10.8718
77.2555 11.3834
73.861 11.3326
79.8635 11.1179
79.2749 11.2963
79.5108 11.131
75.2876 11.1751
76.5419 11.1415
78.3892 11.1547
76.7549 11.2801
77.8671 11.0471
79.274 11.0987
79.3255 11.2715
74.595 11.0515
77.0111 11.184
75.6008 11.2475
75.213 11.2502
72.6768 11.3035
72.9361 11.4115
73.2716 11.2184
72.6488 11.2902
75.4342 11.1785
75.0869 11.3344
77.0544 11.1659
74.5879 10.8884
77.6237 11.0538
77.6934 11.1972
77.5011 11.245
78.6143 11.0439
74.7591 11.0146
76.2336 11.1628
76.3276 11.0032
75.3682 11.1069
74.6434 11.1704
73.489 11.2998
75.2314 11.1647
75.8309 11.1795
77.6934 11.1814
78.0088 11.1372
79.3745 11.215
79.0196 11.2165
76.4262 11.0645
79.6893 11.196
77.0271 11.0738
78.4681 11.1394
79.6403 11.2744
77.512 11.2399
77.8081 11.113
81.3923 11.0885
79.0669 11.2745
80.125 11.3022
77.8563 11.5202
82.9265 11.1025
81.8053 11.0871
79.9541 11.1935
84.8047 11.072
84.4166 11.0457
84.8374 11.2531
84.8988 11.218
84.6736 11.3239
84.853 11.2309
83.2931 11.2011
78.4823 11.2416
78.1137 11.2417
77.382 11.4394
78.848 11.1962
76.5597 11.4327
77.9274 11.058
79.4296 11.0136
77.6459 11.0072
79.5975 11.3028
78.1114 11.2717
80.7017 10.9069
79.5176 11.3934
79.9116 11.4691
76.7375 11.2068
74.7544 11.4557
76.0179 11.1838
73.7932 11.2578
75.6859 11.2123
76.5305 11.2872
77.5271 11.2867
76.3147 11.0654
78.9836 10.9568
80.8594 11.1071
78.1178 11.1263
79.2865 11.0364
77.8413 11.101
77.8999 11.2923
78.9337 11.2019
78.7034 11.2453
82.6315 11.2065
77.7883 11.1595
80.3888 10.9676
79.8138 11.1616
81.2055 11.3361
80.8587 11.1887
80.4869 11.075
79.9667 11.2715
80.232 11.3125
84.5921 11.3404
88.6638 10.9389
83.7188 11.2376
80.1752 11.3699
85.5643 11.2793
86.4638 11.1744
80.5093 11.1091
81.4348 11.1713
83.2137 11.2246
83.1987 11.3539
76.1778 11.3829
77.7945 11.2421
76.0249 11.1658
81.6912 11.1856
78.9989 11.1709
78.9893 11.1362
79.2171 11.2174
79.391 11.2243
76.1602 11.1593
78.1691 11.3372
87.549 11.3324
77.762 11.2123
81.5823 11.022
78.3938 11.1759
76.8177 11.255
81.0222 11.2303
80.1866 11.0921
80.5921 11.0608
80.5516 11.2192
79.939 11.1447
84.4694 11.0383
84.9927 11.0331
79.9086 11.0752
79.6671 11.2433
74.8788 11.412
83.8651 11.2936
86.9012 11.0368
86.967 11.2103
93.5504 11.1279
91.0397 11.1721
87.0417 10.9762
89.3741 11.1159
88.6015 11.251
90.4919 11.0262
87.5561 11.1526
82.5432 11.0611
81.6908 11.0691
88.9832 11.3645
88.9832 11.2226
88.9832 11.1906
79.7036 11.2416
79.7036 11.245
84.0262 11.1898
92.1106 11.0242
92.6682 11.3063
88.0856 10.9726
92.4585 11.2563
88.9159 11.4079
83.646 11.3052
87.1775 11.4152
87.4834 11.1333
77.9824 11.2271
79.6252 11.2367
77.7004 11.149
79.6069 10.9794
86.7866 10.9987
86.7866 11.1957
82.5581 11.0788
80.581 10.9086
84.0962 11.0248
81.6613 11.2297
79.7519 11.1737
81.513 11.1421
82.207 11.2319
83.2217 11.0499
85.024 11.0908
77.8114 11.1212
78.8402 11.2569
84.6079 11.408
82.1586 11.335
80.943 11.2707
78.4163 11.2062
78.0814 11.0564
78.2362 11.0006
77.9189 11.173
78.3938 11.5282
78.3269 11.2403
79.1125 11.2105
79.8065 11.2124
78.1395 11.0548
85.9438 11.1746
85.0697 11.1739
83.5495 11.3042
84.2761 11.1556
83.7044 11.1634
82.9507 11.2232
77.1576 11.233
80.1699 11.0117
84.1058 11.3034
78.7202 10.8897
76.4027 11.2733
75.7426 11.3558
79.5927 11.0695
78.3559 11.2153
84.3605 11.3395
81.7226 11.2443
77.2668 11.1979
99.061 11.117
99.6813 11.5494
94.3969 11.1568
92.726 11.1284
89.119 11.2041
90.0599 10.978
88.6584 11.0695
91.0401 11.2265
88.9905 11.0886
87.5898 10.8706
80.692 11.0508
86.0457 11.2339
85.7636 11.1895
85.2202 11.2392
81.6631 11.1922
85.9146 10.9743
86.6305 11.2845
85.9669 11.2594
85.4192 10.9401
82.5542 11.0964
94.9519 11.3597
94.9519 11.3454
90.5091 11.2552
86.5108 10.9912
88.8247 11.0349
87.9982 11.0927
95.8932 11.4804
99.5534 11.443
93.5924 11.2784
87.5448 11.434
89.3689 10.9657
85.5778 11.0981
83.8092 11.1599
83.6783 11.0502
85.3768 11.0418
83.1479 11.2945
86.6902 11.1177
75.6484 11.0669
81.2384 10.9432
84.3137 11.1864
81.8917 11.515
83.9938 11.1365
83.1323 11.1114
81.0101 10.96
73.705 11.2472
79.1158 11.4144
77.0189 11.1957
77.1075 11.2089
77.1075 11.2296
78.1435 11.3971
72.9052 11.1543
79.5909 11.0202
82.3028 11.2036
82.4061 11.2034
81.8232 11.0906
75.4971 11.1798
78.8046 11.2496
82.4555 11.3093
77.4486 11.0502
83.1392 11.217
80.4964 11.216
84.6034 11.2585
80.9463 11.2537
81.7225 11.3191
79.8401 11.0367
81.6925 10.9927
81.0276 11.1534
80.3434 11.2659
82.4155 11.4017
85.885 11.2577
83.2338 11.1743
83.1418 11.2785
80.8776 11.203
80.8445 11.3747
82.6084 11.4116
84.2524 11.2902
85.7612 11.4402
89.6453 11.4749
86.5043 11.2747
82.8086 11.1481
81.7581 11.201
85.467 11.2087
81.313 11.3581
82.1798 11.3279
89.3652 11.4261
89.1402 11.2045
83.4745 11.1757
82.5018 11.1196
79.4125 11.3406
82.4421 11.3049
80.4887 11.203
78.4221 11.1509
76.0815 11.345
75.2132 11.1365
76.4871 11.0285
80.7744 11.1052
78.6672 11.0498
75.4469 11.0298
78.1317 11.4345
78.3547 11.3355
77.1623 11.2013
82.2273 11.0618
79.6726 11.1516
80.5248 11.1879
80.7607 11.2573
83.405 11.2574
83.1732 11.2596
89.2454 11.2665
89.3638 11.0786
88.2527 11.2132
86.1818 11.574
83.8789 11.2456
82.6255 11.2107
80.2151 11.3058
79.6469 11.0968
81.874 11.2834
78.5459 11.2816
83.009 11.2808
78.6035 11.2805
76.905 11.2824
76.7744 11.282
78.3698 11.2636
82.5989 11.2436
84.7185 11.1622
84.5561 11.1505
84.6657 11.0345
81.8491 11.1879
83.1903 11.2611
83.3555 11.3773
87.4567 11.1463
82.1882 11.68
77.4945 11.1123
84.6665 11.2718
82.2563 11.4176
85.303 11.3007
80.2309 11.1048
78.5381 11.4998
81.7978 11.0911
77.3347 11.239
79.6563 11.2678
72.4486 11.1079
76.2135 11.1287
74.5817 11.0795
74.8478 11.1023
77.6657 11.4887
78.1644 11.1363
79.9502 11.3263
77.5919 11.3698
75.9565 11.1937
77.8196 11.1564
75.0797 11.1217
79.4588 11.1026
80.2072 11.0869
81.1085 11.053
80.431 11.2509
78.7792 11.2107
81.3875 10.9551
84.7854 11.0226
84.1371 11.4128
84.5346 11.1804
83.3586 11.1617
81.7909 11.0277
80.0131 11.22
79.4406 11.3892
82.4013 11.0208
77.95 11.1598
79.7215 11.0977
78.6996 11.0849
81.9542 11.2041
84.3367 11.4738
83.7515 11.3486
83.7064 11.2709
84.9955 11.2901
83.6448 11.2464
81.5166 11.621
79.5715 11.3374
81.0931 10.9746
79.2222 10.9383
79.0493 10.9988
81.9954 11.0457
80.2138 10.9885
81.0795 11.2752
79.9527 11.2249
81.1973 11.1105
84.3873 11.2602
82.5599 11.1942
80.1707 11.1294
79.9722 11.0653
78.6988 11.1228
81.0566 11.1691
76.8866 11.1061
81.0371 11.1856
84.2172 11.1792
81.9712 11.1085
88.6611 11.4481
87.2311 11.0803
86.6575 10.9998
84.0571 11.146
83.9649 11.0828
84.7621 11.0503
85.5987 11.2268
83.7228 11.1547
82.6169 11.1568
87.9137 11.0449
82.9551 11.0417
85.9421 11.0999
89.6763 11.077
91.3041 11.1303
95.5155 11.1152
92.7103 11.367
83.1941 11.3038
82.6875 11.2656
84.1708 11.0468
81.6336 11.1916
78.4837 11.1725
78.6156 11.0363
76.7537 11.3385
77.434 11.3577
75.4808 11.2217
82.3794 11.1093
79.6212 11.3742
85.2801 11.2463
85.3611 10.991
87.2663 11.0301
88.6499 11.0776
94.1201 11.0783
88.8847 10.9692
87.2287 10.8883
88.1303 11.016
89.0537 11.1993
91.3684 11.3364
92.8152 11.3105
89.881 11.482
94.0238 11.2903
90.7685 11.0698
90.1378 11.4755
90.1993 11.11
94.4392 11.2742
94.539 11.0567
93.8403 11.1294
97.6332 11.2317
92.329 11.1732
85.9365 11.2176
86.9361 11.034
81.4132 11.4176
83.1847 11.1758
80.1704 11.13
79.8712 11.2865
83.1095 10.9953
83.0183 11.328
83.3127 11.2554
80.3092 11.2787
80.5922 11.1424
86.0867 11.2351
83.7062 11.1668
85.3346 11.1673
85.3738 11.0798
83.0325 11.5376
80.8546 11.369
83.6689 11.2701
84.1446 10.8878
76.6826 11.0307
79.4684 11.0515
76.6198 11.0375
78.3333 11.2145
78.8162 11.1467
79.3732 11.3617
79.8034 11.3007
78.0715 10.9877
82.7161 11.0933
76.9975 11.3149
76.2425 11.1293
77.3845 11.2092
76.8122 11.1964
79.3763 11.3234
78.8933 11.3638
76.9583 11.1969
77.8706 11.4336
80.1783 11.285
77.6269 11.2698
73.5808 10.9866
77.7806 11.2984
79.2187 11.019
77.8734 11.2802
76.1613 11.3249
79.0949 11.0618
78.2469 11.047
77.7175 11.1588
82.7299 11.0458
77.8307 11.2733
78.9692 11.2036
77.4083 11.3187
79.3237 11.2596
79.2779 11.218
78.9581 11.0324
80.6196 11.2001
77.5003 11.2114
74.3257 11.3371
72.7738 11.209
80.3674 11.0711
82.2987 11.1954
80.7691 11.1507
81.3773 11.3522
76.0282 11.2959
76.7452 11.2453
81.367 11.1001
82.4943 11.2002
82.1059 11.2441
79.3633 11.5046
79.2127 11.521
83.2554 11.3985
82.331 11.1019
78.7689 11.1099
77.4403 11.2867
80.5704 11.235
82.6384 11.1492
77.8991 11.0871
81.0432 11.3293
73.7196 11.3308
75.249 11.2345
77.8004 11.3503
78.1559 11.3947
80.6533 11.304
80.3938 11.0595
78.8391 11.0772
83.9108 11.2254
87.1716 11.3999
87.3389 11.2038
90.1223 11.1519
91.5174 11.1121
84.7913 11.3923
77.6765 11.0648
81.7645 11.1437
79.2038 11.1296
79.1054 11.1074
78.6155 11.2099
78.4987 11.2368
80.1178 11.2457
82.8712 11.242
78.0537 11.3288
78.3731 11.102
81.124 11.2988
80.4292 11.2761
75.7067 11.2812
75.4212 11.2387
82.2141 11.0346
79.9067 11.1586
84.0416 11.4063
81.0156 11.0075
81.9588 11.0388
80.1958 11.0386
74.6413 11.1854
74.9327 11.1841
76.4764 11.2729
79.1238 11.2096
76.9774 11.1466
77.4199 11.0904
80.7118 11.0586
79.0934 11.3047
81.3981 11.1747
80.3371 11.0622
80.219 11.2286
79.1927 11.3093
77.6661 11.1115
82.7546 11.188
82.5606 11.1474
85.2281 11.5076
84.7647 11.215
88.9847 11.1242
87.7859 11.2904
87.0927 11.0321
87.1707 11.2681
92.7113 11.2689
95.3592 11.2727
94.826 10.9706
80.7397 11.218
75.4921 11.3643
78.3607 11.1109
80.7506 11.3497
74.6682 11.2429
76.7782 11.1851
75.6445 10.9496
77.2607 11.1661
77.1632 11.1253
80.9506 11.0464
77.6016 11.2672
82.4641 11.1767
81.3836 11.2675
84.0851 11.3315
82.1358 11.2053
78.7854 11.2843
78.0968 11.4101
80.1293 11.2721
83.9609 11.2074
88.6971 11.2627
88.6971 11.2741
83.3311 10.9555
85.7712 10.9621
80.8334 11.0319
82.9857 11.2184
81.0187 11.1491
81.1117 11.1924
79.0395 11.4819
79.9011 11.3731
80.0249 11.2247
75.0781 11.1912
77.9566 11.3725
76.9912 10.9502
74.3007 11.0729
78.0832 11.1542
79.4078 11.2412
80.0832 11.0649
85.1197 11.1525
79.326 11.1564
76.7321 11.4018
78.5397 11.1643
80.6138 11.1499
83.5843 11.4239
81.8894 11.4067
81.9394 11.1786
80.0608 11.2948
79.637 11.0446
78.1758 11.1086
81.0703 11.1143
77.3454 10.9477
75.3814 11.2149
76.4077 11.1661
80.7014 11.1352
81.4523 11.2655
79.7942 11.0611
81.9506 11.147
77.5134 11.2549
81.1708 11.3665
81.0973 11.1188
87.9945 11.0554
85.7606 11.0323
83.2291 11.1502
93.5294 11.1014
92.7958 11.1497
90.8405 11.0649
82.3604 11.165
80.4708 11.2476
78.8021 11.1175
76.4316 10.9959
76.805 11.3395
76.9045 11.1788
81.3758 11.0664
82.1816 11.1523
79.1463 10.9301
79.6087 10.9784
80.044 11.3085
74.5784 11.2491
81.8238 11.1774
76.6353 11.1602
77.2495 11.0467
75.7032 11.0282
78.1259 11.1079
75.9566 11.1367
75.7197 11.2908
76.7918 11.2299
76.0629 11.0997
72.7095 11.3196
75.7794 11.2904
79.2592 11.2467
75.1954 11.1101
78.1471 11.0137
75.2609 11.1458
79.9111 11.2097
81.7133 11.1589
83.9822 11.356
84.0925 11.0378
84.9823 11.0376
85.7491 10.9746
82.7769 11.0045
83.0709 10.9808
78.0457 11.2805
82.312 11.2724
83.221 11.2262
88.3529 11.2532
82.9072 10.967
86.7425 11.225
86.4103 11.0944
85.9588 11.2522
87.5225 11.1826
86.5113 11.2405
85.3904 11.2592
88.9498 11.2429
87.9041 11.1698
91.1586 11.2502
85.2506 11.4866
83.2719 11.2953
79.936 11.2738
80.0218 11.2363
74.9342 11.112
78.354 11.0301
80.0913 11.0213
78.5197 11.0117
85.6206 11.0834
79.8662 11.2755
78.6963 11.1192
79.966 11.1512
80.4521 11.2111
79.1344 11.1081
80.6789 11.1978
83.4096 11.218
81.9745 11.176
80.9786 11.1059
77.0917 11.2503
73.0874 11.2164
75.397 11.4446
82.051 11.3591
82.3678 11.1512
82.3951 11.1386
88.5233 11.1056
80.2868 11.101
84.0719 11.041
86.9125 11.202
83.302 11.2115
82.1173 11.1661
81.4715 11.1755
86.2551 11.3087
87.1806 11.1348
84.6058 10.8636
82.8356 11.2448
84.4054 11.4461
83.9839 11.017
75.3835 11.2591
77.5523 11.1826
76.205 11.1142
79.2121 11.1155
83.0658 11.2109
83.3016 11.275
79.2039 11.3612
77.8524 11.1701
73.7849 11.1227
72.0103 11.2203
75.5216 11.1104
76.7405 11.2586
78.5444 11.0146
