101.832 7.06393
99.5747 7.19683
101.223 7.06419
101.655 7.05705
104.981 7.06567
105.865 7.19962
103.92 7.02036
103.762 6.98173
105.391 7.02954
104.038 7.04025
105.326 6.83535
104.046 6.98083
103.917 6.96061
103.721 7.14086
101.883 7.09084
102.366 7.05094
102.081 7.01005
105.199 6.86269
104.351 6.99105
106.215 7.08013
101.795 7.04894
100.109 7.03312
100.445 6.97068
101.504 6.92758
100.969 7.11639
101.468 6.94187
102.743 7.07705
102.023 6.91061
101.206 7.02622
102.205 7.06317
103.898 6.97081
104.393 7.06199
107.663 6.95891
104.908 6.95939
103.903 6.95806
106.986 6.94388
103.205 7.05098
100.201 6.99629
99.9974 7.0937
101.549 7.19334
101.964 6.98498
103.348 7.14118
104.993 6.87575
105.882 7.08209
104.888 7.01902
106.19 6.89302
102.174 6.94532
105.896 7.07277
104.154 7.07584
103.169 7.01072
102.747 7.02779
101.702 6.97751
101.993 6.96962
102.017 7.09333
105.011 7.04039
109.088 7.12384
107.324 6.81102
106.681 6.91856
106.409 6.9612
106.268 7.07492
103.931 7.10234
103.105 7.05485
104.135 6.99036
104.525 7.09879
104.481 6.93953
104.575 7.10318
102.277 6.94118
104.14 7.00042
102.884 7.16915
104.11 7.02477
103.282 6.94807
104.841 6.90845
104.091 7.09097
102.811 7.03574
105.031 7.01476
104.255 6.94801
105.875 6.98675
106.848 6.93936
104.434 6.97464
102.071 6.94585
101.525 6.94585
101.871 6.99557
103.856 7.01112
106.518 7.08265
104.465 6.92426
103.36 7.04494
104.377 7.05802
104.683 7.07637
104.505 7.0411
106.167 6.81511
100.456 7.09785
102.772 7.07495
102.78 6.99284
101.079 7.09312
105.133 6.9108
103.724 6.93979
107.765 6.93586
104.27 6.98989
104.965 7.09654
105.257 7.04095
105.184 6.92666
105.971 7.01707
103.881 7.01261
102.707 7.1273
105.304 7.01155
106.705 6.98407
104.599 7.0136
103.82 7.01278
106.174 6.86672
105.505 6.9825
105.943 7.00917
104.095 7.00676
102.682 6.83151
107.439 6.82198
105.786 6.96552
108.086 7.02929
105.506 7.03085
107.868 7.10025
106.684 6.97762
105.608 7.11734
105.097 7.13675
102.734 7.16098
102.307 7.12583
100.338 6.9212
100.328 6.89059
101.523 7.01497
100.045 7.06379
103.327 7.04924
104.395 7.02839
106.159 6.99259
108.783 7.00043
107.251 6.96189
108.012 6.87538
104.381 6.96452
109.815 6.95589
108.163 6.78731
106.485 7.05182
106.583 7.0767
103.054 6.94385
104.669 6.94385
104.493 6.96898
98.3326 7.00081
100.1 6.96136
105.251 7.03335
105.691 7.08623
104.567 6.92038
104.603 6.92857
103.303 6.95676
102.439 7.01643
100.157 7.00662
101.965 6.90326
106.388 6.96939
106.891 7.05677
105.042 7.03021
108.173 6.98698
104.763 7.02439
104.668 7.01979
105.543 6.97475
106.168 6.99849
101.409 6.9497
100.73 6.9527
102.624 7.04411
103.019 6.85313
100.819 7.02393
100.967 7.00709
102.732 6.88921
103.241 6.91158
102.794 6.91447
104.496 6.89229
101.295 7.08185
102.799 6.90068
106.197 6.90957
102.432 7.05402
106.699 7.06196
106.992 7.11265
102.458 6.90563
103.547 7.03167
103.03 6.97247
104.064 7.0229
106.996 7.03315
104.374 7.10185
103.579 6.90059
107.675 6.83051
105.884 6.89813
100.259 7.08117
101.327 7.11151
102.009 7.15312
101.84 6.94252
102.29 7.01517
104.584 7.06237
103.514 7.05123
99.7838 7.02678
99.0505 7.01808
101.577 7.04493
103.28 7.01731
103.501 6.96294
103.758 6.97757
104.779 6.98335
105.958 7.0699
104.857 7.03397
103.147 6.98498
102.529 7.02752
104.09 6.9428
104.834 6.93803
99.5231 6.95337
105.714 6.98331
101.614 7.07473
103.068 7.13922
102.814 7.02456
104.547 6.99152
103.456 7.02044
102.526 6.84825
101.336 7.04763
100.864 7.10743
103.406 7.05395
104.102 6.97763
103.613 7.0406
102.846 7.17096
103.942 7.03617
101.764 7.02464
100.588 7.08668
101.208 7.07722
100.602 7.0762
103.949 6.8655
105.2 7.13227
104.652 6.99167
108.347 6.97937
107.351 6.99567
109.35 6.98204
106.378 6.88427
106.533 6.99832
106.183 7.04634
103.241 6.95031
105.566 6.89831
104.082 6.89515
102.889 7.10857
104.075 7.00693
105.423 7.02941
105.525 7.0424
103.535 7.00123
106.077 7.05978
107.069 6.98369
104.909 6.87075
102.275 6.87095
106.148 6.96504
102.934 6.90632
103.305 6.90544
102.192 6.97045
100.343 7.00117
103.665 6.98005
102.446 7.05479
103.666 6.94841
103.147 6.96887
103.187 6.9236
103.184 6.97449
101.638 6.98198
102.504 7.02107
106.548 7.09269
104.777 7.01677
101.432 7.05547
100.105 7.01138
101.545 6.96644
102.101 7.0282
99.2374 7.00893
104.623 6.88899
103.372 6.98188
105.906 7.03904
106.362 6.97077
108.352 6.9868
103.926 6.88626
104.784 6.9706
106.18 7.02468
102.624 6.93662
100.823 7.05138
100.374 7.01047
102.983 6.78223
105.587 6.9315
102.416 7.05378
106.485 7.00436
104.228 6.99034
105.53 6.92239
104.549 7.01038
106.132 6.94156
105.156 7.16404
105.779 6.87089
104.156 7.01157
103.975 7.08431
100.78 7.05327
97.2979 7.07216
101.082 7.01848
100.526 6.95334
99.0807 7.03257
103.356 6.97343
104.566 6.91753
105.657 7.08978
105.931 6.97852
100.797 7.00445
103.777 7.01037
103.118 7.08562
105.388 6.95503
105.5 7.0233
103.048 7.07299
101.653 7.07353
101.66 7.07512
102.239 7.14329
101.519 6.93364
102.402 6.9984
102.625 6.98591
101.806 6.9679
102.026 6.98633
101.307 7.00885
99.225 6.93104
98.8622 6.7964
102.792 6.99389
101.773 6.96586
103.805 6.8617
102.953 6.91163
102.04 7.09137
103.808 6.88622
101.279 6.90061
101.279 6.9006
98.8672 7.15651
100.753 7.06586
101.571 7.01397
102.731 6.93253
101.522 7.04108
101.7 6.98454
101.126 7.01716
99.8611 6.93235
104.239 7.09086
102.651 7.03717
103.206 6.98678
107.586 7.01574
106.968 6.89808
106.39 6.87645
103.093 6.99667
105.469 7.08221
106.513 6.99517
106.889 7.00141
104.692 7.03265
105.452 7.02612
103.822 6.86399
105.73 6.96349
103.919 6.92308
104.401 6.97635
105.317 6.78023
107.932 7.06709
106.803 6.95223
101.907 7.0431
105.643 6.88687
106.319 7.07507
105.212 7.09659
105.944 7.09661
105.02 7.07112
104.538 6.99926
103.017 6.94887
103.846 7.10214
103.55 7.10722
102.561 6.90279
104.004 6.89667
99.6812 6.99505
101.237 6.96672
107.032 7.08532
105.699 7.03734
106.77 7.05783
104.031 6.98586
101.662 7.07786
102.842 7.12671
105.245 7.10117
102.8 7.12388
104.922 7.04704
101.943 7.04211
100.254 7.0723
99.924 7.105
100.848 7.0807
102.179 7.0271
103.542 7.02935
105.743 6.95685
106.843 6.91391
105.816 6.99592
106.064 6.95549
109.172 7.07695
108.961 7.22909
107.957 7.16967
109.62 7.02759
101.267 7.02181
103.002 7.06933
99.3197 6.88873
101.889 7.09183
101.416 6.95933
103.658 7.01615
100.879 7.0545
100.625 7.22371
102.102 7.13025
103.762 6.94466
102.705 6.94806
100.151 7.1996
102.381 7.04337
102.469 6.96964
101.87 6.9568
103.024 6.92272
101.88 6.99331
100.791 6.92832
101.877 7.07679
103.724 6.97582
102.452 7.04648
98.8778 7.03546
102.231 7.07766
101.669 7.03379
102.909 7.09792
102.719 6.96379
107.005 7.00894
103.079 7.16879
103.441 6.93206
105.066 6.93051
104.402 7.07542
105.757 6.98325
104.287 6.99157
103.321 7.07818
103.961 7.16657
102.578 6.8576
105.856 6.99964
107.153 6.96997
106.824 6.90091
106.601 6.92841
105.441 7.03985
106.479 7.05902
109.683 6.95327
109.689 7.01692
109.59 6.99916
107.813 7.01795
106.677 7.00639
104.743 6.9979
103.386 6.94425
100.126 6.93629
102.908 7.08786
102.343 7.03944
104.669 6.87204
102.952 6.88962
107.184 6.91731
103.305 7.02854
103.297 7.0351
105.873 7.06449
103.653 7.03089
101.748 7.02543
102.719 7.00843
102.393 6.83901
101.067 7.01348
103.96 7.09006
103.525 6.97116
101.053 7.05284
103.154 6.91009
103.516 7.01634
104.811 6.95765
104.046 6.99305
105.042 7.07057
104.194 7.11999
103.648 6.99384
102.244 6.88146
101.288 7.05405
100.498 7.00454
99.4125 7.04977
102.214 7.20931
102.681 7.01732
104.328 7.00033
102.661 7.06758
104.526 7.02958
105.321 7.00687
103.532 7.10536
103.828 6.90662
103.138 6.98981
103.562 6.91772
105.069 7.03107
102.558 7.02944
101.967 7.05192
104.274 7.01841
104.96 7.0261
102.899 7.0164
102.761 7.06582
105.523 6.97944
107.881 6.82769
107.05 7.04538
103.313 7.03406
104.538 7.0016
102.73 6.99725
103.586 7.06061
101.059 6.99475
104.256 6.99443
104.202 7.04118
100.986 7.10125
101.332 6.95782
101.776 6.9694
101.276 7.02508
102.221 6.81324
104.028 6.93378
104.695 6.97972
105.421 7.07119
103.433 7.02802
102.24 6.93836
101.828 7.10632
102.086 7.01866
101.82 7.01808
104.865 7.00848
108.881 7.00047
105.043 6.9953
102.784 6.93599
100.457 7.10303
104.832 7.03338
105.229 6.96271
108.301 6.95209
108.872 7.04726
105.788 6.92151
107.666 7.08129
103.907 6.91085
103.087 6.96257
99.8496 6.95829
103.981 7.05634
104.813 6.93216
106.741 7.0603
104.703 7.09653
106.763 6.98076
104.23 7.10088
104.591 7.01468
108.326 6.8661
103.593 7.13168
101.864 7.10791
105.935 7.0713
105.879 6.94846
106.342 7.03046
103.582 7.07818
104.204 7.06113
104.676 7.00504
101.446 7.02615
101.836 7.00665
102.48 7.09171
103.141 7.06292
107.524 6.93464
108.304 7.00238
104.579 6.9755
104.607 7.02263
106.493 7.07004
107.246 7.04274
106.098 7.02137
108.222 6.99874
105.744 7.15306
104.46 7.04616
103.382 6.93928
99.7292 6.93979
103.403 6.93237
102.008 6.99727
101.229 7.02689
102.466 6.98266
103.079 7.00895
102.142 6.92505
99.405 6.94369
99.9729 7.11988
102.429 7.08356
102.78 7.0163
102.552 6.92654
103.621 7.04312
106.183 6.99588
107.338 6.92692
104.152 6.91074
103.295 6.93819
103.301 7.08543
103.272 7.13302
104.099 7.01132
105.263 7.12714
100.983 7.01826
98.3349 7.08282
98.125 7.05452
100.555 6.95803
101.329 6.93801
98.692 7.02628
100.318 7.00091
101.144 7.01321
101.984 7.08774
108.781 6.86905
107.222 6.84526
109.853 6.96832
108.781 6.92976
102.432 7.01375
104.16 7.08284
104.058 6.96694
102.771 6.87179
102.618 6.9742
103.204 6.9129
103.167 7.0523
103.71 7.1339
101.841 7.18956
103.061 7.03832
102.511 7.13216
99.2772 7.089
102.583 7.01098
101.955 7.07643
100.97 6.92359
102.848 6.89851
101.621 6.95401
97.3494 6.88034
101.026 7.05464
101.348 6.94679
101.436 7.04271
105.993 6.94362
104.473 7.02497
99.4454 7.02507
103.106 6.93546
104.647 7.02203
103.434 6.98372
101.595 7.17803
103.899 7.00174
104.114 7.11433
107.063 6.96503
106.978 6.80842
106.605 6.96905
108.227 7.05603
105.96 7.05784
103.517 7.16751
100.906 7.07016
101.864 6.97599
100.698 6.90633
102.204 7.05061
101.558 7.05357
100.264 7.11247
99.8183 6.98268
98.3854 6.96992
99.3309 6.85402
102.679 7.10831
101.189 7.10301
105.03 7.05131
105.52 7.01631
103.373 6.89961
100.485 7.01789
104.574 6.9892
102.226 6.94603
102.001 7.00667
101.779 6.93344
102.375 6.97473
103.083 7.12231
104.225 7.00637
106.373 7.1296
103.988 6.96831
102.486 6.95217
105.365 7.02898
106.287 6.82732
101.98 6.95435
101.395 7.05137
104.087 7.07247
101.349 7.09685
101.026 7.05574
100.784 6.99033
102.307 6.92286
104.677 6.96263
105.034 7.04706
104.943 6.89642
102.774 6.95789
103.612 6.98437
102.443 6.95672
101.267 6.99005
101.138 7.12308
101.268 7.05669
105.605 7.00069
108.888 7.00851
105.635 7.03335
106.176 6.98925
106.615 6.85373
105.785 6.98937
104.88 6.81896
104.019 6.98214
103.951 6.93381
105.54 6.99324
106.83 6.92769
105.405 7.03876
104.389 7.07515
104.88 7.02887
106.852 6.96737
103.221 7.09728
101.038 6.96073
103.548 7.11209
101.965 6.94617
104.117 6.95232
102.036 7.0536
104.604 7.03251
104.286 7.05238
105.635 6.97204
105.936 6.97088
107.273 6.98896
107.582 6.99631
109.029 7.00548
108.201 6.96978
107.697 7.00935
109.255 6.8797
107.185 7.25209
105.06 7.06841
105.473 6.92606
104.83 7.00839
102.173 7.04077
102.582 7.16928
105.609 6.95087
104.833 7.02745
105.408 6.93088
106.933 6.92691
106.504 7.05851
103.746 7.09874
108.139 7.10553
104.867 6.95034
104.536 7.09478
108.444 6.9701
108.412 7.01233
108.412 6.97719
105.963 7.00955
103.514 7.05247
106.492 7.02108
105.887 6.9791
105.394 6.97715
107.143 6.97703
106.534 7.06886
106.512 7.07625
105.683 6.902
105.552 7.13482
107.241 6.90191
107.453 6.94111
104.984 6.95031
104.219 6.92279
103.205 6.94679
101.438 7.00284
107.316 6.96999
104.676 7.09774
102.709 7.07212
101.653 7.13094
101.756 6.97095
101.072 7.07522
104.791 6.91266
104.094 6.96229
101.494 6.95163
101.677 6.95077
103.325 7.00661
101.27 7.02935
98.6517 7.0061
96.9298 7.07297
99.019 6.91674
104.215 7.01058
103.078 7.08042
100.608 7.0288
101.994 6.92673
100.065 6.99244
101.65 7.14224
102.153 7.13478
102.153 6.96706
106.612 7.06277
105.588 6.91021
106.436 7.09873
105.295 7.13515
106.475 6.99829
107.92 7.02029
107.529 7.12835
107.636 7.01781
105.722 7.00679
102.713 7.02561
101.445 6.86665
101.26 7.08005
102.411 6.89641
102.409 7.09642
104.219 6.96618
103.689 6.93147
102.239 7.07155
103 6.95878
103.636 6.93963
106.24 6.93836
107.789 6.96122
104.363 6.97041
105.567 6.97339
100.2 6.97303
100.632 7.02295
99.4308 7.12956
96.2215 7.1331
100.763 7.03504
104.094 6.90669
102.36 7.0871
102.235 7.00393
101.411 7.04875
102.974 6.96844
102.285 7.14969
103.244 7.0226
99.6924 7.02841
101.063 7.01879
101.497 7.00878
101.531 7.11368
102.337 6.94306
102.919 7.02477
101.973 6.98966
101.011 7.07675
102.382 7.04181
102.076 7.09449
97.8404 7.17596
101.979 7.08557
102.734 7.01028
102.687 6.9088
102.425 6.92757
101.583 6.86049
101.753 7.11925
102.976 7.11185
100.549 7.05029
105.234 6.951
105.257 6.85285
104.794 6.87409
107.726 6.97615
103.53 6.9472
104.845 7.00712
103.437 7.03174
102.481 7.05576
102.86 7.06049
100.988 7.02422
102.39 6.91678
102.069 7.01891
98.832 7.05893
100.818 7.21875
103.42 7.20029
102.743 7.07452
102.375 7.06789
101.443 7.07514
101.5 7.11768
101.663 7.03523
106.229 7.07357
103.653 7.08112
104.898 6.92782
104.923 6.92301
100.407 7.18768
98.6497 7.13734
99.5833 6.9777
99.5261 6.97311
102.031 7.02866
101.666 6.94752
102.207 7.18358
109.139 6.97901
107.993 6.97589
107.128 7.08881
105.012 7.12454
104.924 7.02484
104.491 6.94026
102.472 7.06248
104.247 7.03256
103.696 6.99046
106.34 7.01199
102.913 7.05267
104.025 6.98155
102.02 7.09938
103.426 7.09938
104.321 6.98489
106.271 7.10307
105.569 7.09711
104.672 7.05053
104.567 7.05209
103.829 6.96677
99.2065 6.99104
101.595 6.98873
101.912 7.04649
104.64 6.95095
108.258 6.96353
107.835 7.05389
106.597 6.8853
108.682 6.88003
109.738 6.90638
107.45 7.1156
109.708 6.94978
110.226 6.99639
109.209 7.04215
107.337 6.87959
103.537 7.06456
104.187 7.12849
105.649 6.9474
105.383 6.94659
99.6454 6.97076
103.025 6.98338
104.79 7.00101
104.749 6.99861
105.483 6.98995
105.588 6.95505
104.047 7.05537
100.707 7.17779
101.373 7.04442
100.531 6.93322
100.59 6.90603
107.684 7.18216
106.925 7.09402
104.106 7.00995
104.431 7.0492
106.154 7.06323
106.034 7.18171
107.123 7.01906
107.123 6.97962
102.702 7.04779
102.142 6.94173
101.456 6.9211
99.6905 6.86936
99.6905 7.06826
101.696 7.17905
103.891 6.91794
104.116 6.93582
104.304 6.98277
103.184 6.97387
103.751 7.05533
102.905 7.04619
98.8116 7.06829
97.3132 7.05023
99.7497 7.02422
100.87 7.04695
101.604 7.01381
103.109 6.95194
103.508 7.0805
104.132 6.9526
106.487 7.02484
102.366 6.94026
104.626 7.01241
100.469 7.14445
104.703 7.04951
101.624 6.93052
107.51 7.13039
106.964 6.99294
103.439 6.95152
106.794 6.9135
102.871 6.88399
102.904 6.95507
106.076 7.04278
106.436 7.03756
107.571 6.96559
107.925 7.04645
106.154 6.9383
102.029 7.05222
98.6052 7.09838
104.921 7.12066
103.375 6.95565
106.097 6.98229
102.998 7.03564
101.447 7.05114
102.825 7.02541
102.492 7.11005
103.356 7.00309
104.699 7.15347
103.142 6.9342
103.723 6.90346
98.6087 7.17219
102.288 7.05866
99.871 7.09559
105.281 6.88724
104.564 7.0325
104.069 7.11846
107.016 7.05081
105.23 7.10889
103.173 6.97396
106.347 7.05796
106.586 6.92343
103.139 6.93282
101.739 7.02361
106.668 7.07994
105.452 7.05478
107.675 6.96256
101.97 6.96591
103.65 6.9831
103.332 7.03791
101.827 7.04403
105.663 7.01786
106.229 6.99604
108.779 6.95972
110.091 6.97177
108.743 6.94988
109.572 6.97495
106.678 7.00904
100.565 7.00976
106.462 6.9158
105.235 7.06475
107.527 6.95321
105.96 6.9411
105.781 6.92913
111.669 6.83979
105.606 7.00903
108.672 7.06747
102.751 6.98564
102.518 7.12009
99.5068 7.03439
107.954 7.05508
109.576 7.09062
103.498 7.00148
99.8504 6.97411
103.552 6.93038
101.683 6.93394
102.012 7.06916
102.822 6.9617
102.023 6.93055
99.5299 6.93546
99.827 6.99505
99.827 6.97921
99.5763 6.98048
103.249 7.1689
99.9214 7.03684
101.625 7.01674
102.408 7.03008
102.259 7.00427
99.362 7.10447
100.33 7.0778
102.29 7.03516
104.019 7.17124
104.964 6.89253
105.385 6.86779
109.111 7.02902
104.963 6.98863
105.845 7.0265
107.479 7.0265
106.275 7.04049
103.122 7.08101
101.947 6.87564
102.086 6.97277
106.934 6.92546
103.481 6.94823
105.16 6.79569
107.518 6.9625
106.556 7.01349
104.599 6.9793
101.638 7.11454
100.426 6.91647
101.79 6.93077
102.607 7.00466
105.124 6.93136
102.082 6.96601
102.694 6.88926
105.8 6.94808
106.273 7.00693
102.742 6.96179
104.354 6.9728
102.877 7.02631
101.626 7.00292
103.377 6.99628
100.441 6.97769
99.7352 6.95869
101.905 6.95985
101.413 6.92709
100.458 7.09916
98.8363 6.94231
100.34 7.13594
103.74 6.86575
107.107 6.99116
102.193 7.08672
103.041 7.1746
106.882 6.9998
106.694 7.01163
104.438 6.94207
104.378 7.05406
107.066 6.95023
106.084 6.91337
106.084 6.89977
103.982 6.89332
101.253 6.95092
101.371 6.98669
103.87 7.07562
102.268 7.04994
102.694 7.05839
100.758 7.01971
105.399 6.9038
105.866 6.85624
106.263 6.86557
102.967 6.9686
102.083 7.02672
101.403 7.20099
103.142 6.98931
100.832 7.0246
102.107 6.89259
105.472 7.04966
105.462 7.00841
101.948 6.98257
105.321 7.12355
101.28 7.16492
105.445 7.05109
104.224 7.09905
103.565 6.96438
103.4 7.10627
101.617 6.86141
103.184 7.01638
105.967 7.08381
103.302 7.11973
102.532 7.06358
98.8283 7.10077
100.241 7.0987
100.633 7.06556
98.2634 7.02087
100.368 6.9872
100.237 6.94343
101.555 7.01531
102.576 6.94253
105.439 7.05962
104.799 6.97508
104.249 7.06159
102.466 7.01505
99.2506 7.05928
100.12 7.10972
103.335 6.95714
104.287 7.04438
99.9099 6.98533
99.7984 6.99802
104.537 7.02459
103.502 6.92401
106.839 6.84683
106.839 6.93465
105.938 6.94476
102.706 6.86238
103.212 6.96998
100.326 7.02324
100.876 6.94966
99.5657 7.09949
99.861 7.08205
97.6242 7.12722
99.553 7.14005
101.379 6.91529
103.327 7.07863
100.686 6.97962
102.064 7.08764
103.519 6.86812
102.709 7.05624
104.667 6.93555
105.377 6.99495
99.8094 6.96965
102.167 6.98684
103.716 7.16677
106.067 6.978
105.47 7.01774
105.882 6.8999
108.327 7.01741
105.755 6.96753
102.612 6.87021
101.549 7.04211
102.767 7.0384
101.821 6.96162
101.521 6.99659
101.516 6.83927
101.802 6.89172
97.504 6.96726
103.645 6.98294
107.173 7.07101
107.451 7.05733
107.508 7.01395
104.663 7.08397
104.143 7.05597
104.313 6.97093
103.105 6.91647
101.618 7.06735
104.088 7.01864
102.045 7.04494
102.875 7.04528
100.903 7.09677
101.387 7.0615
101.924 6.8456
101.264 6.97495
101.722 6.88734
101.819 6.95958
104.265 6.92914
99.7524 6.92915
102.274 7.13584
104.037 7.04329
106.061 6.94753
105.818 6.95954
106.057 7.05842
102.351 7.04349
105.749 7.01792
106.578 7.0573
103.769 6.9633
100.572 7.06389
99.2021 6.96916
99.4547 6.93969
100.016 7.02252
105.263 7.05151
105.936 6.96439
103.703 6.90759
104.362 6.97696
104.008 6.98877
105.034 7.04366
104.083 7.01861
103.945 7.00098
104.581 7.02119
103.008 6.90882
103.479 6.82771
105.186 6.86808
102.99 6.99153
104.871 7.11381
100.906 7.09846
103.37 6.96704
107.251 6.98496
103.559 7.01762
105.985 6.9462
105.656 6.96383
105.195 7.10691
107.123 7.02529
105.844 6.97816
106.033 7.01296
105.282 6.94011
111.884 7.01976
115.182 7.00567
111.009 7.01506
107.457 6.97863
106.561 6.99187
109.608 7.01194
108.393 6.94241
105.687 7.15542
104.598 7.05281
101.088 6.90263
99.7964 6.88603
103.617 6.86
102.979 6.90758
97.3609 7.09262
98.3506 6.99571
100.853 6.88067
105.022 6.95227
103.795 6.96788
99.6184 6.97735
101.86 6.9758
104.622 6.91843
104.941 7.0016
103.738 6.99421
103.42 7.04498
105.319 7.06335
103.765 6.97391
102.036 7.14058
102.774 7.06213
103.264 6.90157
98.1249 7.0661
100.907 7.0161
104.535 6.96621
101.868 6.93877
103.742 7.08867
105.593 6.98551
103.818 6.90077
104.529 7.00943
100.627 7.06984
102.949 7.09755
105.441 7.03786
103.622 7.05464
102.933 7.04954
106.588 6.86911
106.289 6.87595
104.38 7.05373
104.628 7.16315
103.773 6.93169
102.164 6.95622
104.137 6.87314
104.563 7.2561
105.393 6.9654
107.739 6.92233
101.328 7.00486
98.9228 7.0801
101.96 7.00373
103.849 6.9733
101.884 6.99954
99.5373 7.06204
102.646 7.02836
98.4138 7.0274
98.6392 7.04062
103.356 6.96721
102.055 7.03187
106.758 6.89649
108.006 6.90908
104.753 6.94446
104.366 6.90246
103.147 7.1438
103.153 6.98023
104.012 6.92731
103.427 6.98933
108.048 6.99515
109.343 6.94621
105.569 6.97587
104.513 7.02857
105.305 7.0112
108.599 7.08109
104.324 7.03541
100.76 6.97051
109.539 7.173
107.714 7.05508
107.112 7.05522
110.405 6.98083
110.405 6.98959
105.71 7.1536
103.976 6.94742
103.77 6.95419
101.03 7.00193
102.355 6.84937
101.985 7.06821
102.671 7.01204
104.371 6.93434
101.102 7.00394
103.703 7.04025
103.764 7.00935
104.048 6.97248
102.386 6.91252
100.645 7.10377
101.982 7.08486
105.486 6.94893
104.956 6.83966
105.089 6.91537
102.778 7.05228
103.023 7.09565
101.601 7.0973
99.8954 7.03192
101.78 7.04913
99.5577 7.04391
101.276 7.15996
103.591 6.99344
101.678 7.0287
101.977 7.026
99.7253 7.01654
103.093 6.95226
103.937 7.11432
103.39 6.84782
103.098 6.89123
104.861 6.96834
105.806 7.0289
105.668 7.16952
106.648 6.90487
103.517 6.9235
100.724 7.09216
103.662 6.96585
101.45 7.11437
103.032 7.1967
98.9389 6.97925
102.483 7.01767
100.628 6.97591
102.821 7.06606
104.854 7.00077
102.506 7.14103
100.256 7.07291
98.5678 7.08842
101.021 7.14426
104.568 6.99532
104.71 6.96343
105.525 7.0258
104.949 7.02411
106.91 6.92482
104.463 6.97312
103.821 7.12977
105.264 6.99386
104.327 6.88407
103.606 7.04189
104.397 7.158
104.586 7.16363
107.484 7.16635
108.857 6.79446
109.472 6.94202
108.872 6.92896
105.433 6.8829
105.272 6.89227
104.585 7.09747
101.719 7.02729
101.673 6.9979
102.895 7.03388
104.654 7.06887
103.312 6.78154
105.058 6.99361
104.209 6.86959
106.103 6.92476
105.941 6.90381
108.099 7.11691
105.138 7.02715
104.141 7.05158
105.741 7.09228
106.845 7.03429
107.008 6.83773
101.792 6.95939
99.0891 7.09043
99.4609 7.01864
100.597 7.00932
102.139 7.06451
102.123 7.00354
102.246 7.09329
100.076 7.10171
106.054 6.86108
103.806 7.06395
102.637 6.90906
102.308 7.14446
101.017 7.051
100.906 7.04009
101.379 7.00957
100.991 7.09882
103.827 7.03692
103.571 6.97995
103.885 7.0076
105.44 7.11247
104.602 6.87892
105.238 6.95246
105.363 7.11088
105.361 6.97685
103.187 7.15493
105.438 7.12639
103.449 7.06959
106.958 6.96614
102.888 7.0187
103.259 6.94392
103.796 6.97652
107.277 7.00978
104.169 6.90455
104.607 7.04032
98.4947 7.03812
100.822 6.99039
106.125 6.93272
104.961 6.97454
101.883 7.18045
102.09 7.01154
99.989 6.9298
105.75 6.94959
104.529 7.12075
105.821 7.01982
106.227 7.02176
107.633 7.04262
106.412 7.03261
103.047 7.04378
108.589 7.02752
110.739 7.04693
115.197 6.9784
109.383 6.96176
105.414 6.91458
110.492 6.9126
101.629 6.91263
100.351 6.91261
99.1427 6.91316
105.981 6.91989
105.198 7.01541
103.638 6.96699
103.035 7.1047
102.486 7.02879
101.571 7.12622
103.31 7.04678
102.516 7.07032
101.955 7.1066
102.047 6.9773
100.769 7.03354
105.041 6.95802
102.763 6.95796
103.47 6.86149
102.661 7.03526
100.659 7.0236
99.8898 7.01156
99.5751 7.17583
98.6832 7.05021
102.858 7.00628
102.931 7.02613
106.777 6.91615
105.338 6.93621
105.895 6.89782
105.178 6.89063
106.075 6.86122
105.047 7.07001
104.802 6.99153
101.127 6.97142
103.168 6.88929
107.153 7.1155
101.997 6.94886
101.635 6.88479
100.941 6.98525
100.716 6.99602
101.55 6.97014
100.889 6.9767
104.038 7.00962
100.622 7.11869
95.8273 7.06475
95.6285 7.10538
98.4684 7.04728
102.356 7.06302
103.411 6.91621
105.931 6.87807
106.707 6.93938
105.023 6.92495
105.024 6.93676
104.562 6.91619
105.789 6.90666
106.448 6.90854
103.967 6.91365
103.273 6.87674
102.135 6.98292
102.112 7.16325
101.452 7.0069
99.9626 7.10886
105.789 6.79287
108.307 6.78695
106.102 7.15666
103.334 7.01437
103.461 6.99103
105.752 6.94681
104.491 6.93038
102.332 6.9927
102.624 7.0012
99.8289 7.04328
105.174 6.84135
104.966 6.9715
103.719 6.97366
103.797 7.05271
103.684 7.099
100.779 7.10057
100.868 6.93439
101.141 6.94237
101.523 7.02301
98.6036 7.04947
96.7249 7.17904
98.7035 6.87775
102.185 6.80855
101.478 6.99762
104.129 6.96078
98.64 7.00765
99.715 6.98312
99.0395 7.06241
99.5189 7.0801
101.106 6.9929
99.2709 6.94642
103.071 6.92302
103.314 7.05406
104.294 7.22912
105.053 6.95001
103.074 7.06373
103.984 7.06843
103.678 7.108
101.728 6.86515
100.119 6.94875
101.891 7.12964
104.911 6.89828
101.632 7.14318
103.239 6.92869
103.667 7.08931
102.521 7.11213
103.507 6.84456
104.459 6.91069
104.15 7.00743
103.446 7.0938
103.192 6.98328
104.903 7.00934
103.275 6.97764
104.954 7.14201
101.748 7.10887
105.777 7.0219
106.729 7.02596
106.241 7.00883
105.236 6.9982
107.21 6.95672
102.618 7.00713
97.8469 7.03073
103.028 6.95884
98.6876 6.89215
98.8077 7.12379
103.753 7.00451
104.357 7.09113
98.4761 7.11384
101.179 7.15755
104.77 7.06813
104.67 7.01989
104.764 7.00791
104.333 7.16326
104.202 7.24683
104.249 6.94054
102.857 6.97327
105.383 6.90839
98.8231 7.16038
100.055 7.08875
99.766 7.07989
98.4068 7.00155
100.494 7.01702
99.9949 7.00355
95.711 7.03441
101.94 7.06079
99.8149 6.97947
98.1434 7.021
103.871 7.16828
99.6696 7.01974
102.528 6.98202
106.626 6.90453
104.738 6.93773
106.456 7.13041
103.379 6.99888
101.935 7.0252
99.729 6.89043
102.832 7.0496
101.656 7.07172
100.526 7.11182
102.518 7.17104
99.8276 7.07629
100.899 7.02976
101.011 7.02241
103.764 7.03361
103.513 7.12968
102.754 7.05157
104.389 6.9989
104.438 7.09215
104.404 7.13183
105.189 7.09224
103.952 7.06216
103.162 7.01318
105.884 7.04702
106.849 6.99348
106.185 7.05922
106.58 7.07725
102.47 6.95899
104.608 6.99356
104.372 7.12126
102.319 7.13226
98.7677 7.17968
98.8451 7.05337
98.0633 7.06713
100.801 6.9601
102.685 6.98198
101.789 6.97789
100.516 6.89091
101.866 6.86469
99.9669 6.97339
105.431 6.98956
103.728 6.9905
103.35 6.956
104.813 7.01419
105.628 7.13247
105.431 7.20089
103.024 7.06579
101.17 6.98825
101.009 6.96609
103.601 7.09216
102.076 7.08108
104.876 6.87052
105.022 7.12203
105.022 7.04844
105.394 6.94146
107.272 6.77481
105.941 7.01724
102.854 7.04648
99.4584 6.96579
99.1667 7.1859
101.357 6.9555
102.76 6.92114
101.734 7.07016
99.1709 7.01154
99.9051 7.07737
98.6083 7.04816
102.582 6.91935
102.549 6.83778
104.248 6.87017
102.276 6.90069
102.166 7.01641
104.822 7.01444
102.676 7.02889
102.565 6.99953
103.787 7.02731
103.649 7.12965
103.026 7.08142
100.877 7.23461
103.245 7.04652
101.549 6.83773
102.272 6.9136
102.808 7.09779
102.484 7.06829
105.882 7.02607
106.438 7.00347
103.579 7.10431
105.032 6.98397
106.643 6.98428
106.98 6.97149
105.713 6.98838
105.639 7.07165
104.866 7.05107
104.761 6.9116
101.58 6.96215
103.776 7.08006
101.087 7.11909
101.087 7.06418
104.191 7.12061
104.133 7.1294
102.397 6.97787
102.066 7.07687
99.2212 7.06084
101.497 7.04724
101.123 6.97772
103.163 6.96181
102.946 7.09137
100.832 7.06696
101.08 7.03955
99.7434 7.00643
102.463 7.09212
101.928 7.07421
103.542 6.97241
100.333 7.19548
98.9737 7.14911
98.9376 6.94426
99.2616 7.0261
99.1124 6.916
101.387 6.98179
99.7704 7.07421
98.9228 7.0659
100.455 6.9099
99.8839 6.9222
99.976 7.05014
100.907 7.06374
103.331 6.92657
101.821 6.91233
99.4624 7.0052
98.426 7.04082
101.949 6.9677
103.421 7.04712
104.844 7.06215
103.587 7.05359
100.61 7.18683
101.343 6.92213
100.862 7.01097
102.503 7.09418
103.814 7.00588
101.39 7.05112
101.57 7.04211
102.735 6.97434
106.297 7.11855
101.604 6.93525
102.829 6.95776
106.224 6.97646
101.751 6.97223
102.652 7.06216
101.677 6.97585
102.123 6.91465
102.585 7.03913
103.844 6.9899
103.373 6.96514
106.714 6.96924
104.32 6.99374
105.347 7.00381
102.716 7.07625
102.241 7.11239
103.648 7.01685
103.644 7.03019
105.067 7.11758
104.74 6.93644
109.428 6.9723
103.888 6.97787
104.221 7.01813
103.982 6.998
103.888 7.05946
100.605 7.14835
101.69 6.91714
102.252 7.19891
99.7761 6.95
101.919 7.04667
100.92 7.07977
103.119 7.05343
101.648 7.05123
102.075 7.14353
104.51 7.01335
100.555 7.00296
103.377 6.98509
103.47 6.96455
103.591 6.98105
100.944 6.90338
103.365 7.02208
103.681 7.10795
103.09 7.07027
105.516 7.0071
106.437 7.0209
103.153 7.10604
107.358 6.92113
106.009 6.91021
105.978 7.03185
109.173 7.00703
111.606 6.99157
109.25 7.09613
105.366 7.08707
105.24 7.0206
105.76 7.00269
102.892 7.0522
110.231 6.93028
105.319 7.05474
104.7 7.02867
104.51 7.05215
104.79 7.07504
107.65 7.01148
105.019 6.97542
110.53 6.92144
104.879 6.96255
104.879 7.06872
106.399 7.08873
102.396 7.00171
105.767 7.02229
105.327 6.98415
102.26 7.09991
103.034 6.95648
102.153 6.93831
100.034 7.14798
100.347 7.18625
104.425 6.98471
107.064 6.93325
105.977 7.01489
105.405 7.00773
104.37 6.91797
105.688 7.17855
107.759 7.16107
103.787 7.02333
106.232 7.08728
109.141 6.90812
109.061 7.00532
108.788 6.91
104.385 6.91348
106.344 6.95596
103.232 7.06985
103.2 6.96582
100.982 7.06457
101.694 7.09467
98.5506 6.94197
99.311 6.89995
102.572 6.92892
101.456 6.99419
100.412 6.96471
102.035 6.96689
100.566 6.95483
101.896 6.96801
102.139 7.00267
98.2998 7.1321
104.939 7.13995
102.821 7.13338
100.002 7.1304
100.117 7.10196
99.7804 7.05687
101.136 7.01542
102.171 7.04862
102.444 7.06849
104.81 6.99376
103.617 7.10626
99.0134 7.02888
101.544 7.06605
103.232 7.11241
101.621 7.03733
101.395 6.91561
102.795 7.0841
103.101 6.94007
101.028 6.917
99.8025 6.9305
103.344 6.93009
105.208 7.04156
105.805 7.01364
102.262 7.00264
103.351 6.96004
106.518 7.01384
103.797 7.02349
103.484 6.92408
99.3575 7.1318
100.712 7.13207
104.592 6.92113
102.85 6.88043
109.175 7.12167
106.284 6.9333
104.115 7.04921
103.267 6.89337
108.678 7.07348
109.218 7.09401
104.972 6.93512
105.256 7.14693
103.961 7.14985
102.981 6.99927
101.925 7.00803
101.478 7.19588
98.175 7.0276
101.54 7.05215
100.471 6.96919
99.6557 6.96048
100.125 6.89273
100.201 6.89964
100.791 7.12543
99.9699 7.17538
105.047 6.89034
106.495 6.90299
105.091 6.93452
102.805 6.93206
102.723 7.08529
101.818 7.04974
105.221 7.04097
107.385 6.92875
107.965 7.0859
105.474 7.07888
101.805 7.00545
100.04 6.97713
100.142 6.9368
100.037 7.046
100.037 6.91606
98.8032 7.01627
98.4636 6.94116
98.3895 7.08479
101.071 7.11212
101.389 7.0718
99.1493 7.06868
104.049 7.06346
104.942 7.00925
107.831 7.01306
103.91 6.93726
101.816 7.05706
99.7711 7.15047
102.367 6.94734
102.632 6.88273
100.622 7.0662
100.622 6.94284
102.883 7.08472
103.509 7.01563
102.654 7.0067
104.812 6.99804
104.345 6.97864
102.994 6.93782
103.032 6.9506
103.377 7.00929
101.914 6.98371
101.197 7.08923
103.475 6.87696
101.961 7.11149
101.816 6.90673
100.714 6.98483
101.096 6.92385
100.121 6.97538
101.555 7.14084
100.554 7.13139
100.205 7.02562
100.33 7.01905
100.618 7.0387
100.286 6.98053
99.3536 7.03717
99.3721 7.23481
99.5307 7.12816
98.8713 7.03788
100.941 6.91624
103.266 7.04161
104.369 7.05501
104.192 7.06428
103.678 7.1334
105.002 6.88796
102.825 6.99285
102.13 6.97754
102.246 6.94369
102.295 7.07607
104.392 7.0216
107.386 7.03246
106.354 6.89853
106.499 6.97863
103.602 6.94793
104.912 6.97861
105.391 6.93286
106.723 6.81428
108.102 6.92006
104.191 6.9314
104.963 7.09517
105.45 7.03301
104.314 7.06063
104.679 6.94798
103.213 7.08949
102.882 6.95489
102.475 7.06301
102.807 6.97242
103.961 7.04233
103.327 7.11136
104.305 7.08431
101.451 7.03536
101.61 7.02151
102.118 6.90582
97.2963 6.99623
101.92 6.99475
103.655 7.09351
102.917 7.01384
107.178 7.07387
105.183 6.93328
104.813 6.94963
105.06 6.98283
106.192 6.983
105.474 7.00905
106.542 7.01509
102.324 7.03947
102.904 6.99344
100.062 6.96817
102.187 7.04316
104.496 6.89829
100.668 7.13886
98.6974 7.1843
97.9585 7.05824
103.56 7.15079
109.636 6.86244
105.839 6.98126
107.653 6.97774
106.19 6.98621
106.548 6.9709
102.226 7.09735
102.355 7.00777
106.634 7.03865
106.059 6.93423
106.831 7.01499
106.743 7.00916
106.737 7.04294
104.301 7.0283
103.132 7.1122
107.096 7.02588
100.252 7.21201
104.313 7.09642
105.795 7.00353
104.878 7.00557
104.368 6.96378
105.748 6.99673
105.093 6.909
103.173 6.94868
101.139 7.10581
102.662 7.08864
102.266 6.83444
103.534 7.01461
100.418 7.07101
97.9981 7.02593
99.9352 7.0856
101.214 7.10376
103.185 6.99443
107.155 7.06243
105.307 7.05568
105.919 7.02208
103.363 6.96823
102.844 7.07383
101.317 7.03146
101.317 6.98233
103.738 6.96597
101.89 6.95901
102.519 6.99931
105.051 7.027
104.839 7.14806
99.5473 7.04259
100.495 7.1454
101.802 7.13678
103.688 7.08917
102.784 7.21388
101.776 6.9323
104.05 7.03182
97.5205 7.00747
100.177 7.04037
101.403 7.0216
100.581 7.07381
100.88 7.10227
100.603 7.06883
102.554 6.9697
103.212 6.91811
104.174 6.98846
106.01 7.02281
107.139 7.05555
103.042 7.08607
101.355 7.06829
102.465 7.07369
103.649 7.07388
101.525 6.99025
103.632 6.99109
103.341 6.94364
100.231 7.03231
103.546 7.03741
106.886 7.0379
106.389 7.04233
105.598 7.0487
104.508 6.93472
105.946 7.0675
103.277 6.96756
100.503 7.00204
102.429 6.98534
101.326 6.99996
100.493 7.08125
102.241 6.99601
102.693 6.99999
102.93 6.88271
102.98 6.95816
103.833 6.91489
102.754 7.11134
101.412 7.00894
103.017 7.06206
102.697 6.8815
101.711 6.98031
105.353 7.10926
106.679 7.06014
109.105 6.91564
106.418 7.03957
105.723 7.04619
106.272 7.05298
106.29 7.10552
106.084 7.14126
105.257 7.02003
106.731 7.04312
103.051 7.0458
99.0316 7.03098
102.488 6.99849
103.255 6.99732
104.184 7.04391
104.691 7.02627
102.36 7.11801
106.244 6.93316
105.153 6.88878
106.011 6.91774
107.926 7.01203
105.143 7.00546
109.708 7
109.235 6.98488
104.786 6.95364
100.629 7.15851
104.554 6.94548
107.549 7.0449
107.688 6.90911
107.523 7.06773
107.523 6.88505
106.858 6.96381
104.218 6.89175
104.321 7.07841
104.171 7.00738
101.359 7.03641
101.131 6.83951
101.473 7.10704
104.56 7.07148
103.561 7.07666
102.789 7.03341
103.584 6.9835
104.927 6.95515
104.962 6.9528
106.865 7.08931
101.232 7.07504
105.07 7.09724
104.599 6.96119
104.375 6.85112
106.713 6.84889
108.041 6.98886
106.788 6.92236
106.451 7.03543
109.154 6.95606
106.913 6.87757
106.24 6.95696
104.011 6.99327
103.39 7.00707
105.937 6.96895
106.813 6.9607
104.432 6.98649
104.197 7.05661
102.974 6.99022
103.889 7.03948
105.64 7.09146
104.504 6.9156
106.902 6.92154
102.557 6.93807
103.903 7.00135
102.933 6.89171
100.629 6.89649
99.8063 7.02661
100.996 7.08587
102.96 6.90968
102.473 6.97541
103.13 7.08866
100.674 7.1588
100.727 6.96404
104.961 6.98158
105.877 7.06847
104.229 7.23066
104.229 6.92496
104.529 7.0124
105.047 7.00907
103.398 6.95265
105.314 6.94521
103.536 6.95632
102.817 6.96833
104.229 6.91766
103.595 6.93573
104.59 6.85831
101.899 6.97504
102.404 7.15279
102.405 7.05146
102.319 7.07758
102.314 6.93078
105.028 6.893
105.212 7.05766
103.133 6.99228
103.196 7.02283
103.482 6.88879
107.085 6.94438
103.386 6.92676
102.354 6.90079
103.35 6.93593
102.529 7.11035
99.1015 7.11724
100.098 7.05373
100.281 6.97312
103.085 7.11083
103.455 7.10544
105.896 6.82478
101.925 6.97405
103.97 6.77594
106.221 6.94887
102.614 7.00542
102.057 7.02836
102.307 7.06328
98.426 6.83111
104.395 6.96946
102.928 6.95119
103.028 7.11907
106.313 6.96894
104.466 6.91284
101.168 6.99998
104.453 6.85604
101.082 7.04373
99.3801 7.05114
102.97 7.10966
101.831 7.09195
105.323 7.03694
111.561 6.95517
105.264 6.9883
105.439 6.93229
106.421 6.83589
107.344 6.9054
104.603 6.93352
103.664 7.02741
101.778 7.03684
101.829 7.03477
102.706 6.97976
102.433 7.02972
102.147 6.98831
98.6623 7.07358
100.223 6.97056
102.046 7.0466
102.334 6.99095
103.625 6.98734
98.38 6.99831
100.751 7.0271
100.615 6.97809
103.357 6.91304
104.532 6.93118
106.898 6.90338
102.96 6.88523
102.306 6.88242
102.309 6.88283
102.298 6.96271
102.297 6.90026
102.296 7.06987
102.289 6.9133
102.82 6.97919
101.207 7.0863
105.479 7.03717
104.888 7.00031
100.547 7.00535
104.353 6.89504
103.744 7.01113
102.25 6.88339
101.809 7.04041
100.983 6.88036
101.111 7.08382
103.579 7.00326
105.619 7.08882
104.683 6.99155
106.529 6.96626
106.613 6.89582
108.365 7.01046
103.441 7.01423
100.543 6.98963
102.03 6.97144
101.851 6.96011
104.368 7.00517
106.926 7.11029
103.557 7.06082
100.072 7.07709
102.97 6.9052
104.227 7.02295
104.318 7.05219
104.39 7.01016
104.435 7.03223
104.915 7.0429
103.751 7.04828
103.627 7.03849
103.525 7.00032
102.916 6.88051
102.777 7.09736
99.6097 7.05056
104.04 6.89571
101.077 7.08866
103.453 7.08623
107.258 6.95894
104.068 6.87002
105.014 7.09558
107.172 6.8148
104.767 6.8784
101.195 6.93251
102.106 7.21837
101.694 6.89861
101.662 7.01994
101.41 7.13148
101.057 7.1163
103.987 7.07841
103.84 7.06204
101.414 6.81295
99.4404 7.1137
100.585 7.05877
103.383 6.98309
102.057 6.96131
103.7 6.93348
105.536 6.92461
102.445 7.04822
103.908 7.02832
103.612 6.92107
108.478 6.86674
106.818 6.98557
106.659 7.0359
106.47 6.94321
104.437 6.9694
105.549 6.89763
100.714 6.93051
101.986 7.24145
102.414 7.0949
103.701 7.02247
100.309 6.94658
105.947 6.95653
108.685 7.08254
107.092 6.94227
104.68 6.99867
104.948 6.97163
104.926 7.18861
105.722 7.17625
111.321 6.87308
114.838 6.94157
111.06 6.97622
107.087 6.95191
109.121 7.06057
109.31 6.98577
106.394 7.0173
105.149 6.95303
102.623 7.08155
102.805 7.11475
104.633 6.89922
104.324 6.95449
104.128 7.09124
103.661 7.08179
101.442 7.03539
103.155 7.09537
104.124 7.0413
104.859 6.96569
104.086 6.93956
102.001 7.02848
100.566 6.98295
103.406 7.10485
103.584 6.93387
103.89 6.92781
105.572 6.98371
105.827 6.91701
106.361 6.88233
106.407 7.04078
102.208 7.0616
101.689 6.90371
101.943 7.00288
100.124 6.98348
104.292 7.02498
101.789 6.92499
104.801 6.92644
105.75 7.04007
105.206 7.00974
100.498 6.99528
102.322 6.83087
103.179 6.93386
104.337 7.09036
108.416 6.92413
105.712 6.89394
108.633 6.96468
107.281 6.96216
105.922 7.04912
105.952 6.97647
105.873 7.12723
100.025 6.91427
99.6158 6.98235
103.349 7.00113
101.538 6.99008
102.889 6.90842
108.611 6.94417
105.147 6.93751
105.409 7.06501
105.7 7.0801
102.206 6.79078
103.635 7.08841
102.77 7.09942
101.62 6.93645
99.5948 6.97876
101.823 6.97503
104.41 7.02764
104.08 7.07352
102.6 7.01623
103.205 6.92866
106.728 7.15324
105.723 7.05535
105.102 7.07094
103.189 6.99547
101.798 7.04053
101.575 7.05783
103.239 7.04852
101.979 6.86878
104.01 7.07136
103.296 6.97058
107.662 7.01506
104.921 7.01909
104.27 7.01079
106.783 6.81979
110.11 6.95443
103.594 6.92339
109.336 6.89665
109.336 7.12723
106.048 7.07144
102.12 6.93079
100.627 6.98824
104.478 6.98539
107.076 7.0243
103.338 7.18274
105.833 6.99209
103.955 7.02978
103.363 7.0396
103.119 6.81628
103.86 6.89722
104.131 7.00034
106.843 7.08474
105.257 7.04739
103.649 6.97246
104.745 6.93621
101.96 6.96728
103.451 6.97974
105.687 6.98379
102.375 6.95884
106.167 7.06133
100.755 7.00408
99.3548 6.94364
100.631 7.01644
102.986 6.991
102.878 7.07446
105.141 6.94072
100.54 6.99506
100.978 6.99505
108.128 7.16412
107.587 6.99977
106.392 6.96655
108.197 7.04953
107.687 6.94879
106.714 6.90724
107.58 6.9422
105.265 6.88675
101.209 6.9756
99.7574 6.98505
99.2435 7.01407
100.63 7.07855
99.1135 7.10957
103.822 7.17801
100.185 6.91355
100.806 7.01699
104.861 6.97567
103.619 7.07488
105.711 7.07254
105.442 7.09355
105.333 7.04282
101.243 7.03396
101.128 7.01362
102.668 7.01374
101.53 7.00818
102.524 6.90097
102.279 6.99653
103.373 6.91455
103.994 7.10172
106.27 7.08132
108.32 7.04181
108.465 6.89671
105.925 6.87952
106.054 7.04319
103.637 7.07802
102.808 7.0116
102.787 7.00406
97.7224 6.98305
101.378 6.95883
98.9804 7.06308
100.019 6.94232
105.948 7.15006
105.375 7.0176
104.782 6.87557
109.132 7.15834
108.358 6.90323
103.08 7.02463
111.808 7.07473
108.676 7.11248
105.833 7.01535
102.107 7.07204
106.337 6.89779
107.274 6.86065
107.59 7.10376
101.425 6.93261
103.256 6.94363
104.534 7.06313
103.033 7.00368
103.614 7.14729
102.423 7.06066
102.423 6.79714
102.663 7.10405
103.974 7.04068
101.379 6.96981
109.735 7.14675
103.3 7.00427
105.432 6.99597
108.39 6.96239
107.544 6.91247
106.895 7.11302
110.615 7.13568
109.251 7.02145
105.509 7.02226
106.215 7.04387
106.996 6.96975
110.753 7.018
105.557 6.99198
106.688 6.99537
103.058 6.95651
102.585 7.03741
104.076 7.04183
101.339 7.12489
101.711 6.86299
101.182 6.98633
101.213 6.95803
103.127 6.91112
100.224 7.10357
101.812 6.93338
101.662 6.9708
102.335 6.90921
99.4945 6.92457
100.332 7.09734
103.059 7.08992
99.7981 7.12096
103.048 7.08067
100.478 6.9758
98.3989 6.99524
98.5834 7.07894
100.706 6.95441
98.8197 7.04854
100.91 7.00374
100.483 6.86668
99.5706 7.04599
97.331 7.06644
101.62 7.14836
103.246 6.94652
102.43 6.93355
98.3488 7.00513
99.2297 7.02434
99.4111 7.17073
103.939 7.04502
104.284 7.0909
103.567 7.15198
103.677 7.13103
101.646 7.12573
100.651 6.9325
100.445 6.90908
98.7928 6.9656
98.2697 7.1406
101.912 7.1007
101.188 7.07101
102.104 7.0087
101.996 6.99701
102.96 6.89341
101.685 6.86895
100.602 7.05033
105.759 7.03359
103.429 6.97922
104.533 7.02201
103.024 6.80569
104.695 6.98932
100.959 6.96595
101.024 6.96841
99.072 7.16401
100.742 7.00404
103.534 6.92628
106.453 6.94719
110.613 6.98462
107.85 6.90639
108.532 7.01256
104.398 7.0255
106.446 6.99728
105.923 6.94678
107.621 7.04007
106.607 6.96868
103.771 7.02821
100.166 6.99448
98.2073 7.04039
99.0069 6.93154
98.9849 7.19402
103.133 7.00219
102.403 6.86937
102.314 7.05412
102.491 7.09976
103.467 7.2318
106.331 7.01924
103.859 7.20001
105.927 6.93763
105.099 7.05547
102.863 7.0171
102.101 6.92188
101.066 7.03476
101.561 7.033
105.102 7.00936
104.725 6.92392
104.705 7.08107
106.165 7.09574
107.305 6.99124
105.699 7.01389
99.2402 7.1047
103.946 7.05893
103.487 7.16744
102.107 6.95785
101.381 6.99127
100.777 6.98085
101.225 7.03591
100.018 6.99511
99.0431 7.01799
103.074 6.92256
101.354 6.896
102.351 6.98301
101.419 7.06022
101.337 7.09522
102.874 6.91905
102.532 6.91645
105.089 6.93471
103.852 6.94554
104.359 6.95772
104.199 7.04973
102.692 7.00741
101.11 6.9914
104.965 6.86166
105.456 6.88863
104.329 6.95888
105.21 6.9839
102.844 7.02394
101.103 7.00789
102.864 7.01298
99.6018 7.09022
99.5697 7.0914
103.188 6.97811
102.382 7.06546
101.809 7.09264
100.855 7.02739
99.2822 7.14191
101.735 6.94534
100.174 6.92627
101.966 6.99818
103.831 6.85891
102.507 6.89351
100.082 6.9068
101.675 7.02479
102.163 7.03487
103.923 7.04961
103.17 7.07898
102.964 7.08756
100.851 7.03521
100.993 6.94056
101.194 6.96218
106.84 7.10865
106.102 7.24134
102.522 6.84465
103.974 6.95696
103.902 7.00926
103.536 6.98612
103.586 6.86551
103.364 6.93173
104.753 7.17723
103.325 7.10362
103.79 7.04274
104.312 7.10369
100.767 7.12181
105.251 7.04599
107.893 6.93632
108.321 6.9574
107.651 7.0231
106.734 6.95327
107.11 6.96345
107.212 7.16491
105.784 6.89268
106.781 6.83126
106.4 6.87867
105.888 6.95857
105.144 7.11623
105.202 7.03339
104.996 7.0151
102.461 7.0087
102.747 6.99351
102.393 6.90492
101.722 6.9488
100.408 6.94811
100.74 7.05258
101.482 6.99007
105.659 7.09614
106.242 6.94445
109.13 6.91322
102.964 6.96518
101.329 7.03061
100.035 7.07874
100.866 6.81002
100.867 6.90773
104.399 7.00465
104.465 6.92139
105.521 7.02512
105.903 6.88166
106.229 7.05197
104.432 7.01679
105.171 6.97246
105.223 6.96743
102.699 6.95695
103.324 6.96151
102.85 6.91451
103.716 6.98577
106.105 7.00362
104.759 6.95131
103.001 7.21802
103.959 7.09683
101.394 6.80903
103.361 6.96955
104.857 6.87105
105.364 6.87156
104.885 6.98391
107.359 7.0407
109.877 6.96919
104.221 6.97751
106.94 6.83017
103.841 7.14366
104.57 7.1351
100.849 6.97556
101.02 6.89006
100.843 7.00838
101.838 7.00134
103.228 7.1088
101.252 7.00482
100.133 7.06626
102.367 6.92969
104.142 7.05019
104.862 7.07046
102.869 7.09361
104.044 6.94987
101.848 6.93876
102.801 6.97369
102.899 6.8774
102.466 7.03099
102.102 6.96545
100.513 7.0111
104.386 6.99443
103.447 6.93071
102.935 7.14998
101.754 6.98629
102.664 6.9017
104.422 6.99482
104.455 7.02351
104.45 6.92296
105.717 6.89667
101.805 6.88912
101.86 7.10083
100.005 7.14103
101.717 7.1
101.461 7.08797
101.548 7.04809
102.186 7.0455
99.7276 7.08017
104.07 7.07883
104.137 6.97134
103.797 7.00778
105.773 6.94463
101.463 7.16465
106.781 7.11212
104.458 7.01846
102.083 7.16471
101.668 7.00229
102.946 7.00646
102.835 6.99267
102.918 7.10825
102.142 6.88687
103.214 6.98237
101.594 7.05897
98.9184 7.15263
100.042 7.06451
97.0959 7.07078
98.2521 7.04578
104.305 6.96072
100.888 6.96837
106.257 7.05889
107.741 7.04207
108.766 6.95921
105.114 7.0437
104.884 7.07401
105.254 6.9902
107.084 7.06602
103.355 7.02971
104.215 7.02836
106.325 6.89943
100.878 7.19129
101.813 6.90992
105.25 6.94596
106.138 6.92463
102.111 7.03135
102.735 6.981
98.9006 7.0123
99.5939 7.07826
104.62 7.12453
107.702 7.03522
106.756 6.87651
103.347 6.97034
104.317 6.94061
106.267 7.03147
105.907 7.1033
103.538 6.96208
103.684 7.00168
102.969 7.00014
104.994 6.99843
103.322 6.87257
104.08 7.0373
102.134 6.95775
101.754 6.97757
102.038 6.93747
102.364 6.99307
100.719 7.02282
101.543 7.02552
99.8024 6.97986
101.508 6.92919
100.684 6.96721
101.86 7.05724
101.87 7.07174
104.43 7.02402
103.441 6.9085
101.789 6.99957
101.544 7.06107
99.9417 7.15009
104.468 7.13947
105.003 7.15421
104.658 6.93723
103.191 7.03868
103.854 7.06252
101.165 6.90253
98.3804 7.02884
102.666 6.99165
102.122 6.98762
99.63 6.96612
101.077 7.00326
99.4447 6.99714
95.6778 7.0391
102.631 7.01741
102.671 7.06002
99.7613 7.01783
99.8147 7.01356
101.379 6.97189
101.411 7.03133
103.294 7.09285
103.308 7.123
103.308 7.03598
102.018 7.02689
98.4991 7.04367
98.3455 7.11802
101.119 7.0426
106 6.95857
105.936 7.06018
108.201 7.03196
106.119 7.05271
107.11 6.84037
103.264 6.82619
103.776 6.9948
100.463 7.10146
97.081 6.96128
103.918 6.94403
105.149 6.88809
105.132 7.16517
105.667 7.05241
105.735 6.93029
105.158 6.92798
105.218 6.96194
103.265 7.02537
103.617 7.12135
101.794 7.09628
99.0466 6.94836
103.159 6.90268
105.58 6.94435
103.899 7.03976
105.938 6.96147
107.318 7.08328
105.634 7.06111
103.304 7.09066
104.501 6.93376
105.783 6.91941
106.955 6.94599
110.35 6.92071
105.651 7.09057
105.231 6.93363
103.899 7.02345
103.286 6.87506
102.556 6.99206
102.263 6.9592
102.849 6.96599
101.363 6.97068
106.157 7.06925
101.757 7.0708
101.511 7.05412
100.5 7.05829
103.692 6.90137
102.641 6.982
103.257 7.00185
102.418 6.89255
102.468 7.078
103.613 6.99659
102.55 6.86422
104.126 7.0574
104.496 6.94488
104.388 7.02051
107.081 6.93808
108.1 6.9605
107.762 6.99015
106.195 6.96667
106.195 7.01724
104.797 7.09699
104.468 7.09344
105.435 7.06419
104.098 7.15369
103.037 7.1025
101.017 7.07455
102.824 7.02766
103.652 6.96746
101.724 7.02146
98.8454 7.05405
103.972 7.11139
101.908 7.03292
100.994 6.99946
103.217 7.04233
100.826 6.99666
101.024 6.84191
103.417 6.88966
101.99 7.05257
101.687 7.04841
102.61 7.11577
103.002 7.10442
103.761 7.13858
104.114 7.10044
106.248 6.98131
97.0095 7.01775
101.824 6.89309
100.274 7.1073
99.7834 7.07601
100.174 7.00816
101.267 6.87841
103.773 6.8856
104.515 6.78557
102.48 7.04972
102.761 6.96601
100.228 7.05141
97.6846 7.06942
101.731 6.97713
103.292 7.07034
104.766 7.10198
104.937 7.02306
103.262 7.10301
103.617 6.99658
104.806 6.94127
106.875 6.93217
106.521 6.92215
106.284 6.92356
105.817 7.01418
106.948 7.07581
103.909 7.07871
103.609 6.91817
100.064 7.03683
101.477 6.98789
103.366 7.01252
108.266 7.0586
107.429 7.02864
104.242 7.00551
103.276 6.97087
105.17 7.02083
104.994 7.05693
99.1207 7.07907
100.659 7.1031
107.967 7.15163
104.103 7.0982
105.418 6.97614
105.418 6.92051
108.368 7.03804
104.799 7.00483
102.914 7.03354
105.376 6.86178
107.667 6.95584
109.478 6.88684
104.487 6.9052
104.506 7.0056
106.804 6.94558
109.095 6.94366
106.819 6.94015
105.994 7.02034
106.801 6.91451
106.118 6.92045
104.319 7.02712
100.315 7.01831
101.78 7.1153
102.815 7.02859
101.137 7.03806
103.08 7.13257
103.557 7.00409
101.758 7.03957
99.7388 6.85696
100.713 6.92835
102.787 7.12221
102.142 6.96553
102.648 6.96116
102.981 7.02881
104.823 6.98007
104.724 6.98112
102.795 6.93496
103.431 7.02238
103.431 7.03199
102.061 7.14921
108.308 7.01233
109.621 6.97606
109.596 6.97432
107.212 6.9882
105.988 6.88203
103.714 6.95952
106.044 6.98503
105.118 6.86259
105.053 7.11393
105.246 7.0136
101.336 7.02277
97.9069 7.06388
104.075 7.05899
102.403 6.99304
101.444 6.90844
101.856 6.96613
102.309 7.03477
102.082 6.97394
101.91 7.02439
101.353 7.15443
106.014 7.04494
103.893 6.98223
102.72 7.06449
103.597 6.9965
103.54 7.05538
105.573 6.99767
107.32 6.94698
107.082 7.06552
106.812 7.05151
103.927 7.11407
104.114 7.04559
106.272 7.04038
101.724 7.18378
103.095 6.95359
97.9795 7.06728
102.265 7.10249
103.452 7.12961
103.746 7.08883
103.091 7.09193
107.608 6.96127
104.563 6.99522
106.042 7.03362
103.623 7.08244
102.92 6.97722
101.497 6.97508
101.462 7.03819
101.829 6.95293
102.528 6.97317
101.36 6.91233
100.789 7.00817
104.446 6.99272
106.263 7.11682
105.163 6.96453
110.476 7.02635
107.174 7.02296
106.768 6.88798
106.661 6.97851
103.121 6.96248
101.75 6.86041
99.3207 6.99459
102.879 6.92272
105.402 6.9749
103.15 7.06345
103.284 7.05459
106.494 6.9801
103.395 7.00895
102.751 6.99867
103.56 7.04583
102.004 6.9204
102.909 6.96109
101.966 7.04452
103.731 7.18876
102.862 7.04186
101.573 7.01233
100.99 7.08258
101.422 7.02526
102.901 7.01352
103.896 7.29079
100.53 6.99978
102.639 7.08586
104.399 7.0941
104.954 6.95745
104.293 6.95102
107.885 7.08009
107.369 6.95698
106.229 6.93364
103.338 6.92754
104.218 6.8868
101.59 7.15192
102.774 6.95595
103.694 7.00414
101.08 7.0126
101.538 7.01083
100.646 7.08898
103.368 6.9034
104.312 7.02185
102.117 7.08051
100.715 7.07335
101.939 7.07155
103.208 7.13163
104.384 7.0584
102.339 7.10499
102.889 6.85479
103.869 7.15897
101.2 7.13848
104.828 7.01852
109.044 6.96168
103.135 6.90599
102.292 6.90716
101.135 6.95366
104.108 7.19463
105.417 7.00295
105.91 6.89707
102.284 7.04248
105.783 6.96928
105.102 6.88422
101.734 6.92518
103.367 7.10751
104.427 7.04274
107.162 7.16927
103.915 7.12474
103.086 7.04046
100.366 7.05204
100.69 7.07678
101.616 7.08213
102.351 6.85565
101.941 6.89326
103.514 6.89094
102.564 7.09784
103.047 7.0331
101.242 7.12053
102.425 7.03417
103.361 7.00736
101.143 7.02184
101.61 6.89421
102.531 7.10563
104.435 6.94312
104.565 6.90447
104.244 7.03241
103.002 7.15066
103.826 7.04735
101.25 7.05995
101.27 6.92562
100.201 7.05287
103.109 6.99102
103.03 7.07581
103.759 6.91287
104.317 7.06627
100.572 6.97499
98.2956 6.99756
98.8809 6.91648
103.337 7.12951
104.069 6.91528
101.014 6.92958
99.0355 6.96078
100.485 7.04489
99.2001 7.03904
100.512 7.02521
102.151 7.04615
105.658 6.86132
104.657 6.97405
108.569 7.12668
104.986 6.93987
106.241 7.06056
103.97 7.05631
105.903 7.02999
107.124 7.05578
106.296 6.81813
102.087 7.03181
98.2829 6.93434
100.758 6.99768
99.7087 6.96564
100.193 6.99347
99.8146 6.98146
99.3838 7.04897
102.557 6.99444
103.318 7.02039
103.639 6.94545
99.2914 6.99414
100.43 7.20328
101.222 7.19885
102.311 7.06858
105.106 7.10137
106.279 6.78827
105.337 7.06427
106.587 7.07216
104.038 6.99095
103.3 6.93495
100.976 6.85898
102.588 6.94789
105.343 7.00577
105.146 7.04945
104.291 7.00954
103.253 7.13547
99.7619 7.18974
99.9236 6.91014
99.951 7.0815
102.064 6.86444
101.012 6.93781
102.907 7.05452
105.25 6.96729
100.6 6.99902
102.459 6.95962
101.199 6.88286
101.546 6.94443
103.848 6.83944
104.704 7.00418
104.982 7.09177
109.255 7.06
106.363 6.97162
109.2 6.9318
104.759 6.93087
105.438 6.93945
103.389 6.97737
102.896 6.98345
103.987 6.97867
106.402 6.97867
104.809 6.98019
103.396 7.0872
102.77 7.02694
102.925 7.01175
102.928 6.99629
102.934 7.08527
102.932 6.87871
103.374 6.90374
103.435 6.95325
104.554 7.03954
104.238 7.05127
104.205 6.98399
103.07 7.02276
102.22 6.89674
104.985 6.87799
107.34 6.9798
102.504 6.94121
101.111 7.03486
98.2125 7.01397
102.086 7.02437
101.235 6.95496
103.512 7.04096
103.551 6.95718
103.805 6.81953
110.2 7.00933
107.739 6.89485
105.093 7.15509
100.139 7.15888
101.692 6.93504
100.453 7.27357
100.04 7.15797
102.113 6.984
101.82 7.08314
103.9 7.09149
103.402 6.97746
103.375 7.00648
104.363 6.95279
103.278 7.00278
101.744 6.87096
101.975 6.93966
104.031 6.99199
103.192 7.0782
104.056 6.92846
100.289 6.94785
101.751 6.99249
105.459 7.10491
103.731 6.85307
103.681 6.9703
103.082 6.96329
99.5343 6.98878
102.876 7.05267
101.285 7.05638
102.45 7.01529
100.51 6.97292
100.74 7.13087
101.107 7.00585
100.38 6.85999
99.4654 6.95991
104.933 6.87495
102.022 6.8409
100.367 6.99589
99.4195 7.00111
101.06 7.15819
100.741 6.98932
104.014 7.0959
104.393 6.9464
102.234 7.03228
102.655 7.09448
104.726 6.93028
102.442 6.9781
103.992 7.06754
102.907 7.01492
105.04 6.87802
104.401 6.9637
103.814 7.02246
109.775 7.1277
103.485 6.9739
104.273 6.9797
102.373 7.03687
104.842 6.97587
108.007 7.06446
107.827 7.07085
108.758 6.9225
106.083 6.88312
105.762 7.00788
104.177 6.90512
106.959 6.90131
104.942 7.05334
109.601 7.02674
104.211 7.06816
105.903 6.98179
111.637 6.87256
106.545 7.14851
106.426 7.02494
106.179 6.88707
102.581 6.95812
106.657 6.97619
105.032 6.99001
103.599 6.9256
105.495 7.01303
105.756 7.01912
102.609 7.0535
101.014 7.11027
104.762 6.9869
103.43 7.13467
106.005 6.98536
106.136 6.93102
106.851 7.09692
102.463 6.97975
106.452 7.06995
106.452 6.99172
103.464 7.05288
102.95 7.13619
102.663 7.09256
104.497 7.14168
103.945 6.94337
104.425 6.94521
103.065 6.93625
106.03 6.9511
104.124 6.95634
100.574 6.92104
99.3439 6.94599
102.221 6.94178
98.2452 6.9581
98.4328 7.0018
102.881 7.04012
102.059 7.07888
105.296 7.02813
100.684 6.99246
101.873 7.03475
98.0066 7.02541
101.04 7.05814
102.454 7.12856
105.522 7.05831
106.043 6.99773
105.626 6.96069
104.006 7.07391
105.406 7.02805
105.124 7.08585
104.525 6.84374
104.03 6.92525
104.1 6.9607
103.932 6.96111
104.462 6.91721
103.291 7.02761
101.595 6.99511
100.264 6.99031
101.544 7.14413
101.662 6.96071
102.14 7.07204
102.905 6.95048
108.419 6.896
103.092 6.95051
104.686 7.15142
111.26 7.04278
108.028 7.06764
107.909 7.01722
107.807 7.05884
108.862 6.85448
108.988 7.00322
107.561 6.93962
109.518 7.13844
109.361 7.05982
106.59 6.96267
105.317 6.85106
101.008 7.04402
101.333 7.1367
103.204 7.04468
102.672 6.93188
103.874 7.1099
102.929 7.04095
102.116 7.0466
101.945 6.95561
102.339 6.93582
99.3332 6.83311
101.05 6.98993
103.186 6.87148
103.355 7.02105
104.601 6.92116
104.302 7.03195
104.112 7.03345
102.79 7.05029
104.495 7.01012
108.103 6.91775
104.65 7.12661
105.643 7.00062
96.6714 6.99556
101.633 7.06208
102.051 6.9441
101.879 6.95166
101.168 6.98075
103.323 6.84242
104.051 6.94285
103.752 6.96264
104.87 7.04505
105.842 7.01292
100.577 7.00838
101.643 7.0646
103.274 7.04625
99.6501 7.08061
99.3914 6.99954
105.006 7.01341
103.362 7.06492
102.659 7.06753
101.454 7.00728
103.964 7.01224
103.764 7.00022
101.633 6.81683
106.519 6.89067
103.933 6.94502
104.915 6.97564
106.056 7.0156
104.61 6.93369
108.534 7.11728
105.852 6.91623
107.251 7.07419
108.391 7.0081
107.124 6.94353
108.919 6.81217
105.374 6.94273
105.5 6.90649
105.5 6.86985
100.885 7.04744
101.698 6.99242
101.58 6.9715
102.801 6.98099
103.443 7.13469
108.029 7.05274
109.902 7.18505
103.64 6.97259
107.838 7.02785
101.362 7.00987
103.375 6.9965
101.172 6.94366
101.873 6.89186
103.683 6.88086
105.844 6.91116
106.303 6.98819
104.343 6.98903
103.754 7.08465
103.035 6.90193
105.622 6.94213
103.271 6.98858
101.889 7.0613
102.536 7.01536
103.492 6.99834
102.007 6.91157
103.059 6.98344
104.546 7.00359
101.95 7.03221
102.042 6.94574
103.641 6.99487
103.851 6.91677
104.972 6.8206
105.3 7.14739
104.295 7.00326
104.385 7.06869
105.221 7.0681
102.53 7.02546
104.548 6.97845
108.49 6.97161
108.196 7.17416
107.587 6.99899
107.136 6.8896
103.277 7.12591
103.954 6.85817
103.873 7.02506
101.996 6.98952
102.849 7.00471
104.041 6.97881
102.65 6.85863
106.085 6.94071
105.986 7.09374
100.268 7.03642
99.5568 7.08039
103.128 6.89412
102.009 7.04267
102.312 7.18913
101.73 6.96648
100.202 7.03367
102.094 7.14311
106.328 6.9309
109.186 6.95998
107.495 7.08277
108.419 7.04177
106.247 7.00961
111.686 6.98509
102.004 7.00795
101.775 7.08435
99.7282 7.22127
106.22 6.73048
103.827 7.08342
104.932 7.0326
104.628 7.10492
105.331 7.12211
103.645 6.97021
101.144 6.97272
102.14 7.06939
101.658 6.98273
99.7506 7.08289
107.07 7.0555
103.393 6.90157
102.287 6.91121
104.244 6.99385
102.376 7.00836
102.723 6.80891
103.659 7.01002
105.294 6.9211
106.152 6.90417
109.971 6.99382
109.971 6.96508
108.272 7.03701
101.24 6.86332
105.503 6.80157
101.364 7.0526
98.2175 7.05087
103.481 7.06267
106.151 7.04252
107.579 7.04259
107.205 7.04224
105.961 7.0457
107.862 7.06413
108.819 7.03316
102.6 7.03271
100.869 7.08184
106.416 6.93962
106.367 6.93962
107.743 7.0325
101.162 7.15773
104.556 7.07092
104.676 6.85932
103.217 6.99345
108.178 7.18432
106.063 7.04402
102.443 7.1473
102.169 6.86681
102.87 7.11829
103.501 7.07767
104.227 7.04895
104.511 7.06255
109.279 7.01432
109.168 7.01985
107.968 6.99151
102.106 6.82631
100.495 7.09806
102.203 7.01143
102.888 6.95621
102.875 7.18141
102.351 7.16375
105.496 7.01321
101.301 6.91786
102.235 6.82257
102.625 7.01704
103.177 7.01373
104.298 6.92485
103.198 6.91211
102.539 6.96857
103.367 7.03329
103.439 6.99315
102.516 7.01793
103.847 6.97256
100.576 7.08258
100.941 7.05067
104.847 7.00705
104.649 6.98857
102.612 7.03713
103.639 7.06523
105.61 7.01971
106.077 6.91899
105.992 6.96976
107.841 6.9454
106.78 7.14586
105.858 6.94452
100.817 6.97099
103.041 7.08747
102.519 6.98858
102.037 6.95147
103.298 7.05754
104.25 6.99274
100.951 6.96149
104.669 7.01841
106.267 7.01229
108.308 7.13753
108.55 6.90024
105.033 7.0992
107.311 6.98547
106.308 6.96766
106.478 7.07408
106.455 6.99405
99.3842 7.08164
101.78 7.06044
100.977 7.0995
105.07 7.1239
98.8797 7.08374
100.4 6.99339
101.804 6.92227
103.974 7.11219
105.061 7.06139
104.334 6.94139
101.615 6.96352
103.283 6.91833
102.725 7.00937
102.725 6.84684
100.101 7.04607
101.986 7.05989
100.126 7.1504
99.9031 6.98579
99.0797 7.09758
105.963 6.95742
106.579 6.99189
106.403 6.9272
106.606 6.96518
105.681 7.00823
104.207 6.97668
102.468 6.98849
98.438 6.93591
97.6006 7.25823
100.123 7.14831
103.768 7.15838
102.198 7.00281
101.091 7.04526
104.622 7.04147
101.969 7.00891
103.091 7.07563
102.311 6.90526
101.829 7.1138
104.353 7.05311
104.286 6.99983
105.281 6.98311
104.488 6.93866
100.375 6.98095
105.835 7.00703
105.826 6.85065
107.359 6.94176
108.731 6.9703
107.554 7.01852
108.586 6.86343
110.054 6.9045
107.93 7.09112
108.457 7.12885
107.384 6.97769
107.404 6.91619
104.6 6.93974
106.669 6.95323
106.669 6.84016
106.978 6.93888
105.153 7.10863
103.974 7.12999
105.22 7.00175
102.726 7.00091
102.075 7.00509
103.181 7.05073
104.575 7.10144
103.653 7.07326
103.687 7.37884
104.109 7.08061
108.874 6.9096
100.712 6.7264
99.7201 7.04916
102.479 7.01079
101.006 6.99503
104.1 6.96366
103.652 6.97287
103.459 6.99153
107.236 7.11665
105.53 6.93599
106.654 6.88984
104.88 7.04205
108.213 6.99069
106.725 6.93859
105.576 7.0097
106.972 6.95311
102.434 6.9494
101.264 7.1658
105.989 7.02235
105.989 7.08353
106.421 7.0938
104.169 7.06679
104.095 6.90116
104.937 7.00312
102.762 6.97712
101.68 7.03124
102.977 7.22247
104.032 6.94433
102.183 6.8587
105.297 7.06845
106.456 7.07678
101.323 7.06733
101.819 7.08351
97.7894 7.07474
103.21 6.96044
101.994 6.96262
103.644 6.96297
103.037 6.96254
103.999 6.96199
100.77 6.95382
103.429 7.03646
103.77 7.04432
105.556 7.06105
106.167 6.9767
107.838 6.96723
104.514 6.97759
103.289 7.06015
105.982 6.93921
101.663 7.15274
101.232 7.00768
100.053 7.0501
101.341 7.00909
99.9783 7.14557
100.739 7.07596
100.75 6.94056
102.344 6.88479
104.624 6.98809
104.059 6.92288
105.071 7.00917
103.129 6.95406
101.231 6.88477
104.79 6.9611
107.023 7.01784
109.367 7.01106
108.212 6.93043
106.318 7.03869
106.089 6.93153
104.702 6.88994
101.781 6.9885
102.118 7.09602
105.288 7.01982
105.469 6.89161
106.768 7.06238
104.388 7.05268
103.872 6.85264
101.724 7.07003
103.486 6.92612
103.777 6.89319
105.339 7.09584
101.847 7.10078
101.063 7.16651
103.815 7.01849
101.549 6.99814
104.02 7.14774
104.516 7.08378
103.402 7.08169
107.101 7.04278
107.041 7.0367
107.041 7.08898
105.102 7.08967
101.607 7.04081
102.752 7.06025
102.353 7.05585
102.307 7.05472
102.137 7.05445
102.961 7.05465
103.116 7.05987
104.213 7.07951
101.084 6.88367
102.305 7.06563
104.017 6.90289
102.224 6.92196
106.496 6.93538
105.967 7.09852
108.989 6.98739
105.367 7.10962
107.065 7.14129
106.273 7.19957
106.877 7.10718
105.374 6.96454
109.164 7.05385
112.003 7.03545
102.086 7.0225
108.399 6.95981
104.232 7.03692
106.287 7.13932
108.288 7.16053
106.339 6.81988
106.373 7.02272
105.888 6.95824
104.555 7.08798
103.016 7.04258
106.098 6.95888
105.804 7.05113
107.627 7.03531
106.503 6.97273
103.874 6.99745
104.335 7.0723
100.317 7.00685
102.581 6.87993
102.961 6.87909
103.437 6.94683
103.346 7.08207
103.377 6.9907
104.35 6.98
106.612 6.85995
103.668 7.12257
103.313 6.90374
102.439 7.0304
101.484 6.96975
102.298 7.05761
100.028 7.15519
106.26 6.85204
106.378 6.88224
104.687 7.04647
108.101 6.86812
107.028 6.8958
108.169 7.13805
105.989 6.94497
106.146 7.19521
103.726 7.01728
103.338 7.03594
104.206 7.11275
102.958 6.97919
102.244 6.99614
102.883 7.25061
102.729 7.13784
99.9994 7.09549
102.413 7.04919
102.691 7.1188
100.918 7.1397
102.811 7.09105
98.93 7.08167
99.4638 7.10092
102.838 6.89201
103.921 6.95559
98.4457 7.06316
99.0005 7.05923
100.422 7.20669
99.9298 6.99264
101.969 6.88351
103.625 6.89963
105.072 7.05951
104.012 7.02677
100.959 6.99743
100.669 7.02663
102.197 6.88466
104.316 7.17264
103.123 7.04189
105.431 7.08775
103.573 6.88374
101.356 6.83788
102.763 7.00925
102.291 6.99235
103.644 7.00032
105.02 6.90132
104.297 6.87615
102.194 6.95106
103.107 6.94941
103.31 7.02001
105.657 7.0136
107.856 6.91154
105.134 7.03024
106.142 7.04299
105.218 7.05303
103.353 7.0201
105.897 7.11226
105.651 7.0358
105.847 7.04045
102.815 7.06318
106.813 6.97499
106.156 7.02337
105.477 7.06967
103.753 6.99966
99.2284 7.12002
102.172 6.99116
103.101 6.97561
103.709 7.00565
102.617 7.18393
102.379 6.90974
106.405 6.85385
109.481 6.88277
106.586 7.03794
102.6 6.96502
102.065 6.98353
102.172 7.01807
102.484 7.02683
103.65 7.03459
104.36 7.02058
104.36 7.09912
98.8742 7.13025
101.715 6.96658
104.447 6.87943
101.761 6.88378
105.926 6.89016
108.201 6.92063
106.944 6.70056
105.651 6.90799
104.046 6.93848
104.982 7.16415
104.344 6.93504
105.857 7.10037
103.592 6.92893
101.865 7.16449
101.381 7.11496
105.312 7.05431
103.414 6.99166
106.025 7.01035
104.309 7.02858
105.516 7.0221
105.12 6.92952
104.191 6.98772
104.241 7.07787
101.884 7.05448
101.287 6.99391
101.958 7.02651
101.875 7.00866
104.057 6.94404
99.7367 7.01434
101.088 7.0365
101.049 6.96715
101.749 7.0695
103.783 7.01017
105.872 7.01001
104.622 6.93049
104.626 7.0716
105.188 7.05594
107.627 6.84639
106.68 6.87306
107.948 6.85248
108.086 6.87109
108.143 6.986
106.937 6.95635
103.082 6.97607
105.733 6.94171
103.063 6.90702
102.19 6.93479
97.7111 6.96637
99.5282 6.96032
102.306 6.90145
104.542 6.88749
107.202 7.01555
104.689 7.07099
101.443 6.93757
102.836 6.95312
104.075 6.98569
104.536 6.88656
106.881 7.0063
104.185 7.04573
105.92 6.96463
103.702 6.98824
101.516 7.00098
102.077 7.01081
104.184 7.0225
104.13 6.97774
103.473 6.98392
104.09 7.11061
103.785 6.92643
107.393 6.93767
105.977 6.99177
102.534 7.02829
101.439 6.92766
101.123 6.92225
105.041 6.92192
110.011 6.965
107.062 7.06207
105.833 6.91922
105.89 7.05606
104.155 7.01944
104.101 7.03915
102.982 6.94398
103.819 7.02713
103.36 7.00163
106.062 6.94205
105.811 6.96001
105.4 6.99723
105.055 7.11364
104.152 6.91904
107.293 6.94933
110.968 6.87677
107.011 7.02721
107.704 6.94626
105.406 6.9689
106.257 6.99926
103.301 7.11097
104.169 7.06154
103.592 7.05007
100.152 7.01548
99.5123 7.06893
100.78 7.05521
101.058 7.06822
103.655 7.05066
103.111 6.93453
102.338 7.08326
101.799 7.06395
102.957 6.93013
102.867 6.88553
100.592 7.01835
104.125 6.95847
105.185 7.06922
106.323 6.99058
103.567 7.02973
105.124 7.01868
106.042 6.88134
104.17 7.00956
102.784 7.11884
102.526 6.93621
103.19 6.98535
103.195 7.00116
101.63 6.86282
100.239 6.97131
100.354 7.09384
98.6476 7.00583
103.245 7.07053
106.899 7.10327
105.008 7.02397
104.969 7.04004
107.452 7.00926
106.069 6.95611
107.212 7.08503
106.277 6.94247
106.755 6.91583
109.204 7.0876
104.886 7.06838
103.172 6.99473
101.978 6.7652
102.863 7.02264
103.374 6.94504
104.128 6.9935
101.592 6.97862
101.197 6.92432
101.952 7.06096
102.829 7.01429
100.355 7.09717
102.302 7.02342
104.998 6.92964
109.098 7.11155
108.075 6.88352
108.058 6.93614
104.798 7.11105
107.383 7.10555
104.527 6.84291
105.032 6.98192
105.234 7.07144
102.508 6.79283
101.26 6.98298
98.4426 7.04604
103.662 7.05501
103.151 6.99962
106.79 6.96246
99.565 6.97657
99.4352 6.9604
100.998 6.99949
102.736 6.87741
107.668 6.96357
106.48 6.94076
106.221 6.83238
103.209 6.92079
103.89 7.0199
99.2721 6.94883
100.859 7.0602
102.255 6.96696
105.146 7.11426
106.213 6.97065
103.644 6.87187
104.043 6.89865
98.4008 6.88581
102.35 6.94715
101.969 7.01216
103.75 7.02034
106.824 7.07244
105.918 7.08216
101.544 7.0688
103.87 7.00366
102.088 7.03741
102.298 6.89507
98.3917 7.08654
99.7645 7.0056
101.282 7.16724
100.616 7.04046
103.272 7.10531
104.328 7.08114
104.043 7.07622
106.603 7.0231
109.593 7.07718
108.995 6.9976
104.862 7.01209
105.115 7.09902
103.804 6.99912
104.682 6.88919
104.772 7.17627
103.846 7.00347
102.742 7.06946
98.5828 7.05807
97.9949 7.10975
96.5695 6.97971
99.8005 7.04428
102.417 7.0636
105.057 7.00435
105.485 6.94824
105.125 6.93513
106.538 6.92847
106.967 6.93145
108.385 6.93558
108.645 7.01345
104.637 6.95366
104.5 7.0663
103.609 6.82116
106.482 6.82941
102.837 7.07058
103.885 7.05273
102.779 7.10369
103.262 6.95914
101.418 6.99671
102.139 7.07348
104.234 6.9887
102.457 6.89838
100.895 6.94074
104.523 6.93499
105.517 6.91755
105.911 7.05674
106.405 6.93278
106.218 6.89603
105.312 7.02088
105.132 7.11265
105.044 7.04983
105.711 7.0197
106.919 6.95316
103.516 6.91914
102.076 6.95405
101.108 6.98402
99.5509 6.93783
101.417 6.94114
104.767 7.10122
104.498 7.0834
102.328 7.02381
99.3805 7.00568
98.8675 6.91787
97.7001 6.97718
101.245 6.96581
104.432 6.95791
106.359 6.94947
108.045 6.97683
107.372 6.98045
106.493 7.00162
101.297 6.98766
104.552 6.99261
104.445 6.99163
103.913 6.97022
103.373 6.94595
104.516 7.02575
103.653 6.92574
106.537 6.94768
105.575 6.918
106.008 6.87827
103.295 7.11785
104.682 6.92718
103.848 6.96601
104.684 6.85294
109.558 6.91733
106.916 6.89907
107.117 6.89908
106.721 7.04886
105.901 7.02445
104.636 7.12657
102.758 7.02305
101.301 7.10639
102.359 6.97672
102.606 7.10695
102.959 7.00688
106.045 6.95759
106.815 6.98103
106.815 6.93582
105.093 7.12322
105.008 7.06042
104.35 6.89861
104.274 6.98181
103.455 7.11963
104.731 7.10131
104.218 7.05758
98.8549 6.96565
99.7643 6.93544
100.747 6.8269
104.359 6.93936
102.526 6.93248
104.436 6.93185
102.547 6.90597
103.584 7.10015
104.026 6.88785
104.71 6.96682
101.518 6.96951
104.327 6.99266
102.155 7.02724
103.058 6.96039
101.886 7.04367
101.292 7.07516
101.625 6.9644
105.1 6.80449
104.052 7.00792
101.417 7.15333
100.517 7.12161
104.494 6.93496
104.05 6.97413
104.792 6.98333
107.417 6.89816
108.492 6.88835
107.618 7.03198
105.934 6.90151
104.629 7.04678
105.048 6.97836
102.065 6.95361
99.8724 7.05138
99.8724 7.02214
106.507 6.97999
108.677 7.07765
114.241 7.02391
107.319 7.13466
104.872 7.0025
104.395 7.0069
103.277 7.12522
104.638 7.1181
106.785 7.12039
106.363 7.08128
105.808 6.98561
104.745 6.94385
108.001 6.96047
104.037 6.85624
105.576 7.09004
103.956 7.05582
104.834 7.06619
107.057 7.04805
104.824 6.99755
106.537 6.9833
104.151 6.86869
102.106 6.96634
105.154 7.09384
104.186 7.11155
103.653 6.97305
104.351 6.94228
105.018 6.95407
106.31 6.93527
106.275 7.04026
104.372 6.94644
107.393 6.96212
102.925 7.07977
100.826 7.0632
102.883 7.06176
104.945 7.01542
104.66 6.96278
103.919 6.97286
106.943 7.02357
103.046 6.95425
104.34 6.91705
103.696 7.01657
104.59 7.01153
104.218 6.91944
101.538 7.04942
105.438 6.96691
103.636 7.10448
101.054 7.04466
98.8549 6.97659
102.586 6.95395
101.141 6.90119
101.358 6.94996
107.547 6.974
109.751 6.96085
107.705 7.0624
103.125 7.05713
104.134 6.97447
102.207 7.06931
103.572 6.89374
105.501 7.03453
102.374 7.02606
100.714 6.94684
98.9511 7.05732
101.618 7.07734
103.868 6.94427
102.56 6.97099
99.3638 7.08058
102.195 6.90728
106.353 7.02686
104.973 7.07989
107.997 7.03129
103.946 7.00507
103.941 7.06052
104.99 6.99118
106.628 7.01029
105.172 7.02505
106.117 7.05372
104.802 6.84489
106.215 7.10983
102.718 7.09206
105.333 7.10464
105.523 7.10866
104.363 7.16192
104.574 7.09951
104.823 6.87002
107.509 6.78524
106.251 6.91757
103.208 7.20152
100.847 7.0831
101.246 7.15228
100.671 7.00703
101.538 7.05442
102.457 7.09487
105.209 7.11366
103.299 7.08761
101.029 7.17435
100.451 7.02227
100.718 6.9236
98.7698 7.12117
101.78 7.01339
102.226 7.00892
102.352 7.02273
103.587 6.95468
103.724 7.07948
104.58 6.99995
103.631 7.01475
104.644 6.93952
104.621 6.97198
102.346 6.90472
103.633 7.24542
105.922 7.0066
107.595 6.96845
100.972 6.99229
104.584 7.00056
101.109 6.95932
99.2673 7.04821
102.685 6.86234
102.048 7.02318
103.176 7.03095
102.644 7.13164
103.141 7.12481
103.734 7.05075
101.409 7.02802
101.959 7.16709
103.449 7.13758
101.656 6.96414
105.801 6.95577
105.469 6.92778
103.676 6.86996
104.407 6.95408
101.93 6.93068
102.211 7.10823
101.88 6.9534
100.907 6.99727
100.493 7.05278
99.904 7.01748
103.939 7.01818
102.396 6.94097
102.575 6.92708
99.7169 7.02602
101.514 6.96764
98.8996 7.01101
99.871 6.94231
100.011 7.06786
106.041 6.99973
106.75 7.02658
102.84 7.00013
101.181 7.06272
101.33 6.95536
103.13 7.07989
102.959 7.00118
98.0849 7.05848
108.153 7.02753
100.31 6.97334
103.345 6.99226
101.724 6.98918
102.363 7.02894
103.296 7.03853
104.116 6.93586
104.353 6.90391
104.491 6.91071
102.749 7.0248
101.44 7.04065
104.553 6.97139
104.745 6.88983
104.453 7.05332
104.428 6.94072
104.189 7.04487
105.591 7.04585
105.067 6.97766
105.295 6.86952
102.928 7.11196
105.835 7.00621
103.685 6.99943
103.732 7.11746
103.133 7.02798
105.028 7.07806
101.721 6.93157
102.796 6.88965
103.268 7.00165
103.026 6.98275
104.966 6.977
106.765 6.98193
108.44 6.94163
109.909 6.97147
107.089 7.06057
105.084 7.08497
107.07 6.99957
100.143 6.90679
104.942 6.81114
104.122 7.1711
105.945 6.90583
100.408 7.02354
100.822 7.00313
102.107 6.85335
102.009 7.06568
100.18 7.01446
104.463 7.04427
104.713 6.91821
105.371 7.00412
106.426 6.94232
107.041 7.00639
105.835 6.90621
107.65 6.76029
106.215 7.13076
103.564 6.86888
105.32 6.96182
105.981 7.01157
103.182 7.05507
105.757 7.0446
103.029 7.10261
102.086 7.08492
103.136 7.06307
102.032 7.00773
100.189 6.94814
98.3441 7.09503
97.9389 6.94705
98.1086 7.11038
102.694 7.06372
103.362 6.99722
102.99 6.95549
101.657 7.0165
102.469 6.94176
104.164 6.9691
106.343 6.94842
110.125 7.01287
109.129 6.90649
106.422 6.85373
106.209 7.08607
104.701 6.97185
104.208 6.9473
106.33 6.9632
105.019 6.86335
102.354 6.88215
100.856 6.86885
103.999 6.97189
101.767 7.02371
103.44 6.82856
101.012 7.02134
99.6191 7.13019
103.484 7.06986
104.34 6.9976
101.726 6.9121
102.881 7.02728
101.796 7.16463
104.942 7.07417
105.145 7.05035
105.219 6.9144
105.318 7.09768
105.164 6.91514
103.805 6.89575
103.996 7.00818
108.146 6.93792
109.644 7.02635
110.567 7.01714
110.497 7.13451
105.877 6.93784
103.339 7.04965
104.675 7.02751
102.952 6.94404
106.484 7.15511
104.207 6.90973
104.06 7.01557
103.609 7.21373
101.733 6.90416
102.117 6.91437
107.982 7.02034
109.653 7.0263
111.082 6.98562
112.941 7.02404
104.421 7.04863
107.795 6.9395
107.305 7.15283
107.44 7.08294
108.146 6.93747
109.302 6.91639
108.07 6.87847
107.99 6.97215
107.99 6.94229
103.809 7.07831
104.377 7.06506
104.916 7.05182
105.829 7.06637
104.846 6.89283
104.087 6.89401
104.403 7.00244
102.591 7.03277
103.327 7.07077
102.693 7.00889
103.798 7.01652
103.772 7.05165
104.25 6.95134
106.519 6.87598
105.368 6.90348
104.788 6.93181
105.114 7.04534
104.566 7.09224
105.886 6.94813
100.824 6.88784
102.944 6.95057
103.409 6.9332
102.576 6.91566
101.162 7.04158
104.048 7.02286
103.63 6.97453
104.939 7.1079
104.86 7.04352
104.754 6.92019
106.243 7.02513
104.621 6.95834
101.739 7.01156
101.784 6.9128
105.58 6.97127
108.789 6.87892
105.742 6.96072
105.51 6.95384
106.403 7.04949
106.672 7.03987
107.702 7.06371
107.666 6.9548
108.325 6.97067
110.755 7.02637
106.685 7.01676
105.591 7.01221
105.678 7.00019
106.024 7.01011
107.143 6.99931
107.193 7.1157
104.81 6.87935
103.724 6.92418
104.191 6.93381
102.288 7.03148
99.9932 6.994
99.946 7.00165
104.377 6.87874
103.386 6.92516
105.961 6.93964
102.639 7.13921
107.707 6.87735
106.955 6.87362
102.544 6.89177
102.219 7.02245
102.511 7.04297
104.833 7.01982
105.711 6.97826
103.101 6.96524
105.515 6.97976
104.134 6.86246
102.917 6.88049
100.8 6.9768
101.764 7.07234
103.369 7.00727
102.127 7.04866
101.854 7.04789
100.793 7.05733
100.956 6.98281
101.684 7.06911
104.052 6.96157
100.667 7.06165
103.716 7.02575
105.586 6.92734
106.235 7.11304
103.943 7.0968
105.286 7.01921
102.739 6.9788
107.61 6.97321
107.559 6.90114
113.381 6.93398
106.798 7.02694
104.863 6.93402
103.721 7.12435
104.191 6.94545
105.503 6.95107
104.793 7.01724
104.917 6.96023
102.694 6.99395
102.104 7.00841
101.933 6.99336
98.0443 7.11283
105.761 6.98117
106.172 7.11891
104.63 7.09012
105.226 7.11648
107.457 7.04288
107.821 6.91788
106.601 6.89446
103.114 7.07506
104.631 7.02475
104.8 7.01548
103.715 6.98485
104.792 7.00563
102.957 6.95072
100.441 7.08236
103.428 7.16339
101.982 6.91367
103.12 6.93157
103.674 6.94738
102.957 6.95315
102.548 6.9452
104.782 6.98837
107.449 6.98639
104.45 7.05262
105.03 6.94225
107.158 6.95003
105.828 6.96921
105.939 6.94476
101.067 6.94301
102.972 6.94344
104.416 7.15848
103.841 7.04438
101.561 6.8662
101.922 7.0334
102.433 6.9902
99.6382 7.14032
101.462 7.00407
101.157 7.0707
102.223 7.10708
105.056 7.08768
103.236 7.11373
104.555 7.04108
103.414 7.04615
105.103 7.01511
106.733 7.11273
104.718 7.05648
102.66 7.06226
102.532 7.05266
103.737 6.98822
104.635 6.97888
102.85 7.0204
104.583 7.04017
101.835 6.93537
101.835 7.0443
103.244 6.97842
102.183 6.96473
102.614 6.9774
103.086 6.95281
102.609 7.03807
104.87 7.08076
109.076 7.09957
112.119 6.86169
112.211 7.0201
108.212 7.07526
106.466 7.00685
106.065 6.96751
107.178 6.97813
104.822 7.07188
104.761 6.93381
103.738 6.95231
103.45 6.9457
103.592 6.95166
100.624 7.00942
102.295 6.99621
98.4397 7.25904
101.156 7.05428
105.101 6.87817
103.159 6.96281
101.904 6.90076
101.803 7.00136
102.089 7.03339
106.63 7.02185
100.133 6.96588
99.0039 7.00069
103.752 7.00665
104.009 7.02285
103.547 7.09985
102.786 7.18703
108.823 6.89217
107.19 7.1243
102.489 7.01435
100.71 7.08348
106.533 6.91215
103.6 6.95537
101.354 7.08395
100.201 7.03521
103.551 7.14955
104.362 7.00578
101.358 7.10766
101.358 6.94307
102.213 6.95932
102.218 7.00323
103.739 6.96071
103.79 7.01721
102.415 7.01718
103.439 6.90552
106.824 7.15752
108.12 6.89639
105.544 7.12909
106.832 6.98772
105.383 7.05167
103.999 6.97875
103.785 6.90426
103.519 6.97496
104.23 7.06508
104.497 7.07773
103.237 6.97278
103.855 7.076
103.96 7.00102
104.708 6.99842
103.7 6.90287
103.64 7.02144
106.759 7.02593
103.566 7.13655
101.191 7.0079
100.663 6.94608
100.139 6.89239
97.7102 7.10232
98.443 7.19645
105.399 6.95197
105.47 6.99296
105.608 6.96043
104.103 6.79566
101.572 7.08204
103.557 7.12134
101.69 7.04723
100.704 6.98821
102.731 7.14976
101.841 7.16668
100.224 7.14065
102.099 7.09907
104.704 7.01241
102.053 7.00514
106.447 7.0175
105.787 6.98841
103.499 7.14332
104.39 6.95262
104.258 7.01913
103.813 7.12005
104.699 7.1384
104.853 7.02391
103.495 6.94337
102.028 7.04107
101.928 7.04001
103.53 6.96115
104.917 6.91235
102.356 6.90173
103.809 7.07558
105.856 6.94239
104.616 7.05059
104.052 6.99655
102.802 7.0092
103.262 7.05306
101.883 7.0079
101.817 6.99728
100.565 7.1289
105.345 7.09173
102.008 6.99266
102.307 7.10061
100.932 7.17012
104.51 7.02263
105.465 6.96485
106.532 7.00083
106.008 6.98015
107.966 6.99324
104.675 7.03295
106.37 6.91367
105.14 6.96874
103.45 7.00114
103.259 6.91888
103.917 7.00517
105.35 6.97212
104.501 7.0543
103.069 6.95849
102.833 7.11613
104.889 6.97184
104.927 6.95739
101.486 7.02661
103.463 6.96201
103.525 6.95566
101.647 6.96998
101.799 7.06615
101.26 7.00467
99.6452 6.99375
101.665 6.91049
104.015 6.96034
99.4921 7.12726
101.418 7.10563
100.867 7.057
100.621 6.99296
104.018 6.94636
100.627 7.10983
99.2588 7.0323
99.8575 7.04019
105.809 7.14827
108.562 7.04923
109.62 6.87042
110.872 6.95999
111.771 6.87244
110.667 6.94712
107.436 7.07819
107.436 7.05802
104.834 6.99796
102.771 7.04119
101.088 7.01446
100.571 6.85419
100.478 7.11213
100.223 7.09883
103.871 7.09584
103.764 7.08759
107.933 6.99725
106.418 7.05617
104.216 6.98869
99.8526 7.03014
101.268 7.01185
101.47 6.99826
101.794 7.01137
101.738 6.92886
100.269 6.96923
102.468 7.10619
102.514 6.93528
104.124 6.93874
100.536 7.01979
100.244 7.15627
104.116 7.00723
104.812 6.98264
102.199 7.21542
103.546 6.93191
102.457 7.12377
100.591 6.90074
101 7.02479
103.555 7.04117
104.026 6.85478
102.006 7.14553
107.168 6.99601
106.749 7.01422
105.263 7.02382
104.388 7.02811
101.638 6.94918
103.011 6.92706
102.383 6.93398
102.94 6.93521
102.213 7.01679
103.064 6.96715
105.697 6.82718
106.501 7.05962
109.141 6.82483
108.684 6.87306
106.072 7.1052
106.672 7.02173
108.513 7.03195
107.501 6.93362
106.181 6.99762
104.848 6.95639
105.338 6.86374
104.952 6.89387
105.239 7.00426
100.232 7.05561
103.063 7.09656
105.39 6.86287
102.548 7.02947
102.689 6.95894
101.034 7.0986
100.925 7.01773
100.7 6.9083
100.97 7.02147
101.728 7.04395
102.486 7.11823
105.479 7.12435
101.598 7.04764
102.221 7.0934
108.269 6.93536
101.685 7.01887
101.197 7.08236
101.363 7.06542
105.509 7.09308
100.561 6.89477
103.045 7.0575
104.913 7.09728
102.677 6.98103
102.778 6.98018
96.7348 6.94164
98.1709 7.04433
97.5859 7.13605
96.7543 7.04007
97.2726 6.90673
100.883 6.99344
99.6755 6.93222
99.0132 6.91751
99.0167 7.01987
104.366 7.05577
102.967 7.0032
102.595 7.02413
101.029 6.9684
105.966 7.09287
104.047 7.12388
103.804 7.07828
103.281 7.077
102.776 7.22776
102.387 7.11612
101.077 6.96786
101.738 6.95986
102.431 6.9298
100.009 6.89865
100.145 7.06994
100.442 7.06172
104.5 7.03253
99.0611 7.00884
100.203 7.03077
102.642 7.09783
104.492 7.03569
103.502 6.97183
104.224 7.02067
102.733 6.89282
104.732 7.02899
103.17 7.08236
103.293 6.94771
103.156 6.99331
104.169 7.02522
103.787 6.96757
104.837 6.98725
105.407 6.95335
105.518 6.99175
104.031 7.10281
102.939 6.88442
101.477 7.01601
102.382 6.95353
102.129 6.77729
102.254 7.05858
100.029 7.12733
104.78 6.8909
109.406 6.87162
110.447 7.08548
105.146 7.02661
102.181 6.96503
102.767 7.0228
104.552 6.84376
103.026 7.16833
100.39 7.04438
99.1168 7.01697
103.455 7.1633
104.409 6.94932
103.832 7.0569
100.437 7.07438
99.6802 6.99165
102.254 7.02139
103.978 7.02435
104.236 6.93286
101.837 7.03704
100.229 6.97914
102.301 7.0017
107.369 7.01559
109.444 6.95425
110.357 7.00323
111.228 7.02199
109.993 7.01752
108.617 7.00488
104.526 6.93137
104.788 6.91994
102.299 6.90913
106.251 6.92396
105.502 6.95967
106.948 7.02174
105.919 6.99162
107.474 6.94689
107.088 6.99354
105.183 7.02372
106.581 6.91595
107.309 7.02124
107.279 6.97792
100.58 7.07531
100.166 7.06772
102.205 7.02412
102.238 7.05686
102.668 7.01366
102.293 6.9811
102.023 6.92977
103.827 6.96624
102.757 7.04238
102.313 6.94258
102.024 6.9634
102.039 7.01305
101.41 7.01672
100.304 7.00466
100.024 6.99743
105.247 6.99572
99.5387 7.21853
105.444 7.05933
104.94 6.93171
103.035 7.04892
106.738 7.09454
107.501 6.97358
108.664 6.97625
109.002 7.07663
107.036 6.92364
103.859 6.99196
105.163 6.93067
102.865 6.92524
101.225 7.18451
98.9204 7.02952
99.4275 6.89644
99.8502 7.12899
101.273 7.06109
102.564 7.00407
102.405 6.90382
102.765 7.04638
102.974 6.96042
105.183 6.85872
105.507 6.94985
104.471 7.07751
103.66 6.84477
105.136 6.95471
103.735 6.96657
104.027 7.02895
105.52 7.01866
101.821 6.88746
103.447 7.00986
100.669 6.98501
105.063 7.16682
105.835 7.11672
107.908 7.07051
108.448 6.95644
104.502 6.87357
103.383 6.94681
103.732 7.17765
103.851 7.06903
106.526 7.01369
106.354 6.94982
105.657 7.13052
104.889 7.07914
107.902 6.96107
107.797 6.89422
104.066 6.87223
104.919 6.95843
102.743 7.06999
99.8624 7.07823
101.803 6.95113
102.621 7.01759
100.93 6.95624
102.015 7.02557
103.175 6.97032
101.993 6.99922
102.704 6.8925
102.886 6.93207
104.44 7.04646
107.004 6.95844
103.979 7.20077
101.876 6.94214
105.573 7.00102
104.971 6.98287
100.67 6.80032
103.887 6.92875
102.602 7.04671
101.26 7.03716
103.711 6.99204
97.9099 7.10693
100.884 7.09883
102.155 6.9138
102.809 6.95165
97.7463 7.06893
98.8835 6.93453
101.467 7.03543
100.356 7.00485
100.231 6.87867
100.832 6.86841
103.338 7.0564
103.682 6.96385
103.482 6.94363
103.268 7.10044
101.028 7.03637
104.654 7.09554
104.872 6.91425
103.872 6.92731
103.492 6.95046
103.992 6.92502
100.987 6.98597
101.641 6.93044
101.159 7.10909
96.6793 6.89184
102.547 6.88133
100.876 7.13171
101.244 7.02147
100.961 6.9745
98.3737 7.07997
100.697 7.00469
99.8789 7.18306
101.493 6.91807
101.886 7.0764
102.234 7.14564
102.672 6.99442
103.85 7.13975
105.853 6.98369
104.906 7.09909
107.315 6.92684
101.436 7.01139
102.104 6.99925
102.227 6.97029
102.898 6.96094
100.42 7.07237
103.153 7.03118
103.451 7.03991
98.7375 6.9698
100.781 7.0102
101.897 6.90146
107.738 6.92292
107.125 6.91319
104.194 7.07339
105.639 6.99383
103.253 7.0519
104.978 6.89137
103.79 7.01909
102.893 7.02639
105.198 6.9822
104.646 6.97323
102.73 7.00554
104.298 6.98484
104.541 7.08602
100.01 7.03442
98.6399 7.07109
103.492 6.84373
103.993 7.00893
104.98 7.07393
104.884 7.01844
104.975 6.81768
103.282 6.81321
103.356 7.01364
104.779 6.93658
106.067 6.93874
101.804 6.95251
101.804 7.00121
101.804 7.3067
102.373 7.1649
99.3001 7.0276
99.3001 7.03849
99.9689 7.01853
98.0317 7.01195
98.0477 7.19647
99.5088 7.18066
100.259 7.12521
100.863 7.01346
102.045 7.16179
101.97 7.1357
102.872 7.02072
104.037 7.05311
109.65 6.87168
108.314 7.07281
103.609 7.01177
99.1574 6.98257
101.735 7.03734
103.318 7.03347
101.892 7.03271
103.655 6.94424
101.569 6.82333
105.772 6.96044
104.082 7.07285
102.943 6.99667
105.986 7.00615
108.081 7.00108
109.433 7.03075
106.721 6.96775
101.931 7.0589
101.685 6.96743
103.655 6.96202
100.923 7.09961
106.302 7.04055
102.397 6.975
102.295 7.03774
108.849 6.82643
103.4 7.13866
100.602 7.02007
100.926 6.84346
102.005 7.02392
105.43 6.92221
103.386 7.08536
105.885 6.94196
103.842 6.9539
104.049 6.94011
103.324 6.94761
104.591 6.93769
102.921 7.03791
103.205 6.9023
103.016 6.98623
101.34 6.93895
101.214 6.93869
101.671 6.98195
100.652 7.07778
101.433 6.93434
99.9112 7.02635
103.279 6.7978
99.6099 7.10284
102.664 7.08095
103.426 7.07177
104.645 6.98504
109.11 6.97295
107.796 6.97976
106.29 6.91337
106.364 7.03038
106.215 6.96654
106.061 6.91534
103.95 7.0226
108.038 7.12965
105.655 7.00726
101.503 7.00289
103.913 6.95489
104.292 6.96015
105.611 6.99189
100.155 6.92753
101.115 6.90207
100.857 6.94996
100.894 6.81875
100.923 6.96172
102.112 6.91006
100.975 7.01333
103.908 7.01403
103.392 7.04472
102.603 7.06821
102.883 6.91358
102.876 6.99461
100.25 6.99176
99.7057 7.20292
102.062 7.02804
102.035 7.0723
100.673 7.0508
101.303 6.92016
102.032 6.90726
107.158 6.89812
105.082 6.98981
107.891 6.93761
105.199 7.03502
107.943 7.04494
101.114 7.07218
104.547 7.06678
104.374 6.91921
103.463 6.90215
101.801 7.17153
99.6134 7.02821
102.67 7.03465
98.0384 6.97173
102.607 7.09706
101.006 7.02284
101.116 7.12599
103.204 6.91894
107.155 7.08809
105.743 7.05368
106.638 7.21443
102.637 7.00007
103.628 7.03637
101.946 6.90798
105.964 7.09367
106.889 7.01093
104.438 6.95973
104.841 6.96719
104.654 6.96538
104.885 6.90815
104.423 6.95046
101.622 6.99946
102.458 6.97505
101.892 6.94281
100.96 7.0835
104.172 7.13109
105.676 7.11806
110.488 7.00864
104.697 7.15753
102.613 7.17049
101.944 7.01575
102.499 7.02062
102.934 7.01085
103.005 7.00084
102.906 6.93139
104.991 6.95497
104.019 7.04844
102.82 6.94709
104.377 6.99703
105.116 7.00657
101.108 7.00684
101.316 7.06792
98.791 6.86911
96.0829 7.00997
99.4719 6.96404
101.139 7.05709
99.7276 7.0708
104.585 7.01324
105.637 6.87452
104.91 6.99881
106.608 7.01921
105.054 6.99177
102.016 6.85505
101.827 7.04853
101.021 7.07218
101.117 6.91324
102.349 6.99086
102.82 6.97471
101.949 6.98548
103.584 6.97426
103.688 7.04974
101.913 6.87153
103.578 6.93588
103.941 6.89993
103.827 7.00022
103.724 6.87668
104.958 7.03078
103.242 6.99559
101.513 6.97885
102.713 6.97323
103.091 6.96185
102.434 7.07315
102.824 7.08098
105.03 7.07365
103.806 7.07675
105.651 6.89494
106.205 7.06019
104.638 7.12719
101.246 7.04856
102.46 6.99274
104.156 6.86459
105.854 6.82683
106.274 6.95223
105.426 6.9718
103.822 6.94742
104.582 7.19335
101.832 6.92348
102.207 7.02906
102.387 7.04668
106.829 6.97398
106.817 7.03331
107.046 7.02027
106.311 7.0404
100.644 7.01342
100.067 7.08098
103.182 6.92983
103.065 7.06291
101.166 6.93303
103.502 6.97813
105.403 6.8949
105.259 6.96536
100.165 7.17198
102.537 7.08567
104.544 7.10063
103.015 7.13975
105.22 7.02061
102.054 7.06385
101.017 7.04973
101.239 7.01894
104.697 6.96431
102.181 6.89566
98.7557 6.95874
103.955 7.00194
102.74 7.04114
99.9923 7.13325
101.417 7.00559
102.347 7.09601
104.073 6.96673
103.262 6.95404
104.231 6.82911
104.547 7.06414
103.239 6.8898
102.031 7.05973
100.682 7.00965
103.094 6.95096
99.973 6.96711
98.6842 7.09369
101.659 6.97759
103.448 6.96588
102.198 6.97482
102.981 6.92294
102.049 6.93033
102.649 7.08038
102.96 7.08019
104.988 7.11618
105.908 6.9661
103.122 7.15492
105.258 6.8343
103.762 7.15789
103.816 7.10053
103.761 7.09714
106.668 7.09605
105.91 7.01588
106.178 7.0958
105.949 6.84547
106.594 6.96358
102.928 7.02447
103.953 7.03226
108.893 6.83296
105.321 6.87396
105.892 6.99134
104.755 6.97752
107.993 6.89153
104.933 6.95599
100.313 7.08375
99.4862 6.96541
102.444 6.97536
108.033 6.96519
107.623 7.07697
102.52 7.16043
104.101 6.97529
105.395 6.87784
105.007 6.98447
102.849 7.10215
100.109 6.98643
102.623 6.97468
104.039 6.83229
99.9166 7.00359
101.171 7.10643
102.884 7.05294
102.875 6.91713
105.274 7.05795
108.982 7.0665
105.923 6.9537
108.399 6.92521
107.653 6.92345
107.15 7.00509
105.341 6.99794
105.037 7.17856
103.749 6.98466
102.049 6.98527
105.816 6.88261
106.437 6.99798
107.81 6.95119
107.695 7.05329
104.014 6.93139
104.682 6.98031
106.097 6.9387
105.348 7.05811
106.231 6.95928
106.956 7.02872
106.26 6.96731
105.053 6.95082
102.984 6.91796
102.984 7.00467
104.317 7.21166
101.482 6.96713
105.592 6.99612
107.174 6.96672
106.869 6.96117
101.527 6.95512
102.492 6.97566
104.603 7.04133
107.201 7.045
113.171 6.94263
111.349 6.9817
112.3 6.91168
107.787 6.96319
108.457 6.81707
108.991 6.81953
108.7 6.89157
109.893 6.94626
104.207 7.13529
100.661 7.17114
100.84 7.12637
101.413 7.0034
100.504 6.82837
101.022 7.05047
101.512 6.93829
101.512 7.02447
104.681 6.98377
104.459 7.06138
106.371 6.98463
108.41 7.03273
110.037 7.02403
107.493 6.97949
105.019 6.95322
104.102 7.12263
104.221 6.92665
101.892 7.04245
102.826 6.89485
102.688 7.11463
100.893 7.1221
100.688 7.06467
102.391 7.10413
100.877 7.02984
102.385 6.92287
102.085 6.98464
102.9 6.99847
104.456 6.91054
103.529 6.90226
101.716 7.0276
103.995 6.78078
104.365 6.84142
100.877 7.02644
102.485 6.97994
102.618 6.96362
102.628 7.01472
102.589 7.02517
102.702 6.92778
103.994 7.0117
103.552 7.01677
103.773 6.92186
103.981 6.97824
103.184 6.9318
102.31 7.00044
102.609 7.11578
105.098 6.91362
100.813 7.07444
106.406 6.94799
107.242 7.01321
103.417 6.95772
101.737 6.98871
101.25 7.04455
105.629 7.02753
108.091 7.06896
106.747 7.02761
107.153 7.05008
111.113 7.02388
108.456 6.9343
109.435 7.00192
106.253 7.0655
108.137 6.82381
105.088 7.05036
105.121 6.99571
104.567 6.99227
107.222 7.02548
108.117 6.93062
103.787 6.95532
101.643 6.92423
104.276 7.04652
104.222 7.17766
109.318 7.01516
108.986 7.11424
107.297 6.96877
101.31 6.96697
102.151 7.04285
103.167 7.00407
100.314 7.02924
101.703 7.03959
105.29 6.87047
103.831 7.04796
100.921 6.98084
103.567 7.02055
98.9291 6.92818
105.348 6.94182
103.948 7.0435
104.734 6.8516
108.006 6.96029
108.724 7.03866
108.724 7.06884
109.695 7.03894
106.613 7.00912
105.844 7.00468
104.914 6.9854
103.638 6.97637
104.18 6.98267
104.606 6.98157
112.138 6.90422
107.299 6.99875
107.33 7.05093
107.782 7.1238
105.042 7.02467
107.251 7.08725
106.351 6.98071
106.514 6.9568
105.823 6.91551
101.436 6.90863
100.059 6.9179
103.007 7.01771
104.965 7.11425
106.336 7.08877
106.514 7.03463
98.4647 6.9555
100.148 6.99117
101.377 6.94333
104.399 7.10211
103.684 6.88006
103.313 6.94474
104.816 6.90955
106.413 7.01958
103.018 7.15149
105.638 6.93367
106.145 6.9705
104.114 6.9829
103.451 7.0231
103.31 7.1184
103.133 7.02693
102.83 6.99247
102.706 7.027
101.387 7.05081
102.989 7.05908
102.194 7.03832
103.327 6.88593
100.979 7.15106
104.376 7.11038
109.696 6.9919
109.213 7.04449
109.193 7.04472
108.504 7.05962
103.05 7.05981
105.664 6.91153
106.047 7.03739
108.165 7.03484
108.174 7.03207
106.926 6.94796
106.752 6.88647
106.461 7.03676
104.195 6.96173
102.266 6.96172
102.583 6.99329
97.3507 6.94308
102.697 7.06273
103.366 7.10917
104.278 7.14544
106.282 6.9588
104.833 6.97623
104.039 6.84814
103.434 6.96744
105.057 7.00582
104.015 6.90475
103.952 7.01539
105.678 6.92246
105.696 7.05019
104.508 6.97359
102.422 7.00825
101.66 7.03488
100.512 7.04471
102.765 7.0305
102.894 7.0893
105.328 7.12238
104.024 7.09716
103.309 7.05446
105.25 7.10593
102.113 7.11325
102.39 7.04994
104.312 6.96506
100.588 7.01699
104.883 6.98743
106.773 6.88573
106.739 7.04559
103.626 6.9229
102.275 6.97801
106.471 6.94428
106.267 6.84965
108.81 7.01423
108.313 6.95942
105.594 6.99957
99.9931 7.03322
99.7435 7.00812
100.358 7.00996
99.4742 7.09529
99.7335 7.03917
101.406 7.05745
101.05 7.01398
102.594 6.89698
102.286 6.99003
101.21 6.90275
102.036 6.91695
99.8621 7.02402
101.961 7.06727
102.022 6.91366
106.698 7.00926
109.654 6.95292
108.254 6.88976
106.921 7.00447
106.921 6.98711
102.453 7.03604
101.882 6.93002
102.108 7.05233
101.313 7.07803
104.476 6.99448
102.393 7.01969
101.589 7.05364
101.827 7.10534
104.045 6.88161
103.542 7.11293
105.097 7.15251
102.283 6.9832
103.99 6.86658
104.537 7.01565
103.619 7.05303
103.52 6.93847
101.686 7.06119
101.845 7.06387
97.4696 7.07668
101.589 6.99198
100.537 6.98152
100.977 6.94781
99.6554 6.9951
100.511 6.96662
101.951 7.08918
103.612 6.99179
95.1105 7.00138
100.872 6.98234
100.887 7.04626
99.5807 6.99386
100.715 7.01011
105.947 7.1017
101.089 7.1017
97.7148 6.93556
99.5768 7.01155
101.492 6.94868
102.663 6.92745
102.592 6.91773
104.577 6.87198
102.407 6.91838
105.815 7.12419
105.617 7.0637
104.937 7.08916
105.844 7.11574
105.304 7.14667
107.87 7.0887
106.761 7.02338
104.031 6.91069
103.34 7.02695
104.359 7.04929
100.416 7.0085
100.84 7.20009
103.888 7.0976
105.765 6.93926
103.695 7.02108
106.197 6.92926
106.297 6.94185
107.545 7.00657
102.678 6.99023
101.997 6.97195
102.081 6.99871
102.781 6.81681
101.656 6.99436
101.622 6.96991
101.963 7.09734
102.194 7.10613
101.366 7.13991
100.531 7.07526
105.05 6.91032
102.041 6.96753
100.752 6.98262
102.603 7.01055
103.647 6.99725
104.642 6.93759
103.421 6.93244
103.447 7.0739
103.479 7.2922
102.097 7.03374
101.996 7.12815
100.749 7.06562
100.215 6.96811
100.489 7.01995
102.057 7.13746
103.393 6.97264
105.304 6.93406
107.757 6.98503
103.833 6.8195
107.919 6.99375
105.661 6.95949
106.278 6.94386
105.702 7.0299
105.834 7.00729
105.205 7.07164
105.839 7.03399
104.047 7.2278
105.954 7.01559
105.665 6.98496
104.284 6.97945
104.739 7.06781
104.617 6.90859
105.703 6.91552
103.193 7.09131
104.889 7.15231
104.889 7.07203
104.419 7.04335
108.902 6.90997
107.163 6.80124
105.476 6.93075
104.614 7.01177
104.673 7.00929
103.49 6.91737
102.045 6.86586
100.705 7.14625
100.87 7.03214
103.139 6.89629
105.081 7.00976
102.75 7.12517
103.95 7.02813
107.088 6.84987
106.63 6.96311
107.84 7.0389
107.222 6.94205
104.056 6.82862
101.442 6.95341
103.063 6.96378
101.938 7.00003
103.392 6.97631
104.585 6.95519
104.585 6.97533
102.167 7.16067
102.674 7.08611
105.872 6.9305
104.786 6.9305
106.12 7.02201
105.892 6.95963
104.55 6.99238
100.537 7.0012
102.587 7.03225
100.564 6.93694
104.302 6.99977
105.744 7.14264
106.871 6.96457
108.859 7.03522
103.638 7.03665
103.163 6.8469
101.927 7.01874
100.917 7.08397
100.899 7.0512
101.613 7.10294
103.996 7.05811
101.237 7.04782
100.693 6.94407
104.805 7.04067
105.925 7.05188
103.397 6.97798
105.139 6.95855
103.789 7.15156
104.041 7.01759
104.08 6.991
101.619 7.00885
99.9028 7.15361
100.614 7.02509
102.417 6.9608
107.172 6.96416
105.331 6.96386
105.549 6.93469
108.833 6.98975
105.524 6.9563
105.946 6.89817
111.597 6.98147
111.659 7.07314
104.466 7.12963
105.111 7.02209
105.105 6.93733
106.197 6.94586
105.181 7.09127
102.732 6.99996
103.33 6.96383
101.656 6.87849
102.678 6.84902
98.7783 7.00957
100.728 6.94847
101.942 7.06455
99.7965 7.10368
100.875 7.08063
102.423 7.08117
106.164 7.00178
104.84 7.0223
102.871 6.9724
100.708 7.00733
99.0146 7.03298
100.924 6.91173
99.6909 7.07706
99.0189 7.07161
102.996 6.97382
102.399 6.97421
104.022 7.07849
100.547 6.92487
102.208 6.97018
100.529 7.06037
102.106 7.03073
101.693 7.0647
101.613 7.09095
100.65 7.07244
103.417 7.05182
103.431 6.9484
103.483 6.92813
106.135 6.94633
106.135 7.01645
103.382 6.97595
100.44 7.00049
102.857 7.03189
100.723 7.01034
99.0967 7.29068
101.13 6.98253
103.128 6.99231
100.734 6.94871
99.4543 6.98141
101.73 6.98546
101.125 6.9858
102.155 6.96084
103.78 7.01706
104.017 6.97426
104.151 6.98915
107.542 6.93903
106.327 6.99148
105.582 7.04276
103.292 7.06563
103.06 7.03148
103.378 7.0154
102.913 7.18555
103.013 7.1082
102.686 6.85603
102.944 6.97693
104.493 6.95085
103.663 6.99951
103.59 6.962
101.622 6.97908
103.641 7.0205
104.091 7.016
101.592 7.00819
101.691 6.95627
101.879 6.89054
104.515 6.91778
101.561 7.02184
101.024 7.06303
101.024 6.93059
99.4327 6.96842
103.75 7.09403
101.748 7.03903
103.117 6.87926
100.08 6.96211
103.08 6.91822
103.395 6.90829
103.355 7.12182
103.381 6.96314
103.517 7.00845
100.869 7.0653
104.337 7.12747
104.129 6.92845
104.035 6.93538
105.063 6.98099
102.817 7.02228
99.015 7.15026
99.8922 6.86621
99.8614 6.98378
99.2956 6.97781
101.383 7.00644
98.3462 6.98423
97.5933 6.966
97.5933 6.89809
97.8068 7.04254
100.276 7.03474
102.595 7.13483
103.94 6.8601
104.855 7.04485
109.108 6.9158
104.787 7.04253
107.4 6.93529
102.129 7.00197
107.665 7.10531
109.126 7.07501
102.339 6.99639
103.52 7.00623
103.113 7.07074
105.474 6.97747
105.001 6.98763
104.514 6.99219
104.511 6.99349
102.361 7.07595
104.229 6.98736
106.862 6.94978
102.907 7.04529
100.229 6.97516
99.4667 6.97413
99.4667 6.96113
100.276 6.97744
103.167 7.02687
103.081 7.08274
102.546 7.09525
100.799 7.04422
103.743 7.15473
104.86 7.08029
107.621 6.85096
104.777 7.01289
100.694 6.87992
104.529 7.07229
105.248 6.92172
104.367 7.00929
101.74 6.87546
103.507 6.94097
100.632 7.13031
100.252 7.08353
103.047 6.90461
103.485 7.09807
104.507 7.01887
104.507 6.97849
103.966 7.00032
107.704 6.9884
104.872 7.04605
103.767 6.85055
102.038 7.15109
101.305 6.99173
104.213 7.17603
103.137 6.95311
104.418 7.04308
103.823 7.00099
106.935 6.98134
105.814 6.96465
106.217 6.91848
103.898 7.10551
105.241 7.0567
105.409 6.9491
107.813 7.04031
102.55 6.98687
105.271 7.01808
102.92 6.9593
106.103 6.94192
104.924 6.97908
102.001 6.99133
99.7881 7.00352
99.4155 6.87656
100.486 7.00981
99.9766 7.0437
100.661 7.04213
100.151 7.03689
102.576 6.96799
101.805 7.00976
104.339 6.97448
103.644 6.88577
103.422 7.13267
102.052 7.06847
105.774 7.02977
103.169 6.91996
102.857 6.86776
103.058 7.11456
103.817 7.1124
104.096 7.17581
104.596 7.04908
102.857 7.09175
102.993 7.03099
100.051 6.97712
104.67 6.89889
104.161 7.02468
103.611 6.98391
102.056 7.028
101.179 6.9479
102.988 6.95281
105.205 6.95188
101.891 7.10405
104.756 7.05246
105.892 7.05218
107.391 7.01401
107.051 7.09994
103.559 7.18622
104.891 7.01334
101.085 6.95773
103.633 6.95402
107.156 6.95253
102.306 6.95137
104.272 6.99772
103.89 7.06193
104.934 7.01256
104.671 7.09977
106.966 7.12974
106.571 6.96173
105.579 7.01386
104.839 7.07939
104.758 6.93583
105.477 7.04846
105.649 7.16034
102.342 7.06921
101.931 7.02703
103.078 7.02202
99.4838 7.07846
106.193 7.09573
102.756 7.01973
105.297 7.13875
109.526 6.86079
108.943 7.06857
105.185 6.9373
102.293 6.98892
100.971 6.94258
101.185 6.97853
108.39 7.04683
107.721 6.866
108.575 6.97977
108.773 6.87909
104.582 7.03188
108.551 6.96159
104.798 6.99303
103.846 6.97163
105.583 6.98313
105.579 6.96244
103.423 6.90737
102.711 6.96743
102.611 7.05987
102.611 7.14443
101.071 6.79395
105.052 7.02714
102.966 6.95676
105.356 6.90152
107.871 7.05948
105.784 6.96564
108.448 6.97595
106.317 7.07787
106.771 7.12439
106.613 7.12512
106.648 7.14723
105.583 6.98793
106.097 6.855
106.059 6.96738
106.714 6.91331
108.065 6.95667
104.773 7.04099
102.445 7.06111
96.0587 6.9712
103.641 6.97061
101.371 7.01627
101.004 7.15142
103.262 6.9705
105.621 6.97857
105.571 6.99829
106.394 6.9705
106.282 6.88102
105.191 6.83386
102.401 7.10185
104.726 6.9574
105.921 6.93511
104.7 7.02307
103.092 6.90961
101.465 6.98191
106.515 6.91668
108.077 6.96722
107.241 7.03137
108.784 6.97657
107.066 6.9109
105.673 6.93767
107.303 7.0276
107.106 6.90604
105.917 7.01042
100.981 7.06982
101.095 7.00191
106.758 7.14225
101.245 7.03074
101.563 7.02617
99.6464 6.9326
98.2809 6.99633
100.826 7.0157
103.411 6.94833
100.895 7.00103
103.482 6.9786
104.287 6.94415
103.086 7.07913
105.216 7.04045
107.753 6.98895
104.327 7.05076
103.136 7.1306
107.286 6.90705
105.343 6.99095
106.576 6.97861
106.991 7.12094
106.911 7.08422
102.041 7.01196
102.139 7.04227
102.204 6.91864
101.798 7.01782
103.888 6.915
104.725 7.02259
103.763 7.03191
103.01 6.97332
103.132 6.97327
104.85 6.99517
102.99 6.93293
104.227 6.80176
103.502 7.05441
102.346 7.12613
106.68 6.84614
105.729 7.10249
105.981 7.09661
104.676 6.94845
106.02 7.0257
104.366 7.07196
103.249 7.08238
104.499 7.00474
101.329 6.91784
101.293 6.97588
101.651 6.87055
101.458 6.86637
103.02 6.8634
103.289 6.9739
101.112 7.06097
101.689 7.07454
100.515 7.08851
102.677 7.04625
105.069 6.96464
103.456 7.07413
104.385 7.02562
103.934 7.03086
101.771 7.03059
100.511 7.02405
103.792 7.0311
101.089 7.08941
103.901 7.14198
