59.4992 8.15809
59.7783 8.31543
59.4134 8.0876
59.2173 8.48946
59.0346 8.51128
60.4396 8.62868
61.6534 8.58497
61.3683 8.0703
59.4912 8.12944
57.8273 8.33435
60.3087 8.28467
59.8295 7.8759
59.5098 8.25314
61.264 8.43434
62.1213 8.07331
61.2975 8.33447
61.4334 8.41532
62.3166 8.38952
61.9181 8.5468
61.1921 8.54315
63.4265 8.34031
61.994 8.57888
61.3764 8.22222
58.458 8.23994
60.0371 8.37416
59.726 8.08484
57.5019 8.14245
58.0279 8.2567
58.7837 8.46905
59.061 8.28565
58.2291 8.25294
57.2152 8.44366
59.9475 8.29475
59.6168 8.34542
58.6481 8.38399
58.1969 8.46459
61.4518 8.27163
61.1391 8.01968
60.6511 8.3407
60.5118 8.42299
61.4272 8.38771
60.8938 8.10351
60.059 8.27254
59.9767 8.25308
59.9789 8.28666
60.1131 8.16668
60.1099 8.28451
57.9611 8.35655
60.1412 8.45014
59.3443 8.3827
60.0994 8.45107
62.296 8.39348
60.3903 8.28552
60.0146 8.31503
59.9964 8.22032
60.2416 8.60544
60.2481 8.23164
58.4258 8.24976
59.9445 8.35441
59.111 8.42692
58.4985 8.47803
58.2623 8.14752
59.2084 8.536
59.4787 8.35507
58.6553 8.34136
59.0488 8.37023
58.4149 8.35302
59.8977 8.32501
60.6824 8.07933
61.5432 8.39548
62.7869 8.54079
60.8753 8.06779
61.9353 7.91762
60.0488 8.05622
60.8204 8.25824
61.5264 8.40303
62.5614 8.26105
61.1887 8.11707
60.3363 8.3603
61.7698 8.39126
58.8987 8.27714
61.4265 8.37521
59.3386 8.10556
60.8169 8.27569
59.8066 8.27226
59.1012 8.2639
59.515 8.29852
60.1106 8.29546
61.0354 8.29595
60.7028 8.16611
58.537 8.31398
59.2432 8.0916
60.1799 8.25324
61.2452 8.22219
60.2412 8.29952
59.0109 8.75888
59.3139 8.63724
59.7624 8.48616
59.7386 8.29821
60.8843 8.15959
61.1555 8.01136
60.5024 8.13823
60.9611 8.25482
59.2071 8.52782
61.4534 8.3897
56.2534 8.55366
60.1967 8.25751
60.1098 7.99643
61.5113 8.36845
60.9344 8.3602
60.1976 8.15035
61.8062 8.30318
61.0034 8.46615
59.398 8.12591
60.5224 8.39269
61.6266 8.335
60.5843 8.48688
61.7207 8.2965
62.8374 8.44671
61.8959 8.37241
59.949 8.21998
61.7279 8.081
58.4653 8.49649
58.7219 8.3526
60.1569 8.33633
59.9549 7.99604
59.1872 8.54054
58.6883 8.15071
59.7326 8.19365
59.1798 8.25698
59.8524 8.53254
60.7418 8.08558
59.803 8.29416
59.4264 8.16032
58.3885 8.58098
58.609 8.27362
59.2266 8.45635
57.9543 8.25047
58.6957 8.46107
59.7412 8.45761
60.1611 8.26462
60.0316 8.348
61.6803 8.03759
58.9158 8.13242
59.1148 8.18275
57.9781 8.44957
56.5118 8.85199
58.9502 8.32799
59.836 8.21253
60.9702 8.26084
59.4013 8.3357
59.3685 8.52981
60.0518 8.21995
59.2528 8.21677
59.881 8.53973
61.4114 8.58301
59.3262 8.55294
58.3106 8.53884
59.0888 8.54378
59.4323 8.37616
60.4132 8.32218
60.5413 8.23646
61.2862 8.85086
61.2256 8.23062
61.2431 8.64264
61.2439 8.52273
61.5395 8.16318
59.4314 8.46531
58.0613 8.43597
59.3849 8.3894
59.5998 8.41961
60.4371 8.57878
62.0337 8.2232
60.0438 8.42441
59.9488 8.2686
59.5402 8.36926
59.7069 8.4899
59.9844 8.40534
61.4694 8.20224
61.4912 8.13791
59.9298 8.1327
60.9119 8.24488
61.216 8.2335
58.9573 8.44967
58.4574 8.4114
62.7204 8.35043
58.9147 8.51614
58.8934 8.71397
58.4117 8.23911
60.7657 8.26948
59.4452 8.30386
58.5488 8.5153
59.1537 8.59143
59.004 8.27272
58.9943 8.34404
59.323 8.50888
58.0561 8.65167
59.4385 8.32246
57.6689 8.43474
58.2121 8.60116
57.921 8.27946
59.8806 8.3725
60.1768 8.35767
60.0591 8.40298
60.382 8.43003
60.5987 8.2143
61.7316 8.05939
62.7724 8.1922
62.5398 8.15379
62.2067 8.00584
63.0843 8.03603
63.5801 8.1475
63.4871 8.08326
63.3393 8.33695
61.1533 8.17928
64.8273 8.18063
63.3265 8.18798
64.1417 8.20388
65.7098 8.35478
62.7843 8.23327
63.0354 8.22291
66.016 8.37283
65.8137 8.27183
67.0246 8.21578
65.7184 8.36508
67.0208 8.32317
64.1093 8.28597
63.3292 8.48761
63.963 8.51059
64.9253 8.56587
65.9196 8.28937
64.9232 8.3502
65.5452 8.12745
66.827 8.00807
66.0537 8.26869
66.2002 8.08633
65.061 8.68873
63.8763 8.17661
64.1129 8.36587
65.2048 8.48078
61.0841 8.67321
63.2063 8.48339
62.8044 8.53232
62.7945 8.15284
63.2135 8.07668
62.5416 8.3918
63.1537 8.04806
61.8884 8.30276
62.7883 8.05477
62.4384 8.55894
61.546 8.56642
61.0647 8.35024
60.8969 8.69175
62.2193 8.30037
61.6743 8.46853
60.9585 8.43795
62.9942 8.09918
61.5427 8.0167
63.9853 8.32896
62.7447 8.41276
62.4666 8.52664
62.1034 8.24104
62.842 8.43137
63.562 8.25784
63.7258 8.30954
63.5678 8.2922
63.5678 8.05986
63.5678 8.04213
62.5663 8.31425
61.4278 8.40264
60.0653 8.41557
62.6251 8.12917
62.6251 8.24814
62.3194 8.13844
61.8743 8.23415
62.2025 8.09629
61.3479 8.22686
60.5631 8.37464
58.8164 8.50185
59.0722 8.50799
58.8403 8.56742
59.9347 8.51557
59.3546 8.17226
59.1777 8.4562
58.4945 8.51613
58.3732 8.21758
58.504 8.62046
59.6168 8.44098
59.3442 8.31438
59.9402 8.1032
59.8754 8.3794
61.3955 8.04055
61.4944 8.27765
60.8011 8.19899
60.6019 8.19197
59.2608 8.54203
59.8267 8.68356
59.8441 8.70346
59.5791 8.60739
56.9173 8.39131
59.6554 8.39144
61.7369 8.30189
60.3932 8.25531
61.4348 8.18759
62.4655 8.50465
60.8157 8.29386
60.9889 8.1409
61.4974 8.1171
60.4074 7.93866
59.4687 8.09773
60.9462 8.13214
62.5444 8.48634
61.6891 8.38564
61.3022 8.4994
61.7279 8.46961
61.3785 8.30845
61.1367 8.05793
60.3561 8.22617
60.5482 8.23956
61.2865 8.67128
60.5176 8.41515
60.3158 8.30607
60.3125 8.31052
60.5487 8.36984
59.5678 8.59135
60.3609 8.13474
59.2828 8.08074
57.9285 8.15102
56.4625 8.53216
60.4 8.3817
59.3967 8.33738
57.984 8.47418
58.2828 8.3014
57.9337 8.59347
58.1992 8.34245
58.0907 8.3877
58.8995 8.66102
57.0119 8.50333
58.2376 8.19995
55.3889 8.65863
57.5032 8.3701
56.7802 8.3086
58.5362 8.62968
57.6659 8.46083
58.2137 8.38197
59.0099 8.38341
57.9328 8.43934
58.6892 8.3935
61.0913 8.44593
58.0605 8.23333
60.853 8.24683
60.9298 8.27636
60.279 8.50518
61.6235 8.10422
62.0449 8.14277
60.82 8.50476
60.7297 8.42592
61.1151 8.41362
59.9988 8.29886
59.058 8.41164
59.7466 8.35863
58.4325 8.23407
59.1214 8.42006
59.4782 7.97256
59.2815 8.48226
58.434 8.42154
59.3723 8.71483
63.2952 8.37389
60.7215 8.1701
60.5703 8.25913
58.0007 8.44759
60.1656 8.46174
59.3595 8.29873
60.2883 8.30875
63.1218 8.41755
61.4504 8.39333
59.478 8.29337
60.2415 8.22611
61.3091 8.24028
61.452 8.26473
61.9257 8.28713
59.9762 8.72722
60.0853 8.36578
57.5599 8.65689
58.5656 8.35092
60.4555 8.21164
60.2941 8.23893
58.7565 8.44336
58.4514 8.4873
57.86 8.38848
59.2354 8.38437
60.045 8.33955
60.9833 8.19409
60.2785 8.5653
59.9752 8.39306
59.8868 8.27385
59.487 8.2871
59.8943 8.52171
59.3184 8.52647
58.1581 8.26487
58.9146 8.5319
59.1628 8.43511
59.3605 8.39774
58.4015 8.87946
59.7463 8.36542
57.9643 8.26489
58.8666 8.40512
58.7565 8.23514
61.3024 8.06055
57.354 8.4327
60.6734 8.16319
60.594 8.31145
59.4544 8.39212
59.4613 8.39369
61.7285 8.4658
61.7182 8.21217
60.9331 8.21907
60.2368 8.67066
58.3228 8.55622
60.2806 8.38109
61.3531 8.03156
60.2622 8.27306
59.0834 8.16901
58.0297 7.99399
56.6151 8.4641
57.6928 8.38954
58.941 8.18143
58.929 8.18143
59.1267 8.33355
59.0383 8.40104
57.3819 8.35772
58.6659 8.27294
58.6257 8.62304
58.6187 8.63218
59.1953 8.42418
58.7614 8.34892
59.7698 8.04955
60.1256 8.41058
60.6155 8.25838
60.8261 8.25166
60.8307 8.27425
61.1919 8.33436
60.946 8.3834
62.2429 8.31672
63.5831 8.46518
59.8787 8.41265
58.2211 8.44462
60.4543 8.67809
60.7232 8.39992
58.4297 8.42878
56.1861 8.36916
58.6703 8.53898
59.3826 8.51226
60.5828 8.1363
61.2366 8.36092
60.0374 8.39057
58.0483 8.5311
57.8677 8.43172
57.3726 8.80092
58.9885 8.18432
58.8758 8.27146
60.5006 8.25387
59.6387 8.11647
59.7232 8.20236
59.994 8.20412
60.5873 8.37795
58.6991 8.3555
59.3041 8.42453
59.2899 8.37416
59.5153 8.32954
56.9553 8.53619
59.516 8.67947
57.6695 8.50868
59.4283 8.13275
60.2345 8.36761
60.8545 8.21942
60.0632 8.28438
61.6406 8.4742
61.889 8.25283
60.4265 8.57858
61.3635 8.56007
60.8667 8.33333
61.1748 8.23427
59.333 8.07922
57.3918 8.0655
59.8752 8.63645
60.8783 8.69834
61.2293 8.4461
58.1355 8.32161
58.1534 8.2609
61.6743 8.20134
63.5506 8.41097
61.6436 8.30412
62.5737 8.23071
59.2656 8.55207
59.7762 8.50027
57.4559 8.45221
58.4588 8.64168
59.389 8.59764
61.1722 8.13691
61.6433 8.2432
59.0568 8.33934
59.3132 8.37829
59.5422 8.37841
59.6118 8.50067
58.8433 8.15427
58.9027 8.43193
60.9099 8.57336
59.9998 8.16207
63.0724 8.52225
58.7311 8.47584
57.8529 8.37953
58.3996 8.71483
59.3723 8.30429
60.0901 8.12603
59.4602 8.44043
58.7644 8.42067
59.3483 8.32579
60.288 8.36047
59.7428 8.41479
59.6396 8.4922
61.4005 8.44522
60.9401 8.66381
60.9701 8.49969
61.1873 8.27195
59.7593 8.29251
60.0463 8.22889
60.9572 8.17598
59.8494 8.07822
58.839 8.28018
59.1671 8.52268
59.6672 8.24926
61.1913 8.32736
60.3216 8.4708
60.5552 8.26972
60.442 8.1834
60.6671 8.42066
61.4395 8.34127
60.4338 8.35781
61.2215 8.39977
58.3695 8.50504
57.2166 8.20933
58.4381 8.48665
58.7201 8.41725
59.0326 8.31209
59.7582 8.13273
58.0911 8.26428
59.7302 8.29786
59.2361 8.32516
58.714 8.24847
60.4817 8.34057
58.994 8.33986
60.3089 8.15901
60.2773 8.25154
60.5421 8.4277
61.0405 8.53788
62.4852 8.56558
62.0677 8.18457
64.2013 8.11473
63.6531 7.94582
60.2523 8.28136
61.6003 8.52823
62.228 8.64003
60.6829 8.46536
58.3324 8.25967
59.1745 7.99881
60.4028 8.34021
61.3387 8.31441
61.9283 8.35133
61.2279 8.33229
62.1368 8.4418
60.0291 8.57873
62.1953 8.54611
61.7262 8.22017
60.8925 8.16031
61.3041 8.28498
60.5749 8.02776
60.3209 8.23945
59.6788 8.37961
58.9826 8.3343
60.4267 8.39321
60.372 8.23248
60.3296 8.26149
58.6969 8.2593
61.5139 8.45033
60.9069 8.57163
60.0454 8.33291
59.8223 8.69098
59.536 8.71046
60.4003 8.34249
59.6711 8.19964
58.9657 8.91863
59.1598 8.21453
59.4578 8.43454
60.0449 8.63419
59.1138 8.55554
60.3564 8.49115
59.8153 8.28123
60.3071 8.19177
60.5975 8.16346
59.8402 8.2415
59.3781 8.2675
59.5316 8.57215
59.7022 8.11161
59.9707 8.23002
61.5026 8.35019
61.6497 8.22882
62.052 8.36236
60.7266 8.14651
61.8861 8.1811
59.7168 8.47052
60.9468 8.2693
62.2535 8.0987
61.1105 8.50928
62.9824 8.32764
61.714 8.48581
64.0777 8.15192
64.3707 8.11967
61.9262 8.10327
60.6907 8.3421
60.3667 8.28204
58.9373 8.3345
59.0018 8.30081
59.2342 8.29224
61.063 8.51426
59.3185 8.3403
57.5141 8.70044
58.7558 8.67189
59.1293 8.22886
59.3871 8.14206
59.6311 8.49511
58.6766 8.44164
59.8128 8.09111
61.8122 8.31473
59.4869 8.61719
60.2302 8.40679
58.7755 8.47812
59.9252 8.48811
60.0577 8.115
58.9666 8.28177
57.9489 8.51418
59.1674 8.50174
58.064 8.53969
58.4907 8.49992
60.4829 8.46896
60.2164 8.25921
60.7224 8.42637
59.6954 8.41549
60.8464 8.43544
60.6871 8.72149
61.4766 8.26656
60.6947 8.15996
60.8912 8.13548
60.9735 7.83368
61.933 8.1921
61.4019 8.19577
62.8202 8.24964
62.5927 7.92143
63.1909 8.10918
59.8178 8.3644
59.2216 8.4035
62.8222 8.46736
60.7864 8.3701
61.0199 8.37271
61.5718 8.40679
62.5949 8.51054
62.4623 8.29819
61.7714 8.402
62.4071 8.18629
61.8522 8.26663
63.0389 8.32573
59.8925 8.09283
57.9912 8.52045
60.0899 8.19047
59.0138 8.22521
59.9366 8.43846
56.6802 8.63831
59.1772 8.39876
59.5814 8.58692
60.0862 8.58506
60.5703 8.38396
60.5278 8.23816
61.5728 8.18315
61.0814 8.51449
60.9746 7.90044
60.387 8.49603
60.6521 8.23573
60.4642 8.20239
61.8044 7.97375
58.7842 8.51774
59.609 8.22258
58.4743 8.28762
60.1887 8.06352
59.481 8.07541
59.0632 8.43301
58.1736 8.41347
57.1905 8.52762
59.5829 8.42599
60.3578 8.08431
58.6385 8.7407
58.5697 8.46484
58.4024 8.17985
60.8102 8.54215
61.2428 8.1588
59.4672 8.36823
58.8278 8.44627
57.6235 8.4952
59.6648 8.43406
61.0522 8.17023
59.6353 8.08715
60.2118 8.23376
58.708 8.57577
59.6873 8.33374
58.342 8.47554
60.3505 8.40051
61.2919 8.30714
62.0802 8.18307
60.8078 8.24497
62.2062 8.34224
59.9223 8.39922
59.7655 8.33654
60.9588 8.19633
60.284 8.35113
60.1686 8.33187
58.2786 8.3316
58.8361 8.29039
59.1057 8.26746
60.8909 8.27353
59.2682 8.30024
61.5191 8.29865
59.4195 8.69635
60.7291 8.76093
61.0128 8.43527
63.0156 8.28014
64.9129 8.08513
63.6935 8.1273
62.4464 8.19313
62.4551 8.05594
62.6073 8.14274
63.3512 8.08218
63.3512 8.17949
60.7353 8.13946
62.4695 8.33502
60.3444 8.44211
60.822 8.02392
61.7999 8.393
62.0612 8.51149
60.1412 8.07994
58.679 8.45697
59.1493 8.34861
60.9883 8.35985
58.0738 8.32639
60.5838 8.35622
59.9513 8.3658
60.187 8.34605
59.847 8.42222
59.6965 8.78054
59.4756 8.51035
58.7363 8.45731
57.8527 8.46142
57.2218 8.38962
58.7937 8.30011
59.431 8.58811
60.2546 8.48595
60.2315 8.67135
59.3152 8.51947
60.588 8.53774
59.1186 8.2327
59.579 8.3975
60.3131 8.00276
61.3427 8.4218
60.1588 8.21873
59.9915 8.41635
60.5712 8.40378
61.6223 8.37111
61.2307 8.00236
58.3048 8.1948
58.8718 8.80321
59.7685 8.32446
63.3197 8.39156
61.5312 8.50373
61.9002 8.5209
62.4405 8.43837
62.6679 8.42555
60.5361 8.37172
60.2877 8.07846
60.1425 8.31032
60.061 8.36006
58.5517 8.32092
59.3587 8.34946
59.8132 8.25541
58.8856 8.48634
58.1955 8.62308
60.207 8.30914
59.9727 8.28515
59.1008 8.12533
59.6063 8.13866
61.4452 8.21307
61.0132 8.23463
61.0217 8.20897
61.3678 8.28764
61.3166 8.27598
63.1633 8.20354
58.6708 8.40303
59.5067 8.21726
61.129 8.23048
59.3531 8.45088
60.2279 8.3129
60.318 8.37037
61.9199 8.27563
59.6757 8.31633
59.5669 8.44163
59.6765 8.14484
59.1009 7.98969
60.1216 8.10215
60.421 8.41585
59.8232 8.50882
58.5464 8.33244
59.2033 8.31372
56.5758 8.53895
58.7381 8.62431
59.3694 8.20665
58.7143 8.46857
59.1963 8.52334
59.0819 8.51537
59.1307 8.4787
60.4964 8.45169
59.6646 8.51808
59.5996 8.53383
61.4178 8.59245
58.8086 8.46618
60.0045 8.37124
60.9944 8.37588
59.6564 8.29636
58.2428 8.35591
58.6139 8.3426
59.5388 8.39478
59.5597 8.58051
59.3799 8.24315
59.7084 8.46898
59.6222 8.11648
60.111 8.25329
61.4039 8.28106
58.5498 8.52923
57.2337 8.48607
58.3991 8.34132
59.9855 8.10495
60.5216 8.17343
59.9628 8.18855
59.6285 8.24019
59.5671 8.34656
59.1142 8.37833
59.7596 8.52604
60.144 8.41666
58.634 8.45602
62.1144 8.26279
60.9897 8.33082
62.9211 8.09315
62.8481 8.37498
65.2248 8.18552
61.2915 8.11443
61.4778 8.26521
61.4778 8.24646
61.1729 8.47805
60.9456 8.50068
60.6354 8.45275
62.127 8.31415
61.5248 8.40084
63.2741 8.38644
62.872 8.37555
61.8294 8.41796
60.9061 8.36904
62.9459 8.33917
62.2496 8.18832
62.3194 8.56924
60.1626 8.36
59.911 8.47912
58.5985 8.30693
58.698 8.63512
60.2233 8.29323
58.8007 8.27013
59.5774 8.27232
59.9203 8.2797
59.842 8.313
61.2076 8.69269
59.7388 8.33995
59.3795 8.44527
60.5556 8.57111
59.7262 8.43111
61.1036 8.23515
61.018 8.3471
58.573 8.34008
58.791 8.30462
59.3437 8.23417
58.6222 8.35129
58.4204 8.35259
58.3986 8.32928
58.4309 8.34247
60.1923 8.27726
59.8226 8.47235
59.5777 8.01563
57.6031 8.40603
60.4505 8.62718
60.3593 8.33649
59.8414 8.40914
60.0585 8.33395
58.1182 8.4133
58.2907 8.63239
58.5437 8.34941
60.2999 8.41719
59.042 8.65745
59.3466 8.45887
59.6706 8.1914
58.8646 8.26647
59.0196 8.36793
57.9125 8.39093
57.3884 8.42912
57.2502 8.41773
57.0714 8.42923
58.5788 8.39743
59.4994 8.13962
59.7635 8.51324
59.8991 8.47282
58.4457 8.41145
58.7782 8.07701
63.0075 8.41178
60.6919 8.58908
61.1859 8.38308
59.8956 8.06994
60.8086 8.20228
62.3924 8.39009
62.078 8.37483
62.4378 8.5474
60.5092 8.53502
60.8079 8.56218
61.5312 8.5345
62.5085 8.2223
62.9901 8.41394
63.1683 8.40001
60.6696 8.37584
58.7877 8.3089
59.0376 8.40672
59.2721 8.30799
58.7882 8.59102
58.3369 8.61694
59.3966 8.25928
58.7497 8.37549
58.993 8.13674
61.3895 8.32718
62.0175 8.10489
61.7166 8.246
62.3475 8.14194
61.5264 8.24712
63.1962 8.26467
63.5611 8.24085
64.4339 8.45485
64.4503 8.46967
64.7636 8.39947
62.096 8.5864
61.9849 8.58683
61.5058 8.53254
60.8154 8.35337
59.383 8.42036
58.4411 8.70702
60.8026 8.44138
58.9981 8.55138
59.3619 8.70476
59.6986 8.45876
60.3071 8.54512
60.1024 8.36638
58.3909 8.72225
60.0786 8.31915
59.6261 8.1348
61.1765 8.31278
61.9474 8.4896
59.091 8.43404
58.0957 8.16264
59.6445 8.07148
60.1932 8.03858
61.7589 8.13491
59.7702 8.50593
62.4019 8.36833
58.8507 8.44813
60.2938 8.49349
60.1905 8.50503
60.1927 8.4589
59.1847 8.57372
58.6403 8.27307
59.928 8.35713
59.6546 8.73706
58.2985 8.3607
58.9848 8.35748
60.8809 8.09652
60.9685 8.66636
62.84 8.27309
62.1447 8.24863
59.7954 8.48586
59.4523 8.40411
60.7418 8.27976
59.1531 8.44201
57.6489 8.59181
57.2911 8.45172
57.5881 8.49855
58.0602 8.41961
57.9802 8.57557
60.5771 8.49102
60.1974 8.64094
61.8296 8.4326
59.2436 8.19753
61.0809 8.34338
61.3412 8.40407
60.4772 8.45326
58.1391 8.61903
59.6331 8.16375
59.7204 8.33398
57.212 8.19083
57.8911 8.41438
59.0842 8.42002
58.8846 8.17206
58.4977 8.43555
58.4805 8.45678
61.6974 8.18991
60.933 8.06197
60.6138 8.06412
59.0299 8.21644
57.9259 8.33502
58.7891 8.24333
57.6235 8.47691
58.2529 8.53682
59.0521 8.81666
59.4876 8.81666
59.6015 8.63345
59.1808 8.23074
59.4482 8.39814
59.7237 8.36335
60.1504 8.0552
59.1368 8.38837
58.746 8.50174
57.3636 8.48972
59.4124 8.34733
59.9955 8.3723
58.4644 8.33429
58.8301 8.56185
60.8959 8.50824
60.4071 8.4118
62.2058 8.33101
62.3455 8.3587
63.7861 8.32647
60.8368 8.52762
60.8742 8.41722
63.0509 8.26141
60.8447 8.2868
60.0142 8.37885
60.1808 8.45065
60.0566 8.3504
60.8985 8.23341
60.4833 8.65952
60.268 8.29186
59.1056 8.20482
61.9544 8.34601
61.0027 8.31594
59.637 8.55515
61.1276 8.23744
61.4853 8.35104
60.1957 8.44828
59.7099 8.16904
60.9886 8.40473
61.5194 8.11289
60.1402 8.2644
60.3157 8.19942
60.7383 8.31743
58.4047 8.50431
58.5731 8.60323
58.3962 8.48407
58.4658 8.17484
58.6139 8.636
58.5177 8.55328
59.293 8.28906
59.1679 8.34109
59.1011 8.23683
59.1333 8.26979
58.9579 8.19825
58.0594 8.61965
60.3246 8.48888
59.9365 8.35467
62.4247 8.25164
59.5988 8.40885
62.3249 8.18636
61.4734 8.07644
60.3331 8.27494
58.8557 8.60032
59.4359 8.33013
59.5997 8.30298
58.9605 8.33175
59.1922 8.44878
59.6349 8.26698
60.8122 8.27929
60.8021 8.34893
61.4484 8.35642
60.4037 8.23156
59.3653 8.72551
61.6729 8.31812
60.5417 8.30462
61.4322 8.27089
62.3198 8.28329
62.5366 8.36626
61.3784 8.24257
61.6924 8.64291
61.3724 8.31332
62.2392 8.34526
61.3215 8.55546
61.0572 8.2094
61.5116 8.22119
61.6111 8.30007
61.8996 8.40257
58.2301 8.18729
60.2215 8.2372
57.9808 8.48259
58.1773 8.53086
58.9755 8.46442
60.1848 8.31601
60.8866 8.18621
61.0348 8.24657
59.4922 8.36033
59.9854 8.27706
60.0047 8.63592
58.3875 8.44462
58.2056 8.53256
59.8274 8.56891
60.0905 8.21525
58.7801 8.46516
62.6669 8.16398
61.9633 8.58639
61.197 8.28956
62.0452 8.39994
60.5232 8.33127
62.3939 8.38867
64.4452 8.08879
64.4339 8.34479
62.1497 8.20825
62.3989 8.38375
63.3624 8.43147
61.2324 8.51656
62.3826 8.32308
63.6958 8.16261
65.1885 8.24436
65.2131 7.96825
63.3827 8.18529
64.5971 8.25982
61.3988 8.20254
63.631 8.49893
64.6878 8.32929
64.5365 8.34883
64.8022 8.34649
61.3934 8.38043
62.3794 8.23374
63.8295 8.04562
63.893 8.09947
63 8.38233
60.9537 8.3791
62.7581 8.35742
59.5969 8.53751
61.6795 8.07357
58.4313 8.32809
59.5071 8.30338
58.4065 8.32178
60.3691 8.27846
59.3094 8.31941
61.3008 8.09544
60.26 8.30402
61.797 8.04558
59.9486 8.05697
60.4585 8.33068
61.4824 8.39278
61.5163 8.31052
61.833 8.38179
62.2361 8.36476
61.909 8.4905
62.3834 8.52315
60.7394 8.60124
61.9174 8.50565
61.0899 8.08254
60.3271 8.91165
60.2804 8.24894
62.0344 7.98308
60.6521 8.34245
61.2824 8.50051
61.4548 8.51047
63.8027 8.16773
61.7111 8.13731
61.6714 8.29697
62.4752 8.20929
61.6158 8.04635
61.4626 8.32009
62.5604 8.50864
61.7981 8.29842
61.0406 8.5351
60.1141 8.41107
62.2552 8.20719
60.4848 8.48872
60.7996 8.15801
61.3116 8.06866
62.8422 8.2971
61.2648 8.18233
62.545 8.38899
60.6614 8.3906
59.5697 8.42615
59.1421 8.13253
60.6454 8.23185
58.4032 8.41477
61.3784 8.35173
61.5079 8.14133
60.2224 8.15519
60.7059 8.29153
59.7928 8.46909
59.2049 8.58429
59.2255 8.52986
60.0567 8.41165
57.6806 8.45195
58.9167 8.24965
59.2674 8.55949
59.4031 8.34204
61.2622 8.43937
61.7567 8.21473
59.569 8.53877
60.3944 8.41891
62.7806 8.29719
59.7481 8.05557
62.0876 8.55841
60.8287 8.50411
60.4582 8.42871
62.036 8.27811
61.8663 8.35499
60.9722 8.50787
60.0961 8.62922
60.5362 8.4426
59.5226 8.20888
60.4732 8.37126
59.0603 8.30554
59.2356 8.37341
59.6412 8.36254
60.6853 8.26045
59.8361 8.54355
58.7818 8.34711
60.0094 8.46661
59.7782 8.35937
59.7245 8.18445
59.7621 8.7461
59.5319 8.616
59.0622 8.21547
58.0456 8.77413
57.7213 8.44414
57.3749 8.5355
57.8989 8.55864
58.0357 8.67717
61.4638 8.46612
59.6852 8.19633
59.4059 8.08317
61.3764 8.11681
59.0434 8.41755
61.1141 8.3203
59.8584 8.82104
59.1067 8.23045
59.8002 8.15396
59.7994 8.29689
60.8063 8.23305
59.385 8.25642
59.834 8.4423
59.7802 8.50704
61.1702 8.15186
60.3101 8.40699
59.5835 8.30224
61.7076 8.02528
59.6013 8.24846
58.3986 8.39902
57.9215 8.50123
59.2793 8.36594
59.1751 8.18141
58.6879 8.32345
58.2562 8.37193
58.0436 7.97801
60.3854 8.14282
59.5942 8.34351
59.697 8.25485
60.966 8.30091
61.3301 8.10367
59.9399 8.20836
60.1054 8.57118
61.22 8.47659
62.64 8.14332
62.7113 8.34578
62.5062 8.47685
60.5422 8.86934
63.6098 8.3769
60.1396 8.33101
58.4273 8.44927
60.9924 8.47638
60.481 8.36405
61.6072 8.27412
62.6726 8.31424
59.963 8.18568
60.1984 8.25173
60.0589 7.95141
61.2072 7.83376
62.2196 7.74591
62.0269 8.14111
61.1355 7.98354
59.8016 8.44191
63.3414 8.46756
61.2506 8.84449
64.096 8.30432
59.8756 8.20579
61.3314 8.49022
61.5687 8.21264
60.8128 8.3733
60.3054 8.46014
59.6744 8.60303
61.0454 8.3177
61.4183 8.41007
62.1104 8.2364
61.3889 8.11232
60.4924 8.51378
60.9003 8.14431
61.2468 8.28533
61.0825 8.23859
59.3 8.23471
59.2326 8.52634
61.2051 8.60272
59.4788 8.38093
62.2319 8.29845
62.8197 8.63088
61.2336 8.23339
61.3176 8.40215
61.5801 8.35717
61.3394 8.27556
61.1109 8.35314
61.4904 7.97862
60.4235 8.56637
60.8921 8.46132
61.2198 8.34534
61.3518 8.40861
60.6412 8.41081
61.0187 8.24553
59.8618 8.36087
60.739 8.30601
59.7105 8.20033
60.4958 8.45535
60.3768 8.30839
60.2365 8.27174
61.704 8.25085
61.2289 8.1956
61.1845 8.25203
61.6208 8.27992
61.7752 8.1101
63.2178 8.40702
60.9243 8.24975
61.377 8.0464
61.2272 7.91627
59.0111 8.50023
59.052 8.78965
59.537 8.5106
58.1849 8.4514
59.2929 8.40053
60.8843 8.33994
61.7097 8.23602
60.176 8.35158
58.9624 8.45458
59.9201 8.23114
61.5916 8.01875
61.3622 8.56632
59.1293 8.49861
59.2642 8.32194
59.4001 8.30268
58.7332 8.74648
60.5059 8.49678
60.1344 8.29891
58.4679 8.3281
56.7546 8.42513
58.4301 8.50794
57.9885 8.74441
57.5203 8.68286
60.0373 8.3481
59.3865 8.16829
59.9165 8.28073
62.0036 8.03865
59.7664 8.4421
61.0119 8.40049
59.4591 8.36899
58.2795 8.46886
57.6389 8.31828
59.8918 8.4807
59.9261 8.42001
58.924 8.4272
59.3204 8.26852
60.7031 8.32615
59.498 8.2148
59.537 8.01583
58.6099 8.40931
58.3949 8.29617
58.3665 8.51478
58.3612 8.39326
58.6714 8.30026
59.4995 8.12099
59.4054 8.32894
59.8527 8.61518
59.6014 8.48438
59.1686 8.11862
62.1025 8.23388
59.182 8.37124
59.7765 8.38123
60.6826 8.41793
60.4597 8.34594
59.3034 8.32891
60.7056 8.18662
59.4888 8.3119
60.0548 8.42718
60.036 8.53715
60.0299 8.56004
61.4958 8.32145
61.094 8.03485
61.2339 8.1474
61.2502 8.39096
64.6527 8.29115
62.7377 8.11962
62.5306 7.84506
63.8041 8.28706
62.8695 8.25205
61.2508 8.3227
60.3825 8.25653
59.4061 8.20009
58.9833 8.2945
58.1261 8.49603
60.0416 8.43821
59.1784 8.47409
59.0502 8.41003
63.7633 8.02244
62.3257 7.9731
61.942 8.0839
60.3031 8.31118
60.96 8.3539
60.3792 8.35072
62.7716 8.44014
60.0321 8.2878
62.4125 8.50872
62.8949 8.27745
63.2351 8.45368
62.8305 8.37459
63.8509 8.52962
63.8509 8.50062
64.1008 8.15986
63.7723 8.17053
61.8105 8.31561
64.2919 8.46925
66.0597 8.42625
64.0095 8.25412
61.8279 8.30859
62.3226 8.16482
62.124 7.93989
64.0597 8.1445
60.6545 7.95359
61.8655 7.99304
60.4855 8.44478
61.588 8.48511
61.2268 8.43928
61.0554 8.29915
63.2102 8.4622
62.3997 8.37076
61.3526 8.41502
61.1851 8.32967
60.88 8.08878
61.0613 8.13752
61.737 8.46089
59.5365 8.29493
60.3006 8.29534
61.2573 8.26407
62.8363 8.19376
63.0798 8.26951
62.517 8.54289
61.5603 8.56169
61.9341 8.45816
61.0048 8.1716
61.7245 8.10419
61.0003 8.36807
59.2504 8.43153
61.2696 8.07781
59.9543 8.42542
59.2104 8.51962
59.6876 8.25555
59.4045 8.21393
59.5496 8.42405
60.7336 8.10821
61.7303 8.355
60.278 8.52107
59.9576 8.48258
60.5771 8.47754
62.3068 8.48165
59.4461 8.46348
59.4702 8.48121
57.2566 8.57071
61.8544 8.10229
60.8191 8.33849
57.721 8.45798
58.1424 8.54743
57.8893 8.34976
59.0604 8.62627
57.9618 8.16943
60.632 8.21299
61.2889 8.3796
60.8752 8.12033
60.571 8.32236
60.762 8.20771
60.72 8.33072
59.5366 8.77253
60.0663 8.55637
59.6034 8.46104
61.2947 8.12782
58.6809 8.45241
60.2106 8.05915
58.9541 8.16483
59.7454 8.31943
60.2723 8.23316
59.2068 8.80459
60.173 8.40751
60.6817 8.35704
59.1679 8.0995
60.4505 8.49801
59.8678 8.23267
59.6441 8.20647
60.2619 8.24672
60.2789 8.36903
61.3601 8.4106
61.2558 8.45903
59.8573 8.61694
60.1436 8.66736
62.4846 8.24134
60.8758 8.41798
61.4537 8.38817
61.7869 8.25989
60.9314 8.31086
59.9977 8.2649
59.5487 8.12048
58.7015 8.09926
59.9681 8.34557
59.8263 8.37893
59.5372 8.54615
60.5495 8.41348
61.461 8.56991
60.8626 8.38509
58.1778 8.32906
57.9037 8.45657
59.0778 8.27419
59.513 8.32774
59.6696 8.32531
58.8831 8.52588
59.0878 8.45101
58.2328 8.66322
56.6326 8.59618
58.4081 8.55267
57.4133 8.66516
57.3345 8.19646
57.4094 8.56635
56.9189 8.66478
58.91 8.47658
59.4493 8.24185
57.5648 8.53308
57.1332 8.70467
60.2449 8.57973
59.9453 8.29341
62.0665 8.05831
60.532 8.11575
60.4682 8.09975
60.2575 8.2543
59.21 8.41306
59.0974 8.49498
58.1368 8.48537
56.4618 8.57535
58.9195 8.45969
59.3269 8.51746
59.1555 8.64425
59.5212 8.31111
59.3065 8.71938
59.3065 8.34229
60.4786 8.27288
60.1261 8.39186
59.6451 8.17622
59.7432 8.24701
59.7801 8.17879
60.2167 8.3447
58.8343 8.59755
60.9 8.15806
59.7874 8.01545
60.4974 8.66436
59.9129 8.29955
61.4036 8.31003
59.767 8.0719
57.8403 8.4841
58.3869 8.62568
60.6736 8.43176
59.0457 8.35401
60.7586 8.63421
60.2164 8.66928
60.1531 8.53041
59.1798 8.45917
58.5464 8.38587
59.1202 8.38115
60.4119 8.47653
59.7414 8.16765
60.2476 8.0886
59.5949 8.47201
58.5129 8.45292
61.4575 8.25785
60.4511 8.33
60.0751 8.50701
59.4923 8.19419
60.0865 8.62148
59.1456 8.38204
60.7032 8.0405
60.0523 8.28595
59.3208 8.00461
58.5403 8.77816
57.2241 8.39431
57.7507 8.43818
59.0612 8.4223
59.613 8.43411
59.227 8.41859
58.3297 8.39705
60.2534 8.2444
58.8083 8.26034
59.2982 8.51281
57.8637 8.35646
58.059 8.05501
59.437 8.29635
58.1243 8.62111
58.3642 8.25895
59.2453 8.44947
59.4985 8.28605
59.5753 8.23018
57.7563 8.46308
60.8928 8.27295
59.9842 8.32825
59.9761 8.35336
60.3242 8.36809
61.017 8.55323
59.8777 8.55146
60.1705 8.5652
61.2898 8.56504
61.4024 8.25514
60.4291 8.40774
62.0432 8.19684
61.3939 8.17941
61.5757 8.42122
62.6631 8.30286
62.9077 8.30573
61.3583 8.43578
58.6819 8.2991
58.5127 8.22646
60.4185 8.04149
60.2091 8.26777
59.8181 8.20251
61.3459 8.15667
56.3035 8.66176
58.1119 8.69313
59.7421 8.51416
59.9349 8.34415
59.7635 8.6857
60.0094 8.29776
59.074 8.66733
61.4001 8.43418
59.6731 8.54938
61.8888 8.30685
62.2515 8.46878
61.7275 8.1217
59.6818 8.37529
59.0142 8.16192
59.9557 8.17144
59.1277 8.21238
58.2479 8.48588
58.4383 8.3798
59.4557 8.0683
57.2383 8.48316
59.7028 8.35286
61.1097 8.37737
61.4298 8.47289
62.1781 8.43149
61.1009 8.25398
60.3261 8.13894
59.8754 8.40289
59.7521 8.31202
58.659 8.42158
59.5012 8.41514
59.1199 8.50804
58.3897 8.67521
59.6684 8.65013
58.4553 8.21564
57.4346 8.54208
57.4949 8.40408
57.4061 8.58242
59.6004 8.56398
58.8188 8.59365
58.1995 8.37224
58.5834 8.38883
56.9273 8.35083
58.4191 8.30999
56.9947 8.4151
57.3575 8.41872
57.6381 8.33173
56.3776 8.34755
58.6479 8.12052
59.6837 8.23123
59.1269 8.19778
57.4126 8.45134
58.34 8.49246
58.1217 8.1517
60.1049 8.53376
61.1565 8.33081
60.5722 8.34392
59.7026 8.18676
58.6236 8.42702
60.1654 8.51116
58.2451 8.50461
59.8307 8.57446
62.4347 8.43438
62.4763 8.38498
63.4625 8.41817
62.1401 8.35547
62.7686 8.43501
63.2391 8.40542
61.864 8.32662
59.4598 8.16398
60.0812 8.69261
60.619 8.27227
61.4217 8.24454
62.2802 8.1461
60.8179 8.4498
59.277 8.5317
57.579 8.45768
57.579 8.51249
59.2613 8.32862
59.3261 8.68369
60.6554 8.80042
61.683 8.44368
62.5655 8.14137
62.1008 8.37676
62.9495 8.41981
63.1742 8.30248
60.0712 8.56091
61.7814 8.46893
59.12 8.28365
60.4963 8.37516
60.6728 8.10662
60.4278 8.10975
60.0194 8.37849
60.0194 8.48223
60.7995 8.47109
60.9222 8.27821
57.6853 8.44545
61.1813 8.12816
60.987 8.24767
59.6998 8.18195
59.6438 8.33254
59.3089 8.68739
58.875 8.66212
61.6984 8.50432
61.7084 8.05853
61.9327 8.16909
61.81 8.3351
61.462 8.36347
60.5895 8.27878
60.128 8.44251
58.8129 8.5238
59.865 8.24666
60.9221 8.54912
60.6398 8.58461
60.3204 8.64477
61.296 8.24601
62.4798 8.24601
64.3778 8.07106
58.9123 8.21975
63.9297 8.19376
61.5242 8.45234
59.5348 8.27066
60.8949 8.38888
60.4264 8.39426
59.2399 8.28922
60.8163 8.18178
59.9505 8.63233
59.7351 8.56408
59.4873 8.44773
58.1258 8.0158
59.3867 8.08974
60.1848 8.39133
59.8479 8.3155
60.772 8.45705
60.0855 8.2296
58.2627 8.53571
59.0925 8.51566
60.2815 8.31001
61.0359 8.45477
60.5239 8.48208
61.8198 8.40828
62.2216 8.26772
62.2216 8.49542
61.4675 8.37897
61.1481 8.18567
63.379 8.16214
63.2765 8.10408
64.1487 8.10178
61.78 8.33187
62.3426 8.18809
63.7591 8.18685
62.354 8.18357
65.3011 8.19301
63.1986 8.47864
62.3285 8.45048
64.8397 8.33219
64.121 8.34931
62.698 8.33235
60.4968 8.33767
62.1456 8.38459
61.6812 8.61086
61.6433 8.42314
61.0323 8.49007
62.0662 8.29917
64.7257 8.14387
61.4195 8.21291
60.7939 8.13453
60.9108 8.18807
60.0635 8.45639
57.4894 8.19211
58.6586 8.22542
59.6376 8.27027
61.1298 8.26967
61.9115 8.40081
61.6103 8.06127
60.9063 8.24781
59.5507 8.13602
60.359 8.33725
60.944 8.42459
60.0837 8.27009
59.926 8.10044
60.0885 8.07482
59.92 8.19981
59.9217 8.20006
58.5844 8.22146
59.8073 8.53863
58.0773 8.5082
62.0328 8.39753
63.7567 8.5151
58.3627 8.5938
60.912 8.44326
62.1985 8.2747
60.2759 8.52107
62.0648 8.25743
60.1679 8.37207
59.8462 8.30025
62.0342 8.32536
62.1363 8.32516
59.3979 8.68094
60.0699 8.29875
61.2147 8.17428
58.5798 8.59946
59.0736 8.36544
58.7953 8.42408
58.7473 8.25914
59.2434 8.28448
60.0857 8.31698
58.9127 8.17
60.63 8.17567
61.5526 8.40241
62.519 8.24206
57.0723 8.52028
57.7976 8.60449
57.3378 8.42784
57.5545 8.6385
60.0477 8.50852
58.2556 8.50448
59.6912 8.35828
60.8615 8.30119
60.0771 8.291
59.8039 8.55313
59.6081 8.3915
60.6487 8.42488
59.9052 8.15482
62.6233 8.33262
60.8716 8.33569
61.2501 8.3763
60.8075 8.68091
58.2483 8.47199
58.6301 8.48572
62.0827 8.38764
60.8716 8.52754
59.7903 8.52316
60.0843 8.46874
59.5184 8.27057
60.2268 8.32618
60.0478 8.24718
59.7626 8.38204
60.817 8.53164
60.4263 8.37868
59.8281 8.59337
59.1339 8.62169
60.4085 8.24763
59.5144 8.22265
61.7499 8.02251
60.3419 8.42628
59.4132 8.41661
58.7947 8.42281
59.2439 8.53737
59.562 8.25952
59.7232 8.3071
59.9836 8.44641
62.1441 8.2255
63.4475 8.5049
61.4216 8.32576
62.1912 8.39033
61.8088 8.34836
64.2707 8.38071
62.5772 8.39071
61.7892 8.49528
61.6504 8.26674
62.4866 8.6172
61.5541 8.27014
61.108 8.51419
61.6047 8.50527
61.5342 8.19662
62.2394 8.10243
64.6683 8.1798
64.8504 8.36149
65.1121 7.92473
63.062 8.1544
62.0433 8.35969
62.0423 8.4211
62.136 8.11161
60.8489 8.53008
60.8684 8.12659
60.8502 8.41836
59.5523 8.61325
60.4867 8.60868
60.8989 8.49035
60.0981 8.5117
59.7587 8.51495
59.9724 8.3422
59.8203 8.5903
59.5692 8.25043
57.3849 8.5973
58.8802 8.7134
58.1852 8.59506
57.1413 8.34975
60.1742 8.53329
59.2882 8.41642
60.3954 8.60351
60.1717 8.52311
58.7091 8.35788
59.1621 8.48535
61.4502 8.43899
60.0342 8.39141
59.9601 8.31816
61.7148 8.34423
61.6103 8.31988
62.5175 8.324
62.45 8.32767
60.2193 8.49025
59.9463 8.70522
61.268 8.53568
57.9345 8.42424
56.8823 8.40051
57.39 8.71319
59.8409 8.52707
61.2941 8.35578
63.5476 8.46694
60.3732 8.36013
59.5583 8.3695
60.0694 8.40731
61.6165 8.16515
62.0368 8.29828
61.2659 8.26302
61.0899 8.29494
62.8245 8.44032
61.0493 8.58874
61.1304 8.26299
61.2378 8.3226
62.0725 8.43177
61.6142 8.57035
60.9893 8.24967
60.5684 8.15223
58.9401 8.19286
60.2127 8.13121
62.9565 8.06538
61.6496 8.15677
61.1222 8.2816
59.358 8.26081
59.5115 8.44954
59.5363 8.17089
60.809 8.31422
58.8242 8.30646
59.8701 8.44773
60.362 8.33891
59.2364 8.44344
58.8513 8.48734
58.3199 8.49902
59.2682 8.24481
58.372 8.36846
58.3323 8.1684
61.2575 8.08006
59.6607 8.08006
60.1589 8.30887
58.8417 8.27065
61.2565 8.37871
61.7947 8.2962
61.7107 8.06983
60.482 8.16545
60.4372 8.00225
60.817 8.38729
61.9749 8.3345
60.1955 8.55757
60.4214 8.18511
61.143 8.07451
60.7217 8.40702
60.6632 8.59593
62.3084 8.46744
60.2934 8.64076
60.6301 8.50092
60.0872 8.28654
59.7737 8.47584
61.7606 8.64656
61.3424 8.8225
61.969 8.39439
62.4662 8.41265
62.4662 8.03386
62.5069 8.29503
60.8559 8.46303
61.1473 8.34416
60.4853 8.38013
60.4179 8.48554
60.8743 8.39486
60.6068 8.40666
61.9313 8.47893
61.9217 8.38578
60.773 8.41714
60.5677 8.3356
61.5376 8.18929
60.1733 8.23216
60.4225 8.09242
61.0357 8.34302
62.0938 8.06572
61.6561 8.21866
61.0428 8.45924
61.0171 8.45178
61.5045 8.42627
62.0306 8.51865
62.6214 8.48286
63.5551 8.17038
62.6153 8.16742
61.5365 8.11966
61.6075 8.51202
62.4024 8.4874
60.9311 8.50075
60.4395 8.2653
61.103 8.24598
60.0963 8.31164
60.9864 8.26929
61.1836 8.10911
61.4935 8.40155
60.6233 8.4058
61.4085 8.54473
60.5461 8.73714
59.8313 8.26456
60.7423 8.62916
60.7709 8.52308
60.1568 8.50018
61.7583 8.39626
59.6068 8.03779
58.7704 8.61963
60.8082 7.92841
56.7188 8.62962
57.7284 8.31537
57.9984 8.57543
59.744 8.23224
58.4457 8.37311
58.0974 8.1986
58.0466 8.7676
57.8589 8.59768
59.2497 8.40283
59.0502 8.15073
60.531 8.02635
59.9987 8.07856
60.2997 8.20536
59.8178 8.26055
59.8584 8.47392
59.8688 8.44302
61.4729 8.54534
62.0381 8.42386
64.0072 8.22753
61.9835 8.23803
61.2571 7.92071
61.2777 8.11988
62.2823 8.34171
61.9231 8.23125
59.9092 8.45092
59.3979 8.25062
59.9935 8.4221
61.152 8.55803
61.5149 8.23634
61.0239 8.40751
60.6326 8.30931
57.6724 8.16308
57.2834 8.45373
59.7962 8.2504
58.2204 8.27257
57.9626 8.25443
58.0464 8.58646
58.4513 8.64458
60.4225 8.20692
59.0403 8.28533
62.4487 7.90638
62.4621 8.30305
61.864 8.12668
61.5728 8.81692
58.1968 8.5411
60.8799 8.70598
59.3074 8.21716
60.3921 8.20326
59.8308 8.23133
60.3025 8.15499
62.6685 8.38154
60.7614 8.37572
60.3648 8.25621
59.1087 8.19908
58.3616 8.24771
60.3086 8.23301
59.6617 8.63989
60.2356 8.39438
60.295 8.06928
60.7245 8.13881
59.9651 8.71632
62.1779 8.11815
61.5225 8.34467
61.4754 8.47157
61.5362 8.34494
62.2727 8.64496
60.1131 8.52536
61.8552 8.41342
62.3969 8.66627
65.5198 8.393
63.3745 8.54196
63.3517 8.39828
63.1326 8.15695
63.6324 8.32015
61.9458 8.30554
62.9603 8.49163
61.842 8.38467
59.7456 8.63079
60.953 8.36798
61.1741 8.38729
62.0411 8.39654
60.9946 8.36682
61.1852 8.31136
60.5042 8.09346
62.6369 8.36376
61.6957 8.30711
61.2391 8.38444
59.3659 8.40295
59.5641 8.42154
61.5847 8.13055
61.0169 8.44653
60.8812 8.60587
60.8885 8.37306
58.4756 8.53398
60.1811 7.97604
60.9013 8.36595
60.5804 8.68896
63.9057 8.50696
63.7551 8.27784
61.6735 8.56962
64.079 8.41676
61.3516 8.47015
64.5847 8.3099
63.1327 8.2903
63.8084 8.12125
61.4685 8.19687
60.2331 8.63438
61.927 8.14522
62.6108 8.35828
61.2996 8.5694
61.2366 8.38729
61.227 8.49745
63.3583 8.27278
60.6095 8.28663
61.6706 8.20041
59.0723 8.4075
60.1095 8.56198
58.2667 8.12351
57.8096 8.49831
60.9149 8.42102
60.0442 8.26637
59.4087 8.41834
60.995 8.49817
61.1592 8.26048
61.0293 8.36984
59.5643 8.5681
59.8691 8.35301
60.2776 8.26053
59.8984 8.49278
60.7338 8.48524
59.8245 8.3718
61.4602 8.66529
59.8217 8.245
61.3037 8.42323
59.2911 8.15244
58.8472 8.25241
59.7779 8.51976
60.1796 8.36651
61.2795 8.40447
59.97 8.44993
60.1524 8.2018
62.7526 7.98083
60.2295 8.3517
59.7819 8.42991
59.7962 8.35871
59.0688 8.40047
58.7257 8.35729
57.6183 8.35443
58.5783 8.46541
57.1096 8.39098
55.4153 8.27804
57.9464 8.45605
59.5917 8.39396
59.4762 8.40966
58.2246 8.50848
59.432 8.15945
58.7235 8.21416
60.2099 8.29937
57.6889 8.60664
57.8132 8.70726
57.93 8.27869
57.047 8.39509
57.7702 8.18993
57.4393 8.5025
58.1251 8.2482
58.2131 8.32299
57.0775 8.27486
58.4585 8.38462
59.9639 8.56557
60.4756 8.63157
59.7127 8.62559
59.2094 8.43725
60.5239 8.5481
60.2372 8.37328
61.0455 8.33157
60.205 8.39079
60.777 8.22731
61.0691 8.42945
61.8674 8.36257
60.8594 8.39232
62.8369 8.37702
63.2071 7.97624
61.976 8.21033
61.5451 8.37388
61.8887 8.18714
60.9426 7.98987
60.3493 8.53177
60.9739 8.51256
61.146 8.52984
59.6457 8.39939
61.1627 8.18243
60.343 8.24437
60.7054 7.95743
62.593 8.02555
60.9512 8.43323
61.3892 8.4782
60.8133 8.34651
62.1965 8.2088
62.1368 8.34584
62.0687 8.28063
61.1457 8.28488
61.9885 8.35533
59.6543 8.44543
59.779 8.34078
63.2801 8.41429
63.2801 8.34772
61.4139 8.39113
62.8308 8.26971
62.7627 8.15757
59.7605 8.13353
60.1278 8.39417
60.2654 8.51742
60.14 8.45881
60.8853 8.34446
62.9767 8.1798
61.7338 8.2027
61.3423 8.1103
60.8666 8.29715
61.8356 8.24231
65.0156 8.57095
63.2601 8.42055
60.9099 8.34504
63.8237 8.23723
63.0372 8.49354
62.1147 8.50472
62.1581 8.54587
58.5892 8.50694
58.0977 8.48008
58.5475 8.42555
58.8069 8.534
58.1718 8.52989
58.8727 8.51098
59.5694 8.37975
60.7271 8.47763
59.0501 8.3927
60.4726 8.27812
60.8018 8.24933
60.1839 8.31233
59.9516 8.22299
60.8281 8.38174
63.0206 8.51845
62.3997 8.7094
61.8865 8.54041
60.3188 8.29221
60.7534 8.40307
60.038 8.03792
59.2909 8.20229
59.4421 8.64062
59.0924 8.18984
58.653 8.23404
59.4239 8.36447
59.6529 8.38338
59.3174 8.53224
59.6118 8.39454
60.2907 8.33527
59.8424 8.25537
60.1317 8.32231
59.1994 8.50884
60.1738 8.2683
59.6094 8.69402
60.5869 8.13455
59.9478 8.03164
60.8248 8.23915
59.7553 8.32314
58.3927 8.29597
58.5671 8.56007
58.213 8.42343
60.4868 8.0706
60.6295 8.1449
61.7421 8.28666
61.6321 8.26641
61.9919 8.08479
61.2688 7.96606
62.1587 8.17246
62.3469 8.37175
60.8501 8.27193
60.4593 8.26482
60.9574 8.49888
62.1928 8.28024
60.6882 8.1857
62.9523 7.90283
60.049 8.47785
59.7559 8.37803
59.5937 8.45385
59.6407 8.50079
59.3759 8.2251
60.5107 8.39798
59.5833 8.41232
58.7971 8.48174
59.522 8.50543
58.605 8.51486
57.9216 8.64456
58.464 8.29433
60.1314 8.46116
60.1205 8.68004
58.0149 8.33747
58.5634 8.09902
58.5697 8.47572
58.2138 8.49531
57.2293 7.88373
57.7469 8.56394
57.8635 8.5542
59.4174 8.67501
59.8416 8.33875
60.1311 8.42409
59.2697 8.38612
60.4548 8.42287
60.4768 8.23494
60.4786 8.40461
60.2279 8.4058
60.2526 8.25116
62.3733 8.47068
61.2292 8.35634
62.5698 8.08226
59.4609 8.30749
60.3343 8.32237
60.0566 8.34992
60.8228 8.46961
60.4044 8.32445
60.9597 8.37157
59.4137 8.21709
57.9337 8.67991
57.7696 8.51887
59.1369 8.5053
60.1587 8.50058
60.351 8.33776
59.2051 8.28925
59.4407 8.35549
59.7246 8.3614
60.5942 8.11878
59.2218 8.46429
59.696 8.46406
61.7738 8.33555
60.5323 8.35741
61.4674 8.32683
60.353 8.27612
61.3474 8.21489
62.0999 8.18802
61.2718 8.44643
60.6793 8.53581
62.6767 8.22315
63.3624 8.37054
62.4313 8.28077
61.3244 8.20535
62.2305 8.27128
62.7131 8.21391
62.0728 8.14203
62.5747 8.27225
61.5192 8.48729
60.8089 8.41084
61.8532 8.00513
61.4559 8.13307
59.5106 8.35796
60.0437 8.51331
59.5567 8.63448
60.3268 8.29566
59.592 8.23029
61.4961 8.53877
60.1098 8.29087
62.5557 8.25111
63.4469 8.3138
64.4403 8.38586
63.4095 8.58752
63.3778 8.27627
63.7265 8.18912
64.0498 8.12339
61.8483 8.41836
61.5693 8.26386
61.3189 8.23695
61.8537 8.28078
65.5788 8.39627
66.5029 8.18769
64.3335 8.60841
64.853 8.40561
65.6559 8.56342
64.952 8.15723
64.608 8.24542
61.2213 7.96685
62.7581 8.24502
61.0753 8.42876
61.1835 8.20966
61.2484 8.48134
61.6486 8.28454
61.6221 8.42778
61.3567 8.016
61.4785 8.55162
61.4464 8.62589
61.5729 8.51608
62.8338 8.20906
62.2219 8.30989
61.9139 8.4491
61.9878 8.50134
62.0413 8.35126
61.6218 8.51091
58.2823 8.29398
59.4331 8.46691
60.9633 8.48247
59.8397 8.37237
59.9736 8.30953
59.4346 8.37125
61.1457 8.3948
60.7075 8.27089
59.9978 8.3041
60.7124 8.40608
62.8101 8.41165
60.1791 8.4121
59.9268 8.43596
60.9481 8.54221
60.678 8.54221
60.5116 8.10847
63.1985 8.25581
62.2363 8.43335
62.574 8.76063
62.6309 8.37812
62.5474 8.41493
62.3571 8.28059
63.4516 8.37603
62.6863 8.24912
64.5138 8.08574
66.2136 8.42065
70.2636 8.51039
65.7641 8.37856
66.5043 8.42492
66.7277 8.38802
62.923 8.28436
62.9739 8.58791
62.4112 8.71041
61.3027 8.34465
62.3609 8.32866
62.8877 8.21337
61.7779 8.20006
61.5142 8.03347
63.1935 8.28065
60.9713 8.14527
62.0423 8.35345
62.0814 8.11571
63.5555 8.1287
62.8247 8.12684
62.6581 8.12604
63.1614 8.13419
63.0455 8.1263
63.8613 8.22489
63.1145 8.37964
61.9109 8.23282
61.6884 8.17165
61.6352 8.15276
61.3083 7.99273
61.9026 8.4954
63.0695 8.36929
61.0503 8.30869
60.0226 8.32141
61.307 8.29406
59.7371 8.28011
59.4941 8.34961
60.1866 8.26964
61.0113 7.94188
61.9538 8.40223
62.4992 8.41713
61.4887 8.20621
60.5332 8.62808
60.5212 8.17476
59.8379 8.1744
59.4003 8.34434
59.3916 8.38421
58.936 8.2402
58.1315 8.33034
57.4317 8.26224
58.4339 8.13143
59.7719 8.35666
62.3424 8.22853
60.4849 8.27338
59.7975 8.31316
60.3064 8.31336
61.506 8.3129
60.9389 8.32272
60.1804 8.20186
59.3373 8.43162
59.2249 8.24163
59.5145 8.65589
58.2972 8.47648
60.6988 8.47183
59.3542 8.34886
59.4806 8.49822
59.0753 8.27609
58.9607 8.32911
59.1716 8.31953
58.0446 8.11876
59.1934 8.3771
57.2569 8.49677
57.9805 8.59922
57.6536 8.45626
59.9283 8.09352
59.0429 8.45225
56.9293 8.72473
59.8696 8.3562
59.7671 8.30372
59.8981 8.16971
59.2747 8.42372
59.3739 7.77749
57.942 8.31503
58.3279 8.50367
58.3447 8.36059
57.8016 8.24682
57.745 8.49609
59.458 8.20891
59.8969 8.25355
56.2927 8.64257
58.4725 8.25013
59.087 8.29207
60.5041 8.48276
60.9096 8.62838
58.8752 8.54595
58.6551 8.0408
58.7023 8.67354
59.2239 8.4929
59.1105 8.49018
57.898 8.47039
58.1637 8.51842
57.7774 8.4572
57.3709 8.33119
57.0216 8.52112
58.6227 8.51405
57.8725 8.68458
59.7758 8.59713
62.8734 8.24861
62.126 8.33368
60.9373 8.48021
58.0516 8.52447
59.4269 8.49907
62.0231 8.48393
59.7162 8.15533
61.674 8.47225
60.1679 8.40318
59.6525 8.53093
60.987 8.20537
61.29 8.1992
61.6313 8.30878
61.4925 8.45099
60.016 8.42002
59.6667 8.58698
59.6963 8.55788
59.4604 8.39333
60.0858 8.56931
61.4461 8.38301
63.6882 8.3948
62.6414 8.5572
63.8361 8.72681
60.4614 8.78418
61.9046 8.24076
63.3289 8.18845
61.3685 8.12424
62.783 8.0108
60.8914 8.21861
62.3823 8.1631
61.8928 8.20393
59.0505 8.23051
60.5885 8.24215
60.7125 8.41775
59.1636 8.26679
60.1754 8.40411
60.2066 8.43683
58.8748 8.32119
57.8653 8.70311
57.9829 8.34756
60.2738 8.18306
61.7057 8.14046
60.1072 8.23022
59.6703 8.63737
59.9786 8.66725
60.7151 8.26984
62.0581 8.24312
60.803 8.58157
62.1914 7.94476
59.6458 8.46935
60.8322 8.39284
59.8853 8.19678
58.9767 8.44452
58.2215 8.4734
57.6887 8.4341
58.3831 8.39697
58.7867 8.43561
59.4842 8.29029
58.5925 8.46619
57.7666 8.17172
57.8188 8.21101
60.5606 8.31424
58.7406 8.80909
58.3055 8.63992
58.747 8.39196
58.5991 8.74069
58.2703 8.67367
58.5387 8.21753
59.2641 8.36804
59.5342 8.36283
60.2306 8.24913
57.6853 8.27226
60.0397 8.41639
60.099 8.4722
59.4456 8.41312
59.3215 8.1687
58.2035 8.38499
59.4279 8.24344
57.9403 8.59526
59.7454 8.50771
61.6446 8.16834
61.4011 8.08453
61.4065 8.30584
61.5876 8.21583
61.4605 8.4473
60.9089 8.16389
62.2567 8.17998
60.1095 8.42154
61.4201 8.42689
61.2553 8.18867
60.6221 8.19774
62.3757 8.3927
63.5852 8.37878
62.1575 8.49485
63.4032 8.39217
60.8947 8.1086
62.3434 8.56447
60.0916 8.49511
60.9353 8.27664
59.1364 8.56616
58.8584 8.13051
57.7342 8.26787
60.4264 8.42442
60.6735 8.44071
60.4322 8.66885
59.3836 8.55168
60.4051 8.45143
61.1151 8.16802
60.0363 8.37958
60.0393 8.39044
60.0374 8.08178
59.3869 7.99579
62.0425 8.08486
60.5526 8.232
60.468 8.26492
61.1686 8.36116
60.9236 8.32085
61.1773 8.16731
63.2467 8.50023
62.4892 8.29576
62.2066 8.30728
63.6371 8.31186
62.7026 8.46485
61.3907 8.15226
60.4326 8.74528
59.7096 8.41796
59.8709 8.55729
64.087 8.4269
63.091 8.09807
62.3791 8.41071
61.1614 8.11348
62.0699 8.35505
60.8764 8.3281
61.8084 8.21549
61.4541 8.47552
59.7307 8.5519
59.5191 8.48447
58.7597 8.62016
58.2195 8.66736
59.0991 8.17526
60.0241 8.30919
59.1764 8.13274
60.3705 8.35041
60.4199 8.08044
60.6656 8.29294
58.0803 8.63359
60.3337 8.55569
61.033 8.59759
61.0894 8.29347
59.7984 8.42478
58.8995 8.63695
59.8762 8.4332
62.1163 8.48397
62.9419 8.21374
60.53 8.66541
62.4955 8.36201
61.6097 8.23633
63.5337 8.40706
63.0587 8.20993
61.7341 8.40391
60.1104 8.35138
60.9874 8.38792
62.2581 8.368
61.552 8.34347
60.3674 8.40726
60.5599 8.39403
59.3015 8.78098
61.2257 8.18976
61.3964 8.38631
62.0275 8.583
62.902 7.99713
61.5977 8.46004
63.0425 8.38229
62.587 8.27222
63.3006 8.06843
63.4599 8.126
62.9688 8.45075
61.9232 8.24864
62.8619 8.31538
62.5522 8.41748
62.309 8.34531
64.8242 8.07288
64.219 8.75023
66.467 8.17557
65.7731 8.13605
65.7731 8.26478
64.3479 8.25098
64.2185 8.44593
61.6659 8.3193
63.2725 8.24452
66.3473 8.22559
64.3534 8.45174
66.717 8.0722
64.309 8.40556
64.3658 8.43153
61.5692 8.37766
61.7148 8.22698
60.7678 8.42811
60.876 8.31477
61.3594 8.48953
62.3302 8.13706
61.581 8.52011
60.8942 8.16907
60.8596 8.22965
62.1785 8.33887
60.4178 8.12834
60.3495 8.1222
60.6406 8.53306
61.4095 8.13564
62.2513 8.40271
61.1977 8.33995
61.0152 8.31856
60.2282 8.53464
61.4114 8.57222
60.508 8.30259
62.7022 8.29599
60.1517 8.74498
60.8266 8.45026
59.9394 8.51478
60.9394 8.59728
59.4765 8.62217
57.645 8.42435
57.3124 8.4111
58.2119 8.52853
58.8245 8.4348
58.4817 8.20406
59.0253 8.34474
58.2443 8.52222
59.1076 8.25613
57.6163 8.22593
55.7791 8.53376
57.2026 8.62738
55.3517 8.34133
56.467 8.592
58.3807 8.49201
59.081 8.59345
59.6931 8.45079
61.5195 8.4509
58.262 8.76925
59.7436 8.13107
61.2157 8.4113
61.199 8.45127
61.715 8.24238
61.6738 8.44391
60.9813 8.35004
60.6747 8.35843
59.5535 8.36443
60.1129 8.46687
57.1732 8.43131
61.4486 8.44884
60.6682 8.28237
59.7162 8.52339
59.4607 8.41661
59.0633 8.28357
58.538 8.14556
59.7493 8.10484
60.7458 8.39292
59.7796 8.4777
63.5154 8.32243
60.8562 8.33237
59.4211 8.32335
61.013 8.31133
61.5523 8.19974
60.2652 8.49054
58.6737 8.49817
60.2554 8.31548
60.6811 8.48969
60.4252 8.58877
60.8904 8.56191
60.2381 8.28401
61.7621 8.33682
61.789 8.36523
61.2308 8.29702
61.6053 8.2972
61.7435 8.54661
60.2927 8.25327
62.1244 8.51185
62.4909 8.3997
62.3241 8.31712
62.2361 8.45259
62.5581 8.17478
64.1527 8.18486
62.3026 8.45396
61.5358 8.30116
61.1672 8.24282
61.3052 8.20801
61.443 8.05039
60.8773 8.56072
59.4627 8.38331
60.1416 8.01992
60.657 8.50409
61.4164 8.05846
58.3684 8.45708
60.3798 8.30764
62.2227 8.2224
60.7159 8.173
60.0634 8.50526
62.0077 8.45951
57.9983 8.28252
60.0099 8.31396
59.7903 8.21338
59.7765 8.1459
60.4306 8.12798
58.0411 8.35048
59.5461 8.47943
56.2442 8.44535
55.9943 8.35945
57.9312 8.52935
58.6699 8.46699
57.7472 8.4127
59.8287 8.27391
59.8763 8.63827
59.7542 8.1988
59.8885 8.14952
59.3443 8.39541
58.1426 8.28167
57.3518 8.52217
58.6127 8.55071
59.6899 8.58583
60.0719 8.44711
59.1473 8.17455
60.1487 8.45579
61.2678 8.24386
60.5172 8.17241
59.8522 8.48764
59.963 8.68165
60.2753 8.66915
59.3527 8.09124
61.4164 8.32617
62.2314 8.43837
59.4441 8.43282
59.7911 8.07449
59.8144 8.21668
59.9339 8.41168
57.195 8.34158
58.3356 8.59036
58.2433 8.69536
58.4797 8.17018
56.923 8.52545
57.9926 8.47262
59.4196 8.40537
60.6761 8.32813
60.4405 8.54775
60.2813 8.37673
60.5053 8.26299
60.1152 8.51476
59.0974 8.34754
59.8843 7.78035
60.0335 8.23303
62.9878 8.45534
60.5707 8.32822
61.2421 8.3401
59.773 8.11748
60.4993 8.24331
59.8258 8.51218
59.2465 8.39978
58.7859 8.50815
59.0292 8.63897
60.5818 8.55705
58.9899 8.38995
59.1448 8.56535
58.4911 8.4071
57.4277 8.68435
60.1137 8.31747
58.966 8.24837
61.5747 8.22737
61.7859 8.40962
57.5064 8.35989
58.7269 8.36154
59.2966 8.34454
61.4797 8.12039
59.8407 8.37934
59.8173 8.16642
60.453 8.4835
58.805 8.34077
59.246 8.39613
60.9384 8.38274
59.895 8.38931
59.1227 8.3936
60.2877 8.39418
58.9255 8.46389
61.373 8.49906
59.6714 8.4978
60.7502 8.54031
59.526 8.17377
59.8622 8.46242
60.2185 8.40683
61.9544 8.48878
60.6855 8.38384
60.9685 8.33835
63.1805 8.65359
60.0371 8.60636
60.6792 8.32165
62.6321 8.20603
60.3145 8.37458
61.3728 8.32169
61.4491 8.1729
61.3642 8.4776
60.8261 8.49079
59.9834 8.3521
61.2408 7.99663
59.9431 8.56754
59.7779 8.54214
59.8629 8.22617
60.1146 8.52343
58.4653 8.64202
58.4104 8.33763
59.3425 8.40541
59.1935 8.38816
57.9213 8.54608
59.4872 8.24289
56.7542 8.21076
59.0537 8.19652
57.8563 8.33951
58.0839 8.52989
58.1025 8.45732
58.8203 8.38975
60.346 8.42653
58.7183 8.68142
59.8943 8.2931
60.0494 8.23672
59.4309 8.43878
59.5209 8.56958
60.4195 8.13778
59.6913 8.52723
58.3792 8.30767
59.9402 8.20923
61.7979 8.4098
60.5928 8.30101
60.2044 8.10819
58.0444 8.19594
59 8.42379
59.0728 8.57299
60.4908 8.28301
59.4629 8.33321
59.6769 8.19771
60.455 8.50114
61.8144 8.4408
59.9735 8.28749
61.1553 8.32997
60.0816 8.25447
61.0604 8.45743
60.199 8.47063
60.176 8.42786
60.9185 8.43011
61.4399 8.33909
61.0423 8.29798
61.2146 8.3065
62.1168 8.58881
62.0463 8.28286
61.2885 8.30349
61.5731 8.30572
63.1125 8.30587
59.0979 8.32703
59.4158 8.37801
61.0941 8.46754
59.6775 8.46612
59.0752 8.57725
59.7961 8.5495
56.105 8.2147
57.0954 8.57429
58.3122 8.09747
60.1439 8.58503
60.3004 8.24992
61.1874 8.10501
59.2523 8.22891
58.0009 8.31176
57.8801 8.68499
60.1431 8.44036
62.15 8.4736
60.4139 8.50204
60.8549 8.39383
60.8549 8.43765
60.1157 8.39685
60.6186 8.29092
60.8619 8.36664
60.3347 8.18897
60.5229 8.17309
61.3546 8.36315
62.5377 8.32348
61.0241 8.00746
62.283 8.26232
62.1908 8.23006
61.8288 8.32383
61.8036 8.00167
61.7599 8.43534
59.7998 8.26527
62.6178 8.22467
63.4402 8.16521
60.509 8.39155
60.6359 8.57029
59.9192 8.3541
59.2615 8.12744
60.9575 8.09778
60.7275 8.20672
61.9604 8.34282
60.925 8.37147
59.824 8.47794
59.3264 8.70206
60.2363 8.35797
59.2376 8.31392
58.8842 8.5179
57.6277 8.55449
58.7247 8.49308
59.5627 8.44496
58.6446 8.33858
59.774 8.29211
59.3061 8.42508
56.7057 8.66079
58.8549 8.55082
58.5299 8.70235
60.7307 8.56682
61.67 8.33457
61.0435 8.50073
61.0435 8.4429
62.0141 8.44811
60.4265 8.44757
60.2021 8.44765
61.9466 8.4481
64.5638 8.46797
60.9688 8.26885
61.001 8.35434
61.4916 8.33204
60.9951 8.04044
63.1552 8.01507
61.8101 8.66565
60.7116 8.62099
61.8174 8.28381
61.6035 8.25641
62.0685 8.02987
61.597 8.3655
61.8181 8.21019
58.502 8.23366
60.2562 8.15699
59.1199 8.29637
58.9351 8.2374
56.8312 8.50147
58.734 8.66362
58.1984 8.30702
57.8512 8.17668
58.3122 8.58642
55.3857 8.34621
55.6157 8.43501
59.3281 8.17524
59.1216 8.67302
60.2659 8.40615
58.956 8.3901
58.2128 8.34128
58.3153 8.16874
60.5565 8.75406
57.6944 8.58344
57.6304 8.66055
60.3722 8.4749
59.6385 8.29382
59.2206 8.2427
58.4085 8.38557
59.2647 8.49731
58.7486 8.50675
57.4956 8.32959
60.4953 8.28974
59.7461 8.40989
60.4803 8.41037
60.8279 8.435
60.9424 8.29534
58.7599 8.30928
59.5558 8.19716
60.2428 8.27298
60.7568 8.3316
60.7478 8.32435
60.7759 8.42361
61.0418 8.51396
60.8288 8.0009
63.5959 8.26007
64.3072 8.25627
62.2751 8.04649
63.7732 8.22852
65.5348 8.35517
65.1187 8.49505
65.2654 8.22903
65.2654 8.11299
65.2349 8.14878
64.3884 8.45068
64.3884 8.45643
64.5717 8.16565
63.8725 8.46804
62.5448 8.42412
62.1782 8.40163
62.4729 8.40312
60.2466 8.41003
61.1051 8.47421
62.6759 8.48039
61.7648 8.4025
61.4935 8.41284
60.855 8.52977
61.4807 8.53498
60.5552 8.48277
61.2786 8.1496
59.5319 8.39934
61.1965 8.65468
59.3944 8.33876
60.0807 8.34861
58.6854 8.58509
59.8897 8.46399
59.8879 8.2719
60.3115 8.5832
59.4489 8.42364
59.6166 8.14638
60.2276 8.18039
61.0248 8.27734
62.3096 8.25677
60.8298 8.35649
58.8239 8.88003
59.5941 8.41361
61.263 8.30822
59.8858 8.26161
58.9961 8.53678
60.2931 8.41119
61.0371 8.03644
60.2646 8.31231
59.0323 8.29847
61.988 8.4243
60.1608 8.24627
59.8327 8.46765
59.3728 8.52795
58.2011 8.40167
57.8381 8.40409
59.6018 8.3997
61.2636 8.28373
61.7013 8.34331
61.6438 8.28239
60.9933 8.15316
58.6216 8.51289
58.9504 8.06309
58.7071 8.21301
58.2886 8.40006
56.6696 8.33182
59.0252 8.27813
59.6678 8.24108
58.2533 8.16581
59.4282 8.64935
57.3277 8.64615
59.7712 8.32159
59.168 8.44786
59.5935 8.34829
59.7126 8.4979
60.4425 8.32809
60.9537 8.21856
61.8831 8.29907
61.4811 8.46091
60.0412 8.28784
61.3448 8.44527
60.9647 8.21288
61.0966 8.25912
62.9491 7.82237
61.4287 8.3414
60.3414 8.48719
59.1197 8.21135
57.9797 8.23377
59.3066 8.18783
58.1176 8.62415
58.0474 8.64009
57.4125 8.53073
58.4307 8.55976
60.0654 8.38743
60.6088 8.42674
59.937 8.36055
61.3319 8.36927
60.8841 8.37602
60.2912 8.33226
61.3153 8.35057
61.361 8.47471
61.0696 8.29122
59.6383 8.28374
60.4297 8.33535
58.6515 8.40198
57.1573 8.38594
58.0023 8.14556
58.6296 7.94085
58.2538 8.19883
56.5757 8.30756
57.5312 8.61772
57.5547 8.47793
57.0024 8.42485
59.3846 8.3143
60.1903 8.08188
57.8034 8.4375
58.8096 8.57464
59.1477 8.57907
58.8866 8.47318
58.8434 8.08722
57.621 8.37543
62.2377 8.36018
60.1258 8.16323
60.7667 8.26823
62.0784 8.3017
62.3498 8.34206
62.0453 8.34206
61.6206 8.4783
63.2979 8.44307
61.5945 8.49846
61.6854 8.40945
63.5745 8.41536
62.991 8.46905
61.5278 8.11897
61.6585 8.23994
61.7029 8.35022
61.7616 8.3464
62.3648 8.28744
61.5923 8.07236
60.48 7.72995
55.5013 8.07351
59.8974 8.28471
59.8447 8.09691
60.3944 8.0942
60.291 8.3918
59.8773 8.27038
59.7712 8.20981
57.9804 8.39215
57.9804 8.27734
60.1249 8.21313
59.9989 8.41038
57.9926 8.42695
58.2817 8.45427
60.497 8.49811
58.267 8.4488
58.383 8.43701
58.263 8.27588
59.3813 8.16624
59.3468 8.13733
59.0053 8.02228
59.0518 8.41859
58.9046 8.30006
58.3161 8.45655
58.9849 8.49898
58.4666 8.49224
57.9432 8.67237
57.4552 8.53987
61.3466 8.5524
61.5366 8.58583
60.7322 8.44294
61.7017 8.42296
62.0914 8.30689
64.6826 8.1156
63.8383 8.53169
63.5388 8.12665
63.5414 7.93419
62.1576 8.31783
61.7704 8.07627
62.6437 8.09614
58.0584 8.68401
58.922 8.67016
61.3401 8.16475
60.9474 8.12849
61.1816 8.33238
60.7309 8.49036
60.2079 8.53411
61.0831 8.41096
60.5578 8.34604
60.8669 8.40269
61.0057 8.38842
59.8266 8.09595
59.41 8.30598
57.4669 8.36415
60.5719 8.21521
61.7157 8.63468
61.9195 8.56765
60.7274 8.55808
60.7032 8.13895
61.4991 8.23105
62.5645 8.24247
60.7196 8.17417
59.9892 8.58978
60.1883 8.31406
60.9055 8.49762
60.827 8.46172
60.0277 8.55324
62.257 8.22116
64.2697 8.01159
62.9272 8.31631
63.9744 8.32792
61.1766 8.49237
62.2541 8.28072
62.5273 8.24615
62.0273 8.23092
60.9642 8.14126
62.5239 8.13005
63.7647 8.25622
64.9199 8.14627
63.1025 8.68671
64.7364 8.23055
64.4866 8.26978
64.1131 8.39315
62.6847 8.22188
64.2776 8.33441
65.0632 8.41386
63.637 8.67941
64.3946 8.45803
64.3146 8.22674
66.8021 8.3856
65.8151 8.43988
64.7264 8.50692
64.4243 8.43198
61.6373 7.95711
61.2908 8.49243
60.5229 8.43923
62.4462 8.22913
61.9119 8.20489
61.0536 8.39188
61.5626 8.12181
59.3929 8.2152
62.1397 8.43422
59.6961 8.47824
59.4923 8.47055
60.5938 8.24549
59.7875 8.42273
59.1593 8.28097
59.6943 8.37553
60.8744 8.37289
58.2349 8.29877
58.0849 8.27653
58.3608 8.38251
59.0189 8.22658
60.1761 8.2205
61.7435 8.66677
60.1218 8.84207
61.1037 8.75871
59.6408 8.5041
59.0063 8.49224
58.5069 8.31374
58.4533 8.40566
60.7447 8.24263
61.8858 8.08188
62.6438 8.25988
61.2406 8.21944
59.1184 8.22592
59.2229 8.18708
56.7988 8.30455
59.2751 8.60626
58.9129 8.6904
59.4014 8.1857
61.8178 8.3874
60.3804 8.22796
59.3105 8.46968
60.5115 8.11777
61.4094 8.13158
59.0589 8.06841
60.7749 8.24376
60.5256 8.2579
61.6074 8.38489
60.404 8.22309
61.1446 8.14191
60.4242 8.18349
61.1379 8.04865
59.1653 8.50347
59.4483 8.12032
59.8437 8.57824
60.2146 8.38789
60.4202 8.29889
59.8447 8.53173
60.9969 8.14615
60.2182 8.28496
58.4764 8.38992
60.3763 8.19607
62.5595 8.06664
60.8005 8.51311
65.8474 8.08754
63.0098 8.49412
64.4374 8.16051
64.9796 8.32775
63.9276 8.14132
63.8907 8.23969
63.8907 8.3507
64.004 8.27718
62.8144 8.49955
63.5752 8.46745
64.2611 8.59259
63.4663 8.46234
63.4516 8.46234
63.4516 8.47019
61.6551 8.25058
62.7126 8.19503
60.5727 8.37815
60.7364 8.34535
62.2572 8.02748
60.0019 7.96249
59.841 8.07641
60.2343 8.24088
60.0891 8.26774
60.4978 8.03844
60.439 8.17753
60.3633 8.38801
59.321 8.39003
59.9449 8.25117
62.3971 8.2261
62.6182 8.21922
61.8767 8.19611
61.8097 8.17443
61.8583 8.34935
62.0158 8.47713
62.103 8.55101
64.3892 8.26942
61.7801 8.58803
63.3861 8.27525
61.9893 8.06731
59.0003 8.70012
61.6013 8.64262
61.5076 8.19018
60.163 8.36197
62.6346 8.25379
60.3411 8.34197
61.2989 8.47017
59.8482 8.13752
60.539 8.24361
60.5975 8.39156
61.7442 8.21531
61.8613 8.47454
60.7647 8.32417
60.5328 8.25353
59.8599 8.52463
61.0214 8.54183
58.7194 8.3578
58.7158 8.3831
59.8206 8.25404
60.6502 8.45175
58.4216 8.37507
59.0231 8.34024
59.9255 8.32167
59.4827 8.48595
58.0821 8.70745
58.4636 8.228
59.3645 8.54823
59.4715 8.56956
59.5837 8.57168
58.6173 8.57082
58.3932 8.49966
59.7889 8.24234
61.4259 8.2212
61.9668 8.17296
63.4909 7.94782
63.0921 8.33774
62.7383 8.56365
62.1419 8.35507
61.5146 8.51257
59.7526 8.3999
60.6576 8.57037
61.3356 8.51093
62.1069 8.43023
61.6925 8.27776
63.3991 8.55815
63.7391 8.64419
62.3473 8.24089
61.5704 8.46178
61.2827 8.34498
61.1062 8.44415
60.664 8.43183
60.0385 8.46541
61.617 8.40887
62.852 8.14834
64.7746 8.7049
61.5742 8.36761
62.5876 8.49863
63.5518 8.51784
61.6703 8.1483
62.6142 8.17182
62.2015 8.24905
62.3657 8.31822
63.172 8.28425
63.8696 8.62322
63.7749 8.44533
65.9813 8.22035
66.5366 8.13391
65.5592 8.25
63.0758 8.04372
65.6692 8.19651
64.8228 8.2247
61.5427 8.34733
60.2399 8.59393
61.3865 8.49037
61.644 8.43273
61.9788 8.58754
62.4169 8.47678
63.0023 8.45526
62.5606 8.20423
60.3349 8.51599
60.4541 8.45274
60.8839 8.53627
60.2555 8.53274
61.6244 8.35772
60.9149 8.39706
60.6443 8.28285
62.0089 8.14442
61.9979 8.24211
61.3261 8.33114
60.7039 8.19436
60.947 8.19677
60.7573 8.20679
62.2443 7.90088
62.2045 8.31236
63.5986 8.56823
64.5093 8.59756
60.4044 8.52316
61.7446 8.18162
60.5005 8.42051
59.4753 8.38722
60.2538 8.47585
60.6298 8.36294
60.066 8.37611
58.8087 8.28592
60.5383 8.57377
60.6049 8.52625
61.7046 8.1681
57.69 8.18144
59.0203 8.14285
58.9674 8.44403
58.2646 8.48055
58.0957 8.27915
59.1374 8.27733
56.6298 8.19726
58.5771 8.55724
57.882 8.25667
55.754 8.44716
57.6235 8.35449
58.9376 8.15634
61.0464 8.46627
60.4176 8.57851
59.1095 8.43957
63.3194 8.51125
62.4788 8.1412
63.1551 8.16677
63.3833 8.06023
63.6934 8.14258
61.9846 8.34855
60.8596 8.41242
62.1456 8.26802
61.1526 8.19525
58.0809 8.23878
59.4635 8.25292
60.8504 8.22472
60.9672 8.18412
60.9487 8.18196
61.8875 8.07018
59.7519 7.988
60.0464 8.13595
61.747 8.35602
60.5509 8.33974
59.6043 8.41004
62.971 8.10702
60.7391 8.32571
60.5023 8.54066
61.6941 8.11428
62.8647 8.22776
60.029 8.33423
61.7297 8.42424
60.4583 8.40831
59.7165 8.37884
60.1431 8.38484
60.4231 8.43304
58.8785 8.45206
59.5827 8.62627
60.4284 8.30737
61.5327 8.28093
60.2883 8.32115
59.8278 8.24315
58.9813 8.13488
59.9902 8.27116
60.0889 8.7304
59.9594 8.17257
60.1331 8.13267
59.467 8.41216
59.186 8.32827
60.2376 8.63223
58.0312 8.47668
59.217 8.47596
58.3388 8.37171
57.7675 8.34808
57.4472 8.23037
56.5439 8.51821
54.378 8.35059
57.8944 8.1428
58.7859 8.33632
57.6086 8.26249
58.8868 8.26511
59.057 8.32234
57.9085 8.39053
56.8821 8.47603
57.7489 8.02569
60.7836 8.36195
62.661 8.67808
63.2479 8.42099
63.9031 8.06231
58.9232 8.29469
60.0171 8.01069
59.3451 8.45859
61.3485 8.32782
58.9 8.25489
58.3005 8.34445
58.9664 8.71604
58.9664 8.41195
60.6962 8.46388
60.6962 8.41307
60.2187 8.58465
61.4591 8.42574
61.5574 8.22545
61.3759 8.50072
61.4455 8.14454
58.8383 8.52686
58.3494 8.49146
59.3805 8.69599
58.6617 8.444
59.9145 8.12044
61.172 7.94707
62.1834 8.30702
61.8031 8.43482
60.3346 8.28306
60.8105 8.52001
61.9651 8.24845
60.6026 8.49307
61.3263 8.28149
60.4599 8.29969
60.6348 8.72496
59.5739 8.48622
60.0052 8.45672
60.2632 8.35718
58.344 8.45558
58.6814 8.50644
60.9221 8.35684
61.273 8.50818
61.3314 8.24272
61.7268 8.57732
61.3494 8.55017
61.0718 8.32868
62.3737 8.39676
60.005 8.48787
60.8209 8.55521
60.3493 8.3028
60.624 8.13944
59.438 8.6823
61.2348 8.33371
59.6254 8.30577
59.7622 8.44931
63.3789 8.19249
62.3829 8.26538
62.1101 8.09555
62.1558 8.35873
63.7656 8.32979
64.4958 8.40171
64.0447 8.39218
60.3022 8.39502
60.6961 8.3317
60.3289 8.22104
61.9138 8.42026
61.0696 8.23632
61.7409 8.10877
61.2068 8.19305
59.4917 8.47468
60.3774 8.62007
61.8052 8.40744
58.3653 8.40948
58.632 8.38515
60.0202 8.29651
60.0115 8.41093
59.8671 8.19461
59.3166 8.31939
60.3381 8.15995
58.8548 8.40365
61.1745 8.07841
60.8301 8.4775
59.7185 8.39711
59.9391 8.24093
61.6865 8.20014
61.3895 8.30641
61.0745 8.38666
62.9019 8.36705
63.2547 8.39166
60.8422 8.37544
59.7903 8.52828
60.3267 8.48903
60.5708 8.36063
60.829 8.22335
60.2225 8.27834
60.5661 8.21666
60.2407 8.24885
58.5478 8.24051
61.7047 8.45962
59.7245 8.45962
61.9193 8.28747
61.9913 8.07934
59.828 8.61278
58.1744 8.37258
58.4684 8.45535
58.1832 8.58483
58.8285 8.17701
57.8399 8.38286
57.8156 8.25148
60.4186 8.04387
59.3102 8.23907
59.9533 8.32455
58.0155 8.35278
58.9395 8.13838
58.7175 8.41923
58.4066 8.36006
59.8043 8.4879
58.5263 8.30558
58.1834 8.37398
59.3548 8.42044
58.4356 8.55283
60.8731 8.38132
60.3817 8.47645
59.803 8.33138
59.6708 8.48218
59.6746 8.70025
60.7433 8.78669
61.8896 8.5423
60.7166 8.46176
58.8092 8.42513
59.1808 8.43043
58.4601 8.18518
59.2346 8.17019
59.281 8.33183
61.3025 8.06784
60.2877 8.50114
61.0288 8.20703
60.1922 8.35619
59.9924 8.44453
61.5386 8.47641
61.4448 8.24452
60.4742 8.39645
59.5793 8.24815
59.2947 8.48297
57.5105 8.53713
62.4715 8.29823
59.8518 8.20953
59.1558 8.2439
61.4893 8.31286
61.4199 8.40935
60.1314 8.1453
61.2739 8.23233
60.3807 8.40845
61.3928 8.147
61.5269 8.28233
61.046 8.66384
61.3991 8.3501
61.7297 8.3432
63.4655 8.33771
63.5407 8.21223
62.4307 8.15893
62.54 7.87344
60.4504 8.08843
59.9383 8.13689
57.5359 8.53001
59.6085 8.47497
59.291 8.60083
60.2936 8.17827
60.4432 8.30708
59.9359 8.35025
59.7801 8.24446
58.1647 8.34071
59.407 8.35193
60.1607 8.42395
60.0552 8.3838
62.0653 8.53324
61.8425 8.3855
61.5796 8.31844
59.8886 8.49568
59.2792 8.52144
57.9958 8.48228
57.2656 8.2913
60.4988 8.55651
59.6351 8.5
59.7333 8.43981
59.1326 8.45619
60.034 8.56202
59.9761 8.22714
60.0209 8.28717
60.6406 8.28059
57.3303 8.54502
58.5333 8.31544
60.0809 8.19359
59.6731 8.17585
59.5191 8.39074
61.222 8.13608
60.4652 7.97054
60.4393 8.30712
60.3225 8.07631
60.843 8.16578
60.8465 8.31589
60.9976 8.51953
62.0352 8.34722
62.8467 8.38824
62.7425 8.6463
61.6661 8.34488
64.3757 8.24706
62.3639 8.253
61.86 8.12143
61.4889 8.29771
60.971 8.34234
61.1135 8.34257
61.4101 8.34605
57.9804 8.42432
59.9544 8.46301
59.3712 8.30817
60.0586 8.21826
60.2744 8.22716
61.3176 8.30518
61.7028 8.18893
62.4609 8.41469
62.1821 8.52739
61.4564 8.21415
60.345 8.10796
63.1313 8.13372
61.0958 8.62443
61.6371 8.61415
