85.8942 36.0979
82.5356 36.6008
78.9496 33.5823
86.7287 34.189
86.7256 34.8633
81.6901 36.6233
74.0636 34.605
74.5587 34.4703
83.1154 34.5024
81.1832 35.1995
81.8015 36.0168
82.3586 36.5718
75.4456 34.8374
75.985 38.0259
76.8553 36.3788
74.2361 35.0057
77.7904 35.3359
81.8013 35.4912
81.0743 35.8326
80.0655 35.6953
75.2521 35.4842
71.8089 37.3808
74.878 35.7968
76.3951 35.3319
79.7568 34.3894
88.7938 33.471
75.1626 34.5137
90.7875 35.1332
84.9613 35.7169
79.3627 35.496
79.3627 35.2781
73.7665 34.1829
76.3134 35.8871
79.3031 33.0944
76.593 34.944
79.4528 34.5043
78.9867 34.971
78.8985 34.4283
61.3108 35.4723
61.3108 35.0667
61.3108 36.0337
65.9327 34.1922
65.3116 34.6636
65.3116 35.573
65.3297 35.1663
65.3297 34.572
71.5433 34.8863
65.7867 33.5442
65.1762 33.7818
65.1762 35.6458
70.9649 33.843
76.1416 35.6721
86.3069 36.3978
82.3023 36.0655
89.806 34.3669
82.5824 35.1368
81.9318 35.0202
77.9313 35.3751
79.9756 35.3745
78.2162 36.2363
80.8635 36.608
83.4059 35.4244
88.7652 34.588
91.1509 35.5716
81.3637 35.7232
81.1799 35.6287
69.6398 34.1668
71.858 36.2901
82.5246 36.3544
83.961 36.3174
81.0671 36.7407
73.0951 36.054
78.3964 34.4332
79.5446 35.2441
81.5453 34.0154
83.9083 33.9392
69.7171 34.8667
72.3389 33.5863
62.5156 35.1567
72.5714 35.1034
76.344 36.0784
79.2044 37.7463
84.7969 35.9156
85.7067 35.7166
80.7836 34.6347
86.5501 34.9985
83.5803 35.8392
77.9757 34.5124
76.6328 34.5667
76.1266 37.0619
75.9085 35.4697
72.171 37.1638
73.9601 35.4596
77.4708 35.6179
68.5601 35.4554
83.4361 36.3271
88.0313 34.7147
75.2989 35.1289
77.8406 34.1513
90.8615 34.3818
87.1549 34.7329
79.0685 34.439
86.1467 35.3016
85.5604 35.5152
83.2104 36.6753
90.1598 34.854
87.7624 35.807
79.9529 36.4826
79.9529 35.0643
78.8114 33.9148
75.9858 36.6262
87.0566 34.1806
93.6187 34.131
86.9364 37.3066
89.5975 34.1554
86.1961 36.2496
89.044 34.2655
79.4766 35.2221
92.9919 35.3305
83.285 33.799
83.5046 36.1729
100.256 35.9585
99.3521 35.6711
89.4515 35.4655
97.1623 34.8682
109.791 34.9952
97.7453 35.2375
97.2309 34.1252
87.6552 34.7244
94.0353 35.6192
107.182 34.6547
109.964 34.8712
96.2588 35.4232
109.335 35.5639
99.4538 33.5727
94.4424 35.4206
85.7267 34.9478
78.5481 34.6032
78.5481 34.9193
67.3986 35.9057
66.1999 34.9075
71.1763 35.0187
67.4652 35.23
69.7313 33.6976
70.9934 34.1825
71.0815 35.2186
75.6105 35.8825
81.4989 35.3891
80.2901 35.3679
77.1194 35.3075
82.818 35.5026
83.8845 35.0056
84.3735 34.8937
79.2054 35.6063
73.0563 35.0306
75.95 34.8646
75.95 34.0411
77.0498 34.8597
72.8365 35.3532
88.0596 35.6662
81.3036 35.2996
88.1632 35.5929
88.9193 35.8921
82.2559 36.138
88.0393 36.2578
89.902 33.8184
93.4271 35.3093
94.6301 35.6559
97.8888 36.087
88.0407 36.0851
72.7115 35.0585
67.4365 36.7544
67.4365 35.9418
69.334 35.6352
71.3454 35.6968
72.9824 33.9764
73.0573 35.7872
82.5168 36.3149
77.7205 33.3892
71.5454 34.5849
71.5454 35.7414
71.8315 36.0008
81.119 35.7625
72.4292 35.2032
70.2568 34.9766
65.755 36.5936
70.9404 35.3771
84.6528 34.655
88.7006 35.8815
90.5596 34.6337
88.5346 35.3615
91.814 35.2542
89.4061 37.7369
96.6546 37.35
109.23 35.6032
109.301 36.6934
111.946 36.3286
114.849 35.7625
103.552 34.7421
93.6935 34.8714
100.881 35.2402
84.0995 33.8364
87.694 34.6389
95.5554 34.4845
93.503 34.0818
94.3303 35.7508
99.2869 34.6609
96.903 36.6043
103.375 34.716
98.3996 34.4831
95.066 35.4139
95.3008 34.6931
93.3849 34.211
109.345 34.6999
105.776 35.0317
90.9038 35.9393
93.8955 35.7575
89.0225 35.8227
103.863 35.0951
95.2117 35.078
99.9597 36.7647
122.397 35.811
107.822 36.4374
102.134 34.3956
99.5684 34.413
96.8396 36.1794
100.532 34.8448
96.5967 35.2433
110.712 34.6907
108.99 34.6219
93.0028 35.3458
92.3203 36.1974
82.3584 36.3133
82.4289 36.1455
82.4289 33.453
77.3821 34.6416
78.3095 35.4098
83.2892 34.892
84.5375 34.2502
88.6869 34.2257
88.5683 35.729
92.9158 34.2742
73.6556 36.1913
77.0667 37.6487
83.7249 35.2578
81.3992 34.8873
94.6914 32.8381
93.1967 36.223
88.0364 35.2844
107.405 34.1476
99.9026 35.4482
89.6788 33.8592
87.4105 35.3482
85.7907 34.8447
74.837 36.4178
83.3117 35.0324
78.2097 34.912
83.5283 37.4108
85.5593 36.8253
74.7553 35.9793
72.5985 35.5824
66.52 36.5231
75.0279 35.6157
73.8615 35.6312
99.1064 36.5477
108.003 36.7521
113.774 35.1018
105.729 35.3563
92.2635 36.7008
86.489 36.3935
86.1099 34.6342
78.208 35.1797
77.3661 35.2618
73.3024 35.7375
78.0926 35.1349
68.4181 35.3963
69.861 34.863
68.4522 35.7332
64.8719 36.1229
72.2852 35.5602
75.1351 35.6369
76.0303 35.1404
76.1753 36.3552
75.2047 34.5571
82.0084 33.711
78.4182 35.3423
80.3948 36.9334
84.7008 36.5982
86.524 35.4391
79.4938 34.7005
69.0307 34.3513
57.1417 37.5263
58.9993 35.5229
67.1511 36.3272
75.1876 35.5182
75.1876 35.1934
75.5679 35.6384
72.1165 36.7131
77.4232 35.0108
77.4232 35.6965
72.4026 36.0252
75.8045 34.8572
75.9178 35.4811
73.3471 35.484
73.3471 35.3457
71.1039 35.0337
69.3501 33.1871
69.3501 34.1665
67.2247 36.5875
66.1057 35.6326
63.4913 34.8804
65.5035 37.0223
71.0704 36.4212
82.8376 36.2581
88.2936 37.106
82.8012 34.7091
83.5986 35.7895
84.4088 36.9641
79.1647 35.0007
85.9527 33.4046
84.5057 34.5101
86.4014 33.802
91.6226 34.3962
82.3024 35.2517
85.6266 34.5063
94.3427 35.3115
99.5869 35.7486
103.069 35.642
101.336 34.9821
102.992 35.5779
101.164 34.3741
103.582 35.241
96.3417 36.0909
94.9618 35.5822
97.0897 33.6544
93.5502 35.3028
92.7929 35.5657
93.0947 34.4206
89.69 35.3361
97.272 35.7953
98.1118 36.0095
93.1682 34.9066
92.5006 35.7427
95.5955 34.6995
100.894 35.0064
109.031 35.3845
104.867 34.0673
102.549 35.6083
101.759 35.5955
101.739 35.0198
97.37 34.8918
86.493 36.0429
85.2496 34.9259
81.3802 37.3923
78.6495 34.2637
81.5867 37.333
83.6496 35.3029
83.6496 35.5266
79.3887 35.4288
78.3389 37.5174
86.4813 34.2133
85.8372 35.096
79.5165 35.2223
70.2321 36.7471
64.2665 36.2094
80.6935 35.6025
84.0545 36.3079
84.8422 34.4302
87.5913 33.0969
80.251 33.4812
86.0008 34.18
83.2925 33.882
87.0204 34.9147
88.494 34.8612
89.4656 34.5307
98.5408 35.6276
91.2103 35.8905
96.845 36.0928
90.3324 35.8167
95.5287 35.4701
87.8218 35.8048
92.4452 36.5268
86.2965 35.0473
83.1275 35.4536
105.704 35.664
103.024 34.9712
108.115 35.4242
97.3203 35.4725
85.2303 35.1629
76.1934 37.3059
75.9726 35.6083
83.1009 36.0918
70.6497 33.8399
80.5702 35.5726
78.7292 35.7863
75.6106 37.4666
73.927 36.7414
86.3844 35.3252
84.4013 35.2348
85.1819 34.5518
100.942 34.335
91.0491 34.6022
100.883 35.5834
93.8381 35.5532
93.8381 35.2217
90.1635 34.9693
82.9261 35.7842
84.7175 34.8515
95.2867 35.3618
100.94 35.3512
98.5333 35.2463
97.4545 35.3988
107.837 35.7766
104.801 34.0177
100.024 34.2521
102.579 34.1729
101.511 34.1986
99.5772 33.4982
90.6876 34.3366
91.4894 34.0304
86.7375 37.1868
88.0586 36.1237
88.004 35.2182
89.5498 35.5311
109.461 34.8366
110.46 34.4594
113.051 35.2806
120.907 35.2724
114.853 33.6002
102.799 36.7224
106.9 34.2955
100.292 35.9268
100.294 37.262
96.678 33.8698
95.5348 33.6611
89.6695 34.841
86.6758 34.9821
86.4324 35.1123
88.5195 35.0894
93.9056 35.0456
89.8461 36.2007
101.104 36.2268
104.506 34.4398
95.9922 35.6266
103.45 35.2717
98.9268 35.2154
99.1698 36.84
117.337 35.5318
90.9551 36.2473
96.2221 36.1204
89.8377 35.371
89.0781 35.9721
91.69 36.831
85.9666 34.4332
91.5924 34.4415
85.6482 35.5743
86.9986 35.7063
83.6127 35.1693
82.8855 34.78
98.6174 35.1221
92.4952 36.5378
91.3743 35.1132
93.6875 35.286
106.241 34.0863
101.293 35.0172
95.6837 34.167
96.228 35.0434
97.9496 35.052
93.779 35.5692
81.4423 35.4737
96.4176 34.5253
97.4954 33.0192
97.5435 36.1502
96.9311 35.2876
87.86 35.7154
86.8371 36.419
101.302 34.2835
94.1247 35.3959
88.0392 34.8348
89.594 36.2097
88.0038 36.7245
87.8514 34.8123
94.4711 34.5678
94.3407 35.9256
94.147 35.8358
94.147 34.0171
95.8118 36.7815
95.2755 36.1548
94.6856 34.8323
96.7102 35.8914
100.118 33.9848
97.8037 35.3581
88.284 35.6343
85.4439 34.5178
85.9195 34.8831
85.4377 34.2114
82.3639 37.2433
86.4517 37.3324
99.7628 35.3446
91.2476 35.8706
92.413 35.5688
96.7645 34.1159
99.0836 35.6259
104.55 34.8939
83.8845 35.6691
87.2196 35.2686
86.4676 36.1388
87.206 33.9614
84.5604 33.0074
86.1175 36.4689
86.1798 36.9655
83.1167 35.8659
82.3277 35.2117
94.5748 35.5021
81.3724 35.8231
88.4861 33.2872
81.8255 35.1468
83.6886 35.187
80.8828 33.3378
77.0228 35.1101
72.1508 35.4498
77.704 37.0127
80.2511 34.6763
94.9829 33.8235
98.8872 35.7894
102.23 34.7595
99.5648 35.9127
99.0049 35.1045
100.322 35.3251
104.919 36.2574
102.495 34.4099
102.923 33.9491
100.139 35.6705
97.2169 35.8842
101.381 36.1234
93.6031 36.0757
89.5536 35.5945
82.3528 36.3461
76.1604 35.3833
77.0527 35.5976
86.3529 34.8692
83.6485 36.4318
85.098 34.9412
90.4583 34.9823
98.7095 35.6124
95.2936 34.1197
86.7296 34.9168
89.7643 35.9289
87.195 36.2466
79.9483 36.322
98.2843 35.8896
90.7431 35.917
91.9383 37.3492
107.831 34.2018
103.463 35.4215
101.259 35.3905
95.3399 35.8458
91.8767 36.8325
96.9791 34.6249
102.633 34.8939
102.172 35.6819
101.152 35.6135
97.2174 34.3385
92.2178 37.1357
93.0757 37.6533
91.9937 34.7083
88.3779 35.242
84.1591 35.6443
87.0064 35.6157
87.365 35.6688
87.5063 36.2157
87.0206 36.296
91.3609 35.8705
93.9619 36.885
95.7297 34.7463
96.4955 36.6
97.4307 34.4038
99.0209 36.5668
84.3023 36.4589
86.1767 36.3608
89.2504 35.7113
91.3779 36.6679
88.8276 36.3805
79.6834 36.4455
78.3091 33.9333
98.4705 33.8931
116.196 34.6283
95.2565 36.8362
96.7485 35.9895
94.1419 35.2401
93.7193 35.4742
93.9044 36.2628
86.8195 35.8242
85.1366 33.718
87.014 36.1902
85.6453 35.3647
78.4692 36.3319
80.4203 35.1263
91.4213 35.4538
79.3719 34.7404
75.2639 35.9707
75.6229 33.633
75.6229 33.8938
86.295 36.3965
89.0697 37.4922
92.5589 35.551
80.8653 35.0672
90.7855 34.1956
92.1127 34.8081
97.5726 33.5713
92.0753 34.5162
85.548 36.1372
73.669 36.0637
70.3422 35.8273
77.2325 36.6543
86.017 34.4952
83.9191 34.6201
96.224 35.0121
96.4546 35.508
96.713 33.304
82.2175 35.677
83.6996 34.4927
83.8193 35.8568
86.4773 34.7218
84.9308 36.738
82.2359 38.0676
79.0407 36.6178
82.7702 36.5244
81.4059 36.1138
90.6754 36.66
99.5684 36.372
98.9169 34.2556
91.9661 34.9995
99.1188 34.6343
94.7273 34.4769
92.7376 36.6104
98.4202 35.7356
94.6705 35.2442
103.208 35.4679
91.0576 33.8782
99.6832 34.543
93.2352 35.8541
97.0551 34.2747
91.9952 35.6667
73.0464 34.8106
71.788 35.6513
72.8697 35.2841
86.2571 35.6054
88.1699 35.6089
89.2122 33.8683
90.5491 34.3414
90.3213 34.2566
83.6495 33.932
82.8072 37.1623
85.7388 35.5726
85.8065 35.923
83.9203 36.4993
77.4376 35.9092
81.2495 35.2716
82.2001 36.1467
80.9372 36.2399
75.8394 36.1073
82.2858 35.1668
78.7314 35.6962
81.4065 35.5837
72.3767 34.9288
83.1854 36.142
78.3268 35.1852
78.7917 35.2616
74.2788 35.6493
72.6852 35.3128
76.0137 33.712
73.7523 35.3208
76.4343 36.6444
75.1921 34.9096
75.0259 34.3001
84.5908 35.0594
76.8722 34.8253
95.9495 35.4479
95.7359 35.0381
87.6838 35.8264
91.5021 35.7385
88.5033 36.3873
90.6557 34.9987
87.6687 34.6927
83.1494 36.8564
83.1494 37.2355
95.3309 34.3278
101.787 34.6499
94.572 37.4443
91.3757 35.7685
89.911 35.7395
91.1021 35.6511
87.6934 36.0175
84.8863 34.0832
89.713 33.9912
84.5466 34.5723
93.8309 33.7082
80.7712 35.1523
80.5359 34.3712
80.2786 34.8682
81.4487 34.5749
85.7596 34.8667
85.8847 35.6531
87.7532 35.7912
92.8325 35.6009
91.3281 34.816
99.0191 33.6082
97.1099 35.2103
86.2195 33.5662
88.7211 35.8146
89.8354 36.3454
89.7672 36.5958
99.259 33.0277
105.601 34.8603
108.968 34.0438
103.7 35.7372
104.945 35.3015
104.945 36.0262
101.199 34.8529
107.225 34.6921
92.6558 35.3971
90.2499 37.4876
86.9627 36.3875
96.9784 34.6336
92.0222 35.8782
94.0779 35.5656
96.2419 35.0605
95.7097 34.8362
93.8489 37.2188
94.4212 36.2824
85.2819 36.1152
85.4982 35.361
93.0123 34.1891
99.5789 34.3264
88.4637 35.0089
89.7295 36.6889
86.8843 34.8769
81.9045 37.4691
91.7225 35.645
98.4724 33.2461
99.1321 33.2675
98.0631 36.8843
127.924 33.3898
118.042 36.6195
100.823 36.1616
108.764 36.8267
108.975 35.4909
92.7359 35.3835
94.2381 36.5604
89.6026 35.249
82.6621 35.8204
89.5793 36.0712
91.0884 34.063
99.5501 36.908
98.8117 35.3676
103.808 35.8334
98.7961 35.5563
96.1234 35.5084
99.9409 35.8528
89.6581 34.6106
86.3362 34.4674
91.7896 36.2995
87.2878 36.9671
69.1269 36.4702
63.908 35.4779
114.639 34.1766
124.715 36.8706
118.903 35.7778
122.442 35.2476
128.673 34.3674
113.201 35.1951
127.733 36.3172
148.693 35.8037
144.168 33.8712
127.046 34.7056
119.794 33.366
115.013 35.2008
108.098 35.6124
103.139 35.6366
101.816 33.8987
93.2049 33.5023
92.2158 35.8077
98.1182 35.0558
89.7339 33.8564
88.7629 33.2164
96.0117 35.3778
99.2058 33.415
104.824 34.9434
87.9842 36.6194
87.933 35.5002
92.0655 34.3595
92.9119 33.8181
92.7701 35.0129
84.4625 34.7151
98.1728 34.9218
98.1886 34.7676
99.121 34.9948
84.0622 35.3978
94.1548 34.6793
91.9669 35.6199
95.0302 34.3556
90.3522 34.7678
90.6918 33.9381
90.5738 34.8313
101.945 35.7644
91.6982 35.7239
104.046 35.5783
97.6533 36.1328
89.5891 35.2625
97.2626 34.8352
101.606 34.6472
96.7954 33.5529
99.8747 34.6357
89.307 34.6043
85.3482 33.9683
81.7389 35.6033
74.2882 36.0476
86.3882 34.8969
94.2452 36.417
99.6242 35.0103
107.727 35.5233
95.4359 36.2843
94.5206 35.7497
94.5968 34.3088
93.8368 35.7343
81.0107 36.6363
89.5976 36.6687
89.5956 34.9949
107.091 35.0652
109.038 35.3904
94.345 37.2491
92.4469 35.3602
96.0125 36.0557
106.147 34.6156
100.22 36.3153
112.625 34.9289
110.132 34.6476
111.942 33.6334
117.233 35.9963
110.122 34.8944
91.5788 35.9037
100.375 35.0544
100.8 35.1808
101.176 35.1291
99.4703 33.7043
101.245 35.2674
102.827 33.2348
98.8403 35.3725
95.9378 35.5766
94.4465 35.1751
95.5008 35.0031
100.934 33.4519
82.8102 36.4077
81.4735 34.9969
76.482 35.3688
87.8477 35.5214
89.103 34.2324
93.6947 35.585
81.7063 35.7196
90.089 35.3092
93.4129 33.3329
97.2519 34.9305
103.224 35.438
98.7239 35.3058
97.8226 35.466
96.8154 35.9284
97.404 35.8199
99.6345 35.4754
101.915 35.0165
99.6584 34.9939
101.07 33.7095
95.1736 33.9894
95.6278 35.2708
88.4771 34.9724
96.8308 34.0437
92.9421 35.3307
92.1741 35.0021
92.1741 35.841
97.4938 32.4272
93.5868 34.0506
95.7713 34.3561
95.1065 34.6889
87.7056 35.7209
78.6222 34.5689
82.7391 34.0072
86.0785 35.3329
82.3445 34.5343
84.0468 35.3557
83.1523 35.7298
86.1643 35.5595
85.1553 34.7647
93.8414 36.2712
100.709 35.3853
106.153 34.8086
104.386 34.8608
78.9455 34.8589
81.8205 34.8857
85.7095 34.8687
85.0683 35.1033
80.1114 35.2758
83.4846 34.2427
90.632 34.8343
93.0725 34.7035
93.1346 33.9053
81.8626 34.0111
69.8252 34.7256
71.4013 35.5465
73.6512 35.0778
77.7908 35.158
73.614 34.8121
69.347 35.3426
74.9685 33.9747
70.7458 34.9705
74.0756 36.6028
71.1845 34.6146
61.0179 35.5495
61.0179 34.9024
61.0179 36.3698
63.5737 36.3834
69.217 35.4177
72.2702 33.9073
67.9528 34.6335
67.789 35.0162
71.5969 36.6161
85.5187 34.6173
85.5705 34.4397
87.0575 35.3139
84.0458 34.3078
88.5375 34.3665
91.2136 35.8591
94.1589 35.5341
88.0363 33.6847
83.2914 35.4238
85.8123 35.8048
88.8004 35.145
86.7831 35.0843
88.116 35.3478
84.8506 35.5478
90.7734 35.8544
95.5375 35.7406
86.3544 35.5677
83.6686 34.8938
86.6853 34.8755
84.9939 33.8502
90.6479 36.166
96.2091 34.9081
95.281 34.0458
91.9785 34.5282
90.5636 35.1167
83.5809 35.977
89.119 35.2833
86.4104 35.1845
98.2851 35.2868
105.703 35.5778
105.703 36.4489
90.2376 34.4866
83.561 35.0708
89.4253 35.585
95.765 35.6614
98.7764 34.6114
102.349 34.0154
94.461 35.2846
87.6729 36.4748
90.4639 34.8163
92.6272 34.9758
90.8756 35.4912
92.4039 34.2474
82.7368 35.7996
89.1458 35.808
82.9466 36.3821
85.2441 33.2498
77.5528 36.3675
74.2286 35.999
72.9808 35.0801
76.1325 35.5915
82.0318 35.5014
85.837 34.346
83.3925 34.4161
81.4082 36.3035
81.6585 34.14
80.1407 34.6246
92.4646 34.6648
88.8506 36.0172
96.157 34.6166
104.705 35.0394
96.7878 36.0598
90.1254 35.8323
94.4732 35.024
87.1881 34.7755
85.6271 35.3818
92.5218 35.0756
85.1081 37.1182
86.8589 35.5722
84.0719 36.6242
86.6168 35.3637
86.5477 35.869
88.3211 35.4997
89.9915 35.5245
85.974 34.703
80.2545 35.0513
84.8429 33.8972
91.1764 35.299
100.618 35.3271
94.8232 34.8329
88.1081 35.5516
93.5385 35.1852
91.4715 36.074
94.4867 34.5565
86.5535 35.0201
86.4817 37.6813
81.1161 34.4369
89.52 34.2771
90.9269 34.9239
83.8357 35.7137
79.3415 34.5565
87.3218 35.7437
81.4621 36.8745
83.6223 36.7803
83.4356 36.7954
82.3335 35.8052
85.162 35.2209
77.1173 35.0806
79.288 36.9837
99.1775 36.1192
97.3248 35.2499
87.3614 36.2662
93.2069 35.8768
102.871 34.7283
92.0018 33.9812
88.3303 35.6137
98.5996 36.4451
112.68 35.1578
96.0789 33.8958
94.4671 36.0838
105.32 34.1171
101.143 35.9704
96.4532 34.1399
98.5936 36.2065
100.171 35.5038
96.8159 33.5534
86.0623 35.1298
94.8594 35.8075
98.9072 34.8784
87.0986 35.5014
98.8242 33.9893
105.059 34.1469
103.966 35.9299
101.256 34.7199
106.94 34.0643
101.259 34.9426
91.846 36.6493
89.382 35.8479
86.2313 36.8996
92.69 35.0572
84.3608 34.4611
86.9627 36.2918
85.2636 35.9786
87.8119 36.0679
91.6918 35.2415
91.9031 35.2978
92.4602 37.9502
90.3827 35.0473
83.1046 36.2732
83.3042 35.4388
85.7855 35.0949
86.5567 35.962
94.3989 33.4808
99.7045 35.0085
97.4614 35.8905
89.531 35.6484
84.7584 35.1022
69.9473 36.1699
68.8463 35.5953
70.1653 34.7244
81.4502 36.1632
82.3668 36.3482
83.3348 34.3321
90.7752 35.2525
86.8599 34.2396
94.8524 35.272
91.8775 34.2743
92.7308 34.8035
92.4544 36.401
93.0488 35.2168
110.643 34.7763
95.4705 34.3747
103.29 32.8705
105.554 33.8507
97.9073 34.4543
94.0057 34.254
113.891 34.5916
107.281 36.9378
104.087 35.3248
102.803 35.1176
88.6873 36.2304
99.1838 34.3659
109.638 36.9087
114.529 34.8273
113.793 33.5626
128.127 34.2058
130.981 34.9859
128.487 35.5552
125.638 34.3137
120.309 33.8472
114.308 34.7655
107.941 34.1742
114.971 33.5168
105.943 33.6058
107.559 34.6809
103.962 34.7037
104.344 36.3971
113 34.7795
115.79 35.0097
121.334 34.1663
102.358 35.6008
90.3565 36.2368
83.9178 35.1306
105.849 34.8
101.565 34.4544
84.1489 37.0512
88.6663 35.8438
90.2501 36.7018
90.3127 36.5698
90.9278 36.2027
95.723 36.2978
96.9379 35.5671
113.336 35.999
108.373 34.8827
103.282 34.6606
100.062 35.1708
103.291 34.7172
105.746 34.3146
102.102 34.6792
91.2079 36.5694
102.751 33.5108
106.12 36.5045
112.631 35.3024
120.529 35.1454
120.799 35.8793
121.938 36.0609
128.536 36.3362
123.563 35.785
116.924 35.1088
98.5706 35.3398
110.795 36.5341
106.605 34.1992
103.877 36.4777
94.1501 34.0473
98.6333 34.3578
99.8665 36.2922
117.03 36.1941
112.382 35.6513
110.418 35.7394
109.57 32.4166
110.503 35.4619
121.246 34.917
119.282 33.9411
133.679 35.1515
121.178 34.3608
120.425 34.3809
122.913 34.4995
102.902 36.2527
101.226 34.0912
88.8495 35.9938
99.258 34.363
91.3664 36.0537
81.0686 33.7345
82.1928 34.6915
88.5181 34.2531
82.1164 35.1687
82.9856 35.0532
81.711 36.1215
87.312 35.6768
85.3238 35.091
101.453 33.931
90.4913 35.8487
97.8242 35.9404
102.497 36.2892
94.7888 36.5081
93.8168 36.3807
90.8554 33.5659
87.8599 34.3767
83.3477 34.6992
84.4149 34.39
81.314 36.2764
76.2767 34.4656
71.5316 36.5169
73.6119 33.3551
81.3876 34.5657
80.2203 34.0439
80.2143 35.3783
80.9256 35.0639
80.8233 35.5676
83.1083 35.3014
72.7902 35.3532
74.1544 35.745
78.2383 34.2899
80.3289 35.0274
76.3866 34.0323
81.722 37.4354
88.9812 35.7452
89.6171 35.1101
101.789 34.9336
95.0146 35.792
86.2208 35.2681
87.5805 36.1445
94.5334 36.4292
97.0512 36.4643
96.8594 35.8264
91.9627 36.3672
97.2349 34.2118
97.3841 33.6175
99.2726 36.1465
99.0478 34.6342
98.2184 36.6364
81.958 35.2562
75.3932 34.0631
75.4867 35.7752
73.5885 36.3219
66.729 36.1719
66.905 35.6061
73.3581 34.9151
77.0512 35.8807
72.3155 37.2805
69.6604 36.2811
83.5461 34.8222
77.9569 35.189
83.878 34.0285
81.7382 34.4395
92.8063 35.8988
96.4246 34.8511
92.0939 35.1569
96.2997 35.0256
91.2107 34.8099
92.1203 35.1724
79.8489 36.0106
76.4432 35.9559
77.5333 34.914
75.0276 36.4961
67.0121 34.8556
79.663 34.4132
85.8391 34.8184
72.8123 36.0461
80.1053 35.6572
79.8359 35.1345
82.4802 36.5148
73.638 36.6179
70.5039 37.3
74.8575 34.1735
81.7242 34.1039
84.3487 34.9771
86.7317 35.3435
86.3232 37.2891
85.4152 34.9491
82.3187 35.1108
85.1315 34.5999
78.9522 35.9201
74.8653 35.7116
81.735 36.0245
97.6486 35.6931
101.569 35.394
101.42 33.1374
100.347 34.9595
104.034 34.5911
91.005 36.8662
87.7953 35.2847
85.1391 34.7525
75.2785 34.4793
76.8453 36.1127
73.1919 36.5109
73.0364 35.4466
73.0364 35.5326
75.9229 34.4595
77.1153 34.1339
78.1994 33.9823
85.4419 37.1936
84.2173 36.8219
84.2173 36.7555
77.6394 37.0094
87.1296 34.5181
81.9841 34.8389
83.7283 37.4258
86.7019 36.3952
78.0608 34.2164
88.5939 37.1628
90.0045 36.2369
90.3955 34.5558
94.803 34.9782
88.6519 34.2598
82.3318 35.8818
78.8201 34.8065
83.2211 35.3696
84.6831 34.4657
85.5246 36.2389
86.7543 34.9801
75.5106 36.609
72.6596 35.6278
73.284 35.7991
77.8016 35.5912
76.1207 35.1559
78.3672 36.8751
76.3087 35.3411
79.8124 35.2693
73.2138 35.6947
74.9981 34.2407
96.3861 34.2598
95.184 36.448
84.3222 36.3639
79.0021 34.1715
82.14 33.7096
79.2348 33.3897
74.5944 36.311
77.5101 34.1928
84.2905 35.6117
89.7108 34.319
84.0326 35.8499
85.8399 35.9878
86.2241 34.3957
81.8626 35.4299
86.493 34.2515
84.6162 36.0973
79.4174 35.2175
81.0812 35.8315
83.145 35.611
76.8137 34.9204
73.7395 36.0815
81.2924 36.8046
76.6261 35.3656
69.4081 34.5802
70.5901 36.2536
74.1012 36.4657
78.4371 35.4721
78.9209 34.9243
85.8947 35.931
88.9334 35.4939
87.279 35.8947
85.8514 33.5774
93.2334 34.3662
95.8119 35.1569
91.4282 34.6472
84.6179 35.3583
83.1697 33.6998
81.6846 35.5608
89.6532 37.3003
87.9649 34.188
99.0219 36.1158
102.215 34.061
102.215 33.8979
102.215 35.3085
103.958 35.8649
104.994 33.7774
93.4392 36.3203
96.7719 36.0194
96.7719 34.8859
94.6612 36.3863
94.3511 35.873
93.1158 34.7374
87.185 35.7459
90.1689 34.5864
102.242 35.7922
84.9868 36.2149
100.315 33.7959
105.591 35.0338
103.283 35.0337
93.9366 36.2892
89.3564 33.9048
101.555 33.8659
106.499 34.8074
87.8587 34.5881
83.8315 34.9153
82.289 33.3376
91.7977 36.3985
88.9425 36.5898
88.5008 35.7388
75.781 36.5632
78.6197 35.6788
80.7448 35.778
89.1181 35.2149
84.8319 35.691
95.3534 34.7938
95.8706 35.1799
97.4307 35.8523
102.152 36.5749
105.329 36.2117
116.821 36.0733
123.682 35.2606
126.282 36.0524
118.991 33.4017
100.702 34.2172
95.3502 36.7235
86.5934 36.0699
97.0478 35.6494
95.2108 35.6814
88.9627 35.2175
103.097 33.6042
110.293 34.9602
106.695 36.0361
108.292 35.2509
100.717 34.34
100.283 34.7146
102.11 34.8462
100.646 35.1264
89.0768 37.4145
82.859 36.402
83.8472 36.0866
82.3147 37.4029
81.2487 34.8945
86.1002 35.1364
87.4689 34.9902
71.8003 35.2537
71.8003 37.4708
74.9707 35.9165
81.5548 35.2018
76.0042 36.0645
84.1155 34.429
79.6013 34.6823
76.3677 35.1969
80.5833 34.2383
75.0877 35.0745
83.6034 33.8853
94.6606 33.3413
101.935 35.3905
108.413 34.6602
101.752 34.6584
105.395 33.9114
90.9034 36.0749
94.6713 34.3076
89.7064 34.3474
95.1854 35.5969
95.8964 32.6683
108.104 32.1954
102.21 35.1443
98.1297 35.3371
95.2561 35.7524
101.238 36.228
96.9359 35.2631
105.438 36.0112
88.5381 36.3552
80.7926 37.7621
82.6465 37.2784
83.5249 36.4098
77.9148 36.3763
77.4168 34.4074
87.4795 34.9719
85.0394 33.5166
91.1534 35.7119
90.7985 34.7809
93.2965 33.7653
78.5513 34.7015
73.862 34.787
63.8967 35.2433
62.4584 34.5521
62.4584 35.9227
55.8909 36.2937
55.1991 37.036
52.5641 35.4419
55.1868 36.1949
55.1868 36.9252
52.8379 34.6108
63.4898 35.5258
69.5846 36.0712
70.8816 35.4177
70.8816 33.798
70.8816 35.2999
70.8816 34.8304
75.6201 34.5266
66.606 36.407
74.7541 35.5707
70.9581 35.257
67.5137 35.8218
76.5824 34.1198
76.9217 36.4392
80.1379 35.3701
77.8267 34.7882
78.3128 35.0293
78.4015 35.1525
78.4015 34.6256
78.2724 34.6809
78.8031 34.0757
78.8031 35.1424
67.8256 34.9927
81.3816 35.5446
84.0159 37.2842
78.9808 36.615
85.9614 35.8126
85.0212 36.491
78.543 37.9368
79.4135 36.6578
77.7974 35.5596
95.4705 35.1832
92.3699 34.4842
82.9637 34.4528
84.786 36.205
86.173 36.7164
87.5031 34.8844
84.1217 35.8635
92.5007 35.6665
87.4206 34.8493
88.1702 35.4783
99.8463 36.1557
103.737 35.4385
88.9409 35.4558
98.1002 35.3295
116.628 33.0416
107.314 36.4123
98.7378 35.8011
119.278 33.9138
97.5178 33.2161
94.5134 37.1606
96.3486 36.8442
89.0683 36.5516
94.1112 34.1332
90.8661 34.614
84.7546 35.8545
83.2421 38.2363
92.1394 36.9471
84.2498 36.3685
92.1529 34.5382
89.8153 35.643
85.1423 35.9087
89.0316 35.4718
98.6827 33.9004
85.7407 33.8695
81.3726 35.1668
81.6701 35.2749
93.8123 35.2236
95.0076 35.214
100.594 35.2139
94.6284 35.2233
94.3098 35.2985
91.6782 35.0206
96.1831 33.8245
99.4631 35.4665
85.2975 35.7604
90.6753 35.6654
87.7546 34.3277
88.1891 34.6635
94.4948 36.1579
95.1424 36.663
89.4942 34.8584
103.395 35.5495
103.395 34.3825
107.484 36.2555
97.7422 34.9732
97.5023 34.1616
94.1875 35.206
98.1916 35.426
97.2801 34.0173
112.471 35.2089
125.71 33.1979
121.711 36.2129
106.058 37.0815
104.521 33.4464
92.4849 33.4039
74.7511 35.8135
77.8049 34.9125
83.9712 34.4936
89.7874 36.2904
89.8936 35.0239
83.3618 35.6339
83.9367 36.4653
88.5147 35.8273
85.7889 35.4484
80.5135 36.1229
78.608 35.0984
76.6317 35.3743
80.2848 36.2191
76.1222 34.9838
72.3812 37.96
112.504 34.0949
95.4705 33.5133
99.1118 35.9143
92.2859 36.1919
104.436 36.0588
97.9433 34.3969
102.244 33.6689
102.244 35.2353
107.865 34.2824
87.2336 36.1821
92.2494 35.5528
90.9669 36.0497
87.6748 37.3104
90.6778 34.8533
105.287 35.3042
102.502 33.2649
96.5046 36.6231
118.744 37.2984
118.744 33.7762
117.857 34.4114
117.857 35.9433
96.4909 36.9886
114.093 34.5592
109.219 34.5036
105.137 34.5435
99.5885 35.6984
98.2952 35.7478
97.5656 34.8667
97.5656 34.7689
94.6706 34.7056
100.177 35.7325
97.3858 34.8808
89.6632 34.5736
99.2651 34.8154
111.183 35.0767
104.841 36.8732
104.841 34.0458
93.2838 34.0781
92.2405 34.1041
92.9949 34.714
111.954 34.3708
100.371 34.5286
99.1249 34.4875
99.1249 35.2834
97.9923 35.9272
87.5146 35.8618
85.4704 35.9257
89.6001 36.8561
89.5358 36.1185
93.851 35.8523
90.9134 35.8117
90.9134 35.5799
91.4324 35.1445
73.043 36.1909
79.2372 35.8835
76.2885 35.3663
79.6384 37.1308
75.1218 36.1805
74.7963 35.18
63.8191 35.1598
63.8191 36.842
63.8191 35.7848
66.2135 35.0152
68.5281 35.0436
69.5611 34.7739
58.6769 35.8226
63.8795 34.1435
70.641 34.9131
77.7244 34.3142
85.4933 36.851
93.3915 34.2129
90.8244 35.5196
97.0065 33.5733
99.5002 35.4619
103.244 34.6833
95.7595 33.561
98.4873 35.8329
96.0313 34.6281
97.9853 35.1056
94.0827 35.2728
100.669 35.6197
93.5624 36.5228
94.7465 36.1401
96.0661 35.7816
99.8212 35.2458
95.7916 35.3162
98.5926 35.4799
86.7372 35.4832
89.6469 36.568
87.7831 35.0396
86.7265 36.3873
91.7633 35.5582
90.3731 34.5991
84.2466 34.8694
86.4077 35.4756
111.15 34.7247
99.1931 34.7354
98.9538 34.7729
98.779 34.9817
93.4343 35.4656
90.6714 35.5292
90.6714 35.0519
91.3462 34.2357
93.7412 35.8935
88.4878 36.1982
99.6907 35.3601
98.4384 35.5491
94.7978 35.9073
82.5582 34.5346
91.7804 34.5285
88.5839 34.7777
104.647 34.8566
106.229 37.261
99.9322 35.5209
103.256 35.6634
104.624 33.4486
103.184 34.8752
102.711 33.9635
86.4659 34.9339
88.6548 33.9934
91.6372 35.9389
89.4422 34.7089
96.5308 33.508
94.5793 35.0544
95.4559 33.6056
100.424 34.4651
112.603 32.2585
111.338 33.2494
92.6785 36.1244
107.368 34.3838
100.034 35.484
102.19 34.7692
97.7239 35.0014
99.1275 34.4057
99.4819 35.4202
99.6653 33.59
95.2443 34.7187
90.523 36.086
83.6444 35.7476
91.0253 35.0649
77.0028 34.6202
85.0275 35.6706
85.3347 34.5541
82.8118 35.5038
90.3841 34.7526
88.721 36.7504
86.4499 34.3612
95.293 35.4827
107.355 37.7883
96.4134 35.1517
97.3007 33.0964
93.4399 35.5005
88.9248 35.7553
87.5487 34.3406
101.426 36.9915
93.1845 34.8014
92.2869 34.5909
105.054 35.6205
100.29 35.9088
91.5588 35.2358
90.0958 35.1184
82.915 34.7139
91.2041 35.8921
76.1975 36.0064
79.2144 35.6595
86.4583 33.645
82.0307 35.0415
84.7683 35.0242
93.437 36.3348
85.7306 36.1838
75.9399 34.9975
80.6471 37.1866
89.9814 33.5286
95.0794 35.2902
85.696 34.8563
87.7584 36.4834
81.3159 35.6681
83.5153 34.7895
91.9064 34.8465
94.2873 36.8198
100.495 34.721
96.3459 35.3447
85.6636 37.181
85.6269 33.8644
88.5811 33.9662
89.1468 35.3349
89.6311 34.3723
92.1952 35.341
91.4627 35.3778
93.6875 35.4759
96.0209 36.5452
94.7854 34.8763
97.6167 36.6771
85.327 36.2173
83.6448 36.7771
82.4827 33.887
85.9374 35.1879
92.1971 35.0883
91.1111 36.5598
98.7644 35.4046
91.3989 36.8785
98.0837 34.4386
105.129 35.8342
108.105 35.7907
94.8893 36.4154
92.8907 34.7177
92.8907 35.6637
90.1709 33.3694
92.7254 36.222
92.7254 35.7286
89.2489 36.8904
78.0212 36.5703
81.2058 34.3533
90.7022 35.3831
90.2307 36.4188
101.372 34.0463
97.027 37.4452
94.8128 36.2869
95.4504 36.3093
96.7717 35.7304
90.7926 35.8408
90.1411 36.7798
86.8028 36.2283
82.3046 35.6753
91.1356 36.2785
95.8686 34.2031
100.246 35.0592
95.7536 33.5722
78.8011 37.0409
83.6829 35.6562
99.3924 35.3792
100.62 36.0328
96.7433 36.4192
107.4 34.4193
100.834 34.5889
91.6885 36.382
93.6115 37.3409
96.9017 35.3065
104.37 36.1723
94.9882 35.5153
92.5228 35.7547
80.7212 35.0466
81.327 34.0166
83.0969 35.2515
78.8072 35.1165
90.8195 36.5615
93.4319 34.812
92.9326 35.6821
92.5016 36.8435
90.957 35.423
86.1222 34.3435
80.8709 36.3784
90.417 36.3364
92.4272 37.0219
97.2045 36.2309
92.5668 34.6369
90.9553 33.8734
88.0106 36.5419
86.799 35.6838
89.854 35.213
87.6451 35.2717
86.5467 37.2903
83.9996 37.0269
92.121 37.0505
93.5704 34.8074
102.025 34.5684
90.0151 34.963
86.5236 34.0092
89.8883 36.352
87.557 34.6271
90.908 34.815
93.8275 34.2887
100.487 36.2084
83.6641 37.4784
93.2812 35.907
91.332 35.1024
91.2691 35.1119
91.2465 34.8793
94.0123 34.9224
95.2973 35.5964
101.492 36.4188
93.7821 35.4011
93.7613 35.1664
87.2789 35.0133
95.2666 34.9399
90.343 34.9495
84.7124 36.2087
84.6489 36.7905
84.6045 36.2864
89.7261 36.9615
85.6646 34.9385
81.7281 36.5559
92.5593 36.8259
104.153 36.4538
99.8318 35.0115
101.348 35.3266
99.7268 35.2916
94.855 35.8928
95.026 36.4624
99.524 34.3057
91.575 34.5567
86.7339 35.6583
89.696 35.6808
96.9578 36.4989
84.9956 35.8357
89.7352 37.5596
96.6068 35.8495
94.2311 34.6091
93.8478 35.0799
90.1477 35.2799
103.822 35.7383
94.454 35.374
100.23 35.0799
105.823 35.6515
103.295 36.9154
88.8521 36.6628
93.1873 35.6362
90.0264 33.9086
90.3813 34.7944
81.79 36.1361
88.933 34.5557
85.733 35.8649
86.998 35.0036
107.521 34.7533
96.5395 34.7778
97.7536 35.8667
96.7632 35.5153
95.7498 35.2604
90.9104 36.356
86.6131 34.928
96.8895 36.9595
95.4649 35.9499
88.7999 33.1198
81.6871 34.4675
79.2715 35.7127
79.2715 36.9676
95.3214 36.2333
105.797 35.0786
98.9156 34.6806
98.9156 35.392
102.766 36.4498
114.775 35.1114
111.066 35.5149
98.0878 34.3543
98.5252 34.2643
88.7952 35.5213
84.2945 37.9981
83.9079 34.1528
95.4753 36.8043
94.7285 33.7845
91.1684 36.143
85.3067 35.9472
95.1096 36.0051
91.7455 36.4026
100.718 33.7388
114.037 36.1382
108.99 35.9987
101.534 35.7786
102.232 35.9315
93.3544 32.6884
92.0316 34.1946
92.6223 36.2731
103.454 34.7139
102.646 34.0674
99.3929 34.6621
92.4721 34.2747
93.7779 36.1498
102.418 34.5728
100.743 35.5861
107.245 35.9603
97.6356 33.9175
100.771 35.0217
100.669 36.1873
97.3581 33.7713
105.914 33.9348
97.3665 35.5845
101.408 35.6046
104.989 35.5146
92.6579 35.7482
87.8572 33.8563
92.6624 35.7181
95.9645 35.3918
96.163 35.7145
95.1612 34.3587
84.9452 35.7648
89.4374 35.0142
89.8718 35.7156
89.8829 34.2692
97.9569 36.1145
106.725 34.3202
112.533 34.3357
117.772 34.757
112.369 35.0463
120.069 35.4086
113.592 34.0262
94.0941 35.2955
91.0937 35.8649
76.7862 36.3717
82.6864 36.9576
75.4461 36.4848
85.0716 34.2106
84.3526 34.839
94.1385 34.4353
89.0067 36.2563
89.0067 35.3329
92.937 36.2876
92.8685 35.0587
87.2504 36.7408
88.1759 35.7134
106.065 33.2654
105.711 32.57
113.653 35.32
115.083 36.2088
118.976 35.6042
96.3567 34.899
93.03 36.5865
116.96 35.6164
100.114 34.4194
100.767 33.5646
93.5891 35.3452
98.0084 34.5498
106.048 36.0331
92.8513 35.7056
83.9934 36.5249
88.8507 36.7405
78.0429 34.9187
84.6834 36.5301
74.4713 36.202
81.3994 34.93
73.1959 35.1026
73.1959 35.682
73.1959 34.7924
73.1959 34.6242
69.6643 35.9899
74.3989 34.5017
78.1605 34.9668
76.68 34.946
80.1427 36.5931
83.2783 35.454
83.5181 36.9841
84.9559 35.0243
82.9298 36.1488
88.0459 37.224
83.1789 35.4172
85.1094 35.1406
83.9608 35.621
82.9564 34.0904
81.6071 36.6979
74.8571 35.8877
68.3356 35.1301
71.5589 35.4414
72.8854 36.6024
85.9277 35.6152
82.7534 34.8533
82.8664 36.3117
89.9869 35.0331
86.3854 34.354
88.8377 34.2672
85.4077 34.198
82.4473 36.5324
95.6136 36.7151
91.8261 35.6047
99.3073 33.4274
96.2727 35.7768
105.583 35.4684
99.6538 36.9903
97.5392 35.7491
95.707 37.4602
87.738 35.6528
89.5174 37.3787
90.4126 38.2787
97.2898 35.2087
100.729 34.0532
86.6551 35.8295
81.9126 34.3814
80.3474 34.7304
86.2696 35.9563
85.1875 35.3872
90.7939 36.3278
94.5022 35.7322
90.9341 34.9833
109.306 34.7727
107.928 34.4372
104.758 34.8796
104.282 34.8127
104.539 35.6327
102.68 36.4426
111.398 33.9521
115.823 34.6389
109.947 34.881
104.191 35.0671
105.131 35.2958
115.621 35.6981
106.745 35.7853
98.1102 35.7675
100.368 35.4686
102.68 34.6253
98.2061 34.9504
102.543 34.2639
106.891 33.7742
105.489 33.8444
105.489 34.2392
99.7292 36.4682
99.9891 35.213
90.9991 34.7913
81.128 38.1431
81.128 36.3809
81.128 35.6332
76.8197 35.0451
92.5691 36.1344
82.0222 35.2652
89.3301 35.7648
124.142 35.5487
99.773 34.2868
97.2224 35.2972
108.943 36.2584
103.659 36.8283
102.113 36.8791
98.7737 35.7905
107.574 33.812
105.138 34.3195
103.532 34.8866
97.7003 35.1025
89.3673 36.2082
89.0415 36.217
81.6931 35.8407
88.18 37.1229
89.5011 35.8133
91.2402 34.8392
99.7589 34.5044
104.303 36.9246
94.8165 34.5911
88.8125 35.75
80.2958 36.803
79.9235 33.3579
73.5011 33.6512
73.5011 35.9946
77.7835 36.7441
89.0103 34.9573
89.0103 35.6896
95.6177 36.0924
95.1548 33.039
91.5736 34.4077
92.5919 35.6634
89.7652 34.8447
89.7652 33.6578
94.0338 33.9943
97.9015 36.1149
100.707 34.8981
100.707 34.7476
96.1162 34.787
94.1632 34.6341
107.831 35.0452
105.23 36.3593
92.1775 34.9078
96.1744 36.0251
88.9445 35.2698
88.7329 34.6803
110.071 34.9784
110.732 35.362
110.732 36.4628
110.732 36.1117
101.69 35.7775
100.079 34.2538
109.185 34.7201
89.3863 36.4207
89.728 35.2263
83.6815 37.3963
76.1883 35.8237
82.3956 36.0725
77.6165 36.0614
82.8416 34.6837
80.7204 35.8888
82.086 35.8551
79.3795 35.973
78.4983 36.0439
89.4898 35.6961
96.7661 34.884
88.061 34.9655
90.1638 35.4798
90.2873 35.3265
89.6694 35.5505
97.7434 33.2139
95.671 35.0192
93.859 34.1015
96.102 36.3644
101.703 36.0477
119.867 34.745
96.6407 34.5199
98.1677 35.3074
102.165 35.0079
101.569 34.7525
104.07 34.6526
105.81 35.4526
94.264 34.3136
101.017 35.0479
98.9623 34.6399
94.1678 35.5319
82.2001 36.0868
76.5944 36.7372
87.9657 35.3691
80.5231 35.7205
79.573 36.7927
78.6356 34.7496
78.4048 35.1489
84.693 34.6591
81.9549 36.6622
74.6454 35.3144
83.4527 34.6173
80.1204 36.1151
96.4922 35.3803
102.105 34.1001
78.0524 34.8105
74.6775 35.8257
75.2833 35.9812
69.564 34.6991
73.3518 37.8752
79.6478 35.1786
74.9315 36.7992
69.4576 35.7738
71.7579 34.565
74.6578 35.9015
74.6578 34.9432
73.3368 35.5551
76.078 34.773
80.3161 34.6304
73.3581 35.2156
71.6346 34.5881
72.957 36.2216
75.9517 33.4417
79.6579 35.5241
83.549 35.7594
82.0858 34.9506
101.695 35.1691
87.1387 35.6844
79.7699 34.9241
77.9569 35.3342
86.2299 35.9406
75.3679 35.4624
75.3679 35.6983
87.5774 35.432
85.8515 35.6681
90.8096 34.4256
96.5345 34.6989
89.5118 35.1935
92.2 37.687
111.696 34.8562
105.664 35.8958
93.6316 34.9477
90.3157 35.489
87.4035 35.4836
83.9916 35.4668
82.9265 35.9844
99.1674 34.3408
97.1627 34.6223
98.1118 35.2941
94.111 36.4755
90.7667 36.835
79.1113 35.1201
83.7399 35.0152
93.1038 35.4321
95.1044 36.8329
98.3528 35.9967
93.5293 36.0091
100.304 35.0848
98.5411 34.9
96.7564 34.4891
83.6624 33.4455
80.7992 35.6023
76.423 35.3003
71.9235 34.9341
72.4162 34.4198
75.8567 34.8348
77.2784 37.0389
81.6865 36.607
79.3156 36.0408
79.3619 34.6426
83.9542 35.1281
85.4397 34.1119
85.4397 37.4494
89.9695 36.2433
94.1631 33.9484
93.7254 35.9286
95.0828 35.5144
94.0037 35.3892
91.15 35.5286
88.1891 35.0108
97.549 36.199
98.2572 35.3544
96.8456 34.672
89.0304 35.2716
82.66 34.2678
91.6625 33.9405
82.467 34.3879
91.3546 35.6442
90.3943 35.9294
92.302 35.3016
94.1619 36.0404
90.8925 35.7637
92.6371 34.583
89.0211 36.4391
87.0053 36.4032
94.338 34.6617
95.965 33.1442
98.8935 36.0928
104.112 35.146
94.5591 35.3499
94.3392 34.5128
93.7978 35.3567
93.5023 35.5558
90.8857 36.0503
90.1281 35.8617
89.4235 34.7571
92.6171 34.1359
90.2698 33.9364
86.4 37.4971
86.7287 35.9697
85.6643 35.3295
88.7307 35.8476
90.5892 35.2906
89.5002 34.9807
89.0219 35.4342
86.2839 35.15
94.7288 33.9569
92.9483 35.9041
89.7381 35.3696
80.931 34.7633
87.4387 35.7995
89.3181 36.8135
87.024 33.9846
88.4224 36.5985
88.7796 34.6494
89.3282 34.9628
89.7505 35.8148
98.5203 35.1529
91.0607 34.7947
91.7686 34.6663
89.9997 36.3588
95.7409 36.0536
95.5918 34.4537
92.3127 35.8304
91.9589 36.6427
78.7613 35.1817
98.7476 35.2974
86.4111 35.5334
99.851 32.7236
94.6024 35.9773
99.7548 34.3033
93.9952 35.3324
93.9338 34.9693
97.0033 35.3059
87.7462 37.4572
82.5603 36.7001
83.7126 35.0537
75.0808 37.07
75.0808 35.9262
75.9507 36.0934
76.8726 35.418
78.4763 34.2688
94.3928 36.1546
86.8055 34.8466
90.7824 33.9406
83.3416 34.8693
79.5927 34.1009
78.7364 35.3521
77.2151 35.5507
79.372 36.4406
79.9493 34.5249
82.3179 34.465
74.2768 35.0836
64.7887 36.4481
81.3104 36.8139
79.8035 36.4566
79.8035 36.4565
74.4823 35.8894
75.0864 34.3679
77.3586 34.4408
76.8107 35.4836
75.8308 34.3524
85.7528 35.4223
95.0394 34.8739
97.5917 35.5044
100.643 35.4979
101.57 36.5402
93.8442 35.405
89.4553 35.2385
85.0236 34.7772
93.2086 36.4248
96.1378 35.5356
97.1838 35.5319
94.6636 35.8264
84.3536 35.8227
76.6427 35.175
83.6097 35.7273
77.1858 35.9553
79.1038 34.5749
74.2973 35.5679
81.548 35.4078
82.0876 34.5196
89.7624 35.229
75.6108 35.1546
84.7361 35.122
76.7844 34.7682
80.5129 35.4776
83.6267 34.116
82.9606 36.6904
87.1841 34.9485
86.7325 35.4807
85.1127 35.4959
82.0645 35.2254
77.8753 36.7742
76.1348 34.6953
80.2054 34.428
79.8166 34.1543
85.2779 35.3426
91.0436 34.0651
84.0289 34.4546
86.6578 35.219
86.9476 36.945
88.5844 35.4698
83.5073 36.2334
77.2323 35.444
92.6541 34.7727
102.395 35.5166
102.134 35.1101
103.1 36.6438
106.924 34.9082
106.924 34.7172
108.097 36.8317
94.0701 35.6606
92.8293 35.5746
92.8065 34.9828
85.7513 34.9853
95.7515 36.8088
105.565 35.1537
105.565 34.4763
95.7275 35.8994
110.158 35.7975
99.7864 36.1816
93.2204 35.2446
96.672 37.4059
81.9948 35.0761
79.7951 34.7314
82.4141 36.1389
93.6026 35.5528
103.335 34.1138
103.335 34.4459
90.897 36.336
103.387 35.3514
98.4466 35.7616
91.1481 34.9803
99.6865 34.7788
102.393 36.6794
88.5878 35.8645
83.8801 34.5716
83.8801 35.9626
87.9424 34.6705
87.9424 35.031
83.6962 35.9092
78.8113 35.3215
87.0757 35.8493
82.7219 36.8548
82.7219 38.1088
88.8009 34.0956
79.6931 34.5292
92.5157 36.2564
90.9432 36.4806
88.8364 36.2339
78.6532 36.4462
87.7437 35.486
85.4103 33.0691
87.1001 36.1445
84.8759 35.5323
89.9256 34.7998
88.6258 36.4952
88.0766 35.1086
84.8895 32.1985
88.5109 36.0291
85.0925 35.1917
85.3144 35.5419
82.2298 36.2414
83.0763 35.2557
87.4162 34.7916
86.8148 34.6289
92.7549 35.8089
86.0794 34.6216
91.4589 35.5583
87.0105 35.161
73.6256 36.7407
76.9258 36.7298
87.2599 35.4881
88.2998 35.7308
95.6232 34.4358
89.0091 34.775
84.3904 35.0482
82.8886 36.4648
79.4412 37.2982
72.4739 37.1355
69.634 35.2846
73.4861 34.7155
72.2231 36.1155
80.7041 35.5238
84.6116 35.5465
80.528 35.9761
76.224 34.525
80.7461 34.5914
78.1897 35.4599
78.0952 36.026
68.5366 35.509
75.9841 34.3469
72.3873 34.5358
72.3873 35.1626
75.4145 35.4896
76.0498 35.4773
82.3732 35.6397
85.6232 35.8076
84.8868 36.1182
95.7402 34.7412
93.3459 35.4271
88.122 34.645
98.0242 36.2794
90.1642 36.7216
89.1447 34.4289
93.6195 36.5511
92.0482 33.8832
89.5388 35.1093
95.7944 35.1157
100.528 36.5095
95.8621 36.1918
107.004 35.8938
110.47 34.1603
108.028 34.1789
100.816 34.4039
98.5405 36.1733
104.092 35.3505
111.079 36.6005
110.683 35.38
110.683 36.4816
110.683 36.8878
123.866 36.2631
125.098 35.5281
123.699 34.8526
112.434 36.159
120.478 35.9928
124.447 34.799
138.154 35.1644
132.088 34.0125
132.139 35.1606
132.139 32.3112
132.139 34.9854
132.139 35.5496
123.336 35.5324
118.464 36.0422
131.135 34.1103
131.135 34.1634
124.901 34.031
121.082 34.4755
117.599 33.2549
117.599 35.3947
112.957 35.0181
102.691 35.6105
102.691 35.6012
102.691 35.1012
110.468 33.4478
103.098 35.1753
95.7292 36.0343
94.1135 36.1727
91.9562 34.3929
87.4397 35.271
87.4664 35.8213
83.4876 36.2353
86.7413 35.0634
89.7752 34.4323
104.924 34.8957
103.251 35.739
109.93 35.5618
87.4186 35.6927
87.2094 35.6664
90.7324 35.2438
109.429 35.4706
95.204 35.5842
76.7805 34.6462
90.7318 35.9424
87.3732 36.5663
94.5141 36.4605
84.9666 37.0522
84.3117 35.6239
78.5676 33.7554
78.5676 35.1449
73.9115 35.4578
76.5258 33.9621
77.587 35.4446
80.7905 35.7773
86.2691 34.9496
89.6746 35.3909
89.6537 36.0717
89.2449 36.1042
89.9677 35.8164
84.404 33.9842
86.1417 34.266
87.3808 35.0248
87.0699 35.2528
89.1665 35.3141
103.539 36.2005
100.396 34.2447
92.2366 37.1614
85.8801 35.0894
90.0319 33.4016
98.8736 34.3896
95.809 36.1321
95.0303 33.7278
94.9145 33.7282
94.9099 33.6153
94.9052 34.7202
94.9071 36.5594
94.8888 35.5104
95.2952 35.1592
92.5377 34.1641
103.446 36.5915
94.8124 35.7426
93.9354 36.1653
91.0544 35.2978
92.2159 33.7858
92.3301 35.6308
93.1091 33.7255
92.9492 33.0029
90.4632 35.1586
87.1858 36.7689
93.8626 35.3863
88.5049 35.3898
83.136 33.7235
84.6245 34.8329
77.9223 36.8436
79.5228 36.1464
77.4275 34.8282
78.6956 37.0419
81.9252 35.7228
87.5821 36.5768
92.7489 35.7297
100.94 36.2622
90.8372 34.0003
85.7441 35.5408
92.8504 33.9944
78.535 36.2805
86.2099 36.5787
82.7223 37.064
82.3519 36.0623
93.0018 34.9531
96.4374 36.6208
89.4614 37.434
81.7868 34.9215
82.091 36.9683
90.8649 34.8306
89.136 35.8239
88.0144 37.8669
90.2779 34.9398
81.7523 35.0148
83.7823 35.6315
87.2247 34.0019
85.522 36.3911
83.7253 35.2562
88.2082 34.9282
94.4418 34.3262
89.802 33.7138
100.032 35.2642
97.3106 35.8289
96.8508 34.2604
104.244 36.1768
100.883 37.2491
97.9441 35.7561
94.4522 35.4462
90.1293 34.9879
89.9763 34.5418
89.2471 35.0244
86.9873 36.6001
89.377 36.2436
77.9826 35.3738
88.9172 35.5396
95.6875 35.1299
92.4708 35.5013
94.4891 36.2495
99.7938 35.0993
102.942 36.1992
103.146 35.0108
92.1409 35.4659
96.8168 37.7837
98.8844 33.9855
90.3062 36.0011
103.51 35.7827
107.727 35.3678
93.2463 34.4897
93.3115 35.0529
90.1719 35.9231
107.775 35.4604
109.186 35.5853
111.127 34.9526
107.796 35.3412
112.698 35.4731
120.679 34.5865
115.826 34.4439
100.278 32.9356
105.939 36.6674
107.331 33.4857
107.324 34.6698
107.648 35.0735
96.6661 35.412
104.333 36.1235
111.056 35.4683
88.345 35.0569
107.308 36.0374
105.092 35.4786
100.297 36.783
98.6627 36.256
89.1581 35.4601
86.3341 35.0069
89.9459 34.9875
96.0865 37.9613
101.121 35.8082
98.3597 36.594
92.0409 33.5502
98.3793 34.1176
88.2561 34.7744
81.1138 35.9094
87.8286 34.9191
84.3811 35.8841
81.081 35.8971
78.9645 37.8842
80.0225 34.946
81.1827 34.4369
81.7506 35.1968
81.052 35.6155
92.6898 36.2568
104.086 34.5099
116.002 34.991
119.347 34.5246
115.456 35.6925
114.403 35.6247
103.806 34.4626
98.3481 34.9816
97.5436 33.808
85.7679 35.3882
86.8845 35.2025
90.754 35.5429
84.7591 35.8464
91.2142 36.3421
80.5641 34.6551
78.2178 35.9217
107.297 35.4247
92.247 36.6653
90.688 37.4017
100.429 35.7721
95.8704 36.3731
97.9686 34.3513
97.9096 37.2631
97.7736 35.8688
97.6228 35.7526
88.0893 35.9369
90.358 35.3965
109.259 35.2518
93.0687 35.3206
95.8551 35.8367
98.3171 36.094
94.7796 36.0501
106.926 35.1443
105.67 34.1957
100.133 36.2598
92.657 36.6318
124.202 34.894
92.0539 35.5038
95.5479 34.9488
105.819 34.0049
112.262 36.7548
113.158 35.3703
108.062 34.7082
102.439 34.4815
90.3214 36.1663
89.9268 35.9649
92.9524 35.0929
94.9427 34.7552
92.8021 34.4589
88.5621 37.236
83.1 35.9985
92.8608 35.5381
87.5676 36.0778
109.423 34.0735
108.953 35.1305
94.7829 34.0142
102.663 34.1426
110.615 35.0649
110.934 34.2357
109.013 34.4089
110.351 37.908
111.124 34.3165
101.312 34.1281
103.248 34.2334
82.0808 37.107
82.5092 33.8329
89.7109 37.374
90.3945 35.0726
86.1148 35.5289
83.6965 36.53
91.8865 34.4669
98.1784 35.0531
98.8929 36.1386
96.5913 35.5612
89.4872 34.9208
87.2905 35.7651
84.6218 35.5688
78.5927 35.6964
80.8496 36.6959
82.1862 34.6277
77.9787 35.5953
81.1506 35.3173
84.1519 36.4278
84.8143 35.9808
83.5028 34.5748
83.1627 34.0544
95.936 36.098
90.9002 35.7704
97.7817 34.0195
93.9556 36.0717
97.0543 35.8393
104.233 33.7065
104.233 35.3137
100.473 34.9617
104.635 33.4909
95.038 35.519
96.0909 38.1175
94.5686 36.1194
92.4463 34.5147
93.1884 35.1309
93.6138 36.1849
95.1266 34.5783
96.0492 33.8992
91.6287 35.9445
77.4403 36.7475
80.6635 36.1341
83.3782 34.906
79.3341 35.034
74.2872 36.9754
72.5557 36.3579
85.818 36.057
80.7906 35.3798
84.1896 35.5251
88.1532 34.8965
91.085 35.2516
86.8148 36.1786
78.8786 36.2379
80.6033 35.7423
90.6338 35.8
92.9081 35.4709
104.192 35.9906
96.1634 34.0335
97.2128 34.2935
100.545 35.3559
94.8208 35.4853
87.4356 36.8351
81.1113 36.1131
75.1564 34.4108
73.4617 34.1735
81.9044 34.2916
75.5283 35.1955
73.8521 36.1563
77.899 35.814
77.7226 34.2708
79.0725 34.9809
76.7972 35.6155
77.1396 36.3681
79.0951 35.5556
71.742 35.2064
69.6952 34.8434
76.7685 37.303
81.5304 33.7705
85.8233 35.2389
82.1053 37.3249
85.9853 36.4021
73.1957 34.9059
72.7604 35.8213
78.6814 33.3103
81.6032 35.7588
81.6032 34.9323
78.0721 35.2966
85.0065 35.8677
90.0704 35.548
89.9305 35.1954
96.6624 34.6949
83.4907 35.3419
84.0151 34.3508
81.2469 36.8912
77.7748 36.0356
88.9533 33.9703
97.9799 33.1242
85.9467 36.6246
90.5019 35.8619
95.6962 35.8264
93.8 34.8748
87.9475 34.3193
92.1914 34.9069
91.9718 35.0012
93.1469 36.0647
92.0435 36.3318
102.372 34.4755
100.859 33.6119
92.8605 34.9463
92.8605 34.8757
106.766 35.7147
80.7626 36.6627
93.574 34.7266
96.1089 35.6426
84.7677 35.8151
81.1547 35.0862
85.8272 35.1918
78.4383 35.3234
82.9397 34.8652
78.7556 35.6423
84.3838 34.0098
81.1471 35.2271
89.3276 33.3759
82.6592 36.2007
86.1518 35.1822
84.0204 36.9064
84.2225 34.3735
74.3547 36.4808
70.5756 35.9188
81.2579 35.6442
90.3755 35.8655
79.6512 34.8653
74.8407 35.1713
84.1187 36.2905
90.6068 35.3366
86.9934 35.7643
80.5484 35.7833
80.4999 35.3542
80.4159 34.8882
87.1915 34.4891
78.4707 35.2816
114.091 33.3553
103.932 36.4889
100.148 35.2531
84.9077 36.1649
95.3001 33.1516
74.5232 33.8464
86.173 36.1889
97.7011 36.4351
94.4796 36.3477
87.4128 35.9449
85.8967 35.3875
87.8946 34.7353
93.5257 35.5733
100.329 35.293
94.2443 34.3406
91.9251 35.7346
94.2063 36.1367
88.2013 36.3357
89.9484 35.8611
93.9575 36.4862
97.7019 34.5829
94.3748 35.443
99.725 35.7241
115.376 33.7767
100.025 35.5254
104.666 35.5123
94.6959 35.3976
93.3894 35.5497
100.577 35.0047
96.9223 34.6166
99.322 33.0405
101.357 34.3035
108.435 35.5875
107.586 34.4096
111.482 34.6891
102.7 36.9662
110.062 34.7237
88.9907 36.5466
91.5355 34.9462
90.8851 35.9187
93.6581 35.6197
92.4038 35.3453
88.0346 35.3656
82.2534 35.3769
82.6027 35.3722
92.3649 34.8078
91.143 35.4074
89.4432 34.86
87.2134 36.4109
85.8319 34.0496
84.7194 34.1834
95.4541 34.487
97.0766 34.4577
90.8332 36.274
75.4439 35.9301
77.3849 35.5084
81.8825 38.0401
72.5212 36.6775
86.2091 35.9474
81.6566 34.6842
98.5573 33.6781
101.064 34.5158
97.5763 35.2999
90.4457 35.7308
83.4565 36.3114
79.2956 35.407
87.3351 35.4311
93.3917 34.6758
87.1914 37.8596
81.5882 35.7799
92.7386 35.5262
100.526 35.4107
100.454 36.1696
108.173 34.7658
106.615 34.5298
107.307 34.5983
92.7949 34.5647
83.8498 34.6886
93.1285 35.1733
95.1028 35.033
98.4752 35.2051
96.8863 34.9249
94.459 34.7517
106.072 35.0432
107.802 33.867
106.879 33.8575
108.393 33.8907
110.177 34.73
108.474 34.2697
102.505 34.8255
97.4984 35.8039
97.319 33.8972
97.4487 33.2107
100.778 35.4452
94.8132 37.8427
91.1031 34.7459
86.9631 37.4574
92.178 33.9391
93.7299 34.5468
97.9181 36.439
98.2987 32.9261
95.0325 33.5937
97.6145 33.8702
94.5518 35.6685
83.5706 35.8128
92.9762 35.4829
94.2169 34.2036
111.33 33.9895
92.7332 35.8248
93.2661 35.8344
85.6533 35.9996
80.8292 33.4914
76.9755 36.12
84.8511 34.3682
93.342 35.9646
92.4376 33.7637
96.5593 32.7293
93.7116 34.3393
92.1412 35.7365
99.795 35.1602
88.0237 36.1347
93.562 37.3452
92.5563 34.0049
93.617 34.2779
93.6396 34.5079
94.5907 34.533
90.536 35.2314
96.2755 36.8586
92.067 35.3091
85.4177 35.2607
94.6248 36.0756
94.0995 35.4277
91.6378 36.3541
92.7873 36.0616
107.395 36.1089
83.5937 36.0854
86.7628 34.4707
90.0861 34.1059
81.1662 36.2201
84.5072 36.2268
89.0677 34.9725
93.7377 36.1081
96.0379 36.1002
97.6622 36.2001
97.6622 36.0225
89.7849 35.4232
98.052 35.33
95.3727 35.6042
93.6808 35.6089
98.4496 35.3892
108.159 35.313
92.7548 35.8615
85.5867 37.0689
81.8879 35.2932
95.9519 35.8104
94.68 36.0171
77.2631 35.8676
88.4957 34.0535
92.4803 35.2723
91.0834 34.3972
92.0318 35.2354
96.0142 36.134
97.9388 35.6961
99.2079 34.3089
94.5776 36.3983
82.9244 36.3914
82.0496 34.6757
81.1303 35.9468
79.5818 35.6823
77.8685 36.8817
79.5515 35.259
78.6675 34.6015
84.5452 34.3214
86.1764 34.9053
75.1709 34.6737
77.0777 35.1284
72.1753 34.9433
71.4832 33.8498
81.7422 34.6485
86.7866 35.7151
90.7243 35.7178
92.1946 35.0018
87.9211 35.5686
93.1899 35.105
89.5929 35.9309
105.904 36.5233
111.668 34.4937
111.396 33.9288
109.945 33.8868
113.368 35.0799
110.149 36.0548
99.0795 37.1773
95.5297 35.3993
104.833 33.3465
98.6306 34.3723
97.5814 34.1139
99.625 34.3754
96.3945 35.2902
96.6538 35.3115
103.465 34.8384
104.371 35.8878
103.052 35.9502
90.8331 35.6784
101.056 35.6554
107.525 36.4257
105.656 34.5492
99.5987 36.4781
106.363 35.8272
91.1985 35.9751
109.228 37.1237
111.082 35.1743
108.981 35.8953
116.934 34.6661
113.377 35.7258
116.869 35.8005
119.491 33.5141
119.491 33.9229
119.016 34.9114
120.922 36.6379
115.198 36.9358
120.714 34.2539
120.714 35.3523
121.032 34.2306
108.505 34.5357
102.452 34.2902
93.0747 34.6569
88.8198 34.7513
100.363 35.5024
93.322 33.8392
89.8539 34.7307
89.8539 35.0068
89.8539 34.9093
93.2606 35.3728
93.711 35.5845
96.4569 34.5545
68.6558 36.0946
76.6458 36.1953
85.4656 36.0595
85.6392 36.1031
82.2459 35.9739
84.9981 34.0961
84.6765 33.2058
84.4471 36.8851
86.1514 35.4954
94.9889 35.6073
95.4098 34.6613
98.3633 33.8644
100.958 34.6013
97.6094 34.7764
104.178 36.1307
105.198 35.7069
113.014 34.7919
92.6823 35.4839
98.1777 34.4549
90.7275 32.9042
82.7921 34.6714
79.9962 36.4968
84.0694 34.2499
73.8503 36.843
83.8069 35.0248
82.98 36.6532
87.3494 35.663
82.5374 35.3365
80.5813 34.9999
79.8073 35.8395
81.0568 38.0667
78.8241 34.6675
75.233 35.9089
67.1219 35.5602
65.5098 37.0209
70.5373 37.0869
73.2921 34.9588
74.6739 35.4784
67.1729 36.1064
66.3511 36.2706
66.3578 37.2912
66.3578 36.5619
66.3578 37.3834
75.9716 35.8256
81.6915 37.3716
89.676 34.9139
78.6936 35.9959
77.9106 35.6417
77.3748 34.765
68.11 35.5605
68.11 37.0651
67.975 34.2968
70.4622 34.7351
64.054 35.434
64.054 36.8349
86.3384 36.208
82.4936 33.2343
82.4936 36.7284
80.8116 35.7944
77.8427 35.9247
82.5687 36.1497
74.5923 36.2603
85.296 34.8785
88.06 35.4051
94.2233 36.4724
90.0001 36.9902
87.015 35.2563
90.3873 36.1932
94.3415 35.2955
83.7239 34.5219
86.3486 34.7159
92.2944 33.9536
97.0567 33.9668
91.4356 34.9322
90.6333 35.7155
95.2841 35.3471
93.9599 34.1276
89.6118 34.8443
89.6496 34.594
95.753 34.0813
97.9803 35.5187
96.2374 35.3889
86.6626 35.0387
89.0554 34.7328
91.4758 35.5212
85.4703 35.6454
81.542 34.7196
86.8669 34.8845
95.3704 36.5493
86.3688 35.1161
90.3592 35.1945
89.534 35.9041
89.6981 32.5467
85.7611 36.3675
90.0476 34.3946
95.3621 36.281
86.41 35.2316
89.8766 34.0587
91.9122 35.161
87.1729 34.5079
87.1047 35.6834
86.3917 35.4366
87.334 35.2462
81.3082 35.6562
83.8586 36.3679
86.3214 34.3707
88.4977 35.2638
97.0505 35.3304
86.259 35.7464
105.103 37.0252
96.1921 34.5496
90.2251 34.9052
88.9698 36.0621
83.0901 35.9596
85.1013 38.4046
78.8989 37.3049
80.4763 34.6276
82.837 34.1812
86.9147 35.2265
90.3273 36.2676
87.0294 34.8789
82.033 34.5241
75.5934 34.5564
83.0817 34.8451
83.0451 34.9997
83.6305 35.6426
86.8011 35.2053
97.0964 35.93
94.2332 35.6385
91.0223 34.4154
87.7815 34.8298
87.4147 35.6817
103.943 35.3857
121.292 33.5219
129.656 34.7264
128.22 35.1981
122.498 34.1358
112.827 34.0279
106.13 34.2751
100.805 35.0289
91.7589 36.0208
97.6002 35.7112
100.256 36.161
107.89 36.0168
105.003 33.9879
103.413 35.9488
99.0023 35.7562
87.7467 34.6774
80.9443 34.7399
83.4419 34.1365
82.7803 33.9749
84.2061 35.7722
90.4666 34.7855
83.1989 35.5866
93.9277 35.7522
88.9827 35.1337
92.9864 34.0137
97.1447 35.3292
79.7518 36.4555
93.5583 34.1066
92.8086 35.9417
98.8197 35.0243
81.5262 37.6893
77.42 35.4753
82.8144 35.3879
90.9393 35.9345
86.1354 35.554
84.5641 36.1789
77.8187 36.0769
73.8198 35.5186
78.2825 35.5187
77.7007 34.6769
68.8963 36.3352
74.5578 36.0277
84.8871 35.1113
84.8871 35.794
73.0277 35.0821
83.0146 35.8827
81.0521 36.0875
80.4537 35.4834
91.4649 35.8886
93.4588 36.0569
89.459 33.6246
93.808 34.6104
85.5346 36.3333
90.1384 36.4429
88.6879 36.9288
92.7048 36.2887
94.9523 34.927
102.938 33.2834
95.1446 35.9257
94.6656 35.8891
98.1191 35.8972
105.531 33.6746
105.208 33.8434
101.097 33.2312
91.1811 33.8157
78.661 35.5988
81.6091 36.0448
90.5042 34.0465
85.5226 34.6716
82.2219 35.0518
80.6029 35.1099
67.905 35.0596
72.0158 35.4684
69.0079 36.2671
66.3327 36.7094
64.804 35.6165
64.804 36.0716
67.7431 36.1713
64.7803 36.4
73.861 36.7259
71.9571 35.2925
73.3033 36.3027
90.1017 35.4559
89.1461 35.1852
84.654 34.1307
94.7799 36.2797
94.4271 35.6362
91.3155 34.6961
101.201 34.4705
103.45 35.4629
103.718 35.4392
106.149 34.9874
98.7152 34.7601
98.3941 36.7069
92.3587 36.1108
99.6817 35.0888
95.9043 35.3045
101.2 35.7987
92.5153 35.6633
99.5958 35.013
111.977 35.795
102.623 35.336
105.588 35.1084
84.1909 34.9774
92.6789 34.9529
91.017 35.345
88.3507 36.533
95.2463 35.6075
97.3669 35.4048
92.5215 36.5281
96.7923 35.9485
94.6134 35.7607
89.1444 36.5702
92.4133 34.4959
85.6092 35.7776
73.7623 36.9966
74.4431 34.7298
79.9162 34.4548
76.0169 34.6835
69.6619 34.3404
69.6619 34.637
69.6619 35.0561
61.8161 35.2794
64.678 35.9178
64.678 35.4345
81.2948 34.961
83.0653 34.8304
83.1894 35.4777
89.9834 35.9641
102.089 35.0383
84.9966 34.6361
82.1766 36.7444
78.3132 35.6112
79.7095 35.6447
85.1718 35.4267
84.2289 35.6682
82.6719 37.2662
85.9083 34.396
90.6205 36.3586
86.9034 35.4712
80.2827 34.6682
80.2097 36.1368
80.2097 34.4148
78.6917 36.6275
92.4458 35.6953
94.9766 36.0381
104.116 35.5665
110.765 33.7133
99.1808 34.6953
90.9642 33.7567
95.8303 34.8357
95.4334 36.4128
89.9875 34.86
88.0701 36.3222
90.9343 35.225
92.4338 35.7613
87.9016 36.4071
85.8516 35.7671
87.7582 33.9867
103.219 36.1744
102.911 35.7401
90.7564 35.2108
97.7675 34.2034
92.1687 35.1154
90.2341 35.4298
89.5492 35.9432
77.9971 36.3611
86.0392 36.2653
81.5774 36.8848
85.098 32.834
86.473 35.3571
84.7588 34.5549
90.7941 34.5419
88.3612 34.416
91.8518 33.8642
88.4311 35.1951
88.1096 35.2501
87.7091 32.7898
94.8294 35.0282
89.8113 36.7198
89.9531 34.8828
87.3262 35.2467
88.7534 35.7534
91.8916 35.4385
87.7555 35.3422
70.5876 37.2592
80.843 36.1366
73.1491 35.5397
73.5838 36.1767
75.5889 34.6901
75.9962 34.6401
75.3544 35.2342
80.7234 35.4528
93.3165 35.1241
85.3545 35.1602
85.4519 35.3403
94.94 35.4842
80.817 35.5911
85.238 36.0127
81.2667 36.3575
82.4567 33.6779
74.359 33.9676
71.9579 34.9068
78.1252 34.6841
77.3676 35.9833
86.0343 35.8
84.0183 35.7866
86.8911 34.2765
80.2271 34.2271
85.3608 36.1774
95.4213 32.1051
98.6619 33.9145
91.1608 35.1795
88.1803 36.9877
86.9737 34.9171
87.4631 36.9543
86.9196 34.1784
72.3125 35.1491
77.5007 35.1555
77.8872 35.9534
74.1022 35.3075
72.5668 36.6376
68.198 36.3765
73.2998 35.7258
72.8101 34.7218
72.8021 35.1869
74.188 34.8599
75.5158 34.3198
75.6121 35.1187
75.2922 36.3052
80.2414 36.7002
82.7983 34.9681
95.3032 34.951
91.7464 35.1057
97.2757 34.9664
84.9226 35.207
88.3099 36.3645
107.094 33.0739
99.6782 34.7729
100.52 35.9034
108.021 33.8398
92.9978 35.2331
89.4849 35.555
83.4484 35.2826
95.481 34.66
96.2191 35.0268
98.1272 34.2065
88.6564 35.7246
96.5196 35.8262
97.8444 33.4778
93.3006 33.6134
95.5351 34.2352
88.9633 35.8368
89.4074 35.1497
94.9555 35.4993
90.7721 35.1708
91.5957 33.7538
97.4165 33.566
99.6959 36.0985
88.4285 34.3135
96.3019 34.5679
100.853 34.8041
101.31 36.0917
86.7539 35.2247
88.2584 36.7505
92.7184 36.0514
96.5101 34.4226
103.172 34.629
101.918 36.3692
109.622 36.1057
103.555 34.7769
104.133 34.5252
102.734 36.8333
110.19 34.8865
110.667 34.8788
110.667 35.5362
97.7469 36.3982
98.7395 35.1143
101.186 36.1713
103.777 35.3991
101.157 33.9994
95.7753 35.4281
98.2864 35.5148
90.1908 35.3031
87.5595 36.0294
91.1899 35.6415
85.545 33.3538
81.6199 34.3963
88.6935 35.4254
81.2031 36.3611
88.0869 35.7066
92.2999 34.6646
90.7883 35.1162
82.5653 35.5765
89.8566 34.6485
87.7698 34.4403
88.1798 35.6219
81.6787 35.6257
89.1843 35.816
90.6734 35.7072
85.1781 35.154
78.8553 35.3025
79.6321 35.6063
93.4129 35.1823
100.197 36.3292
91.3182 34.9451
90.3213 35.7366
102.327 35.0763
100.213 36.0018
88.4415 36.9643
89.3838 36.5324
88.5601 35.4733
90.2145 35.5339
91.3425 35.5144
95.7574 35.0539
95.3553 34.6331
102.579 36.0964
99.1568 35.2485
94.887 33.5121
84.2093 34.8297
90.0531 36.2529
95.4209 35.4474
96.0977 34.3908
98.2732 33.8773
95.042 36.0255
94.4231 36.073
94.3818 36.5983
95.531 36.2842
103.6 36.1198
93.7822 35.3108
92.3139 35.6923
88.4845 34.9268
82.4503 33.3033
79.4319 35.8421
89.055 36.3038
91.5723 36.2928
99.0056 34.0784
105.608 34.8321
98.2001 35.7039
93.2129 34.2289
85.8014 35.3899
87.4936 35.6557
84.48 34.5297
85.0489 34.7823
84.594 36.0154
76.4953 34.7156
80.1287 35.6882
84.3479 36.8964
90.8582 35.2667
89.6429 36.7767
93.6934 36.6083
90.2025 35.2049
90.1891 34.6888
97.6617 34.6792
92.2497 35.7112
80.2109 35.6476
78.776 35.794
84.2967 36.1058
80.6251 34.4553
73.036 34.7869
77.1673 35.937
78.781 33.9288
80.7576 35.034
82.4184 35.8345
79.4119 37.3035
89.2371 35.2687
84.5826 35.3584
89.4069 35.797
84.9515 33.6896
100.592 36.3591
99.1342 35.375
83.9695 36.2494
100.146 35.2681
103.305 35.7954
90.1812 36.8543
96.9857 35.793
91.5351 35.5421
97.9099 36.4818
107.185 36.606
108.311 36.451
110.398 37.2021
109.277 35.6754
87.788 35.2054
92.8744 35.6955
92.9242 35.1962
92.3756 35.8446
87.9327 35.0337
91.7881 35.8712
89.5848 37.4067
90.7853 34.6242
94.2941 35.5017
88.9004 36.134
80.6208 35.9643
82.7424 36.8445
83.1854 34.1888
84.9224 33.9636
83.6883 34.8476
86.651 34.2187
92.9587 35.7437
94.1088 36.8364
97.0762 35.4648
97.0762 35.5655
82.4535 36.5852
88.2496 35.4278
93.3453 33.5703
85.8138 36.062
88.8675 34.9007
98.1141 34.6287
101.24 34.4386
106.642 34.8163
107.744 34.1018
98.5181 35.3098
98.6918 36.5248
103.697 35.0771
119.574 37.309
109.172 36.982
94.4676 35.3923
91.4737 35.9921
92.0151 35.4547
89.2591 34.439
87.3575 33.9745
82.0641 35.811
80.7685 36.2202
81.9367 35.0405
82.2127 35.3733
81.2514 34.8178
84.4317 35.8877
82.1092 36.3486
83.372 34.4061
84.1353 34.3172
87.2851 35.9896
88.8762 35.0619
81.2702 33.8748
91.1798 34.2962
95.516 35.3677
103.155 34.9061
103.002 35.2534
99.4693 36.3736
97.2485 35.6945
96.1878 35.8093
103.534 35.5849
97.2569 34.912
92.2951 36.3448
87.4737 35.9874
88.1982 34.414
83.5418 34.1714
86.2311 36.0842
83.0311 35.3494
81.1654 36.0232
75.5171 35.7061
73.3143 36.2039
74.3231 36.4091
74.3231 34.8376
85.3348 37.2376
84.3085 35.13
85.423 33.49
88.3477 35.0786
90.8677 34.48
87.5512 35.6345
86.444 35.0126
84.5225 35.4904
81.501 36.7899
78.4483 36.0572
98.3611 33.0179
104.128 35.6724
98.5892 35.5235
94.44 35.0007
101.642 34.9942
97.418 34.8179
97.6341 34.6848
104.802 33.7368
97.9046 34.496
103.613 35.1126
97.4404 33.6128
88.6591 36.2543
90.657 36.8721
123.873 33.9821
105.651 34.4864
105.651 34.6333
95.9721 34.7147
94.5844 34.6569
89.9775 35.0147
89.7634 36.0885
99.196 33.7454
94.2296 33.5381
89.7554 35.4172
84.505 34.8295
80.7685 34.5884
82.5016 34.9385
85.4015 34.9421
82.0889 35.5331
81.2904 35.8129
75.0343 36.0528
94.4517 35.9152
102.875 35.8344
93.9434 36.3278
101.476 35.7383
96.7968 36.1646
99.6193 34.5697
91.018 34.9842
78.1536 35.2597
78.096 36.0982
79.9552 35.3013
88.6263 35.8
92.9488 33.6527
86.448 35.8308
85.1034 35.3624
73.6433 36.1762
80.7324 35.3499
84.1927 35.076
90.2437 35.8985
92.613 36.897
82.5395 35.1494
86.2909 35.4575
86.6609 35.4229
86.5089 35.4863
76.8787 34.5532
76.9365 35.5815
85.1759 35.9152
78.8171 35.2577
78.2396 34.7605
79.5174 35.2738
73.4747 36.0585
85.9256 34.5898
83.949 35.4451
81.8365 35.73
81.4482 36.4759
82.7786 35.4132
80.1119 35.0733
82.7139 36.8671
76.6752 36.1609
77.4795 36.4838
87.5481 36.7327
87.3449 34.6032
93.0524 34.9778
94.5702 33.3516
100.805 33.8266
112.841 34.8461
105.928 33.9548
91.7854 34.681
96.6753 35.4699
94.0785 34.2289
94.2193 35.8144
95.43 37.4823
103.075 36.0693
120.731 35.0451
97.3797 35.4067
78.6723 35.1811
77.3565 34.5571
79.9146 34.8045
85.7577 35.2103
82.5099 36.416
83.6389 36.7825
93.2445 34.5567
94.6506 32.8813
94.7941 35.075
86.1014 35.3611
96.2069 34.3697
104.374 35.2427
99.2743 36.4392
97.9432 36.0691
102.504 36.9544
97.0857 33.3574
102.532 35.2447
98.3981 36.4547
97.4278 35.4724
94.5466 34.9209
92.1022 35.8243
94.6188 34.5525
92.4897 35.5084
103.464 36.4858
99.9998 35.6083
107.816 35.8634
101.286 36.0967
110.501 34.7498
108.237 34.6112
102.275 34.5028
106.506 33.8048
108.051 35.0705
97.3474 34.7321
98.5923 34.4829
91.7829 35.465
92.6497 35.5315
83.762 35.3805
85.0727 35.7704
83.3362 34.2616
78.1784 34.3186
74.8714 38.4138
77.2813 33.9832
81.6626 34.3439
88.8736 34.7496
86.0302 34.1456
86.5005 35.2716
81.9943 35.8387
79.4593 37.2609
87.2014 36.5682
86.4318 35.6541
80.7904 37.0301
86.3009 34.4898
81.3017 35.653
88.1051 34.7751
99.7276 34.6728
106.072 33.0532
85.7653 35.8372
93.2985 35.1061
90.5861 36.8787
89.2336 35.8367
88.6312 36.0841
84.555 36.5595
86.8103 34.694
89.1088 35.0178
97.5034 35.49
93.5461 34.15
102.603 35.0842
87.8305 34.5209
90.4341 34.4449
88.9716 33.994
93.8652 33.7806
91.3469 34.2174
81.2158 32.4986
73.4286 34.5132
70.6573 35.4641
67.2266 36.839
63.5144 35.5533
67.6343 36.4534
65.9828 36.3849
61.5536 34.7919
63.8096 36.4358
63.1562 35.7586
73.7929 36.6146
74.1873 36.2671
77.5522 36.1912
77.3945 36.247
75.4337 35.3072
78.5018 35.4784
81.674 36.144
80.0153 36.7607
84.9947 36.1331
84.5542 36.2754
110.497 33.5539
107.664 33.3366
103.08 34.1506
105.605 37.0086
93.5062 36.293
96.7657 34.6862
97.8931 35.1453
94.4418 36.3009
90.1928 35.1286
89.0276 33.7989
96.4494 36.2253
94.3479 32.9576
96.9124 34.9411
83.5316 36.5303
85.791 35.6721
90.3529 36.6855
92.77 35.6757
98.9876 35.9023
97.1354 35.6006
95.9711 35.657
92.8288 35.147
86.063 36.5169
94.1537 35.458
102.545 36.0484
88.1006 34.7842
85.024 35.307
90.4679 36.264
112.132 33.7278
113.591 35.5309
100.263 34.1622
109.866 34.0049
108.16 35.1506
101.741 36.2391
101.601 36.6615
107.744 34.4279
100.593 34.2471
98.9711 34.4592
102.485 34.4258
98.0753 34.3089
100.652 34.8632
94.3993 35.1645
87.2561 34.3913
92.6957 33.7534
95.9012 35.4596
91.6565 36.6588
88.348 35.6622
90.0183 35.3522
92.6659 36.6262
92.6048 37.3272
89.0313 35.2656
83.1117 36.2838
86.0384 35.1773
87.936 33.9858
85.8938 35.3501
87.1529 35.705
82.9341 35.368
87.0094 36.1263
83.6874 35.5418
79.8864 34.953
81.277 34.7174
81.277 34.7234
81.2657 34.6986
93.5913 34.3564
87.5594 34.6588
90.5859 35.2317
95.2051 35.8723
85.4507 36.1823
90.5925 35.388
83.4623 35.3863
81.4151 37.4596
87.1705 35.5211
89.1251 35.7097
93.886 35.8419
92.4884 35.4647
87.7521 34.4049
86.2559 36.0303
89.3082 35.0286
88.7727 35.369
85.5939 36.4442
82.5801 37.1094
81.5376 35.9533
82.2265 36.1479
74.9187 36.2043
79.096 36.9818
81.5847 35.4036
82.8887 34.2809
96.2866 35.814
94.4762 35.3817
83.2479 36.907
93.3504 34.4742
101.117 34.3485
100.681 36.4153
103.568 34.8906
103.653 35.3267
108.828 36.029
109.255 34.5543
108.407 34.9397
108.602 34.8557
92.104 34.6926
100.668 37.5092
99.2151 36.5654
103.865 34.1505
108.467 35.9745
92.7639 35.7773
94.3804 34.0231
95.6553 36.14
95.5612 34.485
95.3543 33.9387
98.9509 34.699
110.701 34.8325
110.813 36.2846
109.915 35.0454
101.148 34.8509
103.799 33.7014
107.388 34.532
103.621 34.3664
99.3033 37.645
98.5215 35.1745
101.682 36.2228
92.8408 34.7279
92.0687 35.6337
92.0687 36.4752
102.485 35.4464
101.521 34.9312
108.486 36.7976
104.94 35.1796
108.984 33.6534
110.262 35.9502
99.9088 34.6815
100.919 34.5038
99.9752 34.9174
98.4652 35.7523
87.3452 36.2037
98.528 32.9482
112.544 33.9519
110.761 35.6913
98.8242 34.4621
97.1022 34.3692
89.3629 36.4335
99.2065 33.3821
103.365 34.2791
97.0032 33.7655
98.2984 36.6584
103.017 34.7406
99.8557 37.22
90.4634 35.3647
86.9763 35.2359
91.4252 34.3835
92.8425 34.9949
86.2988 35.5223
80.4008 35.9235
86.5022 35.6384
91.4446 35.513
92.7551 35.0716
106.139 35.3442
99.6456 34.7543
95.9984 35.7027
87.9956 33.6802
81.8761 37.0463
87.0667 36.0566
93.1598 35.6285
90.3131 36.6003
104.435 36.0735
101.036 34.674
101.765 36.9968
98.9407 34.5913
100.086 34.1258
101.805 36.3795
95.3994 34.3014
95.8065 35.6655
104.81 34.0882
103.329 34.9014
78.8024 35.8285
87.9076 34.3819
99.8987 34.8196
85.8722 34.721
89.5619 34.3984
83.3813 36.1336
82.0673 35.7776
89.4137 34.7906
95.3367 35.8206
89.7922 35.3215
95.3279 33.1576
90.1964 35.1166
93.4384 34.0397
94.073 34.1572
104.829 36.2105
98.8012 35.6903
88.8255 35.2807
93.3804 34.8358
97.5471 34.2811
94.7902 36.3364
92.9055 34.8087
93.5049 35.2503
94.5602 35.3644
99.4501 33.7603
100.958 34.8587
96.7865 36.3419
98.2157 36.1656
97.5962 34.9297
102.564 34.7733
102.439 34.67
106.873 34.679
107.105 35.065
105.708 35.3035
95.4134 36.1901
96.7129 34.9393
102.456 35.6179
98.4385 36.565
93.1676 35.1169
95.2313 34.3245
91.0284 33.5391
92.2165 35.2564
110.504 36.7378
93.3887 34.02
96.5963 35.1713
94.1069 33.4922
92.1948 34.565
98.8744 34.628
86.4393 34.4808
89.9451 35.5125
94.4474 33.6787
86.8783 34.6079
92.5955 34.5434
86.8892 36.3899
94.9915 35.7774
104.493 35.6135
99.4848 34.8022
101.51 36.226
99.1956 35.9206
96.572 34.57
98.4327 34.0069
96.1888 35.3726
82.027 35.4385
93.7272 35.9815
88.28 35.3931
83.6118 34.6446
85.8254 37.354
82.9094 36.7843
85.5234 35.0838
79.2069 36.5063
86.6678 36.4554
90.7554 35.5408
94.3703 35.4391
88.8477 35.5552
90.2856 36.7467
88.748 34.9167
92.0123 34.9164
95.5493 35.0234
94.352 35.5495
105.007 36.4234
94.6277 36.2029
95.2532 35.8617
94.8644 34.5327
96.1409 34.5556
104.104 35.5377
102.276 34.9819
97.8973 33.8056
99.7619 34.0546
99.1098 35.5282
91.6731 36.6798
76.7794 36.036
89.868 35.4372
103.201 33.5304
94.9257 34.2999
106.309 33.5513
94.5811 36.0875
98.1569 33.7777
94.5516 35.36
94.5516 33.5916
105.23 35.1825
94.7916 37.2483
93.2283 36.4238
96.4584 34.7569
89.9813 34.19
94.687 34.9371
88.614 36.3249
89.1865 34.951
96.7737 35.3688
88.6631 35.2614
95.721 35.4604
91.7091 35.3761
79.7042 35.3193
83.7302 35.3521
88.8943 35.2435
84.1254 36.1194
88.1627 35.8666
88.8524 36.0184
84.2615 34.5627
87.1828 36.5262
85.5759 36.768
86.8246 36.4034
87.2894 35.483
85.8272 34.3345
90.1989 36.4178
90.0163 36.6408
94.3918 35.9738
85.9381 34.9494
88.1337 34.9907
91.9011 34.9964
90.2572 35.3455
87.8753 34.8002
89.146 34.4459
90.0569 34.4013
88.0553 33.726
101.947 34.6543
97.271 36.2017
81.1379 35.2411
79.1896 35.6408
77.2537 35.7074
72.4554 36.4976
70.2672 36.5778
88.213 34.3165
77.7918 34.8575
81.0789 36.1366
74.9715 34.9335
68.5085 34.4364
65.7578 35.8558
68.3884 36.5176
79.1339 36.2953
82.3707 35.9022
70.0417 35.7144
80.4558 35.4303
82.245 35.4969
76.298 34.8524
81.6672 35.483
88.9019 36.0037
87.4145 35.808
84.1629 36.4993
85.6657 35.5035
74.8996 35.9585
79.0183 35.5633
99.2118 36.4668
85.0734 35.2822
83.256 34.4803
73.872 36.634
74.2075 36.3758
76.2959 37.396
75.9553 36.9225
77.4103 35.3225
79.78 35.8409
80.9727 35.5215
90.3949 32.8206
81.3389 36.8168
86.959 35.5359
96.7741 34.7875
92.3669 34.6521
89.6172 34.9146
95.6524 36.0787
87.0816 36.2851
90.6354 33.8341
80.4508 36.2977
74.8352 35.3424
76.1867 35.0806
73.3694 35.5832
74.3519 35.0156
64.303 34.9342
67.1572 35.5628
68.3772 36.2365
77.1492 35.7713
79.9554 34.5765
75.1226 34.417
75.1226 34.1902
80.5754 35.0844
83.6304 34.1373
78.368 35.7899
74.1386 35.8808
77.7183 34.7792
76.0039 35.1827
75.291 34.0447
79.2346 34.9023
80.4004 35.9681
85.2511 34.4667
81.2561 34.5982
84.0023 36.668
76.9511 37.1641
82.7607 34.5496
78.2335 34.5803
71.0048 34.681
80.6899 35.4249
89.3962 33.8053
90.2171 34.8796
92.468 35.7178
94.6248 33.7077
91.7577 34.6359
89.6957 33.8718
93.1227 36.5083
93.9677 35.4151
84.3459 33.9959
88.5677 34.8886
112.459 35.7975
98.5993 35.4514
90.9324 36.2928
87.5793 36.564
97.6453 35.895
102.561 34.9247
92.4233 35.7045
104.527 35.9713
99.2212 33.6493
105.673 34.0228
110.192 34.6961
109.447 34.3281
109.447 36.1875
98.6659 34.8034
98.6659 33.8961
105.796 35.5485
89.4434 35.8059
97.9323 35.3389
96.0632 34.5853
102.896 33.4089
99.6526 34.3966
82.8686 36.7858
84.3619 35.0746
90.0095 35.5478
93.9654 35.5729
89.1884 35.6213
89.635 35.2772
85.682 35.1135
88.4242 36.5907
89.2015 34.6768
87.6469 34.6926
109.219 34.3925
119.189 33.3466
119.189 33.6446
119.189 34.1085
112.082 36.0174
105.517 36.3059
109.633 36.274
104.849 34.4549
99.0624 35.5046
102.868 34.637
87.0543 34.6326
83.5043 36.9974
88.5661 36.8254
98.0013 35.0218
96.7443 34.2628
87.2153 36.0816
81.5263 36.0941
86.0739 35.9774
92.3203 36.063
87.9337 35.7137
87.5157 36.0025
85.8392 34.2232
78.2231 34.2245
78.2386 36.7673
72.6015 36.0867
68.9443 34.8281
68.9109 35.3838
72.5763 37.7544
68.6215 35.3552
68.6215 34.5629
75.4294 36.1859
74.9968 34.5553
74.8346 34.6018
66.0435 35.8751
66.0435 35.9431
72.911 34.431
64.3093 36.3933
58.1979 35.0043
64.5523 34.9744
66.1611 35.0524
71.3644 34.769
71.3644 35.4444
66.7727 36.3574
68.776 36.7326
68.776 33.5273
75.1677 35.2723
72.4695 36.0054
76.839 35.775
72.5856 34.2563
75.1011 35.8567
75.1011 34.9497
74.7176 35.8113
76.7749 35.6343
75.4968 35.3693
75.2271 36.0345
74.1387 37.2184
76.245 36.1128
77.0339 35.9061
77.0339 35.477
83.5249 35.5326
89.925 35.2888
88.3869 35.2068
84.3424 35.5443
89.6414 35.1029
96.1722 35.1143
99.5483 33.5603
99.3075 35.3904
94.3305 35.1065
101.069 35.8675
95.1547 36.3331
87.3445 35.2523
88.459 35.8162
90.2276 34.8048
87.5388 36.3494
93.1084 36.0015
84.2274 36.3962
75.267 35.0613
79.898 36.1517
87.3342 35.7122
97.9659 35.6628
114.244 35.3472
105.02 34.704
96.7562 34.9643
96.9856 35.4288
94.083 35.5654
92.2941 36.2417
90.1126 33.3431
88.4951 35.5352
84.5799 34.4212
93.5483 35.573
88.4837 34.9599
76.786 34.7005
80.9228 35.9375
79.9156 36.1457
81.0781 36.9659
94.9484 35.7365
97.1713 36.0809
110.735 36.209
104.708 35.9843
101.179 35.8913
101.645 34.2034
99.1374 35.1825
98.1884 37.235
81.1335 35.1687
94.4122 36.3267
96.5275 36.3091
97.4956 34.9555
109.54 34.3451
105.853 36.0302
98.4578 35.3611
102.552 36.5706
95.4243 35.7278
96.6732 34.1556
96.6471 35.6268
94.7622 34.7708
73.1336 35.7673
73.1336 35.6707
78.6831 36.2696
81.8194 34.1185
74.9006 34.8812
78.6637 35.2213
86.2455 34.6323
88.2792 35.0676
79.5735 35.9029
84.626 34.3915
88.5262 34.4959
83.1273 36.7743
78.374 36.4385
75.8664 35.3548
79.0913 35.6603
76.2726 34.6012
77.1737 36.6182
86.7026 37.1447
96.3282 36.8756
96.6298 34.4391
90.6988 34.5562
85.2719 34.1111
85.8893 35.3009
90.9935 35.8372
87.3236 36.9211
85.0917 35.311
84.2088 35.1867
82.6809 36.134
89.8112 34.9258
85.0018 35.092
87.6667 35.0388
83.635 33.1892
75.809 36.0902
76.448 36.7129
77.6252 33.8846
79.6449 34.7929
83.8287 35.3912
79.85 36.19
74.1285 36.288
73.9774 36.3407
94.6026 34.9258
93.4809 34.0036
88.7413 35.1885
94.1454 37.142
88.8661 37.0343
88.8661 35.6537
82.1254 34.8999
85.0567 35.832
101.342 35.6857
100.32 35.2159
97.6189 35.4363
98.5135 34.6337
98.382 34.8022
96.3374 36.2109
90.4456 34.9966
86.3604 35.1007
80.8778 35.7693
80.7959 36.1264
91.4044 35.8804
90.069 36.0799
91.0008 35.3078
91.965 34.4169
87.8574 35.3467
94.8899 35.6479
91.8728 34.1564
92.3133 35.8507
91.9831 35.5411
92.2282 34.6324
88.0645 35.9385
90.9703 35.6785
85.7313 35.1384
95.3399 34.6052
93.1598 35.5708
94.7313 37.5818
88.1797 35.1285
86.9752 36.7995
82.9301 37.5042
78.0049 36.5051
76.004 36.9377
79.2647 35.0981
76.5268 35.5302
85.8888 36.2319
90.3487 34.0176
90.6957 35.9601
88.8046 35.4698
90.7748 35.8572
94.1067 34.5832
88.2034 33.8076
97.7686 34.1085
86.9936 34.3903
90.6603 34.2841
93.6985 34.2196
94.4368 36.6659
103.581 34.5742
114.524 36.0476
100.306 34.833
97.8839 35.8296
100.131 35.4472
102.044 35.9697
104.203 32.6238
85.3759 35.2796
91.7942 34.6802
95.2155 35.5135
89.6912 37.1458
78.5234 34.3885
78.2306 36.0188
79.8646 36.6219
68.7437 35.5082
83.2528 35.5009
76.5516 34.7569
77.7057 35.2028
74.2284 34.6119
73.2534 34.4222
80.8062 32.7143
79.1778 36.0335
79.1778 36.1414
79.569 35.5696
83.7371 35.5757
87.0132 36.2323
88.9943 36.0909
84.6336 36.3197
99.5435 35.4943
96.5513 35.7479
98.4616 35.5284
109.537 33.8493
107.752 34.5867
100.232 34.304
87.7017 33.1179
93.3058 35.7699
82.1702 34.6847
81.5913 36.7189
90.0187 34.631
76.5043 36.5
97.8036 33.993
79.3219 36.2885
98.0971 35.2879
95.1442 35.2174
96.1083 34.1025
104.122 35.258
93.9775 34.5972
84.0251 35.7162
81.9507 36.5688
90.2255 36.8534
97.7123 35.9719
88.7361 36.4119
95.5667 36.1304
105.858 35.8646
112.822 34.5013
122.055 33.9744
113.359 35.061
94.8629 36.2802
82.0696 36.3682
88.5391 35.9674
86.9557 36.7997
87.7772 36.1986
78.2838 35.4879
90.985 35.6391
101.082 34.9625
101.65 35.7078
96.179 34.0796
91.8926 36.8357
89.3924 36.449
89.4292 34.889
83.2771 34.9496
79.2122 35.6482
86.8129 34.711
87.9207 35.3814
91.5406 35.0463
95.001 35.8433
93.3199 35.6891
96.9719 35.9841
104.312 35.9792
94.478 37.0027
100.99 34.1123
105.726 35.1968
108.229 36.2217
119.097 35.2217
124.196 33.7504
112.088 35.1444
112.97 33.2362
107.584 34.6403
111.008 36.161
103.754 35.1592
92.8983 35.2175
101.146 35.2787
92.0699 35.7616
89.2077 34.0609
88.4159 35.7519
87.8512 35.9095
85.2153 35.7674
82.8631 34.4758
95.4111 35.3467
94.4845 36.2277
93.5157 34.7396
89.4944 34.8942
84.7205 36.1096
89.3709 34.9109
95.13 35.1795
78.1736 34.461
80.4451 34.2943
84.9551 35.2196
86.9705 35.0776
84.1487 35.6853
75.5329 35.885
78.1069 35.8252
83.4711 35.0218
85.4179 34.4946
91.8016 36.0257
91.9769 36.0314
94.6949 35.5163
91.4561 36.2481
92.318 36.8497
96.6088 35.5332
111.808 36.4111
93.0638 34.7654
101.234 35.0381
102.319 36.3367
101.555 34.1607
88.8026 35.5646
105.34 36.0509
99.1704 35.7372
86.3315 35.8033
89.9337 35.23
91.3276 33.3412
72.0175 36.3904
67.3412 36.2048
79.3117 35.6438
76.2559 35.0435
73.1264 34.7525
81.1119 34.285
83.1867 35.1198
87.2841 35.9007
78.7447 35.312
92.5475 34.8744
84.8371 36.4702
78.0485 34.858
72.0317 35.2673
78.9647 34.8462
83.5488 36.1753
81.1102 35.1742
81.7126 35.8631
91.242 35.0107
95.3194 35.4599
90.1584 34.8694
84.8399 35.6748
109.022 35.4551
88.7735 35.9653
77.5379 34.9013
86.0536 35.5141
86.7261 34.8815
96.2374 35.2033
95.2242 35.0055
94.4166 34.23
95.1975 33.7623
93.9705 34.4297
93.7331 34.794
93.7331 34.1652
101.865 35.4216
101.666 35.023
109.089 35.4283
108.633 35.2002
102.404 35.3113
98.4334 35.9459
97.2142 36.032
85.3478 35.6224
84.2937 35.9114
83.6983 34.404
87.3086 35.1671
94.6024 36.3958
92.7136 35.5842
92.7136 33.6302
95.8497 34.0686
102.149 36.1355
102.869 36.2648
100.441 35.9325
97.7928 35.9423
95.376 35.9425
99.8158 36.3533
85.7966 34.7503
85.7966 36.6488
86.8344 34.4971
99.8884 35.086
89.7726 35.0282
97.7676 35.2512
87.7867 36.6752
87.6964 35.6836
95.6735 36.1099
100.273 36.6805
98.8461 35.6952
93.959 35.0819
94.3872 35.1658
95.5954 35.376
94.9971 35.3643
86.5933 35.4564
82.1541 35.874
84.1484 35.3915
84.1484 34.8381
75.3495 33.9425
77.8244 35.2768
70.1788 35.4792
72.5197 36.1019
72.5197 34.307
67.1606 36.6026
81.216 34.6779
80.8716 36.0356
78.9322 36.0581
78.9138 35.0866
80.4077 34.0353
76.2092 34.5971
78.3595 35.15
79.9968 36.4909
78.4903 34.8391
81.9825 35.7144
80.4934 37.148
82.7199 34.8561
80.2525 36.2828
81.7109 35.5565
97.6051 34.6929
111.312 35.0533
99.2571 34.1195
88.8167 34.9405
90.8106 35.6095
92.1383 34.125
90.2081 34.9845
97.8855 35.1524
94.9141 34.4098
85.1975 36.8474
85.2259 36.0017
91.8477 36.0889
97.7402 34.7835
96.0181 33.961
92.94 33.7246
91.6595 33.6277
92.4839 35.0111
85.9547 36.2736
101.918 35.5093
91.986 36.2509
87.7325 36.0232
83.2218 35.9321
85.4766 34.8185
75.6671 36.393
75.5334 35.8556
73.9898 35.4443
73.2573 33.9946
73.3115 37.0661
67.5319 34.8711
79.24 33.8513
81.072 36.0974
81.9574 34.7396
86.9248 37.4061
77.0132 36.8172
78.0739 36.2022
74.676 35.1552
80.6279 34.2535
79.1978 34.6912
71.82 35.9291
71.82 35.0159
69.3969 35.4789
69.3969 35.2288
70.1698 36.4693
73.3157 35.2376
73.3157 35.506
78.7727 35.8296
79.282 35.1844
84.2764 36.7354
84.0673 35.0491
85.349 35.4454
82.6657 35.308
88.463 35.5274
75.0511 35.5754
83.2206 34.6107
87.8738 34.6441
92.3999 34.7767
97.5141 34.199
95.4316 34.0916
86.8421 34.4582
107.201 35.6312
107.054 35.4586
107.049 35.3459
101.051 35.4618
103.375 35.2594
101.524 34.9965
103.036 33.8078
103.393 34.9731
97.3071 34.3803
107.071 35.2457
108.413 36.8235
97.8541 33.5787
85.1791 37.0606
89.936 36.9849
89.3674 34.9232
95.7919 33.8841
85.0794 34.2921
88.9789 37.2896
88.9541 36.517
85.6155 36.5725
85.1279 35.5512
85.1304 35.3224
83.679 35.7028
83.7833 35.7529
79.7229 35.2228
87.3925 34.8609
89.2498 34.7967
83.3333 35.4974
85.8569 35.3372
92.1762 34.8688
85.2985 34.2278
76.4674 33.2292
56.8457 35.4742
64.4302 35.1607
59.6426 36.0625
64.0745 33.8938
68.3325 34.6365
78.7958 34.9268
71.2309 35.3695
69.5479 35.5408
69.5479 34.8442
71.5273 37.0655
71.5273 36.4926
77.9524 34.6
86.9604 35.7916
85.194 35.1226
81.7014 33.9889
79.5058 36.4225
89.204 35.4794
89.9572 35.4445
89.3951 35.4336
86.8254 33.787
86.2032 36.6156
88.5124 35.115
97.1805 35.1351
97.8249 34.587
100.275 33.54
106.001 36.2666
107.999 33.9573
101.375 34.423
98.5584 34.7667
98.442 35.3218
98.8303 33.9941
91.7469 34.5105
87.5932 35.4288
86.5518 36.4663
84.5745 37.5383
85.074 36.9918
84.6943 37.5727
80.2225 35.245
79.7958 35.2717
75.1927 36.4907
76.834 35.4471
84.8611 35.7859
83.4554 34.6841
84.7341 34.8102
88.038 35.2896
90.7517 35.4928
85.8886 37.2728
85.0385 35.5212
79.0351 36.1496
82.9661 35.6697
89.5149 36.0663
82.4652 36.5214
92.1419 35.3685
81.1839 34.917
86.0711 35.5862
85.3122 34.5893
78.287 34.1325
78.4439 35.4867
82.6862 35.1006
89.4634 35.6987
95.6076 35.592
106.691 33.374
101.155 34.7367
101.155 35.2162
116.843 35.549
110.263 36.0898
99.9348 36.1399
90.2523 36.534
92.5605 34.5672
101.615 34.7979
86.4114 35.0955
98.7499 35.382
83.9092 35.5684
86.0276 36.4573
81.7301 35.6158
90.5326 35.2247
91.0729 34.6245
90.1877 35.5313
85.2112 33.2884
86.9994 35.5781
79.3627 34.4817
80.4701 36.565
90.8539 37.4098
85.5836 37.9091
89.9262 33.6699
90.1183 34.5704
91.4916 36.2373
104.21 37.0532
101.69 35.4206
99.2851 34.1912
99.5045 34.9724
91.0787 35.6644
100.176 34.6251
90.9888 35.9365
92.0967 36.1125
97.358 36.1274
89.051 35.0074
97.9287 35.0706
97.7733 33.4324
110.056 35.8749
115.773 34.9642
115.773 32.8487
106.126 34.9
115.151 34.117
100.57 35.4539
93.3532 34.8523
97.7714 34.4196
104.651 35.5731
85.7883 36.3773
88.7719 34.9621
85.3549 35.4694
83.4902 35.4918
105.105 35.2338
97.4439 35.423
95.2315 35.728
90.3311 34.5677
83.1505 36.1748
89.2005 35.7257
91.5106 34.7558
87.9605 34.9101
91.1363 34.6262
83.1353 34.6637
86.4725 35.3961
91.7638 35.3581
92.1915 34.8143
85.412 35.3537
82.2762 35.4277
88.9344 35.2645
80.3691 35.6213
75.2416 35.5256
82.556 34.681
78.9878 34.52
82.0789 35.1671
89.951 33.9414
87.2721 35.6149
92.2345 36.4303
90.5092 34.8149
86.4719 36.4947
80.2613 33.9623
83.9354 34.5864
79.8785 34.2417
79.2524 36.5817
92.7685 36.4644
88.5864 35.2553
101.46 34.7193
102.273 35.6876
98.0455 35.817
96.7632 36.8825
105.625 35.2175
105.932 34.7746
106.247 33.2954
104.386 34.9591
105.309 35.2397
95.6991 33.8234
104.488 36.2328
97.3396 34.9613
88.8047 35.155
90.2474 34.3432
90.0518 35.5336
87.8905 34.6376
89.8362 34.8376
89.6808 36.4005
93.2418 35.3067
93.6544 34.7316
83.8836 34.7344
88.131 37.0419
95.3558 35.1663
104.27 34.4884
93.312 36.8333
95.4235 34.9988
96.9769 36.465
91.2945 35.5778
83.7278 34.9588
93.2772 36.2661
91.6491 36.9523
74.8097 35.3542
80.1933 34.9501
79.8885 36.1102
84.5649 36.708
72.9552 34.2944
82.7278 37.1656
82.8217 35.7708
87.2293 37.3969
90.4322 35.5826
85.5324 35.2136
84.5269 34.7161
85.3906 34.3944
99.7789 34.5462
95.2985 34.897
95.5553 34.5264
88.1593 35.1197
101.545 35.9489
105.145 35.5257
93.9905 35.692
99.355 35.1061
95.6585 35.3702
90.0723 36.5444
96.0016 34.8325
89.5434 35.6061
97.6164 35.35
88.0179 34.0751
80.8279 34.3347
81.2372 36.3096
85.0909 34.9665
72.5035 34.5296
86.6558 33.2732
90.3048 33.9876
91.9215 35.3428
93.1096 34.6505
90.0239 35.6331
90.3031 37.6094
81.1944 36.2191
87.9535 35.1501
85.8941 36.2029
84.3115 34.4432
78.7075 34.7715
82.1101 35.5977
85.8445 35.6109
85.1424 35.5744
87.5343 36.1542
87.3265 36.2938
87.3343 37.2705
87.312 34.7838
87.1693 36.1598
85.7315 36.4346
85.4358 35.7451
92.1574 34.853
83.8928 35.6644
87.4629 35.1861
92.6637 36.1436
86.7557 34.3068
96.6309 34.3971
95.9005 36.1189
79.6211 35.7955
85.6875 34.5449
90.8987 36.6417
89.6901 36.4255
88.5621 35.5364
79.1823 35.4082
89.0645 35.3308
92.6237 36.1369
90.1358 34.8733
97.8478 34.5201
101.104 35.0534
93.7335 35.0584
104.778 37.6606
93.9091 35.086
85.575 35.1485
89.3523 36.6631
90.5676 34.9117
96.6196 34.124
96.217 34.2046
90.2001 35.3653
87.7533 34.5045
87.2853 35.2551
80.5024 35.7029
91.7765 35.6861
77.8816 34.9679
83.1869 35.1106
82.6116 35.1055
89.8328 34.4306
77.8319 36.6971
74.3009 37.0504
74.6337 35.3037
77.6098 34.7656
91.3099 35.943
97.19 36.7141
93.8416 35.364
90.7619 34.4069
90.5827 35.673
98.5455 34.6422
91.9528 34.4238
87.8967 34.8696
87.6219 35.4527
90.6972 35.4978
96.0522 35.0751
105.408 34.1071
91.1218 35.0119
93.8649 36.1298
93.7851 34.3737
98.7215 33.4255
94.1355 33.4895
87.4304 36.3987
92.9291 35.9672
95.7385 34.9227
96.5281 34.4798
95.5801 35.8995
96.6398 35.7759
88.6184 36.1777
95.571 36.4151
103.901 36.0909
101.131 33.8641
103.305 35.7777
104.558 35.5097
101.027 34.9868
98.4478 36.0283
87.9557 36.4504
97.8142 35.564
93.9494 34.422
102.37 36.244
96.602 34.0447
90.4123 34.5228
90.9157 33.9207
87.5946 34.7949
85.5022 34.646
80.047 34.7557
88.0366 35.5449
80.7565 37.4424
81.2447 35.4914
87.5369 35.1464
87.9697 36.0146
78.6046 36.1271
83.1154 35.95
80.9009 34.9251
82.985 35.7726
84.9315 35.1787
79.0031 34.4179
77.811 36.555
79.6833 35.1402
79.7711 35.4782
82.9339 35.7391
79.791 34.9379
75.9234 35.0702
84.958 36.1006
81.147 36.9445
81.2996 36.753
87.8314 34.8216
82.0512 34.8282
82.0512 34.541
82.9398 34.4148
82.7663 35.0361
99.6042 36.1177
103.69 36.1983
82.8739 34.9396
91.8546 36.1987
93.519 36.94
100.726 35.8756
96.4603 33.597
82.5603 36.1142
97.4637 35.2904
92.9271 36.2196
93.2597 36.2232
104.486 35.6858
99.9198 36.989
88.4886 36.4821
90.043 36.6629
85.247 34.511
89.4948 34.7499
104.46 34.5424
102.298 34.8363
79.0487 36.5959
71.7681 37.8396
81.0668 36.5268
84.9041 35.4204
91.6127 36.1782
89.832 36.3212
82.3097 34.915
74.4288 35.2139
69.532 34.3354
75.4192 36.7106
70.7835 36.4007
70.1688 35.5819
70.1688 34.7075
73.6305 33.3111
77.378 34.0899
62.8718 37.06
62.8718 37.4763
68.8083 35.0531
68.8083 35.1505
72.3516 35.7123
69.2129 36.1096
86.3087 34.367
89.8246 34.7443
94.8925 35.5495
105.472 33.4788
106.342 34.1951
97.4309 34.4552
97.9203 36.5145
87.374 35.4084
80.7696 34.5302
99.651 34.4924
94.8766 35.4899
100.586 34.7443
100.586 34.1743
91.5447 34.4805
87.3352 34.7471
84.7555 35.1536
95.1254 35.2901
90.292 35.2298
88.0005 34.2511
86.2349 35.075
78.4194 34.3
98.7813 34.6214
89.0681 34.6944
91.0092 35.7478
103.946 34.4185
103.796 36.1816
102.785 35.8409
90.5547 37.236
103.008 34.3776
100.744 34.8229
98.0743 35.5614
95.7634 34.7626
99.0534 34.8823
105.593 33.4086
105.593 34.1703
94.7449 35.6493
102.678 34.4724
102.678 34.6007
98.5196 34.1521
93.591 37.2593
96.8945 37.3519
89.9936 34.5602
90.3866 36.6435
95.0931 34.6516
96.3455 34.5496
94.022 34.352
96.5726 35.7812
87.8538 33.4524
92.8339 35.2873
79.1764 34.8449
90.3407 35.8019
96.664 34.5648
94.1382 34.5979
90.9796 36.8155
101.834 35.6425
83.9224 35.5687
83.385 35.4126
78.8292 34.7137
86.5035 36.2316
88.567 35.8288
92.0513 35.937
89.6417 35.5925
88.6804 36.3438
100.455 35.2022
105.544 34.2443
103.848 35.0729
95.4294 35.702
81.9941 35.3015
86.0495 35.4329
84.5936 36.3054
87.4209 34.7411
92.3138 35.743
83.7963 34.9214
83.9844 35.3725
83.9898 37.3582
83.725 35.2489
84.0612 34.1664
73.1534 38.2005
74.0304 34.9273
73.57 34.3871
73.57 35.1527
71.9778 34.8803
78.768 36.0258
81.7125 33.6827
81.474 34.3825
81.6534 35.9639
83.5099 34.6705
86.8814 35.4882
89.8457 35.2356
94.9801 34.9582
84.9252 35.3012
84.9252 34.9652
89.1978 36.5013
89.8148 34.961
85.0037 35.9897
80.5274 34.8166
80.3947 35.5367
84.4119 34.0356
87.0652 37.0325
87.0652 36.6772
80.5033 35.0911
78.0118 36.8676
75.3158 35.8514
80.5847 34.7069
83.1119 34.8431
85.929 36.961
92.0609 36.3399
86.4605 36.3049
82.9876 35.8293
84.1105 36.5404
81.4342 35.3881
88.7992 34.3768
77.4631 36.9433
72.5883 36.2789
72.5883 35.6404
75.7286 35.0285
72.2303 35.244
69.6499 35.7528
70.2356 36.3435
69.6208 36.5191
79.2707 36.7491
84.3889 34.5957
84.3889 34.2832
88.0238 36.5851
89.2978 35.9258
93.5887 36.0098
82.5201 35.3492
84.9164 36.5705
83.5907 33.7423
90.1686 36.5517
93.3349 36.7405
77.9574 37.0903
81.562 36.9084
75.7947 35.7061
81.3309 35.7745
79.3947 33.583
76.7639 34.6586
92.3075 34.9787
93.0454 35.7672
97.1959 35.1424
99.0586 34.9625
104.044 34.9497
86.9234 35.6348
85.435 34.8942
89.7351 35.0947
92.1513 34.558
94.6597 34.1472
95.8291 37.2063
96.7399 34.4897
97.2816 34.7891
105.103 36.41
108.078 35.3536
118.013 35.4642
112.91 35.5914
104.759 35.4759
105.244 35.6071
99.969 35.8444
106.525 35.3634
106.476 35.5295
104.274 35.1445
94.1154 36.4943
90.6099 33.5791
84.328 35.0979
88.7648 35.4017
88.8405 35.0172
86.0613 35.4783
100.914 34.4878
93.7269 35.2251
85.5076 35.93
81.5704 35.6021
78.0844 35.5983
72.4185 35.5933
74.677 36.27
76.9335 35.5068
74.1707 34.5494
71.9159 36.2252
69.5524 35.4501
78.3388 35.295
72.4484 36.0272
65.6076 34.9537
70.3327 35.6276
81.423 36.0707
81.443 35.7103
76.5376 35.7531
74.3101 35.0709
76.624 34.46
77.1571 34.446
83.1234 34.8915
81.1298 35.4416
82.8939 34.1261
85.0004 35.3944
92.877 35.2674
88.4633 35.9718
81.92 36.4049
86.6499 35.2629
87.2806 35.3184
88.6406 35.5102
92.9559 37.4876
101.461 33.8357
94.7821 33.7713
97.7917 33.2955
98.7549 35.2186
103.169 35.9357
93.9933 35.578
99.266 35.2492
111.75 34.3972
109.353 36.4317
99.4177 34.9472
96.6342 35.9612
100.665 36.6734
103.645 32.3588
104.664 33.7968
89.8377 37.6721
103.8 36.7233
90.4211 34.1456
92.7373 34.6203
93.8944 35.5675
89.4904 33.6496
95.9284 35.5424
91.397 35.4318
79.2342 35.5592
81.7466 34.5458
84.5688 35.5854
79.7295 35.4753
82.6137 35.6838
78.0233 36.9165
80.7593 35.334
78.0105 36.6351
79.7638 34.9592
82.7867 37.375
79.4611 35.3612
80.3086 33.2475
76.3224 36.1005
75.4548 36.1539
77.2745 36.1525
76.6561 36.1568
76.7203 36.1667
81.6835 36.161
81.3469 36.1281
76.5423 34.9333
82.2394 33.538
73.3549 34.8639
72.2711 35.9117
76.8216 36.4372
81.8092 35.0358
83.6705 34.447
83.2397 34.4356
91.2452 34.1964
91.9073 34.6358
89.5699 34.439
99.7123 35.4501
87.1315 35.3529
89.1664 34.9921
89.2645 34.0333
94.5719 36.099
98.0599 34.8689
102.959 35.5133
103.225 36.4347
96.9399 35.9136
88.2957 36.7392
96.275 34.5989
92.403 35.2048
95.6906 35.4761
92.3112 35.6933
89.05 34.5251
96.9823 35.159
99.4774 34.3827
100.985 34.5956
99.995 35.3451
103.287 35.7333
97.5373 36.1074
103.237 34.3677
101.235 35.0752
80.2296 35.6373
90.6049 35.3877
79.5929 35.351
83.2085 35.4881
79.7792 35.1412
78.3722 34.9666
74.2935 35.4051
82.5498 35.0705
92.5368 35.8784
92.8587 34.5532
90.2336 33.7765
83.6818 34.2975
84.6834 34.9069
81.1694 34.679
81.7711 35.7203
77.4422 36.5987
74.328 36.0065
68.8843 36.1132
63.2376 36.2967
63.5134 36.6223
60.7483 37.546
59.7846 36.3226
61.5352 35.4124
87.2838 34.4469
89.5993 35.102
82.8568 34.0605
81.5857 35.1549
77.3466 34.6263
82.3394 35.6616
81.4418 33.5578
85.069 36.4747
93.2692 36.784
88.3112 33.9976
100.092 34.5838
101.52 35.2004
94.8319 35.5326
82.0019 35.5882
83.8348 34.9836
78.4176 34.66
80.4793 35.0581
72.4581 34.4536
75.1962 35.5438
93.8343 36.4775
94.1743 35.9469
93.6188 35.8421
88.8892 36.1293
89.5281 35.9153
93.9418 35.2553
94.1807 34.6874
93.6322 35.3664
101.44 32.6651
90.2748 34.0519
91.8251 37.1038
93.0044 34.4403
87.1133 35.2369
90.8342 36.1576
90.7699 35.2763
88.859 34.3216
84.5268 35.7831
84.0549 34.809
90.4856 36.7539
82.619 35.7413
82.619 35.5705
78.5842 34.6975
87.8163 34.4719
88.9293 35.1012
88.9293 34.7531
85.2447 35.4915
78.3859 34.1623
79.2305 34.2128
89.4106 36.4818
94.9126 35.7638
78.9511 35.6546
73.3708 37.6479
75.2833 37.6908
72.4458 35.2819
71.5627 36.5682
71.5627 35.922
69.0467 35.8373
74.0036 35.6126
76.5063 34.7443
76.4287 35.3429
80.2428 35.5807
83.7361 35.2998
89.0279 35.3687
84.9781 35.4177
86.0743 34.3936
77.972 35.7042
82.8153 38.0746
88.92 36.5035
83.3035 35.0324
77.2929 34.482
80.5829 36.8872
87.9141 34.8683
81.0996 35.3914
87.3221 34.505
89.756 35.6362
100.985 35.7308
87.9264 35.8705
87.5529 35.7485
85.6561 36.3045
98.3057 35.8374
101.485 34.4775
84.0134 35.0373
84.0134 35.5342
88.1124 36.865
100.39 37.4613
100.39 35.5122
100.194 34.3269
101.138 35.5521
86.1905 35.9143
64.8691 36.2741
68.991 34.6592
65.0445 36.8571
68.732 36.1229
77.0082 36.4501
77.1622 35.3803
76.7765 34.936
75.2133 33.388
75.8169 34.8433
84.7279 35.6653
98.014 35.5845
77.3668 36.5484
88.8538 35.1922
85.1484 35.9282
91.8503 35.4782
100.615 35.1428
100.711 35.1311
112.772 34.2991
100.373 36.2871
101.06 36.4289
88.6093 36.7352
78.0896 36.8413
80.6076 33.2416
93.3235 33.6028
88.109 35.2365
84.7919 35.3057
89.1383 34.1824
90.1679 35.9971
92.4627 36.3651
91.0637 37.4287
83.5942 33.5033
71.9946 34.1813
72.1014 35.3574
71.6156 37.4745
79.0348 35.2446
64.1451 35.764
72.862 35.4074
71.4283 36.2944
80.05 35.6792
76.3889 37.1036
75.57 35.7298
78.3267 36.6781
77.4575 36.9395
75.5187 35.3734
80.1586 35.6749
87.0829 36.5593
90.4888 36.1128
88.6583 35.9905
83.6289 36.0853
84.7869 36.1375
88.7583 36.2659
91.7082 35.9371
94.3759 37.2185
98.9125 36.3269
95.3396 34.183
99.2484 35.4667
97.0969 35.2948
93.0207 35.7037
91.5926 35.2211
90.4389 36.7085
90.1118 37.0497
90.0455 34.9752
89.9848 34.0548
85.8135 37.0533
83.8738 34.9574
82.0044 35.3355
81.8202 35.2786
82.1455 34.9864
104.07 35.7244
108.985 34.0668
109.701 34.6349
108.934 36.1098
78.9943 34.1576
87.8117 34.1363
78.191 35.2817
86.9036 36.4686
81.1164 36.6215
78.1318 35.298
77.3952 34.863
88.1568 34.9181
89.5805 35.054
85.7614 35.6204
98.0897 36.1906
86.3242 34.9959
87.8211 35.5166
83.758 35.8232
90.8306 35.847
109.198 36.172
86.0131 36.7227
80.5692 35.4066
90.862 35.7966
94.3307 35.2982
87.8929 36.3919
96.3897 36.8323
85.6098 35.2398
86.7042 35.9778
89.0604 35.0035
91.5411 34.1654
88.9409 34.6031
96.9045 35.1941
103.588 35.3359
105.391 35.2995
97.7643 35.2928
97.6383 35.8153
89.4133 34.6838
93.6285 35.2607
84.1733 34.4071
83.2184 35.2399
77.9738 35.5437
79.912 35.5815
80.66 35.3552
75.981 34.4454
79.5186 35.4628
83.4331 35.5695
78.2169 34.6257
96.2056 35.3156
95.3406 35.7718
111.317 33.9417
106.035 34.423
104.895 34.5221
104.883 36.4494
103.406 35.1694
97.6015 35.5462
90.1244 36.7047
105.197 35.8263
104.057 36.6564
104.453 34.9064
94.3832 33.8037
93.172 35.0151
85.2153 35.0119
89.2236 35.5205
93.7159 35.3856
86.9778 35.3378
84.9279 34.3132
79.1126 34.8165
83.6198 35.5494
85.9802 36.0225
84.7222 35.776
91.2822 35.839
87.881 34.9202
96.4933 35.6865
110.474 33.9466
94.3987 35.6143
99.4787 35.2904
92.4591 34.369
91.7906 35.2159
90.8628 34.9189
91.726 36.2437
92.5628 36.0051
87.0415 35.0899
92.7765 34.1484
89.9232 35.7835
78.8266 33.8041
88.9539 35.3542
91.3539 35.6014
91.0672 34.4898
83.1504 35.9931
99.6714 33.4429
100.28 35.8735
102.32 35.1207
95.8946 33.9534
93.1387 35.1713
92.7554 35.7329
90.2059 36.4743
87.4889 35.0772
81.5073 33.9731
91.1113 36.0015
96.4014 36.4913
104.555 34.4492
103.993 34.5553
92.7939 33.432
94.515 35.1499
94.5432 34.5262
94.5158 34.4743
86.7213 34.7329
89.7756 35.4109
91.544 36.0143
82.6057 37.0727
88.7054 36.2881
82.498 34.1254
76.927 36.3712
90.3789 34.284
105.893 36.1406
115.772 35.4453
118.76 35.2142
110.099 35.3849
118.448 36.8076
100.52 35.696
102.554 35.3003
102.268 35.3671
102.176 35.2226
99.6098 35.4895
95.8303 35.9797
88.6623 35.6161
98.8638 36.3355
100.996 35.4023
97.0953 35.1638
103.132 36.1923
118.516 35.8762
142.697 34.7869
147.306 34.5116
138.246 35.0634
135.088 38.0211
134.442 33.9376
139.405 34.688
114.037 33.9107
117.883 37.0264
110.115 36.3547
117.005 34.9967
117.005 34.9119
114.176 35.8065
120.114 35.7212
110.008 35.0764
111.846 35.2975
100.575 34.2776
95.2722 34.755
95.1915 35.3788
87.0914 35.9549
90.8193 36.7492
90.5842 37.3041
91.6615 35.1763
83.4326 35.2837
86.3572 35.5647
85.8238 34.9341
90.1295 35.427
90.1295 34.7445
89.7949 34.1581
77.3415 34.402
79.9854 35.0868
70.2531 35.5472
83.5861 34.5601
79.5708 34.0922
88.8853 34.8173
90.3472 34.1324
95.7119 35.631
93.1943 37.146
97.202 35.9756
119.478 34.2111
106.886 34.7179
94.7012 38.3362
95.1848 35.7911
97.7977 34.3779
99.2029 34.7754
99.3557 36.3009
90.1487 36.239
89.5872 35.2581
94.5367 35.4944
93.7956 36.1142
94.0013 35.8963
96.401 33.5967
93.0033 35.3427
111.421 35.0049
116.108 35.7699
101.101 35.6775
104.544 35.3019
72.3974 36.3237
88.3989 35.9859
84.833 35.1344
83.9969 35.6636
88.9761 34.5048
99.0013 35.741
92.9692 35.9434
94.104 35.6813
85.377 35.5968
78.7169 35.5224
45.3169 36.4497
47.6764 35.7759
47.6764 36.7505
53.743 35.8567
