9.06736 28.8084
8.89596 28.8996
8.76558 29.8197
8.79796 29.6039
8.70378 29.4981
8.76454 29.9314
8.66831 29.8487
8.66285 29.3561
8.85194 29.6359
9.2241 28.8079
9.3873 29.4108
8.88848 29.7882
8.98076 29.0279
9.16765 29.2346
9.16583 28.3123
9.16552 28.5214
9.3256 28.6778
9.20742 29.5673
9.34285 29.0054
8.82945 29.5272
9.09156 29.3657
8.84301 29.175
8.81101 29.2666
9.12409 29.5302
9.26231 28.9624
9.31523 28.0637
9.52525 29.3912
9.14561 29.4206
8.93655 29.2946
9.27305 29.8866
9.215 29.1826
9.58277 30.2093
8.91296 29.0658
8.79399 29.4848
9.53063 28.7862
9.45363 28.1315
9.24726 29.5844
9.04498 29.481
9.34193 28.7409
9.4021 28.0612
9.90427 28.1816
9.67326 28.2332
9.93578 28.8732
10.4168 30.0476
10.8796 28.3969
11.7227 28.7665
11.1167 28.5692
11.1426 28.2416
10.3647 28.9648
10.4139 29.3194
9.81778 28.2599
9.41208 28.6138
9.46089 28.25
9.59089 28.7449
9.58068 29.8225
9.36049 28.183
9.27903 28.1689
9.33282 28.2197
8.96754 28.2081
9.57985 28.8017
9.46337 29.0738
9.50141 28.8874
9.52724 28.1863
9.26928 29.3673
9.26209 29.2007
9.01207 30.2046
8.917 29.8833
9.50049 27.632
9.31858 28.618
9.5868 28.8926
9.29127 27.8954
9.7962 27.9814
9.33179 28.9231
9.69271 28.1003
9.48841 28.5687
9.09028 28.582
8.99586 28.4638
8.99835 28.794
9.19449 27.5436
9.00854 28.8902
9.21721 29.1688
8.80993 29.3189
9.16939 29.5131
9.00342 28.8495
9.30394 28.9575
9.54914 28.2564
10.1429 28.6735
10.437 29.0611
9.97531 29.0665
10.0149 28.5693
9.87222 28.762
10.0935 28.6223
10.2513 29.0056
10.2193 28.3932
10.2797 28.4238
10.1234 28.4668
9.83803 28.6247
10.1577 28.9164
9.41178 28.3429
9.75225 28.8027
10.1125 29.0621
10.2814 28.4178
9.72961 29.6837
10.3998 30.5802
11.6476 29.8969
11.8966 28.7408
11.8966 28.3454
11.8966 28.2459
10.1495 28.3309
10.212 29.3144
9.70405 28.8916
9.75261 29.5057
9.65805 29.1697
10.2956 27.9614
9.90735 28.6378
10.0007 28.8602
9.71763 30.1784
9.79243 28.4765
9.31835 29.5337
9.25187 29.7084
9.24399 29.3531
9.29765 28.2363
9.01249 28.7883
8.95333 29.1996
9.19649 29.1032
9.77332 29.3991
10.012 28.9258
10.1964 28.7007
9.61682 28.9305
9.59598 28.4877
9.6614 28.9347
9.68675 29.0645
9.50888 28.5406
9.18188 29.3919
8.9832 29.6264
9.74228 28.379
9.60843 28.2002
9.38555 29.0652
9.23078 29.1653
9.16823 29.9798
9.66046 28.8906
9.62282 28.8647
9.7669 28.1237
9.88421 29.9485
10.3873 29.0406
10.285 28.2136
10.569 28.5959
10.6981 28.8104
10.5115 28.7427
9.60766 28.51
10.0245 28.6046
9.78204 27.947
9.4173 28.6874
9.05894 28.0691
8.82046 29.6572
8.77397 28.5624
8.92067 28.9475
8.83198 29.58
8.87183 28.8091
9.64044 28.137
9.72066 28.922
9.78386 28.9226
9.71166 29.0348
9.88578 29.5392
9.90454 29.4745
9.18947 28.9938
9.23574 28.0112
8.98883 28.5869
9.53827 27.918
10.1194 28.9608
9.50745 29.3691
9.03872 29.1541
9.49248 28.5732
9.37822 28.7866
8.88608 28.7334
9.63546 29.3909
10.076 28.9392
10.0012 28.8177
9.04193 28.7225
9.53723 29.3815
9.43739 28.338
10.0491 29.5491
9.17013 29.4075
9.69284 29.2039
9.9698 29.0248
10.1927 29.0545
10.2976 29.324
10.1975 29.5074
10.1881 28.0902
9.97126 28.4772
10.2033 29.3938
10.2298 28.8066
10.0992 29.5534
10.1326 29.0772
9.95702 27.9866
9.94788 28.5689
9.24301 27.9998
9.67619 28.4799
9.48477 28.4232
9.39548 29.2606
9.23357 29.0574
9.83655 29.1461
9.87678 28.9102
9.93311 28.8945
10.2334 29.0196
10.4404 28.7428
10.6916 28.8653
11.0341 29.2999
11.1373 29.5319
9.99931 29.5712
9.7407 28.7196
9.15042 28.7308
8.91245 29.4051
8.87572 28.742
9.2236 28.5031
8.48015 29.1859
8.8179 29.1762
8.4932 29.6772
8.92961 28.6889
8.92907 29.1056
8.98986 29.9055
9.50187 28.5705
9.37186 29.1092
8.97776 29.7509
8.76975 29.8401
9.66092 28.9999
10.0392 28.0212
9.99003 28.3208
10.0128 29.513
10.3317 28.9063
10.0015 28.3352
10.3713 28.2253
10.9978 28.3239
10.6682 28.6601
10.9293 28.6704
10.245 28.2459
9.95375 29.6044
9.55879 28.8567
9.36296 28.5714
9.52149 28.6197
8.95545 29.7336
9.88828 29.3447
10.0575 29.4707
10.0692 28.6745
10.0103 28.7373
9.57362 28.5896
9.81353 28.44
9.322 29.13
9.18248 28.2259
10.197 28.2957
9.78947 29.1873
10.1155 28.4904
10.1128 28.0864
9.76287 27.4313
9.6174 28.8766
9.68626 28.5659
9.6848 28.4882
10.1242 28.3815
9.80717 28.6044
9.80717 29.073
9.35794 28.5955
9.57452 28.736
10.0198 28.6797
9.66464 28.0858
9.7235 27.7947
10.0168 28.6831
9.96247 28.6435
9.36889 28.9836
9.37131 28.6254
9.82898 28.1549
10.2518 29.5737
10.4385 29.0017
9.03437 29.6825
9.35821 28.9765
8.97276 28.9047
8.81068 29.3909
8.83402 29.2594
9.08796 27.8242
8.67404 29.7543
8.71462 30.14
9.2321 29.654
9.23281 29.1256
10.1803 28.9338
9.39533 27.8557
9.17244 28.6661
9.28632 28.257
9.07373 28.0989
8.95052 28.3267
9.25565 28.9828
9.84458 30.1671
10.2033 29.6757
9.78189 29.7327
10.229 28.5704
9.76991 28.6124
9.4646 28.7266
9.29749 29.0952
8.98858 29.5299
9.25716 29.4548
8.82931 29.376
9.0906 29.4621
9.04483 29.3458
9.23655 28.4818
9.29407 29.0688
9.2881 29.2131
9.05677 29.3667
8.99529 29.4861
8.98 29.4858
9.56531 29.0465
9.50104 29.4213
8.97625 29.0588
9.09011 28.6995
9.01617 29.4059
9.08818 28.9529
9.40925 29.4586
9.35905 28.4959
8.69798 29.9418
8.95762 30.2589
8.68786 29.0411
8.42628 29.3278
9.48127 27.9884
9.09316 29.2083
9.14925 28.6679
8.77916 29.7198
8.90418 29.2985
8.28969 29.8085
8.47013 29.5023
8.56696 28.9744
8.62089 29.0488
9.08085 29.2497
8.88978 29.0878
9.09972 29.9375
8.88095 29.428
8.97944 29.1516
9.26907 29.0814
8.95156 28.9896
8.79092 28.8492
9.39117 29.2575
9.56684 29.6353
10.0381 29.1446
10.5522 28.2521
10.6443 28.5039
10.6124 28.7972
10.5569 28.7107
10.5934 28.8513
10.8583 28.0681
10.3115 28.8238
11.1606 28.5714
11.824 28.3199
12.0998 28.328
12.0998 27.9576
11.6914 27.8391
10.6642 28.4039
10.3233 28.7304
10.0525 28.6587
10.3997 29.237
10.2927 29.1372
10.0916 29.2644
10.7363 27.8953
10.5457 28.3929
11.8599 27.8231
10.7072 27.5878
9.73204 29.8485
9.36413 29.1822
9.34786 29.2832
9.65309 29.0488
9.37919 28.6645
9.93369 28.9483
10.2186 28.8161
10.403 28.7876
10.4866 28.4903
10.81 28.7732
10.8649 29.0438
11.4762 29.1991
10.0842 29.3219
10.4187 29.2481
10.4601 29.3267
9.70884 28.8076
10.0805 28.0805
9.7912 28.5105
9.97956 28.8526
9.53516 29.2079
9.64973 30.0076
9.62995 29.3507
9.4491 28.125
9.557 28.0309
8.81581 29.2219
8.82186 29.4814
8.99365 29.1061
9.36191 29.0199
9.12251 29.1253
9.39887 29.0518
8.90445 28.3927
9.1157 28.2565
9.10214 28.7886
9.20525 29.0119
9.3321 29.3431
9.37404 29.1762
9.82818 28.9294
9.47013 28.8616
8.88619 29.9033
9.17571 29.1112
9.62055 28.3223
9.62772 28.3033
9.73044 28.7083
10.1004 28.8976
10.5066 29.2068
10.2724 28.7941
9.96367 28.6604
10.0579 29.0108
9.67234 29.1692
10.0436 29.1126
10.0032 29.5087
10.0448 29.0677
9.83167 29.1684
9.66237 29.0137
9.62069 28.9424
9.54034 29.5248
9.0899 29.7279
9.16985 29.1349
8.97081 28.9343
9.13242 28.8101
8.68105 29.7413
9.58082 29.7564
9.48586 28.8026
9.73434 28.1058
9.30324 28.1648
9.27796 28.1349
9.05846 29.538
8.54604 29.8489
8.96146 29.2991
9.05685 29.3309
8.97302 29.3367
9.18756 29.3756
9.39826 29.0319
9.42584 29.0979
9.97927 29.7712
9.56674 29.309
9.62176 29.419
10.4464 28.3063
10.8782 29.9241
10.7986 29.1904
10.2726 28.9827
10.9311 28.4902
9.97093 29.9094
9.64423 28.5841
9.74715 28.7089
9.51934 28.7172
9.55014 27.9862
10.049 27.9143
9.58681 28.1589
9.77175 28.2095
10.0956 28.547
9.80018 28.9998
9.87362 28.047
9.36354 28.7698
9.31582 28.7375
9.34021 27.7051
9.33889 29.7274
9.14143 28.7481
9.2553 28.2443
9.28604 29.471
9.25376 28.6649
9.89227 28.9607
9.97371 29.5069
10.1451 28.6523
9.61944 28.9263
10.0911 29.0018
10.4229 29.3873
10.1208 29.0751
9.9737 28.6418
9.77104 28.937
9.99634 28.5044
9.11626 29.6655
9.41903 29.6313
8.78684 28.9681
9.55543 29.5033
9.01212 29.4045
9.01212 29.6762
9.16953 29.6439
8.76765 29.481
9.18765 29.7883
9.85262 29.3297
10.1554 28.7379
10.298 28.4781
10.3121 28.3266
10.1439 28.9407
9.80813 29.7168
10.6926 28.875
10.2341 28.8813
10.1257 29.6815
10.6598 28.5651
10.9744 29.0358
10.3368 28.7262
9.68253 28.6192
10.4304 28.6446
10.4306 28.8147
11.7517 28.4593
10.8231 28.0388
11.2229 28.1527
11.5825 28.2376
10.7539 28.1554
11.4533 27.4931
11.4013 28.1316
10.3012 28.4155
10.4703 28.6397
10.0231 28.9979
9.73077 29.597
9.59444 29.6333
10.029 29.3752
10.2589 29.2356
9.75254 29.106
10.0104 28.6987
9.89485 28.9559
10.087 29.2704
10.1377 29.6457
9.97261 30.0345
10.0859 29.0074
10.008 29.3201
10.5066 29.3231
10.295 28.698
11.1665 28.5585
10.5688 28.6744
10.3539 28.6329
10.3539 28.6204
10.3157 28.9484
10.3753 28.4799
10.3666 28.4386
10.18 29.2853
10.1975 27.8414
10.0933 28.5316
9.99902 28.4987
9.6886 28.7694
9.83089 29.0675
9.98757 28.0652
9.61747 27.9632
9.82729 28.5093
9.19593 29.2703
9.06332 29.7084
8.82719 29.9846
9.21863 29.6434
9.65338 29.952
9.78808 29.3488
9.95631 28.7191
10.088 29.2303
9.59727 29.4456
10.2947 28.0468
10.0114 29.1233
10.2733 28.3602
9.76029 28.5003
9.54996 29.3442
10.0713 29.26
9.95763 27.7818
9.27612 29.031
9.26433 29.723
9.98045 28.7823
9.69208 29.5037
10.2932 28.999
10.3176 28.9356
10.1433 28.4297
9.91722 29.0949
9.91886 28.7681
9.69704 29.4334
9.48399 29.7872
8.95422 30.6096
9.30831 28.8484
10.2199 29.5148
9.81404 29.22
9.98257 29.1182
9.00533 29.8321
8.9512 29.1942
9.2379 28.9241
9.05048 28.9985
9.40288 29.2011
9.57009 28.4373
9.53252 28.0683
9.70031 29.3847
9.4236 28.3329
9.42788 28.0015
9.37006 28.4127
9.69401 28.2278
9.48187 29.1373
9.53629 29.4524
9.94169 29.0114
10.2334 28.4697
9.22052 29.7214
9.54361 28.8005
10.0225 28.7438
9.4405 28.648
9.44422 28.9529
9.57158 29.4521
9.54636 28.8629
9.48967 29.1577
9.86368 29.2503
10.1426 29.0536
11.692 29.0655
11.8657 28.3166
10.769 27.808
10.769 28.5906
10.762 29.5281
9.71595 29.7914
9.08207 29.6825
9.37162 30.2637
9.17771 29.8025
9.55332 28.9491
9.64856 28.9211
9.77157 28.4326
10.0638 29.0612
9.89639 29.0158
9.86288 27.7226
10.2977 29.0353
10.5515 29.64
11.8796 29.4575
10.8085 29.1025
10.7157 29.218
9.76476 28.9234
10.3929 27.8655
10.3929 28.8592
10.0695 28.6038
9.91736 28.6041
10.1536 28.4889
9.50589 27.6275
9.37068 28.937
9.3165 29.0559
9.14255 29.3448
9.10946 28.7993
9.04203 29.5075
9.04844 29.9328
9.20879 29.7045
9.07497 28.3498
9.41215 29.1748
9.10387 29.7715
9.01484 28.9635
8.46475 29.2621
8.76785 29.0257
8.96596 29.3315
8.89634 28.7224
9.0314 29.2221
9.21561 29.1448
9.03215 29.2993
9.1988 28.8647
9.26926 28.2771
9.94773 28.5744
10.6686 29.416
10.5464 29.516
11.4276 29.0758
11.0668 28.9899
11.0632 28.612
10.4794 28.6525
9.60064 28.6336
8.72024 29.5445
8.39123 30.0329
8.93987 29.5687
8.62671 29.3721
8.85401 29.0019
9.11008 29.2637
9.84943 29.1585
9.90309 29.3494
9.51933 28.7973
9.51933 29.2703
9.35463 29.3501
10.1354 27.7475
9.40699 29.4857
9.48916 28.5503
9.21586 28.7368
9.97668 29.0791
9.70762 29.1381
10.5877 28.8557
10.0366 28.5764
10.0437 28.5834
10.21 28.4601
9.88252 28.4642
10.4144 28.226
10.6375 28.5813
11.2655 29.6167
10.7723 29.7095
10.278 29.5481
9.99114 29.6719
10.0834 27.6138
9.1661 30.0815
8.89319 30.0086
9.45812 28.9347
9.51577 27.8907
9.05922 28.7313
9.02948 28.9903
9.2147 29.5456
9.70985 29.2232
9.66182 29.1146
9.38514 29.1023
9.75216 28.511
10.1799 29.5498
10.5638 29.5524
10.0415 29.1232
10.1517 28.522
10.3907 28.2434
10.394 28.4427
10.6348 28.5343
10.506 28.1374
10.5236 28.8061
10.1002 28.8938
9.54732 29.1007
9.14415 29.7123
10.1566 28.4057
10.2574 29.3371
11.0329 29.2565
11.0045 28.4269
10.2683 29.1971
10.26 30.1155
9.94381 29.3124
9.94381 29.2685
10.0325 28.7775
9.73388 29.5237
9.97587 27.8828
10.1945 27.8101
9.73654 28.0106
9.96022 28.1116
9.38202 28.1557
8.54035 27.8672
9.15521 29.2097
9.11573 29.3027
8.74656 30.082
8.93727 29.2838
9.71706 29.7529
8.93209 30.7322
9.17047 29.6873
8.7377 29.7456
8.95322 28.7202
8.87976 30.072
9.06974 28.8053
8.83885 29.9126
9.56749 28.5813
9.73345 29.0622
10.1681 28.5339
10.9558 28.6658
11.0663 28.4886
10.6794 28.3739
9.93482 29.1452
10.0447 28.4598
9.82394 28.7911
9.53857 29.3147
9.6726 27.8248
9.80097 28.0384
9.771 27.5394
9.42435 29.2687
9.18135 28.3409
9.23896 28.5017
9.51812 29.114
9.76276 29.5619
10.0168 29.0495
9.64995 30.112
9.92902 28.3144
10.1405 29.0977
9.89239 29.283
9.42259 29.2691
9.40935 29.6046
9.36057 28.9846
9.38908 28.8115
9.33589 28.7191
9.3279 28.6742
9.32174 28.6385
9.31907 29.1513
9.36812 29.1127
9.36618 28.5255
8.77953 29.7223
9.34712 29.0538
9.71941 28.2623
9.90284 28.9617
9.75754 29.0538
9.57424 28.7255
9.28407 27.9787
9.73337 28.4254
9.90651 29.0817
10.1538 28.9432
10.5181 29.3561
10.9739 29.4548
10.2007 28.0792
10.3952 29.734
10.155 29.1869
10.0762 29.9537
10.2092 29.7427
9.67346 28.9664
9.66888 28.6627
9.51126 28.678
10.5363 28.9859
10.9469 27.9302
10.9308 28.6481
11.1393 28.3192
10.2261 28.9308
9.80205 28.6173
10.1442 29.4694
10.0476 28.8175
9.81935 28.6287
9.70811 28.9889
10.1353 28.7289
10.1586 29.1045
9.97477 29.3496
10.0071 29.0381
9.97993 28.1
9.96238 29.0609
9.56047 27.6822
10.117 28.8223
9.84825 29.6163
9.83339 29.459
10.1098 29.2172
9.18714 29.3038
8.98507 29.5216
9.18558 28.7208
9.57852 29.4411
10.2471 29.0718
10.3114 29.1904
9.94522 28.1478
10.0296 28.3562
10.1759 28.0369
10.1707 28.0816
10.0471 29.042
9.51988 29.7908
9.18699 28.5388
9.5674 28.0912
9.57905 28.7986
9.20226 29.5716
9.17459 30.0519
9.0514 29.1192
8.98779 29.6973
9.41128 29.1261
9.63295 28.1384
9.81721 28.4195
10.1965 29.2092
9.49945 28.6479
9.53985 29.9878
9.85074 28.5826
9.87899 29.0469
10.4374 29.1107
10.4032 28.1055
10.6313 28.508
9.56562 29.8085
10.2919 29.506
10.0671 28.8245
10.6227 28.6145
10.4522 28.6486
10.2009 28.5449
10.6306 29.1089
10.7702 29.1179
9.94621 28.9799
9.9623 28.4831
10.0145 28.6061
10.2619 28.9011
10.3174 29.4983
9.68274 29.928
9.94936 29.1605
9.85259 29.0128
9.43361 28.6093
9.45234 27.6358
9.68714 27.9918
9.72973 28.6276
9.75343 29.0928
9.56051 28.9462
9.54233 29.0135
9.58046 28.8682
9.48734 28.4878
9.87855 29.335
9.42313 28.0793
9.43212 28.5251
9.32685 28.5578
9.40925 28.5826
9.36059 28.903
9.76215 28.4004
9.45915 27.8926
9.40915 29.2524
10.2299 28.2728
10.0743 29.4337
9.71703 29.8008
8.58698 30.0792
8.72614 29.4525
8.79385 28.3051
8.8196 29.7913
8.70811 29.8146
9.07085 29.4364
9.40418 28.8308
9.65759 29.0556
9.49737 29.7454
9.44305 29.2206
9.2115 28.3401
9.22546 29.1534
9.12765 29.1397
8.77394 30.1753
9.24646 28.6164
9.15338 30.0549
9.40843 29.9824
9.26587 29.2437
9.68103 28.8152
8.97043 29.0713
9.32649 29.2799
8.89693 29.1162
8.82216 29.9639
9.09388 28.3771
9.2795 30.2555
9.45392 29.0292
9.72004 29.4549
9.69063 29.5607
9.65083 29.3451
9.81401 29.3438
9.76463 29.6359
10.2256 29.1196
9.58939 28.7987
9.39602 29.4868
9.14527 29.1822
9.32347 29.3079
9.55521 28.5319
9.51836 29.1905
9.64629 29.2423
9.78847 29.1537
9.44284 28.27
9.33 28.5684
9.75537 29.6145
9.09434 29.639
9.32729 28.9468
9.71427 28.6316
9.51679 28.6066
9.51679 28.5325
9.14656 29.1651
9.40724 28.8412
9.82441 27.8682
10.4658 27.1609
10.7442 27.7232
10.3337 28.2149
10.2701 29.6121
9.4201 28.5777
8.97467 29.6799
8.98461 30.2384
8.99554 30.0018
9.34411 29.3873
8.85761 29.8041
8.70571 29.5208
8.72789 28.8936
8.58426 29.7591
9.01281 28.7236
9.5043 28.8842
9.26815 29.1129
9.64522 28.8264
8.7766 30.2453
8.70812 30.0559
9.06744 29.4803
9.32199 28.7183
9.45435 29.1233
9.4113 29.9863
9.06351 29.2954
8.83081 28.9502
9.11349 29.323
9.77075 29.3059
9.87522 28.4688
9.33814 29.3249
8.9352 29.5787
9.35896 29.3891
9.41609 28.8859
9.56127 28.9221
9.55857 28.9799
9.06301 29.2929
9.05076 29.5343
9.39224 28.3711
9.56587 28.8966
9.39817 28.5187
9.37132 28.6007
9.00522 29.0299
8.79018 28.6657
8.74375 29.4257
8.90337 29.1178
9.05199 29.2087
8.99985 29.248
8.46462 29.2813
9.07775 28.7916
9.42104 28.3871
8.95244 28.475
9.83945 28.4882
9.98019 28.901
9.44684 28.2376
9.4171 28.0969
8.62647 29.3319
8.49486 28.6789
9.01611 28.8004
8.55558 29.9092
8.83824 29.4116
8.97581 28.4374
9.13807 28.974
8.96246 29.5261
9.75391 29.4843
9.73734 28.8145
9.6612 29.1604
9.2751 30.2782
9.37569 29.5834
9.53229 28.8301
9.2533 29.4704
9.22868 29.9383
9.08194 29.4685
9.28963 29.5738
9.66378 28.7993
9.6125 28.7669
10.5206 29.1669
10.2455 28.6482
10.2807 28.6526
10.3456 29.5275
10.4868 29.3034
11.0004 29.1882
10.7383 29.1388
10.6802 29.2977
10.2962 28.2653
10.5445 28.8148
10.3412 28.8275
9.91005 28.9954
9.51998 29.1845
8.81379 29.3632
8.6138 29.3762
8.69648 28.8046
8.87381 29.2127
9.01322 29.1038
9.19708 29.1333
9.11067 29.5188
9.99723 28.5319
9.79307 28.7304
10.0867 28.8994
9.85769 29.0147
10.0186 28.8467
9.73138 28.8864
9.17545 29.2556
9.24237 28.1306
9.57882 28.5288
10.1608 28.3692
10.2654 28.3365
10.0369 28.726
10.1411 29.1186
9.94613 29.211
9.6502 29.0049
9.52233 29.0291
10.058 29.2511
10.606 29.3648
10.3466 29.1374
10.0626 29.804
9.23566 29.0116
9.18604 29.8036
9.116 29.292
9.06224 28.9221
8.83155 28.7965
8.90376 28.6048
9.59992 28.8726
9.90688 28.8755
10.0652 29.2641
9.99848 29.1761
11.8199 27.9523
11.8199 28.1269
12.1529 28.5839
12.1529 28.6142
11.4215 28.5883
10.8849 28.5802
10.3389 28.5758
10.2785 28.6231
10.3089 28.9403
10.2652 29.1178
10.2074 29.14
9.31984 29.6612
9.14473 29.4397
9.11793 29.3384
9.35433 29.2123
9.05736 28.688
9.15751 29.7639
9.17326 29.8934
9.82796 28.7133
9.99376 29.1703
9.67791 30.2376
9.64995 30.1984
9.64606 29.462
9.65434 29.6692
9.59814 28.687
9.17965 28.4634
9.26731 28.7102
9.90452 29.2924
10.3207 29.2866
10.3721 29.5914
10.2205 28.5754
9.15485 28.5051
9.51758 29.0481
9.3788 28.4625
9.35299 28.9129
9.34137 28.7647
9.5348 28.9051
8.94245 29.0144
9.43748 29.5272
9.6037 28.9813
9.46642 29.4523
9.47987 28.1668
9.40702 29.7884
9.65734 29.63
9.77731 29.7811
10.1938 29.2014
9.90071 28.5641
9.88142 29.5021
10.3823 29.797
10.0377 29.8231
10.4115 29.3769
10.4301 28.4075
9.29059 28.9123
9.22987 29.2543
9.5148 29.539
8.94838 29.3525
8.76695 29.2584
9.87673 29.0374
9.37181 28.7763
9.64089 28.2357
9.27259 28.6473
9.60664 28.1849
9.5221 28.5706
9.19041 29.8251
9.53809 28.4963
9.27247 29.6925
8.96518 29.7244
9.70436 28.9372
9.60377 28.9238
9.35987 29.0766
9.37728 28.7996
9.68101 28.7091
9.55958 28.9214
9.54244 28.653
9.46566 29.949
9.44149 29.0806
9.40365 28.6263
9.23034 28.4708
9.00791 29.1093
8.96766 29.8874
9.57708 28.9021
9.2483 29.0126
9.47536 28.6442
9.82502 29.4504
9.49872 29.0533
9.38939 28.8802
9.48797 29.5933
9.63198 29.584
9.39842 29.6345
9.49592 28.7954
9.16455 29.8575
9.69334 29.1777
10.2139 29.0741
10.1679 28.9007
9.80783 29.0639
9.86606 28.7438
9.74647 28.9532
10.0421 28.8284
10.0698 28.118
8.91141 29.1864
9.46394 29.2989
9.25725 29.1522
9.27497 28.8671
8.77094 30.089
8.59072 30.1917
8.49999 29.2796
9.35289 28.1215
9.42548 29.4484
9.47677 29.601
9.47414 29.1228
9.19013 29.1717
9.51684 29.8943
9.07209 30.0957
9.37585 28.8738
9.00792 28.8711
8.88007 29.2354
9.09614 29.4165
8.41447 30.5099
8.35117 30.1064
8.42909 30.499
8.77116 28.8519
8.23237 30.3379
8.62209 29.7244
8.2929 29.485
8.88217 28.8095
8.99474 29.8484
9.6046 29.2149
9.57254 29.7559
9.09811 29.3626
9.74791 29.0294
9.46452 29.815
10.111 28.9971
10.1086 28.3502
10.2974 28.0311
10.7132 29.3168
10.8604 28.8522
11.1254 28.9512
11.6075 28.7154
11.0656 28.5999
11.2108 29.3366
10.7249 29.0645
9.29535 28.6283
9.97238 28.1546
9.32112 28.486
9.68489 28.8105
9.97584 28.8659
10.1008 28.4271
10.228 28.473
9.62715 28.4937
9.80048 28.7498
9.34265 28.7992
9.06251 28.8473
8.77363 29.6786
8.32773 29.3311
8.39481 30.4988
9.17202 29.1388
9.13503 28.8711
9.25181 28.9996
8.96568 29.4673
8.82049 29.694
8.84077 29.1558
8.69489 29.1896
9.06767 29.7819
9.14439 28.4428
9.49011 29.5613
10.1345 28.7805
9.88729 28.7807
9.5645 29.2076
8.8528 29.8916
9.17669 29.3955
9.82299 29.3999
9.82299 28.977
10.9144 28.1333
10.9248 28.8771
9.55216 29.8894
9.35144 29.8796
9.13776 28.8449
9.0213 29.2275
9.3201 29.1014
8.61888 28.624
8.73358 29.6088
9.11958 29.3994
9.35994 29.168
8.87175 29.6535
9.10215 28.8401
9.2825 29.2531
8.87859 28.7573
8.93968 28.8478
8.93861 29.0568
9.18585 29.2472
9.0179 29.3703
9.08565 28.7747
9.13702 29.127
9.16052 29.2272
9.81109 29.0493
9.44209 28.9933
9.49653 29.1912
9.11261 29.1185
9.3533 28.7354
9.51646 28.9855
9.73631 28.7363
10.3011 28.6621
9.79109 28.6564
9.75264 28.6127
9.75264 28.3257
9.79206 28.119
9.98839 28.4812
9.60032 28.4426
9.62726 29.2826
10.0009 28.8866
9.33357 28.6544
9.13685 29.6177
9.79012 28.4217
9.82863 28.0132
9.50437 28.4699
9.47795 28.3671
9.72636 28.7177
9.01593 29.7614
9.36768 29.6422
9.26221 29.2546
9.17219 28.5091
9.76041 29.2492
9.71239 28.8767
9.79191 29.7719
9.86377 28.8367
9.89537 28.1739
9.10576 28.788
9.00835 28.1737
9.68205 29.3528
9.12973 28.9555
8.80253 28.2437
9.56077 28.7341
9.79353 28.6668
9.06448 30.0021
9.18129 29.4122
8.90521 28.6734
8.71595 28.0828
9.23901 29.0393
9.30845 28.2579
9.59042 28.6747
9.64445 29.4408
10.1791 29.2318
10.1617 28.9884
11.0687 28.2706
10.5097 28.0995
10.6872 30.6919
10.6838 29.3967
10.8403 29.2931
9.54034 29.2506
9.49916 29.4685
9.59025 28.7063
9.18202 29.0453
9.26642 29.3924
9.02043 29.9463
8.5509 29.9128
8.51094 30.0568
8.71062 28.8242
8.93057 29.4212
8.98301 29.1544
8.47855 29.6594
8.41376 29.285
8.67707 29.3056
8.39836 29.3729
8.31639 29.3799
8.90632 29.6958
9.51511 28.7077
9.70213 28.2583
9.80288 27.8978
8.81359 28.5554
8.89969 30.0043
9.14064 29.1488
9.23063 28.2991
8.83397 29.4933
9.04572 29.3305
8.83694 29.0768
9.45881 29.02
9.52098 28.8041
9.60236 29.1926
9.60877 29.5758
9.76216 28.9113
9.38882 28.8163
9.99286 29.0298
9.2314 28.3488
9.58841 29.2189
9.43504 29.212
9.1801 29.2222
8.83182 29.1272
9.0516 28.7944
9.80031 29.3207
9.53145 29.2747
9.21597 29.3867
9.03858 28.2609
9.15663 29.5506
9.21501 29.827
8.99541 29.8874
9.41792 29.3012
9.63292 29.1186
9.22358 28.5856
9.00744 28.6717
9.61807 28.8703
9.61807 29.3348
9.93677 28.8834
10.4279 29.2108
10.7174 28.3559
10.1191 28.3601
9.72678 29.7809
9.39384 29.3738
9.88018 28.8161
9.55355 27.8707
9.3048 28.583
8.99766 29.3527
8.8127 29.0023
9.24941 27.9143
9.41029 28.6637
9.38854 29.1804
9.4147 29.7174
9.50684 28.8216
8.99086 29.6502
8.89494 29.7099
8.91182 29.1843
8.71366 29.6299
9.21096 29.1434
9.0241 29.239
9.22522 29.1128
9.45716 28.9095
9.17204 29.5
9.64794 29.9391
9.35306 28.687
9.61046 28.5937
10.4232 28.2379
10.3534 28.4249
9.8736 29.3834
10.362 29.4327
10.2088 30.2029
10.368 28.0672
10.5178 29.5805
11.143 29.4758
10.9006 27.8471
11.2637 29.3133
10.3208 28.9978
9.95812 28.443
10.2015 29.0628
10.2328 29.7093
10.352 28.5788
10.5104 27.9513
9.89364 28.6524
10.0608 28.7631
9.76699 29.3711
10.0717 29.4587
9.7902 29.2825
10.2253 28.7619
10.4711 29.1187
10.1786 29.093
10.4103 29.2792
10.8307 28.768
9.9723 28.2833
9.96925 27.9041
9.42006 29.7222
10.1288 29.7811
10.2671 28.6454
10.6598 28.6417
10.1171 28.4209
9.34964 28.9969
8.75907 29.2073
8.54895 29.4717
8.89985 29.3669
8.82497 29.5541
8.75409 29.3972
8.79854 29.5502
9.14278 29.738
8.99593 29.4128
9.16147 29.6318
9.00067 29.6826
8.84412 29.3948
8.50343 29.9999
8.97404 28.9305
9.6691 28.434
9.50119 28.5041
9.34964 29.1329
9.25492 28.9166
9.27614 29.9585
9.73818 29.7716
9.59757 28.1605
9.39089 28.2838
8.89007 28.8566
9.48387 28.6212
9.01582 29.0559
9.49638 29.2167
9.11998 29.1694
9.15061 29.2794
8.89461 29.8658
9.40143 29.6211
8.47308 30.176
8.40878 29.1277
8.40878 29.9538
9.42308 29.0424
9.09456 29.1007
9.3786 29.4741
9.39427 29.1738
8.57452 29.758
9.43285 29.2327
9.49012 29.1143
10.1571 28.9339
11.0793 28.0311
11.2164 28.6647
10.3721 28.9061
10.1545 27.811
10.1545 28.2218
9.45349 28.8879
9.66731 28.1559
9.40281 27.9009
9.52668 28.8118
9.35145 28.591
9.86611 28.8167
10.1158 28.7628
9.83305 29.43
9.44295 29.5171
9.33846 28.4359
9.57841 28.9999
9.0893 28.6968
9.26793 28.3107
9.83663 28.8913
9.54874 27.9315
10.1915 29.5729
9.5551 29.4145
10.5562 29.4981
10.3541 28.1496
9.40559 29.2594
10.4623 28.2932
9.20912 28.7199
8.8857 28.7986
8.77328 29.7439
9.3318 28.794
9.08905 28.3245
8.9777 29.636
9.29015 28.8785
9.05268 29.6799
9.28636 29.5214
9.72702 28.7489
9.75084 29.1417
10.2984 28.62
10.0217 28.8295
10.1559 29.0605
9.38576 28.6799
9.41957 29.1238
9.00513 29.5805
9.04572 28.8054
8.94909 28.5965
9.11067 28.4116
8.89275 28.9561
8.34468 30.3631
8.92807 29.1587
9.21393 29.8303
10.2941 29.2082
9.90523 28.4686
9.92212 29.3973
9.47782 28.3359
9.15086 29.0776
9.98808 28.8005
9.13037 29.3398
8.96749 29.9949
9.70762 29.6651
9.68628 29.337
10.2297 29.2214
9.47455 29.7554
9.54122 28.4866
9.98884 29.454
9.23824 29.5314
10.1558 28.9646
9.79582 28.4688
9.88117 28.749
9.641 28.8558
9.75358 28.8667
9.69241 28.868
9.43664 28.9601
9.4133 29.0707
9.50189 29.2302
10.3536 28.4482
9.67127 28.9017
9.74503 28.8469
9.65841 29.2911
9.62824 29.9225
9.61848 28.9411
9.17779 30.4691
9.51466 28.4476
10.1902 28.547
9.67136 29.0197
9.09413 30.8052
9.45347 28.3533
9.728 28.925
9.23723 28.0506
9.16211 28.9193
9.49167 28.2862
9.01928 29.2498
9.37134 29.2276
9.11797 29.5212
8.64978 29.5142
8.71481 29.6533
8.83827 28.6541
9.05307 28.9159
8.68392 28.6663
9.01287 28.6704
9.32665 28.1333
9.18024 29.2812
9.35935 29.5489
9.42314 29.3395
9.10503 29.1819
9.53678 28.3882
9.79203 28.6935
9.49121 27.855
8.81075 29.0034
9.01875 29.28
9.03253 29.6191
9.22206 28.6378
8.93027 29.0264
8.5567 29.325
9.25154 28.7799
9.42772 28.6964
8.91366 28.91
8.70379 29.099
8.92443 29.2742
9.43049 28.7249
9.60108 28.7967
9.70093 29.0633
9.72108 29.438
9.72108 29.1199
9.78198 28.4967
9.53008 28.7288
9.73394 29.0422
9.59171 29.0336
9.81921 28.6292
9.10832 28.6805
9.14704 28.7374
8.76497 29.8901
9.0375 28.872
9.18149 29.3308
9.53368 28.002
8.89387 29.1267
8.95857 29.297
9.10945 29.3155
8.90599 29.8256
8.75666 28.4245
8.87614 29.347
8.84574 29.8358
9.23664 28.8144
9.05415 28.7639
9.18301 28.6882
9.64263 28.3878
9.36444 28.8141
9.32967 28.6022
9.58829 30.1163
8.86453 29.3382
8.83477 28.9425
8.7831 29.2141
8.99581 28.6663
8.79659 28.236
8.90121 29.5233
8.72303 29.6284
9.03608 28.7659
9.32191 29.308
9.07143 28.7997
9.2526 29.4282
9.2526 29.4372
9.10389 28.4932
8.75965 29.1614
8.6983 29.442
9.28371 29.2753
10.3344 29.445
10.7007 29.2558
10.5523 28.9562
10.2383 28.5676
10.217 28.8127
10.7062 28.3914
10.2421 29.4095
10.2421 28.813
10.6678 28.502
10.1531 28.4442
10.3095 28.2882
9.4571 28.8925
9.51366 29.6149
9.375 29.0293
9.55916 28.0883
9.62546 28.7067
9.55391 28.8608
9.94342 28.1932
9.37716 28.4943
8.99998 29.3062
9.22564 28.9041
8.76498 29.1489
9.00849 29.2039
9.27068 28.3352
8.97016 29.0855
8.85428 29.315
9.04961 29.5458
8.99211 29.1839
9.09643 28.1582
9.60193 28.6114
9.42318 29.3732
9.45306 29.6306
9.71789 28.5779
9.8898 29.0387
10.2576 28.3629
9.99704 28.7093
9.68529 29.1325
9.92275 28.3855
9.63444 29.4964
9.56579 28.9431
9.8675 28.2735
10.2118 28.4246
9.80999 28.4453
9.72344 28.9172
9.94301 29.3846
9.47491 29.1214
9.3278 28.7109
9.48127 28.7732
9.62316 28.7735
9.65024 28.5195
9.35341 28.7763
8.75328 29.1753
8.56216 29.5931
8.68267 29.1439
9.75368 27.7263
9.42939 29.0702
9.274 29.225
9.60529 28.6979
9.41532 28.9053
9.47525 29.2265
9.19669 28.9483
9.11731 28.8578
8.75671 29.4453
8.92929 29.5674
8.92929 29.3833
8.8683 30.0954
9.6339 29.4334
9.43632 29.4885
9.12191 29.0531
9.38582 29.2782
9.08883 29.5454
8.73097 29.6321
8.79162 29.347
8.6099 29.2278
8.84334 29.7889
8.72083 29.5832
8.58435 30.131
8.86817 29.5387
9.62075 28.5499
9.72089 28.7274
9.19617 28.4147
9.68909 28.5819
9.61962 28.6907
9.92305 28.5531
10.0395 28.7453
9.33143 28.3582
9.00818 28.2485
9.84988 28.1341
9.78965 29.7152
9.78907 29.3151
9.51325 29.3879
9.68593 29.8782
9.5824 29.7695
8.98302 29.5376
10.0459 28.4425
9.38685 29.9031
9.26747 29.8997
9.58536 28.9784
9.59841 29.5895
9.5649 29.27
9.6177 29.258
9.29179 28.2707
8.79962 29.5955
8.97973 29.2283
8.89103 29.0266
8.92996 30.3099
8.96299 29.1282
9.32099 29.1789
9.30493 28.9977
9.00715 28.9864
9.03185 29.0583
9.08026 28.5221
10.0885 29.1745
10.0774 28.4581
9.07429 28.6941
9.54899 28.4625
9.16523 29.1531
9.54059 29.3005
9.37423 29.2851
9.20531 29.3433
8.43972 29.5154
8.75669 28.9351
8.44138 29.561
8.39248 29.4168
8.61401 28.7919
8.8482 28.397
9.08907 29.126
9.2383 28.7915
9.27534 29.3359
9.2625 29.5489
9.21238 28.4927
9.20532 29.056
9.36559 28.8928
9.81009 28.3117
9.266 28.5407
9.66389 28.3836
9.80187 28.7582
9.72735 28.9631
9.55288 28.3911
9.44581 29.0985
9.41797 29.7538
9.54394 28.1301
9.90742 28.8564
9.62917 28.8598
9.74821 28.8616
9.8069 28.9268
9.65026 29.0704
9.07412 28.8415
9.19859 29.2107
9.51074 28.5364
9.28278 29.0168
8.85757 29.2946
8.9354 28.7927
9.05054 29.3868
8.89425 29.3126
8.91658 29.2924
8.8639 28.7902
9.00704 29.9368
11.4497 29.7903
11.7534 28.2264
10.916 29.6798
10.9361 29.3484
11.2721 29.1168
10.5759 29.8734
10.2416 29.5011
10.4629 29.4055
10.3794 29.3825
10.1133 29.3
10.1133 29.2871
10.686 28.7946
11.1236 29.0568
11.961 28.4163
11.9589 28.1845
12.298 28.2437
12.5126 28.3972
12.5567 28.5265
11.9739 29.1556
11.5721 29.3014
11.6152 29.3521
11.0898 28.6534
11.1167 27.8652
10.3633 28.5231
10.3271 29.1557
10.6454 28.7075
11.0543 28.4344
10.8477 28.3647
10.453 28.9336
9.91695 29.5709
9.71965 29.0148
10.0966 29.0559
9.96348 29.5919
9.83777 28.2386
9.72713 28.8544
9.71185 29.0941
9.50384 29.3935
9.04312 29.3542
8.81913 28.5466
9.79856 28.3957
9.68939 28.454
9.68474 29.2478
9.64311 28.9372
9.59478 28.763
9.28198 28.5066
8.88068 28.4743
9.06961 28.9687
8.70975 28.9284
9.18706 28.9126
9.38903 28.9138
9.02598 29.5687
9.22289 28.3613
9.92204 27.9577
9.65358 28.7927
10.246 28.8913
10.2231 28.8144
10.2604 28.224
10.0798 28.6473
10.3125 28.4203
10.664 28.8181
10.6823 27.9047
10.7987 27.9088
10.4901 28.6165
10.065 28.8475
10.1394 29.7711
10.5037 28.9468
10.1067 28.3331
9.73413 28.7402
9.55198 27.9806
9.91025 29.724
9.79007 29.7711
9.47926 30.2168
9.26084 28.1732
9.00734 29.5588
8.73932 29.5877
8.7209 29.8937
9.35639 30.2759
9.2841 27.9377
9.40635 28.5915
9.70243 29.3625
9.79773 29.3124
9.80245 29.2864
9.27799 29.1962
8.71773 29.1856
8.89818 29.8542
9.18764 30.2338
8.98965 28.9337
9.31588 28.8984
9.33492 28.7934
9.78909 28.7044
9.05515 29.2562
9.33385 28.73
9.23757 28.7777
9.58967 28.7886
10.0123 28.8204
9.60149 28.6413
8.98875 28.6921
9.35844 28.6493
9.85488 28.714
9.0479 29.008
9.09731 28.5904
9.321 28.675
9.26903 29.2496
9.8507 28.7189
9.71622 29.1236
10.4545 28.7198
10.2734 29.2253
9.54499 29.5621
9.44341 29.3669
9.87708 28.4111
9.24309 29.3716
9.19644 29.3158
9.66416 29.0665
9.73859 28.7341
9.65334 29.544
9.34507 28.8292
9.5281 29.7532
8.76744 29.2557
8.79285 29.5547
9.29097 29.0473
8.66962 29.6551
8.87702 29.446
9.5602 29.4607
9.67301 29.8191
9.93513 28.1835
9.4332 28.5547
9.55441 27.9178
8.91045 29.3726
8.57215 30.1659
8.86566 28.7966
8.81899 29.0685
8.93744 29.8108
9.00632 29.6499
9.57071 28.8151
10 28.8206
9.83631 28.7134
9.7022 29.0283
10.2116 29.167
8.84668 29.0623
9.00658 29.5919
8.84018 29.46
8.82031 29.4098
8.61115 29.3467
9.28449 28.7426
9.09896 29.1885
9.3804 29.1344
9.30491 29.1322
9.07446 29.1317
9.43069 29.1316
9.84317 29.1362
9.86842 29.493
9.74956 28.8207
10.271 28.589
10.3879 27.879
10.0029 28.3271
10.6767 28.5841
11.3442 27.8977
10.9001 28.2868
11.4188 28.3894
10.8521 30.1611
10.6876 29.8683
10.4199 29.3695
10.2254 29.4327
10.2254 29.2037
10.3516 28.8169
9.93997 28.675
9.62076 28.276
10.084 28.2049
9.96354 28.82
10.3994 28.8649
10.3941 29.2274
10.8155 28.3135
10.2187 28.3575
10.2025 28.2763
10.277 28.3545
9.97123 29.7732
10.393 29.6017
10.4493 29.0295
10.4493 29.0706
10.0566 27.9386
9.94278 29.4092
10.5181 28.347
10.6339 28.7311
9.68705 28.6995
9.53375 28.5708
10.1052 28.2098
10.1637 28.9994
10.1583 28.8559
10.1763 28.8112
9.89755 29.7695
9.68314 29.949
10.0862 28.7194
10.1856 28.4725
10.0235 29.1994
9.5085 28.4129
8.64985 29.9688
8.93455 29.1516
8.99204 29.1417
9.50853 28.5916
8.79461 29.4769
8.5706 30.1606
8.58504 29.9646
8.76232 28.9984
9.46057 29.553
9.56372 29.1663
9.41557 29.3623
9.78144 28.9404
9.69363 29.6801
10.0897 29.3574
10.0645 27.7814
9.28102 29.4153
9.20476 29.4774
9.23383 29.5498
9.4122 27.7433
9.44077 28.8543
9.13578 28.8174
9.00843 28.8685
9.24609 29.3352
9.95027 28.9103
9.8292 29.0223
9.56209 28.824
9.63752 28.6342
9.97011 28.8567
9.89487 28.9217
9.90959 29.2834
9.99334 29.0698
9.7194 28.7283
9.66098 28.7307
9.61873 28.93
9.23038 28.8819
9.94114 28.3455
10.0953 27.7235
10.5187 28.6291
10.3683 28.6652
10.2568 27.9211
10.7439 27.9312
10.153 27.9678
9.82619 29.5266
10.2751 28.9691
10.2378 28.3455
10.3374 28.1624
10.0934 28.4552
9.89335 28.6587
10.0811 28.3452
9.69818 28.8096
9.54498 28.8292
9.71408 28.2661
10.1411 29.2582
10.2342 28.7981
9.87895 28.7536
10.2343 28.5567
9.93549 29.4894
9.97084 29.2388
9.74685 29.4391
9.93362 29.035
9.62639 29.0647
9.6315 28.6942
9.44045 29.2633
9.49956 29.1985
9.89234 28.4619
9.85805 28.7917
9.73809 29.1476
9.81903 29.124
10.0472 28.2083
10.2209 28.8044
10.333 28.7738
9.24976 28.8307
8.89896 29.0967
9.19133 28.9987
9.34995 28.6754
9.41324 28.6915
9.40414 28.9348
8.95986 29.8067
8.51471 29.4505
8.49684 29.2918
9.50997 29.6072
9.59352 28.9914
9.90393 28.826
10.1515 28.7256
9.91714 28.5909
9.40739 29.5265
9.25329 29.4469
9.83426 29.1828
10.0706 29.4298
10.551 29.509
10.2916 28.4983
10.7347 27.7291
9.39311 30.1194
9.3843 29.6277
9.49977 28.8463
9.0656 28.5626
9.40283 28.7426
9.05871 29.193
9.60271 28.5961
9.46691 28.8809
9.62041 29.357
9.70877 28.7944
9.65694 28.4079
9.62889 28.7237
10.2508 28.9817
10.1233 28.5735
9.45074 28.4632
9.6703 28.3266
9.5508 29.1807
8.87155 30.1655
10.1636 27.3606
9.82334 29.0416
10.1494 28.1978
9.54973 29.0518
9.59721 28.9821
9.62349 29.4691
9.77413 28.7679
9.50447 28.5819
9.90755 28.4719
9.84807 28.5207
9.84807 28.7629
10.2162 28.105
10.1255 28.4978
9.56281 28.9757
9.23058 28.7658
9.16278 29.4104
9.42476 28.7077
9.42476 29.1927
9.27806 29.5477
9.46872 29.4946
9.94183 29.7041
9.74748 29.0709
9.6423 29.4019
9.96076 28.9008
9.74985 28.3994
9.44533 28.6732
10.0278 28.8703
10.3897 28.96
9.83891 28.6481
9.92764 28.7429
9.91831 29.0148
10.3607 29.2653
10.0533 29.3431
9.96702 28.2078
9.9305 29.3076
9.55372 29.3359
9.71946 29.3766
10.5845 28.3617
11.277 28.9777
10.9568 29.106
10.8519 28.7922
10.7685 29.0219
10.5381 28.2668
10.6309 28.3325
10.6278 28.5073
10.8837 29.1008
10.7494 29.036
10.7196 29.2003
10.9624 28.927
11.0671 28.2299
10.692 29.0452
10.9605 28.8984
10.9175 29.1124
10.7229 29.2051
10.4235 29.5062
10.8846 27.8391
10.4301 29.4541
10.6896 28.8798
10.4806 28.6336
10.7888 28.7533
10.1885 28.9833
9.64656 28.9527
9.58709 29.0098
9.75109 29.0607
9.52579 28.7174
9.23954 28.4582
9.67003 28.444
9.47365 28.3247
9.35919 28.2445
10.0059 29.1971
9.80052 28.915
9.87607 28.7048
10.2673 28.7042
10.3053 28.5377
9.76571 28.9393
9.03273 28.5492
9.98098 28.8677
9.87434 28.656
9.88597 28.4577
9.85668 29.2951
9.27151 29.1993
9.38121 29.2675
9.41792 29.476
9.47716 29.6654
9.75543 29.2722
10.0953 28.629
10.1143 28.4763
9.70164 28.5185
9.75527 28.468
9.92752 28.3843
9.99789 27.6424
9.7423 28.0721
9.47484 28.6332
9.29608 28.8844
9.15144 28.8981
9.13154 28.6473
9.05091 29.4256
9.13372 29.3883
8.9336 29.1907
9.11503 29.7702
9.53814 29.4022
9.45723 28.5925
9.65092 28.5907
9.51897 28.7009
9.61421 28.1943
9.86536 28.6703
9.7334 29.742
9.7334 30.2698
9.89752 28.386
9.76657 29.4501
9.65375 28.5708
10.2618 28.1999
10.3247 28.9207
10.0101 29.9932
10.058 28.494
9.80587 30.2393
10.1274 28.7315
10.0572 29.3366
9.8051 27.8736
9.91847 28.2367
9.18012 29.0971
9.32523 28.723
9.1146 28.736
8.67078 29.2903
9.21181 28.6159
9.15357 29.3592
8.73558 29.5609
9.518 28.1803
9.25276 29.3234
8.9157 29.6602
9.15654 28.1802
9.92473 27.8548
9.79863 27.9734
9.54851 28.7046
9.67737 28.4311
9.90173 28.8452
9.87682 28.8375
9.35154 29.2001
9.0529 30.1525
9.28504 28.7523
9.76873 28.9175
9.87371 30.14
9.97321 28.6197
10.8083 28.8501
10.8802 28.6067
11.7304 28.7965
10.8485 28.5506
10.2556 28.7421
10.5611 29.1793
11.3192 28.8758
10.7071 29.0897
9.89777 29.0785
10.0122 29.9522
9.53069 29.7566
8.66472 28.4761
9.0808 28.4625
9.62132 29.7195
10.5803 29.0228
10.6115 28.7924
9.49547 29.4186
9.55769 28.8388
9.31658 28.775
9.70815 28.0103
8.98281 28.5033
9.11921 28.1639
9.2779 29.5425
9.13457 29.4276
9.27197 28.9677
9.01026 29.4802
9.032 28.9319
9.2865 29.0567
9.25911 28.9459
9.11635 28.5851
9.33654 28.9592
9.0553 29.3628
9.55967 28.8288
10.2509 29.0044
10.0494 29.2768
10.1114 29.3761
9.98288 29.3028
10.1834 29.6859
10.2911 29.6779
10.3562 28.8307
10.306 28.8253
10.4835 28.0901
10.3047 28.7726
10.5777 28.9228
10.3954 28.7043
9.91837 28.7196
9.83432 28.7005
9.84766 29.2055
9.6687 28.2899
9.27168 28.9518
9.17408 29.1292
9.36227 29.2556
9.19293 29.0152
9.2491 30.078
9.17131 29.1814
9.2898 29.9118
9.13952 29.8396
9.07812 29.6426
9.07798 29.6649
9.09171 28.1168
9.55184 28.3917
9.54258 29.2415
9.07251 29.2251
9.73537 29.246
10.1037 28.1443
9.74494 29.3914
9.25771 28.4721
9.03914 28.4885
8.8136 29.001
9.26053 28.5831
9.28956 29.5831
8.82497 29.0897
8.46046 30.5921
9.24055 29.0149
9.63116 27.893
9.67307 28.8847
9.68062 28.7408
9.32047 29.1119
9.15229 29.4096
8.90701 29.4545
9.6267 28.8622
9.48449 29.1797
9.77666 28.8122
9.85279 28.2723
9.96327 28.0596
9.92654 29.0569
9.79922 28.9802
9.72842 29.3569
9.74687 28.6307
9.89453 30.1637
9.60624 30.2348
9.72406 29.0158
10.1054 28.5237
9.94683 28.5869
10.3295 28.3066
9.95968 28.7924
9.58678 28.9837
9.59281 28.3146
9.37237 29.6194
9.82764 28.6349
9.96803 29.5669
9.44344 29.093
9.44344 29.586
9.52254 28.6686
9.2213 28.8244
9.79795 28.7554
11.4553 28.6493
11.4593 28.814
11.1656 28.3526
10.7722 28.6344
10.5798 28.6961
10.9552 28.2545
10.6212 28.6023
10.3256 28.85
10.701 28.9817
10.6978 29.6365
9.94235 29.3113
9.34036 28.7141
9.64406 28.8007
8.87939 29.3336
9.28693 29.4961
9.41518 29.4883
9.96989 29.8147
10.5924 29.0604
10.8554 28.7658
10.9895 28.7292
10.8558 29.4913
11.1007 28.9552
10.5957 28.6651
10.407 29.1093
10.4782 28.686
10.6019 28.2812
10.7843 28.9847
11.0193 28.6495
10.7688 29.2024
10.5275 28.4687
10.6085 28.511
10.3844 28.2762
10.038 28.8672
9.91817 29.648
9.97329 29.5451
9.99173 28.6351
9.41198 28.8959
9.51323 29.1765
9.65633 29.4324
9.7114 28.559
9.51926 28.6555
9.80775 29.0142
9.48792 29.4905
9.52259 29.0264
8.91886 29.1687
9.01735 29.396
9.58904 28.2101
9.18787 28.9263
8.98477 28.6271
8.81247 28.761
8.97835 29.4192
9.47127 28.4612
9.34577 28.8974
9.85105 28.4379
10.5685 28.6636
8.63303 29.2419
8.65486 29.7179
9.16131 28.9902
9.29625 29.7259
10.079 29.0773
9.37081 29.5351
9.19425 29.0097
9.6219 29.3984
9.45571 28.8588
9.45571 28.8133
10.3838 27.4851
9.57454 28.7358
9.69013 28.1255
9.75374 27.98
9.69014 28.4626
9.20342 28.6813
9.43677 28.9029
8.90127 28.8271
9.35339 28.7384
9.94815 29.5751
9.53515 29.2069
9.54327 29.5155
9.32244 30.419
9.20481 28.4393
9.19509 29.3254
9.48468 29.4782
9.42066 29.4521
9.83763 29.2622
9.01336 29.2684
9.63019 29.1051
9.89633 28.9764
9.67129 29.9604
9.71245 29.1239
9.57097 29.1245
9.45462 29.478
9.81133 29.1473
10.4055 28.4069
10.3807 28.3264
10.3353 28.6864
10.366 28.7806
10.2643 28.6699
9.90107 28.7433
9.91468 29.2354
10.1413 28.7925
10.0525 29.3776
9.85837 28.9059
9.64528 28.6422
9.69988 28.4023
9.65689 27.8059
10.2138 27.9621
9.14662 29.3016
9.54612 27.6914
9.40405 28.7492
9.93326 28.7372
9.31863 28.9174
10.2134 28.9494
10.6673 28.3554
10.6869 29.1818
10.6794 28.8057
10.6946 28.1829
10.0429 29.2071
10.3921 28.5592
9.78859 29.8188
10.3411 28.3265
10.1746 28.0736
10.5868 28.8463
10.8245 28.5245
10.9216 28.2314
10.8234 29.2687
10.6418 28.2157
10.8095 28.6261
10.0385 29.3078
9.2881 28.6242
9.12585 30.0429
9.22963 29.9682
8.6939 29.4525
9.21443 29.8768
9.35617 28.2398
9.62743 28.6288
9.84513 29.0122
9.92942 28.9855
9.89373 28.6295
9.06826 28.7637
9.0963 29.5895
10.416 29.0719
10.3608 28.7615
10.3788 28.5854
10.8181 28.3705
9.66236 28.9405
10.91 28.2716
11.749 27.9916
11.6866 28.2645
13.2983 27.8452
12.8536 27.7493
12.5865 27.871
12.4248 28.9292
12.711 28.6328
12.69 29.0016
12.69 29.2055
12.69 28.7516
12.69 27.9856
11.3914 29.0292
11.3914 29.162
10.5691 27.7827
9.92909 28.4612
10.0162 29.9782
9.03546 29.3957
9.345 29.4271
9.93646 28.0656
9.8287 28.7173
10.0117 28.571
9.80902 28.5332
9.45971 28.5813
9.55477 28.4844
9.5277 28.8084
9.42871 28.7015
9.57755 29.8042
9.35469 29.1493
9.60662 29.5745
9.87686 28.6014
9.78647 29.2229
9.11112 29.3468
9.39403 29.06
9.78663 28.4854
10.1498 29.3888
10.2819 29.2329
10.2158 29.5451
10.3829 29.385
10.7763 28.9346
11.1483 28.4252
10.2886 29.2797
9.86762 28.9152
10.3511 28.2272
9.96638 28.0797
10.1235 28.5041
9.69662 28.8606
9.70584 29.8486
10.1823 29.2762
10.3874 29.287
11.4126 28.6865
11.629 28.1921
11.8598 28.2593
11.883 28.592
11.883 28.9024
12.6925 28.1389
12.6925 28.6942
12.5575 28.4719
12.2497 28.591
10.8377 28.7407
9.8764 29.5737
10.2318 28.3892
10.2084 28.5734
10.224 29.2297
10.0168 29.4459
9.67755 29.1367
9.72034 28.8486
10.3298 27.8547
9.40474 28.501
10.0462 29.1307
9.85704 28.6194
9.85658 29.4002
9.7169 29.1026
10.4196 28.6813
10.2553 28.5109
10.2299 27.8314
10.4266 28.0318
11.073 28.1813
11.3165 27.8152
10.3402 27.8496
10.058 29.1129
10.1515 28.5531
10.3162 27.383
11.2388 28.1175
11.5263 27.8403
11.3101 28.0969
11.1045 28.3231
10.6039 28.1409
10.5567 28.0167
9.86321 28.9951
9.95819 28.7411
10.1548 28.8762
10.1616 28.5239
9.94992 28.8264
9.80988 29.2432
9.87077 28.7456
9.98058 28.7139
10.0297 28.6946
9.49044 28.9463
9.38336 29.4301
9.16531 29.6725
9.00961 29.2128
9.51033 28.5615
9.66836 28.1251
9.15098 29.5897
9.20879 28.9312
9.15949 29.5859
9.19113 29.3959
8.88714 29.2562
8.67676 29.158
9.40603 28.4885
9.37707 28.5583
9.37219 28.9677
9.68862 28.859
9.44233 28.8586
9.08674 29.1789
9.02605 29.2664
8.86762 29.9413
9.04467 29.5516
8.95799 29.4159
8.96003 29.2067
9.33443 28.8219
9.20028 28.3752
8.78543 29.1632
8.62654 29.8525
8.50463 29.1634
8.39671 29.831
9.29149 28.9601
9.32033 28.6679
9.37404 29.0139
9.41357 28.3957
8.47295 29.588
9.2829 29.1197
9.09395 29.8393
9.81653 28.1374
9.65241 28.491
10.2281 29.8009
10.0467 29.5506
9.65832 29.7452
9.08915 29.2172
9.34129 28.7536
9.45502 28.4411
9.53393 28.4282
9.723 27.9353
9.58814 28.8089
9.71054 29.028
9.64495 28.498
9.51606 29.2956
9.49463 29.1263
9.45419 29.2319
9.69704 28.6874
9.67482 28.7661
9.66806 28.4419
9.64864 28.7378
8.8708 28.8697
9.04499 28.545
9.46697 29.6901
8.96076 28.6164
9.53667 28.9754
9.67515 29.4527
9.80221 29.2877
9.97061 28.9393
9.8006 29.2606
10.0074 30.3405
10.0186 28.2798
10.6747 28.0545
9.92941 28.5098
9.57339 28.4832
9.2654 29.2999
9.5416 29.234
9.44855 29.928
9.73892 28.2139
9.34183 29.1929
9.3264 29.2634
9.22147 29.3416
9.01128 29.725
9.23738 28.5054
9.13682 29.1238
9.22442 28.5325
9.55159 30.0482
9.39078 29.6992
8.91213 28.9992
9.11781 29.774
8.76676 29.1668
8.78096 29.1954
8.48582 29.1821
8.69361 29.6492
9.55278 30.052
10.1096 29.4986
9.78436 28.5087
9.67785 29.5937
9.71273 28.2038
9.65953 28.7151
9.43955 28.766
9.41417 28.2097
9.04193 28.9237
9.06368 29.5219
9.37056 28.8641
9.77941 28.3924
9.67248 29.3313
9.84236 29.6375
9.59292 29.271
9.67529 29.2017
9.63845 28.3152
9.19411 28.7624
9.8758 28.378
10.2694 28.4316
10.214 29.3995
9.7719 28.8652
9.43432 29.9246
9.11707 30.9717
9.08471 29.4666
9.72037 27.7456
9.38709 28.7021
9.17665 29.5112
8.96845 29.3441
9.3052 29.2969
9.2046 29.1346
9.24536 29.2846
9.41243 29.2524
9.63037 28.4832
9.0876 29.012
9.29513 29.6018
8.87368 29.0524
9.57728 28.2354
9.92918 27.8938
10.1589 28.7142
10.2281 28.9782
10.0289 28.5139
9.80432 28.6634
9.88267 28.7008
9.19919 28.4904
9.5653 28.5848
9.32927 28.5012
9.64079 28.0535
9.80683 27.9036
8.85395 28.804
9.39762 28.9512
9.72348 28.3651
9.75216 28.6468
10.0082 28.7973
9.31356 29.3978
8.9499 29.3594
9.51003 27.7849
9.71264 29.0436
9.7516 28.902
8.6698 29.3159
10.0509 29.1488
9.76769 28.6931
10.0492 30.079
10.525 29.7713
10.771 28.3825
10.5736 29.2523
10.9844 28.407
11.315 29.1825
11.5208 29.0229
11.2133 28.9596
11.2116 28.8949
11.1336 29.1606
10.9798 28.9531
10.3756 28.821
9.87651 29.1592
9.7312 29.3625
9.8895 29.4132
9.37299 29.1321
9.41834 29.8336
9.76721 29.4948
9.92239 29.2361
9.50669 29.2552
9.15705 28.7564
9.46843 30.2777
10.0952 28.1712
10.0856 27.8655
9.59921 28.6195
9.71084 28.9417
10.3417 28.936
10.3837 28.9473
9.88905 28.7984
9.77634 29.1271
9.77711 28.7813
9.49934 28.5229
9.17584 29.516
9.58613 28.4609
10.0815 28.8539
9.94653 29.429
10.0972 29.2045
9.44147 29.158
8.82149 29.9247
8.71676 28.7021
8.99815 28.9446
9.03285 29.6986
9.34926 29.2334
8.58773 29.5376
8.95804 30.5934
9.02861 29.9307
9.10082 28.6168
9.74395 28.4842
9.91455 29.0387
9.37863 28.7535
9.62316 28.7533
9.32582 29.2441
9.7444 28.8481
9.9677 28.7953
9.84708 29.0674
9.92471 28.844
9.34422 28.5554
9.54047 28.0485
10.0732 28.5945
9.6779 28.2705
9.79943 28.6688
9.91345 28.7452
9.6229 28.9649
8.6839 29.3663
8.95025 29.5081
9.09433 28.6289
9.34956 28.9635
9.70863 29.0457
10.0562 29.1165
10.0756 28.9367
10.7924 27.7469
10.3147 29.2173
10.4133 29.219
10.9501 28.7753
10.0911 29.0913
10.5662 28.8768
10.6297 29.7429
9.78811 29.6682
10.4442 28.2503
10.5142 28.1287
10.4458 28.7016
9.99917 29.2648
9.98221 28.5752
9.37527 29.2132
9.11292 28.8854
10.3597 29.0402
11.4506 28.9454
10.9884 28.5641
10.9137 28.794
10.4219 28.5084
9.68655 29.4528
9.87148 28.7325
9.16304 28.656
9.99607 29.703
9.7006 28.8706
9.3572 29.1691
9.21293 28.76
9.08459 28.8203
9.0785 29.0432
9.04542 30.0982
8.70233 29.7592
9.01183 29.4722
8.79623 29.557
8.87766 30.1891
8.82048 29.5862
8.87112 29.7276
8.88001 29.7163
9.14956 28.9699
9.63871 28.9028
9.90136 28.7676
8.86436 28.9691
8.86436 28.8178
9.05165 29.2507
8.87981 28.8348
9.4645 27.9222
8.76554 28.411
8.5926 29.0462
8.90906 29.0785
9.20707 29.0448
9.57752 27.9979
9.1096 28.587
8.87693 29.3493
8.84396 29.0556
8.9354 29.3029
8.9592 29.0852
8.99927 28.3748
8.902 28.5974
9.74415 27.6497
9.52822 27.9214
9.5541 27.8612
9.01584 28.5029
9.26943 28.9119
9.15677 28.635
8.94376 28.9032
9.37149 28.8886
11.2046 28.4693
10.473 29.1822
10.6072 28.9908
11.2603 28.3118
10.9329 28.8584
10.8762 28.4998
11.5796 27.9042
11.5796 29.4221
11.4741 29.5517
12.1144 29.4348
12.0013 28.9539
11.4632 29.1978
11.8429 28.3882
11.0817 28.3085
11.8574 28.2898
12.2249 27.8727
11.754 28.3735
11.5458 29.0525
11.2124 27.8249
10.8233 28.7964
10.6327 29.669
10.7757 28.1791
10.1581 29.136
10.3856 27.4202
10.0669 28.2764
9.59823 28.7845
8.98415 29.6351
9.1042 29.9831
9.31719 28.9661
9.33889 29.1239
9.21431 28.9652
9.37977 29.0643
9.37977 29.0108
9.60193 30.5158
9.57104 29.6554
9.86019 29.6872
9.79754 30.3089
11.0527 29.5892
11.2339 29.2037
11.1126 29.0953
10.8775 29.0429
11.0274 29.4486
10.6033 29.5634
11.3707 28.7462
11.4287 29.3377
11.4626 28.9909
11.4778 28.8547
10.5883 29.0115
11.0513 28.9036
10.6061 29.3356
10.3025 29.8446
10.2639 28.8834
10.166 29.9186
10.0891 29.3958
10.4304 28.5791
10.561 29.8891
10.6423 29.3255
10.4086 29.4627
10.6678 28.7161
10.8601 28.151
10.3661 29.0864
9.90365 28.9399
9.70846 29.1997
10.1079 29.4714
9.46399 28.9085
10.1779 27.8587
9.59566 29.1927
9.85975 29.4809
9.94912 28.4577
9.25135 29.2545
9.42573 29.8013
9.87066 28.8929
9.9675 29.1075
9.23346 28.8324
9.58964 28.8414
10.1257 28.551
10.0216 28.3316
9.47407 27.9507
8.81649 28.6433
9.40578 29.2912
9.72814 28.7223
9.69651 29.1884
10.0695 29.0476
10.4542 28.6148
10.3568 28.6674
10.5342 29.331
9.98642 28.5173
9.22275 29.7909
9.35322 29.1134
9.59375 28.8932
9.58612 28.0463
9.41375 28.2196
8.68611 28.6661
8.77635 29.1954
8.59276 29.6759
9.08093 30.1708
8.96125 29.7415
8.96478 29.8431
9.45795 28.9292
9.51046 28.8044
9.31237 28.7868
9.44558 29.1902
9.3107 29.0861
9.10937 29.4587
9.081 28.7777
9.05661 29.4147
9.04779 28.9224
9.20473 29.7517
9.5075 28.9702
9.08997 29.3675
9.2836 28.9631
9.63149 29.1508
9.47435 29.358
9.52442 29.2097
9.35039 29.1157
9.19888 30.2635
9.56393 28.5023
8.71256 28.3705
9.41658 28.1613
9.35886 28.3189
9.83406 28.8229
8.93577 29.5979
9.63803 29.7295
9.75835 29.2655
10.0894 29.332
9.90865 28.3353
9.3564 30.171
9.53498 29.283
9.31658 29.5507
9.75062 29.2526
9.2987 28.9907
9.14168 28.9773
9.52884 28.997
9.33967 29.6402
9.67371 29.1627
9.7667 29.4068
11.0297 28.291
12.1234 27.8856
11.1493 28.2912
10.3476 29.0778
9.95069 29.069
10.0696 28.6438
9.54087 29.5404
9.46129 29.1537
9.57405 28.3944
9.4957 29.641
9.33248 28.6073
9.37902 28.6571
9.79661 28.1884
9.39786 30.1427
9.1841 29.6804
9.70278 28.8249
9.68774 28.3589
9.46474 28.8132
9.27581 29.2387
10.0847 28.5363
10.3537 28.4177
10.401 28.9528
10.065 29.387
9.53777 28.0266
9.2321 30.0462
9.75293 28.5823
9.49182 29.064
9.49052 29.6076
9.01377 29.7999
9.22049 29.8532
9.13539 29.8572
8.67255 29.9271
8.75975 29.5779
9.05764 28.5861
9.60363 29.2644
9.51107 28.6131
9.7075 28.1045
9.28135 29.5702
9.47168 29.2781
9.81803 28.2647
9.57162 28.7213
9.51165 29.2934
9.86248 27.6894
10.2449 28.4234
9.53783 29.4371
9.65214 28.6754
9.62992 28.9908
9.22156 30.3169
9.06947 29.1911
9.33229 29.7538
9.26876 29.998
9.80915 28.659
9.62657 28.3908
9.15406 28.5486
9.53383 28.2616
9.38715 29.0182
9.18291 29.1358
8.87564 29.2003
8.8938 30.1892
8.67264 29.0123
8.74339 29.5968
8.51614 30.1085
8.59428 29.6516
8.36882 30.1932
8.18458 30.1813
9.52729 30.0658
9.76156 28.7262
9.70125 29.8439
9.7014 28.9517
10.0723 28.2043
9.61298 28.5284
9.14197 29.5057
9.45631 29.5537
9.75574 29.5857
10.6271 28.7736
10.8481 28.5174
10.368 29.1438
9.39113 29.5624
9.99417 28.7463
10.1171 28.2577
9.76944 28.628
10.1135 28.9197
9.41963 28.5139
9.52582 28.4309
9.62621 27.8398
9.45593 28.3394
9.18562 28.6152
9.76986 28.6752
9.42833 28.8851
9.49306 28.8865
9.32075 28.9715
9.30126 30.05
9.1922 29.1638
9.226 29.1319
9.34105 29.9793
9.13826 30.3741
9.05432 28.5467
8.79461 29.7588
8.79401 29.5196
8.79277 29.3333
8.79456 29.5627
8.79386 29.0808
8.55048 29.7401
8.96974 29.3898
8.47975 29.2279
9.02858 29.458
8.62349 29.8421
8.7895 28.9954
9.01219 29.7739
9.13107 28.4042
8.65666 28.3961
8.92222 28.6116
8.90282 29.0409
9.05899 29.3467
9.06021 29.7328
8.98358 29.5081
8.78981 29.1776
8.7809 28.2565
8.75727 29.4429
8.57797 29.0106
9.56534 29.7284
9.54266 28.4972
9.74541 28.7908
9.33482 29.4334
9.22089 29.1406
9.46634 28.6078
9.05201 29.0596
8.80244 29.8723
9.05026 28.8958
9.87369 28.2682
9.69767 28.9617
9.29784 29.0189
9.84248 28.842
9.97635 28.8192
9.36164 29.1901
8.94768 29.8638
9.1724 28.8709
9.22783 28.7332
9.40778 28.8438
9.90588 28.4076
10.019 29.7494
9.85631 28.8152
9.73294 29.1762
9.56566 28.3207
9.20798 28.5738
9.11893 29.843
9.27544 29.0801
9.57634 29.2498
8.98372 29.6975
9.33927 29.4926
9.64885 28.7896
9.24002 28.5015
9.42408 28.702
9.42339 28.5754
9.32516 28.865
8.88432 29.0238
8.37919 29.7006
8.50433 29.6196
8.69313 29.0308
8.81449 28.9422
9.16042 28.2334
9.36378 28.6051
8.34997 30.5627
9.30741 29.361
9.05501 28.8971
9.09341 28.9049
9.17646 28.7322
8.74747 29.4893
8.36138 29.7063
8.6324 29.6601
9.24174 29.2837
9.04196 29.3239
9.96907 28.8242
10.3172 28.3295
10.661 27.4939
10.1724 29.0827
10.4348 28.9885
10.0743 28.9194
9.76088 28.6018
9.8947 28.7443
9.51652 28.4477
9.1131 30.1984
9.23532 29.6511
10.2994 29.1236
10.2994 28.4435
9.17756 29.1109
9.2315 29.3262
9.61382 29.3806
9.44515 28.7399
9.69718 28.3493
9.2273 29.2962
9.22078 29.3044
8.70498 28.6903
8.74585 30.0255
9.13171 28.7194
9.69314 28.6245
9.13569 29.8984
8.34696 29.3417
8.64784 29.6057
9.09802 29.4966
9.24084 28.6551
8.92577 28.8828
8.17333 29.4585
9.03972 29.5921
8.70712 29.3774
8.81876 29.3862
8.94387 28.9671
8.92312 28.3459
8.98412 28.4734
9.07092 28.8482
9.18849 29.1823
9.01092 29.842
9.19895 27.9535
9.15688 28.6911
9.0022 29.6923
9.74901 29.6608
9.58664 29.1295
9.32975 29.0041
9.45367 28.1802
8.99588 29.5668
9.62501 28.7664
9.67505 28.6023
9.83179 28.3058
10.0123 28.3156
9.38979 29.0349
9.7216 28.6858
9.53819 29.2522
9.47905 29.3719
9.57507 28.6534
9.86904 28.6798
9.46685 29.555
9.96271 28.5539
9.39342 29.3932
9.74497 28.619
10.0646 28.9923
9.36873 29.0915
9.17793 29.4105
9.15475 29.6165
9.57343 28.2782
10.1724 29.247
9.51289 29.6055
9.08634 29.2999
8.928 29.1553
8.928 29.1451
8.60794 28.8959
9.33937 28.0446
9.19709 29.1443
8.63436 29.4752
8.95769 28.9437
9.77084 28.8256
9.60736 29.2092
10.4378 29.2026
10.7381 29.215
10.9985 27.7574
10.3687 28.9986
10.5148 28.5189
9.48416 28.746
9.65081 29.1855
9.70337 28.79
9.82998 29.0282
9.76521 29.2507
10.0283 29.2681
9.84116 29.1635
9.3767 28.957
9.7416 29.7946
8.86941 29.8551
9.12009 28.763
9.15062 28.2774
9.13361 28.9156
9.82525 29.2389
9.46656 28.468
9.76356 28.7545
9.81443 28.9151
10.1184 28.753
9.89268 28.9356
9.86182 28.5697
10.2842 28.6278
10.3951 28.8334
10.8042 27.9395
10.9012 28.4819
11.1019 28.2805
10.6392 29.5658
10.6392 28.4962
10.7622 28.2698
11.1808 28.5669
11.2171 28.2237
10.6387 28.0396
10.6387 28.4459
10.079 28.6968
10.4891 29.0615
10.6621 28.0304
10.6621 29.517
10.6376 29.1299
9.62882 29.3907
10.1611 28.5059
9.66831 29.08
9.94804 29.2513
9.43908 29.4567
9.59615 29.4601
9.27575 29.6075
8.9524 30.3423
9.22703 29.4437
9.65837 29.1287
9.8357 28.5881
9.91538 28.3436
9.6407 29.3869
9.1898 28.3249
8.92487 28.8399
9.34276 29.4808
9.87083 29.2315
9.78225 28.5386
9.41345 28.8177
9.33521 29.0799
9.75093 28.87
9.17682 28.9664
9.2973 28.8799
9.32609 29.9531
9.60306 29.3384
9.24638 29.3801
9.61547 29.2315
9.82883 29.4358
9.46674 29.0359
9.21539 30.1683
9.39169 29.6901
9.89068 28.6032
10.8403 27.8938
10.8706 29.1139
9.83721 28.6604
10.025 29.5314
9.49247 29.1728
9.59308 28.5505
9.10591 28.6995
9.5146 30.2847
9.5349 28.914
9.85365 28.5694
9.54738 28.5434
8.63308 29.7852
9.43411 28.5077
9.63149 28.7534
9.38282 29.6996
9.2017 29.6837
9.51999 28.8799
9.34184 29.0039
9.70727 29.1773
9.72483 28.825
8.99218 30.1503
9.96849 29.2811
10.4604 28.9915
10.5522 29.0233
10.4221 28.7137
10.0647 29.7122
9.73195 29.4243
9.53661 28.817
9.16073 28.8762
10.0097 29.1264
9.9677 28.7752
9.72594 28.6639
9.63067 29.7249
9.56125 29.962
9.39362 29.2911
9.47515 29.5758
9.55786 29.6916
9.38102 29.0835
9.04385 29.6417
9.35788 29.6774
9.14939 29.6781
8.95865 29.9813
9.29883 28.9073
9.62878 29.6022
9.76327 28.5663
8.77783 29.7914
8.83194 29.3117
9.0917 28.3976
9.4763 28.9672
9.8508 28.5871
9.44777 29.5945
9.45846 29.5892
9.59955 29.2419
9.12881 29.2349
9.16249 28.2943
9.62317 28.4342
9.3312 29.155
8.95091 29.5545
9.22023 29.3978
9.21242 28.9579
9.51269 28.9013
9.44428 29.3311
9.4768 29.1015
9.16425 28.456
10.1597 28.0097
10.8227 28.1739
10.1818 29.7178
10.2199 29.1565
9.96485 27.9172
9.72776 29.179
9.19616 28.8983
9.19616 29.1614
9.67974 29.4785
9.25371 27.8671
9.38857 28.847
9.81033 30.6356
10.2386 28.8483
10.455 29.142
10.4437 28.0732
10.0534 29.2959
9.94847 29.2268
10.811 27.2805
9.41334 29.2644
9.74227 28.382
9.75198 28.943
10.0084 28.5124
9.62847 29.2779
9.86864 28.4325
9.82134 28.8276
9.5962 28.6484
9.29408 28.5997
9.26579 29.6696
9.18177 29.2713
9.95196 28.6309
9.26043 28.9236
9.56438 29.3197
9.75247 29.7472
9.81764 29.3825
10.1147 28.5866
9.14658 29.4341
9.85793 29.1909
9.87431 28.6982
9.92243 28.8246
9.47304 28.9427
9.37693 28.4399
9.96425 28.7668
10.1293 28.7257
9.7528 28.7353
9.53061 29.5949
9.54059 29.6378
9.45082 28.7638
9.85964 29.2081
9.59679 28.6497
9.36928 29.137
9.5963 28.8506
8.7507 29.4856
8.69102 29.1352
9.06085 30.0209
8.92327 29.2359
8.88112 29.0869
9.18295 29.5478
9.01376 29.3274
8.83268 29.1964
8.90374 29.6533
9.29252 30.6536
9.66823 30.7136
9.71488 29.4833
9.20382 29.0175
9.72674 29.174
8.558 29.0548
8.62305 30.2929
9.29978 29.8969
9.15913 29.7487
9.10117 28.9496
9.37487 28.7987
8.84544 28.8141
9.08163 28.7436
8.60699 29.3374
8.58396 29.2964
9.67355 28.4944
9.48883 28.7164
9.75123 28.3735
9.9722 29.6043
10.2354 28.1654
10.6363 28.8448
10.0438 28.0012
10.0203 28.3205
9.71098 28.3374
10.0987 28.4504
10.2238 29.4819
10.1845 29.1493
10.2659 29.5085
9.61538 28.2453
10.052 28.5552
9.7934 28.8107
9.35693 29.4234
9.64859 29.6894
9.60726 29.0659
9.30567 28.5503
8.9721 29.1648
9.14293 29.3153
9.37198 29.0759
9.32394 29.3499
8.76784 29.5296
9.29929 28.6356
9.13155 28.6651
9.39767 28.6283
10.0563 27.8708
9.57768 28.9617
9.13128 28.3672
9.44029 29.3349
9.80204 29.2757
9.77366 29.2424
9.53677 30.0383
9.65871 29.542
9.49593 28.5746
9.00407 29.047
9.15245 29.7275
8.91813 29.2985
8.73435 29.0835
8.60274 29.1994
8.6229 29.8823
8.64249 29.7134
8.49964 28.1524
8.55684 28.9232
8.51998 29.61
8.76815 28.788
8.81208 29.7018
8.78076 29.2219
8.74523 29.6987
9.49192 29.0016
9.26807 29.1864
9.44414 28.8453
9.6251 29.6513
9.7705 28.7357
9.74047 28.7499
9.37131 29.2619
9.61744 28.7614
8.86602 29.3496
9.29641 29.3167
9.93751 28.9876
9.73083 28.5695
9.71217 28.4426
9.77953 28.4327
9.50043 29.4373
9.54443 29.8608
9.55465 29.1016
8.88443 28.6196
8.93987 28.7772
8.7877 29.9086
8.87339 28.5716
9.06112 28.9833
9.18108 29.144
9.11139 29.4931
9.16022 29.1174
9.2583 29.1482
9.29609 28.9389
9.68503 29.1306
9.50792 28.2742
9.6703 28.7623
9.50505 28.5371
9.62598 30.0265
9.691 30.1506
9.78183 28.9775
9.36526 28.7708
8.91104 28.249
8.34847 29.7805
8.89048 28.8831
9.0564 29.9125
9.10049 29.7175
9.21452 29.6543
9.18322 29.1396
9.14228 29.416
9.22521 29.2338
9.12186 29.1324
9.12007 29.0752
9.05553 28.8842
8.68872 28.8259
8.70189 29.6932
8.82832 28.5549
8.573 29.3984
9.19166 28.2506
9.03993 29.14
9.10366 28.812
8.93754 27.9905
8.55747 29.5551
8.81465 29.0126
9.00109 28.8882
9.88412 28.9349
9.79636 29.4417
10.0561 29.3058
10.887 29.5093
10.0919 28.12
10.3003 28.4231
10.1039 29.3901
9.57426 29.1486
10.3153 29.7471
10.5015 29.5111
9.99307 29.6378
10.1184 30.0209
10.3441 28.9103
10.3545 28.3653
10.6077 29.3875
10.6243 29.7861
10.3023 29.1748
10.2726 28.7287
9.37589 27.992
9.40703 28.5926
9.22342 28.6868
9.32563 29.0668
8.83111 29.5218
8.82172 29.9304
8.77702 29.1522
8.81691 29.5654
8.97337 29.0401
8.93208 29.3536
8.97616 29.0249
9.28987 28.5429
9.26156 29.6693
9.33398 28.2624
9.40838 29.4849
9.38316 30.1805
10.0856 29.3827
9.74427 28.1142
9.7912 29.455
10.6785 29.1329
10.1641 29.276
10.1641 29.4934
9.94074 29.8894
9.79554 29.6919
9.86432 29.6109
9.59657 29.1116
9.67912 28.8366
9.85943 28.7361
10.278 29.3814
10.5944 29.2455
10.2239 29.5514
10.2079 28.7234
10.1069 28.6913
9.88707 28.1009
10.0311 27.7727
9.61897 28.9359
10.7122 28.1827
10.8048 28.7361
10.8048 28.2776
10.3452 28.32
10.5385 28.3638
10.3162 28.4819
9.99312 28.1773
9.10429 29.7938
8.79967 30.0994
8.8198 29.0139
9.13645 28.8979
9.41591 28.5919
9.99588 28.2823
10.0005 28.8068
10.253 29.0259
9.77645 29.0299
9.61225 29.1463
10.3018 29.2132
10.8704 28.0693
10.7392 28.4308
9.95948 29.2047
9.61812 28.9163
9.41293 29.5832
9.60085 29.5223
9.79005 29.3896
9.9672 29.8104
10.2545 29.4072
10.1345 29.6006
10.1314 29.88
10.1786 28.2802
10.0203 29.7726
9.96856 29.6746
9.94618 29.2494
9.95264 30.021
10.1531 27.665
9.78867 29.0832
9.50219 29.5551
9.47962 29.8372
9.48344 28.8617
9.48295 29.6732
10.6191 29.0994
10.1271 28.1762
9.89673 28.3703
9.97587 29.2019
9.62432 30.1242
9.34183 29.6773
9.57265 29.8891
10.14 28.7543
9.94163 28.942
9.94389 29.6626
9.95281 29.067
9.51039 29.1342
9.3038 29.5223
9.7462 27.8843
9.353 28.5167
9.65578 29.2814
9.11207 28.9176
9.59959 28.9452
9.26948 29.2676
9.27273 28.9636
10.3468 28.7604
10.2544 28.284
9.49791 29.609
9.45376 28.7695
9.37701 28.8014
9.91446 29.4812
10.2222 29.025
9.72236 29.036
9.71552 29.1366
10.0351 28.766
9.17591 30.2623
9.11189 30.0998
8.9647 29.5982
8.95956 29.4205
8.89996 29.5497
8.89339 29.252
8.64114 28.5394
8.64177 30.0002
8.54199 29.5818
8.9506 28.7459
9.24973 28.6321
8.70745 30.0663
8.70128 29.9324
8.84351 29.6199
8.72397 29.6236
8.75489 29.7144
8.86865 29.9874
8.57301 29.442
8.7397 28.8092
8.84458 29.6668
9.677 28.7082
9.87307 28.0649
9.75517 28.8326
9.76883 29.4844
10.194 28.8468
10.1829 28.8475
10.2743 28.8517
10.0432 28.6164
9.81387 28.5383
10.3248 27.6609
9.74199 29.3629
10.1912 29.4506
9.53863 29.818
9.45482 29.1137
9.51099 28.5064
9.51349 28.6573
9.51284 29.3294
9.97554 27.8056
9.60159 27.9551
10.0353 28.161
9.69326 28.842
9.74122 28.4313
9.84219 29.2476
9.74254 28.925
9.51026 29.0274
9.89765 28.7921
9.1874 28.8032
9.33169 28.809
9.33203 29.4159
9.0969 28.4561
9.38926 28.7138
9.48528 28.5789
9.34648 28.8407
9.34648 28.3639
9.31474 29.4366
9.12043 29.3786
8.73133 29.3965
9.55204 28.8728
9.08806 29.0246
9.151 29.3613
8.93016 29.5089
9.02059 29.9285
9.65525 30.2003
9.69751 29.2567
9.47519 29.2239
9.21096 29.7411
9.06304 28.716
9.06304 29.1005
9.33087 28.1886
9.34434 28.7854
9.47706 29.0496
9.3085 29.4971
9.64156 28.0909
9.27804 28.7324
9.5737 28.8823
9.60186 28.5655
9.25058 29.1261
8.77536 29.4509
9.81088 29.2549
10.3379 29.3136
10.045 29.1284
10.0846 29.3224
10.4742 28.5862
10.2138 28.2656
10.5785 27.9739
10.0525 28.5976
9.5539 29.0831
9.95084 28.1808
9.62588 28.5842
9.80118 30.12
10.1248 28.5629
9.92023 29.0344
9.89808 29.5801
9.61287 29.0964
9.37612 28.9618
9.12407 28.754
10.077 29.3323
10.0043 29.1485
9.39835 28.9896
9.43483 28.961
9.40666 28.7343
9.46643 29.0236
9.6041 28.6958
9.72583 28.6796
9.6057 28.8631
9.79502 28.9604
10.3843 29.283
9.79615 29.0793
9.83396 27.8249
9.39985 29.9621
8.67138 30.3968
8.88278 29.1778
8.73013 29.6739
8.7854 29.2731
9.13083 28.1089
9.54923 29.1313
9.59784 29.1129
9.59321 28.7029
9.83404 28.9759
9.42908 29.2653
9.38935 29.0894
8.89811 29.325
9.10322 29.0919
9.55305 28.8681
9.23671 30.2581
9.33682 29.7606
9.24986 30.144
9.45366 29.6179
9.88008 28.1534
9.84455 27.3359
10.11 28.3405
9.76333 28.2622
9.67584 28.3652
9.50989 28.9511
9.76176 28.9019
9.94403 28.9637
10.1992 28.5865
10.7714 28.6918
10.5587 28.449
10.6232 29.1808
10.4848 29.651
10.8063 29.0669
10.6069 28.4654
11.0883 29.8135
11.0446 28.1193
10.9866 28.7579
11.2652 28.7744
10.4385 28.6638
10.4385 27.7174
10.4579 28.3137
9.15157 29.5332
9.3822 28.5162
9.92685 29.0266
9.70282 29.0009
10.5718 28.4016
10.5179 29.0782
10.8559 28.978
10.7156 28.3742
10.001 28.8149
9.65454 28.3915
9.6047 29.0368
9.5998 28.953
8.91256 30.1793
9.2948 29.1397
8.97413 29.8864
9.03088 28.9709
10.5532 28.0937
10.0961 28.6087
10.8053 28.7837
10.2418 29.3987
10.1844 30.0098
9.98609 28.2655
10.02 27.8039
10.1964 28.3875
9.99864 28.5806
9.3417 29.3894
9.39053 29.2307
9.20035 29.3219
9.32582 29.4272
9.71713 29.6965
10.0828 29.0404
9.8303 28.6102
9.73706 28.9999
9.43745 29.7344
8.95672 29.6073
9.63759 28.7742
9.84891 28.545
10.1977 28.56
10.2713 28.2473
10.1852 28.3575
9.77519 27.884
9.82539 28.7145
9.7134 29.5976
9.46126 29.1485
10.1819 28.2158
9.60388 29.6053
9.63854 29.2853
9.9205 29.062
9.09345 29.3232
8.88688 30.6448
9.85015 29.4589
10.1266 29.161
9.31294 30.0722
8.96395 28.7394
8.61385 29.0093
8.83555 29.3441
8.88225 29.7813
8.98497 30.3436
9.00352 29.9547
9.17066 29.3595
8.8597 28.4415
8.79629 29.8854
9.50184 29.3922
9.01003 29.6011
8.79499 30.1497
8.66209 28.8211
9.17251 29.0603
9.18086 29.8286
9.26423 28.6776
9.20249 29.334
9.94201 29.0856
9.06474 29.649
8.93819 29.6933
9.02469 28.5046
9.07601 29.0233
9.41407 28.5583
9.48071 28.9694
9.91665 29.9771
9.99611 29.668
9.5404 29.746
9.50936 28.7953
9.84938 29.6042
9.53251 30.3698
10.1475 28.5024
10.0078 27.7223
10.0163 29.7413
10.5803 30.0102
10.6648 29.3427
10.7903 29.1073
10.2019 28.8197
9.55741 28.9279
10.1428 28.1397
9.89148 29.2188
9.79835 28.6307
9.81655 28.0415
9.71123 28.4012
9.6899 28.132
9.63018 28.7811
9.66363 29.1659
10.3142 28.7673
9.93586 27.6068
9.51226 28.3733
9.56444 28.5653
9.9336 28.5285
9.376 28.4878
9.49982 29.8275
9.55015 29.0166
9.79256 29.0404
10.1601 28.5883
9.72886 29.0769
9.968 28.5008
10.1326 28.4023
9.56839 28.1274
9.53741 28.234
9.37033 28.8658
9.39131 29.2129
9.21557 29.12
9.30659 28.8485
9.34408 29.1262
9.23012 28.8288
8.94076 29.9182
9.07226 29.4348
8.91367 29.3589
8.73929 29.5004
8.71798 28.7502
8.88222 30.3434
9.08214 29.0511
9.26491 28.6995
9.76151 28.9489
9.39071 29.6985
9.35621 29.2724
9.98951 28.7298
9.48105 28.5847
8.85702 29.5384
9.73108 29.4627
9.77852 28.3113
10.1081 27.7246
9.92876 27.1893
9.70147 28.407
9.89087 28.0149
10.3662 28.5681
9.30579 29.7251
9.81889 28.7176
9.7892 28.952
9.88772 29.0081
9.88772 29.4751
9.21399 29.4788
9.05207 28.9903
9.66026 28.9756
9.46871 29.1606
9.97676 29.0008
9.85216 28.6439
10.7569 27.859
10.2971 28.9079
9.96588 28.6063
9.86558 28.8375
9.69709 29.8661
9.99623 29.364
10.4566 29.1463
10.5387 28.8037
10.3467 29.1632
10.6416 29.5687
10.3473 29.6827
10.3161 29.2764
10.2669 29.0748
10.231 29.4328
10.1012 28.9576
9.9778 28.8297
10.6785 28.7793
10.1653 29.1282
10.6703 29.0931
9.86781 30.4526
9.93667 29.0232
10.2454 28.7383
9.96466 29.2749
9.79582 28.3707
9.88862 28.6509
9.69844 27.9287
9.92349 28.8425
9.93105 28.9102
10.3805 28.6101
10.3933 28.2986
9.87365 29.2036
9.6521 29.1998
10.2668 29.216
9.88423 29.0263
9.63039 27.9653
9.8969 28.8865
9.77183 28.5242
9.77183 28.1493
9.67018 29.1159
9.49883 29.6592
9.67237 29.353
9.67237 29.1562
8.91466 29.4022
9.24652 29.5421
9.38448 28.9787
9.92634 29.406
9.75078 28.6191
9.56721 28.9338
8.87489 28.5503
9.19675 28.9891
9.68167 27.917
9.50601 29.1307
9.76727 29.154
9.34756 28.6326
9.79701 27.944
9.91587 28.9669
9.79027 28.0004
9.88512 28.6211
9.70596 28.6028
9.80741 29.0358
10.3311 27.8305
9.78413 29.4657
9.81691 29.6972
9.54513 29.0579
9.84584 29.1623
9.59997 28.8015
9.86385 29.0705
9.40052 30.1443
9.34356 29.4674
10.0553 29.1709
9.75344 28.6481
9.95697 28.9143
9.24531 29.5452
9.25333 28.8979
9.24637 29.0683
9.24487 29.2396
9.2764 29.0306
9.21299 29.338
9.33358 28.9646
9.35601 28.9697
9.28922 29.1023
9.32926 29.9512
9.80697 29.3864
10.0002 27.495
9.8228 27.8144
9.65101 27.6126
9.5858 29.4065
9.25432 29.5074
9.26147 28.6992
9.42141 29.8093
9.24103 29.972
9.40823 29.2009
9.12757 28.1737
9.91528 28.8621
9.18123 29.4004
8.57054 30.1608
8.83933 29.5034
8.67028 28.9166
8.62752 29.3077
8.97482 28.5678
9.37422 29.8714
8.68862 29.2122
9.12162 29.8291
8.95268 29.5016
9.88064 29.3344
9.50178 29.0105
9.31581 29.1344
9.87174 29.321
10.2891 29.2561
10.3745 29.555
10.272 29.2293
10.0409 29.5654
9.35035 28.9267
9.158 29.01
9.08562 29.5814
9.32623 28.9767
9.07581 30.0945
9.37332 29.6202
9.22367 29.3185
8.58536 29.0829
8.95076 28.9454
9.12005 28.7618
8.80379 29.2752
8.80459 29.4977
9.2484 29.0961
8.65354 29.9337
8.94572 28.6709
9.30362 28.5638
9.99743 28.7468
9.51406 29.8182
10.2001 27.26
9.7309 28.6298
9.37443 28.7406
9.65081 29.0149
9.58831 28.9965
10.4181 27.5981
9.62024 29.5948
9.30774 29.6374
9.16861 29.277
9.95486 27.8302
10.0188 28.5768
10.0063 29.0195
10.512 28.8729
10.7842 28.6318
10.6302 29.6652
10.8268 29.2297
11.1999 29.1642
11.1999 29.5503
10.9728 29.4435
10.902 28.6148
10.902 28.4191
11.1574 28.1912
11.4007 26.9501
11.009 28.5195
10.4487 29.3438
10.8 29.3543
11.3872 29.3449
10.9528 29.3001
11.2804 29.3068
11.8271 28.5056
11.6194 29.2991
10.8301 28.9389
11.0386 28.8183
11.0776 28.7172
10.6174 30.2338
11.3302 28.6214
10.9078 29.1855
10.6615 29.4405
10.6615 29.1189
10.556 29.7209
10.0982 29.6825
10.3536 28.0756
10.0754 29.3504
10.1047 28.281
9.85043 28.0759
9.89658 29.4156
9.36143 29.425
9.20094 29.5847
9.25232 28.9299
9.44222 29.0319
9.36825 29.2066
8.96762 29.4751
9.07545 28.7588
9.32898 28.9986
9.34597 28.7506
9.16428 28.5908
9.06369 28.7083
9.68934 29.7298
10.0403 29.3866
10.1577 29.6049
10.1038 28.5745
10.4821 28.0497
10.1237 28.5635
10.1448 29.4225
10.0377 29.4349
10.5429 28.9805
10.4358 28.9952
10.4806 29.3226
10.5795 28.3267
9.93442 28.3222
9.9466 28.3213
9.91277 28.3948
9.61887 28.4388
9.57909 28.3852
9.42327 29.216
9.09942 29.2218
9.01466 29.0671
9.41572 28.7212
9.47042 29.2213
9.48627 29.2069
9.94568 28.3803
9.56544 29.2389
9.68967 28.8617
9.5792 29.1011
9.4115 29.0704
9.73505 28.942
9.48847 29.2372
9.53998 29.0703
9.39825 29.5876
9.53951 29.5514
9.45547 28.9801
8.76775 29.4547
8.52715 30.1856
8.88717 29.0264
8.95353 29.778
9.26816 29.0078
8.92569 29.3524
8.97173 29.6616
8.87821 29.8336
8.56464 29.7403
8.91593 28.9483
9.19578 28.1611
9.26387 29.7978
9.24058 30.0229
9.10249 29.5347
9.63415 29.2789
9.12057 29.1701
9.14992 29.1257
9.827 29.3929
10.1841 28.8222
9.4708 28.2085
9.35675 28.4773
9.36673 28.9761
9.35881 29.0887
9.24839 29.0213
9.47499 27.8629
9.26507 28.7594
9.59927 28.9659
9.03877 29.0811
9.12477 29.0307
9.70291 29.0293
9.6071 28.9225
9.10728 28.9311
9.85666 28.4745
9.8125 28.0345
9.81949 28.082
9.89531 29.0016
10.4745 28.7869
10.1495 28.3454
10.5126 28.7001
10.6086 28.868
10.5057 29.406
10.7915 28.6112
11.249 28.7448
10.7741 28.4643
10.5015 28.4834
10.1442 28.9886
9.49936 29.8887
9.4552 29.0047
9.35341 29.4763
9.34417 28.9941
9.26274 29.2405
9.26356 29.4353
9.24649 30.3033
9.24626 29.5615
9.28703 29.1312
9.29745 28.4968
9.92851 29.3326
8.97792 29.0328
8.57207 29.3853
9.04131 29.1615
9.00822 29.0344
9.21658 28.5845
8.81175 29.5031
9.36235 28.3059
9.07816 28.0197
8.60099 29.5779
8.7089 29.7236
9.27989 28.8513
8.93606 29.4213
9.02194 29.2172
9.4673 29.2709
10.0073 28.9163
9.55249 30.038
9.84689 28.7269
9.4486 29.3037
9.85113 28.5118
9.3882 28.9668
9.46528 29.7697
9.60886 29.5181
9.60886 29.8816
9.58384 29.5439
8.65451 29.5549
9.46469 28.1948
9.18063 29.3883
9.09354 28.8108
8.44171 29.912
8.7147 29.3177
9.02345 28.9007
9.05948 28.3431
9.42679 28.6928
9.26579 29.1494
9.05112 28.1908
8.91168 28.9077
8.73424 29.0062
8.84043 29.6265
8.67241 29.6419
9.16803 29.1829
9.41189 29.3397
9.01118 29.7621
8.35902 30.1466
9.17734 28.0522
8.94967 29.608
8.97531 30.3205
9.87651 28.1659
9.82483 29.2481
9.6408 28.9698
9.5567 28.6403
9.57555 30.0234
9.52755 28.7975
9.9689 29.9688
10.0691 30.1356
9.71788 28.7114
9.49829 28.501
9.01766 28.9365
8.80506 28.8299
8.6032 29.017
8.77542 28.9098
8.58201 29.6969
8.71144 28.3436
8.6662 29.1018
9.20916 29.6246
9.76369 28.2059
9.80648 28.5974
10.1412 29.0022
10.1483 28.7641
10.1954 28.884
10.081 28.4015
9.7249 28.9621
9.87108 28.7115
10.0863 29.1971
9.45207 28.521
8.91098 28.559
9.24707 28.2797
8.98491 28.5113
8.99974 29.4875
8.85282 29.1973
9.18915 29.7056
9.05721 29.107
9.09009 28.6989
9.4259 29.5007
8.78966 28.7935
8.92177 29.0664
9.99062 29.3606
9.66348 28.9426
9.69778 29.688
9.519 29.1182
9.72362 28.9869
9.76487 28.8419
9.93648 28.9635
9.91451 27.7884
9.6076 27.6569
9.23255 29.2191
9.07608 29.1058
8.92964 28.932
9.27853 29.055
8.98945 29.5602
8.92603 29.1779
9.08307 28.4169
9.14642 28.5226
9.53781 27.8412
9.05686 29.4055
8.67965 29.655
9.31568 28.9954
8.87582 29.1573
9.14063 28.8346
9.04491 28.6436
8.89496 28.9035
8.89743 28.8122
8.92887 29.3432
8.83192 29.5471
9.01446 29.1252
9.13812 29.0866
8.90638 29.3846
9.12841 29.5704
9.41157 30.0224
9.24004 29.3496
10.7394 27.918
10.0751 29.5613
10.7254 28.906
10.5186 29.3007
10.1428 29.0089
10.2151 29.2248
10.4984 28.5149
9.72044 27.8844
9.19542 28.2216
9.41812 28.4364
9.73255 28.1976
10.0372 28.2787
10.451 28.4527
8.82879 29.2487
8.56998 29.5556
9.01356 30.1385
9.06442 29.3002
9.10447 29.2949
9.57155 29.0603
10.5921 28.9749
10.3145 28.2228
10.7828 28.5531
10.8177 29.8035
10.2492 29.7251
10.4318 28.2438
10.1993 28.2644
10.3935 28.4717
10.1857 28.978
10.1348 28.613
9.90969 28.881
9.51244 29.0796
8.74304 29.5215
8.97498 29.4395
9.1017 28.5767
9.73873 28.998
9.33131 29.0754
9.80953 28.2553
8.60199 29.7702
8.33332 27.9147
8.82226 28.4194
9.36379 28.4499
8.86694 28.6488
9.4319 28.6188
9.19825 28.644
9.33386 30.0115
9.55201 29.0662
9.67434 28.8243
9.01659 29.2065
8.88099 29.8067
9.48799 28.4979
9.7793 28.6496
9.55998 29.557
9.51347 28.6027
9.80568 28.2652
9.70334 27.9536
10.1026 28.2036
10.1637 28.5019
9.34813 29.462
9.66152 28.2875
9.51949 28.2475
9.12189 28.6169
9.19932 28.5357
9.19192 29.2762
9.51586 29.5125
9.91316 29.3086
9.99966 28.7909
9.94691 29.0355
9.19052 29.6865
8.90848 29.053
9.19706 28.1736
9.49171 28.4068
9.35847 29.1032
9.13435 30.3719
9.32125 29.587
9.38245 29.2397
9.30771 29.3821
9.17551 29.8487
9.46214 29.197
9.19798 28.762
9.67459 28.8982
10.105 28.2892
9.76564 29.1066
9.18988 28.6801
9.18988 29.9044
9.38404 30.1263
10.2866 28.8697
10.1064 28.0662
9.89252 28.0747
10.0468 27.8443
9.85528 28.2008
9.81647 27.9496
9.64493 29.3009
9.73673 29.8984
9.65163 28.9794
9.86556 29.3758
10.057 28.4405
9.0994 29.4801
9.55676 28.8666
9.62722 28.5641
9.30332 29.043
9.01905 29.49
9.19278 28.7398
8.93892 28.2812
9.59396 29.404
9.72847 29.1149
9.47675 28.3917
8.66792 29.1618
8.80279 29.5129
8.69613 29.4239
8.59924 29.8358
8.75746 29.9357
9.09955 28.7361
9.38241 28.8921
8.81147 30.3722
9.20607 29.567
9.55164 28.4537
9.41524 28.685
9.5654 29.7504
9.82299 29.1731
9.35715 29.4059
9.01106 28.8725
9.13669 29.084
8.91729 29.0961
8.25424 30.5679
8.25424 29.8586
8.86409 29.5765
9.37854 29.3694
9.82393 29.2315
9.6007 29.4547
9.44952 28.8547
9.48532 29.1488
8.66459 29.7373
8.54618 30.1845
8.7371 29.2877
9.24991 28.4623
8.75527 28.9294
9.14379 29.0887
8.91203 29.3638
8.92002 29.7433
9.19827 29.2574
9.21994 29.0174
8.99044 28.5235
9.12828 29.0109
9.41076 28.6406
9.50058 27.8396
9.58791 28.9704
9.64049 28.9186
9.86889 28.0258
10.0291 28.8163
9.05554 28.6238
9.35264 29.7358
8.87298 29.4691
8.85672 28.8444
8.87906 29.6768
9.33933 29.4866
9.02331 29.4535
9.17261 28.974
9.52855 29.0462
9.44573 28.9792
9.55466 29.8434
9.18542 30.0287
9.35197 28.6455
9.38599 28.7163
9.34322 29.3082
9.40707 28.9102
9.86007 28.9538
9.32778 29.3785
10.2351 28.5863
10.146 29.1405
9.96229 28.5261
9.59079 29.6545
9.56237 29.1204
9.23446 29.1975
8.92925 29.3268
9.51351 29.6527
9.32991 28.5163
9.2735 28.3249
9.76214 28.4393
9.3941 29.403
9.50623 28.9531
9.70759 28.9904
9.60824 28.6644
9.92999 28.604
9.68246 28.6079
9.80104 28.5728
10.1717 28.5384
10.0784 28.4967
10.4212 28.0403
10.4212 29.147
11.2712 29.2715
10.2169 29.4758
10.5883 28.3211
10.2161 28.8031
9.49501 28.7516
9.02698 29.3228
8.82687 29.8524
9.21809 29.1789
9.20065 29.1886
9.12077 30.5181
9.12077 29.0773
8.87226 29.2393
8.66283 28.7437
10.0585 28.5742
10.3972 28.5594
9.93554 28.4097
9.35085 28.5641
9.57504 28.6934
9.41619 29.2963
9.07437 29.3318
8.79584 29.6777
9.55038 28.3833
9.3966 28.5012
9.38793 29.351
10.1132 29.1154
9.77975 28.9226
9.51576 28.98
9.2808 29.8417
9.39583 29.7467
9.11741 28.8387
9.15952 29.5726
8.94742 29.9306
9.38899 29.5371
9.06829 29.4307
9.19513 30.2032
8.79147 29.5981
9.29952 29.1297
9.37474 28.8672
9.37474 29.3026
9.12482 29.6214
9.60546 29.0977
9.2905 29.3533
9.4296 29.4389
9.58428 29.5376
9.80463 28.7584
9.05997 30.4649
9.11501 29.1129
9.34955 28.1695
9.67638 29.2103
9.10105 29.0885
8.85213 28.9331
8.94786 28.9246
9.59862 29.3001
9.23397 29.0435
9.32425 29.3954
9.10831 29.2599
8.6893 29.0894
9.55677 28.3005
9.47123 29.2262
9.97549 28.3127
10.196 28.648
10.3352 28.4385
9.76134 28.9792
9.83168 27.898
9.81354 29.0913
10.3507 28.0502
10.4918 28.3068
9.45999 28.4768
9.10459 28.492
8.77362 29.9267
8.44909 30.2872
8.61196 30.0801
9.33825 29.6012
9.79823 28.1521
10.6231 28.9424
9.6882 29.4328
9.6882 29.2501
9.64171 28.8405
9.92503 28.5898
9.77021 27.9652
9.16138 29.908
9.37711 28.22
8.99467 29.3188
8.87358 29.363
9.21564 30.0113
9.08397 28.6709
9.1855 29.2121
9.44763 29.1275
9.38136 29.2448
9.57297 29.5605
9.32933 30.1581
9.10148 30.081
9.63407 28.7641
9.70448 28.7453
9.32756 28.8988
9.33918 28.279
9.45995 28.5466
9.02475 29.9095
9.03408 29.2348
8.98537 28.7925
8.99539 28.9751
9.29123 29.3672
9.37615 29.5672
9.3277 28.9108
9.20009 29.7183
10.0561 29.0043
9.43015 29.0185
9.67074 28.7261
9.46264 28.7214
9.70925 29.4986
9.34778 29.0909
9.38847 29.0891
9.23501 28.5001
9.28502 29.1385
10.2015 28.949
8.57048 29.4172
9.11653 29.2291
9.13315 28.4174
9.74875 28.8227
9.90381 28.9623
9.15788 29.1471
10.1402 28.6405
10.7356 28.9129
