3.87847 15.5295
4.08993 15.5687
3.80773 15.6179
4.13301 15.6027
4.06567 15.639
4.63407 15.652
4.05483 15.0614
3.69251 15.3982
3.95908 15.6752
4.31098 15.4235
4.09146 15.2795
3.96745 15.4329
4.15818 15.614
3.73097 15.5646
3.85379 15.7613
3.65322 15.623
3.71385 15.1253
3.68081 15.8672
3.73528 15.4762
3.79797 15.393
3.96858 14.8101
3.94537 15.0414
4.08321 15.1546
4.00487 15.0393
4.16904 15.166
4.29139 15.0016
4.16833 15.3718
4.09042 15.5546
4.31187 15.1695
4.01749 15.5012
3.7091 15.6255
4.05528 14.9123
4.2509 14.9021
3.98092 15.4914
3.92356 15.4718
3.985 15.2521
4.37796 15.2739
4.61549 15.6405
5.65179 14.9253
5.63339 15.0464
5.15587 14.2754
5.25472 15.1887
4.25 15.4493
4.00945 15.2268
4.65548 15.3173
4.97132 15.3032
4.07103 15.4383
4.11002 15.3541
3.9717 15.1933
3.8929 15.9952
4.01456 15.3371
3.98906 15.1047
4.05262 15.161
4.04424 15.0517
3.50097 15.2677
3.89678 15.3674
3.92787 15.517
3.87079 15.5608
3.89813 15.4418
4.11482 15.3168
4.13561 15.3818
4.03994 14.9891
4.01821 14.893
3.97622 15.1577
4.23503 15.7111
3.68884 15.7001
4.01694 15.7414
3.90633 15.3661
4.37346 14.8821
4.08386 15.3355
4.46996 15.5212
4.38089 14.9024
3.95465 15.6176
3.95184 15.3797
4.11425 15.7965
4.20671 15.2509
4.47745 15.221
4.45475 15.054
3.97508 15.7124
4.12103 15.5552
3.91275 16.1195
3.79639 15.4749
4.15258 14.9519
3.9493 15.3245
3.79261 16.1656
4.2159 15.639
4.01562 15.0971
3.84116 15.8169
3.83418 15.3339
3.83482 16.1293
3.83533 15.5142
3.83674 15.2149
3.85017 15.5372
4.08205 15.5287
4.25327 15.4104
4.04688 15.4482
4.08302 15.2262
3.72651 15.2116
3.66841 16.0068
3.77505 15.8829
3.71408 15.9829
3.79203 15.8933
3.89531 15.4498
3.87993 15.4307
4.16299 15.0273
4.297 15.1409
4.16442 15.4472
4.36811 15.4945
3.88514 15.5446
4.31136 15.5169
4.64112 15.6702
4.21295 14.933
4.2661 15.1995
4.28392 15.568
4.19227 15.5922
4.60837 15.0892
4.59112 15.121
4.04626 15.2449
3.85696 15.7615
4.00926 15.4464
3.79832 15.1873
3.99179 14.9387
4.40069 15.1508
4.42328 14.6278
4.07926 15.2055
3.53755 14.6641
3.56933 15.0861
4.13019 15.1783
4.43911 15.9557
3.64986 15.5874
3.60223 14.9856
3.71623 15.4992
3.95936 15.6181
4.15114 15.6382
4.13142 15.1501
4.00406 15.4991
4.0837 15.0711
4.15962 14.8217
4.33511 15.246
3.86582 15.4238
4.12679 14.9669
3.79339 15.3359
4.08169 15.2881
3.90653 15.4154
3.87555 15.6815
4.12215 15.6803
4.10099 15.3752
3.91809 15.5072
4.34018 15.2878
4.5278 14.5246
4.50938 14.841
3.97616 15.0654
4.10093 15.4146
3.88665 15.3291
4.1394 15.2757
3.79072 15.3325
3.75552 15.4769
4.25382 15.2361
3.9744 15.7064
4.08092 15.3573
4.4413 15.3083
4.18017 15.2839
4.29465 15.8328
4.28712 15.024
4.14619 15.7296
4.47151 15.6405
5.15125 15.287
4.61296 14.8688
4.81305 14.9013
4.14846 15.3581
3.93986 15.4444
4.22082 15.1273
4.20495 15.0314
3.8654 15.5299
4.12135 15.566
4.14742 15.1634
4.17557 15.2888
3.71309 15.9846
3.78902 15.6305
3.73936 15.6764
4.20543 15.6903
4.19957 15.2772
4.21314 15.6429
3.88704 15.8881
3.91054 15.0788
3.68034 15.9545
3.99422 14.5843
3.87587 15.8127
3.89332 15.3414
4.24307 15.3603
3.99021 15.226
3.98666 16.1149
4.60761 14.888
4.0401 15.1992
4.58949 15.1173
4.16063 15.6416
4.26393 15.1557
4.10323 15.6778
4.11063 15.8538
3.57582 15.4464
3.70552 15.6479
3.59273 15.7995
4.23885 15.5652
3.90473 15.5687
3.97545 15.1508
4.03165 15.7436
3.83989 15.5539
3.80889 15.4487
4.07456 15.8535
4.05295 15.3686
3.73658 15.3825
4.00075 15.4664
4.27147 15.4644
3.7714 16.055
3.95328 15.5551
3.98492 15.4902
4.34543 15.557
4.48533 14.8785
4.32027 14.6507
4.20783 15.5463
4.86319 15.0951
4.25137 15.8296
3.91505 15.3281
4.09157 15.563
4.12488 15.4484
4.25091 15.2659
4.61913 15.2309
4.31921 14.6278
4.06555 15.2412
4.19783 15.1179
4.03936 15.2499
4.03942 15.3813
3.98902 15.1175
3.86009 15.9962
3.6319 15.6278
3.71046 15.4943
3.74505 15.6692
3.60988 16.0703
3.75695 15.2234
3.99562 15.2305
3.9602 14.9941
4.4151 15.3274
4.77092 15.3108
4.5734 15.2845
4.5734 14.8567
3.82233 16.1995
3.93743 15.2924
3.75354 15.6658
3.85194 15.7507
3.65274 15.4157
4.02284 15.2768
3.64992 15.8024
3.65102 15.9231
3.27942 15.6997
3.64886 15.5189
4.21867 14.7569
4.12246 15.1461
3.85942 15.1934
3.56278 15.2713
3.79815 16.1502
4.47151 15.7519
4.86356 15.293
4.08097 15.5062
3.97486 15.4879
3.98591 15.5126
3.69236 15.233
3.65807 15.6756
4.00891 14.597
4.07662 15.4788
4.29205 15.8643
3.59086 16.041
4.30328 14.9352
4.10253 14.8507
4.23867 14.8024
4.47753 15.29
3.83229 15.2788
4.30766 15.5223
4.25275 15.0506
4.53348 14.846
4.35328 14.8459
4.18947 15.0875
4.08743 15.1493
3.8945 15.4467
3.78255 15.7273
4.20102 15.5519
4.08817 15.487
3.94842 15.3276
3.78832 16.3355
3.93547 15.5863
3.99025 15.6777
3.77377 15.4014
3.75668 14.8851
3.92529 15.8274
4.08438 15.2593
4.14357 15.3909
4.00885 15.2492
4.56595 15.4659
3.70698 14.8511
3.7357 14.7974
4.26146 15.484
3.69253 15.3243
3.96121 14.9291
3.98816 15.1849
3.91472 15.5418
3.8008 15.246
3.68692 15.4386
3.66445 15.9326
3.89031 15.0262
3.59005 15.61
3.86745 15.7933
4.0091 15.1351
4.18372 14.9678
3.97765 15.7215
4.17662 15.2462
4.35869 15.6117
4.15558 15.6625
4.05553 15.962
3.90722 15.2544
3.89779 15.6816
4.71379 15.2698
4.18855 15.6467
3.87574 15.7913
3.72797 15.5375
3.79282 15.4664
3.76135 15.2781
3.73323 15.9588
4.111 15.4579
4.35965 15.4561
4.27028 15.0265
3.94858 15.454
3.98869 15.6982
3.90559 14.9333
3.86221 15.2038
3.79869 15.5486
3.7501 15.6017
3.76776 15.2631
3.48445 15.3145
3.85864 15.5267
4.05696 15.6105
4.09764 15.6561
3.39575 15.846
3.53321 16.1452
3.79905 16.0153
3.6692 15.9348
3.83416 15.7968
4.21624 15.923
4.32131 15.1223
3.35999 16.2942
4.15642 15.2643
3.9775 15.0304
4.06779 15.2587
3.58757 15.7434
3.77964 15.3639
3.862 15.5173
3.9731 15.5234
4.28987 15.5236
4.25653 15.5241
4.04987 15.5293
3.97005 15.524
4.15161 15.542
4.83557 15.5433
4.52614 15.5489
4.11881 15.5457
3.81456 15.562
3.72507 15.5522
3.97879 15.5156
3.16508 16.0075
3.68427 15.1625
4.18032 15.0976
3.80238 15.0457
3.91019 15.7622
3.79642 15.2948
3.95125 15.1094
3.9732 14.8484
3.92302 15.738
4.22132 14.79
4.10696 15.1062
4.17349 15.4049
3.68932 15.2344
3.68932 15.1151
4.10768 14.8444
4.64606 14.6272
4.62294 15.471
4.2411 15.6477
4.16112 15.3511
4.32593 15.4789
4.33466 15.3838
4.77865 15.1601
4.98835 15.6153
4.00555 15.6124
3.9572 15.9618
4.37441 15.0311
3.89885 15.5294
3.69742 15.6215
3.81497 15.6451
3.63044 15.2292
3.93779 15.6008
3.79456 15.6738
3.93835 15.8262
3.83206 15.4759
3.68019 15.7997
3.62677 15.1018
4.39953 14.5176
4.21183 14.4751
4.18657 14.7185
4.15508 15.4736
4.07619 15.3152
4.29521 15.3312
4.15582 15.211
4.23305 16.0073
3.82823 14.8111
3.83669 15.2944
3.86089 14.3305
3.94792 15.1376
4.59763 15.152
3.83365 15.7992
3.64476 15.3401
3.5082 15.6646
3.5275 15.4968
3.94479 15.7367
3.69463 15.8607
4.16579 14.9361
4.39096 14.7896
4.58634 15.7768
4.44401 15.4434
3.90641 15.2984
4.05802 15.3155
3.99724 15.6491
4.17867 15.2487
3.95271 15.3736
3.7868 15.8135
4.60249 15.3716
4.25105 15.356
3.86219 15.4861
3.67566 15.6557
3.84228 15.3289
3.79334 15.4289
3.7483 15.23
3.75796 15.5284
3.75104 15.5361
4.00837 15.4467
3.77192 15.4867
3.90435 15.6387
3.7332 15.2384
3.55944 15.9058
3.76871 15.5916
4.01967 15.4723
4.1437 15.2114
4.47826 15.2565
4.00945 15.1726
3.75278 15.3369
3.68191 15.7904
3.63859 15.8091
3.70655 15.2791
3.71387 15.8177
3.70925 16.1063
3.96289 15.4048
4.19602 15.8522
4.44898 15.3274
4.22388 15.2516
4.29293 14.9555
4.3562 15.1339
4.0545 15.515
4.03363 15.6862
3.99614 15.8164
3.97174 16.0039
3.55669 15.6293
3.35404 15.7309
4.03201 15.5176
4.07601 15.105
4.45513 15.3021
4.43888 15.1951
4.30947 15.2059
4.93919 14.7635
4.16679 14.4874
4.59027 15.2677
4.51992 15.3242
4.29749 15.4267
4.51078 15.3751
4.43543 15.1722
4.50255 15.4298
4.30095 15.091
4.08484 14.8822
4.58738 15.1235
4.52748 15.5845
4.14038 15.27
4.15806 15.5759
3.92531 15.8271
3.9752 15.25
4.24463 15.2084
4.58057 15.0233
4.61882 15.615
4.82216 15.8113
4.69351 15.6699
4.63589 15.1378
4.64521 15.304
4.53935 15.8248
4.75313 15.2542
4.64014 15.3701
4.45047 15.6548
4.22456 15.2797
4.20683 15.7944
4.02364 14.9008
4.1453 14.9559
4.24106 15.0769
4.71911 15.2808
4.26834 15.8103
4.1961 15.4275
4.63854 14.6375
4.08532 15.3786
3.73645 15.7065
3.84476 15.2703
3.94328 15.3232
3.66488 15.1109
3.84939 15.2363
3.69845 15.3556
3.65365 15.1903
3.89327 15.5116
3.92575 15.232
3.93457 15.3694
4.00569 15.3192
3.62479 15.6225
3.61665 15.444
3.934 15.2058
3.60306 15.4353
3.92475 15.406
3.67552 15.1731
3.83918 15.4101
3.57894 15.1629
4.25362 15.6495
4.12653 15.6652
4.09158 15.6725
3.81177 15.4368
3.93326 15.5901
3.89875 15.4987
3.65176 15.3925
3.64371 15.9588
3.93689 15.2466
4.42957 15.1252
4.46013 15.6006
4.32006 14.9118
4.36888 15.4962
4.21929 15.5785
4.69731 14.8864
4.4094 14.932
4.20883 15.3581
4.83904 15.5595
4.93082 15.3901
4.66686 15.3585
4.9442 15.2801
4.34982 15.4998
4.15264 15.3943
4.16576 15.3039
3.94675 15.5496
3.89104 14.8442
3.90831 16.205
3.70133 16.2954
4.06324 16.0104
4.32361 15.3308
4.65642 14.9293
4.96471 14.9777
3.93581 15.8201
3.84318 15.3061
3.7948 15.7966
3.99173 15.8937
4.15147 15.9007
3.71677 15.8748
3.7012 16.3119
3.66713 15.7646
3.69402 15.3861
4.08687 15.2636
3.98981 15.3222
4.58237 15.0231
5.04243 15.1338
5.17355 15.0424
4.9217 14.9649
4.57985 15.3274
4.29427 15.6572
4.06962 15.6399
4.44352 14.9559
4.15742 15.7173
4.19926 14.9859
4.11774 15.244
3.99308 15.0885
3.75112 15.6757
4.02627 15.4586
3.98545 15.7199
3.97622 15.3355
3.85407 15.3494
3.75585 16.0151
4.17232 15.3202
4.49565 14.8769
3.99358 15.1965
4.65264 15.0976
4.1091 15.6448
4.3227 14.7444
5.1871 14.7108
4.83466 15.3047
4.01969 15.5612
3.71471 15.3124
3.70105 15.1637
3.66801 15.5454
3.8986 15.4372
3.31057 15.412
3.89541 15.2451
3.98929 15.0649
3.94978 15.3728
3.77703 15.8672
3.51228 14.899
3.78724 15.4613
3.85379 15.242
3.79879 15.1797
3.83888 15.4863
3.81346 15.4815
4.00735 15.3714
4.00549 15.4067
4.07041 15.4783
4.13619 14.9214
4.42208 15.1549
3.91909 14.8325
4.0303 15.2538
3.93436 15.3337
4.03769 15.709
4.21223 15.2701
3.94223 15.2379
4.04327 15.9066
4.50371 14.9406
4.14145 15.9087
4.43937 15.6809
4.39625 15.3524
4.38997 15.2123
4.06184 16.0692
3.79594 15.8618
3.58774 15.9757
4.08725 15.1379
4.2033 15.5211
3.57409 15.1407
3.80565 15.7245
3.87542 15.7223
4.03413 15.5028
4.21168 14.9943
4.19609 15.1814
4.52824 15.7901
3.91056 15.659
4.15768 15.1107
4.20346 15.3416
4.19965 15.3146
4.2337 14.9859
4.1105 15.1337
4.24294 15.1094
3.98268 15.4014
4.05999 15.8628
4.00348 15.5407
3.96452 14.5912
4.01056 15.3375
3.93743 15.8399
3.94006 15.3573
3.90459 15.4397
4.07876 15.3578
3.86456 15.7183
4.15006 15.509
4.0717 15.3851
4.00848 15.4189
3.80746 15.5034
3.80117 15.6311
3.6219 15.4029
3.54881 15.2303
3.98662 15.6634
4.00056 15.1117
3.98793 15.5625
3.81267 15.3425
3.71 15.45
4.30008 15.4229
4.29934 15.3002
3.48885 15.722
3.78089 15.6928
3.63442 15.5392
3.63442 15.5773
3.66565 15.3597
3.5817 15.9228
3.70425 15.7776
3.79803 15.839
4.21514 15.241
3.99755 15.6292
3.88928 15.4327
4.27299 15.2573
4.05915 15.3696
4.09668 15.2277
3.8469 15.3289
4.1774 15.4581
4.12365 15.4483
4.07469 16.04
4.08684 15.3235
4.4075 15.3987
4.47012 15.0033
4.72978 15.5938
4.5969 15.9001
4.31267 15.7714
4.85295 15.2265
4.94104 15.3313
4.36249 15.5416
4.17872 15.9461
4.25861 15.4537
4.24926 15.3873
4.78182 14.4877
5.13108 14.6924
4.464 14.9273
4.92021 15.0113
4.04193 15.192
4.08525 15.3711
4.13392 15.5835
4.05542 15.3539
4.01367 15.7318
3.77148 15.6234
4.34468 15.3468
4.16869 14.7343
3.98145 15.4643
3.89719 15.3782
4.07335 15.4414
3.87255 15.5735
3.76241 15.5811
3.67814 15.2693
3.52902 15.4189
3.87098 14.8361
4.01374 15.4724
3.79005 15.7924
3.82593 15.5697
3.73546 15.612
3.48565 15.4229
3.65387 15.6872
3.64829 15.2994
3.65733 16.0445
3.97406 15.5395
4.16008 14.8237
4.04784 15.8081
4.01011 15.2115
4.09812 15.6303
4.03341 15.4472
3.92591 15.2014
3.72503 15.4435
4.09047 15.2051
3.96981 15.5891
3.78584 15.7277
3.69023 15.7492
3.52784 15.7425
3.6768 16.1531
3.84955 15.4078
4.06395 16.1456
5.05204 15.0103
4.91705 15.466
4.97835 14.6486
5.16913 15.1884
4.56335 15.5777
4.71834 15.7461
3.90142 15.5995
3.91242 15.4027
3.9103 15.5239
3.7172 15.5221
4.56291 15.4004
3.70642 15.388
3.33731 15.8949
3.75985 15.6827
4.19761 15.6894
4.08259 15.2513
3.80404 15.3537
3.84399 15.0856
3.73264 15.6011
3.90654 15.6524
4.09956 15.5088
3.96818 16.0489
3.90101 15.5045
3.84221 15.1547
4.1146 15.5625
4.28306 15.6093
4.06338 14.926
3.8303 15.5941
4.09122 15.6701
3.9314 15.7668
4.05768 15.1935
3.848 15.3383
3.72065 15.3843
3.76229 15.595
3.61721 15.2926
4.03787 16.092
4.28718 15.2837
4.35598 15.0602
3.86853 15.7159
4.10392 15.7334
4.26415 15.6354
4.83154 15.5206
4.83154 15.2513
4.10438 15.3526
4.01475 15.6068
3.60346 15.5627
3.67302 15.898
3.89991 14.8998
4.44199 14.8423
4.24589 15.5435
3.9232 15.6708
3.88588 15.6132
3.85223 15.3744
3.76979 15.5156
3.8607 16.126
4.33116 15.5492
4.35158 15.7243
4.45464 15.6741
3.81398 15.5088
3.71322 15.2828
3.8919 15.2678
3.84551 15.6125
4.05997 15.1327
3.8986 15.0325
3.51885 15.5925
3.41725 15.3568
3.74987 15.0975
3.26725 15.1916
3.84285 15.0336
4.21591 15.0318
4.28551 15.0978
3.96242 15.022
4.07155 15.4546
4.41441 15.1935
4.18005 15.2142
5.1346 15.5865
4.71719 15.2338
4.43741 15.0253
4.00141 15.0049
4.25195 15.5649
4.27795 15.5534
4.14493 15.5887
4.58177 15.5303
3.97043 15.0338
4.08256 15.1438
3.86799 15.374
3.5949 16.0566
3.81246 15.1897
3.96912 15.1054
3.94969 15.2455
3.58546 15.5603
3.77011 15.9771
3.83537 15.6547
3.93109 15.4329
4.13956 15.2839
3.82089 15.5077
3.86703 15.0917
3.9064 15.1561
3.96409 15.0403
4.07304 15.345
3.88757 15.2927
3.67445 15.0824
3.98831 15.3142
3.8382 16.0699
3.81193 15.3354
3.93009 15.303
3.9404 15.2318
3.7677 14.9532
3.5484 15.5755
4.18056 15.3081
4.74414 15.1197
4.45621 15.2251
4.46115 15.6763
4.55492 15.5795
3.81612 15.963
3.46085 15.8023
3.42966 16.1312
4.01124 15.4334
3.91667 15.6399
4.32898 15.7798
4.15827 15.4135
4.14746 15.4509
4.14901 15.4271
4.1385 15.4088
4.19424 15.559
3.94309 15.4288
4.06245 15.3018
3.97405 15.5248
3.78466 15.5348
3.82174 15.2814
4.12225 15.5223
4.72027 15.4702
4.59661 15.4612
4.84339 15.5016
4.59143 15.3981
4.59174 15.3184
4.94098 15.1207
4.2958 14.9858
4.30694 15.2145
3.99056 15.826
3.68465 15.7936
3.94593 15.7775
3.68391 15.5214
3.98382 14.7973
3.61131 15.7638
3.68059 15.175
3.92186 15.4558
3.84046 15.5535
4.38353 15.1165
4.2252 15.3519
4.08251 15.2354
4.23522 15.4309
3.93673 16.1786
4.12806 15.6599
4.04041 15.1791
3.93991 14.736
4.05127 15.1248
3.83992 15.7587
3.62739 15.3034
3.70989 15.7735
3.87334 15.4099
3.82781 15.1851
4.36029 14.9812
4.70121 14.8045
4.22521 15.8313
3.89482 15.6081
3.53929 15.0519
4.03171 15.2573
3.83874 15.4479
4.04378 15.6138
4.09656 15.7631
4.20075 15.1329
4.15601 15.1825
4.17306 14.7643
4.29601 14.8907
4.20783 15.5087
4.24703 15.2586
4.23665 15.3439
4.37228 15.0666
4.65019 14.6343
3.57998 15.4431
3.59192 15.6217
3.60156 15.1535
4.01005 15.2074
3.93981 15.527
3.84906 15.5108
3.71611 15.2488
3.61568 15.315
3.99167 14.9051
4.02756 14.9749
4.31102 15.3854
4.36269 15.0757
4.27706 15.0203
4.11782 15.1099
4.43702 15.5835
5.02304 15.6055
4.99572 15.5034
4.84472 15.2871
4.31908 15.3231
4.1589 15.0613
3.69966 15.0571
3.88233 15.7606
3.70895 14.9641
3.75435 15.5479
4.12603 15.3196
3.56749 15.5406
3.89835 15.3674
4.06589 15.1689
3.74085 15.6109
3.61656 15.4205
3.87201 15.3917
4.12572 15.3963
4.18306 15.1008
3.93652 15.9679
4.13165 15.7161
3.61912 15.6313
3.76293 15.4892
3.57358 15.6294
3.71112 15.0947
3.90886 14.7259
3.69458 16.3318
3.89091 15.867
3.5408 15.86
3.83509 15.8476
3.96709 15.5877
3.85918 15.6822
3.90132 15.0028
3.81427 15.1361
3.78981 15.2604
4.07858 15.2549
4.54145 15.2585
4.48374 14.9629
4.17185 15.9018
4.16179 15.6988
4.13604 15.3392
4.04059 15.0959
3.99771 15.2483
3.91021 15.0503
3.91021 15.0839
4.12627 15.3033
4.26442 15.4842
3.57649 15.6521
4.0746 15.2404
3.79486 15.2679
3.72266 14.9922
3.44545 16.3641
3.434 15.7814
3.83372 15.0609
3.85986 15.3833
3.85161 15.228
3.83981 15.5356
3.84277 16.1251
4.37105 15.5664
3.81449 15.588
3.81951 15.8359
4.29349 15.1649
4.22983 15.2177
4.6662 15.1669
3.73931 15.302
3.76068 15.4828
4.00228 15.6206
4.0855 15.6463
4.1121 15.6904
4.50322 15.609
4.37539 14.747
4.37071 15.5941
4.31503 15.3617
4.53223 14.7655
4.33026 15.3732
4.34102 15.3404
4.27454 15.3553
4.411 15.2005
4.4998 15.3158
3.98482 15.3985
3.97375 15.1845
3.68497 15.5188
4.10634 15.436
4.43623 15.5068
4.20061 14.8653
4.12287 15.5678
3.44269 15.6265
4.04744 14.6878
4.15281 15.0634
3.72144 15.5104
3.838 15.384
3.97464 15.5791
3.94264 15.6707
3.97894 15.6736
3.86351 15.9624
4.32453 15.2705
3.90871 15.5428
3.87324 15.6043
3.81092 16.1148
3.85335 15.6027
3.81835 15.3725
3.74256 15.0406
3.61432 15.9876
3.64275 15.8479
4.04675 15.0743
3.35549 15.4242
3.58574 14.938
3.34136 15.3321
3.13423 15.3705
3.80249 15.3835
4.59555 15.4083
4.18932 15.2974
4.1808 15.471
4.33432 15.4177
4.08611 15.4561
4.00333 16.0101
4.0332 15.7911
3.85808 15.653
3.8115 15.8918
3.70219 15.4206
4.10737 15.8806
3.56055 15.4263
3.52211 15.3108
3.6073 15.7452
3.44599 15.541
3.64789 15.6385
3.8671 15.6497
4.02339 15.4293
4.03774 15.4375
3.89078 15.4699
4.38317 15.1119
4.10629 14.8579
4.1765 15.3533
3.68316 15.0181
3.86246 15.5503
3.74435 15.4749
3.88853 15.5175
3.70827 15.5735
3.52869 15.922
3.59427 16.0129
3.65815 15.8255
3.9442 16.0185
3.29277 15.5672
4.14892 15.2949
4.06782 15.4691
3.91219 15.5603
4.32691 15.2208
4.33774 15.2787
4.05708 15.6408
4.20451 15.1571
4.53523 14.9323
3.84785 15.3138
3.60061 15.7814
3.81743 15.5152
3.94555 15.4872
3.88149 15.4975
4.17027 15.7658
4.25672 14.6515
4.42891 14.8501
4.68342 14.6304
4.07252 15.6477
4.36658 15.2697
4.68579 15.2607
4.77474 14.9004
4.70418 15.5
4.77333 15.5791
4.76983 14.8587
4.24966 15.2665
4.33388 15.134
3.82128 15.4786
4.38314 15.7512
4.13215 15.3107
3.58823 15.8073
3.72126 15.2119
3.72875 15.5641
3.87544 15.4579
3.77961 15.601
3.84885 16.0681
3.79819 15.4762
3.83783 15.3435
4.26764 15.3244
4.1833 15.4973
4.43375 15.461
4.1665 15.2123
3.77867 14.9345
3.87304 15.2035
3.91595 14.9306
3.88714 15.0773
4.32012 15.39
4.02728 16.3685
3.69359 15.7026
4.00043 15.1928
4.00141 15.2669
3.60862 15.5652
3.5659 15.5577
4.43629 14.7315
4.01646 15.5222
4.26812 15.2729
4.01675 15.0722
3.97323 15.8616
3.90544 14.7201
3.61438 15.5238
3.88754 16.098
4.70329 14.6107
4.60246 15.1286
4.28917 14.8471
4.29679 15.3927
4.07981 16.0657
4.24526 15.6099
4.56967 14.9846
4.28415 14.9884
4.11031 15.096
4.01052 15.3945
3.68464 15.4209
3.89072 15.5211
4.00439 14.9522
4.47054 15.2258
4.1052 15.0984
4.22081 15.9797
3.66191 15.7316
3.75825 15.8074
3.72051 15.7611
3.89007 15.4783
3.87362 15.2272
3.87652 15.7672
4.3953 15.4664
4.50994 15.2537
4.19806 15.3183
4.25035 14.7603
4.85447 14.9716
3.97283 15.1962
3.79642 15.2429
3.79642 15.2325
3.86387 16.0617
3.95778 15.4889
3.80229 15.7099
3.75807 15.5051
3.78515 15.5235
3.9686 15.1164
3.76476 15.6025
3.70328 16.0699
3.84023 15.7185
3.80599 15.5431
3.80284 15.0306
3.80246 15.6467
3.88187 15.183
4.3469 15.2143
4.73577 15.2044
4.38139 14.8039
3.95316 15.657
3.99818 15.2495
4.05637 15.2955
4.16369 15.1419
4.27262 15.4458
3.95408 15.4866
5.13771 15.4438
4.01397 15.4998
3.90556 15.3803
3.79303 15.5658
4.0469 15.2149
4.01773 15.7503
4.26547 15.3631
4.16653 15.7296
4.22904 14.4507
4.92835 14.6356
5.05073 14.5492
4.10107 15.2962
4.03353 15.4723
4.04039 14.7634
3.77079 15.8199
3.79818 15.8179
4.00154 15.5292
3.87489 15.6129
3.96837 15.058
4.13724 15.2829
4.25401 15.7483
4.08396 15.2961
4.11213 15.3358
4.63232 14.6696
4.49022 15.0912
4.34199 14.9891
4.49258 15.3528
3.76163 15.1361
3.97544 14.9643
4.25135 15.3761
3.92733 15.0816
4.10959 15.3023
4.20762 15.1338
4.14957 15.1274
3.84945 15.3791
4.51113 14.986
4.41476 15.6589
4.55827 15.029
4.12689 15.5129
3.98531 15.378
4.04132 15.2181
4.4006 15.0677
4.10436 14.9779
3.94499 15.3446
3.94499 15.1311
3.94401 14.9481
4.02878 15.2071
4.36457 15.3389
4.07419 14.9277
3.82403 15.3161
3.76388 15.1737
3.70944 15.2682
4.31806 15.0391
4.53727 14.794
4.53727 14.7888
4.5408 15.2302
4.99972 15.052
5.01261 15.7932
4.98772 15.1203
5.126 15.2993
5.126 15.4913
5.47464 15.6025
5.47884 15.6595
4.58001 15.7287
4.75869 15.1142
4.35864 14.9296
3.95919 15.1753
4.46534 14.5936
3.61493 15.0454
3.84414 15.6483
3.50302 15.6118
3.73415 15.4334
3.61591 15.8506
3.87602 15.6924
4.01008 15.499
3.61209 15.696
3.57138 15.553
3.30554 15.6557
3.683 15.2978
4.19556 15.2384
4.49371 15.1158
3.93373 15.1072
3.88333 15.1552
4.08867 16.0056
3.76297 15.656
3.63786 15.7107
3.84967 15.5945
4.11372 15.7095
3.97338 15.6608
3.8049 15.5165
4.36709 15.3086
3.98664 15.9826
4.3226 15.3558
4.5334 14.575
3.7843 15.6785
3.50335 15.9904
4.00598 15.4924
3.87155 15.8457
3.88312 15.3572
3.98997 15.3113
3.71255 15.1279
4.16492 15.1886
3.65316 15.9966
3.75962 15.1564
3.31651 15.4348
4.04473 15.2736
3.75023 15.705
3.43717 15.9048
3.75238 15.6265
3.94119 15.6471
3.99564 15.7227
3.93684 15.3965
3.77849 15.1876
4.37036 15.0859
3.53717 15.2198
3.33727 15.7664
4.23744 15.1785
3.83551 14.8426
3.59218 15.1699
3.89787 15.6116
4.10591 15.5226
3.90265 15.5414
3.59196 15.618
3.54005 15.3769
3.8994 15.7069
4.15003 15.2382
3.86411 15.4894
3.85877 16.0282
4.09165 14.8313
3.83191 15.2564
4.24016 15.0696
3.99234 14.9105
3.76485 15.5272
3.95621 15.0894
4.25521 15.017
4.26539 14.7235
4.44109 15.261
4.47059 15.0477
4.54766 15.3863
4.25036 14.9929
3.92273 15.5595
4.10197 15.5118
4.00211 15.1615
4.22585 15.3712
4.80397 15.5534
4.13804 14.9874
4.35472 15.1073
4.10016 15.22
4.34942 15.2135
4.54656 15.2701
4.48299 15.4158
4.08891 16.1819
4.02943 15.6755
3.70228 15.8662
4.74958 15.2862
3.82027 15.428
3.71647 15.9102
3.99491 15.5372
4.29798 15.153
4.13043 15.8832
3.70455 15.7506
3.95791 15.7908
4.151 15.7665
4.02075 15.6311
3.78194 15.5746
3.55201 15.4304
3.73612 15.1725
3.53643 15.8871
3.54025 16.127
4.09012 15.8549
4.28155 15.6232
4.10674 15.2707
4.18225 15.259
3.93722 15.9277
3.82602 15.4066
3.77218 15.2842
3.71038 15.3056
4.16213 14.963
4.16213 14.751
3.91211 15.5525
3.92036 15.3123
3.93567 15.5177
4.18283 15.0036
4.50381 15.3294
4.11328 15.9016
4.11328 15.5119
3.6608 15.6431
4.2311 15.1938
3.97578 15.3858
3.75536 15.499
4.26315 15.2107
3.63816 15.3003
4.03778 15.6988
4.02066 15.7245
3.92004 15.5945
4.61054 15.3575
4.0596 14.877
4.17734 15.2095
4.26077 15.278
4.19678 14.9826
4.44696 15.3004
4.45899 15.7888
4.38611 15.9907
4.87573 15.0803
4.15214 15.5308
4.56362 14.8965
4.0333 15.6437
4.11601 15.3187
4.16332 15.9098
4.03756 15.5194
3.66632 15.6502
3.63378 15.5619
3.90175 15.5069
3.92186 15.4051
3.72706 15.653
3.60775 16.3289
3.57488 15.6374
3.40019 15.6014
3.7905 15.2233
4.21167 15.916
3.93935 15.7603
3.88624 15.415
4.18937 15.4163
4.33191 14.9525
3.91298 15.487
3.87215 15.0833
4.10426 16.1472
3.7971 15.5168
4.07841 15.4709
4.54304 15.9183
4.2304 15.7242
4.46202 15.4823
4.08305 15.1741
4.12314 15.8541
4.44174 15.3943
4.16959 15.5951
4.23679 15.2309
4.49907 15.3731
4.48545 15.3788
4.49759 15.217
5.10572 15.4916
4.47824 16.0669
4.15202 15.4627
4.3864 15.727
4.31737 15.4247
4.13408 15.458
4.23718 15.357
4.38058 14.8206
3.71353 15.3491
3.77517 14.8086
3.61684 15.9807
3.97313 14.6554
3.99414 15.2941
4.16931 15.2755
4.33554 14.9811
3.85244 15.3417
4.13446 14.8128
4.23189 14.9863
4.45272 15.3129
4.57171 14.8489
4.47717 15.3752
4.18294 15.7585
3.874 15.7395
4.49181 15.8324
4.14161 15.3525
4.17146 15.1961
4.46277 15.3282
4.70075 15.1298
4.01464 15.2197
3.74093 15.966
3.74165 15.7308
3.74165 15.9438
3.83387 15.3921
3.8809 15.5054
3.95128 15.441
3.69003 15.8643
3.86379 15.8483
3.8976 15.855
3.77387 15.6278
3.74362 15.8472
3.69119 15.5501
4.20886 15.0664
4.33858 14.5927
4.0487 15.2851
4.0017 15.5155
3.99709 15.598
4.06603 15.5249
4.07131 15.3539
4.05672 14.9173
3.90358 15.9335
4.05176 15.2775
4.02143 15.3137
4.09767 15.2994
3.80493 14.9289
3.6966 16.0049
3.66518 15.9264
4.10557 15.3944
4.32676 15.9615
4.07653 14.9171
3.67443 16.223
3.45851 15.7312
3.48722 15.2617
3.56309 15.6107
3.75963 15.5195
3.76097 15.2132
3.99738 15.0192
3.73802 15.5702
3.99291 15.3913
4.30961 14.7781
4.37008 14.7845
4.31229 15.1965
4.36882 15.0424
3.98614 15.1356
4.01321 15.1078
4.14914 15.0425
3.93803 15.5494
3.80566 15.3759
4.06162 15.6019
4.14853 15.6469
4.12537 16.0443
3.95963 15.7545
3.94751 15.5594
4.14288 15.2485
3.95902 15.3248
4.63809 15.6769
4.81112 15.2662
4.6345 15.2665
4.07747 14.9481
4.65934 15.042
4.35027 15.4056
4.68376 15.3901
4.72833 15.1909
4.72833 15.7282
4.68617 15.4464
4.53604 15.5082
4.39452 15.3347
4.6207 15.1614
4.48072 15.3362
4.51882 14.8674
4.31735 14.7326
4.8202 14.8573
4.60306 15.5134
4.61212 15.9446
4.50621 15.2651
4.43777 15.1596
4.381 15.1717
4.84832 15.3151
4.02226 15.0463
3.58559 15.0047
3.69243 15.7522
3.6885 15.3386
3.51404 15.502
3.90536 15.1913
4.1135 15.2847
4.2845 15.4585
4.1023 15.3711
4.1216 16.1734
4.06631 15.2341
4.55827 15.0892
5.03971 15.2188
4.13418 15.0768
4.47659 15.5551
4.67803 15.1341
4.27097 15.2499
4.14578 15.5581
3.9252 15.052
4.09839 14.7262
3.88093 14.9744
4.04426 15.4074
4.15341 15.7133
4.03746 15.4771
4.08663 15.6409
4.09528 15.3937
4.43944 15.179
4.03611 15.5917
4.3299 15.9683
4.60598 14.8108
4.52296 15.0218
4.92951 15.1222
4.51781 15.5472
3.91371 15.9388
4.50862 15.1175
4.74855 15.3203
4.6202 15.4293
4.30693 15.3168
3.93832 15.1957
3.72985 14.4951
4.2478 15.7443
4.0733 15.5121
4.0986 15.5078
4.24472 15.4624
4.32377 15.4271
3.92137 15.3542
3.98254 15.3363
3.97835 15.5685
3.98323 15.4336
3.90623 15.5447
3.44036 15.1992
3.72904 15.1304
4.32577 15.0189
4.70235 14.9837
4.48962 15.283
4.393 15.2612
4.38731 15.4217
4.40271 15.7807
4.46828 15.6674
4.24359 15.2552
4.30443 15.3019
4.1007 15.6212
4.29549 15.9194
4.38946 15.5542
3.81363 15.5818
3.77283 15.607
3.83168 15.3384
3.68654 15.2663
3.86456 15.3773
3.86343 15.5071
3.73283 15.6374
3.72145 15.2413
3.81447 15.9075
4.28943 15.3516
4.19279 15.1473
3.566 15.4818
4.10594 15.5838
3.9721 15.4192
4.02295 14.9813
4.12955 14.7387
3.89611 15.5409
4.27945 15.1655
4.07698 14.948
4.11268 15.6219
3.86593 15.2481
4.1462 15.0076
3.99261 15.3391
4.16869 15.392
4.0843 15.082
4.48054 14.929
3.8781 14.6866
3.91867 15.0342
3.93934 15.2779
3.94825 14.9919
3.69966 15.6764
3.85588 15.6517
3.91004 15.4949
3.9684 16.063
3.92923 15.2651
4.27518 14.7527
3.98681 15.3896
3.85238 15.4774
3.95937 15.4932
3.80876 15.5274
3.85765 15.5941
3.96709 15.9485
3.9858 15.5045
4.22805 15.5979
3.53884 15.5245
4.4264 14.6383
4.34073 15.1018
4.19998 15.4035
3.949 15.0517
4.1918 15.7177
4.08955 16.0364
4.27276 15.1829
3.49281 15.9906
3.87894 15.4801
4.03584 15.1719
4.31232 15.139
4.09448 15.5101
4.53236 15.2783
4.50835 15.4719
4.23861 15.7871
4.22408 15.7697
4.11905 15.7591
3.8516 15.2695
4.01353 15.2429
4.16224 15.4875
4.21705 15.6866
4.62843 15.377
4.00657 15.3997
3.87773 15.6309
4.0255 15.659
4.0385 15.3758
3.9028 15.5425
3.78685 15.4536
3.82273 15.2415
4.39087 15.4662
4.5819 15.3747
4.55601 14.833
4.14081 15.0193
4.18146 14.6352
4.09996 14.8635
3.92567 15.227
3.92705 16.4458
4.36044 14.9788
3.9351 15.3004
4.13653 15.7367
4.17289 15.8683
4.08412 15.8276
3.9755 15.8282
4.02755 15.8272
4.07881 15.8065
3.88815 15.8853
3.89398 15.1455
4.08493 15.3202
4.12932 15.7028
4.01838 14.8675
3.97568 15.3601
4.13356 15.4756
4.4288 15.8116
4.30118 15.7877
4.52415 15.629
4.42002 14.7891
4.2238 15.4221
4.2204 15.5294
4.20727 14.801
3.87969 15.6657
3.97586 15.5356
4.65502 14.9107
4.48148 15.2389
4.27318 15.3648
3.61635 15.3608
3.82796 15.3748
3.86877 15.4368
4.59351 15.0836
3.88494 15.7584
3.63629 15.387
3.3952 15.7532
3.99051 15.2793
3.63842 15.8103
3.7458 14.4801
3.79891 15.7488
3.87893 15.417
4.13409 15.2189
4.19852 15.2462
4.18106 15.3523
3.87964 15.6128
4.00905 14.9748
3.80927 15.082
4.30628 14.9668
4.66789 15.0287
4.90488 15.313
4.07287 15.1513
4.59167 15.1705
4.19711 15.6616
4.22201 15.0611
4.27047 15.2249
4.61649 15.6976
4.72046 14.933
4.63696 14.7963
4.4333 15.2469
4.53599 14.7189
4.57448 15.5774
4.45707 15.3241
4.6839 15.5185
4.00905 15.3799
3.93735 15.2298
4.7213 15.4095
4.73538 15.4497
4.34845 15.8038
4.15907 15.6854
4.15395 14.9293
4.33709 14.7462
4.2349 16.06
3.92393 15.0011
4.0959 14.8446
4.34491 15.0783
4.03671 15.7089
3.63752 15.4399
4.21989 15.3908
3.88594 15.6217
3.68239 15.8628
4.18545 15.6832
4.19556 15.274
4.17446 15.3601
4.14625 15.5394
3.93878 15.285
4.34345 15.2684
4.03068 15.6849
3.37578 15.7641
3.36912 15.7264
3.42949 15.5863
3.69118 15.5365
4.39135 15.4839
3.92115 15.666
3.73304 15.5467
3.82699 15.6633
4.48388 15.6235
4.07442 15.5914
4.12874 15.179
4.0462 15.2108
4.32474 15.5548
3.66811 15.5081
3.6482 15.4881
3.83184 15.5303
4.25466 15.6129
3.99985 15.5588
4.39484 15.1375
4.22101 15.3398
4.0741 15.0357
3.98045 15.0615
4.00443 15.5611
3.85787 15.4279
4.01578 15.4359
3.98213 15.4802
4.07545 15.6378
4.14566 15.5867
3.86393 15.5222
3.89966 15.3279
4.88186 15.0543
4.46943 15.518
4.49946 15.4832
4.33464 15.5294
4.09315 15.5081
4.09736 15.1432
3.71154 15.9001
3.62775 15.4345
4.01903 15.8576
4.28311 14.497
4.41803 15.2784
4.36177 15.6559
3.88999 15.144
4.03793 15.5044
3.99876 15.424
3.75598 14.9996
4.34103 15.0605
4.38736 14.9407
4.27279 15.6159
3.77655 15.6677
3.86891 14.9249
3.81971 14.7213
3.63248 14.76
3.74932 14.7829
3.83825 15.5078
4.21295 15.8736
4.25683 15.6882
3.71399 15.6131
3.71656 15.3397
3.61355 15.543
3.84297 15.8132
3.60692 15.8623
3.65672 15.4576
3.74875 15.8723
3.83691 15.5648
3.8622 15.5927
3.80581 15.5269
3.78696 16.0592
4.30957 15.158
3.74496 16.1764
3.56345 16.177
3.99858 15.2221
4.20797 15.2963
4.42837 14.9823
4.27355 15.1203
4.62382 15.5995
3.93294 15.3732
4.42361 15.0506
4.33517 15.7606
3.5922 15.479
3.61586 15.7626
3.88178 15.3848
3.95809 15.2586
4.19469 15.0633
4.28366 15.2633
4.68902 15.3818
4.40141 15.3529
4.69523 15.2416
4.79001 15.2398
5.25618 15.7383
5.27704 15.2853
5.48594 14.8844
5.18981 15.3229
5.71731 14.8534
5.83544 15.1276
5.80452 15.3711
6.19872 14.7865
6.19872 15.6551
6.19872 15.1703
5.73721 14.8971
5.607 15.3336
5.57015 15.4716
4.44507 15.1271
4.05925 15.2913
3.98756 15.4163
3.63046 15.261
3.77164 16.0281
4.07698 15.2846
4.49967 14.8292
4.06791 15.0998
4.05048 15.3736
4.37297 15.5074
4.11849 15.0009
5.29903 15.1955
5.79507 15.153
4.69318 15.0234
4.72147 15.1927
4.30257 15.185
4.15041 14.8698
3.92547 15.3087
3.80447 15.3462
3.84771 14.8568
4.04733 15.0551
4.34914 15.668
4.77921 15.2913
4.60279 15.5539
4.53646 15.5229
4.36118 14.7471
4.39001 15.1447
4.33227 14.9682
4.31084 15.391
5.07339 15.1922
4.48965 15.6892
4.86786 15.0181
5.09627 15.616
4.55824 15.5678
4.73661 15.1393
4.68231 15.0063
4.86797 15.0848
4.48245 15.2231
4.4448 15.3339
4.56092 14.9861
4.52956 15.6794
4.09334 14.9506
4.11582 15.2932
4.16737 14.9729
3.83312 15.2876
3.89289 15.8105
4.29565 15.4214
3.54754 15.7269
3.59255 15.4749
3.73164 15.881
3.80534 16.3739
3.9609 15.3872
4.03105 15.4651
3.25907 16.2527
3.8024 15.9807
3.36674 15.4744
3.869 15.5456
3.7496 15.6406
4.01744 15.2833
3.84844 15.7281
4.13335 15.6784
4.27471 15.4905
4.18674 15.2004
4.1254 15.2841
4.0445 15.9692
4.05795 15.2735
3.70077 15.9949
3.46952 14.9579
3.79096 15.1322
3.61932 15.4228
3.82341 15.3678
3.82344 14.8249
3.90865 15.6043
3.99586 15.4915
3.89403 15.8001
3.62936 15.7909
3.875 15.342
4.01428 14.9108
4.02376 15.6782
3.96284 15.4368
4.36452 15.3564
4.94718 15.0202
4.68695 15.8068
4.1844 15.7937
3.8193 15.8647
3.62945 15.8586
4.06543 15.7067
4.02089 15.1085
4.02626 15.7282
4.26582 15.2862
3.62864 15.6207
4.12433 15.3089
3.9488 15.2846
3.94793 15.3781
3.84094 15.3324
3.52982 15.4659
3.68398 15.5343
3.6092 14.8547
3.76372 15.6993
3.75223 15.1708
3.75152 15.0699
3.66088 15.8228
3.76018 16.0622
3.34839 16.0733
3.72543 15.8637
3.71865 16.1436
3.78635 15.2265
3.87502 15.0113
3.87469 15.1057
3.8118 14.4587
4.29619 15.4093
3.81656 15.8137
3.59776 16.4691
3.89272 15.0599
3.75733 15.5688
4.06138 15.043
4.07085 14.8252
4.19068 15.243
3.89491 15.0275
3.81664 15.1725
4.21392 15.004
4.72047 15.8602
4.87029 15.3235
4.6753 14.7253
4.46759 15.5198
4.31912 15.807
4.58026 15.2623
3.9456 14.8803
4.34867 15.7059
4.13326 15.4416
4.33336 14.8918
4.0684 15.3734
4.209 15.4726
4.10536 15.1829
4.18177 15.0619
4.20308 15.0515
3.94325 15.053
5.03652 15.3879
5.62364 15.0851
7.05989 14.9806
4.9856 16.0467
5.22436 15.7573
5.18296 14.7751
5.12797 15.18
5.09481 14.9682
5.05624 15.0597
4.55959 14.855
4.5332 15.3813
4.53116 15.0711
4.52577 15.3331
4.52637 15.5535
4.34367 14.7625
4.11844 15.3941
3.90874 15.6434
3.97122 15.9416
3.68989 15.9034
4.22765 15.6926
4.13504 15.2594
4.32011 15.9817
4.46975 15.268
4.23973 15.7638
4.06605 15.2658
3.99791 15.3856
3.82491 15.578
4.2338 15.543
4.01018 15.2549
3.88293 15.4507
3.59604 15.474
3.80216 15.8721
3.72513 15.436
3.49902 15.3084
3.46283 15.5116
3.46283 15.6508
3.4665 15.9799
4.03057 15.0409
4.51009 15.2558
5.06879 15.557
4.10742 15.0062
4.19918 15.1715
4.09123 14.711
3.82162 15.569
3.96815 15.3332
3.86188 15.9627
4.32831 15.6179
4.21838 15.8816
3.5565 15.4069
3.69233 15.3421
3.94042 15.6427
3.82321 15.8938
3.67244 15.8017
3.67308 15.3902
3.71204 14.9881
4.14374 15.3533
4.30235 14.9207
4.49312 14.9207
4.53495 15.7124
4.53577 15.5552
4.53371 15.5552
4.49034 14.5666
4.89188 15.2969
4.9647 15.4263
4.61378 15.33
4.75612 15.382
4.57813 14.9285
4.67755 15.4822
4.4874 15.2051
4.58469 14.8697
4.15358 15.5609
3.99851 15.3204
4.37405 15.9663
3.77099 15.0679
3.7988 15.9333
3.31668 15.5724
4.09924 15.5122
3.91815 15.4962
4.07264 15.1379
4.10547 15.0828
4.21931 15.242
4.06458 15.2758
4.22165 15.3574
4.20713 15.5479
3.97098 15.861
4.1674 14.8736
3.9116 15.6287
3.89911 14.9485
3.93396 15.2753
3.8723 15.206
4.50804 14.874
4.10183 15.5784
4.07531 15.7651
4.09514 15.3267
4.33493 15.0681
4.46149 14.8379
4.34524 15.3837
4.02988 15.2523
4.38468 15.1773
4.18823 14.8102
4.41081 15.1564
4.11145 15.4869
4.03191 15.2709
4.45899 15.5095
4.38312 15.8448
4.6944 15.0501
4.81367 15.1635
4.74919 15.3628
4.44247 15.2779
4.61565 15.1794
4.44396 15.9176
4.09406 15.3579
4.10823 15.979
3.95904 15.5
4.22129 14.7058
4.10236 15.3406
3.97526 15.9127
3.80014 15.6508
3.70742 15.305
3.69868 15.7447
3.45619 15.6682
3.35373 15.72
3.83439 15.6074
4.04854 15.7327
4.28444 16.1313
4.24928 15.8466
3.61259 16.358
3.70469 15.6531
3.81421 15.2825
4.30104 14.9191
4.67714 15.1015
4.5261 14.93
4.89935 15.149
4.53665 15.3862
5.02736 15.1685
3.72302 14.9186
3.79037 15.0746
3.41198 15.2184
3.30758 15.2512
3.41543 15.2133
3.83562 15.7853
3.35887 16.021
3.35152 15.7667
3.64123 15.8892
4.08877 15.4777
3.90883 15.6069
3.85461 15.1559
3.94452 15.2931
4.30739 15.5211
4.19108 15.1892
4.10238 15.2556
3.88409 15.7828
3.63581 16.0786
3.56297 15.6458
3.48735 15.9072
3.55921 15.4114
3.91091 15.7143
3.49875 15.8474
4.04144 15.53
3.99122 15.5062
3.87118 15.3773
3.89479 15.4208
4.23031 15.4515
4.41993 15.4668
4.53578 15.6592
4.13542 15.5612
4.01677 15.3657
3.7937 15.2101
3.29617 16.0456
3.29617 16.2883
3.50706 15.2257
3.82478 15.2528
3.54104 15.5084
4.40048 16.1356
3.61164 15.9889
3.98018 15.0059
4.20282 14.3947
5.02387 15.4362
4.44796 15.3483
4.44387 15.8037
4.17389 15.0501
4.23194 15.505
4.10686 16.0109
4.29019 15.736
4.39849 15.5446
4.36278 16.0594
4.15738 14.8505
4.33298 14.9489
3.9724 15.3148
4.09733 15.1329
4.39269 15.1738
4.35118 15.3486
3.98488 15.3204
3.9627 15.538
4.41171 15.3242
4.2449 15.5114
4.59158 14.6599
4.31847 15.2211
4.25069 15.3693
4.27372 15.7843
4.08705 15.3327
3.78474 15.4079
3.50004 15.8838
3.70993 15.1801
3.98044 15.0741
4.35233 15.1547
3.87177 15.6133
3.65655 15.4366
3.32082 15.7012
3.54918 15.1879
3.465 15.4655
3.77779 15.4849
3.81703 15.5197
3.99678 15.6796
3.95738 15.313
3.79119 15.2861
3.99187 15.3048
4.23583 14.8355
3.87816 15.1954
3.87524 15.331
3.65697 16.1414
3.92801 15.1198
3.68488 15.2012
3.93982 14.8852
3.83201 15.6899
3.9798 15.0977
3.9664 15.8247
3.59613 15.3703
3.60178 15.5872
3.51555 15.4025
3.70328 15.6638
3.66945 15.1707
3.56996 15.1128
3.585 15.3523
3.24859 15.3962
3.62231 15.3406
3.7403 15.3306
3.75736 15.4724
3.65461 15.4754
3.60344 15.1751
3.88913 15.6335
4.1927 15.3705
3.76022 15.398
4.28238 15.5255
4.2742 15.3524
4.22693 15.5102
4.1334 15.7866
4.22832 15.2562
3.38962 15.9964
4.03681 14.9114
3.55792 15.0079
3.91353 15.108
3.94306 15.2394
3.89578 15.2108
3.94834 15.0709
3.69436 15.2221
4.07738 14.9878
3.67264 15.3497
3.85047 15.5969
4.01028 16.0916
3.88469 15.6422
4.2404 15.2298
4.29905 15.496
4.27829 15.863
4.30929 15.5072
4.09922 14.7904
4.09979 15.5725
4.41885 15.7893
3.89797 16.0443
4.32435 15.3446
4.57151 15.2473
4.50879 15.2472
4.08857 15.1677
4.79767 15.1867
3.79449 15.1665
3.95401 15.2639
3.91079 15.3885
3.84226 15.4968
3.63414 15.5256
3.83788 15.2618
3.80123 15.3054
4.12434 15.4396
3.82765 15.9054
3.95158 15.7093
3.74598 15.6209
3.63475 15.4522
3.50565 15.7781
3.835 16.291
3.9599 15.352
3.7257 15.3305
3.93191 15.3261
4.1689 15.4792
4.33126 16.0157
4.23563 14.9222
4.23563 15.0946
3.71503 15.3091
4.12693 15.4613
3.7926 15.4781
4.40318 15.4724
3.88318 15.4247
4.128 15.2499
4.13851 15.6795
4.09037 15.6438
3.86565 15.0368
3.93012 14.7326
4.04895 15.3663
4.51364 16.0739
4.33199 15.4235
4.36 15.7197
4.21615 15.2372
4.22998 15.7102
4.23234 15.6977
3.99542 15.1781
4.16305 15.2708
3.46756 15.6125
3.66322 15.5216
3.49536 15.6795
3.78307 15.4255
4.23139 15.2661
4.04505 15.3743
3.53118 15.6247
4.32905 15.6602
4.16245 14.8049
4.56021 14.8782
4.60151 15.1772
4.67101 15.0975
4.223 15.0415
4.32192 15.345
4.13454 15.1908
4.27435 15.2093
4.68854 15.3655
4.4876 15.2753
4.80225 15.0479
3.76194 15.4212
3.4611 15.5915
3.4611 16.0028
3.59646 15.7321
3.80192 15.4702
3.72351 15.4353
3.43931 16.0194
3.69865 15.2461
4.03212 15.1386
4.09952 15.5357
4.08432 15.5268
4.31122 15.6389
3.98046 15.9113
3.87103 15.9997
3.63276 16.1369
4.1697 15.2301
4.5831 14.8872
4.69177 15.9611
4.65301 15.4251
3.8578 15.7784
3.71615 15.6231
4.17145 15.3362
4.26218 15.3139
3.90506 15.375
3.97109 15.3462
3.79193 15.1509
3.64645 14.9472
4.28561 15.0171
4.02933 15.2589
3.69143 15.4212
3.94489 15.6524
3.97556 15.597
4.09325 15.1649
3.825 15.2681
4.48142 14.8286
4.19774 15.2382
4.40403 14.9062
4.30375 15.3213
4.33201 14.7282
4.08082 15.5378
4.49216 14.8139
4.58582 14.906
4.25722 15.4662
4.48423 15.4059
4.17989 14.8453
3.87933 15.3758
3.76849 15.2257
3.849 15.6103
4.26404 15.5279
4.33268 14.7812
4.4949 14.9096
4.1536 15.026
3.78211 15.3409
3.90244 15.525
3.8774 16.0556
3.87611 15.6196
3.90666 14.9749
3.92086 15.3348
4.07819 15.5319
3.93161 15.3011
4.18262 15.562
4.22783 15.5744
3.94931 15.8302
3.81813 15.5558
3.86976 15.7951
3.72488 15.7513
4.22752 15.4939
4.18957 14.9145
4.66364 15.7607
4.47529 15.501
4.61464 14.7816
4.29242 15.5844
4.04286 14.8214
4.50243 15.0445
4.21348 15.4847
4.68461 15.4217
4.89919 15.5235
4.35354 15.45
3.91517 14.7845
3.95059 15.3173
4.29812 15.2624
3.93427 15.8011
4.25804 15.2512
4.29521 15.4972
3.82985 15.1831
3.75433 15.6702
3.41531 15.2481
3.69699 15.6004
3.82589 15.5984
3.87656 15.8443
3.71303 16.1213
3.90027 15.4703
3.86994 14.9738
3.81813 15.1036
3.73081 15.128
3.64996 15.0955
4.07172 14.8988
4.05133 15.2645
4.07576 15.2069
3.99697 15.9589
4.32801 15.0263
3.83833 15.2254
3.75055 14.9394
3.98942 15.0524
3.63232 15.8921
3.66217 15.5156
3.89289 15.6571
4.478 15.0798
4.2552 14.9386
4.27042 15.6618
4.30557 15.432
4.28205 14.6622
4.32184 15.8145
4.21509 15.5629
4.08543 15.5297
4.00306 15.6216
3.84497 15.0664
4.16791 15.1703
4.11167 15.3049
4.52657 15.4556
4.82758 15.5985
4.35508 15.7003
4.22009 15.0679
3.81855 15.2149
3.9907 15.0382
4.12472 15.2695
4.94258 14.91
4.71981 14.9096
4.88665 15.2201
4.10885 15.4832
4.11184 15.2065
4.08105 15.0744
3.87076 15.6446
4.02309 15.7919
3.99802 15.2431
4.09102 15.6656
3.71866 15.1671
3.76708 15.3503
3.96566 15.3394
4.00162 15.4209
4.44048 15.4726
4.3773 15.5382
4.35918 15.3428
4.48799 15.0148
4.37334 15.0793
4.24545 14.9503
4.1856 15.6593
4.07076 14.5413
4.00637 15.9066
3.87991 15.2513
3.91832 15.3465
3.83962 15.9759
3.56418 15.3534
3.9427 15.263
4.22102 15.1802
3.95051 15.7823
3.51284 15.8698
4.31875 14.6815
3.32197 15.3614
3.35973 15.4054
3.94053 15.4817
4.34243 15.5699
3.67367 15.9257
3.92678 15.5158
3.99583 15.9536
4.22481 15.439
4.29096 15.9656
4.20611 14.8772
4.24892 15.1988
4.16774 15.0871
3.64239 15.5073
3.92831 15.5183
3.93321 15.4455
3.91531 14.9754
4.01566 15.2441
3.74911 15.5215
4.25062 16.1064
3.9175 15.2541
3.78173 15.7699
3.97087 15.3415
4.18885 15.8738
4.21372 15.7027
4.14265 16.0093
4.27499 15.87
4.18424 15.1437
4.04143 15.8076
3.67968 15.4253
4.13152 14.9804
4.18097 15.3499
4.51208 15.225
4.49495 15.3871
4.58197 15.1965
4.34252 15.867
4.71968 15.4259
4.62869 15.6035
4.67183 14.7675
4.55969 14.7573
4.64716 15.1077
4.39135 15.6739
4.12068 15.3901
4.37603 15.1334
3.88892 15.2661
4.0524 15.1237
3.66397 15.7986
4.53712 15.2957
4.18247 15.5526
4.64891 15.349
4.31239 15.6761
3.7777 15.823
4.32876 15.5083
4.61422 15.2889
4.62843 15.2104
4.27436 15.6574
4.28836 14.5519
3.94457 15.1561
3.81096 15.2928
3.94794 15.3421
3.79128 15.5501
4.09154 15.0546
3.96854 15.622
3.52093 16.2381
3.54521 16.2298
4.53627 15.4133
4.27307 15.4056
4.29238 15.3584
4.28284 15.3818
4.28173 15.5729
4.251 15.1502
4.4518 15.1104
4.47039 15.1828
3.65975 15.5937
4.14439 15.5226
4.62766 14.9028
5.33197 14.7449
4.90707 15.5323
4.92867 14.5888
4.42523 14.6116
4.17489 15.4235
4.05541 15.2698
4.19371 16.0268
4.22901 15.4178
4.07006 15.7178
4.17696 15.36
4.19093 15.3291
4.48738 15.2874
4.60726 14.4183
3.87406 15.9462
3.9658 14.8258
3.85337 15.6623
4.08212 15.5232
3.63157 15.2495
3.96928 15.2599
4.28772 15.9079
3.81353 15.6678
3.7445 15.6958
3.59892 15.6293
3.5953 15.769
3.97137 15.7481
3.92096 15.9071
3.8574 15.7303
4.05227 15.5622
3.83157 15.6278
3.89349 15.4634
3.70383 15.8683
4.04713 15.415
3.96184 15.2823
4.08094 15.5307
3.97448 15.2685
4.12441 15.1987
3.99898 14.8959
4.05191 15.841
3.99798 15.9729
3.70955 15.3874
4.09653 15.1147
4.43713 15.172
4.18808 15.5311
4.11246 15.268
4.1294 15.3231
3.76061 15.9592
3.86355 15.466
4.40481 15.3507
3.75268 14.7795
3.88481 14.923
3.85973 15.1551
3.8848 15.1978
4.0968 15.2344
4.04011 15.2331
3.90932 14.777
4.1712 15.7402
4.59659 14.7596
4.01623 14.9608
4.36974 15.3243
4.22031 14.9588
4.26667 16.234
4.05683 15.0497
3.73008 15.6261
3.65527 15.274
3.77119 15.5251
3.99569 15.6483
3.89256 15.5544
4.17479 15.664
4.03238 15.1729
4.17395 15.2167
4.42774 14.5708
4.13102 15.2102
4.57739 15.259
4.59611 15.4262
3.31797 15.492
3.81836 15.42
4.03998 15.3368
3.98692 15.228
3.97216 15.4744
4.22133 15.6745
3.86051 15.5282
3.82683 15.1033
3.72136 14.6122
3.68335 15.8041
3.80672 15.6553
3.3631 15.9876
3.81134 15.6532
3.89418 15.7216
4.03005 15.1674
3.9826 15.1922
3.89733 15.7604
4.08061 15.7594
4.32657 14.9986
4.51329 15.3176
3.59737 15.9617
3.93944 16.0164
3.82843 15.1064
4.22985 15.0315
4.36791 15.2686
4.39549 15.5211
3.96805 14.7853
4.14286 15.1624
3.82277 15.7566
4.15098 15.3394
4.1853 15.8479
4.01854 15.7459
4.29956 15.53
4.09469 15.4038
3.9404 15.2176
3.64857 14.9244
3.82415 15.4269
4.92759 14.9389
4.40004 15.0275
4.26834 15.9198
4.35591 16.4951
4.24837 15.0749
4.0919 15.1812
4.21671 15.0672
3.62776 15.0081
3.83436 15.3385
4.43226 15.2547
4.67497 15.0548
4.17099 14.9689
4.02386 15.2275
4.11238 15.4721
3.99251 15.1484
4.07875 15.6198
4.19511 15.4209
4.06162 15.797
4.1905 15.3251
4.1769 15.6346
4.50603 15.0074
4.11887 15.3727
4.23699 15.483
4.31689 15.4903
4.19405 15.5122
4.29694 15.6785
4.28885 15.9531
3.94569 15.8487
3.71906 15.9307
3.86842 15.4705
4.01795 14.8467
3.9164 15.0491
3.74984 16.1605
3.69809 15.4272
4.20107 15.3196
4.17364 15.2021
4.17354 15.5144
4.30601 15.4025
4.03209 15.5846
4.06567 15.3985
4.10894 15.1556
4.19572 15.3781
4.17328 14.9668
4.08459 15.2723
3.92111 15.7017
4.04638 15.594
3.86384 14.999
4.09345 14.9198
4.03632 15.2098
4.08973 15.3516
3.94052 15.4972
3.76309 15.2291
3.91387 15.2982
4.10653 15.118
4.48267 15.2515
3.89598 15.7043
3.94167 15.7393
3.62988 15.9389
4.18588 15.6457
4.39394 15.0387
4.63575 14.6925
4.4584 15.7253
4.68032 15.171
4.50137 15.4124
4.39588 14.8182
3.9612 15.5749
3.8151 16.0141
3.96468 15.329
3.46493 15.514
3.9192 15.5539
3.91922 15.8701
4.07592 14.9088
3.97008 15.1621
3.84879 15.0901
3.93489 15.362
3.7134 15.0086
4.1415 15.513
4.66062 15.3964
4.1756 15.5804
3.74844 15.3799
3.97187 15.5038
3.66047 15.9213
3.80134 15.6274
3.93073 15.3071
3.79107 15.8332
3.79491 15.7386
3.79638 15.8158
4.09635 15.7487
3.92789 15.5167
4.04543 15.4287
3.67048 15.4423
3.84393 15.3312
3.76726 15.1755
3.55296 15.2254
4.0278 15.2108
4.27268 15.6274
4.35089 15.4348
4.56934 15.4348
4.57474 15.4483
4.67553 14.9079
4.6893 14.6197
3.9926 15.5448
3.92169 15.1745
3.94235 14.545
3.86966 15.3685
3.60897 15.7977
3.36809 15.9706
3.85939 15.6517
3.87836 15.602
3.97118 15.3595
4.01848 15.2017
4.14889 15.2731
3.95553 15.2298
4.23449 15.1823
4.16541 15.5509
3.75013 15.712
3.79943 15.3768
3.99503 15.1216
4.47084 14.6933
4.1945 15.8468
4.45895 15.0848
4.20995 15.4756
4.31214 15.3783
4.19958 15.0199
4.3279 15.1613
4.13033 14.9123
3.90067 15.6708
4.03338 15.5446
3.88825 15.4861
3.79868 15.8133
3.8872 15.3265
4.0923 16.1125
3.91567 15.6424
4.11207 15.3388
4.31791 15.4387
4.06003 15.2549
4.2073 15.624
4.49728 15.3569
4.17681 15.3778
4.4074 15.3307
4.21976 15.0445
4.32738 15.7645
3.97842 15.2931
3.59613 15.1177
4.10764 15.2524
4.08731 15.2405
3.94498 15.2659
4.30618 15.6713
3.79282 15.3942
3.90639 15.5477
4.02806 15.5007
4.88494 15.6546
5.10642 15.1094
4.0266 15.6887
4.19243 15.4877
4.10218 15.2917
4.19344 15.8898
4.0725 15.8876
4.02063 15.4963
4.32982 15.2787
4.29834 15.2171
4.29695 14.8685
4.15142 14.869
4.23304 15.4193
4.85383 15.0856
4.71625 15.004
4.83902 15.5176
4.76561 15.2073
4.66534 14.8571
4.30772 15.3597
3.82544 15.6183
4.09703 15.5097
3.82187 15.6317
3.80644 15.7014
3.82019 15.5862
3.82133 15.4436
4.01211 15.7049
3.57372 15.4052
3.50194 15.6098
3.71121 15.725
3.94504 15.7171
3.93324 15.4152
3.78717 15.3609
3.78192 15.3557
4.11113 15.3937
3.91101 15.4668
3.98333 15.5397
3.71609 15.4238
4.31681 15.8426
4.55199 15.2298
4.47066 15.6272
4.49676 15.8852
4.64526 15.922
4.45185 15.1873
4.65998 15.3036
4.49206 15.185
3.91625 15.4825
4.21025 15.7631
4.71529 15.0417
5.09766 14.8422
4.28288 14.8826
4.60121 15.0672
4.61739 15.0139
4.441 15.8769
4.54102 15.8126
4.58304 15.479
4.95177 15.4036
4.80982 15.154
4.91857 15.5286
3.94592 15.565
4.17493 15.1602
3.72331 15.8445
4.14458 14.9589
4.1986 15.0283
4.09031 15.0815
4.13723 15.6342
3.93731 15.5236
3.86958 15.9399
4.17762 15.47
4.54541 14.7957
4.50835 15.0057
4.3921 15.3239
4.5232 14.5352
4.41803 15.1318
3.97306 15.1124
4.07883 15.9968
4.01442 16.0196
3.72237 15.6031
3.57371 15.2928
4.01756 15.7579
4.31834 15.5632
4.16965 15.17
4.24533 15.1224
4.28908 15.2807
3.77042 15.3721
4.18194 15.663
3.82276 15.6532
3.9146 15.4446
4.41117 15.6253
3.93271 15.5402
4.15666 15.5058
3.9056 15.6697
4.05496 15.5811
3.44192 15.7842
3.69883 16.1171
3.49543 15.368
3.65132 15.2074
3.74159 16.1595
4.09356 15.512
4.05301 15.5631
3.67686 15.9193
3.72725 15.7215
3.8552 15.6261
3.85329 16.0213
3.71478 15.6368
3.73576 15.6714
3.6704 16.0674
3.6873 15.5962
3.65505 15.1572
3.65756 15.5511
3.6653 15.7186
3.66781 15.775
3.68943 15.8151
3.67562 15.5628
3.68686 15.4931
3.73462 15.5034
3.76936 15.1435
3.74863 15.2044
3.86508 15.1888
4.06557 15.1341
4.22469 15.6704
4.48273 14.8656
4.45985 14.9044
4.29431 15.542
4.64966 14.5859
3.89347 15.5469
4.05014 15.4227
3.95354 15.9195
4.08665 15.8077
4.06178 15.5893
3.65819 15.9864
3.7512 15.4813
3.99385 15.0704
3.89796 15.4458
4.22579 15.4495
4.15993 15.3924
3.88429 15.1979
3.6387 15.3799
3.62857 16.198
3.6459 15.5639
3.64373 15.9048
3.64517 15.5986
3.64561 15.8469
3.63145 15.4826
3.59042 15.413
3.75381 15.6762
4.35635 14.8609
3.98101 15.4036
3.87954 15.6548
3.98005 14.8934
3.81625 15.3065
4.22072 15.1549
3.70854 15.3671
3.61993 15.6532
3.77254 15.2329
3.81826 15.3566
3.49903 15.8008
3.76643 15.292
3.73677 15.4821
3.78448 15.5902
4.0362 14.9471
4.01535 15.9024
3.93678 15.4613
4.44207 15.7362
4.69159 15.385
4.65764 15.155
4.41744 15.4396
3.98775 14.8175
4.33548 15.9382
4.52425 15.2335
3.99713 15.517
4.51511 14.8221
3.96417 15.7021
4.10266 15.5528
4.27541 15.1546
4.14283 15.5012
4.22019 15.2353
4.39825 14.8541
3.89921 15.0703
4.02263 15.728
3.81485 15.6205
3.73858 15.3025
4.39442 15.2779
4.21522 15.3584
4.33767 15.2834
4.34138 15.4936
4.03283 15.1637
3.8514 15.3937
4.25712 14.9765
3.90164 15.6924
3.07685 15.6155
3.85797 15.5894
3.9713 15.3258
3.92012 15.2888
3.98272 15.0126
3.72055 15.4699
3.94398 15.2208
3.66529 15.752
3.7341 15.2757
3.69438 15.1875
4.0377 15.2778
4.395 15.2717
4.00721 15.3367
4.39789 14.6659
4.34842 15.0003
4.83828 15.1736
5.57804 14.6297
4.86899 14.9734
5.47096 14.9468
5.56867 15.3573
5.56867 15.3725
5.51964 15.1912
5.3374 15.7135
5.3374 15.2699
5.30168 15.1407
4.60256 15.2554
4.68181 15.2747
4.39936 15.4264
3.9702 15.1004
4.27713 14.8079
4.28694 15.4084
3.87185 15.5454
3.92555 15.2503
4.00471 15.5898
4.07153 15.2431
4.03361 15.6009
3.95831 15.5949
3.51226 16.2116
3.81424 15.4398
3.69123 15.6919
3.19926 16.1162
3.68854 15.1998
3.83777 15.1026
4.03561 15.0443
4.34542 15.0401
4.51047 15.3933
4.6173 15.4329
4.3851 15.6597
3.99824 15.4806
4.09345 14.6875
3.9354 15.5031
4.32139 15.2362
4.19426 15.2944
3.77523 15.4033
4.05925 15.5598
3.97939 15.1001
4.63344 15.316
4.12216 15.3721
3.965 15.5638
4.27599 15.632
4.26181 15.8483
3.88228 15.9549
3.78613 15.5854
3.93951 15.8702
4.24058 15.5172
4.32219 15.4739
4.68636 15.1704
4.29574 15.4392
4.1327 15.0979
4.58204 15.2514
4.43302 15.3011
4.32141 15.2664
4.09358 16.0684
4.066 15.6263
3.74994 15.7314
4.13862 15.7674
4.01783 15.2389
3.99411 15.4639
3.72817 15.613
3.89655 15.6567
4.37668 15.087
4.4148 15.2044
4.51572 15.1551
3.7152 15.0644
4.4917 15.2644
5.28648 15.2791
4.90152 15.1141
4.67258 15.1451
4.87231 15.3597
4.45079 15.1811
4.23791 15.285
4.37632 15.5829
4.90568 15.5355
4.89431 14.8092
4.45076 14.7398
4.2331 14.983
4.18379 15.414
4.2225 15.446
4.03092 15.4436
4.2923 15.3887
3.68816 14.927
3.75613 15.7965
3.81246 15.7795
4.12964 15.405
3.98806 15.1836
3.7298 14.8345
3.85448 15.6589
4.06639 15.2744
4.39251 15.4362
4.53296 15.353
4.43658 15.6213
4.17634 15.0192
4.03827 15.5416
3.95676 15.2124
3.77653 15.6609
4.59969 15.1996
4.31416 15.0852
4.15426 15.9725
4.44358 15.7325
4.35503 15.4541
4.35073 15.1708
4.26913 15.5139
4.28935 15.7556
4.15128 14.5428
4.41255 14.6641
4.38598 15.3785
3.94334 15.4076
3.8881 15.5776
3.94628 15.2711
4.03198 15.5821
3.85154 15.4195
3.82851 15.7749
3.83844 15.5401
3.44256 15.8156
4.02643 15.2537
3.69062 15.9524
3.82103 15.53
3.55874 16.0711
3.86939 15.9993
3.69401 15.5191
3.79345 15.2939
3.83616 15.2082
3.87956 15.7052
4.13661 15.3437
3.95714 14.8341
3.94986 15.2378
4.19054 14.7298
4.34466 15.0484
4.08084 15.4226
4.41905 15.8984
4.74276 15.6048
4.49773 15.2429
4.10548 15.2709
3.94241 15.4188
3.99933 15.3991
3.71098 15.8423
4.18303 15.966
4.35825 14.8832
4.00177 15.1699
4.15088 15.68
4.41379 14.512
4.46676 15.5871
5.15284 15.1698
4.53401 15.3639
4.53401 15.5353
4.66173 15.5207
4.37993 15.3743
3.86961 15.4031
3.9915 15.2112
4.15892 15.3727
4.33006 15.247
4.21677 15.2691
3.91571 15.1209
4.07253 15.047
4.19177 15.1157
4.35398 14.9906
4.05445 15.1022
4.03956 15.0627
3.74247 15.525
3.83482 15.5694
4.0667 15.0745
4.32068 15.6297
3.8316 15.2381
3.61094 15.6136
3.78535 14.7449
3.53439 15.7351
3.61796 16.2483
3.96281 15.5196
4.25205 15.244
4.03052 15.1184
4.08834 15.3244
4.18885 15.4858
4.19076 15.1625
4.23031 15.1406
4.29137 15.3354
4.11133 15.3677
4.17546 14.9967
3.9924 15.3102
3.74885 15.6838
3.90546 15.9249
3.77789 15.2671
3.82168 15.2899
3.9217 15.0574
4.15819 15.5806
4.11116 15.6097
4.26406 15.6004
4.35837 15.6236
4.02719 15.6628
3.78832 16.0043
3.91365 15.6581
4.06365 15.546
4.20695 14.9914
4.19946 15.0014
4.11232 15.129
4.15509 14.9833
3.99514 15.2215
4.16032 15.1944
3.86941 15.3657
3.88005 15.5121
3.72447 15.7908
3.82212 15.9413
3.55394 15.6897
3.82861 16.0322
3.98943 15.6518
4.18172 14.5538
4.01738 14.8466
4.05069 15.1652
4.14296 14.677
4.1137 15.3109
4.00434 15.3983
4.13434 14.6572
4.36258 15.0996
4.18103 14.9641
3.97819 15.2544
4.3153 15.7346
4.57429 15.473
4.27039 15.4742
3.917 15.2283
3.93619 15.4077
4.11984 15.1511
4.3946 14.7485
3.90335 15.0489
3.92278 15.6673
3.80934 15.6373
3.51441 15.8051
3.98417 15.3165
4.18134 15.1763
4.41263 15.0082
4.14601 15.1758
3.8472 15.1871
4.07285 15.5559
3.67409 16.1321
4.16363 15.0115
3.95934 14.99
4.13672 15.143
4.21059 15.0681
4.52772 14.9755
4.24648 14.9136
4.26345 15.4055
4.10257 15.569
4.21753 15.8493
4.34915 15.4574
3.48899 15.8698
3.80689 15.8909
3.88119 15.2975
3.97214 15.4901
3.98612 15.56
3.90646 15.5351
4.17926 15.361
4.43106 15.5514
4.72972 15.5967
4.27006 14.7058
4.08255 15.2573
4.36969 15.6158
3.65221 15.6062
3.38454 15.6613
4.64743 14.8524
4.44144 15.0307
4.0372 14.9448
4.16609 15.5044
4.62079 15.1562
3.72808 15.2728
3.98388 15.2768
3.95124 15.3606
3.94757 15.3974
3.9491 15.7222
3.95531 14.9666
3.73533 14.9697
3.8078 15.644
3.74833 15.4972
3.57726 15.4176
3.74125 15.8952
3.96012 15.4924
4.0336 15.4578
3.91462 15.3488
4.01666 15.2756
4.22024 15.1734
4.4871 15.3352
4.21566 15.3117
4.03727 15.2389
4.44093 15.6995
4.44199 14.8859
4.89856 15.0608
4.16637 14.742
3.75104 16.0428
4.24521 16.0039
4.60374 15.1268
4.03627 15.5047
4.11946 15.8762
4.23477 15.2523
4.51023 15.0036
4.52713 14.6542
4.28536 15.2855
4.03875 15.4804
4.11448 15.4976
4.17837 15.0835
4.09262 15.6001
3.8526 15.6678
4.08604 16.1355
3.88003 15.6677
3.86658 15.5685
3.86602 15.5269
4.02117 15.7527
3.34502 15.5536
3.72316 15.2758
3.64562 15.3409
3.784 15.7823
3.8611 15.4484
3.35949 15.5857
3.6853 15.1701
3.55541 15.5254
3.92206 15.794
4.09752 15.2386
4.19622 15.1838
4.11895 15.2835
4.0789 15.1293
4.00113 15.1107
3.86679 15.5255
4.17945 15.5706
4.08945 15.8514
4.39675 15.7836
4.50982 15.7068
4.33689 15.6537
4.0301 15.738
4.02664 15.661
3.98413 15.2972
3.84031 15.5889
3.86877 16.1358
3.9256 15.2956
3.90862 15.4432
3.55579 15.8942
4.82449 15.2443
4.16272 15.412
3.98429 14.9919
4.2413 15.3433
4.06979 14.8608
4.3897 15.4204
4.78097 15.3631
4.35045 14.8935
4.18236 15.8582
3.94644 15.4117
4.10278 14.9575
4.10054 15.1027
4.11435 14.6852
4.18217 15.6551
4.7844 15.364
4.73177 15.0911
4.92023 15.3321
3.91844 15.059
4.01375 15.337
4.18881 15.1153
4.031 15.4221
4.28257 15.5678
4.04118 15.3187
3.96189 15.3119
3.75648 15.8207
3.70855 15.9929
3.63682 15.2958
4.00583 15.4021
3.98143 15.4474
4.14495 15.4103
4.05764 15.0964
4.49756 15.3509
4.17732 15.0308
4.08261 15.233
4.20834 15.6808
4.38306 15.5959
3.95179 15.2044
4.10623 14.9108
4.17934 15.5305
3.98573 15.6158
3.54766 15.9814
3.48293 15.9192
3.6572 15.5844
4.02478 15.3213
3.96008 15.5599
3.59025 15.6763
4.37724 15.263
4.2967 15.4315
4.20093 15.1097
3.47814 15.4603
3.78058 15.9183
3.66042 15.4533
4.27004 15.1605
4.24438 14.9227
4.18261 15.5467
4.06262 16.0363
4.00756 15.0166
3.88084 15.1331
3.90929 15.5451
3.60934 15.8579
3.74857 15.432
3.90682 15.366
3.57779 15.6206
3.81779 15.7331
3.69559 16.2021
3.90655 15.421
4.17092 15.196
4.35045 14.8986
3.94847 15.7715
3.92729 14.909
4.82374 15.191
3.48866 15.8773
3.55547 15.3758
4.14887 15.2525
4.07622 14.8456
3.58021 15.9895
3.63684 15.9019
4.2311 15.2882
4.19392 16.1547
4.12556 15.1651
4.38519 15.4056
4.81927 15.8506
4.54071 15.6133
4.18697 15.7138
4.11921 15.5556
4.16993 15.6574
3.98995 15.82
3.98966 15.1688
4.05381 15.2062
4.27929 15.3008
4.11579 15.6187
4.04367 15.6597
3.74427 15.5456
3.56242 15.4121
3.94017 15.3235
3.92677 15.2536
4.03393 15.2205
3.77691 15.7753
3.83367 15.3709
3.71222 15.6831
3.60422 15.5509
3.72206 15.4745
3.83882 15.4436
3.85209 15.4384
4.12363 15.4008
3.69329 15.7218
3.67453 15.8388
3.50581 15.6165
3.55117 15.7683
3.66375 15.971
4.08694 16.1361
3.91688 15.6321
3.68324 15.6796
3.72082 15.6796
3.52886 16.066
3.46685 15.6289
3.42086 15.5576
3.43764 15.8569
3.4085 15.6647
4.47115 15.0145
4.53362 15.0363
4.42877 14.9468
4.49251 15.8549
4.10418 15.2655
4.0696 15.6081
3.90129 15.9871
3.90225 15.6412
3.5589 16.0976
3.53888 15.469
3.72416 15.1879
4.34316 14.8908
4.418 14.9904
4.62106 15.9105
4.53015 15.569
4.42128 14.7776
4.199 15.8657
4.13249 15.4609
4.47607 15.3084
4.50328 15.0699
4.6416 15.3117
4.5969 15.3442
4.45098 15.8536
5.18749 15.07
5.18749 15.4766
4.92008 15.5646
4.90949 15.2227
4.86531 15.2883
4.37759 15.3847
4.22136 15.4782
4.06618 15.9822
4.38813 15.2666
4.22806 15.151
4.41577 15.1422
4.15632 15.3099
4.18999 14.7717
3.69417 15.1508
3.99087 15.7597
3.82828 15.6149
4.14809 14.901
3.68606 15.9945
4.19882 15.0445
3.85077 16.3104
4.25493 15.403
4.02937 15.0393
3.99397 15.7673
4.11253 15.5069
4.03485 15.8199
3.84405 15.5849
3.87148 15.9389
4.12258 14.7402
4.20243 15.0418
3.33946 15.8187
3.94043 15.298
3.9078 15.0076
4.04622 14.9865
3.93458 15.0715
4.0391 14.46
3.34729 15.521
3.51357 15.0597
3.47069 15.4126
3.70769 15.3685
3.81932 15.1315
3.86423 15.0597
4.00711 15.5832
3.92427 15.4729
4.26421 15.3624
3.99516 14.8859
3.81329 15.5898
3.94845 15.7715
3.69273 15.704
3.9467 15.7433
4.05328 15.6389
4.38356 15.4931
3.87565 15.4667
3.8329 15.1615
4.23024 15.8085
4.01699 15.2988
3.90605 15.2358
4.33228 14.9924
4.29012 15.3756
4.29003 15.3047
4.2245 15.0782
4.22577 15.2581
4.23258 15.3667
4.27465 15.3198
4.22035 15.3902
4.15872 15.3891
3.70636 15.2736
4.21874 15.492
3.86611 15.5038
3.93487 15.3754
3.71459 15.6645
3.8071 14.9688
4.05263 15.1051
4.02558 15.4494
4.02369 14.9874
4.02397 15.2055
4.058 15.6488
4.01425 15.5169
4.37503 15.2869
3.83491 15.5052
3.69993 15.4395
4.60119 15.4327
4.38378 15.4256
3.74695 15.5607
4.42562 15.1363
4.38049 15.2727
4.64706 14.9192
4.52269 15.0104
5.83565 14.8073
5.34291 14.9583
4.72804 15.7341
4.57077 15.4751
4.68794 15.6297
4.42719 15.3284
4.79774 14.9205
4.06018 15.3506
4.15114 15.0158
3.93782 15.4561
3.89571 14.935
3.82294 15.8848
3.97981 14.9498
4.10237 15.0802
4.13159 15.0081
4.37484 15.2774
4.18687 15.351
3.98695 15.3373
4.07267 15.0603
4.24956 15.1511
4.4066 15.451
4.20596 15.5907
3.21865 15.488
3.34824 15.314
3.65712 15.4414
3.62965 15.4527
4.03752 15.5168
3.93535 15.6495
3.6697 15.7619
3.95483 14.8918
4.04381 15.2454
3.99945 15.6861
4.12464 15.4289
3.94875 15.218
4.37932 15.8784
4.73777 15.3409
4.64751 15.4345
4.42322 15.3313
4.38461 15.1876
3.79929 15.0796
3.83809 15.3265
3.97144 15.0229
3.9963 15.6862
4.16539 15.4169
4.35365 15.1629
4.33909 15.133
4.44095 15.4711
4.51705 15.5277
3.96152 16.0315
4.1535 15.445
4.09584 14.8455
4.03344 15.8189
3.95484 15.1229
3.99781 15.3459
4.03817 15.3486
4.01682 15.2436
4.01717 14.9758
3.99878 15.9301
4.097 15.1323
4.08137 15.0976
4.10871 14.667
4.11196 15.7135
4.10732 15.1736
4.1394 14.6424
4.29594 15.1425
3.75592 15.7309
3.77675 14.5347
4.05841 15.8843
3.79068 15.3588
3.89415 15.5463
3.98606 14.7482
4.47698 15.1789
4.47698 15.0242
4.54174 14.7822
4.10659 15.3818
3.90837 16.0947
4.03379 14.6339
3.83959 15.98
4.13597 15.5166
3.94665 15.4256
3.74895 15.6705
4.09798 15.8067
3.92383 15.6772
3.95148 15.6486
4.08209 15.8894
4.17012 14.9909
4.32162 15.4999
4.3307 15.4807
4.60827 14.9995
4.34847 15.2234
4.28623 15.22
4.17692 15.3499
4.30336 15.3337
3.92608 15.6182
4.00144 15.3522
4.36071 15.0806
3.25337 15.2034
3.40454 15.3965
4.39677 15.3652
3.90601 15.3503
3.82517 15.4273
4.06078 15.5005
4.53684 15.3099
3.93746 15.5385
3.25614 15.6444
4.93621 14.4742
4.77745 15.4886
4.40417 15.3883
4.42883 14.7444
4.773 14.6181
4.773 14.9459
4.19497 15.6047
4.45909 15.2367
4.72473 14.8074
5.33389 15.4161
4.77433 15.5607
4.88071 15.1683
4.25794 15.6794
4.36883 15.2193
3.87985 15.3735
3.77334 15.7941
4.13948 15.3816
3.66574 15.8189
3.44554 15.6824
3.60678 15.7562
3.59994 15.611
3.65094 15.3781
3.65094 15.986
3.65092 15.8173
3.69456 15.06
3.66297 15.5999
4.09019 15.9151
3.75695 15.8475
4.316 15.2729
3.95885 15.2932
4.19889 15.3011
4.12248 15.4206
3.81688 15.8215
3.75175 15.2539
3.83745 15.4225
3.81851 15.4693
3.80708 15.5064
3.94252 15.8258
3.9969 15.6441
4.06743 15.2529
4.01424 15.7381
4.02144 15.4699
4.06099 15.3825
3.98847 15.4671
4.46269 15.6029
4.69519 15.4207
4.11115 15.7574
4.08896 15.7932
3.60582 15.8646
4.044 15.6398
3.95239 15.9002
3.96384 15.2626
3.89866 15.5806
3.8117 15.4726
3.77788 15.2257
3.44332 15.5116
3.83366 15.606
4.44007 15.0642
3.50343 15.5502
3.99041 15.4972
3.98578 15.1464
4.06861 15.3729
4.15674 15.5667
4.37085 15.2841
4.07152 15.7749
3.82723 15.2109
3.93111 15.8328
3.68886 15.5389
3.90617 15.2641
3.79096 15.2617
3.9617 15.2587
4.03868 15.3303
3.88819 14.9301
4.14533 15.1735
3.95317 15.194
4.15894 15.2322
4.36995 15.0972
4.3251 15.1482
3.79837 15.7026
4.06809 15.6175
3.98275 14.7356
3.84111 14.8821
4.03076 15.8981
4.07021 14.8278
4.05278 15.32
4.37552 15.7084
4.20254 15.3298
4.06496 15.1092
4.27002 15.6607
4.2553 15.0055
3.9365 14.9869
3.9882 15.731
4.03251 15.3942
4.37013 16.0754
4.04424 15.5212
4.36733 15.2475
3.98083 15.504
4.09399 15.7561
3.92271 15.8546
4.38219 15.4654
3.98997 15.1642
3.5871 15.885
3.76871 15.9569
3.54889 15.5376
3.69876 15.4622
3.93887 15.3286
3.94517 15.487
4.08581 15.1057
4.09115 14.8277
4.05747 15.9577
4.22118 16.0806
4.68524 15.0054
3.77621 15.6535
3.86367 15.5816
3.76448 15.2569
4.04411 15.2783
3.97727 14.7154
3.84423 15.6939
3.81055 15.7497
3.84831 15.1573
3.90603 15.456
3.97476 15.329
3.87256 15.3547
3.57844 15.9372
4.00631 15.898
4.3481 15.0265
4.31553 15.6011
3.88108 15.3476
3.8794 15.4513
3.95227 15.74
4.22216 15.4317
4.12679 15.3452
4.04535 15.3542
4.16718 14.9818
4.19316 16.4097
4.3334 15.5535
4.45569 15.0278
4.40232 15.1099
4.23821 14.4708
4.0978 15.273
4.53475 15.3569
4.37344 15.2227
3.88634 15.9085
5.15498 15.1329
4.11364 15.0608
3.88393 15.2885
3.96016 15.2999
4.07029 14.9721
3.87599 15.6762
4.02117 15.6574
3.56954 15.8036
3.8025 15.7321
4.2929 15.5136
4.14926 15.4024
4.74138 15.2395
4.58271 15.1827
3.87164 15.8311
4.35677 15.4482
3.61899 15.263
4.15071 15.7718
4.01793 15.2011
4.29047 15.1767
3.40633 16.2426
4.29848 15.0921
4.03172 15.7763
3.98978 15.8121
4.12699 15.5159
3.97521 15.1282
4.35769 15.3228
4.48872 15.6084
4.46357 14.7609
4.50816 15.1855
4.50331 14.6008
4.68261 15.3944
4.86701 15.1883
3.70774 15.4207
3.69816 15.6587
3.86153 15.5473
3.80758 15.5386
4.01356 15.313
3.91719 15.6326
3.77548 15.6789
3.70921 15.3713
3.40401 15.4431
3.84703 15.3202
3.61622 15.8209
3.51182 15.4198
3.6307 15.5115
3.57206 15.1437
3.98441 15.6755
3.86378 15.9755
3.87687 15.7501
3.86588 15.4049
4.40233 15.7486
4.30679 15.1992
4.2863 14.62
4.1556 15.1495
4.79264 15.5044
4.28837 15.6324
5.02803 15.5827
4.73518 15.3791
4.20434 15.6605
3.74109 15.554
3.8434 15.478
3.76485 15.3511
4.3689 15.3109
4.00896 14.7781
3.6378 15.3157
3.66866 15.5524
3.47707 15.7575
3.74676 15.5644
3.82909 15.2854
4.24689 15.4564
3.89186 15.2313
4.36111 15.2912
4.62528 15.011
4.59211 15.4223
4.15878 15.4459
3.81335 15.6997
4.25534 15.241
4.36052 15.1642
4.28868 15.5295
3.82372 15.1277
4.0849 15.643
3.64321 15.8136
3.95142 16.1136
4.16833 15.9802
3.85596 15.8868
4.81849 15.9343
5.34101 15.2881
4.97042 15.6007
4.98224 15.682
5.30344 14.9555
6.02713 14.7404
6.04469 14.4998
5.60248 14.4998
5.60248 16.2709
5.92849 15.6707
4.98548 15.6178
4.63406 15.8973
4.37524 15.6106
4.17748 15.5701
3.64954 15.6303
3.86903 14.9395
4.05115 15.5522
3.45356 15.7682
3.83025 15.2892
3.90906 15.5257
3.67214 15.7952
3.74833 15.936
4.19455 15.5183
4.31094 15.386
3.9957 15.4692
3.90486 15.3001
4.34488 15.1561
3.78832 15.225
3.73687 15.4712
3.96886 15.197
3.81129 15.5918
3.83476 15.0711
3.89762 15.0497
3.96867 15.2342
4.26802 15.2454
4.12875 15.2359
3.98566 15.3343
3.80378 15.0027
3.79131 16.0098
4.15048 15.994
5.3502 15.0758
5.35786 15.3359
6.037 14.8351
6.037 14.788
4.96405 15.1324
5.07425 15.4555
4.52129 15.3279
4.46306 15.7877
4.75444 15.4606
4.6429 15.3023
4.41717 15.2929
4.73878 15.1529
4.43462 15.3117
4.76238 14.7219
4.76238 15.149
5.09736 15.0459
4.69843 15.3549
4.87964 14.3565
4.62994 15.5694
4.49013 15.8144
4.87642 15.4042
4.67076 15.0165
4.33204 15.2042
4.50122 15.4558
4.51561 15.5578
3.84422 15.5139
4.12988 15.4332
3.72904 15.1376
3.97397 15.1419
3.92629 15.9479
3.99504 15.1841
4.19288 15.5457
4.35356 14.941
3.62302 15.2577
3.99633 14.8792
3.83429 15.9496
3.85045 15.4791
3.85234 16.2809
3.85234 15.0265
4.81289 14.7595
4.58732 15.5357
4.80236 15.0525
4.67212 15.1877
4.71832 15.1767
4.70375 15.3487
4.43563 15.2346
3.64911 15.7924
3.54588 15.6009
4.08343 15.4211
4.84628 15.0457
5.31098 15.0085
4.71568 15.2923
4.20256 15.5434
4.02666 15.6859
4.10959 14.8133
4.08124 15.4215
3.70009 15.6205
3.60869 15.2592
3.86881 15.9298
4.18029 15.0664
4.13072 15.741
4.09461 15.3359
4.4367 15.3978
4.45036 15.2185
4.25089 15.3819
3.92315 15.8433
4.08855 15.3517
4.02815 14.8816
4.066 16.1098
3.95822 15.6739
4.25677 15.4156
4.36294 15.7946
4.35546 15.5922
4.35868 15.336
4.16891 15.5156
4.41415 15.8168
3.92987 15.778
4.28313 14.9952
3.87014 15.7355
3.9064 15.8954
3.55809 16.0355
3.86293 15.6442
4.12885 15.7462
3.88417 15.5041
3.88756 15.2485
4.16801 14.782
4.06365 15.0771
4.38722 15.2835
3.92917 15.1259
3.7058 15.3883
4.25048 15.3479
4.04392 14.7114
4.0569 15.1606
4.48256 15.0312
3.71715 15.5363
3.56264 15.6563
3.59229 15.6207
4.17908 15.7225
4.17944 15.6169
4.21026 15.2182
3.90901 15.7382
3.79875 15.603
3.73058 15.3693
3.91724 15.2392
3.92872 15.2479
4.15896 15.8713
4.77111 15.6191
4.77805 15.5122
4.78402 15.277
4.51071 15.0095
4.41666 15.0544
3.94566 15.8999
3.90722 15.5936
3.94266 15.5317
3.71031 15.081
3.81477 15.854
3.65526 14.9814
3.89944 15.4862
3.97822 15.6055
3.83867 15.1991
4.08563 15.4925
4.35565 15.3562
4.15677 15.9767
4.02683 15.4696
4.41715 15.0588
4.24441 15.0997
4.28535 15.699
4.31787 15.5465
4.127 15.3702
4.08843 15.7078
3.83564 15.8303
3.85803 15.5027
4.11619 15.3439
3.96183 15.4786
3.83278 15.6929
4.13493 14.975
3.87654 14.8296
3.74166 15.649
3.85242 15.7254
3.67441 15.638
3.71872 15.696
4.51141 14.5161
4.01647 15.7054
4.19722 15.402
3.30677 15.7316
3.4092 16.1212
3.4092 16.155
3.82472 15.3396
3.90038 15.4611
3.65114 15.8425
3.70242 15.5444
3.83276 15.6595
3.99758 15.2429
4.14239 15.3127
4.50612 15.1937
4.28468 15.2319
4.17634 15.5657
3.99781 16.0722
4.13027 15.7417
4.11771 15.589
3.93631 15.1219
4.40569 15.2699
4.45481 14.8056
4.62058 14.9499
4.45375 14.7968
4.14295 14.7875
4.05193 15.6301
4.22151 15.6358
4.18076 15.412
4.18076 15.4638
3.77028 15.188
5.13079 15.404
4.34585 15.2372
4.02923 15.8211
3.98338 15.4334
4.07197 15.5965
3.84024 15.3472
4.2166 14.873
4.16566 15.3693
4.5511 15.5105
4.44448 15.4864
3.9094 15.7385
3.8299 15.7274
4.13204 15.7588
3.86341 15.8893
4.45613 15.2761
4.63468 15.2225
4.23232 15.5112
3.78383 15.5352
3.50407 15.617
3.48732 15.5711
3.71648 15.3077
3.74957 15.382
3.87059 15.2479
3.53255 15.2726
3.84119 15.1945
3.71909 15.3439
4.14163 15.7938
3.98224 15.457
3.6315 15.564
3.92497 15.4141
3.82414 15.2279
3.86559 15.5066
4.03773 15.3738
3.63742 15.9552
3.80597 15.7959
4.01229 15.468
3.72313 15.7799
3.72313 15.0425
4.09306 15.4448
4.34812 15.2076
4.22183 14.915
3.94308 15.4072
3.85719 15.4103
3.79174 15.3144
3.8612 15.3236
3.81983 15.8073
4.13374 15.3873
3.86849 15.1253
4.0071 15.5365
3.95093 15.312
3.99956 15.5085
4.52739 14.8809
4.71038 15.253
4.00993 15.3784
4.42922 15.2746
4.2222 15.4809
4.16726 15.2845
4.68523 15.4619
4.76784 15.4018
4.25013 15.3712
3.92296 15.4667
3.90213 15.6201
3.63048 15.13
3.77251 15.568
4.3189 15.1639
4.25242 15.0737
4.51021 15.1723
4.52435 15.5337
4.84185 14.8445
4.2749 14.9884
4.3059 15.2281
3.883 15.2701
3.69489 15.9136
3.58764 15.6793
3.83265 15.9
3.88068 15.2696
3.85396 15.7109
4.21173 14.9737
4.19255 15.4646
3.8723 16.1455
3.99741 16.0118
3.9874 15.5417
3.99363 15.5636
3.99669 16.1428
4.00097 15.7401
4.00054 15.2537
3.99198 15.435
4.06107 15.5295
3.68188 15.5407
3.81241 15.7302
4.01412 15.1124
3.86745 15.5311
3.83592 15.8631
3.80445 15.7073
3.80971 15.7612
3.87862 15.4937
3.64772 15.655
4.15835 15.1556
4.04231 15.4357
3.67095 15.5419
3.74787 16.0774
3.97538 15.4591
3.8396 15.4375
3.93125 15.5807
4.14755 14.985
3.74652 16.0747
3.96819 15.5711
3.78375 15.1106
3.86811 15.5037
3.85317 15.6483
3.8877 15.7369
3.77828 15.8724
4.27196 14.9685
4.17382 15.5771
4.3303 15.6809
4.0954 15.4503
3.64427 15.3688
3.93942 15.3403
4.14349 15.7953
4.41316 15.0477
3.95864 15.9838
4.03289 15.315
3.86991 15.5369
3.75366 14.969
3.91655 15.8065
3.84218 15.34
3.56159 15.6986
3.66782 15.4535
3.54147 15.9582
3.80778 15.6597
3.83063 15.4143
3.95431 14.7697
2.9806 15.4853
3.83799 14.9833
4.42139 15.1721
4.09406 15.1458
3.77076 15.3407
4.1673 15.5103
4.15777 15.61
3.4174 16.1671
4.13135 15.3224
4.15605 15.0903
4.29897 14.9463
3.73327 15.5705
3.93586 15.5923
3.5111 15.5418
3.60042 15.6027
3.60299 15.6919
4.02799 15.3661
4.59878 15.3855
4.24967 15.7516
4.15046 15.3095
4.26383 15.2895
4.05542 15.1624
3.95194 15.3553
4.17998 15.5471
4.16902 15.102
4.37988 14.9422
4.37988 15.55
4.03691 15.7031
3.85075 15.7589
4.02027 15.1312
3.65518 15.3969
3.72913 15.3775
3.88265 15.3527
4.06397 14.6702
3.83454 15.4269
4.07156 15.5107
4.19004 14.7186
4.06291 15.0304
4.02385 14.9268
4.27098 15.6911
3.78982 16.322
3.82393 15.7263
3.68543 15.4373
4.19996 15.5153
3.86109 15.3818
3.66133 15.3808
3.92122 15.3823
3.68567 15.68
3.85113 15.2665
4.10426 15.6066
4.45631 15.3781
5.24499 15.1765
5.2895 14.6599
5.11628 15.5861
4.58524 15.2033
4.39103 15.1765
4.17016 14.8166
4.87396 14.6013
4.70001 14.9575
4.58698 15.8185
4.45836 14.9477
4.45569 15.4105
4.85906 15.3707
4.68384 14.9964
4.17141 15.5813
3.90248 14.9854
3.90545 15.4454
3.62277 15.465
3.86382 15.7606
4.17772 15.2433
4.58879 15.4355
4.38469 15.0348
4.06502 15.6677
3.85331 15.8888
4.14245 15.8917
3.9068 15.5709
4.05855 15.3462
3.85941 15.5447
3.85364 15.0744
3.84962 15.9047
3.77207 15.6517
3.80572 15.3367
3.90986 15.283
4.01092 15.3194
4.15648 16.1141
4.03204 15.4427
4.45793 14.99
4.32807 15.373
4.2701 15.2268
4.66091 15.9648
4.20014 15.4301
3.8946 15.4988
3.76922 15.6462
3.71969 16.0679
3.29369 15.9774
3.83193 15.0857
3.58978 15.181
3.57405 15.4283
3.73391 15.0899
3.82954 15.4876
3.96541 15.8495
5.07815 14.9369
5.26161 14.6373
5.26161 15.0542
5.25505 14.9856
4.73166 14.6367
4.7885 15.8006
4.51884 15.8598
4.35983 15.6203
4.18587 15.6041
3.97615 15.237
3.99847 15.1999
4.08737 15.5046
3.92333 16.6767
3.80446 15.3056
3.68924 15.5757
4.29413 15.0343
4.21649 15.5493
3.97815 15.3033
3.83459 15.4948
3.74046 15.4703
3.79693 15.5584
4.23898 15.6719
4.29264 14.8045
4.03303 14.8814
3.68324 14.8799
4.53286 14.9747
4.80526 14.9782
4.74424 15.4416
4.17533 15.7112
3.74945 16.2306
3.90648 15.436
4.34145 14.6184
3.88963 15.8124
4.17412 15.38
4.15834 15.3357
4.29524 14.9271
4.00722 15.3223
4.0774 15.6086
4.16112 15.3413
4.08022 15.234
3.79991 15.2526
3.94232 15.4511
3.86535 15.4679
3.99859 15.9061
4.18629 15.7451
4.2201 15.6952
4.24948 15.4127
3.70171 15.869
3.31657 15.9998
3.70481 15.7201
3.06469 15.8996
3.47396 15.4203
3.854 15.1888
4.09652 15.8432
4.07925 14.7379
3.80606 15.421
3.94251 15.2179
3.8971 15.1301
3.95468 15.4726
4.04452 15.6666
4.04682 15.5477
3.99711 15.4047
4.11334 15.4455
3.89516 15.4577
4.02341 15.577
4.21746 15.6299
4.22236 15.3266
4.18499 15.2586
4.00797 15.2992
3.9934 15.4121
3.91415 15.2082
3.95533 15.6298
4.07471 15.5188
3.76443 15.3316
3.61775 15.653
3.78271 15.435
4.23381 15.2527
4.48717 14.9702
5.24996 15.1517
5.00479 14.655
4.78494 15.2909
4.33814 15.2929
4.25811 15.2622
4.9553 15.3967
4.65246 15.4159
5.51866 15.2301
5.00957 14.647
4.73979 15.02
4.16825 15.6108
3.85996 15.7447
4.05342 15.5068
3.90409 15.5749
3.82389 16.1119
4.20819 15.4147
3.71864 15.5137
3.93039 15.4293
3.72442 15.4811
3.61059 14.9121
3.9321 15.1515
3.79361 15.4017
3.7565 15.4623
3.61576 15.7566
3.67322 15.5945
3.50535 15.2452
4.18316 15.1771
4.08002 15.4631
4.30269 14.581
4.40069 15.5693
4.38603 15.3338
4.64869 15.2547
4.46281 14.9048
4.24315 14.956
4.3236 15.6672
3.92487 16.2143
4.04633 15.9599
4.43173 15.5752
3.88061 15.4192
4.26867 14.8919
4.14041 15.2036
4.71038 15.4421
4.89435 15.3474
4.72575 15.6856
4.98499 16.0193
4.90583 16.0851
4.79592 15.5407
4.67733 15.5857
3.81578 15.2001
3.86714 14.8625
3.83968 15.7874
3.67682 15.2917
3.75328 15.1361
4.26797 15.6867
4.65942 15.213
4.61492 14.6786
4.27659 15.4129
4.73651 14.2597
4.25724 14.7163
3.80178 14.9975
4.10176 15.2853
4.05858 15.9082
4.04882 15.1863
3.97475 15.2972
3.7376 15.4967
3.43349 15.718
3.58613 15.9933
3.94243 15.4536
4.01265 15.5137
4.01151 15.4424
4.04936 15.5245
3.97201 15.3545
3.90233 15.8203
4.1337 15.1994
3.93081 15.2581
3.76455 15.6437
3.94117 15.5631
3.85785 16.0554
3.91323 15.4617
3.64856 15.4598
3.56082 15.3847
3.71372 15.4053
3.70279 15.4469
3.74987 15.813
3.64441 15.8092
3.89332 15.259
3.99117 14.9458
3.72964 15.7988
3.73842 15.6811
3.91343 15.5721
4.09435 15.2411
4.02469 15.3584
4.06377 15.6149
4.14708 15.386
4.14457 15.0564
4.10587 15.1476
3.99817 15.3902
3.89363 15.432
4.11081 15.638
3.8598 16.0406
3.92204 15.5805
4.78554 15.0262
4.88259 14.7328
4.52039 15.4448
4.21621 15.4611
4.33224 15.3431
4.49067 14.9012
4.36311 14.2896
4.13741 15.0235
3.80362 15.2421
3.75747 15.9276
4.02817 15.4021
3.81797 15.111
3.55401 15.3795
3.63666 15.4944
3.87177 15.2304
3.80971 15.6134
3.76323 15.8286
3.73159 15.838
4.3335 15.0753
3.615 15.4833
3.95195 15.5131
4.17991 15.3123
3.83078 15.579
4.15471 15.363
3.94457 15.4893
4.27655 15.2435
4.38873 15.383
4.42003 15.1982
3.71063 15.4517
4.15893 15.3736
4.00841 15.4177
3.69379 15.5965
3.81282 15.8682
3.85567 15.3395
3.37529 15.8535
3.90027 15.5124
3.91367 15.9621
3.8393 15.3837
3.82855 15.4088
3.72043 15.4651
4.09396 15.4425
4.22057 15.643
4.58807 15.4737
4.68064 14.9086
4.45175 14.7148
4.51901 14.9763
3.92966 15.5366
4.10492 15.4232
4.00081 15.6402
3.93142 15.3615
3.68936 15.4316
3.69363 15.6016
3.60841 15.713
3.50316 16.1697
3.65599 15.7533
3.87017 15.6956
3.87695 15.772
3.89955 15.7652
4.06304 15.2789
4.12365 15.75
4.278 15.2977
4.22746 15.4043
3.89425 15.3542
3.92821 15.5468
3.57395 15.3244
3.66013 15.0897
4.03861 14.9445
4.20449 15.6465
4.08907 15.6877
3.22321 15.3545
4.20898 15.5922
4.2244 15.5923
4.43674 15.5737
4.25425 15.2919
4.30085 14.9985
4.29078 15.2129
4.2006 15.2961
4.0639 15.1713
4.28438 15.0772
4.08473 15.5143
4.15839 14.8946
3.77251 15.7487
4.02029 15.7483
3.98243 15.6726
4.109 15.0785
4.12039 15.6247
3.87892 15.6789
4.15909 15.1841
4.20877 15.6502
4.13667 15.2634
4.13667 15.4144
4.24334 15.6278
3.95273 15.7607
4.16195 15.1668
3.82981 15.5613
3.73236 15.6129
3.46297 15.5981
3.83513 15.2518
3.71513 15.265
4.14996 15.4853
4.00337 15.0717
5.17384 14.8888
4.72757 15.9677
4.52751 15.8514
4.22247 15.5668
4.14202 15.3158
4.24473 15.4318
4.29179 15.2514
4.35642 15.7629
4.90521 15.1699
4.39979 15.3948
4.02839 15.8246
4.51443 15.2384
4.03146 15.8222
4.59452 15.3953
3.74824 15.4915
3.92504 15.5267
3.94538 15.7607
3.82262 15.4182
4.14817 15.3529
4.45932 15.5734
4.21792 15.4183
4.4438 14.7189
4.50658 15.1721
4.11872 15.5138
4.2008 15.3682
4.48399 15.2496
4.06715 15.1602
4.15003 15.6113
4.12218 15.7405
4.36404 14.8611
3.8127 15.5576
4.04386 15.5258
3.78949 15.2135
3.80008 15.2278
3.80556 15.1415
4.26476 15.2102
4.58906 15.1091
4.23319 15.0149
4.44048 15.5353
3.83158 15.3128
3.75853 15.5707
3.57667 15.8445
4.89255 15.9329
4.14468 15.0643
4.26405 15.415
4.03398 15.1819
4.29808 14.557
4.3941 14.9949
4.14262 15.0198
3.62349 15.7857
3.76875 15.2057
3.80765 15.1311
4.03378 15.4268
4.03277 15.4972
4.0012 16.0516
3.97777 15.7255
4.27063 14.5823
4.42629 15.2461
4.43503 14.5925
4.65634 15.4103
3.95646 15.3627
4.25222 15.3971
4.31289 15.6597
4.518 15.7279
3.68761 15.6453
3.69937 15.9945
3.83224 15.0469
3.84561 15.492
3.67034 15.4359
3.80443 15.3219
3.8411 15.1705
4.14928 15.1822
4.10413 14.8736
4.08331 15.1718
4.13054 15.295
3.88604 15.6456
3.81354 15.9126
3.80224 14.8452
3.83421 15.262
3.80078 15.4784
3.78477 15.2283
3.77393 15.5956
3.60796 16.0367
3.66713 15.2094
3.69693 15.1494
3.69664 15.4793
3.68949 14.735
3.67159 15.7382
3.6916 16.214
3.70327 15.2346
4.14113 15.732
4.3046 15.7143
3.91202 15.3004
3.63814 15.8683
3.5295 15.7695
3.66178 15.9565
4.01759 15.3232
4.40035 14.8495
4.26593 16.0672
4.30317 15.8055
3.46332 15.5917
3.34557 16.1205
3.56639 15.3727
3.90595 15.9244
4.03013 15.7482
3.90912 15.7552
4.28425 15.7082
4.28614 15.1021
4.04949 15.2756
4.12903 15.2607
3.91977 15.1351
3.64727 15.623
3.87714 15.8661
4.26466 15.5499
4.35427 15.5027
3.995 15.2142
4.37305 15.0823
4.42973 15.7465
3.68969 15.7105
4.72016 15.5862
4.29369 15.416
4.49938 15.3776
4.46241 14.8781
4.48561 15.0136
3.91831 15.7499
3.93694 15.5942
3.76751 15.9495
4.32388 14.8398
4.2467 15.1558
4.10214 15.2844
4.26696 14.9346
4.43806 15.2573
4.82925 15.5181
4.93291 15.4892
4.98195 15.4528
3.98636 15.2323
4.1633 15.59
4.00825 15.0327
4.07105 15.1047
4.09854 15.2284
4.11289 15.3502
4.16195 15.2234
4.18546 15.1573
4.11825 15.3607
5.03587 15.53
4.7313 15.1584
4.12383 15.301
3.92829 15.1776
3.98552 15.2942
4.36631 15.4531
4.17466 15.4236
4.23449 15.2788
3.84862 15.4206
3.82255 15.2341
4.33143 15.1512
3.96449 15.0073
4.59206 15.2641
5.01447 15.7637
4.92777 14.8251
4.65068 14.7977
4.1865 15.0077
4.05205 15.5267
4.13992 15.5029
4.21776 14.9915
4.19977 15.4155
4.24463 15.8511
3.83925 15.7066
3.80342 15.9534
3.80764 15.6896
3.81206 15.3642
4.04656 15.3697
3.85411 15.5158
4.111 15.0151
4.1863 15.1795
4.01305 15.4926
3.76192 15.2558
4.25043 15.583
4.23237 15.6947
3.83659 15.3681
4.13019 15.3347
4.01651 15.0268
3.91705 14.8974
4.28923 14.9691
4.12259 15.1763
3.99598 15.3736
3.94208 15.1567
4.27199 16.1455
4.12353 14.6424
4.22511 15.3568
4.22281 15.5205
4.35029 15.3942
4.07535 15.5899
3.95864 15.5044
3.82602 15.5538
4.31481 15.1942
4.34985 15.0253
4.67313 14.9994
4.22534 14.7224
5.17407 15.3025
3.88012 16.3235
3.60789 15.1179
3.75815 15.5149
4.15098 15.3364
3.59172 15.4942
3.82279 15.8495
3.96129 15.3862
3.51447 16.1228
4.4269 15.7693
4.41673 15.8751
3.73659 15.7117
4.09753 15.5384
4.17628 15.0258
3.88493 15.4559
3.79438 15.7254
3.59574 15.6799
3.5851 15.7874
3.82527 15.6374
4.28555 15.6069
4.31703 15.311
4.09648 15.8965
3.90396 15.2084
3.67439 15.4204
3.71507 15.6232
3.83698 15.4967
3.79098 15.5084
3.94505 15.3087
3.56658 15.5306
4.13516 14.8891
4.16801 15.6116
4.03456 15.4885
3.87669 15.2985
4.06115 15.3488
4.08157 15.0976
4.58466 15.2934
4.48412 14.9584
4.58159 15.23
4.21738 15.6788
4.10003 16.1723
3.85463 15.55
3.75636 15.1095
4.04149 15.6148
4.00957 15.7223
4.45469 15.5458
4.42155 15.6595
4.48514 15.3154
4.26565 15.0852
4.32104 14.7548
4.69903 15.4706
4.50719 15.0707
4.58183 14.911
4.64201 15.4323
4.38526 15.4475
4.46567 15.2468
4.27079 14.9966
4.06508 15.4885
4.0526 15.4668
4.45746 15.5515
4.1193 15.4863
3.86533 15.1988
4.22833 15.2493
4.52701 15.1625
4.00142 14.5131
3.80798 15.1225
3.91863 16.0552
3.99902 15.5852
4.01627 15.3103
3.92144 15.846
3.77943 15.5009
3.93312 15.3723
4.10858 15.4381
3.83734 14.7733
3.94705 15.8727
4.19293 15.3115
3.94362 15.4737
3.91765 15.3218
3.79687 15.2544
3.60501 15.6571
3.75171 15.5993
3.62441 15.2925
3.92963 15.7685
4.0218 15.4634
3.35043 15.7444
4.1674 15.695
3.99376 15.8103
3.91951 15.1058
4.20284 15.305
4.2684 14.778
3.95028 15.61
3.82874 15.3781
3.76644 15.7526
3.82239 15.4567
3.63502 15.4868
3.6267 15.0457
3.84536 14.5138
4.15777 15.3784
4.285 15.205
4.44628 15.1898
4.3547 15.0236
5.13269 15.3744
5.30304 14.8701
5.34061 14.9886
5.00401 15.1363
5.17224 14.9068
4.42885 15.1596
4.43133 15.7427
4.05534 15.6467
3.62898 15.5368
3.4895 15.8754
3.56358 15.6741
3.73511 15.8723
3.61536 15.8505
4.06582 15.8084
3.98802 15.8798
4.16979 15.6193
4.19284 15.8956
4.49045 15.2048
4.65851 15.4461
4.39539 15.4009
3.95775 15.4006
3.72207 15.7549
3.6929 15.6135
3.88924 15.7729
3.97586 15.6173
4.13418 15.2476
3.59313 15.7822
3.98751 14.9488
3.87872 16.1134
3.77188 15.8945
3.88257 15.7625
4.24759 15.0197
4.34584 15.7027
4.28942 15.3114
4.0576 15.4041
3.8339 15.8226
3.99925 15.6791
4.05908 15.4573
4.03922 15.2058
5.23488 15.1418
5.31938 15.042
4.4759 15.1272
4.20094 14.8225
4.25977 15.2439
3.74177 15.0063
3.87418 15.9779
3.88689 15.5302
3.81607 14.8266
3.72378 15.5184
3.78449 15.6812
3.97592 15.0092
4.02562 14.6188
3.68488 16.0828
3.54243 15.4424
4.26546 15.2097
3.91121 15.3029
4.13602 15.7146
3.73514 15.3479
4.07152 15.3668
3.85143 15.3255
3.8768 15.0585
4.12192 15.4029
4.62149 15.2161
4.29768 15.6472
4.21909 16.0933
4.31295 15.4949
4.86352 15.3333
5.11432 14.9084
4.58203 15.1305
4.31846 15.0774
4.10622 15.3776
4.71392 15.074
4.01717 15.9097
3.97255 15.189
4.34602 15.5806
4.32931 15.35
4.2447 16.0817
4.1805 15.3722
3.86283 14.9337
3.73533 15.7509
4.26007 15.7193
3.87887 15.6947
4.16044 15.7369
4.04734 15.4808
3.72265 16.0001
4.02476 15.4969
4.09308 15.4488
4.31259 15.5156
4.12905 15.0906
3.79288 15.8758
3.7058 15.6028
3.8404 15.3549
3.75807 15.1704
3.80134 15.6281
3.43156 15.6758
3.60588 16.0993
4.313 15.3374
4.26865 15.3875
4.20817 15.1874
4.01364 14.9398
3.96022 15.0597
3.91386 15.2785
3.64689 15.3639
3.70028 15.8284
4.29453 15.5869
4.64143 15.4067
4.57659 15.3671
4.42327 15.4088
4.7486 15.7732
4.82803 15.7314
4.44489 15.8755
4.32481 15.4561
4.20452 14.9667
4.01357 15.1101
3.76882 15.1403
3.48231 15.4658
3.34388 16.1458
4.11855 15.5914
3.16027 15.8442
3.51307 15.5968
3.33027 16.0864
4.84614 14.5329
4.69566 14.7131
4.14447 15.182
4.29592 15.0444
4.2754 14.8352
4.10315 15.5338
4.48599 15.4047
4.36383 14.908
4.28325 15.4959
4.18246 15.5734
4.27613 14.9346
4.22689 15.9272
4.24044 15.7748
4.58884 15.5225
4.55504 15.3888
4.07674 15.6823
3.87628 14.9779
4.0214 15.2286
3.81919 15.2324
3.82202 15.8819
3.77649 15.1112
4.30932 15.6753
3.91749 15.104
3.89273 15.2734
3.97846 15.1388
3.81642 15.755
3.95463 14.9207
4.14414 15.4803
4.28539 15.5422
3.89837 15.2138
3.65747 15.1175
3.90927 15.5943
3.78252 15.4211
4.22577 15.4767
4.32353 15.0616
4.17758 15.3441
4.08794 14.7022
3.851 15.2276
3.95558 15.7671
3.95197 15.0651
4.12049 15.4924
3.65907 15.0842
4.03151 15.0582
4.05604 15.3796
4.28378 15.5201
4.31557 15.5602
4.0183 15.4538
3.71318 15.1634
3.89204 14.9054
4.52065 15.2168
3.83559 15.0368
4.05091 15.4628
4.21853 15.6221
3.84472 15.2261
3.58507 15.638
3.88587 15.572
4.02649 15.711
3.89127 15.9083
4.1913 15.9734
4.1074 15.7461
4.23887 15.8235
4.12081 15.1146
3.52153 15.448
3.48765 15.6327
3.75746 15.3882
4.11429 15.3508
4.10074 15.6103
4.22494 15.6197
4.33351 14.9434
4.33395 15.3094
3.96079 15.2272
4.03547 15.2296
3.83305 16.0415
3.76228 15.6102
3.89868 15.3047
3.88156 15.2821
3.93969 15.3837
3.66865 15.4869
3.76178 15.9565
3.94815 15.085
3.99395 14.988
3.8091 15.3959
3.65547 15.479
4.60461 14.5684
4.57654 14.9631
4.06025 15.5868
4.14664 15.0465
4.33866 15.3302
4.04643 15.7354
3.99148 15.4875
3.83707 15.1936
3.99439 15.0667
4.29917 15.1557
3.58995 16.1625
4.01452 15.8509
4.05655 15.7879
4.2265 15.3909
3.96286 14.9543
4.02414 14.9879
3.68915 15.564
3.66322 15.2019
3.51208 15.691
3.52381 15.7272
3.54847 15.6677
3.88854 15.7626
3.9012 15.5363
3.96939 15.3302
3.91963 15.4597
3.90285 15.4423
4.02856 15.304
4.01393 14.9407
4.09695 15.7962
4.08785 15.8458
4.03686 15.3203
4.03892 15.2978
3.61445 15.9072
3.38852 16.0925
3.63744 15.654
3.7358 15.2455
3.86407 15.8076
4.1842 15.391
3.83601 15.676
4.08806 15.7167
3.80839 16.2258
3.66837 15.2842
4.30822 14.8522
3.82072 15.5104
4.15616 15.2682
3.94951 15.3356
4.27572 14.8438
4.31601 14.8347
3.78276 15.0979
4.31867 15.0261
3.91751 14.9773
4.08246 14.7952
4.37364 15.1162
4.35133 14.9012
3.89977 15.2796
3.46244 15.1685
3.73546 15.7756
4.21115 14.9177
4.05258 14.7224
4.01581 15.0573
4.63022 15.887
3.54993 15.8908
3.75772 15.7808
4.18253 15.394
4.05986 15.7971
3.68959 15.1897
4.08239 15.7775
4.09226 15.3406
4.30748 15.2083
4.13843 14.9351
3.90485 15.7544
4.25647 15.7919
4.89832 15.139
5.45585 14.8317
4.76144 15.2992
4.13034 15.3084
4.15688 15.4481
4.07695 15.4756
4.01027 15.3683
3.75414 15.1635
3.99269 15.7027
4.14382 14.8223
3.95946 15.7271
3.68537 15.5181
4.47981 15.0913
4.23095 15.0947
3.86901 15.4149
4.15301 15.5331
4.0373 15.904
3.99503 15.6623
4.67735 15.4289
4.5003 15.4167
4.58586 14.7949
4.65196 14.9727
4.24395 15.5227
3.76454 15.8223
3.44285 15.8151
3.6253 15.7928
3.66602 14.8862
3.74088 15.3783
4.07546 15.148
4.7012 14.7282
4.7012 14.9044
4.50295 14.9006
4.36598 15.1045
4.39534 15.1902
4.56339 15.5103
4.63834 15.2768
4.14269 15.4348
4.0251 15.5106
5.07525 14.6048
4.86993 14.8761
4.48519 15.0834
4.43431 14.8869
4.43011 15.2872
4.48675 15.0991
4.45663 14.8756
4.47044 15.5616
4.17568 15.4666
3.9987 15.362
3.9987 15.3424
4.11391 15.6849
3.55133 15.7137
3.67697 15.8583
3.92752 15.2283
3.72801 15.138
3.86609 15.3672
4.09838 15.2885
4.0622 15.6736
4.09414 15.169
3.98284 15.1781
4.34449 15.3738
4.35041 15.3888
4.33564 15.1028
4.32573 15.5096
4.03624 15.6675
4.15293 15.1819
4.20477 15.4107
4.16001 16.1181
4.25875 15.2724
4.39147 14.9774
4.10739 15.698
4.07626 15.5405
4.03163 15.8741
3.65878 15.6112
3.58121 15.6137
3.83536 14.927
4.06791 15.461
3.96325 15.4109
3.37427 15.9436
3.83251 15.8777
4.01814 15.3925
3.75837 15.6513
3.58651 14.9078
3.62109 15.2522
3.88544 15.8369
3.99177 14.9865
3.53581 15.3657
3.99593 15.1953
3.99593 15.2126
4.06975 15.6302
4.11481 15.1253
3.8273 15.6012
4.00572 15.6476
3.89612 15.3799
3.7542 15.4781
3.89105 15.8458
3.72751 15.7858
3.87526 15.457
3.58975 15.4066
4.00787 15.7097
3.64456 15.9838
3.97027 15.7598
4.24328 14.9298
3.59385 15.5286
4.03734 15.5111
4.08215 15.6249
4.25742 15.4267
4.24392 15.6404
3.4651 15.0018
3.83108 14.7175
3.85449 14.9371
4.06447 15.2166
4.32864 14.9524
4.08176 14.9448
4.09121 15.3883
4.19629 15.3368
4.05132 15.2607
3.49434 15.5331
3.74969 15.5677
3.60884 15.6208
3.2124 16.1672
3.31113 15.8649
3.31113 15.4258
3.67815 15.2909
3.97982 15.4804
4.08687 15.241
3.82377 15.8873
4.23311 15.4534
4.4754 15.2288
4.38611 15.0712
4.52923 14.7122
4.28742 15.1032
4.26069 15.1921
4.34558 14.9694
4.39263 15.4017
4.56508 15.2388
4.25526 15.178
3.73622 15.834
3.81119 15.8336
3.91618 15.422
4.02031 15.6237
4.06972 15.4532
3.80228 15.9126
3.62204 15.2456
4.10662 15.1462
4.29978 14.7191
3.70159 15.6703
3.85808 15.7849
3.82088 15.562
4.1398 14.8227
3.7949 15.6211
3.78799 15.5948
4.10437 15.083
3.88554 15.6019
3.98783 15.7739
3.69153 15.58
3.93683 15.5084
3.89403 15.549
4.53956 15.082
4.28369 15.5459
4.02405 15.6617
3.81661 15.268
3.7061 15.1634
4.04775 14.9837
3.85307 15.062
4.08202 14.6934
3.96217 15.0359
4.27668 14.8747
4.58937 15.885
4.36468 14.5654
3.90932 15.3083
4.19742 15.2087
3.91716 15.2808
3.8423 15.6022
4.07914 15.5291
3.975 14.9209
4.06075 15.2716
3.95549 15.1424
3.85205 15.1363
4.03014 15.5487
3.72012 15.909
3.57513 15.5849
3.9143 15.2489
4.01132 15.3298
4.25713 15.5767
4.07944 15.5182
3.66331 15.57
3.60567 15.8744
4.64492 15.0025
4.00524 15.6201
4.25459 15.3403
4.20616 15.382
3.84768 15.1633
3.71155 15.5117
4.12666 15.1013
4.05791 15.2204
3.98222 15.4036
4.01759 15.0405
3.85407 15.953
4.54571 15.8183
4.05533 15.312
4.16793 15.2796
3.89668 15.3111
4.22119 15.0359
4.37855 15.2252
4.15286 15.2057
3.89871 15.6828
3.74205 15.4649
3.88838 14.9864
3.97286 15.4786
4.09945 15.8333
3.63455 15.8043
3.98009 15.9786
3.92747 15.7389
4.1216 15.524
3.78774 15.4047
4.34847 15.2685
4.06358 15.2569
4.12982 14.6989
4.13346 15.0862
4.10818 15.4713
4.28017 15.8538
4.40395 14.8945
4.20598 15.2658
3.94858 15.3259
3.8108 15.408
3.88828 15.128
3.61754 15.9372
3.61921 15.782
3.87634 15.6441
3.97838 15.4925
3.97343 15.5059
3.92907 15.3167
4.12316 15.0837
4.07682 15.2128
3.78084 16.1324
3.86843 15.4624
4.32757 15.13
4.25956 15.3395
3.53832 15.3209
4.18021 15.3765
3.92741 15.266
4.25633 15.3694
3.90807 14.8895
3.60192 15.2353
3.9823 14.7307
3.77622 15.4398
3.85577 15.924
4.04975 15.594
4.14916 15.4713
3.49006 15.0386
3.7942 15.3047
3.99808 14.8378
3.74027 15.8081
3.85053 14.9925
3.62642 15.7743
3.96036 15.7594
4.07188 15.7222
3.82511 15.7822
3.38001 15.624
3.85118 15.1626
4.08143 15.3878
4.08223 15.504
4.10279 15.6793
4.06331 15.4559
4.17905 16.122
3.73345 15.8371
3.73261 15.9012
3.70188 15.8059
3.70164 15.7913
3.67935 15.7697
3.68099 16.1217
4.17564 15.4199
4.17805 15.3575
3.99229 15.8307
4.22946 15.2473
3.96378 15.589
3.54958 15.7089
3.56144 15.7675
3.53644 15.0032
3.8195 15.6582
3.42075 15.7555
3.7028 15.5173
4.03162 15.5327
3.89303 15.5591
4.16777 15.5666
3.99889 15.168
4.24904 15.3562
4.16548 15.1667
4.13183 15.7022
4.44301 15.4661
4.11489 15.4649
3.99555 15.4831
3.56797 15.4877
4.01881 15.4811
4.22286 15.432
3.67628 14.644
3.87793 15.4395
4.18307 15.3791
3.88376 15.0022
3.87581 15.0891
4.50899 15.3183
4.33713 15.1518
4.2934 15.711
4.10113 14.9311
4.33762 14.851
4.1478 15.2027
3.63489 15.6142
4.14598 15.513
4.30373 15.0199
4.41654 15.2552
3.97816 15.9663
3.5164 15.4151
3.54034 15.6933
3.54603 16.153
3.81851 14.9553
3.90588 15.4532
4.12567 14.6654
4.01466 15.4893
3.93085 15.4374
4.07203 15.1977
4.32313 15.3003
4.1478 15.232
3.96535 15.577
3.608 15.5925
3.66267 14.9765
3.80441 15.5038
3.57733 15.5795
3.64187 15.7635
3.78923 15.2688
4.04632 15.38
3.88726 15.8615
4.35565 15.3989
4.36397 15.2797
4.68265 14.7756
4.48489 15.5796
3.62037 15.6844
3.83665 15.6679
3.91906 15.2132
4.58768 15.5031
4.40615 15.0835
4.27828 15.4616
4.11398 15.2951
3.86269 15.3733
4.01934 15.5511
4.08089 15.1163
4.08273 15.0664
3.97318 15.1352
3.83976 15.1247
3.97305 15.2582
3.90738 15.4598
3.74747 14.9171
3.74682 15.0785
3.57967 15.1542
4.16424 15.1544
3.83933 15.1543
4.12449 15.218
4.23178 15.7591
4.47418 15.8707
4.37317 15.3823
4.27208 14.7784
4.51077 15.38
4.33474 15.8503
4.51719 14.8079
3.91305 15.6835
3.55321 15.7847
3.86022 15.5117
4.13199 15.699
3.94913 15.7562
4.15242 14.4667
3.79595 15.5468
3.93916 15.2124
3.98606 15.5225
3.75532 15.7465
4.33193 14.7292
4.52108 14.9907
4.41598 14.902
4.05319 15.7341
4.40399 15.6826
4.59312 15.3258
4.02633 15.4996
3.75867 15.1529
3.77422 15.5938
4.01172 15.3863
3.98597 15.5624
3.97045 14.8523
3.67128 15.2637
4.2463 15.3056
4.17492 15.2338
3.72717 15.4165
3.94707 15.3583
3.92719 15.1312
3.97996 15.2498
4.43981 15.4342
4.02701 15.2245
4.23566 15.2784
3.84096 15.2364
3.86911 15.4899
3.94462 15.2369
4.05064 15.7128
4.85136 15.0959
5.11724 15.2221
4.87581 15.4798
3.52556 15.6709
3.09258 15.4093
3.47046 15.3197
3.71853 15.4281
4.10222 15.2746
4.43374 15.7785
4.4477 14.9525
4.38654 15.5186
4.17956 14.693
4.0527 14.831
4.05722 15.4495
4.10246 15.3634
4.39817 14.9202
4.37267 15.5177
4.25536 15.1712
4.26602 15.4041
4.18043 14.9595
3.84077 15.013
3.79199 15.471
4.02262 15.2792
4.41148 15.6273
4.26128 15.5757
3.98503 15.4145
3.54248 15.7438
3.70775 15.0245
3.73746 15.9121
3.73795 15.3376
3.75021 15.5272
3.78512 15.7438
3.76176 15.2249
3.90864 15.4474
3.55104 15.8078
4.4651 14.7653
4.64598 15.4097
4.44183 15.1871
4.44183 15.5022
4.04643 15.452
4.13526 15.2016
4.11021 14.8462
3.67 15.3369
3.68041 15.9405
3.71272 15.1706
3.74566 15.9733
3.56552 15.4315
4.01362 15.4412
4.60654 15.2311
3.99619 15.2309
3.75438 15.8954
3.90221 15.1995
4.14775 15.232
4.34193 15.5468
3.96535 15.8949
3.78821 15.5438
4.12674 15.4889
4.07992 15.5467
4.11529 15.4325
4.249 15.3615
3.8653 15.3382
4.60982 15.0572
4.61781 15.056
4.25643 16.0282
4.29874 15.7769
4.30292 15.5152
4.98957 15.7923
4.56337 15.7399
5.01699 15.6757
4.51926 15.726
4.01146 15.8057
4.04572 14.9434
3.82392 15.1874
3.86303 15.3807
3.8392 15.2367
4.1126 15.0614
4.06851 15.5028
4.80269 15.3887
4.7107 15.5184
4.13058 15.2942
4.36683 14.9685
4.58045 15.2725
4.58719 15.1166
4.63881 14.8103
4.63549 15.3127
4.14383 14.8174
4.1631 14.9786
3.66021 15.5296
3.42438 15.584
3.43776 15.5291
3.91971 15.3281
3.8423 15.7825
3.59249 15.9539
4.1553 15.1802
4.07839 15.7593
3.78787 15.5757
3.961 15.643
3.98623 15.063
4.02104 14.8943
4.01517 15.0275
4.10292 15.6312
3.97873 15.9135
3.37466 16.1256
3.36168 15.4207
3.9043 15.2379
3.55112 15.3791
3.95529 15.1547
4.14492 15.35
4.069 14.8352
4.14297 15.0957
4.21631 14.8127
3.98803 15.3022
4.31682 15.3632
4.40175 15.6185
5.24162 15.5901
3.90155 15.5914
3.62052 16.3011
3.7411 14.6714
4.13581 15.4764
3.82723 14.8717
3.993 15.8941
3.87456 15.4806
4.05148 15.4656
4.05539 15.3929
3.95982 15.4114
3.68431 15.4591
3.63991 16.0066
3.69672 15.2439
4.03683 15.4942
4.1431 15.3409
4.72653 14.6976
4.23277 15.1364
4.37627 15.4408
4.36509 15.7652
4.37075 15.7266
4.28842 15.45
4.21517 15.5573
4.24413 14.6409
4.12358 15.379
3.73284 15.617
3.73196 15.4559
3.96516 15.3471
4.02386 15.3313
3.98957 15.3663
3.9746 15.0779
3.70077 15.1747
4.02992 15.191
3.9582 15.5029
3.96804 15.2761
3.99803 15.7818
4.48307 15.0007
4.47062 14.9493
3.89024 15.1427
4.03806 15.533
4.31594 15.6037
4.81685 15.0771
4.65523 15.1882
4.50292 14.9944
4.38726 15.2473
4.81664 15.0967
4.35674 15.1746
4.31205 15.5899
4.69894 15.8203
4.15902 16.1158
4.64096 15.9288
4.1607 15.842
3.84874 16.0867
3.82863 15.1061
3.86408 15.3976
3.8449 15.6715
3.87493 14.96
3.79574 15.5938
3.85773 15.3823
3.86754 15.6534
3.78 15.7463
3.84039 15.742
3.94638 15.3686
3.8656 15.832
3.89282 16.058
3.69482 15.3224
4.09749 15.7714
4.08169 15.9728
3.88603 15.5189
3.71491 15.8968
3.76416 15.5928
4.17632 15.6372
4.1168 15.2903
3.87063 15.3419
3.74938 16.0372
3.73132 15.3479
3.68804 15.5582
4.03369 14.9615
4.21275 15.3473
4.33949 15.1518
4.01853 15.4796
3.92588 15.3169
4.44231 15.9278
4.18458 14.9779
4.43244 15.1741
4.08165 15.3351
4.16689 15.3855
3.87258 15.5648
3.62534 15.2521
3.98509 15.3272
4.59813 15.2764
3.96481 16.0992
3.56435 15.5815
3.95232 15.7041
3.76633 15.7496
3.52018 15.4395
3.4546 15.3775
3.85886 15.4028
3.82299 14.9216
3.56494 15.6956
3.56688 15.5807
3.61626 15.7484
3.63 15.1445
3.84119 14.8167
3.56245 15.5071
3.61736 15.3479
3.72378 15.2657
3.70169 15.4597
3.63803 15.2958
3.70421 15.151
4.14364 15.0859
4.0712 15.4706
4.05132 15.8853
4.17446 14.8247
4.28457 15.5077
3.82895 15.5171
3.97021 15.5405
4.02977 15.7001
4.08471 15.0829
3.73966 15.3977
3.82486 15.2456
3.89482 15.3517
3.86341 15.0537
3.81638 15.4151
4.17676 16.0487
4.14336 15.1981
3.91812 15.4683
3.97493 15.3576
3.93465 15.2196
4.12913 14.9554
4.5013 15.1006
4.30422 15.5244
4.38809 15.1164
4.42203 15.0424
4.35176 14.9437
4.22004 15.1136
4.24219 15.6744
4.27599 15.6095
3.92504 15.7488
3.62591 15.6127
3.82355 15.5943
4.2591 15.3396
4.58461 15.4089
4.48969 15.5696
4.08368 15.2596
3.78051 15.6999
4.08636 15.1245
4.2501 15.4396
4.08328 15.0012
4.05636 15.8094
3.99002 15.6903
4.14268 15.2358
3.83343 15.3226
4.08823 15.2292
4.05776 15.21
4.08016 15.2044
4.03593 15.2312
4.15393 15.4395
4.03861 15.5246
4.6584 14.9125
5.19807 14.9285
4.65289 15.1797
4.75448 15.9259
4.47225 15.2766
5.05464 15.1664
5.14497 14.9803
4.71331 15.4214
4.84629 15.5935
4.70595 15.707
4.90574 15.2857
4.71928 15.0968
4.36324 15.6431
4.23416 15.5627
4.08407 15.6741
3.81211 15.1643
4.0666 14.9691
4.26917 14.9594
4.34909 15.074
3.86331 16.1697
4.05785 16.0015
4.00549 15.6743
4.03771 15.4756
4.37425 15.8537
4.35429 15.2341
4.3319 15.3987
4.15002 14.977
4.27468 15.7646
3.86056 15.6264
3.93121 14.9623
4.2381 15.2998
3.93698 15.7147
3.71109 15.0978
4.80871 14.9912
4.55212 14.7152
4.32859 14.8652
4.04802 14.5303
4.0337 14.8826
4.16257 15.1412
4.16985 14.9919
3.99252 15.0178
4.04946 15.6327
3.83267 16.3432
3.58185 16.215
3.74827 15.6739
4.04756 14.8904
3.94844 15.2991
3.75977 15.5413
4.10268 15.5865
4.03754 15.3407
3.79403 15.7562
4.63061 15.6318
4.15476 15.6389
4.15397 15.4496
4.02551 15.6678
4.20857 15.3251
4.15658 14.8265
4.21054 15.5521
4.3138 14.7551
4.6234 14.9503
4.01291 15.0754
3.73403 15.7824
3.94968 15.0792
3.91125 16.4397
3.71698 15.7685
4.09445 15.395
4.09982 15.984
4.08117 15.2163
3.9397 15.6183
4.10986 15.5816
