58.9117 20.0587
62.2205 19.4515
63.4536 19.0753
58.695 20.4307
58.5305 20.7141
62.5368 19.654
61.7502 19.8434
62.5717 19.4834
61.5411 19.9421
59.8598 19.5244
59.9611 19.7092
59.9205 20.4182
60.3193 19.7958
60.1457 20.3401
60.2137 20.3328
60.2144 19.7507
61.0566 19.7606
60.0974 19.5877
59.3888 20.1159
60.3697 20.4694
60.7769 19.6942
61.225 19.4749
61.8595 19.4144
61.425 18.8587
60.6383 19.4662
61.242 19.2696
61.1094 19.5789
60.3416 19.8719
60.1411 20.142
60.1431 19.6172
62.197 19.4462
61.9432 19.6908
61.8336 19.7718
62.2453 19.7763
60.5632 19.9937
60.6755 19.579
60.4632 20.0273
60.3138 19.584
61.8603 19.5563
60.7705 19.7664
58.5158 19.9482
60.71 19.7733
62.62 19.784
61.7874 19.9113
61.0432 19.9896
59.7505 19.811
61.595 19.6662
61.1589 19.7086
59.1507 19.424
62.9879 19.6792
63.5227 19.9377
59.7405 19.9338
62.195 19.7325
62.3694 19.0846
63.185 19.4922
62.4158 19.6549
61.2717 19.7789
59.961 19.6527
60.5886 19.8645
62.1015 19.8432
60.1775 19.8527
60.3893 19.8716
61.3798 19.4054
59.148 20.2433
59.8607 20.3815
60.1032 20.2346
58.7864 20.6119
59.3382 20.4641
58.7655 20.3533
61.1989 19.9828
61.0569 19.8734
61.3613 20.0184
62.0078 19.4196
60.6516 19.544
60.3497 19.9532
60.7448 20.3555
60.9129 20.2782
60.9274 20.3067
59.0656 20.3021
60.1057 20.4488
60.9892 19.4649
62.0688 19.551
61.7381 19.605
61.2718 20.0565
60.9457 19.7591
59.1004 20.2105
59.1501 20.1709
59.8359 20.2363
63.7208 19.2387
60.6482 19.5226
60.7347 19.9129
61.0307 19.8921
61.0639 19.7384
61.2084 20.0302
62.0406 19.759
60.9616 19.657
60.59 19.8579
62.5826 19.7892
62.8393 19.8359
62.0822 19.6785
62.7916 19.4976
63.6276 19.5292
63.1436 19.2657
63.941 19.2634
60.6897 19.5501
61.5559 19.366
62.2721 19.8428
64.3818 19.7324
60.1048 19.3328
60.8523 19.7816
58.599 20.1025
62.0435 19.4661
62.5687 19.3172
61.5644 19.4033
65.8346 18.9049
62.9376 19.3243
62.2321 19.5093
62.1325 19.927
62.3653 19.8327
62.0638 19.61
62.9058 19.6013
62.4672 19.3326
61.7208 19.4185
60.9364 19.7525
60.2505 20.0471
60.2257 20.0343
59.4816 20.4322
59.9451 20.452
61.5542 19.9404
59.2746 20.0755
58.5286 20.625
60.4175 20.1153
60.761 19.5902
64.0104 19.1026
62.2829 19.6961
63.8129 19.2781
62.5784 19.701
62.6256 19.9115
60.6541 19.7595
60.6784 19.9923
61.3511 19.4051
61.6993 19.8498
61.3357 19.9654
61.6992 19.972
60.1569 20.1472
60.6973 20.3454
63.0239 19.4844
60.835 19.396
62.3506 19.6397
60.0404 19.5746
59.992 19.7395
61.3789 19.7864
62.3236 19.5244
60.7382 20.0147
60.1469 20.0303
59.788 19.8232
59.921 20.3156
61.6353 19.7184
61.4531 19.9978
57.6279 20.0529
61.9584 19.8964
62.1455 19.7734
60.7518 19.6397
62.1713 19.5691
62.2199 19.593
61.6095 19.954
60.7532 19.8165
62.0899 19.5801
60.1915 19.607
63.1718 19.5399
62.0936 19.5078
61.4286 19.2166
61.8794 19.5069
61.6005 19.6347
61.5314 19.8707
60.9795 19.5763
61.9434 19.7776
60.8493 19.9894
61.7346 19.5743
61.2572 19.7004
61.8734 19.4337
62.6924 19.2858
59.8189 19.0632
63.4326 19.5541
63.4851 19.4407
61.8056 19.8047
61.4674 19.598
61.4913 19.6814
61.3264 20.1804
62.5523 19.5018
61.8317 19.4322
60.935 19.7244
59.2502 19.6234
60.947 19.6326
60.8271 19.6565
62.0102 19.7903
61.8385 19.9037
59.2827 19.836
57.2391 20.4764
60.9328 20.0276
60.1402 20.19
59.5953 20.0263
58.9825 20.1329
59.5775 19.674
60.1312 20.1184
61.3551 19.7464
61.3371 19.5854
62.6116 20.0539
62.5524 19.8055
61.6762 19.7592
59.7282 19.7974
60.3672 19.9808
59.8927 19.6471
59.9963 20.0554
60.5881 19.9153
63.319 19.8131
62.6866 19.4492
61.3759 19.6383
60.6944 19.6953
60.8766 19.5728
60.3513 19.632
63.8433 19.0652
62.0357 19.5465
62.0118 19.6038
63.9911 18.9672
62.607 19.1997
62.284 19.2733
62.8297 19.6699
62.1542 19.717
61.0395 19.4051
63.1984 19.6955
62.9197 19.008
62.5467 19.286
61.5015 19.582
63.5376 19.3905
62.885 19.2804
62.4226 19.4831
62.9268 19.8999
61.2127 19.4445
61.7636 19.3117
59.4599 20.0652
59.512 20.1682
61.429 19.8841
59.8807 19.8813
60.4628 19.5384
61.0928 19.8353
59.2212 19.7922
61.4368 19.9307
61.2267 19.7326
62.5283 19.587
62.309 19.592
62.1029 19.5963
62.9549 19.5451
63.5356 19.0364
63.5163 19.2399
63.9671 19.5739
62.7141 19.6719
60.2542 19.9029
61.3207 19.7969
59.7241 19.9345
62.1029 19.5111
60.8287 19.898
60.0263 19.9614
59.4307 20.1621
62.7694 19.3331
61.8526 19.1022
61.7587 19.5158
61.44 19.6754
61.4771 19.9839
62.135 19.8912
61.2673 19.7944
61.4165 19.7619
61.4827 19.6969
62.0525 19.8225
60.5627 19.6142
61.724 19.4959
61.9852 19.4147
61.043 19.8614
60.5024 19.8039
60.5119 19.9216
60.8562 19.6503
61.4208 19.547
59.9984 19.7382
60.7548 19.6124
61.5514 19.5336
63.0549 18.729
62.4078 19.4849
61.8882 19.1923
61.8783 19.431
61.7387 19.7704
63.126 19.2957
63.3762 19.0228
62.3827 19.5866
62.683 19.6237
60.8014 19.9121
62.2145 19.0994
61.8139 19.498
62.7337 19.4176
62.9799 19.5852
62.4401 19.5277
61.3315 20.1152
61.9088 19.6684
63.5117 19.0893
62.3004 19.4568
62.4879 19.5278
62.1049 19.6019
62.8528 19.1709
61.6435 19.548
63.3802 19.0565
62.8038 19.6134
60.6184 19.4624
61.6448 19.5108
63.3278 19.3287
63.4158 19.3133
61.3463 19.6445
62.5015 19.4677
62.7127 19.6713
62.8534 19.3558
61.894 19.2265
62.4132 19.6848
62.4132 19.7077
60.6496 19.7857
60.6091 19.8393
61.6768 19.624
59.1139 19.9563
60.837 19.8716
61.0669 19.4683
59.5517 20.1538
61.6221 19.2545
61.9389 19.4847
62.3475 19.6589
61.5569 19.6638
62.7227 19.7851
60.7254 20.0985
63.3164 19.7828
59.5916 19.79
59.3736 20.1491
59.3207 20.1135
58.3106 20.6076
57.5043 20.53
59.2811 20.4115
60.4692 19.8989
60.3021 19.7659
61.9306 19.2993
61.9559 19.6498
60.6912 19.7689
61.4381 19.6931
61.8357 19.7387
61.8488 19.5882
62.338 19.2266
60.284 20.1023
60.6912 19.9593
61.9387 20.2926
62.1422 19.5479
62.9702 19.4393
61.9318 19.3253
62.9874 19.4135
60.9361 19.6993
60.2336 20.2417
59.8922 20.2935
61.2276 19.8757
61.2276 19.7808
61.126 19.7815
63.2501 19.3388
62.4112 20.1648
62.2236 19.8468
60.2431 20.3085
60.3566 19.9095
60.1948 19.9885
60.9114 20.0727
61.3453 19.9606
61.579 19.8417
61.5491 19.6536
61.6632 19.7481
60.5893 19.5275
60.789 19.8818
60.7856 20.1558
62.5681 20.0695
61.7265 20.0378
60.956 19.7968
61.0868 19.9511
63.4229 19.3224
63.4117 19.2077
60.794 19.5955
61.3801 19.9739
61.9674 19.5452
62.0011 20.0001
61.6828 19.908
60.6018 20.1529
60.1233 20.3823
57.5479 20.8698
60.4184 19.9959
61.4826 19.4481
62.6745 19.2157
63.2705 19.5611
60.973 20.0538
61.6332 19.643
63.3455 19.7765
61.4579 19.5867
62.49 19.3177
62.1381 19.3359
61.1718 19.584
62.3052 18.9609
62.7062 19.1077
60.6844 19.48
61.6157 19.665
63.3613 19.668
61.7857 19.7203
62.4252 19.733
60.7728 19.8564
60.8663 19.8317
61.6679 19.7609
63.9209 19.6932
60.2408 20.2499
59.8182 20.1283
60.5159 19.8538
58.7125 19.7443
59.9971 20.3638
59.0081 20.001
57.8191 20.0917
60.8922 19.7857
63.0227 18.9116
62.4385 19.0458
60.7166 19.8397
62.8053 19.7224
61.5725 19.8287
59.1966 20.486
57.6606 20.3914
60.1041 20.5967
59.6325 20.1118
58.0346 19.9385
58.4096 20.1602
57.992 20.163
60.889 19.925
60.8538 19.5735
60.7924 19.9529
60.2193 19.8245
60.8132 20.2565
60.1895 20.1271
58.182 20.2024
61.6814 19.3272
63.7032 19.2327
61.0344 19.6744
60.5345 20.0539
60.4461 20.0844
61.913 20.0768
63.1416 19.205
63.4319 19.6409
62.548 20.1215
59.4068 20.2295
60.3756 19.6578
61.7671 19.9184
61.8889 19.9881
61.4944 19.9841
60.8526 20.0431
61.533 19.7964
61.3375 19.5962
61.5304 19.4501
61.6732 19.7043
60.8145 19.9604
61.0142 19.9051
61.1336 19.8289
60.9379 20.0754
61.5532 19.5212
61.3632 19.957
60.6265 19.9202
60.2744 20.1461
59.7374 20.3687
60.0877 20.0425
58.8727 20.5436
59.1993 20.322
59.9221 20.4917
59.135 20.9268
60.1122 19.895
59.6528 19.6706
60.832 19.7693
61.2939 19.569
63.0365 19.7219
64.454 19.4279
61.1945 19.7576
61.1188 19.9115
61.1025 20.0043
62.7585 19.3745
61.7672 19.865
62.5027 19.7886
61.8219 19.5342
63.0523 19.5017
61.874 19.4452
60.169 19.5306
59.9177 19.8004
61.2584 19.9313
60.3185 20.1555
58.9076 20.4339
61.3469 20.2248
61.6534 20.0232
61.7403 19.9911
61.0032 19.9545
60.8251 19.3669
60.9689 19.8301
59.9652 20.161
59.7703 19.7906
58.877 20.0235
59.4153 19.8673
60.4599 19.5738
62.2594 19.9869
60.7093 20.1754
63.0311 19.4768
63.9884 19.1147
60.5434 20.0242
60.3432 19.9935
60.5589 20.0025
58.3874 20.1531
61.0917 20.0547
61.4531 20.0695
61.2754 19.6793
59.2335 20.1414
59.3956 20.2425
60.6833 20.1713
60.8017 19.9416
61.1492 19.7109
61.6986 19.3126
60.0305 19.8801
58.223 20.2254
59.844 20.2759
60.5426 19.9435
60.9459 19.6638
60.1203 20.2072
59.3224 19.8135
61.3163 19.5938
60.9878 19.9824
61.2598 19.4873
61.1946 19.6775
61.0348 19.6837
60.8724 19.6585
61.0143 19.7256
62.333 19.5481
60.5996 20.2689
60.5955 20.0424
59.3547 20.7433
58.5558 20.2091
58.0167 20.089
59.8138 19.6928
60.3955 20.2108
60.2044 20.2785
57.6277 20.1271
60.1444 20.3231
60.0145 19.8497
60.1428 19.6599
61.5923 19.6507
60.4699 20.0568
59.205 20.4672
60.0703 19.9211
61.479 19.8096
60.6238 19.6558
59.9014 19.9023
62.7485 19.836
60.7441 20.2003
60.7515 20.1272
63.9918 19.485
63.5726 19.4581
58.5945 20.1879
60.7392 19.9848
60.9005 20.0194
60.4652 20.3712
59.2647 20.0776
60.5439 20.3222
59.1669 20.0346
59.0451 20.2449
61.7684 19.639
62.4847 19.2826
62.7475 20.014
60.4412 20.0132
58.9146 20.1107
60.7766 19.7576
61.6992 19.8098
62.0577 20.4494
61.1085 20.3184
61.6307 19.7267
60.4511 19.9026
60.2839 20.2275
60.6031 20.0558
60.3955 19.5947
61.0108 19.4505
61.2627 19.6912
61.944 19.5994
62.6395 19.6324
63.4024 19.2919
61.4731 19.944
61.2867 19.6222
62.0037 19.1311
62.6544 19.2769
61.0506 19.8023
61.9367 19.5018
61.5512 19.4672
61.3803 19.7033
60.9349 19.5098
61.6843 19.7573
60.2153 19.7654
59.6168 19.8325
61.0192 19.7132
62.1189 19.8163
61.8902 19.4823
61.5656 19.9766
62.4877 19.9495
63.0041 19.7059
61.6921 19.6352
62.1793 19.6754
62.4434 19.376
62.5679 19.5155
61.282 19.5548
62.1256 19.1049
62.095 19.4501
61.7991 19.9589
61.9342 19.4873
61.5611 19.5163
61.5431 19.8411
63.7106 19.1764
62.9199 19.1526
61.3454 19.7433
60.9886 19.7185
60.0466 20.184
59.248 20.1887
58.2406 20.1334
59.0896 19.7331
61.1713 19.9473
61.9758 19.2022
62.4525 19.1114
61.9808 19.8111
61.7943 19.4365
61.2722 19.7465
61.5709 19.7591
61.3509 19.9702
61.896 20.1243
61.1663 20.1755
63.4007 19.7874
62.6204 19.5173
62.4924 20.009
64.2278 19.1936
64.322 18.9839
64.7495 19.1172
62.6341 19.8663
60.9389 20.0975
61.6234 19.9879
62.8321 19.9621
61.5148 19.9932
59.5878 20.1986
59.0689 19.6099
58.9258 19.9319
60.6721 19.987
60.2416 20.1621
60.1666 20.0303
60.8305 19.7745
59.7232 20.2765
61.7299 20.5615
60.4535 19.5771
64.1909 19.0249
63.2026 19.1227
62.2206 19.4018
63.2587 19.7267
59.5048 19.9615
60.6973 19.489
60.8365 19.7573
61.3036 19.7137
61.7884 19.8297
61.7297 19.818
61.8004 20.244
61.8169 19.6195
60.8722 19.8675
63.1188 19.3491
63.3496 19.3
61.1046 19.9011
60.6424 19.7365
61.9969 19.8155
59.0484 19.9809
59.3447 19.9907
58.3651 20.3579
58.6688 20.0973
61.3925 20.0738
61.937 19.684
61.8043 20.0512
60.2142 19.8086
60.5695 19.8825
60.7378 19.8496
61.5278 19.5079
60.4355 20.0138
61.1087 19.6773
62.2714 19.2457
61.5929 19.2275
61.5922 19.7717
62.0824 19.6702
62.6994 19.3359
63.0412 19.0962
62.7203 19.417
60.6388 19.8604
60.4088 19.4644
60.2676 19.5431
62.2544 19.2491
61.6343 19.4198
62.2015 19.3308
61.7332 19.3057
60.9655 19.4672
62.4073 19.6116
58.4028 19.5446
60.0476 19.5994
64.4144 19.6168
62.2019 19.7174
62.2849 19.7426
61.8496 19.2269
61.6694 19.6755
60.3421 20.1254
59.9159 20.1889
61.9887 19.919
60.0346 19.6548
60.4518 20.0218
58.7979 20.0937
58.2022 20.4524
60.2824 20.1268
61.6905 20.0054
61.8236 19.7765
60.2232 20.6618
57.3665 20.2386
61.2592 19.8649
63.4638 19.7748
59.6246 20.3667
61.3971 20.0752
60.2929 19.3166
60.8513 20.1522
59.7548 19.8497
63.3194 19.5491
62.6591 19.9327
61.5828 19.8177
64.1875 19.316
62.9234 19.0483
64.0996 19.3527
64.2759 19.411
63.338 19.0207
63.519 19.1464
61.25 19.6054
62.5064 19.2938
61.4788 19.8391
59.1624 19.8323
60.9931 19.7186
61.458 19.8264
61.9516 19.9258
62.4076 19.6782
62.6267 20.0701
61.5676 19.726
60.9229 19.5024
60.9109 19.6099
61.1092 19.7479
60.4986 19.8692
60.6641 20.3488
60.8175 20.2473
59.1602 19.9745
60.7722 19.9103
61.2509 19.8996
60.3494 19.9228
61.1797 19.9105
62.576 19.5338
62.6495 19.801
63.2121 18.8781
61.5389 19.7152
60.2433 19.7199
61.6221 19.0568
62.3503 19.3839
63.2754 19.2236
64.1152 18.861
61.6424 19.7949
62.3119 19.4922
61.5426 19.4432
60.2635 19.6745
60.9597 19.9794
61.1979 19.3365
61.1338 19.6266
61.3914 19.8814
62.288 19.13
61.3926 19.4249
61.0728 19.6937
59.0483 19.8652
60.3651 19.6679
61.6553 19.8037
61.1898 19.5505
62.3785 19.7221
61.1053 19.9233
61.9473 19.8969
62.8252 19.674
60.7002 19.8982
60.7391 20.0459
61.3104 19.574
61.1758 20.0149
59.6792 20.0762
59.8129 20.0523
60.9656 20.0919
60.7249 19.5474
62.1327 19.7028
61.9718 19.4104
60.1738 19.9407
60.7086 20.0734
61.0401 19.78
61.6712 19.6156
61.5862 19.7577
63.1168 19.843
61.2997 19.6696
61.0757 19.7587
60.1663 20.0632
59.985 19.7995
60.551 20.1515
61.4974 19.7397
63.3481 19.5857
60.253 19.7803
60.4265 19.8364
60.2244 19.9387
59.75 20.3907
61.4852 19.7339
61.3612 19.8331
61.7966 19.8733
60.0867 19.8567
61.4287 19.8566
60.6466 19.8585
60.8652 19.8536
61.833 19.9295
60.6874 20.2749
60.5328 20.4391
59.5382 20.2737
60.2091 19.85
61.2007 20.0291
60.727 20.0854
62.1287 19.6069
61.7857 19.7321
59.8543 20.5379
60.5402 19.483
60.5138 20.2595
61.2751 20.3048
61.6787 20.0912
61.4939 19.6087
61.6563 19.5911
61.1921 19.7103
62.3779 19.6627
63.6021 20.0346
63.1066 20.1799
61.9375 19.6226
62.7057 19.5456
64.0752 19.2674
63.5798 19.042
63.9089 19.4438
61.2456 19.8076
62.3169 19.4944
62.5822 19.6327
59.9997 19.8459
62.0117 19.5995
60.4155 19.6688
60.0854 19.7369
60.2967 20.2169
56.997 20.5517
58.2782 20.3909
58.5688 20.7205
60.2453 19.745
59.6296 20.0294
59.9317 19.9614
60.7236 19.749
58.2284 20.0144
59.33 20.0739
60.3645 20.089
59.297 19.8034
60.4994 20.0039
61.1385 20.0678
60.9541 19.4393
61.4537 19.1991
61.4508 19.5615
61.5801 19.6888
61.5637 19.5926
59.9876 19.8418
58.2296 19.6961
55.7196 20.2717
59.43 20.0523
60.3467 19.9646
60.0571 19.8689
60.7485 19.9287
60.5816 19.4971
60.0711 19.9798
61.036 20.2623
58.3145 19.8017
60.513 20.025
61.3806 19.7192
61.9704 19.7822
61.6552 19.4568
60.9469 19.6378
61.0502 20.3031
60.42 19.8919
62.3715 19.5346
62.8287 19.659
60.394 20.0304
61.459 19.6431
61.911 19.6115
61.2941 19.8309
61.5977 19.741
63.9278 19.765
63.8987 19.446
61.7271 19.8989
61.8032 19.1975
61.2629 19.855
61.1651 19.7589
60.2866 20.1254
60.2878 20.023
60.7135 19.9392
62.4113 19.7221
60.6104 20.0124
60.5388 20.0528
60.7534 20.0894
60.3941 20.1797
61.5268 19.8262
59.3569 20.2053
59.6381 19.701
59.7948 20.0063
59.8194 20.0528
61.195 19.9376
60.464 20.0315
59.4832 20.0406
59.474 20.3636
60.8555 20.0467
61.5377 19.8181
61.6063 19.958
64.1542 19.7643
61.9502 19.9436
60.3665 20.0764
60.8175 20.1499
58.4446 20.2585
61.0399 19.8503
61.3251 19.8942
61.1358 20.071
63.7116 18.9477
61.5483 19.5628
61.5483 20.0035
60.1893 19.9514
59.8071 20.0829
59.7633 20.0801
59.3586 20.2122
60.2979 20.1817
60.2529 20.0795
61.746 19.4834
61.7499 19.471
61.1564 19.7782
62.2912 19.8418
62.2301 19.5965
62.6997 19.2604
63.993 19.0603
62.27 19.6252
60.5163 20.0916
59.8801 20.1162
58.5706 19.9679
59.7054 19.9299
62.1244 19.857
61.9153 19.9974
61.6835 20.1567
62.8576 19.5965
60.5442 19.7263
60.3879 19.9744
61.7987 19.9326
61.1062 19.9847
61.23 19.7144
61.4763 19.642
61.5937 19.2668
61.8068 19.6027
61.5681 19.764
61.7685 19.8396
60.9566 20.4658
61.0445 19.906
61.5491 19.7162
60.194 19.9856
59.7334 19.8739
59.4821 19.8739
60.5509 20.1275
60.471 20.3245
60.6243 20.1371
61.3007 19.8497
59.1861 19.894
60.681 19.9464
60.7202 19.7849
61.5743 19.5505
61.0807 19.3677
61.8594 19.1833
61.9693 19.6955
58.0638 20.0478
58.0319 20.1965
61.5376 19.8962
61.051 19.7893
61.0928 19.7458
61.3293 19.8263
59.2531 20.0885
61.7292 20.0162
58.5605 20.4433
58.2852 20.6421
60.0681 20.0394
58.7581 20.1968
60.0567 20.1362
60.7375 19.542
61.3158 19.8676
60.2946 19.9832
59.748 19.9322
60.5238 20.1037
59.5565 20.1184
58.1709 20.1129
59.1221 20.1488
60.644 20.1349
59.9242 19.8823
62.0119 19.3515
63.1687 19.3515
61.2298 19.7535
60.4071 19.7196
61.479 19.9446
60.9178 19.4449
60.488 19.8405
61.1002 19.9408
60.2538 20.2213
60.1936 20.2176
60.2804 20.4465
61.5715 20.2247
61.6261 19.9581
63.0943 20.0054
59.4059 20.1262
60.9943 19.7787
61.7323 19.796
61.9916 19.3604
63.2516 19.2005
62.1859 19.4701
62.7399 19.2859
63.6755 18.946
62.9576 19.3742
61.6737 19.4782
62.5609 19.1404
60.9991 19.7823
60.1128 20.0818
60.5489 20.3113
59.8284 19.7463
61.5526 20.0654
61.1025 19.6272
61.007 19.3902
59.3651 20.4627
58.2347 20.861
59.7201 20.4559
59.5629 19.5052
62.086 19.7754
60.6834 20.2724
60.9179 20.1218
59.7676 20.0072
60.7936 19.8559
60.6431 19.9587
60.4876 19.6785
61.7219 19.5823
61.8764 19.8301
59.2735 19.9885
59.3598 20.1159
59.34 20.168
60.308 19.8803
60.5837 19.6864
60.9166 19.5854
60.3086 19.9742
59.5673 19.9273
60.1595 19.715
59.7862 19.8203
58.7559 19.9786
61.1361 20.0274
60.9164 19.6591
58.8426 20.271
61.2589 20.0507
62.0118 20.1652
60.4171 19.8149
59.9604 20.2019
60.1488 19.8022
60.9148 19.8776
60.4202 19.5926
61.3745 19.7271
60.9035 19.6744
60.6589 19.6812
61.0343 20.0447
62.6272 19.4913
63.0124 19.5627
62.8241 19.522
62.7828 19.5459
63.3759 19.5745
58.926 19.4744
61.5475 19.6992
61.9967 19.6514
62.4787 19.6953
60.4003 19.6256
61.6351 19.587
61.7301 19.5944
61.0281 19.5915
61.9567 19.8617
62.1124 19.6013
64.1053 19.3538
62.4743 19.2759
64.9122 19.7113
58.5393 20.1927
63.3249 19.4525
61.2421 19.7236
59.5535 19.8626
61.3428 19.7269
61.448 19.722
62.1232 19.65
62.2571 19.4244
62.6549 19.7969
60.7699 19.663
61.2616 20.0384
59.4552 20.0989
59.3677 19.5933
60.2411 20.2663
59.8242 20.1015
62.5977 20.0959
61.8972 19.7135
63.0038 19.4211
61.5812 19.3583
61.438 19.7204
63.5784 19.699
63.8883 19.4781
64.3269 19.5652
63.0029 19.8094
61.8011 19.6255
63.3283 19.4618
63.7245 19.6461
63.4087 19.5391
62.9817 19.6159
62.8311 19.409
63.5474 19.322
63.45 19.3069
61.6589 19.6348
63.5108 19.8424
62.4695 19.8443
62.2824 19.8959
62.8389 19.6359
60.3964 20.1149
61.3247 19.6589
60.7312 19.7805
60.2851 19.8567
59.7069 19.888
60.8775 19.2417
61.4353 19.5287
60.74 19.9493
62.503 19.6944
62.4695 19.4363
65.4459 19.2741
65.9924 19.0271
62.0529 19.9804
61.2724 19.9373
60.2544 20.0212
60.9499 19.7481
61.6458 19.7779
60.4435 19.9137
60.0136 19.9727
60.9185 19.8551
57.922 20.0355
59.083 20.385
59.497 20.385
58.8321 19.9027
62.5895 19.4545
63.9395 19.3207
63.5468 19.5731
63.0716 19.6525
62.4967 19.7685
60.9275 19.6079
60.3331 19.9819
62.9772 19.3451
62.2415 19.4119
62.8888 19.4225
61.1615 19.7664
62.9774 19.7699
60.9793 20.1786
60.6951 20.5243
61.5466 19.2953
61.4918 19.8817
58.6884 19.9923
60.1485 19.9562
59.0064 20.0847
60.4782 20.1685
60.0872 19.7362
59.6074 19.6432
59.864 19.6744
62.8146 19.7395
63.2052 19.2923
62.8631 19.7653
60.8525 19.9723
60.1551 20.0015
61.8132 19.6774
61.3617 19.7695
61.6537 19.6315
58.7708 20.1358
60.0594 19.5794
59.9244 19.6139
59.3443 19.9247
60.5978 19.755
62.577 19.6243
64.7186 19.8242
61.9896 19.8265
62.1019 19.8371
61.1794 19.6132
59.4408 19.9452
58.5851 20.1742
58.237 20.4635
62.0815 19.9048
59.6535 20.1242
58.7477 20.1748
61.9152 19.2535
63.923 19.2426
61.8859 19.2333
63.7094 19.4805
62.5035 19.6926
60.7758 19.5322
61.6985 19.412
60.9582 19.5838
60.5715 19.6633
61.4653 19.8366
61.8124 19.72
62.2841 19.841
62.3345 19.778
60.937 19.7101
61.8743 19.7724
62.3155 19.388
63.5201 19.4756
62.0947 19.7365
63.3811 19.3432
60.2437 19.545
60.1321 19.4193
58.9369 20.0685
59.4864 20.3049
58.0923 19.9298
60.9496 19.8696
59.3248 19.9938
61.566 19.8446
61.606 20.1101
61.3271 19.8585
62.7932 19.8547
60.7748 19.9563
60.1238 20.0696
60.0495 20.1154
61.3093 19.7261
61.3982 20.1043
60.1981 20.4926
61.6566 20.0637
58.7404 20.2292
61.8086 19.9698
60.5777 19.9777
63.8855 19.8483
60.0418 19.7558
59.7889 20.3066
61.6743 19.7448
62.7121 19.5154
63.7408 19.4414
65.4055 19.4414
61.5626 19.4864
60.1839 20.0543
59.2571 20.547
58.9021 20.0051
60.6285 19.9267
57.8981 20.4249
62.0795 19.8759
63.1413 19.8281
63.3351 19.8052
62.9672 19.9429
60.5317 19.9002
60.4936 19.854
60.2867 19.82
61.2014 19.9927
61.2784 20.1209
62.6366 19.6056
62.0266 19.4328
61.599 20.1216
61.819 19.343
63.0023 19.2196
64.9431 19.49
64.7818 19.366
63.2824 19.098
62.2644 19.6874
62.8667 19.7539
60.7202 19.9554
60.4589 19.6096
61.1212 19.7053
58.6984 20.3926
58.2245 20.3965
59.8708 20.2683
62.9222 19.684
63.7774 19.6881
62.6985 19.6708
62.4441 19.7094
60.7763 19.9612
58.9081 20.0884
59.2648 20.3143
59.0561 20.1809
60.6707 20.1401
62.4795 19.5455
63.5215 19.3701
61.0415 19.3455
61.8394 19.8328
62.2723 19.3462
62.493 19.2922
62.8631 19.5468
61.5469 19.5766
63.6122 19.6396
62.2054 19.6239
61.1535 19.7338
59.8957 19.7133
59.6869 20.0959
61.1777 19.4295
61.5843 19.8393
62.2062 19.4801
62.2202 19.3462
61.4808 19.3462
60.9889 20.2505
61.4991 19.8724
60.198 19.967
61.7678 19.755
62.7645 19.5737
62.2229 19.9924
62.2321 19.9186
60.7566 20.0992
61.2231 19.9847
61.3593 19.674
60.6429 19.6477
60.3536 19.6626
61.5777 19.3811
62.4944 18.9878
61.3237 19.5013
60.925 19.7271
62.8805 19.2894
62.2437 19.971
62.7475 19.642
62.1364 18.8749
60.8378 20.0112
62.8565 19.5839
60.2122 20.0132
59.4506 19.9866
59.7829 19.8333
60.5053 19.6941
63.0438 19.7223
61.557 19.884
61.3165 19.6035
61.2845 19.6362
61.4335 19.3471
61.1677 19.6724
62.3808 19.6669
60.81 19.3772
60.3968 19.7325
62.7687 19.3851
60.5633 19.5424
61.5863 19.7342
62.4689 19.6721
61.7095 19.36
61.3003 19.6442
60.8507 19.4121
62.9992 19.3872
62.3388 19.7775
62.0823 19.9167
60.6048 20.4028
62.7696 19.6389
62.3981 19.6725
61.0497 19.9628
60.4441 20.0231
61.0169 19.8848
61.4413 19.154
60.8661 19.8066
60.8844 19.482
60.8336 19.6842
60.8767 19.6211
61.8093 19.7974
62.0392 20.0942
62.292 20.1587
60.7115 20.232
59.8761 20.4725
62.613 19.0676
63.4797 19.1603
62.2836 19.3589
62.8953 19.4204
61.5271 19.594
60.7114 19.9328
62.085 20.0841
60.06 20.0932
60.2124 19.9933
61.4138 19.504
61.6771 19.8565
60.905 19.6549
61.49 19.3712
61.5156 19.5461
62.3898 19.3862
62.7552 19.5763
65.6336 18.5972
65.3944 18.9541
62.873 19.2935
61.7138 20.0267
62.3095 19.8497
60.2586 19.8791
59.4344 19.7954
60.5313 19.4096
60.5997 19.9548
58.2371 19.839
61.2628 19.8848
59.5281 19.8234
62.0717 19.549
63.2104 19.5614
61.1412 20.0737
63.2034 18.9422
62.1448 19.4623
62.1616 19.5348
60.7238 19.4055
61.7038 19.5396
61.9667 19.7771
60.2435 19.8651
62.5141 19.2117
64.124 19.2071
62.2542 19.365
61.7254 19.4985
61.4291 19.4123
63.4984 19.5222
63.9944 19.2435
62.6176 19.5984
63.0784 19.5989
60.3936 19.9151
61.0372 19.3944
60.1452 19.7791
59.5361 19.5391
60.9851 19.9679
59.4374 19.9525
60.1166 20.0523
60.8632 20.1463
60.0864 20.1762
62.1982 19.5347
62.8996 19.4948
62.7075 19.3918
61.8459 19.6115
61.7958 19.2731
61.5119 19.4748
63.5538 19.8085
62.5882 19.5314
59.4599 19.9974
60.4775 19.8825
61.0666 19.3796
61.215 19.8991
59.459 20.0412
59.8693 20.4481
61.1813 19.8272
61.2884 19.4005
60.9135 19.5639
63.4739 19.6133
62.3091 19.7893
62.1186 19.6217
63.6771 19.7076
64.0161 19.1335
61.6651 19.7059
60.9602 19.5699
62.148 19.4262
61.3174 19.4705
60.3399 19.9813
60.2372 20.1821
60.8212 19.8554
59.6832 20.3293
59.8695 19.964
60.1895 19.7603
59.769 20.3056
59.6244 20.1479
58.8303 19.9101
58.6123 20.4076
61.1989 19.8828
60.2468 19.8101
60.8187 19.5431
60.3621 19.9077
61.952 19.664
61.5888 19.5794
60.0444 20.199
59.392 20.0052
61.098 19.5792
62.2146 19.8548
62.9983 19.9078
63.0986 19.9754
61.0255 19.524
60.665 19.9634
58.2496 20.1033
63.88 19.32
62.2875 19.4065
60.1348 19.7726
60.4029 19.7178
60.9229 19.6662
60.5507 20.0959
61.777 19.9937
63.2968 19.5206
61.8252 19.6451
62.0017 19.9584
62.2567 19.8259
62.555 19.5714
62.185 19.8569
66.4109 19.3046
61.4541 20.1155
61.4541 20.0341
61.0742 19.7631
60.1042 19.8873
59.0737 20.3323
59.1111 19.3585
59.1111 19.6696
59.1352 20.2171
60.0369 20.4745
60.9453 20.1551
60.9652 20.1873
61.0624 20.1139
61.7242 19.815
59.5832 19.8645
60.9579 20.1395
59.4889 20.4669
62.6507 19.521
60.9468 19.9508
62.3838 20.0899
61.297 19.3113
58.494 19.7949
61.4711 19.7414
60.3368 19.6703
62.8934 19.3649
61.6262 19.6927
57.845 20.2405
58.849 20.21
60.1478 20.4655
62.2303 19.726
61.5416 19.6161
62.9694 19.6261
63.5073 19.0698
63.0553 19.0777
63.1146 19.3989
62.5569 19.2736
63.3247 19.1934
61.6375 19.8291
60.257 20.0906
58.3384 19.9876
62.1049 19.967
62.684 19.7663
59.724 19.7292
60.6125 20.1937
62.0779 19.104
60.7706 19.6655
59.946 19.7612
59.8033 20.1451
59.582 20.1457
57.817 20.8143
59.7907 20.3452
61.6595 19.83
60.2393 20.1205
61.7128 19.5927
61.8218 19.1283
62.5774 19.6128
59.0949 19.912
61.8173 19.6666
59.9775 19.8721
60.1239 20.0067
60.7006 20.0884
58.9442 20.3117
58.9853 20.0463
59.4149 20.0383
61.6008 19.4953
60.3643 19.7803
61.9756 19.5776
62.1119 19.5723
62.6815 19.73
61.3798 19.6246
62.3542 19.6045
62.6397 19.6438
61.1655 19.9956
61.3011 19.8082
61.0272 19.8383
58.5207 19.8633
58.3712 20.0473
59.2467 20.5432
60.6351 19.8223
60.787 19.7149
60.6921 19.8882
60.239 19.8999
59.1956 20.2891
59.8027 19.7751
60.2439 20.1318
61.4496 19.8001
62.5552 19.2992
60.9946 19.3871
60.3165 19.8049
58.7836 20.3954
58.7484 20.1191
60.1194 20.0572
60.1658 20.2109
60.2928 19.8266
60.0723 20.0309
60.6014 20.2733
59.7094 20.3836
60.123 20.1737
61.7402 20.1914
60.8097 19.7528
61.0126 19.9387
60.5857 19.9811
60.0532 20.1461
59.1533 20.2626
61.0726 20.0253
61.1084 20.1571
61.1021 19.8363
61.1018 19.779
61.077 20.2307
62.7995 19.9872
62.3076 19.504
64.08 19.4352
60.745 19.6846
61.6078 19.7839
61.7487 19.6686
61.7939 19.4715
60.0396 19.8134
60.0905 19.7637
60.6771 19.917
62.8702 19.5148
62.637 19.6078
62.5752 19.3581
63.0347 19.1422
62.248 19.1199
62.1563 19.5946
65.133 19.5303
62.9339 19.2602
62.8364 19.7161
61.5211 19.8697
62.413 19.5558
60.6817 19.9521
60.8587 19.867
61.8605 19.637
63.7915 19.5357
61.2834 19.974
60.1611 19.9358
60.8843 19.9007
61.54 20.0986
60.7363 20.2286
63.4422 20.0698
61.6222 19.871
59.3573 20.1806
61.134 19.9911
61.3292 19.7852
61.8847 19.7124
61.1097 19.6545
60.3372 19.693
61.7337 19.6963
61.7029 19.376
62.1395 18.932
62.8427 19.4187
61.2193 19.6888
60.4631 19.8589
61.3889 19.481
60.8269 19.3261
63.171 19.4636
62.7672 19.7687
61.7667 19.7896
60.9224 19.8174
62.7168 19.3196
62.2782 19.6292
61.5508 19.5626
61.2352 19.514
65.4888 19.334
63.4393 19.1048
63.4596 19.2274
63.4764 19.6741
65.1471 18.8867
63.1729 19.2322
63.6957 19.1267
62.3025 19.3614
62.9528 20.1001
63.4891 18.8286
65.624 19.1192
61.9728 19.7665
63.4726 19.2384
63.5155 19.344
62.4589 19.3191
60.8738 19.1699
59.2381 19.9584
61.7237 19.5611
61.066 19.9751
58.3971 20.5115
59.0144 20.2153
58.4571 20.1402
57.3867 20.4426
60.5467 19.4259
61.1152 19.8688
61.5597 20.0752
61.152 20.1767
61.137 20.3156
61.4734 19.7668
62.0576 20.0246
58.9605 20.1068
60.9888 19.4269
61.2847 19.7636
60.4525 19.5954
62.8754 19.9514
57.7262 20.011
61.6269 19.5631
60.8564 19.7488
60.0233 19.9076
62.2294 19.4411
63.2697 19.4168
62.7673 19.6885
63.5362 19.3118
63.3505 19.5306
63.3729 19.4872
62.4143 19.4474
62.3675 19.4051
64.4356 19.3605
63.6212 18.7774
63.5165 19.3163
62.3111 19.6021
62.3951 19.6867
62.9541 19.22
62.1794 19.3115
59.5826 20.0525
62.5672 19.6338
61.4748 19.7559
60.1965 20.0662
61.0541 19.7192
60.9229 19.8273
59.8718 20.6261
58.2035 20.21
58.046 20.496
60.7582 20.2491
61.6624 19.8045
61.8292 19.0964
61.7162 19.5485
61.0139 19.4074
61.5426 19.3337
60.6369 19.3535
62.2526 19.305
62.8689 19.0342
63.4563 18.8787
61.1948 19.7577
61.633 19.7731
60.5771 19.8213
62.545 20.019
61.3211 19.9237
61.3285 19.75
62.1794 19.6705
61.7024 19.2076
61.9943 19.7036
62.3326 19.6932
61.876 19.6085
63.2329 19.6062
63.2537 18.9685
63.4156 19.4304
63.6013 19.7696
63.4557 19.2391
62.9248 19.7285
63.1217 19.4622
64.2605 18.9622
63.5715 19.227
63.446 19.293
62.5324 19.463
64.574 19.7179
62.8299 19.5533
62.1881 19.8746
59.6847 20.0361
60.4863 19.9491
60.641 19.8655
60.6218 20.0686
61.0015 19.6346
59.962 19.6017
61.9379 19.2652
62.2795 19.5127
62.593 19.4655
61.15 19.5023
60.6998 19.1632
61.1531 19.5688
61.849 20.0555
61.5017 19.6945
62.1485 19.6447
62.2377 19.4776
61.3957 19.6298
63.2399 19.3932
63.378 19.4077
61.7423 19.5735
62.6655 19.7524
63.5037 19.1694
61.8448 19.4006
61.8017 19.6167
61.6776 19.4558
62.8293 19.3598
62.5694 19.4287
62.5537 19.6495
62.6366 19.1506
63.5186 19.118
61.5091 19.634
59.8435 20.1003
61.0503 19.5761
60.6463 19.8812
59.7587 20.0333
60.3927 19.903
59.6798 19.9588
63.1257 19.6388
62.3354 19.9005
62.1387 19.6161
61.9816 19.5455
61.4243 19.3
62.5641 19.3
62.1262 19.8603
61.7023 19.4948
61.2203 20.0546
59.2208 20.4998
59.5099 20.2143
61.2665 19.856
62.1346 19.5206
63.2643 19.3826
63.7868 19.3826
61.1558 19.4066
58.6173 20.2242
61.1875 20.0634
63.2738 19.7858
62.0865 19.7117
62.0926 20.0988
61.2609 19.8976
61.2843 20.224
59.5079 20.1939
59.329 20.0116
59.4078 20.0554
61.8782 19.4493
63.3803 19.1816
63.2034 19.418
62.1638 19.685
61.7947 19.6216
61.4862 19.8717
62.5572 19.6916
61.1857 19.713
62.8072 19.9176
60.1368 19.9132
60.7217 19.7027
61.0242 19.7049
61.7303 19.803
62.4989 19.4292
61.4963 19.9163
64.608 19.1733
63.7541 19.1583
60.9439 20.0812
62.2031 20.0144
61.7625 19.4793
62.003 20.014
61.533 19.5847
61.3471 19.6096
63.5382 19.6108
64.1936 19.5669
62.9745 19.439
62.7305 19.8247
61.424 19.5882
61.7265 20.1378
59.4498 19.8054
60.9935 19.5622
59.9546 19.9799
60.5441 20.1023
59.2365 20.4086
61.7509 19.5829
60.6347 19.9141
59.7971 19.8121
62.3537 19.7233
62.32 19.3623
61.7947 19.5505
63.4349 18.7394
63.3819 19.4804
62.8868 19.9595
61.1336 19.8976
61.0364 19.8071
63.2237 19.4469
63.1656 19.2059
65.0441 19.2059
63.0747 19.4129
62.6863 19.5049
62.2161 19.629
60.0538 19.7299
61.5499 19.6977
59.3772 19.9431
61.5883 19.9599
59.6741 20.1605
58.3555 19.9843
60.2575 19.5522
59.9769 19.9299
62.1427 19.5942
60.8546 19.434
63.1974 19.3667
63.2186 19.1866
63.0654 19.7057
61.2438 19.5777
61.3904 19.7539
61.8974 19.7652
60.6843 19.793
60.4516 19.9142
60.3996 19.8245
60.288 20.1326
62.1458 20.1447
60.1101 20.4145
59.0884 19.976
60.4909 19.4561
59.3842 19.9736
59.4229 19.9896
60.9671 19.7097
60.5806 19.5066
61.5 19.6777
61.1027 19.9584
60.2083 19.986
63.3989 19.5871
62.2172 19.4582
62.4249 19.5449
62.269 19.6122
62.7337 19.636
60.2109 20.2603
59.9431 19.75
61.816 19.7249
60.6155 19.819
60.872 19.7852
61.6476 19.5339
61.3409 19.3534
61.758 19.7583
59.5608 20.1092
60.3469 19.8522
59.0712 19.8922
59.7503 20.2207
60.9888 19.8735
58.3072 20.2968
58.2419 20.4769
59.3795 20.3456
59.0882 19.922
59.3339 20.0951
58.5667 19.9822
59.9028 20.2428
57.8365 20.338
60.2643 20.258
61.109 19.9007
60.2842 19.7173
60.5474 20.3992
58.5031 20.086
61.354 19.7789
61.6104 19.6856
61.1404 19.6899
59.2473 20.291
61.0943 19.9868
57.9343 20.0204
61.5325 19.8492
63.6064 19.4073
62.1265 19.7157
61.0206 20.0881
60.0483 20.2488
61.921 20.0735
60.0942 20.1103
62.1326 19.4936
60.8068 19.2817
62.4024 19.0445
63.2203 19.5875
62.8698 19.9269
62.9033 19.2461
61.2695 19.9842
60.6344 19.8326
59.7001 20.0468
60.3028 20.0221
60.188 19.9962
61.2326 20.1443
60.5101 20.2577
58.8801 20.3432
59.0658 20.8705
58.8585 20.4958
58.5316 20.1919
60.1992 20.3673
61.2928 19.7236
60.9635 19.4548
62.8896 19.3749
62.299 19.3469
62.2613 19.5388
62.3521 19.4488
62.2561 19.6553
61.4769 19.6641
60.6981 19.5934
62.8029 19.4617
62.105 20.0133
62.6423 19.803
59.8999 20.0067
63.3182 19.6675
63.3182 19.4681
64.656 19.2147
62.7004 19.5013
61.8799 19.6375
60.4508 19.9488
60.7857 19.8625
59.7267 19.9242
59.7967 19.8259
59.9582 19.9803
58.9547 19.9584
61.4338 19.7946
61.3565 20.185
61.4615 19.5824
62.6176 19.8934
63.5163 19.8115
62.7034 19.6764
62.1706 19.3599
62.5784 19.2781
62.6056 19.4401
64.9539 19.3348
61.8372 20.1105
61.6001 19.6979
61.7165 19.5751
61.8784 19.6308
60.6304 20.2457
59.3719 19.8783
59.1391 20.1191
57.6599 20.2721
58.0868 20.6132
58.7266 20.4189
58.2544 20.5678
60.4647 20.1172
59.8827 19.7535
59.602 20.1308
60.0875 20.0064
61.4607 19.5575
62.7035 19.2548
62.4805 19.162
63.0071 19.6817
62.4607 19.2488
62.1792 19.6649
62.3558 19.4327
63.1815 19.0782
64.4459 18.9994
63.8889 19.3514
63.4808 18.9791
62.0063 19.0269
64.4694 19.159
62.8803 19.5169
62.9204 20.017
62.526 19.3413
62.0801 19.8442
62.1369 19.1611
59.7169 20.3583
60.7696 19.3807
60.3073 20.2138
61.4465 19.699
62.9468 19.6815
64.0837 19.4465
62.9953 19.7973
63.544 19.6056
61.3821 19.9546
61.5742 19.9538
59.3769 20.332
62.2548 19.9325
62.0936 19.643
61.0577 19.6824
61.6343 19.6375
61.5619 19.3833
59.671 19.8685
60.3543 19.4898
61.9983 19.5666
61.4335 19.5341
61.55 19.6098
61.1411 19.9075
60.6238 19.7509
61.0463 20.0041
59.9281 19.489
61.0608 19.5284
62.6764 19.4676
61.6835 19.4376
61.7204 19.5525
60.9262 19.4106
60.1765 19.7428
60.0418 19.7906
61.5318 19.6064
61.7389 19.1356
61.5144 19.2776
60.8546 19.7914
62.3735 19.5174
60.9987 19.3545
62.4326 19.5695
63.7207 19.3773
63.8852 19.1929
62.7414 19.1386
62.7867 19.8533
63.4554 19.1037
61.8382 19.4756
62.6266 19.272
61.1858 19.9407
60.5176 20.4889
60.7626 20.207
58.407 20.115
59.0013 19.9521
60.6227 19.6727
60.0568 19.6164
60.7428 19.893
60.6158 19.8473
58.73 20.1197
60.4286 20.0178
60.2824 20.1073
61.5804 19.302
62.0986 19.6237
62.2275 19.2859
61.2719 20.0727
62.5982 19.7174
58.7939 19.9729
58.8222 19.9815
59.868 20.1443
62.6762 19.4585
62.8425 19.7186
61.5883 20.0064
63.3245 19.4809
61.5854 19.6729
60.6956 19.7288
60.1747 19.657
59.6672 19.813
61.7041 19.8326
61.4555 19.851
62.5563 19.5192
63.1137 19.5412
62.8469 19.3852
61.3796 19.4126
61.6427 19.2587
59.9859 19.6225
61.5 19.7654
59.8835 20.0671
60.3111 19.7244
60.2227 19.8659
63.1105 19.5816
60.5018 19.7248
62.1874 19.8184
60.9631 20.0956
63.362 20.0804
59.0461 20.8694
59.3534 20.0577
58.8051 20.1503
59.519 19.8671
57.3644 20.6228
62.0786 20.1546
60.6569 19.6924
61.6706 20.0095
61.9637 19.3456
61.0929 19.8089
59.5885 19.9781
61.8475 19.9208
63.0308 19.0901
63.6229 19.6105
64.6268 19.4065
62.7805 19.4206
62.1899 19.6039
62.9261 19.5578
62.0334 19.2954
63.668 19.4803
60.3026 19.5839
60.5238 19.8219
60.918 19.7616
60.936 19.2642
61.0629 19.6584
59.1948 19.7988
60.6737 19.8118
59.882 19.8003
60.3051 19.9614
59.7795 20.253
59.542 19.8358
60.1937 19.8706
61.5018 19.7523
58.8232 20.1465
57.2678 20.6679
58.1857 20.6249
59.5311 20.4482
60.3668 20.0366
60.5482 19.7778
60.6878 20.2162
60.3926 19.7888
59.2899 19.4368
59.3677 19.8047
59.5265 19.7281
59.8576 19.6999
60.3595 20.4616
60.5356 19.6543
60.5881 20.2078
61.1985 20.1783
60.4556 19.827
61.4426 19.7853
61.5198 19.5572
60.978 19.9118
61.1705 19.6824
59.2253 20.1485
61.0686 20.0693
60.423 19.7665
59.6278 19.7457
61.5113 20.1647
61.8204 20.204
62.6304 19.5161
62.6103 19.2959
63.257 19.099
63.2209 19.5176
61.3468 19.9999
61.7339 19.5296
61.9551 19.5441
61.8901 19.0664
62.5807 18.7952
63.6237 19.0577
62.6008 19.3519
63.2251 19.3725
63.7153 19.3281
63.1708 19.2011
61.026 19.6912
60.6374 20.0735
61.6639 20.1359
60.1588 20.0573
60.1081 19.9865
60.8215 19.8631
60.7349 20.3848
60.4018 19.9379
60.6176 19.6649
61.1303 19.6
60.9211 19.8915
62.8742 19.8111
61.761 19.7856
61.3457 20.1546
60.3008 20.0705
62.6321 19.2022
63.2691 19.0507
63.4163 19.0313
61.7724 19.8614
62.3904 19.7519
63.2659 19.5105
61.2531 19.5898
62.7283 20.0701
62.5197 19.4152
64.962 18.9958
62.8579 18.9534
61.4794 20.0751
63.0606 19.9749
60.4308 19.9184
59.976 20.1353
59.4962 20.3608
60.35 20.5415
59.2901 20.2353
60.7867 20.228
62.6457 19.6236
61.059 19.5691
60.7242 19.5835
60.5892 20.1681
58.4193 19.9225
59.6234 20.1838
61.8499 20.5066
59.2397 20.4573
62.0029 19.7188
61.1566 19.7666
63.6063 19.506
63.1264 19.2231
62.5479 19.5524
61.8995 19.49
62.5308 20.0233
62.5072 19.7021
65.4196 18.7424
63.9889 19.5687
62.5303 19.5212
62.0247 19.9284
64.2947 18.9708
65.0872 18.7905
62.3148 18.7836
60.8789 19.7939
62.0398 19.8984
62.8808 19.5442
61.945 19.5661
62.6847 19.5334
63.4993 19.2743
60.6775 19.8381
61.6262 19.5706
62.1362 19.5263
60.9051 19.8004
60.5896 20.0073
61.0673 19.5628
62.2337 19.4092
62.6615 19.4718
63.4063 19.2445
62.6442 19.8763
62.5526 19.9195
62.8348 19.3873
60.715 19.5672
58.9836 20.0007
60.9557 19.9979
56.9239 20.6588
59.5264 20.1361
59.38 20.0538
59.6687 20.3343
59.6316 20.106
58.3024 20.4685
59.4127 19.9826
60.3159 20.4794
60.2823 20.032
61.8258 19.6346
60.1549 19.7576
60.2724 20.1063
59.9947 19.9547
61.0343 19.6457
61.3283 19.7585
61.0082 19.9954
62.1452 19.5092
60.7195 19.5845
58.9613 20.1892
61.3391 19.5915
60.5553 19.75
62.3624 19.4921
61.4834 19.7269
61.0266 19.6857
59.9232 20.0271
59.1086 20.2432
61.4982 19.8517
59.2021 20.5
60.439 20.1107
62.0657 19.7341
62.4054 19.5955
63.5769 18.9307
63.6506 19.0111
61.8772 19.5218
60.8159 19.5432
61.0581 19.8278
61.6845 19.6565
63.0655 19.3866
60.955 19.658
60.1713 20.2673
60.3212 20.395
57.5022 20.2519
57.6222 20.1512
60.9602 19.6632
60.8642 19.5896
61.11 19.9135
60.7467 19.5644
61.0929 19.3776
62.0493 19.5769
61.1284 19.7653
59.1659 20.2994
59.6214 19.7487
59.9406 19.9298
60.9612 19.8669
61.0364 19.9331
60.0984 19.4426
61.8336 19.2475
61.6811 20.0876
62.1119 19.5206
61.9159 19.7916
61.4195 19.6064
60.9685 19.4937
60.793 19.9335
63.3684 20.0399
62.3086 20.0245
62.5457 19.4373
60.0251 19.2632
62.1124 19.3894
62.2575 19.5408
61.9246 19.7806
61.2057 19.8972
63.0098 19.6405
63.2094 19.3573
59.9737 20.6755
58.7844 20.4844
58.9377 20.2729
60.756 20.3367
60.7137 20.1898
58.7414 20.0419
58.9917 20.0366
57.5872 20.1367
60.5246 20.5366
60.2027 20.5251
59.3479 20.3473
61.0923 19.6413
58.4033 20.3619
59.8521 20.2587
60.6225 20.2993
61.489 19.7785
60.6426 20.4636
60.2991 20.1395
60.5965 20.1407
59.5441 20.233
59.5737 19.7424
62.2526 19.676
60.2082 19.8441
59.5953 20.363
61.0439 19.6272
60.7041 19.8911
60.6397 19.6673
62.1925 19.6936
62.6503 19.5549
64.9955 19.4513
66.3035 18.7555
64.3012 18.8157
65.1796 18.8797
65.1796 19.0077
59.7824 20.0692
61.5635 19.5407
58.722 20.2504
59.4515 20.0068
59.2618 20.4299
62.988 19.3282
60.6835 19.8063
61.0426 19.6012
60.2425 19.933
60.2072 19.8924
61.3632 19.8164
61.265 20.4023
60.2505 19.7158
60.3871 19.9471
60.576 19.4871
61.7641 19.4114
62.2312 19.7788
61.0621 19.3785
60.8295 20.0674
64.0599 19.0326
62.0539 19.4031
62.0681 19.4032
63.1971 19.4089
63.4566 19.2559
62.553 19.1943
63.6179 19.2979
63.2861 19.1318
62.1337 19.1372
63.5279 19.4577
62.2398 19.4131
61.4163 19.2552
61.1837 19.7415
60.4039 20.1355
61.3448 20.0872
62.9862 19.697
61.478 19.9278
62.3852 20.1597
61.5878 20.0427
59.9755 20.2163
59.5055 20.0633
60.6448 19.7318
60.921 19.6623
59.6934 19.5931
58.8548 20.0702
58.3651 20.2169
61.0801 19.968
61.0833 20.0729
60.0269 20.3116
60.1771 20.2756
59.0622 20.3807
58.959 20.2781
60.7171 20.2782
61.2905 20.2985
60.8789 20.2845
59.2456 20.2932
60.4063 19.7543
61.7085 19.5312
62.049 19.3548
62.571 19.49
61.5834 19.5097
61.4926 19.8854
61.2924 19.6007
61.1767 19.6988
60.8001 20.0674
60.5415 19.405
60.0662 19.8798
59.8285 20.3328
60.8529 19.9799
61.6786 20.0599
59.2283 20.2071
61.5123 19.6698
62.9232 19.914
62.4698 19.5608
59.5746 19.9563
61.5104 19.8004
60.0214 19.8654
59.8574 20.0847
60.8024 19.8263
60.8744 19.8003
60.374 20.5164
59.0964 20.6905
59.1569 20.6086
59.4859 20.0948
59.3218 20.5348
58.4996 20.3085
63.4628 19.5612
61.9933 20.0346
61.0536 19.5362
61.8537 19.7817
60.8564 19.7893
59.8462 20.3048
60.4578 20.2227
60.4054 19.4969
59.1664 19.8488
58.2744 19.744
59.5992 20.0927
58.6491 20.2931
59.2056 20.0681
60.2673 19.8079
60.9756 19.7708
59.9432 19.7185
59.7748 20.192
60.4035 20.0108
59.9041 19.9736
59.6403 20.0116
60.3374 20.2655
62.6855 19.8653
62.9509 19.5942
61.9918 19.596
61.0581 19.915
61.0445 20.1449
60.0005 19.9208
61.2392 19.9063
59.2037 19.8262
62.1427 20.034
59.7189 20.3187
60.5235 20.3399
58.6352 19.7857
61.8295 19.7565
60.9148 19.5209
59.9812 20.1519
60.7746 20.1292
61.1202 19.8999
61.3129 19.5082
60.9565 19.2084
62.1776 19.2686
64.6807 19.274
62.1424 19.3876
61.7702 19.9031
62.0247 19.7508
61.34 19.8269
61.0817 19.6616
60.4661 19.3227
63.9195 19.3413
61.0778 19.7235
60.6423 20.0014
59.6221 20.5397
60.3664 19.2679
58.7378 20.5177
60.0361 19.72
59.8109 19.9682
61.1556 19.7781
63.713 19.3324
62.6754 19.4361
62.2452 19.5793
62.422 19.3475
63.1926 18.8189
63.078 19.1798
61.6723 19.4442
61.3488 19.7148
61.946 19.4647
61.0949 20.1615
62.3811 19.4725
61.9864 19.2892
61.1278 19.8134
60.2087 20.1143
60.7102 20.0537
60.0863 20.3189
59.0654 20.2286
61.5956 19.3559
63.7516 19.1854
63.6029 19.3574
60.9049 19.6387
59.5012 19.7999
58.248 20.0929
59.4252 20.2079
58.2572 20.6463
60.8154 20.2563
61.0767 20.0924
60.0207 19.6965
59.0832 20.0051
60.6428 20.0153
60.4935 19.766
59.5822 19.9692
62.7693 19.7009
63.5621 19.6642
64.5363 19.2703
66.4512 18.4751
64.1641 19.1975
63.2259 19.8222
63.2774 19.6494
60.8524 19.6117
60.884 19.68
60.875 19.68
61.9431 20.2647
61.9431 19.3562
61.4164 19.7645
62.3507 19.4552
61.9807 19.8126
62.556 19.8114
60.0806 20.1908
59.3863 20.2877
60.2642 20.3078
60.988 19.8761
59.4533 20.1853
60.5389 20.1733
58.2304 20.5327
60.7524 19.8737
61.1113 19.5062
60.8893 19.8303
61.4377 19.6671
61.0603 20.1838
60.1003 19.9268
61.775 19.5778
60.0978 20.0798
60.6861 20.0135
61.8673 19.6585
61.5005 19.5111
60.3977 19.9365
61.7446 20.0276
62.7323 19.8298
62.9528 19.1207
63.4968 19.7174
63.6187 19.137
62.9009 18.977
63.5109 19.4792
62.8358 19.3854
61.8881 19.339
62.432 19.611
64.3001 19.6152
62.8138 19.7412
59.8665 19.8416
60.7197 20.1265
58.1223 20.3048
60.251 20.5474
59.9439 20.1019
60.9738 20.1156
61.1885 20.0106
60.0861 20.1594
62.3969 20.1475
60.4929 20.0618
59.1999 20.4459
61.5641 20.1128
62.4884 20.1978
62.1585 20.6437
60.9031 20.2473
60.6869 19.7699
61.3306 19.7914
60.4258 19.8336
60.6511 20.2502
62.3496 19.578
61.4521 19.578
61.5206 19.6756
59.9218 19.713
59.583 19.4581
59.2925 19.7002
59.6003 19.9414
58.7733 19.9634
59.8913 19.5987
61.4623 19.6474
59.5776 19.4966
61.7027 19.8337
60.674 19.7207
60.9795 20.0103
58.8367 20.1455
60.5866 19.8628
60.5587 20.4244
57.7596 20.7267
58.7874 20.1781
60.3977 20.3954
60.7677 20.1487
60.6253 19.9951
61.2033 20.0246
61.4029 19.9333
60.2293 20.5658
61.1178 19.2641
62.1921 19.7025
60.6674 19.5468
60.4705 19.5238
61.8132 19.2991
61.5722 19.3831
63.491 19.4147
63.8926 19.6945
63.9445 19.6864
63.9303 19.8249
63.4423 19.8744
61.1581 19.8604
60.2059 20.2483
60.3263 20.0656
59.4821 19.958
59.6389 19.8299
60.2825 20.1344
58.2763 20.1891
57.1065 20.6968
60.5591 19.5301
60.0828 19.6669
59.4785 20.2093
60.5516 19.7987
61.0084 19.7127
61.7433 19.0577
62.7529 19.2707
60.0032 19.7802
62.2271 20.0288
60.6659 20.1058
61.3984 20.5216
61.3636 19.8755
62.2957 19.2845
61.5374 19.7167
61.295 19.8451
61.9296 19.6247
63.0545 19.4335
65.1294 19.3156
64.8871 19.291
63.4801 19.8552
62.9536 20.0696
61.7373 20.2016
62.5124 19.4654
62.9662 19.2005
62.9278 19.3897
60.5487 19.6998
59.8852 19.7999
60.0857 20.0898
62.2054 19.6982
61.6594 19.2045
62.3279 19.4363
60.2789 20.0849
60.7362 20.1893
58.5888 20.0575
58.9968 20.6022
60.4526 20.0846
60.4288 20.2674
62.1774 20.0799
60.582 19.9169
59.8383 20.5542
58.5115 20.1281
58.5748 19.8929
59.2963 19.7633
60.1895 19.8204
58.4642 19.8473
60.6488 19.7801
58.6055 20.0922
61.0951 19.8617
62.6417 19.597
60.4578 19.7398
59.5503 19.8621
60.3505 19.8242
60.602 19.7678
59.4576 19.7191
60.5126 19.7947
64.6364 19.6527
64.5324 18.9165
63.9374 19.1191
63.4574 19.0926
62.598 19.3411
63.3991 19.1605
64.0888 19.2793
63.7585 19.0275
63.7585 19.254
63.4952 19.6171
62.429 20.1579
62.5988 19.4666
61.2143 19.6179
61.1579 19.6523
60.6044 19.5257
60.4786 19.7917
59.4003 20.162
60.9599 19.8708
61.0624 19.6737
63.0766 19.6897
59.4826 19.6288
61.1081 19.8337
60.4516 19.8334
60.7797 19.9211
61.8337 19.6943
62.0397 19.5878
61.0723 19.8091
60.0286 20.4293
60.2703 20.4379
60.2321 19.5778
60.8423 19.903
60.3712 19.7081
60.8164 19.616
61.5033 19.7591
61.7833 19.7948
60.9189 19.6786
59.8428 20.1434
59.4947 19.846
61.1129 19.527
60.2269 20.3869
60.5917 20.2306
59.614 19.8274
61.827 19.4244
61.8849 19.5559
61.5689 19.9344
63.6694 19.4341
63.3694 19.6673
61.487 19.815
61.9066 19.3337
60.3056 19.649
60.1995 20.3202
60.0287 20.0719
63.0627 19.5415
61.3237 19.5568
63.5278 19.1631
65.5965 18.8459
63.1937 19.2203
62.9484 19.3473
63.0572 19.2378
61.4879 19.6064
61.2922 19.7438
61.6842 19.8971
60.4899 19.9504
60.6696 19.9929
61.4507 20.078
63.2355 19.6905
61.8301 19.8148
62.3086 19.8487
62.0062 19.548
60.7172 19.9339
62.0383 20.0608
59.1111 20.1377
60.121 19.8067
60.1437 19.8643
61.695 19.9494
61.4252 19.8155
59.8182 20.0178
60.8267 20.1162
60.2014 19.9327
59.6675 19.9996
60.0878 19.5006
60.1757 19.8078
61.3598 20.1267
61.4415 19.5773
63.7427 19.3522
62.4877 19.7815
62.5609 19.6069
61.0234 19.5935
59.6596 19.7014
60.3968 19.898
62.6115 19.6403
61.8079 19.9813
60.0331 19.8522
61.107 20.0291
61.9398 20.1195
60.5431 19.6254
60.4979 20.0109
61.8505 19.8056
61.0115 19.6978
61.6413 19.2131
61.5348 20.089
60.6992 19.6635
62.1687 19.5695
62.2148 19.6515
62.4109 19.5746
59.9978 20.1738
59.7369 20.1746
62.5351 19.4825
62.1406 19.3617
61.7237 19.9085
60.6725 20.2527
60.3205 19.7508
61.2246 19.4767
64.5025 19.4077
65.0795 18.7947
60.3554 19.6747
61.0114 19.8481
61.6204 19.7513
59.7424 20.0652
59.7044 19.873
59.163 20.178
59.7448 19.7461
58.7393 19.8066
60.38 20.0183
61.3455 19.4606
60.6311 19.6338
59.8128 19.7174
60.5468 19.4975
62.9393 19.6912
60.366 19.9702
60.8176 20.2163
60.2662 19.9675
59.5724 19.7842
61.5948 19.8043
62.0159 19.2827
60.7242 19.8218
59.0034 20.1254
58.7671 20.4431
59.3852 19.9285
59.0591 20.0755
59.3711 20.3546
59.8285 20.1433
60.181 19.576
62.2411 19.6838
62.5512 19.4789
61.7575 19.5389
61.3056 19.6039
61.2779 19.7949
63.0113 19.6056
61.6854 19.9114
59.7096 19.7465
61.2779 19.8514
59.405 20.0487
61.5567 19.5084
62.4037 19.7461
59.0391 20.4225
59.457 20.2147
59.4103 20.3805
58.1345 20.3573
60.3224 19.858
61.7597 19.6646
62.0206 19.7934
60.417 19.5771
61.9736 19.5669
61.6861 19.7484
60.7651 20.3404
60.818 19.6051
61.2443 19.8237
62.0757 19.7593
60.4762 19.6154
60.9784 20.1256
62.3801 19.7211
61.2888 19.5213
64.5947 19.6544
58.5987 20.1742
60.0332 20.2541
58.7491 20.5323
58.7491 20.5296
60.9569 19.4911
62.3532 19.286
61.5747 19.5758
60.3439 19.5703
60.5959 19.6901
61.8744 19.6732
61.6309 19.7617
63.5197 19.0571
60.6646 19.7616
59.1635 19.8695
59.3943 19.8037
61.8953 19.3907
62.8744 18.774
61.2914 19.8036
61.2681 20.3797
61.6502 19.9851
62.3227 19.9447
62.5766 19.8718
62.1114 19.3782
62.1343 19.79
60.8302 20.0617
59.5398 19.7653
58.8997 20.4023
59.7529 20.3604
58.8883 20.0828
60.326 20.2197
61.3679 19.9978
61.4968 19.6107
60.0993 19.8846
60.3612 19.9184
59.2881 19.9576
61.598 20.0456
61.0753 20.363
63.915 19.4284
62.8667 19.6315
60.9813 19.6416
61.418 19.9054
60.7089 19.6615
61.1193 20.3588
58.6327 20.538
60.716 19.7846
61.1776 19.3864
60.5284 19.8513
62.7306 18.902
60.3988 19.8874
60.5993 20.1528
60.6174 20.0523
60.7278 20.0952
60.4815 19.918
61.602 19.1754
61.0637 19.6257
58.0355 20.1216
58.8894 20.3544
60.9422 19.3956
62.5171 19.5785
61.7744 19.6693
60.7085 19.6618
58.7595 19.5737
60.6679 19.706
62.135 19.7353
61.4833 19.7826
61.3742 19.578
62.3859 19.3567
62.9681 19.2036
62.4926 19.7074
61.5589 19.4315
63.1737 19.5344
63.0747 19.4568
62.854 19.4417
62.4835 19.5922
59.7694 20.2017
60.5555 20.4395
60.5282 20.5703
61.7246 19.6569
62.4326 19.88
59.5182 20.0659
60.4263 19.9077
60.0358 20.1795
60.2157 20.0827
62.4945 19.4989
60.3558 19.736
60.8402 20.1485
59.0123 20.407
59.3483 19.9654
61.568 19.9162
59.0485 20.2792
59.8268 20.0989
59.6648 20.3652
60.5122 20.1696
61.3815 20.2252
60.294 19.8609
62.3446 19.5989
59.1136 20.1852
59.1602 20.702
58.3297 20.441
58.8544 20.4468
62.1955 19.4685
62.3244 19.8654
61.5913 19.6759
57.8873 19.8799
62.537 19.7735
61.3541 20.1834
61.7533 19.9596
62.112 19.445
58.5406 19.7975
58.158 20.2296
59.2916 19.8327
59.2991 20.0367
60.0609 20.0365
58.431 20.6596
59.8449 20.0597
59.5548 20.604
60.0932 20.3201
59.671 19.8213
59.6024 20.6181
59.96 19.9219
61.2181 20.213
62.5476 19.9992
61.4535 20.0503
60.1271 20.2912
61.1248 19.8085
60.5617 20.212
58.3194 20.1008
57.977 20.2139
57.577 20.8081
56.2051 20.9049
57.9056 20.6437
60.9756 20.3139
59.5907 19.8538
58.5917 20.3746
59.1417 20.0428
59.8971 20.1
58.4631 20.6065
61.9548 19.6683
60.6564 19.6355
59.8499 20.1593
61.8421 19.6018
62.5014 19.8566
63.502 19.9205
61.7541 19.5225
62.9862 19.3184
61.5282 19.6415
62.002 19.6116
62.6664 19.3648
61.8589 19.5232
62.5192 19.5514
62.821 19.1335
62.1002 19.3604
61.7508 20.0291
61.0549 19.7114
60.5696 20.011
61.4235 19.9387
62.788 19.7591
63.5369 19.1214
61.5386 19.4762
61.0503 19.8979
59.4495 20.0139
58.3549 19.639
61.8174 19.6291
60.3862 19.9953
62.4844 19.3767
60.7506 19.7364
58.8251 19.5928
60.2089 19.8408
58.2827 20.2889
59.4648 19.8729
59.4125 20.4202
59.6393 20.0179
58.7423 20.1997
59.4047 20.2372
59.1216 20.2267
60.0275 20.2458
58.2656 20.9404
56.7496 20.8142
56.8905 20.547
58.2025 19.9104
59.3072 20.2355
59.1636 20.4114
59.497 19.9985
60.6447 20.0189
60.3149 19.9825
61.2177 19.7567
59.6884 19.9388
59.099 19.9653
61.7352 19.9592
61.7016 19.7798
61.9232 19.8109
61.9657 19.0844
62.2061 19.4439
61.7135 19.5455
61.7552 19.6156
61.7187 19.023
63.6946 19.2896
62.8237 19.4576
61.655 19.5292
60.0296 20.1765
60.9207 19.7755
61.0052 19.6954
60.237 20.2523
61.3828 19.7254
62.9829 19.2933
62.2543 19.1757
60.9903 19.3679
61.8188 19.4529
61.8007 19.9674
60.8316 19.9898
60.2445 19.7521
60.1996 19.6613
60.455 19.7598
60.9056 20.2862
61.907 19.2767
62.5552 19.3308
59.4462 19.7945
61.4628 19.7512
61.3532 19.2463
61.1245 19.5093
60.7621 19.5119
58.9794 20.0126
58.1811 19.8494
59.0798 20.2231
59.323 20.5049
59.2038 20.2367
60.3412 19.9747
62.9272 19.329
60.9135 19.3418
61.1933 19.6115
62.0797 19.4101
61.0447 19.5193
61.182 19.9515
60.3904 19.9116
61.1504 19.4851
61.0233 20.1098
61.6809 19.7275
61.771 19.8546
60.6238 19.9539
60.383 19.9882
60.1848 20.3197
60.3901 20.0009
61.2868 19.9275
61.3532 19.6196
63.2585 19.8194
61.7453 19.5756
61.3337 19.4401
62.458 19.793
62.1491 19.5697
62.6522 19.6102
61.5214 19.5017
60.8486 20.0346
60.4994 19.8597
61.2176 19.9327
61.5076 19.9438
57.8196 20.58
60.3262 19.6845
61.4096 20.0607
62.5125 19.9964
62.9722 19.6601
62.2845 19.6262
61.0183 19.6373
62.3972 19.1646
63.2882 19.1185
62.7952 19.4092
62.3425 19.4711
61.2485 20.2395
62.0255 19.6108
61.4411 19.5844
61.1998 19.4704
62.0153 19.0409
62.6052 19.4988
61.1326 19.2643
61.3274 19.6109
61.31 19.3255
59.027 20.1756
60.3241 19.9215
60.3624 19.908
59.9579 20.5971
60.6298 20.2128
61.0664 19.7437
61.6382 19.8344
60.108 19.8784
60.6261 20.1766
58.92 20.3385
60.6128 19.9484
58.3434 20.3386
58.8818 20.2034
60.7495 19.8382
60.4358 20.0566
59.2832 20.0476
59.9789 20.0251
59.6322 19.8443
62.1594 19.8022
59.502 19.6633
59.8545 19.7791
60.8275 20.0283
59.4808 20.2119
60.6139 19.9276
60.1633 20.0522
60.2511 20.1103
60.113 19.5572
62.075 19.6392
62.1985 19.9575
61.1963 19.8168
62.5891 19.3774
62.7528 19.4871
64.0372 18.8789
62.7591 19.7058
59.7532 20.1842
60.8692 19.8106
61.056 20.442
62.937 19.8175
61.379 19.8636
60.6055 19.6709
60.5218 20.0329
59.7544 19.8845
62.6419 19.4107
59.8147 19.6135
61.3601 19.9504
60.2752 20.1451
61.1011 19.5855
58.4346 20.0359
61.2592 20.4009
60.0592 20.3228
61.1562 19.8118
61.6309 19.5477
62.989 19.5035
61.9592 19.6862
61.449 19.6165
61.1109 20.3664
60.8739 19.881
61.3352 19.8087
61.2929 20.063
61.7303 19.8225
61.3003 19.7995
60.479 20.0544
62.0741 19.7054
60.5139 19.4186
58.5041 19.8832
60.2749 19.8517
60.696 20.0897
60.1267 19.9509
61.4664 20.0577
59.6107 20.2241
60.1597 20.0425
59.7639 20.0455
59.3492 20.0356
60.7774 19.7095
61.1315 19.6018
62.0629 19.4604
60.5403 20.1585
58.768 20.4789
58.8344 20.4972
60.1213 20.2658
60.1689 20.1574
59.9124 20.0238
60.2876 20.1676
61.8262 19.4762
61.5789 19.713
59.7618 19.8237
60.7895 19.5207
62.0535 19.2728
62.4151 19.6415
62.3598 19.6318
62.2701 19.4405
61.9686 19.6029
62.1901 19.689
62.0341 19.5501
62.1936 19.7074
60.3818 19.6166
61.3049 19.9989
60.7295 19.5661
60.1096 19.9321
62.299 19.5121
63.5375 19.341
62.4363 19.7304
60.7311 19.4401
60.4026 19.6821
60.942 19.6248
59.0364 19.8402
61.3737 19.6636
60.1299 19.5374
61.5822 19.5326
60.9625 19.5694
59.874 20.2045
59.6946 20.2122
60.7175 19.4341
61.1772 19.2716
62.5145 19.2716
61.826 19.372
61.7488 19.6743
61.7953 19.6592
60.8768 20.076
59.9356 20.3095
59.4893 20.2768
60.384 20.0829
60.0655 19.5846
60.5102 19.5554
62.5349 18.9714
61.9763 19.984
62.6147 19.9482
61.6257 19.6637
62.8769 19.3788
61.4886 19.6387
60.5267 19.8917
60.5816 19.7879
60.9603 19.8336
62.7281 19.1182
61.6056 19.515
63.9831 19.5334
61.6892 19.2094
61.1124 19.4826
60.1091 19.7894
59.7434 20.0026
59.4177 19.919
61.0083 19.878
58.8502 20.429
61.9331 19.7372
61.8763 19.7419
62.4933 19.2265
64.0326 19.7903
60.6715 19.6194
59.7788 20.0623
61.0914 19.511
60.0912 20.2576
58.8226 20.4867
60.6945 20.2862
61.9388 19.7969
60.7179 19.603
59.8393 20.1587
59.623 19.6892
60.31 19.9658
62.4171 19.4464
61.0266 19.388
60.0909 19.5454
62.2046 19.4711
63.4082 19.5961
64.4061 19.1482
63.1714 19.6233
59.1653 19.7783
60.9366 19.865
59.86 20.3042
59.1376 20.2873
58.9813 20.3129
58.2058 20.2175
62.8377 19.7479
60.0785 19.7909
61.5087 19.8427
61.929 19.9416
61.7991 19.6887
59.4044 20.2299
59.6358 19.894
60.6094 19.6066
60.0033 20.3052
60.0482 20.6115
59.5279 20.2925
59.7977 19.7964
64.106 19.2788
62.7238 19.2533
62.9046 19.1556
63.8136 19.0228
61.4915 19.2176
60.1395 19.2188
62.1133 19.7306
62.4067 19.5896
62.509 19.5263
62.4825 19.3104
62.1363 19.3649
61.0116 20.3377
61.4155 19.9472
61.2189 19.4612
58.5723 20.5715
59.4139 20.2589
61.4601 20.076
63.4414 19.7614
65.334 19.2109
63.5328 19.577
63.7902 19.8079
63.1531 19.7386
61.5665 20.0581
61.5103 20.0792
61.5792 19.9376
60.6977 20.1006
62.5626 19.5543
61.7207 20.1787
58.5711 20.099
58.687 20.3336
59.9801 19.9067
60.3331 20.1106
60.1396 20.0005
60.972 19.7187
62.0484 19.4747
63.5521 19.55
62.2621 19.7108
61.6222 19.9556
62.4914 19.8152
62.7326 19.2959
64.1264 19.6483
61.7869 19.6438
59.5338 20.0453
59.9563 20.001
60.7882 19.9744
61.2813 20.0768
61.2486 19.6683
62.7421 19.8747
62.0525 19.6829
61.7177 19.6958
60.6086 19.9737
62.8748 19.4245
63.1287 19.293
62.5859 19.8103
62.1233 19.1256
61.8748 19.6818
61.4438 19.763
60.2598 19.5295
63.3246 19.5997
61.7535 19.7387
61.3869 19.7056
61.6327 19.5844
62.3391 19.5844
63.3992 19.0756
61.4258 19.1989
60.8972 19.8227
62.5396 19.3027
63.7118 19.596
61.681 19.4494
61.5476 20.2026
61.0558 19.6558
60.6827 19.4367
61.9296 19.4363
63.5566 19.3177
63.1561 18.9283
60.603 19.6939
61.7104 19.7123
61.8827 19.7326
62.1227 19.326
61.9858 19.6037
62.2292 19.5516
62.7829 19.5381
60.9213 19.5076
60.5359 20.3334
60.0504 19.6124
61.742 19.65
61.99 19.9428
61.8893 20.1724
62.0553 19.7944
62.1968 19.2426
62.3999 19.3541
62.6095 19.4689
63.6222 19.2336
61.0597 20.1643
60.5688 20.0286
60.5118 20.17
59.9831 20.1445
62.784 19.7166
62.6494 19.6665
64.7921 19.3284
63.3446 19.3738
63.1205 19.6631
65.0871 19.3804
64.225 19.7744
63.4051 19.1681
60.5045 19.9633
61.5909 20.1639
60.6944 19.8138
58.3052 20.191
59.6588 19.9524
60.5954 20.029
60.6382 19.6375
60.1068 20.0262
60.585 20.1594
60.4306 19.4291
61.1441 19.8832
60.3504 19.8654
60.8214 19.9435
60.0887 19.5205
60.0624 20.1241
60.3106 20.1685
60.4143 19.9263
59.8974 20.3567
59.9665 20.2676
62.1005 19.6477
60.6818 19.7495
62.224 19.9515
62.5473 19.5431
61.3741 19.4701
60.7363 19.8678
61.8531 19.9134
60.1531 20.1575
60.0155 19.6395
61.8967 19.9233
63.0186 19.7253
59.5095 20.6068
59.5253 20.2836
59.2839 20.105
58.9511 20.1571
61.9732 19.902
62.1667 19.2518
62.7402 19.4752
60.2765 19.7463
60.8758 19.9206
61.3033 19.9596
61.5519 19.7616
61.8763 19.4596
62.7858 19.3529
62.1903 19.1889
64.2381 18.9458
62.9036 19.4049
62.8596 19.196
62.9491 18.8751
63.3801 19.3943
62.5622 19.7488
62.6125 19.8366
62.3171 19.9429
61.4476 19.6926
60.8304 19.8722
61.4984 19.9686
62.3043 19.528
61.8804 19.4968
61.7123 19.7271
62.7925 20.1081
60.3954 19.8672
58.942 20.0748
62.7302 19.4183
63.7052 19.5292
60.993 19.6573
62.4359 19.2161
60.3656 19.8308
61.895 19.9956
60.1156 20.0463
62.6094 19.4673
61.5007 19.707
62.2688 20.0903
63.1303 19.641
63.805 19.3604
63.7654 19.7785
63.0591 19.1494
58.5837 19.51
60.3393 19.539
60.5095 19.6153
63.0075 19.7313
59.9536 20.0807
60.5185 19.4746
60.6639 19.5055
63.4323 19.4972
58.9176 19.8784
57.0855 20.1098
59.8699 19.9799
61.9956 19.7443
61.5961 20.6728
62.8163 19.5659
63.8242 19.3074
63.0514 19.7246
60.3022 19.9977
60.5423 19.5843
63.4971 19.4437
62.5912 19.6418
62.8529 19.7524
61.5072 19.8365
62.757 19.8382
63.43 19.7239
62.7193 19.7241
61.5524 19.6943
60.6631 20.1427
60.6528 19.6347
63.5563 19.6095
60.5516 19.7944
59.4776 19.837
58.8377 19.6955
59.0909 19.9087
61.028 20.1497
61.8591 19.8061
61.6056 19.4281
64.0714 19.1483
62.4237 19.3365
62.5388 19.3461
61.6244 19.4875
62.078 19.4753
61.4342 19.7884
60.1421 20.1278
62.3484 19.6767
61.7004 19.6576
61.3425 19.8065
61.709 19.8848
61.349 19.8605
61.5581 19.5511
63.3833 19.5225
61.1993 19.8461
60.9115 20.0537
61.0185 20.2601
62.356 20.1487
58.4092 19.8188
58.6471 20.0927
60.1788 20.4978
59.2195 19.5069
61.5869 19.4033
59.0173 20.0805
60.3243 19.6213
61.1565 19.5522
63.4567 19.4093
63.4035 19.3708
64.534 19.0809
64.2242 19.6214
63.5615 19.4847
62.8347 20.0984
62.224 19.8799
62.4188 19.4685
59.37 19.9497
59.0982 19.7472
58.5785 19.9516
57.3342 20.3559
59.211 19.819
59.9082 19.7872
60.3897 20.0081
60.1279 20.3626
58.7421 20.7015
62.5543 19.4464
62.2039 19.482
63.6331 19.392
63.0038 19.1148
64.3367 19.1423
63.6852 19.0366
62.4265 19.1921
61.4595 19.428
61.9471 19.782
60.5129 19.6892
60.6187 19.5483
61.1976 19.9168
60.2399 19.9114
60.2401 19.7625
62.0647 19.8353
59.758 19.8082
59.7781 19.634
63.0928 19.4148
63.8093 19.118
61.9174 19.3429
62.7746 19.539
60.8606 19.6846
62.39 19.7648
61.216 19.7713
60.8338 19.5471
60.3011 20.1332
61.3606 19.4676
61.7089 19.5316
60.7354 19.4516
58.1421 20.2838
58.665 20.6866
61.371 19.4025
63.2385 19.6201
61.7883 19.6255
61.7221 19.4602
62.8115 19.3556
63.3422 19.5005
61.273 19.5305
60.4896 19.5968
61.7146 19.6101
61.3358 19.4488
58.6685 20.1033
60.8231 19.9195
60.641 19.9032
59.7993 19.7574
61.1799 19.8219
61.1733 20.1153
61.6036 19.9989
62.4559 19.2071
60.5717 19.8841
61.3027 19.7784
60.3021 20.257
61.5598 20.2886
60.738 20.1149
61.8087 20.0714
61.2456 20.0207
61.6805 19.7425
61.0391 19.5856
61.3349 20.1408
59.3133 19.7347
60.5167 19.8123
61.0291 19.9661
57.1881 20.5848
58.3983 20.1405
58.9009 20.2333
61.8665 19.9651
62.4888 19.82
62.0727 19.6903
61.2078 19.6859
61.4474 19.9222
61.4404 19.5767
61.3322 19.6611
60.1803 19.739
60.773 19.7301
61.7307 19.6657
61.9624 20.0596
62.0317 19.4138
61.7328 19.5444
59.2494 20.17
60.0732 19.2215
60.746 20.019
59.8893 20.1026
60.7057 19.8959
60.1954 19.0981
61.0294 19.9492
60.9638 19.9905
60.4116 19.7464
61.4351 19.8807
61.7458 19.7991
61.4774 19.5825
61.6361 19.8522
59.2958 19.8778
60.2679 19.6156
59.8796 19.914
60.2136 19.9237
61.3139 19.9426
60.0269 19.9031
60.9547 19.8203
61.3537 19.9056
61.2895 19.5714
61.6651 19.3125
62.052 19.6126
62.2184 19.6878
62.284 19.4467
63.446 19.6861
63.6665 19.4982
63.0826 19.6381
60.7537 19.9597
61.3489 19.6511
61.2009 19.153
61.4381 19.4536
62.6356 18.9846
62.1654 19.3503
63.3678 19.5503
58.1004 20.2586
59.9237 20.2448
59.4764 19.9076
61.8835 19.9519
61.7098 19.5417
63.315 19.8733
61.4805 19.8996
59.7174 19.9274
59.5214 20.2098
61.5953 19.771
61.8978 19.7201
62.2662 19.4871
60.6356 19.3086
59.2991 19.6525
60.023 20.2408
58.7699 20.5188
59.3774 20.3721
60.2569 19.418
61.8512 19.4397
60.7736 19.1964
63.7153 19.208
64.4791 18.3958
65.2816 18.7596
64.3928 19.3844
62.4004 19.3844
61.3148 19.4193
64.8615 19.4964
62.3496 19.6594
62.3964 19.6038
59.648 19.8104
60.755 19.6794
60.6898 19.7647
60.8191 20.1736
60.5099 19.8806
59.4961 20.0121
61.9628 19.4024
61.7339 19.7181
62.17 19.602
61.0216 19.6467
62.1509 19.6074
60.0959 19.8413
59.6095 19.5237
61.4299 19.5536
61.4647 19.1686
62.0207 19.0005
62.0468 19.4643
61.8341 19.3381
61.9963 19.4476
63.8579 19.4047
61.6196 19.8311
58.6544 20.199
60.5263 19.8816
59.532 20.3035
61.0339 20.2998
58.3883 20.3694
62.7973 18.9746
61.9515 19.8565
62.1319 19.9025
61.6002 19.6117
60.575 19.8882
60.6934 20.1074
59.8048 19.7884
62.1943 19.7516
60.333 19.6222
58.7164 19.7889
58.6745 20.4375
58.527 20.153
59.6412 20.552
59.495 19.8674
61.4882 19.6314
61.9842 19.5844
60.9566 19.5949
61.4231 19.5412
61.6228 19.3706
61.0179 19.8543
60.8318 20.115
60.1466 20.3345
61.6124 19.941
61.7408 19.8482
63.285 19.4066
61.276 20.0337
61.4799 20.0263
61.5546 19.6698
61.0537 19.9662
61.35 19.975
62.9091 19.5044
62.8303 19.1823
62.8411 19.0684
61.209 19.7217
59.6748 19.6799
59.339 19.8031
61.7967 19.8574
60.0871 19.6611
62.0144 19.5735
61.2775 20.2748
60.9389 20.1399
59.6655 20.2061
59.0548 19.9663
59.8337 20.0276
60.1523 19.9589
62.9372 18.9984
61.1351 19.7924
61.3925 19.9233
61.6264 19.5552
60.2689 19.9092
59.3013 19.8219
61.148 20.357
60.3383 19.6943
61.0137 19.6093
62.4 19.5324
61.0396 19.6673
60.2135 20.0456
61.0295 20.2201
61.24 20.1012
60.174 19.9194
60.611 19.5685
60.6411 20.1425
60.1141 19.9812
61.6842 19.7241
63.308 19.422
60.2064 19.9006
60.0852 20.1724
61.1813 19.8585
60.6325 19.8163
62.231 19.9389
61.8937 20.1765
61.5061 20.0745
59.2609 20.2325
63.4957 19.3266
61.7671 20.0668
61.2641 20.0781
60.5969 20.1238
61.0951 20.0782
61.2247 19.6098
60.5829 20.3397
59.3075 19.907
60.3931 19.7889
60.2645 19.9394
61.3761 20.0469
61.6136 19.3146
60.9335 19.8075
61.1992 20.1288
61.0719 19.6616
61.65 19.4668
62.7061 19.9577
62.4866 19.5454
59.4635 20.2359
60.8649 20.0584
62.8157 19.9537
60.3478 20.1166
60.2492 19.6876
59.8427 19.8002
60.0437 20.2067
60.5182 19.8726
61.1319 19.4797
63.3396 19.2248
60.6341 19.7591
60.4387 20.1441
61.6976 20.3709
61.5884 19.3072
61.2657 19.5629
61.2496 19.7718
60.7529 20.2647
60.0353 19.8337
61.7125 19.8798
61.7804 19.4604
61.8646 19.1793
62.4451 19.5014
59.8725 20.521
61.8579 19.9994
62.416 19.5512
62.9286 19.7737
62.3734 19.9908
60.4885 20.1704
59.5164 20.1704
60.2088 20.5158
60.3165 20.2821
60.0171 19.9885
60.2335 19.9988
62.8213 19.5125
62.488 19.5122
60.6433 19.5126
62.2921 19.5574
61.5793 19.5588
61.643 19.5427
60.0267 20.1511
61.9138 19.9261
62.816 19.5624
62.5092 19.2229
63.3408 19.3301
66.1843 18.8125
65.4184 19.1596
61.3155 19.5932
61.7703 19.53
60.8318 19.6825
60.3675 19.6432
64.4708 19.2914
65.2042 19.2385
63.5011 19.2183
64.2947 19.4322
62.6675 19.2728
62.0872 19.2681
60.7731 19.4183
61.3462 19.7192
59.7961 19.9202
60.2494 19.7827
60.2036 20.1922
61.3334 20.1249
61.9552 19.8576
61.6928 19.8635
61.624 19.7493
62.1943 19.5402
61.4614 20.03
62.6914 19.6611
63.8775 19.4763
62.3545 19.6631
62.668 19.2339
61.6405 19.866
61.7267 19.9614
59.961 19.8338
60.3634 20.1667
60.2313 20.1
61.7949 19.8047
61.0767 19.69
62.5175 20.0592
61.2405 20.1298
61.3161 20.0804
60.5393 19.8055
61.0339 19.4292
61.0134 19.899
61.3903 19.568
61.3907 19.4355
61.663 19.6758
62.1951 20.0076
61.1719 19.5772
64.9603 18.8604
64.9703 19.139
62.7156 19.4178
61.1204 19.8312
61.6635 19.5331
62.2934 19.7629
60.9872 19.6704
59.8344 20.1022
59.2147 19.7519
61.9303 19.4898
61.581 19.6355
59.5695 20.2741
59.1585 19.895
59.0763 19.9257
58.8837 20.1326
60.2379 19.8397
60.6266 19.4486
59.5556 20.15
58.7993 20.1466
59.8653 20.3208
61.6856 19.2063
64.2038 19.173
63.8346 19.5082
62.0689 19.4369
62.5306 19.1892
62.0346 19.7934
61.2021 19.86
59.8714 19.6965
61.1468 20.1022
60.886 20.0569
60.6782 19.472
61.7025 19.4963
60.1033 20.1742
60.3178 20.0957
60.4253 19.9506
61.8561 19.9241
60.3973 20.2608
60.6182 19.9898
60.3207 20.4154
62.1782 19.9315
59.6076 20.0489
60.819 20.0144
60.7376 20.0677
61.451 20.0091
60.8108 20.0712
62.1443 19.5705
62.824 19.1454
62.4634 19.0074
62.7492 19.3042
62.8395 19.4173
63.8133 19.3273
62.113 19.6631
61.4176 19.7011
61.1957 20.0241
61.3006 19.8732
61.9515 19.3559
62.7786 19.9282
62.804 19.7481
62.4583 19.7466
61.6195 19.8034
64.4873 19.5494
62.2609 19.7543
62.5682 19.5949
59.6837 19.8731
60.7444 20.1448
60.3806 19.9492
61.9033 20.0148
61.2716 20.0446
61.5287 20.0282
61.8859 20.1672
60.0237 19.9152
57.7418 19.9376
60.766 19.9135
61.9833 20.1311
60.9352 19.5012
60.9673 19.731
60.7222 19.6796
60.3993 19.4674
62.1879 19.4131
61.1176 19.6565
60.6533 19.8243
60.3728 20.3937
58.0458 20.4177
59.5625 20.073
61.1796 20.0766
61.0696 19.7221
63.4009 19.6223
64.4092 19.3205
61.573 19.8589
60.7487 19.455
60.8221 19.693
60.5224 19.9048
59.7059 19.9586
59.4448 19.9495
60.7913 19.6041
62.97 19.3261
60.9486 19.3021
61.6277 19.4194
59.5427 20.0183
60.7132 19.7236
61.7989 19.8167
60.1546 19.7057
60.5968 19.5861
61.2101 19.4799
60.5476 19.4314
59.2016 19.4773
61.0447 19.3373
62.1851 19.4493
61.8023 19.317
59.8786 19.9382
60.647 19.8999
60.5986 19.6025
59.9808 19.6779
60.1028 20.5621
59.618 20.2571
59.0586 20.1806
59.8817 20.1313
59.2443 19.9359
59.4731 19.8388
61.4955 20.2355
59.6921 20.2659
61.8482 20.1634
61.2504 19.7006
60.4035 19.841
63.2092 19.7625
63.0711 19.7776
61.4355 20.2113
61.198 19.9489
60.7809 19.9011
62.9454 19.4349
63.1302 19.545
62.1612 19.4568
61.9659 19.532
62.4432 19.3908
61.7569 19.6351
60.5696 20.1434
61.6837 19.3446
62.9764 19.5346
60.1083 19.8537
60.3913 19.89
59.4466 20.1165
59.9578 19.8461
60.0852 20.1942
63.0991 19.9208
61.7813 19.7256
60.6256 19.8664
57.9348 20.4212
59.7631 20.015
60.5633 20.0233
60.1193 20.3639
59.9646 20.3639
59.5674 19.9928
60.6454 19.7149
60.9717 20.1914
62.7415 19.4822
60.9152 19.5334
62.4032 19.6298
60.4107 19.6748
62.332 19.8414
60.6121 20.2412
60.8745 20.2406
62.4928 19.9407
61.4853 19.6179
61.6385 19.7423
59.7868 19.7602
60.1854 20.2618
58.2816 20.5252
59.339 20.302
59.8438 20.0604
62.7091 19.4075
60.1729 19.8806
57.2414 19.9939
57.4039 20.3916
59.4611 20.1582
60.6014 20.4232
58.0535 20.2084
59.9999 19.9621
61.2484 19.8532
61.2239 19.4563
61.2555 19.5962
60.3744 19.5943
61.8918 19.5948
60.5696 19.5969
61.3444 19.6265
60.0703 20.0659
62.2545 18.9128
62.3482 19.0431
62.6255 18.9985
62.1395 19.6871
62.608 19.6998
62.1156 19.3521
65.3707 19.0948
62.9474 20.1037
61.603 20.0503
61.6307 19.8385
61.2662 20.0254
59.4197 19.9828
59.7458 19.9997
57.774 19.8997
59.6019 20.3
60.295 19.844
60.7273 20.0066
62.2463 19.2676
61.4284 19.9139
63.9646 19.5157
64.0837 19.0655
63.3367 19.7176
62.5479 19.5626
61.0041 20.128
61.0055 20.234
63.1191 19.923
62.64 19.7683
62.5597 19.3791
62.0963 19.5916
62.2565 18.809
61.8997 19.8494
62.6781 20.0398
61.9757 19.35
62.3393 19.3066
61.9716 19.479
63.5447 19.3202
61.7592 19.337
62.2057 19.4811
62.4296 19.877
62.3415 19.6866
62.6644 19.0389
60.6055 20.1047
59.0926 20.1637
61.9659 19.8676
61.7227 19.9202
61.0424 19.6251
61.3487 19.4873
61.8585 19.4595
61.6294 19.4644
60.7648 19.5244
60.8689 19.6647
60.3148 19.8112
60.7081 19.7235
61.3706 19.9207
62.3206 19.7113
60.3557 20.0042
60.0142 20.4978
62.4762 19.6713
62.2433 19.5045
63.1133 19.7257
62.16 20.5267
62.8107 20.1471
64.6423 19.0726
64.1885 19.2847
64.9621 19.6465
61.4465 19.5972
62.3799 19.6407
62.0413 19.4699
62.1304 20.0714
61.6082 19.851
61.422 19.5634
62.8884 19.5597
63.289 19.5681
63.5721 19.5884
61.8176 19.4219
63.283 19.3584
63.2001 19.3047
61.9367 19.9899
61.2615 19.7711
60.4153 19.7504
60.7517 19.7721
61.9306 19.2957
60.9894 19.8144
59.6631 19.7722
61.8675 19.8437
60.2033 20.1496
59.2608 20.1962
57.1294 20.1991
59.2041 20.5846
63.3934 19.7397
62.2596 19.6671
61.2014 20.0598
61.8372 19.3322
63.4873 19.5636
60.1874 19.5253
58.4292 20.2685
58.8599 20.118
60.1678 20.0193
61.4341 19.5663
62.0155 19.7022
62.5002 19.4876
62.5452 19.5945
62.3387 19.478
62.0889 19.8607
60.617 19.986
61.1426 19.687
61.2065 19.7965
63.1772 19.5179
62.7784 19.2922
62.0459 19.6072
62.9922 19.7224
60.5955 19.7271
60.9724 19.9464
59.4871 19.7156
61.4302 19.6659
61.7831 19.4488
60.2993 20.3241
60.6941 20.4744
59.4121 19.9583
59.8994 19.5723
60.4936 19.4117
59.8102 19.8957
60.4985 19.9662
59.3308 19.9629
58.9657 19.9936
61.6994 20.2611
59.7032 20.4661
58.4927 20.29
60.11 20.1373
64.6312 19.1093
64.7775 19.0338
62.9012 19.4244
61.101 19.7739
61.0349 19.943
62.4378 19.705
61.7343 20.1167
60.8492 20.1558
60.4518 20.0323
61.6678 19.8817
60.6581 19.9121
59.3213 19.8663
60.5452 19.9899
59.4689 20.2143
59.2394 20.8389
60.609 20.3276
61.4095 19.472
62.2656 19.9231
60.7889 19.8087
60.8871 19.8986
60.8663 19.4545
60.8676 20.0309
60.8703 19.9831
60.5756 19.604
61.7153 19.5113
58.2934 20.5542
59.1288 20.0834
61.8284 19.5304
61.4503 19.4116
63.0283 19.7383
62.9609 19.7541
63.8969 19.1451
63.5019 19.4506
63.2787 19.7372
62.8505 19.6308
63.1902 19.645
60.0943 19.9981
60.0442 19.9351
60.5378 19.8733
60.7923 19.4625
61.0546 19.9186
60.7155 20.0951
58.8934 20.1167
59.6129 20.4396
58.9828 19.9488
63.3 19.4768
64.2854 19.6928
62.4621 19.8201
60.5325 19.5738
61.7241 20.0713
62.5555 19.9436
62.0654 19.7944
61.4849 19.6486
60.1761 20.327
58.4683 20.1057
58.3311 20.1453
57.3635 20.1945
58.8748 19.7172
58.0242 20.6754
59.3861 19.4744
59.667 19.6483
62.7451 19.4534
61.7034 19.8939
60.251 19.7581
61.4583 19.8134
62.4076 19.5326
58.5398 20.4413
57.9985 20.6097
57.7327 20.5055
59.1761 19.8107
61.1071 19.5939
61.6269 19.4513
60.8432 19.1911
60.8816 19.752
61.0218 19.6505
62.0946 19.9109
62.247 19.9505
58.477 20.288
59.1614 20.1155
60.8232 19.1492
61.3684 19.8663
59.471 19.8062
59.9254 19.9272
59.5758 19.8592
58.6321 20.7783
59.3944 20.2302
59.7355 20.2323
63.5741 19.0437
61.4341 19.3275
61.1113 19.3495
61.119 19.2262
62.7246 18.8109
61.2814 19.7712
62.8287 19.7171
59.9829 19.7296
60.7785 20.2257
61.0295 19.892
59.3051 20.3182
59.8446 20.3213
59.6751 20.3386
59.4068 20.4971
58.9872 20.3975
61.8586 20.3624
63.1153 19.7832
60.5825 19.8543
62.5269 19.7218
62.645 19.7791
61.5176 19.6147
61.0955 19.9861
61.8312 19.955
62.5661 19.722
61.4926 19.8213
60.2129 20.1854
60.1875 19.9697
59.9271 20.0871
60.6324 19.5398
60.7494 19.8212
60.4894 19.4855
65.7422 19.3075
65.0083 19.0966
62.472 19.7528
64.4817 19.1018
62.489 19.7209
62.2559 19.9892
61.1492 20.3018
60.6265 20.2286
59.773 20.0422
61.3144 20.0574
61.4137 19.546
61.5685 19.45
61.0106 19.8597
61.7308 19.6731
61.0068 20.0287
60.8675 19.8938
61.0358 19.5598
60.8127 19.5316
61.0276 19.2957
58.809 20.2477
59.87 20.0886
61.3877 19.9088
62.6111 19.6711
64.5154 19.6019
64.2047 19.4051
61.3806 19.9365
59.9549 20.3032
59.5959 20.0559
59.6574 20.4298
60.5785 19.8442
61.4705 19.9221
61.8745 19.7672
59.8646 19.9728
59.8008 20.4777
59.8555 20.4072
60.024 20.1174
59.7831 20.2196
58.8365 20.2427
60.4829 20.0577
59.6444 19.8336
61.0402 19.6673
61.057 19.8205
62.7788 19.5377
60.8045 19.8692
60.4031 19.6534
59.1978 20.365
60.1029 20.3383
59.6835 20.1562
60.4762 20.0239
63.9468 19.3646
62.9817 19.2887
60.0355 20.1707
61.7283 20.0991
61.116 19.7038
64.8599 19.5451
64.0815 19.6264
63.0179 18.6754
61.5232 19.4774
59.1399 20.3613
58.8566 20.5927
58.9264 20.5679
58.7406 20.4383
61.2476 19.5128
61.1844 19.6448
60.3933 20.01
59.9205 19.8521
60.5647 19.9758
60.345 20.3215
60.5242 19.8933
62.4672 19.6733
62.9917 19.3658
62.4572 19.3893
62.557 19.2788
62.3364 19.5069
61.4504 19.6656
60.3179 19.8181
61.1873 19.8183
60.05 20.065
59.8152 20.0242
62.2095 19.8333
61.7334 19.6998
62.112 20.0441
60.3847 19.5497
62.9599 19.755
61.6049 19.7267
61.9896 19.6804
61.286 19.5148
60.6332 19.5999
61.8621 19.7947
60.7648 19.72
59.7442 19.7402
59.7439 20.1504
59.8882 20.124
61.3871 20.0722
62.0798 19.8896
61.0016 19.8909
61.3253 19.7236
62.7108 19.7313
61.6649 19.6999
61.8538 19.6609
62.1711 19.853
62.2854 19.8713
61.5813 19.6149
62.0323 19.5793
62.1099 19.8508
61.749 20.1806
61.3374 19.5727
61.4882 19.7035
63.6506 19.809
60.4457 20.2097
59.3112 20.2781
59.7589 19.9328
59.8235 19.757
61.2796 20.0044
61.2796 20.0792
61.119 19.9797
62.4707 19.5883
61.6418 19.3181
61.1064 20.1729
58.8575 20.291
58.815 20.038
57.342 20.596
59.7494 20.064
60.0079 20.3976
60.1468 19.8842
62.1776 19.2181
62.0778 19.7756
62.1199 19.1495
61.5981 19.8381
59.0083 20.3817
60.3594 20.4435
61.723 20.5937
60.4413 19.8959
63.7161 19.1221
61.4036 20.3974
59.5938 19.8362
60.6233 19.8237
60.5927 19.7837
61.6546 19.2706
62.5734 19.4177
62.8682 18.9405
60.1479 19.9392
59.2111 20.0128
59.6441 20.0952
59.5364 20.0752
63.7138 19.1959
62.9507 19.225
63.4385 19.3718
62.5387 19.5677
64.6374 19.1992
62.3627 19.4551
62.3179 19.5947
61.4886 19.6968
61.8437 20.0787
60.4817 20.1446
59.8525 20.2303
58.4471 20.1672
59.1145 20.1352
59.0321 20.344
59.7021 20.3786
61.1457 19.7483
61.7009 19.8514
62.363 19.442
64.0269 19.4807
64.2743 19.0681
62.3925 19.6726
61.4785 19.4709
64.1729 18.7419
63.5724 19.6016
63.6744 19.6742
63.7442 19.2703
63.192 19.3644
60.4527 19.651
62.3621 19.6469
61.3689 19.4304
61.5635 19.1797
61.964 19.4568
58.3069 20.4301
58.3124 20.5879
60.2125 20.0656
60.4051 20.2796
60.9442 19.6465
61.2458 20.1386
59.8022 19.263
60.0623 20.0341
60.7108 20.4722
59.981 20.3148
60.0812 20.2302
60.7206 19.4727
59.3646 20.1759
59.4328 20.2017
57.9632 20.4117
60.9155 19.8146
62.6044 19.8923
60.2924 20.3514
60.2584 19.9627
60.0649 19.7509
58.4527 20.1359
60.8118 19.7539
62.76 20.1276
60.2291 19.5783
57.6117 20.6531
60.5274 20.0527
60.9775 20.0665
59.7949 20.0167
59.1792 20.3293
60.826 19.8719
60.4667 19.8486
61.678 19.322
60.1772 19.9664
61.5641 19.5239
62.5431 19.1359
60.7096 20.2089
62.4931 19.8414
61.438 19.689
61.9858 20.1487
58.909 20.4994
59.6265 20.3402
58.9228 20.4197
58.5348 20.0868
61.6045 19.9948
61.0289 19.3993
61.922 19.5722
61.4908 19.6968
61.2978 19.4964
62.0749 19.4722
61.2654 19.6104
61.2094 19.6143
61.2457 19.2562
62.1152 19.5718
61.1352 19.6351
61.3512 19.8304
61.0505 20.1266
61.1669 19.8119
60.8818 20.1895
57.6099 20.4832
59.5559 20.0333
60.1898 19.6915
60.0807 20.5396
63.8989 19.5573
60.7191 19.7121
61.0005 19.7993
62.1469 19.8442
61.7162 19.3308
62.0093 19.3086
62.6823 19.1197
63.011 19.1299
60.5242 19.6982
60.5175 19.8341
61.6014 19.8476
61.1107 19.5244
62.7476 19.9783
62.7531 20.1362
60.1686 20.0673
60.01 20.1755
60.6073 20.2049
60.8842 20.1388
60.6997 19.7974
61.5305 19.757
62.9839 19.1392
62.1829 19.4567
62.4891 19.5526
59.2759 20.1662
60.2118 19.9169
61.0856 20.3625
61.2371 19.5091
59.4311 20.2726
60.3316 19.978
60.3318 20.4375
60.6951 20.0147
61.3547 19.8159
61.8344 19.6618
62.3675 19.0493
62.4202 19.7414
62.6986 19.5458
62.6884 19.6676
61.0523 19.8169
61.3733 19.3911
61.1981 19.785
61.1596 19.6417
61.1064 19.4213
61.3544 20.1662
61.3412 19.8854
60.1382 19.9478
62.168 19.7901
60.9635 19.7042
61.1087 19.7012
60.1991 19.9731
60.0743 19.7163
60.6233 20.3412
60.5595 20.1597
57.5163 19.7428
58.783 19.9307
61.2779 19.8605
63.0245 19.6306
61.532 19.4866
61.7006 19.8226
59.508 19.771
60.9775 19.8174
62.3871 19.2082
61.477 19.4902
62.8525 19.6786
62.0295 19.3394
63.2851 19.2955
61.6644 19.5334
63.2535 18.8075
62.496 19.2571
59.3452 20.5711
61.1647 19.807
59.6267 19.7316
59.5497 20.1148
59.5022 19.998
59.4827 20.2688
61.255 19.5756
61.5115 19.8253
60.2191 19.9608
61.039 19.5442
62.2824 19.3918
60.561 20.399
58.5926 20.8961
60.8573 20.601
59.4336 20.0331
60.1661 20.6753
58.6055 20.2374
58.4129 20.5261
58.6094 20.622
59.9319 20.0585
60.2551 19.8114
60.0433 20.2186
60.1402 20.2546
61.3401 20.0213
60.7272 19.8876
60.1894 19.9912
60.5245 20.202
61.7445 19.8964
60.9417 19.2868
59.5626 19.7648
60.891 19.9442
61.8899 19.8065
62.4372 19.9887
62.201 19.0717
62.8218 19.5179
62.1508 19.7166
62.71 19.3879
63.0714 19.5465
61.8666 19.4747
62.0679 19.7019
61.1104 19.7075
60.8195 19.6531
61.0371 19.6132
61.0326 19.6669
61.0378 19.4812
60.957 20.3783
59.7379 19.9664
58.313 20.8709
58.6845 20.6462
57.8257 20.1618
60.3056 19.71
60.9361 19.669
60.1333 20.2868
59.8199 19.9707
59.7751 19.6037
61.0441 19.6202
61.6587 19.5311
60.6345 19.8455
61.5751 19.7111
62.8857 19.356
62.8794 19.1183
61.3119 19.6835
61.2636 19.3829
61.8294 19.3319
61.9659 19.7753
61.7593 19.3368
61.9011 19.3064
63.6159 20.0617
61.883 19.4889
61.2521 19.5857
62.3946 19.5782
62.6948 19.8421
63.3268 19.7214
62.3677 19.4532
62.8018 19.0974
64.8319 18.8751
63.5714 18.9384
63.4958 19.6416
63.5203 19.4937
62.7464 19.4824
63.3072 19.6267
60.763 19.6898
60.4311 19.7787
60.8048 19.7554
61.5537 19.469
62.3765 19.5295
59.3851 20.1918
58.6371 20.5194
58.1991 20.0967
59.2375 19.7477
60.5254 20.328
58.6246 20.5351
59.6137 20.4394
60.8868 20.2064
61.9252 19.7397
58.8826 19.6203
61.4678 19.6624
59.8096 20.2655
61.5917 20.0425
61.8706 20.343
61.9242 19.8137
61.9186 19.7038
61.9269 19.8703
61.6465 20.2657
61.0617 19.8267
59.485 19.8917
58.2245 20.3625
60.5007 20.1282
58.3863 20.5697
60.7907 19.9513
60.4519 20.1861
60.6191 19.6573
58.3246 20.7429
60.5517 20.2024
60.214 19.8326
59.2278 20.1458
63.6633 19.1234
61.5572 19.1038
64.3516 19.044
61.8112 19.4319
62.5709 19.5974
62.4356 19.8009
61.4877 19.6094
59.7429 19.9062
61.1679 19.9589
61.2827 20.0159
61.2849 20.407
60.9502 20.1063
61.9635 19.7855
59.7671 20.1105
60.4415 19.9039
59.3478 20.6425
58.1737 20.2047
58.8144 20.1754
58.478 20.1682
58.9813 20.1136
58.4968 20.2075
57.6812 20.0803
60.1768 19.6525
60.9352 19.3682
58.9323 19.8768
60.4352 19.5549
62.0683 19.7488
60.8617 19.9493
60.4845 19.9957
62.9629 20.0369
62.0719 19.6709
61.0477 19.746
59.6898 19.8484
61.9053 19.8206
60.6788 19.5488
62.018 19.6873
61.5511 19.8018
59.5761 19.8918
59.8514 20.0131
60.2297 19.1232
62.6192 20.0369
60.405 19.6955
61.0206 19.7073
62.6734 19.72
62.8882 19.7044
61.2836 19.623
63.5739 19.5993
60.5627 19.9527
61.9722 19.6871
61.221 19.3373
62.826 19.6208
62.7158 19.5811
61.2246 19.686
60.7777 19.7671
60.7231 19.5625
62.9898 19.8859
61.7643 20.0075
61.6218 19.978
58.9793 20.2487
61.8233 19.2561
62.9843 19.2055
61.7597 19.7753
62.3722 19.0686
62.0309 19.2978
62.5225 19.1439
63.2027 19.4444
61.8623 19.5259
62.3281 19.7102
62.3389 19.6456
61.5704 20.3737
62.5383 19.7189
62.7314 19.5817
63.4419 19.3588
60.1995 20.1377
62.914 19.8813
61.2849 20.0873
60.7069 20.1274
60.815 19.9968
61.1912 19.479
62.1929 19.1751
62.0296 19.5642
61.8771 19.6475
61.2982 19.7551
60.5848 20.0599
62.1131 19.6399
61.0356 19.7968
60.6947 19.5055
62.033 19.6865
62.3942 19.4563
61.2389 19.2955
61.3476 19.6431
59.8527 20.0816
58.543 20.1343
57.3887 19.9873
58.3264 19.7385
60.8781 19.5715
60.713 19.6957
62.159 19.5428
60.1412 20.0513
58.159 19.9115
60.6435 19.5927
60.4067 19.8208
61.5096 19.5757
61.9277 19.6195
60.4536 19.6498
60.7388 19.9575
58.0844 20.1075
58.9764 20.1639
58.9699 19.9643
59.6621 20.1968
60.3929 19.8669
59.4056 20.1612
58.6512 20.045
60.8124 19.7685
61.1353 19.4272
60.273 19.9444
60.4538 19.7524
63.0865 19.371
61.2445 19.6222
61.0843 20.3526
60.6529 20.1482
62.1774 19.3466
62.5247 19.5719
61.1975 19.8045
61.7507 19.5712
62.2729 19.2306
62.0291 19.7401
61.1687 19.4838
62.5685 19.84
61.6912 20.1437
62.0166 19.5386
61.7888 19.5767
63.3442 19.835
60.5539 20.0272
60.7592 19.507
61.2629 19.7431
61.9514 19.2197
59.0776 20.2179
58.9673 20.3943
60.7792 19.7198
60.7573 19.6599
59.0822 20.2029
59.4503 20.3314
60.4755 20.1677
58.666 19.9606
59.1451 19.8892
60.6692 19.6801
60.3706 20.3671
60.3706 20.2538
60.3497 20.2201
59.4707 19.9249
59.8848 20.1192
60.6838 20.142
60.114 20.0899
60.3111 20.1953
59.2055 20.5722
60.0052 20.2518
58.7161 20.5222
60.6731 20.2179
59.2039 20.1131
60.852 19.9951
62.1074 20.0553
61.7865 20.0654
61.0208 19.8451
61.493 19.8223
61.954 19.826
61.8621 19.775
61.2806 20.071
61.2214 19.0907
61.2129 19.5217
61.6944 19.7312
60.2102 19.8278
60.9994 20.0494
61.6345 19.9342
60.0494 19.9357
60.1175 19.8763
61.349 19.8246
61.0432 20.0202
59.6098 19.8722
61.1575 19.8815
61.3594 19.7254
60.7888 19.9834
62.4716 19.2502
60.6664 19.681
60.25 19.2538
60.2936 19.7937
60.9634 19.7843
60.0156 20.7295
62.1777 20.1197
61.5542 19.9393
60.7346 19.8448
62.4378 19.8841
59.4858 20.1942
60.3007 20.0306
60.5735 19.9736
60.1946 20.0492
60.5707 19.8004
60.5152 19.7594
63.7477 19.3173
63.3899 19.1225
62.4918 19.2415
59.9429 20.3639
61.1244 20.245
61.752 19.7705
59.0594 20.1418
59.4883 20.3832
59.4369 20.1437
61.0967 19.6563
60.7616 19.4868
61.9233 20.0443
60.0681 20.0042
60.9417 20.1597
60.3567 20.1858
60.7352 19.6077
59.2935 19.6031
59.4407 19.6309
60.1886 19.7448
59.9515 19.6376
59.915 19.4812
60.4623 19.3807
59.2622 20.1362
60.8377 19.7184
62.2025 19.3599
62.2025 19.8121
61.0693 19.8728
60.8067 20.2757
60.8067 20.303
59.9418 19.5044
61.8536 19.4258
61.774 19.4688
62.7743 19.7561
62.4207 19.3155
61.1921 19.3962
62.3377 19.4421
62.9476 19.5003
62.1064 19.4975
61.8283 19.3302
60.3438 19.6998
60.9577 19.7324
62.4345 19.5416
61.7772 19.7484
61.1021 19.5796
61.7455 19.5911
61.6028 19.8321
61.5427 19.4413
61.0973 19.0134
62.7543 19.1637
60.1583 19.7711
60.275 20.0311
60.409 19.4054
61.7618 19.5004
62.9029 19.5062
65.1476 19.2496
62.9337 19.4016
62.9377 19.3237
62.3217 18.7321
63.0976 19.5956
62.3651 19.8152
61.6029 19.582
60.7046 19.5612
60.3433 20.0006
59.4226 20.108
61.5039 19.8901
62.1436 19.9265
61.7743 19.9075
60.1664 19.785
61.7102 19.6327
61.9633 19.8023
59.2895 19.86
59.2325 20.3102
59.8403 20.5739
61.3538 19.9674
59.8973 20.1214
60.8579 19.5385
61.4371 19.6516
60.0086 19.9493
62.0259 19.24
60.7244 19.0224
63.1904 19.4693
63.0786 18.9487
62.4228 19.1104
61.908 19.2615
63.2571 19.3773
62.6251 19.0374
62.5083 19.6522
61.6495 19.4008
61.3743 20.04
62.8363 19.8607
59.3631 19.9717
61.1617 20.131
59.9913 20.1285
60.904 19.8423
61.2954 19.6149
60.6253 19.9001
60.4917 19.8717
61.5521 19.9946
62.8078 19.4369
62.1126 19.6417
63.6327 19.4324
59.0742 20.3991
59.381 20.3851
60.0865 20.2288
60.1804 20.4358
60.4198 20.1004
60.2575 19.8964
59.8749 19.9617
59.7631 19.9366
60.2387 20.035
60.1953 20.0855
58.575 20.3775
60.2521 19.9072
60.5357 20.3781
60.8686 20.3781
59.751 20.5668
63.0452 19.3869
61.2881 19.3323
62.0552 19.3282
62.8483 19.1772
63.0978 19.8285
61.7866 19.4751
62.0207 19.8219
62.5788 19.3977
60.3327 20.178
58.3959 20.1429
62.0128 19.9854
61.3739 19.7541
60.8094 19.9774
58.9433 20.0072
59.9335 19.7481
58.9544 20.5483
57.9269 20.4588
59.6014 19.9623
60.5099 19.7912
60.536 20.0042
60.8856 19.9386
59.594 19.9627
59.0305 20.3667
59.7652 20.1712
60.377 19.8788
60.5098 19.9874
62.5466 19.5224
62.0625 18.9837
62.5301 19.0322
63.4774 18.956
60.5031 20.042
59.2477 20.1546
59.9307 20.1713
60.4078 20.3081
60.3617 19.9749
59.3775 19.8891
59.5156 19.5962
59.519 20.7842
59.5447 20.0167
60.6775 19.5194
62.0781 19.6218
61.6459 19.0346
64.4981 18.8028
63.5899 19.4902
61.1283 19.6592
59.8151 19.9304
60.1722 20.5429
58.4321 20.2162
61.5242 19.8787
61.837 18.8835
61.7917 19.5496
62.0955 19.4804
61.9622 19.1684
63.8646 19.5539
62.3313 19.6288
62.1046 19.5195
61.4805 20.1298
62.2671 19.2067
60.4503 19.386
61.9123 19.5608
61.0226 19.4914
61.4552 19.7816
62.4302 19.8269
59.3122 20.2402
60.6403 20.6503
59.0344 20.6155
57.2873 20.6465
59.9843 20.1983
59.4643 20.1141
58.0721 20.2304
60.6736 19.9664
63.1169 19.6427
63.0448 19.7604
61.1853 19.9655
62.9958 19.3095
61.9882 19.493
60.8331 19.8033
61.5197 19.4482
60.7164 19.5765
61.5842 19.6762
62.0378 19.7767
62.9226 19.2062
63.4177 19.4041
63.7058 19.698
64.1162 19.5998
61.6399 19.7954
66.3962 19.3907
64.1173 19.3551
65.6893 19.1757
62.1849 19.3925
62.2771 19.2979
61.55 19.6074
61.2763 19.5155
59.8018 20.1815
60.436 20.0197
60.2165 19.8509
61.5846 19.7071
63.1512 19.3008
62.6867 19.5492
62.2171 19.8158
62.3719 19.2411
63.1769 19.0993
63.0431 19.6872
64.1042 19.1778
62.1033 19.425
61.4686 19.4745
62.1233 19.3379
62.9637 19.1436
62.2531 19.8457
62.7121 19.4372
62.8379 19.7827
60.0087 19.9496
59.268 20.3776
59.1593 20.2267
59.3496 20.5858
59.4256 20.275
59.5343 20.4387
58.7037 20.4244
59.5766 20.5572
57.7414 20.2038
59.9906 20.5031
61.6756 19.7658
60.9787 20.135
62.1246 19.684
60.901 20.1037
61.0761 19.8621
61.0457 20.4568
59.0745 20.1445
60.3336 19.6326
61.4273 19.7122
62.006 19.8788
61.5077 19.8655
62.6191 19.8593
61.927 19.7974
61.3043 19.735
62.06 19.4919
60.7028 20.1193
61.3834 20.0249
61.4268 20.031
61.1866 19.6498
61.4596 19.7461
61.6421 19.4509
60.9844 19.3874
61.7704 19.8218
60.7892 19.5855
61.3256 20.0061
62.0273 19.9597
61.3213 19.7473
60.963 20.3236
59.3271 20.1224
59.8908 19.8392
62.5682 19.6169
60.2661 19.9521
59.3278 20.2571
59.5818 19.7236
59.374 19.7257
59.0179 20.0273
60.5822 19.9626
59.7247 19.9389
58.4053 20.3036
58.3748 20.4731
60.0573 19.7409
58.1116 20.4715
59.6872 19.7536
62.1988 19.8425
61.4115 19.5875
61.6149 19.7054
60.5896 19.9877
61.4165 19.9573
60.4825 19.8413
61.7507 19.3479
60.6466 19.637
62.9664 19.7808
61.5447 19.7592
60.793 19.809
61.9438 19.7004
62.0629 19.1897
60.6586 19.5354
60.9571 19.5341
58.6425 19.9531
59.9446 19.9202
59.8097 19.9948
60.9665 20.027
62.7524 19.205
63.5766 19.0967
63.5599 19.2612
64.0198 19.5871
63.4949 19.3451
62.4972 19.5857
61.5575 19.6944
62.7294 19.5754
64.1335 19.071
61.4232 19.2842
62.9605 18.9063
61.5421 19.4058
60.6938 19.5754
61.3744 19.7855
61.7916 19.3721
62.5771 19.6756
61.0157 19.1558
62.4185 19.1242
61.8097 19.8372
62.1706 19.5681
61.3192 19.5894
60.4877 19.5911
61.9904 19.8336
60.9564 19.763
61.4072 19.3912
60.3192 19.939
59.823 20.8988
60.6531 20.5155
61.0853 19.6834
61.6654 19.7265
59.8975 20.089
58.9457 19.9168
60.0787 20.1407
61.8431 19.6018
59.9904 19.9027
60.749 20.0814
62.8331 19.5026
61.8511 19.4943
61.984 19.7794
60.4899 19.9635
60.8161 19.6235
60.6827 20.2531
62.3791 19.7041
63.4867 19.664
62.3329 19.9626
59.9504 20.0059
58.6049 20.7485
60.0154 19.9464
60.4593 19.9837
60.3552 19.7811
59.926 19.6753
61.6676 20.162
60.4037 19.8407
61.4521 19.9658
60.2458 20.0541
61.709 19.4804
62.3616 19.5574
63.7445 19.5403
62.8937 19.3578
63.4435 19.3344
62.1945 19.0407
61.8132 19.8592
61.8566 19.8131
60.54 19.894
59.2861 19.7495
61.0263 19.4153
60.9366 19.3951
63.7061 19.6554
62.2419 20.0393
59.7161 20.0613
60.2823 20.2948
59.7442 20.164
58.9842 20.396
59.6546 20.32
60.8017 19.7617
61.3399 19.9201
61.4475 19.7706
60.5665 19.6916
59.6291 20.0801
59.1443 19.9871
59.1363 19.9621
56.154 20.7329
61.2915 19.5718
61.9505 19.5999
63.2601 19.1206
62.6997 19.2152
60.5831 19.8457
61.5442 19.8148
61.4687 19.6997
60.858 20.4575
60.5043 19.8137
61.084 19.8777
60.6481 20.214
61.6272 19.5888
62.9502 19.8948
62.656 19.6292
62.7066 19.5634
62.8051 19.4638
62.7908 19.6541
62.6987 19.6252
62.0644 19.6025
63.5109 19.5276
62.6229 19.4699
60.8416 19.7648
61.5616 19.9576
61.9309 19.676
61.9417 19.7992
61.4838 19.6957
60.2423 19.6509
60.0971 19.9971
59.6253 20.1479
61.7203 19.6378
60.8179 19.4875
61.5836 19.5634
62.3626 19.8606
60.3669 20.0907
61.3022 19.5035
60.8826 20.1177
63.4325 19.8221
63.0321 19.1791
61.4375 19.9489
63.2114 20.0405
63.8966 19.9959
62.4406 20.1231
59.9459 19.7974
60.6631 20.0888
60.8719 20.0286
60.4205 19.9115
60.5301 20.1977
59.3854 19.9725
58.2194 20.3002
58.2114 20.5617
59.812 20.3365
59.1332 20.2061
58.963 20.6009
61.0625 19.9063
61.0758 20.009
60.2954 19.6325
62.156 19.5134
60.7932 19.6728
58.7634 20.0246
60.8859 20.2313
61.4033 20.0424
64.5681 19.2982
62.3309 19.5634
63.355 19.3427
62.3893 19.3743
62.6559 19.6043
61.1345 19.6541
61.8033 20.0179
64.7256 19.309
62.5259 19.2891
62.0799 19.4013
60.5412 19.6923
60.5412 19.9882
60.9217 20.0998
60.3661 20.1179
62.8882 19.8272
62.6337 19.6772
61.654 19.7154
60.8843 19.7245
60.214 20.2034
59.3067 20.3207
60.334 19.6739
63.1802 19.7034
59.5383 19.5815
60.3807 20.1801
59.4314 20.264
60.233 20.3358
61.3878 19.8165
60.0254 20.0852
62.5544 19.7386
62.2114 19.5709
61.5227 19.5025
59.8273 19.7283
61.3353 19.6122
61.6748 19.4677
63.0092 19.6724
63.4382 19.7965
63.6369 19.4206
61.4479 19.7913
62.43 19.3428
62.7793 19.6908
64.2166 18.7791
60.8354 19.4016
61.9842 20.0471
60.4885 19.931
62.6773 19.5685
61.7578 19.4049
60.943 19.3523
61.288 19.5408
63.2237 19.3507
62.2801 19.6867
61.6058 19.3104
63.2562 19.3847
63.6913 19.4847
63.6542 19.1636
64.2655 18.8982
62.1284 19.6885
62.0145 19.4798
63.3295 19.2856
62.4647 19.8923
62.8425 19.405
61.6937 19.5853
61.388 19.9176
61.7715 19.916
60.7578 19.4145
58.8324 19.9811
60.0809 20.3015
59.5236 20.2466
59.1974 20.0524
59.5796 20.4197
59.3961 19.5034
58.8349 20.2439
57.2328 20.2067
59.5721 20.3591
59.8304 19.7039
61.3798 20.0191
59.4357 20.2214
60.2708 19.9107
60.8658 19.7739
61.1968 19.742
61.0753 19.8761
60.6236 19.6577
60.4225 19.8381
59.6737 19.9589
59.6748 19.6439
59.8953 19.6632
58.8929 19.8662
60.2577 19.8402
61.0125 19.5493
60.5289 19.4647
60.6801 19.4292
60.9415 19.9218
60.6947 19.1796
59.3144 20.1121
61.0915 20.3278
60.7282 19.9425
62.2206 19.3711
62.1487 19.2635
61.3551 19.2795
62.4515 19.5235
62.6087 19.1766
61.8552 19.4673
61.5042 19.6155
61.7883 19.7014
61.8777 19.5443
61.308 19.8492
60.3295 19.3782
62.4831 19.3977
63.1384 19.0049
62.2818 19.5551
61.1399 19.7022
60.9021 19.9996
62.5788 19.5201
60.9619 19.5366
61.808 20.037
61.8814 20.0189
60.1343 19.8316
63.1701 19.9182
61.1861 19.8854
62.6475 19.5774
62.0424 19.4735
62.0413 19.5651
60.0434 19.6486
58.2233 20.4455
60.5451 19.5967
62.1947 19.98
60.4737 19.8498
62.1421 19.7414
61.4866 19.8164
61.222 19.6496
59.0665 19.7108
59.7016 19.6035
60.3567 19.9267
59.2641 20.0508
59.2589 19.5434
59.7257 19.9994
60.846 19.6024
62.1331 19.2496
61.5887 19.6089
60.7572 19.7713
62.0516 19.6674
62.1115 19.2758
63.1132 19.4682
63.9037 19.4842
65.4672 19.074
63.121 19.5806
63.7057 19.571
62.5389 19.4624
62.3305 20.0796
62.2703 19.6044
63.1454 19.4556
63.9289 19.1841
62.836 19.1999
61.1232 19.8675
61.1107 20.0406
61.0334 19.6764
61.0615 19.9587
62.3766 19.1587
63.1084 19.4485
62.0147 19.6137
62.3469 19.0482
62.7711 19.3139
63.8597 19.1235
63.8518 19.1945
62.171 19.5332
62.8913 19.3869
60.9438 19.6335
61.3441 19.3967
59.9669 19.621
61.8598 19.6597
60.6217 19.8828
61.383 19.6678
63.28 19.1562
63.7095 19.2433
59.6198 19.7551
58.037 20.155
60.6511 19.9942
61.9217 19.5412
60.965 19.8045
61.7146 20.2836
61.5686 20.3384
62.6927 19.6708
63.9399 18.9904
62.9608 19.4484
61.3455 20.1017
61.8069 20.0127
61.8642 20.0668
61.8569 20.0596
61.8704 19.7593
61.6518 19.7426
60.3405 19.7566
61.0193 19.7395
61.2087 19.6883
60.6973 19.8305
58.1715 19.9684
59.7332 20.404
60.4697 19.83
59.9506 19.9871
59.5599 20.2113
58.8719 20.2734
59.0536 20.1591
61.1915 20.0967
61.9756 19.4194
63.0006 19.3867
60.9843 19.6365
61.4513 19.9459
59.8858 19.4883
61.4349 19.2735
60.6747 18.9064
61.7224 20.4758
61.5078 20.0745
58.8159 20.1458
58.973 20.1337
61.9509 20.0193
59.9442 19.9432
60.753 19.9034
62.3402 19.8111
58.7194 20.1621
56.9197 20.3119
59.6145 20.1701
61.015 19.9566
60.2979 20.065
61.2588 19.606
61.5177 20.0345
62.0454 19.6188
61.6722 19.4554
61.4432 20.0427
61.1542 19.9857
58.77 20.1189
60.7694 19.9856
62.0384 19.5687
60.5967 19.806
63.965 19.4949
62.9473 19.0854
63.0033 19.1897
63.2022 19.4119
63.4413 19.4506
60.6922 19.5601
60.6163 20.145
60.8479 20.0676
59.2566 20.1916
60.759 20.6253
60.4791 20.0185
60.0326 19.9707
61.4987 19.4772
62.1567 19.437
63.0805 19.5458
62.2875 19.5847
63.0709 19.6011
62.3437 19.7692
63.1356 19.4405
61.6457 19.372
60.8893 19.5794
59.8796 19.8004
61.4166 19.7352
60.6422 19.6517
61.4562 19.5469
59.6376 20.278
60.0436 20.2067
60.2597 20.2195
61.2605 19.4273
62.1151 19.3932
62.379 19.1
61.8228 19.3608
63.2447 19.0494
64.6306 19.1564
63.962 19.1784
63.0197 19.8326
62.4882 19.587
60.8855 19.823
62.2256 19.1144
61.7416 19.9026
61.6494 19.2938
62.6891 19.3542
61.2955 19.6825
60.3562 19.8124
60.907 19.8887
60.7087 19.6739
60.7304 19.6705
60.2868 20.1348
61.0219 19.9253
59.7416 19.3198
59.8605 20.0054
59.4615 20.05
59.9027 20.0145
57.2648 20.3847
59.6178 20.3595
54.872 20.9845
58.9406 20.4688
59.2068 20.3315
60.9046 19.8507
62.2292 19.7893
61.354 19.7683
62.5335 18.9125
60.4724 20.4054
59.3601 20.5356
60.0459 20.3026
58.0668 20.0054
58.8626 20.1554
59.5672 19.6544
60.301 19.4872
62.2468 19.242
61.3123 19.8066
59.2761 20.1391
59.2285 20.3472
60.5028 20.5077
59.9226 20.0272
60.1929 19.9753
61.3375 19.8701
61.4355 20.0346
62.5219 19.657
64.7371 18.8222
63.4192 19.3417
61.6724 19.5753
59.2602 19.9741
60.5482 19.9618
61.9973 19.7211
59.6419 20.3247
60.6582 19.8748
59.9925 20.1402
59.1224 20.4422
59.1117 19.8728
59.6906 19.7779
61.4303 20.47
58.382 20.6192
56.8234 20.4887
58.9893 20.3297
60.848 19.6614
62.387 19.7063
64.3842 19.6421
64.7396 18.7893
61.3916 19.0841
61.2891 19.8749
60.1018 20.0507
61.2897 19.8253
61.8113 19.5477
60.8603 19.818
59.6313 19.8162
61.2249 19.8351
61.4872 19.5328
59.3795 20.2463
59.8698 19.9492
60.8729 20.1206
60.946 19.9593
60.3249 19.854
60.771 19.9666
59.7511 20.2547
60.165 20.1571
60.1421 19.9645
60.9568 19.7178
61.0032 19.7999
60.038 19.8234
60.3117 20.1895
60.1351 20.2722
60.2095 20.0473
59.6164 20.1076
61.1101 19.879
60.53 19.799
58.9015 19.7722
61.282 19.8218
59.852 20.0393
60.6742 19.6894
60.7662 19.8096
60.6017 19.5645
59.0614 19.9781
60.3924 19.5969
59.6417 19.5071
60.6036 19.6272
60.4061 19.5107
60.6021 19.9697
60 19.9286
61.2866 20.2385
60.7471 19.6236
60.9236 20.0881
58.8513 20.5196
58.7022 20.2456
58.8608 20.0984
58.9068 19.5263
62.1702 19.5527
62.8771 19.6118
61.789 20.1665
59.9786 20.1414
61.1421 20.2107
58.786 20.3702
62.0097 19.7919
61.424 19.6421
60.3255 19.7323
60.1948 20.2874
61.4579 19.8092
62.3051 19.8446
60.3343 20.0691
61.854 19.6615
61.0048 19.8613
60.8998 19.744
61.4526 19.721
63.5119 19.6433
62.2686 19.7859
62.1371 19.8049
63.0356 19.7498
60.8908 19.7373
60.9711 19.7837
60.885 19.9434
60.9106 19.7751
61.0254 19.4948
63.0047 19.4118
62.7598 19.5059
61.902 19.7653
62.0656 19.8641
60.9067 19.3791
60.5781 19.4315
61.9414 19.4619
62.0766 19.3035
62.5915 19.4381
62.2314 19.376
62.4288 19.8741
62.5177 19.7585
61.5294 19.1471
61.2176 19.8904
61.3447 19.6042
59.6905 19.6952
60.7276 19.8395
61.4682 19.7082
60.3245 19.4568
61.3498 19.6217
61.6182 19.2256
62.1455 19.7154
59.8028 20.0781
60.5426 20.0961
59.0975 20.1269
59.3425 20.183
60.5611 19.8752
62.0869 20.0952
60.9903 19.9173
60.4853 20.0886
60.0289 20.2032
58.306 20.522
59.9188 20.1576
59.329 20.058
61.0376 19.5157
60.3722 19.9053
61.4524 20.0608
61.5249 19.6863
59.8705 19.8973
59.5636 20.2824
59.4121 19.8966
59.1182 20.1026
62.8106 19.487
60.0359 20.0423
60.8277 19.7125
61.6267 19.6508
61.6718 19.8566
59.9536 20.2133
61.2467 19.8186
63.422 19.2814
60.8068 19.4712
60.0302 19.6669
60.1155 19.8992
59.6404 19.7599
60.8647 19.7049
63.4408 19.4166
61.218 19.538
61.6342 18.9321
59.1109 19.7266
59.0358 19.7996
60.2763 19.8069
60.5749 20.0985
60.4522 19.7726
60.5448 19.8925
61.1241 19.6698
61.2825 19.7502
61.2524 19.8864
60.2768 20.0809
61.3921 19.9626
58.5316 20.1987
60.1821 20.2087
59.7087 20.0776
60.8095 20.1005
61.0644 20.5935
60.6671 20.1715
59.8809 19.8062
62.1834 19.9773
60.3251 19.7105
62.8317 19.2988
60.9094 19.3725
59.0724 20.0987
58.9246 20.6569
59.9628 20.4414
61.9507 20.3329
60.139 19.8372
60.7954 19.6217
63.4528 19.1923
62.6413 19.947
61.2925 19.6419
62.8938 19.7264
61.5855 19.6924
60.6058 20.0536
60.6215 20.104
60.8107 19.801
62.0855 19.8205
62.4815 19.6061
61.9786 19.6751
62.2087 19.4456
62.3009 19.2143
62.7583 19.5619
62.4433 19.4794
61.1419 19.8668
61.2259 19.9035
61.066 19.9197
60.1287 19.9329
62.3787 19.8339
62.5485 20.073
62.5561 19.4415
62.564 19.4756
62.8265 19.6008
63.4516 19.4708
62.3955 19.5132
63.0685 19.5043
63.9394 19.5157
63.0299 19.4763
63.429 19.4337
62.6125 19.4063
61.7927 19.4495
62.8069 19.5601
62.7695 19.3802
63.3979 19.4006
61.8504 19.5832
62.3394 19.5232
62.3394 19.2849
60.9524 20.1365
61.779 19.3752
61.8192 19.8111
61.8665 19.2642
61.2695 19.1418
61.6244 18.9852
59.8107 19.7126
59.9699 19.6423
59.6422 20.024
60.0575 20.0629
61.0408 19.7444
61.7352 19.3733
61.7682 19.5158
62.4534 19.0465
62.5678 19.3968
63.0742 19.7936
62.0763 20.1516
61.0217 20.0211
62.197 19.8726
62.5025 19.8796
61.4976 19.9253
61.4923 19.7587
61.3391 19.3646
61.3053 19.7753
62.0796 19.5107
63.0931 19.5774
62.8098 19.3684
60.6193 19.8836
60.9682 19.9193
60.6762 19.5599
60.1672 19.873
61.8892 19.5918
62.6746 19.8989
64.0576 19.2718
62.3277 19.4395
60.9512 19.8502
62.1797 19.5328
64.195 19.2329
63.6452 19.9447
61.9433 19.6038
60.5055 19.8049
60.2408 19.5608
60.8144 19.7196
60.7469 19.8991
61.5794 20.2171
63.4119 20.1347
63.5624 19.3169
59.6399 19.7185
61.9945 19.6592
63.6547 19.0883
64.3845 19.1401
62.405 19.437
61.5078 19.7319
60.1651 19.9652
60.1241 20.0457
61.9268 19.7365
60.9622 19.8304
60.8918 19.9071
61.2702 19.8624
60.3125 19.8099
62.0528 19.7426
60.4559 20.2001
59.3458 20.0431
59.4749 19.9548
58.9991 20.4945
58.6354 20.0875
61.5533 19.9634
62.0156 19.5795
62.0296 19.6972
61.8818 19.1152
63.0132 19.3123
63.5707 18.9289
64.6147 18.8585
64.0859 19.1356
61.9172 19.2739
63.0593 19.0234
62.9162 19.1054
61.4386 19.6679
61.1867 19.8859
61.3243 19.4698
59.9943 20.1819
61.2321 19.4513
59.7305 19.7058
59.9711 19.4033
60.7609 19.4521
60.9146 19.3055
61.365 20.0501
60.8679 19.7385
65.7921 18.9168
63.6739 19.9187
62.4307 19.7307
61.5223 20.0682
61.0691 20.0392
61.8074 19.9147
59.3896 18.9341
59.4465 19.7512
59.56 19.8458
60.5248 19.9434
60.7897 19.489
60.607 19.9306
60.197 19.4039
63.4957 19.4039
62.0719 19.8855
60.4517 19.7252
60.8166 19.7268
61.738 19.7882
61.91 19.5446
65.1952 19.3785
64.1207 19.3469
64.0566 19.3228
63.4367 19.6649
63.2793 19.7489
63.2403 19.9946
63.3337 19.4974
62.2703 19.4831
60.9863 19.5378
62.1269 19.524
62.3655 19.5825
60.638 19.7123
60.5478 20.0259
58.8865 19.6096
59.5644 20.2122
60.6456 20.0758
59.6762 19.9803
60.3288 20.0504
61.8375 19.4759
61.4842 19.6778
58.3774 20.5278
60.0494 20.3601
61.3554 19.3333
60.2247 20.0618
62.5692 19.6877
61.4046 19.9654
63.064 19.3593
62.8026 19.7263
60.3046 19.9583
62.0532 19.9694
61.5954 19.6669
62.2327 19.1553
59.4354 19.9372
59.7622 20.0108
61.1624 20.6571
62.9151 19.2001
64.0384 19.2229
64.6981 19.2913
64.6535 18.8353
65.1658 18.8117
62.3215 19.2283
62.6337 19.0947
61.7755 20.1831
59.0775 20.3958
59.3821 20.155
60.2445 19.732
59.9892 20.2109
60.551 19.614
60.8652 19.427
61.0016 19.7185
66.0845 19.0801
65.0146 19.0647
63.0522 19.7504
62.1 19.3846
63.5651 19.5715
63.3779 19.2285
61.4881 20.099
61.5301 19.6231
63.1354 19.457
63.8838 19.4593
62.3121 19.6728
61.2175 19.2847
59.1613 19.7912
60.2495 19.3351
61.2441 19.9446
63.5208 18.8487
62.0464 19.0554
63.0995 18.9111
62.9871 19.5002
62.4085 19.6253
60.8863 19.8725
59.7364 19.6757
60.3649 19.8926
60.419 20.1213
59.5111 20.3332
60.0581 19.6897
59.9784 19.9545
60.821 20.0761
59.874 19.9753
58.0242 20.6304
61.3313 19.8529
62.6368 19.3325
62.6408 19.6073
62.7167 19.3852
62.6981 19.0806
62.7511 19.3199
63.0244 19.5338
60.1815 19.8752
60.9702 19.9838
60.5067 19.7162
58.1249 20.0087
61.445 19.9153
60.4163 19.3473
59.994 20.0579
60.2584 20.2353
61.002 19.7416
59.7846 19.633
61.2774 19.8148
62.5919 20.1309
63.1201 18.9915
61.2498 19.3991
60.979 19.3991
59.7674 20.0178
59.7778 20.4402
61.2366 20.1063
62.0966 20.112
62.1077 20.0304
59.7476 19.774
61.4311 19.6381
60.1437 19.8905
61.5339 19.6893
