26.6358 20.7454
27.2301 19.8385
25.9599 19.1597
26.0448 20.342
24.6536 21.0359
24.6753 19.3523
24.7422 18.73
25.6341 19.1185
25.9945 19.3058
25.7149 18.2737
26.2461 17.9735
26.8009 17.7843
25.7626 17.768
25.5756 20.5195
25.4751 20.1093
25.1236 18.2697
24.2834 18.6578
26.6098 13.7881
26.395 17.5962
26.1235 18.7886
25.6743 20.0144
25.7563 18.9175
26.7331 18.8265
28.8025 18.4846
28.8025 17.1061
27.5394 20.27
26.9043 18.7667
27.0219 20.3787
26.5918 21.3083
28.0775 19.4133
27.0956 18.9882
25.8838 19.6721
26.9642 17.1027
27.8473 17.9349
27.9133 18.4463
25.4946 19.6995
25.0093 18.3917
26.4608 17.2219
25.7764 19.1191
27.6086 17.3203
26.3929 17.6192
26.3929 18.5946
26.1877 19.3278
26.8034 16.7322
26.8727 20.2504
27.7221 19.193
30.0502 18.3202
30.3256 18.0236
30.213 17.2615
30.9661 15.7522
30.9661 18.9832
30.3637 20.3671
30.3637 18.3126
30.3637 20.3564
29.7415 19.7373
28.7495 18.4315
28.879 17.3874
28.3849 16.137
28.4793 21.8186
28.779 19.4829
28.7772 19.075
29.7609 17.9462
29.7609 16.695
28.7649 18.3357
27.6608 18.1676
28.6567 18.5056
29.593 18.7205
30.4271 18.5027
26.9107 17.0642
28.1546 17.2236
27.0935 20.3977
27.8894 18.8195
28.0783 19.6143
27.8214 18.6437
27.0087 18.2406
26.4809 18.9222
26.5282 17.8612
26.1169 18.6468
25.6152 16.1597
23.3874 19.0976
25.387 19.3196
22.7381 21.4068
23.465 20.9764
24.9876 18.6524
24.8326 16.9381
22.7083 22.7713
22.9164 20.3418
23.3786 20.5279
23.646 19.123
23.7078 19.4862
24.4302 19.9164
25.3035 18.3288
25.7284 19.1039
25.9517 17.1589
25.9135 19.2153
27.0909 18.7694
26.2263 21.2609
26.0829 19.4318
25.7196 18.4581
27.6776 18.772
29.3623 16.4632
30.2375 15.791
29.4777 16.6152
29.4777 17.6092
28.7462 21.0752
29.6669 20.1351
28.6538 19.7427
29.2025 19.8501
28.7847 17.6988
28.9535 17.6887
27.9944 17.7114
27.994 20.412
28.3774 18.9078
28.0962 18.2486
28.343 18.8927
26.6092 17.3624
25.3259 19.4937
25.5279 19.5512
25.6 19.3314
25.1732 18.7541
25.4079 20.9908
25.0563 18.8565
24.635 20.9484
23.8358 19.8854
23.5608 19.8527
24.1632 17.431
24.1958 16.9291
23.1157 17.8074
25.5486 18.0933
25.059 20.2549
25.151 18.612
25.3561 18.9428
27.9938 17.7955
26.128 17.4811
24.98 19.271
24.3057 20.8401
24.1358 19.5876
24.4049 19.489
24.3698 22.0005
24.8786 18.7038
24.9844 18.6697
25.8899 19.814
24.9422 19.6551
27.1276 17.9934
28.1218 16.9161
28.4748 17.404
28.5686 17.0881
28.5686 18.339
26.3844 20.6905
26.6384 18.1836
26.2083 19.3799
26.5651 17.6734
27.0611 18.1108
27.6656 16.0806
27.7691 17.241
26.689 17.301
29.0884 18.703
27.2886 18.4372
27.6128 18.4166
26.4094 18.525
26.9955 17.84
27.1283 18.205
27.2193 19.2671
26.853 17.09
27.4381 16.9191
27.6051 18.1963
28.5672 18.9268
27.7393 20.8069
26.4024 19.8497
26.1081 19.2687
26.0879 20.9575
25.9217 17.2559
26.3698 19.3244
26.795 18.7654
26.0655 16.8285
26.248 18.7176
27.1415 16.1538
26.9706 17.6114
27.0218 16.8994
26.0874 17.6633
25.3607 17.5085
24.2423 17.07
23.3128 21.0413
23.6513 20.8466
23.8856 17.7588
24.2889 19.5706
25.3175 18.9088
25.4303 17.7832
25.292 19.8706
23.8513 20.5259
23.9582 20.8667
24.9292 18.7434
26.798 17.734
25.1974 16.784
24.5744 20.97
23.6854 20.7878
25.3932 18.2033
25.3191 16.2438
24.2206 17.2824
24.6043 18.8251
24.281 18.1215
23.7796 17.8486
23.8584 18.0832
23.9958 19.1065
24.0218 19.6918
24.7545 18.5097
24.5678 17.8653
24.0084 19.4406
23.4762 18.46
25.1534 17.1927
25.2378 17.5537
23.7981 19.3192
24.6989 19.3627
22.2076 21.454
24.61 19.2523
24.4135 18.8861
26.1308 19.8675
25.6414 20.4345
26.0225 19.4969
25.55 18.256
25.1993 20.5391
26.2202 20.003
26.9282 18.63
26.1139 19.568
24.8891 19.5195
25.5062 19.2841
27.04 20.0529
25.8498 19.4814
26.8836 19.3257
28.4036 19.42
27.8452 19.4674
28.5204 19.9345
25.9033 20.9265
26.74 19.3548
29.3637 18.7616
30.111 18.4934
29.4683 18.8139
29.2121 18.4368
29.0477 15.7056
29.1132 18.9281
28.3144 19.3291
30.3933 16.5455
29.4091 19.6703
29.1342 23.215
29.4736 18.821
28.6798 18.095
26.517 18.0118
26.8566 17.6056
25.6354 16.8514
26.0857 16.4122
25.7299 18.4177
26.2798 19.5487
25.8253 19.2085
26.2303 19.3768
26.7247 18.7443
26.7247 18.2095
26.6859 17.8676
26.6859 19.0514
25.5215 19.4533
23.3047 19.0861
23.6827 19.8136
24.5616 20.1387
25.5314 19.6238
26.8365 20.2335
25.4599 20.5948
26.1277 19.0133
26.1315 19.6115
27.3345 20.0477
25.3106 19.5611
26.5823 18.1917
26.192 18.7415
26.6894 18.4192
27.2067 19.509
27.71 17.9879
27.5863 19.6922
27.1626 19.3239
28.2001 17.5311
28.0079 17.5771
29.2224 17.9687
29.1307 20.247
30.6087 21.0193
29.4109 19.9638
29.822 17.5918
29.3063 18.6747
27.4551 19.4178
27.8234 19.6958
28.5038 20.1145
29.2268 19.9609
28.321 17.3872
28.321 16.7216
29.0414 18.2092
27.4208 19.7595
28.0515 19.2335
27.9026 19.1614
27.8613 19.1323
27.9273 19.0055
28.2356 19.5846
27.7266 19.2279
26.8482 18.3447
26.0157 19.1561
25.4634 18.1696
25.4696 19.2577
25.344 20.6383
24.6431 20.8591
23.4545 18.4847
22.7822 18.0873
24.9219 19.187
24.9528 19.0269
24.3922 19.2414
24.3071 18.5191
25.1442 17.2096
25.1397 16.5151
26.1313 17.0332
26.0984 17.0699
25.6404 18.2957
26.4459 17.0983
26.4459 21.2304
25.1225 20.5845
24.8772 18.922
25.5124 19.0511
25.3146 17.8586
25.9887 18.4608
24.7919 19.6655
24.4413 20.1312
23.6811 18.9864
25.2297 19.2247
25.3811 18.9806
24.4268 18.5685
24.0038 19.2173
22.1219 21.5982
22.4863 20.6687
24.4815 17.0145
24.9699 17.7544
24.6466 17.615
24.9556 18.3106
24.9727 20.2445
24.4094 20.8291
25.0092 18.7702
26.2093 19.388
25.6863 23.3226
25.1995 20.2108
24.4141 20.4574
25.1172 17.5524
25.2478 18.011
25.3083 19.1207
24.2443 20.2756
24.8938 17.9638
25.6007 17.7496
24.6043 17.323
25.8544 19.9615
24.9531 18.3178
25.0705 19.003
25.0082 19.1837
25.1587 19.1647
26.9188 17.4429
26.9866 19.0788
26.439 17.8231
26.6361 17.3834
27.8926 18.1839
28.4678 17.3917
28.2874 16.803
28.0299 18.9155
28.9356 17.6421
27.1002 20.2133
27.7395 18.8784
26.9161 19.8874
25.8764 16.3272
23.7572 18.6919
24.0047 18.1063
24.5375 18.8682
24.6823 19.2746
24.3877 18.3715
24.314 20.5444
24.1691 19.8035
23.1447 18.6929
23.9722 19.6444
24.4556 19.6295
23.4832 21.8639
23.2174 18.7768
22.999 21.0169
23.3929 20.1915
23.3158 19.3236
24.6944 19.2998
24.9475 19.1851
25.9948 18.4474
26.6712 18.3505
27.8639 18.3369
27.2039 20.3823
25.4052 17.6249
27.1212 16.4275
27.8547 18.591
27.5884 20.8997
28.0867 20.858
25.0827 20.1908
25.2241 20.1144
25.4329 19.9316
24.7719 20.6419
24.7061 19.9081
25.4594 19.8179
25.4594 18.2736
27.3955 20.4388
27.4731 18.9773
27.547 17.9333
26.4465 18.7991
26.2832 20.7554
26.0843 18.3786
26.0843 17.9786
25.6726 18.5534
25.7802 17.2711
28.5772 16.8194
26.7005 18.4858
26.3482 19.55
25.9742 19.361
26.8232 16.6625
28.3984 20.3549
27.5442 18.3099
27.5109 17.4332
29.3052 17.9088
29.898 19.7787
29.898 18.1229
29.9322 19.42
29.4705 20.3019
26.9155 19.2992
27.5259 16.93
27.1526 17.8873
26.7203 17.8046
27.4339 19.3179
27.4518 18.7376
27.2442 17.5438
27.8404 17.8385
26.668 17.1695
27.6326 19.2184
27.165 17.3786
27.136 17.6664
27.406 19.4972
27.2163 18.5809
26.9365 21.1738
27.4763 20.1846
27.5928 18.0594
26.3378 17.6528
26.1721 20.6703
26.1921 18.7594
26.1102 19.4405
25.3078 17.3294
25.4352 19.1272
25.471 20.4109
25.9114 19.0208
24.9684 18.4452
25.0312 18.56
24.2388 19.2334
26.1409 16.128
25.9589 18.5855
25.5954 19.6746
25.3798 19.9605
26.512 19.4916
26.4859 17.0901
26.1915 19.1307
26.4835 18.8969
26.3771 20.2399
25.2541 18.7476
25.2541 20.0094
25.0464 17.9651
25.2692 20.1245
24.9048 19.9673
24.5648 19.3582
25.4371 21.305
25.5268 21.0021
25.6752 21.5473
27.2178 19.3287
27.7104 19.1759
28.3102 17.6927
28.4694 19.6367
28.264 19.783
27.8522 18.1499
27.8303 19.5574
26.2202 20.3728
24.7975 20.3741
24.488 19.3614
24.5134 18.3961
25.8738 17.8181
26.1769 17.855
26.8442 18.3566
26.3909 17.9334
26.3666 20.0305
27.6736 19.4753
27.2181 20.9132
27.7181 20.0759
27.1698 18.5601
26.8675 17.9426
27.0444 16.7685
26.7976 17.7103
25.7224 18.4383
25.8754 17.3008
26.8749 17.3887
27.0656 17.6489
27.6527 17.7886
27.1647 15.6908
27.0533 15.5565
26.5667 17.7931
28.0541 18.3867
28.0178 17.299
28.0178 17.9063
28.0178 19.7222
28.0178 19.5368
28.0346 20.5582
28.0346 20.0207
27.8521 19.9945
26.1905 20.0143
26.1347 19.7182
26.1347 18.4192
25.8725 18.7203
25.8725 18.523
26.1886 18.7755
24.9274 19.2385
25.7208 18.4326
26.376 20.3762
25.6875 19.1915
26.6892 19.8867
26.293 18.0372
25.6495 17.6907
25.9626 18.3234
26.0229 16.8807
26.681 19.9617
25.8932 20.8419
26.7174 19.4547
28.7295 19.3257
29.1819 18.9869
26.9943 20.4105
26.6202 19.9564
26.6202 19.8153
27.2164 18.3072
26.0681 19.3057
26.2025 18.6629
26.4992 20.6791
29.9476 16.778
27.8583 18.6514
26.2871 19.2129
25.9381 17.7422
26.3795 16.7979
24.7514 16.9769
25.0077 19.3594
25.3101 17.9649
24.8171 19.3737
25.5371 18.8127
26.4484 17.7472
27.152 17.5283
26.9326 17.9379
25.9431 18.4352
24.9506 17.3075
26.9309 17.0798
25.9065 17.9652
26.0112 17.1033
26.0988 16.4614
26.3395 18.6457
26.3483 20.675
25.8034 20.4271
27.1168 17.9634
29.1078 17.1938
28.5988 18.5952
27.5707 17.3988
26.3807 18.6205
28.3284 19.1242
27.9526 18.491
28.8398 18.9053
28.8398 18.5185
27.4102 19.3598
26.4787 20.649
27.4183 16.8772
29.127 16.6266
29.8344 17.781
27.2495 17.7504
29.5758 18.0418
29.0481 18.8598
29.7136 19.6803
29.1494 20.2984
30.4891 17.4612
27.938 18.1225
29.0506 18.7256
29.0223 19.4957
28.1471 18.2741
28.7726 18.9498
29.2591 18.6269
26.5223 19.4407
27.3519 18.9253
25.0681 17.1667
23.9328 18.8387
23.152 17.41
23.4668 19.5421
23.5909 19.2584
24.3023 19.8497
24.3768 18.839
23.7328 19.4782
23.4739 20.3054
23.4916 20.5456
22.8806 20.6223
23.0747 18.2673
23.1399 20.3827
23.185 20.5017
22.829 19.5604
23.6393 18.6877
23.6887 17.9235
23.9884 17.9101
23.726 19.0335
23.2679 19.1145
23.0244 20.6499
24.2003 18.3778
24.9428 19.3594
24.5361 21.1738
24.7348 19.6354
26.0221 15.0825
24.6702 18.8063
25.2553 20.7785
24.9161 18.6211
25.4985 19.8462
24.4546 19.2586
24.2515 19.0943
24.5629 17.5758
24.8707 18.3557
25.2674 17.7021
25.152 18.1046
25.5943 18.356
25.2786 16.2135
24.509 15.8415
25.1671 17.319
25.4169 19.4587
24.1449 17.7732
24.6604 19.2519
24.1948 19.1906
24.002 20.2973
23.6694 18.6954
22.6467 19.5021
22.5146 21.1303
23.4135 20.6549
24.3119 18.4606
24.2749 19.5642
23.6861 19.4723
24.0813 19.8676
23.6032 20.4196
23.423 21.1119
24.6293 18.1709
24.3081 18.9486
23.8444 19.1569
23.135 19.362
23.7966 19.3483
24.3083 19.477
23.7261 18.8828
25.4913 18.8696
25.0667 20.0891
25.8892 19.6375
26.6981 19.9236
26.5894 20.3457
26.9019 19.7899
26.7985 17.8352
26.4914 19.6751
27.99 17.1933
27.99 18.6619
29.8078 16.8258
28.8942 18.4582
28.3919 18.5203
27.6337 19.5587
28.1074 18.5168
27.2103 19.0736
27.7977 20.9035
27.5855 19.7297
27.4371 20.0178
27.5052 18.1805
27.6331 19.0074
27.1894 19.2051
25.6873 20.0121
24.5417 20.5614
25.3229 18.7741
26.3759 18.9526
25.326 18.8082
25.0247 19.2254
27.3287 18.9657
26.4028 17.4918
26.1418 21.9253
27.038 18.0074
26.3315 18.4939
25.9946 19.6515
25.7647 20.4576
26.7289 19.2946
27.2113 19.9783
27.2113 19.635
27.024 20.4551
27.2932 18.2696
26.7891 17.8117
27.0695 18.4201
27.9563 20.9057
28.5923 19.6559
28.2718 20.4471
26.9745 20.4452
27.5772 18.6309
26.8954 16.7566
26.4371 18.6883
25.0573 19.2534
25.4383 19.3035
25.8406 19.1398
25.8154 18.7841
25.1914 21.2805
27.8061 18.8351
28.5429 16.5805
27.4738 15.0937
27.9058 19.1079
26.6837 18.4216
26.3595 19.7942
26.2689 18.1559
26.2343 18.94
26.3805 19.2558
26.3658 17.8263
26.8811 17.781
25.8158 18.1143
25.8693 18.2091
25.9523 19.7628
26.557 19.419
25.4971 16.9904
24.6704 19.2923
24.3345 17.3068
24.2479 20.5764
23.2224 21.1965
23.6019 19.4143
25.7483 17.9501
24.0869 19.6754
25.0107 15.9505
24.1404 18.4391
25.3895 18.1679
24.2359 19.2977
24.7819 20.757
25.9542 17.484
25.0337 18.7662
27.4214 18.0967
28.6803 18.1123
26.343 19.5299
25.8581 17.6996
25.7817 18.7274
24.9041 19.0787
26.1949 18.7831
25.5701 18.6493
25.5363 17.6592
26.337 18.4628
26.5386 18.2426
26.4502 17.1942
28.7944 16.8874
29.4702 17.8736
29.3646 18.685
31.7801 19.0156
31.7801 17.9548
31.7839 18.2681
31.8217 17.3571
30.4436 18.5056
29.3651 17.6957
31.6986 18.1318
31.8587 17.7501
31.874 19.4581
33.1174 17.385
31.6199 17.5398
31.6199 17.6372
31.6199 17.5742
32.7834 16.9206
28.6293 17.8762
28.9672 18.7942
28.9672 19.5881
27.5722 18.2739
25.6872 18.3618
25.2191 19.9043
24.6488 19.5327
24.8826 20.2985
24.9191 20.807
24.7732 20.2476
24.7278 20.2755
25.7357 18.8184
25.1406 18.6067
27.2757 18.7422
28.0549 18.4421
27.922 17.6842
28.0276 20.3609
27.3738 17.4722
25.2827 19.8755
25.5949 19.0349
25.3943 19.918
23.2465 19.5282
24.0994 18.6949
23.6597 18.9078
23.6978 19.1859
23.7071 16.9118
22.9782 18.8076
21.2006 20.0054
21.3904 19.0574
22.5498 20.273
23.1729 19.6062
23.5875 19.6472
24.1227 18.612
24.4443 17.955
24.4178 18.1834
24.4604 19.149
22.8672 18.7823
23.1979 19.7856
25.6397 20.5521
27.2215 17.8062
26.65 18.6419
26.2789 18.7505
26.8261 18.2176
26.8449 18.8135
26.8307 18.6304
26.66 19.8645
26.6417 18.4891
28.1987 17.5258
28.1191 15.6331
28.5538 16.727
28.0844 17.3446
27.6494 18.4877
27.3391 19.0431
27.3682 19.088
26.0041 19.5629
26.2954 17.8805
26.6 19.0729
25.3365 19.7387
26.6193 18.3001
25.9544 18.3323
24.6391 17.5952
25.8345 18.2776
25.337 18.444
24.3079 17.6256
25.2068 16.8203
25.1626 19.6005
24.5869 19.6265
24.627 21.7697
25.3179 20.8604
23.0104 20.9667
24.2328 21.1838
24.2291 19.8925
24.8774 18.1102
24.6565 17.3741
25.2818 18.5511
26.0119 17.3157
24.2487 20.1077
22.8713 21.4746
22.5839 21.3432
22.9353 20.0256
23.6329 19.3909
24.3517 19.4452
26.971 18.6308
27.855 19.4293
28.7835 19.4347
28.4161 19.539
28.4595 16.7609
29.0018 16.5085
28.0058 17.2061
26.8697 18.2271
26.1546 19.0974
27.0023 19.1012
28.5132 17.4781
28.3654 17.5609
27.6535 17.3383
26.706 20.023
27.8682 18.5202
27.3099 18.5594
27.5198 17.4314
27.4845 18.1368
27.3274 17.5549
26.1257 18.0306
26.4779 17.5646
24.7213 17.8387
25.6699 18.0754
25.6699 18.7697
25.6699 18.3415
27.4191 18.205
27.7597 19.1373
26.8781 19.6155
26.4728 17.8703
25.7587 17.3741
26.2988 17.6079
26.2988 17.6714
26.3644 17.0844
24.772 19.9796
27.0434 17.6789
27.7983 18.5682
27.3811 17.2712
27.5571 18.7702
27.8699 18.8719
28.8824 20.1844
28.5051 18.959
28.1129 19.2423
26.9432 17.0723
28.1268 18.2506
25.2671 19.6358
25.8319 21.3952
26.0659 18.1612
27.1267 19.3703
26.6563 17.3403
26.2135 17.8125
29.6161 16.1232
28.9311 18.183
28.4428 19.4377
27.8141 18.0994
28.6539 17.3284
29.3762 19.314
26.8974 16.6798
28.0533 15.7689
24.0831 17.928
25.1665 19.3081
26.5456 16.5266
28.6072 16.8062
27.1653 16.058
26.2617 18.116
26.8012 17.4743
26.7644 18.7099
26.9169 18.4895
25.935 18.2435
26.6984 18.3961
25.846 19.8381
25.5256 17.4013
25.9335 19.5509
25.5915 19.1474
25.8827 19.2043
25.9625 17.1338
25.4596 19.1197
25.3782 18.2852
25.4697 18.3362
25.9497 19.9175
24.1848 21.5421
23.7686 22.0165
23.5631 20.1585
23.2725 20.0354
23.8135 21.2482
23.7394 19.4635
22.7113 19.7976
23.4136 20.1076
23.1735 19.4645
22.6054 20.8352
23.9705 20.3934
23.7111 17.3747
24.3146 19.0956
25.6504 19.5899
25.4536 19.5017
25.413 19.5962
26.3975 19.8117
25.8525 20.9461
24.9022 17.9055
26.5578 18.3018
25.0427 18.4599
25.3698 19.7424
26.0931 18.4722
26.4191 18.8787
25.9921 18.2561
26.9427 18.789
27.1029 18.1041
26.8667 17.6441
26.8898 18.0425
26.6851 20.0986
26.7556 18.4173
25.7326 18.0149
25.4959 17.5478
25.3941 17.2093
24.0755 20.8795
25.1552 18.2799
23.6524 22.282
22.3901 20.8379
23.5862 20.8328
23.2511 19.655
24.6137 21.08
27.6482 19.5625
27.1462 17.9449
26.745 19.1616
26.0558 18.397
25.9747 19.5305
27.1903 17.9435
25.16 20.1945
25.01 18.4505
24.5974 19.4333
24.6096 19.5783
24.7598 20.0242
25.1309 19.0942
24.2392 20.5767
24.874 18.6996
26.5394 16.9322
24.9371 15.7628
24.1751 19.258
24.202 18.5924
24.3964 20.6848
22.6037 21.28
23.4883 20.993
23.9239 19.9367
24.9047 18.826
25.3903 18.3184
22.5539 19.5214
23.5489 19.1578
23.6632 18.9786
23.9044 20.4993
23.4243 19.5351
23.4948 16.9154
23.6151 21.3208
23.5655 19.7882
23.505 17.931
23.7232 19.186
23.1091 20.2463
23.1628 18.0336
23.7569 20.012
23.9332 18.2426
24.0381 17.763
25.7083 16.986
25.2014 17.8978
25.7731 20.3713
24.6388 20.4491
24.834 20.3615
25.935 19.4596
26.2423 17.9791
25.1594 21.0742
26.5569 20.4685
29.4778 17.1658
28.7286 18.5857
29.2456 16.1199
28.2947 18.8087
29.7521 19.5763
30.5953 20.0812
29.8441 17.1411
29.8417 16.4105
28.3687 19.3789
28.9791 18.4248
29.2509 20.0952
29.8888 18.805
30.1273 16.2159
29.6504 18.5587
30.4382 17.0489
31.0565 16.4207
29.5055 17.7417
29.6877 19.0955
28.2564 20.0006
28.9285 18.0724
28.973 19.4997
29.4142 18.3263
30.5109 18.4636
31.8471 16.7133
31.634 19.05
32.6159 17.7407
30.9417 16.9174
29.7398 19.3979
30.1824 16.2275
31.0155 17.3932
29.125 20.7491
28.5937 21.2321
27.7226 20.1722
28.3106 19.4433
27.8563 19.4327
27.832 17.4769
28.0009 18.3812
28.1347 19.0634
26.8492 16.437
26.4105 19.5228
26.2849 19.0163
27.4029 18.0151
27.4112 18.4025
29.3675 17.9028
29.3675 16.2117
28.1411 19.2194
28.0756 18.1962
29.6486 20.5803
29.9408 19.1863
30.3319 18.5358
29.0575 19.5348
30.9179 20.6529
33.5417 18.6705
34.3209 16.4127
34.3209 18.0783
33.91 19.4297
33.6843 19.2647
32.502 17.911
34.1113 17.9472
34.1113 18.106
32.0601 17.9912
29.5651 18.2941
30.0681 18.3834
30.0681 19.5454
29.902 19.8549
30.7247 20.1708
29.8588 20.416
30.6377 20.3911
30.7657 20.2105
31.5726 19.8858
28.9201 20.344
29.7386 15.0885
29.1746 15.1503
27.7012 18.2985
27.9629 18.2048
29.0167 17.8564
29.6773 18.9512
28.8774 19.0913
29.8351 18.9508
32.918 17.5443
32.918 17.6706
32.528 18.028
32.528 19.6166
32.528 17.3809
32.528 17.1469
32.528 16.5052
31.5763 17.3939
29.8966 19.4412
29.8966 21.4541
29.0488 20.265
32.25 20.2515
32.5662 22.2835
30.5792 21.2264
29.8613 19.8287
29.3267 18.496
28.2588 18.8242
28.3551 20.4139
27.4415 19.0534
27.7831 19.2716
26.405 19.348
26.2096 20.2922
27.9512 22.0698
28.242 20.4893
28.5853 18.8294
28.5853 17.8759
27.1393 16.8924
27.0905 20.6699
26.6651 20.4418
27.213 20.4474
27.213 18.8012
25.4907 17.9421
26.1137 16.8712
26.0074 18.5889
26.4016 17.477
26.0379 17.8439
25.3779 19.2628
23.8131 19.9762
24.5435 19.7589
24.0065 21.1006
24.2545 17.9928
24.5761 17.8305
23.6275 17.752
23.0246 17.9919
25.4774 18.9708
26.5039 18.2008
25.564 17.7624
24.1147 19.6452
24.9481 20.2519
24.8793 20.6842
25.4 20.2742
26.2907 19.9252
23.9665 19.9675
24.8282 17.3427
23.4883 21.8179
25.0522 21.2104
23.0917 22.1017
24.8279 18.9419
25.9297 20.2408
25.9809 17.895
25.6307 17.8346
25.446 19.4929
25.9295 19.2351
25.9295 19.6393
26.484 18.6636
26.484 19.5059
27.0174 17.8881
27.0174 18.5732
26.5893 20.4192
26.4254 17.3799
27.871 17.621
27.2512 17.9715
28.4354 16.3579
26.7507 17.5682
27.7671 19.3259
27.7671 16.678
26.2448 17.3352
26.8224 16.3583
24.7112 18.1661
26.1969 20.6246
27.3749 18.8345
27.3749 18.3875
27.975 16.5194
27.975 18.1687
27.975 17.2829
27.975 15.9403
27.2954 15.6966
25.9664 18.479
25.5986 17.2948
24.0104 16.9952
23.8477 19.0633
22.9165 22.1895
25.2646 19.5292
25.2646 19.7106
25.7185 18.2876
25.7185 18.8213
25.7185 18.514
25.7185 18.571
25.7185 19.6934
24.4329 18.8792
25.2179 17.3425
25.7331 18.1072
25.6272 19.0027
25.5089 19.1724
24.3776 20.2151
24.2735 17.9046
24.2735 17.756
25.9591 18.6776
24.5838 19.3922
24.564 19.2943
24.7918 18.3282
23.3404 20.0707
22.3602 20.4508
22.3602 21.6046
22.5388 19.935
22.7955 19.7002
22.7955 20.6675
24.2733 19.0881
24.2733 17.1164
25.316 18.0424
26.616 18.6831
26.616 20.3953
25.9963 18.6231
26.6294 17.936
26.3839 20.9295
25.6006 19.3704
25.2323 18.7051
26.7523 20.1931
25.617 18.901
26.5278 19.799
27.6739 20.8689
28.7426 20.0239
26.8496 19.3154
27.9952 18.446
27.5627 18.0295
27.7795 18.3652
27.0029 19.7836
27.0029 18.9804
25.9239 17.5514
25.9239 18.5868
26.0123 18.0991
26.3762 18.6396
24.5738 20.5313
25.5552 19.8143
23.7043 18.9334
23.7043 20.6559
23.7043 18.5284
24.0184 20.1287
24.263 19.4293
24.4323 18.5727
24.6103 17.7674
23.6914 18.0047
23.8861 19.8039
24.4942 17.8612
24.5462 20.2667
24.8422 19.958
27.0489 19.6965
26.9135 18.9378
25.6478 22.7165
25.1161 18.1696
26.7404 19.5439
26.7012 20.3782
28.4193 18.0463
27.4551 19.097
28.0669 16.7025
25.8817 19.3023
26.11 17.1352
24.6371 17.8878
25.3317 16.5201
26.5587 16.0675
27.4153 16.0283
27.2459 17.8619
26.3873 18.9856
28.8506 19.0776
29.3672 19.8208
29.5407 20.2108
28.6782 19.8695
28.0472 19.8691
28.6253 19.8829
27.5934 17.0167
28.4411 16.6543
28.5728 17.8327
28.1828 17.3301
28.1353 16.9109
28.0823 19.3336
28.1716 20.2495
28.6358 16.7689
28.9891 19.0933
28.5821 17.8297
26.6222 16.7355
26.3719 18.5942
26.2377 20.6011
25.3241 18.9267
25.1016 19.655
25.9245 18.2236
26.2692 18.588
24.5783 18.5346
25.6805 18.5349
24.8005 18.5351
24.0272 18.5337
23.8636 18.5515
24.5006 17.5505
25.0038 17.1323
27.3607 18.9487
27.0828 19.6249
26.5561 20.2295
26.0566 20.0456
27.789 19.0357
27.9969 17.5843
27.8387 19.7291
27.8387 19.9599
26.4849 19.4603
25.8388 21.2857
27.1194 18.8226
27.036 19.6068
27.2529 19.6956
26.377 18.2494
26.0852 19.7077
26.1508 18.3338
25.0583 19.2772
25.2758 19.6501
24.734 18.3795
23.8717 18.145
23.9504 18.9451
23.2662 20.5167
24.1704 20.4329
24.0531 20.0911
25.5628 18.1281
24.7912 17.6399
24.8428 18.7145
24.1791 19.3895
24.6929 19.0296
25.448 18.5031
25.5415 16.5298
25.7411 16.1296
24.4993 18.6999
23.5052 19.1609
24.7728 17.8102
24.6262 20.9766
25.2514 20.9698
24.3763 20.9898
24.442 21.0737
24.611 19.0103
25.6295 18.0495
25.3022 18.3428
25.5882 18.8804
25.4788 18.063
25.3671 19.0698
25.5567 19.0095
25.1234 20.3392
25.2907 19.2416
25.5494 18.354
25.9138 19.7955
26.7314 16.9453
26.9074 17.2313
26.5156 17.7682
25.662 18.6554
25.3253 18.1166
25.2994 20.7314
24.2457 17.325
23.728 18.0084
23.6179 18.0676
22.9338 19.8531
24.7996 19.1443
23.6952 18.2952
23.2643 18.8999
23.7451 19.049
22.316 22.4674
22.0319 20.4172
23.9351 16.889
22.9061 18.628
23.3078 18.6506
24.4553 17.6795
24.9144 17.2392
23.9391 18.9251
23.3548 20.1617
23.3975 20.9567
24.5802 17.3506
24.8902 16.8419
24.5827 19.2567
24.5493 18.1093
24.3128 17.307
24.8275 18.1257
24.0755 18.609
23.9566 19.2847
23.5503 18.9529
24.9722 18.7977
24.8043 17.4917
23.3838 18.3865
23.5459 18.0249
27.6118 16.0845
26.9209 16.2983
25.6102 20.0669
27.4784 17.2992
27.4784 18.8575
28.7034 17.4893
29.1998 16.9986
27.5291 18.9971
27.9026 18.36
27.4513 17.0597
26.6286 19.58
26.4577 19.2078
25.8047 20.0348
26.065 20.4092
25.5725 19.2872
25.6062 19.4223
24.7188 19.829
24.6953 19.8758
23.8294 18.878
23.7452 19.7967
24.8021 20.6289
26.1005 20.3182
25.9032 19.4607
25.2023 17.2393
24.9246 18.6415
26.6006 20.8377
25.9436 18.5872
26.2572 17.9092
27.1061 20.3608
26.5906 22.2012
28.1933 19.5639
28.0439 18.031
27.8083 17.794
27.7973 17.7014
28.2407 17.6889
28.1282 18.4227
29.3915 18.4226
29.4158 18.3207
28.8329 17.666
29.9799 18.9418
31.0835 19.0983
31.0835 17.5907
31.0487 19.0067
28.3878 20.1345
27.8102 17.952
28.9408 18.5077
28.4257 18.2748
27.6465 18.5147
25.9482 18.3375
25.1505 19.5918
26.2234 17.1337
24.5795 18.8688
26.6231 20.3584
26.4888 19.4589
26.4948 19.2405
25.4352 20.1697
25.6686 18.1227
25.6761 18.5561
25.4461 20.9069
25.5869 20.7976
26.5697 19.5384
27.999 17.4529
27.0148 19.4338
27.3193 18.7999
27.3291 18.5375
27.2671 18.3694
27.6138 18.0871
27.1371 16.4203
26.7312 17.7009
26.6204 19.6767
25.7733 18.5949
25.4852 16.89
25.5478 16.8987
25.6934 19.2298
25.1937 18.5257
24.9384 19.0507
24.3557 18.0446
23.8493 19.7778
24.1273 21.3918
24.2882 18.1201
25.2795 20.1323
24.5968 20.2462
27.1899 18.0759
25.2119 20.8349
24.1832 20.147
24.3885 18.1236
24.1085 19.7866
24.1463 20.2448
25.6658 20.1307
26.0891 18.5159
26.0425 18.7645
26.1148 19.832
24.8372 19.7507
24.4957 20.275
25.3039 17.2894
25.5027 17.3829
24.7462 16.109
24.7293 19.7849
24.5673 19.4022
23.5035 19.1962
24.5263 16.9982
24.0714 17.7752
24.2299 19.3614
23.9688 17.8675
22.9909 20.2433
24.4688 19.3116
23.6723 20.0866
23.0608 19.1083
25.7608 19.1438
26.5628 17.8776
26.2521 19.9658
26.4551 20.1972
26.3485 17.3067
26.2617 18.9282
26.055 18.8286
25.8068 18.9039
26.5622 17.3627
25.6381 17.0437
26.1101 19.7392
25.7912 19.2657
26.5851 18.8573
26.3024 20.4491
27.1616 19.5506
27.2834 18.2514
27.6303 19.1052
26.9344 18.9625
25.656 19.6764
25.982 19.9433
25.3889 16.8424
24.9701 19.4588
24.1038 22.4555
24.8927 19.3728
25.6776 19.2979
25.8889 17.8885
26.8509 17.8816
25.8792 17.834
25.8885 19.515
26.4783 18.4867
27.395 17.984
27.4567 19.3343
27.3659 18.288
27.5644 18.6087
27.0923 18.3239
27.4545 18.4077
25.9806 20.2252
26.1983 18.1275
26.1468 19.8072
26.2396 18.646
27.1731 17.6207
26.1629 18.3216
25.135 18.5044
26.0787 16.4926
26.3828 16.7547
26.4936 17.2778
26.6789 19.7201
25.5805 19.4476
26.7765 20.2728
27.4949 20.0693
27.4783 17.3507
28.1356 18.7356
27.7313 18.901
28.1254 20.496
28.5488 20.4551
27.9291 18.4845
27.0739 19.7496
27.1316 17.642
27.832 20.0875
27.1068 20.5919
26.3323 19.134
27.3124 16.8662
25.1553 19.3229
25.4511 16.1666
24.2255 17.2295
24.7482 20.6122
24.8611 19.7508
25.1331 18.3069
24.5642 19.8774
25.3701 18.1506
24.5291 16.8686
24.2699 17.6382
24.4364 19.8092
24.0077 18.573
24.0168 18.7826
25.3216 17.1898
24.2809 18.3853
24.3145 17.8615
24.021 19.3506
23.641 20.6616
22.9758 19.8646
24.0885 19.0926
23.7083 21.8495
22.8688 21.0788
22.8094 20.489
22.8345 20.7845
25.3631 18.8396
25.4359 19.8646
24.3044 18.9082
23.6988 17.708
23.5859 17.7623
23.9929 18.0333
24.8277 18.5783
25.1381 19.3101
24.4033 18.4566
24.156 20.9588
23.9517 19.4936
24.977 17.4941
25.4171 19.9201
25.5322 17.5958
24.4182 20.6445
25.0368 19.1699
25.3144 17.4641
25.0316 19.0801
26.0589 18.0488
25.7471 18.4877
25.3502 18.5315
23.9539 17.6439
24.4301 18.6668
24.7722 20.5223
24.6925 18.7356
25.1053 20.373
23.3564 18.0463
24.2472 20.5629
25.2 19.834
23.9298 18.3736
24.6609 21.0312
24.8046 17.3959
23.9913 18.2839
25.1625 19.8007
23.6425 18.4885
24.9567 19.3579
25.3367 19.4645
24.4096 20.5131
25.0841 19.8429
24.8538 19.3172
25.0586 20.7701
26.1857 18.5283
25.7244 19.5564
26.8347 18.4646
27.2394 18.4651
25.3957 19.5049
24.4552 18.6494
24.6898 16.7966
24.5544 18.4807
24.8897 18.1058
25.3325 18.3604
25.1798 18.4917
26.0835 18.4145
24.4418 20.2139
25.1304 16.121
24.9619 19.7776
24.9344 22.3946
25.246 19.8006
26.2619 17.8775
25.7048 19.9046
25.1571 20.9855
25.7615 19.3032
24.6421 20.1218
25.2527 18.4739
25.6494 17.6208
26.6323 17.3864
26.4304 18.1167
24.492 18.9027
24.1862 19.2822
23.507 18.4927
23.8272 18.1516
24.278 17.8564
24.1965 18.6976
23.127 18.2708
24.0118 18.4063
25.1722 17.792
25.8518 17.7288
26.6833 17.7908
26.4851 18.787
27.5233 17.8565
27.227 16.6681
26.2546 19.3246
26.9574 16.7334
25.0343 19.772
26.0691 19.6615
24.8177 18.7586
26.154 18.9689
27.6803 16.9106
27.6803 17.719
28.6462 17.3119
27.6708 18.6893
24.8768 20.6478
24.2433 19.8549
24.6208 19.9065
26.1308 18.4556
25.5187 18.9507
25.0521 18.8425
25.3224 20.1346
26.5469 17.3183
25.3345 17.5311
24.8067 18.2857
27.131 18.3929
27.9235 17.2393
27.545 16.9551
27.9796 15.9415
27.0799 18.5031
25.7097 19.1667
25.7097 19.737
25.866 18.3708
26.8402 19.2522
26.8402 19.5013
27.151 17.2203
26.7534 19.7799
27.457 19.9193
29.171 19.3133
27.5931 20.0562
27.5035 19.8636
27.5035 19.0189
27.3879 17.8203
27.1677 18.0321
29.4539 18.1195
28.719 21.7731
29.9016 19.5136
29.9747 19.6409
29.5445 20.7602
28.4301 20.3597
27.885 18.9676
28.5785 17.7689
30.3023 16.3304
30.5987 16.7434
30.349 17.7818
31.6234 19.4755
30.7727 20.112
31.5738 17.9519
31.504 18.6366
30.6069 19.374
31.6132 19.8888
31.6132 14.9301
30.9058 18.7581
31.0969 18.4174
30.1248 18.9366
29.4057 20.2549
29.6041 17.7225
29.4593 19.6344
28.8535 19.3153
28.8535 18.2729
28.8601 17.0629
28.6619 19.2833
30.2205 17.9484
30.2473 18.6794
29.9703 17.8985
29.9703 19.9277
29.9703 19.6158
29.9703 17.1456
29.158 19.3154
30.2692 19.8823
28.5847 17.8119
28.5847 19.0466
29.0763 19.5197
28.4452 19.6579
28.4452 18.2758
27.4319 16.9796
26.2395 16.6086
26.9344 17.042
26.1245 18.3898
26.4114 18.2717
26.8779 17.3514
26.9725 16.9246
27.2921 19.3098
26.9446 20.5703
28.6752 18.261
29.3102 19.3533
29.3799 19.0414
29.0293 20.0139
28.8979 17.3617
28.5198 18.608
28.3583 18.1799
28.677 16.9711
25.3575 18.4277
24.7451 19.0485
23.8003 20.6743
23.9611 20.5841
24.1256 20.796
24.1256 20.4529
24.0697 19.2747
25.2475 19.0104
25.9709 18.8739
25.4213 18.4905
26.3119 19.3106
25.2452 19.3044
26.4294 20.1119
27.3879 18.9072
26.1193 19.2008
26.3881 17.846
25.941 19.7333
25.9781 18.9655
25.6064 16.1878
26.0738 18.947
25.5916 19.5486
23.7622 18.3813
24.7355 20.7193
23.6758 18.5899
23.2535 18.3466
23.1578 19.0845
24.9884 17.9933
24.1325 19.3149
24.5163 18.3672
25.2163 17.4547
24.7132 19.9178
24.7795 19.7401
24.7795 21.1849
23.7495 19.0897
25.4357 18.3976
25.2186 19.3635
25.2186 18.5701
24.8671 19.6253
24.2172 18.3437
24.3301 18.7434
25.5874 19.0706
25.1806 17.4621
25.1806 16.8097
24.9873 17.6071
25.5956 19.8728
26.2499 21.27
24.2564 18.4902
24.4608 19.4886
25.1909 18.6702
24.9675 17.0296
24.4453 18.8701
24.9478 17.4779
24.4483 20.0504
24.4281 17.6597
24.7161 18.0138
23.4254 18.9115
23.4616 18.2741
23.3507 20.4212
23.1483 19.3572
24.4568 20.0034
23.2814 21.1751
23.0774 17.3305
23.9639 19.6174
24.2501 18.644
24.6518 18.0238
24.8092 20.495
24.0706 20.3434
23.5875 19.4937
24.6575 19.2553
26.0016 16.8925
24.6197 16.0268
24.776 20.8577
25.1965 19.3555
25.4525 19.0143
25.3565 19.8386
25.6646 16.0315
25.2405 19.0619
25.649 18.4041
27.2121 18.2091
26.7797 18.713
27.4219 18.7761
27.2927 18.4811
26.5983 18.5683
27.1174 18.3094
26.4815 17.8018
25.871 18.9692
27.2908 19.1034
27.2908 19.4224
26.2966 19.0238
25.53 17.7942
27.4016 17.7762
27.4016 17.4974
26.9449 17.8341
26.8904 14.9208
24.7158 19.7565
24.9395 18.6512
25.8186 19.0879
25.8938 19.6341
25.3063 19.061
26.4709 20.2542
25.5754 19.4959
25.1385 20.7163
26.6412 19.4592
26.2056 17.6959
26.9024 17.8075
26.9649 18.0557
27.6887 18.3725
27.6494 18.1283
26.6241 17.4207
26.7084 18.7203
25.5411 18.7434
25.0986 19.5299
23.5838 20.0345
24.5549 20.199
25.1641 16.6448
25.7573 18.9726
25.2384 19.4163
25.3469 16.7776
24.515 19.227
24.9521 21.3405
23.4312 20.6657
24.1953 19.4162
23.3857 17.7984
23.7782 19.3694
23.7782 17.6376
23.2579 19.1244
23.2579 18.6543
23.2893 17.4119
23.8946 18.0467
25.4644 17.3586
26.0575 18.5032
26.7872 18.0984
27.1505 18.0694
25.3981 18.5995
26.105 18.4682
23.9389 19.5406
22.6719 19.7065
23.5341 19.645
24.2692 20.138
24.2132 19.4739
24.5344 20.1169
24.453 19.2326
25.0631 19.1854
23.8876 19.2043
24.7213 17.5408
24.4171 18.5601
24.9425 19.9471
24.5631 18.43
23.5456 19.3249
24.6559 18.3321
24.5887 17.8805
25.2215 17.3349
24.4776 18.3735
24.5806 16.5108
24.7052 17.919
24.1436 18.8946
22.7635 19.2109
21.896 21.5913
22.5747 17.9205
22.6646 18.426
23.5483 16.9599
24.2283 19.1319
25.0618 18.4268
25.5766 20.5364
25.4259 18.5241
26.0175 19.1091
24.5749 19.7975
27.0489 19.8175
27.1735 18.5985
27.2748 17.7743
27.0627 20.9879
27.7472 16.4578
26.9476 19.8393
28.3924 18.8661
28.8088 19.2244
29.6357 17.1619
29.6626 18.4655
30.3453 19.8508
31.6991 17.6187
33.382 19.1016
31.9141 17.9498
31.6297 16.7253
31.445 16.7205
31.7395 17.1946
30.8316 17.5679
32.152 16.2953
31.1887 17.4857
30.4712 19.1604
29.3147 19.6249
28.6554 18.4791
29.0861 17.1065
29.0108 19.3537
29.254 17.8671
26.6542 18.6912
27.4419 17.5974
26.4342 17.4033
23.9991 20.4953
24.794 18.5747
25.3811 17.521
27.0022 15.5753
27.1204 16.2246
27.1204 16.249
27.9578 16.0309
27.2312 19.9421
27.4818 20.8344
27.3768 21.1517
28.2836 17.1437
28.3302 17.9584
29.108 18.1778
28.2926 17.9533
26.1555 17.993
25.5822 17.299
27.2058 17.0575
28.2385 16.5868
25.833 19.3831
25.7269 19.4365
26.7594 17.3983
25.2649 17.5343
26.1609 17.489
26.0637 18.689
26.228 19.8649
25.8603 18.2824
27.021 19.622
24.0388 21.2431
24.2339 18.7491
25.7685 17.5823
24.8304 20.4604
24.6612 20.311
24.7646 19.7534
24.5292 19.3819
23.8689 20.7747
25.6089 21.3002
25.6605 19.4321
26.1127 16.9885
25.9642 17.0214
25.9601 18.5924
25.0449 18.2348
24.8576 20.502
25.6092 18.0653
24.9299 17.7908
25.6931 18.81
25.0389 20.0585
24.6813 20.5801
25.585 17.0265
25.6063 20.4593
24.9042 19.0057
24.0329 18.9745
23.7338 19.3806
24.3207 20.6596
24.6225 19.3809
25.4185 18.629
23.6609 19.1329
24.1398 20.251
24.0478 19.4072
25.6296 18.4168
25.6571 19.0187
26.0403 17.9957
24.2415 18.6157
23.7064 17.8446
23.7064 22.2252
23.9836 21.3254
23.987 17.7305
24.4602 18.313
26.3347 15.9432
26.0654 18.4509
26.5586 18.8457
26.7165 16.869
24.9027 20.508
25.8776 19.7871
26.1976 18.177
27.1358 18.8208
26.3462 18.143
28.9034 17.1294
28.0972 19.6741
28.1889 17.6173
29.9571 16.4706
29.5063 18.1298
28.1588 18.5123
28.1789 20.2376
25.4526 19.1154
26.6856 19.3919
26.6856 18.7685
26.7397 18.4988
26.5494 17.4372
25.691 17.066
26.9597 18.573
26.7433 20.1335
26.7469 19.4266
26.0484 19.9411
27.2575 17.8133
27.7758 19.084
26.0154 19.5373
25.3068 18.444
25.0262 19.2958
26.8244 20.008
26.0278 18.0285
24.8213 20.7378
24.7036 20.4497
26.1214 19.5091
25.3416 20.6231
25.502 18.4457
25.103 20.3689
25.6429 20.0107
25.3331 18.8703
25.9309 19.4746
25.5753 18.9985
25.2166 18.7942
26.0195 18.4209
27.8369 20.8774
27.2901 19.7355
28.4416 16.3171
27.0475 18.0539
27.0358 17.2987
27.3307 20.6356
26.1515 18.2303
25.0836 20.8002
24.5597 18.3035
24.7278 18.7638
25.3543 21.0567
25.1292 19.066
25.8322 19.047
24.4795 17.9127
24.1988 19.7048
26.1524 20.2285
26.0998 20.432
25.1659 19.6201
26.4899 20.5472
26.8432 18.3978
25.9746 17.0421
27.1694 17.9038
28.155 16.7019
28.0678 18.0412
27.0223 21.1132
26.9378 21.309
26.2766 20.8125
26.911 20.3661
27.3389 19.0732
28.5145 17.9428
28.0634 18.3576
27.3099 17.6741
28.2979 16.3519
28.5934 19.1197
27.51 20.191
26.6878 20.8512
25.7234 19.6595
26.2514 20.6664
25.9557 18.2368
26.0856 19.1874
25.9401 17.4188
26.2821 17.7727
26.6383 17.4979
26.3288 18.5624
26.2801 17.8541
25.9205 17.3029
24.9294 18.6793
24.5554 19.256
23.8606 19.0779
23.3345 18.361
23.6455 19.241
25.3846 18.6247
25.5825 18.7246
25.7918 17.689
26.0872 18.899
26.8276 18.5349
25.9116 20.6572
25.7183 19.9872
26.8223 17.0994
27.7228 16.5986
26.4975 15.1775
26.4975 18.9065
26.8778 17.394
25.3928 20.5862
25.6583 20.0032
25.9652 19.807
26.2521 18.592
25.4231 19.0565
24.563 19.104
24.5647 20.5557
24.9561 20.481
24.7561 20.2923
24.5907 19.2733
25.2966 19.2397
25.2966 18.3528
25.7319 19.9107
27.0413 18.7508
27.251 18.5462
27.7982 18.3515
25.9447 18.6399
26.7198 19.2307
27.2573 18.9233
26.7131 22.6013
26.2186 17.5832
26.2186 18.134
27.4784 19.795
27.8409 20.7458
26.5558 19.36
26.7414 19.4778
29.3391 17.6231
27.578 18.5055
26.7519 19.2378
26.3293 21.323
26.5937 18.1737
28.445 17.2857
27.0825 17.8175
27.4147 18.8532
28.4283 19.7818
28.5883 19.6711
28.6372 18.9121
28.9183 16.1887
28.0409 16.5643
27.6668 21.255
27.4427 20.6912
28.762 17.818
28.6808 17.7289
29.7591 18.8341
29.4973 18.6722
30.0346 18.7312
29.7102 17.1671
28.2786 18.1028
28.0561 19.3126
27.6828 18.9797
27.1183 18.5761
27.5722 18.7316
27.4726 16.9654
26.3221 17.9648
26.1591 18.3989
27.3542 20.1191
26.4539 20.8497
27.0838 18.6495
27.6179 18.9864
27.0006 19.6869
27.4725 17.8509
28.1085 19.1559
27.4703 18.8427
27.489 17.3903
26.9473 19.2769
26.7725 18.728
26.6458 19.0778
25.1869 19.3549
24.8157 21.2828
25.5198 19.5099
25.7327 20.156
25.0272 20.4145
25.5237 19.7553
24.1548 20.3453
26.4789 19.7298
27.5681 16.542
26.7459 18.5084
26.7459 18.5483
26.1822 18.9804
30.2369 20.406
27.4365 19.9684
28.3036 19.0536
27.9599 19.2802
28.3853 18.299
27.4402 19.2142
28.2509 18.6426
28.2509 19.3757
28.7464 19.3952
27.417 19.5508
26.9691 20.0457
27.0197 19.3354
28.0483 19.7565
27.9446 18.1084
27.9446 20.2227
27.3921 19.6459
26.4874 19.0978
26.8635 18.2182
27.2203 17.6468
26.4146 19.0156
26.3523 17.7916
25.8847 19.1606
24.9275 18.8114
25.552 18.3731
24.7707 17.0692
24.789 18.0937
25.6116 18.6746
24.7903 16.2543
25.3143 18.9268
23.5685 17.8858
24.4802 18.2312
25.5537 20.2858
25.3614 17.8502
25.3614 17.3914
23.7083 17.6692
24.9743 19.3897
24.4673 18.528
26.2065 17.5875
25.557 19.5425
24.9078 18.3239
24.8148 19.4562
26.4091 18.1217
26.6868 17.8313
27.6121 15.6627
25.8443 18.5948
24.4517 17.4862
25.7484 15.3094
25.3633 16.2945
24.3557 18.0935
23.7764 20.5611
24.7146 20.3385
24.5934 21.1824
23.7233 18.6017
24.1365 21.1387
23.8942 18.186
24.8961 17.9752
23.9822 19.1899
24.6296 18.9811
25.293 18.9345
24.5909 19.3069
24.6387 17.4678
23.5974 19.6779
23.92 21.3376
25.697 17.0754
26.6553 20.6472
26.3535 19.8846
25.9331 18.0101
26.296 17.6342
25.2382 16.271
25.2989 20.3321
24.8115 17.2296
23.5488 19.873
22.8664 21.846
23.1602 21.0365
23.4212 19.7521
24.8644 18.6311
25.5926 20.5313
25.5926 19.3156
25.2184 18.0409
25.1444 17.7441
24.4311 20.0578
24.4894 19.2755
24.9661 18.1652
24.4502 19.1157
24.4787 19.1025
24.4583 19.6355
24.3947 18.745
24.1998 19.0334
24.1998 18.1374
22.8514 21.8607
24.3104 20.492
23.8121 18.8471
26.0127 18.9018
24.5905 18.5995
23.1617 21.9713
23.7781 22.1095
25.3848 20.1806
26.052 19.8141
25.8116 17.8442
27.0561 18.3994
26.6626 18.8009
26.0624 19.1144
26.0488 18.8018
26.0478 18.7992
25.3441 18.1832
25.6711 19.4303
26.048 18.0122
26.7624 16.9874
27.7585 18.2021
28.867 18.537
27.6974 18.9118
28.8764 18.9198
27.0519 18.8176
26.4694 19.4104
25.4532 21.3026
25.3209 20.0496
24.1746 19.0636
24.6286 18.5997
24.0092 19.2582
25.2351 19.317
25.2636 18.9378
25.7784 18.522
25.7723 18.0863
25.3874 18.6161
24.1853 19.7746
24.666 18.2929
24.6854 18.0165
25.4407 16.6641
25.5567 19.3418
27.4227 20.563
24.7658 17.5294
25.3721 18.6464
24.8857 20.4171
24.731 18.1164
24.8956 18.7083
24.2762 17.9677
24.0951 17.3686
24.1458 19.365
24.7194 15.8432
25.2922 20.1916
24.82 20.9304
24.5053 16.8563
25.2135 18.196
25.605 17.7383
26.5102 18.1269
26.9527 19.0056
26.9927 20.068
26.1141 20.8604
27.9802 18.7264
30.3744 19.3719
30.7595 19.701
30.7595 19.6567
30.7595 19.7289
27.5357 20.5175
27.4773 19.0616
27.2586 18.8766
28.7934 19.8383
28.3343 21.3989
30.4586 18.3239
30.7036 17.9564
29.3995 17.4014
29.3033 18.4841
29.1673 18.0066
28.2959 19.9733
28.5043 17.8172
28.1807 18.0758
28.1809 19.6852
28.4847 18.9011
27.6368 16.8741
27.0284 19.2974
26.8006 18.4425
28.1726 17.9539
27.1249 17.7399
27.7448 19.0983
27.7481 17.105
26.1662 19.8928
25.2641 18.7805
26.7093 17.605
27.0895 18.3947
26.868 17.4895
28.0492 18.7844
24.7807 18.8804
24.7807 18.0961
24.2921 19.3737
25.1269 19.1005
24.4732 18.9119
25.726 18.6622
25.1097 19.8252
24.6677 19.5286
24.1261 18.7855
24.6807 18.2556
24.6807 20.8895
23.5204 18.4977
24.6458 19.6967
24.6277 18.8445
24.6273 17.5129
24.6273 18.6686
23.3618 19.2739
23.9293 19.1262
25.2074 19.2917
25.1525 19.5509
25.6166 20.0745
26.2065 18.205
27.1616 18.9884
27.0524 18.4193
27.1417 18.1034
29.1953 18.3554
27.3643 17.7464
27.4571 18.6623
27.0811 16.6959
26.3744 18.0307
25.2203 19.8856
26.2978 18.2525
26.7754 16.1774
24.3736 20.663
24.6534 18.5389
25.6213 17.2707
25.1875 18.5993
24.5277 17.3417
23.8611 18.4039
23.4541 19.3011
23.4541 21.4589
23.1065 22.658
23.6576 18.5835
24.3714 18.8333
24.3476 19.1266
24.0539 18.9586
24.694 19.0004
25.5271 18.1809
25.5271 17.9431
25.1275 18.7779
24.3142 19.097
24.2044 19.3065
24.7407 18.4852
24.755 16.9983
25.7563 17.3338
26.4967 17.3312
26.1645 18.8496
25.4825 19.5859
25.4825 19.8839
26.7638 17.9318
26.7434 17.7789
26.874 17.9078
26.8942 18.3903
26.5998 20.6039
31.6499 19.0525
33 17.9347
30.9238 19.3055
29.3562 16.9335
28.535 19.373
30.1613 18.6692
30.9038 18.0817
30.7906 17.9364
31.0723 19.1539
29.4269 18.9488
29.8164 18.7516
30.0281 17.0829
30.2131 18.7961
30.2131 17.8036
30.2532 17.6674
29.9422 16.2202
29.8528 19.1889
28.3714 17.8385
26.532 17.385
26.4049 19.9168
26.5376 18.8975
26.0306 19.232
26.1706 19.2075
24.7884 19.1765
24.1002 19.1593
24.642 18.8686
24.0928 18.833
24.4573 18.2285
23.167 20.2902
25.2658 19.1627
25.3379 16.9981
25.5834 19.2643
25.0458 19.8781
24.9216 19.5431
24.9036 20.4031
27.2493 19.7752
27.3734 16.407
27.5651 18.6936
27.1922 18.7714
26.8999 17.9783
27.7368 16.5069
27.7587 15.9173
26.9702 19.851
24.132 19.9848
25.4513 19.3195
25.9387 19.57
25.3549 19.1735
23.9249 18.8893
24.0387 20.88
24.0824 18.5695
23.3561 20.5406
23.4022 21.5224
23.9252 21.2
25.8285 21.9661
26.4465 18.1365
27.5951 19.6174
26.8792 17.7642
27.7669 16.0201
26.8284 19.232
26.1428 19.3518
25.3818 19.6193
25.72 17.5442
24.2739 21.4369
24.4431 19.4425
24.7637 21.439
25.7455 19.0715
27.3246 17.351
25.5265 18.9243
23.8097 20.1988
24.7108 19.1651
24.8763 19.5126
25.1763 20.0213
25.3629 20.0333
24.9982 19.0062
26.1048 19.1108
25.9386 19.3972
25.5215 20.2376
25.5215 18.9125
25.9419 17.2316
26.0319 19.1978
25.6222 19.4505
25.8634 19.1905
25.3884 20.1233
24.6517 20.1043
24.7486 20.7653
25.0592 20.1189
24.5131 19.5573
24.2107 19.4918
25.124 19.5074
25.0528 19.3126
26.6976 19.406
28.275 18.3819
29.3828 19.3654
28.218 17.9442
26.1261 18.9297
25.8733 19.5569
25.014 18.8085
24.3601 19.5461
24.2526 18.7908
24.8728 18.3581
25.399 17.8163
25.6085 18.7643
25.6789 16.1346
25.2269 18.9829
24.9969 20.3471
24.403 19.3216
24.1208 21.5
24.2326 20.7912
24.1941 20.8203
23.5909 19.9732
23.5546 20.7026
24.132 18.9566
24.1451 18.369
25.1257 20.3373
24.7635 18.4608
23.5703 19.7745
24.2155 18.5269
23.7454 18.8009
23.6959 19.061
24.3763 20.4123
25.8272 16.7623
26.5219 17.8337
26.199 18.9194
25.6055 19.2227
24.5135 19.2421
24.614 18.294
25.6595 19.4923
25.5915 21.2833
25.8307 19.3607
25.0521 17.8819
26.9002 17.5179
26.0317 20.9868
26.5423 19.809
28.7881 17.84
27.628 19.407
28.9059 18.3924
27.0418 18.2537
28.8771 17.1829
27.9632 16.9134
27.0622 18.7131
26.8809 18.74
26.5405 18.7919
27.0892 18.0467
26.3875 21.0247
27.4475 18.8257
27.2806 18.9838
27.1234 20.6069
27.8789 20.4709
27.4829 18.4397
26.1677 19.9055
26.4545 19.2696
26.9438 19.2311
26.6323 18.4036
26.1235 19.6759
26.6062 17.4377
26.4481 19.2567
28.6013 14.3288
27.6105 19.2192
28.168 20.4681
26.8958 19.3531
26.5031 20.0754
25.9323 20.3414
26.8527 18.0739
25.9698 20.8142
26.4127 17.7863
27.768 17.9115
27.756 18.1483
26.4714 18.7734
27.2953 19.1243
27.7834 17.8031
26.2605 19.7876
26.3815 18.7855
28.1824 17.6027
28.2564 19.4209
26.7167 18.2429
27.3414 19.603
28.4066 19.5363
26.7365 20.9762
27.5604 20.9762
28.2768 19.4146
26.145 18.7972
26.3099 20.6153
27.3459 21.3494
26.9998 18.7424
26.031 17.5466
25.8952 18.0642
24.1805 19.0906
25.7099 18.3869
25.3746 18.9608
26.2092 19.7992
26.3533 19.6826
25.3963 20.2174
24.5844 20.8156
24.597 16.3158
24.8876 18.6315
25.3591 18.4604
24.1204 17.8763
23.8767 22.4742
23.7305 19.6618
24.7707 21.6115
25.8814 18.5503
25.4271 17.4496
26.3662 17.9684
26.5953 16.9904
26.6633 17.0557
25.5121 18.6076
24.9142 19.4986
24.7302 20.0445
24.2407 18.8904
24.384 20.4584
25.3206 19.7538
24.8175 17.7404
25.451 17.7205
25.7523 18.7744
24.6213 19.5544
25.7979 16.8783
27.8063 18.0271
27.2552 17.634
27.3006 17.1137
27.3006 17.7157
27.029 18.0185
23.8125 19.3224
23.866 18.9059
24.7425 18.8071
24.873 17.9765
25.6517 19.4914
25.1078 20.3289
25.1469 21.5029
24.959 19.2359
24.5675 21.0688
25.394 20.3059
26.5502 19.3931
26.6456 18.9149
25.8335 18.7882
24.7153 17.5831
26.7867 16.0536
25.3618 20.1073
24.714 19.6775
25.2191 17.6538
25.0852 19.1222
26.179 17.7569
27.0302 17.9601
25.4584 18.4908
23.6209 19.7067
23.3464 20.0092
23.4722 20.7147
23.7658 18.3641
23.5038 19.2485
23.8026 19.2514
24.0121 19.6507
23.3116 19.5745
24.0301 18.418
24.1782 20.2569
24.9821 20.8437
24.4885 17.2472
24.849 20.8631
25.3251 18.9084
26.1151 16.3448
24.8977 19.6966
23.5879 19.5599
23.1624 21.0559
23.9428 20.8032
25.0423 19.0834
24.5059 18.6792
24.3938 17.5515
24.3938 18.8789
23.3259 20.812
24.3346 20.0008
24.3705 19.0121
24.2688 21.0259
23.4033 20.1856
23.9138 20.9107
26.4002 17.6927
26.0037 19.6105
27.7035 19.3419
27.5888 19.9423
28.4981 19.9781
27.205 17.7614
27.9942 17.1599
27.1384 17.9607
27.1384 18.2267
27.1844 19.5406
28.0076 19.3377
28.0705 18.7802
28.4092 18.4964
28.0552 18.4149
27.5596 18.6891
27.5596 15.5343
27.4658 17.8758
27.0525 17.7374
25.9917 18.0174
25.276 15.8133
25.5041 18.3919
25.8223 16.7379
25.8363 18.012
25.9819 17.2145
25.3319 19.386
26.1088 21.1924
25.2966 20.5269
26.1117 17.2669
26.1117 17.9467
25.7809 18.4222
25.7998 19.9777
26.6634 18.2916
24.1713 19.9626
24.686 19.1684
26.6645 19.3349
26.8289 19.3851
25.9186 21.378
25.9186 20.0167
26.4559 19.2096
25.9822 19.0319
26.0024 20.5583
23.7531 21.3844
23.1617 19.3489
23.856 19.1134
22.6608 20.8362
24.6487 17.2763
25.0207 18.2782
24.2653 18.6087
23.8496 18.299
23.7271 19.0458
23.5169 19.7963
24.3078 19.0373
23.4262 20.5524
22.3933 20.4848
22.5083 20.0251
22.5083 20.4169
23.3186 21.7277
24.1123 21.6298
25.2202 18.8501
24.628 18.5616
25.99 16.7957
25.4298 18.2148
23.8537 18.4432
23.7444 18.3352
25.1846 19.6694
26.2617 20.5518
26.6687 20.1387
27.9086 18.5907
27.8319 20.1153
25.4508 19.3696
27.7667 19.3685
28.207 18.0143
28.0632 16.6187
27.8178 18.6398
28.1243 18.5101
28.0858 17.7985
28.0153 19.127
28.0268 20.0666
28.043 20.2364
28.6495 18.7523
29.44 16.8601
28.2483 18.7347
29.399 19.9125
29.5266 18.5435
30.0034 18.7208
30.0264 18.6708
28.8583 19.7274
29.7076 14.8919
28.6958 18.8105
26.2363 18.5349
26.9875 17.6358
26.2252 17.3597
28.2462 17.5396
26.0218 20.2272
25.4914 18.2924
25.4746 19.1607
26.2496 17.9083
28.052 19.0025
28.4767 18.9252
28.3439 18.0289
28.5051 18.1899
28.498 17.2021
27.8647 18.8167
27.8946 18.6348
29.2387 19.4586
30.0995 17.0584
29.1967 18.7384
30.2876 22.4586
31.6333 17.3608
30.6785 16.6464
28.9956 16.5607
28.1938 18.492
25.8989 18.3865
25.4188 19.3387
25.5675 20.0861
25.7148 18.5517
25.6024 19.5877
24.8469 18.0392
25.9972 19.2797
25.8837 17.8296
27.1342 16.6702
28.188 17.3759
27.0803 16.7296
27.3481 16.0381
25.9116 18.6117
26.2817 20.2043
26.654 19.0261
26.8476 17.67
27.3779 16.5755
27.1569 18.2563
26.7532 17.5419
26.0826 16.8339
26.6568 17.8893
26.0048 18.2032
26.7281 18.8563
26.9434 18.6289
