102.114 24.7134
114.168 23.3779
110.449 22.8366
109.845 23.0895
107.144 25.806
110.946 22.8058
118.633 24.1416
118.897 22.0812
115.601 23.5419
112.995 23.9487
116.232 22.4325
118.389 22.888
112.134 24.4397
115.471 22.2328
120.94 22.8974
108.011 22.8277
109.197 21.9739
115.039 22.4138
113.512 24.3352
111.915 25.1907
116.784 23.5546
107.663 22.0627
99.9296 25.6772
104.303 25.1632
108.449 23.8435
106.859 23.4875
106.928 24.0554
105.232 23.6389
100.058 23.5529
105.431 23.5909
109.877 24.413
109.912 22.5192
109.921 24.8614
111.18 22.4433
103.841 23.5678
103.636 24.25
94.0088 23.7699
95.2199 23.0198
106.314 22.5205
105.88 23.6011
105.639 22.9309
117.017 22.4702
119.336 22.8372
112.885 22.6162
112.463 22.9655
105.732 22.9407
103.912 23.1558
109.487 22.6786
112.901 23.4714
116.603 23.2511
119.061 22.6099
110.499 23.4621
100.499 24.1797
109.963 23.9834
113.443 21.0588
106.426 21.9584
103.76 21.6709
105.246 24.0987
109.398 23.3902
107.335 24.3155
102.222 24.5641
105.162 24.2803
115.976 22.4702
110.906 22.7514
111.932 24.0989
103.953 22.4088
101.714 22.15
111.98 22.666
110.269 22.9715
108.921 22.3059
117.615 22.6471
110.861 21.7201
104.179 23.8205
112.248 23.102
116.852 23.1598
114.759 22.8232
108.254 23.2036
106.481 22.8983
106.262 22.8937
108.194 23.416
102.948 23.2925
104.255 24.8442
104.413 22.2351
109.813 23.4706
107.177 24.5172
105.781 23.129
108.411 23.0107
113.17 22.1719
119.333 22.7031
116.261 22.9557
112.094 22.1229
112.764 21.1778
117.297 23.3217
115 22.3189
117.135 21.5839
121.404 23.9626
121.418 24.5487
126.57 23.531
131.199 23.1377
128.308 22.4621
129.472 22.4325
115.095 22.2613
111.848 23.3695
108.316 23.3883
111.638 22.8511
114.83 23.6585
108.066 24.9806
107.818 24.8678
105.382 22.1443
105.533 22.4775
106.141 23.333
102.329 24.3474
103.411 23.2581
106.015 22.3855
107.154 22.0178
102.623 21.8489
108.409 21.5055
98.3076 23.8113
96.4648 23.0535
104.127 23.867
106.384 24.2023
106.778 24.0412
100.19 24.5536
100.423 24.3697
98.1539 23.9525
93.333 23.2766
85.8027 23.1539
91.2117 20.8853
87.5513 24.8709
95.8996 24.8015
96.8483 24.3562
91.0256 23.024
99.6118 22.4826
108.25 22.821
99.6726 23.6425
94.0201 23.6983
96.1083 24.081
98.246 23.8407
103.971 22.3624
105.748 23.8217
95.041 23.0257
96.4352 22.9842
99.7114 23.2592
97.9439 23.5782
100.322 24.5356
97.4667 23.7209
101.14 24.5838
103.416 23.8311
116.274 22.696
106.169 23.7215
101.967 23.5567
101.587 23.6884
108.214 23.4904
114.217 23.4144
119.179 23.844
127.834 22.9264
124.351 22.5718
125.755 22.0417
132.521 23.8032
127.95 23.1892
127.958 23.5687
125.804 23.0505
121.747 22.6717
122.871 22.2593
109.429 23.188
113.483 24.9182
117.85 23.5495
112.516 23.6461
112.771 24.4526
114.903 24.5423
126.936 21.3865
124.569 22.7321
118.244 23.5073
107.771 23.419
117.391 23.2011
116.049 23.1831
115.75 23.6658
115.466 24.2815
122.956 25.0483
115.995 24.1938
122.535 22.674
118.716 22.1261
112.776 23.5
112.776 23.5551
109.592 24.0354
108.107 22.5402
106.841 24.8759
106.58 23.6143
109.631 23.3658
113.537 22.445
111.608 23.2129
116.161 21.7393
116.161 22.6484
106.704 24.8819
107.321 22.7632
107.196 23.0964
112.668 21.6619
111.45 24.178
116.433 21.2843
116.632 23.5324
110.426 24.2851
109.59 23.7454
110.801 22.8377
99.4314 22.8634
102.355 23.0893
100.957 22.7215
108.371 22.4631
100.34 22.7176
99.5889 24.6728
110.579 21.7741
99.6168 24.2368
101.8 23.7911
103.161 22.3783
101.534 21.8134
103.726 23.7733
100.705 23.9869
109.931 22.241
106.258 24.6676
105.575 24.4896
105.327 24.4524
108.11 23.7752
122.977 23.6911
124.982 23.0571
125.062 23.7552
126.885 22.4252
139.209 23.5667
134.456 22.5093
139.962 22.8574
126.825 22.3223
135.657 22.7891
137.534 24.4247
124.236 24.6233
115.84 24.3685
124.491 21.5293
121.062 22.1067
115.8 23.4248
109.263 22.9976
106.884 23.2457
111.351 23.3884
106.852 22.6832
101.757 22.5527
112.806 22.3703
106.294 23.7843
101.347 23.774
107.701 24.0182
114.356 24.0019
112.918 23.7978
118.998 23.1739
105.681 22.2576
112.9 22.8069
106.291 22.8902
109.915 22.8687
109.418 23.1487
105.957 23.3277
108.699 23.1142
112.32 23.1335
107.274 23.4193
104.792 23.4814
116.294 22.9337
114.047 22.5568
115.488 22.9713
110.144 23.5159
115.089 23.4519
112.929 23.6383
124.973 23.3774
123.403 21.2137
116.599 22.8569
112.305 24.186
113.345 24.7345
109.357 22.8248
102.056 24.8358
104.337 21.3594
97.9868 26.3434
100.191 24.8039
118.614 23.3075
105.056 23.2687
116.76 23.6786
119.228 22.1708
114.6 22.143
107.182 24.2159
100.09 23.8164
102.263 24.5464
111.438 24.5832
109.38 22.9158
108.928 22.755
105.004 24.875
115.723 22.5831
113.825 23.638
109.047 23.4587
105.79 23.6945
101.709 24.4589
105.129 23.3157
115.467 23.648
102.84 22.9005
112.349 23.0087
106.523 23.8988
114.626 22.6537
105.799 23.3188
103.745 23.8627
105.649 22.7199
109.639 23.8837
106.745 23.3697
107.356 24.7327
111.023 24.0889
115.407 22.3513
113.552 22.3664
112.11 22.516
116.626 22.4332
110.018 23.3969
103.718 23.8308
115.019 23.9727
116.472 24.1925
110.291 24.0336
116.823 24.5783
108.118 23.3613
112.42 23.5982
106.09 24.0692
104.727 23.8743
108.087 22.9166
107.831 23.7887
105.786 23.5933
113.28 24.6189
113.41 23.7733
112.366 23.2259
125.009 24.4101
130.995 24.6672
128.914 22.572
114.311 23.9685
110.771 24.7028
116.501 22.4669
104.88 23.2187
113.973 22.6169
100.09 24.744
104.997 22.4559
96.5985 22.8654
108.863 22.7409
108.382 22.9867
110.021 23.7826
104.488 25.4292
96.3232 23.6002
100.631 23.7689
107.188 23.0807
97.8358 23.4555
105.286 23.4166
108.029 23.4338
103 22.5943
121.375 22.9283
120.62 21.9672
115.883 21.7147
119.793 20.7789
116.247 23.2187
108.46 23.7881
110.418 24.0495
102.844 23.1143
110.881 23.6448
113.057 23.675
108.597 23.0322
105.86 23.0189
107.309 22.9948
105.952 24.7565
108.531 23.058
99.2603 22.2275
107.589 21.5805
107.589 22.6139
102.747 22.114
104.349 23.3749
107.28 23.1546
105.059 23.218
97.8992 22.1919
102.396 22.8989
100.71 23.8848
102.4 23.2305
117.333 22.7388
105.207 23.0437
102.777 24.7136
114.885 20.6106
107.322 21.7372
109.31 23.8078
107.1 23.2006
113.265 23.9259
111.824 22.6045
113.597 22.0547
110.487 22.5759
106.241 23.0841
104.807 24.7209
114.232 23.5909
108.701 24.2797
118.422 24.3435
114.314 24.0042
116.484 23.4428
117.907 23.2902
117.994 24.3458
115.58 23.97
105.585 24.0685
102.498 23.9577
108.834 22.4933
106.573 23.6804
108.47 22.9762
101.5 21.7803
101.342 23.2279
86.2182 24.0503
89.3186 23.7469
103.87 24.0045
103.016 24.9692
103.016 24.2787
104.086 25.8384
110.319 24.3156
109.563 24.1193
106.937 23.3987
98.4117 22.5846
102.698 23.1658
114.559 24.3168
117.769 21.9788
115.925 23.8482
114.49 22.6131
101.837 24.9751
112.735 22.6985
118.194 23.2314
114.703 22.3898
122.151 22.3015
118.281 23.4993
127.186 22.7528
129.391 23.057
113.706 23.0981
121.16 21.8248
117.01 22.1489
115.915 23.5322
109.573 23.142
110.698 23.0969
106.987 23.6397
120.854 23.974
103.149 23.622
106.503 23.6062
108.253 24.4723
108.609 22.8836
109.548 23.4707
112.74 22.0599
109.379 24.1322
103.796 23.4418
102.76 23.3406
108.193 22.6493
106.579 24.2603
109.782 22.7085
103.443 23.3162
100.912 23.4709
103.077 23.5898
101.695 23.3276
99.3347 22.9534
104.268 23.8562
96.9947 23.5811
91.7416 23.5764
87.3071 23.6718
90.9072 23.2558
84.2547 21.6948
90.2714 22.1918
90.2714 21.423
93.4676 25.6202
95.9844 22.9006
102.037 22.3711
93.1762 22.8977
96.7328 25.0145
95.3436 23.8593
99.0305 22.8761
108.516 22.1071
110.296 23.6504
100.817 21.9319
100.461 22.1882
109.716 23.4171
101.472 23.5779
99.1151 23.4682
98.5349 23.8009
99.0214 24.1598
104.396 23.7841
105.091 23.2026
99.2965 24.6326
98.334 24.0481
97.6977 23.1628
105.905 22.9547
103.068 22.2556
107.564 22.4817
103.54 22.6447
97.0616 22.8483
94.6453 23.9778
105.404 23.5765
112.179 23.9909
114.463 24.5755
113.87 23.271
99.814 24.2119
104.016 22.9858
104.58 23.489
104.432 24.2969
115.366 22.6224
104.356 23.7167
107.794 23.2262
94.3952 22.7894
104.371 22.6089
102.085 24.3612
93.414 23.8258
94.7861 23.0851
102.127 22.6003
108.144 23.6364
104.038 22.4035
112.664 22.8016
112.661 22.4232
110.044 23.3004
110.754 22.126
107.376 21.5828
106.7 23.6664
108.028 24.4599
104.216 23.452
101.004 24.7785
101.731 23.3141
101.66 22.9724
99.3354 24.1935
103.757 23.3874
101.465 22.2964
107.869 22.1944
102.558 24.3639
106.338 24.8297
110.595 23.9693
118.494 22.9556
109.948 22.5326
104.749 23.8447
103.664 23.6302
115.515 23.0362
115.515 25.3707
119.175 22.6975
111.068 22.9248
114.439 22.8795
112.902 24.4719
114.906 24.3566
118.001 24.126
126.811 23.2328
113.162 23.9108
122.608 21.4123
114.877 23.6828
124.913 21.275
121.28 21.7196
107.625 23.2988
108.092 22.9278
110.411 22.5653
107.544 23.084
113.158 22.9528
102.864 24.2941
110.402 21.8001
113.486 22.3104
110.905 22.4941
109.294 24.2514
103.439 23.939
103.63 23.8411
103.193 23.845
110.713 23.1089
104.16 22.4261
109.753 22.4568
107.654 21.956
109.936 22.278
109.97 23.6749
106.484 25.0096
109.947 23.8909
116.049 23.6736
113.778 22.1576
113.132 23.9387
105.918 23.7225
107.82 22.1735
115.752 23.555
106.033 22.8268
107.114 23.3118
108.778 23.4066
107.776 23.319
104.743 22.6249
110.092 24.3451
115.502 23.5829
115.764 24.232
123.06 22.4908
115.8 24.1529
113.884 23.1168
117.917 24.0389
113.576 23.5307
117.903 21.1678
113.654 25.0315
119.282 23.2021
124.18 21.1492
109.714 24.3112
100.076 24.3965
104.36 22.0892
107.465 21.436
107.07 22.7155
121.169 22.0859
120.376 23.2255
118.41 23.603
111.465 23.9398
111.449 23.9652
112.859 23.3188
116.421 23.3542
117.01 24.2079
112.919 24.0965
112.828 23.1061
112.583 23.7031
109.002 22.6232
108.948 22.8624
110.845 22.5138
98.3574 22.9026
102.417 23.2144
101.701 23.0125
106.536 21.9733
100.921 24.2993
103.034 23.9772
105.243 23.3325
113.031 23.7016
116.173 22.9308
112.263 22.5728
112.727 24.72
109.464 24.6806
120.941 23.6905
116.27 22.5343
113.542 23.3968
106.085 21.6506
102.768 23.069
94.8721 24.7314
93.8677 24.5056
94.9367 24.253
88.6246 24.6048
92.0571 22.6253
93.7967 24.1677
98.0209 22.7723
104.018 22.4701
110.244 22.3638
117.251 23.2039
102.766 23.2818
110.062 24.5486
118.539 22.944
114.862 22.1918
110.953 23.637
112.474 22.9458
113.443 23.4563
111.055 23.734
107.597 22.9945
107.845 23.5706
114.273 23.0662
115.212 22.4996
111.543 23.0404
119.015 22.1738
113.925 23.0718
113.845 23.5908
118.619 21.4
117.959 24.566
119.997 23.6222
113.996 23.7589
116.301 23.3564
122.02 23.4558
117.465 22.7836
115.444 23.902
117.891 24.1954
129.327 23.4545
129.327 21.9433
120.683 25.3896
126.953 22.9656
121.615 23.7481
118.086 23.4171
117.116 24.3502
121.967 23.4887
119.68 24.5301
121.754 24.5505
126.394 23.9459
120.201 23.6087
118.297 23.2923
118.006 22.4761
112.338 22.6678
107.677 23.0624
108.998 24.0047
99.5382 25.3569
100.133 23.9634
102.703 23.7424
109.988 24.2009
108.494 24.2884
108.036 21.4832
111.315 21.4168
102.363 25.0614
110.268 21.845
116.912 21.4878
116.912 24.152
113.079 22.776
108.943 22.8367
119.664 22.2945
114.955 22.6454
108.947 25.2429
103.154 24.9457
110.126 24.1985
107.514 24.7254
120.338 24.9877
112.413 24.6263
117.961 21.3273
115.298 25.0359
107.288 23.5835
109.589 22.5877
106.963 23.274
105.524 22.6929
111.053 23.108
110.438 23.1911
102.623 22.8105
105.545 24.0183
104.277 23.0012
104.768 23.492
109.715 24.1007
109.725 24.1443
103.841 22.7851
100.771 22.8647
100.778 24.2676
95.8829 24.2216
103.512 24.656
105.412 22.2625
104.575 23.6928
106.53 23.0419
112.551 22.4595
111.715 23.7324
117.66 22.0023
118.88 22.2895
114.237 22.1685
113.478 23.5259
112.804 21.71
115.391 23.974
106.887 23.8209
108.18 22.7092
109.757 23.0494
110.97 24.5622
102.353 23.7725
103.372 24.8005
101.658 23.032
101.796 24.1841
104.57 23.4424
107.216 22.5386
106.402 21.7877
114.234 23.5266
109.347 24.0883
119.996 24.2129
131.184 23.6468
132.458 24.5122
132.458 22.0438
123.501 23.9815
122.033 22.8204
116.4 22.8899
106.221 23.5722
101.266 23.2819
99.9668 23.5338
102.187 23.35
96.1628 24.6935
97.1228 23.6657
92.4379 24.5721
104.695 21.1587
107.292 24.4405
105.097 24.1601
119.858 24.4624
120.579 22.508
112.511 22.5637
106.237 24.8051
101.408 23.2068
101.644 24.7898
99.7892 23.2767
104.445 22.9255
103.504 23.1265
110.022 23.6212
106.154 23.6623
104.5 22.4998
106.194 23.1737
106.293 22.2537
110.127 22.5209
108.945 22.7793
110.357 22.3842
117.904 21.4239
118.769 22.0542
106.751 24.5359
99.2501 21.0234
94.0579 23.6537
93.0876 23.3947
92.516 23.1378
106.227 23.1443
105.119 22.4318
109.907 24.1866
99.4349 23.2628
101.052 24.2434
102.944 22.9908
107.595 24.8758
100.891 23.6321
104.737 22.7884
112.845 23.821
107.596 25.0803
111.741 24.7428
107.789 23.6586
114.161 23.6807
111.962 23.6629
112.788 22.2803
107.98 22.8603
113.189 22.8025
109.924 22.991
110.136 23.1986
121.185 23.9502
116.803 22.0615
115.887 23.5798
120.845 23.1564
110.093 23.2249
115.932 24.2281
118.147 23.484
134.105 23.4942
124.799 22.5837
121.05 22.9965
128.311 22.9276
120.158 23.7752
122.431 21.6233
118.136 22.6262
121.185 23.778
116.465 23.3408
125.249 23.7827
117.812 22.8477
120.043 22.9035
114.952 24.5368
124.379 23.2389
120.555 25.1449
109.505 22.3799
114.879 23.3266
110.793 24.3749
100.876 23.0594
106.876 23.133
97.4297 23.0436
95.2825 23.448
94.1564 23.4985
91.1788 23.1796
82.3492 22.2749
90.2455 23.1685
97.2137 22.8655
84.6345 22.917
84.6345 23.9208
89.0105 24.0387
85.9345 22.9652
96.3548 24.0515
97.9974 23.9962
97.5839 25.0331
102.669 23.4088
107.064 23.6609
107.671 23.2545
101.269 23.2372
110.05 23.4195
106.709 21.8543
106.349 24.1803
108.543 22.2409
106 24.5129
101.603 24.2181
103.628 22.4261
104.575 22.4324
103.784 21.3987
100.741 24.0985
93.247 22.7727
88.7312 23.5384
97.5766 23.8748
96.3724 24.8844
111.577 23.42
113.929 24.0758
109.579 23.1812
115.02 24.1417
111.529 23.8992
109.986 22.7695
112.75 23.714
107.56 21.9608
110.206 23.4549
100.968 23.6539
91.5618 22.6287
95.1027 21.7602
106.342 21.1445
112.316 22.453
107.629 24.1514
110.178 22.9406
110.247 25.0948
109.417 23.5754
105.999 22.3841
110.08 23.8389
109.919 24.2029
109.384 23.6559
104.824 23.9267
100.155 23.8961
109.902 23.9398
109.296 23.1162
111.759 22.9274
130.139 22.2733
119.163 22.1471
111.126 22.6953
111.126 22.8005
115.829 22.8799
107.703 22.7323
110.583 24.3214
115.579 21.9801
115.579 22.5643
107.43 24.0129
109.359 23.8
114.857 23.3797
103.985 24.5555
102.088 23.4763
108.276 22.8816
107.507 23.6972
108.97 24.0412
105.526 23.2828
101.722 23.59
102.821 23.181
111.76 25.0167
100.759 24.3356
108.639 24.0762
109.141 23.1685
110.226 22.9287
106.719 23.7381
103.886 24.7487
109.049 22.8939
104.077 22.1526
105.454 23.627
103.112 23.6853
104.763 24.5186
107.842 22.3812
110.084 24.1081
100.551 23.0194
109.867 23.1666
100.297 23.176
108.49 23.389
105.164 24.4737
112.579 23.2841
121.295 24.3063
124.809 23.6144
120.5 23.2322
121.822 20.9725
115.829 21.0905
115.341 24.3961
117.038 23.0765
106.754 25.2985
105.415 24.5256
108.816 23.5032
102.177 24.7446
100.011 24.4987
100.851 22.7166
98.2092 23.045
112.523 22.8998
98.0992 23.3957
93.3059 25.7951
105.33 24.0846
103.413 22.921
100.472 23.2553
98.7289 23.1117
100.744 22.2705
111.675 22.5388
116.925 22.6833
115.267 22.4948
108.099 21.9023
107.074 23.0066
103.809 22.5182
111.325 23.4833
108.884 24.0546
101.922 25.0438
101.493 24.0969
111.535 24.5339
112.219 21.1117
110.053 22.5795
109.37 25.1977
115.472 23.3084
108.919 23.4169
92.7006 22.1549
97.313 21.8124
96.2311 24.3521
99.4674 20.6342
100.451 22.5123
103.374 24.1479
107.2 24.718
101.702 24.8614
101.102 23.6566
109.718 22.6557
97.0817 21.9292
94.5393 23.2223
98.5691 22.4953
94.6083 23.1257
99.9645 23.0558
105.162 23.9995
114.226 23.2583
113.497 22.5799
114.265 22.2582
114.973 22.8542
117.575 22.1465
117.963 23.8296
111.505 24.139
114.355 22.8889
118.694 23.4515
110.103 23.4289
116.189 22.9262
104.988 23.131
112.873 23.1399
111.694 20.233
110.868 23.5443
115.012 23.4083
106.16 22.6883
115.706 22.7407
121.642 22.3028
115.892 23.4357
116.971 22.4714
109.802 21.5779
107.494 24.2912
112.738 23.3769
109.595 22.2726
116.961 22.4251
121.785 21.8598
121.378 22.9434
119.989 24.1891
127.471 22.726
127.471 23.0812
122.087 22.5882
118.603 20.9895
97.0161 25.6842
97.913 22.7011
95.2762 24.2964
98.5843 25.075
104.406 24.013
102.032 24.013
100.957 23.6762
99.0908 23.0312
95.1464 22.9858
93.3028 21.0766
97.5271 22.9475
108.181 21.6803
96.3823 22.7103
97.9995 23.4761
93.8265 23.6637
98.4217 23.0017
97.851 25.2553
97.6348 22.4207
96.8354 24.5126
98.8013 23.2945
102.236 24.7046
99.2814 24.4515
105.867 24.0745
103.48 23.8074
100.798 24.2872
105.875 24.09
102.809 23.5783
116.823 22.3991
114.317 22.0942
116.994 22.2166
120.513 22.7641
113.274 23.3187
116.598 23.2429
120.278 22.1654
121.619 22.0664
125.337 21.6399
111.833 24.305
111.355 23.3294
104.319 23.5289
108.376 23.6523
113.812 23.3462
116.769 24.3771
114.966 25.1617
102.036 22.5492
106.177 23.7553
112.96 23.551
111.889 23.2712
115.574 21.1716
97.9291 23.3863
101.432 21.9318
126.022 23.6685
110.623 24.6625
112.701 24.2405
117.267 22.3375
109.724 23.2839
111.744 23.8333
105.919 23.9871
104.923 24.2005
110.876 23.0936
110.362 23.3995
104.096 23.442
104.139 24.1022
102.138 25.2371
103.256 23.5047
109.087 23.1197
109.787 21.6333
110.469 22.2787
110.257 22.1635
112.938 21.636
109.693 22.5607
103.613 23.6342
106.742 23.5879
111.019 23.1745
108.369 23.9689
114.432 23.1513
119.743 23.4298
106.541 23.1219
104.865 23.0413
114.403 23.7617
111.42 23.5583
118.208 23.396
119.917 24.1074
121.432 23.7109
112.47 23.9553
106.107 22.7829
106.113 22.9868
108.019 22.5853
108.939 22.9581
105.021 24.7172
99.6358 23.9095
107.372 21.7806
102.69 22.414
105.184 22.8687
101.747 23.9491
99.2707 24.6535
109.641 22.4703
101.584 22.7312
103.345 24.7835
109.262 23.2574
112.024 25.3334
109.124 24.9826
114.574 23.0049
108.688 24.9702
100.975 23.2976
96.7675 23.2044
96.7675 23.0869
101.058 23.3895
105.577 23.7544
106.334 22.801
98.4389 22.5025
109.72 24.7898
99.8842 24.5261
99.2868 23.4422
89.1447 24.8712
85.2776 24.0406
87.6221 23.1573
86.4607 23.1311
90.3962 22.8528
89.4379 22.9806
104.489 23.3403
108.087 24.4829
116.362 23.1592
114.655 24.2639
119.406 23.8989
126.497 23.0813
125.053 23.2031
121.478 23.1776
121.478 22.9272
115.647 22.5312
108.627 25.2591
111.104 20.8893
115.045 23.886
117.343 23.0251
114.328 21.6574
120.011 22.2885
126.762 22.532
122.229 23.0041
113.711 25.0263
112.97 24.1637
116.833 24.2572
116.185 24.6664
114.502 23.1522
109.656 24.0895
113.511 22.153
113.846 22.3122
125.635 22.699
118.164 21.5277
111.313 22.3614
104.815 22.2089
102.889 23.6538
98.7178 23.7824
111.634 23.6498
114.119 23.7808
122.489 22.4067
112.873 22.081
110.817 23.5664
111.299 23.7449
106.962 23.8967
115.406 25.1375
119.877 23.6462
112.465 23.6765
119.118 23.3491
114.488 22.8507
118.006 23.464
113.159 24.2276
107.888 24.097
108.769 24.2208
112.528 23.419
112.392 23.8818
112.206 23.5541
111.885 23.887
106.63 23.0877
98.907 22.5919
106.134 22.4913
104.948 23.7783
103.676 22.8203
103.676 24.4634
104.694 24.4925
104.694 23.188
112.479 21.9849
107.297 24.2414
100.097 24.7266
114.516 24.7678
106.998 23.5965
103.278 22.9035
111.546 23.1873
110.68 22.3618
112.422 21.5135
110.036 23.6282
113.056 23.0339
113.146 23.4111
103.562 25.8618
113.199 22.516
108.679 22.3527
109.909 24.352
107.007 23.9634
108.291 24.39
118.992 22.6175
116.84 22.271
114.104 23.6104
111.245 23.4234
109.981 23.9211
119.608 22.3125
116.546 23.0568
119.516 23.6159
113.789 23.539
108.677 22.1434
116.231 22.4913
111.171 22.9175
111.41 23.0329
113.918 21.9924
118.601 22.5227
116.561 22.8769
112.026 23.8291
112.162 24.1358
115.599 23.7998
100.858 23.6896
111.747 23.1647
108.993 22.9337
111.649 24.3109
112.236 23.9684
113.496 24.7558
112.975 23.8354
114.001 23.5163
114.161 22.5027
110.103 23.1567
90.3747 23.0871
92.3253 22.7182
95.2731 25.1333
98.0046 23.5594
96.2299 23.7901
90.9985 22.4677
87.9987 23.7792
87.2567 24.0896
89.9583 23.026
90.6857 24.035
89.2508 22.6084
85.1998 24.597
87.6421 23.3176
83.7958 23.4161
89.4989 23.3273
90.056 23.0482
95.4238 23.8114
103.604 24.6594
105.287 22.7958
103.326 23.9447
99.8571 24.4891
106.784 22.7381
100.074 23.2189
104.285 24.1822
103.869 22.7982
99.6451 22.7784
100.571 24.6084
98.4238 23.6865
98.878 23.3336
101.171 23.2067
102.824 21.3751
104.764 24.6418
104.764 23.8692
92.1383 23.8334
95.5221 22.657
98.8488 22.9072
100.918 23.899
101.635 22.8464
105.056 23.1297
100.557 22.5221
97.0696 25.8317
96.1428 24.4785
102.472 22.9526
101.658 22.1013
104.385 24.0574
110.015 23.1239
108.907 23.1239
107.937 22.9285
107.937 22.828
99.6136 23.4302
99.6136 23.1996
102.408 23.9729
100.477 23.1027
100.259 23.3448
100.154 24.2881
101.672 23.6944
102.903 23.9907
107.668 23.7174
104.1 23.4859
102.868 23.6647
107.804 23.1876
107.357 22.9441
105.694 22.62
94.1948 23.314
106.912 23.737
105.306 22.3234
105.465 23.4512
105.316 25.5601
117.946 24.6912
92.304 24.414
92.304 24.2688
93.9435 23.2992
92.812 23.4938
94.6762 22.7996
100.636 23.2004
97.4699 23.9988
103.587 22.5383
98.4053 22.6319
98.2081 22.9306
98.484 23.2248
98.926 24.8326
96.5473 24.9414
100.731 22.6041
93.5734 22.7038
81.4866 23.3951
90.8948 22.5946
87.697 24.1224
95.0558 24.072
95.0998 22.9471
100.118 22.9664
101.25 22.8998
102.79 23.2057
105.285 23.3507
109.028 24.0021
108.696 22.7853
117.146 22.1552
121.062 22.575
109.237 25.0548
110.959 22.9675
112.713 22.5372
110.169 22.973
109.28 22.3055
104.79 24.3052
108.958 22.9768
113.38 23.666
117.755 23.2265
112.447 24.4769
98.9478 24.8711
97.104 24.3488
96.7537 24.1848
105.096 24.6398
103.842 23.655
113.839 24.6996
118.859 23.2072
108.545 23.9663
106.002 23.1327
107.986 23.1581
109.909 23.6502
99.8381 24.8329
106.367 24.3551
101.135 24.0415
101.012 24.8288
97.3973 24.0933
103.08 24.0655
107.737 24.4343
107.824 23.6563
105.021 22.8457
117.987 23.7419
109.148 22.9461
109.749 22.7964
120.975 23.5128
110.715 23.3015
111.437 22.6949
101.825 25.4024
106.242 22.8273
106.433 23.3704
105.467 23.8932
101.129 23.7246
114.035 22.026
109.634 23.6241
109.73 23.3955
110.187 23.4261
106.107 22.5331
110.365 23.8065
111.181 24.0998
106.458 23.3357
106.655 24.2129
107.747 23.0758
115.375 23.0365
108.729 25.3881
107.443 22.698
101.559 24.3148
116.918 23.2959
119.85 24.4609
115.979 23.4873
108.656 24.0925
102.722 24.8313
112.385 23.0548
103.444 23.9451
116.358 22.7243
106.714 22.677
109.849 22.9334
111.316 21.5736
111.872 23.265
107.466 24.581
111.909 24.1159
111.819 22.006
109.679 22.8945
106.867 22.8556
104.146 24.2216
96.8113 24.4749
105.568 24.4894
103.47 22.9658
114.392 23.1313
111.979 22.8912
108.858 23.698
114.439 23.8185
115.698 21.1635
117.553 23.5176
118.864 23.1883
121.075 22.6271
123.182 23.9947
116.756 23.4837
118.365 23.2608
136.207 21.5982
127.623 22.799
119.416 22.5
123.043 23.6921
120.325 24.7457
118.578 23.6121
111.077 24.6876
115.649 24.4079
120.713 23.5064
112.989 23.6273
107.931 24.1921
117.768 22.1445
114.906 21.5311
107.305 22.0724
113.183 22.4737
110.322 23.6889
104.728 24.8013
114.885 24.7139
112.684 24.9815
107.547 22.9895
117.082 21.8901
111 24.8763
111.924 24.7958
112.406 24.3205
110.306 23.8176
112.296 22.563
120.776 21.7271
113.698 24.1854
121.266 23.4919
118.093 25.1129
118.693 23.073
107.205 24.4907
103.908 23.9914
96.4185 25.0023
100.24 24.1882
93.3328 24.3777
92.6796 24.1428
97.3022 23.3746
101.868 23.4723
108.666 21.768
111.318 22.1437
105.034 21.5694
97.2848 23.9064
106.795 24.3481
101.246 24.081
103.528 23.0307
99.5382 25.0133
106.773 24.6689
100.97 22.1576
105.808 23.8282
97.2629 22.9544
97.9525 23.0904
114.816 23.4482
125.104 22.688
112.602 23.4256
114.791 22.369
112.459 24.9464
119.889 22.1578
107.471 22.2673
111.329 24.1283
112.64 23.3359
108.943 24.3456
113.964 21.8715
121.909 20.2689
126.719 22.9208
102.789 24.6749
102.768 24.216
103.499 24.8298
98.7152 23.7238
98.2287 21.7581
97.9084 22.3882
102.175 21.5353
98.532 22.8216
102.338 23.1623
107.181 23.1108
102.996 22.5225
94.9916 22.438
96.9451 22.1994
103.608 23.6672
107.05 22.346
104.685 24.1554
106.149 23.5915
106.149 22.6364
111.378 22.5472
107.635 22.3335
111.883 21.6072
109.554 22.7385
113.495 23.2383
115.351 26.225
101.39 24.4484
111.879 24.9166
110.542 24.0442
108.88 23.3102
112.537 23.1567
110.988 23.1519
105.07 22.7732
110.31 24.0414
106.551 23.666
105.573 22.66
101.879 24.1494
106.123 22.697
106.14 24.8907
105.3 23.7932
104.875 23.4232
109.676 22.6139
105.925 23.2413
99.8681 25.6558
104.737 23.177
102.006 23.2558
97.3738 22.2273
102.593 23.0179
110.846 22.2646
104.29 23.0862
105.756 24.4537
103.452 21.6486
119.048 23.193
108.542 22.4678
111.332 21.2287
112.266 20.941
104.29 25.386
105.175 22.9762
110.877 24.5551
102.903 22.7341
113.243 23.9041
111.812 23.4697
118.437 23.4524
108.202 23.6462
108.73 23.6749
109.007 24.2517
105.645 23.4734
109.052 20.8521
115.443 21.6278
106.86 22.3912
105.073 23.6105
110.492 23.3812
106.353 23.5316
102.838 23.5083
105.582 23.7974
114.793 22.7032
111.064 22.4888
104.002 22.7856
101.103 22.6173
113.739 23.3795
111.355 23.7515
105.06 22.197
99.9611 24.5469
102.787 21.8488
104.045 25.2924
106.98 23.7727
100.022 22.451
95.8257 23.278
105.409 24.2739
110.443 22.6147
104.586 22.9194
106.622 22.462
97.7142 24.5231
97.2545 23.5689
88.1379 24.8135
98.9057 23.6233
99.9553 22.196
92.6355 24.2223
90.0348 22.9822
94.7995 24.084
100.266 24.0671
100.074 24.6029
102.62 22.9207
99.4193 23.695
94.8991 23.209
92.3376 23.0001
96.7522 23.8507
102.382 22.5599
102.449 23.8528
101.909 24.2243
107.261 21.6453
102.87 22.6659
104.339 22.4839
104.495 22.3812
104.638 22.8456
106.402 23.6458
105.214 24.6586
109.629 23.8227
113.86 23.8414
106.68 24.5574
107.431 24.4961
112.462 24.7291
109.234 23.8243
120.274 21.324
116.506 23.0625
104.853 24.254
103.744 21.4879
105.346 24.1358
103.139 23.6989
103.617 24.3063
104.173 24.0704
105.925 23.319
110.287 23.3241
114.168 21.077
114.386 22.7278
118.357 22.8115
113.191 22.1495
112.183 24.4725
106.966 23.3587
107.271 24.6419
109.657 23.6208
108.592 23.456
106.418 25.8441
110.9 23.6848
111.059 23.4757
106.984 24.1972
109.844 23.4963
111.864 23.5982
115.258 23.3842
109.177 23.3809
110.743 21.8516
110.09 21.39
112.28 21.39
100.891 23.7289
104.056 22.6293
106.665 22.1446
102.893 24.1647
109.258 22.7847
107.712 23.3216
100.997 23.9794
108.77 24.883
109.068 22.6805
107.024 22.6938
114.478 22.2011
111.17 22.0562
111.099 22.4395
111.603 22.5823
117.195 22.5157
111.178 22.6958
107.083 24.2108
119.046 22.977
118.323 21.1038
119.448 22.3675
105.243 22.5148
116.453 21.8859
114.671 23.5413
114.374 23.5596
128.893 22.3058
124.645 23.3291
121.324 23.8911
105.461 23.2407
98.5953 23.4082
104.078 23.3245
105.921 23.6517
105.3 23.0201
111.203 23.2237
117.578 23.4043
114.2 22.8241
113.414 22.102
114.268 23.6571
109.154 24.1759
115.327 23.5906
112.798 22.7432
112.267 23.4761
120.407 24.091
119.107 22.0645
119.064 21.3661
119.281 23.2826
119.592 25.5028
122.092 22.7368
122.733 23.6498
122.35 22.6595
124.157 23.3682
122.512 22.6554
122.694 23.104
123.602 24.2947
118.723 24.7784
132.326 21.4828
119.746 23.4026
112.995 23.4156
111.034 23.4584
114.643 21.1703
107.254 23.3369
111.345 23.6246
109.519 23.0842
106.328 23.5249
106.328 22.1951
109.832 21.7746
109.973 22.5518
109.579 22.3187
114.084 22.5788
111.116 22.7673
110.314 22.1133
112.008 22.7433
106.583 23.282
111.479 23.9503
105.585 22.5886
101.057 23.1815
106.861 22.2819
104.519 24.7623
112.968 23.4144
113.283 23.8817
109.215 21.885
106.322 21.806
106.204 22.4036
103.508 24.1774
109.433 21.7528
98.2937 23.5734
109.591 23.0672
108.157 21.6559
105.034 23.7003
104.28 22.9559
103.374 23.1731
93.3851 24.617
105.087 22.7219
101.446 23.6443
112.536 22.4554
112.428 23.4039
99.1061 21.9811
99.5086 25.66
98.5969 23.5561
97.2295 22.9284
92.3749 25.8385
89.812 24.7253
95.5966 22.25
101.805 23.1712
104.283 25.096
109.355 23.6924
111.665 24.1037
117.929 24.2771
114.844 22.4685
110.602 23.4662
118.285 22.9708
108.209 23.3158
124.213 21.1565
118.971 22.7382
108.372 22.8873
108.585 24.425
108.585 22.6379
106.265 21.3991
119.463 22.7921
108.756 23.1585
104.398 23.2557
98.8208 23.8524
98.268 25.5927
104.644 23.5701
126.461 22.6968
121.117 22.6071
114.808 23.2294
109.836 23.7517
108.357 24.0574
109.285 23.8701
102.124 23.47
114.193 23.5073
104.851 23.4543
105.536 23.3144
103.963 25.1263
102.44 23.3415
107.91 22.7878
110.612 23.0317
102.306 23.0242
114.73 22.2291
105.29 23.2638
101.656 23.4395
108.241 23.7958
108.267 24.1956
106.541 24.1469
94.647 24.1639
104.829 24.4593
106.975 23.7358
104.999 23.5024
104.23 23.5958
105.932 22.1131
102.084 21.839
111.936 21.9639
106.638 24.2568
113.633 24.028
115.534 22.8553
107.847 24.3385
103.956 22.3161
102.801 23.8625
110.471 24.3018
111.002 22.4811
117.925 24.2338
105.613 23.583
106.876 23.4253
103.215 24.3043
101.243 23.0613
103.512 23.1534
102.571 23.1028
96.5245 24.1311
108.153 23.1235
106.219 21.4064
99.5376 22.9527
99.7467 23.1097
102.299 22.4401
87.8055 23.1191
91.1001 22.5214
83.4524 23.0113
87.4838 23.3975
87.4838 22.4999
90.9651 22.4715
92.2013 23.4459
101.739 23.1727
116.535 24.0454
104.554 23.6012
108.543 23.7485
99.96 23.9215
100.827 25.0166
104.267 23.5532
115.685 22.3101
117.133 21.4889
116.858 23.1439
106.679 23.6731
103.233 24.5506
107.927 22.9443
107.053 23.3692
106.226 23.1338
107.191 21.9293
108.235 23.4874
108.8 22.7435
98.814 25.2745
104.06 24.1614
102.472 23.3075
101.403 24.2307
105.497 24.0089
99.1712 24.8419
110.713 24.611
117.726 25.2186
115.495 24.2813
109.131 23.8692
101.579 24.7544
101.678 24.4183
105.679 24.3058
101.468 22.8572
103.116 23.8463
108.208 22.6677
99.7601 22.4785
101.224 23.3099
103.599 25.0743
104.607 22.4418
113.339 24.2164
113.611 24.135
115.223 20.6989
117.641 21.7499
115.144 21.9583
112.85 21.926
110.931 22.5597
112.769 23.9618
107.107 23.6579
107.67 22.9165
111.898 24.7974
107.692 22.9048
106.62 21.4848
102.335 23.6787
103.23 23.4823
98.9851 23.3981
101.416 23.3569
101.748 24.2652
104.756 22.4468
100.798 22.529
108.381 23.0606
106.999 24.5009
107.886 23.4802
109.43 21.4901
105.79 25.5054
110.839 22.64
107.292 23.029
104.57 23.1245
113.003 22.6239
118.352 22.7865
129.82 23.2924
132.897 23.8452
133.613 24.0042
131.32 24.1562
134.792 24.087
140.168 23.8731
138.128 24.8596
140.63 22.0483
128.558 20.878
126.719 24.1115
117.808 23.6153
112.903 23.496
106.557 21.4721
114.126 23.3485
115.436 24.4571
115.345 25.5059
116.813 25.3935
112.215 24.0999
101.042 22.6579
99.2471 22.902
98.3331 23.5326
89.1405 23.5854
89.8876 24.6372
89.9108 23.5207
88.725 24.166
88.1032 23.697
82.3797 23.4996
82.2626 22.5192
79.8094 23.0493
81.9856 26.124
92.9266 24.2518
93.5321 24.5177
99.3455 23.0859
100.849 22.9424
102.982 23.4749
99.8223 23.7553
98.0473 23.535
104.639 24.0902
103.135 22.6837
114.083 23.2735
114.807 20.842
115.139 22.3991
112.202 23.9428
110.602 24.5154
113.066 23.9688
110.187 24.6637
110.36 23.9948
109.181 22.9181
116.725 22.5693
111.404 24.8623
111.524 23.0107
111.509 23.5187
108.012 23.3347
109.939 22.0178
109.379 23.6176
99.2104 23.8059
105.347 23.5207
102.291 22.8484
107.83 22.9918
109.553 22.6835
107.616 22.6228
100.288 23.9922
104.481 22.5718
104.357 23.0533
107.792 22.6199
106.06 22.4618
100.635 23.1077
98.4868 23.2558
110.816 22.8119
117.758 23.4339
111.106 24.2003
123.895 23.643
119.326 24.1533
116.42 23.6191
119.525 23.3497
118.679 23.1061
112.261 23.0377
116.843 23.0443
108.176 23.8465
100.367 24.6661
109.189 22.7447
109.081 23.3978
108.108 22.9288
103.205 24.8248
103.025 24.8045
103.067 23.4041
106.432 23.0658
106.419 22.3277
109.734 22.4081
107.803 22.94
104.83 23.8403
109.594 24.4666
119.451 22.1305
117.651 21.7488
119.434 22.2332
107.692 23.288
104.116 24.2261
119.033 23.9535
112.806 23.3532
121.139 23.1
114.903 22.5303
110.355 23.4474
103.388 23.4625
114.974 22.7997
114.894 23.6116
112.124 22.8816
104.253 22.538
113.118 24.391
112.54 23.9134
108.761 21.9976
118.069 24.5404
114.713 23.5349
109.222 23.7628
113.334 23.27
108.85 24.8894
108.763 23.4541
112.703 23.8978
107.841 24.7634
107.668 23.2769
117.294 24.4153
122.316 23.3654
114.638 22.0148
110.021 21.7191
111.005 22.4996
110.016 22.6002
107.068 22.111
103.427 22.6464
98.253 24.294
103.725 24.0903
113.908 23.1756
108.387 24.0352
107.286 22.9451
109.209 21.9367
107.101 23.9166
105.059 21.9653
101.824 23.9099
103.229 23.4151
108.732 23.2364
112.255 23.0252
101.164 23.2381
96.8471 23.857
103.097 24.6032
104.17 23.2583
107.077 23.2879
99.244 24.3594
105.02 24.2126
101.726 23.5477
104.62 24.5369
107.659 24.5297
113.224 24.8398
105.173 23.4869
103.152 23.1421
107.672 23.5844
107.263 23.7244
111.376 22.9821
111.865 21.6396
113.373 23.0518
110.814 22.7001
112.109 22.4254
106.068 23.5488
107.953 24.6562
99.8072 24.2617
102.528 24.3172
97.4402 22.3533
103.993 22.6232
91.824 22.7071
90.4739 22.7339
93.2965 24.4461
86.1984 23.6135
102.877 21.5887
96.7411 22.6319
91.2932 22.6772
108.138 22.5405
107.665 23.8177
106.627 23.6551
100.326 24.4202
107.046 22.279
112.547 21.4848
111.87 21.207
109.109 22.6961
108.635 23.6303
105.06 23.0135
106.038 23.0353
105.553 22.8831
115.421 22.4063
101.246 23.5124
99.5661 22.4183
98.732 22.6454
100.082 22.9669
87.6217 23.4863
93.7685 23.0646
89.5798 25.3016
89.062 24.5408
88.019 24.4243
86.0196 22.7292
95.5549 24.0306
101.814 22.2604
110.966 23.0139
98.4647 23.1834
92.3179 23.9355
84.4646 22.6657
96.6439 22.2232
89.1301 22.1591
84.2902 23.5377
84.2902 23.0287
85.332 23.1373
85.332 23.8571
89.2685 23.2699
98.4766 22.6501
91.0914 23.8216
88.7626 23.446
89.9772 23.9426
89.4885 22.9929
95.5148 21.0712
86.3385 22.8229
88.9311 24.5456
93.5839 22.9644
97.1863 22.7618
100.508 21.7899
94.2005 24.2303
111.763 23.7585
113.337 23.6471
108.08 23.7768
102.631 24.4955
110.093 22.7539
108.262 23.6161
110.436 23.3057
113.959 23.8215
114.664 23.6089
112.632 23.5655
112.606 23.2177
119.049 22.8891
114.331 21.9926
119.037 22.1227
110.088 24.266
113.025 23.4255
111.852 24.1895
113.785 24.1929
105.676 23.3162
111.481 24.4257
112.146 25.2017
117.642 24.6859
112.541 24.2777
112.197 24.6048
121.53 22.8552
115.107 24.5679
110.276 24.3605
110.283 23.6674
110.188 23.3429
108.503 22.6411
113.518 23.7352
122.176 23.5765
117.07 23.6589
113.031 23.7749
114.43 23.6534
117.715 22.7775
116.068 22.8329
115.373 22.9194
116.156 23.3994
109.472 23.6024
106.565 23.922
103.425 22.8307
107.406 22.802
111.986 24.148
111.162 24.5499
108.023 23.3415
106.911 23.4838
103.479 20.7369
102.753 23.5509
105.874 22.6886
107.514 22.2627
112.982 22.076
106.416 23.3266
110.908 22.7638
112.133 21.8742
104.085 24.5747
110.163 24.8787
112.653 24.8929
112.676 23.6159
106.541 25.802
114.096 23.6105
104.16 23.8464
105.065 22.5834
101.086 22.8148
106.018 24.3299
106.364 21.9075
108.413 23.203
108.669 24.2142
117.228 22.3148
118.114 22.2181
120.787 22.5504
117.111 22.3487
115.318 21.456
107.888 24.2767
106.847 22.1541
111.135 22.0576
116.086 21.3044
116.488 22.509
96.2411 24.7798
108.484 23.0324
108.463 22.4991
107.998 22.4743
108.491 24.1629
103.548 25.9551
100.734 24.8204
105.194 23.6741
103.648 22.6052
108.154 21.3099
95.4778 24.2238
103.031 24.0937
99.8204 24.0639
95.5021 21.1103
99.2811 22.0564
104.199 22.3922
108.921 22.728
114.487 22.0847
118.101 21.6904
114.877 21.6954
113.525 22.2141
108.467 22.7625
113.908 23.38
110.463 23.9849
108.076 22.9438
98.5978 24.4908
107.484 22.8687
109.628 24.1873
108.282 23.4157
110.632 24.1636
113.248 25.2819
99.6169 23.4659
110.782 22.2894
107.593 23.0439
118.688 24.9429
101.293 24.4942
105.561 24.5495
107.806 22.7743
100.192 23.4892
104.176 23.1237
107.122 22.6805
110.497 21.6235
105.609 23.7417
103.291 22.4706
111.092 22.8293
108.195 24.0429
106.852 24.588
106.659 23.1506
109.08 22.5099
106.415 23.0994
102.195 23.5144
95.6701 23.2231
89.3944 24.6435
100.029 25.2714
92.1835 23.1062
83.1443 23.5473
96.7401 23.8196
104.287 23.5281
96.3509 24.8679
93.2456 23.5115
94.4247 22.9026
102.768 22.7115
108.6 23.2303
110.179 23.0896
120.878 23.1337
114.461 23.0545
116.598 22.7099
117.17 22.346
114.684 23.3605
124.182 23.7119
119.949 22.8885
119.083 24.6085
116.565 23.3301
111.65 22.813
109.69 24.0846
107.684 23.3761
115.592 24.4127
110.256 22.9671
105.1 23.469
110.268 22.8978
99.5766 22.9517
107.017 23.8002
102.787 24.5235
104.827 23.5351
108.781 24.1471
112.097 23.9736
110.243 24.3956
106.059 24.4916
107.402 24.3335
113.745 22.7807
108.475 22.6481
110.239 22.3959
113.6 23.7043
110.567 22.9853
109.246 23.5268
113.634 23.1546
113.041 23.236
117.046 21.7207
110.76 21.3607
108.065 23.3765
108.812 22.7121
105.261 24.4258
105.485 24.3788
108.418 24.6696
106.428 24.8067
109.984 23.8278
105.773 22.8165
106.297 23.4672
103.847 23.4084
105.013 22.1949
105.784 21.6563
113.093 22.7862
117.456 23.3521
122.525 23.0321
119.327 22.8701
116.75 22.8697
115.012 24.0278
118.234 23.4858
110.805 24.6549
111.086 23.6059
108.19 24.9032
100.896 23.0498
101.679 23.7941
106.44 23.744
102.747 22.9545
100.046 22.6102
106.632 21.4937
99.6885 24.7383
102.887 23.3626
108.037 23.9696
109.206 23.8589
110.939 21.6645
111.836 21.3099
108.326 23.3301
114.704 22.2321
113.956 24.5885
113.238 23.5298
117.375 23.8343
112.091 23.0139
111.985 24.5349
111.841 22.6024
106.381 23.0057
101.42 24.3512
105.688 22.6622
102.807 23.4013
98.3911 21.8647
97.0334 23.0909
89.2026 22.685
95.8305 24.7648
89.3061 23.7597
89.3061 21.1848
98.7164 23.7008
98.2349 24.3822
101.043 25.3868
95.9734 24.673
99.7647 22.9994
97.4169 24.4833
110.14 23.8676
110.757 22.8977
108.303 24.5196
100.138 23.8962
103.91 23.9814
104.181 25.0045
107.446 23.7964
105.349 23.2255
100.533 23.3015
94.5668 22.8796
91.6898 23.6997
96.3646 23.2948
101.508 23.2448
110.085 23.0761
103.168 22.4395
98.6784 25.2893
101.762 24.6777
106.762 24.2025
100.098 24.1088
115.702 22.8244
114.051 22.2053
123.206 22.9509
116.546 24.4304
112.964 23.6362
109.708 22.7492
116.283 23.807
115.605 23.4981
104.137 23.3332
104.4 24.5066
111.656 23.7368
109.082 24.0972
106.246 23.6866
106.697 23.5832
103.625 25.0014
98.0613 23.7303
93.9349 23.151
99.3156 23.6221
101.665 23.2718
103.188 23.2678
102.323 24.4365
112.375 24.4493
117.885 24.4066
98.5619 23.5973
100.227 24.5343
105.685 22.6094
106.009 23.5188
100.361 23.5226
96.3826 23.7856
90.6069 24.3176
91.902 23.8203
91.902 25.1937
95.3396 22.9364
98.5395 22.4539
102.421 23.6134
97.748 22.9926
107.215 23.7587
118.713 21.9308
114.295 23.0891
116.578 20.9778
113.189 22.4339
109.707 21.8518
108.417 22.8807
115.357 23.3235
108.791 22.6676
109.521 23.8473
101.728 25.8007
112.084 23.4615
114.958 24.2468
120.328 23.3576
120.187 22.084
122.922 22.2406
111.991 22.598
115.235 22.9351
118.653 22.2687
108.137 22.6591
113.338 23.4075
118.382 22.3973
120.387 23.4524
118.694 22.4588
130.54 23.042
128.702 22.3751
124.23 23.2676
120.685 25.0824
120.453 22.5903
119.905 22.9755
118.477 23.2542
115.116 23.5363
123.783 22.3456
106.123 22.5733
109.69 24.5589
104.671 23.5196
103.151 23.251
107.475 21.8707
97.3557 22.9103
100.156 22.2924
98.1644 22.9032
92.8311 22.7178
86.6419 24.0486
94.6565 21.9625
93.3354 23.1091
99.1488 23.3166
97.024 23.277
107.804 23.1467
107.217 23.7329
110.124 24.4272
110.124 23.5715
122.759 23.4331
110.184 23.2109
105.686 23.7437
110.677 22.1138
106.184 23.4642
108.707 23.8151
106.198 23.9159
101.534 25.0333
113.6 21.7944
111.45 22.6303
112.733 22.4889
108.466 22.7047
114.262 23.0806
121.033 23.4359
123.063 23.8842
114.982 23.2697
121.28 22.4657
127.473 23.9914
120.655 23.9543
115.994 23.5741
99.7846 24.8458
110.488 23.3832
116.022 24.1928
111.103 22.526
102.042 23.8893
103.393 25.393
101.735 24.1913
101.487 22.6985
112.28 23.2698
109.922 23.5643
108.383 23.3534
108.669 22.3452
110.322 23.2354
106.455 23.3414
103.449 23.3635
97.4893 24.4504
106.296 23.2957
110.306 25.611
109.373 22.15
107.991 22.7672
104.85 22.8193
105.72 23.769
110.612 24.3467
113.816 24.3467
117.24 24.0815
129.006 22.1483
123.926 22.0281
117.501 21.4578
117.624 22.2519
117.814 23.1352
113.88 23.8588
108.786 23.3102
104.257 23.3232
106.77 24.262
105.96 24.8211
106.141 24.6873
108.024 22.6141
107.716 22.2045
107.716 23.548
115.221 23.9785
99.1954 25.4308
106.896 23.9533
112.565 23.852
107.667 22.6018
111.041 22.322
111.031 23.0774
109.091 24.1706
99.0471 24.7012
99.0086 23.4808
101.461 22.8049
101.618 22.9547
98.4354 23.1855
101.423 23.2018
104.659 23.9514
105.475 23.5874
100.439 23.8461
108.326 22.8869
106.471 22.4056
102.813 21.9524
108.705 23.6998
102.326 22.425
102.727 22.9767
118.641 24.3853
118.764 23.5719
115.989 23.1205
111.247 24.0719
112.799 23.9388
114.669 22.9998
109.956 22.9757
106.777 23.2825
110.023 25.0359
115.959 23.88
117.889 25.6043
116.688 22.1619
117.218 22.8879
129.849 23.1077
132.358 24.2703
115.599 23.4713
109.537 23.7424
110.488 23.6914
111.899 22.7396
109.88 22.8309
104.163 24.3611
115.543 23.5574
123.213 23.4406
112.676 23.3762
110.256 23.3301
119.022 22.6304
111.088 22.8911
109.308 23.2212
121.888 21.7661
119.378 23.9023
118.625 24.7036
113.697 23.56
113.351 22.9936
112.852 23.8272
111.733 21.28
111.868 23.2357
118.35 25.2375
117.644 25.2333
116.745 22.5149
114.41 23.3697
110.405 23.3734
107.268 23.8092
123.822 22.3574
121.373 23.1469
122.741 23.1583
120.08 23.0165
128.074 22.7646
133.723 23.6958
139.472 22.925
138.236 22.7794
126.014 23.1508
125.042 23.2809
125.786 23.2737
131.638 24.195
124.263 24.2939
128.388 23.7912
126.513 24.1043
136.323 22.5666
124.498 22.5946
127.46 22.8586
122.692 23.772
113.94 22.3938
118.675 23.9246
119.265 23.3039
116.512 22.7958
117.37 22.5393
120.322 22.7366
124.623 24.3621
118.841 22.6469
121.443 23.4446
126.705 21.1933
114.486 22.1382
121.724 23.768
118.074 23.916
116.669 22.9189
120.509 22.2956
127.381 23.227
117.604 21.8267
112.381 24.2636
108.859 23.869
105.103 22.3643
101.545 23.5007
102.963 23.3899
103.487 23.5157
113.43 23.5905
111.777 23.8437
109.568 23.1221
93.1098 24.5151
95.8333 24.7563
93.1344 22.8203
97.2461 23.6147
94.9693 23.4954
97.6236 23.2175
97.4638 23.0327
100.904 23.0238
98.9539 23.9488
95.6022 25.0522
96.6036 23.3212
100.513 23.5169
98.9389 23.9349
97.6858 23.8249
102.259 23.1188
97.8025 24.3234
105.138 23.4969
97.6231 23.1158
95.8617 22.2127
101.043 23.1754
112.888 22.836
117.017 22.9584
129.61 22.1044
124.703 22.1644
121.903 22.7102
120.321 22.5744
105.162 23.356
100.961 23.2938
115.946 23.4228
113.437 23.0309
112.589 23.5113
116.072 22.5301
118.729 23.8112
128.501 23.3186
126.433 22.0236
123.626 23.6158
130.039 23.2621
120.557 23.6046
118.452 23.4185
117.367 22.6261
118.387 24.887
114.22 21.748
113.441 24.111
102.747 24.2786
99.6133 23.4919
109.12 24.3184
116.515 23.9954
113.774 23.6477
115.468 24.146
119.785 22.3613
114.696 23.4661
112.75 23.1048
111.723 23.1123
113.01 23.3718
107.863 24.897
107.498 23.9562
111.997 24.1354
111.108 24.161
103.928 24.3422
103 22.9101
97.7703 22.9453
107.307 21.8069
108.948 24.1068
100.853 23.3267
97.4091 24.5764
112.682 22.3554
106.191 22.566
114.847 24.1023
100.023 24.6587
103.251 23.8734
104.849 24.013
99.2077 23.0549
100.346 24.2175
89.1331 24.2755
93.77 24.0398
93.1173 23.9127
96.7971 23.7833
97.7418 24.4456
92.6809 21.5457
97.5586 22.4617
106.158 22.034
107.933 21.9916
111.4 22.8189
103.619 23.1673
106.904 22.6797
100.24 24.47
95.0623 24.2586
98.3062 24.5522
115.413 24.2546
107.545 23.2066
109.768 22.9769
106.008 21.8659
105.895 23.9819
105.895 24.0497
101.808 21.3014
96.7558 23.7128
95.0604 22.6428
100.457 21.8638
101.194 20.9556
96.6778 21.4689
100.662 23.3316
100.662 22.1074
95.4978 23.0299
96.7219 23.962
90.2353 25.5217
90.2353 23.7824
88.9953 23.1719
80.8361 24.5546
80.4157 24.4449
82.2824 23.0568
84.2925 22.6429
84.2925 23.3449
84.2925 23.5096
83.2268 21.9725
93.0559 24.4268
87.0294 24.5126
94.863 21.6762
91.1656 23.5675
89.2047 22.9876
96.1315 23.6455
107.491 23.2821
103.139 23.3409
102.89 23.7128
108.466 23.7182
110.777 23.3062
115.272 24.0085
118.918 22.4373
118.69 22.9589
122.078 22.4875
119.716 23.2529
124.595 22.5633
105.708 23.7886
108.595 22.3938
109.439 22.9656
110.909 23.1285
111.252 23.1947
112.211 22.3378
109.643 22.6311
109.62 23.7088
108.792 23.4509
103.865 24.5577
105.308 23.9225
112.698 23.2347
115.328 24.4583
104.317 24.9513
97.1703 23.5016
105.747 26.7476
94.7972 24.5206
103.57 23.6722
109.315 22.5487
102.848 22.5154
104.447 23.9647
111.425 23.4733
108.907 24.612
109.436 22.6374
106.7 24.5313
112.061 22.7485
117.36 23.1611
111.125 23.2111
108.808 22.9618
109.843 22.8194
106.775 24.3494
117.631 24.165
110.436 23.1064
107.972 23.9969
113.193 24.0602
111.731 23.7952
121.879 22.5572
118.334 23.4717
116.825 22.603
113.564 23.2778
121.653 22.8365
121.534 22.8794
117.462 23.0732
118.227 22.4049
119.743 22.9012
119.637 24.3752
117.296 22.9665
112.237 23.3007
106.871 24.0564
106.519 24.0252
114.874 22.2726
110.88 22.3763
117.687 22.4071
108.879 22.3969
108.475 22.4327
99.9691 22.4188
108.3 22.261
113.283 24.2359
109.765 23.7721
111.993 22.6575
108.347 22.8212
104.99 22.7504
101.859 23.7071
107.602 23.8427
107.752 24.0687
103.8 23.4124
104.36 23.6998
103.254 23.6777
107.41 22.4319
102.44 24.1003
96.3626 23.9415
98.6923 24.8315
101.51 23.5322
109.244 22.7265
115.409 23.1138
119.425 23.6009
107.68 24.9591
109.227 22.783
107.045 22.9735
107.912 23.9907
113.351 23.7579
107.018 23.8845
109.412 23.3701
110.43 22.9978
108.196 22.6372
103.776 22.4137
107.06 23.4508
101.552 24.1866
112.048 24.0688
114.9 23.6639
105.707 22.9449
100.844 23.621
111.412 23.5963
110.164 23.0794
104.873 23.6019
111.112 23.2906
109.231 22.5045
99.6018 23.6779
99.6018 24.1275
99.6786 24.8126
100.758 22.8503
105.294 22.0535
103.77 22.8764
100.484 24.452
99.0568 24.8659
107.996 22.1899
108.707 23.2815
113.417 22.1365
116.735 22.9393
115.148 24.9183
115.133 22.4309
112.036 22.5443
111.701 22.8034
110.792 22.5357
113.879 21.595
106.799 24.2613
111.776 23.5524
106.926 24.077
111.379 23.0234
109.726 22.3145
108.187 22.6656
102.184 23.025
106.031 24.1878
111.044 22.9566
114.085 22.5481
111.045 23.5142
111.302 22.416
115.88 24.3787
112.978 21.9742
120.998 22.7057
112.495 21.503
112.729 22.155
112.561 23.3019
113.791 24.3456
110.515 22.3012
109.078 23.7014
113.724 21.2279
118.94 23.2193
119.435 21.1433
120.192 21.8984
113.222 23.9157
121.496 24.3764
112.151 24.0599
109.012 24.8837
114.125 23.2397
115.213 23.0694
107.538 22.996
113.661 23.0392
116.887 23.0442
113.798 23.2506
111.599 22.2978
105.586 24.5791
109.394 23.6306
102.762 23.5777
106.387 24.165
110.628 23.9114
104.419 22.011
102.657 23.8971
115.377 23.0874
108.238 23.913
110.69 24.2576
113.876 23.7867
118.709 24.0107
113.595 23.9239
114.999 23.5056
114.556 24.2042
104.121 23.4092
106.341 25.1123
115.431 22.8956
118.692 22.2334
112.492 23.0136
116.611 24.1023
114.417 24.1071
119.899 22.6416
116.725 21.3028
122.726 22.6726
111.282 22.9574
119.488 23.215
120.894 23.6067
110.175 23.4868
110.379 23.5779
110.607 24.3791
108.782 25.1436
105.196 23.5428
117.797 23.3234
115.405 23.7217
118.149 22.1705
114.602 23.064
111.988 21.5948
111.832 24.0632
118.819 23.2437
113.883 23.7595
112.523 23.1656
112.762 23.9385
110.413 23.2975
107.958 24.6229
103.027 22.8304
103.845 24.008
103.728 22.6705
102.184 23.1147
100.789 22.9183
104.555 23.6139
96.5523 24.35
99.4111 23.045
111.909 24.1142
114.272 23.7054
118.418 22.901
110.388 23.017
101.023 22.5013
103.536 23.8721
107.828 24.4817
113.905 22.5844
116.255 23.1393
124.279 20.9238
124.013 23.5371
121.333 23.6304
118.38 25.2347
114.846 23.9471
117.371 22.4554
120.242 22.6253
119.559 22.1503
122.52 22.7702
119.938 24.2079
115.357 24.2742
113.321 24.6373
113.253 24.9973
112.13 22.6461
99.3228 24.2034
93.0105 23.8178
100.726 24.0348
106.348 22.9554
102.012 23.1514
88.6757 23.4486
96.1349 23.0465
105.557 23.4266
102.23 23.3717
107.75 23.3373
112.739 23.9814
112.323 23.3437
102.96 23.3583
108.224 24.119
114.897 23.6597
106.25 23.828
108.965 24.5071
114.753 23.629
112.162 24.4375
104.802 24.2186
107.446 23.0467
116.164 24.012
113.483 21.5627
110.694 24.446
108.388 21.9542
105.727 23.9468
104.862 22.9324
105.088 23.1205
108.068 23.1318
113.935 23.1137
111.937 22.9872
112.744 24.5038
113.713 24.1441
106.341 22.8377
110.75 24.6151
115.3 22.714
130.508 20.4424
130.036 22.918
122.714 22.4841
110.408 22.7336
105.01 24.0857
115.498 23.044
105.236 23.2758
108.156 23.0125
111.538 23.324
105.902 23.625
108.709 24.2898
109.334 23.9457
103.905 23.6376
104.464 23.1137
102.03 23.3681
96.8504 21.7585
91.2214 23.5321
89.1268 23.5085
98.7002 22.6185
98.0172 24.6021
104.57 24.8499
104.247 22.3222
104.632 23.0179
107.127 23.1271
114.641 22.7911
114.254 23.4171
114.063 22.6405
116.81 24.1109
115.883 22.1263
112.547 24.2092
111.681 22.7673
107.68 23.1898
110.897 23.4449
105.503 23.5973
105.345 23.8047
107.862 24.3421
114.051 21.8962
99.3366 24.7049
100.213 23.9492
101.348 23.6609
101.065 22.5791
99.1588 23.5131
98.7016 24.3755
100.104 24.7365
103.303 24.2234
99.5142 23.8617
102.919 25.168
110.777 22.7092
113.089 24.0586
107.926 24.0169
105.517 22.4726
116.297 23.1859
119.346 23.7361
126.831 22.7885
118.186 22.3647
112.526 21.8704
107.069 23.8557
107.442 23.2411
105.121 23.5234
104.791 22.9531
97.3173 22.6156
99.8902 23.8939
97.141 24.104
106.937 23.5251
101.782 24.1252
103.651 22.9572
97.6779 22.767
98.9271 21.5759
95.9982 21.9432
95.9982 23.5403
100.742 23.1464
100.642 23.3828
100.602 23.6894
103.775 22.2741
99.8919 22.1694
104.207 22.1543
112.185 23.4004
103.268 23.3607
105.612 21.8648
103.585 22.4881
102.385 23.5482
107.554 22.2437
105.719 22.7862
109.528 22.9782
111.59 22.8181
108.509 24.2346
106.217 23.7863
102.034 25.7492
103.155 25.5948
107.715 24.4046
114.293 23.0266
117.223 22.4575
113.668 21.7563
117.897 22.1828
111.97 23.2519
114.879 23.6413
117.989 24.1076
115.293 23.0977
116.284 22.2424
117.662 22.8156
103.088 23.2698
111.209 23.2284
101.535 24.9436
97.8767 24.5834
108.217 24.07
99.8642 24.4012
100.846 22.6039
106.112 23.0787
105.682 21.8615
106.434 23.0084
113.279 23.1001
116.325 21.9678
116.133 21.9901
101.512 22.5183
108.899 23.5481
103.706 23.6629
110.025 24.3875
101.417 24.8222
102.541 23.7787
110.54 22.4096
107.707 24.7289
101.998 24.1217
110.331 23.4573
112.702 22.2356
114.038 21.9417
113.079 23.0305
107.823 22.7627
107.44 24.045
107.5 24.0207
100.323 22.9968
107.509 24.8138
113.954 24.2199
116.415 22.3485
116.5 22.6682
101.614 23.2465
109.614 23.5959
113.819 21.487
112.599 22.0537
112.907 22.7034
110.125 24.3036
116.716 23.248
114.23 22.3933
114.463 23.455
84.5377 25.4812
88.5238 23.0096
91.0551 23.83
93.6732 22.7205
95.5719 24.3571
84.6915 23.38
83.126 22.9459
92.5886 21.8454
86.4026 24.3583
84.6445 23.9404
76.0452 23.9414
83.4508 23.6471
98.6621 23.8763
98.6829 23.353
98.6829 21.4125
98.6829 22.2462
107.589 22.6933
100.333 23.7195
106.485 23.5349
107.35 23.2369
103.813 22.4261
103.109 24.875
109.673 24.5311
111.663 22.9788
108.008 23.6405
101.691 21.6207
98.4762 23.2923
99.1194 23.2677
105.127 23.519
102.097 23.3971
108.855 22.7653
106.101 24.5442
103.86 23.5341
105.048 24.1244
114.514 23.7511
107.346 23.2253
106.836 23.4354
112.382 22.6493
115.141 23.3696
111.398 23.2327
105.597 21.6692
108.991 24.5071
111.632 23.0066
114.169 23.3348
119.255 20.8676
113.474 23.778
110.138 23.106
107.223 23.1439
110.722 22.6867
101.617 22.9548
95.3125 22.9328
100.517 23.1867
104.697 24.8567
102.341 23.9144
101.048 23.6315
106.779 23.8164
99.06 23.2358
105.028 22.7357
98.8878 22.7176
99.6068 22.6802
91.5881 25.1657
85.3705 23.8421
101.197 24.3213
96.4594 22.1287
98.0469 21.9162
107.044 22.0869
105.574 22.6394
96.8986 22.9937
93.1182 24.1375
96.1871 23.963
103.889 25.6569
113.023 22.8965
117.401 24.3142
113.086 21.9
111.726 22.8181
119.517 24.2152
113.192 24.1841
122.573 25.2114
114.33 24.3744
114.387 22.2124
113.821 22.2534
113.113 22.6789
119.85 25.4129
121.364 23.5962
125.702 22.9804
127.36 22.3613
121.564 23.0274
125.854 22.1975
118.361 23.8971
116.928 23.849
123.981 23.918
118.205 22.6253
121.787 24.4511
116.262 23.3873
115.078 23.3104
112.917 23.6192
115.403 22.7304
106.541 21.8622
100.509 22.2385
100.054 22.8419
109.877 24.5173
109.134 24.1343
104.058 25.2585
104.382 25.2433
107.793 24.4643
108.575 22.6841
104.274 23.0585
100.387 23.2556
97.4999 23.6115
99.9495 23.8464
107.337 23.4486
106.606 22.0497
101.238 22.512
93.8638 24.1254
93.6927 23.8909
92.1826 23.1946
104.196 24.2703
103.796 23.053
97.9161 23.8164
104.615 24.1668
105.146 23.2943
112.803 22.6923
124.559 23.0946
134.793 22.7551
122.203 22.7752
121.295 23.7824
127.216 22.2286
131.593 22.8683
115.141 24.7745
111.674 23.3736
107.188 23.9872
118.731 22.556
124.024 23.1112
126.826 22.1821
128.733 22.0139
122.428 23.4068
118.575 23.3993
125.986 23.4075
130.275 24.6452
113.484 23.3572
117.1 22.543
111.262 23.0635
107.801 23.1348
98.8575 24.2918
115.826 22.8588
109.509 24.292
104.191 22.5747
111.827 24.0104
104.079 22.8534
109.255 23.509
108.169 22.0023
109.493 23.5903
117.278 22.6199
119.724 24.9612
115.59 24.6578
113.477 23.5402
113.26 21.6241
112.929 22.7764
113.955 21.5276
117.473 20.8688
110.236 22.3426
117.521 23.2522
113.501 23.0677
97.1211 23.0843
99.3449 23.8876
99.327 24.0001
95.4702 24.2825
96.4679 24.8082
104.372 24.596
106.887 23.8129
106.56 23.0402
113.386 23.1
114.033 22.5715
118.353 22.8486
115.482 23.4849
103.497 24.0696
105.224 23.8535
110.978 22.7711
105.308 23.7426
113.256 23.3577
122.355 23.0846
112.947 22.8588
107.359 22.9366
106.881 22.887
107.138 23.4122
106.237 22.799
109.311 22.0175
103.245 23.1251
106.695 23.1594
105.459 24.4117
105.952 24.2638
108.407 22.0175
98.6668 23.7184
98.6668 24.795
98.0259 22.177
93.0937 25.8897
103.721 23.7873
105.446 22.8266
102.681 23.2588
103.371 22.8265
102.837 22.4204
105.232 24.1479
108.719 24.1652
108.87 23.192
112.475 23.2549
113.351 23.3774
109.901 22.7875
116.524 23.5102
118.133 24.3123
127.446 21.0836
126.886 22.8837
125.976 22.5611
123.771 23.0832
131.03 22.6247
127.543 20.7257
116.926 23.3186
124.926 23.692
114.947 23.7318
119.896 23.2335
123.993 23.5964
111.01 23.2337
116.361 23.641
115.333 21.844
118.802 22.6912
115.675 24.7693
107.024 24.1312
106.826 24.1343
111.154 25.0746
120.87 22.9923
115.962 23.2623
125.022 22.3517
122.595 23.8432
126.993 22.9917
109.772 23.5308
113.402 25.0639
112.154 24.5744
107.879 24.888
110.749 25.041
106.549 24.053
107.511 25.3921
106.17 23.8737
101.425 23.4771
102.825 23.7392
105.466 23.2117
102.986 23.3246
108.01 24.4827
104.299 23.8263
102.458 24.0028
102.196 24.4834
99.8215 22.786
111.77 22.9223
111.597 23.1343
112.589 23.7423
109.838 24.2601
108.55 22.6767
107.216 22.5603
109.361 23.8826
106.341 22.8481
109.623 22.5334
110.283 22.5823
103.686 22.5855
110.733 23.7462
107.318 23.3143
118.403 22.6162
119.478 23.4161
119.478 23.254
121.524 25.1539
119.164 22.4659
121.924 21.6191
113.921 24.4648
115.453 25.0948
114.984 24.2706
111.266 24.5303
116.676 23.245
121.684 22.7254
127.838 23.1126
124.824 23.6191
123.109 22.6372
119.33 23.7863
120.341 23.1186
113.854 23.2387
121.784 22.5537
117.35 22.1138
112.524 22.844
113.018 25.2224
116.461 23.8213
117.759 24.5808
119.046 24.1837
123.396 23.2173
123.396 25.0619
134.264 23.3942
127.182 24.0655
122.445 23.9359
120.965 22.6757
113.88 22.701
111.509 22.6073
121.014 23.3213
116.337 21.9327
116.815 23.9196
116.457 23.443
118.186 23.9074
123.161 23.6421
117.368 23.3465
116.101 23.3811
112.139 22.7331
118.809 22.5511
115.895 23.7917
104.953 24.5997
107.308 23.4425
105.197 22.662
111.819 24.6566
110.916 23.3536
111.62 23.8391
112.129 23.1671
108.64 24.0365
102.808 23.3725
106.496 24.23
114.728 23.0495
117.276 21.5523
123.507 22.1239
130.417 21.9404
119.33 24.0859
114.236 24.129
116.013 24.7623
111.396 23.9702
118.476 23.6637
110.647 22.5948
113.427 23.9463
105.528 23.7717
100.532 23.743
97.3483 23.624
92.625 25.5024
104.206 23.0405
114.071 23.2663
116.173 22.8819
106.149 24.5412
104.635 22.7354
99.9957 23.41
100.968 21.9134
102.208 23.8682
99.0367 22.9043
105.798 22.7193
100.899 22.6051
110.405 22.8093
107.918 24.5586
112.916 24.4227
118.412 23.8409
118.293 23.1259
123.047 23.1579
110.251 22.9802
112.245 22.1092
111.562 23.7303
111.674 23.3661
111.146 24.8041
111.195 23.2732
113.269 23.435
115.064 23.0586
106.228 23.8101
101.922 23.7884
114.235 25.2643
115.694 23.3518
109.636 22.8418
107.588 23.8339
99.2059 22.7497
99.2059 22.6955
98.2669 23.5683
102.674 23.1045
97.623 22.7731
100.905 22.2915
100.795 23.4667
98.7202 23.3285
99.2172 22.8529
93.8125 21.9705
92.0862 23.2754
95.5213 23.1211
99.112 23.4879
96.4388 23.5565
100.7 24.0112
101.707 23.5393
108.988 23.3548
109.701 23.2463
113.916 23.2818
108.446 22.8599
114.121 24.9642
110.122 21.7363
106.616 22.0408
97.3374 24.4248
100.33 21.3103
91.6894 23.898
102.22 24.0789
107.355 22.4161
113.615 22.8912
118.324 23.0682
104.958 24.4399
115.36 23.4465
110.186 23.6678
113.78 23.1652
108.08 23.1531
108.641 22.5054
104.114 22.4697
106.139 22.9769
108.829 22.711
110.859 24.4609
116.338 23.5469
110.922 24.5712
125.901 24.1973
116.759 23.7565
117.439 23.9188
116.676 23.0783
112.999 23.2928
114.99 26.0776
116.715 24.7768
110.142 24.1018
110.632 23.0766
115.705 23.8561
117.09 23.7631
113.37 21.5685
113.63 22.0825
117.414 23.8183
112.554 22.2271
113.175 22.4598
115.259 24.4518
113.939 23.7252
110.165 22.2097
108.213 23.4713
114.721 23.0435
110.081 22.6891
110.728 24.2232
114.749 23.9429
110.862 23.2758
115.565 23.0765
106.447 22.4026
113.866 22.6183
109.492 25.2063
115.775 22.3119
115.775 23.6861
115.716 23.9475
108.513 23.1679
103.615 23.9596
117.295 23.5996
122.297 24.3254
119.138 22.5684
111.881 23.6153
113.749 22.8938
110.942 23.6112
105.173 23.2976
106.277 22.9177
110.944 22.9652
106.668 22.2083
109.116 23.0448
108.89 22.9614
112.728 23.0543
108.563 23.8158
108.991 24.2574
102.884 23.2268
115.006 23.4487
111.747 23.2509
101.519 24.2634
101.547 24.1623
105.967 22.922
112.843 22.6147
105.029 24.1271
107.258 23.5991
106.954 23.5081
110.781 22.5922
110.12 23.7546
105.721 23.2248
102.76 23.7824
108.455 23.4758
104.038 22.6674
113.848 22.1122
107.606 22.7526
107.01 22.7168
104.331 22.5974
105.688 23.1019
108.147 22.4551
101.738 22.4449
95.5799 22.3436
98.0415 23.268
108.53 23.358
112.916 24.0174
112.342 24.0992
109.919 23.0544
104.418 25.0276
99.823 23.4565
98.6434 22.6206
99.1467 23.9588
95.7928 21.8809
103.187 23.0471
100.778 23.9401
108.999 21.8786
115.569 23.0257
119.265 23.1811
114.741 23.8787
115.877 23.6412
108.307 21.8303
104.76 21.995
92.3127 23.5781
105.216 23.9645
102.667 24.0758
107.821 22.7074
98.6306 23.8697
104.658 22.6254
112.054 22.9497
103.294 23.8952
100.062 23.5186
98.6099 24.6176
95.036 23.738
95.1026 24.0963
96.4254 23.6066
98.823 22.5171
104.403 22.7927
110.544 22.1675
113.803 24.6709
112.628 23.1821
109.71 24.8659
114.056 23.2467
113.493 23.1792
116.275 22.7057
110.271 24.1814
103.987 23.1044
108.187 22.734
93.9159 21.3883
103.769 24.1339
110.986 22.9913
105.831 22.2771
106.436 23.2596
98.9837 25.9589
106.759 23.1917
107.468 22.7583
100.627 21.3719
99.8562 23.9337
91.8992 23.6064
100.207 22.7308
95.787 24.7019
92.1938 23.7579
81.3877 25.5009
83.5076 24.1007
88.6379 23.2974
86.1633 23.8753
87.8173 25.3689
90.5672 24.5891
87.9926 24.8433
91.9073 23.59
93.5273 22.73
95.2498 22.2351
102.354 21.1924
106.449 23.1256
109.484 23.5693
112.205 22.7899
103.387 24.6294
110.536 23.9347
108.852 22.6742
116.192 22.3718
116.086 22.5973
109.416 23.6823
114.886 23.1874
111.347 24.6966
116.048 23.4846
110.314 23.2589
104.625 23.8548
105.143 24.8016
104.319 24.1849
96.2231 25.3359
110.954 23.3982
116.645 22.5826
113.169 22.7751
109.771 22.7657
116.65 24.5646
116.578 23.7786
114.944 24.1069
113.697 23.0981
118.674 23.7112
116.35 23.3075
105.622 23.6099
108.66 24.8077
109.78 23.1702
115.68 23.4448
102.679 24.8558
105.932 23.749
100.363 23.4269
98.5049 23.4411
95.9465 23.8153
97.9639 24.4532
94.1795 24.0871
114.289 24.8961
118.25 23.2825
105.529 25.8301
101.002 23.4472
112.966 22.339
120.643 23.9952
116.151 22.4246
114.322 22.8718
114.764 22.1037
125.223 22.2637
119.564 22.7861
112.208 23.7359
112.081 22.471
117.691 21.9323
122.691 23.3423
117.854 23.5399
118.663 24.076
104.064 23.6565
113.576 24.6732
127.262 23.1884
112.011 24.1736
114.72 24.6023
118.506 23.3928
107.628 22.7641
110.335 22.5874
100.892 23.4673
110.284 21.8232
104.428 24.3891
97.9387 24.2766
101.247 23.7656
107.514 23.982
108.136 22.7312
103.182 23.3917
106.871 23.0935
114.162 22.9945
115.458 23.042
109.39 23.614
115.07 22.7665
117.025 23.7531
113.008 23.3689
114.29 22.3942
119.178 23.2784
107.77 21.96
108.201 21.4932
120.277 21.8466
124.415 22.0571
120.376 22.6389
107.136 24.4576
111.917 25.0001
106.473 24.1992
105.964 23.1931
102.174 24.7153
104.109 24.6599
113.372 23.3236
105.913 22.9367
95.7494 25.542
101.572 25.542
106.685 24.3931
106.019 23.2526
102.329 23.0322
109.584 24.2163
112.094 25.2356
106.685 23.7947
113.331 23.0759
111.752 22.5904
113.253 22.9148
111.879 22.2274
110.166 22.2401
102.257 23.6149
106.363 23.7464
104.704 24.7243
103.084 22.7744
107.663 24.0616
110.854 23.1023
112.045 23.0569
115.41 23.8622
99.7231 24.3062
105.922 23.4434
105.696 22.7921
103.052 25.044
104.929 23.9408
104.976 22.8717
107.379 23.5442
109.466 24.1502
112.262 24.5246
101.989 22.2974
108.717 24.8568
105.292 23.6929
106.881 23.972
100.735 23.6293
114.34 23.3622
104.829 24.3865
118.658 21.628
127.66 22.0829
120.679 22.7347
121.58 23.7746
113.576 22.7421
117.486 22.2676
120.651 22.7402
112.247 25.2178
114.433 22.7
120.385 21.0929
115.447 22.644
111.463 23.5556
103.429 22.9616
104.25 23.4343
107.904 23.6738
115.844 24.0102
101.607 23.4725
100.837 23.1004
107.064 23.0102
96.2286 24.0785
105.014 24.3257
101.615 23.0946
100.594 24.8612
100.213 23.6222
104.989 24.242
110.03 23.5136
118.427 22.9772
113.865 23.663
104.378 23.2909
104.985 23.9081
105.847 23.7998
106.121 23.1039
112.972 21.5791
96.0399 24.6307
101.646 21.7392
110.397 22.1512
116.46 22.6226
111.093 22.7924
115.336 22.6427
107.83 24.0396
110.497 22.7683
117.479 23.3911
110.115 23.7313
110.068 23.3643
106.212 23.1021
97.2225 24.3153
103.036 24.6512
96.7294 23.7767
95.1719 23.4214
93.672 23.5744
98.0753 24.8086
85.8856 23.5803
87.0876 23.8346
86.4207 21.9804
87.4797 22.4593
88.2089 23.4682
80.8258 23.909
73.9988 23.6188
81.6987 23.1649
81.6987 24.1687
83.1804 22.6494
85.9317 23.8552
104.629 22.1133
106.022 23.013
101.41 23.8624
103.337 23.7852
110.209 24.882
98.8716 23.9319
103.513 24.1284
102.488 25.5698
90.4524 25.7607
85.6827 23.6446
103.384 22.5416
108.232 23.3086
103.911 23.275
104.371 23.3165
108.314 23.6011
105.238 23.6358
103.747 22.7209
102.04 23.8131
102.841 24.0346
106.864 24.817
104.471 24.8577
108.469 23.3463
113.318 23.4493
121.006 22.8138
122.04 24.0041
116.095 22.5642
118.878 22.8917
114.917 21.798
116.088 22.5407
104.796 22.045
109.825 20.9679
103.019 23.6492
95.2277 23.1853
95.2277 22.8455
102.516 23.62
103.325 23.7322
98.0488 24.042
104.203 22.909
104.525 23.0816
106.034 23.9293
108.973 23.8348
111.366 22.4172
115.554 22.3858
114.378 24.1437
108.81 23.2108
113.241 24.2268
112.037 22.853
99.412 23.1106
107.441 23.7612
108.725 22.3939
113.619 22.0805
108.253 23.3788
112.038 22.3549
113.139 23.2319
119.603 22.347
114.079 22.9359
109.08 23.094
105.735 23.9813
107.185 22.7965
113.194 25.3117
117.955 24.3263
112.126 24.4011
111.905 23.6571
107.437 24.5591
104.373 23.3379
105.76 23.8095
105.191 22.797
103.933 23.8904
105.956 23.7863
103.081 22.3711
103.376 24.1148
107.147 24.019
111.515 22.8945
108.042 23.7556
95.7177 23.4429
108.147 23.4499
104.965 23.8437
105.573 23.5405
106.908 23.5797
105.927 23.3013
111.095 21.7392
109.915 22.2674
117.574 24.7775
118.706 24.3967
123.461 24.3392
121.122 22.5925
116.515 24.2638
114.782 24.7912
115.675 22.6153
115.417 23.9752
108.866 22.5766
109.024 24.4527
114.174 23.1732
104.931 23.4377
105.095 22.3568
100.881 23.9448
99.9328 23.7296
101.527 23.3648
92.3407 23.8331
97.1535 23.8479
96.6373 23.1688
107.379 23.105
98.885 23.9469
121.151 23.6918
121.323 23.9347
120.319 22.8373
119.803 22.5581
112.155 23.0658
111.296 22.5186
110.144 23.6873
113.727 22.7774
107.14 23.0392
96.8063 23.9244
105.986 22.7298
109.164 23.0106
109.141 23.1931
104.844 24.0243
115.801 23.1725
109.952 23.3106
112.455 23.0941
112.151 22.2168
110.412 22.7797
109.272 22.8777
110.086 24.341
108.814 25.1386
109.357 24.7153
107.527 23.6943
106.234 23.4412
101.437 23.185
99.6871 24.2822
100.77 24.3634
100.77 24.8838
95.6225 24.0669
108.542 23.1981
110.164 23.138
104.939 23.0702
107.671 23.8989
107.52 23.0157
111.856 23.6446
117.305 22.8315
115.393 24.646
116.646 23.7446
123.352 24.426
118.704 24.644
117.361 21.9913
110.678 22.9825
110.73 23.4259
102.113 23.342
99.7551 24.721
115.678 21.6478
115.995 21.6005
108.722 21.05
102.51 23.3714
110.68 22.8339
110.11 22.2647
119.273 22.8676
119.273 23.0441
119.244 24.3308
115.113 25.0415
119.658 23.3306
116.905 24.2071
112.697 23.5698
116.675 23.5604
118.941 21.8577
112.255 23.3244
104.455 24.0768
104.563 24.2365
108.426 24.0451
104.151 24.1436
112.102 23.8369
106.046 22.429
106.046 22.2837
113.912 23.4134
111.966 22.3903
112.424 22.9757
111.933 22.6885
120.168 22.6885
120.548 23.372
106.681 21.7055
110.382 23.2885
108.391 22.4887
114.545 23.0104
114.545 23.474
117.638 23.8855
111.379 24.0865
103.248 23.6581
99.4368 23.8478
87.1447 22.9898
88.2947 23.2331
89.0511 24.4754
97.0742 24.0867
94.3241 24.6993
92.0701 24.3427
96.3835 25.4961
97.2034 23.5316
107.521 21.9309
107.745 23.294
101.875 23.1165
96.3113 24.8839
92.9689 24.8202
92.8405 22.5531
87.2003 24.3972
87.2003 25.2515
89.8883 22.7652
89.2881 23.4134
94.4836 24.2088
90.1743 23.1915
99.9948 23.9967
108.369 23.1213
100.093 24.1274
98.6877 22.2832
99.9379 23.1891
112.533 23.0323
111.583 23.3932
111.051 22.5396
106.273 22.2752
103.818 22.8104
101.026 23.9193
105.363 21.9742
99.2972 22.9262
103.83 23.1881
110.099 23.2896
106.918 22.9047
109.002 22.4787
111.95 21.4929
108.547 23.3196
97.2214 23.3761
95.0969 23.08
103.586 23.5494
104.01 22.795
108.973 22.2351
110.491 24.0217
105.382 25.0565
102.373 23.4744
94.4452 24.4962
96.7666 23.5688
93.2052 24.4077
108.699 22.3525
106.664 24.1069
104.225 24.7502
110.671 23.7058
108.428 23.1274
105.742 24.1367
111.477 24.015
109.822 23.2341
107.415 24.7399
109.445 24.8551
108.183 23.2007
113.145 22.9021
119.085 21.2392
109.628 23.5642
110.371 21.5938
104.746 22.2801
112.052 22.4434
114.359 23.097
114.434 22.7434
114.383 23.9891
114.658 24.2509
110.434 23.4589
104.961 22.7038
110.786 22.5616
116.62 22.7619
106.012 22.7524
107.164 23.2107
109.952 23.5095
109.952 22.9151
104.778 23.69
102.085 23.7061
103.172 25.9079
106.247 24.8071
110.133 24.5579
104.552 23.042
116.813 23.8367
120.784 24.6303
124.969 23.8264
122.281 24.604
133.34 24.0309
123.173 24.2775
125.729 24.0998
132.343 24.459
123.05 22.382
126.554 22.1398
119.137 24.1339
117.865 22.5718
123.077 21.9659
127.402 23.0693
117.743 23.1721
109.872 25.2263
113.548 24.7214
119.446 24.6438
115.291 24.3566
114.267 22.7835
122.441 22.5744
111.821 22.4261
113.478 24.68
115.735 22.9093
111.879 23.2834
112.847 23.215
109.698 24.137
107.69 23.3321
117.065 22.838
111.75 21.7359
106.768 25.539
99.8847 22.4373
99.5328 22.7663
91.8137 22.9824
91.8137 22.8433
100.36 23.2034
113.22 22.0441
108.446 23.6144
103.472 23.3599
116.703 23.3327
109.097 24.1804
106.348 22.9644
111.562 21.9924
106.86 24.3771
106.586 23.7655
109.921 22.5591
96.9844 23.5268
104.381 23.6329
110.189 21.3928
109.211 22.6623
102.478 23.0979
108.645 23.0247
109.268 23.7961
101.204 24.2697
100.39 23.7901
112.197 22.3649
86.9104 22.6919
81.9668 23.4692
91.0676 23.4753
89.4745 25.3303
103.549 22.8352
104.004 21.9975
107.781 23.4526
112.915 22.662
108.228 23.0895
103.289 24.5344
99.8584 25.1887
107.715 22.8108
116.983 23.9809
101.112 24.0545
98.873 21.7424
96.9397 23.2564
99.6299 23.3354
111.635 22.8684
112.067 22.8128
115.745 23.9312
103.649 24.1192
117.462 23.2595
114.609 23.5821
110.044 23.9492
112.591 23.6245
110.035 24.1373
113.822 23.862
113.182 21.7517
119.634 22.3789
119.679 21.634
117.406 22.8773
110.136 23.1698
104.173 23.5389
103.495 24.1405
109.068 23.3746
112.676 22.9792
119.493 22.8552
116.338 23.1532
104.045 23.2295
102.599 25.6912
109.335 24.7707
102.827 24.5166
102.506 22.9237
116.171 23.5332
117.942 21.1455
128.86 22.5858
123.138 23.07
126.285 23.8751
116.413 24.0602
116.946 25.0256
113.775 22.2495
112.527 24.5172
115.135 23.4737
115.494 24.4263
103.885 24.4236
103.197 24.4226
103.197 24.3967
103.185 24.2824
104.748 24.594
98.4611 22.7191
100.12 24.0907
92.0998 25.2924
100.109 23.4363
111.911 25.1301
112.213 24.3664
109.677 23.9735
110.204 24.3931
109.347 23.3279
104.5 23.6838
111.27 24.612
113.146 24.2536
113.35 25.0729
112.808 23.2759
112.869 24.0753
117.173 22.601
106.601 23.3783
114.034 23.085
113.829 24.5632
111.198 23.0973
118.309 22.241
121.98 23.1222
125.121 23.9204
125.81 22.9763
114.948 23.2397
124.364 22.7487
112.841 23.0415
116.468 23.8558
109.934 24.9607
104.45 24.4855
95.86 23.3371
103.968 23.366
97.5777 23.4194
100.031 24.2122
97.6147 23.3422
109.026 23.31
107.049 24.2362
104.745 22.6373
108.666 22.2469
115.94 23.2475
109.906 22.7529
101.879 22.0286
101.745 23.6173
102.443 24.6759
101.305 23.6272
106.647 22.7223
112.991 23.3605
111.365 24.2243
109.021 24.3665
110.276 23.9805
112.656 23.9055
111.305 22.6956
109.132 22.7498
109.435 22.7134
110.728 22.7145
114.133 22.7144
117.364 22.7144
110.313 22.7144
99.2913 22.7145
108.883 23.2784
114.641 23.8436
115.787 22.7717
112.086 23.9162
103.098 24.8363
106.423 23.3856
107.28 24.3471
105.106 23.7693
99.877 25.1408
104.378 24.4591
107.3 23.1579
106.943 23.3973
113.912 23.8574
106.787 22.9446
107.58 22.972
97.6993 23.1103
96.3845 23.75
111.233 21.3158
112.564 21.4379
107.724 21.7235
119.551 22.1444
114.086 22.7381
114.884 23.0272
102.234 24.1279
106.02 24.6374
102.844 23.4681
108.161 23.3003
108.413 23.2765
113.799 22.8276
106.129 23.5468
109.404 23.8944
110.046 24.722
109.459 22.5487
104.172 23.8297
106.396 24.3202
91.8232 22.7166
100.257 21.6239
94.5332 22.4869
99.0092 22.517
101.028 23.3178
96.7688 21.8451
104.518 24.0465
96.1424 24.6781
93.6692 25.0924
111.822 22.5074
120.432 23.4526
105.977 22.5376
110.978 23.7303
105.761 22.4787
102.603 22.8347
98.6445 23.5975
98.3699 24.6815
100.029 22.5213
105.094 22.2858
97.5137 23.496
106.264 23.3457
99.7092 23.4452
110.878 23.4318
107.229 23.4312
104.083 23.4442
96.1992 23.2135
105.285 23.9575
107.331 23.4195
107.536 22.9304
109.835 23.2352
111.028 23.443
106.348 24.1378
108.363 23.7908
113.094 23.6849
113.038 24.0185
116.689 22.3787
108.533 22.8827
113.189 22.835
114.036 23.3641
115.015 23.867
113.327 23.4791
113.327 24.773
109.82 23.3956
105.53 23.1621
103.881 25.0673
100.834 25.3907
96.1246 24.346
99.4882 24.1624
95.962 22.716
97.2477 21.9327
97.9295 24.5893
97.8422 23.1663
108.597 22.8986
115.892 22.1888
115.892 23.3551
115.003 23.3285
117.821 23.5965
112.488 23.1449
118.611 22.5856
111.404 22.8583
120.162 22.6146
107.553 21.9376
108.26 22.5154
102.272 22.2365
109.547 22.9526
110.157 22.6539
113.835 22.9826
106.894 22.5353
114.729 22.9875
110.167 24.6562
118.453 23.8834
119.906 23.6105
127.243 21.7084
115.267 23.2782
108.425 24.4474
101.847 24.2702
110.578 24.0627
106.744 24.2458
110.762 23.4614
112.516 23.303
113.393 23.1948
116.398 23.2169
116.855 23.0511
117.549 21.8271
117.024 22.9563
123.718 22.8198
121.036 23.2782
116.999 22.5992
116.83 22.6033
116.896 23.4576
133.818 22.7932
124.481 22.6219
117.838 22.0291
111.495 22.7017
113.043 21.7155
116.425 22.1938
106.014 22.9514
113.735 23.3407
116.693 21.5767
106.678 24.5434
102.703 23.4866
106.129 26.4884
109.502 21.8214
110.492 22.838
109.006 21.5434
110.191 23.4225
106.558 22.9536
105.126 22.7144
115.599 23.6083
115.599 23.4203
124.49 23.3493
126.501 25.0707
122.862 22.8956
120.227 24.0641
123.044 21.6614
120.023 22.3304
109.93 22.3802
101.671 24.0657
109.547 24.8444
122.806 23.0678
122.806 22.3583
108.938 22.8366
117.487 22.3249
112.992 23.3085
109.932 22.7633
112.023 23.4251
113.196 23.0724
111.463 22.4497
106.275 23.1764
105.877 25.4367
114.281 23.9538
111.742 22.6036
113.609 22.9531
115.179 22.6314
104.333 23.5526
103.224 22.5067
107.387 23.9732
103.906 23.6785
98.9616 24.2498
106.669 23.9004
111.22 23.7949
114.712 23.5242
106.382 22.9084
102.914 24.5725
100.979 21.6408
108.427 22.9586
109.457 23.2708
109.061 22.5506
117.424 24.5307
116.417 24.3335
116.228 22.251
116.228 23.7033
120.566 23.2568
100.292 24.9387
102.036 24.202
100.898 22.0861
105.655 23.5701
104.836 23.7113
102.761 21.6131
99.4591 23.0292
106.246 22.9416
102.345 23.6149
115.372 23.7247
120.319 24.0931
113.201 24.0933
117.373 24.0933
105.108 22.7932
106.536 23.1669
103.569 24.095
107.337 23.4605
106.098 23.7605
113.662 23.2132
105.135 23.7811
105.407 21.4661
108.291 23.0144
114.782 23.3318
105.051 24.0192
103.473 24.2341
98.6037 23.2658
101.566 22.8788
106.768 22.277
105.337 23.2056
96.7771 24.0726
98.9276 25.1765
103.242 24.0971
99.7557 24.0587
119.946 23.6904
108.509 23.7519
115.732 23.5168
106.104 23.5963
103.049 21.304
100.749 22.6803
100.749 23.7383
106.288 23.6548
108.003 23.8489
117.22 22.8471
113.776 23.7548
120.028 24.35
119.513 23.8103
115.158 23.8294
116.474 22.7969
115.007 24.7488
116.994 23.2297
107.727 22.1946
111.482 23.0664
109.711 23.8082
96.851 25.0093
106.989 23.2552
109.214 23.285
115.021 23.5564
116.401 21.2509
119.908 21.8132
113.439 23.1144
109.695 22.9346
112.971 22.7573
112.703 23.9682
109.712 22.8531
112.178 22.4419
107.466 24.9237
105.486 23.8241
109.354 23.6515
115.196 24.0632
108.823 22.6122
109.756 24.0481
111.579 22.7354
113.919 24.283
115.779 23.6648
112.098 22.3633
113.219 23.8983
117.635 22.3663
114.01 22.6869
118.079 24.3845
117.854 23.181
114.354 22.6402
109.182 22.5032
108.707 24.1224
117.467 23.4836
115.392 23.153
110.684 22.8964
105.355 23.7738
117.37 22.2059
110.505 23.481
114.365 23.0995
117.257 23.3231
121.445 23.5459
124.056 22.4046
118.842 23.546
108.018 23.6122
120.435 23.4249
116.735 22.3006
112.068 23.6562
114.498 22.7673
109.891 24.0685
108.672 24.3676
109.458 22.5322
103.901 23.0533
109.553 23.6012
106.247 22.9412
109.453 24.537
105.376 22.627
109.104 22.5258
98.9178 24.3071
97.1045 23.211
106.318 23.2814
96.2646 23.9025
106.386 23.6924
103.066 22.3636
84.9977 22.9471
82.9685 24.1095
82.9685 24.1929
77.0138 23.1583
83.9874 24.1972
100.178 23.0076
114.472 22.8998
104.835 23.8103
113.061 22.3182
98.47 25.0825
94.0083 23.0899
126.158 23.5617
116.988 23.3992
106.767 24.0552
114.455 23.0857
119.773 22.904
118.435 24.1349
130.3 21.5396
122.73 22.263
116.283 20.9794
121.622 22.7502
113.644 23.1062
106.097 23.2502
101.269 23.1886
100.154 23.7452
103.256 21.7457
102.956 22.734
102.462 24.3724
105.597 24.0281
98.3504 23.2573
101.447 22.607
89.425 23.4378
88.6605 24.2014
100.562 23.5396
91.6101 23.6825
91.685 23.2116
88.4297 23.8875
85.4454 23.2048
85.4454 22.5834
94.9191 23.7625
100.129 23.9366
98.3079 23.2139
95.9574 24.2474
93.0122 23.7054
102.557 22.9478
94.3826 22.9673
105.177 24.4499
105.162 23.0711
101.808 24.9559
110.988 21.9013
109.172 23.244
106.05 22.0923
111.553 21.6627
106.999 22.7644
109.928 22.5852
114.838 24.6692
101.529 25.2796
110.692 22.8579
115.248 22.2761
121.1 22.7894
106.669 23.4929
98.3702 24.122
108.144 22.6456
112.668 24.0681
115.265 24.0717
109.423 23.7948
120.563 23.0738
120.885 23.6054
117.615 22.7267
120.381 23.2061
118.21 22.1486
110.018 23.8872
110.018 23.4061
102.418 23.2346
109.518 23.544
111.918 23.8005
117.762 24.8855
116.713 24.1865
110.057 24.3152
119.611 23.3159
110.193 23.506
105.325 23.171
102.403 25.6447
100.778 21.984
100.033 24.0416
106.171 23.9248
104.961 22.9265
104.178 23.6535
97.2634 24.5744
105.052 23.3248
108.741 25.003
108.35 23.536
111.235 23.665
110.31 21.77
109.566 21.9649
115.291 22.3343
109.57 23.0116
108.061 23.2523
105.949 23.789
108.653 23.4703
111.451 23.5556
107.598 24.3609
115.743 22.3682
111.14 23.9904
112.214 24.2268
110.471 23.6478
109.99 23.4103
118.633 23.365
117.417 23.3195
111.092 23.9726
131.059 24.0358
115.273 22.0691
110.15 22.4864
110.663 22.839
106.57 24.1881
109.239 23.0118
105.97 24.2492
95.058 23.7589
96.4491 23.3643
108.363 25.4421
104.771 24.8886
94.7864 24.0381
94.2046 24.1489
86.9019 23.4662
84.2684 23.5719
97.0588 23.3679
104.028 23.536
105.539 23.2382
103.082 24.3119
102.719 23.3332
105.744 23.8777
103.144 22.4723
103.068 22.4814
103.064 23.8325
109.987 23.8482
112.718 22.8777
107.518 23.2814
106.627 23.2234
108.884 24.7885
109.703 23.6664
124.584 23.1263
116.975 21.9665
109.319 23.8975
117.226 24.4581
124.331 23.347
110.392 23.066
126.014 23.4909
129.401 23.4952
111.362 22.1557
106.946 22.6373
114.99 22.8444
113.727 22.0562
127.34 21.6282
110.586 23.9585
116.271 23.6939
116.855 22.7006
110.006 22.7665
114.091 22.2404
113.766 22.6455
113.108 22.6762
109.544 21.1266
100.309 23.1645
112.208 23.3729
108.511 21.8429
103.167 24.0282
105.371 23.3155
104.241 23.1905
104.879 21.8754
100.577 23.0516
113.384 22.6745
108.139 23.15
106.848 22.7638
108.02 22.7904
100.479 23.1532
100.506 22.9485
105.575 22.6828
105.642 23.2163
100.575 22.6978
99.829 24.5061
104.252 23.1285
102.898 23.0198
96.7213 23.8603
95.1737 23.7335
94.1843 24.0239
100.546 24.3039
97.4939 23.1002
96.8029 22.4717
99.208 23.6555
85.4682 24.0079
97.6745 21.9662
102.25 23.0358
98.8523 22.8287
100.656 23.8305
97.4823 24.5917
102.125 22.6114
108.008 22.6737
113.21 23.2426
107.85 22.5214
107.538 23.2281
104.284 24.5757
105.511 23.8581
100.501 22.9547
113.235 22.7898
119.88 22.347
124.643 22.7214
111.55 22.3587
123.936 22.4892
120.691 24.1145
120.001 23.9233
115.153 23.8466
116.064 24.3516
117.496 22.6833
108.361 23.5059
109.839 22.7795
103.866 23.0962
107.373 23.4371
100.166 25.1122
104.589 24.4655
110.545 22.9746
122.319 22.5639
114.697 21.8975
119.164 23.7792
109.458 24.6578
105.234 23.8343
107.298 22.5005
107.298 24.375
110.627 23.2448
102.962 23.4336
114.058 23.3609
117.112 22.9368
117.145 23.4846
112.563 21.9827
119.152 22.7015
119.052 22.983
115.315 21.3319
107.358 23.2833
106.534 23.3297
101.789 23.6095
108.954 23.9334
104.171 23.867
96.4915 23.7673
106.214 23.634
105.05 23.7678
105.786 22.4569
106.277 22.4208
110.008 24.2924
111.678 24.7527
113.719 23.8688
108.966 23.4096
108.325 25.5761
112.815 22.9243
114.664 21.6189
115.72 22.3774
117.1 24.0001
108.356 22.3805
120.027 22.7655
125.288 23.3464
128.818 22.5574
141.456 22.5973
135.241 22.489
127.3 22.1204
129.854 21.9715
138.58 21.6715
141.287 23.099
130.969 22.4115
147.426 23.2927
145.633 22.4327
122.999 23.2582
119.5 23.0308
123.1 24.8745
116.879 23.3573
119.996 22.711
122.368 21.4161
124.562 23.1195
115.661 23.5486
122.151 22.8287
116.126 22.6167
109.824 23.2504
120.551 22.4229
122.239 22.6382
131.772 22.6538
114.844 22.4405
122.915 23.475
123.593 23.5777
110.562 23.658
111.018 23.3603
109.549 24.2382
106.83 24.0346
105.653 22.374
102.918 24.6838
107.248 24.7286
103.086 23.4451
102.574 24.3203
110.802 22.3866
104.067 23.5963
108.767 23.0029
118.434 23.8454
105.528 22.854
105.426 23.1926
111.117 23.2379
113.147 23.4603
113.967 23.4368
116.403 23.9133
114.328 23.9894
121.102 23.1481
122.639 23.3061
121.618 22.5748
122.157 23.6263
127.04 23.2783
126.21 23.5888
114.208 23.3406
116.877 24.3514
122.489 21.4061
121.821 22.4294
130.46 23.8595
125.089 24.0252
130.368 22.7947
133.519 22.9008
130.842 22.5928
117.502 23.0555
115.152 25.6103
122.143 23.5916
111.516 23.5312
116.518 23.5248
126.377 21.7477
118.477 24.3587
120.725 22.9268
124.44 23.1855
111.573 24.4092
111.208 25.1445
126.848 22.2839
127.332 22.6867
115.03 23.1295
124.542 22.7419
111.689 23.4329
121.921 22.8285
104.361 25.0573
115.729 25.4515
113.982 23.9908
113.902 23.1752
119.67 25.5445
109.63 23.5787
112.372 21.5077
111.433 22.7142
106.42 23.9035
109.923 23.4327
111.438 23.4315
106.818 22.9084
103.165 24.2347
104.744 24.9077
103.112 22.8649
108.44 23.8741
107.374 23.2982
112.557 24.5055
100.621 23.5456
109.718 23.4336
107.484 22.4783
100.743 23.2654
105.184 24.1481
98.5573 22.4204
104.493 23.6302
102.025 22.9613
110.129 22.923
107.81 23.3945
104.448 22.9965
112.55 23.0566
103.988 22.2628
103.94 22.5074
109.833 23.1475
113.061 23.9235
114.203 25.3501
126.583 21.2272
131.676 22.7883
126.806 25.2567
126.669 23.3927
114.157 22.1123
115.19 24.357
113.478 24.1057
113.855 24.2016
126.632 22.484
125.841 21.2485
126.203 22.4218
136.429 23.2235
125.267 22.9514
128.297 23.822
120.788 22.2308
106.339 24.0264
100.239 23.918
108.099 22.4479
110.599 23.3697
119.035 23.9585
112.96 24.0221
111.238 23.8951
115.392 24.0209
107.625 23.8919
112.321 23.5143
116.177 23.3916
106.535 22.887
118.906 23.8929
119.215 23.8319
108.463 22.9184
106.903 23.9498
102.865 24.1769
100.267 23.5728
103.593 24.079
99.5077 24.3808
100.867 23.4558
108.767 23.9777
109.776 22.7854
108.52 22.7854
108.93 22.7871
98.1595 25.4226
102.293 24.0305
105.489 23.0145
106.267 23.3488
105.655 23.061
116.983 23.0068
125.493 22.818
124.686 22.4403
130.557 24.7385
126.546 24.0615
121.565 25.0947
115.58 24.7642
120.195 23.9339
117.127 21.836
112.15 25.2049
110.235 23.2977
113.795 24.2608
113.795 23.6945
113.892 22.9788
117.365 22.8749
115.687 22.0028
118.902 23.9015
121.015 23.0672
117.796 22.5939
123.061 21.1132
126.373 22.2487
120.847 23.1789
113.805 23.0995
111.678 25.1617
102.876 24.8145
93.6019 24.1175
106.483 22.2645
100.177 24.1816
105.271 23.6061
97.4167 21.966
100.614 23.5731
92.4651 22.7436
90.8665 23.5355
94.6978 21.5375
94.6978 21.2388
97.948 23.487
99.3933 24.5205
104.074 22.2953
105.523 22.6575
111.131 22.2626
108.718 23.0914
109.223 23.4933
91.0087 24.0333
97.0822 23.9282
101.616 24.6278
103.154 23.1228
100.941 23.1013
120.504 22.3873
115.27 23.7881
117.037 24.548
120.235 24.2211
113.703 23.6099
125.603 22.4773
119.243 23.2633
115.59 22.1495
115.324 23.0788
107.775 23.6339
107.154 23.7114
110.064 23.9298
113.836 24.5895
110.864 23.9881
101.151 23.0847
102.664 24.353
104.647 22.3002
102.049 22.3035
113.157 22.1535
108.88 23.0641
103.44 23.2823
94.2951 25.3994
97.5281 23.7811
100.524 23.7508
96.5116 23.5177
104.458 24.4993
93.9454 24.4602
99.8297 22.971
98.7878 23.5989
97.6826 22.9065
109.997 23.7749
100.53 25.1014
109.129 24.1907
116.436 23.3933
104.057 24.3351
107.734 24.0444
107.734 21.875
110.36 22.1383
112.14 21.7591
111.529 23.2547
119.353 22.474
115.95 21.6136
112.932 21.6078
107.572 22.1789
104.924 21.7099
108.322 23.5881
114.069 23.3796
104.224 25.1118
106.169 23.646
115.498 21.68
112.335 22.3131
112.335 22.8453
113.584 24.2841
117.404 22.3212
114.461 23.0737
112.307 24.2819
112.307 23.9409
115.641 23.0635
119.761 22.2406
114.889 24.9144
111.012 25.9017
102.547 23.5674
97.2605 24.1189
100.342 23.4726
102.917 24.28
111.864 24.2321
110.592 24.1818
113.08 23.406
112.194 22.9695
104.409 22.6012
104.812 22.8915
122.127 23.0628
120.343 22.5825
117.122 22.8631
118.866 22.0591
111.362 23.4144
121.897 23.7908
111.008 23.1979
120.16 23.0779
112.65 23.3164
116.479 22.5319
118.407 23.8935
115.612 23.3434
123.39 22.8773
116.065 22.7503
115.672 23.7317
123.841 21.6695
119.617 20.9869
110.792 21.5984
108.594 24.8653
110.696 24.1906
113.916 22.2218
110.577 22.9359
102.703 24.4745
112.791 23.3079
103.705 23.4238
100.734 24.4264
104.767 23.7103
107.31 24.7583
122.176 25.4493
112.917 24.0634
110.68 23.5349
108.991 23.3813
103.383 23.2474
107.664 23.7119
101.825 22.9135
111.566 23.7609
116.44 23.5623
104.382 23.8892
104.692 23.3888
107.985 22.972
100.427 22.6077
113.718 23.2735
112.948 23.2969
106.812 24.8193
110.258 22.8773
99.5945 23.5387
96.9724 23.6732
112.898 22.9289
113.931 23.4948
107.617 22.546
124.052 20.8124
107.237 21.4971
97.7097 23.9554
97.9502 22.6427
101.209 22.509
97.5259 24.3084
104.82 23.0316
114.391 22.7605
107.507 22.8678
112.977 21.9167
111.575 24.1495
104.498 24.2298
113.479 22.7584
105.379 23.296
102.251 23.4183
95.6657 24.1893
93.1582 22.3602
99.3622 24.1875
97.8628 22.6381
106.152 22.1449
113.097 22.5603
113.424 23.7034
117.611 22.5857
112.935 22.6391
119.373 22.6831
119.714 24.3591
132.055 22.8914
114.66 23.3105
116.239 23.1074
115.637 23.0777
115.418 23.4655
113.196 22.6292
112.88 23.9959
119.182 23.0537
118.925 23.15
130.931 22.7575
122.2 24.2435
120.917 22.034
103.746 23.5562
102.584 23.6243
109.925 22.784
100.828 24.9237
112.161 23.5823
112.986 22.7318
109.696 25.1298
110.062 23.1811
112.41 23.9521
105.376 24.2698
106.631 23.8786
108.946 22.5924
116.937 24.4614
122.823 22.0516
113.914 21.5219
112.9 25.4609
105.764 24.375
107.524 23.1471
111.821 24.7195
117.495 21.9331
115.66 22.4857
112.677 22.9676
115.08 23.3077
114.204 23.8031
105.823 23.0642
107.96 22.7461
104.492 23.8405
106.39 22.9097
109.204 23.8315
115.966 22.0718
112.041 24.6018
109.384 22.6307
106.814 23.764
95.6492 24.0343
96.2077 23.9482
98.5529 23.6876
101.65 22.6849
113.047 23.6766
112.775 23.0323
109.578 22.9671
109.106 23.0354
108.831 22.2541
110.654 22.6
99.9811 24.4816
102.898 23.4365
104.689 22.9727
108.713 22.5671
106.642 23.8816
104.665 23.0331
103.991 25.4478
102.086 23.7631
100.762 22.7162
110.496 22.7241
107.918 25.4511
107.121 22.8025
111.597 24.9499
99.9532 23.3888
96.2217 23.3229
94.2024 23.81
97.5954 22.8244
98.7904 22.8682
99.963 24.3319
101.358 23.7676
101.776 23.3163
103.751 24.008
107.038 22.6659
90.4923 24.5354
87.0343 22.9883
87.0343 24.0588
103.373 22.5309
102.788 22.935
100.166 23.8645
93.3338 23.6199
96.3702 22.6553
98.1055 25.0737
93.902 23.6864
101.191 24.6498
116.949 22.5256
119.228 22.9428
107.39 24.0143
109.398 23.3839
111.637 22.8946
105.993 24.1743
117.401 22.1433
106.759 23.4196
108.801 24.3704
111.828 24.6227
109.431 22.7226
113.289 23.5387
109.834 22.9881
113.079 22.0768
118.698 24.6289
113.494 24.3258
115.085 23.154
108.651 23.0885
112.181 23.4057
118.295 22.882
103.315 23.4319
113.696 23.2308
105.207 23.4592
106.142 23.0069
100.768 21.151
102.785 23.2644
104.276 23.595
99.2608 23.6122
100.615 22.9456
98.2101 23.1885
96.6585 22.4802
110.518 22.1555
113.392 22.263
105.549 24.5095
107.482 24.1613
111.461 22.2854
104.968 24.9649
100.975 23.7415
107.178 24.0825
104.68 24.2173
110.328 24.592
107.514 22.7085
108.12 23.5503
109.581 22.2828
110.924 22.9432
102.188 24.606
111.386 23.7879
109.169 23.546
104.873 24.1736
104.599 24.3702
118.189 22.6133
124.336 22.9327
116.912 22.3626
112.282 23.3055
120.496 22.4113
112.036 21.8356
125.946 23.2537
118.926 23.3021
117.233 24.1345
119.083 21.6338
112.877 22.1553
102.65 24.5478
107.809 24.6085
97.0076 23.843
102.475 22.7676
98.965 23.5329
100.14 23.4766
100.105 23.7881
105.76 22.9993
106.559 23.654
105.813 24.6306
120.35 21.8316
110.674 22.9204
110.305 23.6234
103.056 24.2794
103.162 22.5424
109.107 24.0501
111.639 21.9169
108.173 24.0351
108.846 24.6893
106.118 23.4946
109.158 23.8146
103.455 23.599
112.334 23.5778
112.334 23.9341
107.926 24.1104
123.16 22.607
112.224 23.5325
116.706 24.8771
111.516 23.8738
116.666 23.5605
120.666 22.7477
107.258 21.9267
101.124 23.9386
102.513 23.0423
110.989 23.6519
106.591 23.1356
109.731 25.51
115.418 23.2291
112.265 22.8542
114.011 23.9074
107.213 22.7988
105.467 25.2171
109.575 24.1552
115.114 21.3867
108.984 22.9268
109.282 22.6574
107.547 22.1846
116.211 22.2522
108.162 24.0425
108.82 24.8581
110.407 24.0154
111.376 24.1469
121.438 23.9031
117.772 23.197
114.87 22.9691
126.272 22.1813
124.265 23.641
112.397 23.523
109.568 23.1343
110.224 22.3436
113.057 22.4126
111.906 22.398
111.246 22.4028
110.41 22.2821
108.804 22.4149
110.928 23.0545
115.646 22.8632
105.25 24.2195
109.586 22.7769
108.623 23.1726
107.535 23.2883
113.478 22.7475
116.357 24.1868
108.165 23.3203
107.1 24.2085
113.286 21.9499
111.48 22.0294
114.496 22.539
127.555 23.657
128.773 22.9075
117.418 22.916
127.603 21.4653
111.154 24.32
114.677 24.2214
115.466 23.5603
112.202 23.7293
115.285 23.935
105.831 24.89
109.968 25.143
119.465 23.6719
107.488 22.9371
102.044 22.8338
116.811 22.2045
113.274 23.3426
113.188 25.0329
114.377 23.9873
119.033 23.3559
108.43 23.6679
115.592 23.6487
108.878 25.6562
102.833 23.0461
104.216 24.2483
104.694 23.7653
104.495 22.8363
109.039 24.9338
111.563 22.532
104.959 22.3554
102.033 22.1171
101.377 24.0527
99.8169 24.2862
97.6594 23.4223
95.6129 22.2986
98.9362 22.3886
101.037 22.9863
83.1509 23.1751
85.1912 23.1581
91.9337 23.0106
99.8149 22.898
98.0902 23.725
90.7374 23.2314
86.2064 23.4001
94.2796 23.3263
99.5208 23.0817
109.334 23.1689
107.961 22.1387
109.676 21.7275
110.283 23.2822
106.484 23.1973
105.529 22.3545
101.145 23.8287
105.595 23.176
106.403 22.4396
111.738 23.9626
108.804 21.4932
111.152 22.9129
113.369 23.1047
115.363 22.7822
123.188 20.8667
121.883 21.5589
120.368 22.3904
122.132 24.2616
115.157 23.6243
112.756 24.2735
107.937 23.6194
114.853 25.147
120.447 23.6459
117.849 23.6334
119.343 22.0397
104.829 23.9759
100.664 22.6813
112.017 22.8463
111.394 22.1627
109.844 24.0377
100.817 23.6302
107.755 23.3539
119.015 23.1884
118.338 23.8373
110.546 23.5116
111.57 22.1801
120.091 22.5972
113.924 23.4018
109.824 22.9832
116.627 23.4277
112.667 23.2243
109.48 24.4904
111.022 24.2979
117.812 23.289
107.43 23.1532
97.2085 22.2429
103.683 22.0599
105.28 21.9765
107.399 22.0184
114.252 24.4943
108.666 23.997
109.323 25.3605
107.031 24.935
112.1 23.7436
110.058 22.991
111.221 23.3016
106.558 22.9538
112.675 22.2805
110.311 22.4723
112.878 23.1252
111.749 22.8906
114.317 22.4643
118.87 21.8195
112.438 22.3449
114.816 22.0186
111.238 20.9728
112.58 22.8018
105.545 23.0218
107.384 25.9325
105.108 22.8912
109.524 21.6901
107.395 22.6936
108.481 23.2968
109.814 23.7781
102.78 24.6369
103.138 24.2901
100.64 23.1053
99.9906 23.6857
101.121 21.9076
104.469 23.2215
102.999 23.8791
122.103 22.9223
118.301 23.2785
114.158 22.5304
125.15 22.2818
118.74 22.8856
125.69 22.8868
120.766 21.8309
117.201 23.8439
127.645 23.9673
127.231 22.1249
125.852 24.9766
116.127 23.0746
114.765 21.7037
105.972 24.0882
107.336 24.7847
108.129 25.3115
102.5 23.0968
100.284 22.7734
103.504 25.8225
104.976 24.9294
98.3509 24.807
102.651 23.6955
104.501 23.9865
103.084 22.9646
110.976 23.6685
105.825 23.0087
107.704 23.8365
104.583 22.8218
104.623 22.7357
104.598 22.7571
108.177 23.1125
114.542 22.3027
114.542 24.0276
117.392 23.0237
120.399 24.3829
111.761 23.2653
105.577 23.9293
108.188 22.7445
108.165 23.4781
106.572 23.6075
111.992 22.9787
112.155 24.6768
107.135 23.2687
106.132 22.0184
110.053 22.2914
116.101 22.0477
116.74 22.9333
121.595 22.8433
116.999 24.1883
105.244 25.1906
101.664 24.2453
103.944 22.7216
118.514 23.3648
110.822 23.4988
110.567 23.8976
110.435 22.7996
113.594 23.3935
115.236 22.3257
112.115 22.8641
104.467 23.4753
109.366 22.8852
111.741 23.1815
118.273 22.3209
126.154 23.4811
129.044 22.7837
118.568 23.4111
104.597 24.5657
109.269 25.0189
108.579 22.5623
115.406 22.94
115.063 23.8004
110.922 23.4895
114.949 24.5471
113.78 22.7578
121.545 22.7183
109.095 23.2301
110.707 23.4704
119.497 22.5536
113.675 23.9965
112.269 23.0469
105.602 24.2769
107.703 23.087
108.169 23.4065
109.538 22.764
117.362 23.7758
113.525 22.3501
112.293 22.7315
104.032 22.9504
106.481 23.9423
110.039 23.9014
102.984 23.3269
102.984 24.5638
101.927 22.8095
108.753 24.2628
105.996 23.4351
109.434 23.5045
108.331 24.2157
111.954 22.8942
106.329 24.8451
113.149 22.3511
105.654 24.0796
105.477 24.1039
106.541 23.2489
113.097 24.4428
113.064 23.84
113.486 23.8071
116.762 23.0795
117.618 23.3007
114.546 22.5734
111.519 23.1772
120.789 22.3825
113.652 22.6244
118.334 24.1869
109.155 23.5307
114.033 23.6277
113.764 22.6355
125.192 22.0719
108.87 22.1764
118.101 22.2742
113.512 25.4475
111.355 24.1027
112.281 25.1247
115.029 23.0824
119.552 23.6222
114.846 22.5371
101.382 24.0039
111.295 22.2803
116.218 23.0273
118.335 22.9587
109.327 23.894
114.523 22.2923
110.611 22.6056
106.934 23.4139
107.301 24.1831
107.301 23.149
107.838 23.7104
110.377 24.1866
110.377 24.5218
107.268 22.1505
113.704 22.5531
107.549 23.8517
103.495 22.897
106.922 22.2789
104.324 22.9206
104.094 24.4357
106.924 22.2719
107.458 23.5149
104.979 24.3522
104.741 25.0805
105.192 23.1501
106.965 23.1561
103.627 23.7628
101.807 25.1858
106.175 22.2978
106.957 23.4777
108.948 25.1289
111.462 22.5076
110.469 23.5923
101.873 23.6866
104.208 23.0782
96.5903 25.4563
99.8952 23.6646
108.291 22.8539
101.509 23.96
106.76 24.5082
105.064 22.7563
105.139 22.3775
107.306 23.1534
101.517 23.5627
124.849 23.8026
110.131 23.6042
106.386 25.0968
110.188 25.1435
109.181 24.1774
107.775 23.1109
108.421 25.1451
112.683 23.2534
113.527 23.3512
113.426 22.2184
122.812 23.5452
113.422 21.9348
114.999 23.0898
108.761 22.4727
112.227 22.0816
110.866 24.06
109.949 23.3078
109.882 22.2292
114.453 23.0028
112.821 23.0658
103.699 22.6584
100.912 22.2772
103.24 22.3591
114.276 22.369
108.236 22.7066
103.26 23.1223
103.6 23.5669
111.442 23.1773
105.085 23.1006
113.503 24.9174
113.758 24.3404
116.843 21.868
104.54 23.2495
113.013 23.8554
103.612 21.9636
113.191 24.1134
118.642 22.9892
115.499 22.9145
110.7 23.3624
120.18 22.4927
109.639 24.1843
115.913 22.423
115.475 21.879
121.592 23.3496
110.484 23.1387
113.107 22.6983
114.619 23.9625
114.339 21.45
117.83 22.8404
118.3 22.972
117.519 21.5342
119.362 23.1285
124.349 22.7963
118.12 23.5918
117.474 23.8267
120.258 23.2174
117.612 22.0626
108.841 24.2236
111.903 23.0779
112.983 24.3863
109.837 23.8196
113.506 22.3981
108.736 23.7926
115.581 22.402
116.203 24.2435
101.053 24.8359
103.523 22.9444
111.932 24.0309
112.63 22.4419
101.822 24.1087
114.433 23.5075
110.227 22.8895
109.645 25.0165
107.214 22.8723
103.709 23.7532
103.788 21.9203
97.5143 23.9973
100.962 23.5793
114.696 22.1217
107.402 22.7411
109.377 23.6693
107.445 24.4034
107.168 23.8803
113.034 24.2315
109.323 23.3134
110.109 23.2968
111.643 22.2886
106.782 24.6664
111.312 23.3865
117.091 24.12
115.543 23.3918
114.834 23.5592
127.5 22.5646
120.573 22.5911
120.441 22.8202
114.039 22.5683
118.934 22.5661
114.984 21.9897
112.686 24.5309
112.68 24.6807
125.081 25.3574
115.588 23.6736
109.038 23.4225
116.49 23.4169
108.675 24.1313
102.274 24.3577
104.311 24.1292
101.434 24.0159
102.19 22.928
101.652 23.7127
102.691 23.3667
99.6746 23.1675
92.2302 22.6561
92.5023 22.2504
89.7679 23.9139
84.276 24.1589
87.1122 22.9899
85.5099 23.74
89.9651 23.2946
98.8168 23.5912
92.6076 22.2655
