124.875 29.2691
131.869 28.6061
132.557 29.021
132.557 30.418
132.557 30.4616
132.557 29.9248
124.529 30.8683
124.529 29.9658
124.529 29.4144
124.529 30.2966
124.529 30.582
124.529 30.093
124.529 28.7005
124.529 29.9861
124.529 30.1661
124.529 28.8475
124.529 30.1469
123.297 29.6952
123.297 30.5848
123.297 29.987
123.297 29.829
123.297 30.0041
125.978 30.113
121.722 31.2616
121.722 30.7217
122.653 30.6652
122.653 31.2603
122.653 30.8297
122.653 31.4799
122.653 30.5035
122.653 30.075
122.653 28.8263
122.653 29.7521
122.653 30.8751
121.156 31.039
121.156 30.297
121.156 31.188
121.156 31.9068
121.156 30.6673
121.156 29.7733
121.156 29.6589
121.156 29.288
126.899 30.96
126.899 30.3354
126.899 29.6719
126.899 28.8199
126.899 30.3411
126.899 29.6302
126.899 29.5377
126.899 29.4494
126.899 30.5634
126.899 28.7311
134.635 29.9879
134.635 30.4421
134.635 30.0466
134.635 30.0204
134.635 30.0204
134.635 29.8904
134.635 29.9201
129.975 29.9192
129.975 29.9511
131.181 30.0094
131.181 29.5721
125.824 29.6929
123.685 29.6555
123.685 29.8185
123.685 31.0535
123.685 30.2849
120.69 30.9262
120.69 29.9629
120.69 29.3792
120.69 29.9839
120.69 30.5656
120.69 30.7702
120.69 30.7702
120.69 29.5596
120.69 31.1175
120.024 31.6255
118.4 29.6525
118.4 30.1708
118.4 30.1852
118.4 30.5511
118.785 30.588
118.785 30.4124
118.785 29.9799
118.785 30.0828
118.785 31.4066
118.785 30.4612
118.785 28.8341
120.868 31.2611
120.868 30.1029
120.868 30.5705
120.868 30.6855
120.868 29.6316
120.868 29.8827
120.868 30.5688
120.868 29.7645
120.868 29.8601
120.868 30.7835
120.868 30.1573
120.868 29.7599
120.868 30.3214
120.868 30.2739
120.868 30.1779
120.868 30.7412
120.868 30.418
120.868 29.8641
120.868 30.9309
120.874 30.4717
119.262 30.6514
119.262 31.0192
119.262 30.8135
119.149 30.146
119.149 30.0643
119.149 31.6849
129.903 31.2091
129.903 31.3735
129.903 30.8991
127.074 29.7312
127.074 29.9914
127.074 30.0977
127.074 29.0354
127.074 29.0566
127.074 30.6427
127.074 30.3717
127.074 29.7922
127.074 29.5674
127.074 29.526
127.074 30.3243
127.074 30.6231
127.074 29.2688
127.074 29.5124
127.074 31.4961
127.074 29.4761
127.074 29.4755
117.995 29.4212
127.59 29.5246
127.59 29.9865
127.59 29.318
127.59 30.0871
127.59 29.8644
127.59 29.4375
127.59 29.6696
127.59 29.8562
127.59 30.3145
127.59 30.6381
128.753 29.1229
128.753 28.7097
124.52 28.4781
119.804 31.6238
121.28 29.9485
121.28 31.0116
125.505 30.2199
125.505 29.8311
127.68 29.8576
126.245 30.1576
126.245 29.7002
126.245 29.3142
127.77 28.6896
127.77 29.4215
127.77 29.4173
127.77 29.9618
127.77 29.5056
130.387 30.1051
127.067 30.1945
127.067 30.0959
127.067 30.165
127.067 29.6563
123.498 31.1261
123.498 30.5441
123.498 30.7057
123.498 30.5039
123.498 29.6623
123.498 29.9888
123.498 30.2098
123.498 30.5972
123.498 31.0336
119.762 30.9766
119.762 30.8151
119.762 31.1604
119.762 30.5024
122.556 29.0386
122.556 29.732
122.556 30.1009
122.556 30.0917
122.556 30.069
122.556 30.2524
122.556 30.8044
122.556 30.723
122.556 29.2157
122.556 31.6566
122.556 30.2727
122.556 30.0441
122.556 30.1333
122.556 30.1333
122.556 30.1333
122.556 30.7403
122.556 29.9036
122.556 31.072
122.556 31.0823
122.556 31.3047
122.556 30.2386
122.556 30.1596
122.556 30.3005
122.556 29.7478
122.556 29.0653
122.556 30.7644
122.556 30.1915
123.742 29.9081
123.742 30.0922
123.742 29.3264
123.742 30.8169
123.742 29.5767
123.742 30.3776
129.085 30.5799
129.085 30.1354
129.085 30.1695
129.085 29.8719
120.956 30.3432
120.956 30.0992
120.956 29.4873
120.956 30.0879
120.956 30.0202
120.956 30.127
120.956 29.6361
120.956 30.0523
120.956 29.4572
120.956 29.5987
120.956 28.3657
120.956 30.5774
120.956 29.3323
120.956 30.0862
120.956 30.649
118.926 30.1212
118.926 30.2943
118.926 30.8648
118.926 30.0775
123.797 30.2994
123.797 30.3239
123.797 30.3612
123.797 28.7601
123.797 30.0003
124.558 30.1067
124.558 30.5286
131.432 29.8584
131.432 30.4049
131.432 29.3803
121.01 29.8468
123.957 29.459
123.957 29.5086
123.957 30.685
120.844 30.9891
120.844 31.6274
120.844 29.9785
120.844 30.3913
120.844 30.0846
120.844 29.416
125.711 30.5186
125.711 30.4136
125.711 30.6119
125.122 30.6119
125.122 30.6445
125.122 30.2542
125.122 30.643
125.122 30.6317
125.122 30.38
125.122 30.142
125.122 29.7426
125.895 30.5218
122.463 30.0201
125.389 30.8563
125.389 30.007
125.389 30.7129
125.389 30.1759
130.851 31.426
130.851 31.426
130.851 30.3889
130.851 30.1554
130.851 29.8769
130.851 29.7319
130.851 28.6008
130.851 29.9556
130.851 29.7638
130.851 29.9722
130.851 30.0777
128.325 30.0367
128.325 29.889
128.325 30.8339
128.325 29.4487
128.325 29.8986
128.325 29.2761
128.325 30.4642
128.325 30.3018
128.325 30.0525
128.325 28.7086
128.325 28.7086
128.325 28.8422
128.325 29.2962
128.325 29.3652
128.325 29.5303
128.325 29.4363
127.231 31.4126
127.231 28.4295
127.231 30.7563
127.231 29.7001
128.991 29.7516
128.991 29.0213
128.991 29.74
128.991 29.4186
128.991 29.7799
128.991 29.9707
128.991 31.5764
128.991 28.6015
128.991 29.8684
128.991 29.2815
128.991 29.3566
128.991 29.3007
128.991 30.0403
133.462 29.0315
133.462 28.7254
133.462 30.0341
133.462 28.4916
128.125 29.7397
128.125 30.1156
128.125 29.3348
128.125 30.2935
128.125 29.95
128.125 28.992
128.125 28.992
124.016 30.7578
124.176 30.3129
124.176 31.5682
126.345 30.7847
128.532 30.7769
128.532 30.5932
126.668 29.9493
131.775 29.1349
131.775 28.9861
131.775 29.3759
121.03 29.7959
131.78 29.9328
124.241 30.4116
124.241 30.2666
121.05 30.2387
118.322 31.685
118.322 29.8722
118.322 31.6399
118.322 29.8581
118.322 30.0877
120.481 30.0468
120.481 30.2789
122.95 29.831
122.471 29.243
121.398 29.5809
121.398 29.9243
121.398 31.1289
116.776 29.2906
116.776 29.5205
131.815 30.0494
131.815 30.4366
131.815 29.2954
131.815 30.1361
131.815 29.7589
123.815 30.761
123.815 30.7918
123.815 30.3654
123.815 30.7378
123.815 30.1407
123.815 30.4466
123.815 29.6431
123.815 29.8906
123.815 30.4105
123.815 30.1323
123.815 29.9124
123.815 29.3516
123.815 30.1818
123.815 30.2054
123.815 29.946
123.815 30.253
125.23 29.9305
125.23 29.8997
125.23 29.5605
119.659 30.9437
119.659 30.5772
119.659 29.8472
119.659 30.4421
119.659 30.3127
119.305 30.0703
119.305 31.2472
119.305 30.5782
116.522 29.7502
116.522 30.4118
116.522 29.8319
116.522 30.2331
116.522 30.5244
116.522 31.7561
116.522 30.8533
116.522 29.2161
116.522 29.687
116.522 29.7029
122.659 29.7266
122.659 29.7293
122.659 29.0179
122.659 29.4528
122.659 30.7159
122.659 30.3947
122.659 29.8259
122.659 29.7703
122.659 29.5127
120.795 30.2025
118.474 30.2689
128.154 28.8916
128.154 29.5726
130.627 29.2411
129.966 29.6717
129.966 29.6701
129.966 30.1719
129.966 30.1899
127.349 30.1519
127.349 30.0445
127.349 30.5968
127.349 30.6757
127.349 30.0695
127.349 30.4757
127.349 30.2207
127.349 30.3259
132.19 30.1212
118.865 29.7492
118.865 30.4521
118.865 30.6864
118.865 30.7066
123.981 30.7066
123.981 31.1785
123.981 30.0219
126.469 29.8337
126.469 30.9145
126.469 28.7137
126.469 30.3725
126.469 30.7015
126.469 28.779
126.469 29.3317
126.469 29.5154
126.469 29.2207
126.469 29.6688
126.469 30.2726
117.382 30.3685
121.354 30.5025
121.354 30.3719
121.354 31.7297
121.354 29.6701
121.354 30.4166
121.354 29.7015
121.354 30.5209
114.822 31.0552
119.101 31.1041
119.101 30.9028
119.101 29.7916
119.101 29.8495
119.101 29.9577
119.101 30.6588
119.101 30.929
117.132 30.1284
124.564 30.0419
120.667 30.2152
120.667 30.1156
120.667 29.2049
120.667 30.4229
120.667 30.068
120.667 30.3624
120.667 31.1178
120.667 30.0104
124.506 29.9091
124.506 28.9836
122.618 29.6715
122.618 29.7781
122.618 30.0397
122.618 30.1689
122.618 30.12
121.884 30.0704
121.884 30.1891
121.884 29.6932
121.884 29.5978
121.444 29.6107
121.444 30.3643
122.028 30.6236
120.948 30.2836
120.319 30.201
120.319 30.2688
120.319 30.6127
125.882 30.6687
125.882 30.4474
125.882 31.4165
120.94 30.1594
120.94 30.4893
120.94 30.4436
120.94 29.7958
120.94 30.4673
116.53 30.2701
118.997 30.2669
119.486 30.0478
119.486 30.6874
119.486 30.3515
124.2 31.0761
122.246 30.5423
124.954 29.577
124.954 30.3353
119.75 30.3422
119.75 30.7783
119.75 30.1033
114.372 30.298
114.372 30.9015
117.101 29.759
120.504 29.8399
120.026 29.5988
126.274 29.4458
126.274 29.7561
124.063 30.408
124.063 29.7287
124.063 28.8238
124.063 30.7128
124.063 30.4559
126.41 30.025
126.41 30.7261
126.41 30.4407
126.41 29.5525
126.41 30.2133
126.41 30.0782
126.41 30.6998
126.41 31.4504
127.618 29.7426
127.618 29.8097
130.668 29.681
130.668 29.3248
130.668 29.451
121.568 29.9357
121.568 30.2489
121.568 29.7434
121.568 30.876
121.568 30.4264
121.568 30.5463
121.568 29.819
121.568 29.7989
121.568 29.6356
121.568 29.6059
121.568 30.2278
126.544 30.6921
126.544 30.9547
126.544 31.3094
126.544 31.6558
126.544 30.8134
126.544 30.3115
126.544 30.5427
126.544 29.8491
126.544 29.992
126.544 29.992
126.544 29.5595
126.544 29.8599
126.544 29.8677
126.544 30.124
126.544 30.3158
126.544 30.6671
126.544 30.5735
126.544 30.0223
126.544 30.3796
126.544 31.3656
126.544 30.5747
126.544 29.8703
126.544 29.708
126.544 28.9269
122.494 30.0658
122.494 30.7118
122.494 30.3533
122.494 30.8093
122.494 30.0665
122.494 29.5492
122.494 30.5515
122.494 30.1933
122.494 30.2798
122.494 30.9704
122.494 30.6252
122.494 30.3968
122.494 30.556
122.494 30.2752
122.494 29.8965
122.494 30.6093
120.559 30.6825
120.559 29.7801
120.559 29.8431
120.559 29.5259
120.559 29.7639
120.559 31.0284
120.559 30.5554
120.559 31.6899
120.559 30.7717
121.435 30.2796
123.349 29.7415
123.349 30.4116
119.539 30.309
119.539 29.4854
119.539 30.2285
119.539 30.3673
119.539 30.3859
126.935 29.7367
125.528 30.9627
125.528 31.292
125.528 31.0737
125.528 29.6973
125.528 29.6453
125.528 29.2185
125.528 29.0581
119.613 29.8036
125.821 29.5043
127.677 30.0244
127.677 30.4591
127.677 30.169
127.677 30.1107
127.677 30.4166
127.677 29.8117
127.677 29.976
127.042 29.3555
122.089 29.2174
122.089 29.4459
122.089 29.2824
122.089 30.4098
122.089 29.798
122.089 31.0596
122.089 30.0093
122.089 29.7219
122.089 29.907
122.089 29.6096
121.577 29.7854
121.577 29.7284
121.577 30.1064
121.577 29.9188
121.577 29.928
121.577 29.7987
121.577 30.1261
121.577 30.252
121.577 30.699
121.577 29.9817
133.797 29.8527
126.482 31.2018
126.482 30.7379
126.482 30.5755
126.482 29.952
126.482 30.1945
126.482 30.1162
126.482 29.6616
126.482 29.7318
126.482 30.2193
126.482 29.6153
125.931 30.6683
125.931 30.8252
128.351 30.8424
128.351 30.9749
125.724 30.7314
125.724 31.0357
125.724 29.9533
125.724 30.4642
126.801 30.4325
126.801 29.9206
126.801 31.2007
126.801 30.1809
126.801 28.1316
126.801 28.1982
126.801 30.8471
126.801 30.2263
126.801 29.5117
126.801 30.0509
126.801 29.3113
126.801 30.796
116.37 30.4594
131.944 29.1462
131.944 29.9022
131.944 29.9022
131.944 29.8154
124.967 29.7547
124.967 30.1194
123.51 30.4696
123.51 30.4428
123.51 30.2239
123.51 30.2518
121.311 30.7278
122.247 30.1967
122.247 30.2322
122.247 29.9868
132.078 29.9455
132.078 29.7105
132.078 29.4416
126.828 29.2221
129.403 28.7387
129.403 28.8263
124.266 29.7495
124.266 30.6044
124.266 31.3332
124.266 29.7783
124.266 29.6893
124.187 30.0064
124.187 30.7355
124.187 30.0613
124.187 29.9522
127.966 29.6982
127.966 29.6136
127.966 29.0899
127.966 29.048
127.966 29.0423
127.966 30.9507
127.966 29.367
127.966 29.998
127.966 29.9931
127.966 30.472
127.966 29.5466
127.966 29.7004
127.966 30.0684
127.966 29.1957
127.966 30.7653
127.966 30.8204
127.966 31.0102
120.861 30.4915
120.861 30.75
120.861 30.6772
120.861 30.0002
122.008 30.0002
122.008 29.5992
122.008 29.0776
122.008 30.7053
122.008 30.7074
122.008 30.4106
122.008 30.3327
122.008 30.8505
122.008 30.4591
122.008 31.0308
122.008 31.0548
122.008 30.6198
122.008 30.1381
122.008 29.4721
122.008 30.51
122.342 29.9523
122.342 29.8241
122.342 29.8903
122.342 29.8723
122.342 30.5043
121.937 31.0028
121.937 31.0559
126.664 31.2041
126.664 31.0033
125.695 31.0409
125.695 30.0774
125.695 30.8018
125.695 29.5409
125.695 30.8413
123.106 30.3361
123.106 30.6722
123.106 30.6922
123.106 30.012
130.297 29.4636
130.297 29.222
130.297 29.7492
130.297 30.8646
130.297 28.6499
123.47 31.5029
123.47 30.6145
123.47 30.7015
125.42 30.732
125.42 30.3808
125.42 29.482
125.42 30.4944
125.42 30.6148
125.42 29.7825
125.42 31.2136
125.42 31.1236
125.42 29.7393
127.581 30.8016
127.581 30.8001
127.581 30.1103
127.581 29.6382
127.581 30.0046
126.81 29.4415
126.81 28.9631
126.81 30.0779
126.81 29.3065
126.81 30.2349
126.81 30.0546
126.81 31.2373
126.81 31.3149
126.81 29.5986
126.81 29.9218
126.81 30.0783
126.81 30.4457
126.81 30.5911
126.81 30.1952
126.81 30.0957
128.43 29.9306
128.43 30.2393
128.43 30.5325
128.43 29.7594
128.43 30.4934
128.43 30.3583
128.43 29.6009
128.43 29.7073
128.43 29.5381
128.43 29.5024
119.883 28.7815
119.883 31.355
119.883 31.0814
119.883 30.6407
119.883 31.5856
119.883 30.4517
119.883 30.2306
119.883 29.8659
119.883 31.2954
119.883 30.5446
119.883 30.8675
119.883 30.2789
119.883 29.8283
119.883 30.6398
119.883 30.6885
119.883 30.1315
119.883 30.3103
119.667 30.2963
121.313 30.1144
121.313 29.8891
121.313 29.6678
121.313 28.9958
121.313 31.1559
121.313 31.0698
121.313 30.6111
121.313 31.1238
120.784 30.0699
120.784 29.7309
120.784 30.5523
124.319 28.9096
125.622 31.4656
125.622 30.7691
125.622 31.1395
125.622 30.8011
125.622 29.3929
119.891 30.1472
123.774 29.6306
123.774 30.1507
123.774 30.3894
123.774 30.3393
123.774 30.2722
123.774 30.2277
123.774 30.3699
123.774 29.729
123.774 29.607
123.774 30.3145
123.774 29.3389
123.774 29.7813
123.774 29.9188
123.774 29.2484
123.774 30.0408
123.774 30.6683
124.355 29.532
124.355 29.7737
124.355 30.3671
124.355 30.415
124.355 29.7474
124.355 29.2495
126.262 29.4394
131.692 29.2614
131.692 29.7977
131.692 29.4534
131.692 30.0595
124.933 30.5411
124.933 31.3682
124.933 31.2349
124.933 31.1567
124.933 30.952
124.933 30.4523
124.933 29.5944
124.933 30.2977
122.933 29.4631
122.933 29.2562
122.933 30.1999
122.933 30.1284
122.933 30.3179
122.933 30.0933
122.933 30.2472
122.933 30.3879
122.933 29.598
122.933 29.6257
129.804 30.1134
129.804 29.6774
129.804 29.8453
129.804 30.0597
129.804 30.0212
121.733 29.6244
125.957 29.2689
125.957 29.5205
129.703 30.3882
129.703 29.9765
129.703 30.7523
129.703 29.5152
129.703 29.6067
129.703 29.7594
129.703 29.9889
126.221 30.0274
126.221 31.3389
118.964 31.6286
118.964 31.2172
118.964 31.1978
120.565 30.9127
120.565 30.6729
120.207 29.3426
120.207 29.3043
120.207 29.3043
120.207 30.585
121.31 30.4774
121.31 30.4597
121.31 29.7222
121.31 29.6853
121.31 30.373
121.31 29.863
121.31 29.3979
121.31 29.0404
121.31 30.4731
121.31 30.8048
122.83 30.6391
119.887 31.3317
119.887 31.459
116.39 31.1613
116.39 31.6634
116.39 30.8916
114.464 31.1731
114.464 31.1771
122.093 29.9632
122.093 30.1085
122.093 29.7956
122.093 30.0034
122.093 30.457
125.014 30.1272
125.014 31.0748
126.209 30.5249
126.209 30.2889
126.209 28.6931
126.209 31.5189
126.209 30.6742
120.243 30.6286
120.243 30.2537
123.386 30.6052
123.386 30.4438
123.386 30.5242
123.386 30.5656
123.386 30.4945
123.386 31.1294
123.386 30.5916
123.386 30.882
123.386 29.7264
123.386 29.324
129.425 30.0975
129.425 29.5391
123.139 30.684
123.172 30.3806
123.172 29.8062
123.172 29.9321
123.172 29.6366
123.172 30.477
128.431 29.5862
124.645 29.6377
124.645 29.4648
124.645 29.5615
124.645 30.4199
124.645 30.8865
124.645 30.165
124.645 30.1128
124.645 30.7439
120.599 30.3998
120.599 30.6736
121.442 30.3248
121.442 30.2497
121.442 30.115
121.442 30.2412
121.442 29.9069
121.442 30.2863
118.683 30.0121
123.944 30.5127
123.944 30.4636
123.944 30.2795
123.944 30.3342
123.944 30.6345
123.885 30.0712
124.076 29.9825
124.076 29.0726
124.076 30.0182
124.076 30.349
124.076 30.298
124.076 30.8583
124.076 29.2705
124.076 29.9805
124.076 29.9876
124.076 30.1975
124.076 30.521
126.671 30.5802
128.573 30.1445
128.701 30.5078
128.701 28.5735
127.682 29.7335
127.682 30.1394
127.682 30.2739
125.723 29.7682
125.723 29.7701
125.723 29.5589
125.723 29.5039
125.723 29.4959
125.723 28.8766
125.723 29.4383
125.723 29.5229
125.723 29.4094
125.723 29.6262
127.824 30.7806
129.435 30.7257
129.435 31.0119
129.435 30.4244
127.234 30.337
127.234 30.3505
124.04 30.6472
122.512 30.588
122.512 29.4009
122.512 29.4413
122.512 30.0557
122.512 30.0046
127.633 31.0885
127.633 29.8568
127.633 30.144
127.633 29.267
127.633 29.394
127.633 29.4749
127.633 30.0399
127.633 30.2043
127.651 29.9633
127.651 29.8257
127.651 29.2764
127.651 29.8619
127.651 29.5573
127.651 30.9763
127.651 29.3039
127.651 29.5066
127.216 29.6155
124.384 29.208
124.384 30.8645
124.384 30.4109
124.384 29.274
124.384 29.6009
124.384 29.0185
124.384 29.2972
124.384 30.456
124.384 30.2145
129.56 30.2164
129.56 29.7804
129.56 29.0864
129.56 28.9083
129.56 28.9083
129.56 29.3431
129.56 29.1114
129.56 29.772
129.56 29.346
129.56 30.6116
130.45 30.0483
130.45 30.2793
130.45 30.4579
130.45 30.4188
130.45 30.3095
130.45 29.952
130.45 29.5958
130.45 30.3947
130.45 30.6865
122.318 30.2767
122.318 30.426
122.318 30.4309
122.318 30.4038
123.593 29.9807
123.593 30.4809
123.593 30.0077
123.593 30.3405
123.593 29.8948
123.593 30.5893
123.593 29.5297
123.593 30.21
123.593 30.9474
123.593 31.3299
123.593 30.7943
119.443 30.36
119.443 29.8382
119.443 29.5348
119.443 30.2805
119.443 30.8958
119.443 31.2575
119.443 30.4936
119.443 29.0834
128.941 30.6488
128.941 29.6557
128.941 29.329
128.941 30.7447
128.941 29.206
128.941 28.5217
128.941 30.0834
121.076 29.9945
118.632 30.065
118.632 30.1885
118.632 30.7152
118.632 30.4455
118.632 30.4455
118.632 30.1786
128.927 30.5622
128.927 31.3178
128.927 29.806
128.927 30.8987
129.51 30.8987
129.51 30.8783
128.511 30.5622
126.699 30.0189
126.699 29.5123
127.841 29.0392
127.841 28.8957
127.841 28.9984
129.272 28.3007
129.272 30.7213
129.272 30.55
123.258 30.7072
123.258 30.6793
123.258 29.2737
123.258 30.1022
123.258 29.9543
123.258 29.3571
123.258 31.0021
123.258 30.6793
123.258 29.697
123.258 29.5991
123.258 29.5134
123.258 29.6973
123.258 31.0028
123.524 30.8327
123.524 29.5959
123.524 29.7833
123.524 30.7986
123.524 30.2058
127.994 30.1937
127.994 30.1018
127.994 30.5182
127.994 30.2368
127.994 30.1472
127.994 30.0596
127.994 30.0969
127.994 29.7738
127.994 30.6841
127.994 31.3057
125.501 29.5194
125.501 30.512
125.501 30.4383
120.162 30.4685
120.162 30.2259
120.162 30.5242
120.162 30.8341
120.162 30.9556
120.162 30.0625
120.162 29.6233
120.162 30.354
119.817 30.6899
119.817 31.3454
117.072 31.7101
124.117 30.6978
127.894 30.6978
127.894 30.2459
127.894 29.6617
127.894 29.5087
127.894 29.9144
127.894 29.9651
127.894 29.2903
127.894 29.5615
127.252 30.1447
127.252 29.7702
127.252 29.469
127.252 30.4833
127.252 29.3445
127.402 30.4747
127.402 29.8749
127.282 30.4241
127.282 29.9016
127.282 29.9411
127.282 30.7419
123.101 30.3148
123.101 29.9952
123.101 29.9165
123.101 29.9077
123.957 29.6492
123.957 29.7622
123.957 29.763
123.957 29.7928
123.957 30.1391
123.957 30.6566
128.639 30.6362
128.639 30.3092
128.639 29.1943
128.639 29.5735
128.639 29.2846
128.639 30.2878
128.639 29.2857
128.639 29.8352
128.639 30.7193
128.639 29.4393
128.639 29.4436
128.639 29.9284
127.373 30.6103
127.373 29.2696
127.373 29.1469
127.373 29.6896
127.373 29.566
127.373 30.6766
127.394 29.9564
127.394 30.3619
127.394 30.0501
122.74 30.0961
122.74 29.5957
122.327 30.3717
124.654 30.1096
124.654 30.1359
124.654 30.3352
124.654 29.8938
124.654 29.0156
124.654 30.428
124.654 30.5345
124.654 29.6362
124.654 29.6362
120.426 29.3906
122.145 29.3906
119.579 31.3631
119.579 30.9033
119.579 30.1688
119.579 30.2166
119.579 29.7657
119.579 29.9034
119.579 29.9238
119.579 30.3636
119.579 30.2238
119.579 30.5126
119.579 31.0973
119.579 30.4747
119.579 30.1113
119.579 30.1102
119.579 29.6948
119.579 30.1056
118.979 30.7348
118.979 29.6413
118.979 29.8721
125.298 30.1255
125.298 30.3837
125.298 31.3085
125.298 31.0066
125.298 30.3421
125.298 30.1073
125.298 30.2564
125.298 29.9435
125.298 29.7135
125.298 29.8194
125.298 30.0521
125.298 30.3708
125.298 31.154
125.298 31.154
125.298 29.6365
125.298 29.8694
125.298 31.5212
125.298 28.4605
125.298 30.394
125.298 30.5453
125.298 30.1921
125.298 30.5346
133.548 30.1116
133.548 29.7041
133.548 30.39
133.548 29.5046
133.548 29.5046
133.548 30.3069
133.548 29.3619
130.228 29.0468
130.228 29.6484
130.228 30.5564
130.228 30.6531
130.228 30.9387
130.228 30.0362
130.228 30.3597
130.228 30.4829
130.228 30.5231
130.239 30.4766
131.484 30.4058
131.484 30.4058
131.484 29.5367
131.484 29.4586
131.484 29.6537
119.57 29.6668
116.207 29.6609
116.207 29.9331
128.151 29.0354
125.385 29.832
125.385 29.936
125.385 30.7857
125.385 29.2284
123.236 29.4173
123.236 29.384
123.236 29.4551
123.236 28.8293
126.152 30.2372
126.152 30.2358
126.152 30.3106
126.152 30.0544
126.152 29.9412
126.152 28.8471
126.152 29.3041
126.152 29.5928
126.152 30.6607
126.152 28.8452
126.152 28.8452
126.152 30.0954
126.152 30.4034
122.823 29.7111
122.823 29.8206
125.492 29.4387
129.112 29.3185
129.112 30.0701
129.112 29.532
129.112 29.5312
129.112 30.0068
129.112 29.8432
129.112 31.0252
127.164 29.9067
127.164 29.9423
127.164 30.6404
127.164 30.2741
127.164 29.8971
120.64 29.6492
120.64 30.1252
120.64 30.6781
120.64 30.8466
120.64 31.3097
121.802 30.1324
121.802 30.2142
121.802 30.2844
121.802 30.1038
121.802 30.8054
121.802 30.2367
121.802 30.9051
121.802 30.7145
121.802 29.475
121.802 29.5011
121.802 30.0076
121.802 30.5155
121.802 30.8316
121.802 30.8396
121.802 30.7919
121.802 30.0177
121.802 30.3128
121.802 30.1518
121.802 29.9902
121.53 29.0903
121.53 29.7635
121.53 30.3136
121.273 30.0805
121.273 30.1525
121.273 30.1933
121.273 30.7712
121.273 31.3417
120.125 30.2542
120.125 29.422
129.637 29.4586
129.637 29.1855
129.637 28.5339
129.637 28.7875
129.637 28.5257
129.637 29.7025
122.542 30.451
122.542 31.6276
126.02 30.1075
126.02 29.9934
126.02 29.1975
126.02 30.483
130.626 30.1696
126.344 29.6687
126.344 30.2728
126.344 30.1493
126.344 31.2214
126.344 31.2788
126.344 30.1765
128.101 30.1354
128.101 30.4161
126.861 30.2671
126.861 30.2298
130.595 29.4895
130.595 30.5344
128.001 30.2239
128.001 30.2577
128.001 29.7846
128.001 29.7625
128.001 29.7625
128.001 29.8072
128.001 30.4804
128.001 29.4194
128.001 30.3603
122.929 29.6313
122.929 30.5949
122.929 30.4891
122.053 30.4191
133.111 30.5454
133.111 29.3562
133.111 29.0915
133.111 29.6731
133.111 29.6497
133.111 29.1404
133.111 30.5745
133.111 30.5489
133.111 29.4412
129.865 29.3057
129.865 30.0198
128.901 30.6636
129.131 29.9249
129.131 29.9297
128.865 29.9552
128.865 30.0865
128.865 29.3503
128.865 30.7099
128.865 31.1884
128.865 30.0293
128.865 29.8676
128.865 31.104
128.865 29.6292
128.865 29.6089
128.865 29.2833
128.865 29.2833
128.865 29.2657
119.551 30.2288
119.551 29.8757
119.551 30.0351
119.551 29.8305
119.551 30.3501
119.869 29.8892
119.869 30.4951
116.848 30.5925
116.848 30.4523
119.176 31.2191
119.176 30.5363
119.176 31.3484
119.176 29.9586
119.176 30.7778
119.176 31.1244
119.176 31.5041
119.176 30.826
119.176 31.3048
119.176 30.8838
119.176 30.6506
121.635 30.6506
121.635 29.7582
121.635 29.7995
121.635 29.8823
119.775 30.3186
119.775 30.2571
119.775 30.2334
119.775 30.0393
119.896 30.7396
131.539 28.6188
130.008 29.5592
134.975 30.0531
134.975 29.3567
134.975 29.9172
134.975 29.881
134.975 30.3795
134.975 29.6047
134.975 29.8718
124.064 29.5955
124.064 30.3499
124.064 30.1127
124.064 30.1335
124.903 30.1422
124.903 29.9448
124.903 29.5494
124.903 29.6079
124.903 30.3339
124.903 30.0331
124.903 30.9093
120.774 30.996
120.774 30.3775
120.774 30.4267
120.774 30.4078
120.774 30.5438
120.774 30.3612
120.774 29.9847
118.902 29.7147
118.902 29.4256
118.902 30.5637
122.066 29.569
124.845 30.4076
124.845 30.6263
119.017 30.4534
119.017 31.1843
120.115 30.9064
113.684 30.9284
113.684 30.2448
113.684 29.886
123.515 29.836
123.515 29.838
121.412 30.6434
121.412 30.0603
121.412 29.9011
121.412 29.917
121.412 30.5283
121.412 30.9185
121.412 28.982
121.412 30.351
121.412 30.2229
125.486 29.204
125.486 29.9686
125.486 29.7425
125.486 30.0701
119.876 30.4033
125.495 29.5727
125.495 29.7909
125.495 30.0807
118.589 30.6901
124.576 30.6831
124.576 30.7692
124.576 30.6513
124.576 30.8359
123.305 31.1803
123.305 30.3941
123.305 29.7928
123.305 29.4273
123.305 29.1888
123.305 28.881
123.305 30.4682
123.305 30.6969
118.014 29.9253
125.485 29.3927
130.105 29.802
130.105 30.3634
130.105 29.8433
130.105 30.098
131.261 29.794
131.261 30.2353
128.832 29.6597
128.832 30.5293
128.832 30.5605
128.832 29.5113
128.832 29.7092
126.956 30.6723
125.89 29.5591
125.89 30.2528
129.407 30.5823
125.115 29.8534
125.115 30.5773
125.115 30.9019
127.606 30.4158
127.606 29.2746
127.606 30.3069
125.346 30.4537
125.346 30.6147
125.346 29.6992
125.346 29.7117
125.346 29.624
125.346 31.1293
125.346 29.4451
125.346 28.8743
124.086 31.4625
118.687 31.3853
118.687 31.3853
118.687 31.295
118.687 30.6291
120.159 29.2113
118.827 31.3058
118.827 30.8349
117.357 31.7597
120.511 31.4211
120.511 30.5314
120.511 30.3035
120.511 30.8796
120.511 30.4146
120.511 30.1938
120.174 30.9883
124.282 30.7336
120.714 28.8075
120.714 29.4954
120.714 29.3195
120.714 29.6963
120.714 31.0304
120.714 30.984
121.294 30.3107
121.294 30.306
123.244 29.4061
123.244 30.6801
123.334 29.4179
123.334 29.6726
126.917 30.0458
125.546 29.8844
125.546 29.8123
125.546 29.5972
118.142 30.7158
113.77 31.8555
113.77 31.3343
113.77 30.0119
113.77 29.8927
117.712 30.0404
119.118 30.6073
119.118 29.8639
119.118 30.0316
117.11 30.0253
117.11 30.6645
118.309 30.8558
118.309 30.7492
118.309 30.7968
118.309 30.2592
124.771 30.4827
128.314 30.3459
123.188 30.0805
120.727 30.2756
120.727 30.7586
120.727 30.12
120.727 30.4519
119.507 31.1053
122.098 30.3008
122.098 30.8089
124.689 29.2621
124.689 29.4844
124.689 28.8304
124.689 30.0556
125.242 30.5033
125.242 30.4292
125.242 29.5512
125.242 31.2997
128.033 30.615
128.033 30.897
128.033 30.897
128.033 30.897
117.621 30.6528
117.621 30.1787
117.621 30.1783
117.621 30.6587
121.522 30.3831
121.522 29.8321
127.834 29.9134
124.487 29.9781
124.487 31.1332
124.487 29.3208
124.487 29.6263
124.487 29.6077
126.618 30.6895
118.692 29.865
121.722 30.5228
117.494 30.8694
122.828 31.0605
123.065 29.7968
123.065 30.3588
125.652 29.384
128.452 29.5978
128.452 29.592
128.452 30.118
122.871 30.0852
122.871 29.9558
125.728 29.5573
128.162 28.9572
121.096 31.0249
125.191 30.079
125.191 30.6474
125.191 30.4348
125.191 29.5504
125.191 30.0784
125.191 28.6524
125.673 29.4304
127.314 29.0456
125.145 29.1062
127.911 30.9376
127.911 30.9376
121.131 30.0888
121.131 30.8172
121.131 30.7523
121.131 30.9402
121.131 31.2169
121.131 30.3471
121.131 31.4742
121.131 30.9263
121.131 30.2575
121.131 31.1438
121.131 30.0334
122.367 30.0334
122.367 29.2038
122.367 30.0841
122.367 29.919
122.367 30.0759
122.367 29.8043
122.367 29.804
122.367 30.3382
124.918 30.8673
125.71 30.5431
123.64 31.2747
123.64 30.5833
123.64 30.5773
123.64 31.4669
123.64 30.5691
125.274 29.7355
125.274 30.7703
125.274 30.0393
125.274 29.7108
124.896 30.5229
124.896 30.3956
124.896 30.2352
124.896 30.0281
124.896 29.9397
124.047 30.0424
124.047 29.764
133.298 31.0708
126.365 30.3893
126.365 30.2675
125.458 29.8316
128.641 30.6547
128.641 30.2054
128.641 29.4649
128.641 29.9589
123.459 30.6142
123.459 31.5303
125.482 30.514
125.482 30.5378
125.482 29.9257
125.482 29.5526
125.482 30.0142
125.482 29.6163
132.257 29.6396
132.257 30.2278
133.383 29.487
133.383 30.479
125.76 30.5457
125.76 30.7143
125.76 30.3737
125.76 30.5782
125.76 31.0976
125.76 31.0067
125.76 29.8246
125.76 30.3659
125.76 30.0367
125.76 30.2507
125.76 29.9058
125.76 29.4515
125.76 29.5242
125.76 30.499
125.76 31.1452
125.76 30.692
125.76 29.3731
125.76 30.1445
125.76 29.9606
126.21 29.7179
126.21 30.3381
126.21 29.6142
126.21 30.2303
126.545 30.1286
126.545 30.785
124.815 30.785
124.815 29.928
124.503 30.0519
125.985 29.9841
125.985 29.2509
130.187 29.2248
130.187 29.0893
130.187 29.594
130.187 29.8906
130.187 30.1475
128.882 29.7986
128.882 29.1121
129.356 29.6755
125.976 30.5859
125.976 30.5869
132.347 29.2452
131.266 29.7893
131.266 29.8987
131.266 29.579
131.266 29.3452
131.266 29.8322
131.266 29.983
122.826 30.4129
122.826 29.3856
122.826 30.8747
122.826 30.4234
122.826 31.0901
123.348 30.8155
123.348 30.6912
123.348 30.4856
123.348 30.1009
123.348 30.4461
123.348 30.5223
128.201 29.8206
128.201 29.907
128.511 30.6972
126.582 30.3678
126.582 30.6416
126.582 30.4516
126.582 29.8355
126.582 28.445
126.582 30.8859
126.582 30.4191
126.582 28.5884
126.582 29.9963
126.582 30.4775
126.582 31.1329
126.582 30.7063
126.582 31.113
126.582 30.8185
126.582 29.4094
124.407 30.6967
121.448 30.7836
121.448 30.1914
121.448 29.5171
127.304 30.0612
127.304 29.9673
123.802 29.9637
123.802 29.6439
123.802 29.5635
123.802 30.5943
123.802 29.4022
123.802 29.3256
121.704 29.8085
121.704 28.5375
121.704 29.2932
121.704 29.6508
115.764 30.5106
127.055 29.7344
127.055 29.0986
127.055 30.4655
127.731 30.4062
124.662 30.3812
124.662 30.6576
130.383 28.5238
130.383 30.1297
130.383 29.9493
130.383 30.257
130.383 28.9543
127.507 28.9134
133.32 29.7518
128.586 29.7758
129.512 29.3506
127.621 28.8601
127.621 28.8209
127.621 29.7025
127.621 30.1163
123.958 29.9114
123.958 29.6147
123.958 29.5185
119.726 31.0292
119.726 29.9776
119.726 29.7224
119.726 29.474
119.726 30.6254
119.726 30.6077
118.134 30.5286
118.134 31.3202
118.252 30.6674
118.252 30.7111
118.252 29.5641
118.252 31.2152
123.484 30.3633
119.278 29.657
124.486 29.9473
124.486 30.3421
124.486 29.3065
124.486 29.8782
124.486 29.5617
124.002 29.5617
124.002 29.6685
124.002 29.3799
124.002 29.5655
124.002 30.3581
120.242 31.1436
120.242 29.5903
120.242 29.9585
120.242 30.0431
120.242 30.4768
129.22 29.8559
129.22 30.2224
126.02 29.7452
126.02 29.5505
119.605 29.981
119.605 31.2262
119.605 30.2551
119.605 29.764
124.435 29.6721
118.68 30.4583
118.68 31.257
118.68 30.9679
118.68 30.4806
118.68 31.2384
120.197 31.1992
120.197 31.001
118.846 30.8027
118.846 31.4523
118.92 30.4157
118.92 30.9904
128.176 28.4605
128.176 28.8761
128.176 28.9651
128.176 29.154
128.176 29.4929
124.805 29.4929
124.805 30.6826
124.805 31.1621
124.805 29.9966
124.805 30.629
124.805 30.7999
124.805 30.5298
124.805 29.3719
124.805 30.1798
119.239 29.7824
119.239 30.5268
119.944 30.7058
121.295 30.7399
121.295 29.7329
118.815 31.0762
120.532 31.2509
120.532 30.7057
120.532 30.9006
122.125 30.0489
122.125 31.3222
122.125 30.4726
126.345 30.3918
115.736 31.4105
117.921 30.315
117.921 30.3552
117.921 30.3894
117.921 29.5053
123.794 30.0957
121.305 29.7716
121.305 30.3227
121.305 30.5069
119.931 30.8864
119.931 30.1688
120.834 29.9281
119.601 30.0868
122.568 30.0396
122.568 30.0415
122.568 30.0695
122.568 29.6265
122.568 29.7088
122.568 30.9833
122.568 31.1016
122.568 30.6941
122.568 30.5275
122.568 29.9669
122.568 29.9555
122.568 30.4183
122.568 29.4524
120.136 31.2965
122.938 29.4496
125.958 29.5158
125.103 29.7287
125.103 30.3716
125.103 29.9981
125.103 29.8018
125.103 30.0511
123.44 30.2556
123.44 30.8918
122.098 30.095
122.098 30.0346
122.098 30.0701
122.098 31.5138
122.098 30.3225
122.098 30.1884
122.098 29.4843
122.098 29.6717
122.098 29.7046
122.098 30.1664
122.098 30.4089
120.043 31.0958
120.043 30.586
119.697 28.9345
119.697 29.4025
119.697 30.0923
119.697 30.2607
119.272 30.103
109.628 31.4656
123.108 30.7859
122.994 30.7866
121.005 29.8481
121.005 30.082
121.005 29.3169
126.288 30.0441
128.308 29.4544
128.308 29.7054
128.308 29.55
128.308 28.7747
126.968 29.2179
119.128 29.0936
119.128 29.6471
119.128 29.8166
119.128 29.9805
119.128 29.6349
115.961 29.6504
115.961 29.9914
115.961 30.1511
115.961 29.8552
115.961 31.3146
120.344 30.8155
120.344 30.794
120.344 29.6955
120.344 30.4078
120.344 30.4783
120.344 30.7185
120.344 30.8335
120.344 30.6843
120.344 29.1145
120.344 30.0843
126.025 29.7258
126.025 29.9541
126.025 29.975
126.025 30.2062
126.725 29.2788
126.287 30.2486
128.94 29.502
128.94 30.0876
120.416 30.262
120.416 30.4888
120.416 29.5237
120.416 29.3369
120.416 30.6192
120.416 30.4856
125.018 30.9658
123.373 30.9658
123.373 28.9081
123.373 28.9081
126.947 30.8097
125.841 31.0868
125.841 30.1855
120.485 30.1917
131.491 28.4848
131.491 29.1466
125.62 29.4964
127.966 30.3184
129.838 30.1909
129.838 29.6471
129.838 29.5023
125.023 28.8231
125.023 30.0104
125.023 30.0134
127.246 30.0316
127.246 28.662
127.246 28.7309
127.246 29.2168
127.246 30.3742
123.439 30.2021
123.439 30.4117
125.259 30.1502
125.259 30.9301
125.259 29.6957
125.259 29.528
125.259 29.5985
124.578 30.3407
124.578 29.7417
124.578 30.5821
118.679 30.0749
118.679 30.5826
118.679 30.5848
118.679 29.842
118.679 29.9862
118.679 30.1452
123.005 30.8234
123.005 30.5127
121.126 30.0044
125.217 30.8663
119.62 30.8955
119.62 29.796
119.62 29.461
123.026 29.5867
123.026 29.9037
123.026 29.8978
123.026 29.702
122.3 29.3328
121.121 30.1343
121.62 30.3706
121.62 29.3469
121.62 29.5038
126.925 28.8792
126.925 30.4234
122.078 29.8158
122.078 30.128
122.078 30.8728
122.235 30.9665
122.235 30.211
122.235 30.6501
122.235 29.8226
122.235 30.4821
122.235 30.684
122.235 30.3702
122.235 29.7849
131.039 29.811
126.349 28.8153
126.349 30.16
126.349 29.8745
115.841 30.6714
115.728 29.7666
119.168 29.2349
117.843 30.4779
117.843 30.6524
117.843 30.7825
117.843 30.6575
117.843 30.9885
117.843 30.8715
117.49 31.6859
120.534 29.9715
128.399 30.4115
128.399 30.9288
128.399 30.6204
134.758 30.1639
134.758 30.1442
134.758 29.7889
134.758 30.0698
136.453 30.6222
136.453 30.2331
136.453 29.7689
134.161 29.9929
134.161 29.3972
134.161 29.1764
134.161 29.5259
132.113 29.3887
132.113 30.4587
132.113 30.3206
132.113 29.8507
132.113 29.2303
132.113 29.2105
132.113 29.867
132.113 30.422
132.113 30.422
132.113 29.3764
132.113 29.1334
132.113 29.0827
132.113 29.0439
132.113 30.4833
132.113 30.1895
132.113 29.7337
124.159 28.8793
124.159 30.3315
124.159 30.3913
124.159 29.6687
127.613 29.8494
127.613 28.5095
127.613 29.6614
127.613 30.1476
127.613 30.0771
127.451 29.9576
127.451 29.8216
127.451 29.3677
127.451 29.4883
127.451 29.8394
127.451 30.3392
127.451 31.8315
127.519 31.1891
122.462 31.6059
122.462 31.1995
126.601 29.6941
126.601 30.9173
126.601 30.0665
126.601 30.0665
126.601 29.8878
126.601 30.1577
124.155 30.2469
124.155 30.1091
124.375 29.7223
124.375 29.8285
124.375 29.4446
125.967 29.8707
125.967 29.8044
122.842 29.7553
122.842 31.3031
122.842 29.4841
122.842 29.9383
122.842 30.2484
122.842 29.8736
115.312 30.3666
124.315 29.235
124.315 28.945
124.315 31.4438
124.315 29.8912
124.315 30.3395
124.315 29.5933
127.73 29.7323
127.73 28.6182
126.371 29.4661
126.371 29.1863
126.371 28.901
127.584 29.4726
127.584 30.7566
127.584 29.3775
126.95 29.9422
128.734 29.6821
123.808 29.7088
123.808 30.139
123.808 29.2813
123.808 30.3827
123.808 30.9415
123.808 29.315
123.808 29.7036
122.819 29.5165
122.819 29.5165
122.819 30.2625
122.819 30.8452
125.067 29.1125
125.067 31.0765
125.067 29.7715
125.067 30.1911
125.067 30.3983
125.067 30.5619
127.79 30.321
127.79 30.684
127.79 30.3639
127.79 28.6644
134.617 29.3284
126.453 29.4893
126.453 30.5057
126.453 31.0612
121.72 30.9521
121.72 30.7524
121.72 30.1154
121.72 30.3552
121.72 31.1752
121.72 30.3242
121.72 30.3463
121.72 30.2478
121.72 30.1176
121.72 30.7435
121.72 30.4202
121.72 30.8959
121.72 30.962
130.72 29.6061
130.72 29.8464
130.72 30.7188
130.72 30.5607
130.72 29.1024
130.72 28.8136
128.954 29.8297
121.181 30.4114
121.181 30.2568
121.181 30.3785
121.181 30.0096
121.181 30.7011
120.754 29.6892
119.676 30.0542
121.317 29.8349
121.317 29.8586
121.317 28.4785
121.317 29.1981
121.317 29.1913
121.317 30.8907
121.317 30.0649
122.305 30.367
122.305 30.3678
122.305 28.9318
122.305 30.3774
123.541 30.2116
123.541 30.8305
123.541 30.8305
123.541 30.9862
123.541 30.1119
123.541 29.9736
126.164 30.1806
126.164 30.6429
116.615 30.3918
129.665 30.8674
128.9 29.2204
128.9 30.0586
124.655 29.9223
124.655 30.5228
125.148 30.426
125.148 30.4934
125.148 30.5843
125.148 30.2961
125.148 29.8718
125.148 29.4898
125.148 29.6028
125.148 30.1125
125.148 30.6693
125.148 30.2241
125.148 29.5457
125.148 29.8355
125.148 30.6771
125.148 29.8579
122.892 29.6849
129.229 29.8157
127.744 30.1863
127.744 29.8285
127.744 29.4593
127.744 29.711
127.744 30.4648
127.744 30.5298
131.429 29.3069
131.429 29.9682
131.429 29.8758
134.35 29.4609
134.35 28.7335
134.35 29.768
127.489 29.7624
127.489 30.4898
127.489 30.0438
125.395 29.3675
125.395 30.7358
125.395 30.6311
125.395 30.0176
122.325 30.7192
122.325 30.2629
122.325 30.2721
122.325 30.8297
122.325 30.7401
122.325 29.8691
122.325 30.3677
122.325 29.9739
122.325 29.9602
122.325 30.0813
122.325 30.2471
121.195 30.4558
121.195 30.153
124.955 31.3174
124.955 28.8816
125.156 29.7999
125.156 29.8024
124.06 29.5431
124.06 29.3364
124.06 30.9708
120.341 28.8224
120.341 30.5306
120.341 30.0089
120.341 30.8098
120.341 31.3689
120.341 31.1549
120.341 30.7745
120.341 29.5797
120.341 30.8551
120.341 30.3429
120.341 29.7102
120.341 31.0924
120.341 29.7601
120.341 30.3395
120.341 31.0263
120.341 30.9793
120.341 30.467
116.286 30.4692
116.286 30.0226
116.286 30.5499
116.286 30.1791
115.427 29.6833
115.427 30.4075
115.427 29.7929
115.427 29.8425
120.073 29.0748
120.073 30.6103
119.086 30.9225
116.008 31.026
116.008 31.2297
119.726 29.9469
119.726 30.7377
119.726 30.3703
121.692 29.665
121.692 30.0579
121.692 29.6429
121.692 29.6857
121.692 29.9118
121.692 30.3374
121.692 30.9511
121.692 31.0304
121.692 30.9035
121.692 31.0523
120.315 31.0663
120.315 30.7784
120.315 29.9243
120.315 29.4899
120.315 29.7057
125.066 29.8787
125.066 30.6375
125.066 30.3643
125.066 29.9767
125.066 29.9739
125.066 30.776
125.066 30.7281
125.066 30.2604
125.066 30.942
125.066 30.3517
125.066 30.6083
125.066 30.4306
125.066 29.7525
125.066 29.9213
125.066 29.9304
125.066 29.6772
125.066 29.8553
128.061 29.9802
128.061 30.2406
128.061 30.5164
128.061 30.3343
128.061 29.1469
128.061 29.9465
128.061 30.3289
128.061 30.8486
128.061 31.0885
128.45 30.9743
128.45 31.0019
128.45 31.0971
129.582 29.4036
126.353 30.105
126.353 29.9741
126.353 29.6748
126.353 30.1977
126.353 29.424
126.353 29.424
126.353 29.2234
124.208 30.5648
124.208 29.667
124.208 29.8107
124.208 30.333
124.208 30.9029
124.208 30.3691
124.208 30.1636
124.208 29.4426
124.208 30.4877
124.208 30.5658
124.208 31.1451
124.208 30.4954
124.208 30.1421
124.208 31.5753
124.208 30.1478
124.208 29.395
124.208 29.5885
124.208 30.4885
124.208 30.3241
124.208 29.6259
124.208 30.2718
124.208 31.2195
118.683 29.5736
118.683 29.5975
118.683 30.0284
118.683 30.4824
118.683 30.3372
118.683 29.9222
125.079 28.9514
125.079 30.1487
125.079 29.7794
123.464 28.9233
123.464 28.7366
123.464 29.0841
123.464 29.5947
120.196 30.0323
120.196 30.8866
128.147 30.2151
128.147 30.2312
128.147 29.691
128.147 29.9611
128.147 30.0486
128.147 29.3107
128.147 28.8945
128.147 29.3171
128.147 30.2092
128.147 30.1184
128.147 29.8281
128.854 29.8281
128.854 29.1149
128.854 30.0691
128.854 29.5704
128.854 29.9081
128.854 30.9498
128.854 30.0627
130.252 29.4153
125.74 28.16
125.74 29.8241
125.74 30.0097
125.74 31.021
125.74 30.1887
125.74 30.6105
125.74 30.7294
125.74 30.2718
125.74 29.3836
125.74 30.4165
125.74 29.8753
125.74 30.5526
125.512 31.0139
125.512 30.3002
125.512 30.8947
128.392 30.2775
128.392 30.1546
128.651 30.1015
128.651 30.2072
128.651 29.0054
123.195 29.4656
123.891 30.5212
123.891 30.1489
123.891 29.4376
123.891 29.1935
123.891 28.8641
123.891 28.9936
123.891 28.9291
123.891 30.2315
123.891 29.3048
123.891 29.952
123.891 30.4494
125.093 30.4251
125.093 30.4562
125.093 31.1039
126.713 29.1855
126.713 30.3722
129.039 30.0585
128.856 30.1469
122.452 30.3983
122.452 30.2423
123.631 29.5561
124.79 29.6348
124.79 30.7181
124.79 30.8775
124.79 30.605
126.791 30.605
126.671 29.475
126.671 30.357
122.254 30.7673
125.366 30.7608
125.143 30.7207
125.143 30.2933
125.143 29.1349
125.789 28.6822
125.789 29.6935
123.69 29.9676
123.69 30.0691
123.69 30.6354
123.69 30.6316
123.69 31.2585
123.69 31.0217
123.69 29.2158
123.69 29.9356
123.69 30.7282
123.69 30.971
123.69 30.1089
121.18 30.4288
121.18 29.6939
121.18 30.1233
121.18 30.4153
121.18 29.741
121.18 30.6926
121.18 29.9406
121.18 29.7242
121.18 29.5881
121.18 30.1247
121.18 30.704
121.18 30.2768
121.18 30.5952
121.18 30.5841
121.18 30.1382
121.18 29.9765
121.18 30.2576
121.18 29.8738
121.18 29.9142
121.18 30.1118
123.408 30.6662
123.408 30.7528
123.408 29.4984
123.408 30.4613
123.408 30.3286
123.408 29.4708
123.408 30.7561
123.408 30.2418
123.408 30.0885
123.408 30.003
134.96 30.133
134.96 30.437
134.96 30.8411
128.527 30.4697
128.527 30.5411
128.527 30.1978
126.145 29.7117
125.478 30.0499
126.983 29.75
126.983 29.9279
126.983 29.5619
126.983 29.4539
126.983 28.9397
126.983 29.1176
126.983 29.5396
126.983 29.7939
126.983 29.9586
126.983 30.2709
122.612 30.4652
122.612 30.0208
126.164 30.2602
126.164 29.4017
126.164 29.6987
126.164 29.4846
126.164 29.6432
126.164 29.7412
126.164 29.7412
126.164 29.9292
126.164 29.4361
126.164 29.8793
126.164 29.3069
126.164 29.2538
126.164 30.872
126.164 30.327
118.764 30.2561
118.764 30.079
118.764 29.8628
118.764 29.4679
118.764 30.0392
118.764 30.2743
118.764 30.2657
118.764 30.3958
118.764 31.389
118.764 31.2837
118.764 30.8143
118.764 31.5275
118.764 30.6027
118.764 29.9181
118.764 29.775
118.764 28.5226
118.764 30.4013
118.764 30.4012
123.588 30.4356
123.588 30.024
123.588 30.1648
123.588 30.0519
123.588 30.1817
125.332 30.0009
125.332 29.9918
125.332 30.4641
125.332 30.8691
119.373 30.7243
122.067 29.6074
122.067 29.6367
122.067 30.2831
122.067 30.2687
122.067 30.7461
122.067 30.2335
122.067 30.1514
122.067 29.6725
122.067 29.9418
122.067 30.8804
122.067 30.5886
122.067 30.3692
121.908 31.2161
121.908 30.9176
121.908 30.9316
121.908 30.7949
121.908 29.6906
121.908 30.7485
121.908 30.4695
121.908 30.795
121.908 31.3969
121.908 29.709
121.908 29.9556
121.908 29.9556
121.908 29.9089
121.908 30.053
121.908 30.3484
121.908 30.2961
121.908 30.4773
121.908 30.4773
121.908 30.487
121.908 30.5791
121.908 30.5885
121.908 30.5653
121.908 30.077
121.908 29.5482
121.908 30.8369
121.908 30.6528
121.908 30.8019
121.908 29.9726
121.908 29.1564
121.908 29.6669
121.908 29.99
121.908 30.1488
121.908 29.9277
121.908 29.98
121.908 30.5719
121.908 30.076
121.908 29.6043
121.908 29.3062
121.908 30.4684
121.908 30.7153
121.908 30.8835
121.908 30.1663
122.572 30.3107
122.572 30.0391
122.572 30.3331
122.572 29.4766
118.845 29.4184
118.845 30.0529
118.845 30.9862
118.845 30.4982
118.845 30.3186
118.845 31.4958
118.845 30.8746
118.845 29.8775
118.845 29.3565
118.845 29.7306
118.845 30.3357
118.845 30.303
118.845 30.1258
118.845 30.6793
118.721 30.75
118.721 30.2907
118.721 30.9088
118.721 30.9489
118.721 30.3991
118.721 30.2745
118.721 30.5011
118.721 30.7528
118.721 30.7218
118.721 31.2539
118.721 29.2635
118.721 30.8718
118.721 30.3302
118.721 30.6274
118.721 30.9389
120.387 30.0744
120.387 30.5898
120.387 30.7899
120.387 31.1137
119.574 29.5303
119.574 29.2101
116.107 30.7025
116.107 30.322
116.107 31.3447
116.107 30.5438
116.107 30.273
118.075 30.4182
118.075 31.6459
118.075 30.8254
118.075 29.8798
118.075 29.8798
118.075 29.3151
118.075 30.3932
118.075 30.2445
118.075 31.1072
118.075 30.5331
118.075 30.1733
118.075 29.4358
118.075 29.6728
118.075 30.9223
116.123 30.5581
116.123 30.5538
116.123 30.3966
116.858 30.3512
122.831 30.3345
123.315 30.2888
123.315 30.7865
123.315 30.0782
123.315 29.4882
123.315 29.6671
123.315 30.7706
123.315 30.5243
123.315 31.2065
123.315 29.9517
123.315 30.7631
123.315 29.6982
123.315 29.6982
123.315 29.5457
123.315 30.4446
123.315 29.904
123.315 29.6922
118.961 31.2727
124.145 31.1558
124.145 30.1379
124.145 29.7188
124.145 30.2532
124.145 29.7859
124.145 31.2318
124.145 29.6057
122.533 29.6066
124.194 29.662
124.194 28.5822
124.194 30.1817
123.604 30.4749
123.604 29.234
123.604 30.5449
123.604 30.3327
123.604 31.3152
123.604 31.1485
123.604 31.1821
123.604 30.0773
123.604 29.5327
123.604 31.2627
123.604 29.6375
123.604 29.3023
123.604 30.6592
123.604 30.3076
123.604 30.03
123.604 30.6739
122.969 30.445
122.969 29.7413
122.969 30.4863
122.969 29.9786
122.969 30.1327
122.969 29.5162
122.969 29.5298
122.969 29.5687
122.291 29.5001
122.291 30.4976
122.291 29.4305
122.291 29.9063
122.291 29.8424
122.291 30.6681
122.291 31.1546
122.291 30.3842
122.291 30.2621
122.291 30.3224
122.291 30.572
122.291 30.6477
122.291 30.5426
122.291 30.2034
123.349 30.0762
123.349 30.4469
122.389 30.8597
122.389 30.2707
122.389 30.2357
122.389 30.2583
122.389 30.2698
122.389 29.7078
122.389 30.173
122.389 30.5511
122.389 30.1754
122.389 29.9054
122.389 30.7523
122.389 30.4739
122.389 31.1743
122.389 30.1019
122.389 30.2903
122.389 30.3986
122.389 30.711
122.389 30.6158
122.389 30.3825
122.389 30.0086
122.389 30.1621
122.389 29.4919
122.389 30.2133
122.389 29.7786
122.389 30.1028
122.389 29.982
122.389 29.8604
122.389 30.7329
122.389 30.9597
122.389 30.2648
122.389 29.1559
119.678 30.668
119.678 30.1296
119.678 31.046
119.678 30.5296
119.678 30.8844
119.678 30.9438
119.678 29.4415
119.678 30.6186
119.678 30.9575
119.678 30.665
119.678 29.5055
119.678 30.212
119.678 30.5857
119.678 30.9978
119.678 30.3451
119.678 30.3173
119.678 30.674
119.678 30.4339
119.678 29.8515
125.243 30.1427
125.243 29.2732
125.243 30.227
125.243 29.8837
125.243 31.0937
125.243 29.9076
121.793 30.5174
124.005 30.7246
124.005 31.0999
124.005 29.3815
124.005 30.1729
124.005 29.8693
124.005 29.7018
124.005 29.6413
124.005 30.0265
124.005 30.1824
124.005 30.0052
124.005 30.5078
124.005 29.8067
124.005 30.7975
124.005 30.2117
124.005 30.3449
124.005 29.3305
124.005 29.3833
124.005 30.5123
124.005 29.0618
124.005 30.2697
124.005 30.2843
124.005 30.3457
124.005 30.5127
124.005 30.6104
124.005 29.8686
124.005 30.0619
124.005 30.2456
124.005 30.2719
128.582 30.7593
128.582 30.5676
128.582 29.5334
128.582 29.2994
128.582 29.6081
128.582 28.8471
132.323 30.001
132.323 29.5619
132.323 29.7582
132.323 30.7513
132.323 29.7741
128.723 29.7153
128.723 30.7
128.723 30.648
128.723 30.8313
128.723 28.6807
128.723 29.2084
128.723 29.2467
128.723 29.6828
128.723 29.6828
123.332 29.8241
123.332 29.9674
123.332 29.7545
123.332 29.9545
123.332 30.3401
121.637 29.2929
121.637 30.0492
121.637 29.5004
121.637 30.1898
121.637 29.9584
121.637 29.4233
121.637 29.8131
121.637 29.0779
121.637 30.3712
121.637 30.1902
121.637 29.5504
121.637 29.3608
121.637 30.1257
121.637 29.8917
121.637 29.6401
121.637 29.8831
121.637 30.0597
121.637 30.2205
121.637 29.8045
122.644 29.3431
122.644 29.6556
122.644 29.7466
122.644 29.3176
122.644 30.2388
122.644 29.8592
122.644 30.7351
122.644 30.5691
122.644 29.8308
122.644 29.8821
122.644 29.9156
122.644 30.3215
122.644 29.9836
122.644 30.8119
122.644 30.5951
122.644 30.9551
122.644 30.2074
122.644 30.6282
121.636 30.5253
121.636 30.0454
121.636 31.0466
121.636 29.5415
121.636 29.8684
121.636 29.5992
121.682 30.5806
121.682 30.5996
129.982 31.2591
129.982 30.9554
129.982 31.1951
129.982 30.2539
129.982 30.4922
129.982 30.8362
129.982 30.2685
129.982 29.0314
129.982 29.1454
126.057 29.2777
126.057 30.2506
126.057 30.6412
126.057 30.5221
126.057 29.8092
126.057 30.3459
126.057 29.9399
126.057 29.6996
126.057 29.7182
126.057 29.7191
126.057 29.4165
126.057 29.6856
126.057 30.6021
119.435 31.2079
119.435 30.5211
117.036 29.585
123.813 29.9345
123.813 30.0974
123.813 29.48
123.813 30.2011
119.72 29.8243
118.514 29.7834
118.514 29.831
118.514 29.5664
120.767 30.466
120.767 29.8433
120.767 30.1838
120.767 30.7345
120.767 30.3156
120.767 30.3328
120.767 31.7709
120.767 31.1668
128.794 30.0238
127.81 30.0151
127.81 30.0043
127.81 29.9898
127.81 29.8529
121.74 30.0318
121.74 30.3606
121.74 30.7221
121.962 31.0746
121.962 29.8513
126.157 30.4998
126.157 29.7917
126.157 31.014
126.157 30.4051
126.157 30.3263
126.157 30.1932
126.157 30.2814
129.736 29.6162
129.736 29.999
129.736 28.8488
129.736 28.8488
126.058 29.91
126.058 29.6723
126.189 30.0011
126.189 30.0055
126.189 29.9872
134.318 29.2287
132.845 29.2729
132.845 29.2629
132.845 30.2245
132.845 30.0799
127.601 29.7885
123.767 30.6727
124.75 30.8266
127.179 30.401
127.179 30.0246
127.179 29.9557
127.179 30.5242
127.179 30.6844
127.179 30.7329
127.179 30.5038
127.179 30.2022
127.179 30.6042
127.179 30.1504
127.179 29.3952
127.179 29.2777
127.179 29.2566
120.415 30.2906
120.415 30.2742
120.415 30.5974
120.415 30.2954
130.19 30.1069
130.19 29.6832
130.19 30.5532
134.792 30.5255
134.792 30.4346
134.792 29.6789
134.792 29.706
134.792 29.9433
134.792 29.7358
134.792 31.6856
131.496 30.2218
131.496 30.3629
121.062 30.511
121.062 30.6258
128.219 30.3558
128.219 30.1757
128.219 30.2793
128.219 30.6471
128.219 30.4263
128.219 29.9146
126.96 29.5105
126.96 29.5099
126.96 29.8533
126.96 30.0008
126.96 28.9096
125.108 29.6797
125.108 29.7302
125.108 29.8129
125.108 29.6998
125.108 30.2545
125.108 30.1054
125.108 31.2616
125.108 31.1326
125.108 31.2073
125.108 30.9917
125.108 30.7892
121.33 30.7184
129.105 30.6868
129.105 30.1963
129.105 29.7669
129.105 28.6337
129.105 29.7793
129.105 31.1223
129.105 29.3587
129.105 29.8121
120.811 29.9758
120.811 30.7945
120.811 30.301
120.811 28.9085
124.662 29.4767
124.662 29.2952
124.662 28.9558
124.662 30.0778
124.662 31.1322
124.662 31.168
124.662 30.7214
124.662 30.0808
124.662 29.1439
124.662 31.1549
124.662 30.8662
124.662 30.5844
124.662 30.3471
124.662 30.1593
124.662 29.3966
124.662 28.2585
124.662 29.2234
124.662 29.9333
124.662 30.2471
124.662 29.7517
124.662 29.75
124.662 30.2468
124.662 29.4224
124.662 29.8974
124.662 29.4265
124.662 30.2384
124.662 29.8445
124.767 29.4922
124.767 29.271
124.767 29.9589
124.767 31.3528
124.767 30.4356
124.767 29.7225
134.562 29.7476
134.562 30.1201
134.562 29.1878
130.953 30.1842
130.953 29.9679
130.953 28.2811
130.953 29.2984
130.953 28.9289
130.953 28.9294
130.953 29.7417
130.953 29.3211
130.953 29.3211
130.953 30.3457
130.953 30.4146
130.953 30.6065
130.953 30.573
130.953 30.3406
130.953 31.6437
130.953 30.0043
131.171 29.7684
131.171 30.0268
132.156 30.4664
132.156 30.418
132.156 31.4145
132.156 29.6319
132.156 29.6342
132.156 29.0817
132.156 30.4519
132.156 29.974
132.156 29.8952
132.156 30.0309
132.156 30.0309
132.156 29.8125
132.156 29.7814
132.156 30.2827
132.156 29.8457
132.156 29.8132
127.402 30.1759
127.402 30.1102
125.321 29.6576
123.142 30.5297
123.142 29.95
125.764 30.0498
125.764 30.1798
125.764 29.6533
125.764 30.0224
125.764 30.1824
125.764 30.1797
125.764 29.8187
125.118 30.6828
125.118 31.1021
125.118 29.9344
125.118 29.7605
125.118 30.6534
125.118 29.9897
125.118 30.0565
130.999 30.3961
130.999 30.0402
123.213 30.5205
121.28 30.07
128.125 30.7002
128.125 30.7625
128.125 30.8337
128.125 30.6821
128.125 30.6564
128.125 30.6648
128.125 30.9342
128.125 29.9586
128.125 29.2405
128.125 30.1294
128.125 30.6113
128.125 28.8042
128.125 29.2919
128.125 29.8227
128.125 29.6711
128.125 29.3347
128.125 30.1376
125.879 30.5602
125.879 30.5602
125.879 30.5602
125.879 30.7756
125.879 31.0139
125.879 30.4704
125.879 30.6794
121.086 31.4126
121.086 30.2193
121.086 30.7072
121.086 31.3412
121.086 30.1109
121.086 30.3684
121.086 31.4093
121.086 31.0306
121.086 30.4663
121.086 29.802
121.086 30.2604
121.086 29.9729
126.805 30.0583
124.457 30.5936
124.457 30.3191
119.656 31.8272
119.656 30.8618
119.656 30.5423
118.205 31.5449
118.205 30.7026
118.205 29.9585
118.205 30.0476
121.971 29.8049
121.971 30.3093
121.971 30.0546
121.971 29.5198
125.476 30.3329
125.476 30.5412
125.476 30.3956
125.476 30.9425
125.476 30.7564
129.548 29.2547
129.548 30.0957
129.548 30.3639
129.548 30.3269
129.548 30.4854
129.548 29.7618
129.548 29.6834
129.548 29.0864
129.548 29.3538
129.548 29.4422
118.973 29.7314
121.726 29.4683
121.726 30.2515
121.726 30.3295
121.726 30.5774
121.726 30.7535
126.105 29.7814
126.105 30.9122
126.105 30.8631
121.994 29.6215
121.994 29.796
121.994 30.3621
121.994 30.7111
121.994 30.8414
121.994 30.6514
121.994 30.3479
121.994 29.6367
121.994 31.2981
121.994 30.9169
121.994 30.9638
121.994 30.2883
121.994 30.2646
121.994 30.2458
121.994 30.0187
121.994 31.1277
121.994 30.7613
123.379 31.2729
125.313 29.6446
123.12 30.4092
123.12 29.707
123.12 30.8312
123.12 30.6339
123.12 30.3244
125.128 30.3493
125.128 30.5427
125.128 29.9214
128.836 30.5255
128.419 29.881
132.729 28.7801
132.729 28.8178
132.729 28.8257
132.729 30.249
132.729 30.5807
127.394 30.6813
127.394 30.7437
127.394 30.3473
127.394 29.9086
127.394 30.5633
127.394 30.3595
127.394 30.3302
124.28 30.2856
124.28 29.9873
124.412 30.2961
124.412 30.3567
124.412 29.7811
124.412 29.2708
124.412 30.485
124.412 30.1833
131.782 29.8369
131.782 30.1056
131.782 29.6982
127.889 29.2512
127.889 30.3874
127.889 29.9925
127.522 30.4975
127.522 30.2433
127.522 30.4108
127.522 30.8293
129.238 30.7367
129.238 30.1003
129.238 30.7482
129.238 30.5507
129.238 30.8417
129.238 30.8417
129.238 29.1512
129.238 29.7206
129.238 29.9327
129.238 29.876
129.238 29.9488
129.238 30.7715
129.238 30.2833
129.238 30.2881
129.238 30.3741
129.356 30.4927
129.356 31.0223
129.356 29.2964
129.356 29.4021
129.356 29.564
129.356 28.9281
129.356 29.2011
129.356 29.5382
129.356 30.0064
129.356 29.0906
129.356 29.6914
129.356 29.7974
129.356 29.7577
129.356 30.3643
129.356 28.9327
117.535 30.2588
117.535 30.8657
117.535 29.979
117.535 31.1535
117.535 30.7354
115.283 29.4765
115.283 29.9193
115.283 30.0918
122.795 30.3501
122.795 29.9009
122.795 30.7162
122.795 30.8799
122.795 30.6817
122.795 29.944
122.795 30.2015
122.795 30.768
122.795 29.376
122.795 29.5621
122.795 29.5621
122.795 29.3283
122.795 29.8785
122.795 29.8037
122.795 30.3262
122.795 30.6522
122.795 30.0013
122.795 30.3348
122.795 29.8538
122.795 29.3991
122.795 29.3957
122.795 29.8161
121.969 29.1229
121.969 31.0295
121.969 30.2765
121.969 29.6915
121.969 30.8332
121.969 30.9801
121.969 30.8689
121.969 30.5273
121.633 30.8907
121.633 30.8907
121.633 30.0432
121.633 30.3615
121.633 30.2284
121.633 30.2284
121.633 30.0766
121.633 30.6957
124.685 30.6897
124.685 30.2356
124.685 30.6046
124.685 30.2784
124.685 30.0602
124.685 31.0323
124.685 30.7585
124.685 29.6363
124.685 29.5096
124.685 30.0432
131.824 30.0057
131.824 29.7164
131.824 29.8315
131.824 30.0797
131.824 30.0554
131.824 29.9934
123.949 30.0418
130.59 29.3763
130.59 29.7417
126.829 30.0066
126.829 30.062
126.829 29.3131
126.829 29.8005
126.829 30.1652
126.829 30.5452
126.829 30.6346
122.346 30.7383
122.346 30.5328
122.346 29.7989
122.346 30.1105
122.346 30.9797
122.346 30.0576
122.346 29.1334
121.982 30.3341
121.982 31.0881
121.982 30.4054
121.982 30.2053
121.982 30.282
121.982 31.0422
121.209 31.2217
129.312 30.2917
129.312 29.3028
129.312 29.6388
129.312 29.6497
129.312 29.4824
129.312 30.3804
129.312 30.0678
129.312 29.9071
129.312 30.4193
129.312 30.3628
129.312 29.6333
129.312 29.9812
129.312 29.8171
129.312 29.7191
129.312 28.8563
129.312 28.939
129.312 29.6015
129.312 29.6187
129.312 30.4634
129.312 30.1657
134.926 29.0352
134.926 29.4057
135.319 29.4057
135.319 29.5485
127.544 29.5314
127.544 29.8105
127.544 29.8625
121.173 30.142
121.173 29.6508
121.173 31.4309
121.173 30.7212
121.173 30.7153
121.173 31.0161
122.602 30.5337
122.602 30.5187
122.602 30.3223
122.602 30.43
122.602 31.1482
125.272 30.8765
123.034 29.1096
123.034 29.6207
123.034 29.1645
123.034 30.2163
123.034 30.2212
123.034 29.9982
123.034 29.6449
123.034 29.6427
123.034 30.795
123.034 30.9257
123.034 30.2658
114.479 31.6005
114.479 31.331
114.479 31.7148
114.479 30.1409
114.479 29.768
116.647 29.9218
116.647 31.1532
121.62 30.444
121.62 30.3498
121.62 30.6539
121.62 30.3674
121.62 29.7586
121.62 30.2375
121.62 30.6601
121.62 30.8497
121.62 28.5087
121.62 30.1349
121.62 29.7266
121.62 29.9052
121.62 30.5109
121.62 30.2725
121.62 30.2959
121.62 30.4944
121.62 29.7259
121.62 30.1201
121.62 30.8743
127.648 28.9488
127.648 29.9632
127.648 29.2811
123.138 30.4264
124.952 30.1027
124.952 29.3968
124.952 29.0796
124.952 29.3889
124.952 29.7517
124.952 30.753
124.952 30.5344
124.952 30.7882
123.562 29.7867
123.562 29.7867
123.562 30.2664
123.562 30.4915
123.562 30.3177
121.525 30.5943
121.525 30.4654
121.525 30.9248
121.525 30.7833
127.662 31.1167
127.662 29.7963
127.662 28.6623
127.662 29.0498
127.662 29.17
127.662 30.181
127.662 30.3339
127.662 30.0454
127.662 30.1213
125.812 29.5901
125.812 30.4923
125.812 29.1288
125.812 28.9747
125.812 29.2802
123.159 29.1273
123.159 30.4811
123.159 30.7977
123.159 30.4897
123.159 30.2442
123.159 30.4717
123.159 29.8952
123.159 29.6128
123.159 29.781
127.718 29.6305
127.718 30.3536
127.718 30.6365
127.718 30.7819
127.718 29.9633
127.718 29.8576
127.718 29.3898
127.718 29.0321
130.163 29.385
130.163 29.6497
130.163 28.7201
130.163 29.0657
132.044 29.2987
132.044 28.9591
132.044 28.724
132.044 29.5098
130.005 29.5978
130.005 30.0497
130.005 29.6119
130.005 29.595
130.005 29.6301
124.139 30.2798
124.139 30.0472
124.139 29.7056
129.372 30.5916
129.372 30.5797
129.372 30.8875
129.372 29.7585
129.372 29.1724
129.372 29.7349
123.672 29.8633
123.672 31.5027
123.672 30.6145
123.672 30.698
124.369 30.3486
124.369 30.2421
124.369 29.9495
124.369 29.9242
124.369 30.502
124.369 29.1551
124.369 28.9157
124.369 31.1225
124.369 30.4874
128.691 30.1036
128.691 30.5423
128.691 30.1067
128.691 30.1305
128.528 30.149
128.528 30.1485
125.171 30.2026
125.171 29.8737
123.859 29.3685
123.859 29.6614
123.859 30.1972
123.859 29.9409
123.859 29.4032
123.859 30.2193
123.859 30.5282
123.859 30.3931
128.883 29.9516
128.883 29.9884
128.883 29.6646
127.043 29.6646
127.043 30.5951
127.043 29.888
127.043 29.671
127.043 31.0494
127.043 29.4668
127.043 30.2847
127.043 30.3832
127.043 30.2657
127.043 30.2843
127.043 31.2304
124.225 29.5368
124.225 29.4004
124.225 29.4043
124.225 30.855
124.225 31.6823
124.225 30.8831
124.225 29.7824
124.225 28.8613
124.225 29.2769
124.225 30.224
124.225 31.0827
124.225 29.9639
128.935 30.0381
128.935 29.903
128.935 29.8937
128.935 30.6711
128.935 31.1129
128.935 30.2473
128.935 30.2416
128.935 28.7243
128.935 30.4425
128.935 30.1433
128.935 30.1108
128.935 30.0729
128.935 30.0729
128.935 30.1862
128.935 29.5535
128.935 30.2516
128.935 30.2972
128.935 30.1796
128.935 29.5592
128.935 31.1337
128.935 30.5362
128.935 29.9898
128.935 30.349
128.935 30.6404
128.935 29.0635
128.935 29.731
128.935 29.29
128.935 29.2529
128.935 29.0667
128.935 29.6214
128.935 29.7224
128.935 29.6368
128.935 29.2871
124.814 30.3889
124.814 30.3834
124.814 29.5848
124.814 29.4567
124.814 29.9195
124.814 29.5039
124.814 29.4375
124.814 29.7274
124.814 30.8336
124.814 30.6102
133.101 30.583
133.101 30.1529
133.101 28.9093
133.101 29.737
133.101 29.7575
133.101 29.9057
133.101 29.6862
128.284 29.8583
128.284 29.3344
128.284 29.8717
127.836 28.7492
127.836 29.951
127.836 29.5735
127.836 30.4526
127.836 29.7375
127.836 29.6377
127.836 29.6051
127.836 29.5713
127.836 29.571
127.836 29.5166
127.836 29.138
127.836 29.138
127.836 29.6192
127.836 30.0825
127.836 30.4927
121.015 31.0972
121.015 30.9295
121.015 30.7263
121.015 30.7263
127.53 29.7182
127.53 29.4557
127.53 29.6409
127.53 30.8497
127.53 29.3851
127.53 29.3133
127.53 29.7248
127.53 29.0666
127.53 30.7569
127.53 30.8859
128.797 30.7106
130.245 30.5939
130.245 30.2265
130.245 30.5709
130.245 29.7526
130.245 30.3129
131.245 30.7296
131.245 30.4828
131.245 29.6316
131.245 29.5351
131.245 28.5248
131.245 29.6428
131.245 29.1985
131.245 29.3326
130.005 29.5926
130.005 29.6038
130.005 29.0076
130.005 30.052
129.805 30.507
129.805 28.8397
129.805 28.5045
129.805 28.7958
126.206 28.7484
126.206 29.6737
126.206 29.7161
126.206 29.5731
125.392 30.1658
126.112 30.1662
121.582 29.8701
121.582 29.865
121.582 30.543
121.582 30.0969
121.582 30.3686
131.221 29.8696
131.221 29.3567
131.221 29.5795
131.221 29.2027
131.221 29.469
131.221 29.7109
131.221 30.4291
131.221 30.5532
131.466 30.1046
126.172 30.1116
126.172 29.722
126.172 29.7868
126.172 29.6233
125.433 29.8948
125.433 29.4692
125.433 29.5228
125.433 30.2453
125.433 30.056
125.433 30.0486
125.433 30.0266
125.433 30.0899
125.433 30.398
125.433 30.6137
125.433 30.8687
125.433 30.6407
125.433 30.503
125.433 30.0078
125.433 30.6695
125.433 31.5765
125.433 30.2508
125.433 30.017
125.433 29.7228
125.433 29.7985
125.433 30.6714
125.433 29.5528
125.433 30.8687
125.433 30.5005
125.433 29.3137
125.433 29.7656
125.433 29.0034
125.433 29.6268
125.433 30.1663
126.25 29.7523
126.25 30.7805
126.25 30.34
130.616 30.2095
130.616 29.0934
130.616 30.0108
130.616 30.6683
125.32 29.745
125.32 30.2618
125.32 29.6875
125.32 30.1869
125.32 29.7384
125.32 30.3425
125.32 30.1197
125.77 29.7987
125.77 29.3333
125.77 29.3333
129.617 29.499
129.617 29.747
129.617 29.7619
129.617 28.96
129.617 30.236
129.617 30.004
129.617 29.4807
129.617 30.5947
129.617 30.8272
129.617 30.0461
129.617 30.4984
129.617 30.4984
129.617 31.0484
128.819 30.5751
123.568 31.1446
123.568 30.1814
123.568 30.6055
123.568 29.5693
123.568 29.9336
123.568 30.6189
123.568 31.0565
123.568 30.9394
123.568 31.0856
123.207 30.5038
123.207 29.6857
123.207 30.0878
123.207 29.5168
123.207 30.1196
123.207 30.0577
123.207 30.4571
123.207 31.2025
123.207 30.2682
123.207 29.6227
123.207 30.9218
123.207 30.4191
123.207 29.8274
123.207 29.9216
123.207 30.6872
123.207 29.9837
123.207 30.7975
123.207 30.4321
123.207 30.5436
123.207 30.7852
123.207 29.9152
123.207 31.7895
123.207 29.442
123.207 30.9257
123.207 30.8181
123.207 29.893
123.207 30.8207
123.207 31.0197
124.505 30.7419
124.505 31.1573
124.505 30.6704
124.505 30.8279
119.325 31.5457
119.325 29.8528
119.325 30.6629
125.42 30.2653
125.42 30.2599
125.42 30.2178
125.42 30.8285
128.883 30.7042
128.883 30.9377
128.883 29.83
128.883 30.3704
128.883 30.3111
126.039 30.1209
126.039 29.7984
125.06 30.8714
125.06 30.3592
125.06 30.1894
130.114 30.4031
130.114 30.4929
124.319 30.0752
123.038 29.187
123.045 29.9775
123.045 29.9757
123.045 30.6104
123.045 30.5859
123.045 30.5859
127.812 29.2159
127.812 29.7811
124.561 30.5791
124.561 30.4439
124.561 30.5719
124.561 31.4066
124.561 31.4066
125.917 30.0231
125.917 29.1774
125.917 29.1774
125.917 29.3953
130.94 30.1963
130.94 29.5084
130.94 29.6235
130.94 30.0603
130.94 29.4338
136.029 30.395
136.029 29.5346
136.029 29.686
136.029 29.4565
129.72 29.4589
129.72 29.9722
129.72 29.987
129.72 30.4734
122.493 30.1201
134.369 29.3484
121.36 30.3114
120.657 30.4322
120.657 31.1137
120.657 31.1137
120.657 31.1137
120.657 30.5209
120.657 30.5579
131.699 31.0579
131.699 30.799
131.699 29.3995
131.699 29.7116
131.699 29.8402
125.065 30.2435
125.065 30.2044
125.065 30.042
125.065 29.7858
125.065 30.0863
125.065 29.8737
125.065 29.9137
125.065 29.4289
117.989 29.5224
122.537 29.3088
122.537 29.4582
125.735 28.8838
126.103 29.2853
126.103 29.2853
126.103 30.3129
126.103 30.2368
125.623 29.1865
121.35 29.7424
121.35 30.726
121.35 30.667
121.35 30.9249
121.35 30.8307
121.35 30.2469
121.35 29.7892
123.029 30.0779
120.818 31.0362
120.818 30.422
120.818 30.2783
120.818 29.8821
120.818 29.933
120.818 30.4395
120.818 30.9162
120.818 31.1543
120.818 30.7346
120.818 29.6848
120.818 30.3057
125.67 30.2134
125.67 29.8512
128.542 29.9634
128.542 30.5619
128.542 29.8573
128.236 30.498
128.236 28.9877
127.914 29.5178
127.914 29.5178
127.914 30.0386
127.914 29.7109
127.914 29.8726
128.293 30.8375
128.293 29.5214
128.293 29.0625
128.293 28.7056
131.008 28.5593
136.45 28.4899
136.45 29.9023
136.45 30.1618
136.45 29.906
132.445 30.0699
132.445 28.653
132.445 28.6322
132.445 28.723
132.445 30.2565
132.445 29.3706
132.445 29.4898
132.445 29.2467
123.239 30.0107
123.239 30.6091
123.239 30.6058
123.239 30.2065
123.239 30.2824
123.239 30.779
127.118 30.462
127.118 31.4132
127.118 29.7698
127.118 29.6107
127.118 29.7545
127.118 30.6465
127.118 30.5519
129.679 29.2714
124.21 30.6639
124.21 30.1026
128.723 30.6901
128.723 29.7436
128.723 29.7878
128.723 29.5498
128.723 29.533
128.723 30.2547
128.723 29.3124
128.723 30.3329
128.723 29.4489
128.723 29.9919
128.723 31.1129
128.723 30.5084
128.723 30.0041
128.723 29.4993
128.723 29.2379
128.723 29.455
128.723 30.7377
128.723 30.5294
126.157 30.4319
126.157 29.7809
126.654 29.6362
126.654 29.0039
130.91 30.3256
130.91 30.2532
130.91 30.2752
127.694 29.7961
127.552 28.4837
127.552 30.4188
127.552 29.8863
127.552 29.9269
127.552 30.0786
127.552 29.601
127.552 28.9248
127.552 29.0604
127.552 29.2631
127.552 28.5052
130.243 29.9556
130.243 29.5986
130.243 29.5986
130.243 29.4018
130.243 29.1838
131.691 30.1727
123.687 30.5097
123.687 29.8796
123.687 30.0362
123.687 30.8353
123.687 29.6672
123.687 30.7326
123.687 30.1495
123.687 30.5051
123.687 29.7915
123.687 30.2758
121.079 31.2851
130.527 29.8119
130.527 29.7991
130.527 29.8006
130.527 29.3003
126.576 30.3833
126.576 29.4172
127.8 30.5971
124.917 30.9386
118.135 31.3066
118.135 30.6194
116.87 30.9459
116.87 31.1116
116.87 29.8156
116.87 29.8965
120.117 29.8544
120.117 30.627
120.117 29.5064
120.117 28.7053
120.117 29.4336
122.595 29.693
122.595 29.693
122.595 30.7941
122.595 30.3149
122.595 30.5093
124.303 29.6707
124.303 30.4299
124.303 30.4299
124.303 29.7606
124.303 30.1331
127.696 30.132
130.549 30.4908
130.549 30.2177
123.511 30.3049
128.805 30.3885
128.805 30.5926
128.805 29.6789
128.805 30.8516
128.805 29.714
128.805 30.0217
122.74 30.6262
122.74 30.9964
122.74 31.0807
122.74 30.1319
122.74 30.1075
122.74 30.6204
122.74 30.8388
122.74 30.4062
122.74 29.8179
125.714 30.4546
125.714 30.644
125.714 30.0925
125.714 30.0242
125.714 29.8734
125.714 29.9643
125.714 30.1682
125.299 31.2217
125.299 30.879
125.299 30.5635
126.991 30.5994
127.251 30.451
127.251 28.4263
127.251 29.832
127.251 30.5716
127.251 30.4055
127.251 30.051
127.251 31.0649
126.244 29.7901
126.244 30.376
126.244 30.2346
126.244 30.3258
126.244 30.6829
126.244 29.6624
125.253 29.3963
125.253 30.8224
125.253 30.6683
134.456 28.6053
134.456 29.1974
134.456 28.9347
134.456 29.2331
134.456 29.0275
134.456 29.5611
134.456 29.5611
134.456 29.6447
133.323 29.9666
133.323 29.8127
133.323 29.4048
133.323 29.3337
133.323 28.7944
133.323 29.214
133.323 29.3352
133.323 29.0141
133.323 29.0561
133.323 30.5339
133.323 29.8822
133.323 30.0475
133.323 29.7625
133.323 30.6183
133.323 30.8166
124.424 30.25
124.424 30.3525
124.424 29.4229
124.424 30.0157
124.424 30.2193
124.424 29.7996
124.424 31.7063
124.424 30.8629
124.424 30.1221
124.424 30.4123
124.424 30.2648
124.424 29.8645
124.424 29.8724
124.424 30.0803
124.424 30.0491
124.424 30.3041
124.424 31.0327
124.424 30.1267
127.136 30.3166
127.136 30.4792
127.136 30.3025
127.136 30.7918
127.136 29.9411
127.136 29.8433
127.136 30.2558
127.136 30.1357
127.136 29.3929
127.136 30.3381
127.136 30.3209
127.136 30.2788
127.136 30.5113
127.136 30.5438
127.136 29.9238
127.136 29.148
125.759 29.2234
125.759 29.6171
125.759 29.621
125.759 30.4987
125.759 30.4987
125.759 29.809
125.759 30.7092
125.759 30.9858
125.759 30.3884
125.939 30.3735
125.939 30.6566
125.939 31.1673
125.939 29.5718
125.939 28.5468
125.939 29.8691
125.939 28.9376
125.939 28.5324
125.939 30.3227
125.939 29.6733
125.939 29.51
125.939 28.9687
119.189 31.3316
119.189 31.5971
119.189 29.5855
123.199 29.5208
123.199 29.3387
123.199 29.7319
123.199 28.9776
123.199 29.0151
123.199 30.2307
123.199 30.6886
123.199 30.2401
123.199 30.5795
123.199 30.1953
123.199 30.1484
123.199 30.6376
123.199 30.4228
123.199 29.8368
123.199 30.3303
123.199 30.1408
123.199 29.3923
123.199 30.1933
123.199 30.7505
123.199 30.3726
123.199 30.0525
123.199 30.4101
123.199 30.1003
123.199 30.7802
123.199 30.7802
123.199 30.7613
123.199 30.4965
123.199 31.0416
123.199 30.6462
123.199 29.9119
123.199 29.9389
123.199 30.8019
123.199 30.6963
126.664 30.1769
126.664 29.9688
126.664 29.2795
126.664 29.8135
126.664 30.1901
126.664 30.0692
126.664 29.496
126.664 29.4725
126.664 30.5654
126.664 29.396
126.664 29.4091
126.664 29.2826
126.664 30.1654
126.664 29.3861
126.664 29.8847
126.664 30.4084
126.664 30.9483
126.664 30.357
126.664 30.0213
126.664 29.93
126.664 30.5403
126.664 30.1507
126.664 30.165
126.664 29.84
126.664 29.7023
126.664 29.7642
121.21 30.2218
121.21 29.9473
121.21 29.9844
121.21 29.9382
127.807 29.6661
127.807 29.6822
127.807 30.0133
127.807 30.6979
127.807 30.2292
127.807 30.0984
127.807 29.9309
127.807 29.3228
127.807 29.3228
127.807 29.7696
127.807 29.4662
127.807 29.1428
127.807 29.7751
123.814 30.0456
123.814 29.8987
123.814 29.8842
124.785 29.4654
124.785 29.3606
124.785 29.038
124.785 29.9608
124.785 30.4559
124.785 30.4329
125.479 29.9966
125.479 29.6281
125.479 29.5985
125.479 29.5256
125.479 29.9546
125.479 30.6172
125.479 29.9901
125.479 29.9805
125.479 29.8895
125.479 30.4004
125.479 30.5913
125.479 30.12
125.479 29.9721
125.479 29.6748
125.479 29.9568
125.479 30.6369
125.479 30.3314
124.936 30.1982
124.936 29.1977
124.936 31.481
124.936 31.5057
124.936 28.8973
124.936 30.7548
124.936 30.7548
124.936 30.5234
124.936 30.4797
124.936 30.3049
124.936 30.1722
124.936 31.1346
124.936 29.2448
124.936 30.7229
124.936 29.5294
124.936 28.8681
124.936 28.6806
124.936 29.0934
129.044 29.5616
128.993 30.0169
128.993 30.5501
118.207 29.9001
118.207 30.3642
118.207 30.3468
118.207 30.3107
118.207 30.9402
118.207 29.4374
118.207 29.6226
118.207 29.7731
119.146 29.775
121.174 30.3128
121.174 31.2854
124.309 30.8061
124.309 30.6875
124.309 30.5558
124.309 31.4473
124.309 30.8028
124.309 29.2378
124.309 28.8193
124.309 29.0274
124.309 29.5241
124.309 29.7581
124.309 29.9695
124.309 30.2532
124.309 30.2532
124.309 30.1538
124.309 30.5058
124.309 30.0143
124.309 29.5753
124.309 31.2686
124.309 29.5413
124.309 29.7892
122.842 30.3902
122.9 30.7366
122.9 30.5474
122.9 30.3387
122.9 31.0146
122.9 29.5886
122.9 30.4337
122.9 29.4477
122.9 30.1406
123.011 30.0809
123.011 29.731
123.011 29.9396
123.011 30.0339
123.011 30.3386
123.011 29.7454
123.011 30.1087
123.011 29.874
123.011 29.6924
123.011 30.0586
123.011 29.5101
123.011 29.5571
123.011 30.6525
123.011 29.9581
123.011 30.6937
123.011 30.3849
123.011 30.4141
123.011 30.2628
123.011 29.5232
123.011 29.8022
130.738 29.5174
132.184 31.6448
132.184 29.4403
130.594 29.4432
130.594 29.1827
130.594 29.1074
125.802 30.237
125.802 30.014
125.802 30.0336
125.802 29.8633
125.802 29.7503
126.07 29.736
126.07 29.8017
126.07 29.8352
130.853 29.4761
130.853 30.3348
130.853 29.8349
130.853 30.2668
130.853 30.2365
130.853 29.5565
130.853 29.4871
130.853 29.5653
130.853 30.0845
130.853 29.6964
130.355 29.964
131.114 29.5952
123.982 29.6857
123.982 29.7869
123.982 30.3132
123.982 30.0794
123.982 30.3116
123.982 30.4604
123.982 30.464
123.982 29.7688
123.982 29.2948
123.982 31.3666
123.982 29.0904
123.982 30.0959
123.982 30.1666
125.987 30.1302
125.987 30.0371
126.181 29.6166
126.181 30.6324
126.181 29.4868
126.181 29.6789
124.137 30.8602
124.137 29.8087
124.137 29.3923
124.137 29.185
124.137 30.2538
124.137 29.7848
124.137 30.6029
124.137 30.6742
124.137 30.4719
124.137 29.9189
124.137 30.3323
124.137 30.1658
124.137 29.5875
124.137 30.7776
121.942 30.5475
121.942 31.3504
121.942 31.1668
121.942 29.7137
121.942 30.6205
121.942 30.7681
121.942 29.7414
121.942 29.5121
121.942 30.4077
121.942 29.8973
121.942 30.1962
121.942 30.594
121.942 30.2361
121.942 28.7845
121.942 30.616
121.942 30.3821
121.942 31.1071
121.942 31.1071
121.942 31.2082
121.942 29.7712
124.604 30.048
124.604 30.1114
124.604 29.3171
124.604 29.6366
124.604 29.9817
124.604 30.1314
124.604 30.1325
124.604 30.8965
130.475 29.4433
130.475 30.3464
130.475 30.1462
130.475 31.2544
130.475 30.9281
130.475 31.9142
130.475 30.7303
121.416 31.2789
121.416 30.878
121.416 30.4081
121.416 30.4906
121.416 30.7056
121.416 30.7781
121.416 30.8509
121.416 30.0518
121.416 29.2576
125.884 29.0336
125.884 28.7644
125.884 30.1125
125.884 30.1125
125.884 29.9456
125.884 29.0594
125.884 29.8987
123.896 29.3082
123.896 30.2414
123.896 30.2446
123.896 30.2266
123.896 30.4949
126.919 30.1023
126.919 28.5432
121.238 31.1766
121.238 30.6852
121.238 31.2836
120.664 30.4126
127.105 30.06
127.105 30.2664
127.105 30.5399
127.105 30.0479
127.105 29.3087
127.105 29.3331
127.105 29.8239
127.105 29.4901
127.105 29.2984
127.105 29.5189
127.105 29.6795
127.105 30.8926
127.105 30.9233
127.105 29.8287
127.105 31.085
127.105 30.8629
127.105 30.5118
127.105 30.6553
127.105 30.1815
127.105 29.7602
127.105 29.6093
127.105 29.9511
127.105 29.4664
127.105 29.4035
130.263 29.6375
130.263 29.1462
130.263 29.4741
126.343 29.8203
126.305 30.6094
126.305 29.594
126.305 29.6989
126.305 29.7628
126.305 29.716
126.305 30.0519
126.305 30.6525
123.159 29.9124
123.159 30.3631
123.159 30.1601
123.159 30.5732
123.159 30.757
123.159 30.6303
123.159 31.0255
123.159 30.8786
123.159 29.9865
121.831 29.9064
121.831 29.684
121.831 30.6223
121.831 29.0578
121.831 29.2353
121.831 28.8823
121.831 29.8092
121.831 31.1576
121.831 30.9151
121.831 30.1777
121.831 30.5505
123.507 30.5535
123.507 30.0037
126.045 29.7416
128.454 28.798
128.454 28.798
128.454 30.4775
128.454 29.8378
124.455 29.4474
124.455 29.5546
124.455 30.0511
126.037 29.4099
126.037 30.2631
126.037 30.3824
126.037 29.8002
126.037 29.197
126.037 30.0275
126.037 30.8617
126.037 30.8051
126.037 28.9888
126.037 28.9859
126.037 30.265
126.037 30.3133
117.647 29.8532
117.647 30.8084
117.647 31.447
117.647 29.9783
128.224 29.8967
117.738 30.8628
121.908 30.8628
118.181 29.9667
118.181 30.9901
121.971 29.467
121.971 29.9711
121.971 29.9473
121.971 30.5311
121.971 31.4061
121.971 30.1613
118.956 30.3696
122.309 30.5071
122.309 30.8387
123.871 29.7346
123.871 29.9973
123.766 30.3232
123.766 30.3237
125.87 30.6994
125.87 30.1653
125.87 29.7462
125.87 29.5296
125.87 29.6788
125.87 29.787
125.87 29.7167
126.154 29.7384
122 30.0301
122 30.0301
122 29.0858
122 31.0139
122 30.0962
122 30.8182
122 31.3443
122 31.309
122 30.0617
121.98 30.0859
121.98 30.003
121.98 29.7479
121.98 29.915
121.98 29.681
121.98 30.4878
121.98 30.9739
121.98 29.7376
121.98 29.3508
121.98 29.5708
121.98 29.5651
121.98 29.575
121.98 31.0832
121.98 31.5414
121.98 31.4098
121.98 30.9201
121.98 31.2617
121.98 29.6289
121.98 29.373
121.98 30.5486
121.98 30.5203
121.98 29.7839
121.98 29.7781
121.98 29.8737
121.98 30.1051
121.98 29.9111
121.98 30.1888
121.98 30.4298
121.98 31.2155
121.98 30.3213
121.98 30.3213
121.759 29.9707
121.759 30.698
121.759 29.2235
121.759 28.8616
121.759 30.9052
121.759 30.6116
121.759 30.0641
121.759 29.088
126.957 29.4177
126.957 29.7601
126.957 29.6838
126.957 29.0355
126.957 29.8269
126.957 30.1546
126.957 29.808
126.957 29.9748
126.957 30.0157
126.957 30.0157
126.957 29.4124
126.957 29.9242
126.957 30.1559
126.957 29.9479
126.957 29.6355
126.957 29.9519
126.957 30.0196
126.957 29.9262
119.292 29.9373
119.292 31.5558
120.826 29.7973
120.826 29.2405
120.826 31.1754
120.826 31.3235
120.826 31.3641
120.826 29.6736
120.923 31.1014
120.923 29.9022
120.923 29.6693
120.923 29.454
120.923 30.6805
120.923 29.8765
120.923 30.3812
120.923 29.7645
119.329 30.9629
119.329 30.7001
119.329 30.2064
119.329 29.7439
119.329 29.4808
115.073 31.5158
115.073 31.4237
120.684 30.4267
120.684 30.1064
120.684 30.1603
120.684 30.2283
120.684 29.7958
120.684 29.6369
122.884 30.4047
122.884 30.4765
122.884 30.2727
122.884 30.2649
122.884 30.9441
128.161 29.6152
128.161 30.1242
128.161 30.1768
128.161 30.0709
128.161 29.5603
128.161 30.0901
128.161 30.369
128.161 30.0682
126.345 30.3422
126.345 30.1318
126.345 29.6507
126.345 30.7678
126.345 30.9509
126.828 30.6967
126.828 30.4513
126.828 29.8957
126.828 29.3215
126.828 29.8276
126.828 29.6968
126.828 30.0585
126.828 29.7006
120.352 30.023
120.352 29.2798
120.352 29.9568
120.352 29.8867
120.352 29.381
120.352 30.5691
120.352 30.2556
120.352 29.7567
120.352 29.8958
120.352 29.5434
120.352 29.8273
127.695 29.9035
127.695 29.5315
127.695 29.3801
127.695 30.7618
127.695 30.2999
127.695 30.5316
119.627 30.3912
119.627 30.4279
119.627 30.4314
119.627 30.5034
119.024 31.071
119.024 30.5382
119.024 30.1295
119.024 29.7138
119.024 30.3082
119.024 29.5938
119.024 31.7108
119.024 30.5275
119.024 30.8123
119.024 31.214
119.024 31.282
119.024 30.5434
119.024 31.195
119.024 31.4961
119.024 30.9172
119.024 30.3724
119.024 30.4283
119.024 31.1703
119.024 30.553
119.024 30.8471
119.024 29.9731
119.024 30.0192
122.611 29.5726
122.611 30.7891
122.611 29.1135
124.844 28.7316
124.844 30.4925
124.844 29.7594
124.844 29.5937
124.844 30.0413
124.844 30.0413
124.844 29.7001
124.844 30.3489
124.844 30.5284
122.346 29.0439
122.346 30.1579
122.346 30.0185
122.346 29.8347
122.346 29.5509
122.346 30.5956
122.346 28.9849
122.346 30.4653
122.346 29.8501
122.346 30.4414
122.346 30.1857
122.346 29.5881
122.346 29.8619
122.346 30.4441
122.346 30.4637
130.892 29.4498
130.892 29.1027
130.892 29.8021
130.892 29.7227
130.892 30.0232
130.892 30.3461
130.892 29.7129
130.892 29.6747
130.892 29.5763
129.645 30.2731
123.505 29.2975
123.505 29.867
123.505 29.9066
123.505 30.9826
123.505 30.2115
123.505 30.2894
123.505 30.4309
118.717 31.1681
118.717 29.3895
126.967 30.2434
126.967 29.1645
126.967 29.5916
126.967 29.8078
126.967 30.0218
126.967 30.6005
122.966 30.7077
122.966 31.0151
122.966 30.8301
122.966 28.644
122.966 29.6401
122.966 30.5771
122.966 30.4276
122.966 30.1999
122.966 30.399
122.966 29.9881
122.966 30.6618
122.966 30.6999
122.966 31.4677
122.966 30.9887
122.966 30.4495
122.966 30.733
122.966 31.0579
122.966 29.8828
122.966 30.0491
122.966 30.3908
122.966 30.8431
122.966 30.2868
122.966 30.6797
122.966 30.8895
122.966 30.8895
122.966 30.7955
122.966 30.2377
122.966 29.7094
122.966 30.0884
122.966 30.611
122.966 30.6414
120.198 30.619
120.198 31.3959
120.198 31.1381
122.975 30.7591
122.975 30.0005
122.975 29.515
122.975 29.9571
122.975 30.0536
122.975 30.1273
122.975 30.1034
122.975 29.7695
122.975 29.8235
122.975 30.1468
122.975 30.1401
122.975 30.1476
122.975 30.1756
122.975 29.1898
122.975 29.3591
122.975 30.2028
122.975 30.4083
122.975 30.5423
122.975 30.7204
122.975 31.222
122.975 30.4526
122.975 30.3708
122.975 30.4281
122.975 30.415
122.975 30.6565
122.975 30.1888
124.595 30.3585
124.595 30.3723
124.595 29.8648
124.595 30.7258
124.595 30.9599
124.595 31.5235
124.595 31.7394
124.595 32.2234
124.595 30.4019
124.595 30.3623
124.595 28.7097
123.065 28.7097
123.065 29.0761
123.065 29.773
123.065 29.9291
127.409 29.8863
120.453 29.6584
120.453 29.765
120.453 28.9992
120.453 30.1088
123.792 31.125
123.792 30.1271
123.792 29.4462
123.792 31.6533
123.792 31.6533
123.792 31.119
123.792 29.4998
123.792 29.6672
123.792 30.1954
123.792 30.545
123.792 29.6855
123.792 30.2603
123.792 30.1288
123.792 29.9926
123.792 30.5055
123.792 30.288
121.651 29.1699
121.651 30.8243
121.651 31.1791
121.651 30.8259
121.651 30.3683
130.881 30.71
130.881 30.4196
130.881 29.0982
130.881 29.4897
130.881 29.9465
130.881 30.1145
130.881 29.516
130.881 29.0149
127.618 29.3715
127.618 30.4397
127.618 30.2944
127.618 30.0977
127.618 30.5996
127.618 29.3437
127.618 29.3591
127.618 30.5685
127.618 30.5381
127.618 29.7132
127.618 30.9327
127.618 30.0563
127.618 29.3044
127.618 30.2695
127.618 28.8351
127.618 28.8858
127.618 29.1378
127.618 29.4664
124.341 30.0913
124.341 30.6641
124.341 29.5775
124.341 29.6049
124.341 29.6186
124.341 30.5862
124.341 30.5625
124.671 29.9289
124.671 30.2044
124.671 29.8665
123.101 29.5478
123.101 31.0851
123.101 30.7069
123.101 30.422
123.101 29.9124
123.101 29.8297
123.101 30.0655
126.867 31.186
127.821 29.8026
127.821 29.7148
