236.95 13.2251
242.41 13.3654
241.094 13.3506
238.183 13.4324
243.853 13.2352
236.906 13.2253
229.371 13.1441
234.368 13.2478
234.141 13.1206
237.563 12.8696
240.178 13.2466
238.348 13.1866
236.18 13.1307
237.836 13.409
241.987 13.1405
255.975 13.0121
239.783 13.0327
240.142 13.0628
242.418 13.0966
243.018 13.2346
245.756 13.2319
246.052 13.1105
243.729 13.1948
248.398 12.9793
258.534 12.8233
255.127 12.9079
255.986 13.0569
255.986 13.2259
250.53 13.2008
251.498 12.7891
254.498 13.1057
259.035 13.3552
255.721 12.998
253.941 13.2883
260.205 13.2521
263.74 13.182
259.168 13.0697
248.983 13.2046
243.269 13.1142
233.99 13.1235
234.115 13.1625
234.014 13.062
232.283 13.1553
234.29 13.2022
243.306 13.2896
249.812 13.1022
239.517 13.1454
244.218 13.1159
247.349 13.1119
248.265 13.1535
248.051 13.2203
234.551 13.4174
233.652 13.1126
231.383 12.9466
233.28 13.0245
233.54 13.3021
233.885 13.2351
232.675 13.4681
228.763 13.1918
226.557 13.0917
228.53 13.287
230.298 13.3467
226.037 13.1764
226.074 13.3575
219.116 13.2668
225.918 13.1392
224.334 13.4859
225.976 13.5026
223.561 13.0426
229.805 13.1966
233.674 13.1231
241.797 13.0347
235.388 13.4524
234.887 13.1536
233.541 13.156
232.681 13.0748
232.969 12.877
232.718 13.1675
234.289 13.269
230.566 12.9994
230.683 13.2711
230.457 13.2779
226.779 13.1441
229.711 13.1607
229.422 13.099
223.444 13.0421
233.121 13.0964
237.389 13.3132
238.985 13.2974
241.754 13.004
236.108 13.2004
239.659 13.3478
241.103 13.5555
239.928 13.2115
240.985 13.1636
234.635 13.0677
251.861 13.3026
247.639 13.3924
249.556 13.0133
250.065 13.4643
242.377 13.0828
241.549 13.2225
237.282 12.9295
236.753 13.156
239.182 13.2079
238.284 12.8628
235.26 13.3632
238.449 13.0926
236.19 13.2883
245.81 13.2451
248.968 13.1481
247.751 13.1575
243.286 13.2235
239.066 13.1784
253.269 13.1902
246.397 13.1311
246.913 13.1815
237.602 13.2005
240.934 13.1988
232.248 13.174
237.594 13.0627
237.209 13.0341
232.368 13.2249
226.068 13.1665
228.747 13.3746
231.757 12.9614
230.328 13.0858
232.16 13.3242
230.522 13.3465
232.827 13.0884
224.364 13.1156
227.994 13.189
231.936 12.9958
231.152 13.1141
234.415 13.0631
233.512 13.0477
241.762 13.0463
237.931 13.08
238.782 13.0428
229.211 13.2572
229.679 13.2818
236.099 13.4683
238.072 13.1268
235.289 13.3378
239.337 13.4707
237.44 12.9816
240.408 13.1518
242.608 13.2408
241.151 13.3015
236.692 13.2218
237.49 13.3373
239.901 12.9596
230.075 13.0801
228.897 12.8567
239.261 13.02
234.348 12.9345
242.377 13.0266
237.831 13.126
241.602 13.0092
243.159 13.136
245.613 13.2596
245.889 13.1613
239.646 13.1832
235.496 13.2648
230.567 13.2328
233.145 13.1844
229.709 13.0227
232.554 13.3497
233.594 13.3038
229.444 13.0962
234.121 13.0353
241.679 12.8474
234.276 13.2394
233.559 13.4691
236.947 13.1804
233.856 13.3806
236.752 13.1716
236.735 13.2123
238.271 12.9726
234.259 13.2399
236.528 13.2145
235.567 13.1039
231.426 13.3091
234.195 12.987
234.141 13.1067
229.857 13.0626
228.317 13.2547
229.494 13.1608
232.131 13.0032
237.339 13.3184
234.559 13.3862
234.576 13.2693
228.237 13.3844
230.335 13.105
229.432 13.2064
237.257 13.0531
233.725 13.1419
231.793 13.0504
237.397 13.0107
231.207 13.1643
238.062 13.2549
240.355 13.1667
243.665 13.0971
246.549 13.0492
243.881 13.0196
240.408 12.8155
243.545 13.121
236.057 13.1311
235.095 13.137
239.623 13.1808
243.782 12.8489
249.022 13.2485
244.309 12.8559
241.779 13.0935
237.676 13.1589
236.446 13.1514
229.235 13.4819
230.344 12.9239
234.72 13.2907
242.11 13.0477
240.054 12.9065
237.818 13.4233
238.353 13.1065
240.356 12.8373
242.459 12.8394
240.691 12.9871
242.734 13.2785
238.392 13.2013
244.039 13.4325
241.309 13.399
241.448 13.2828
234.876 13.1675
240.394 13.0721
240.921 13.3195
240.315 13.3829
236.781 13.0816
234.884 13.2174
231.948 13.1493
233.687 13.2219
245.038 13.1051
236.737 13.2583
240.751 13.3041
243.444 13.0922
243.672 13.1855
238.453 12.9686
240.469 12.9556
241.295 13.0129
246.039 12.9207
245.401 13.0706
229.775 13.3539
237.734 13.3274
236.309 12.9948
235.727 13.0139
236.555 13.1124
237.4 13.1331
225.793 13.2048
224.142 12.9439
227.426 13.2169
228.1 13.0867
229.349 13.1895
234.531 13.113
237.597 13.177
231.224 13.357
243.567 13.0486
245.576 13.2386
249.647 13.3602
241.383 13.2352
231.224 13.1248
240.796 13.0761
242.496 12.9628
234.924 13.2044
240.403 12.9953
250.455 13.193
245.325 13.1126
236.816 13.2067
237.544 13.3334
236.406 13.2951
247.613 13.0171
245.978 13.303
242.627 13.0227
245.88 13.1648
246.765 13.1747
242.538 13.3736
235.943 13.3011
240.122 13.241
240.177 13.1995
240.02 13.272
242.186 13.4178
246.236 13.0527
243.638 13.0346
240.009 13.1849
239.334 13.0701
239.164 13.0843
239.98 13.2807
237.638 13.1521
240.507 12.8659
241.09 13.04
245.349 12.9551
242.305 13.1155
237.259 13.12
237.305 13.3466
237.153 12.9825
236.761 12.8198
233.864 13.3316
234.829 13.3676
231.767 13.2638
233.778 13.0264
230.298 13.367
227.366 13.1639
228.311 13.238
232.71 13.3246
234.889 13.3319
237.304 13.1932
232.983 13.1123
227.015 13.1758
238.285 13.3788
238.169 13.0887
237.956 13.2648
237.902 12.9801
237.492 13.117
237.025 13.0609
241.466 13.1303
238.675 13.0596
239.59 12.9371
234.657 13.0832
234.078 13.1561
230.697 13.3738
229.396 13.1607
230.085 13.271
232.689 13.2026
237.986 13.2509
240.004 13.346
228.836 13.2152
232.198 13.2684
226.369 13.3107
227.777 13.1695
227.334 13.1903
229.432 13.2145
237.313 13.1929
232.258 13.1695
233.194 13.1916
235.98 13.1835
235.583 13.1844
235.005 13.4047
237.471 13.1985
237.724 13.0363
237.5 12.8216
244.143 13.4191
243.09 13.0159
236.535 13.5061
233.805 12.9254
223.922 13.038
224.339 13.0495
229.585 13.4762
232.808 13.3276
233.903 13.3942
234.527 13.36
242.649 12.9697
238.559 12.9963
238.871 13.375
231.193 13.0449
233.106 13.1624
239.825 13.122
237.751 12.9817
237.893 13.4213
237.764 13.277
233.097 12.9219
234.801 13.1269
229.567 13.0054
233.942 13.1625
234.639 13.1345
234.986 13.1194
238.224 13.2027
228.975 13.1227
225.874 13.2546
222.951 13.3034
224.651 13.3495
232.982 13.092
232.586 13.0769
237.181 13.0613
239.718 13.086
236.745 13.2355
236.832 12.9205
234.83 13.4334
234.994 13.4352
235.946 13.4392
234.401 13.4641
236.667 13.0349
236.667 13.2754
233.765 13.4943
238.086 13.3358
238.043 13.1912
235.039 13.1116
231.428 13.137
228.889 13.0567
232.109 13.0438
231.674 13.0351
229.417 13.1062
235.361 13.1449
231.126 13.3201
232.336 13.3066
235.743 13.156
232.888 13.2335
233.121 13.3493
238.517 13.0889
238.989 12.9366
240.104 13.1249
239.75 13.2885
240.014 13.4101
242.029 13.2034
241.849 13.2331
243.523 12.954
240.668 13.4304
236.526 13.4118
233.852 12.9482
239.191 13.1514
241.788 13.0305
238.628 13.1612
240.84 13.3113
243.588 13.4231
237.607 13.531
240.037 12.9667
236.25 12.9911
234.09 13.0332
237.438 13.3221
242.323 13.227
243.539 13.0989
238.506 12.7357
242.513 12.9872
242.181 13.223
242.302 13.1676
239.458 12.934
231.85 12.8762
231.217 12.9718
232.947 12.9321
231.111 13.0695
233.802 13.4253
230.88 13.0935
240.242 13.3352
236.615 13.2561
229.338 12.9587
229.596 13.2688
231.925 13.0316
233.11 13.0612
238.698 13.1991
232.774 13.089
233.2 13.2771
236.848 13.2857
234.331 13.2053
235.352 13.2281
236.545 13.2096
235.125 13.3497
243.446 13.021
242.431 12.9617
241.424 12.7805
238.491 13.2304
242.21 13.1435
244.988 13.0867
242.206 13.0349
241.196 13.249
240.619 13.1828
231.024 13.2689
235.59 13.3447
241.971 13.1072
232.074 12.9743
235.507 13.0696
242.441 13.0288
242.429 13.0593
241.963 12.8685
234.757 13.276
232.446 13.1852
231.754 13.2662
240.408 13.1071
235.215 12.9957
239.39 13.1761
241.461 13.172
241.446 13.2353
232.929 13.2402
233.363 13.1319
237.237 13.1511
238.426 13.0369
239.445 13.1952
239.266 13.1923
239.266 13.3069
238.46 13.3523
237.961 12.9936
229.304 13.1557
236.181 13.095
239.542 13.2504
234.943 13.0188
234.229 13.218
232.702 13.1788
230.994 13.2352
230.595 13.2333
230.595 13.1005
233.456 13.1282
233.431 12.9924
236.235 13.0142
240.037 13.2226
237.31 13.2162
239.845 13.2601
234.904 13.2413
234.167 13.1989
232.66 13.3646
244.425 13.3562
248.697 13.1336
243.043 13.333
237.413 12.8429
243.689 13.2514
241.642 13.3515
247.522 13.454
248.448 13.2901
242.324 13.0996
248.391 13.0866
239.931 13.163
239.051 13.1973
238.735 12.9483
227.88 13.4763
238.451 13.1803
232.998 12.9688
230.171 13.2232
230.076 13.1105
228.247 12.9071
232.708 13.1864
233.877 12.8048
229.729 13.2303
231.044 13.2504
232.789 13.1809
233.674 13.2326
230.928 13.3371
239.14 13.2315
233.043 13.1448
235.811 13.255
241.994 13.194
235.829 13.0748
239.939 13.5845
235.826 13.3566
228.786 13.0747
234.906 13.0835
236.756 13.2077
237.884 13.0609
238.941 13.1772
235.562 13.3101
235.461 13.2919
237.38 13.3798
235.757 13.2154
233.202 13.2787
235.256 13.4521
239.845 13.2643
244.891 13.2877
247.286 13.0173
243.894 12.8246
248.087 13.1406
245.232 13.3653
243.587 13.1594
245.498 13.2712
240.649 13.1963
237.141 13.284
243.045 13.3366
242.071 13.1233
240.7 13.2257
241.19 13.0886
241.546 13.1024
243.689 13.1191
249.092 13.1095
244.08 13.168
245.617 13.2303
255.522 13.3375
252.311 13.1799
253.989 13.1892
250.36 13.2768
245.398 13.1855
241.457 13.223
242.948 13.4597
258.695 13.0002
250.24 12.9996
254.939 12.9155
256.18 13.3778
269.758 13.3004
260.453 13.2273
271.577 13.2463
261.747 13.226
253.635 13.0343
265.336 13.2605
253.568 13.3539
253.266 13.1252
247.74 13.4543
257.199 13.2722
261.788 13.278
275.546 13.1379
264.021 12.9572
266.754 13.0553
256.42 13.0981
259.538 12.8167
252.573 12.9354
251.875 13.1296
251.947 12.9296
251.981 13.438
249.501 13.1894
249.781 13.4103
251.56 13.2459
248.066 13.2359
245.423 13.1469
249.146 13.1153
245.912 12.8055
247.335 13.2607
245.209 12.9127
241.563 13.315
241.017 13.0195
231.836 13.063
234.846 13.0774
240.439 13.0738
242.44 13.0711
241.547 13.0132
237.794 13.0126
236.525 13.0009
234.417 13.3297
238.348 12.885
231.521 13.2876
236.57 13.0687
239.173 13.1117
238.29 13.1347
240.303 13.3101
236.676 12.9663
236.358 13.3038
243.542 13.0633
248.111 13.1289
241.68 13.0784
240.35 12.949
239.772 13.13
241.85 13.1336
238.608 12.9491
242.546 13.101
248.227 13.0519
255.212 13.085
255.212 13.1196
254.553 12.9746
252.774 12.8266
250.302 13.0353
245.289 13.2907
248.069 12.9118
245.148 12.9436
246.747 13.1226
251.156 12.8289
252.338 13.0567
259.343 13.2209
251.307 13.2432
251.307 12.8659
248.947 13.1765
242.16 13.1079
242.026 13.2263
239.121 13.2898
239.197 13.3141
241.121 13.1225
231.552 13.142
246.836 13.5484
253.251 13.1252
267.022 13.1739
261.551 13.4926
261.551 13.3975
259.87 12.9968
263.106 13.316
261.446 13.3188
259.807 13.169
244.005 13.1575
254.416 13.1995
252.34 13.3032
251.777 13.2288
244.564 13.1037
244.564 13.2841
228.484 13.4909
231.171 13.2027
226.44 13.3208
233.159 13.1098
237.477 13.106
238.669 13.1422
234.173 13.1637
232.161 12.9806
237.703 13.0132
235.807 12.9821
244.443 13.0231
244.168 13.0349
237.967 13.0733
233.854 12.7858
234.663 13.2747
239.131 13.197
241.669 13.2766
246.42 13.0662
240.532 13.3504
249.534 13.0664
248.24 13.194
248.651 13.0627
253.313 13.3006
251.735 13.3413
250.935 13.4183
251.322 13.2929
254.376 13.0392
244.873 13.0827
244.512 13.0466
230.088 13.2152
237.319 13.1797
235.573 13.1771
235.216 13.2351
237.801 13.1001
245.445 13.0693
242.572 13.3276
244.464 12.9735
239.272 13.2171
245.376 12.9953
244.496 13.1064
254.399 13.3238
248.95 13.0294
250.43 13.0209
249.753 13.1968
243.206 13.2357
233.888 13.0488
233.36 13.1148
231.018 12.9471
237.766 13.0145
235.355 13.2285
237.809 13.0319
233.432 12.9574
237.795 12.9536
235.428 13.0984
234.883 13.3261
234.329 13.3675
236.984 12.9151
231.113 12.9697
232.983 13.2961
241.706 12.9742
237.114 13.0449
235.776 13.0421
243.076 13.0051
237.208 13.2015
237.878 12.9663
237.54 12.9624
233.484 13.0195
233.354 13.2234
233.354 13.2174
234.251 13.111
231.299 13.0766
229.078 13.2387
233.086 13.2388
237.347 13.2182
238.14 12.9457
244.288 12.9947
244.675 12.9936
244.277 12.8155
240.414 12.9752
245.914 13.1346
240.745 13.3572
241.027 13.1218
240.304 13.3326
243.876 13.1337
243.588 13.1338
237.684 13.2381
241.384 13.2975
236.856 13.2196
239.089 13.0222
238.369 13.3279
238.559 13.1284
240.42 13.1055
243.782 13.049
239.285 13.1963
234.375 13.1811
233.529 13.5136
228.191 13.2555
231.168 13.604
237.034 13.0268
229.332 13.4733
233.931 13.1853
230.933 13.131
233.051 13.3886
227.706 13.1968
237.163 13.163
242.123 13.2749
239.272 13.1937
233.051 13.3166
234.969 13.1847
247.816 13.1776
242.581 13.301
244.261 12.9915
243.597 13.0485
246.452 12.9724
248.454 12.9642
247.41 13.1901
253.763 13.3013
252.086 13.2422
247.278 13.2933
249.309 13.29
241.119 12.9198
245.139 13.0689
248.388 13.2642
253.66 12.9427
238.575 12.9873
243.514 13.134
242.156 13.0582
243.904 13.2967
240.458 13.1181
240.697 13.0135
240.161 12.9508
240.806 13.2836
240.997 13.0371
249.605 13.0007
234.252 13.1333
235.837 13.3481
235.22 13.2334
240.311 13.1597
233.677 13.1161
230.998 13.1383
234.966 13.1791
243.535 13.085
250.82 13.1125
243.69 13.3672
237.402 13.0074
232.883 13.1928
235.384 12.9986
227.697 13.2202
236.118 13.2816
234.756 13.2866
240.912 13.223
236.224 13.0076
239.311 13.308
236.507 13.1055
236.333 13.5297
235.665 13.3661
227.949 13.2027
232.25 13.0872
234.162 12.9195
232.063 13.1311
231.769 13.1379
231.754 13.1959
232.815 13.1046
235.868 13.2769
232.424 13.2349
240.039 13.2531
238.342 13.238
230.778 13.2736
234.877 13.3492
238.511 13.0292
237.121 13.0867
240.468 13.2231
238.08 13.1595
241.876 13.1664
252.968 13.2704
250.633 13.2879
234.655 13.0446
234.196 13.1183
239.788 13.2822
233.26 13.2407
237.773 13.2962
237.489 13.2066
236.365 13.0946
236.365 13.3015
249.483 12.9039
258.453 13.2032
262.896 13.1535
263.752 13.0911
256.267 13.2961
251.84 13.2292
247.124 13.3214
245.071 13.2252
255.996 13.2943
251.374 13.0731
249.986 13.3417
241.441 13.2807
236.399 13.1733
235.703 13.1513
234.538 12.9429
235.884 13.0237
237.76 13.0946
240.728 13.2907
252.347 13.3067
250.287 12.8448
239.495 12.8939
243.722 12.9909
247.779 12.8864
239.784 12.7908
244.859 13.2119
245.981 13.2006
237.106 13.2603
237.5 13.2869
235.496 13.3269
228.656 12.9056
231.948 13.4436
233.641 12.9795
233.598 13.1378
234.104 12.9251
239.827 12.983
233.973 12.9962
234.255 12.8041
235.085 13.0531
225.855 13.1831
231.942 13.1341
231.663 13.1386
230.044 13.3377
233.468 13.2653
231.136 13.2992
230.793 13.1014
236.969 13.3561
237.053 13.0464
229.82 13.0026
235.589 12.9713
239 13.1564
239 13.2288
232.972 13.1546
234.565 13.3629
238.633 12.7927
234.889 13.1129
239.6 13.0864
234.267 13.0894
235.232 13.5274
236.283 12.8656
243.673 13.1173
237.822 13.4594
239.163 13.0924
230.014 13.0376
238.648 13.5253
235.88 13.1475
235.622 13.3876
230.73 13.1113
235.342 13.2515
233.725 13.1905
241.204 13.2865
241.178 13.3814
236.289 13.194
237.719 13.2174
232.627 13.1784
232.034 12.9704
232.034 13.1102
232.777 13.1227
230.487 13.2098
242.773 13.2394
247.308 13.211
238.456 13.2443
238.845 13.0862
243.644 13.4057
242.625 13.3491
241.664 13.2459
247.266 13.3243
243.846 13.2329
247.476 13.261
242.184 12.8948
240.286 13.1122
242.827 13.2182
236.924 13.102
243.623 13.294
248.708 13.0373
248.708 13.2577
249.196 13.0947
246.301 12.9287
243.412 12.9589
243.664 12.6911
241.846 13.2587
237.74 13.2774
240.834 13.2493
241.687 12.9555
244.062 12.8255
245.584 13.0391
244.152 12.8093
243.077 13.3621
239.933 13.2894
241.381 13.3424
246.33 13.0944
242.353 13.0564
233.343 13.1553
234.127 13.2103
239.801 13.2346
238.154 13.1451
233.918 13.4111
241.881 13.2732
234.479 13.1684
234.594 13.1365
238.339 13.0379
246.255 12.885
243.052 13.3063
232.935 13.1446
232.174 12.9197
234.667 13.0222
237.512 13.1154
229.562 13.3832
232.307 13.4809
237.293 13.0109
231.11 12.9471
233.055 13.0637
233.784 13.4713
232.762 12.9836
228.879 13.1014
230.641 13.0681
225.682 13.1402
232.524 12.9737
235.832 13.0539
230.784 13.4557
246.366 13.3517
242.372 13.4034
237.265 13.4201
242.723 13.1524
236.711 13.3859
247.746 13.0884
244.626 12.9041
245.574 12.9645
241.579 13.0431
234.837 13.2548
235.454 13.2024
230.871 13.0551
228.748 13.0214
222.982 13.0337
233.935 13.143
228.131 13.1448
235.153 13.0709
232.542 13.3585
234.857 13.0143
230.135 12.8253
234.638 13.305
239.043 13.3115
232.031 13.1697
231.549 13.1137
230.875 13.076
230.101 13.0907
227.129 13.2452
230.63 13.276
232.047 13.3049
240.096 13.213
237.449 12.953
243.855 12.9707
237.619 13.0789
241.565 13.4064
235.66 13.2316
242.245 12.8891
238.121 13.1999
238.282 13.2054
229.796 13.0856
229.535 13.1062
227.899 13.1134
226.792 13.1198
228.645 13.0458
232.695 12.9851
230.587 13.1254
236.973 13.0253
239.87 13.3015
239.533 13.251
242.724 12.9518
245.801 13.0086
232.407 13.0307
240.629 13.1823
234.625 13.0353
233.71 13.1472
236.534 13.483
235.553 12.8382
236.061 13.2849
239.953 13.1482
243.493 13.2959
238.827 13.3087
233.615 13.335
242.253 13.1078
239.43 13.3151
252.582 12.8852
248.646 12.9785
240.235 12.9344
243.207 13.0887
237.26 12.9992
234.908 13.0717
238.975 13.2305
237.282 13.2906
230.116 13.346
230.728 13.3085
234.51 13.1322
231.933 13.4053
232.386 13.4371
238.91 13.5997
244.766 12.6281
230.121 13.1481
238.499 13.0988
246.793 13.1232
236.871 12.8279
235.737 12.992
257.39 12.8131
250.342 12.9206
245.363 13.1218
242.161 13.087
247.609 13.0639
247.609 13.5403
246.042 13.1992
246.46 12.7515
247.517 12.9491
245.426 13.3274
246.173 13.3581
246.787 13.4311
237.207 13.2424
233.899 13.2055
233.885 13.0983
229.368 13.3704
241.6 13.4013
242.442 13.3958
238.884 13.2984
244.159 13.2188
245.311 13.2592
249.191 13.2872
260.634 13.381
242.464 12.9156
247.651 13.0541
243.974 13.2063
241.363 12.9765
247.523 12.8763
238.591 13.0408
236.561 12.9625
230.572 13.1148
228.203 13.1043
229.356 13.1695
227.452 13.179
231.419 13.2026
230.911 13.2922
230.568 13.1261
232.47 13.05
235.133 13.3733
235.497 13.3418
237.199 12.9002
234.681 13.0248
240.148 13.0818
242.496 12.9279
238.995 12.8923
240.655 13.1018
241.187 13.1122
235.602 13.1871
235.46 13.2565
236.441 13.14
237.621 13.3002
236.914 13.4455
239.349 13.0857
234.52 13.0682
240.369 13.1071
246.278 13.1152
244.883 13.2281
247.665 13.1078
249.852 12.9605
256.971 13.1697
256.627 13.2567
244.248 13.2039
231.609 13.1652
241.05 13.2304
229.672 13.3836
228.913 13.0283
222.349 13.2253
232.327 13.3586
240.162 13.1838
243.493 13.1605
243.562 13.1778
244.376 13.2193
240.748 13.1093
239.06 13.2616
239.131 13.2514
230.678 13.0079
233.721 13.348
235.57 13.058
232.762 13.5493
235.171 12.9774
240.806 13.2582
247.602 12.781
242.506 13.0691
240.915 13.2775
244.734 12.9798
237.36 13.0664
229.247 13.1555
230.477 13.1676
228.674 13.2077
232.723 13.1223
245.629 13.3249
245.629 13.0572
240.053 13.1224
233.425 13.2687
244.018 13.1592
245.016 13.0844
236.526 13.0134
230.178 13.266
230.43 13.0888
229.577 13.1929
239.166 13.1171
241.338 13.1592
242.053 13.0449
252.506 13.2053
261.942 13.3176
261.431 13.1043
246.002 13.1573
243.237 13.2786
244.692 12.907
243.22 13.1757
242.506 13.0291
243.622 13.2895
239.198 13.3257
246.012 12.9814
251.371 13.1447
244.005 13.0658
241.45 13.3011
238.669 13.1893
237.578 13.1518
240.6 13.0939
240.42 13.0591
231.445 13.2053
229.896 13.1878
234.606 13.178
235.624 13.3631
234.958 13.0131
233.219 13.2585
234.284 13.3693
240.789 12.8876
232.888 13.1518
226.499 13.0425
235.782 13.2849
234.384 13.3194
233.634 13.34
232.097 13.1015
228.089 13.3588
221.498 12.8317
234.867 13.0892
238.534 13.3847
238.466 13.146
239.904 13.0868
236.076 13.057
231.589 12.9787
234.702 13.1529
237.591 13.261
238.875 13.3324
238.693 13.3
236.864 13.0512
237.98 13.0643
236.988 13.0693
240.394 13.554
241.382 12.826
238.984 13.3395
244.008 12.9509
248.507 13.3277
248.151 13.2014
246.969 13.2375
237.706 12.9259
236.624 13.3785
240.949 13.179
238.913 13.2624
239.132 13.143
240.176 12.9979
237.818 12.9457
244.411 13.037
235.591 13.2839
232.421 13.1524
237.721 13.1359
237.837 12.9735
238.413 13.4636
239.845 13.3352
230.893 13.3245
237.627 13.1689
233.496 13.4328
232.508 12.9352
228.298 13.3751
228.781 13.3273
227.103 13.139
229.3 13.3006
227.669 13.1573
238.165 13.2079
244.663 13.2825
239.071 13.0397
244.405 13.1314
245.269 12.9921
245.269 12.9722
249.338 13.0332
256.408 13.078
246.189 13.3391
243.741 13.0641
244.555 13.2623
237.581 13.1091
241.774 13.0844
242.897 12.9541
245.916 12.9252
238.795 13.1157
240.279 13.0994
232.84 13.0755
244.04 12.9977
239.316 12.9406
238.433 13.016
240.025 12.9137
234.752 12.9396
235.071 13.2659
236.223 13.1849
236.4 12.9539
234.15 13.169
230.524 13.3925
237.669 13.2861
240.006 13.2862
247.739 13.3243
249.498 13.1235
251.463 13.3455
255.864 13.3492
261.247 13.3042
265.881 13.4213
251.533 13.153
249.804 13.1265
248.836 13.4232
243.642 13.3379
245.689 13.0795
236.669 13.2038
227.694 13.1426
239.751 12.9929
238.217 13.0927
241.166 13.0477
243.341 13.1488
243.543 13.1231
244.51 13.2099
239.801 13.2055
231.764 13.4146
234.122 13.2582
235.273 13.1371
232.742 13.1511
232.276 13.1175
237.237 12.9801
229.855 13.1545
233.281 12.9605
236.037 13.1137
229.694 12.8334
223.554 12.9884
224.291 13.1504
226.926 13.1957
227.394 13.1178
223.898 12.9966
231.504 13.2127
234.264 12.9322
228.202 13.2511
229.341 13.1796
226.983 13.7027
236.211 13.2917
235.996 13.229
238.339 13.0682
239.141 13.4919
239.558 13.2299
238.827 13.08
238.881 12.9897
238.964 13.1003
238.934 12.9914
238.932 12.9967
238.982 12.7404
237.696 13.116
238.324 13.2037
239.147 13.2373
233.178 13.2092
228.492 12.9954
234.305 13.4198
236.072 13.3363
234.846 13.1371
234.35 13.182
243.793 13.1332
244.696 13.3239
243.137 13.284
247.927 13.3452
241.386 13.3401
244.586 13.0963
238.343 13.1559
235.841 13.0475
240.464 13.0009
239.606 13.259
245.454 12.9118
232.913 13.2453
232.911 13.3621
231.456 13.1568
228.974 13.5296
234.867 13.308
230.265 13.108
233.464 12.9074
229.229 12.866
238.95 13.1859
238.079 13.2475
243.293 13.036
234.34 12.9438
234.105 12.8432
234.105 13.1187
229.42 12.9263
233.422 13.378
226.489 13.375
234.59 13.2063
237.494 13.1794
243.3 13.1953
237.719 13.2467
235.712 12.9182
232.696 13.2452
236.952 13.3944
233.497 13.2978
231.551 13.0752
238.564 12.982
238.668 13.078
234.411 13.1481
231.43 12.9901
227.81 13.2191
233.899 12.9744
238.619 13.0797
242.331 13.4299
239.085 12.9865
241.884 13.2451
242.036 13.3411
242.548 13.5326
240.931 13.0317
254.296 13.1819
251.789 13.2736
250.325 13.1945
238.099 12.9009
236.388 12.8948
233.309 12.8922
230.142 13.0532
227.238 13.2887
229.864 13.5098
234.062 13.0443
233.606 13.3164
233.278 12.9843
232.511 13.0531
231.292 13.1219
229.366 13.2531
233.665 13.462
231.783 13.5144
238.99 12.8536
237.045 13.3005
232.95 13.0773
231.704 13.1646
236.014 13.1892
225.368 13.2535
233.925 13.2022
234.477 13.085
238.168 12.9247
235.637 13.1929
235.406 13.3385
235.531 13.0794
235.339 12.9312
236.646 13.0823
236.41 13.0102
234.645 12.9049
231.485 13.1103
231.747 12.9435
235.739 13.0037
230.418 13.0421
237.598 13.0275
238.58 13.2101
243.862 13.2796
244.552 13.1999
242.883 13.2514
234.599 13.1187
236.656 13.278
237.877 13.2428
238.702 13.1779
237.046 12.9035
233.028 12.8966
237.619 12.9132
235.564 12.8782
240.485 13.0864
242.078 13.0515
249.313 13.1041
248.56 13.4088
249.48 13.068
245.926 13.1355
245.383 13.0753
243.249 13.2781
241.457 12.9225
235.572 13.1559
236.64 13.464
232.802 13.1219
239.608 13.2932
239.123 13.2831
245.583 13.3116
238.677 13.3317
230.648 13.0138
227.651 13.1231
227.639 13.0923
234.729 13.0928
240.03 12.8374
242.369 13.2428
240.455 13.0756
237.335 12.8374
236.072 13.0098
235.101 13.3607
237.548 13.282
236.568 12.9299
230.942 13.2179
232.484 13.0122
229.263 13.2157
235.794 13.2552
234.649 13.0299
241.165 12.8742
235.409 13.3501
237.027 13.2959
240.864 13.3693
236.394 12.9589
234.069 13.2121
234.344 13.2842
235.569 13.3075
237.582 12.8638
236.639 13.0304
238.477 13.108
245.406 13.139
247.968 13.064
234.571 13.04
237.155 13.2322
231.13 13.3893
233.611 13.4369
234.083 13.3018
239.956 13.083
235.814 13.3353
233.302 13.0315
235.09 13.0853
234.573 13.1134
229.476 13.1024
235.506 13.2202
231.322 13.0789
230.341 13.2852
231.816 13.3245
234.616 13.2916
236.772 13.2656
236.651 13.3167
232.832 13.1036
232.371 13.1743
229.685 13.2026
230.148 13.3149
231.274 12.9315
230.315 13.41
232.268 13.401
232.122 13.3933
234.673 13.0616
233.338 13.3552
232.877 12.9426
230.576 12.9016
231.351 12.878
232.424 13.2925
230.054 13.1698
229.616 13.2823
224.765 13.1159
227.281 13.2944
233.124 13.2676
235.851 13.3073
239.221 13.0298
232.644 13.0238
235.623 13.445
235.799 13.1552
237.705 13.0501
231.986 13.1409
238.278 13.0407
240.485 13.4665
230.824 13.2825
229.476 12.9509
233.381 12.9742
235.189 13.0155
226.607 13.1799
225.155 13.1808
221.977 13.2498
228.882 12.996
232.102 13.0252
234.008 13.0053
235.109 12.9855
234.51 13.057
230.602 12.8763
240.15 13.3061
242.16 13.0886
239.478 13.1807
235.658 13.1127
232.104 12.9668
227.247 13.2898
226.285 13.2697
240.904 13.146
240.495 13.1437
241.876 13.1563
236.678 12.943
231.927 12.9299
241.87 13.2834
242.586 12.8176
237.289 13.1133
233.076 13.2377
231.387 13.1807
229.894 13.0759
244.5 13.1623
230.471 13.1113
231.673 13.1135
239.786 13.1024
228.411 13.1714
230.811 13.3553
238.136 12.8934
240.207 12.869
246.282 12.8953
253.12 12.9916
249.281 13.3274
244.664 13.1577
242.017 13.0856
258.456 12.9671
261.251 12.9668
261.251 13.0548
261.251 13.2346
263.216 13.1322
245.688 13.3218
247.487 13.2791
245.984 13.0935
245.116 13.2924
243.876 13.2152
238.368 13.2189
238.102 13.2289
233.035 13.2716
230.436 13.086
228.949 13.3681
229.955 13.1899
236.605 13.319
231.117 13.1315
233.217 13.1415
238.522 12.951
235.315 13.3681
234.127 13.1527
226.282 13.1239
224.627 13.4718
225.369 13.3192
226.997 13.1653
230.042 13.2532
230.204 13.3494
227.144 13.2532
226.023 13.1465
231.63 13.1189
239.747 13.2101
236.456 13.1696
231.466 13.0807
239.846 13.0755
232.454 13.1579
238.533 13.2624
238.407 13.1264
235.829 13.3416
248.586 13.2372
245.948 13.3682
237.492 13.3907
237.492 13.3718
235.638 13.0476
235.974 13.1174
246.878 12.9425
246.983 13.3197
242.023 13.2862
248.918 13.0983
245.745 13.5022
238.731 13.0021
230.014 13.096
229.679 13.0586
231.385 13.2946
241.188 12.8813
240.371 13.1944
242.721 13.1787
240.683 13.132
240.072 13.1295
240.334 13.0751
241.347 13.1073
245.066 13.1037
242.064 12.9836
251.595 13.217
234.491 13.1572
236.216 13.0568
234.133 13.0349
236.541 12.7526
243.569 13.0293
242.368 13.3387
240.06 12.9897
237.414 12.8827
234.84 13.3731
234.307 13.3838
231.482 13.136
238.257 13.0772
239.208 12.9691
239.345 13.0604
236.384 13.0241
236.153 13.2692
236.179 13.1484
231.308 13.1831
229.679 13.1541
230.169 13.1607
229.046 13.0538
233.877 12.881
226.539 13.1328
234.662 13.2406
235.643 13.3565
236.133 13.1267
240.005 13.1146
235.321 13.4541
233.799 13.0209
232.342 12.976
233.203 13.1583
229.178 12.9926
227.886 12.9358
232.238 13.2578
233.593 12.8466
239.052 13.4011
239.651 13.1681
243.254 13.5887
247.513 13.0917
248.704 13.068
244.696 13.1593
240.783 13.1497
243.556 13.2116
240.172 13.2364
240.55 13.0533
239.809 13.1675
248.779 13.2301
242.789 13.306
246.648 13.0659
242.461 13.1449
229.07 13.1929
232.459 13.1559
238.131 13.2102
236.254 13.1317
242.362 13.1097
242.122 13.1619
245.254 13.1734
246.142 13.1319
245.495 13.1654
235.209 13.0763
239.054 13.1649
237.39 12.8887
239.953 13.2534
235.785 13.4655
231.782 12.7993
229.719 13.2988
230.47 13.4643
234.502 13.2865
236.87 13.2145
231.015 13.087
229.478 12.9441
231.971 13.0912
239.289 13.2213
237.712 13.0755
238.03 13.1303
238.051 13.1228
238.058 13.4555
238.077 13.1865
239.46 13.1754
235.671 13.0776
239.473 13.1869
229.444 13.2227
237.417 13.0199
253.663 13.3386
245.216 13.2443
233.806 13.1735
233.777 13.4131
232.997 13.148
240.879 13.279
240.17 13.3577
238.01 13.4009
240.91 13.2312
244.12 13.106
246.597 13.4353
251.557 13.1724
255.086 13.1596
245.864 13.269
243.867 13.5035
242.524 12.9561
250.706 12.9884
246.219 13.0109
246.621 13.2994
243.76 12.9536
242.074 13.2518
244.055 13.2052
243.107 13.2113
244.178 13.2111
243.608 13.2473
243.873 13.0309
246.806 13.1344
239.769 13.3159
243.503 13.0445
236.345 13.0078
240.071 13.1164
239.977 12.8854
222.929 13.0401
235.052 12.9021
232.982 13.0741
243.006 12.7243
242.158 13.1417
242.783 13.3162
231.067 13.0068
231.204 13.0873
242.437 13.1621
233.999 12.984
224.248 13.0713
232.619 13.0643
226.995 13.1377
229.265 13.4129
231.791 13.1175
241.091 12.8701
236.079 12.813
243.809 12.8351
236.572 13.3849
233.496 13.0422
234.307 13.0844
242.69 13.1503
249.489 13.2389
245.767 13.2487
242.506 13.3192
240.074 13.1537
236.955 13.0732
239.244 13.208
239.244 13.0446
233.851 13.0793
238.233 13.2874
238.233 12.9987
235.46 13.0512
229.799 13.1184
235.987 13.0158
235.397 13.2436
232.841 13.3077
241.317 12.9956
238.362 13.4008
241.15 13.2861
241.15 13.326
238.105 13.0054
239.213 13.2016
241.115 13.4057
252.236 13.1022
242.966 13.2404
243.689 12.9642
239.708 13.1595
239.859 12.998
247.744 13.2466
242.54 13.1337
245.952 13.2659
255.341 12.9996
253.007 13.0003
251.745 13.4549
246.904 12.7758
241.697 12.8948
238.219 13.4932
242.949 13.2517
243.736 12.9657
238.137 13.0036
240.458 13.3683
238.942 13.0181
241.864 13.1486
238.414 13.3013
234.292 13.0224
231.522 13.0862
231.243 12.9301
229.694 13.1568
236.412 13.3837
236.709 12.8776
238.131 13.0537
238.229 13.1491
238.014 13.1103
246.015 13.1968
250.112 13.0747
258.577 13.2463
246.951 13.124
246.141 13.2097
244.469 13.4179
237.683 13.233
232.594 13.4429
231.135 13.2372
234.406 13.2415
230.461 13.3705
236.579 13.2432
234.164 13.1982
232.903 13.3071
234.437 12.9928
230.014 12.9568
238.791 13.2179
229.847 13.1643
237.996 13.2375
236.093 13.1661
231.853 13.3807
239.187 13.168
235.477 13.4229
231.147 13.2257
232.149 13.2304
230.606 13.1924
233.955 13.2807
236.973 13.1541
236.495 13.2527
233.725 13.0682
234.026 13.3173
233.619 13.3327
235.749 13.0609
235.526 13.0993
234.414 13.245
236.259 13.1467
230.854 13.0534
235.031 13.4885
231.804 13.0117
235.308 13.0333
234.15 13.1149
241.183 13.2416
241.215 13.0518
237.035 13.1822
231.499 13.1737
243.465 13.2413
235.632 12.9707
227.89 13.0916
227.776 13.176
227.283 13.0548
231.679 13.052
231.351 13.1639
243.249 13.2708
239.759 13.1688
237.479 13.1754
240.455 13.0054
239.426 12.902
247.905 12.8842
242.083 13.1056
243.371 13.145
243.349 12.9079
239.127 13.0727
235.107 13.2416
234.106 13.2846
226.204 13.1499
226.659 13.4538
231.16 13.3707
231.018 12.9737
227.36 13.0604
231.369 12.9476
237.031 13.0145
243.174 13.1088
242.403 12.9409
238.722 12.9735
237 13.0756
244.071 12.9973
241.738 13.1566
246.127 13.0761
238.885 13.2158
238.052 13.0086
237.932 13.2728
237.272 13.2966
233.497 13.0725
233.746 13.2508
234.794 13.2249
235.073 13.1569
230.418 13.2335
229.667 13.0488
231.565 13.3497
234.013 13.2152
233.103 13.2116
233.092 12.9789
233.947 13.2327
233.019 13.3006
226.107 13.2549
223.244 13.5164
221.997 13.0331
233.849 13.0241
232.31 13.0309
236.13 13.0243
227.159 13.1507
242.72 13.2052
236.281 13.2162
241.407 13.1873
240.089 12.9327
226.012 13.1563
232.529 13.409
233.608 13.105
237.504 13.1499
244.251 13.1068
241.903 13.4501
245.525 13.3484
245.926 13.1653
247.381 13.0596
246.705 13.2383
242.749 13.2908
239.164 13.3329
240.254 13.1206
237.055 13.161
238.647 13.1523
236.946 13.1279
234.636 13.0377
237.368 12.9481
236.709 12.9599
244.53 13.2978
243.456 13.1799
245.881 13.3074
256.174 12.9932
239.092 13.1263
246.946 13.23
242.338 13.2819
243.175 13.212
240.337 13.3894
240.337 13.0977
241.25 13.123
235.237 12.986
236.371 13.23
233.839 13.1205
236.606 13.0246
232.438 13.2677
231.085 13.2207
234.158 13.248
230.751 13.3884
231.125 13.1378
239.746 13.0088
229.995 13.1943
233.843 13.1316
236.643 13.1947
229.671 13.1102
233.92 13.022
232.211 13.3248
232.871 13.3182
231.432 13.2622
234.548 13.1017
230.996 13.2445
237.774 12.9476
241.059 12.6841
235.066 13.3097
234.176 13.4438
231.855 13.3513
231.515 13.4174
219.666 13.4575
231.129 13.2117
232.555 13.2467
234.958 13.3778
228.537 13.3643
228.917 13.1876
240.64 13.1056
229.193 12.9643
234.541 13.0435
230.577 13.2429
234.138 13.1135
236.21 13.3549
231.695 13.5281
240.265 13.0637
235.144 13.0034
233.693 12.996
234.085 13.0985
236.238 13.0528
240.037 12.9745
239.713 12.9412
240.773 13.1217
238.526 13.2862
234.551 13.2364
243.289 13.2573
253.827 13.266
243.89 13.5338
238.701 13.2038
247.987 13.2323
255.975 13.1417
256.415 13.1393
256.561 13.2396
246.535 13.0615
246.158 12.9804
250.822 12.8845
246.741 13.1108
243.853 13.0994
248.241 12.8981
242.554 12.7988
241.353 13.2543
243.096 13.3327
241.302 13.1434
244.287 13.1878
241.296 13.204
234.541 13.1585
232.999 13.1347
234.395 13.3086
229.417 13.1882
225.544 13.2187
232.365 13.2527
233.121 13.2538
234.183 13.1956
235.797 13.0566
235.337 13.1018
231.199 13.233
240.774 13.2699
238.587 13.3163
231.3 13.3018
231.016 13.1669
240.361 13.2036
247.676 12.9878
245.808 13.253
238.082 13.4567
234.666 13.3985
234.016 13.083
228.759 13.1904
233.148 13.292
234.151 13.088
234.225 12.9086
234.778 13.2133
240.697 13.5
246.007 13.2432
244.148 13.3324
251.014 13.2692
249.9 13.1648
239.508 13.1281
235.563 13.0751
236.86 13.1057
236.382 13.0325
231.474 13.2247
235.317 13.3865
236.175 13.3514
239.301 12.9343
236.467 12.9332
235.949 13.2029
233.838 13.0157
230.439 13.2004
229.14 13.0576
233.864 13.3922
235.771 13.354
240.339 13.2483
241.26 13.1895
241.46 13.1359
236.993 13.1189
239.057 13.1496
239.763 13.1498
243.214 13.1425
243.355 13.2246
251.251 13.2829
248.036 13.1177
245.562 13.1195
238.159 13.0665
241.988 13.1668
243.254 12.823
239.298 13.1615
239.897 12.9295
238.733 12.9668
241.896 12.8573
236.149 12.9161
241.718 13.1397
245.824 13.3369
240.2 13.2066
248.537 13.2454
252.025 13.1158
241.625 13.2124
241.793 13.188
237.79 13.2552
232.071 13.2572
232.14 12.9488
229.79 13.2911
230.694 13.3823
231.431 13.2039
232.773 13.0148
232.538 13.2919
226.774 13.1557
231.613 13.2402
231.748 13.1823
236.28 13.174
240.898 13.3279
237.04 13.2246
233.544 13.2168
233.911 12.9593
228.47 13.5061
227.009 13.0852
224.754 13.3196
230.158 13.2386
237.758 13.1026
236.526 13.1542
234.203 13.0943
232.864 13.343
238.032 13.1821
237.998 13.163
241.972 13.1166
238.377 13.1731
236.003 13.217
236.879 13.1407
229.72 12.949
233.464 13.2939
231.661 12.9592
237.326 13.2735
233.262 13.0908
235.087 13.0569
234.669 13.0781
232.694 13.3882
228.944 13.1829
228.588 13.0577
235.078 13.2482
232.078 13.1414
227.514 13.181
230.289 13.2315
225.028 13.1235
239.477 12.9495
235.485 12.9716
235.485 13.0338
239.363 13.6833
239.242 12.9325
234.56 13.0543
233.586 12.889
231.926 13.0215
233.661 13.0295
237.994 13.173
233.969 13.254
233.068 13.1656
234.782 13.3453
237.113 13.3502
237.583 13.2013
245.49 13.1289
243.302 13.1144
252.493 13.0095
250.3 13.2359
238.252 13.2448
238.322 13.1508
237.838 13.1537
239.357 12.9532
239.099 13.0126
237.669 13.126
239.281 13.0987
236.871 13.396
237.399 13.3712
236.527 13.0547
243.651 13.1467
242.035 13.1372
233.241 12.8713
232.444 13.1002
235.737 13.0511
240.171 13.1876
238.077 13.321
237.228 13.1441
233.792 12.8849
234.801 13.0873
233.445 12.9111
237.748 13.1148
236.734 13.1716
239.515 13.1655
238.447 13.2663
243.851 12.8728
240.647 13.0941
229.906 13.1935
237.599 12.8925
232.661 13.0035
229.954 13.003
237.109 12.9712
236.991 12.9754
232.927 13.0781
241.81 13.0333
242.475 13.2618
235.88 13.1736
239.263 12.9728
235.577 13.104
237.545 13.1628
241.346 13.245
240.492 12.9906
239.856 13.2757
235.571 13.3667
235.598 12.9749
240.093 12.9964
240.826 12.9858
237.69 13.4298
236.528 13.1329
239.204 13.1427
221.537 13.1386
227.335 13.0769
231.774 13.1417
240.724 12.9511
239.03 13.1038
233.235 12.9502
240.792 13.1939
235.746 13.2197
245.732 13.1894
240.15 13.0671
224.479 13.0884
235.802 13.1114
235.419 13.1112
227.666 13.1385
230.663 13.0375
230.663 13.1341
230.378 13.4297
232.803 13.3234
233.564 13.1223
233.356 12.9456
232.727 13.1822
232.914 13.1747
234.868 13.3776
235.859 13.0027
232.293 13.0336
234.193 13.1138
233.32 13.0555
239.805 13.0493
243.117 13.1016
242.705 12.7609
244.243 12.9092
237.641 12.9586
239.5 13.1881
229.159 13.2045
228.351 13.2323
236.21 12.8784
233.878 13.0394
240.541 12.9038
235.699 13.0695
238.078 13.0779
240.658 13.0827
244.08 13.0841
244.041 13.202
237.23 13.2122
237.445 13.0658
236.829 13.0336
245.124 13.035
248.964 12.9923
239.279 13.1957
236.967 12.9759
237.369 13.1125
242.582 13.3231
238.654 12.9777
234.348 13.3969
232.737 13.2163
233.768 12.9636
230.586 13.3344
225.411 13.2562
230.93 13.2911
227.567 13.1192
235.524 13.1824
235.667 13.0797
238.32 13.1838
237.417 12.9127
229.059 13.1538
224.043 13.121
226.266 13.1838
226.225 13.5342
235.705 13.2116
231.099 13.2113
237.021 13.2186
232.323 13.2505
241.013 13.1255
235.073 13.1916
234.405 12.795
235.315 13.0878
234.373 13.4112
235.586 13.1897
245.687 13.0887
240.659 12.8563
234.84 12.9598
236.129 13.2692
236.001 13.1312
235.376 12.851
236.309 13.0788
225.459 13.4396
226.418 13.046
226.192 13.0645
225.559 13.0874
225.626 12.9471
230.104 13.296
232.72 12.9538
226.784 12.9774
233.887 13.026
235.705 13.3391
233.902 13.3502
241.087 13.2128
242.175 13.1963
248.643 13.1881
244.441 12.9871
244.904 13.0512
251.848 12.9521
251.848 13.1627
242.868 13.2634
241.858 13.3872
239.393 13.192
241.432 13.0976
234.111 13.3182
230.183 13.1296
251.153 13.1752
250.384 12.964
253.894 13.0439
240.903 13.1671
233.96 13.0341
229.1 13.2659
234.148 13.2979
234.671 13.2346
239.865 13.2463
236.577 13.1528
238.478 13.3166
246.387 12.8817
243.889 12.9964
243.433 13.2521
250.662 13.2673
241.029 13.2911
241.609 13.3032
245.371 13.3323
235.412 13.1393
242.998 13.2193
251.661 12.9503
251.661 13.0367
250.5 13.2366
247.556 13.224
243.358 13.2251
240.683 13.2607
237.131 13.435
238.989 13.237
239.871 13.2232
233.457 13.0562
234.061 13.249
227.837 13.1968
234.039 13.356
235.546 13.3803
244.172 13.066
243.786 13.0866
236.946 13.3226
236.623 13.4071
241.894 13.5535
237.356 13.3214
227.664 13.3276
236.253 12.9504
236.013 13.2463
242.92 13.2476
243.239 13.2816
242.922 13.0905
248.925 13.1749
245.067 13.2552
249.176 13.1371
243.861 13.5302
239.304 13.2007
245.98 13.2208
246.072 13.209
255.269 13.1492
255.269 13.0977
250.263 13.2184
250.691 13.245
260.512 13.4466
249.951 12.9732
246.381 13.0166
244.199 12.9873
244.69 13.164
243.418 13.2531
247.321 13.4605
235.49 13.0958
237.387 13.1583
232.812 13.2298
237.631 12.983
234.94 12.8875
233.406 13.0952
243.502 13.0309
241.245 13.078
241.245 13.1532
241.716 13.01
239.014 13.2222
228.107 13.5088
230.475 13.1235
240.665 13.2794
235.282 12.8342
240.28 13.2301
234.959 13.1742
236.188 13.2569
244.588 13.0207
242.039 13.3136
245.147 13.3051
254.683 13.1972
254.683 13.2249
249.309 13.0078
242.871 12.974
238.593 13.0945
242.723 12.9802
241.756 13.0932
237.39 13.225
238.951 13.3146
232.261 13.1867
233.364 13.1608
233.646 13.3641
229.438 12.8759
229.074 12.7886
227.203 12.9537
228.62 13.1357
225.682 13.3544
228.577 13.2789
231.641 13.3159
232.71 13.0516
230.833 13.193
232.324 13.2134
233.484 13.1248
236.558 13.0439
228.169 13.042
231.951 13.2499
238.097 13.2652
236.26 13.3931
236.766 13.2353
237.008 13.0604
231.727 13.0478
233.085 13.2027
233.406 13.2449
236.89 13.3841
226.572 13.0937
232.09 13.0804
233.27 13.0712
238.323 13.0651
231.933 13.2579
238.877 12.8679
231.102 13.0345
239.244 12.8444
228 12.9957
223.743 13.2
226.56 13.1735
229.516 13.056
226.757 13.0975
230.274 13.2793
230.734 13.2906
237.179 13.285
236.664 13.0528
235.895 13.1733
236.274 13.2706
242.745 12.9876
232.732 13.1467
237.83 13.1393
239.465 13.2133
236.86 13.2572
244.719 13.1755
252.062 13.0197
258.907 12.9474
259.489 13.2802
253.593 13.1053
264.252 13.0492
272.532 13.2617
270.65 13.2254
256.681 13.0953
263.708 13.2758
271.802 13.3449
271.802 13.032
274.778 13.2328
274.778 12.9691
272.797 12.9837
272.797 12.8419
283.009 13.0113
283.009 12.9008
283.009 13.068
284.532 13.0835
271.789 12.8965
280.244 13.2081
285.927 13.1914
294.883 13.3435
294.883 13.0004
289.021 13.125
289.021 12.8775
299.903 13.1638
295.796 13.1474
287.7 13.0701
287.7 13.079
301.059 13.2442
298.212 13.4494
282.398 13.0559
277.525 13.122
277.525 13.2806
271.725 13.209
266.212 12.9231
270.19 13.1732
265.515 13.2339
266.467 13.2628
272.29 13.3651
270.739 12.9393
262.977 12.8997
249.585 13.149
248.286 13.1926
238.184 13.1758
238.298 13.2039
238.221 13.3429
234.723 13.2173
238.806 13.1907
228.788 13.1465
230.688 13.1558
234.743 13.0167
241.691 13.0204
241.322 13.3619
234.844 13.398
235.352 13.2103
234.233 13.4111
234.163 13.2437
246.943 12.9686
243.286 13.1249
235.817 12.9749
243.081 13.0178
243.176 13.2515
240.941 13.393
239.301 13.1816
235.909 13.2008
249.223 13.1394
249.61 12.9839
246.792 12.914
242.099 13.0394
233.893 13.1588
232.425 13.0716
228.835 13.1059
235.182 13.0601
239.657 12.9421
240.017 13.0313
235.319 13.0659
235.965 13.2221
238.291 13.2246
236.181 13.5056
235.98 13.314
234.55 13.0922
232.2 13.0599
231.448 13.076
236.577 13.0174
236.409 13.2292
235.793 13.5429
239.195 13.1698
234.481 13.3556
240.341 13.1313
240.226 13.1124
240.693 12.9777
242.877 13.1652
240.024 12.8765
244.166 13.1438
241.118 12.7748
243.298 13.1376
237.485 12.92
239.455 12.9261
241.637 13.0849
241.454 12.9227
237.079 13.178
235.842 13.1482
237.505 13.3503
237.664 13.3348
241.488 12.8798
237.3 12.9679
233.634 13.1786
235.642 13.3536
229.061 13.1145
231.56 12.936
230.162 13.1918
234.766 13.0039
230.758 13.2423
232.691 12.9354
240.719 12.9602
238.209 12.8479
237.636 13.2627
237.219 13.1687
234.256 13.3168
236.263 13.4812
237.208 13.4922
241.722 12.9367
238.534 12.9437
237.373 13.3117
237.92 13.1933
239.946 13.1523
239.257 13.2483
236.045 13.3073
236.256 13.3172
234.835 13.1644
234.413 13.0664
234.21 12.8459
238.874 13.0156
232.516 13.0932
227.533 13.4907
229.307 13.1176
228.42 12.7944
233.88 12.9619
236.671 13.3687
230.347 13.5595
229.668 13.299
235.554 13.315
233.886 13.0587
229.853 13.2453
228.217 13.2809
227.826 13.0717
228.608 13.3805
231.437 13.211
225.21 13.093
227.592 13.0305
235.091 13.0934
235.442 13.0091
232.56 12.9915
236.839 13.0684
238.196 13.1669
230.848 13.2654
233.465 13.2451
238.069 13.2052
230.064 13.3519
240.505 13.3566
234.159 13.126
228.109 13.3344
234.872 13.2174
239.984 12.9301
239.788 13.0316
248.582 13.2039
246.787 13.0664
248.225 13.2248
239.013 13.195
240.977 12.7939
240.297 13.3224
236.317 13.0953
236.317 12.9286
232.046 13.1254
239.27 13.0448
239.947 12.9897
226.85 13.0364
236.354 13.259
238.338 13.3325
230.79 13.185
226.846 13.1724
245.844 13.055
243.057 13.0785
241.853 13.2465
243.7 13.1054
239.791 13.1177
239.398 13.0091
245.203 13.1249
232.689 13.268
232.396 13.2189
233.145 13.2679
236.664 13.0355
244.21 12.9261
237.834 13.6396
238.115 13.4122
228.126 13.4667
228.814 13.1842
225.569 13.2274
224.217 13.397
227.091 13.2965
239.142 13.2132
242.406 13.2295
248.524 13.3037
245.653 12.874
248.989 13.0463
252.012 13.2862
248.785 12.9573
245.246 13.2877
245.785 12.9976
247.265 13.2725
242.464 13.1591
236.173 13.1997
233.452 13.024
237.554 13.2175
240.104 13.4841
237.379 13.2126
230.743 13.6295
241.749 13.3884
241.98 13.2039
247.117 13.0262
247.318 12.9071
253.086 13.3777
254.09 13.1941
251.516 13.0883
243.212 13.1958
244.678 13.0186
243.573 12.9598
245.272 13.2285
237.397 13.4565
237.089 13.1613
237.539 12.916
242.478 13.485
243.226 13.3482
243.189 13.2192
242.934 13.3332
242.181 13.2385
242.455 13.3975
231.886 13.4011
237.127 13.2169
227.795 13.018
237.207 13.5544
232.393 13.0197
243.376 13.0274
233.377 13.0885
239.409 13.1123
232.275 13.1186
237.552 13.2124
238.532 12.9945
236.233 12.9968
241.839 12.9335
236.696 12.9569
237.537 12.9575
230.426 13.1043
232.602 13.3201
237.558 13.0429
236.261 13.3332
235.754 13.263
226.069 13.2893
234.172 13.3474
240.232 12.9551
239.97 13.0903
237.238 13.2558
234.779 12.9347
230.456 13.4127
237.522 13.0343
237.211 13.2599
233.715 13.3236
235.409 13.1926
233.059 13.1955
236.235 12.9798
239.076 13.2593
236.084 13.3108
234.037 13.1283
236.373 12.8735
234.986 13.1027
236.986 13.1433
237.178 13.2957
234.771 12.9611
240.722 13.1837
230.667 12.743
231.487 13.3215
235.308 13.2857
238.102 12.9193
232.98 12.9234
238.229 13.2232
230.238 13.3045
234.636 13.2429
232.994 13.2189
229.925 13.2237
231.039 13.3268
229.469 13.0308
230.424 13.2116
225.699 12.9158
227.014 13.1434
227.797 13.1529
227.748 13.5225
236.868 13.3831
232.087 12.8962
232.748 13.1975
233.6 13.1559
240.076 13.1784
238.522 13.1534
244.125 13.4478
239.549 13.1011
235.283 13.0152
239.036 13.2087
236.19 13.3677
236.668 13.2144
233.657 13.2088
236.502 12.9491
237.609 12.9545
228.352 13.366
236.15 13.3408
231.63 13.0361
232.751 12.9479
233.092 13.1843
236.168 13.2343
230.586 13.3419
232.895 13.4525
231.659 13.501
241.596 13.1971
237.149 12.6878
233.132 13.1501
236.239 13.3139
240.887 13.0865
237.412 13.2023
237.535 13.024
235.451 12.926
238.717 13.1697
239.632 13.1653
241.023 13.2197
250.711 12.7572
251.631 12.9487
247.826 13.1175
248.827 13.0849
246.854 13.1499
251.664 13.2332
246.049 13.1683
240.449 13.2529
247.749 13.2045
237.759 13.3119
238.308 12.9834
240.022 13.4412
245.812 13.1696
245.538 13.1991
246.19 13.1374
242.352 13.5113
237.991 13.2076
243.035 13.1209
247.163 13.1225
235.544 13.0401
235.993 13.0986
235.291 13.2451
237.861 13.3335
241.88 13.203
238.866 13.191
238.776 13.1723
238.58 13.1315
234.864 12.905
229.84 13.1231
231.547 13.001
241.642 13.1659
243.887 12.9179
241.804 12.9171
240.056 13.1528
239.934 13.16
239.903 13.3208
236.894 12.9522
228.329 13.2197
228.011 13.1092
232.086 13.0935
226.482 13.5032
228.27 13.2819
230.856 13.0056
236.93 13.0264
227.238 13.053
230.995 13.0052
234.167 12.977
235.317 12.9911
235.47 12.9984
237.294 13.1277
237.727 13.2462
241.319 12.952
241.03 13.178
241.077 13.1307
238.825 13.0308
250.561 13.1241
248.625 13.5831
243.965 13.0569
242.248 13.3908
232.469 13.1748
237.984 13.0805
236.449 13.0144
235.544 13.3586
232.096 13.3748
248.001 13.2296
240.934 13.0083
242.044 13.4063
247.66 13.353
254.399 13.3227
243.274 13.2065
237.989 12.7799
233.02 12.9765
227.125 13.1026
231.404 12.978
232.875 12.9546
232.729 13.0653
236.922 13.253
228.644 13.3022
224.374 13.2566
228.105 13.1594
228.241 13.2829
233.075 13.3608
231.593 13.2128
233.656 13.09
247.841 13.1256
241.547 13.131
234.243 13.299
232.313 13.0321
235.412 13.1711
238.722 13.0277
243.541 13.1102
237.448 13.3745
237.773 13.2362
234.917 13.3051
237.701 13.0758
237.43 13.1447
232.891 13.3959
235.366 13.1741
235.163 13.1333
235.775 13.0176
234.946 13.1419
237.267 13.1207
239.343 13.3312
237.221 13.0798
233.007 13.0786
235.929 13.1748
231.415 13.2917
240.723 12.9385
246.072 12.9155
238.974 12.8581
228.958 13.3606
241.088 13.1361
239.186 13.436
241.339 12.8873
242.612 13.4385
241.641 13.3899
242.949 13.3584
250.947 13.1753
244.336 13.1308
247.602 13.0207
251.421 13.1814
239.834 13.1809
237.982 13.2204
244.839 12.9474
238.868 13.0612
235.615 13.0923
238.196 13.2621
240.686 13.2976
231.875 13.1027
232.91 13.0851
230.355 13.3888
230.479 13.2563
239.027 13.1013
233.16 13.0739
233.06 12.9772
233.55 13.059
233.163 12.841
235.578 12.9344
232.677 13.0775
231.901 13.0212
228.491 12.9622
229.514 13.0559
229.765 13.0662
233.981 13.2842
237.579 13.3635
232.609 13.3539
231.121 13.0385
233.715 13.1125
239.03 13.1439
237.373 13.5621
245.353 13.4048
237.835 12.8032
232.515 13.4461
236.763 13.2545
235.975 12.9174
234.309 13.2756
238.541 12.8315
238.476 13.2268
232.167 13.0072
236.459 13.4282
240.39 13.4859
236.484 13.1808
233.029 13.1667
228.693 13.1695
239.571 12.8999
235.226 12.9225
239.336 13.0399
239.336 13.1087
247.06 13.1714
247.06 13.1628
242.469 13.1552
240.71 13.1903
237.257 13.383
237.257 13.1783
237.257 13.0964
245.276 13.6066
241.268 13.1343
239.176 13.3146
229.294 13.2943
230.049 13.2526
233.921 13.0959
233.475 13.163
226.257 13.1964
227.777 13.0815
227.777 13.3512
236.936 13.2285
241.398 13.1908
236.256 13.5466
231.396 13.3261
242.206 13.0738
240.637 12.8487
240.305 13.3699
239.572 13.2921
240.571 13.3997
234.954 13.3721
230.896 13.3727
241.053 13.0058
237.014 13.2791
233.72 13.2115
232.141 13.2228
236.202 13.3418
230.212 12.9586
229.879 13.3697
231.162 13.4389
229.394 13.1946
222.804 13.3652
241.025 13.1111
227.922 12.8829
228.693 13.1585
237.545 13.307
230.233 13.549
233.09 13.1108
228.922 13.2878
246.725 13.2536
248.999 13.2079
249.459 13.1434
242.358 13.2108
250.241 13.0089
245.31 13.3901
242.637 13.072
255.179 13.2267
255.179 13.2178
253.377 13.2439
245.506 13.1659
236.621 13.331
235.02 13.2744
232.872 13.1837
232.931 13.1862
238.376 13.237
241.19 12.8844
236.819 12.9763
231.731 12.9694
237.042 13.2127
239.428 12.8373
242.032 12.9735
240.213 13.032
231.135 13.0577
229.763 12.9336
230.562 12.9793
230.562 13.0397
235.963 13.1393
233.213 13.0868
228.785 12.9626
230.619 13.2553
232.604 13.1285
231.548 12.9166
235.35 13.2639
236.35 13.4484
236.383 13.0125
232.92 13.4102
232.508 13.1519
228.872 13.1222
235.284 13.2774
234.37 13.1162
231.156 13.3653
232.092 13.301
236.338 12.9453
235.082 13.0939
238.295 13.1606
239.919 13.2048
239.421 12.8606
231.174 12.8971
229.453 13.0667
235.5 13.0996
233.136 13.293
235.269 13.335
232.076 13.3395
234.172 13.1873
243.267 13.2535
248.366 13.2592
251.699 12.9338
251.874 13.3205
244.654 12.8348
238.133 13.0082
240.117 13.3812
241.964 13.2083
235.391 13.1291
238.963 13.0269
243.402 12.9312
242.739 13.1431
238.446 13.2471
237.21 13.0203
239.699 12.8965
241.582 13.2867
245.023 13.1041
240.543 12.9946
239.489 13.0983
241.898 13.313
243.871 13.3202
247.204 13.1989
249.756 13.0543
238.992 13.4878
230.374 12.9638
233.078 12.933
228.512 13.2727
230.898 12.8321
227.665 13.1598
232.021 13.101
233.729 13.1371
231.177 13.2473
235.919 13.2331
234.522 13.515
239.929 13.3918
240.703 13.4385
240.23 13.3067
243.493 12.9223
241.735 13.1277
245.154 13.1267
243.126 13.1849
249.72 13.3143
253.585 13.3068
252.188 13.0396
246.707 13.0975
229.548 13.1575
239.104 13.2712
237.206 12.9363
235.974 13.1591
235.11 13.0076
232.761 13.0566
234.347 13.285
234.856 13.0074
235.035 13.3985
236.194 12.9813
236.124 13.0869
236.91 13.1803
233.784 13.1722
235.064 13.0637
237.892 13.2726
240.435 13.023
242.841 13.2552
234.147 13.0997
235.939 13.1506
237.485 13.1106
236.506 13.2466
234.328 13.3777
232.319 13.0836
231.72 13.3993
242.179 13.1457
238.799 13.1074
240.709 13.1778
233.599 13.1504
231.773 13.3014
228.941 13.4214
238.015 12.9472
234.503 13.1459
244.995 13.252
245.779 13.2623
234.626 13.2246
236.555 12.8424
241.449 13.0359
230.768 13.2875
240.984 13.1989
245.674 12.9262
237.911 13.243
236.419 13.1048
228.547 13.2007
226.908 13.4541
231.066 13.0875
250.082 13.2374
238.943 13.2594
238.508 13.082
236.938 13.1105
237.324 13.1105
231.844 13.0426
233.967 13.3696
236.294 13.1215
235.85 13.2132
235.899 13.2345
235.776 13.0848
235.93 13.3535
235.926 12.8943
236.018 13.0125
230.574 13.1417
236.763 12.9348
234.719 13.0109
236.167 13.4038
233.261 13.5625
235.635 12.839
233.609 13.2048
232.303 12.8626
234.7 13.0369
235.932 13.1007
235.709 13.2155
242.022 13.1869
243.852 13.5466
244.312 13.3333
243.955 13.0921
241.737 13.1544
248.549 13.2792
253.415 13.0774
253.415 13.0741
271.217 13.132
267.603 13.124
259.474 13.3375
267.37 13.2143
256.131 13.0262
252.909 13.0566
250.806 12.9525
245.195 12.7213
237.001 12.9004
239.752 13.0222
237.695 13.1292
241.498 13.1921
238.964 13.2039
240.299 13.1862
237.231 13.3854
239.196 13.1655
236.9 13.0917
235.126 13.1269
236.449 13.3935
235.261 13.3073
239.238 12.8349
236.9 12.8508
233.253 12.7518
232.649 12.9889
245.001 12.9476
242.264 13.1018
246.614 13.0413
242.88 13.3104
242.713 13.1937
243.175 13.1899
242.355 13.1884
234.147 13.1784
242.271 12.962
233.911 13.2981
235.246 13.2109
233.473 13.2412
230.303 13.0669
228.707 13.0041
232.927 13.2032
235.934 13.5358
234.54 13.2652
232.081 13.2461
240.942 13.2262
243.568 13.1948
245.306 13.2877
247.572 13.17
248.465 13.189
249.908 13.3574
237.034 13.5226
233.31 13.2395
231.6 13.1847
228.127 13.2608
230.99 13.3325
231.919 12.8056
230.634 13.3875
237.492 12.8589
236.354 13.2555
234.396 13.0837
239.774 13.244
236.94 12.9487
232.805 13.206
230.661 13.1367
234.739 12.9285
236.575 13.1262
232.115 13.1941
227.322 13.4263
228.651 12.966
224.973 13.2475
229.302 13.26
227.823 13.1509
230.461 12.9381
236.935 13.1533
236.805 13.564
238.579 13.4048
237.328 13.1371
231.683 13.3019
226.303 13.4637
229.268 13.3118
228.626 13.0779
231.44 13.1606
231.654 13.1876
229.703 13.048
232.421 13.4089
234.985 13.1481
232.746 13.3104
237.97 13.308
243.704 13.1387
243.13 13.222
249.475 13.0292
251.208 13.1104
243.559 13.3342
241.505 13.2715
244.089 13.0708
250.632 12.98
246.086 13.0905
245.679 13.1414
245.54 13.3651
248.918 13.1097
239.151 13.2238
242.536 13.1011
246.286 13.301
244.875 12.9655
251.336 13.1107
260.314 13.1012
259.416 13.0791
254.157 13.1871
253.307 13.1878
251.013 13.111
242.725 13.1235
240.412 13.1917
243.999 13.0615
249.882 12.9687
248.246 12.9998
243.015 13.1451
242.903 13.0587
242.988 12.9664
234.889 13.5107
235.824 12.9769
232.696 13.1942
233.762 13.2045
231.082 13.1568
239.966 12.9194
238.787 13.0231
230.663 13.0427
231.127 13.5121
232.273 13.3359
235.649 12.7735
225.435 13.3405
237.972 13.2886
240.332 13.3347
241.417 13.1693
241.933 12.981
243.914 12.8649
233.71 13.2629
235.517 13.3438
239.389 13.3506
240.798 13.3934
244.259 13.1706
247.915 13.0831
246.036 13.1339
244.103 13.2061
243.686 13.1464
248.664 13.1209
253.777 13.2885
254.698 13.1714
244.347 13.2072
252.646 12.9881
252.785 13.0262
250.737 13.1194
251.232 13.1196
242.547 13.0088
248.122 13.3473
244.69 12.9912
244.377 12.95
237.375 13.1922
247.22 13.0509
244.993 13.2076
241.737 13.3381
242.681 12.969
246.565 13.0766
242.385 13.3631
244.979 13.1445
244.472 12.9917
246.87 12.9775
239.982 13.0246
238.346 12.9652
243.177 12.7775
238.226 13.1013
238.537 13.0612
240.811 13.1339
233.849 13.208
234.912 12.8327
237.957 12.8306
237.397 13.1896
236.959 13.2804
243.21 13.4089
246.007 13.1562
244.341 13.119
251.554 13.2241
249.431 13.1426
249.139 13.2658
250.006 13.237
251.139 13.0223
256.64 13.2667
257.983 13.2756
257.983 12.8402
254.693 13.1367
248.719 13.146
244.947 13.2691
237.083 13.041
240.079 13.3158
248.041 13.3034
237.093 13.1516
232.348 13.3151
238.528 12.9638
234.052 13.4271
234.781 13.3504
231.519 13.2006
239.107 13.0372
237.776 13.0689
235.368 13.1597
235.493 13.0645
236.993 13.1537
237.867 13.2136
239.657 13.2545
237.612 13.3429
234.223 12.9593
230.055 13.3218
232.145 13.1522
228.655 13.1067
237.763 13.0031
236.857 12.8396
228.732 12.9551
229.426 13.1002
226.599 13.1104
235.652 13.076
236.634 13.1125
238.438 13.1001
241.9 13.182
238.78 12.8832
248.189 12.9048
240.979 13.2495
239.107 12.9878
232.989 13.3034
231.181 12.984
245.934 13.1947
243.051 13.4287
255.465 13.4828
257.843 13.0926
259.898 13.2237
262.886 13.4466
265.506 13.2967
268.936 13.4005
254.69 13.4434
256.527 13.2326
246.616 13.3359
249.913 13.2919
247.087 13.034
241.753 13.3045
242.843 13.339
247.345 13.0402
240.496 13.0314
230.19 13.0863
229.258 13.3037
236.475 13.1754
234.468 13.2211
243.691 13.0314
240.992 13.1619
252.348 13.1855
242.56 13.1386
242.789 12.9809
248.533 13.3756
248.533 13.2096
240.982 13.3291
240.982 13.2843
237.218 13.2261
237.204 13.3123
238.044 13.396
236.473 12.9148
232.029 12.9391
226.501 13.2043
225.793 13.1995
230.715 13.3465
234.841 12.9618
239.901 13.2222
239.431 13.2407
235.652 13.2436
241.762 13.0023
245.576 13.1378
244.915 13.0163
250.174 12.9697
237.41 12.8811
236.516 12.8715
238.4 13.2054
245.461 13.2248
241.481 13.302
236.645 13.0936
236.988 13.1101
229.806 13.0816
228.242 13.3645
227.558 13.073
224.672 13.2459
224.697 13.2445
235.478 13.0752
238.342 13.1041
242.177 13.3101
242.423 13.1758
242.404 13.1244
241.615 13.1091
241.542 13.2352
233.673 13.1667
234.806 13.2394
231.384 13.2581
239.169 13.3093
237.302 13.188
234.662 13.1567
238.775 13.0626
246.325 13.3062
240.95 13.0866
242.268 13.2139
248.786 12.9689
247.679 13.2945
237.071 13.2631
238.757 13.31
237.941 13.2859
234.269 13.3515
234.41 13.1968
228.932 13.1516
231.556 13.0617
232.108 13.1022
228.692 13.0538
234.844 13.1142
230.092 13.1374
225.892 12.9492
238.708 13.1158
246.228 13.1314
243.941 13.0035
239.647 13.1953
234.801 13.1975
233.299 13.0491
233.093 12.9926
230.783 13.4273
222.536 13.6618
225.326 13.3743
229.282 12.8923
227.063 13.198
228.329 13.3036
230.967 13.1407
231.456 13.3225
231.637 13.5131
229.131 13.3576
232.112 13.2719
236.376 13.3344
239.746 13.0162
256.61 12.961
251.541 13.0494
250.289 13.2341
249.197 13.0569
245.54 12.8479
237.75 13.094
235.131 13.2429
233.996 13.4831
234.391 13.1497
235.707 13.1064
236.16 13.1385
235.332 13.0107
245.702 12.8964
250.513 12.8454
243 12.9043
249.47 13.304
250.089 12.99
243.739 13.3292
243.413 13.0413
235.467 13.425
237.136 13.4088
238.954 13.4224
239.968 13.234
240.07 13.1308
236.395 13.174
226.566 13.1938
224.043 13.2415
232.53 13.3344
226.794 13.3445
232.763 13.2231
229.982 13.1009
233.992 13.0403
232.485 13.5221
236.202 13.2932
234.886 13.3576
226.611 13.085
245.404 13.2092
240.645 13.3777
241.02 13.1574
238.733 13.2862
234.994 13.3864
239.146 13.0493
245.768 13.2455
233.427 13.1149
241.074 13.2972
232.502 13.3296
232.919 13.1656
234.913 12.8416
233.497 13.439
231.727 13.1369
236.101 13.2243
234.877 13.247
236.808 13.0824
245.233 12.9505
247.658 12.9213
239.788 12.9835
238.833 13.2755
233.873 13.1601
234.057 13.3548
233.091 12.9625
227.033 13.0773
235.217 13.1213
233.912 13.1303
236.362 13.1616
229.652 13.2009
226.598 13.2331
224.184 13.2499
224.13 13.2181
232.542 13.4091
228.369 13.4807
229.365 13.3789
230.536 13.3076
230.501 13.1268
229.893 13.2698
229.084 13.249
233.865 13.2594
233.348 13.1369
235.543 13.1983
227.332 12.8044
230.882 13.2068
232.697 13.2117
234.542 13.3407
235.212 13.3681
237.078 13.4208
235.43 13.1831
236.396 13.2899
233.211 13.0193
233.792 13.0173
235.702 13.3428
242.372 12.992
238.087 13.3604
242.981 13.0917
240.808 13.1713
235.481 13.2749
235.481 13.2731
237.472 13.232
236.015 13.2904
228.756 13.2025
232.472 13.3708
236.256 13.2662
232.562 13.0918
238.208 13.0653
237.351 13.2201
236.537 13.1119
236.601 13.2408
250.906 13.3775
244.398 13.1994
244.156 13.0468
248.778 13.1933
242.277 13.2133
236.648 13.2182
245.104 13.2841
236.3 13.0735
238.808 13.358
232.535 13.0322
232.399 13.2203
234.37 12.9803
239.283 13.2807
231.059 13.1613
235.098 13.13
234.98 12.9078
240.571 13.3081
245.675 13.1904
236.5 13.1714
250.673 13.3494
256.977 13.2714
252.119 13.3139
248.443 13.2379
254.155 13.2313
246.705 13.4178
253.092 12.8327
252.838 13.1466
239.853 13.2179
241.601 13.0549
238.203 13.1626
244.846 13.1286
245.699 13.0723
249.255 13.4672
249.255 13.1547
244.881 13.1383
240.088 13.3302
240.927 13.0606
245.718 13.0938
241.384 12.9159
238.72 13.0856
232.624 13.0304
229.204 13.0452
230.198 13.0779
234.97 13.2974
235.407 13.2909
231.086 13.2852
228.138 13.1291
225.601 13.2157
229.91 13.2149
232.898 13.2541
228.904 13.0709
235.249 12.9514
233.228 13.3664
234.879 13.0905
233.741 12.8175
232.714 13.0264
232.551 13.1189
232.466 13.2406
232.321 13.1852
232.246 13.1513
232.201 13.036
230.457 13.049
230.161 13.2151
231.466 13.0805
228.323 12.8813
232.421 12.9866
239.621 13.1469
235.759 13.3092
234.088 13.2922
231.827 13.1458
244.495 13.1771
242.072 13.0583
249.401 13.2212
247.399 13.2154
243.506 13.047
237.92 13.3694
235.003 13.1157
230.157 12.9338
236.201 13.1996
233.266 13.4107
235.641 13.1471
230.279 13.177
238.62 13.2115
237.324 13.2395
242.572 13.4372
230.635 13.5472
239.703 13.2146
242.088 13.2076
240.298 13.5073
232.435 12.99
234.953 13.0933
233.269 13.1467
235.904 13.1562
236.562 12.9485
237.758 13.087
239.201 13.1632
231.561 13.2713
237.148 13.2497
241.832 13.3354
238.77 13.5786
242.608 13.1885
232.133 13.1917
238.817 13.2105
233.397 13.0923
230.751 13.3251
224.687 13.2674
231.666 13.4049
235.768 13.2196
234.263 13.1818
234.742 13.0575
241.633 13.2519
248.539 12.9903
250.954 13.009
251.485 13.1208
231.345 13.3433
238.645 13.1781
240.388 13.3223
235.522 13.0108
235.052 13.0312
236.819 12.9507
236.859 13.5596
238.268 13.3293
237.821 13.0835
234.678 13.1513
230.625 13.0908
228.53 13.2555
233.614 13.065
230.009 12.8692
228.96 13.1493
230.331 13.0395
235.99 13.0514
231.214 12.9283
228.822 13.1846
229.88 13.2625
230.926 13.1983
229.546 13.273
236.6 13.2115
229.689 13.514
227.89 13.0795
232.347 13.266
229.028 13.1787
227.617 13.1488
230.741 13.249
232.132 12.8541
229.265 13.0964
230.053 13.0815
230.244 12.9213
228.75 13.4485
231.852 13.1025
240.542 13.1257
241.737 13.1686
238.944 13.342
235.481 13.0158
234.899 13.2338
239.707 13.2057
240.549 13.1196
245.926 13.3859
239.453 13.1842
240.046 13.0068
238.033 13.2279
233.02 12.9885
232.159 13.2453
237.644 13.3241
237.055 13.0805
224.29 13.1009
227.558 13.1968
228.922 13.0141
234.553 12.992
235.182 13.198
241.413 13.0495
237.629 13.2948
237.723 13.1808
242.74 13.2024
235.423 13.1171
239.931 13.004
242.151 12.9698
239.755 13.2955
236.473 13.2924
233.509 13.1224
228.125 13.1718
229.437 12.9451
230.927 13.3079
238.669 13.4355
237.185 13.1387
233.778 13.2151
243.061 13.3268
238.107 13.1495
241.061 13.0762
239.368 13.1716
247.371 13.2593
245.731 13.1133
242.161 13.296
246.159 13.0731
238.304 12.9465
238.547 12.9947
243.238 13.1135
249.091 13.1672
235.616 13.1875
237.969 12.9185
246.155 12.9396
245.433 13.2364
235.271 13.1558
241.685 13.1173
241.831 13.0449
243.912 13.2998
253.481 13.2052
253.481 13.1049
246.42 12.9676
254.389 13.4132
252.648 12.9151
248.581 12.8232
245.929 13.0349
254.958 12.9326
245.601 12.8148
247.894 13.0863
240.866 13.2515
236.069 13.1123
244.093 13.2889
243.952 13.184
241.02 13.1611
237.621 13.199
237.322 13.2378
240.369 13.1195
244.43 13.3449
240.775 13.123
235.491 13.2899
237.107 13.3189
228.11 13.4302
231.98 13.2928
232.681 13.3165
235.713 13.2039
236.224 13.0434
238.513 13.1859
236.169 13.3702
242.301 12.9008
247.784 13.1299
246.991 13.1892
250.038 13.0502
243.122 12.9741
236.602 13.2859
237.724 13.0194
238.52 13.0005
241.615 13.2432
236.226 13.0951
237.345 13.144
237.075 13.149
238.765 13.4559
234.318 13.0542
244.598 13.0392
242.59 13.3768
237.273 13.2906
236.872 13.1507
235.917 13.1918
233.568 13.1133
233.526 13.5402
234.563 12.8761
229.295 12.9588
224.687 13.198
223.885 13.2011
231.698 13.2415
230.241 12.8431
232.428 13.3818
231.298 13.2778
234.768 13.2032
239.434 13.2279
241.696 12.7617
242.542 12.9635
242.482 13.213
241.394 13.1099
246.655 13.2755
248.615 12.9524
244.165 13.1066
240.218 13.0409
237.872 13.034
244.2 13.2934
248.845 12.8748
251.684 12.8748
255.447 13.0371
249.79 13.0241
252.06 13.1572
246.391 13.1568
255.242 13.0641
252.508 13.3087
253.342 13.1829
239.388 12.938
242.5 13.005
242.628 13.0548
242.204 13.0413
233.463 12.9939
235.634 13.1379
235.979 13.136
240.537 13.1645
241.018 13.1564
234.4 12.9725
232.542 13.1006
225.087 13.066
234.776 13.1642
234.776 12.7899
238.238 13.1978
234.99 13.3002
234.99 13.2847
252.331 13.1645
244.577 13.2121
254.768 13.2413
242.943 12.812
243.145 12.8367
239.119 13.5912
237.352 13.0193
228.706 13.2029
232.995 13.2091
226.209 13.5261
233.2 13.2731
232.386 13.2702
231.814 13.2954
232.82 13.2916
237.054 13.2315
237.625 13.2182
235.052 13.2894
236.276 13.2192
234.362 13.0043
236.867 13.0661
230.945 12.9422
236.414 13.2217
226.494 12.9497
224.012 13.3859
231.138 13.062
233.765 13.1401
230.97 13.2428
236.383 13.2101
233.272 13.0923
234.638 13.1338
237.872 13.0991
241.076 13.0055
243.17 13.2682
241.044 13.342
248.646 13.2424
253.979 13.2065
251.484 13.2058
252.317 13.0044
256.36 13.0162
263.133 12.9735
259.001 13.1176
257.719 13.1614
262.652 13.0311
256.738 13.3894
259.003 13.0148
260.835 13.3242
260.835 13.0701
247.049 13.2567
244.352 13.2332
243.84 13.3113
245.276 13.2747
236.9 13.0793
235.797 13.3477
236.65 13.2759
235.983 12.9656
226.34 13.3057
227.847 13.4378
233.023 12.8102
232.195 13.2827
233.263 13.0326
234.007 13.28
232.553 12.9818
237.772 13.2299
244.778 12.9414
254.09 13.1552
253.527 13.2
251.502 12.9726
257.586 12.9487
256.457 12.9843
256.393 13.0768
252.61 13.3282
244.527 13.1633
251.081 13.2268
244.96 13.0159
240.65 13.0547
238.837 13.2367
233.209 13.1515
229.979 13.3572
240.043 13.0659
240.905 13.1798
232.135 13.1174
228.445 13.6738
228.492 13.0864
233.937 13.3368
233.891 13.346
230.894 13.278
235.134 13.1178
237.791 13.1101
233.403 13.2377
236.453 12.9891
234.398 13.3215
235.674 13.0248
241.113 13.1538
238.804 13.086
233.968 13.1385
237.907 13.0322
244.695 12.9827
244.331 13.1892
237.021 13.4232
236.339 13.2167
242.255 13.1717
240.252 13.2261
240.252 13.0603
237.794 13.0412
236.46 13.1853
246.894 13.4229
240.876 13.3382
239.676 12.9084
226.497 13.0362
229.967 12.7667
240.04 13.0357
233.12 13.2778
232.335 13.5193
231.579 13.4758
231.104 13.3087
230.898 13.0133
230.083 13.2829
229.32 13.2833
232.35 12.751
235.485 12.995
237.039 12.9823
238.459 13.1875
239.547 13.1634
240.471 13.0898
239 12.9864
240.407 13.1569
232.508 13.001
247.462 12.9233
237.197 13.1289
233.97 13.4842
231.559 13.211
231.838 12.9132
236.492 12.9743
236.001 13.2245
231.143 13.1966
223.828 13.0882
229.344 13.0977
228.73 13.0768
229.458 13.0134
235.841 13.0073
235.841 13.1187
235.157 12.9092
240.06 13.071
233.452 12.9415
233.697 13.2452
232.693 13.0625
236.876 13.1166
231.716 13.3555
230.917 13.0511
235.715 13.2585
240.097 13.2486
232.001 13.2468
236.085 13.3829
232.022 13.0863
236.238 12.8516
240.281 12.907
237.865 13.1279
241.396 13.0744
233.895 13.1922
237.924 12.9929
237.205 13.2253
235.165 13.2988
232.621 13.1134
234.58 12.9765
240.858 12.7555
244.911 12.9524
240.375 13.0396
239.866 13.0967
235.558 13.1647
232.636 13.1644
229.603 13.3099
231.843 13.2612
235.07 13.1637
232.902 13.1153
236.308 13.2517
238.022 13.1416
237.654 13.1597
237.36 13.14
235.612 13.09
241.143 12.8946
235.736 13.2325
231.417 13.4367
231.918 13.249
235.199 12.9555
234.728 13.1434
239.567 13.2545
236.371 13.084
231.827 13.2748
236.499 12.9473
235.179 13.2348
228.637 13.1502
226.992 13.2189
235.677 13.2275
233.912 13.1429
236.224 13.1153
227.304 13.1668
228.263 13.2625
229.269 13.3294
228.551 12.8798
234.291 13.1687
235.551 13.0395
230.306 13.241
243.546 13.1224
233.22 13.2062
236.327 13.0512
233.653 13.1558
235.091 13.1568
231.096 12.9302
233.456 13.0871
235.468 13.1159
237.134 12.9188
249.312 13.3531
238.515 13.3715
250.289 13.1221
251.187 12.9296
239.315 13.5836
241.808 13.082
244.402 13.0869
245.524 13.3228
247.562 12.9847
239.554 13.054
238.954 13.3661
245.217 13.5174
253.05 13.3497
237.849 13.0493
232.351 13.3039
237.372 13.27
245.818 13.0694
244.951 13.273
246.551 13.4953
254.747 13.0389
254.747 13.0089
267.75 13.1459
256.941 13.1122
254.13 13.1283
254.13 13.1749
243.295 13.3224
244.482 13.0856
244.119 13.2867
247.634 12.8095
250.025 13.3437
243.069 13.264
251.825 13.2012
264.706 13.0132
265.53 12.9679
254.589 13.2837
245.456 13.0937
251.151 13.0667
247.822 13.0594
256.228 13.2049
244.321 13.2658
236.481 13.148
233.815 13.1285
233.164 13.1608
232.777 13.0788
235.818 12.911
238.985 12.939
241.836 13.0813
245.521 13.2698
241.004 13.3515
237.293 13.2212
231.309 13.2509
241.997 13.0051
236.897 13.244
248.927 13.0131
242.113 13.0318
240.93 13.2711
244.826 13.2692
246.87 12.9508
238.815 13.0773
239.205 13.0845
245.058 13.0613
241.891 13.2648
231.606 12.7744
234.333 13.0356
234.932 13.3702
238.176 13.1629
239.293 12.8114
241.914 13.2238
236.016 13.1312
235.493 13.191
234.104 13.0841
238.193 13.1881
236.032 12.748
240.926 12.9983
233.194 13.2236
232.214 12.7657
229.981 12.8399
228.586 13.1216
229.253 13.001
235.319 13.0254
233.988 13.0029
241.111 13.3872
242.488 13.0797
236.763 13.089
237.396 13.5637
239.252 12.9151
245.061 13.2573
248.773 13.186
240.239 13.0137
239.962 13.3041
242.139 13.0726
239.296 13.2801
245.653 13.3249
245.446 13.3425
243.149 12.7933
240.026 13.3997
238.579 13.2768
232.186 13.2619
240.766 13.3076
236.093 12.919
243.91 13.1826
245.887 12.8491
241.335 13.327
247.275 13.0011
245.217 13.191
245.74 12.8926
235.388 13.1687
235.161 13.2562
235.708 13.3893
237.58 13.1848
240.204 13.4807
238.699 13.3606
238.26 12.9723
242.196 13.2306
251.853 13.1517
238.061 13.0798
238.278 12.8866
243.786 13.2463
240.196 13.2523
242.138 12.982
243.831 12.9689
241.012 13.1299
239.997 13.1647
244.954 13.1824
246.027 13.2522
249.153 13.1576
248.061 13.1572
248.061 13.0808
246.659 13.2834
240.518 13.2879
238.82 13.0813
236.898 13.212
235.991 13.0372
236.762 13.1821
241.075 13.1731
241.089 13.1628
240.291 12.9786
252.978 13.0468
246.445 13.0366
244.305 12.9049
236.445 13.0492
243.01 13.3728
246.076 13.109
246.076 13.1367
248.93 12.9679
254.216 12.9203
249.148 13.2073
243.403 13.2073
241.738 13.1281
242.276 12.986
241.527 13.1091
247.306 13.3653
248.413 12.9499
248.643 13.2209
254.146 12.9751
249.452 13.0771
240.091 13.0531
237.335 13.3164
241.042 13.2564
237.254 13.3997
242.051 13.0113
249.284 13.0076
240.33 13.2222
230.596 13.2298
238.801 13.3433
229.115 13.1263
238.715 12.9111
229.127 13.5551
232.978 13.334
236.802 13.291
234.388 13.2835
230.603 13.3641
236.586 13.0816
235.046 13.3029
234.506 13.1823
229.543 13.1546
235.632 13.1248
228.984 13.2971
229.676 13.1471
229.408 12.9615
229.186 13.0518
232.5 12.8853
229.595 13.1802
227.559 13.2402
232.821 13.1055
230.256 13.211
234.353 13.2861
233.361 13.2605
238.111 13.4904
230.885 13.167
240.508 13.0152
231.294 13.1061
228.913 12.9515
228.672 12.7838
232.245 13.3841
235.009 13.2358
239.71 13.098
236.422 13.1303
235.265 13.1726
235.579 13.185
232.236 13.3648
232.904 13.2314
232.392 13.3903
232.836 13.3431
240.089 13.33
234.423 13.4877
230.464 13.2807
232.366 13.06
231.565 13.2305
226.818 13.3286
224.745 13.0277
229.049 13.0067
228.235 13.0672
229.924 13.1782
232.386 12.9082
231.845 13.2141
236.5 13.1324
233.811 12.9734
235.698 13.2857
237.674 13.2316
242.025 13.1049
243.113 13.1856
244.203 13.1918
244.716 13.4096
247.818 13.3539
243.928 13.0924
242.761 13.3088
243.339 13.1895
241.178 12.9815
242.494 13.1514
239.819 13.1307
238.882 12.9772
239.816 12.9067
234.09 13.0676
230.416 13.1597
236.255 13.0966
237.34 13.0949
233.464 13.2373
235.93 13.0385
241.384 13.0947
240.495 13.1589
233.957 12.9851
232.908 13.0139
230.577 12.8784
231.09 13.4944
238.968 12.9091
235.247 13.2536
236.26 13.3588
228.741 13.2733
234.533 12.9677
231.618 13.0444
229.135 13.4046
228.042 13.1318
230.951 13.0995
229.235 13.0632
235.432 13.0527
231.6 13.0911
238.576 13.1403
229.168 13.0145
233.627 13.1904
233.561 13.1098
241.14 13.2079
242.028 13.358
239.832 12.9762
238.792 13.3236
234.785 13.2664
236.713 13.2836
238.867 13.3114
236.609 13.2872
232.774 13.2808
232.178 13.2772
233.474 13.2697
237.434 13.105
235.433 13.4188
232.988 13.2842
233.799 13.2229
233.65 13.3225
230.254 13.2579
229.811 13.0318
234.414 13.2852
235.585 13.2965
241.294 13.0533
241.504 13.012
241.519 13.3812
237.903 13.5226
236.863 13.4325
230.824 13.1812
237.361 13.2134
241.296 13.2529
242.288 13.1213
240.399 12.9421
235.51 13.2818
238.422 13.4119
238.483 13.0997
235.219 12.9235
235.474 13.0769
236.989 13.225
241.627 12.9262
235.853 13.0885
236.897 12.958
239.504 13.2735
237.185 13.3014
234.485 13.2948
235.495 13.2658
231.42 13.5575
239.408 13.2624
242.87 13.3912
240.521 13.1481
240.73 13.37
250.022 13.0228
252.118 13.2338
253.473 13.2826
237.152 13.1154
238.965 13.201
241.935 13.4881
242.92 13.059
249.057 13.0299
251.318 12.5048
262.722 13.0992
257.879 13.0666
256.908 13.1161
257.354 13.1604
252.59 13.2216
242.214 13.2443
240.45 13.0412
230.258 13.1202
235.82 12.6479
239.054 12.9487
236.515 13.1888
239.757 13.1872
238.885 13.242
242.184 13.3063
240.541 13.0779
231.606 12.8394
240.328 12.9492
247.223 12.9559
239.826 12.9432
238.182 13.026
247.206 12.8669
242.659 12.9095
233.23 13.3123
238.742 13.2777
239.718 13.2784
249.4 13.2945
238.695 13.0926
234.862 13.1129
232.512 13.1555
229.986 13.1387
229.788 13.0649
229.513 13.2364
235.647 13.2202
232.383 13.3777
230.904 13.3494
227.579 13.3006
232.387 13.245
234.064 13.2826
236.777 12.9565
232.715 13.2567
243.04 13.2187
237.428 13.1345
242.865 13.17
247.13 12.9784
246.203 13.2649
238.934 13.2936
239.638 13.1186
237.382 13.119
241.456 13.1542
227.739 13.2294
229.033 13.2416
229.846 13.2277
236.617 13.2655
240.833 13.1943
243.52 12.9725
237.957 12.8068
233.308 13.0843
235.266 12.9101
229.923 13.1146
238.155 13.1504
245.538 13.1233
238.252 13.1098
238.809 13.1233
228.43 13.305
225.953 13.1336
227.681 13.3214
232.283 13.018
233.15 13.1919
229.213 13.3095
230.407 13.2473
228.363 13.103
231.853 13.2137
232.455 13.2685
225.994 13.4142
228.011 12.9862
226.807 13.343
233.164 12.8774
231.138 13.191
231.714 13.24
231.063 13.1564
241.2 13.0816
244.747 13.0446
240.794 13.2332
240.536 13.3225
234.995 13.3989
241.894 13.0458
241.224 13.3051
245.409 13.1961
247.618 13.3793
241.078 13.0554
241.526 13.0941
237.2 13.1114
229.647 12.9961
230.887 13.1966
235.291 13.2222
233.597 13.3971
230.34 13.0735
234.887 12.968
232.509 13.1321
231.597 13.1168
234.613 13.4041
234.544 13.145
234.303 13.0328
243.681 12.87
236.157 13.1057
236.157 13.1053
234.632 13.0743
234.645 13.1137
234.856 13.1132
236.403 13.1495
237.297 13.2317
231.538 13.1756
236.017 13.2827
239.039 13.052
239.742 13.4496
231.856 13.2094
241.294 13.239
243.777 13.1729
246.997 13.2075
246.776 13.0228
244.631 13.0832
246.386 13.1639
243.629 13.2738
241.231 13.2748
246.331 13.2746
243.173 13.2986
240.674 13.581
230.788 12.9239
232.924 13.1732
227.289 13.1193
236.853 13.3549
239.216 13.3816
244.042 13.2974
235.723 13.3044
239.045 13.148
228.315 13.3397
232.506 13.5131
228.886 13.0513
239.681 13.0983
237.003 13.335
238.803 13.0687
238.891 13.0836
250.334 13.1798
237.188 13.3564
241.877 13.0745
239.314 13.0406
237.543 13.0615
237.209 13.1284
242.522 13.1166
242.991 12.9879
239.375 13.246
243.125 13.014
233.344 12.932
232.64 13.2208
226.868 13.285
233.363 13.2622
230.978 13.3589
230.471 13.2444
234.073 13.0458
233.064 13.21
233.206 13.3358
234.303 12.9415
230.355 12.9547
235.684 13.1292
235.758 13.3135
232.742 13.1781
232.982 13.1963
239.359 13.0421
238.373 13.0303
241.881 13.0783
239.337 13.0185
236.136 13.2909
234.198 13.3623
233.147 12.973
240.349 13.1455
244.924 13.3704
241.857 13.0802
243.226 13.142
243.94 13.2269
244.661 13.248
245.362 13.2079
246.268 13.2257
247.455 13.0003
249.024 13.2466
241.554 13.297
242.377 13.0354
236.986 13.0458
226.72 13.4053
232.554 13.1044
239.187 13.3018
239.708 13.3968
232.475 13.1743
238.525 13.4145
248.642 13.349
243.324 13.1278
243.894 13.0992
251.009 13.1508
255.488 13.2528
246.221 13.2657
248.784 13.1795
248.784 13.3313
246.682 13.0611
245.058 13.2268
236.416 13.2314
231.066 12.8065
232.282 13.276
235.461 13.1543
237.679 12.9217
234.649 12.9031
238.03 13.2623
238.164 13.2977
235.94 13.354
227.47 13.1724
226.236 13.3443
235.707 12.9543
232.368 12.9774
236.894 13.299
247.581 12.731
248.475 12.9084
250.02 13.2756
263.139 13.3852
257.999 13.2687
244.838 13.3025
236.676 13.1238
234.121 13.0694
233.671 13.0208
235.272 13.0351
228.051 13.2764
244.046 12.7355
243.478 13.1615
241.847 12.9207
248.279 13.4805
253.108 13.3935
249.664 13.1295
254.961 13.5708
247.179 13.2077
246.764 13.2251
253.617 13.0738
242.673 13.0327
245.179 12.9561
252.605 13.1538
245.746 13.1402
245.444 13.1244
244.989 12.9027
242.946 13.3179
250.18 13.2074
251.742 13.2036
251.141 13.1877
250.669 13.3363
244.47 13.2321
242.187 13.3143
246.318 13.0013
244.45 12.9674
244.005 13.0869
241.057 13.2326
241.147 13.2981
234.889 13.0958
240.292 13.2356
253.199 13.419
250.604 13.4062
248.938 13.3699
260.353 13.1637
261.446 13.1878
260.02 13.2638
263.848 13.1504
256.656 13.2216
255.755 13.2859
256.613 13.0921
246.207 13.077
241.772 13.1556
243.765 13.2135
243.837 13.0944
240.389 13.2496
248.943 13.3422
242.899 13.1538
235.328 13.1246
247.352 13.3583
244.881 13.0886
246.207 13.1888
253.189 13.304
246.302 13.27
239.94 12.982
244.527 13.1087
239.234 13.4418
232.685 13.0812
240.905 13.2391
239.238 13.0354
238.425 13.0234
235.959 13.2471
235.258 13.2903
234.347 12.951
237.065 13.3714
236.401 13.3801
236.81 13.2216
234.784 13.2799
237.417 13.0659
235.479 13.2183
233.498 13.0622
232.209 13.12
232.209 13.1571
236.3 13.1782
236.584 13.1452
245.27 13.0411
244.441 13.0408
244.515 12.9359
244.08 13.3117
233.54 13.0234
233.852 13.1452
234.407 13.1215
236.019 13.0365
238.788 13.0318
238.19 13.0312
237.759 13.1046
237.759 13.1499
245.394 13.0762
243.773 13.2688
233.266 13.0184
232.751 13.3128
239.196 13.3613
239.667 13.3226
233.535 13.3675
233.518 13.1779
239.534 13.1779
240.235 13.345
238.737 13.3133
237.194 13.078
236.708 13.1533
237.39 13.3021
232.779 13.1648
228.551 13.1608
233.489 13.1621
239.349 13.1688
235.929 13.0281
233.966 13.489
235.184 13.0391
240.772 13.2924
240.875 13.3143
239.553 13.4306
235.31 13.022
237.023 13.1833
240.923 13.2195
246.594 13.2851
240.314 13.0475
231.638 12.9475
250.597 13.2731
237.849 13.3069
243.367 12.9355
243.771 12.9882
245.101 12.9132
243.505 13.2772
238.315 13.2294
241.57 13.3956
239.799 13.0695
238.217 13.3158
236.665 13.2598
237.299 12.9343
240.062 13.1246
238.907 13.0011
237.653 13.0084
240.827 13.0805
241.8 13.2786
239.973 12.8475
240.082 13.092
247.532 13.1796
238.813 13.2159
238.562 13.1831
236.7 13.2249
237.708 13.2581
234.148 13.0872
236.576 13.1213
239.021 13.4169
233.139 13.3941
238.616 13.0104
235.509 13.0299
237.334 13.1612
245.192 13.0736
242.731 13.1822
250.461 13.304
249.241 13.0811
244.218 13.1445
243.783 13.2359
239.171 13.1072
239.439 13.558
235.755 13.289
233.45 13.3581
233.305 12.943
228.137 13.0808
229.575 13.1304
229.101 13.1333
229.229 12.9799
228.806 13.2708
229.459 13.0518
228.989 13.2393
228.842 13.135
225.491 13.1869
233.146 13.1964
241.812 13.2783
240.293 13.0204
235.958 13.1663
232.971 13.267
232.55 12.8561
233.714 13.4448
233.281 13.088
242.062 13.1065
237.248 12.8934
240.069 13.0169
238.587 13.1979
234.103 13.0588
234.129 13.357
235.323 13.2918
236.309 13.245
235.902 13.2439
239.185 13.0611
239.166 13.4936
230.266 13.2728
230.266 13.3068
237.017 13.4695
234.012 12.9492
231.514 13.2892
229.246 13.4651
233.244 13.0646
236.427 13.0379
235.81 13.2895
247.138 13.0689
237.269 13.1802
238.876 13.2029
240.361 13.1437
244.223 12.8921
243.416 13.0815
241.769 13.1717
241.545 12.9155
244.261 13.1233
236.132 13.1255
244.952 13.3281
241.511 13.0361
234.367 13.2192
238.573 13.2625
236.874 13.2196
239.282 13.1533
232.313 13.217
253.989 13.5536
255.095 13.3742
252.163 13.6009
258.111 13.3544
258.111 13.4696
259.01 13.2703
259.01 13.1103
257.629 13.0435
263.341 12.7259
266.643 13.0051
260.219 13.0204
249.665 13.3297
241.885 12.9424
238.897 13.2147
243.946 13.326
245.987 13.2349
252.747 12.984
249.899 13.3194
251.863 12.9186
252.64 13.1717
242.547 13.0127
252.84 13.1674
248.626 12.8522
241.639 13.104
241.141 13.327
248.416 13.2583
243.47 13.2364
248.384 13.2077
255.884 13.2104
254.38 13.1915
259.373 12.9777
241.27 13.0312
238.138 12.8503
238.614 13.0369
244.297 12.9264
237.83 13.458
238.072 13.0045
236.62 13.1603
241.868 13.2569
242.446 12.9723
247.675 13.1293
251.047 12.9881
246.72 13.0037
242.991 13.338
232.536 13.202
235.084 13.1419
239.207 13.1228
232.614 13.2284
234.518 13.0808
232.545 13.3177
231.679 13.192
234.332 13.4295
238.577 12.978
246.284 13.187
233.514 13.1443
242.725 13.1452
241.417 13.128
242.316 13.0567
237.835 13.3851
234 13.2281
239.818 13.0538
239.464 12.9798
233.266 13.0997
234.58 13.2168
230.942 12.8192
226.368 13.2697
235.316 13.2444
231.582 13.0263
231.319 13.0402
234.408 12.9352
232.039 12.9635
228.163 13.023
228.486 12.954
232.557 13.2508
237.353 13.0184
241.672 13.2775
246.647 13.5227
244.675 13.27
233.093 13.2869
235.255 13.301
232.003 13.4571
237.628 13.0835
240.344 13.1519
249.483 13.239
244.241 13.1959
245.869 13.1625
237.062 13.1811
236.874 13.117
246.597 13.0824
249.965 13.0948
245.575 13.2402
246.775 13.1402
245.554 13.3898
249.422 13.2766
249.377 13.1205
238.562 12.9443
231.513 13.1079
242.333 13.2144
241.519 13.1355
242.737 13.0419
241.172 13.1808
237.313 13.0366
237.766 13.1132
245.695 12.9762
239.085 13.1741
237.975 13.251
238.386 13.1325
241.446 13.1747
228.972 13.7691
229.777 13.2847
232.837 13.2471
234.611 13.2167
235.318 13.1426
231.535 13.1197
232.395 13.032
227.982 13.0572
228.044 13.2144
230.281 13.1758
225.848 13.4058
231.981 13.0431
231.735 13.3523
230.102 13.2779
223.438 13.2378
227.62 13.2561
229.59 13.2693
234.36 13.0359
236.079 13.0992
235.017 13.024
230.28 13.2106
226.989 13.5035
231.205 13.1373
236.605 13.3016
235.168 13.3016
236.301 12.9444
237.839 13.1575
236.132 13.1086
233.499 13.1551
239.017 13.3669
239.239 13.1963
240.323 13.0975
246.583 13.1001
253.225 13.1659
241.311 13.3385
239.197 12.9828
241.442 13.1101
240.048 13.0694
246.542 13.1746
259.533 12.8485
259.736 13.3857
262.03 13.024
265.576 13.0206
245.639 12.9498
247.328 12.9573
233.592 13.057
236.378 13.0808
234.45 12.9974
242.818 13.1125
238.406 13.4755
239.656 13.4615
234.709 13.0736
239.084 13.1192
237.737 13.4206
235.368 12.8737
235.455 12.9472
238.455 13.1675
227.342 13.0208
231.319 12.9306
233.901 13.3475
235.327 13.2648
237.248 13.2275
234.351 13.1997
235.776 13.1415
232.471 13.2094
236.461 13.1417
226.738 13.1168
229.041 13.3207
233.303 13.02
231.282 13.1813
234.6 12.9419
234.472 13.0274
234.967 13.1932
228.98 13.3384
228.765 13.3331
227.392 13.1024
229.742 13.1417
230.74 13.2755
240.756 13.1342
240.74 13.001
241.597 13.0927
240.307 13.2407
248.136 13.1182
231.196 13.1034
231.765 13.0642
232.379 13.1896
226.413 13.2296
227.557 13.1944
226.781 13.1149
242.323 13.2366
239.807 12.9158
240.491 12.9995
242.664 13.1096
244.923 13.1508
239.835 13.2871
242.363 13.1873
239.988 13.318
238.517 13.0668
238.51 12.9452
236.873 13.0784
251.768 12.9262
242.549 13.1373
242.741 13.2001
241.539 12.9767
236.571 12.7931
255.665 12.9476
255.665 13.0696
256.551 13.3527
241.744 13.1871
239.958 13.189
239.09 13.591
240.451 13.0535
246.74 13.1033
250.686 12.8853
257.449 13.1657
257.449 13.1088
245.872 13.2892
238.746 13.1086
241.677 13.5785
238.099 13.3727
235.907 13.1659
237.755 13.1281
237.755 12.9791
240.047 13.0874
234.939 13.1879
242.536 13.1618
230.398 13.3031
232.481 13.2822
229.552 13.395
229.277 13.1992
228.007 13.1525
234.417 13.1958
230.633 13.219
235.981 13.041
236.108 13.1969
232.383 13.0558
234.674 13.113
234.522 13.2184
230.625 12.9193
235.691 13.0893
238.247 13.1521
238.769 13.3587
236.856 13.17
233.367 13.4645
232.536 13.427
238.727 13.2255
244.668 13.5729
253.361 13.1621
247.698 13.0662
240.18 13.1099
239.728 12.9146
237.157 12.9682
231.741 13.0049
236.892 13.2604
236.003 13.3561
230.874 13.1912
234.819 13.2727
228.55 13.28
230.542 13.2407
237.349 13.3807
231.947 13.1405
235.4 13.2342
232.444 13.2093
234.431 13.0539
235.232 13.2152
237.748 13.0404
237.748 13.1839
239.121 13.2277
232.912 13.1818
233.093 13.2924
236.658 13.3478
240.967 13.1413
238.212 12.9318
229.49 13.341
233.316 13.0222
230.264 13.4474
234.294 13.3028
234.365 12.9475
238.609 13.2745
236.3 13.0204
240.426 13.079
238.871 13.0718
244.659 13.0187
243.895 12.9856
241.464 13.1076
241.464 12.9812
243.016 13.1271
248.18 12.8379
252.09 12.9362
247.498 13.1589
243.917 13.0698
245.616 13.4619
239.218 13.5032
242.474 13.2479
232.838 13.0153
236.609 12.9679
237.133 12.9656
229.167 13.2855
232.524 13.2347
235.24 13.1672
240.997 13.1016
241.336 13.2551
241.727 13.3561
242.155 13.0199
238.902 13.1546
229.606 13.1024
236.994 13.2247
237.405 13.0456
233.166 13.3571
234.838 13.2902
239.908 13.2937
244.663 12.942
241.894 12.9894
238.334 13.3769
242.799 12.8205
239.528 13.0112
237.123 13.1729
237.065 13.0656
228.574 13.1246
235.2 13.1221
232.335 13.2082
230.768 13.0391
234.771 13.0489
228.251 13.1537
236.965 13.1183
234.471 13.3433
232.352 13.3123
236.094 12.99
230.684 13.1051
231.898 12.9977
233.218 13.0808
234.078 13.1661
235.97 13.0228
237.555 12.8243
237.963 13.1947
234.439 13.1017
235.267 13.1578
229.631 13.1564
228.954 13.1207
232.783 13.2228
223.373 13.2421
234.792 13.0643
238.451 13.1295
238.781 12.9994
241.984 13.2777
233.215 13.4129
230.216 13.289
232.008 13.0945
239.425 13.0577
240.883 13.1035
240.498 13.3042
234.702 13.348
233.204 13.2876
235.789 13.2458
243.567 13.3661
238.516 13.1784
238.128 13.0372
240.323 12.9999
245.227 13.1674
251.938 13.2939
244.22 13.4865
241.548 13.2889
249.146 13.108
247.906 13.1713
249.957 12.9547
240.32 13.1607
239.438 13.1143
243.827 13.1042
241.77 13.0355
235.948 12.872
241.245 13.3394
239.926 13.5358
225.772 12.9817
218.785 13.1238
221.885 13.4237
230.515 13.202
239.7 12.9568
238.272 13.3561
233.344 13.3353
239.696 13.074
237.157 13.073
237.577 13.0485
234.09 13.1648
230.526 13.3794
237.337 13.1283
240.062 13.1314
241.562 13.3003
242.717 13.2075
230.095 13.0891
241.594 13.2473
240.883 13.3463
246.428 13.5146
246.016 13.2759
246.016 13.3245
244.29 13.154
240.039 13.2249
234.685 13.271
230.498 13.3151
229.485 13.3403
231.074 13.1276
230.578 13.6253
229.123 13.1624
230.376 12.9288
228.114 13.2319
231.36 13.4858
231.57 13.1534
229.379 12.9311
229.959 13.1599
230.334 13.0674
234.576 13.0431
235.123 12.9426
235.115 13.1311
235.308 13.2574
235.195 13.1312
238.489 13.0966
236.503 13.1459
238.253 13.1414
240.586 13.0465
245.046 13.0857
241.355 12.9464
239.884 12.9848
238.846 13.1691
239.369 13.1458
238.648 13.0556
231.421 13.0654
234.356 12.973
238.843 13.2126
242.934 13.3212
241.524 13.1917
243.557 13.1803
248.485 13.1627
241.127 13.2424
241.175 13.363
244.206 13.0842
242.067 13.1645
242.583 13.2497
244.169 13.3464
241.994 12.9332
243.337 13.3031
237.4 13.0591
236.457 12.9248
233.112 12.9661
231.782 13.2482
236.797 13.3128
229.89 13.0061
234.939 12.9504
235.563 12.9917
234.704 13.1373
237.237 13.0227
228.126 13.3794
233.03 13.2724
233.874 13.4994
234.169 12.8056
240.722 13.1478
238.262 13.1182
248.837 12.9922
247.632 13.148
254.673 13.3131
263.032 12.96
263.032 13.1743
240.334 13.1426
246.344 13.1127
249.853 13.401
249.853 13.0275
249.463 13.2543
250.458 13.2725
258.553 13.2695
256.365 13.1491
240.308 13.2653
243.134 13.1616
253.732 13.2696
247.316 13.2789
241.229 13.2072
245.188 13.2267
236.594 13.0233
238.914 13.4735
232.089 13.4062
235.519 13.2982
236.634 13.1008
240.49 13.2094
236.25 13.2954
234.517 13.2126
229.839 13.2905
232.891 13.1185
244.374 12.9182
244.782 12.8191
237.414 13.4141
237.796 13.5565
233.381 13.3223
240.426 13.3913
237.142 13.1364
236.67 13.0631
236.471 12.9736
234.108 13.0961
227.97 13.1633
230.839 13.2116
233.599 13.1816
239.208 13.1546
237.961 13.337
238.042 13.13
229.688 13.3881
236.066 13.2265
233.961 13.0651
237.516 13.2731
240.126 13.2138
239.049 13.1641
244.087 13.1327
247.263 12.8635
251.484 13.3236
240.043 13.2999
241.038 13.1168
250.739 13.0409
251.859 13.3109
255.264 13.3271
247.521 12.919
249.314 13.2818
236.413 13.1639
236.837 13.0834
237.663 13.1223
233.58 13.4047
232.149 13.2089
229.871 13.1666
234.442 13.3085
247.723 13.3481
241.701 13.2327
237.491 12.9819
235.518 13.1732
238.466 13.3513
242.204 13.207
239.097 13.2128
235.124 13.2366
235.256 13.2455
237.507 13.1164
236.267 12.8005
240.274 13.4509
244.113 13.1044
239.774 13.2955
230.901 13.4125
225.853 13.3637
226.381 12.9683
224.706 13.3177
227.821 13.2514
228.742 13.2685
233.205 13.2381
232.462 12.8878
235.055 13.0747
238.132 13.2154
233.326 13.1985
232.736 13.2143
228.24 13.2595
239.812 13.2126
237.614 12.9022
240.495 12.8879
241.276 12.9738
241.588 13.0429
237.69 13.0717
236.291 12.9988
238.468 13.1918
236.959 13.254
232.954 13.322
231.146 12.9872
244.519 13.3505
239.995 13.2872
238.484 13.058
241.27 13.0202
240.839 13.1737
234.258 13.2382
240.109 12.9958
242.133 12.9712
239.112 13.0147
240.83 12.9493
241.796 12.9223
251.862 13.0911
246.217 13.3513
237.004 13.1519
243.357 13.2006
233.247 13.1197
237.844 13.1606
236.734 13.1311
237.398 13.1465
242.931 13.1882
243.893 13.1301
242.825 13.312
235.166 13.062
237.641 13.2784
243.516 13.1874
236.776 13.1769
240.858 13.5239
247.076 12.9377
247.076 13.0457
235.733 13.098
232.245 13.3104
232.042 13.2261
230.716 12.9713
238.487 12.9088
232.864 13.2723
233.92 13.2339
232.779 13.4054
227.487 12.9536
235.039 13.1432
235.464 13.0561
231.478 12.972
229.597 13.148
231.458 13.1631
233.6 12.949
231.377 13.1068
231.368 13.147
229.752 13.0455
232.606 13.1448
235.243 13.2989
233.365 13.1206
242.211 13.0867
241.861 13.0742
237.91 13.1772
239.856 13.2666
235.327 12.9322
236.349 13.2082
234.936 13.1475
238.084 13.0601
236.478 13.2379
231.299 13.1327
236.497 13.156
232.757 13.1462
235.57 13.105
237.11 13.1235
230.05 13.1375
232.41 13.4336
234.673 13.2427
234.122 13.1093
235.823 13.0806
240.265 12.7399
234.748 13.2412
239.883 13.0625
236.696 13.036
236.737 12.9594
236.979 13.1576
236.734 13.0425
239.008 13.0838
236.037 13.3545
237.342 13.3214
235.756 13.2906
234.232 13.2592
231.741 13.0413
231.928 13.3063
234.237 13.125
236.741 13.1297
230.693 13.2581
236.798 13.1407
234.396 13.0523
240.742 13.0795
242.314 13.2089
238.603 13.1626
242.308 13.0816
247.275 13.2379
247.197 13.4101
248.553 13.5337
248.474 12.8811
254.472 13.472
244.979 13.299
247.323 13.2489
246.297 12.8674
240.884 13.1739
238.667 13.2794
239.058 13.2923
234.439 13.0509
234.717 13.2668
240.523 13.0998
243.43 13.1129
242.963 13.2214
243.481 13.21
236.544 13.1122
239.587 13.1288
238.494 12.9935
238.894 13.0762
232.57 13.1992
245.959 12.9742
247.137 12.7724
239.848 13.2893
252.852 13.2693
256.761 13.1755
238.862 13.064
258.042 13.2581
251.59 13.3247
255.326 13.0341
258.47 13.0497
265.965 13.0756
265.965 13.1101
265.965 13.1007
260.884 13.0808
256.194 13.2638
251.735 13.1837
246.404 13.2109
246.354 13.1891
248.564 13.2644
247.506 13.3126
239.825 13.0076
238.346 13.0546
236.964 13.0838
233.474 12.9986
234.96 13.3162
235.525 13.2943
236.814 13.1685
242.163 12.9794
240.185 13.235
237.18 13.3275
236.686 13.3012
241.989 13.3174
242.728 13.0804
237.245 13.1912
237.918 13.2441
235.065 13.3556
234.779 13.0859
241.25 13.4031
234.976 13.5742
235.072 13.2466
233.292 13.2463
235.079 13.049
237.512 13.5829
235.451 12.9965
232.943 13.042
233.21 13.07
224.232 13.0226
229.581 13.2663
229.86 13.6524
230.734 13.5744
225.948 13.0637
225.723 13.2142
230.135 13.317
231.338 13.3113
227.856 13.2623
233.234 13.4937
235.392 13.0112
234.64 13.2905
235.477 12.8965
235.285 12.9622
245.217 12.9206
240.421 12.9385
238.086 13.0877
239.358 12.9928
233.585 12.9844
241.668 13.3718
241.027 13.3385
241.764 13.1701
238.44 13.1876
231.28 13.0647
