60.5238 94.3459
54.8554 93.1341
59.0462 92.0137
62.3222 93.7566
58.6498 95.6594
59.2863 94.0396
59.0153 87.8525
59.5061 91.6829
63.23 90.5514
59.3153 93.6186
58.7482 92.0635
57.5489 93.7345
52.8338 97.0413
50.7928 97.9115
54.1387 97.8675
55.8113 97.0865
57.5718 97.0859
52.0509 96.7647
52.4603 98.0947
52.4603 103.066
52.7548 105.566
52.7548 96.8207
60.3227 94.098
49.4919 102.035
49.8718 107.772
49.1066 100.031
54.5035 99.4937
53.1601 99.8321
53.1601 98.9358
53.8352 98.4236
56.8118 94.1623
56.7162 99.1981
58.9652 95.6915
57.7481 93.5852
55.4525 99.7988
49.0713 101.479
56.5854 101.17
54.628 97.9598
55.2679 94.9443
53.6496 98.4394
52.803 100.226
58.3881 93.7431
56.2657 93.1941
53.611 95.5787
54.2778 95.3691
55.6645 102.196
54.4538 93.5724
59.3219 95.5571
59.3219 97.1916
44.6451 111.565
45.509 112.017
40.8909 108.221
43.6202 107.217
43.078 111.762
46.7373 102.168
47.2076 108.867
48.6335 97.4334
54.2149 95.1902
55.2148 99.181
50.9453 97.5845
53.1695 97.5845
54.6634 100.128
55.0605 99.1745
55.0605 92.1854
53.6164 97.5704
51.7227 98.3714
55.4927 95.8774
55.6576 94.1164
59.9058 97.3385
56.2458 92.7712
54.3238 96.6137
53.401 99.6547
54.9842 97.4334
56.2346 96.9737
53.3436 101.176
52.9732 98.6968
55.9483 94.3385
54.8225 96.6821
57.0852 96.5278
56.8845 92.9331
56.8845 89.6711
57.7213 89.6711
55.9672 92.9127
53.265 92.9127
60.0245 92.9127
57.4784 91.7048
60.9637 90.8099
58.405 90.823
61.4481 91.419
61.3982 92.5049
56.514 96.1995
52.2743 100.422
57.6278 94.3924
53.4448 95.9098
54.151 93.8857
57.8329 97.0886
59.7303 96.7005
58.5245 92.4451
57.8462 94.5363
59.2224 95.6067
55.4613 99.2089
58.8785 90.8414
58.6282 90.8414
55.6558 95.5023
54.4922 97.1174
61.0736 92.8651
58.4854 92.8651
54.6086 98.8251
53.3709 96.8621
53.9943 96.8621
57.9342 96.2598
58.0064 92.2273
51.4479 102.925
51.4479 105.136
49.9713 102.188
50.3195 101.79
49.3034 103.439
48.9698 98.403
55.8064 98.503
55.9522 89.8515
52.9026 98.0773
55.7565 95.8968
51.6353 101.472
54.9105 98.4563
55.619 92.6772
57.9831 95.7144
59.0973 94.512
56.37 94.4822
52.1418 96.2633
52.5444 97.0209
50.8757 96.6581
50.6206 101.86
52.2271 96.8073
54.9363 96.0412
51.9106 103.351
48.3368 103.716
48.1494 103.588
44.7619 103.129
46.752 102.85
48.7804 107.203
46.0037 107.103
45.8492 111.17
46.8551 107.348
51.2303 105.197
52.0609 101.484
52.9505 101.367
53.4632 102.633
49.9248 102.775
50.8062 98.9188
58.5499 96.0893
53.7596 96.9161
51.5273 98.4463
52.2905 101.592
51.1766 101.927
52.4373 103.697
51.0502 103.714
50.917 100.622
50.9798 100.947
47.4871 102.885
48.996 103.848
47.6703 101.722
42.5939 106.345
46.2796 105.031
50.2104 104.153
49.8363 101.475
52.1222 103.438
47.6489 103.438
48.7647 100.619
52.471 99.9939
54.4493 95.6177
54.497 104.388
52.7074 98.0534
50.3171 95.8364
49.5949 102.457
52.8765 97.8531
55.4246 97.2651
50.8294 100.57
54.1864 94.3502
45.7373 99.3687
49.2054 102.314
49.3353 103.688
49.7523 107.759
44.879 105.517
55.2253 102.187
50.9412 98.8832
57.5332 97.9217
54.6896 97.973
55.4997 99.5893
54.2907 102.728
52.4907 99.7279
49.9973 99.9361
45.4277 97.9922
52.1167 104.024
49.8266 94.6064
47.3875 98.1418
48.3257 107.893
46.7404 106.082
47.4857 109.98
45.1806 109.031
41.6367 111.241
40.8624 106.227
45.175 105.679
49.2966 101.437
47.2883 103.706
48.7261 103.715
46.3179 105.248
39.346 110.326
50.5706 104.504
56.1983 99.5981
53.3801 96.6409
51.9844 99.3647
49.1814 103.109
44.1716 105.952
46.6401 105.05
45.7246 105.106
50.7254 106.397
49.9431 100.102
46.1061 104.013
45.4379 106.442
47.8954 106.965
45.0411 106.429
50.2413 100.699
51.163 106.307
47.1441 100.04
50.3945 100.483
46.7435 101.395
51.7135 106.018
48.0236 104.134
57.4348 95.2726
51.1394 101.394
54.179 96.4921
48.9267 104.398
56.8774 94.3363
56.3289 94.074
51.5793 98.6915
53.7032 103.075
49.286 95.5163
58.0186 98.0467
51.4835 98.6962
52.8035 102.329
50.1044 101.546
54.0763 95.3018
58.6567 97.8016
57.0772 102.461
53.823 96.3131
57.878 94.6075
59.5746 102.433
59.3842 92.6644
61.2704 93.2139
58.5584 93.7673
57.168 93.4624
54.2307 99.8301
55.4863 100.076
54.4863 103.82
53.7559 98.6728
55.8152 101.313
55.2688 97.5848
55.6877 94.4608
58.7164 96.8613
64.5014 94.5476
51.6864 104.192
52.1513 103.244
53.2019 100.276
51.2955 101.986
57.1132 98.1454
46.3422 103.393
46.5573 107.007
50.8706 104.884
48.5436 103.828
51.7294 102.82
52.183 99.4014
47.5517 113.012
51.6171 107.223
54.4245 100.833
55.9594 98.7248
58.6221 97.6026
60.4717 91.8806
58.0633 96.3695
53.6595 102.111
53.9697 96.3729
50.2283 97.5479
51.8955 97.4832
52.7645 97.5399
54.5014 97.3255
61.1362 92.8381
63.4972 91.5982
57.8785 96.013
62.3191 93.0234
62.3798 95.5852
58.7866 97.6828
58.655 93.7971
55.9342 96.2966
60.5112 91.4729
57.9147 95.7375
50.9632 107.467
49.2753 102.548
56.2973 98.5433
53.6463 92.8565
56.6461 95.5889
58.6441 95.4579
58.8588 95.5061
53.6961 95.5061
53.6961 97.9897
55.141 95.8874
52.2032 102.399
51.2684 100.679
55.6905 98.931
53.7497 95.3035
51.012 96.1589
53.0381 100.336
55.002 99.1225
55.4533 94.3713
53.647 94.4758
51.7602 91.7588
50.3662 101.266
48.1918 99.5123
50.7321 98.1263
54.6196 96.659
53.512 96.6731
60.7248 96.3818
55.4294 96.8969
56.2075 97.371
56.662 97.4697
57.6567 96.8443
51.5021 99.0403
51.3432 95.9857
54.5411 92.8887
54.6561 95.0786
54.5329 95.5318
53.1264 94.2463
49.9311 96.0692
62.9882 93.7469
59.2247 93.1756
58.5963 94.0517
57.0124 95.2338
60.0866 93.8336
56.629 96.259
55.422 95.835
53.0137 94.7185
52.9503 95.7934
61.6771 97.6085
58.935 94.3263
57.4789 91.8506
51.0178 102.972
53.5512 99.229
56.4453 96.5358
55.1636 103.799
51.5199 103.347
52.1453 107.302
43.9676 104.54
51.9437 100.913
54.3887 98.377
55.3476 98.377
60.3326 92.7007
62.0986 95.3921
57.3466 99.9028
57.9124 97.987
55.2431 98.408
51.5002 102.621
53.1643 95.386
54.122 99.7363
48.3552 106.748
46.9252 106.238
51.3606 101.712
54.4837 96.509
52.6756 94.6521
53.3658 96.5535
53.4881 97.385
52.2271 97.8523
50.207 96.57
53.223 91.4843
56.7224 90.1364
54.5502 99.0343
54.9885 99.346
54.8437 102.659
54.4725 102.379
50.5475 102.035
57.1979 102.028
54.0762 102.377
54.0605 102.774
53.9375 105.347
55.5546 99.7747
54.8928 100.557
55.481 97.3003
55.2612 96.3039
55.3046 96.9941
53.81 97.7868
56.1538 94.8755
56.2807 96.6277
57.7053 100.367
54.4369 97.0239
53.168 100.182
49.5037 101.551
51.3672 105.672
49.8543 101.129
52.9836 96.0382
54.4641 97.4557
55.179 97.0404
53.1798 95.2472
53.0825 91.1251
52.8217 98.4453
45.7538 108.318
42.4101 107.709
44.4979 102.179
43.2682 102.278
53.6917 97.3374
49.0974 102.683
46.2554 107.149
47.652 105.897
43.9214 110.848
51.3282 104.504
53.868 100.745
47.7116 102.989
50.2434 103.857
53.7747 100.424
56.1732 96.3894
52.1926 98.598
51.2747 98.6591
50.8905 100.377
55.868 92.6757
53.6718 93.0693
51.336 94.127
53.5695 94.3921
46.578 95.598
50.3809 100.579
50.9177 101.832
52.1667 100.165
52.8978 97.5781
52.8996 98.0316
54.8701 98.3613
48.09 105.223
59.2206 92.1033
57.8427 97.1652
56.4745 93.617
56.1832 97.6
54.3936 100.696
56.9573 94.8495
59.0761 97.483
58.1938 97.8429
62.557 97.0406
56.9404 96.9277
55.2286 94.918
63.0836 89.8554
51.4478 105.512
47.8787 97.4955
49.6883 100.036
51.4126 99.8071
55.1899 99.759
53.7559 101.366
49.9175 102.827
54.434 102.339
50.7796 101.956
49.9209 104.128
43.7867 106.119
46.9178 105.527
47.4887 105.095
49.0236 101.242
44.1759 100.776
44.8228 102.898
45.5913 103.987
45.6464 108.955
43.748 108.787
50.2465 102.528
45.8086 103.918
48.2637 107.621
50.7497 97.5791
48.395 99.3816
52.6357 100.56
46.6068 101.937
47.5746 98.8263
51.3569 98.6806
50.5587 97.2449
52.9336 101.187
47.4684 105.08
51.2266 95.3402
49.2285 105.49
48.1516 100.56
50.6963 101.833
51.086 102.499
46.4307 103.713
45.4035 110.557
44.0329 110.258
42.4073 114.658
49.4733 101.558
46.5176 103.135
46.6959 104.958
51.9043 101.764
49.5581 101.314
46.1702 106.134
49.2137 100.472
50.8906 98.8047
48.9955 104.186
44.4294 103.264
49.8074 98.2059
47.6234 105.364
47.2812 108.312
52.4655 99.299
50.0128 97.1659
52.4954 93.5611
51.4459 98.7221
51.9295 100.891
49.0098 103.069
43.0926 104.616
47.2444 101.934
45.8511 104.418
43.5401 106.33
42.5215 106.524
51.9688 99.0343
56.7299 94.2121
63.2796 94.0808
50.566 100.897
48.9174 97.798
50.2793 97.0944
55.4601 97.2594
54.5456 100.965
60.009 94.6523
66.1446 92.1894
61.7928 95.396
52.5553 100.262
54.1983 94.6311
55.2615 95.0379
52.179 98.9747
56.7857 89.9091
57.7382 95.1465
55.5144 97.5749
58.0876 99.6204
54.1928 93.9693
49.4211 98.7967
47.2634 101.669
52.4938 101.458
53.0366 99.6871
52.2402 95.6734
53.8994 96.5255
54.5204 97.6902
53.0941 95.9911
53.7277 98.9728
54.5951 98.5186
54.8083 94.3057
53.0048 93.8863
53.6397 89.9385
54.4533 98.1487
55.1132 96.9185
57.0286 96.755
52.3586 99.4914
48.2178 106.875
48.5755 106.394
47.2934 105.008
48.8174 105.964
50.0842 98.293
49.9922 101.762
52.5985 97.7722
57.8216 96.1311
51.6229 96.0312
49.0276 101.507
49.6 104.442
48.1961 103.712
51.0956 102.552
52.7521 102.707
54.6091 95.9977
49.7352 100.638
54.92 100.184
65.8977 92.8304
61.3783 92.0234
60.7238 93.3626
58.2766 96.3785
58.2766 96.3785
58.2766 99.1965
56.8147 92.7435
56.8147 94.0626
58.1051 92.9086
58.1051 92.9086
56.1828 95.9387
58.5477 94.5628
58.5477 96.472
60.663 93.9461
58.5418 94.3964
55.9838 92.2802
53.7313 97.5149
55.6176 97.1294
56.3091 95.2693
55.6078 95.4993
62.4773 92.7641
58.0848 98.8895
64.4157 86.1093
59.7358 91.8059
55.1582 95.2425
62.9409 94.8584
55.4542 95.6203
56.0521 100.569
52.5369 99.3614
51.669 101.884
50.9323 99.6248
50.5614 103.148
53.5868 96.9666
49.3964 95.2201
46.3909 100.113
51.2719 96.5331
51.6838 90.5781
49.5941 100.982
45.1893 114.151
50.2629 97.0481
44.1781 102.347
49.0548 103.576
50.1082 97.4211
53.3843 96.6806
57.2597 99.4657
51.7868 103.654
52.4805 91.0629
58.8787 93.1342
53.108 97.7764
50.287 100.359
53.7853 101.663
54.2597 99.0831
51.0577 102.361
51.1101 104.842
50.1077 101.244
51.1215 99.1873
51.6935 102.247
48.5652 102.253
48.9715 107.412
54.6389 93.4962
58.2979 95.4829
58.261 95.8143
57.7283 94.2133
49.9643 99.2984
51.44 106.323
51.3493 101.203
44.6865 109.22
46.6107 105.67
45.4952 106.221
50.6253 97.3301
54.6425 97.0943
54.2906 94.5044
55.8287 94.8025
51.8722 96.7273
52.6837 99.5348
55.3665 98.926
53.7245 100.053
53.891 98.7077
53.7953 98.1277
57.8521 98.6695
54.2163 99.8213
53.9964 97.1797
53.6314 95.5005
60.2661 97.6326
51.9881 102.55
47.1955 102.902
48.1155 103.39
53.7792 98.7404
53.0073 97.3781
54.6205 98.1903
50.0345 97.9629
54.6543 101.753
50.8826 101.542
48.2142 101.846
53.205 101.528
51.4325 100.354
52.7159 100.202
48.7389 105.125
49.2016 102.139
51.424 100.775
50.8936 103.606
50.1827 106.096
47.9768 103.002
46.4891 103.907
51.4075 102.687
54.4123 97.3943
52.3644 95.8432
52.3644 104.443
46.7253 107.813
43.2841 112.224
44.8758 108.756
51.3048 102.655
54.0139 99.0925
48.1492 101.425
42.3403 107.306
43.3086 109.357
43.4741 106.647
44.5401 106.806
46.8775 108.027
46.8775 107.583
45.6038 104.784
41.5823 106.573
47.8638 108.087
45.7775 106.98
51.6905 105.336
53.4129 107.154
50.0665 106.197
51.7577 103.115
52.2149 100.699
52.1151 100.345
51.994 105.888
51.8437 105.619
48.6176 109.059
54.0745 100.116
60.1969 97.3205
61.3345 93.0083
58.6863 92.9858
60.459 91.7473
49.8773 101.203
51.0463 100.412
47.9645 106.365
49.566 106.285
54.1656 96.8933
56.6725 101.428
56.4199 99.7763
55.6261 100.961
59.8547 92.4037
58.429 88.7297
50.3324 101.012
49.9181 97.1357
53.5657 101.41
58.5103 95.6378
60.9348 95.1425
60.9348 95.1736
60.9348 96.258
52.5798 96.749
57.1377 98.9217
57.1377 93.0203
55.1057 105.122
52.3947 99.368
46.3434 108.565
47.6376 103.918
45.5503 103.285
45.5503 106.389
47.4051 104.078
49.946 100.149
48.7038 101.294
47.7236 100.89
47.0909 100.258
55.2305 93.0621
57.1769 92.9144
60.1179 92.9144
54.4099 95.0937
57.1205 96.6218
50.3678 100.027
52.3205 97.8788
53.2194 99.8564
50.9074 101.752
50.9074 101.515
49.2976 103.549
48.6421 104.666
49.5405 103.828
48.9628 106.142
47.7516 101.469
47.8008 101.256
60.6962 92.5664
56.2983 93.9613
56.7139 99.705
52.4908 99.5448
52.5329 100.64
51.8716 97.7429
47.8476 100.825
47.8476 102.537
47.9744 100.731
51.0911 93.9073
47.8358 97.3376
49.0447 106.282
48.0466 106.371
50.104 101.232
49.7719 106.246
48.6991 101.228
50.3153 103.186
48.2945 111.064
45.1172 101.92
55.0029 102.137
52.621 100.58
48.6674 98.7956
55.4088 91.2866
53.5346 100.983
51.1952 102.778
51.4834 100.345
49.8408 107.16
46.6044 103.814
50.2063 103.338
52.3188 102.269
48.7009 100.151
46.8959 103.333
44.6558 106.4
45.3936 109.303
44.816 104.652
50.5637 104.074
46.1185 105.165
46.1185 102.873
46.9497 106.339
46.1534 109.625
45.4972 104.013
49.8047 98.6022
49.3966 102.715
47.8226 102.558
45.3593 104.965
46.2663 110.067
46.9089 103.09
47.7252 102.688
49.2393 109.334
46.3747 105.983
52.0483 104.03
49.621 100.052
49.7918 101.195
49.8773 99.2334
56.567 96.7631
58.7364 95.1213
49.7078 105.573
51.2934 103.903
42.2983 105.292
45.7436 106.22
55.5478 97.3021
47.591 96.4484
61.0105 91.2292
60.6109 94.1151
52.3177 103.194
46.3805 103.192
56.4031 97.2572
48.9318 95.8071
57.4707 97.7566
60.2448 96.3858
46.6818 104.71
44.5754 107.573
47.8905 102.592
48.7866 100.909
47.4574 101.522
55.6746 91.3161
55.1573 97.4624
55.4611 99.7549
51.6046 96.0324
57.992 94.6476
50.6785 100.332
49.1329 101.041
50.6125 104.855
57.5393 96.0943
50.8203 98.3854
54.1532 98.3854
57.6886 103.144
64.1985 94.8689
57.6119 92.4757
51.0407 98.2962
50.2932 99.3954
51.0037 101.132
46.6456 107.912
56.9003 95.1176
45.264 103.966
46.4481 106.052
44.7951 103.817
48.9362 102.161
47.4992 105.136
50.0511 101.935
55.209 94.9104
52.5158 99.3148
53.8271 97.2471
49.8484 101.076
48.664 100.972
48.842 103.774
50.5267 99.4022
49.8181 99.8877
45.3212 102.958
51.4358 95.4662
51.0281 100.806
54.106 100.383
50.553 102.831
52.7586 100.74
43.6652 105.082
41.911 106.22
45.9538 108.457
47.9615 104.411
41.5299 109.874
58.6034 94.8416
57.4743 95.2594
52.8632 96.0713
49.6545 100.614
43.0299 105.997
46.1079 107.607
45.3363 99.3584
49.8658 105.236
49.774 103.798
52.4417 101.491
48.8 99.9736
46.5982 105.067
45.5575 107.207
55.8915 98.0919
50.0903 107.774
51.1295 98.0968
48.183 98.243
45.7735 107.898
50.5546 100.58
52.3802 99.701
54.6241 94.665
57.2449 98.5532
46.7813 111.657
47.8304 103.487
46.8687 103.719
47.3597 102.63
46.9716 103.998
44.3 104.505
49.1959 104.095
53.0602 92.8607
53.7183 96.8005
52.7198 96.4819
44.3429 105.976
47.5717 98.9099
51.1381 98.06
54.6693 100.741
48.9464 98.2515
45.3407 106.461
48.1411 106.375
50.2053 106.2
50.1504 98.1946
54.9748 93.5209
55.4592 96.0797
54.0889 97.475
48.9831 103.063
43.8472 107.201
44.0145 101.486
44.4803 100.891
46.8612 99.4309
49.7282 100.942
47.5776 105.956
50.2033 104.285
50.548 100.179
49.5303 101.063
50.2646 104.508
50.3657 105.321
54.074 96.9359
46.6775 99.4929
54.4889 99.7606
53.3395 98.1895
53.96 97.759
63.6395 92.4094
61.6122 90.8913
57.9257 93.4316
53.7891 94.93
52.1867 99.3041
54.2504 99.4267
50.5724 102.088
47.9284 102.092
55.7255 94.8193
56.6059 96.5369
58.4308 95.6165
51.8874 101.156
50.5595 95.1499
50.991 98.3991
57.1445 94.5783
53.5512 98.6671
52.2325 102.182
48.5998 106.324
45.9206 101.094
49.7815 101.434
45.4198 102.003
46.3678 106.611
39.7014 108.749
46.0469 107.274
42.4199 105.189
44.4825 107.285
48.8104 103.758
44.0584 108.895
45.1986 104.379
46.7791 103.523
40.7007 107.242
43.4176 103.911
46.2459 105.489
44.2834 107.705
49.2375 104.649
49.5207 97.9581
49.041 97.4584
54.3175 95.0431
53.0513 97.3506
52.3977 99.2123
54.3508 95.8731
57.2149 101.073
55.1759 101.129
56.1668 97.5356
55.8642 97.1043
45.4011 107.315
49.4462 101.626
48.5403 103.902
49.3634 105.351
52.0837 105.479
51.1058 101.342
45.3728 109.564
46.4775 108.333
47.368 103.059
47.5196 102.577
51.7525 102.306
53.1476 103.955
50.2803 102.009
46.4269 103.843
52.368 106.958
50.0107 106.974
49.5235 103.907
49.7148 95.4002
45.9783 105.575
54.0865 96.1456
45.8054 101.849
43.9155 108.371
43.4809 105.388
48.979 100.349
47.8858 101.403
51.2386 104.794
46.4357 100.447
51.0218 104.908
45.3523 101.243
50.1757 98.4093
49.3598 102.839
47.0205 102.477
52.8811 96.1327
50.2134 98.742
48.3275 99.8955
48.2627 100.273
49.6928 102.898
50.469 99.7657
53.3285 101.041
42.0308 105.681
55.6735 100.957
53.8229 100.387
52.8312 95.1911
53.4297 102.205
53.6988 99.1973
50.0627 101.62
45.9128 103.579
52.9682 103.635
47.2895 104.086
51.2941 98.545
50.6791 97.7216
50.5743 101.445
48.8903 107.376
49.9623 100.117
40.4648 109.892
47.6025 101.854
45.139 105.156
50.718 101.936
51.8303 102.614
44.5265 110.781
44.2419 106.351
44.6741 102.128
46.4389 108.074
46.4371 103.377
48.0377 99.3191
49.7176 108.344
49.6261 104.93
44.862 108.474
48.335 99.5596
42.3209 105.625
43.7201 110.233
46.467 109.841
37.368 109.163
48.6584 105.775
48.9372 103.098
50.0651 95.8101
53.0835 93.2888
54.2399 104.031
45.9864 102.2
47.6653 103.881
49.0383 104.685
46.0006 103.054
50.1794 100.801
45.1598 104.449
49.9566 98.4316
45.5763 108.729
42.6472 111.523
43.2444 110.339
41.1202 107.081
44.5847 107.443
44.7494 109.922
45.4564 107.892
46.0315 107.668
48.9771 104.017
44.3391 103.287
46.4432 105.603
51.5156 103.252
54.8877 99.4131
57.7191 95.5333
46.7826 106.045
48.4197 107.386
50.1217 102.941
54.8714 101.35
55.2882 98.1646
52.531 95.747
51.3945 93.9058
51.3728 100.602
51.7899 98.3394
52.1476 103.347
55.3478 99.026
53.8074 96.2331
45.4635 105.911
48.7614 105.335
50.4921 102.574
53.868 94.4639
54.3353 96.45
62.9676 97.0671
59.6252 93.5301
58.9345 103.562
58.8125 102.314
58.6735 102.035
59.2033 101.917
58.1569 101.842
59.5819 102.035
56.6633 98.5793
47.4367 98.9821
44.2034 106.506
52.7242 100.201
43.3671 99.1698
50.8136 100.057
46.9906 97.7787
48.8093 104.658
44.4978 106.061
54.2193 97.6634
48.6348 98.4775
48.6101 105.831
48.3955 107.313
43.9107 106.88
49.3928 100.924
47.8572 102.83
46.2712 100.519
49.1325 101.286
45.1166 105.983
48.0415 100.199
46.6526 103.004
47.2198 102.58
53.5178 99.3851
46.87 104.859
51.8093 104.755
45.6429 105.115
48.7616 104.658
51.6061 98.8523
54.2597 97.1361
47.1789 107.263
47.6527 101.661
51.5749 97.8907
52.2936 101.088
51.7847 98.6499
52.6366 99.4331
56.2229 97.3412
56.8724 92.3298
56.1556 90.9971
49.8552 95.6259
51.5303 97.2416
53.9101 95.1989
47.9247 100.408
53.4974 95.9333
50.129 96.1399
51.1289 103.471
50.0185 99.9964
49.5912 99.2276
49.6567 98.5352
47.9937 104.473
45.6475 108.593
49.5558 99.6584
51.8083 99.5498
49.5896 103.348
51.8434 100.44
47.9626 103.094
45.6266 103.935
45.226 105.985
52.3164 96.3732
48.4366 103.643
52.2473 98.2472
53.7319 97.5902
55.5664 97.8304
47.4099 103.686
49.0226 100.438
51.7532 98.9426
53.658 103.886
46.2649 99.6327
53.6087 100.611
56.4963 93.8309
54.266 97.9142
51.5415 95.9853
51.0749 97.741
54.7406 98.1567
53.588 99.9634
48.5191 105.707
52.6535 99.2478
57.4673 87.9546
51.4865 97.8148
50.64 98.8064
56.4699 100.335
57.2407 101.533
56.9301 93.879
53.6346 95.1736
48.3196 103.476
51.5623 101.67
45.6122 103.507
51.8024 101.661
53.8722 99.9203
50.0329 103.499
49.0715 99.0908
44.3562 104.856
48.1117 97.3656
46.4896 101.235
53.2625 95.9899
43.6376 111.501
42.4462 105.403
48.9745 105.343
50.3787 99.9597
49.4592 108.246
45.0785 102.483
44.9115 102.447
50.0149 96.1364
53.1704 99.2307
47.5954 105.603
47.8743 102.985
50.5402 99.2865
55.4375 100.313
53.7802 98.1919
54.8508 95.2939
49.7983 95.6101
54.1128 99.7928
52.9227 98.1348
58.2902 90.3579
64.3689 92.6119
64.2785 98.7662
53.5619 97.8088
63.4828 94.6095
49.5184 106.604
49.507 100.625
49.9617 98.0063
49.1669 99.9727
45.7754 106.443
48.222 99.9207
52.2178 98.5417
51.4573 102.125
49.797 96.6402
44.9481 103.235
46.5279 103.321
45.9335 105.803
50.8081 101.849
53.3632 95.1567
51.9214 104.847
61.8183 100.474
48.5016 100.81
43.7619 107.179
55.9567 102.125
55.9978 100.898
55.6499 100.548
55.0335 95.3204
53.6702 98.5025
47.8327 101.741
47.1217 100.185
43.2632 106.967
49.883 102.668
49.3883 105.136
50.1725 101.573
51.1601 98.6886
50.0235 99.7462
51.8267 104.367
46.48 105.221
47.9216 102.973
45.0762 102.099
45.4667 105.653
48.5485 100.677
42.6971 101.344
48.097 99.8177
48.7125 100.788
49.6937 100.653
49.8697 106.413
46.0928 103.358
49.2435 104.454
53.6231 98.5172
52.5585 99.602
50.1939 97.9809
51.2096 96.3193
50.4863 102.862
52.4476 100.337
55.7414 98.4928
50.2272 100.83
48.0156 98.7413
51.0045 95.9071
47.8277 99.7364
50.3625 100.448
55.2897 98.062
48.2437 96.9233
47.0655 100.592
49.5025 101.551
48.2686 98.8095
45.2946 106.702
53.7506 99.4347
49.5896 99.1538
49.1887 103.272
42.766 108.657
47.8481 106.184
43.7282 109.236
53.5971 98.0008
46.2345 111.304
51.6249 103.269
52.8352 104.98
46.8786 106.019
45.3004 103.476
47.0989 106.402
46.1068 107.219
44.1191 106.001
48.0037 110.305
49.8885 102.492
46.4555 105.937
47.4653 106.473
49.637 99.3891
39.9337 109.564
40.5508 107.109
47.3503 103.17
50.1621 105.482
45.9289 108.058
50.4679 99.6443
51.4688 102.932
46.8378 99.0387
50.7338 104.571
52.8964 104.84
56.0241 95.538
57.6875 95.0465
57.314 93.3477
55.785 94.0374
56.0037 93.7096
54.9277 97.4418
55.2059 96.5732
55.8946 99.0797
53.0483 98.4443
52.5508 99.174
50.7476 97.7202
53.6947 97.1306
57.3122 95.6702
51.2985 92.2048
51.9742 95.4818
51.6677 99.3208
50.8197 98.869
49.5452 101.364
55.2017 100.605
54.312 99.5609
54.6475 100.693
50.7936 101.52
51.6679 106.305
54.0317 101.109
52.6433 102.645
53.0313 100.391
51.0702 100.47
56.1778 94.5862
54.2929 95.6222
50.6498 93.6186
51.1208 103.913
53.3686 100.55
47.9708 101.468
53.0898 101.351
57.6907 96.2153
58.9598 94.2635
55.7494 98.1155
52.2163 96.0121
55.0322 99.6452
53.7948 94.515
51.7451 99.3342
50.8993 96.9349
53.8735 93.3121
56.1844 99.3635
52.6804 106.136
49.8485 104.599
50.068 102.7
51.3125 102.237
50.6567 106.54
54.4839 101.104
53.8783 102.813
57.7876 100.723
53.7751 94.6216
53.6443 102.988
52.5532 98.1048
52.3123 97.3984
54.0228 97.0547
54.6397 95.5604
53.2905 100.115
51.3371 101.767
49.1102 100.332
52.461 101.449
50.2172 106.214
52.4901 102.499
54.3935 102.025
56.1924 92.8035
55.4932 89.2237
48.4145 101.859
51.8631 102.743
48.2212 105.373
46.6055 108.349
43.0916 109.795
48.4736 102.496
53.7003 102.491
44.778 111.151
45.7554 107.345
51.7649 100.327
54.0549 97.9546
53.3754 97.4501
53.3299 100.975
50.1775 103.275
53.2982 95.5988
52.355 103.046
50.8892 93.4392
48.3699 102.754
56.1609 97.2213
47.0192 101.808
48.4961 101.804
52.1726 104.733
52.1387 98.4991
51.2187 106.283
51.3249 101.858
49.7001 103.988
49.2617 96.5029
51.549 99.2136
53.1035 97.7041
45.8012 101.71
53.1783 92.6469
54.1813 93.4873
53.3639 101.553
57.6819 89.7032
56.2175 99.1653
49.8448 99.9559
48.7802 101.274
41.6392 109.075
47.1419 108.592
48.1215 103.932
49.3926 105.935
46.9847 102.939
43.6572 109.947
47.4967 98.8562
50.5937 97.0635
55.2694 99.7622
51.7145 99.4311
48.7828 102.502
50.8532 99.3473
49.1527 102.129
45.4907 101.797
46.0986 104.29
50.0414 103.745
49.6018 101.214
43.4656 104.378
50.5331 99.8976
48.4833 101.905
50.9086 99.8319
48.581 106.675
45.448 106.899
44.3823 107.545
45.0561 111.154
49.3018 100.504
45.1168 104.338
48.2975 98.1294
56.5548 95.2787
52.6424 97.225
58.0414 95.5754
55.25 93.3349
53.2108 93.295
44.2636 103.859
43.6997 108.556
46.0376 110.197
47.4066 109.295
47.4066 105.012
53.4896 102.81
52.9093 97.6033
54.0363 102.102
47.5624 102.638
47.3533 102.999
49.6953 99.3766
52.3334 100.261
51.5626 102.824
54.4098 101.188
58.5208 97.3364
52.0553 99.1328
50.7225 102.116
48.6238 93.925
50.9386 94.7528
53.2142 95.4196
44.7875 104.728
51.5041 102.406
51.1636 98.0205
46.503 99.972
47.6374 105.305
45.7028 105.692
52.6605 105.805
48.5494 103.918
46.8654 103.927
51.5143 105.103
51.1557 98.8622
55.9876 99.4406
57.3862 94.5318
57.9341 94.3146
51.5221 99.0408
54.0629 95.2044
54.698 96.2224
56.0371 95.1037
60.7735 93.4225
50.1631 102.571
46.9589 102.986
47.6303 105.689
47.4957 101.599
49.2958 99.328
48.0174 103.792
52.3077 105.084
52.9888 99.7628
52.6662 97.1576
54.1073 98.1673
54.0706 98.0442
54.3055 100.264
50.5253 98.1571
52.7597 98.6473
49.4318 104.135
43.4809 105.948
47.9353 106.392
52.903 96.7313
52.7365 98.3767
52.3815 97.3203
54.3969 96.7038
53.2341 98.9614
47.9585 104.302
51.8701 98.7857
51.7508 94.9612
51.449 101.765
54.0897 100.436
45.0138 106.465
45.7148 108.117
44.2565 108.007
41.3052 108.152
47.2566 104.683
49.4137 103.64
48.9332 100.565
48.9482 104.955
53.5964 102.417
49.2679 104.398
46.3729 104.415
50.1268 101.57
45.5464 101.131
46.5787 104.418
57.6833 92.9889
56.0948 90.9199
55.252 92.8232
53.5225 92.0275
53.8721 96.473
53.6283 95.3956
52.2657 102.579
52.7202 97.6176
52.7414 94.079
52.5721 99.0706
52.6413 102.041
49.7325 95.4171
46.3883 103.447
48.6634 102.286
49.9786 106.625
49.7068 95.0846
48.6832 106.409
56.0771 96.5381
45.3691 105.629
48.3725 100.76
52.1428 105.164
43.0678 113.834
41.5764 108.669
41.5991 106.877
43.5135 113.913
54.7033 96.2707
43.334 109.702
39.1358 110.847
44.1208 109.538
43.0702 105.288
41.8422 109.911
52.675 99.0929
54.3022 95.4322
51.5232 95.763
48.4741 97.4409
56.563 99.9886
59.0709 92.6213
51.9572 96.1304
56.3427 94.8842
57.4777 96.1965
46.7226 96.5215
52.5961 96.1911
53.7284 101.537
54.3628 100.823
51.1158 103.023
52.1375 99.9527
52.4293 101.036
53.081 100.256
51.3023 100.256
52.2785 97.8446
53.6836 94.2275
54.7426 100.268
56.4782 94.5293
60.576 95.4409
60.576 89.7434
57.833 97.2871
57.5177 96.4496
57.5763 97.4471
56.9551 97.7077
53.7432 101.496
53.9647 95.0965
53.3585 96.2375
55.7952 98.3506
52.5462 101.546
54.7012 100.986
55.4618 100.402
53.3833 104.3
50.5192 101.117
46.3375 109.491
52.7943 102.822
53.7602 99.0008
61.7469 93.8021
55.3674 97.9539
55.0195 96.311
52.4956 99.0181
51.129 98.5378
50.105 106.155
51.1254 99.1775
54.0977 96.3957
51.8845 101.298
54.5753 98.5611
55.035 96.8011
53.7148 104.073
64.7769 83.891
52.1644 105.145
60.6069 101.475
53.7088 99.8233
52.8501 100.416
51.132 99.012
51.7468 103.04
55.3729 99.8654
59.4504 92.2526
51.6141 101.152
56.0831 96.8263
58.7681 93.4638
55.5997 97.9667
57.293 99.0374
54.5759 100.062
47.1752 104.03
51.0805 97.4952
51.0446 101.76
46.2289 104.698
46.6083 108.734
46.3244 104.905
55.569 94.3184
52.5012 94.3184
46.4339 98.2578
42.161 107.55
48.7703 107.983
46.9769 108.239
51.3352 99.4917
51.9879 100.58
52.4769 100.862
55.0954 95.7325
55.3259 96.1002
53.5444 98.796
47.2784 111.06
56.6826 95.9167
58.241 95.3062
52.6892 95.9699
47.5796 103.131
49.1202 101.095
50.7733 102.44
49.0381 103.275
48.8206 100.899
49.4683 105.347
49.3544 98.9316
53.0229 95.7642
58.3936 98.2458
54.9779 98.5697
55.9943 96.9138
52.9695 99.5647
54.7643 102.46
52.5041 100.274
61.0039 95.3684
54.327 99.1776
52.3945 98.2385
57.1103 101.638
55.9758 92.8667
57.0254 95.4364
55.833 97.9829
58.9842 97.1343
54.016 95.7071
49.7699 102.167
60.2618 91.7211
58.6689 91.0945
59.0382 94.6193
55.9831 94.1724
55.2058 95.9826
55.7259 100.374
51.0224 106.125
51.4115 102.566
49.34 96.8423
49.4017 96.4787
48.3391 96.0137
45.1066 100.875
47.8162 97.183
50.59 99.9461
50.7708 100.698
52.4011 97.2801
46.7677 97.117
46.4294 105.095
52.9408 96.5137
55.8118 98.1011
54.5473 101.497
50.3084 104.613
48.9646 101.016
45.1212 105.58
52.7376 98.453
55.4823 93.772
56.85 95.6025
53.2118 100.374
51.106 100.271
50.7434 102.423
43.1158 108.018
50.3344 98.992
47.074 103.781
56.0887 102.823
49.7861 100.837
47.9905 105.046
41.8663 109.045
43.7796 107.814
44.9849 107.771
49.1436 100.333
52.4064 101.397
52.707 100.608
48.2938 102.306
47.8731 101.041
49.5582 100.81
49.5795 99.6145
51.5882 102.167
54.0555 100.646
52.4946 97.0196
50.3293 100.115
50.9655 99.8106
55.2354 95.9227
54.0577 98.456
54.7618 96.0785
56.9412 92.9612
56.4065 92.9612
53.3411 95.4106
52.3826 99.2685
54.6783 98.5463
53.7814 98.5463
51.2121 99.9748
53.1595 95.7729
56.3228 93.1982
57.8169 93.1426
57.8169 97.172
55.391 97.3274
57.4984 98.7407
59.2746 93.5855
54.9436 91.3579
57.0898 94.8697
60.3759 91.7966
54.3802 93.4149
44.0513 104.242
46.8277 101.849
49.3487 100.387
54.0303 91.6142
57.1852 95.7944
53.8784 98.699
53.8784 98.699
53.2655 102.506
47.592 101.061
51.4454 99.3136
56.2663 98.8254
55.1971 92.8645
59.3515 93.8173
54.3109 98.9763
54.9277 95.9034
56.4526 94.8308
56.4526 96.2035
62.1027 88.1457
58.028 95.0882
44.9428 108.642
44.8155 107.414
46.0607 110.07
49.1988 108.411
49.1988 100.896
52.5932 98.209
53.2641 99.3068
53.2641 91.098
51.2443 96.4442
54.6527 97.8092
50.6807 102.851
54.1612 99.6898
52.5233 102.616
53.0168 102.289
52.0576 103.069
52.0576 100.865
55.2517 97.6392
56.3114 94.9077
52.3753 96.4048
53.2401 93.1914
55.15 94.5276
55.2549 96.0993
53.0986 95.9854
52.235 95.2144
51.5371 97.041
48.7511 100.466
48.8766 96.6626
48.9681 96.9296
48.5767 98.8748
45.9095 103.89
47.2268 98.9068
49.8768 101.577
47.7132 100.997
50.8878 102.408
48.57 97.9174
50.1203 102.488
49.9926 105.941
48.5 103.806
54.7382 97.2834
54.7382 93.7892
56.7665 95.9032
56.2103 99.6138
55.9838 97.1105
59.291 91.6918
57.148 91.6918
58.5683 93.6292
55.2071 93.6292
47.981 102.048
55.7336 102.625
55.3985 94.5838
53.8533 95.1965
57.6076 95.1965
52.8869 95.4884
53.1924 95.7786
54.7049 96.4226
59.4549 93.0143
59.0446 97.8733
57.8326 93.9054
57.8326 93.9054
49.1656 98.9016
52.6806 103.311
54.9232 98.4586
55.2941 100.987
50.1522 97.5926
52.9332 99.0298
48.0655 107.697
51.9386 105.045
49.9024 106.031
53.7336 99.748
53.8062 101.544
55.2863 99.2919
55.2863 99.2624
51.3433 103.763
57.7825 96.1
54.5281 97.9898
52.2322 97.1128
52.9936 92.396
52.7475 100.424
53.816 97.8146
50.3495 102.712
51.0616 100.637
51.0738 107.05
48.751 99.8741
48.9981 97.9685
48.6686 97.1991
55.0347 100.369
49.0166 105.604
50.3897 101.128
48.8438 101.491
51.539 100.282
53.5974 101.185
51.9058 102.524
50.5996 102.74
49.6179 100.455
56.5409 97.0255
52.2048 98.5215
51.5076 100.792
56.0192 100.792
51.5722 104.967
51.786 100.456
51.8184 105.067
55.4538 100.802
55.4748 94.2974
56.6263 94.1724
54.3071 98.2675
52.816 98.0209
61.4748 96.2355
60.5022 94.2643
63.4579 92.6012
63.4579 92.6012
63.4579 89.6824
59.9682 85.4787
55.4799 97.6138
54.6322 97.7213
52.3427 97.2632
49.3759 97.6819
48.6661 106.693
48.1999 105.925
53.0267 103.477
51.4232 102.772
51.8482 100.425
52.7907 101.295
51.797 96.3081
47.5883 98.1746
50.5018 102.204
49.1767 98.9048
51.858 98.6501
55.1823 98.6501
55.1823 100.377
55.1823 94.4593
52.8098 99.0679
62.379 96.5129
62.8961 92.8601
64.7635 89.7997
59.8939 91.7138
56.1696 97.9311
47.1085 103.226
45.8536 106.61
49.5077 109.59
46.2896 106.678
49.0678 105.34
51.5812 100.404
51.5812 95.0463
53.2347 97.0421
52.4345 102.946
49.0256 103.092
46.9208 101.604
51.845 100.829
52.1841 101.795
53.6473 101.821
46.9572 104.908
43.4577 106.834
50.8129 105.786
55.013 99.1346
51.0871 100.718
53.1658 99.7392
49.1318 106.155
50.0127 104.985
53.8751 105.563
55.3663 100.146
50.7899 102.576
53.5125 102.303
54.0547 99.9875
54.0547 99.4737
52.7436 99.093
55.1945 98.6189
58.1821 98.1637
55.5611 95.4468
58.3028 96.1121
61.4225 87.2523
61.4225 95.1581
63.2536 92.272
55.9699 94.1301
58.7791 95.2344
53.1545 96.7709
52.5674 96.7709
51.6936 97.9349
48.452 100.922
46.5416 103.14
46.4935 106.568
46.5197 107.244
49.0984 99.2193
54.2998 97.0336
53.55 97.0336
53.3308 96.2837
56.9003 99.5539
52.5085 102.274
50.8811 95.58
52.1465 96.9604
55.1274 97.539
54.5992 98.3012
52.7329 93.488
52.3196 97.9018
51.549 93.9177
51.9312 102.495
56.4005 96.3721
56.0777 95.8938
53.9387 98.1188
57.383 93.5502
57.3405 89.7115
60.4067 89.7115
60.8784 90.6882
61.8137 90.2037
60.5777 95.6877
55.0834 95.6877
53.5132 98.0384
54.1939 95.4196
53.7481 95.4196
49.9746 101.605
52.5114 103.129
52.7475 105.128
57.0689 92.6016
57.2703 96.8983
56.2552 99.2722
55.62 101.907
52.0551 100.549
57.1636 99.4425
57.5756 99.4919
57.5756 96.5393
53.8799 101.403
52.4843 103.322
54.2078 100.253
52.2639 95.7405
53.6491 98.7419
52.7986 101.747
53.7763 104.248
54.0518 102.71
51.5843 96.9126
49.5031 103.509
47.8735 98.4715
48.8826 95.8247
50.0766 97.4034
49.1589 101.85
50.9332 101.006
53.0428 101.069
54.7414 100.843
55.2776 99.3858
55.488 101.676
54.801 100.429
58.2732 101.51
60.2665 91.4693
61.8841 91.4693
60.7584 92.3505
54.5543 96.0257
54.5543 92.4365
57.695 94.5285
56.0566 96.5161
57.2419 94.6959
54.6518 97.3428
54.3241 98.094
55.2728 98.9979
60.8974 94.3259
59.5449 94.3719
56.6977 94.3719
57.9576 96.1556
54.9782 95.5099
53.6142 96.3915
54.0806 99.7883
55.4282 97.4607
57.2168 94.0574
58.6493 97.3943
54.3109 97.5522
48.676 105.114
45.758 107.167
44.7008 104.962
52.1276 90.1731
52.1276 96.3003
49.2569 106.905
50.0712 104.122
50.3894 102.467
51.6938 95.0144
51.5328 96.6073
51.6177 96.6044
55.6607 97.6811
51.1153 101.815
50.8859 101.414
53.2648 101.777
53.2648 101.777
52.335 100.5
55.1175 95.3629
55.212 96.6937
54.3367 97.0608
56.9447 98.3734
59.3087 94.8505
58.3615 97.9226
59.2799 96.0443
59.0967 97.0788
55.6006 99.6727
53.5086 95.7376
55.4117 100.834
53.2556 106.815
52.2891 98.3561
52.6767 97.2488
54.5176 95.8244
48.7066 108.731
48.3677 108.005
47.9221 102.181
47.6343 98.7905
46.9353 98.7268
49.7393 97.9911
50.3688 100.134
52.2011 102.643
45.275 109.095
47.2733 103.855
45.2954 102.921
45.684 103.642
49.2703 102.327
50.0786 95.9509
52.1293 103.381
48.1064 96.3301
52.5599 96.197
59.8353 98.4003
58.4406 94.0859
61.7012 96.5407
57.8709 97.3466
57.8709 95.4334
56.4374 96.2001
55.0504 100.999
56.2402 94.518
54.967 98.6929
59.5304 101.015
55.2989 100.689
55.2989 100.689
55.5286 98.8203
50.9467 101.089
53.6149 101.089
50.2974 106.361
51.7543 99.6123
54.9363 93.3913
56.1567 98.8872
54.546 93.3481
53.8343 96.5087
53.7826 99.7485
58.8579 96.1447
53.758 94.0919
52.1185 101.126
49.0776 99.2798
45.7092 109.049
45.6692 108.386
43.2528 106.442
45.8635 105.915
48.0027 101.419
48.0917 102.589
50.6293 100.086
57.5257 99.7469
52.3317 99.3893
48.8931 100.564
51.2045 100.133
56.2651 88.7778
56.1514 97.9291
53.663 97.9291
57.3895 96.5274
59.3097 97.7197
54.4502 96.7588
56.0953 98.008
55.5615 98.6357
55.9424 98.2218
55.9502 98.9454
56.7653 99.451
56.7663 93.8262
55.1005 96.421
59.5983 95.2998
52.7824 102.74
50.0204 106.108
51.0584 105.183
55.1451 102.822
51.0562 102.991
50.2168 103.255
50.3424 105.496
52.5505 105.496
49.4338 101.267
49.1958 100.585
50.7921 99.9007
46.6486 108.119
45.2907 105.531
48.6564 103.701
56.556 101.223
50.918 101.223
54.1694 101.276
53.3805 101.68
54.9032 102.763
49.8949 100.257
49.4589 102.927
49.3024 97.5129
54.1174 98.0816
51.1022 100.218
51.8584 102.553
46.5416 105.502
48.9021 105.275
54.4586 96.7319
55.2009 97.6411
55.2009 96.1983
52.4932 105.194
52.4932 104.894
53.7218 98.4682
53.7081 98.4682
59.6295 95.8293
58.186 94.0629
51.2614 98.3682
54.4868 96.3629
54.1684 98.4182
54.0283 98.9661
55.2092 98.9661
55.8998 96.6181
54.5607 97.9515
51.6294 98.3621
50.5765 99.3212
50.0633 104.453
47.7706 100.84
48.2627 103.556
49.0863 101.356
52.4783 100.489
53.1987 97.3189
54.2697 99.7016
51.7721 99.96
55.0181 98.9508
58.9158 95.048
57.6883 95.7763
56.5985 95.7979
58.4529 96.0589
57.0218 95.6165
53.266 96.0864
56.1523 94.8929
56.9416 93.2076
57.5945 97.3291
54.7474 97.1068
54.159 98.9332
55.8341 98.657
55.0439 99.7618
58.0421 96.1002
59.2308 93.0663
58.0304 95.6271
52.5374 95.9653
55.3172 92.8328
55.3172 100.442
55.3172 98.6096
52.4397 98.9783
54.4076 92.3946
54.4076 99.8719
53.0401 98.3256
54.629 101.925
53.2333 95.936
57.7151 96.1431
57.2103 94.4301
56.9969 91.5514
56.7447 95.1817
56.7447 95.2497
60.7758 89.968
59.391 90.8633
56.4552 90.1102
60.4982 88.9379
67.1154 88.9379
67.1154 89.7934
65.2894 89.3275
65.2894 89.4076
59.2264 91.7324
59.8796 90.3294
52.8755 90.0359
51.0842 96.7237
54.2784 101.316
54.7421 93.3727
55.8456 93.3727
55.9658 97.1074
55.6456 96.9609
55.3986 92.3965
61.1763 91.4972
60.2149 93.1588
56.8256 93.1588
56.8256 93.1588
58.3729 93.3143
56.7031 97.3069
56.153 101.375
54.3595 99.402
58.8427 97.4551
58.5482 99.0451
57.8768 94.6517
54.1727 94.8483
53.9387 97.7619
57.9686 90.4302
57.9686 90.6697
56.9386 89.9189
55.5398 98.2114
57.1907 95.2284
57.1907 97.3199
60.6508 88.891
59.6852 89.4462
56.9153 89.4462
55.1803 91.3919
56.9224 95.0474
54.4885 93.8209
50.3612 100.297
53.4792 99.9878
51.0976 100.666
51.8818 101.625
52.6826 101.625
57.3622 105.267
52.2709 104.952
50.6389 105.381
48.5261 101.976
50.3417 101.8
53.436 98.6073
53.2466 98.5781
53.2705 96.9253
52.4111 96.8354
54.0621 97.6063
52.7701 97.4364
51.1396 97.1513
54.4135 95.56
55.9066 96.9824
53.9327 93.4716
54.9992 94.556
55.6469 95.5304
58.2948 97.4553
56.6858 95.3214
56.4508 97.1853
56.8482 97.931
56.8482 97.931
61.0762 90.548
61.2747 90.548
54.6144 93.9905
54.6144 94.159
55.4007 97.669
60.7794 93.7566
55.8789 97.428
54.4138 98.6143
52.3996 101.875
50.7422 102.412
52.2867 103.749
50.8403 100.104
50.9695 99.9369
57.5764 98.0493
57.3209 97.1613
55.9327 98.5117
56.3516 97.0413
54.383 95.7042
48.0498 99.9203
51.4842 99.9203
53.3932 99.3401
49.5407 100.507
49.6807 101.228
53.353 99.8134
53.2693 101.037
54.4205 101.57
52.3088 101.721
52.0855 103.638
51.0369 103.638
52.4152 96.2058
50.5202 99.2726
54.8334 96.6376
55.502 99.6018
58.7483 97.1533
56.6537 96.812
57.4554 94.3764
57.1575 93.337
55.8406 93.337
55.9883 93.337
55.3636 95.6031
59.6517 96.2999
55.5459 92.2914
57.6623 93.1349
57.6623 93.1349
57.6623 97.3552
51.0141 97.3552
51.0141 102.355
48.8194 101.353
51.9448 99.6273
54.0267 94.0799
54.0267 96.7286
58.1619 92.7918
50.8704 98.6904
60.6857 87.159
54.3283 94.9233
42.6244 105.502
53.5095 93.5399
42.9318 105.208
44.0663 106.924
52.093 107.443
48.6734 100.08
48.732 99.6018
49.4908 104.312
49.7741 100.223
51.8675 98.7246
51.4025 99.5709
51.0646 102.735
50.9752 100.254
49.4255 99.5753
49.5756 100.505
49.7446 96.7095
47.7705 101.808
42.036 110.702
48.4756 104.857
46.9225 105.853
53.3536 97.6787
53.4603 98.7421
53.9736 100.234
52.6613 97.7167
49.5943 105.876
47.6809 97.482
46.6517 101.358
47.072 106.794
48.2936 100.925
47.9404 102.733
49.4759 102.431
48.5188 98.0473
54.2531 100.317
52.6779 95.3894
47.0722 101.731
54.0455 97.6791
51.153 98.9913
45.2036 105.629
44.0672 108.977
44.6713 106.961
49.622 105.041
52.3411 105.779
49.4044 101.804
46.3255 105.16
51.3631 105.548
53.569 99.084
54.1113 102.523
57.6978 95.0868
47.1287 103.542
47.4286 99.9382
46.5712 107.351
47.4938 107.165
48.1543 96.5254
53.0658 98.8135
54.8585 101.008
51.2538 100.277
51.4049 101.018
51.2609 101.781
54.0652 101.157
49.6647 100.503
54.6355 100.801
54.6355 102.443
48.1691 99.792
47.9313 102.662
47.2266 107.679
46.4184 105.554
45.8305 103.035
46.9119 101.986
47.9291 101.803
51.7664 101.566
54.9066 102.075
52.4519 102.081
50.2551 101.631
48.7427 102.08
47.7052 103.986
44.919 107.647
45.2452 102.568
47.711 100.248
52.6601 100.78
48.0628 101.28
48.427 103.257
54.0615 106.101
45.6979 105.23
45.4768 102.013
45.0736 99.5173
45.671 106.855
51.1241 101.643
54.6356 97.419
52.4024 98.9535
49.9675 96.494
48.0609 103.727
48.5626 97.6533
50.5174 103.018
47.8889 106.177
45.6784 104.805
43.3935 108.779
42.2365 107.873
53.9531 91.7637
51.7982 101.456
48.3387 103.208
44.0289 102.581
55.1125 102.79
51.0343 97.3268
46.4418 103.293
46.8221 101.611
47.1574 106.183
51.132 99.2154
53.5775 96.8886
45.0448 103.941
44.3904 106.122
46.4909 104.96
47.6501 107.147
49.6258 101.96
49.3873 102.862
45.3583 103.508
45.4651 104.33
40.7529 104.995
48.1724 100.608
53.0386 104.375
53.6373 101.518
55.2149 108.462
43.4743 110.681
57.2164 98.3768
44.9157 101.675
47.4756 104.512
50.6625 103.173
49.8272 99.299
46.1151 100.957
49.9681 101.384
46.4104 95.8438
56.0564 97.0901
50.1214 99.7494
43.8975 111.085
46.7228 105.209
45.9121 103.401
44.7386 104.748
44.2784 101.069
44.5696 104.929
46.6241 99.4781
48.539 101.034
49.8197 103.926
52.888 102.331
51.8543 96.6212
57.1037 97.2923
53.9105 97.2262
47.9006 98.9599
45.7435 105.476
44.9027 110.347
45.9235 107.518
53.1503 104.426
45.5861 100.184
52.3947 96.7187
54.2039 96.7307
50.6191 104.642
49.9815 99.0031
51.8755 99.3671
51.4337 99.2547
55.1361 98.0566
52.8948 98.929
55.1815 98.6958
53.5684 100.669
45.3362 106.442
43.9619 105.51
50.5662 104.65
47.3927 100.783
47.5034 100.839
50.098 100.993
47.944 101.558
53.6341 96.3341
58.7347 92.3738
56.9567 94.2842
55.5896 95.8223
55.4025 93.8562
42.401 102.347
43.5205 103.907
44.6151 105.91
45.9764 104.655
48.4247 105.047
52.8876 105.159
50.2062 101.573
51.2289 102.366
53.2503 99.9815
54.2061 101.033
53.4489 96.9346
51.6858 103.308
46.2508 105.089
51.9478 96.1451
51.8988 97.5915
53.6065 95.2423
51.5382 98.4436
51.5382 99.9113
52.318 100.032
48.3166 101.013
44.1687 102.486
45.2027 102.71
52.3965 101.278
49.0785 101.891
45.2726 108.634
46.2447 107.601
43.3163 107.402
46.2222 105.654
45.3366 105.488
45.2179 107.558
48.9365 105.163
47.023 103.899
49.7835 104.548
51.0609 105.368
53.6769 93.8432
51.6831 100.603
46.2475 103.46
45.2765 107.407
48.5726 103.945
40.7198 105.541
53.695 104.058
47.0764 107.266
46.96 107.083
41.8826 110.537
43.6947 102.57
49.4396 97.2094
46.7535 99.2486
44.2221 100.835
48.8639 103.738
46.7348 105.224
48.7777 100.412
47.0578 101.904
49.4828 102.786
49.7245 105.567
51.1631 96.6441
47.6237 103.405
52.0095 98.2445
48.99 103.261
48.0393 94.9801
57.8877 91.2508
58.1516 94.1123
53.5441 97.1965
53.8463 97.0283
52.8491 95.2777
50.0109 102.441
48.7529 102.419
55.965 94.8288
57.4095 100.94
57.6835 95.3687
57.3282 101.822
51.3932 105.553
51.4524 102.998
51.4466 100.893
51.0686 103.955
50.387 99.5677
51.1323 100.736
48.9827 101.716
50.4202 99.8096
49.864 98.2584
48.0149 102.614
46.4453 102.478
49.4273 102.351
45.7744 103.432
46.7875 107.073
47.0519 103.678
46.4779 105.107
46.9582 98.4629
45.3533 105.231
48.1098 101.477
49.2662 99.8272
56.9458 100.477
58.3385 95.4397
53.0527 98.559
51.4833 96.3531
57.3373 91.8917
57.7853 92.8458
49.9541 100.191
47.8318 101.413
52.1319 99.2451
50.7079 98.1533
51.6834 99.6975
44.8458 104.08
50.3235 101.798
50.3026 100.06
51.4965 100.825
52.3554 99.9773
52.393 99.7589
48.189 103.2
48.4406 105.348
48.8407 104.293
47.7669 103.753
49.2373 101.872
49.3184 101.464
45.0598 104.448
42.3882 107.493
45.0251 105.058
48.1847 100.02
47.2953 104.255
45.2383 103.692
47.783 102.668
50.0752 96.9381
50.4198 105.594
52.558 98.1278
48.4744 97.1988
58.4239 92.4393
60.0964 97.7129
52.519 97.9332
47.0378 101.935
42.3506 107.575
48.7447 105.809
45.2302 103.309
47.7319 105.346
45.3785 100.476
44.9528 104.83
50.4119 98.8389
51.2963 98.7538
44.2361 99.7498
52.3723 99.0137
49.2141 105.212
51.1656 100.263
49.7968 98.1613
50.556 101.472
49.4136 105.155
51.339 105.103
49.8314 107.204
46.4497 104.654
47.7759 102.062
43.5099 103.749
45.0661 108.564
43.9456 106.379
46.1151 106.444
49.7997 102.752
48.7754 104.097
49.6299 107.089
46.7971 102.928
52.604 98.8303
52.0564 97.288
47.2089 102.679
52.2241 97.5698
54.2698 101.26
49.0143 101.599
46.607 100.24
49.8733 100.45
46.6449 101.113
46.6449 99.1536
46.897 104.766
48.598 98.6042
51.571 102.63
46.7127 107.083
48.4312 99.7259
50.378 102.332
48.757 100.367
47.9798 106.901
49.6893 104.933
49.0108 98.0035
47.97 102.213
47.3303 107.093
48.2207 100.591
54.2794 96.8757
54.0228 100.214
47.7865 102.565
47.6013 98.5798
49.0265 101.65
51.3837 98.7747
52.7197 102.436
49.4319 99.0368
50.4383 103.754
54.4715 105.479
48.9008 102.102
52.0424 104.288
52.911 94.3815
49.9323 97.452
46.149 108.764
45.7476 103.936
50.7343 103.807
47.2125 97.8466
53.1175 95.5161
52.012 96.3099
47.0442 105.866
49.5421 103.483
48.2058 106.021
51.3947 99.7076
53.1028 100.507
50.0032 101.826
46.5669 107.313
50.4263 101.817
46.2717 105.94
43.9978 104.737
44.2484 105.781
44.1771 103.539
50.0948 98.98
50.4217 95.225
50.58 109.44
45.6916 99.9906
52.0826 100.003
52.1092 96.9697
53.5195 98.3905
51.4648 95.631
52.2716 102.017
46.601 105.434
47.944 103.094
50.3505 99.8908
49.606 101.579
48.5032 96.8934
47.4753 99.2441
46.5758 101.336
46.5452 98.7802
46.5825 101.784
46.6846 98.1896
46.6283 105.639
43.7632 111.045
49.1512 101.075
51.5952 100.142
50.0123 98.123
51.0159 99.7154
54.6986 96.348
52.3273 97.9801
52.659 98.3916
52.6758 94.8461
55.9971 97.4951
53.2431 101.204
61.9259 98.4612
52.0741 97.4847
48.211 98.5199
49.561 103.143
46.7391 100.212
56.6018 99.9057
54.5788 95.8074
49.377 103.935
48.0676 105.27
53.0316 101.342
46.1462 101.305
51.5964 101.684
50.3307 99.0105
46.5447 104.874
43.0446 105.313
46.5319 103.101
47.3437 100.513
49.2968 102.122
46.2583 103.411
44.114 107.739
46.9086 105.232
47.6176 104.916
43.6697 105.349
47.9533 100.87
52.2449 103.112
47.1884 103.709
46.8134 105.605
46.9299 105.582
53.4086 99.063
56.2518 98.4572
53.7753 102.435
58.3153 95.4766
54.3623 95.3237
48.9427 103.687
50.4925 101.183
48.6884 99.9244
53.8653 96.2366
53.0885 95.1284
49.9866 98.6316
50.0207 103.699
50.9789 105.545
53.0715 100.185
49.7682 100.99
53.8159 98.1947
54.8129 97.6809
52.7214 97.1016
51.1171 101.952
50.9625 99.418
48.3101 103.874
50.0034 98.3161
50.6719 98.5332
50.9936 99.0697
44.6225 99.844
50.9505 95.9047
45.0892 101.197
52.2865 96.2723
53.2188 104.028
41.8139 106.799
44.0775 104.927
46.8316 101.093
46.967 99.7018
49.8965 95.7019
44.9215 103.525
43.1921 108.034
43.5955 109.773
47.7149 101.005
49.7355 101.976
51.4664 100.27
51.6067 100.161
53.5189 96.0116
52.2753 99.3958
54.4604 94.2342
49.2787 101.493
48.2344 99.0462
49.7971 100.142
49.0108 100.475
44.4393 101.153
52.6449 101.41
56.2429 102.061
50.5595 103.016
48.128 99.1556
50.0771 100.822
49.0894 106.793
44.8368 108.357
50.4634 100.366
49.4605 102.419
52.8227 97.4156
53.3363 101.138
50.5428 106.696
52.4587 94.6212
47.2937 99.9019
49.1222 98.374
52.296 98.8556
48.2401 101.483
49.7877 105.068
47.6549 102.003
45.5775 104.025
48.2673 103.393
45.8339 107.413
47.8936 106.619
51.4493 103.517
47.2081 103.688
48.5648 110.246
48.0804 103.847
53.327 95.1496
54.2648 97.1623
48.5329 97.8228
53.4449 104.331
52.3718 104.444
50.333 99.1784
45.0271 101.436
44.0295 105.532
46.1262 108.271
42.9955 109.804
48.1869 103.149
48.6627 102.688
48.7087 101.661
48.7656 98.6487
53.093 99.6704
47.5737 99.3972
51.5741 100.311
50.9662 98.7173
49.9304 102.281
46.6972 102.722
42.1217 104.904
45.8168 104.62
53.891 96.1468
50.1858 99.1453
45.9555 100.583
47.2645 101.282
45.4721 101.336
50.8155 99.6998
52.6847 101.128
48.0776 102.748
48.206 97.0064
50.8993 100.731
50.7032 100.252
50.7032 98.9102
54.2446 89.9839
49.0257 98.6665
49.0881 102.78
48.5731 101.095
49.1828 101.191
49.778 97.7434
50.9096 100.346
48.5559 101.463
54.6239 101.356
51.753 93.648
58.373 96.0621
50.7556 98.6867
48.5943 104.103
54.3666 101.324
43.1666 103.61
45.0051 101.423
49.1622 106.48
48.2954 97.7188
42.9265 103.074
48.1067 108.101
45.9929 105.616
45.9337 102.002
48.0323 101.277
48.6767 99.6472
50.6134 101.072
50.9343 98.9102
55.6128 94.9356
51.8482 100.115
53.5694 97.9145
51.2464 104.326
50.9721 99.0131
42.6913 100.318
48.7024 99.9366
52.6254 105.482
45.6241 106.592
49.4796 100.994
44.1658 105.81
43.5388 106.051
48.982 102.474
50.4254 102.414
43.8379 102.655
44.855 103.534
50.9631 100.943
47.9522 102.362
45.1775 103.151
45.9358 102.458
47.4317 99.309
44.1507 110.168
42.0239 103.696
47.4233 97.8149
49.4467 105.767
51.3159 99.3471
47.3774 100.846
50.9796 98.2906
47.8049 101.642
55.9801 98.8823
55.9686 100.201
53.2264 97.1369
51.6204 100.237
52.4385 104.864
56.0842 96.7792
55.8538 100.317
48.8611 100.812
47.8788 101.692
46.895 108.02
42.7471 107.83
43.7124 103.762
42.6737 104.096
45.0497 106.093
47.9919 100.18
58.2409 101.621
50.0666 100.257
49.2686 103.523
44.3328 102.947
48.9997 97.4513
51.9098 101.19
49.4784 100.708
50.0924 100.135
50.1824 97.6267
53.5149 98.9639
53.1538 97.8403
47.4672 102.718
46.6258 102.503
52.1183 99.5456
53.4175 95.5822
52.6757 97.7609
50.6315 97.6101
52.1452 98.987
53.2618 100.495
55.8357 93.4978
55.186 97.7953
51.1148 97.9345
55.4448 96.2646
52.2397 100.675
53.4899 95.8195
51.1688 94.7505
51.8145 101.386
52.4803 107.763
48.9922 101.107
51.4014 100.188
53.5073 102.634
42.7897 107.042
44.3705 105.035
55.5163 95.0445
51.5722 98.4021
49.9164 102.812
53.1764 101.514
56.3522 101.337
51.8499 101.992
56.884 95.2038
59.3587 96.6468
56.0708 96.2755
54.2827 97.5845
52.6547 94.6221
55.7358 94.9492
62.4204 94.9037
60.6643 97.0897
57.5144 91.6409
57.2254 95.2861
54.7982 95.5301
54.0756 95.8996
53.0463 100.886
48.275 101.931
52.0086 97.9533
58.4154 87.6385
56.1814 99.5619
53.7671 102.011
49.6445 102.344
47.3824 103.356
49.5194 100.355
53.5597 100.2
54.8234 97.6057
59.6126 87.5345
55.4113 92.9997
54.9739 93.7662
58.6968 94.8202
62.7602 88.2753
53.9839 96.5222
52.135 98.6402
56.0831 96.2822
60.0294 89.628
58.0923 91.9497
53.2523 101.997
54.9716 102.156
54.3363 97.678
56.6804 93.0106
59.2177 92.3314
53.5137 100.086
54.9576 102.189
54.2203 97.4247
54.004 100.757
52.4985 97.2014
58.9351 92.708
58.3962 95.0619
58.0181 91.7484
56.5366 93.1144
54.8558 95.4429
52.9793 101.618
52.3991 101.301
53.0637 101.009
53.8746 98.267
52.8487 100.767
57.9201 97.3625
59.7555 89.3938
52.1782 95.077
54.1846 97.6404
50.4995 98.3572
56.6229 99.0185
52.3202 98.5708
52.7963 100.794
52.3005 101.52
51.4087 102.423
49.9481 100.97
55.1539 94.1094
56.7293 97.2776
61.1533 97.7725
56.425 96.1398
49.502 102.88
52.7129 100.138
52.3452 97.3277
52.5022 96.9646
52.3335 90.4697
52.9746 100.348
52.5212 93.7036
57.2347 94.5004
48.898 99.2556
52.5919 96.4335
53.2138 97.2217
47.8453 103.172
50.4719 106.022
49.5708 103.095
55.6667 99.3573
58.6761 97.4085
49.5525 96.1283
50.8717 97.8189
51.5864 101.779
50.8532 99.5478
48.8781 104.055
46.9231 103.377
48.7462 103.363
50.4364 105.435
48.3501 108.074
47.4717 101.517
51.0309 100.331
49.7946 97.9083
54.9623 98.2896
52.5336 97.3324
52.8724 96.3288
51.6939 96.6865
59.5364 95.5496
53.256 95.1286
52.2612 92.1799
51.9663 103.385
48.9416 101.011
52.7198 95.1015
53.4779 104.192
53.2194 100.345
51.3268 100.66
51.3571 102.678
51.0724 97.3441
51.0615 101.369
52.9697 103.328
52.9697 100.952
50.4934 98.5208
53.2203 96.9042
51.9858 100.021
52.7917 96.6049
53.6265 97.9485
53.0786 95.7305
56.1817 97.1734
60.371 93.5448
59.6384 97.2968
49.5736 99.1474
53.1273 106.201
52.8099 100.473
47.231 102.233
50.3763 102.756
48.8017 99.5951
49.5129 101.168
50.6044 100.745
54.8071 99.2382
55.6558 95.2311
58.9139 94.776
55.4717 100.15
52.9835 97.9417
47.302 104.376
50.1405 97.5881
48.0115 100.478
44.6202 103.358
44.1135 105.024
42.5405 107.419
45.9607 106.298
47.4268 98.9188
50.1945 98.8946
51.9521 102.78
52.1837 96.738
47.9039 101.637
53.5619 99.1295
49.4915 100.572
50.5417 96.5156
52.5863 98.2792
50.7053 100.784
48.8 99.1145
48.8 102.324
47.541 106.162
46.4258 106.238
46.6811 109.557
55.1384 100.471
48.5392 101.604
51.5072 99.7687
45.2254 105.902
47.4713 104.13
48.6289 104.614
48.4167 102.202
51.0963 98.3382
56.5242 93.0667
52.7033 94.6843
50.9974 100.479
48.6708 102.169
51.2096 99.7994
55.6668 96.316
51.6128 99.4108
56.3823 100.183
53.6198 99.4452
53.2259 101.36
50.4514 104.529
49.51 100.162
50.5433 99.9378
50.8676 99.6856
48.7561 100.874
52.8513 100.284
54.8281 100.192
55.8676 98.9771
58.2522 95.1949
57.6078 98.6949
57.0902 97.5702
56.6627 100.191
56.0018 92.8523
56.5783 94.6076
57.965 94.5066
51.5755 91.9835
58.5766 93.0446
58.975 91.8173
58.6501 90.9749
58.3739 94.5124
45.3764 104.706
44.9785 103.751
50.0649 106.605
47.1199 106.392
54.5007 97.6721
52.3443 99.6027
52.8307 101.579
53.576 99.6594
55.7725 96.4084
54.2359 94.8141
59.05 97.776
49.7284 99.5004
57.8737 92.5548
54.411 95.6118
53.9462 102.836
51.223 100.425
52.2516 96.2098
49.7711 97.7855
53.7947 98.5675
54.3618 100.184
49.1782 102.156
49.174 98.8646
53.9385 101.827
55.5004 94.9212
55.4958 99.4651
55.3198 98.2396
55.5661 96.8438
55.6821 94.7177
56.4576 92.5114
58.7209 97.8872
55.4317 95.0821
61.7648 95.2507
53.1138 94.2572
50.813 100.412
54.1594 99.0119
55.333 100.604
54.1581 97.4386
58.1958 96.7877
59.0436 86.5567
63.635 89.2416
66.1796 86.5034
53.2502 95.7696
58.6375 96.3088
56.8837 92.5752
52.8012 97.9106
56.0209 98.9012
56.5581 97.3207
57.3282 95.4088
54.917 97.4881
53.3914 99.6262
51.1024 96.9357
51.41 99.2475
58.1345 97.1938
60.552 92.7364
58.5938 92.7811
53.4386 97.1147
53.6631 100.156
53.9063 100.203
56.414 99.7867
56.1502 95.7919
58.5272 93.1063
56.8402 93.3559
56.0208 94.2369
54.4199 94.4894
55.7124 99.2197
56.634 97.0704
53.2201 94.5426
55.1562 98.9878
53.658 94.5027
53.7765 97.6036
48.3475 105.068
47.7726 101.321
47.1016 102.271
46.8297 99.551
48.2581 99.5661
49.5672 97.598
53.6724 95.077
52.4972 97.2556
50.2625 93.5422
52.338 95.6413
53.9058 102.403
59.3943 95.0948
59.2058 90.6807
56.7694 94.577
53.2733 99.6414
51.0314 100.945
51.3685 98.3835
51.3934 97.8631
51.2778 98.394
50.3047 101.524
53.5531 103.109
56.1027 95.4296
53.4962 103.188
51.5191 100.939
49.4222 104.096
53.108 104.514
53.3437 98.7741
54.9091 97.279
52.6404 97.5561
51.1979 97.2129
50.9473 97.5458
53.6496 99.7822
46.9735 108.174
51.1264 102.98
44.1917 109.069
49.6207 107.588
48.7358 106.181
47.1453 104.797
53.3136 104.075
50.4931 102.699
53.2472 103.037
53.263 100.817
54.9471 103.179
46.2237 108.095
47.9905 103.536
48.0213 101.524
53.942 100.201
53.5925 99.323
53.4163 96.5527
55.2311 101.709
57.2847 97.1825
55.0632 97.2906
55.5675 98.3292
56.2045 96.3189
54.7391 96.5892
54.7391 97.3784
58.6871 96.5863
56.4824 95.2132
57.3792 93.0133
58.7455 96.7602
56.8276 92.4584
58.0248 92.9931
57.8926 92.9922
57.6245 87.5754
58.3275 93.0671
56.2036 93.0671
55.7124 94.3041
55.7388 95.6261
50.7363 98.1292
54.7149 97.0654
57.396 91.0171
50.9895 101.131
45.467 108.327
50.1034 109.399
54.5309 98.8908
51.6119 104.264
49.2672 102.467
48.1113 104.537
51.1637 100.547
48.3307 102.554
50.1579 101.687
51.3332 97.4347
47.639 108.718
48.9528 100.87
50.7405 99.8073
51.4878 102.435
53.045 100.342
46.5918 98.2896
50.7905 95.0216
48.7013 100.515
54.4452 98.4041
52.6721 95.0447
45.4069 98.8389
48.5444 101.448
53.8264 96.9424
54.5381 96.4454
50.2444 97.0021
47.0797 101.367
53.1987 99.9479
54.3037 104.749
51.8299 97.1498
51.8299 98.7635
49.4542 99.061
50.073 98.4828
48.5757 102.946
51.7545 99.2058
57.1106 90.4686
54.866 94.1839
55.2281 94.5397
54.1389 101.942
52.7085 100.971
53.8092 99.9916
54.4072 101.723
55.8576 95.9811
63.0301 94.7327
62.6887 86.7858
62.23 89.7647
59.0229 89.9941
52.7689 105.323
50.9554 100.939
62.205 89.5974
57.719 93.7254
56.0529 97.7763
58.4504 98.2274
51.8085 99.6747
51.7549 99.0613
46.6476 100.55
46.4617 97.3053
45.1494 105.106
45.1494 103.337
52.3106 101.314
51.4508 101.592
51.4508 102.416
54.4878 97.7657
50.7997 100.417
49.8564 98.5094
47.9958 106.424
47.1225 102.307
49.066 103.007
53.3488 97.7009
52.7193 96.4065
54.7576 98.7611
57.974 96.7176
54.3587 95.4053
52.5495 100.129
53.2689 96.5964
53.3773 101.871
49.5665 100.731
56.1743 99.8924
55.0315 100.947
53.1588 100.036
52.9174 104.065
50.1025 103.895
47.2873 105.078
47.3543 105.36
49.8682 100.279
50.1787 103.31
50.1966 102.176
50.4417 101.085
49.6366 101.215
47.3718 103.545
47.0721 102.585
48.1746 102.752
47.6955 103.259
42.9819 101.167
39.8466 107.038
40.5209 107.837
41.7184 105.311
51.9176 95.8234
58.1404 101.028
53.2458 96.7852
59.9536 93.7646
58.2136 89.704
55.0216 98.1647
54.9647 98.115
53.5724 97.962
51.1345 96.2299
55.3158 96.7084
52.5752 97.1317
53.2472 100.35
57.3864 95.2123
54.6953 106.418
62.3817 89.3963
55.4031 97.2506
59.5857 90.4267
54.3233 91.0892
55.4767 94.2559
53.9262 95.5017
50.7714 98.4781
56.7573 96.3047
54.2672 98.2217
57.0444 91.9462
52.7098 100.397
48.6816 103.251
50.7461 104.493
49.0786 106.426
48.3111 101.362
50.1165 101.452
51.1898 101.037
46.6792 102.395
47.1513 105.734
55.7312 92.5875
55.922 91.9621
56.8014 92.4796
54.4257 95.3906
57.9029 97.9218
48.4839 96.3731
50.5998 98.6979
49.6628 97.9189
52.6553 102.854
50.4199 102.23
50.5431 105.109
49.0892 100.883
49.3852 101.421
49.7631 104.261
54.3081 98.7275
56.2351 97.8477
53.301 98.9318
53.3189 97.9707
45.8167 101.311
52.2246 102.715
54.0743 101.998
53.2724 97.4587
61.9071 93.4983
56.3841 94.2233
57.5498 94.5974
62.1732 94.9119
57.9543 97.7547
53.6564 97.3961
50.5059 95.6635
51.0855 103.523
55.1361 104.391
55.1754 102.311
57.7314 101.176
57.0524 90.803
44.2025 106.877
49.7174 103.022
47.8639 101.492
52.0841 94.6111
52.1675 94.7486
55.517 98.6388
49.3873 103.379
52.5044 98.4556
51.2925 105.543
49.897 103.358
51.7684 104.712
52.3206 98.6873
52.529 100.298
58.0356 93.477
56.1684 96.9352
57.5166 91.8654
51.1034 96.0505
51.0966 104.959
46.0671 100.126
42.4401 107.044
42.5004 104.718
42.7302 101.917
45.6606 106.137
50.015 102.643
51.1964 98.147
49.4422 102.545
49.4195 98.8301
53.3417 99.1755
49.1883 102.587
49.0833 102.406
52.7005 98.9953
53.2807 102.528
52.9078 102.682
55.142 99.7924
53.8631 97.6042
56.9114 95.3663
58.7336 92.0227
57.8667 92.1316
57.8984 91.845
60.4063 92.7611
51.2676 102.65
46.5014 102.324
50.5294 103.431
42.7416 111.637
48.081 100.012
42.8421 107.083
49.8283 104.882
48.2965 106.308
43.9792 106.782
52.9822 100.338
47.889 103.627
49.5827 100.733
43.5801 105.25
45.2086 107.63
45.8314 102.239
46.8407 101.386
42.6044 103.596
40.4964 106.039
45.5092 108.875
44.5271 108.115
49.0595 103.134
50.4965 100.854
52.6349 98.8582
52.9973 101.257
55.3965 99.9141
51.1441 98.9462
50.7237 102.008
45.2466 105.787
50.7526 106.168
46.7077 105.976
46.0611 100.946
51.627 99.1813
53.4645 98.6782
54.5897 97.1169
53.7507 97.1609
52.7425 96.8457
55.3275 98.3416
52.182 100.771
51.3687 105.733
52.8557 102.397
53.9507 94.0799
47.9582 107.708
50.5093 99.4292
49.9847 99.0071
50.3953 96.8949
50.5302 99.5341
47.8237 101.054
47.4288 101.578
40.9954 112.434
50.9833 99.5841
49.5563 100.841
51.8681 104.249
50.2222 102.64
53.9019 100.465
55.774 100.507
53.7408 101.352
53.0242 98.2947
52.2909 98.9474
50.8837 101.698
47.5333 98.6821
50.3759 100.533
50.6147 100.396
48.2243 101.17
55.1327 100.671
60.8984 100.789
56.0336 95.0155
60.1015 88.5667
59.1199 92.1874
55.5433 93.5696
61.7356 94.1129
51.5409 98.2882
53.6268 103.872
51.3281 103.667
49.9262 103.667
45.7255 104.939
46.1388 107.75
54.3182 104.978
52.763 102.628
56.5363 98.3531
58.4237 94.4543
58.1952 100.932
57.6494 97.1578
58.2187 98.3023
52.5307 103.777
52.4843 96.4947
54.7227 97.0419
54.4942 106.516
55.0787 103.431
52.5434 103.242
59.4243 93.4721
59.4243 94.3375
58.6273 93.2284
55.1341 97.1682
52.9352 92.5929
57.407 92.3964
58.7814 96.9939
62.351 94.7654
57.5603 101.709
58.8939 94.0237
54.0545 102.318
50.7319 102.717
54.2406 102.485
56.5384 89.943
57.1749 97.1193
54.0159 96.2872
50.6138 97.656
45.2923 99.4153
50.3884 92.6535
56.147 92.8854
55.3233 93.3758
57.5205 93.1702
58.1002 95.0199
55.3375 92.9659
58.254 93.1556
59.4966 91.129
58.4783 98.107
53.4519 101.256
52.8048 103.859
48.6759 107.277
48.8194 102.364
50.6615 99.3431
51.7999 97.8633
47.2164 103.952
44.6211 103.195
47.6098 101.013
48.0707 101.194
42.7045 107.886
47.8513 104.798
39.7077 110.592
51.4054 102.796
40.9421 109.443
42.7445 111.877
47.778 112.439
45.4952 106.957
45.871 104.045
49.0067 106.157
44.5424 105.114
48.8149 100.28
53.4367 100.525
49.2802 102.018
45.4216 103.975
49.2761 103.963
49.4973 104.673
51.8187 101.446
53.955 98.0166
60.8482 96.5243
68.4099 96.1064
55.1146 107.433
50.1027 98.3423
54.7209 99.3212
52.9367 96.3151
45.8723 100.538
47.2568 108.842
49.6663 92.9805
53.0962 106.219
44.376 107.305
46.528 105.144
48.2914 104.844
45.5253 95.6732
45.6511 113.502
50.7984 103.429
44.3023 111.489
43.3913 109.392
50.3834 102.507
49.0671 104.63
49.5337 97.9713
49.7552 101.819
48.0431 102.515
48.4693 103.519
53.5946 99.9534
45.6933 100.002
49.0193 105.482
48.9473 98.4965
42.3769 98.2481
53.2125 98.8531
51.1885 101.279
49.5553 97.5848
56.6222 92.7598
58.2572 92.7598
64.2655 94.4913
61.3479 94.7823
55.7494 99.2631
56.2891 95.3478
59.874 99.242
56.8132 98.2259
54.044 94.7813
54.044 100.18
53.0209 91.8364
53.2744 97.3592
51.9411 97.3515
51.0068 97.3671
52.0226 96.7636
53.3476 98.1664
52.3879 101.727
55.6169 101.749
51.5592 101.41
53.0062 100.197
56.7664 90.9379
56.7664 95.6134
56.5354 95.5469
50.7212 99.2747
55.5249 95.2966
53.8406 96.5168
55.5431 100.159
58.0106 98.4551
53.2955 100.638
55.4001 100.063
52.2978 95.8688
52.8521 100.281
57.1459 96.5561
54.9104 92.82
59.5983 93.1048
61.3042 95.7079
51.7185 95.6956
51.523 100.596
57.5315 99.9598
59.2056 97.6677
59.2056 93.946
57.4349 99.5708
55.9945 97.3358
57.1538 92.7909
56.5503 96.9772
61.0681 90.4096
63.0058 94.428
51.7176 97.8133
50.518 101.815
57.2342 100.878
57.7962 100.391
51.6617 100.053
50.8457 100.395
52.4239 101.795
52.2292 102.294
51.3666 102.11
52.0123 105.427
51.8138 103.849
50.9671 105.81
49.9821 102.619
51.3129 102.631
51.9468 103.906
53.3272 102.625
51.8968 102.447
54.2236 104.415
60.0306 94.6699
54.546 94.115
57.6764 92.6699
54.5351 99.1529
58.4138 92.1732
58.4138 88.7075
57.4772 92.3559
52.4858 97.9154
56.2484 93.572
50.4045 101.191
46.2497 100.757
47.5692 101.628
49.1682 100.528
52.5779 102.058
54.8701 99.1234
50.7889 107.002
51.7344 103.628
55.2856 99.4704
53.1809 93.8463
52.64 94.6607
53.5236 97.0077
53.4428 95.9854
54.3432 97.5772
51.9608 95.4891
51.8381 96.8192
50.867 94.1788
49.2503 96.1121
47.5728 96.7156
48.2542 94.3948
55.0148 93.9549
50.3274 93.9549
50.727 95.425
47.414 102.417
47.414 102.133
49.4851 96.217
56.0238 97.3922
54.0532 97.6673
54.0449 99.8064
50.0177 102.373
50.3143 98.3161
55.1923 99.6579
55.6882 99.9867
56.1913 100.933
55.502 100.014
58.3634 102.576
54.2109 101.836
48.8256 100.942
55.2787 93.9031
51.0035 100.776
52.3308 101.856
50.302 104.684
50.3283 103.121
50.2512 97.8288
48.6766 96.6575
50.3422 96.3418
48.9699 96.3418
53.4939 98.0161
50.7428 98.2372
57.1568 96.3137
57.6477 96.1358
56.621 92.0008
58.115 92.7813
58.6559 93.9991
58.6559 94.9533
58.6559 98.035
58.6559 90.9784
57.9308 90.7726
54.5064 96.0592
55.9501 96.3046
56.6085 100.248
52.8998 100.788
51.5262 102.315
51.8024 103.644
51.3386 108.41
52.7617 104.705
49.3521 101.884
51.3212 101.916
53.0341 95.0729
55.7373 93.56
52.2597 96.9326
51.8766 95.3418
52.7998 98.0683
47.1249 104.595
42.1096 107.585
43.4789 104.525
48.3238 104.196
49.4264 99.2965
54.1823 95.4649
59.4787 90.5586
58.2153 92.7594
53.7026 96.3903
52.1149 96.8753
53.5862 91.9273
52.9837 97.6579
49.52 96.7765
56.0929 97.7718
56.6926 92.5419
56.6926 95.5646
52.8207 96.6754
50.5533 99.572
50.5533 92.8168
50.5533 96.9636
50.5533 97.1064
48.6203 98.712
43.0342 100.148
44.6537 99.4226
49.5155 99.0387
48.9212 96.1238
49.1238 95.7716
44.8144 98.8145
46.1354 105.861
49.738 104.671
49.6129 102.891
49.8511 103.079
47.8661 103.117
48.0247 101.946
49.0914 103.999
46.8784 112.041
46.9339 104.801
44.0182 106.001
43.5499 102.692
45.9335 102.933
47.1489 104.371
49.2957 104.84
48.8599 105.804
53.3358 105.895
52.5061 96.1002
51.7309 97.4852
54.7735 98.1392
54.7735 97.4392
56.9074 93.0028
60.26 94.3605
60.373 91.1786
60.373 91.1786
58.1175 93.5057
59.336 98.7744
55.4839 97.1797
51.9584 102.613
54.606 97.8626
56.1839 92.7913
58.9234 91.2183
58.9771 91.2183
58.9771 93.0002
58.9771 91.2954
53.0491 100.864
55.66 100.864
54.8444 98.4509
54.2116 99.3678
50.153 99.37
50.9902 97.6557
49.2541 103.115
53.707 95.724
52.3307 97.3443
46.4527 101.903
48.7663 103.275
50.9886 105.209
51.3646 100.267
59.0959 95.3711
60.8016 93.6905
60.8016 97.0886
61.0412 96.1494
59.5036 94.8575
55.3774 96.6945
55.4476 96.4346
53.637 103.459
57.2122 99.7407
55.2162 99.0037
53.7227 97.0389
55.1259 99.6692
55.1259 95.5611
55.8048 100.586
55.1842 99.0448
55.9211 95.5429
56.4006 95.5429
57.8925 94.3493
55.6632 96.7365
52.8927 96.7365
51.161 99.2212
52.2319 96.8168
54.8015 94.0855
52.804 98.8185
50.1987 101.134
57.4233 101.936
55.6157 106.209
49.7562 105.015
48.9575 105.065
49.75 103.313
49.9425 102.031
47.6258 100.392
48.4592 99.2216
48.4592 106.925
48.7359 104.666
52.1999 103.919
49.7066 101.658
49.0887 105.569
52.3319 104.717
49.8134 103.633
50.2446 98.7737
50.391 100.97
50.7792 96.3685
55.0387 98.8279
54.9979 100.447
57.2424 98.0843
57.0445 98.022
53.5339 98.145
49.2576 98.792
48.9944 102.832
51.6483 106.084
50.3148 100.223
48.9553 104.356
50.7648 101.937
51.2782 102.601
51.1401 100.231
51.2115 97.5211
52.9922 98.3299
55.1698 99.3833
55.359 102.119
54.2081 96.9915
54.0337 95.6715
50.3598 96.79
48.2243 103.349
51.8289 102.501
53.8378 101.113
51.1917 101.051
54.5735 103.34
54.5735 101.532
55.7829 96.0888
57.9244 97.7037
54.4092 95.5276
59.1742 91.349
59.5559 96.3327
59.5559 97.5164
56.3151 95.3312
56.3151 94.8057
55.9142 93.8971
52.0516 101.33
56.0105 95.5927
58.4472 94.0039
58.2633 93.8948
58.4842 96.2644
57.0516 94.2788
58.2049 95.2125
62.8351 96.4718
58.8686 92.9188
59.7641 94.6057
59.1834 92.4215
60.1607 89.8961
60.6067 89.9574
61.7536 89.9574
59.8653 97.0665
53.44 99.3785
53.8918 99.535
55.8151 97.9523
55.4254 95.9148
55.3913 100.517
57.1908 93.8691
57.9284 93.374
57.7223 93.374
54.6035 97.7679
54.6035 97.3831
54.6035 96.9023
58.0858 97.1556
53.8909 94.1098
56.2512 96.3329
52.2283 101.128
56.1812 99.4547
53.4175 98.0536
52.8069 99.1015
52.8069 97.4528
51.855 101.75
56.3138 103.837
51.8232 103.151
53.5941 98.9647
57.4254 95.8396
56.7234 97.7839
58.0483 91.947
54.2295 95.7767
51.4961 94.9853
54.752 90.3319
51.2441 99.2577
57.1194 96.4386
59.0267 92.7208
53.0136 97.7592
52.8994 104.401
50.3231 102.472
54.098 99.1553
55.6147 98.9553
55.6147 96.8088
55.6147 96.8088
54.1006 97.8422
54.2835 98.3538
52.0614 100.655
55.2608 99.7493
49.8081 103.059
53.656 101.609
54.5425 101.138
54.5425 105.418
49.4957 104.523
53.4233 103.904
52.3258 102.361
51.3012 99.4877
53.3529 99.4877
51.593 100.251
52.6035 97.0218
54.1563 100.761
56.7583 96.5325
55.1561 96.5325
57.4775 96.2869
65.7746 91.5416
65.7746 86.8484
64.6201 86.7438
64.6201 88.3969
60.8585 93.6147
61.9145 90.8718
59.3741 96.5844
58.8415 96.1986
56.1145 106.72
56.5574 92.4347
58.7818 97.4419
58.7818 95.0945
54.6086 101.04
55.0229 102.921
54.1364 105.151
52.2595 97.2699
55.9154 94.7645
58.7293 94.9161
55.4767 94.8999
55.4767 95.5711
55.9827 95.8933
54.7137 102.259
45.9152 105.408
57.159 106.083
56.6632 105.044
56.6632 105.044
54.2321 105
54.2321 104.475
52.8791 98.9376
51.9027 105.191
47.4022 108.245
51.6348 106.579
48.8506 105.659
49.128 109.714
49.1341 104.515
46.2879 104.732
45.6194 110.015
48.3844 105.051
53.2016 100.937
51.8911 100.495
49.9986 99.8417
51.2909 96.7715
56.3723 95.7493
54.4342 102.551
51.9477 102.248
48.9763 101.946
48.8783 102.288
54.2422 98.3732
54.6936 94.144
53.4067 94.0285
54.0733 96.9912
54.0114 98.548
52.961 96.2053
53.4352 100.735
46.5789 109.39
42.3585 113.321
40.8134 112.452
47.6333 101.104
48.029 101.951
49.1248 100.02
47.8939 96.9217
48.5848 102.196
47.5975 97.7575
47.4125 99.8516
46.3993 102.177
48.3568 103.708
54.319 99.3235
56.981 97.6973
55.0643 95.2167
52.337 94.656
53.0496 93.7738
52.9776 94.0214
53.3191 94.1891
56.3237 96.6635
54.4856 97.9501
57.9027 96.3245
55.1073 98.2863
45.1419 103.891
49.8399 104.34
48.7882 105.399
50.2096 104.635
51.1779 99.3862
51.1779 102.081
53.2933 101.99
56.7393 102.102
53.7501 99.1485
49.7923 101.466
51.3283 101.38
49.9454 97.4633
51.7582 97.5168
48.8771 102.65
47.2157 105.248
46.3644 102.88
48.1234 103.652
49.993 104.479
50.6496 98.6042
43.2197 103.756
44.9675 97.5347
48.2485 99.9583
44.1136 103.698
43.209 104.425
45.9338 107.498
51.9774 97.1039
49.7888 100.395
53.7316 101.896
51.7534 101.336
54.6344 101.336
51.5884 101.658
50.8762 97.9598
47.2087 105.229
50.4912 107.779
52.154 101.703
52.7273 92.9989
50.9467 95.7007
50.6202 105.281
46.115 104.463
46.115 103.377
50.9453 101.381
50.0684 101.381
45.7763 105.203
47.4613 97.0568
54.3018 92.2741
50.2924 97.2936
52.3486 98.2036
53.3549 98.9066
59.5514 96.1865
58.7947 96.0251
52.6127 93.4519
55.0276 95.2421
54.086 98.0058
49.7089 100.182
49.1099 96.4828
50.2727 101.324
48.7255 101.653
54.9157 96.2894
54.3603 100.058
50.6431 102.985
51.6826 99.7517
52.3452 96.9995
55.342 96.7469
56.0981 91.9794
60.8536 92.6372
55.5106 97.0019
56.1609 93.3938
53.7259 93.8951
54.9394 93.5819
48.0122 102.268
49.3865 99.5048
53.4043 94.9933
51.1989 96.3713
50.7321 102.513
47.1715 105.787
44.8693 109.047
45.778 103.27
53.0532 100.633
47.3282 102.14
48.512 108.837
48.7405 105.62
49.3088 100.459
43.687 109.555
43.3238 99.6613
47.3536 103.328
49.0121 99.7583
50.2306 100.349
53.5941 100.557
58.2414 100.13
57.7459 100.156
54.7599 102.903
53.5373 106.021
47.263 104.079
49.5137 102.969
47.0417 100.476
52.2189 96.1506
52.4199 97.7879
51.8158 96.8562
44.2418 102.098
48.1326 101.451
51.5327 100.791
51.6405 96.8996
60.4316 94.3355
56.73 97.5381
51.0303 106.271
49.3206 103.628
48.7189 99.8215
44.8282 105.262
43.4471 109.074
48.9244 101.796
45.8804 104.984
50.2192 102.96
52.3125 103.759
53.2118 93.9902
52.8328 96.1486
57.4349 96.7995
54.9897 98.345
53.512 98.6534
51.7182 96.4736
54.7991 90.9657
51.728 96.0263
50.3125 98.0898
54.3652 98.2103
53.2258 97.5209
56.3191 95.4336
47.7917 107.67
47.2384 104.689
46.5272 105.986
45.9897 107.563
45.5672 111.079
45.9384 107.72
45.4431 103.518
47.3166 106.4
47.5859 106.4
47.4453 107.617
47.5765 99.8884
52.1541 100.749
53.149 96.3988
55.6294 97.3571
54.7138 96.1695
51.0227 97.7721
48.5786 100.462
53.7658 100.462
45.0997 102.53
46.7314 102.377
44.3772 106.15
42.6211 108.964
45.1039 108.071
51.4799 105.038
51.6493 105.452
51.5371 99.3914
53.748 98.0308
57.369 97.7952
48.2443 100.861
49.7163 100.915
47.4672 107.971
54.1398 101.186
50.889 100.07
57.7989 95.3254
57.6485 90.7533
56.803 98.0208
55.6978 99.0566
49.8745 101.704
53.5112 98.2069
54.2337 98.4484
50.4675 98.3357
55.5885 92.123
54.7397 94.2632
55.5448 97.956
53.4778 94.2715
51.7542 101.008
52.4267 99.0455
50.7424 100.013
51.9824 98.1836
56.2204 99.502
52.4485 98.5939
55.5942 105.301
45.6153 105.255
47.659 100.799
39.5977 113.162
45.5105 107.072
45.7718 101.417
47.5028 105.871
46.7785 105.527
46.8363 102.355
50.0375 102.384
52.9865 99.9308
49.8983 99.2211
55.9792 101.808
51.0774 101.645
50.1984 102.147
48.4266 101.247
51.632 104.868
45.2445 106.593
47.8226 103.23
46.7248 105.513
41.1707 108.932
42.1016 108.932
44.7235 106.038
50.701 104.379
50.5438 99.67
53.2579 99.1693
54.5564 92.9525
46.3403 106.128
46.3536 107.672
46.811 101.517
49.152 102.707
49.5078 102.018
55.1 99.5874
52.6322 93.4042
51.291 102.717
58.3299 99.209
53.0254 104.714
50.9703 107.188
51.7923 97.8828
46.6593 104.815
45.6982 99.4625
45.8308 103.001
48.8287 100.395
48.679 99.8851
50.751 105.335
46.5011 103.877
47.6013 102.987
50.8307 104.914
48.2051 101.374
50.6872 104.273
42.7888 109.45
51.2328 106.134
52.6309 105.669
46.6841 101.9
49.6785 102.574
49.5026 103.025
48.6043 100.096
53.6125 96.7233
49.3443 97.46
47.6489 104.151
49.2248 105.856
49.4713 99.8673
49.502 99.432
49.5349 100.022
50.2186 105.637
48.5855 102.446
51.0163 104.91
49.0967 101.986
51.9126 102.206
50.629 100.903
45.6504 107.306
46.865 103.341
51.5538 109.055
45.4488 102.635
45.6964 103.212
45.7305 105.475
45.2239 105.187
51.6577 100.726
50.8669 99.296
48.1874 101.833
50.1337 99.3524
51.8504 99.3313
52.8694 88.5683
48.4178 100.801
48.0168 102.451
46.8769 103.953
50.7404 99.5638
49.6021 101.57
46.975 103.697
52.5709 92.5428
49.2013 97.6368
50.6567 101.021
50.0554 99.773
50.5218 97.8104
53.5828 98.8772
58.6205 91.6238
57.6218 95.7262
53.417 95.1187
47.1309 103.074
52.7678 100.65
47.2299 105.541
50.3321 98.8657
53.1268 100.727
49.1264 102.551
42.1853 107.649
50.2924 99.6486
52.245 95.7141
53.0339 99.0967
44.932 97.8591
44.7223 104.244
51.3734 100.847
59.1749 97.6524
63.1224 93.7008
59.2148 93.3596
58.8007 94.7309
51.0483 103.346
49.8282 96.7783
52.0885 99.2446
51.6563 102.459
50.9758 99.5673
47.6159 97.2755
53.3264 97.3375
47.8374 104.81
46.8212 103.829
45.6245 110.257
56.8468 97.3603
51.0952 100.986
56.1106 103.668
47.4494 94.8204
53.9625 96.3033
48.9717 100.717
48.3264 107.155
49.2379 99.8615
46.4911 105.781
50.8848 101.905
45.6466 101.438
53.1875 95.418
50.4364 101.436
48.7858 96.4056
46.34 100.07
49.519 103.341
42.5832 106.454
51.347 99.7618
53.3611 101.652
47.7696 104.73
47.1899 101.862
51.6201 95.4201
47.2945 102.802
50.1708 100.246
50.0903 97.8214
50.2538 102.012
49.5414 96.2274
49.5036 94.6713
47.4041 97.8652
51.388 102.167
50.523 95.5623
45.8834 108.78
46.6046 103.171
47.924 103.85
55.6843 96.8844
53.7576 97.6759
45.0243 105.971
46.5557 107.944
45.9306 105.742
49.9971 105.222
50.4799 99.8259
49.5111 98.834
55.607 93.6869
51.6335 100.149
52.1632 96.4542
48.1129 101.007
50.7556 99.0531
50.2873 99.3336
52.9489 97.5443
47.0246 104.626
53.5527 95.5918
51.5645 97.9122
54.1067 95.6231
52.3646 97.4011
52.4288 99.1003
51.688 103.022
56.2761 103.259
59.6435 91.5651
52.3769 96.1358
53.1035 95.3548
56.846 94.8755
55.3867 102.905
45.642 101.364
47.6848 105.962
44.609 103.964
44.0141 111.055
42.1212 110.381
45.8268 104.341
48.7908 99.5196
49.795 101.59
53.3275 99.4382
52.3512 96.7236
46.1256 105.899
46.4526 109.427
51.8285 104.697
48.1679 106.15
53.7917 101.439
48.8183 100.201
48.5824 98.9513
48.0395 96.6398
43.887 109.415
49.107 102.401
48.6562 105.244
45.0184 109.663
46.7631 106.563
45.7548 105.396
54.3469 106.042
48.3097 100.289
42.4429 109.931
48.3884 103.836
55.2759 102.916
48.5743 101.756
45.7379 100.992
46.2494 101.2
52.7577 101.083
50.3352 101.079
48.861 101.103
50.1023 100.637
43.9144 107.1
44.4559 105.84
50.8919 97.4595
45.8994 105.438
52.7784 98.2616
58.6094 93.4051
54.7773 102.862
55.2772 93.9352
54.6278 101.088
55.3028 102.481
53.6065 103.657
46.5533 107.257
47.1336 108.219
51.0337 104.484
47.8706 102.887
47.6398 102.944
56.3111 96.6831
49.1038 101.254
52.3213 96.4384
46.0708 101.106
51.1835 101.671
50.6631 100.795
45.55 105.045
51.7412 95.8881
50.6542 97.695
48.1433 98.855
50.3328 103.291
44.1935 101.82
45.289 102.698
47.8124 103.327
51.5351 99.5725
48.0097 104.145
49.1618 102.636
50.851 98.9586
51.1357 98.7723
49.611 100.454
54.5714 97.0291
46.3237 101.958
49.3359 98.2552
47.4113 106.015
48.5799 105.313
47.4353 107.11
44.0267 101.554
49.8512 102.334
46.0784 105.322
47.5021 105.062
46.3465 106.235
47.9068 101.997
49.2947 100.279
50.4404 102.277
40.5213 109.185
48.1825 101.62
50.1357 103.111
54.6341 101.449
47.8958 97.1973
51.469 96.7256
52.981 98.1956
46.7439 102.408
47.743 98.0731
50.495 95.0789
51.6218 103.386
51.6825 100.933
58.4096 98.3635
48.2633 99.8645
49.5255 100.17
53.5261 100.615
45.6043 108.58
46.0288 94.1679
52.3166 102.228
49.533 102.554
55.3591 98.6101
47.4253 101.663
45.3521 102.354
45.9821 104.479
46.413 101.199
52.5882 100.974
49.5623 100.268
40.9639 103.582
49.622 98.175
45.6116 105.205
49.8224 98.0022
46.5158 98.4636
52.0235 98.1654
64.4702 96.9179
59.7361 95.7557
48.7988 102.288
47.944 104.933
41.0642 105.081
41.0642 109.538
39.1382 114.254
40.0838 109.575
45.7218 107.813
43.1227 104.587
48.8746 99.9363
51.9618 99.3834
53.1954 96.6647
54.6322 104.677
39.3201 108.288
53.4271 103.032
55.4014 97.2531
61.2625 90.3657
61.2625 96.3579
56.3319 98.6389
60.6508 100.572
48.9679 100.991
50.3332 101.961
49.5891 103.088
48.079 102.627
44.5934 108.372
47.8878 98.4906
54.5426 97.0418
50.3689 100.199
54.6837 99.8481
52.8263 102.831
54.1787 98.2962
53.9743 100.468
54.11 99.27
46.6 103.767
46.6812 98.227
54.2515 99.5427
56.6578 93.1642
57.1903 96.92
46.6374 104.829
47.9628 102.752
47.4495 102.329
46.157 107
50.8533 98.3585
53.4965 99.6373
49.6698 97.3169
50.0974 101.33
46.2279 100.554
47.8429 100.329
53.0461 96.9901
48.2202 97.1222
52.5341 97.2069
53.2488 99.2918
52.1067 99.9429
52.6417 99.8521
48.2942 104.57
48.2283 106.872
49.2927 102.037
50.7236 102.206
53.5791 99.9332
46.4397 101.904
46.5314 98.7428
51.6624 98.6202
45.7432 100.137
48.9611 104.946
48.5314 104.235
48.3489 98.3055
48.6584 98.6819
50.0553 105.241
49.645 98.7447
52.6832 97.6568
51.1864 98.6215
50.1768 101.926
51.1057 102.615
55.5193 98.8452
56.4877 97.7142
53.323 97.0526
49.9584 101.652
53.8799 94.4057
54.2349 94.1261
54.4395 93.1069
50.1277 100.468
50.5885 102.199
49.2217 107.77
50.1917 99.7843
49.8826 105.613
50.898 100.414
54.4936 100.184
51.6952 94.9284
51.1372 99.4608
52.9617 101.674
46.3725 102.226
48.7736 99.4913
48.4548 98.2372
50.8531 100.426
51.9742 99.1421
51.6436 104.634
51.4053 99.0051
53.0778 100.052
48.7544 101.581
48.8486 101.74
48.4856 97.9893
56.7536 98.9289
52.959 96.0417
53.7006 99.6063
58.2645 94.9575
54.6114 97.57
52.1757 101.287
45.1108 102.035
49.0981 104.528
50.8954 104.526
49.1404 104.96
49.4831 99.4678
49.0809 106.99
45.543 105.075
49.4836 103.058
46.514 103.161
47.1544 105.046
50.9133 100.612
46.032 99.1952
48.2683 100.593
45.4073 100.734
47.0205 100.575
48.242 103.386
50.6987 101.445
48.4443 101.873
47.5683 102.109
46.4617 101.447
44.7414 101.434
45.0654 111.363
48.3012 104.434
51.3757 101.464
52.8612 98.5327
51.9743 101.932
52.2544 100.758
47.5936 101.16
52.2789 101.976
49.4057 98.6459
50.7455 99.1836
47.3555 100.65
53.0156 98.6182
52.9987 100.725
46.599 101.504
49.9633 101.79
46.9592 110.382
49.2805 96.8799
51.0475 101.316
46.9778 100.218
49.3338 98.6695
52.1976 99.9275
49.6995 100.761
48.486 101.795
51.307 101.391
49.3314 101.882
48.8426 102.172
48.5941 101.105
52.553 94.1079
53.5619 105.139
45.3938 103.701
45.3148 107.077
41.723 107.546
46.916 107.36
50.2886 107.569
52.6757 99.4711
48.8655 100.408
50.2871 96.6796
48.4749 104.732
55.1987 96.299
44.4363 102.582
44.2507 106.661
41.4896 109.18
49.7799 103.616
49.3497 104.914
42.0143 108.235
42.237 108.235
47.3567 109.033
46.6706 101.411
47.0242 101.215
44.633 102.878
49.6444 103.438
48.0493 103.961
49.3618 97.9288
57.7534 95.2529
48.2996 105.287
48.3746 98.2404
45.6484 103.172
50.1794 104.485
46.9861 99.2385
52.3701 101.446
43.7437 98.0937
46.2703 102.168
45.6852 106.316
45.7108 101.566
47.7573 102.558
46.2564 103.524
56.0556 102.277
57.2109 94.4129
62.8519 95.1561
49.616 95.6689
45.295 101.717
47.3349 98.9802
48.9125 97.306
50.3791 101.83
51.5701 99.3717
51.5388 96.0143
51.0694 99.7343
55.1177 96.6445
51.5036 94.7959
48.9218 103.771
49.2895 99.1535
49.8027 97.8935
50.522 100.884
47.1122 102.173
47.8059 102.844
51.86 98.2148
48.1096 108.217
45.6507 103.435
43.8523 107.678
42.7285 106.152
45.4906 105.056
44.3648 106.49
42.6843 107.511
45.7966 107.377
42.0746 104.718
39.4991 110.445
47.9042 98.7786
44.6129 109.829
46.0583 104.861
47.7494 98.5347
50.0239 100.248
48.7292 100.104
52.7358 100.622
46.4056 105.321
48.8389 106.422
48.1278 99.4611
42.2281 105.823
49.4339 99.4619
49.0031 108.638
50.5164 102.315
50.2949 102.457
47.403 103.674
41.9675 108.419
53.2954 103.558
50.495 102.734
47.3063 106.229
43.5069 108.205
43.2132 109.322
46.2609 104.843
47.4942 106.792
45.6124 108.221
46.1516 100.495
46.4868 100.516
50.2565 103.148
49.8816 101.691
52.1168 96.4359
51.7928 99.5534
52.6654 97.5755
53.1741 101.731
50.4428 101.106
50.7144 99.7848
49.6747 96.0981
54.6471 93.8546
59.5695 91.9432
52.3799 99.5572
51.4565 101.333
55.5275 97.1245
54.5399 98.7849
49.2352 104.3
51.5786 100.755
47.5043 102.008
51.4815 105.133
49.2031 99.3735
50.1021 99.118
54.7467 98.3326
53.8619 98.2856
53.6627 101.922
53.9214 97.6102
45.7573 104.937
47.169 103.333
45.0745 108.847
47.7877 106.722
45.5015 101.929
46.9059 102.91
48.6671 100.423
47.9946 101.981
46.4107 104.977
54.3303 100.091
49.7962 101.595
50.8939 101.186
51.6306 97.8844
53.6925 96.8001
50.2314 98.9588
49.3416 99.3877
48.158 102.595
50.3207 101.19
54.3969 97.7226
56.8565 96.526
50.0183 98.0362
45.8195 106.274
47.6349 107.986
44.9225 107.577
45.9843 108.401
43.5247 110.752
45.9165 110.393
43.4026 108.262
41.601 108.716
44.7546 111.108
55.9541 94.3036
58.4002 91.8413
44.2562 107.801
51.8756 103.258
51.0622 102.188
48.552 99.3406
48.764 98.9878
45.6534 103.943
45.207 108.287
50.675 104.327
47.2081 105.563
52.2949 96.6788
52.8648 96.4167
51.1771 99.8343
50.0815 101.392
48.3556 97.451
47.9361 102.93
51.192 102.726
52.8735 102.893
50.2807 103.883
50.347 105.208
45.6596 101.741
54.8892 98.4776
51.5667 98.1994
52.7785 99.6386
51.1613 101.308
51.4415 99.9255
51.2671 97.0398
53.3925 103.925
52.7484 102.024
52.6731 93.2873
50.3645 103.798
54.4237 91.6561
57.1802 88.8736
55.507 93.26
52.4906 93.26
54.4539 96.4945
57.3675 91.4856
51.7038 100.755
51.511 101.622
51.4495 97.977
46.3832 101.819
46.3832 102.325
49.7316 101.627
45.4326 106.437
50.309 105.026
49.9271 102.687
49.4781 102.344
46.7648 102.108
47.4734 101.4
45.6164 103.513
50.3336 101.691
47.3378 106.825
47.5182 103.737
49.4322 102.895
49.4322 104.942
45.9642 103.476
45.8021 102.545
45.2409 106.339
44.387 109.085
45.0515 107.552
46.464 99.1854
47.2929 98.1948
49.3729 101.408
50.3644 99.9306
50.9972 99.8371
51.1856 101.134
51.5431 101.131
51.4344 100.23
54.1443 101.917
58.3776 93.6094
60.6827 93.376
56.8337 93.7239
58.4879 97.067
55.9958 97.2362
54.6628 98.8018
55.064 100.169
55.0639 99.379
54.36 100.131
54.7426 98.6025
55.5236 98.475
51.4176 98.5615
51.86 99.894
51.842 100.23
56.6044 92.6614
55.1696 97.0433
55.7871 97.1728
53.3139 100.068
53.0759 99.7473
56.219 98.6346
53.2602 97.8248
50.2418 97.6205
57.7651 97.2714
58.7919 91.7591
58.3035 89.9461
53.8636 89.9461
56.1093 96.244
54.1214 93.8202
54.1214 96.5856
47.7991 102.649
47.2709 103.979
47.432 108.099
47.6957 104.196
47.6967 106.045
47.6967 106.486
47.1501 105.746
47.3685 103.766
44.9118 103.766
46.5038 110.543
45.1875 108.82
48.2991 102.825
48.4795 108.811
47.5738 102.6
47.7271 102.514
48.8742 102.704
46.1872 100.232
47.526 99.8886
47.2697 103.104
47.1382 102.771
44.9564 105.599
49.1063 103.823
50.5746 98.2438
53.213 98.0469
57.8303 93.9535
56.1871 99.1388
56.1871 96.6149
56.1871 96.7246
49.5278 108.147
46.8801 108.161
46.5865 108.043
46.3767 102.489
53.8487 102.346
51.5436 101.394
52.8133 100.885
52.8133 96.3539
51.8156 95.4794
51.2964 97.8224
53.7561 99.6408
48.9467 105.823
46.0467 108.638
47.5513 103.925
49.431 101.836
51.9951 105.033
46.7691 107.61
50.0513 107.118
48.9386 103.982
46.4003 104.503
47.4282 100.431
48.0168 104.33
43.5372 109.439
43.062 109.952
44.0504 101.922
50.6789 102.071
53.0689 98.5262
50.7956 105.172
49.3868 106.908
50.5952 95.9585
48.2484 105.898
52.2695 105.898
51.6054 105.898
53.3021 103.465
54.2408 100.805
55.733 98.8643
57.4296 98.0423
55.555 98.7713
52.0644 100.473
52.0644 98.088
58.1613 93.533
55.986 96.4263
62.4189 94.0395
56.3661 95.7335
61.0153 97.7642
61.7499 94.2149
58.1696 98.5067
59.4549 93.6241
58.5293 93.4736
54.6431 98.5113
55.9171 98.4109
55.9513 96.7699
53.1882 101.988
53.1882 103.822
50.1975 100.999
49.7655 97.0774
53.9568 93.0083
52.6739 95.5549
53.8911 97.8712
51.97 98.3045
51.7385 97.1585
53.4523 93.7877
55.999 94.8771
55.999 94.6526
53.8069 96.6111
53.8069 102.195
53.5716 101.708
51.9763 95.3602
55.2977 93.9811
57.4431 99.2494
57.7948 97.0169
47.9805 108.635
49.8829 102.918
52.6972 99.6847
50.2601 99.1564
53.5631 101.401
51.3675 101.44
50.4788 103.475
52.339 107.458
45.748 108.583
45.0235 106.335
51.6581 100.38
51.0359 99.2458
47.8978 97.675
48.3816 97.426
48.5539 99.1992
45.632 104.026
47.3892 100.961
49.1147 100.476
49.8829 101.004
56.3527 87.2463
55.5269 93.2272
57.6425 90.889
53.3301 93.8517
58.9556 91.4155
49.5745 101.519
43.9599 104.056
49.0215 101.87
49.2603 102.929
46.5066 103.117
50.9245 98.6612
49.7651 104.672
53.727 97.6053
48.9103 98.9592
48.1229 103.399
48.4399 98.5181
54.1826 95.369
54.2709 99.1249
53.5649 99.1249
50.9662 98.793
49.708 98.6757
51.2742 103.724
45.6528 105.448
46.0579 104.405
44.7417 104.963
44.8761 104.544
40.5593 108.264
40.4812 102.129
42.137 101.652
40.7244 102.343
43.014 100.714
43.3045 107.201
43.8179 110.993
41.5363 109.705
44.4826 101.902
47.5673 101.496
47.0698 96.9558
52.1923 94.7171
54.2999 99.8661
52.2495 93.3694
51.8391 100.067
53.8934 99.8594
54.7603 96.6155
54.7603 103.077
54.5609 99.2314
53.7429 99.5547
59.4958 98.3772
58.6185 92.9885
58.6185 91.8259
58.6185 91.7848
58.6185 91.7848
58.5918 91.7848
55.662 93.1268
53.1183 98.741
57.2808 93.9883
52.4034 94.7481
52.4034 99.6009
54.0251 95.2811
61.645 96.6067
56.2252 93.6542
61.4981 89.6154
57.1668 91.7957
57.1668 99.2017
57.6121 94.9167
57.1827 95.0077
57.1827 91.725
58.8189 91.4556
55.1226 96.5438
55.1226 95.9864
49.7418 95.621
58.9019 95.095
59.3971 91.817
59.3971 89.3786
61.8893 91.4848
67.9202 82.7177
65.9235 84.6655
63.0261 91.381
58.1657 96.6016
58.1657 95.4545
56.6664 93.7512
53.8959 91.2295
59.5637 91.1071
55.0325 94.4651
51.1226 98.8877
51.4684 100.575
49.8399 105.377
49.2537 103.404
48.1863 105.369
50.4316 102.03
50.6846 101.325
50.6879 100.897
54.1829 94.9432
51.842 98.1042
50.1662 102.801
50.424 103.14
50.4729 101.869
49.658 97.6309
52.8896 98.8018
52.0352 103.298
53.077 98.9594
54.4647 98.2997
53.9971 98.9364
52.0383 97.6393
52.4856 99.7613
56.8637 101.256
52.3595 105.156
53.9213 96.5477
53.0867 94.9545
53.3595 94.9545
52.1385 94.9545
55.043 95.0121
51.0583 94.0084
55.2886 94.0084
50.7627 92.603
54.762 100.833
53.2571 99.7801
57.4084 102.747
57.4897 101.644
55.2102 100.974
55.9826 93.8726
52.8592 99.6712
54.8065 99.3516
52.2095 96.9206
55.3721 99.0938
53.5099 102.369
51.6856 104.132
50.5211 102.277
49.238 103.491
51.0339 103.468
49.5652 104.164
52.5701 102.021
53.2302 101.966
45.4582 103.471
58.9186 99.7469
55.2135 97.2997
57.5418 92.8135
57.595 94.2522
53.1836 98.2884
51.6054 101.004
53.978 99.2466
54.3886 99.8432
54.0537 99.1713
56.2004 100.475
55.2767 101.416
54.2671 102.233
52.83 103.507
49.6276 107.434
55.488 101.286
56.6087 99.2256
56.6087 101.209
58.0309 96.5065
58.0309 93.806
59.1454 94.7405
58.3737 95.4145
55.7729 94.6426
55.7729 91.9567
53.2857 93.4272
53.9908 103.536
51.2034 98.258
53.2888 97.4029
55.6255 96.9565
55.6255 98.407
55.4485 98.407
56.284 97.6398
54.8109 95.1196
56.7379 95.3239
54.4341 102.524
49.8108 102.568
50.8379 104.885
52.9595 104.982
49.4505 104.982
50.6667 105.278
56.1662 100.911
56.1662 100.957
51.1577 97.9986
55.1742 99.2368
53.6053 98.9015
53.6503 101.922
53.1007 99.5414
59.2081 97.908
54.0606 103.473
56.3126 103.595
57.7509 103.635
58.5024 103.789
56.2572 97.8771
59.6722 94.8681
48.3946 103.281
47.9879 100.11
47.3375 106.608
50.0789 106.629
50.1653 105.91
59.9006 93.5677
55.4819 97.8372
56.2955 98.2627
58.741 94.9146
54.7329 94.9146
57.7584 95.7325
56.3765 92.8757
60.649 89.2787
61.7229 86.6215
65.6779 88.6505
60.3961 88.6505
60.3961 93.5146
60.7303 94.5398
60.558 95.0621
56.5537 95.7709
53.6628 97.7599
53.8084 98.5462
53.8084 99.792
58.0272 93.8161
58.1208 92.7539
59.218 95.1394
58.0146 92.9006
60.707 88.3141
60.707 92.9857
55.5944 98.312
55.2744 97.7059
50.0579 97.0409
55.2476 97.8591
55.7659 96.7696
55.9126 94.0403
51.831 99.4051
51.9773 99.3283
53.229 99.9295
50.6139 100.556
46.3173 100.874
46.3851 104.815
46.3804 101.52
46.5538 106.874
45.9711 104.681
44.0536 102.649
42.7493 107.823
51.4356 100.755
45.985 110.01
40.4629 108.55
43.3344 109.618
45.8029 102.769
43.0031 111.946
43.4356 104.975
57.4157 97.9008
59.3048 100.488
54.6756 101.383
54.1234 100.382
54.7276 100.784
53.4147 101.46
44.3856 105.159
49.8634 105.162
53.7262 93.716
57.5791 94.3269
48.3658 104.111
43.2745 109.339
42.9537 106.514
43.0823 104.576
43.0674 107.257
41.6232 103.347
49.2266 104.045
45.6258 103.751
44.409 107.031
48.51 101.923
48.654 100.275
47.7722 105.245
46.6379 102.951
47.3288 106.277
49.5107 96.3886
52.0115 99.6032
47.6928 98.6381
50.0282 97.0715
53.9263 99.9887
49.5264 101.297
45.9013 106.14
43.5965 103.908
49.8953 99.6453
48.1928 100.132
41.7111 102.469
50.6047 101.737
50.2255 101.69
49.7109 99.1311
53.0265 101.872
48.166 97.6481
51.674 99.5271
48.1766 105.406
44.9539 106.795
43.2632 104.328
44.0528 109.762
50.1213 106.118
49.1364 98.543
52.3144 98.6743
58.1547 97.7022
44.1091 105.941
46.4087 103.005
48.0584 105.25
49.7699 103.864
48.7641 102.596
47.5869 102.077
45.5104 106.924
43.3742 109.66
41.9017 111.382
48.8457 102.258
48.7089 100.846
48.5486 102.692
49.5313 103.811
49.5088 99.3466
53.5423 99.9847
50.5148 100.511
52.7552 101.072
