81.2284 14.4269
82.6548 14.0475
83.6313 14.284
84.5738 14.4371
83.4942 14.5278
83.9745 14.6959
82.5711 15.3462
83.5394 14.2944
82.3077 15.0246
82.3644 15.5081
83.9509 15.6411
82.5611 14.7544
80.4578 14.9295
81.5293 14.6864
83.1733 15.4023
80.8187 14.1764
83.5222 14.2556
82.05 14.7764
80.1964 14.0467
79.1333 14.762
81.9048 14.4445
80.0573 15.1551
81.6696 14.9303
81.2838 15.2811
82.4547 14.1244
82.9377 14.016
86.395 14.2941
87.8079 13.8518
85.2853 14.3736
87.1764 14.1118
87.3541 14.8294
87.463 14.9547
87.6035 14.6123
88.87 14.55
87.747 14.5988
89.9575 14.7224
88.4326 15.925
90.4585 14.7979
90.4585 14.3619
88.9502 14.9025
90.3605 14.811
89.1551 14.4673
88.4178 14.4673
90.5699 15.3046
87.5567 15.2069
85.4096 14.3356
87.0858 14.4495
85.6456 15.0503
86.2084 13.7412
84.1929 14.7888
86.0151 15.3456
86.1035 15.1343
84.717 14.62
86.0361 14.4623
87.8971 14.7062
85.744 14.6574
88.708 14.6918
88.8431 14.3897
88.7365 14.3137
83.0564 14.0589
82.898 14.8801
82.6569 14.3744
82.6724 14.6352
82.8448 15.5886
80.4873 14.548
80.8174 14.3504
80.983 14.553
80.6886 14.4309
80.0396 14.2229
78.6667 14.5859
80.2312 14.6774
79.9816 14.4356
79.1083 14.1443
79.1083 14.8944
79.1083 14.7796
78.4533 14.5202
78.3205 13.4969
80.3581 14.6281
79.6735 14.7842
86.8494 14.1455
81.6931 14.4463
84.6765 14.5148
84.148 15.6419
83.2038 14.9028
81.0863 14.6615
83.8948 14.8513
82.2019 14.7584
79.1594 15.0814
81.5329 15.1799
77.8644 14.9159
80.2748 15.2994
80.0636 15.1044
78.5829 15.076
80.6076 14.8213
81.8145 15.3263
81.2233 15.8417
81.3482 15.4509
80.1126 14.2439
81.9476 14.8259
80.924 14.9189
81.6433 13.9391
81.8569 14.6334
81.7847 14.9256
81.0121 14.8539
81.051 14.9
77.6859 15.41
78.717 14.8934
80.5743 15.1115
79.1225 14.5896
80.0883 14.2096
81.3308 14.8054
81.0598 14.199
80.4958 14.2795
79.7154 14.1096
80.2845 15.4895
81.5512 14.7393
78.5695 14.4131
80.0712 14.3164
80.9892 15.1293
81.1298 14.8274
82.9027 14.577
80.7333 14.4487
81.65 14.6243
79.2273 15.5978
81.629 14.1989
81.9352 14.1688
79.9599 15.0013
81.3793 14.7806
81.3259 15.5081
79.0386 14.6963
81.5322 14.5586
82.3087 14.7747
83.2266 14.7679
83.7493 14.6817
81.6069 14.6681
81.8639 14.6645
82.5461 15.0429
81.889 13.8965
83.0319 14.0901
84.9175 14.7394
83.6886 15.0447
82.3111 14.8073
80.8551 14.9171
80.4611 14.8372
81.4635 14.3864
81.0986 15.0169
79.9089 15.2135
80.7111 15.0643
81.9413 15.0071
81.8122 14.8863
81.5429 14.6472
80.6485 14.7485
83.0178 14.8282
86.241 15.4532
82.3873 14.9412
82.6054 15.3991
80.7558 14.1421
82.5262 14.2999
81.6064 14.4875
81.504 15.2553
83.185 14.5576
83.2187 14.8487
82.8682 14.5816
81.9617 14.1069
83.1713 15.1365
83.9762 14.0261
80.986 15.0246
78.092 15.095
81.2139 15.2328
80.978 14.8098
82.1614 14.4104
82.3977 14.9966
83.475 16.4816
83.6185 15.5168
82.3551 15.7737
82.3301 14.1013
83.113 14.3975
81.5908 14.7364
81.9817 14.1323
80.5775 14.2988
85.0292 14.12
83.4175 14.5633
80.1419 15.0824
80.4996 15.5381
82.1815 15.0509
83.7192 14.5023
83.5395 14.6922
83.2314 14.9458
80.1034 15.6843
83.1576 14.0721
84.7482 13.8801
82.3368 14.531
87.4979 14.734
85.9136 14.0374
84.5435 15.0499
85.2203 13.8362
85.3159 14.4398
83.8948 14.9411
82.5714 14.2626
81.5948 15.3068
82.618 14.6495
80.8857 15.8068
82.6464 15.8201
83.8746 15.1235
83.0794 13.3242
81.3273 14.8282
83.1434 15.2432
85.0451 14.151
82.8649 14.0362
83.8031 15.3989
83.5635 13.994
83.5875 14.1735
81.4255 14.7224
80.8838 14.1739
81.8577 13.8282
80.0937 14.857
81.0395 15.2062
82.8519 14.5651
82.6609 16.1684
85.1109 15.1734
85.9131 14.026
85.9126 13.8279
85.555 13.9418
86.1133 14.1421
82.3264 15.3924
84.8416 15.3971
84.5748 14.6344
82.1266 15.1445
81.9506 15.0315
81.7819 16.199
81.314 13.6349
80.4581 14.3707
79.409 14.3483
80.9912 14.3235
82.3914 14.8422
82.1845 14.1416
84.2145 14.2757
82.6352 14.8996
84.2059 14.9563
82.2949 15.2451
82.906 14.3839
79.7245 15.5359
82.9288 14.6402
81.5036 14.9451
83.5475 14.859
81.3608 14.3773
81.0054 14.2259
81.9503 14.9421
82.6056 14.9593
83.4889 14.8658
83.2347 14.7448
83.4741 14.8345
84.5423 15.0275
84.5856 14.1394
83.7185 14.1455
85.0634 15.1981
82.2607 14.886
80.8183 15.3839
79.8799 14.8156
80.0666 14.5645
82.0972 14.4527
81.094 15.589
79.6967 14.7318
81.4236 14.4431
79.8793 14.6095
79.9373 14.8072
80.9114 15.4248
81.0335 15.674
81.0398 14.9249
83.5222 14.011
85.1519 14.0958
84.9374 14.9035
85.3616 15.159
82.4084 15.1115
79.8658 15.2435
83.6656 15.1208
82.0932 13.6171
80.871 14.7583
80.9894 14.8774
81.0812 15.0336
80.8206 15.1924
81.4139 14.7851
81.2293 15.0517
81.1294 14.631
80.2859 15.0375
81.6251 15.2104
86.9187 15.2764
87.6279 14.8437
87.6279 15.4309
83.528 15.4659
83.7273 14.3821
89.2775 14.1335
89.8567 14.2811
86.4318 14.8826
87.0611 13.99
81.441 14.9162
82.2268 13.8872
82.6769 13.9055
83.7087 14.5063
81.5228 14.5767
84.6658 15.0411
80.2061 15.2571
81.053 14.797
80.9639 15.0598
80.1291 14.3579
83.0217 15.5591
83.3149 14.7307
80.0329 15.5268
82.1455 14.5427
82.0663 15.121
82.9949 14.2859
84.7797 15.1312
81.7314 15.9426
82.1071 14.6431
84.5254 15.0373
85.8861 15.4681
85.8861 15.3335
87.5298 14.6041
85.4045 14.5211
86.3938 14.6877
84.6696 14.6464
85.2389 14.6453
87.0994 15.0629
86.2489 14.709
85.4323 14.9206
85.6608 14.1358
83.5076 14.3654
83.4291 14.1703
84.2493 13.9994
83.5479 14.8407
84.2315 14.6088
84.8116 14.5658
86.3789 14.7008
86.9632 14.4257
87.7266 14.0752
87.7908 13.6273
87.0588 14.5179
81.2507 14.2705
78.8026 15.0457
83.1167 13.9464
84.1726 14.2611
82.3932 14.9591
84.5963 14.8174
82.3733 15.0933
87.8049 14.9234
85.4238 15.2209
85.435 13.8746
83.5543 13.9887
82.4341 15.2281
82.6368 14.504
81.6224 14.8439
82.8014 14.8267
82.0005 14.22
80.9251 14.8942
81.166 14.9291
79.6007 15.7298
80.9978 14.8794
81.1683 15.4815
82.1624 14.8014
83.2606 14.4031
83.3104 14.8083
82.3955 13.7753
80.7794 14.6694
82.1773 14.4714
81.03 15.252
81.2558 14.4362
81.1417 14.4882
83.0731 14.5622
81.7851 15.0484
83.559 14.9308
83.1919 14.8897
81.1127 15.6346
82.7626 14.5714
82.1488 14.9012
82.1409 15.4847
81.9006 13.8176
83.3498 14.2741
81.7754 14.873
80.9957 15.2226
83.6291 14.2251
82.9622 14.5148
84.0883 14.3214
85.328 14.3528
86.215 15.2983
83.2921 15.0725
83.9765 15.0575
84.4505 15.5738
84.6356 14.5532
83.2184 14.9264
83.5323 15.24
84.3145 14.5523
84.5601 13.7543
82.3084 13.8323
84.2875 14.9912
81.5666 15.0227
80.5931 14.8059
79.6249 14.6309
82.611 14.7515
79.511 14.7592
84.2137 15.0224
83.8262 14.8894
85.1435 15.0572
81.3599 15.3757
81.8906 14.7216
83.4708 15.6444
79.7285 15.3707
80.8304 14.8507
80.2559 15.1154
79.0938 15.8849
78.3882 15.2426
81.3307 14.767
80.7861 14.8033
80.3081 14.2287
82.1719 15.0456
81.5002 15.3566
81.1052 14.6313
78.2452 15.1129
78.9091 15.0214
80.4289 14.7046
80.1845 14.8816
81.5592 14.4813
80.6135 13.75
80.0599 15.1644
82.6375 14.8763
81.4417 14.6466
80.7052 15.0677
83.2834 14.8611
83.2834 14.3715
85.1697 14.2673
81.7918 14.7094
83.321 15.4625
84.3428 15.4196
83.0055 15.0966
85.6229 15.2378
83.214 14.8341
80.1449 14.2437
81.3372 15.3093
82.9642 14.5411
86.1661 14.7092
88.324 14.3163
83.9893 14.3146
84.5611 14.8555
85.6454 14.9033
84.6204 14.9013
85.7083 14.2798
89.0866 14.7024
88.3606 14.1118
90.5033 14.6143
86.8103 14.7304
85.8215 13.8627
86.6195 15.3539
86.1988 14.8693
85.9238 14.2591
86.3582 13.9994
85.4169 14.8937
86.0326 14.5
87.3093 14.3308
88.7231 15.5511
88.8241 14.9814
87.2896 14.6877
87.1695 15.5726
84.8561 14.7391
88.8181 14.8258
88.8511 14.5623
90.0858 14.5059
86.5001 14.6044
86.041 13.8353
84.086 14.6414
86.4913 15.6571
83.1556 14.3767
84.1904 14.5651
84.3454 15.5869
87.4869 13.2398
88.2713 14.3283
87.8863 14.7276
92.6128 13.2646
93.2634 14.5787
90.5154 14.4833
93.7507 13.4678
91.4933 14.9677
89.5896 14.4775
91.6721 14.5973
92.829 14.3576
92.5726 15.1987
90.9113 14.758
92.286 14.4154
92.5779 14.4743
92.5779 14.4923
89.0201 15.6577
89.0201 15.4847
82.6437 15.0583
81.673 15.4461
80.2273 14.5315
80.2797 15.516
81.6685 14.2083
80.2776 15.7849
82.1975 15.0631
80.907 15.8105
81.9558 15.5671
83.0074 14.8299
81.0644 14.9529
83.0546 15.0471
82.1001 15.0097
82.426 14.9461
83.3741 15.0636
81.8771 14.8196
82.0149 14.5578
82.4959 15.6803
82.2164 14.1147
82.0879 14.0872
82.7948 13.9918
82.5006 15.5468
85.3035 14.1344
82.6974 14.0928
81.2336 14.3833
82.925 14.5549
83.0766 14.1211
81.5075 13.2753
82.0961 14.1951
80.8072 15.1254
80.7703 14.9847
80.6156 15.2404
83.2622 14.8325
82.9458 14.6517
83.5726 14.206
83.1539 14.997
81.4944 14.2347
81.1964 14.993
78.8712 14.9478
81.1082 15.5563
81.3749 15.7903
82.0067 15.1685
79.888 14.813
82.9843 14.0561
85.194 14.9202
84.0483 14.4457
84.1901 13.5875
82.1816 13.8132
82.0981 13.7357
82.4822 14.0393
84.7962 14.3639
87.0139 14.142
85.0724 14.8012
85.2827 14.9931
85.3549 15.3738
85.6548 13.7153
83.8642 14.8582
85.5503 15.3851
81.3051 14.2859
82.6817 14.5364
82.633 15.1763
82.4039 14.3818
84.2865 14.6809
81.4062 14.7159
79.7162 14.6751
79.6225 14.3758
80.3993 14.3789
80.5039 14.3701
80.692 14.4431
80.6608 14.6432
80.9526 14.3207
79.3994 14.9942
80.6341 14.6555
80.2769 14.6459
80.3595 15.3222
83.7071 14.8472
81.4666 14.7345
82.0789 14.8939
82.1388 15.3166
82.9703 15.7185
82.4184 14.4935
83.9233 14.3515
84.4231 15.1025
83.2718 14.5765
83.6542 14.6275
83.2664 13.9251
83.8909 14.8246
84.3797 14.3466
84.2486 14.0605
85.3736 14.3623
83.6962 13.8149
82.6696 14.4111
82.664 15.4694
82.6933 14.2681
79.3374 15.2458
82.7195 15.2923
81.9983 14.1978
82.2053 14.4636
82.9224 14.876
81.8696 15.8472
80.5081 15.2794
81.4925 14.0454
82.4629 14.9431
82.2547 15.3905
84.8894 14.5878
84.1277 15.0083
85.3785 14.0782
87.8432 14.7377
88.0302 15.1183
87.6574 14.4067
87.6666 14.486
87.1441 14.3421
86.2035 15.3706
83.6268 15.0643
82.2524 14.2312
81.5634 14.0465
81.9386 14.9274
82.4154 15.8586
80.022 15.6636
82.697 15.5593
83.2045 15.5357
84.0702 14.863
85.7339 14.5736
85.5529 14.7566
82.1937 14.7824
84.6209 14.4483
82.6032 15.0926
82.8708 14.9898
82.6128 14.2282
79.0546 14.4735
86.8436 14.838
87.2321 14.4129
86.9038 15.0084
84.397 15.5032
86.0492 14.8219
83.8465 13.9824
84.619 14.5026
84.0468 14.5619
81.2363 15.4408
82.2511 14.2709
81.1255 14.3349
82.8883 14.0439
79.8944 15.1953
86.2999 14.3042
89.4735 14.8298
85.1324 14.2557
83.1144 14.8326
84.3193 14.676
84.198 14.6866
81.8309 14.5501
78.366 14.2807
79.6247 14.9547
80.2393 14.483
81.8334 14.6668
81.8454 14.5579
82.2901 14.0285
83.2938 14.2816
82.3629 14.6608
83.0473 15.0805
82.2567 14.7352
79.8263 14.9149
80.3148 14.7087
79.596 15.2489
81.4445 14.9508
82.0653 14.7149
79.8892 14.5837
79.6336 14.4499
83.0112 15.1809
81.3925 14.9602
79.1445 15.0547
82.3806 15.6785
79.4238 15.1351
80.7867 15.653
83.8056 15.6391
88.4345 15.4597
86.2031 15.2198
89.2672 14.2637
88.9751 14.2716
84.9947 14.7416
85.8391 14.5157
84.9475 15.1517
82.9301 16.2428
83.6916 14.3216
83.6987 14.8864
82.5107 15.495
82.6792 15.2585
82.4244 14.3647
81.7449 14.8441
82.4115 14.8553
81.7318 14.9251
82.1197 14.1313
82.2656 14.8058
83.1002 14.9108
84.8651 13.5578
91.412 14.1854
88.3871 14.0277
85.4819 14.427
84.9962 14.7374
85.2168 14.4765
84.9833 15.296
87.3191 14.2473
85.9584 13.8197
85.2818 13.5259
83.9374 15.6085
86.4166 14.844
90.9701 15.288
90.0728 13.8496
93.119 14.8152
91.1145 14.7784
89.6825 14.2946
89.2271 14.8294
89.8228 15.2084
88.5329 14.1654
88.9021 13.5262
86.3529 15.0786
82.253 14.9525
81.4962 14.4996
80.3675 14.5575
82.5976 15.1205
82.5082 14.9141
82.5406 14.9567
82.5442 15.4691
84.0428 13.9048
84.184 15.1152
81.2271 15.2266
80.151 14.5308
83.2741 14.3743
80.9628 14.9976
78.3911 15.0032
79.2385 14.9256
80.8545 14.4252
79.4928 14.7043
81.7118 14.3434
80.8471 14.4264
79.4572 15.0535
78.2964 14.7678
79.0935 15.7224
82.7698 14.6306
84.121 14.0491
84.3933 14.146
83.4305 14.6126
85 14.8537
85.9558 15.1094
81.9924 14.1709
85.2976 15.9211
84.8085 14.4056
83.2071 15.2619
82.8125 14.1962
79.8008 15.265
81.3899 14.832
81.0654 14.2933
81.2347 15.6539
83.6125 15.1998
82.9691 14.4969
82.3188 13.7822
81.1074 14.7391
82.3449 15.0781
84.4851 14.6799
83.0538 14.9105
82.9937 14.1796
80.4833 14.2013
80.8468 14.4074
81.5175 14.5884
83.1854 14.6526
80.618 15.0844
81.122 14.9031
81.8994 14.3951
82.6732 14.2788
83.8067 14.1222
82.1622 15.2411
80.8031 14.8111
82.182 14.7304
80.1468 14.3105
81.1826 14.2838
79.6006 14.6828
80.3017 14.7341
80.5425 14.0062
82.3572 15.258
81.2341 14.1871
82.0363 14.4113
82.6748 14.8133
81.2459 13.9011
79.5445 15.014
79.5992 14.666
77.7936 14.5058
80.5313 13.9624
84.8787 14.671
83.671 15.0016
83.7006 14.3377
81.0781 15.5385
83.359 14.7074
82.5084 14.6763
80.5839 14.5315
83.1296 14.9624
82.2915 15.513
84.7957 15.5111
84.4877 15.0717
87.7312 13.9241
86.6495 14.1254
82.8682 14.0752
86.2155 13.9944
86.0745 14.3334
85.7615 13.9841
86.7271 13.2801
85.0118 14.6303
87.8374 15.3113
88.1791 14.6312
87.8147 13.7189
82.0938 15.8731
85.8615 16.0417
85.2829 14.8322
85.2272 14.8512
83.8784 15.1506
83.7373 15.3683
85.2793 14.0545
84.0919 14.9393
84.5196 14.8818
81.3596 14.5306
82.2401 14.2599
79.8739 14.6843
82.3955 14.6163
82.9229 14.447
82.4858 14.3763
81.7393 14.5521
83.7828 14.5026
83.2641 15.2394
82.2943 14.8321
82.3814 14.6745
83.0987 13.9284
82.8088 14.363
81.5405 15.0426
83.7834 14.4158
83.7581 14.6507
82.3971 13.8659
80.6993 14.0042
79.9828 14.0063
80.8673 14.3185
82.035 14.6939
83.7883 15.7678
78.6534 14.6702
80.5492 13.8689
81.0385 14.433
79.0909 14.2821
81.3418 14.3613
81.311 15.4078
81.6127 15.3249
79.2044 14.1169
82.8245 14.2064
82.3417 14.889
81.219 15.0277
81.6108 14.9795
80.3895 16.1458
79.0695 15.1293
81.9027 14.0709
85.5155 13.6148
85.2832 14.8891
85.9909 14.5121
84.3439 14.6844
83.4459 14.923
83.1591 15.1329
84.42 15.229
84.0612 14.6743
84.2346 15.3528
84.1434 15.189
85.9515 14.8093
88.8389 14.5485
86.5215 14.8232
85.5316 14.8447
83.9278 14.6221
83.3603 14.8074
82.569 14.7776
85.2646 13.9815
83.6503 14.8323
84.5227 14.7578
84.505 14.5247
84.7517 14.5576
83.3998 15.3807
86.3954 15.8782
87.0714 14.2136
88.5136 15.2166
86.3301 15.0005
87.0073 15.4773
85.0331 14.8603
85.632 14.2257
86.7994 14.5291
79.7957 14.611
83.9503 14.9084
83.7756 14.2068
85.5574 14.2344
82.7572 14.2296
81.5342 14.957
82.3982 14.7202
84.6799 14.5142
85.1943 15.0086
85.3892 15.2188
83.5601 14.8675
81.664 15.5767
82.2469 14.2003
81.1414 15.1559
81.8745 14.1772
81.8745 15.323
81.9344 14.9981
80.512 13.8185
79.7283 15.157
79.7283 14.8425
79.0837 14.9437
79.6585 14.8146
82.8697 15.2676
81.2843 15.0592
82.8884 14.4028
83.9279 14.4862
81.8808 14.5983
82.2924 14.4765
82.1276 15.0104
84.1204 13.7905
84.3082 14.4572
84.5684 14.5176
84.5032 15.0476
85.751 14.729
83.1638 14.9975
81.5371 14.9722
81.2893 15.3212
81.1275 14.7298
82.4176 14.1788
83.2008 13.9685
83.5773 14.3396
82.8511 13.8937
82.5789 15.0193
85.7147 14.0741
84.7396 14.6934
86.2379 14.7137
88.1343 14.0406
86.1652 15.6328
88.1773 14.6875
90.8635 14.4959
92.9739 15.747
90.8538 14.0261
90.8538 13.7721
90.8538 14.3284
87.7961 14.1815
87.0554 15.698
86.3696 14.2247
82.6194 14.2367
88.2686 14.6478
85.9401 15.4639
86.7604 14.4561
86.728 14.3305
88.3195 14.0375
87.8574 14.6602
86.4294 14.4387
85.1371 14.0291
89.4897 14.864
90.4373 13.7616
88.7425 15.1935
88.4512 14.9174
86.5667 14.1579
89.1602 14.3616
88.6102 14.3127
86.7478 14.0401
83.5894 14.3565
84.6472 14.9069
84.0562 14.9061
83.7486 14.7468
83.8331 15.2594
83.679 14.5076
85.8998 14.3925
85.9749 13.4694
86.0548 14.8381
85.6726 15.3344
86.1702 14.833
88.0621 15.498
86.818 14.799
85.4661 14.5935
83.6885 13.9193
83.4059 14.4317
85.2366 14.492
85.5438 14.1853
84.5807 13.9628
85.106 14.3515
87.5254 14.6564
90.2616 14.6325
85.2234 14.7452
83.454 15.077
83.7622 15.3273
83.4334 14.748
83.3683 14.9785
82.0743 14.9872
79.3435 14.901
78.9809 14.8024
81.5403 14.5674
81.0331 14.5982
81.7213 14.8234
82.7644 14.1825
84.5643 13.6581
85.1807 15.1433
82.6141 14.8575
81.5983 14.3001
84.3823 14.9382
86.0426 13.8024
88.4707 14.9558
87.931 14.5035
88.6422 13.9219
85.9274 14.3341
86.0338 14.2945
84.8896 14.3958
85.4461 15.6664
83.9974 14.0791
82.5459 14.0846
80.9376 14.7012
80.9429 14.1364
79.4378 15.4116
79.8858 15.3307
82.7301 14.4886
78.997 14.0882
79.516 14.6653
78.689 14.6815
81.8844 14.5035
80.1228 15.9677
80.7124 14.4083
79.4932 14.5228
79.8464 14.7161
83.8468 14.9304
83.5985 13.369
80.7868 14.6941
80.7868 14.8891
83.7999 14.4697
84.3593 14.1734
84.7949 14.7983
84.2345 15.409
86.9316 15.4345
85.3622 14.9469
83.784 15.3458
83.6974 14.487
83.161 14.6343
82.7789 14.1337
83.1346 14.6431
84.1803 15.1203
84.3641 13.8928
83.5533 14.1028
83.1303 15.0603
79.7675 15.1233
80.2669 14.9139
79.77 14.9254
84.0448 14.2186
85.7664 13.7752
83.0194 14.8417
82.0111 15.3511
81.4868 14.6705
83.6733 14.0392
82.6966 15.4507
80.1916 14.5214
78.9733 14.2553
79.4315 14.8025
81.1069 14.3743
80.69 15.1661
82.6047 15.0035
87.8062 14.2746
86.2054 13.9175
83.6063 15.3339
86.1937 14.5893
86.3868 13.5145
86.3868 15.2759
83.7058 14.2742
86.9583 15.4428
86.3117 14.7963
84.9229 14.3046
84.4247 15.2999
87.3353 15.5895
84.5416 14.7664
84.7842 14.7172
83.045 13.7891
82.9797 14.8943
85.3295 14.4181
85.3204 14.2852
85.3629 14.6654
84.1069 14.7943
84.4235 15.8026
84.2764 14.1519
84.8769 15.4458
84.1703 14.135
79.4864 15.0778
80.9435 14.9767
82.2728 14.5634
81.3719 15.0949
80.5096 14.2121
81.0176 15.6734
81.2401 15.3564
80.1783 15.5698
83.4409 15.3954
82.6554 14.1016
82.1839 14.442
80.9737 14.0087
83.6874 15.4319
81.9105 15.6362
82.9679 14.907
81.7395 14.9921
83.3527 15.4729
83.4689 13.5929
83.8552 13.7941
84.1188 14.6927
81.3196 14.5361
80.5636 14.3238
81.3415 13.2481
83.3069 15.0421
83.0305 15.5212
81.9534 14.728
86.411 14.4737
87.3771 14.9181
88.0822 14.811
86.3963 14.9891
83.748 14.3083
85.9167 14.306
84.1021 14.6519
83.7455 15.2127
85.69 14.2469
83.9292 13.9673
84.2195 15.5857
83.5185 14.4539
82.9992 15.3565
84.0925 15.0865
86.8249 14.6089
83.7676 15.1858
83.8707 15.1132
84.2532 15.4498
81.4224 14.7636
80.1986 15.0916
83.9347 14.5098
83.1032 14.3496
86.553 15.2164
82.5126 14.9455
82.8584 14.6896
80.5417 14.1032
80.4215 14.6427
80.7411 15.4403
82.2867 14.4927
82.3219 14.23
83.4722 14.2256
83.8308 14.178
82.3646 14.7076
83.155 14.4357
84.29 14.2945
82.8296 14.6645
83.441 14.9093
84.1254 14.7545
84.5671 13.6401
81.9166 14.5718
80.6748 14.92
82.2635 14.6905
83.6188 15.1618
85.0837 14.3047
88.8831 14.0205
86.7926 13.4369
86.0075 14.8752
81.9927 14.9612
82.8566 13.9609
82.6927 13.8633
80.9336 15.1259
80.7632 15.1653
80.7794 15.2356
80.2033 15.2011
79.9701 14.7635
78.984 15.1124
81.7031 13.7585
82.5836 14.6109
81.5539 15.1248
81.4322 15.0019
81.8888 14.5714
81.3467 14.1515
79.8748 15.0321
84.7814 14.2656
84.2145 14.3919
82.3418 14.3911
82.8627 14.6301
83.6348 15.1477
83.2282 14.2331
82.8273 15.2765
81.1044 13.5762
83.0811 14.9889
82.9939 14.9427
82.6663 14.9491
82.3895 15.2725
82.6909 15.4695
87.1375 15.5766
85.3269 14.4988
86.1418 14.2572
82.847 14.223
82.0776 13.4743
82.6202 14.3693
81.1306 16.1736
80.3743 15.484
81.0873 14.5089
79.4843 14.967
83.583 14.2779
82.4648 14.1178
81.885 14.6235
82.1175 14.7549
82.6926 15.2139
82.0373 15.0041
84.0365 14.4395
84.2989 14.7722
83.8127 14.5329
83.4782 14.6672
84.0418 14.6294
78.4023 14.2927
79.0033 15.2211
80.5515 15.2786
80.3947 15.3565
83.527 14.242
82.6493 13.9346
82.0494 15.1697
84.2011 13.9079
81.6878 14.6538
81.4736 14.7363
80.6125 15.4925
80.3273 15.6997
81.2298 14.8686
81.7116 15.109
80.7129 14.9109
80.8617 14.6722
82.5863 14.292
82.0605 15.2694
82.0037 15.1387
80.6011 14.6734
84.1512 14.6027
84.3954 14.7651
87.0105 15.3118
85.7512 15.1814
85.7315 13.8226
86.2921 13.9878
86.4425 15.2425
85.7147 14.8211
84.5669 15.0711
88.1163 15.361
88.4027 14.4855
86.6991 14.407
86.5402 14.3483
85.3934 15.0389
83.5399 14.5726
84.4845 15.0639
84.2865 14.6033
83.6382 14.2614
81.0611 16.1401
80.234 14.7734
82.1177 14.1891
83.581 13.73
83.9099 15.3658
83.7918 14.2969
81.4482 14.7408
81.0409 15.5177
79.1173 14.272
81.1371 14.8147
81.518 14.7368
82.2279 14.7847
84.1639 14.7876
80.3911 15.0636
80.6004 15.0389
81.8583 14.8391
83.0293 14.8096
81.3767 15.0541
80.1598 14.5185
82.6162 15.2788
82.8123 14.6561
82.4986 14.1478
84.4784 15.4173
82.3255 14.501
82.2508 14.9384
82.7066 14.7949
84.4156 14.715
82.3965 14.9844
82.5344 14.0969
82.9872 14.3057
84.9108 15.361
85.3668 14.248
84.7339 14.6577
82.6256 14.6717
82.2411 14.9665
83.2472 13.9421
84.0693 14.3304
84.1466 14.4041
84.1812 14.3692
87.231 14.937
86.1968 13.4445
86.0693 14.586
84.8926 14.3543
83.9818 14.5945
83.0048 14.2658
84.1511 14.7402
84.1198 15.1035
83.8059 14.4837
84.1615 14.8337
87.5541 15.9584
85.221 14.1202
84.855 14.3155
83.2633 14.8587
83.6643 14.3981
84.8496 15.7749
84.1799 15.0867
86.1527 13.2897
83.3237 13.9092
84.9475 14.6847
83.1771 14.6717
84.126 15.0034
80.606 14.2555
84.2952 13.9662
84.4682 14.8065
82.2796 14.2584
83.9305 13.553
80.0534 15.1308
81.0227 14.7187
81.8984 15.2815
80.4383 15.1879
80.6382 14.092
82.514 14.7727
83.2876 15.0799
82.8397 15.3975
79.8783 14.2708
81.7884 14.1177
81.9723 14.2657
81.4019 15.3849
82.5864 15.0656
80.6708 15.0108
80.5603 14.2088
80.4299 14.705
78.4042 14.6049
81.3535 15.2771
81.1967 14.3644
80.7524 15.2075
79.7532 14.9468
82.4976 14.3393
82.3848 14.5934
81.9991 15.1785
82.2323 14.6185
84.265 14.2314
84.2279 13.8876
82.4491 14.5784
84.5637 14.5447
85.6776 14.6785
87.9951 15.6429
87.5633 15.3593
86.9432 15.1495
86.0736 15.0353
85.0694 14.4917
84.0794 15.5482
83.8274 14.3557
82.7134 14.3451
81.9633 14.3872
81.5549 14.281
79.3998 14.2841
80.3703 15.1636
78.891 13.5932
80.2857 14.3897
82.1348 14.49
79.4631 14.9941
82.8501 13.5283
82.8386 14.7172
85.9572 14.2029
89.7447 13.8174
87.3937 14.0973
84.4727 13.9536
83.0021 14.0661
84.2195 14.4879
81.8331 15.0035
81.4026 13.6947
80.8288 14.9136
81.0555 15.276
79.188 15.3477
80.7121 15.3582
81.1388 15.0633
80.2604 14.4483
78.8556 15.0874
82.0277 15.3313
82.509 14.813
84.9042 15.5615
83.437 15.271
83.0214 14.5631
82.9156 14.9945
81.8177 14.3849
79.8263 15.5833
82.2489 14.7381
82.301 13.7696
83.0289 14.6999
82.7202 15.5017
83.9514 15.6721
83.576 14.0451
85.1844 15.2763
86.8924 15.0473
87.7615 15.1496
87.7426 15.1895
86.6408 14.5596
83.1061 14.838
82.6935 14.8965
83.5494 15.2299
87.1363 13.5077
83.4291 15.2958
83.5316 15.1837
82.9606 13.938
82.3779 14.7933
81.7874 13.7218
81.0349 14.8935
83.738 14.0071
85.6308 14.1637
85.4223 13.8071
87.2574 14.3423
87.2574 13.8862
88.4275 14.3984
88.1084 14.2712
86.5847 14.1302
88.9582 14.46
84.1701 14.615
85.7237 14.9417
84.524 14.4058
85.1828 15.1112
84.5991 15.1878
84.6367 15.1863
83.9289 14.996
82.6883 14.2146
82.6208 14.9193
81.3669 14.8329
82.9015 14.7851
84.0238 13.6145
83.1422 15.1784
82.4958 13.9477
80.5722 14.3249
80.6554 14.3237
79.1267 14.717
79.3612 14.0164
81.8973 14.2175
82.8193 14.4724
81.9607 14.8981
82.8517 14.8207
82.6288 14.7288
83.2786 14.9603
83.2786 14.8848
84.3454 14.1791
85.0105 14.0739
81.0275 14.1478
80.0407 14.2843
79.4396 14.8578
79.6861 14.9119
79.6846 15.6724
80.4619 13.9386
80.5162 14.3949
79.6759 15.9377
82.6803 14.946
79.3307 14.9222
79.9336 14.2355
79.9513 14.2758
79.9109 14.4271
79.0053 14.2226
78.9306 15.2076
81.201 14.223
80.3413 14.7687
81.4974 14.1247
81.5486 15.2076
83.5785 15.1189
82.4535 14.7617
82.9644 15.2316
84.9185 13.6362
83.6675 14.0431
80.6984 14.3008
80.6626 15.5158
81.6181 14.4894
80.2967 15.0962
80.4796 14.1107
81.9285 14.2667
81.3809 13.0404
80.9163 14.3448
80.9333 14.8464
80.9328 14.4958
81.4876 14.472
83.4062 13.7235
84.0712 14.1883
85.8208 15.3706
82.2863 15.186
85.6607 15.2977
82.6994 14.3216
83.4599 14.4926
82.6902 14.8367
82.3622 14.8994
81.313 14.5544
81.2507 14.712
83.8748 14.2319
83.7812 14.1248
84.815 14.0618
87.7099 15.0593
88.2405 15.6381
87.3323 14.2597
84.1744 15.3684
81.9178 14.9955
81.8128 14.1446
82.1989 13.7394
85.2236 15.3593
85.8975 14.898
85.5632 15.1095
84.3132 14.6425
86.6043 14.6905
83.9069 14.0657
81.7684 14.2422
83.9693 14.8649
83.238 14.4341
86.6372 14.5089
84.6904 13.6572
86.7388 14.1628
84.0722 14.0487
85.0515 14.8652
80.4358 13.8503
80.0175 14.4528
81.9858 15.5683
82.7969 14.8434
82.0766 14.9467
86.0629 14.9429
91.624 15.0029
93.3112 15.0262
89.9985 14.9415
88.6402 15.3035
87.908 15.4307
86.542 15.2061
86.542 14.5784
84.7368 15.7395
85.3348 14.7844
86.1266 15.359
83.7683 14.2188
81.8187 14.2447
84.1076 14.2427
84.1415 14.0802
85.5693 15.6675
84.9874 13.8019
82.1756 14.8532
83.2026 14.7517
83.4269 14.6054
81.8905 15.108
79.4301 15.3074
79.1121 14.421
80.2496 13.926
82.7057 13.5349
80.9821 14.6634
82.5777 14.7973
82.874 14.7446
81.9266 14.6558
80.7839 14.809
80.4444 14.9946
78.4066 15.4734
83.3007 14.5787
81.7452 15.223
80.4041 14.254
82.8823 14.5022
82.6772 14.8635
82.5366 14.87
81.7626 14.2773
82.3334 14.3281
79.4357 16.0675
82.4829 14.9607
78.0708 13.8557
80.4639 13.8147
79.6024 14.2657
79.8368 15.3003
79.6121 14.9904
80.8695 14.6648
81.3405 15.01
79.0751 15.4437
81.4857 14.5697
81.0412 14.4612
80.9711 14.5277
80.0668 14.6509
80.9464 14.8371
81.0217 14.5158
83.1562 14.9551
79.2135 15.6371
83.3696 14.5447
82.6929 14.6298
85.05 15.1419
86.9664 15.0842
83.8835 15.3181
85.0125 13.9612
87.7146 13.8201
86.0569 15.6544
83.4065 14.1987
81.1505 16.1012
81.1221 13.9133
81.1361 14.182
82.2269 14.6066
82.2007 14.7886
81.6932 14.5474
81.6932 15.0164
81.0769 14.5429
80.8817 14.2235
81.2034 14.5179
81.3373 14.5887
81.5448 14.5032
82.131 14.5228
83.104 13.996
82.2445 14.6212
78.6978 14.7872
79.8581 14.8998
81.4832 14.6412
81.2234 15.4322
84.6837 14.7448
84.8216 14.6814
80.6111 14.6947
83.8728 14.9783
83.5689 14.6075
86.9947 14.4888
86.1857 14.3448
86.5355 14.3549
83.3868 14.4841
84.1502 14.6529
84.9448 14.6556
84.6645 14.0819
82.9262 14.8151
82.3777 14.2607
83.9665 14.0572
87.1734 15.2735
85.5098 15.2667
87.1391 14.9208
87.8575 15.159
80.5258 15.2329
82.7586 15.184
83.6868 14.8853
84.6495 15.5331
84.7484 14.7439
83.2044 14.6166
89.2244 15.3199
88.0091 15.5692
86.1346 15.0419
85.6371 14.6687
83.1488 14.6489
84.3743 14.8773
85.2529 13.4179
88.0493 14.3717
85.9151 14.1358
82.9177 14.5989
83.0086 14.5186
85.3991 14.5137
82.4525 14.6218
82.3141 14.4811
82.9983 15.3073
80.8592 14.3672
79.4707 14.0727
77.918 14.8309
84.1509 14.109
85.9563 14.1288
86.1875 14.5027
85.1918 15.0781
84.3966 14.9398
81.0255 12.9349
81.093 14.3128
83.2449 15.9788
82.7882 14.6459
84.6334 14.5591
81.7384 14.4289
82.4743 14.4943
83.9905 14.6983
85.6556 14.6516
82.9226 14.102
80.3118 14.0773
81.4293 14.5401
80.2066 14.0769
78.3565 14.3229
81.0229 14.9308
79.5863 14.3259
81.3754 15.5758
83.5166 14.3547
84.9661 14.5005
85.6899 14.2453
85.7586 14.8126
85.1026 14.0897
82.019 15.2613
80.1948 13.9906
83.8812 14.1711
83.0128 14.1787
82.3071 14.9446
82.9086 14.3707
82.2466 14.2666
80.6347 14.8683
81.5541 14.8486
82.3488 14.9912
81.2766 15.1303
81.5453 14.7724
82.8291 14.943
83.1089 15.1216
85.1249 15.1645
83.039 14.2509
80.2182 14.4697
82.4685 14.5483
81.786 14.0809
83.3554 13.9445
84.1597 14.9718
83.812 14.6085
84.579 15.0542
85.467 14.224
82.7867 13.933
83.6266 13.8968
80.1217 14.5188
80.1895 14.5516
78.3342 14.723
81.7129 14.9863
81.2588 14.8812
81.9488 14.4388
82.0452 14.6024
82.121 14.2298
82.1505 14.7518
80.2305 14.0511
82.7574 15.2202
81.6439 14.3419
82.3654 14.5596
82.1827 14.3091
84.2198 14.5456
83.0033 15.5214
83.2557 16.1927
82.7827 15.2347
85.5346 14.6061
86.6857 15.1961
85.6891 13.9029
85.1078 14.9508
84.7056 13.9633
87.7946 14.4712
86.7186 14.6095
87.1377 14.6915
87.1377 14.3285
85.8908 14.6389
85.3442 14.8865
84.7935 14.1886
83.485 14.2732
84.3746 15.0459
85.0426 15.5176
86.3312 14.8925
86.7687 13.7722
87.7794 15.3958
87.618 14.7474
87.618 14.6648
92.681 14.6437
92.681 14.9247
89.9048 15.0157
91.682 14.7846
90.0367 14.0953
90.6613 14.1051
90.964 13.8124
88.8563 14.9496
89.111 15.1879
89.1669 15.4101
85.3367 15.7393
83.8319 14.4719
86.5761 14.8103
88.1213 14.824
87.4586 14.2987
85.5225 14.3051
85.8781 15.6416
85.7436 15.3381
88.237 15.1914
87.4366 14.5166
90.907 15.1969
89.6531 13.449
87.0402 14.5048
89.6104 14.2904
93.5022 15.2237
89.2511 14.1756
89.9776 14.8599
88.5497 14.9559
87.0667 14.6463
85.4655 15.0304
89.37 14.8277
84.2297 15.0376
88.0315 13.7064
87.1159 13.8454
84.2177 15.6028
84.6242 14.7922
85.4141 14.7838
84.0723 15.0742
80.9858 16.0838
80.8129 15.9882
80.5539 14.6614
80.734 13.3558
80.7449 15.1059
81.4176 15.6299
81.2412 15.8276
80.2949 14.96
83.0692 14.5416
84.6349 14.9117
85.1031 14.8109
85.8753 15.3042
84.4106 15.2357
83.6781 15.4794
82.9245 14.5924
84.1103 14.4031
82.4034 14.2806
81.8605 14.8081
83.5222 14.831
82.8915 14.4549
80.8224 14.9627
82.3586 14.6266
80.8096 14.4784
79.851 13.1396
80.8534 14.9312
81.2375 14.592
78.5121 14.4664
81.379 14.3494
83.0192 14.4353
83.9295 15.0693
83.9292 14.7643
83.9687 14.3279
83.4821 15.2105
82.3925 15.2206
82.3226 14.2364
81.3502 14.2955
81.7941 14.5511
82.5708 15.3147
82.9783 14.9243
83.9807 15.1095
85.5499 14.2614
85.7114 15.2181
83.3357 14.9263
84.0164 13.5028
80.6432 13.5876
80.8714 14.7246
80.2377 14.7836
80.5067 15.1993
83.4403 15.0841
81.9436 14.3575
83.7191 13.7348
82.8589 13.5891
80.5626 15.4627
80.3678 15.1243
82.0253 14.5058
79.3082 15.1882
81.7387 13.8401
83.9274 14.8621
86.5285 14.4501
87.2015 14.546
87.3906 14.263
82.9756 15.6745
85.9918 14.5687
86.7884 14.7964
85.5415 14.4286
85.1915 14.5962
82.1021 15.0805
84.9995 14.3042
83.3826 14.6717
84.8682 15.0147
82.7629 15.6586
82.5415 14.5937
81.4612 14.3419
84.4831 14.1916
83.1078 14.5775
81.239 14.1149
79.2328 14.5995
80.9316 15.4331
78.2815 14.7613
77.6296 15.054
78.2428 15.0504
80.7796 14.9721
80.8606 14.6107
78.1143 14.8775
78.4677 14.025
79.1543 15.8263
81.3994 14.758
80.3605 14.7144
81.0467 14.8139
81.6875 15.8034
81.9031 15.2321
81.3722 14.1426
81.5116 14.7998
82.9497 14.6187
81.5553 15.3487
80.245 14.1509
81.8939 14.632
82.8336 14.612
83.3274 13.966
83.9823 15.6438
83.3201 14.4902
83.3868 14.651
82.3407 15.4885
80.8879 14.0719
82.7037 14.0457
83.5114 13.8749
86.5071 15.1029
84.4341 14.1023
85.7272 14.724
83.1699 14.8559
83.997 14.4753
80.6325 14.4917
81.299 15.6451
82.4458 14.7179
80.8855 15.1047
80.8446 15.3621
78.897 14.6468
84.838 13.965
89.2045 13.9129
86.6073 14.7012
82.7625 14.8166
84.6879 13.8032
83.1531 13.7268
81.5567 14.5564
80.9505 14.9081
80.2864 14.9824
80.4631 15.3657
79.5772 15.2383
80.4491 15.023
80.9527 14.7116
81.8962 14.7764
78.5291 15.1872
77.597 15.3234
79.37 14.4799
81.0471 14.491
77.735 14.8902
81.4602 14.702
82.621 13.3611
82.8216 14.2716
84.795 14.2719
84.2294 15.442
83.3931 13.9733
83.1278 14.134
84.2749 15.059
86.0718 14.6891
85.5584 15.1748
82.1541 14.1056
82.5069 15.9961
82.0167 14.687
83.7084 14.1626
81.7921 15.0186
83.0175 14.8622
83.4073 15.0435
81.9988 14.9658
79.9905 14.7954
83.8721 14.7713
82.8852 14.4055
83.7262 14.4856
83.4744 14.4724
84.1261 14.5
85.2801 14.4533
83.0404 14.2004
82.5963 13.9271
84.0993 14.6331
82.5312 15.0331
83.5419 14.4876
84.8276 15.5879
84.3114 14.5948
82.6494 15.3949
83.4452 14.7105
82.3914 15.5585
82.6285 15.4122
81.5455 14.9958
80.6794 14.4038
80.0389 14.7726
83.7047 14.0723
83.6687 14.1562
83.349 15.1545
82.5091 15.0492
79.82 14.9635
82.1055 15.1067
81.8124 15.2713
82.0593 15.2975
83.2332 14.735
81.247 14.0777
81.6316 14.8264
82.9953 14.3689
85.9443 15.0442
82.8061 14.0589
84.3339 14.2213
81.5264 14.8053
84.9119 14.3942
83.4616 16.1209
80.5393 16.3727
80.7009 14.7972
80.2171 14.9299
79.0679 15.1863
80.7313 13.8583
81.0418 14.5424
80.4816 14.9148
82.1126 15.4827
81.6213 14.3573
82.4393 14.6342
85.0704 14.9203
80.5362 15.5386
82.3521 14.6649
84.7557 14.9274
85.1578 14.5264
82.9983 14.5188
81.1566 14.4896
81.2368 14.8876
78.9099 15.3231
81.3992 14.747
81.048 14.6744
78.8117 15.3194
80.7107 16.2787
78.1878 15.305
82.2351 14.9356
85.4418 14.9762
86.4239 15.0809
83.0129 16.0377
81.8332 14.9433
80.2149 14.9486
79.0814 14.6289
78.5066 14.8403
79.6261 14.4845
81.3392 14.7316
81.9957 14.5488
83.099 14.7531
82.8916 14.5662
82.5527 14.8257
81.7571 15.5605
82.5176 15.1256
82.5006 15.3301
81.6826 14.984
81.6627 14.4119
83.3367 14.9635
83.384 13.8298
83.2875 15.3806
83.7955 15.3648
84.2914 13.5181
85.2032 13.8528
84.9441 14.6147
84.9467 14.6507
84.946 14.3608
84.9462 14.2627
84.9243 14.2798
81.9505 14.9854
80.7589 14.8618
81.8332 15.3206
79.9585 15.1495
80.6208 14.2229
79.7411 14.8218
79.3891 14.613
79.187 14.1263
82.5469 14.2279
81.3722 15.5302
81.5133 14.1866
81.9845 14.1185
81.0406 14.7617
81.4943 15.0987
80.7224 14.9795
81.4894 14.0025
81.5752 14.6834
82.4985 15.1358
85.4206 14.6894
83.4408 15.2798
82.2704 16.0332
83.1389 13.8977
84.5906 13.4705
84.8482 15.2144
84.9634 15.0251
84.2922 14.8596
81.9227 15.4888
81.9494 14.8083
83.8282 14.9732
85.6542 14.3627
84.6482 14.9247
83.5396 15.5547
83.8574 15.1997
80.7543 15.1843
81.5455 14.6199
81.367 15.2805
81.6608 15.0575
81.7957 14.1156
81.5923 14.9588
81.1721 14.4199
81.1272 14.2369
81.4554 15.2219
84.7364 13.7768
82.2488 14.3312
82.3975 14.7079
81.4479 14.1673
83.2269 13.7882
80.3953 15.6269
80.3267 14.1086
81.4432 14.3029
82.8028 13.8671
81.5987 14.5595
80.8494 14.7583
80.3815 14.3478
80.5694 15.7277
80.4843 15.2632
80.2045 14.3894
81.1975 14.3368
78.2575 14.7289
79.8604 15.4263
80.8078 14.3454
78.9591 14.6226
81.7175 14.8686
80.3208 14.7848
80.2534 15.594
80.1637 14.4341
81.6866 14.5975
81.377 14.5696
83.8642 13.5329
83.5593 15.3863
82.1271 15.1888
79.6529 14.9445
82.2567 15.4679
80.9594 14.5443
82.2085 13.8195
78.2212 14.3756
79.0703 14.6227
81.0169 14.0008
80.8415 14.3829
81.5872 14.2448
82.359 15.2684
81.22 15.5014
81.1764 15.7468
83.3051 14.5669
83.575 14.8393
85.2779 14.6833
83.7587 14.8701
85.8098 15.1891
86.1437 15.0848
85.0225 14.2862
85.0224 14.4645
83.7279 14.4461
82.97 14.2335
81.0269 15.7467
80.997 14.9483
83.4224 14.2936
83.3853 14.717
82.56 15.0641
79.5708 14.2304
80.5518 16.0067
79.8209 14.4206
79.3541 14.8168
81.9674 15.0973
80.3341 14.5823
79.7538 14.6423
81.6625 14.8889
83.3681 14.5603
83.0435 14.6516
83.0981 14.9252
82.5646 14.6755
82.5967 15.0853
82.4439 13.9526
81.3349 15.22
82.314 14.7694
82.0919 14.3732
82.7438 14.3687
80.9578 14.3688
81.2378 14.2561
81.0812 14.5147
80.3913 14.6142
79.5413 15.5638
79.5014 14.6538
79.7238 14.0908
81.297 14.3205
80.3369 14.6678
81.132 14.7842
83.1597 15.9428
81.2258 15.4659
84.0154 14.8779
81.5589 15.8466
82.8977 14.7448
81.0894 15.126
82.8361 14.113
78.6923 15.4209
81.7 13.7696
82.3919 13.7752
81.8091 14.0906
82.2884 14.9658
80.9721 14.9484
83.3223 14.8488
79.6707 14.9223
82.2912 15.1125
84.2554 13.5586
83.6941 14.302
82.8887 14.8407
87.6832 15.1953
85.1147 15.2881
86.5627 15.8457
87.3419 14.4514
86.881 14.8238
86.4427 14.7875
82.6299 14.7581
80.7171 14.9464
80.7171 14.5415
81.8746 14.4936
84.0442 14.6181
89.3692 13.8593
86.7174 14.8248
85.9615 15.1325
85.0249 15.693
85.4913 14.8832
86.0384 14.7555
82.4014 14.5964
82.4848 14.3889
83.1411 15.4921
83.67 13.9335
84.2322 14.4114
81.3363 14.7362
81.3075 15.0811
86.8984 14.2074
84.7223 14.1609
86.1885 14.6367
86.9773 14.7668
84.8226 14.7729
83.8359 14.1033
85.396 14.3294
86.8583 14.457
87.3079 15.0777
88.3302 15.3464
90.2042 15.2536
88.1166 14.5601
88.1166 14.8447
85.5523 14.7156
85.3088 15.352
86.1228 14.9846
85.0486 14.5923
85.8056 14.4017
86.6947 14.4213
86.3316 14.832
85.1675 14.9037
85.905 16.2587
84.8211 15.7856
84.9817 14.5936
86.5261 14.4653
88.5774 15.1856
88.5774 14.5771
90.4817 14.4437
90.0193 14.6996
89.5673 14.2741
90.9292 14.3496
95.5101 14.3289
94.2649 14.4401
93.0433 15.1042
87.2405 14.6519
81.8606 14.471
84.6183 14.9831
86.018 14.3618
87.8723 14.3167
91.0299 14.5528
86.2981 13.9042
87.6326 14.3233
85.5943 13.295
85.5943 14.2111
83.7721 13.7765
83.8153 14.9578
83.1802 14.4529
82.771 15.1052
83.9261 15.1465
84.4619 15.2036
86.1416 14.5329
86.2004 14.4582
86.5899 14.9069
79.6967 15.7573
82.987 14.6491
81.4033 14.7021
79.4019 14.9488
81.1604 14.0827
79.9335 14.9714
83.0515 13.5766
80.8066 14.4194
81.2687 14.3587
79.9122 14.308
80.7758 14.0379
80.9003 13.7424
83.7726 13.8356
81.0049 14.5027
81.0336 14.3804
82.6835 15.1078
79.8363 14.7688
81.1727 14.891
81.3748 15.6564
82.3737 15.1013
81.9682 14.3378
84.4661 13.3619
85.0121 14.9389
84.1978 15.215
85.588 13.98
86.5002 14.5419
85.662 15.1004
84.2176 14.7984
85.4879 15.5094
86.901 15.3712
85.2762 15.337
86.208 14.9189
85.278 15.4205
84.5943 14.443
87.6074 14.628
89.9524 15.0844
91.4183 13.4319
92.3658 14.3602
94.4647 13.3769
91.659 14.1131
90.4002 14.6161
93.2933 15.0613
91.6397 15.0959
86.9016 14.5436
88.4558 14.3631
86.895 14.3581
93.2946 14.348
90.7504 14.3179
91.55 14.2303
88.7925 13.5174
88.7459 14.1637
88.8834 14.0754
87.2025 14.9415
87.4086 14.8196
85.5369 14.9226
85.3104 15.2672
85.7428 13.9585
86.4759 15.8365
85.6994 14.1207
89.202 14.2909
89.2997 15.1677
86.0045 14.7131
88.4268 14.5445
87.8388 14.6139
87.3803 14.9826
88.6508 14.8936
81.9705 14.888
80.5611 14.586
80.9103 14.4528
82.5638 15.2751
80.459 14.9595
81.722 14.0629
81.7663 13.9016
81.3927 15.3509
80.5163 14.3162
80.2202 15.0037
79.1123 15.61
81.3148 14.6149
81.3113 15.6073
81.776 15.062
80.522 14.6947
84.1551 15.0275
84.6073 15.8914
86.4057 15.1652
86.2424 15.1941
85.8698 14.662
88.027 13.8178
86.961 14.5558
86.2096 14.2234
82.4706 14.0428
81.8577 15.3688
81.6843 14.6777
80.3187 15.0114
80.427 15.1286
79.6029 14.8521
80.9529 15.5521
82.6393 14.9216
80.478 15.4361
81.7372 14.9368
81.861 14.4341
81.1346 13.8539
79.6359 14.4758
79.7099 15.4661
81.1966 14.4583
79.0033 14.9685
80.3267 13.9934
79.6965 14.8383
78.9824 14.3382
79.6325 14.9841
80.3117 14.904
78.4621 14.6969
80.8657 14.5805
80.2145 14.5699
78.8424 14.5566
78.7823 15.5954
79.6624 15.3423
76.2312 15.0832
76.6161 15.0979
79.7135 14.4579
83.3211 13.8283
81.9492 13.9291
83.109 14.7224
84.9113 15.3006
80.9777 15.1176
83.2637 14.6612
84.0537 14.6211
85.1911 14.3442
83.3347 15.17
86.1246 15.0113
85.0501 14.1045
84.3292 15.5705
83.7671 14.9829
84.28 14.6279
83.8908 14.2105
79.9846 15.1768
80.2539 15.2343
80.3741 13.9474
82.1149 14.2576
81.2163 14.5808
81.1444 13.8548
81.4937 14.6828
79.0893 14.3223
79.4274 14.8624
80.2261 15.008
83.2618 14.0784
81.3046 14.7897
82.703 14.157
81.0282 14.1444
82.7408 13.7569
82.3545 15.6147
82.1061 15.4332
82.1311 14.5117
79.6279 15.2416
83.2815 14.4474
82.4128 14.6691
81.7763 14.9163
82.7793 14.933
82.8634 15.362
80.6034 15.0882
81.4055 15.3025
79.4413 14.6454
80.2957 14.0711
82.2723 14.4715
83.8921 14.4797
84.3384 14.0015
84.0153 14.7221
83.674 14.4001
84.1307 13.6796
83.8935 14.2556
83.4678 14.9697
83.3941 14.595
82.7767 14.5974
81.4908 14.6225
82.7371 14.8098
82.249 14.8355
84.4527 15.3036
83.1772 14.5544
83.6011 14.3827
83.3947 14.3164
84.2146 14.5873
87.1146 15.2016
86.1763 14.6644
83.6534 14.4099
83.6537 14.0456
84.242 15.8928
84.7662 15.0331
86.8893 14.2363
85.7449 14.0812
83.0588 14.7254
82.8677 15.1227
83.2636 13.9948
82.4246 14.0508
79.0787 14.1682
80.5875 14.2346
81.1356 13.9409
81.6195 14.4137
83.2903 15.9166
81.2266 15.1813
81.0333 14.8293
81.3791 13.8527
83.7715 14.8792
84.6832 14.4873
83.6124 14.3566
83.2719 14.0043
83.0952 14.9555
80.9672 14.9115
80.2894 15.0371
81.4263 15.0139
82.163 14.7637
80.267 14.6716
80.9232 14.7335
81.0102 14.8214
81.4819 14.5964
79.9022 14.9134
79.9831 14.1331
80.259 14.1561
80.2548 15.6122
81.1529 14.1489
81.1777 14.6074
80.3994 15.2355
81.5167 14.4079
80.7919 14.9129
82.8908 14.998
81.8483 14.8279
85.8374 14.5847
84.1246 14.5563
85.9849 14.8094
85.7361 15.114
83.3138 15.041
82.7223 13.8665
80.8027 14.738
81.8846 14.523
83.0271 14.4229
81.8901 14.9712
83.689 15.0885
83.0174 14.7025
83.565 14.8133
84.4312 14.7983
82.6862 14.5926
80.931 14.4547
80.424 14.6037
80.9397 15.2425
81.3063 14.9437
83.0539 14.6686
82.2761 13.5509
77.2548 15.2626
79.5589 13.9721
81.2446 15.1994
81.183 14.4584
82.1679 14.4294
79.3344 13.925
81.2882 13.566
81.6581 13.8956
82.2523 14.1711
80.0202 15.1321
80.9948 14.7008
83.9394 14.7216
81.9398 14.5364
85.0112 13.9396
84.1432 13.9928
83.3612 14.4092
82.9347 14.6837
82.0241 14.1107
82.3484 15.2176
82.1897 13.9005
84.7833 15.2352
83.1058 15.1711
83.0295 14.3591
82.9744 14.019
81.9077 14.3965
80.6424 14.2323
79.594 14.4449
79.7927 14.4694
79.7927 14.7155
79.7866 15.6118
82.1286 14.647
82.4799 13.7907
86.9045 15.2825
84.473 14.6921
83.555 15.0071
82.1296 14.7815
78.1671 15.5446
82.082 14.0965
81.9245 13.9656
85.1783 14.4362
85.3464 14.4159
83.8017 14.1529
82.0619 15.4132
82.9613 14.9612
82.5067 13.7441
80.9697 15.2837
82.1412 15.4018
80.292 14.407
83.9453 14.6807
83.3293 14.3983
82.85 14.7831
80.6184 14.2457
80.5455 15.474
82.4252 14.4487
80.953 14.8296
81.7661 13.4415
83.3892 14.3935
80.4745 13.8797
80.125 15.0743
82.5253 13.9853
82.2964 14.5831
85.4755 14.2316
84.5064 14.1142
82.4271 14.0458
80.5723 14.442
79.3551 14.7004
81.9738 14.5986
80.9455 14.2903
80.858 13.7584
80.3809 13.8102
81.0348 15.0514
76.5816 14.3206
78.785 14.8266
78.785 15.6162
81.714 14.5104
81.911 15.0019
83.2385 14.886
82.9736 14.7592
84.0455 15.5217
84.3721 14.5924
85.0544 15.3086
83.4972 15.2907
82.3445 15.1152
82.2667 14.0933
83.0015 14.3378
86.4346 14.9002
82.9296 14.1492
80.1119 15.1033
81.4596 14.1857
81.7374 14.7875
82.9551 13.4872
82.0852 14.8345
84.3676 14.1495
83.9505 14.8584
84.5092 14.4505
83.9367 14.5995
83.4763 14.9137
83.5601 14.9336
80.6512 15.1519
81.1497 14.2522
82.2863 15.8389
80.7735 15.565
81.5209 15.291
84.9336 14.5044
85.4551 15.0833
86.14 14.2459
85.778 15.1894
85.7474 13.9621
85.0603 13.7984
83.7576 15.8425
83.452 14.4808
86.2235 14.02
83.3182 15.3575
82.6006 15.1054
81.9163 14.9247
81.2079 15.0365
80.7639 13.5322
80.4307 15.0924
81.151 15.2148
80.4242 14.4699
78.7309 14.6281
78.1908 14.5835
82.3453 14.7816
82.4741 14.5699
82.8965 14.7249
83.4704 14.9928
84.3464 14.7543
81.7995 14.6113
78.1724 15.5094
84.8623 14.8887
82.6541 14.7084
83.9003 14.3152
84.0509 14.6441
84.4324 13.4131
81.0593 14.3862
82.8461 15.3291
84.0174 14.8307
83.796 13.7208
82.7163 14.887
85.0935 13.7476
82.8736 13.711
81.4353 14.1991
81.2776 15.5865
81.103 13.797
80.975 14.6177
80.5184 14.3247
78.0794 14.2218
80.3419 14.7049
80.9488 14.7595
79.4923 14.7179
80.7805 14.7687
81.2476 14.6087
82.0582 14.1693
81.4799 14.4047
83.2397 14.7716
84.5763 14.5061
80.3991 14.9924
81.6033 14.5378
79.8675 15.4779
81.728 14.6275
82.1709 14.8498
79.0846 15.0044
84.5133 14.9265
84.3819 15.1205
80.0389 14.8076
79.4201 14.197
80.8519 14.9776
83.5404 14.5057
84.6597 14.5608
84.9286 14.349
84.4231 14.4421
82.3577 15.6228
81.4388 15.2498
81.3788 14.9855
80.5636 14.7825
83.8146 14.7092
84.0849 15.0971
83.7575 14.4692
84.7216 14.3646
84.9934 15.0399
86.7023 15.0944
82.4411 14.3955
81.0369 14.9944
81.7171 14.5127
81.7009 14.8859
81.5421 15.0836
82.2759 14.8719
80.7859 15.4339
81.1846 14.6571
79.981 15.458
78.4906 14.3882
81.138 14.8436
81.4395 14.4211
83.0182 14.8635
81.6961 15.1916
81.4248 15.478
81.4493 14.1974
81.92 14.0538
82.5776 15.2439
83.293 15.0095
83.6268 14.1362
81.7229 15.4681
81.8918 13.3774
84.7882 15.5798
86.5726 15.0824
86.5726 14.1755
85.7478 14.5355
83.1216 14.6092
83.2818 14.4069
81.418 14.8066
81.8547 14.7516
83.6763 14.5146
82.9865 14.4924
88.6323 14.2535
85.931 15.314
86.101 15.2457
85.438 15.0871
83.2818 15.8019
84.4203 13.9855
84.1534 15.0226
83.03 13.9047
81.5311 13.6707
81.4588 14.457
82.1101 15.0064
81.5747 14.3469
81.2705 15.2099
80.1303 14.6577
82.1907 14.6238
82.8909 14.4723
84.2871 15.5616
86.3116 14.8441
84.5645 15.432
84.3423 14.9183
82.5986 15.7239
83.6548 14.7843
82.337 15.0653
81.4082 14.8144
81.9085 14.9467
82.252 15.0145
87.4847 15.0019
83.4878 14.7503
85.3431 14.6149
83.5531 14.5868
84.3785 14.5983
83.786 14.8583
86.1669 14.1953
83.0681 14.2031
80.818 15.3886
78.1593 14.5761
82.3809 14.3666
80.8636 13.267
82.3451 15.2817
83.8492 15.0672
81.7728 14.5341
80.6619 14.6829
79.8433 14.9239
80.4331 14.186
79.8186 14.8753
81.1634 14.4745
81.925 14.7256
80.839 14.1411
80.6565 14.0866
82.5125 14.4298
83.6414 14.69
84.6777 13.8432
82.5191 13.6756
84.8387 14.1506
82.7834 14.2456
84.2331 14.4119
80.5662 14.5203
85.2467 12.8209
88.6472 13.913
84.494 14.2742
84.1098 15.2822
83.3566 15.2049
84.8678 14.9
80.9444 14.5196
82.2606 14.1021
81.0438 14.6569
77.8684 14.2379
83.0264 14.8205
82.4159 14.6164
83.2954 14.6473
83.3356 14.7225
80.6641 14.5297
79.8301 14.8919
83.2534 14.6231
82.761 14.9476
80.7435 14.8802
84.2214 14.9069
79.2632 15.329
79.999 15.7316
79.8539 14.0867
80.7661 15.1469
80.5706 15.0275
81.0658 14.7259
79.7166 14.7161
81.0884 14.626
81.8707 14.1592
85.6707 13.9778
89.2734 15.3354
89.0961 14.2331
89.0448 15.3646
87.2764 15.2518
85.1914 14.054
85.012 14.4165
87.3584 15.2076
86.3545 15.4237
86.0843 14.5148
84.8373 14.15
83.549 14.2347
84.1978 14.5519
86.0163 15.5983
85.4425 14.1586
86.8729 15.3616
85.9347 15.0843
86.9616 14.9416
89.5105 14.9773
90.9371 14.6471
90.9371 14.8503
88.1733 15.1197
84.4496 14.8348
84.3418 14.6262
81.5111 14.4988
82.8544 14.0297
83.2754 14.6899
79.209 15.7195
79.3051 14.7553
80.8962 14.0289
82.2502 14.1639
78.8897 14.1407
79.6433 15.0448
82.3624 14.8903
79.7026 14.9605
79.1726 14.4564
80.1555 15.713
81.8697 14.3915
81.9554 14.6569
81.9432 14.7104
81.8347 14.519
80.9342 14.267
81.4227 14.9671
81.0555 14.6967
81.83 14.8854
79.6403 15.3464
79.8723 14.9321
81.8795 14.0564
82.276 14.2189
84.7126 15.4625
83.2723 14.7767
84.0847 14.6237
80.8462 14.993
80.8289 14.948
81.0419 14.2883
82.948 15.1229
84.2279 14.7144
84.7183 14.9857
83.4659 14.7188
84.6371 14.5045
85.4832 14.6702
84.3419 15.0443
81.9124 14.3741
85.9105 14.3814
86.008 14.9626
84.2309 14.5126
85.6228 14.7169
88.3339 15.0578
86.0565 14.3083
85.7149 14.9968
85.5772 15.3454
87.2052 13.5378
87.2052 14.8474
87.2052 13.8761
86.535 14.9536
86.7698 15.2778
86.4916 15.7531
84.593 15.5659
80.1992 14.3055
79.966 13.917
79.6375 14.6356
82.6416 14.6782
83.7365 14.8805
83.2101 15.0904
82.9202 15.2228
81.1323 13.6949
83.0822 14.9906
81.1433 15.1012
84.807 15.6527
86.0837 14.227
85.8662 14.6164
84.6169 15.3106
86.2963 15.0256
88.8093 14.8319
88.6586 14.5073
86.5221 14.7032
84.581 15.6034
83.2869 15.0113
82.0883 14.4151
81.4219 15.1824
80.6586 15.1811
82.7196 14.829
82.3924 14.0627
81.0178 13.6332
80.4594 14.5654
81.3278 15.3178
84.4173 14.5264
83.5122 14.2009
81.3272 15.277
82.0189 15.155
83.278 15.065
80.2257 13.7294
84.7728 15.4178
81.6611 15.1128
84.244 14.5636
85.5751 14.9102
85.2231 13.6868
84.4706 15.2726
87.8372 14.3982
87.4137 15.0205
90.3303 14.5168
92.5729 14.4353
87.6691 15.3848
89.6807 14.6803
92.0653 14.3316
94.9897 13.9506
91.252 15.3157
88.6177 14.3894
88.3393 14.7156
85.2481 15.2447
87.4305 14.0857
83.9155 14.7689
87.0157 14.8083
84.7401 14.3656
82.4826 14.2504
82.4165 14.2089
82.7317 15.2043
81.7847 15.0158
81.0818 14.6827
79.4574 14.8188
80.122 14.3409
81.4053 14.5141
80.8288 14.9002
81.562 15.1607
79.849 14.6382
80.2202 14.5685
82.3371 15.4573
84.0984 14.5331
86.848 13.6533
89.0218 14.9313
86.5039 14.5054
88.9374 14.1534
83.2763 13.834
84.2125 15.8711
84.7658 14.5281
85.768 13.8101
85.6172 15.3045
87.6667 13.9667
87.5313 14.7235
83.2108 14.4426
85.138 14.8114
85.705 15.0651
82.7731 13.5946
80.9068 14.6727
78.8005 14.1185
83.8972 14.5719
81.7356 14.6418
84.0594 14.5807
86.5596 14.4983
83.7128 14.0348
81.9433 15.5742
84.2212 14.6031
83.4868 14.6384
80.8237 14.1973
82.2934 14.7342
80.8197 14.7902
80.8197 15.0366
81.2109 15.2385
82.8157 14.0865
80.8657 15.2151
81.4532 14.565
82.7357 14.7093
83.7159 13.974
82.3275 13.378
82.4395 14.9308
82.0176 14.8915
83.0852 15.3545
83.5383 14.962
84.9762 14.2622
81.4551 15.1302
82.7513 15.3156
81.997 14.4756
85.747 15.0124
84.895 14.4276
83.4483 14.0387
83.7776 13.9109
83.632 14.7054
82.6722 14.5662
80.6652 14.2417
80.2356 14.3187
82.1691 14.6895
82.4484 14.9653
80.8707 14.8952
79.1298 15.3144
79.7643 15.0312
82.4243 15.0339
82.4967 14.0727
79.23 14.2931
78.9144 14.0863
81.3772 14.1679
81.0031 15.0449
80.88 14.9292
78.3386 13.9043
79.0944 14.9842
79.9072 15.0166
80.431 14.4162
82.2531 14.3852
78.8445 14.1418
81.8904 14.5271
82.8391 15.6415
83.79 13.6379
83.5382 15.5467
81.8592 13.9142
83.7026 15.4007
85.073 14.8164
82.2827 14.3031
81.7397 13.77
81.8454 15.1756
80.3578 14.9361
82.8629 15.4499
82.6368 15.3772
83.6783 14.9975
82.6471 14.7209
83.8337 14.7079
80.6825 14.7003
78.3276 14.4979
79.3567 14.4141
79.7271 15.3489
80.0177 14.1239
79.0496 13.1498
81.8206 14.6044
80.2088 14.2443
77.7608 14.9387
78.4695 14.66
80.0945 15.0224
83.468 14.6173
80.7553 15.6069
82.3016 14.3473
84.5317 14.3596
83.7477 14.9449
82.2816 15.4898
80.1649 14.178
81.1137 15.9028
81.0343 15.7178
80.0407 15.1567
81.8795 13.6331
82.6006 14.7769
80.9842 14.9177
82.6221 14.4319
82.8911 14.4763
84.6783 14.3032
82.3121 14.0044
84.9516 15.186
88.3634 14.7469
84.5382 13.8611
84.5423 14.1665
88.5977 14.3921
89.6015 14.3556
87.4817 14.5802
86.2662 15.0148
86.3523 15.7137
82.9812 14.2911
85.8299 15.3042
88.2556 15.1331
86.6525 14.8491
85.0203 15.1037
84.8428 14.2668
81.3918 15.2
80.9435 15.3104
82.386 15.3776
81.3575 15.5146
82.3576 14.2358
78.4618 14.9609
80.0832 15.2927
80.4895 15.0094
83.81 14.4122
81.6599 13.6561
81.2728 14.4407
79.8786 15.2775
82.1336 14.7235
81.7938 13.3579
79.9118 13.9958
80.8601 15.002
80.5834 15.0452
80.1872 14.8792
81.1088 14.5587
79.6041 14.603
82.0791 14.6354
85.0875 14.6792
83.7672 14.3491
84.0269 14.5155
85.6205 14.7217
86.3883 14.6712
84.5741 14.1975
85.0772 15.0541
83.512 14.5244
83.6777 14.3513
82.3205 15.9357
82.4302 14.4434
80.746 15.3621
79.2318 15.2547
79.1341 14.9581
83.0351 14.7008
83.5961 14.8619
82.2915 14.8511
80.3323 14.8934
81.6422 14.6575
80.5243 15.3439
82.5959 14.8079
81.592 14.739
82.6196 13.4048
82.1203 13.7548
81.9669 15.2578
81.8621 15.1133
82.596 15.4206
82.5641 15.8706
81.443 15.4225
80.9102 15.263
80.3576 15.1724
80.663 14.4122
81.688 14.2645
84.3889 14.6335
82.7089 15.0897
83.7371 13.7725
80.4835 14.983
88.4064 14.6818
90.0111 15.9442
86.9762 13.8629
84.7539 13.5082
84.2003 14.4883
84.8596 14.3994
81.7394 15.3437
82.3862 14.4061
84.4675 14.5606
84.4442 15.5326
83.5368 15.1936
82.3118 14.5837
85.0243 14.3227
82.8957 14.615
83.629 14.2447
79.9321 13.9234
81.6973 14.8512
83.4213 14.5924
84.452 14.4094
86.3798 14.2885
86.1573 14.493
85.7243 15.1136
86.2159 14.1577
86.377 15.3397
83.6166 14.4252
84.8455 14.8172
83.1885 14.7326
81.0186 14.9906
82.8845 13.8699
81.5952 14.725
81.4137 15.7645
84.3337 15.1261
82.9051 14.5091
82.1987 14.5515
81.3593 14.8688
84.4127 14.0609
83.4878 14.581
82.9434 14.1736
83.3968 13.8672
85.0379 14.4867
83.2286 14.7488
82.5057 14.2628
82.5733 14.5494
82.5134 14.6167
83.269 13.961
83.8816 14.1622
83.6047 15.2253
81.3769 14.3994
83.1789 14.2145
80.2114 14.9779
78.6697 14.641
79.8944 14.5737
81.765 14.4802
81.1444 14.4847
80.3016 14.3495
80.8951 13.8679
82.9702 14.6509
82.6607 14.7217
83.0125 14.7719
84.6309 14.7384
83.635 14.6986
84.3409 14.6038
85.1301 14.7207
81.2283 14.6831
80.9321 14.214
82.321 14.6373
80.6827 15.125
79.3112 14.5369
79.9963 14.1606
80.7959 14.6618
82.2352 14.033
84.6565 14.7189
83.1539 14.4111
85.7902 15.1119
86.0233 15.0797
81.4906 15.5381
83.5392 14.0517
83.8057 14.5687
84.403 13.6317
83.8017 15.4816
81.7463 14.7302
79.1619 14.3417
81.1296 13.111
81.2859 14.2413
80.3443 14.4183
80.2335 14.8334
79.9633 14.7763
81.7929 14.4383
81.4527 14.9601
81.6495 14.6282
82.5994 14.7171
84.084 14.6539
82.8282 14.6329
80.9829 14.4076
81.2707 15.1405
85.1687 14.9175
87.4209 15.3081
83.6137 14.1982
82.2931 14.8701
81.0622 14.5052
80.3823 14.6471
81.4846 14.5395
82.0159 13.7196
82.3276 14.8036
79.9076 14.7401
80.3237 13.2965
80.3548 14.2736
80.6052 14.2132
81.1387 15.17
79.4785 15.1577
79.449 14.1205
78.754 15.2211
79.0813 14.5007
82.4862 15.0435
78.7062 14.0092
80.8164 14.7246
79.5419 13.4263
82.6004 14.2831
85.2031 14.0374
85.2031 15.1403
86.7215 14.8662
85.9853 15.3979
85.1208 15.178
86.9196 14.7485
92.0194 14.2813
88.1725 15.2405
86.4411 15.3046
86.6702 14.2563
84.1825 14.0941
83.591 14.3654
85.3761 14.7359
82.3552 14.4549
82.1281 14.7118
80.4117 14.4325
81.6519 14.8113
80.7088 14.9634
82.9937 14.5048
83.1166 14.5005
82.6139 14.6722
82.1255 13.6372
81.3278 13.3578
80.7005 14.7599
82.2337 14.1722
82.2596 14.9511
84.4669 15.2739
87.4575 15.6833
86.6498 13.5962
85.6319 14.1574
84.8877 14.7394
84.997 14.8879
84.5652 13.7982
82.2508 14.2232
84.7196 13.8087
86.0488 14.676
86.2252 14.9742
86.883 15.0654
87.3772 13.7497
84.9923 14.1844
85.3452 14.5397
86.2292 15.4071
88.1622 14.8279
88.5837 14.9996
89.105 15.5086
87.6 14.5399
85.3871 14.7027
85.1966 14.3259
89.3397 15.2897
88.104 15.5899
86.2352 15.2115
85.276 14.4976
83.9207 14.68
84.2045 15.0273
84.7484 14.7678
86.9541 14.4421
85.2848 14.4533
86.8843 14.6136
85.2014 14.778
88.417 14.8026
84.8974 14.5274
85.5779 14.5608
82.9539 15.0518
84.1247 15.1706
84.0922 14.5583
84.1454 14.4982
84.5926 15.645
83.5216 15.1752
83.7306 15.1624
79.0167 15.8752
81.7958 14.5719
82.5223 14.97
83.5987 13.9513
80.3424 14.3721
81.3004 14.407
79.4735 14.473
80.2698 14.2714
81.5574 13.8979
82.3527 14.138
83.4473 14.6772
83.4999 14.435
83.3927 14.8672
86.3429 14.7668
88.0611 14.2335
87.0694 14.0237
86.8771 14.1247
86.3723 14.3972
88.0247 14.2338
83.3856 14.3081
85.505 14.6132
83.63 14.0766
84.2877 14.8354
84.4544 14.5759
83.1234 15.0791
82.9662 15.1895
87.8004 13.9966
85.8463 14.4164
82.2844 14.4289
82.9482 14.4289
82.8569 14.4055
80.7974 14.1972
83.2836 13.9022
83.043 13.763
83.6206 15.016
83.213 14.0874
81.7588 14.5453
82.1119 14.3057
83.4205 14.4618
82.4245 15.162
83.3795 13.5845
83.4165 15.4592
83.6514 14.8503
83.2934 14.3122
82.8289 13.4186
83.4816 14.7282
81.9432 15.2743
79.6839 15.0199
82.4296 14.3189
81.0065 15.0437
82.2866 14.911
82.5207 14.1831
78.7458 14.4962
81.8703 14.4729
81.6322 14.3447
82.4012 14.49
85.7893 14.6893
85.7715 15.3064
86.2443 13.8002
86.4368 14.2966
85.6642 15.3932
84.1968 15.4512
89.3091 13.439
88.824 14.1331
84.7679 15.2453
82.5643 14.9859
81.8541 15.1454
84.4868 14.8783
79.9794 14.4255
82.6618 14.6445
80.3957 14.1809
81.4999 13.7906
83.2406 14.1653
80.4706 13.9097
81.7785 13.5919
83.6897 15.3777
84.35 14.3975
82.5839 15.1792
83.5495 14.9069
81.9689 14.4858
83.9021 13.9031
83.4521 14.9588
83.6737 15.423
83.231 14.7257
82.9786 14.4534
82.8121 14.5602
82.8269 14.0378
84.303 14.1922
81.9282 14.2906
80.2066 15.3871
80.2066 14.0368
80.2066 14.8567
82.3367 14.4212
80.2017 13.366
80.2488 14.6415
82.4916 14.5901
83.0134 14.4878
84.7857 14.0007
86.8197 15.2242
83.8202 14.6151
85.2047 14.2879
81.6 15.2095
82.8078 14.1967
83.3387 14.3468
85.1143 15.1073
85.1654 15.8588
84.0336 14.5654
84.6363 14.6694
84.6363 15.1268
83.8473 15.142
82.2435 15.3335
81.0737 14.8287
80.8067 14.594
81.0122 14.9122
82.907 14.5622
80.9167 15.2666
83.9582 14.7046
83.6849 15.2455
83.1331 14.7847
85.2343 15.3217
81.4775 14.8542
83.2959 14.4514
83.5251 15.0476
85.774 14.1487
85.4308 14.9907
85.3033 15.2128
85.0356 14.9214
84.4016 14.5648
84.3242 15.5028
83.2295 14.5862
87.5112 14.3471
87.3964 13.6634
88.4465 14.0266
87.4626 14.4952
85.266 14.5712
84.9854 14.6705
85.3917 14.4503
83.8648 15.2581
81.3903 15.0982
82.1313 14.5547
84.163 14.6344
80.3295 14.0218
83.9464 14.9387
82.8162 15.4062
83.7345 14.4397
82.4652 15.2549
81.1331 15.4591
82.7216 15.5029
83.0974 15.0764
82.11 15.2658
85.7504 15.3378
83.9403 14.5079
83.6971 14.1298
83.5975 13.8246
83.5975 14.7079
84.235 14.6112
83.8089 15.5237
82.0972 14.2413
82.4846 14.9003
82.0234 15.4177
81.978 15.12
80.3572 14.6531
82.984 13.9095
81.604 14.238
81.5603 14.6276
83.1017 14.4576
82.7973 14.6685
82.7688 15.3009
82.266 14.6094
81.3498 14.4773
80.4242 14.4439
80.8817 14.8612
81.4343 14.564
79.4121 15.5667
80.197 14.4355
84.6826 14.528
82.356 14.2798
82.8657 15.4381
85.2123 15.353
82.2051 14.7296
83.4615 14.3324
85.1711 14.3565
80.419 14.4425
83.7704 14.4528
83.628 15.0163
84.6647 14.5731
80.7122 14.1137
81.0049 15.3676
81.0345 15.0332
78.6239 15.3377
81.4002 15.4543
81.2216 14.8911
82.0214 14.5067
84.3871 13.9514
84.9695 14.3122
82.389 14.5166
82.1836 14.6497
85.5798 14.0829
86.9441 14.6926
84.0685 14.4628
87.481 14.8212
85.1461 15.4246
86.1239 14.3166
85.4361 14.3369
84.2217 14.453
84.8233 13.7312
85.5943 14.2735
84.3466 14.349
86.0269 14.3253
82.7285 15.0231
81.2755 14.4162
86.5589 14.6605
81.9476 14.3313
83.9364 14.9393
84.3324 13.7855
84.1866 14.4832
84.7883 14.6034
84.5499 14.1434
82.8682 14.8491
83.2903 15.42
80.4621 14.435
81.6965 14.2148
83.6866 13.9299
84.3257 14.7517
83.9187 14.0642
80.8094 14.5017
84.4149 14.7251
83.7622 15.3001
80.0839 15.6359
81.6314 15.166
81.7003 14.774
81.5666 15.358
81.3377 15.2286
81.3009 14.9895
82.6933 14.3854
83.9312 14.5066
88.9883 15.5673
85.8343 14.9405
86.2268 14.8434
85.673 14.3829
86.9005 14.9859
86.5946 14.513
84.6913 14.8293
84.7959 14.4785
83.2704 14.3519
83.4792 13.4412
83.8301 14.2515
81.7763 14.3907
80.9597 14.2983
80.1954 14.4065
79.4723 13.88
83.2936 14.9507
83.8984 15.3732
84.3783 14.5481
83.0831 14.6378
82.856 14.5041
82.9248 14.7078
82.3423 15.1388
79.1283 14.7667
81.2518 14.8547
81.1124 15.0182
79.6253 14.8031
82.5066 14.9023
80.0018 13.964
83.1241 13.9701
84.8622 14.5861
85.5559 14.818
84.4292 14.9194
81.4207 14.8322
81.5422 14.2288
80.4803 13.7131
82.9445 15.5236
83.4412 15.4884
85.1238 14.7071
87.0225 14.4813
84.4917 15.5561
81.2909 14.9908
81.8464 14.9446
83.1643 14.7241
81.6999 14.1639
83.4553 14.2089
81.7011 13.9844
79.4641 15.0812
79.0651 14.3146
79.0771 14.8391
79.0568 14.5388
80.58 15.1994
80.5538 15.6768
83.4151 14.5876
85.4165 14.6333
84.8725 14.7077
83.9129 14.7774
84.5225 15.0361
83.4859 14.7096
80.5504 14.8727
80.4519 14.5662
81.2515 14.238
80.6095 14.7632
80.4448 14.5955
80.501 14.4783
79.4326 15.2397
80.5123 14.813
79.8145 14.724
80.0086 14.6468
81.6872 14.1836
81.9613 14.6565
82.2664 14.7484
82.6636 15.2957
84.9053 14.982
84.0452 14.2152
83.6665 14.0686
84.1623 15.3563
82.0483 14.3069
80.5719 16.2918
82.3957 14.2832
80.0503 14.355
82.96 15.2292
85.0389 14.4541
86.366 15.1828
85.4707 13.9196
82.3105 13.6076
83.0087 14.502
82.8013 14.9923
85.4713 15.357
84.1071 14.4344
81.1914 14.4981
80.5909 15.1216
81.5124 14.3951
78.5465 14.4433
78.6721 14.393
79.2602 14.5443
81.0832 14.6586
81.0577 14.3139
81.1885 14.1947
82.5324 13.7449
83.2817 14.3874
81.3845 15.2343
82.0877 14.3238
82.1358 13.9664
82.1702 13.9947
81.5038 14.6736
81.3744 14.3399
82.431 15.1154
85.561 14.7588
83.6626 14.1236
84.4772 15.3016
84.7347 14.4222
84.74 13.8761
84.74 14.3605
84.5417 15.0004
84.6472 14.705
83.5593 15.134
82.4274 14.1172
85.1954 14.5878
79.1764 13.9521
79.6573 13.7832
81.3093 14.6969
79.4688 14.0924
82.4645 14.1837
85.0177 14.2606
85.5741 14.1134
85.023 15.422
83.8506 15.92
83.1651 14.5695
83.7733 14.9843
81.0571 14.2734
81.6778 14.7092
80.1327 14.0677
81.1792 14.584
83.9277 15.7343
84.142 15.5384
84.3924 14.5569
83.9831 14.9918
82.2553 14.3089
82.7544 13.7822
83.8919 14.048
83.9692 13.7825
83.7812 14.2906
85.0735 14.7203
85.3456 14.7036
80.9965 14.4745
81.9864 15.0848
81.2848 15.2032
82.6648 14.637
84.1201 14.7041
84.5214 15.3652
82.6368 15.4264
82.303 14.9502
83.1065 13.6424
81.2457 14.7839
81.8842 15.4331
85.467 15.094
89.0721 15.069
89.7789 15.1252
90.2856 14.4433
88.4543 14.632
87.2572 15.2169
81.7918 14.2298
82.7692 14.9005
82.8788 15.6128
83.0085 14.3502
84.0172 14.0349
84.5838 13.553
83.3829 15.0964
80.4712 14.8962
83.3685 14.0154
82.3704 14.8439
81.7533 14.3546
84.7781 14.6509
86.0815 15.2199
84.8457 14.8567
82.7512 14.5522
79.9648 15.003
82.1313 15.3819
81.9862 15.2549
82.2965 15.1117
81.8979 16.0031
84.5723 14.5137
84.8543 15.075
82.2222 14.5446
79.2194 13.8932
84.3318 14.475
82.0972 14.2116
79.7518 15.0037
79.9676 15.4191
80.9296 14.5929
80.3517 14.9321
81.1788 14.3698
83.9968 14.7039
80.3643 15.3452
80.1208 14.3143
78.0443 14.1416
79.2964 15.9066
81.1401 15.3767
81.6704 14.3238
82.2856 14.7505
82.3793 14.3722
82.1437 14.4075
81.6977 14.4615
81.1583 14.9516
82.5419 15.1354
85.6507 14.4662
89.4198 13.8928
89.3894 14.4216
86.3542 13.867
89.3314 14.4481
87.34 13.8963
85.8665 14.249
84.65 15.2504
81.8873 15.0662
83.1901 14.7083
80.8883 14.2968
78.8579 14.3783
80.1496 14.1113
79.7337 15.0549
82.0457 14.895
79.3953 14.5876
83.4508 13.7338
79.52 14.7891
79.6936 15.2888
82.9166 14.5477
75.5217 14.7673
74.6109 14.6587
80.9953 15.2131
78.4258 15.1559
76.7824 15.1981
77.8914 14.798
80.968 15.4372
81.1606 15.2936
78.648 14.9222
79.6072 13.8937
82.6675 14.9822
78.4387 15.3941
79.3334 14.8907
80.6723 15.1974
80.0346 15.0468
79.2991 14.3112
79.9613 14.2501
81.2709 13.3113
80.0859 14.6548
78.3105 14.9793
78.3698 15.3082
78.8813 15.0314
80.784 14.0271
80.8737 15.455
82.2643 14.9822
81.4157 14.2993
80.7833 14.2965
80.5536 14.6808
81.1741 13.6456
84.0193 14.0659
83.7813 14.4343
82.8421 14.4703
83.4136 14.7267
80.765 14.0396
81.2635 14.5775
79.3482 14.5469
79.8844 14.2547
81.9724 14.9025
81.7803 13.913
83.0257 14.8885
82.9351 14.6775
82.8969 15.5897
82.7759 14.0463
82.0232 13.9877
81.9421 15.0239
81.8754 14.6872
81.6961 15.1097
82.8317 16.1591
83.7464 14.8604
86.0291 15.1351
85.0171 14.074
88.0706 15.2152
88.4149 14.4837
88.0572 13.8591
86.1235 14.2996
85.1987 15.0411
82.4381 14.7293
80.2186 14.1439
84.4189 14.1975
84.0155 14.9572
82.2038 14.819
83.7977 15.19
83.7763 14.1604
82.3881 14.5391
83.2044 15.5638
85.776 15.2017
84.7976 14.073
84.5002 15.069
81.2811 14.5553
81.6061 15.171
86.8116 14.2237
84.0128 14.7587
87.791 15.0167
87.7079 15.4165
83.9727 14.1409
81.2348 15.0804
83.3655 15.4861
82.0505 15.4254
83.1972 14.3423
83.1107 15.2666
83.9024 14.7218
82.6104 15.3386
83.6251 14.5938
85.7479 15.4455
88.0789 15.0256
88.6767 14.8382
87.2319 14.8289
82.444 14.2655
81.5455 15.1184
81.2182 14.3836
82.367 15.4786
80.9373 14.7499
82.0505 15.1486
81.479 14.7132
81.5971 14.2332
80.8642 14.9008
83.6306 14.404
83.7803 14.2008
86.0631 14.6329
86.3113 13.7745
82.8398 14.7541
82.9669 14.9194
84.5704 14.1398
81.9018 14.3152
81.5688 15.157
81.7689 14.6621
81.9093 15.5421
77.7057 15.466
82.2812 13.9762
81.1831 13.6873
81.4707 14.8509
81.3971 15.1114
82.3555 13.7373
86.4008 14.2747
83.4513 14.6648
84.2248 14.5605
84.9705 15.1033
83.9489 14.9163
84.899 14.6125
79.8053 14.8041
80.3825 14.2887
83.3382 14.7698
85.8673 14.4553
86.2341 15.0842
85.774 14.1712
85.1336 14.6303
87.6585 15.1657
89.465 14.9647
92.3999 14.8178
87.0414 14.6589
85.591 14.5623
83.304 14.7779
82.6342 14.4768
82.0601 15.1614
82.9843 14.8325
81.1696 14.8053
83.6489 14.8718
83.7386 15.9212
80.6386 14.1813
81.4744 14.2755
80.4698 15.3705
79.1078 14.0765
80.4374 15.0749
80.3321 15.537
81.8032 14.6906
81.9344 14.8125
81.8792 14.5067
82.0158 13.8328
81.9542 14.0521
83.2214 15.2423
81.52 13.1909
80.8595 13.7808
80.0448 15.1841
81.8004 14.9603
81.314 14.9123
83.5101 14.2581
82.4796 14.3473
82.0721 14.6485
82.2158 14.2008
82.2762 14.918
82.5546 14.4267
84.2272 13.8566
83.5838 15.021
84.6535 15.1819
86.4783 14.712
80.5854 14.6828
80.7808 15.1757
83.5192 14.9607
84.7836 14.9607
83.8173 13.9203
82.1264 14.8612
81.5547 14.7286
82.2779 14.7051
82.1039 14.9411
82.3071 14.9537
82.848 14.9064
83.0055 14.5322
83.103 15.6334
82.2047 15.0954
81.4647 15.1337
82.8508 14.496
82.1892 14.2308
84.5885 15.3576
84.7194 14.7599
84.4172 15.2087
86.1325 14.1368
86.272 13.4176
88.3904 15.1331
86.8388 14.7062
84.4691 14.7669
85.8463 15.3938
83.9702 14.4722
84.4329 13.7804
84.9749 14.1807
82.7011 15.1841
83.6673 14.7358
82.578 14.6379
83.7248 14.4564
83.1236 14.6339
81.8168 14.3676
79.3206 14.9042
78.2623 15.4465
79.6473 15.0315
78.7894 15.0594
80.6597 14.9352
84.0036 15.4512
81.7894 15.25
84.766 13.8393
84.5026 14.6907
83.4617 14.6381
81.6401 14.4519
83.4552 14.3202
83.983 13.7225
82.9725 15.3588
84.5973 14.8703
84.5011 13.9494
85.8283 14.3057
86.0202 14.1304
87.3003 14.8492
84.9529 14.8098
85.6662 14.6794
83.3149 14.7986
84.1112 14.59
83.1548 15.7958
81.9006 13.6752
80.5751 15.3219
80.8425 16.1348
81.9151 14.618
83.9312 14.6582
83.8576 14.4923
86.0834 14.7786
83.228 14.8349
78.6624 15.0313
81.7916 14.3761
80.8984 15.5267
81.4363 14.8425
81.6488 15.2353
81.46 15.2496
81.5203 14.8192
81.5304 14.9308
79.755 14.8528
83.976 15.0743
80.3704 14.3759
80.4029 14.7061
80.5953 14.5397
80.782 14.9137
81.8655 13.4623
83.8412 14.8391
83.7883 14.5942
80.2191 14.7072
82.0386 14.3834
80.5237 14.5643
80.5249 14.6447
81.9313 14.459
85.084 14.4551
82.5273 14.7422
81.3785 13.9828
81.1344 14.2114
81.6907 14.0777
82.9532 14.701
82.2184 14.6685
81.6624 14.6838
83.0192 15.2763
82.4529 14.2532
84.0252 14.0402
83.0547 14.8773
82.7989 14.5866
80.6452 14.435
81.5399 14.7529
83.8474 14.6256
82.0675 14.6916
80.9318 14.4404
84.954 14.9919
85.8491 15.1226
83.9676 14.8821
82.2545 15.0248
83.4384 14.9537
82.8091 14.9836
83.3944 15.144
84.6233 15.0572
83.2145 15.4037
85.3172 15.043
89.2452 15.0328
87.2904 14.2809
85.7211 15.3767
82.9734 15.1984
84.4487 15.4353
85.3862 14.6998
82.0095 14.9514
83.1095 14.6457
79.2997 14.5318
81.1322 15.5294
79.3251 15.0198
79.4509 13.9571
81.6519 14.4164
82.8909 14.3545
80.5418 14.3037
81.2014 13.7333
79.9778 15.0567
81.8461 14.6553
80.4576 15.1541
79.4184 15.2282
79.4479 15.3347
79.4479 15.8545
82.1663 14.9036
82.6929 14.1235
82.2542 14.77
83.741 15.1595
83.6507 15.5021
80.7338 14.4444
79.8883 14.3039
85.2023 14.2673
86.9929 15.2154
87.2254 14.988
87.8422 15.1401
88.0086 15.0307
87.21 14.6939
86.7542 14.98
84.5992 15.2183
86.235 14.8279
84.4618 14.9165
83.417 15.5709
82.4784 15.9709
83.074 14.2824
80.7019 14.8242
82.7907 13.8867
81.5864 15.3278
83.3573 14.7572
82.5032 15.2983
81.6136 15.1381
81.1955 14.065
82.5613 14.0417
83.4279 15.418
82.7316 15.0098
81.2936 15.1247
88.5445 14.376
86.0648 14.1421
82.9123 14.2903
80.3522 14.3883
83.1984 14.6182
83.5218 14.6598
83.4516 14.5885
82.4782 14.3607
84.6012 15.266
82.3358 13.8866
83.0735 14.5713
82.6635 14.5635
85.8635 14.5402
86.7442 14.463
84.8664 15.6471
82.5844 14.5362
81.6151 15.183
84.9353 13.6021
81.2877 15.0515
82.1524 15.0585
82.5796 14.618
82.6768 14.8428
84.6252 14.4452
87.8043 15.3103
87.8043 14.2836
92.7029 14.6737
91.0309 15
88.9562 14.9136
90.2546 14.6396
90.3974 14.6714
88.349 15.7033
90.302 14.7478
89.467 13.6724
93.6782 14.4343
94.074 14.0334
90.224 14.3128
89.8104 14.6551
85.8066 14.2839
88.486 14.7254
88.1377 14.7741
88.7345 14.3165
85.4983 14.4477
88.7475 14.3966
86.8492 14.4055
86.7465 15.0348
87.6205 14.5617
87.0233 14.391
88.7858 14.5159
86.602 14.8154
85.1554 14.8237
86.3498 13.5424
81.7866 14.2094
85.7752 14.5443
81.592 14.5697
81.0465 14.9226
81.8825 14.2659
79.9406 13.9538
81.382 14.6123
81.8739 14.9376
79.1772 15.2886
81.1325 14.9925
82.4497 15.328
85.2327 15.5352
86.0636 14.6761
85.1717 14.7744
84.889 14.5412
83.447 15.0274
83.4611 14.7295
84.5124 15.0133
82.7298 14.0612
84.2434 14.2196
85.1735 14.6473
80.671 14.5817
80.671 15.086
80.9895 15.424
78.0485 15.3004
79.5513 15.4205
80.8206 15.2836
80.3516 14.7285
83.8471 13.3419
81.0079 14.6713
79.9665 14.7522
81.7258 14.0713
82.7888 14.3391
81.5362 14.5656
84.6224 15.23
82.5174 15.9861
83.124 15.179
82.9956 14.677
83.7879 14.0946
83.7556 15.2544
85.29 14.9007
86.5361 14.6624
84.4175 14.7101
82.1884 15.076
82.2897 14.8878
83.3491 14.4878
83.4915 14.663
86.5293 14.124
85.3374 14.2734
83.5565 15.4477
81.3592 15.9712
82.6603 13.9161
81.0651 14.4894
80.9631 15.1153
81.7472 14.4005
81.4946 14.3523
81.4764 15.1667
83.1079 14.2974
83.1329 14.6619
83.3449 14.4163
81.1641 14.3742
83.5416 14.6818
83.663 15.2041
82.6638 15.2871
81.2766 14.2877
82.6117 15.0133
84.6707 14.3368
82.5481 15.4224
81.24 14.672
81.5948 15.1415
84.356 14.131
82.1759 14.3754
81.9877 14.5307
82.2368 14.4577
81.7825 14.7406
85.2833 14.5226
88.0036 14.4843
85.35 14.4147
81.7392 15.4456
83.9859 15.6103
83.2993 14.2354
80.6688 13.7637
82.6742 13.5871
79.5735 14.9243
79.3098 14.2254
79.4236 15.275
80.7048 14.9376
78.9715 14.8479
79.639 14.7403
82.3797 15.1763
81.938 15.2696
82.5135 14.7536
80.7839 14.9479
79.8755 14.5992
86.0289 14.5435
84.2163 15.3499
83.7401 15.1693
82.3142 14.6845
81.5834 14.4219
87.2915 14.7231
86.832 14.9161
86.6458 14.5729
84.3949 14.7243
84.44 14.961
83.8513 15.6999
80.1684 14.7703
82.3698 14.7087
79.1626 13.3453
82.2316 15.0149
78.8339 14.6656
81.2693 15.0119
80.5031 15.0583
82.1623 14.5034
82.1067 15.538
82.7648 14.7478
80.7269 14.9729
82.4149 14.8571
81.7092 14.8838
77.3294 13.9919
82.8776 14.164
82.8124 15.662
80.7569 14.0913
81.6755 15.5413
82.8026 14.8722
82.116 14.6627
82.9126 15.1906
84.4212 15.0271
81.3376 14.7543
82.1775 14.6409
85.1847 14.9486
85.0435 15.0758
85.5059 15.3218
88.9247 14.5752
85.5922 14.094
86.3747 15.0564
87.9129 14.4812
84.0618 14.3149
85.7992 14.6405
85.2259 15.2149
82.8329 15.052
85.6912 14.329
84.0695 15.8434
85.1843 14.197
84.8172 14.7267
87.0399 15.4164
81.8685 14.9757
82.0901 14.6695
81.7168 15.318
79.7878 15.0856
81.6465 14.7642
81.8573 13.6723
82.0195 14.2076
80.2211 14.2918
84.1762 14.8484
84.1675 14.3099
84.3044 14.7445
83.3609 12.9999
83.3691 15.44
83.5181 13.626
82.5726 14.1408
81.597 14.4089
82.0911 14.4942
82.3113 14.7801
84.2227 14.7102
81.7906 14.4933
81.935 14.5707
82.0268 14.78
86.572 14.0799
87.7709 14.3637
85.4873 14.8979
84.4788 13.9128
82.5868 15.3761
83.0287 14.5644
82.7309 14.4532
82.785 14.5453
83.6106 15.2982
84.9064 15.2232
84.2167 14.5257
81.0365 14.8435
82.4961 14.897
82.8365 14.8241
80.8752 15.1685
81.7606 14.6426
77.2529 14.9223
79.677 15.2723
81.8482 14.7549
80.9786 15.0001
80.6457 13.7338
79.4331 14.9296
80.3676 15.1803
80.3891 15.7159
80.0613 15.2386
80.1032 15.1856
80.9456 15.0422
82.1085 13.9601
82.2983 13.9335
81.5194 15.1289
80.3695 14.99
81.9085 15.4831
84.9129 14.7576
84.3413 14.6207
84.8919 14.4445
82.4409 13.6275
84.6728 14.0892
80.3735 15.5203
82.0098 15.6459
82.6098 14.8527
80.4715 15.1662
80.7801 15.4355
79.4097 14.9621
81.0999 14.333
82.3902 15.639
81.5615 14.4333
80.7164 15.4089
78.39 15.1991
81.6287 14.0042
81.9945 13.8611
82.1725 14.1271
83.0315 14.8072
83.2805 14.6395
81.9597 14.4685
83.0291 14.5919
83.2142 13.5977
82.8594 14.3127
84.3682 14.4891
81.8407 15.6193
82.3135 15.8352
81.0383 14.6201
81.694 14.626
80.6097 14.1684
80.0106 14.3972
77.9255 14.618
77.9255 14.7835
80.0041 14.3182
78.6532 14.6513
80.6236 14.0104
80.3717 16.0183
79.2268 14.5307
82.1369 14.5559
80.8083 14.8031
81.9764 15.5834
82.0857 14.401
81.2643 14.3291
80.4934 14.89
79.0317 14.1832
80.8764 14.1108
81.9336 15.1502
82.6433 14.6545
83.1512 15.5825
83.6218 14.3043
88.5046 14.6347
85.9086 13.9317
83.1903 14.4315
81.9936 15.5096
80.2108 14.7143
81.6155 14.8764
81.8071 14.1272
83.0566 16.0083
81.8691 14.5276
81.1147 13.7229
82.5967 15.4783
83.2069 14.3907
80.172 15.1822
81.7005 15.1772
81.6358 14.8378
81.5506 14.8601
81.9968 15.0588
81.5802 13.4054
82.3968 14.2733
82.3943 14.2197
83.6164 14.9375
83.2109 14.8476
84.8673 15.0379
84.5226 15.3951
88.178 15.368
86.2775 15.482
84.0193 14.9804
84.0278 14.5522
87.7917 13.7817
86.222 14.31
84.7456 14.236
84.5203 14.7751
83.3899 14.491
87.3064 14.9752
87.0033 15.5102
87.8461 14.5582
92.2487 15.1339
93.1245 15.238
94.088 15.2941
94.088 14.355
94.088 14.081
94.088 14.2326
94.2534 14.7588
94.2534 14.0674
88.0925 14.7748
84.7444 15.1651
82.8814 15.4064
84.5502 14.9416
82.0441 14.4198
85.0292 15.0848
81.7508 14.0531
79.0171 14.7462
80.2991 14.4095
81.3678 15.0085
81.7262 15.6141
81.488 14.9995
82.3076 14.8636
81.9075 14.7438
82.8353 13.7308
78.7991 14.4668
80.6397 15.2448
83.3009 14.8518
82.9892 14.6382
78.9691 14.2169
83.9529 15.5924
82.6569 15.1828
83.0099 15.2583
82.1792 15.3753
84.8845 14.7982
83.4912 14.7488
82.8406 14.7526
83.0963 14.7528
84.0423 14.7527
84.3954 14.7527
83.281 14.7481
82.2379 15.9276
83.5638 14.2021
80.718 14.8545
78.4436 14.6325
79.9467 14.6415
79.2176 14.3507
82.205 14.1219
83.8193 14.4714
83.5742 14.5164
84.3881 14.6158
84.8007 13.9435
84.1287 13.8412
82.4112 14.7747
82.0199 14.3648
83.6356 15.4404
84.7333 14.3626
85.2729 14.4436
83.5091 15.0655
81.1989 14.6884
80.6906 14.3249
79.1962 14.8252
80.4224 14.5627
81.1128 14.312
80.1537 14.0042
82.1166 14.113
81.8149 14.5324
82.1774 14.8112
83.4314 14.3175
82.5124 13.0922
81.8956 14.2695
81.5155 13.9233
85.6902 15.2615
85.0624 15.138
85.7272 15.6579
85.4199 13.8883
83.4367 13.9243
81.5371 14.218
82.5123 14.6958
84.9202 14.5204
83.3171 14.617
89.4416 14.8918
89.5162 14.8676
88.016 14.162
86.9767 14.0164
86.9673 13.7398
86.3918 15.0417
87.1829 14.3458
84.3282 14.8608
83.2742 14.8052
79.5658 14.9034
77.0836 14.8022
81.0546 14.5445
81.5485 14.507
82.1471 14.6995
84.2068 14.7265
83.8496 13.947
83.2585 14.5863
83.9334 14.2586
83.4362 15.0524
83.268 14.453
83.3265 14.6916
83.8533 15.1773
81.7324 15.2347
82.0707 14.1817
83.9095 14.1992
83.7595 14.4497
83.6197 14.4419
81.4814 13.9522
81.2649 14.5352
81.797 14.597
82.0865 14.512
81.565 14.3829
81.092 14.478
79.4268 14.7308
79.9268 15.0469
85.1615 14.7746
85.6599 14.9624
84.4843 14.7719
83.6425 14.6888
82.2177 14.9588
85.1845 14.0247
84.4074 14.7643
81.0902 15.0366
79.2965 14.8469
79.264 14.8794
82.9772 14.2926
82.4737 14.0698
81.4751 15.6775
80.3439 15.0494
81.8885 14.8173
80.4704 15.9882
79.4936 14.5275
82.9921 14.6277
79.4862 15.4733
81.2208 14.8596
79.7987 14.8034
79.7548 14.8019
80.6668 14.2163
81.5985 15.1663
81.2498 14.8554
82.0185 15.4215
81.8564 15.0939
81.7196 14.7166
82.6242 14.2925
82.4449 14.126
84.5003 14.3997
86.2776 14.7842
85.8517 14.6371
84.4141 14.5513
83.1141 14.6017
82.6436 14.4682
81.9073 15.1082
81.2292 14.4647
80.6289 15.0914
81.9786 15.4244
80.769 14.679
82.7107 15.8974
84.3283 14.313
82.8915 14.2564
80.9236 14.2516
80.8471 13.7764
81.4757 15.3024
80.5832 15.224
81.3016 15.3002
79.9125 15.3349
81.7216 15.0513
81.355 13.8172
83.7024 13.9772
82.5162 14.9275
81.1963 14.2493
81.7998 14.3289
80.533 14.3947
82.7827 14.3837
83.9011 14.262
82.6086 13.3097
83.0946 14.5616
83.3587 14.6617
79.4906 14.3133
78.958 15.0065
79.0047 14.8985
79.0047 14.8595
82.799 14.3392
83.1437 14.3401
83.1437 15.418
82.8319 15.171
81.7027 14.9192
79.4827 14.8787
79.9094 15.1636
81.4819 14.0226
80.5281 15.147
77.4467 15.1353
80.5566 13.9098
83.9049 13.8107
84.3597 15.5903
82.18 14.5359
79.2389 14.3559
79.9517 14.3107
80.4468 15.5883
80.1391 15.3946
81.6875 14.8523
80.694 14.9914
80.6726 15.2177
79.4071 14.8377
78.9596 14.8177
81.0686 15.3226
81.9245 13.7456
83.8206 15.1612
79.6112 15.5313
82.5691 14.2695
81.8257 15.3602
82.7449 14.2029
85.831 14.5741
84.5707 15.1849
85.2329 14.8531
87.545 14.6986
87.3567 14.7633
88.4705 14.8868
88.6554 14.891
84.5894 14.6148
86.3274 14.8159
83.8798 14.6203
83.1182 14.7419
80.0444 14.2595
80.7524 14.1687
84.3473 13.7231
80.4543 15.1071
80.027 14.8479
83.0686 14.3681
81.9129 15.3014
83.009 13.9257
83.0563 14.978
86.4802 14.9871
86.0555 14.5939
84.4725 14.437
83.6902 15.4156
83.2149 15.2028
84.3618 14.8425
83.0619 14.7254
82.1586 15.6223
82.2631 14.916
81.6313 15.221
82.9471 15.2322
81.2799 14.8455
81.449 14.0655
80.0238 14.4249
79.3456 13.9591
80.5741 14.3183
79.047 14.9323
83.1759 14.7047
83.6364 14.7194
81.1992 14.7628
81.5972 14.794
84.339 14.7799
79.6914 14.4758
78.8534 16.5654
78.9857 15.3386
78.4841 15.1856
81.3545 14.7727
81.3545 15.5932
80.9563 13.5071
80.0501 13.707
81.9322 14.0942
79.659 14.2903
79.659 14.6003
79.659 14.2509
79.659 14.9151
79.9733 13.8593
79.1093 14.1129
77.7856 14.5515
79.3527 14.8716
80.7149 15.0491
82.4871 14.0706
80.2436 14.3384
80.6282 15.6705
81.3691 14.9943
81.8147 14.9692
79.7176 14.9498
81.7441 15.0313
82.5561 14.9298
84.4127 14.1503
87.6052 14.9536
86.8746 14.8815
86.1414 15.0293
86.1188 15.1348
87.4074 14.0701
86.3642 15.3769
84.6073 14.1615
84.1747 14.6273
83.1417 14.0893
86.8405 14.859
86.3683 14.6425
85.301 14.1015
86.008 14.0318
83.3601 14.7722
84.0987 13.5918
84.1323 15.2002
84.5278 14.7721
82.7394 14.514
82.9614 14.4653
79.6191 14.9019
80.0341 15.1306
78.8728 14.3212
79.472 14.4405
81.185 14.4133
78.4768 14.3112
80.441 14.4894
82.1745 14.9899
80.5395 14.4338
80.2763 15.4499
83.0221 14.5241
79.9346 14.4373
78.5113 14.3801
80.7126 14.7109
80.5185 15.1137
81.7977 15.281
82.9365 14.7972
82.5203 14.3332
82.1325 15.3872
81.3953 15.0802
81.2497 14.3926
82.3556 14.5042
83.8462 13.6649
86.9974 14.2201
85.3802 14.537
83.7641 14.7213
83.829 14.9285
83.8505 13.8978
85.3004 15.1961
84.4206 14.8353
86.2992 14.4425
85.1276 15.298
86.9084 14.3728
86.1976 14.8312
91.1228 15.1216
87.4111 14.5114
87.5829 15.2554
84.0037 14.7738
88.1449 14.7003
86.6239 14.7857
87.8744 14.9655
86.5185 14.9802
84.4326 14.8633
83.8826 14.4503
78.5924 15.7523
77.072 15.9446
80.4057 13.6856
81.4386 14.0489
80.3193 14.7148
81.8095 15.1782
81.9702 14.4459
85.9733 14.236
84.7807 14.6566
85.3696 14.6991
84.8854 14.2751
85.7754 14.0673
86.2053 14.3007
84.1601 14.8614
83.6868 13.9494
83.5693 14.3732
82.0593 15.2215
82.7036 15.2105
82.8786 15.2634
82.1057 14.8997
83.1522 14.1471
84.412 15.0687
83.7668 14.7173
84.393 13.1896
85.6587 14.2395
86.744 14.8123
84.4321 14.0856
83.9741 14.8501
83.0855 15.0576
80.7287 15.6189
79.5199 14.6458
80.817 14.2777
82.1235 13.8554
80.4689 15.7633
81.1677 14.6703
83.0321 14.5888
83.4392 14.9251
82.3532 14.3549
81.8744 14.6584
81.6702 15.03
83.6883 14.4318
82.0638 14.8582
83.1905 14.6713
84.7175 15.1181
85.0317 14.71
80.7457 14.7069
82.5331 15.4292
84.2052 15.1319
82.0728 15.2675
85.2941 13.52
83.7387 14.7576
85.0294 14.5274
84.9484 13.8179
86.156 14.0197
83.2878 13.7737
83.8953 14.3724
83.77 14.0931
84.4611 14.3808
82.014 14.5912
82.1668 14.4721
82.354 14.4706
81.9068 14.5842
81.2334 15.559
82.396 15.6445
83.169 14.5553
83.3347 14.7406
83.0805 14.8061
82.9073 14.8086
85.3951 15.0864
83.8378 14.6153
80.885 14.303
80.9842 14.5695
81.9404 14.6143
80.9231 15.0728
79.2129 14.8253
83.9965 13.8759
81.4673 14.1452
79.8537 14.6944
78.9663 15.0181
80.8586 13.535
80.7904 14.9714
81.7162 14.6339
81.5314 14.3755
80.5639 14.6263
80.8437 14.9467
79.9941 15.0848
81.4801 15.3719
83.9018 14.2834
88.0183 14.9229
89.6947 14.7061
89.4192 14.919
88.4939 15.6094
85.8625 14.6039
83.7089 14.4783
82.8441 14.2171
85.6147 14.3476
81.4818 14.7809
85.9027 15.6788
80.6198 14.6788
81.7251 14.871
81.5118 14.4651
81.1825 14.1214
83.557 14.336
81.1236 14.3216
81.6428 14.5762
78.8292 15.0464
78.8389 15.2963
78.8389 15.4105
77.6217 14.5614
80.2313 15.695
84.2502 15.3162
86.0276 15.7579
88.278 15.4422
84.7635 13.4927
88.0001 14.0444
85.6271 14.9749
85.1202 13.7578
86.9157 14.814
91.2287 14.88
90.6315 14.9006
90.1402 14.869
89.2639 14.4353
89.143 14.9331
89.5235 14.9331
89.685 15.8262
86.634 14.8257
85.6827 14.7233
86.5484 14.4066
87.0701 14.7392
87.7941 14.4607
85.622 15.0856
84.3312 14.5816
84.7411 15.0051
83.8948 14.3749
81.1136 14.4022
81.8104 14.2378
79.7551 14.4096
83.8769 14.8499
81.8392 14.6771
80.4951 15.1411
82.6537 15.0304
83.5411 14.6761
84.8117 14.5508
85.6556 15.0654
86.0103 14
84.306 15.1267
85.4477 15.5305
83.5457 14.9787
82.1277 14.8604
82.3202 14.1931
83.9264 15.1055
85.9423 15.2684
85.1909 14.1713
83.4264 13.9597
83.3227 14.8066
80.4167 15.7337
81.0914 15.3393
81.6934 14.7385
81.13 14.9707
81.2811 15.0203
80.8209 15.3355
81.5799 15.7071
79.4366 14.198
78.9748 14.833
82.6173 14.3652
80.6118 14.7559
79.8314 14.4647
80.3441 14.5875
81.7939 14.5929
80.2441 14.0502
82.7856 13.7847
81.8241 13.6802
84.611 14.1362
85.2563 15.0115
85.2977 14.1912
83.8117 14.2383
82.9491 14.9918
85.3555 14.3916
87.1114 14.5417
86.0252 14.8061
85.6718 15.0601
84.3843 14.5542
84.3631 14.67
86.226 15.2448
83.8408 14.4046
85.6012 15.0064
84.6769 14.2847
81.9378 14.2385
83.5177 14.8214
83.4499 14.778
81.9391 15.0268
79.9848 15.0422
81.9738 14.8482
83.8177 15.1836
81.8285 15.1918
81.5795 15.1916
81.6894 15.0697
80.6607 15.5043
81.1441 14.9338
79.4713 14.7585
81.6636 14.807
81.9189 14.8646
81.7871 15.731
82.1863 14.4454
83.1754 14.4597
82.1946 15.2495
85.109 14.8413
86.1356 14.8726
83.4499 15.3125
82.5893 16.1196
81.1256 13.7605
80.972 15.7471
78.8824 14.2453
81.2404 13.8729
80.4548 15.2201
78.8951 15.83
81.0718 14.8842
80.2855 14.8417
81.7775 14.4996
80.0545 14.8903
79.1497 14.74
81.9179 14.8509
78.2898 14.5433
80.4236 14.7764
84.9347 15.0592
83.8576 14.7153
83.5443 14.4613
80.6305 14.5733
82.9113 15.0606
84.9815 14.6409
84.6523 14.1439
84.693 15.4879
83.4646 14.3724
83.8859 15.8491
83.8728 14.9614
82.904 15.9486
83.8165 14.2177
83.8935 15.3087
81.9981 14.6373
86.1881 14.2511
87.0342 14.6865
88.6931 14.4965
90.9629 14.1094
89.4291 14.5725
90.4181 14.4414
90.0832 14.1859
94.8215 14.0934
93.0824 14.787
91.7602 14.8995
90.1199 14.1718
88.9404 14.6143
86.9942 14.7934
89.0063 14.415
88.8135 14.4315
89.0904 14.8877
86.0293 14.2729
87.9208 13.6658
89.2919 14.7542
91.0938 14.6361
91.5731 14.5862
90.6268 14.4929
90.5261 14.6209
92.589 15.2225
94.1826 14.4469
94.1826 14.7718
87.0723 14.8017
88.7462 14.736
88.2799 14.0979
86.0965 14.7671
81.9036 14.2349
84.3857 15.3542
85.0785 14.4984
83.8505 14.1477
84.0554 13.7555
80.787 14.2433
79.5792 15.8937
79.9836 15.2022
80.7506 14.9638
81.0593 14.9023
80.2742 14.868
80.9554 14.7603
79.704 14.8598
80.8898 14.6726
84.716 15.1672
82.9729 14.2523
84.9802 14.5199
81.6069 14.4271
78.8825 14.3223
82.3551 13.4141
79.3491 14.5016
79.7219 14.2008
83.7853 14.7029
83.1478 14.9074
83.4635 15.0623
85.3922 14.5448
85.6857 14.8022
85.5562 13.8577
83.8558 14.3808
82.0419 15.1377
82.59 14.569
87.8027 14.2564
85.8527 15.2373
87.2307 14.1283
84.99 14.2757
82.1983 14.1656
81.9196 14.3889
84.9533 15.4694
85.7523 15.601
86.6675 14.9955
86.0657 15.2426
82.8464 14.6508
80.5355 14.0544
81.4133 14.1333
81.3495 14.3331
81.605 14.7433
81.747 14.8957
85.0227 15.1383
80.1627 15.2129
79.9882 14.0581
80.215 14.5338
79.7179 15.0226
83.4343 15.4295
81.8601 14.5404
80.8525 14.1129
83.9698 14.6712
81.914 15.3999
83.0317 14.0963
82.0472 13.854
82.6309 14.354
81.1137 15.0804
82.7231 15.0407
80.2371 15.299
82.5056 15.1745
85.2226 14.1797
81.9048 15.3059
81.9048 14.3149
80.9221 14.6585
79.0361 15.0827
82.3741 14.6536
81.1567 14.8127
78.5837 14.876
79.8139 14.6834
80.7991 14.1976
81.0811 15.2278
83.4477 14.5987
85.4183 14.6872
85.126 14.6226
88.8281 14.3502
91.3594 14.8237
91.3448 14.9435
93.9361 14.15
87.6137 15.2341
86.4071 14.872
83.3365 14.9364
82.5957 15.0091
83.118 12.709
81.7507 15.1473
84.2605 14.1831
81.801 14.4745
78.452 14.7575
82.4441 15.147
79.7297 14.7759
82.9969 14.6049
78.2323 15.0761
78.2177 15.3316
78.245 15.5261
78.148 15.1867
78.3085 15.6951
78.604 15.1685
77.9153 15.0837
79.4177 14.6677
84.4638 14.7625
82.4051 15.2599
82.4582 16.3208
82.4782 14.353
82.7419 14.8254
84.0833 15.9173
81.4811 14.8842
83.0075 15.2626
82.7721 14.5548
82.8812 14.2622
84.6699 15.1294
80.2211 13.3083
80.6974 14.5201
82.7816 13.6531
82.41 14.2046
81.7725 15.3755
79.217 14.3748
81.0548 14.1598
79.4625 14.7954
77.6199 15.0929
78.9331 14.1288
80.2579 13.7242
82.9942 15.1587
82.3773 13.8174
83.1756 15.7219
87.6081 15.1965
87.6753 15.0864
86.0919 14.0155
86.1859 14.9263
85.0416 14.6652
84.5021 14.384
86.135 14.8444
86.4364 14.4214
87.4984 14.5154
84.8713 15.0474
86.836 13.773
87.1203 14.106
84.8693 15.2495
88.0932 14.9534
91.2136 14.3367
91.251 14.5718
91.8202 13.5929
90.4794 14.8399
90.4794 14.6594
87.1004 14.2473
86.916 15.3552
85.15 14.6178
83.2203 14.5081
84.7759 14.1042
84.5435 14.3884
84.1583 14.5405
85.8002 13.9659
86.0061 14.364
84.7904 14.7744
85.5116 15.5244
85.7675 13.8749
86.9392 13.8784
87.2428 13.8517
84.5732 14.4818
87.4336 14.7996
89.0432 14.5097
96.1924 14.9269
91.3494 14.3157
91.4477 14.1279
90.3353 13.4719
89.4747 14.616
87.8849 14.9523
82.3986 15.4522
85.4578 15.3856
84.7763 13.9169
86.0907 15.3408
84.7043 15.3591
85.3788 12.5036
82.4716 13.9501
82.4189 13.8663
81.2264 14.2053
78.6916 15.1331
79.7896 14.951
79.6623 14.3146
81.8333 13.5248
81.5664 14.5381
84.214 15.2119
84.5603 14.1275
83.0658 14.9832
81.9173 15.6173
85.4401 14.4521
85.0335 14.1619
84.7396 14.8284
82.6733 15.2438
81.9007 15.044
81.547 14.7052
82.241 14.7774
82.3597 14.718
81.1008 15.2021
82.8454 15.5468
82.7223 14.7776
83.526 14.7756
83.8689 14.6117
79.7079 14.6791
80.0253 15.4518
80.0253 15.2515
81.2874 14.8991
81.6661 13.7295
81.3298 14.8133
83.3654 15.0084
87.3623 13.8296
85.7165 14.5341
82.8032 14.6359
83.0326 14.9721
83.9891 14.4872
82.5386 14.3585
81.7383 14.2856
84.1815 15.1045
83.3718 14.8774
83.7736 14.3187
83.011 14.3508
85.1125 14.6929
86.3729 13.9609
81.6903 13.9858
81.7162 15.1735
79.7754 14.3693
82.1141 14.0699
82.5266 14.4136
80.6695 14.8615
79.6849 15.2267
82.3683 14.3551
81.4032 14.4652
81.556 14.1366
80.987 15.7301
81.3677 14.628
80.4025 14.9924
79.945 15.3093
80.6639 14.792
81.0263 14.9996
79.8426 15.2173
78.0281 14.1538
80.2015 14.3301
79.5242 15.0359
79.7468 15.0283
78.569 15.247
80.7729 13.5491
80.6929 15.4682
80.3246 14.1435
79.3217 14.7197
81.5962 13.9758
82.2453 14.2604
81.8427 14.1561
85.2629 14.2537
85.2756 14.9818
82.1982 15.0083
85.3778 14.746
84.4691 14.8175
82.3553 14.4933
82.8848 14.3482
81.4607 14.303
82.1768 15.5361
85.2678 14.8038
84.4873 15.2491
83.1107 14.1054
84.2408 14.0242
84.8339 14.5026
83.8325 14.8643
84.3293 14.3273
85.9624 15.3647
86.5333 14.3169
86.8341 14.192
85.3248 15.367
86.6675 14.3769
85.2316 14.1574
84.1516 14.583
84.068 14.5017
85.4078 14.9785
84.273 14.9128
83.7427 13.829
82.3422 14.5732
82.4559 14.1777
81.9159 13.9047
81.1805 14.3403
81.3435 14.6422
83.0637 15.0946
82.5899 14.2247
82.2834 14.309
84.6073 15.406
81.9327 15.6674
84.7929 14.9297
85.3378 15.0971
85.2402 13.8376
82.0895 15.0016
77.7358 15.0271
81.7038 14.8583
82.5954 14.7855
82.6485 15.0587
81.1708 14.1998
83.1751 14.3001
82.2775 14.5484
82.0679 14.065
78.42 13.5432
75.5639 14.8169
78.2035 15.5277
78.4081 14.9364
81.1409 14.2696
80.8484 14.32
81.0858 14.2513
81.721 14.2366
79.9638 14.3129
81.3607 14.2302
80.477 14.1177
82.1615 14.0372
80.7477 13.8565
78.1905 15.197
79.5115 16.0591
80.3844 15.2028
81.4901 14.8784
81.3774 14.7058
82.9779 14.3562
81.5919 14.47
80.2864 14.6722
82.8464 14.7091
83.7853 14.2157
84.033 13.7972
83.0785 16.0928
84.4381 15.0905
86.0473 14.2892
86.0473 14.6697
85.1005 14.2162
84.8788 14.6467
82.9923 14.5255
81.7768 14.4934
81.9723 14.6175
81.9436 14.7428
83.4965 15.6874
84.4667 14.4204
84.8804 14.3755
84.5223 14.5623
81.8454 14.3982
80.6746 14.9312
83.3671 15.03
83.7863 14.6214
84.037 14.8975
82.1156 14.9352
80.0177 14.9883
81.4764 15.2102
79.5026 14.9892
81.6779 15.5814
78.9114 14.9474
82.2023 13.7587
80.3335 14.5002
79.5523 14.9636
81.0881 15.1969
77.8466 14.8728
80.1543 14.927
80.603 14.2271
77.3697 14.2653
79.3062 14.4382
81.2423 14.1507
81.1016 15.5763
80.2614 14.6743
81.8644 14.4633
81.0706 14.6287
80.3353 14.299
86.8761 14.2052
88.5365 15.1543
88.8202 14.1028
87.25 15.0612
82.4499 14.1302
84.3978 14.4487
88.0156 14.5542
87.9312 13.9665
88.777 14.596
88.5222 15.6701
86.3607 15.3227
87.6835 15.0283
86.2995 14.9017
86.2995 14.9542
87.5618 14.5658
86.5325 14.2322
88.526 15.0411
86.5008 13.7488
87.5201 14.3649
84.2554 14.3879
86.3546 14.2975
84.9493 14.2975
84.7545 14.2818
87.8247 14.884
84.7805 14.6609
83.7746 15.6587
85.1328 14.8608
83.8172 15.5475
84.3007 14.3601
82.8083 14.743
84.1724 14.9051
83.928 14.215
82.1466 14.5366
82.6633 14.8074
84.7583 14.1446
84.0349 14.4264
84.1857 15.118
85.1066 13.951
86.2608 14.3867
89.1276 14.4543
89.8902 15.8159
89.6609 15.7037
89.6609 15.4205
91.7913 15.2322
90.5065 14.6286
91.5576 14.5477
91.5576 14.6208
89.3943 14.3654
92.0569 14.905
93.1873 14.4988
93.1873 14.6965
93.1873 14.338
94.0972 13.4017
92.7875 14.4888
91.4224 14.7741
93.5377 14.0513
92.4832 14.201
91.364 14.7421
92.0715 15.0322
93.0712 13.9635
90.3341 14.2097
88.1618 15.0193
89.5891 15.5162
87.0295 15.174
87.9081 14.6632
87.9081 14.8661
87.4423 14.4158
85.1959 14.343
84.2794 14.4713
83.9113 14.0985
82.7554 14.928
86.1216 14.2824
88.4985 14.2749
86.893 14.8619
85.6732 15.4356
83.6689 15.3943
88.7404 15.2462
88.5092 14.827
83.9417 15.7601
84.5257 14.929
84.66 14.364
87.0457 14.2864
87.3048 14.1429
87.5198 14.875
87.9776 14.5152
89.8342 14.4434
88.9686 14.5523
88.9686 14.0324
88.1551 15.0459
89.2934 14.7581
87.9098 14.3784
93.4004 15.4132
88.7974 14.5467
87.8128 14.2706
82.7541 15.1479
82.2269 14.2244
83.5804 14.2429
80.7191 14.5161
82.7629 14.3371
80.6157 14.1175
82.3567 13.8198
82.6366 14.5244
81.138 14.5063
82.9659 13.971
82.3627 15.0044
80.746 14.2092
78.3875 14.4578
79.0871 14.8584
81.6924 14.6859
83.5117 15.0276
83.4058 13.3309
84.516 14.7307
84.9584 14.1904
82.4013 15.4783
82.4462 15.274
85.0241 14.0506
84.2296 14.0004
82.571 14.3873
85.8398 14.8162
83.4038 14.9832
83.716 14.2721
84.6628 14.072
82.9068 14.7201
80.0882 15.187
80.1033 14.1815
81.0689 13.9566
84.698 14.4153
84.6953 14.5816
84.8061 14.0417
85.5462 15.4089
84.2741 15.2843
82.7857 15.12
83.7553 15.2715
86.8145 14.3744
83.924 14.3009
84.8376 14.7354
87.2107 15.1729
85.576 14.8544
86.8681 14.452
87.0631 14.6244
85.0896 14.5066
88.9194 14.4555
86.5318 13.8835
88.5932 14.3918
86.762 15.2043
86.3804 14.4458
86.0986 15.2754
84.2465 14.7033
84.9261 14.9568
85.6624 14.0099
86.2725 14.5401
87.6373 15.3441
87.5739 15.1362
88.6297 14.579
86.4998 14.4739
87.0437 14.6085
88.383 14.5202
88.5462 15.0307
87.2755 14.851
87.5401 15.1141
87.7 15.2231
90.1085 13.144
86.7624 14.2125
86.5921 14.7729
83.6182 14.7526
84.7635 14.7785
82.7944 14.5822
83.7556 14.4965
81.7924 14.2624
81.7374 14.0738
82.2366 15.2148
81.2162 14.6305
79.5925 14.2158
81.7881 14.8655
82.1342 14.8307
80.3169 14.8512
79.5938 14.81
83.323 15.8282
83.323 14.0477
84.8177 14.8495
82.7845 14.6628
83.7257 14.7208
84.3483 15.3271
82.4874 13.7955
83.7118 13.9286
82.6103 13.8391
82.2304 14.1325
82.4357 15.4821
82.4287 14.9603
82.8154 14.4836
83.3772 15.1828
81.8154 15.0205
81.6779 14.8626
82.141 14.4435
82.0858 14.1884
82.1558 14.0518
81.671 13.9801
83.8822 14.5858
83.7695 14.9551
84.5553 14.0605
84.2855 14.0355
82.7606 14.9716
82.081 14.2239
83.0701 15.0844
82.353 14.1294
82.0135 14.2509
85.893 14.6158
85.128 15.456
86.0027 14.4179
86.442 14.8222
86.8582 14.2146
85.3924 13.5894
80.3277 14.3659
82.588 14.4202
79.8315 15.1796
81.8916 14.834
81.8916 14.7608
81.5312 14.5897
82.4788 14.088
85.385 14.4374
84.9532 15.5391
85.8514 14.7294
84.0259 14.3525
82.8885 13.9952
84.4157 15.0604
87.6594 14.8313
85.6436 15.07
82.5607 15.0385
81.7229 14.7286
84.1139 14.0835
82.238 14.3985
83.8159 14.7562
81.3785 14.4752
80.7713 13.8823
81.7137 14.4451
81.8501 14.5215
79.7798 15.2792
81.874 14.7933
80.6905 14.604
80.5318 15.0353
81.8745 14.3808
81.9402 14.5776
81.3635 15.6525
80.5539 14.3143
80.3381 14.4805
84.6322 14.7653
83.1678 14.6
83.2469 14.7939
83.7137 14.5825
85.5799 15.0778
83.7317 15.5586
80.3649 14.7103
82.2111 13.9723
84.0243 14.1535
83.9202 14.7685
85.0585 14.4644
80.9512 14.3436
81.25 14.8431
81.3746 15.1042
81.9674 14.2555
82.7136 14.3105
84.5956 15.2639
83.99 14.0579
82.4388 14.7688
86.0958 14.9284
87.5935 14.9007
81.5592 14.6082
81.2267 14.8899
82.6727 14.1609
84.2772 14.3639
81.9587 15.3701
82.2525 15.2553
81.6832 14.3711
81.5784 14.6047
82.3823 14.8821
81.1788 14.2824
81.2331 14.2617
83.1227 14.6332
81.4526 14.5838
82.4157 13.8995
81.634 14.6541
79.7212 14.3801
80.0501 15.5205
81.7748 14.373
81.3414 14.7275
79.5797 14.6124
78.6272 14.5347
79.2779 15.1424
78.555 15.3759
77.607 13.8053
81.0577 14.2079
81.9312 15.0759
80.4004 14.7353
80.4004 14.656
84.7237 15.2188
82.9621 15.5573
83.3922 14.5683
81.5722 13.9899
83.9115 14.3653
82.1067 13.4653
84.5464 14.9797
84.2127 14.1219
81.4661 14.7322
83.1774 14.7168
83.9005 14.7472
83.4338 14.5717
81.1547 15.1508
81.9036 14.5049
79.9384 15.9805
80.7407 15.7824
83.7307 15.2613
80.5407 15.3556
80.7972 14.024
82.7296 14.8534
87.6866 15.2052
83.2174 14.5409
83.4738 14.8787
84.0721 14.3921
81.1484 14.7482
80.9596 14.5325
80.2496 14.579
82.2663 14.9734
82.546 15.4212
82.5446 14.3445
83.8873 13.7943
81.5826 15.0345
82.4637 15.4137
80.2093 15.2042
80.3283 15.6087
82.4314 14.3999
82.1187 13.7926
80.0966 14.297
80.188 14.8625
80.3764 14.9685
80.6328 15.2488
80.4758 15.1689
83.6105 14.6955
82.8622 14.8703
81.9946 14.8291
81.2987 15.7155
81.505 14.853
81.0212 15.1381
81.7912 14.0361
81.713 15.7784
80.4056 15.4237
81.79 14.1901
84.6752 13.8567
84.1991 15.0963
83.8508 15.2632
80.946 15.538
81.9829 14.6523
84.5874 14.367
82.8345 14.4402
84.2894 14.7722
83.2189 14.7034
83.4667 14.9558
82.5054 14.3915
83.2045 15.6043
82.3416 15.2731
82.7206 15.7394
80.9916 14.6218
82.43 14.2641
82.4123 15.0943
81.4071 14.7101
84.4922 14.8986
86.5608 14.6799
85.8295 14.9583
85.9746 14.2965
84.847 14.1327
85.5533 13.7483
83.4529 14.7463
86.1952 14.8934
86.0873 14.9314
87.2174 14.9676
85.483 14.5984
86.7323 14.3224
86.7323 14.437
83.7308 13.9423
81.8867 14.4714
83.5456 15.0429
80.611 15.3986
82.4985 14.5629
82.457 14.4581
81.2565 14.8549
79.522 14.6244
82.5774 14.5309
83.4769 14.7655
83.088 14.7392
