6.56865 19.088
6.80649 19.7385
7.11064 18.2503
8.03049 17.3982
7.77828 18.7613
7.29053 17.9531
6.64283 19.0267
6.69892 18.1648
6.9714 19.3802
7.38321 19.2397
6.81382 20.4637
7.11458 19.3097
7.21703 19.6505
7.63116 18.6431
7.5324 18.0221
8.11215 19.0619
8.20976 18.6338
9.20385 18.1101
8.99069 18.0899
9.4227 18.0933
8.79232 17.8672
9.02857 18.8041
9.43318 18.0189
9.07852 19.1074
9.41717 18.1002
9.14054 18.7702
9.09109 18.3405
10.4468 18.5593
10.4013 18.3364
10.3352 18.463
10.2511 18.1694
10.7609 17.0433
9.9269 17.5713
9.94347 18.2991
8.94234 18.4582
10.2082 18.0103
9.41649 17.4298
9.63205 17.5203
9.03028 19.4888
8.80934 18.332
10.2166 15.9032
9.0122 17.1581
8.93745 18.109
9.20784 17.5232
8.50082 18.8786
8.28255 19.8478
9.13806 17.1986
9.52065 18.0282
10.4064 18.287
9.39367 18.3574
10.3043 18.1426
11.2518 17.1149
12.1348 16.4973
13.3283 16.9587
12.3316 17.0407
12.2522 17.8379
11.5648 18.1991
12.5983 16.3158
14.4445 16.6879
13.939 16.4935
12.7122 16.7658
11.7262 16.45
12.6752 16.4403
13.01 17.0942
12.0835 15.8107
11.2531 17.7238
11.5088 17.2849
11.576 17.8718
13.1365 17.5311
11.766 17.9271
12.7888 17.3184
13.1056 17.5446
12.7515 17.7159
12.0881 17.247
12.1052 18.3987
13.4475 17.4758
12.249 16.6817
12.2085 17.3189
12.1372 17.3267
10.7378 17.8311
10.7378 17.4752
9.34874 17.9795
9.70777 17.3149
9.70777 17.8974
10.3335 17.6426
10.9016 17.5795
11.7055 15.7157
11.8498 16.4951
12.1452 16.8576
13.1011 16.4004
13.3518 16.018
12.5706 17.8599
11.2862 18.1692
11.5918 17.4128
13.042 18.1114
12.7412 17.3458
13.5536 16.6672
13.7584 16.6657
13.7584 16.5191
13.6488 17.5703
13.2946 17.6173
13.9415 17.6173
14.8522 17.6224
14.4574 17.3959
14.4574 16.9802
14.2574 16.8437
13.7372 15.3441
12.1559 17.3019
12.7221 15.042
12.4285 16.5451
12.5856 16.1661
12.5856 17.1956
9.64738 18.5451
8.51301 17.9994
8.92878 19.0013
9.08308 18.0288
8.31981 18.6459
8.09515 18.8114
9.0701 17.1487
8.66517 17.151
8.59144 17.4747
8.07286 18.7535
7.87933 18.9051
8.27705 17.9295
7.99778 17.9435
7.97456 19.1758
7.91758 19.4312
6.77374 19.1333
7.07118 19.0995
7.18226 19.7339
6.64296 19.5075
6.59783 20.1346
7.04696 19.7551
7.61805 18.4395
7.93683 18.2143
8.27864 18.4774
8.33151 18.3881
7.92436 19.4389
7.53705 19.3594
8.07938 18.8894
8.23006 19.4606
9.01725 18.8728
9.34221 17.6146
9.34221 18.5451
8.9663 18.7205
8.46534 18.5304
8.46534 18.6647
7.26242 19.3166
6.53108 18.8585
7.59566 18.9352
7.60343 18.8697
7.46252 19.0714
7.54489 18.4186
7.70266 18.5263
6.24036 20.1096
6.43854 19.3839
6.67893 19.4427
6.70881 19.103
5.74135 19.6689
6.29891 19.325
5.63518 19.4396
5.55694 19.8332
5.65253 20.7162
5.81491 20.237
6.13306 19.8516
5.88461 18.8444
6.19906 18.5186
6.33655 18.9333
6.42798 19.3316
6.07047 19.115
6.31997 19.7467
5.4574 19.8482
5.91261 19.9941
5.77176 19.8374
5.75811 19.2569
6.00403 19.007
6.96587 18.4817
7.15187 19.4275
6.51562 19.2549
7.18663 19.1505
7.06134 18.275
6.87597 18.313
6.36239 19.7496
6.81272 19.6369
6.75369 20.0132
6.79702 18.2514
6.56965 18.3402
8.08492 18.54
8.23011 18.4395
8.23011 18.5169
8.22008 18.5985
8.47474 18.0274
7.79053 18.2308
7.57621 19.8227
7.5567 18.7986
7.61653 18.7497
8.32657 17.8474
9.34082 17.2257
8.90323 18.6494
8.8249 18.2221
9.17041 18.111
8.70657 18.7478
8.43267 18.3583
8.56197 18.3759
8.56197 18.3889
8.37346 18.4955
7.72346 18.6896
8.37275 17.1649
8.37568 17.7155
8.55021 17.7111
8.52338 18.6555
9.22784 18.3394
9.7209 16.545
8.81212 18.3394
8.66365 16.4622
7.48965 18.7327
7.99214 19.0597
7.61209 19.7711
7.43935 19.7552
6.07278 19.778
5.89933 20.2647
5.9424 19.3781
5.86414 19.6206
5.44343 20.1259
5.72981 19.9611
5.60618 19.0396
5.72218 20.7547
5.57775 20.1717
6.04715 19.331
6.12149 20.1415
6.39018 19.4627
6.39077 19.2806
6.72411 19.2701
7.08317 19.2372
6.65512 18.3836
6.45269 18.7598
6.51984 19.061
6.60894 19.133
6.88626 18.5331
6.88395 18.8273
7.45504 18.9462
7.41454 18.2846
6.9308 19.6619
6.89814 19.091
6.91516 19.928
6.41444 19.0488
6.09082 20.3511
6.28941 19.1547
6.23553 18.8551
6.69283 18.4976
6.81714 18.1419
7.33091 16.6255
6.58973 18.2889
7.38591 18.3219
7.06014 18.3702
8.06509 18.5294
8.47525 18.5235
7.96988 17.767
8.24177 17.5215
8.46248 18.0253
8.29356 18.474
8.77568 18.6057
8.48596 19.6865
8.72186 19.1779
8.62456 18.7664
7.92903 18.5468
7.96814 18.5383
7.81308 18.1286
8.21244 18.1151
8.11613 17.94
7.94241 18.6663
7.34173 18.3616
7.15888 19.4156
7.07178 19.3474
7.27605 19.1002
7.07092 19.1887
6.97554 18.8285
6.72923 19.7843
6.70276 18.9446
7.66834 19.189
7.45543 19.324
8.48334 18.1527
7.25796 18.2421
7.8638 18.2684
8.43278 18.9253
9.30258 18.3149
8.69386 18.4902
10.2288 17.4517
11.099 17.1824
10.9444 17.7824
10.2684 16.7735
9.2371 18.4082
8.97955 18.191
8.67689 18.053
8.555 18.0157
9.38383 17.8846
9.87044 17.8326
9.51913 18.4142
9.46534 19.4535
9.46534 18.5418
9.24701 18.5368
9.52519 18.5314
10.2883 18.4044
9.9527 18.2275
10.0214 18.2473
10.3487 18.0746
10.84 18.5825
9.79927 17.6568
9.73619 17.7557
9.43233 18.2926
9.94144 17.9554
9.94144 18.0899
10.0988 18.0897
9.04715 18.5307
9.24597 18.5926
9.28142 18.7656
9.07091 18.8567
9.31919 19.7111
9.33208 19.1055
8.75673 17.5184
9.2775 17.6162
8.95747 17.9494
9.57461 18.3486
9.57461 18.7944
9.57461 18.6113
9.57461 18.468
9.17282 18.8359
9.01822 19.0232
8.68886 19.002
9.17157 17.893
8.75785 17.847
7.21253 18.3044
7.70204 18.329
8.32004 18.7115
7.79966 18.773
7.65562 18.8313
8.22628 17.8629
8.45966 18.9601
8.58762 18.4311
8.54723 17.7111
8.54723 18.5632
8.64671 17.8689
7.66317 17.8868
8.26103 18.0438
8.55941 17.8891
8.02824 18.9803
9.31357 18.6105
9.75439 18.2912
8.81118 18.5215
7.70472 18.3614
8.86502 17.8884
8.14923 18.2781
8.80622 18.5396
8.80574 19.2359
7.83463 18.3861
8.74536 18.135
9.56855 17.4057
9.14445 18.2045
9.41578 18.3459
10.3501 17.163
8.20208 18.3887
8.14309 18.3407
8.09835 18.6734
8.03622 18.9193
8.60555 19.0236
9.00688 18.0084
8.81375 18.479
8.15697 18.5774
10.0261 18.3119
9.30383 18.6417
9.30383 18.3597
8.69454 18.7588
8.69454 19.1484
9.54131 18.5313
9.55858 19.3354
9.90175 16.8945
9.39489 16.5172
9.39489 16.6846
10.155 16.9282
10.2849 17.4708
9.40158 17.2651
9.84099 17.9994
11.2218 17.7328
11.0003 17.4321
12.479 17.4318
12.5744 17.3939
11.9865 17.3843
12.1747 17.4349
12.1187 17.8085
14.5364 15.5295
13.7054 16.8326
14.2073 16.5603
14.9854 16.6035
14.8505 15.9925
15.247 16.2595
14.2084 17.05
12.9405 17.4268
11.0768 18.077
9.94678 17.1223
9.94948 17.0616
9.88413 16.8232
10.5605 16.3138
10.9337 16.5124
10.6819 17.2594
11.7096 17.4217
12.1072 16.5498
11.3858 18.0433
12.0358 16.2076
13.6646 17.5451
13.1344 15.5743
12.2249 17.1916
12.1901 17.108
10.9139 16.9314
11.0057 17.6299
11.2363 16.9558
11.8338 17.4497
11.3239 17.4306
10.8712 17.6229
10.8372 18.1287
11.3282 17.1088
10.5218 17.6435
11.1511 17.1374
11.4774 17.5206
12.7566 17.3724
13.1576 17.6842
14.5379 17.4455
15.3557 16.005
15.4739 16.6803
15.4739 16.8419
13.5663 17.0791
12.9948 17.5745
14.2507 17.0438
14.919 16.4657
16.818 15.9403
14.9331 16.2467
14.6663 16.9668
13.8619 16.1996
12.4571 17.7542
13.5025 16.5687
12.8534 17.4978
12.9742 17.016
11.6058 17.2863
11.9594 16.5039
14.1996 17.7163
13.6497 16.8479
13.4237 16.9525
13.4237 17.3437
13.4237 16.9237
13.0332 16.2132
10.6199 18.2609
10.0533 17.7508
10.0764 17.7927
9.53152 17.7904
8.91863 17.2973
8.46262 18.8532
8.77495 17.8513
7.64602 18.8025
7.44624 18.8488
7.58965 18.985
6.95006 18.9708
7.67403 19.2316
7.65177 19.2716
7.72971 18.4396
8.52176 18.4756
8.56241 18.763
7.95106 19.0501
8.53767 18.1313
8.47668 19.0459
8.50861 18.3379
8.28553 17.1693
8.88163 17.7832
8.1692 18.2567
9.4434 18.4191
11.1786 17.4217
10.5763 17.4716
10.2125 16.5107
11.037 16.975
9.7125 17.3455
10.3036 17.2544
8.8613 18.4117
9.48514 17.6833
9.63906 17.4418
9.73226 17.9777
9.30155 17.9075
8.46649 18.4836
8.05994 18.9636
7.90944 18.9916
6.34537 19.641
7.23057 19.6457
7.23057 19.2949
7.11767 20.4516
9.25744 16.6911
7.45186 18.3981
7.61489 18.3287
8.08601 18.6006
8.2976 17.8806
7.97274 18.1531
8.0964 18.6353
8.50804 18.4567
8.07008 18.5424
7.73733 18.7666
7.49648 19.2542
8.54127 18.6817
8.54127 17.201
8.54127 17.5491
9.08891 17.0107
9.58168 17.5973
9.4897 17.4684
9.51416 18.0654
9.65832 18.0239
8.94856 17.5568
8.67023 18.6722
7.76383 18.9406
8.44741 17.5485
7.55536 18.4728
7.56807 17.7165
8.1417 18.1898
8.07206 19.2479
7.73305 18.8225
6.63998 19.0639
6.98982 19.1853
6.84244 19.0049
5.8755 20.1782
6.24774 20.4234
6.18852 19.6225
5.84056 19.2644
5.93314 19.3598
5.66122 20.2779
6.72227 20.5506
6.25008 19.5309
6.09662 19.1474
6.52091 20.6528
6.21523 19.375
6.4225 19.4216
6.48772 19.7157
6.76361 18.639
7.29364 18.2615
6.98732 18.1712
7.1291 18.6894
7.17144 19.2802
6.92305 18.2316
6.73283 19.3616
6.97937 19.8974
7.70365 18.8843
8.23973 17.4852
8.18026 17.9678
8.15599 17.5999
7.36533 18.9648
6.66534 19.4556
6.66311 18.9694
8.33052 18.2347
8.04061 19.6957
7.81495 18.6107
7.89199 19.405
7.70405 19.4272
8.88261 19.6128
9.04408 19.2843
8.92957 19.0711
8.80096 18.7653
8.76074 16.7686
9.178 18.2081
7.94835 18.8037
8.037 19.6191
9.02178 18.6728
8.89406 17.6499
8.42825 16.7906
8.13264 18.286
8.08116 18.5572
7.9496 18.5813
7.94672 19.1161
8.46268 19.1205
8.5827 19.6949
9.11523 18.1925
9.62348 18.1598
9.21323 17.5539
10.3184 17.6577
10.6011 17.7941
10.8372 17.7899
9.90689 18.2532
10.3734 17.5778
9.75208 17.7054
9.75208 18.4476
9.80661 18.0057
9.09828 18.6826
10.3829 17.225
10.9854 17.9721
10.7263 17.3721
11.9965 17.3721
11.9432 17.8659
13.2122 17.3376
13.0353 17.2917
12.1038 16.7024
11.5291 18.2829
11.151 16.9291
11.151 17.1294
9.98217 18.209
9.97618 17.6311
9.15021 17.6311
8.75144 18.2324
9.06699 18.7615
9.10056 18.4322
9.41976 18.1657
9.39443 17.3323
9.72214 17.719
9.06717 18.1697
9.68712 18.1697
9.68712 18.4821
11.2367 17.8857
9.65643 17.337
9.4268 17.1306
9.23946 16.7124
9.80679 17.3049
9.2855 18.2217
8.94731 18.3272
8.59033 18.8128
9.4595 17.8981
11.2102 17.2633
10.7073 17.5277
11.1483 17.5566
10.8548 17.5727
9.79338 17.6344
10.1975 16.7804
10.1975 16.9805
11.3175 18.3363
11.6676 16.8087
12.349 17.2403
12.349 17.4051
12.349 18.0924
12.349 16.5179
13.047 16.6048
13.047 16.9491
13.047 16.9491
13.6379 17.1149
13.6379 16.4846
13.3088 17.5907
13.3088 16.2028
14.4722 15.6102
14.4124 15.7917
14.4124 16.1586
13.0749 16.5657
13.162 16.3018
13.162 15.7864
13.162 16.6536
13.162 16.2364
13.162 17.7042
12.4559 17.7042
12.4559 17.2314
12.4559 17.2522
11.0647 17.4772
11.0647 17.7358
11.2671 16.5029
12.8873 17.188
12.8873 17.9301
12.4877 17.929
12.4877 17.5498
12.5747 16.7474
12.5747 16.7702
12.4466 16.8621
12.4466 17.1096
12.5566 17.5901
12.7484 16.5365
11.656 17.0727
11.5129 17.3621
11.3717 16.971
11.3717 16.8048
11.3717 17.7142
10.0114 18.9628
10.0114 19.5132
11.0021 17.545
10.6417 17.4627
10.4697 16.6667
11.1374 17.0538
10.5981 18.0472
10.4785 16.5613
10.818 17.0367
10.818 17.733
10.818 17.031
11.0004 17.031
11.0004 18.3652
11.0004 17.8464
11.0004 17.2142
10.4383 17.8412
10.9907 16.753
10.4838 17.7117
10.6294 17.8391
11.0002 16.3909
10.1901 17.2713
10.0893 17.7119
9.53608 18.0216
10.0168 17.7115
9.38175 18.0742
9.31249 18.2171
9.69969 18.6162
9.69969 18.7719
10.7617 19.8144
10.7617 17.798
10.7617 18.2349
10.3162 17.5452
10.3991 17.7633
10.5733 17.2656
10.8141 17.1601
10.8141 17.9316
11.0323 18.0217
11.1544 17.8867
11.1544 18.1849
11.1544 17.4967
11.1544 17.3563
11.1556 18.3567
9.85851 19.3827
9.85851 18.0523
9.85851 17.1482
9.85851 18.4732
9.85851 17.2545
8.90051 18.5939
8.90051 18.5006
8.90051 18.9175
8.36828 18.4057
8.36828 18.0628
9.20242 18.2545
7.60937 18.643
8.21099 19.2123
8.21099 18.0882
8.04517 19.1429
7.94424 18.8622
7.57859 19.3902
7.78334 19.6758
7.27283 19.3014
6.29561 18.7964
6.23895 19.8002
6.44759 18.7823
6.82606 18.2425
6.82606 19.3841
7.03048 19.1584
7.06343 18.1795
7.10861 19.023
8.13161 18.4579
7.42781 19.5232
7.53645 18.5082
7.53645 18.8857
7.62224 19.1184
7.68038 17.5487
6.76332 19.2558
7.06951 19.2611
6.50338 18.635
6.53709 20.3013
6.56719 19.5668
6.1846 19.5842
5.8095 18.4427
6.9191 18.7893
6.47663 19.5362
7.26455 18.3405
6.87853 17.5646
7.57952 17.5646
7.27301 17.8782
7.00487 19.1752
6.70264 19.2587
6.15423 19.1685
6.71548 19.2812
6.36846 18.635
6.68571 19.2694
6.61828 18.839
7.06711 17.7756
6.63921 19.9746
6.41304 18.6593
6.87117 18.9346
7.25981 18.9197
7.29538 19.3313
6.93496 19.8833
6.78888 19.7001
5.70481 20.0256
7.19461 17.8461
6.84017 18.2909
6.93372 18.9368
7.57879 18.1478
7.06434 18.8227
6.45573 19.5656
6.14728 20.0709
6.65062 18.9681
7.23697 18.3179
6.79272 19.2408
6.54048 18.6785
6.9747 19.2786
6.99913 18.7153
7.34002 19.207
7.08753 19.3919
6.62653 19.4121
7.68466 18.507
7.71162 19.6761
7.62622 18.5336
7.88625 18.7423
7.76236 16.9318
8.64198 17.6305
8.58746 16.9684
8.73964 17.4872
10.3645 17.9168
10.4025 17.4617
12.05 17.6875
12.05 18.1008
9.63687 18.1075
9.42383 19.0439
8.52609 19.1809
8.43166 18.6143
9.02498 17.1707
8.68417 17.3124
8.232 18.3423
9.81215 17.4727
9.81215 17.2222
8.23796 19.3797
7.85351 18.9931
7.16614 19.2048
7.16614 19.7621
7.91859 18.4233
7.87226 17.912
7.64082 18.3044
7.74049 18.8272
6.98578 18.9862
7.35158 18.6462
8.09838 18.0624
7.82625 19.0516
7.46279 18.4919
7.71909 19.0085
7.61255 18.4061
8.21497 17.8443
7.21872 19.1069
6.81987 19.894
7.09831 19.487
7.36313 19.9749
7.27037 18.9905
7.25 19.7128
6.70039 18.6142
6.817 19.4429
6.90647 19.3637
7.59153 20.0506
7.65901 19.198
7.96853 19.0628
8.54164 18.5024
8.00288 18.4543
7.72901 18.6943
8.46158 18.7446
9.5547 17.9121
8.44037 18.5229
8.08347 18.6553
7.57587 19.0857
7.67555 19.0227
7.12909 19.3695
7.45688 18.9011
7.6841 19.5771
7.17403 18.691
7.10651 19.4191
7.20569 19.4942
7.14578 18.7586
6.63168 19.699
6.54275 19.1998
6.45896 20.4392
6.56069 19.8664
6.47341 19.2235
6.72865 19.8655
6.82622 18.4136
7.20772 18.6466
6.96945 19.4437
7.10643 18.7468
7.03649 18.7494
7.17797 19.4316
7.0193 19.8401
7.2423 19.8736
7.66544 18.4342
7.65445 18.6621
6.30494 18.9249
6.41544 19.8058
6.39734 19.9392
6.28442 19.7583
6.11863 18.9274
6.23881 17.8624
6.14274 18.546
6.84084 19.4507
7.29591 19.2444
6.58976 20.0461
5.68883 20.0035
6.09518 19.8869
6.17103 20.1204
6.24479 17.5314
6.01983 19.9833
6.00545 20.0252
5.59523 20.7133
6.14002 20.3218
6.09595 19.8145
5.88414 18.3533
5.95003 18.7492
6.21647 19.06
6.50114 19.5127
6.11724 19.3483
6.25881 20.4436
6.33598 19.9905
6.55509 19.6764
6.58945 19.9871
6.49926 19.5597
5.94974 18.945
6.10002 19.5082
6.58383 19.0756
6.39866 19.585
6.32618 19.9144
5.93001 20.3274
6.74313 18.9815
6.98215 18.6348
6.44638 18.6921
6.6119 19.3834
6.06864 19.2197
6.01195 18.9488
6.75483 19.8109
6.60824 19.6154
6.28198 19.7499
6.23361 19.4438
6.14907 19.4432
6.3497 18.4045
6.33119 19.8651
5.7951 20.0026
6.06077 19.5436
6.53609 19.6672
6.09552 19.7347
6.5094 18.6862
5.88481 19.6269
6.3452 18.3315
6.09852 19.4121
6.42253 18.2619
6.91217 19.0071
6.4326 20.0763
6.47333 19.3041
6.93376 19.5147
7.11904 19.4352
7.11854 18.9061
6.77038 18.8042
6.77038 19.4378
7.13088 17.644
7.27541 18.4642
8.00148 18.794
8.08399 18.633
7.79943 18.43
7.64583 18.7111
7.59259 18.5623
8.12873 18.4382
7.59959 19.1228
8.08662 17.988
7.73451 18.827
6.13588 20.3599
6.13588 19.5888
6.17478 19.0891
6.39201 20.0311
6.83586 17.936
7.35999 20.0613
7.14302 19.5029
7.64877 19.2267
8.04922 18.7232
6.7566 18.8579
7.28949 19.0156
6.96687 19.3525
6.61677 18.8976
6.83006 20.4263
6.93411 20.0993
7.65876 18.5632
8.42093 18.3081
7.67015 18.4008
8.22549 18.5824
8.27495 18.6675
7.93152 18.5061
7.80613 18.534
7.42719 17.6771
7.02471 18.965
7.18015 19.0049
6.59982 18.5096
7.22664 18.6339
7.33088 18.357
6.83613 18.1829
7.18456 18.8948
7.61395 19.3959
7.69673 19.0904
6.60007 19.178
7.33498 17.7975
7.84276 17.7834
7.86422 19.5082
6.7371 19.991
6.57072 19.9269
6.59497 19.5428
6.74706 20.159
8.36403 18.3009
8.33933 18.8755
7.77775 18.3409
7.50562 17.6495
7.44276 18.0936
7.79824 19.2085
7.81941 18.7016
7.86489 18.9262
7.24335 20.6412
5.92619 20.0524
6.64979 19.6956
6.45731 20.3415
7.05734 18.9157
6.84294 19.576
7.7517 18.8027
8.29632 17.7075
9.91917 17.8797
8.88441 17.5885
8.88441 16.8649
8.50753 17.6486
9.75125 18.3569
9.66845 17.14
9.30704 18.6006
8.32762 18.2107
7.98374 18.4382
8.72733 18.4529
8.71035 18.0347
8.48391 18.2011
7.67145 18.2477
8.53326 18.577
8.79088 17.4854
8.69254 16.7822
8.55037 18.8261
9.034 17.9756
9.46321 16.5911
8.382 18.5202
8.85153 19.0581
8.74603 17.9309
8.97579 18.3861
8.93237 18.7793
9.41037 18.4434
9.11457 18.6392
9.49642 18.5938
9.00164 18.9243
9.48566 17.7279
9.92697 18.0598
10.078 18.1728
10.078 18.3258
10.5487 17.4322
10.5487 17.3465
10.854 16.6733
10.854 16.6733
10.9003 16.9689
10.985 16.2693
11.488 16.3112
10.6609 16.9738
12.9373 17.2033
12.9373 17.2052
13.2 17.5018
13.2 17.7277
13.2 16.3468
13.57 16.6774
15.0019 15.7059
11.9165 16.5298
11.9165 16.8685
11.8729 16.5743
10.811 16.586
10.811 18.0477
10.811 18.0162
11.0423 17.3217
10.1235 16.7907
11.4384 17.3464
12.1016 17.7986
12.1016 18.2315
11.3169 17.593
13.0819 16.553
12.3171 17.1015
12.9385 17.0606
13.2046 17.9111
11.9814 18.2151
13.9713 17.5318
13.9713 17.2935
13.9713 17.1866
13.9713 17.6015
14.6225 16.1216
14.6225 15.7243
14.6056 16.2022
16.4814 16.2022
16.4814 16.4242
16.4814 15.6653
16.4814 15.1318
16.4814 15.4306
16.4814 16.1336
14.7576 17.1093
14.9611 17.1718
14.8298 16.6644
14.8953 16.334
14.8953 16.1864
14.8953 16.2182
15.203 15.629
15.203 15.2696
15.203 15.2696
13.3623 15.9102
13.5336 16.3891
12.6876 17.1746
12.3577 16.215
12.3577 16.215
12.3577 15.7542
12.3577 16.0297
11.4532 17.0505
12.2232 16.6922
10.6222 18.2375
10.6222 18.8286
10.2219 18.0526
10.2219 17.6211
10.2219 18.2301
9.81673 17.2537
11.0819 17.2841
11.0819 17.5798
10.283 17.3878
10.1005 17.9435
9.6233 18.5196
9.62735 17.8594
9.62735 18.0197
10.544 17.9071
10.9235 17.7668
11.8276 17.3381
12.2052 17.0819
12.2052 17.0819
11.2175 18.1538
10.3487 17.7845
10.3487 17.7845
9.5301 18.4408
9.19974 17.2519
10.0121 18.3395
10.3399 17.3205
10.0644 17.9979
9.20892 17.9861
9.79409 17.6984
8.87302 17.8412
9.09107 18.724
8.91345 18.0912
8.04183 18.2873
8.13516 17.8069
7.14312 19.3979
6.97807 20.4142
7.58638 18.0365
7.36073 19.6184
8.08466 19.0204
8.18117 19.1748
7.78448 19.3457
7.77962 18.1312
8.04924 18.3833
8.28136 18.7081
7.83754 18.5827
7.8937 18.8244
8.20686 19.5337
7.85932 18.758
8.58574 18.2368
8.05895 18.2822
7.7319 18.0942
6.9744 18.2143
6.66936 19.5449
6.21569 19.8407
6.42847 20.4044
6.50195 19.3358
6.03366 20.0054
6.30124 19.1622
7.018 19.5548
6.02065 19.9825
6.52565 19.527
7.28749 19.7095
7.67186 18.7699
6.99417 20.193
7.92112 19.0873
8.03237 19.1553
8.42485 19.0874
8.57415 17.8234
8.99207 19.0823
9.43326 18.7728
10.1237 16.9574
10.1281 17.5278
10.0051 17.9449
9.70016 17.2471
9.6872 17.8704
9.49451 18.2577
10.2999 18.4491
9.41689 18.0559
9.41689 18.2165
9.21126 18.1457
9.69563 17.5545
9.87244 18.1301
9.87244 17.5573
9.87244 17.3993
8.60861 16.9215
8.96923 18.264
8.40107 17.2922
8.87203 17.9862
8.72378 17.6747
8.934 17.7131
9.29407 17.1568
9.75672 17.6486
9.90642 17.2441
9.93643 17.0907
10.3196 15.822
10.3196 17.2241
9.76998 17.5616
9.80131 17.7122
9.27096 18.1365
9.25517 18.0131
8.4257 17.5316
8.92836 17.641
9.22472 17.787
8.90095 18.2316
8.89384 18.6806
9.53859 19.498
9.69953 18.8643
8.78216 18.7247
8.83749 18.5561
8.24805 18.3252
8.9282 18.4223
9.45673 18.2372
9.28567 18.1243
7.69728 19.1154
7.90986 19.1041
8.3007 19.3401
8.42296 18.4637
9.3953 17.7414
9.04705 17.7595
9.22061 17.7305
9.10831 18.57
9.98043 18.7787
9.82332 18.2973
10.4988 18.4379
9.83867 18.5836
9.07455 18.8262
8.80608 17.7981
8.33017 18.2701
9.2866 16.9641
9.70311 17.2131
10.0856 17.9869
8.79702 18.3232
9.18777 18.9088
8.60787 17.2205
7.37206 18.58
7.42942 18.1896
7.49172 18.0295
6.70423 18.0476
7.5959 18.0614
7.58663 18.7499
6.72658 18.5173
6.72658 18.2092
7.42271 18.328
7.49629 18.8914
6.32639 19.8024
6.06291 20.5273
6.43906 20.3508
6.47832 18.8941
5.735 20.0664
5.80256 19.9839
6.02846 19.5863
6.44645 19.5274
6.34205 19.6526
7.86467 18.1243
8.34132 17.9761
8.14055 19.358
7.56399 20.2193
8.24568 17.9273
8.38447 15.9301
8.30574 17.2184
8.0388 18.6473
7.91669 18.2668
8.67589 18.5059
8.06038 17.2863
8.64525 17.9978
8.40087 17.8535
8.66329 18.485
9.07707 18.5116
8 19.2406
9.18145 18.4745
9.88589 18.8418
9.2139 17.4677
8.83707 17.9131
9.99578 17.2413
9.25332 17.0548
9.50033 17.6568
9.32365 16.7164
10.0788 17.0157
9.44584 17.9104
10.1048 19.5559
9.13833 18.9767
8.72004 19.0748
10.1627 19.1356
9.46039 18.5879
9.36482 18.4346
11.2344 18.3753
11.0743 17.9235
10.3157 18.4447
10.438 18.1095
10.3907 17.6367
10.0976 17.1873
9.62742 18.619
9.61044 18.0305
8.79573 19.0624
8.99704 18.8425
8.74268 17.9673
8.06991 18.4481
8.38558 19.1234
8.36999 18.4691
9.0208 18.5328
9.14207 18.5293
8.7102 18.4181
9.38356 18.4512
9.95079 17.9826
9.13564 18.3923
9.50007 18.3856
9.75369 18.0165
11.0141 16.3782
11.0141 16.8012
11.0141 17.7883
9.79171 18.42
9.48377 19.5692
8.94452 18.4879
9.3238 18.3791
9.52397 18.8296
10.1112 18.8088
9.96128 18.5151
9.15112 18.0783
10.4065 18.322
10.6483 17.6841
9.66571 17.4422
10.075 17.2238
10.2841 17.972
9.99741 17.664
10.3786 18.7891
9.20342 18.4947
8.57038 18.7219
8.83369 18.838
8.72165 19.0099
8.69326 17.8834
7.16841 18.5124
7.01014 18.9455
7.66895 19.8008
7.70024 17.9294
6.96454 19.0858
8.35159 19.0755
8.86897 18.7117
7.61049 19.3348
7.60902 18.4693
7.23518 18.9472
6.30533 18.7452
6.74043 19.3033
6.58671 19.403
7.09721 19.2753
6.46335 19.5784
6.83407 19.816
8.78348 17.4413
8.56333 18.3967
8.39006 19.0528
8.73532 18.363
9.04678 18.7229
9.29183 17.5196
9.64243 17.2843
9.64243 18.1896
9.99274 18.0325
9.99274 18.3042
9.95828 19.0181
10.8265 17.4724
10.8265 17.6247
11.1341 16.2019
11.1341 16.9798
10.8 16.9281
9.26725 17.7739
9.6485 17.5508
9.82615 17.3501
8.96609 17.9398
10.3158 18.5509
10.9076 17.7308
10.9076 17.0647
10.9076 17.0647
10.9076 17.6362
11.684 16.8156
11.8676 16.8156
11.8676 16.0448
11.7455 16.0448
11.3318 16.9331
11.3318 16.1773
9.32407 17.7267
9.56015 17.5664
9.99 17.1506
9.96997 17.194
9.95295 17.0863
9.95295 18.6706
9.95687 18.5288
9.95687 18.9654
10.334 18.3181
10.692 18.3242
11.0235 17.7185
11.0235 17.7264
9.52397 18.4698
9.57444 18.1646
9.2572 18.7033
8.8845 18.1495
10.4765 17.7733
11.6098 15.5896
10.4236 17.6709
9.71538 19.0713
9.75879 17.9692
9.14815 17.9575
9.24563 18.0522
8.22727 18.4786
8.36964 17.8606
9.57847 18.0881
9.33943 18.1815
9.87028 18.9358
9.04136 18.3568
8.5643 19.0001
8.53192 17.8355
9.29138 18.0101
8.59941 18.2558
8.84644 19.2495
9.48667 18.493
7.9352 18.4527
8.72372 18.3451
8.77465 18.3011
7.43758 18.454
7.89449 18.1657
7.70602 18.5979
7.3359 18.9313
8.49489 18.3049
7.45456 19.2203
7.45456 18.6666
7.12949 18.6287
7.12949 19.412
6.57347 19.5473
6.67585 19.4502
6.90969 18.3625
5.64284 20.7499
6.11259 20.026
5.82608 20.2556
6.04801 20.2556
6.07884 19.7895
5.86225 19.8408
5.75649 19.9131
5.9268 20.1799
5.69129 20.3495
5.6663 19.7345
5.3314 20.4074
5.22706 19.4604
5.47565 19.8067
5.58268 19.3331
5.50161 19.1816
5.4653 20.2628
5.96449 20.0897
6.08363 19.6222
6.28896 19.783
6.57234 18.8474
6.56011 19.1939
6.75166 18.1703
6.01271 19.6847
5.50031 19.5086
5.80557 20.102
5.59413 20.102
5.553 19.9714
5.63782 20.6503
5.85743 18.9418
6.49116 19.4191
5.89206 18.7446
5.43587 21.0279
6.06582 19.2465
6.43119 19.544
6.80668 19.6306
6.5364 20.0405
6.09451 19.9309
6.67697 19.087
7.52002 18.8099
7.4221 18.9553
7.10469 19.2127
6.9624 18.3825
6.76385 18.6353
7.10532 19.2604
7.48068 18.9306
7.67119 19.6266
7.23731 19.4647
7.8807 18.2186
7.987 18.0468
7.45449 18.6289
8.44664 18.7031
6.67204 19.9024
6.91756 19.8174
6.73301 19.5612
6.69753 19.0694
7.6499 19.1615
8.59401 18.3179
8.59401 18.4707
8.27167 18.248
7.64052 18.7035
7.97588 17.5955
8.38942 17.0016
8.01789 18.1565
8.15344 18.7287
8.0191 18.4437
7.4948 18.1095
7.36436 19.2857
7.43717 19.8926
7.56052 18.157
7.1251 19.1449
7.40056 19.0099
7.68446 17.9892
7.58141 18.2156
7.68065 19.0901
7.18333 18.8538
7.23794 18.357
6.60777 17.9875
6.58885 19.3334
7.16861 18.9286
7.6152 17.8735
7.54559 18.5506
8.63624 17.9103
7.85677 17.2998
8.02254 18.2793
8.19889 17.766
6.742 18.9172
7.47252 19.4506
7.00568 20.001
6.97399 19.9067
7.22615 18.4252
7.1972 18.1963
7.81873 17.2815
7.0924 17.7967
7.32097 19.3015
7.30337 18.5969
6.76671 19.1162
7.80148 19.4268
6.98852 19.4543
6.31809 19.4452
6.36167 19.5668
6.23155 19.886
5.616 19.6089
5.70608 19.8596
6.2531 20.2599
5.67519 21.0618
5.74083 19.4569
5.6913 18.6749
6.15418 19.4354
6.55508 19.8234
6.51943 19.4059
6.49082 18.9835
6.16652 19.9544
6.43386 19.7379
5.82544 19.3228
5.76804 20.6693
5.96189 19.8156
6.05872 19.9325
7.21192 19.0838
7.23643 19.1369
6.9363 19.2775
6.83355 18.5308
7.0847 18.9514
7.1101 18.947
7.46342 19.1151
7.63814 18.2502
6.96895 18.8471
7.7994 18.9345
7.5654 19.2059
7.71311 18.8036
7.97855 19.3648
8.62807 18.7191
9.26047 18.479
9.93751 17.9295
10.1554 17.6706
11.5498 16.1098
10.5477 17.8654
10.5557 18.3645
10.5959 18.1841
8.9975 18.9878
8.33455 19.2387
8.42585 18.4663
8.36291 17.9913
7.87329 18.2175
8.11974 18.1671
8.49998 17.5881
9.32183 17.4305
8.68933 17.9879
7.96741 17.5779
8.48813 18.3541
8.30933 18.2926
8.49149 17.7754
8.43481 18.38
8.01825 18.1833
8.10576 18.0375
7.96286 18.6052
7.9338 17.4398
7.79263 18.6173
7.08343 17.808
7.94898 18.0818
8.50113 19.7405
8.44488 18.3974
7.78361 17.9023
7.78361 18.3104
6.80649 19.8427
7.01336 19.4175
6.39296 19.3205
6.92645 19.2149
6.83601 19.0651
6.84998 18.5435
6.99034 18.8525
6.24809 19.6055
5.95455 20.3727
5.63828 20.3864
5.63442 20.3331
6.39561 19.5773
6.6536 19.1384
6.23417 17.8708
6.23417 19.4746
6.32861 19.6871
6.32861 19.4704
6.92096 19.7018
7.40142 18.8266
6.64053 19.202
6.64053 19.646
6.4682 19.7781
6.98887 19.0405
6.98887 19.4871
7.10315 18.1371
7.05962 19.0341
7.41178 19.1318
6.63144 18.263
6.63144 19.0251
6.63144 18.7829
7.23941 19.7451
6.86851 18.899
6.59226 18.5718
7.08633 19.1697
7.08633 20.0427
5.62702 20.3237
4.91894 21.1663
5.25838 20.4634
5.58933 20.5479
5.2717 20.2787
5.45558 19.7939
5.89862 19.5742
5.50278 20.4668
5.59047 19.9173
5.97632 19.9359
6.07451 20.1002
6.40676 19.5421
6.89095 18.9158
7.36713 18.4163
7.52232 18.8122
8.06643 18.4725
8.07785 18.1701
8.44916 18.5557
8.48344 18.5228
7.38724 18.1144
7.62948 19.0174
7.34598 18.346
7.63497 19.4957
6.04913 19.6838
5.93054 19.7465
5.91686 18.9959
5.2534 20.5032
5.25064 20.6659
5.72759 19.4691
6.55546 19.0436
5.99215 19.5501
5.82058 19.5897
5.8678 20.3052
6.02788 20.3647
6.88967 17.7886
8.08018 18.6379
7.00397 19.0346
7.12682 18.8166
6.38117 19.6371
6.78633 19.2426
6.43926 19.5016
5.87028 19.4226
5.59399 19.5791
5.96929 20.166
5.91789 20.5136
6.20507 21.0628
5.96919 19.8574
7.12936 18.7952
6.72035 18.4517
6.3558 19.9372
6.34657 19.4037
6.0741 19.4348
5.96538 20.1596
5.61764 19.2728
6.4571 18.9286
6.6148 19.6308
6.26658 19.7154
6.31112 20.6628
6.4485 19.9148
5.99875 20.7587
5.98705 20.2725
6.03424 20.749
5.99838 19.9067
6.56402 19.2742
6.46473 19.0982
5.88722 19.4859
6.07158 19.8305
5.87717 19.9254
6.11721 19.827
5.94537 20.8102
7.2898 18.1038
6.68969 18.8927
7.01414 18.8663
7.01052 19.6356
6.54835 19.9908
7.02951 20.1635
7.09253 18.3254
7.89559 16.8509
6.76734 17.6792
7.31473 19.6556
7.40012 18.7352
7.40139 19.5257
7.52428 18.5949
7.25217 18.5959
6.82821 19.3237
6.58092 19.9212
6.56154 19.7758
6.97389 19.2729
6.66711 18.4783
7.45607 18.4037
7.53937 18.5776
7.52101 18.6924
7.64437 18.3556
7.02899 19.0504
6.90622 19.2616
6.96015 18.8592
6.77 18.8373
6.80151 19.2607
6.38543 19.3361
6.1258 20.5791
6.54622 19.7597
6.76628 18.3652
6.39764 19.3128
6.92308 19.9966
6.71898 19.2883
6.27317 20.1591
6.92687 18.71
6.75818 19.5602
7.00164 19.4016
7.20814 19.045
7.31733 19.4274
7.56572 18.4308
7.4618 18.6354
6.59466 19.1093
6.28885 18.8669
6.98199 18.8571
6.86428 19.0655
6.19259 19.0042
6.44281 19.1518
6.42026 19.7703
6.17495 19.167
6.37385 19.3018
7.2641 19.1027
7.2641 19.6159
7.56766 19.2991
7.73155 19.3555
7.87094 19.7046
7.77439 19.3352
7.71159 18.5522
7.43191 19.1864
6.69783 18.963
6.46173 19.2129
6.13716 20.0109
6.13252 20.5381
7.04142 18.8958
5.97952 19.7504
6.46828 19.3194
6.5454 19.4735
6.94195 18.9755
6.43845 18.7213
6.25874 19.8536
6.06758 19.8102
6.42457 19.8196
6.77494 19.9623
5.8993 20.0808
6.32761 20.233
6.57978 20.0077
6.80054 18.5601
6.37113 19.3459
6.53692 19.8716
6.49082 19.4783
7.7835 18.9598
6.91358 17.8599
6.91613 18.1529
6.5495 18.5784
6.66988 19.0523
6.90114 19.8464
7.56615 19.0867
7.52594 19.4768
7.23815 19.0396
7.20602 19.3783
7.44522 20.284
7.01551 19.3919
6.57627 19.3825
6.79762 19.9188
6.21441 19.4634
6.45217 19.3914
5.98219 19.3681
6.3842 19.6573
5.91072 19.5581
5.73637 19.8388
5.60671 20.2511
6.67776 18.6731
6.44398 18.3465
6.44398 19.059
5.92335 20.1424
5.63344 19.1993
6.32415 20.0321
6.39101 19.0912
6.48863 19.7557
6.01533 19.8682
6.85239 19.5388
7.25265 18.5984
6.80067 19.6421
7.48837 18.2049
8.0411 18.9182
8.12333 18.7193
7.88286 18.455
8.0848 18.2693
8.14381 18.7621
8.32664 18.5507
8.07024 18.9023
7.6854 18.9531
7.9031 18.1068
7.26609 18.9157
7.20849 19.3962
7.94432 18.3214
8.0382 19.3871
7.76882 19.4357
6.83453 19.5132
7.08326 19.7175
6.86374 19.5945
6.7219 18.1875
6.61148 19.202
6.23266 19.082
6.45349 18.6109
6.40569 20.1028
6.75204 19.6642
7.01041 18.9293
6.29407 18.9404
6.64139 19.8174
6.03222 20.1292
6.30442 19.5026
7.3173 18.6475
6.65148 18.3089
6.61573 19.4765
6.71752 19.5355
6.72877 19.8471
6.20002 20.0193
6.56018 20.0528
7.0372 19.3295
7.37085 19.1615
7.7548 18.3797
7.11796 19.3194
7.50568 19.5384
7.34526 19.8348
8.05133 19.4538
7.4024 18.7036
6.71854 18.634
7.00974 19.436
6.77689 18.2839
7.74657 18.4179
7.1622 17.2667
7.62356 18.2933
7.54472 18.5789
7.90092 17.1722
7.38651 18.1665
7.75224 18.6076
7.09911 18.958
7.36941 18.4091
7.30271 18.5396
8.31908 18.2132
8.18795 17.7234
8.06573 19.1469
8.06573 18.4698
7.80788 18.5268
7.11931 18.8731
7.19046 19.3375
7.20032 18.8581
7.14774 20.0239
7.11238 19.5704
7.06521 18.635
6.85361 19.2822
6.73717 19.1991
6.19621 19.5055
5.71376 20.168
6.54627 19.2545
6.46111 19.3348
6.46111 20.4371
7.23818 19.462
6.78453 18.3332
6.69889 19.7111
6.75654 19.3515
6.53232 20.1264
5.74131 20.4559
5.57273 20.9708
5.8334 20.6886
6.45006 19.9837
6.42691 19.8748
5.10102 19.3738
5.53067 19.4062
5.77113 20.4025
6.15222 19.5105
6.63958 19.2113
6.6734 18.2004
6.70883 18.0561
6.49044 19.5738
5.73235 19.1782
6.12251 19.6734
5.87253 19.3103
5.87253 19.7036
7.4651 19.5652
7.39804 18.4036
6.54671 18.8234
6.3532 19.0243
6.53782 18.9938
6.14219 18.8682
6.17134 18.9791
6.72718 18.3198
6.78832 18.8561
7.03787 18.9241
6.73186 18.907
6.9359 18.9424
7.40188 18.394
7.11632 18.5704
7.55541 18.2943
7.65835 18.1707
7.5073 19.3075
7.62964 17.9496
7.5481 18.1348
7.26816 19.1204
7.67695 17.4892
7.57492 18.0831
7.37937 18.2167
7.98432 18.8527
8.06685 19.3329
8.83098 18.2353
8.71257 18.0224
8.62439 18.2989
8.91724 18.41
8.79203 17.3126
8.43018 17.4369
8.30056 18.6138
7.86433 17.5598
7.67175 18.9125
7.81559 19.0327
7.62358 18.4542
7.87436 18.4907
7.31854 19.1919
6.87612 18.7436
6.93727 18.8468
7.0204 19.4309
6.81516 18.7219
6.9156 18.873
6.39767 18.7008
6.11574 18.6145
6.46353 20.5349
6.40227 19.1118
6.07894 19.0795
6.09888 19.1506
6.22705 18.7958
6.31255 19.2656
5.93936 19.9266
6.24706 19.698
6.9985 19.1887
7.32801 18.8492
7.1149 19.5162
8.00101 18.8846
7.58125 18.8096
6.58991 19.4
6.43756 19.2945
6.75138 19.1643
7.01135 19.2267
7.08598 19.181
7.46014 18.5808
6.72443 19.1794
6.43928 19.7035
5.86528 20.0088
6.37668 18.8537
5.65453 20.8136
6.47937 19.3934
6.79762 18.9935
6.28655 20.2909
7.25358 18.7646
7.29932 18.1979
6.6058 18.8737
6.35145 20.0301
6.83841 18.8609
7.41235 19.3085
7.03977 19.7291
7.21594 19.6741
7.07768 19.8598
6.82463 19.7706
7.08461 18.641
6.7587 18.7851
6.71379 20.0437
6.31502 19.6777
6.44796 19.2452
6.67749 19.3652
6.25506 19.3683
6.5433 18.9426
6.54167 19.3196
6.45208 19.7534
6.65968 19.9171
6.14197 19.7721
6.12223 20.2385
6.33192 20.3473
6.19786 18.7872
6.49249 19.3378
5.41609 20.0229
5.69807 19.1854
6.2314 19.2335
6.45943 19.565
6.11501 19.604
6.16202 19.4122
6.87365 19.1526
6.80522 18.3545
6.73782 18.6721
6.37347 18.8252
6.94441 18.1483
6.68328 18.4326
6.90856 19.5618
5.93634 20.2776
6.09882 20.0451
6.77893 20.3296
6.79776 20.0723
6.94864 19.249
7.8034 19.9108
7.63944 19.6698
6.89571 19.6539
6.66776 18.6771
6.99157 19.2555
6.89294 19.5789
6.28408 19.462
6.37429 19.2779
6.19906 19.1452
6.24979 19.5821
6.81269 19.7851
6.18153 19.5959
6.54021 19.6708
6.63602 19.5674
5.92608 19.9145
5.883 19.4595
5.4653 19.8036
5.91395 19.9147
6.32755 19.2925
6.25539 19.0645
6.47878 18.8929
6.23545 18.9288
6.71762 19.485
6.8153 19.3812
6.76398 19.3905
6.32664 20.1414
5.91507 19.5157
6.20747 19.1733
5.8083 20.7069
5.8083 20.8467
6.004 20.0522
6.36824 19.9808
6.1642 19.4242
5.80821 19.5565
5.78541 19.703
5.93863 19.2435
6.06622 19.4481
6.08095 18.9122
6.40802 19.2763
6.26019 19.1222
6.31092 19.7621
6.09235 19.9117
6.15999 19.7167
5.98394 19.9237
5.82083 20.0213
6.44415 19.0943
6.55289 18.8844
7.09401 19.0695
6.54006 19.6238
6.81651 18.7388
7.61272 18.0643
7.61272 19.5556
7.80626 19.2443
7.86768 17.6359
8.3272 18.2423
7.75356 19.4532
8.18661 18.4581
8.49015 18.026
8.66133 18.5643
7.82563 19.0643
8.09739 18.2192
7.82988 18.4815
8.0812 18.7579
8.51598 17.9624
8.465 17.3631
7.9376 18.356
7.81755 18.4339
8.20663 17.9115
7.49205 18.0717
7.42586 17.8418
7.76551 18.522
8.13091 18.737
8.13091 18.3564
7.96493 18.6116
8.28812 17.4316
7.91121 18.2084
7.51317 19.6835
7.17266 19.1425
7.25241 19.5306
7.58929 19.3303
8.10204 19.2577
7.48907 19.3613
7.58048 19.0764
7.86112 18.2682
7.74974 18.43
6.82402 19.0662
7.33623 18.8647
7.24925 19.3667
6.9786 18.6448
7.07369 19.2075
7.81942 17.7549
9.77233 17.0732
8.92847 17.8969
10.0312 18.1257
9.34132 18.2945
9.77669 18.1413
8.61859 18.4289
9.18599 18.4119
9.2759 19.5011
8.16953 19.134
8.24425 18.4833
9.27865 17.3312
8.70822 18.4459
8.88712 18.1258
8.96031 18.0334
8.24125 17.992
7.98848 18.5491
7.80876 18.8804
7.38134 19.3086
7.38185 18.8483
7.30945 19.4537
7.68491 19.1545
8.07953 18.2469
7.58588 18.8361
6.95412 18.8101
6.88234 18.719
6.36723 19.5018
6.34498 19.3834
6.1484 19.6787
6.20196 18.8078
5.30633 20.5389
5.7117 20.4025
6.15714 20.0109
6.61461 18.22
7.47398 18.9067
6.72061 20.2569
7.04057 18.7417
6.60173 19.1067
6.76996 19.508
6.74355 19.8568
7.43553 18.2935
7.11769 18.9633
6.96415 18.7966
6.50254 19.1815
7.32746 18.5354
7.10932 19.0823
6.79578 19.2073
6.95428 18.9196
6.64659 19.0128
7.35943 18.9588
7.26647 18.0305
7.63207 17.8585
8.0161 18.7046
7.409 18.4865
7.31756 18.975
7.0447 18.5667
6.70225 19.2782
6.93286 19.6572
7.09755 19.407
6.88397 18.8361
6.52126 19.2858
7.32428 19.1461
6.85312 18.5979
6.84076 19.1172
6.46249 17.8464
6.3304 19.6235
5.88605 19.6044
5.73127 19.8246
5.64965 18.9489
5.91671 20.0573
6.02273 19.703
5.85216 20.0495
5.66531 19.9641
5.66531 19.6582
6.15585 18.9793
6.59345 18.9793
6.59345 19.1969
5.81263 19.8246
5.99366 19.4073
6.39068 19.7072
6.86506 18.3569
7.10564 19.164
7.27538 18.4648
7.27496 18.0833
8.28933 18.1179
8.06743 19.3222
8.02818 19.4055
8.16843 18.4318
8.75714 16.8826
9.2139 17.3824
9.60557 17.8785
9.30051 17.7471
9.00537 18.2619
9.21699 18.1456
8.9399 18.6702
9.65626 18.1114
10.0488 17.3174
10.6546 16.7692
9.47808 17.7768
8.37791 17.6207
8.88987 17.2897
8.59929 17.7636
7.83069 17.9924
7.24367 18.5832
7.2645 19.0378
7.62979 19.2215
7.56201 17.8566
7.61938 18.8566
7.01046 19.4424
7.50174 19.2866
6.92983 19.2223
7.45574 18.6007
7.24844 18.4998
7.57373 18.5388
7.46821 18.1927
6.78606 18.565
6.97432 18.6241
6.79165 18.1774
7.11747 18.023
6.80838 18.4858
7.24378 19.0911
6.70168 18.3443
6.51206 20.0922
6.69006 19.7214
6.99321 18.761
7.68532 18.8548
7.78047 18.9893
8.62093 18.8767
8.09949 18.962
8.42043 18.7988
8.24217 18.2375
7.99125 18.8097
9.239 18.9124
8.08115 18.8494
8.31736 18.7307
8.13327 18.2962
8.15366 17.5477
8.22742 18.1421
8.48484 18.9018
8.29339 18.5175
8.92496 18.0054
8.94682 18.0603
9.13638 18.0122
8.07303 19.0285
8.30269 18.7845
8.20053 18.2289
8.49676 19.2594
8.46684 19.3253
8.00439 19.756
8.1723 18.9213
7.59188 19.6427
7.65114 18.5662
7.81791 18.1169
6.78081 19.2976
7.66754 18.3338
7.75978 18.3624
7.08191 18.7497
7.0107 20.251
7.01463 20.311
7.2272 19.6167
7.87905 17.3158
8.4928 18.5714
6.99153 18.8428
6.99153 19.6538
6.93171 20.1723
6.93171 17.9411
7.54767 18.9834
8.20987 18.8438
8.22198 16.9453
7.55291 19.9088
7.66897 18.5051
7.81256 18.9449
7.81256 19.0511
8.28938 19.6711
8.41774 17.7104
8.32367 18.3886
7.95512 18.9516
7.95512 18.3313
7.53929 17.9295
8.76596 18.4374
9.06852 18.6155
9.72476 18.7586
9.04268 18.2255
9.2373 18.6944
10.0884 18.7388
10.3834 18.342
10.1685 17.1169
10.0658 18.3986
10.1274 18.1179
7.21781 19.1327
8.42329 17.1806
8.46837 17.9934
8.93326 18.0391
9.44874 17.6459
9.29973 18.2927
9.08886 18.3059
8.269 18.4172
8.76009 18.5038
8.09465 17.921
9.24441 17.6964
9.42733 17.9057
8.98046 17.5529
8.93816 17.0759
8.37785 18.2531
8.0026 18.1553
9.26757 18.0687
9.26757 17.9619
8.78432 18.3641
7.49316 19.596
7.49316 19.0679
7.25353 18.5814
6.88476 18.9251
6.88476 17.979
6.57254 18.821
7.04598 19.2024
7.04598 18.2876
7.04598 18.1673
7.04598 19.8242
7.07989 18.1673
7.1353 19.3745
6.26817 20.385
6.81055 19.7406
6.81055 19.2796
6.96762 17.944
6.96762 18.8006
6.96762 19.3486
6.96762 19.8156
6.29446 19.4927
6.76182 20.3488
6.23835 20.0126
6.58165 18.7191
7.17491 19.352
6.91694 19.8338
7.26255 19.0355
6.81832 20.2359
6.81832 19.2393
6.06998 19.6409
6.06998 19.4883
6.06998 18.543
6.06998 19.269
5.92463 20.0957
5.92463 19.9752
5.92463 19.818
5.69066 18.5521
5.69066 20.5378
5.40945 20.1166
6.35227 20.4353
6.35227 19.3461
6.35227 19.4423
5.88861 19.3824
5.63751 19.8773
5.92944 20.151
7.25432 18.9467
7.22013 18.5045
7.86171 18.3043
7.3489 19.3829
7.3489 18.6937
7.71522 18.6814
7.88244 18.0611
7.47941 18.4602
6.48131 19.7394
6.48131 19.3538
6.39532 19.6146
6.94954 19.5591
6.90389 19.8336
7.33086 19.8682
5.68327 19.6038
6.22398 18.6556
6.77667 18.6557
7.20235 19.3324
7.20235 17.9702
6.91354 19.0172
6.14946 19.2258
6.52991 19.7893
6.5314 19.446
6.15333 19.8446
5.62331 18.9547
6.138 18.7914
6.138 18.254
6.33943 20.0014
5.52887 18.3197
5.52887 20.4636
5.76674 19.7293
6.81823 19.7252
6.70577 19.7898
6.59552 19.4494
6.63701 19.2025
6.67754 18.8383
6.15392 18.7718
5.91883 19.8131
6.13078 19.7224
6.2184 19.6571
6.65228 19.5861
6.0366 19.4899
5.40614 19.9084
5.82885 19.5168
5.96325 20.1742
5.87332 20.1095
5.98564 20.159
5.90555 19.5596
6.18781 20.0062
7.13513 19.2453
6.6464 19.1801
7.11745 19.4815
7.3378 18.9079
7.3274 17.801
7.31326 19.1247
7.05631 20.4746
7.34285 19.4778
7.39176 19.1297
7.20363 19.7059
6.6066 19.0636
7.93141 19.2862
8.20142 18.5555
7.91376 19.6929
8.31932 18.6311
8.26828 18.8353
8.30762 18.385
8.22244 18.9567
7.87272 17.9764
8.47557 17.8481
8.43115 17.7277
8.33025 17.9713
8.33381 18.9925
8.61319 18.3154
8.59234 17.9809
7.79056 18.9272
8.11604 19.528
7.90504 18.6257
8.72192 17.9593
9.42486 17.0576
7.73644 18.3962
7.99732 18.6147
7.50041 18.5695
7.2739 18.3079
7.67901 18.9046
6.50253 18.9243
6.70007 18.5043
6.5603 19.9831
6.81443 18.8863
6.56754 19.2988
6.78234 19.0294
6.19902 19.0259
6.19902 18.982
6.78206 18.8864
6.14142 19.8866
6.14142 19.1696
6.37787 19.9947
6.1216 20.3917
6.38667 18.6205
5.7779 19.9738
6.027 20.1546
6.0943 20.0124
5.95393 20.542
6.23547 18.9489
6.26112 20.5185
5.97325 19.7927
5.98422 19.318
6.02066 20.4829
5.70349 19.831
6.19104 20.5342
6.92868 18.4324
5.73266 19.6507
5.76744 19.8038
6.2605 19.9925
6.32469 19.7281
6.43594 20.2436
7.16082 19.8012
6.57611 19.9127
7.21569 18.6148
6.74426 18.1111
6.46889 18.9675
6.27261 19.3801
6.24669 19.2833
7.15901 18.28
6.86046 18.9374
5.80212 20.4054
6.28816 19.9851
6.2472 20.0986
6.40292 19.4825
6.57607 19.479
7.19763 19.6895
7.76889 17.898
7.50109 17.9077
7.60498 19.3277
6.87977 18.518
6.82674 18.6394
7.0082 18.577
7.37215 19.2097
7.10704 19.9505
7.7617 18.9147
7.52355 18.9973
8.20328 18.4435
8.86625 19.0101
8.24946 18.7964
8.34186 19.1318
8.6561 19.2718
7.78994 19.0144
8.01707 19.1575
8.6763 18.6023
8.08694 17.288
8.54019 17.8506
8.47483 18.436
8.04754 18.6599
8.16338 18.7772
7.11964 19.1113
7.26107 19.2381
7.47502 19.0707
7.61266 18.9863
7.94186 19.139
7.46364 19.1478
7.33908 18.7105
7.60727 18.5029
7.48403 18.3026
7.16354 19.1735
6.61589 19.2672
6.85086 18.9224
7.22663 19.6012
6.8011 19.4342
6.38366 19.9631
6.46169 18.8408
6.24347 20.2227
5.79236 19.8182
6.63348 19.6708
6.77974 20.0375
8.92484 18.8992
6.99809 19.2767
7.18332 18.8223
7.02413 18.8358
7.30555 18.927
7.04583 19.2809
6.83829 18.9397
6.6396 19.5621
6.60099 18.916
6.39412 18.9237
6.8478 19.4211
6.93415 19.0218
6.51401 18.9436
7.03853 19.3301
6.92213 19.7831
7.23682 18.9684
6.915 20.5247
7.28701 19.8243
7.51824 19.3716
6.85061 19.0831
7.07828 18.6096
7.46871 18.7267
7.48729 19.0908
7.98392 19.3496
7.96339 19.6447
7.0471 19.6042
7.03721 18.9824
6.50488 19.5773
6.49874 19.4291
6.95461 18.2437
6.86478 18.6035
6.50417 19.909
6.7151 18.4628
6.69357 19.1531
6.91671 19.043
8.50754 18.1079
8.84981 18.5708
8.30498 18.1429
8.365 18.8278
8.06527 20.0641
7.1741 18.9305
7.21833 18.2945
7.21833 18.3916
6.90574 19.837
6.84001 19.0762
7.16125 19.0554
6.61292 20.0036
6.35541 19.5732
6.37078 18.9683
6.36268 18.3315
6.48388 18.6721
5.6143 19.4878
5.65131 19.2537
5.54433 20.4135
6.11999 19.6989
5.96323 19.6836
6.00087 20.1638
5.77557 19.5922
6.34755 19.3099
5.73823 20.1168
5.96814 19.6029
6.20708 19.7312
6.15044 19.885
6.14853 19.6248
6.28711 19.6103
6.26515 20.1292
5.91737 20.4388
6.5728 18.3282
6.80299 18.4925
6.02234 20.004
6.05703 19.6216
6.20378 18.962
6.75057 19.5056
6.50658 18.6523
6.85197 17.9768
7.18236 19.8161
7.03314 18.7221
6.94025 19.8014
6.77555 19.2919
7.19261 19.0462
7.37816 18.4194
7.44785 19.9435
6.80513 19.9008
7.13132 19.1647
6.69976 19.2496
7.37525 19.2504
7.14905 18.3816
7.24505 18.0264
7.34954 18.5333
7.24874 18.8083
7.83523 18.9229
8.11079 18.7459
8.59605 18.3957
7.72924 19.2338
7.92707 17.9443
8.06462 19.2683
8.41748 18.6346
8.08483 19.3606
7.14681 18.6075
7.54303 18.3212
7.14139 18.8761
7.26787 19.2594
7.35326 19.2328
7.03436 19.2036
7.31153 19.1674
7.48639 19.1646
7.79973 19.0638
7.654 18.7969
7.26095 18.5114
7.74629 19.0938
6.5594 19.7879
6.60585 19.0973
6.78978 18.4577
6.8829 19.839
6.8376 19.7093
7.08208 19.754
7.37782 18.8557
6.83833 19.1009
7.1966 19.488
7.15693 19.7788
6.90005 19.4457
7.02853 19.25
7.22834 18.241
6.6132 18.8673
7.01261 17.887
7.55142 18.1469
7.60241 17.6879
8.02313 17.6869
8.52295 17.2676
9.05177 16.446
9.25824 16.9881
9.84336 17.5711
9.23798 17.4556
9.23798 18.2785
9.57077 18.0915
9.57077 17.3081
9.3969 17.6898
9.64772 16.9815
9.94134 16.3273
9.94134 17.2643
9.94134 17.2643
10.076 18.3442
10.5599 17.0299
9.82067 17.548
7.91927 17.1977
7.55967 18.2112
6.98414 17.5709
7.26482 19.7786
7.00649 19.2166
7.36514 19.2166
7.26017 19.0067
6.90178 18.6886
7.10458 18.5386
6.68209 18.7515
5.97157 19.5956
6.36865 20.1325
6.52877 20.0322
6.16979 19.8648
5.7491 19.9148
6.2243 19.6761
6.14604 19.5024
6.3553 19.9799
6.53593 20.3846
6.9278 19.9986
6.50619 19.9422
6.2853 20.1879
6.28078 19.8351
6.38432 19.856
6.41833 19.5406
6.37893 18.67
6.50399 18.7945
7.28277 18.7982
6.54974 19.5648
6.807 18.52
6.42964 18.8614
6.64396 19.914
6.47844 20.3052
6.5177 19.7023
6.48743 19.6251
6.33375 20.0567
5.88536 19.4478
6.50164 19.2651
5.4086 20.2565
5.14715 20.6311
5.72749 19.5236
6.00448 20.2092
5.99937 20.2092
7.2396 19.0566
7.12523 19.3833
7.37922 19.1667
7.40324 18.7814
7.06795 19.2312
7.281 18.6372
7.06778 18.625
7.87617 19.1932
7.32655 19.6599
7.4789 19.5965
8.13284 18.4638
8.52905 18.157
8.77476 18.2796
8.77476 18.0968
9.00113 17.922
8.82418 17.8855
8.50559 18.4023
8.84998 17.302
8.55197 18.1321
9.31595 17.9026
9.18376 17.1209
8.7626 18.0358
9.68774 18.324
9.68774 17.3932
11.0863 17.1322
11.0863 17.1322
11.0863 17.6312
11.6678 17.0668
11.6678 17.5792
11.2469 17.3187
11.2469 18.3242
9.87886 18.244
10.206 17.2777
10.3389 18.562
9.09039 19.429
9.476 17.9495
9.10835 17.549
8.97952 17.7533
8.22506 18.4017
8.22039 19.4144
8.21815 19.1948
8.3583 18.5354
8.73565 18.9553
8.56859 18.2849
9.13997 16.8547
9.96534 19.0805
9.2044 18.4271
9.06432 19.2513
9.08557 18.2934
8.32731 19.2364
8.80285 18.424
9.84533 18.6329
9.84533 19.0218
8.67419 19.2744
9.30545 19.3576
8.81255 18.3146
8.26074 19.0066
7.7907 19.2969
7.3878 18.4719
7.85432 18.9812
7.1713 19.0252
7.45996 18.5929
7.65614 18.9317
7.33325 18.8683
7.65613 18.4723
8.22918 18.2052
8.22918 18.0616
8.22918 18.5746
8.13788 19.0379
8.11548 19.4226
7.15074 19.3424
6.53286 18.8754
6.32669 19.1944
5.97463 19.3723
6.21262 19.7158
6.21262 19.2899
5.93857 20.9014
5.64334 20.5353
5.71194 20.3086
6.1764 19.7018
6.03203 18.9996
6.8012 18.547
6.05649 18.5603
5.81625 19.7096
6.31139 18.7502
6.30553 18.9029
6.48143 19.0454
6.48123 19.283
6.63046 19.4319
6.65184 20.0394
6.6688 19.4654
6.83018 18.8053
6.58477 18.5401
6.07525 19.142
5.58615 19.7419
5.88913 19.2992
5.17308 19.8645
5.80111 20.7671
5.30163 20.3979
5.68927 18.5107
5.62887 21.0506
5.76395 19.5627
5.871 19.9733
6.18827 19.9149
6.36221 20.1971
6.24206 20.0474
6.43425 19.5566
7.24343 18.8137
6.80806 18.093
6.5837 19.4532
6.2288 19.092
6.39024 20.0088
6.33262 19.0798
5.94601 19.5791
5.94665 19.9241
6.36411 19.4539
7.10794 18.2946
6.6168 19.157
6.73649 19.1116
6.80019 18.881
7.33132 18.3124
7.65103 18.8983
7.39013 18.2256
7.18336 19.2513
7.19493 17.8571
6.80284 19.7008
7.26579 18.6598
7.63783 18.5268
6.97514 19.1631
6.91744 19.4279
7.55669 19.0808
7.03425 18.9447
7.92707 19.3845
6.85291 17.9142
6.82644 17.9794
6.10967 19.3196
6.47311 20.2534
6.11211 19.5646
6.03197 19.6654
6.97792 18.8421
7.57579 17.7502
7.97282 18.5589
8.35925 17.5884
8.25589 18.4655
8.41022 17.8015
9.94274 17.9448
9.8131 18.0495
9.8131 18.3797
9.52361 18.2487
9.03367 18.6622
8.97404 17.7091
9.12689 17.7276
8.05631 18.3696
8.0936 20.1049
8.35159 19.2723
7.87759 18.913
8.31122 18.0993
7.71824 18.8193
7.00653 19.5976
6.83275 19.4655
7.84946 18.213
7.20815 18.7604
7.51405 19.0637
7.84916 18.8329
7.48846 18.7205
7.65838 18.65
7.83488 19.2962
7.24081 19.6454
6.91094 19.2092
7.99687 17.9361
7.0416 18.3624
6.30324 19.1591
5.95389 19.3316
7.54328 19.2482
8.17272 18.3927
9.36523 17.0502
9.36523 17.4422
9.36523 18.0968
8.73874 18.6806
8.92271 19.2699
9.21762 17.5073
10.6666 17.648
10.6666 17.485
10.0039 17.8598
10.7881 17.3097
10.7881 17.6239
10.0498 18.2051
10.4916 18.0033
10.5336 17.6925
10.4566 18.8733
10.0917 18.4423
11.4162 17.3007
11.056 17.2404
11.056 17.2404
10.3314 17.2404
9.54092 18.4314
9.60399 16.8472
9.95326 18.0313
9.87972 17.6242
9.95531 17.6985
10.5159 18.6476
8.69612 18.6589
8.14343 19.1326
8.34225 18.1266
8.71381 18.1789
8.39851 18.3979
7.80808 18.4223
7.89337 19.0063
8.43798 17.9668
9.25749 17.9668
9.21689 18.2992
9.47728 17.2564
9.06355 18.2148
9.06355 18.8496
9.24446 18.189
9.24446 18.189
7.94463 18.189
8.38017 19.2657
8.19479 19.1464
7.94418 17.96
8.5088 17.7372
7.95054 17.9146
8.17613 18.6304
7.08292 19.2344
7.05403 18.6423
7.44825 19.274
6.34403 19.896
7.4244 18.7549
6.4915 19.3663
7.21837 19.1854
7.11276 18.0759
6.82653 20.1901
7.02717 18.7581
6.7233 18.508
7.39614 19.6073
6.99667 19.5906
6.8477 19.4213
6.84354 19.4659
6.20225 19.546
6.84411 18.9279
6.03774 20.6597
6.04778 19.9031
6.74896 19.4649
6.81789 20.1709
6.46408 18.8708
6.43288 18.6187
7.06869 19.5284
6.11329 18.8052
6.79291 20.4848
7.35031 18.3374
7.44732 18.5628
6.90602 18.1602
6.84047 19.4042
6.7254 19.4557
6.87084 19.4384
7.13059 19.4384
6.78131 19.4338
7.64996 19.0937
7.71673 18.488
8.60291 18.181
7.90096 18.1612
7.61205 18.7364
8.00494 18.785
7.20417 18.6605
7.80891 18.7122
7.80885 17.8515
7.66877 17.499
8.41393 17.7582
8.27128 18.5939
7.73807 19
7.49536 17.9383
6.32009 19.341
6.32009 20.6206
6.06756 20.1907
6.58431 19.7142
6.88383 18.5501
6.88383 19.2163
7.45411 18.7545
7.18353 19.0562
7.52361 18.2364
7.39217 18.4268
7.51922 18.6566
6.87045 19.4633
8.26801 17.4524
8.59494 17.8323
8.01562 18.8573
8.63671 18.3752
8.60374 18.3253
7.95186 18.0176
7.59356 18.6581
7.80572 17.866
7.54678 18.6313
7.49523 18.9075
7.87743 18.9589
7.06134 18.8709
6.49185 19.8918
6.15624 19.9412
6.33214 19.7192
6.50382 19.4791
6.15719 20.1916
6.19934 19.8408
5.82313 19.7503
6.22779 20.0213
5.88694 19.6637
6.30953 18.5208
5.69879 20.3087
5.47445 19.5872
4.69635 19.9225
5.53849 20.3643
5.55856 20.188
5.94227 18.969
5.65566 20.3059
5.65566 20.1936
5.68641 20.0619
5.75473 21.0522
6.77375 18.8211
6.97705 19.6249
6.80951 19.2453
7.09493 18.905
6.68986 19.0668
7.44546 18.0937
8.19454 18.9197
6.78709 18.7961
7.07743 18.8903
7.22199 18.6235
7.42658 19.3338
7.76677 19.0016
7.01989 19.291
7.05588 19.3911
6.80905 19.2898
5.88193 20.3352
5.70802 19.9481
6.20895 19.8097
6.36049 18.5843
6.40024 19.3338
6.6578 19.5678
6.33487 19.3866
6.18512 19.6827
6.05554 19.9383
6.12494 19.7735
6.08023 20.0765
6.08818 19.8564
6.39392 19.9537
6.68106 20.2675
6.52266 19.6342
6.97384 18.5472
6.38355 19.1835
6.21729 19.1127
6.12398 20.2399
5.98359 20.3552
6.38619 19.7473
6.12369 19.2844
6.28217 19.3877
6.63701 19.0719
6.33249 19.7898
6.28515 19.2281
6.26881 19.2132
6.20962 20.8425
5.99457 19.4443
7.32226 19.1494
6.87241 18.8529
6.80105 18.9826
6.93326 18.6527
6.93412 19.5427
6.79843 17.8147
6.48402 18.4662
6.40268 19.501
6.25433 19.1789
7.43484 18.7378
7.35115 19.5751
7.60779 18.0127
7.62335 18.7964
7.83296 18.5046
6.87186 20.032
7.04308 18.7185
6.74235 18.356
6.8639 19.8868
6.88476 18.5029
6.50385 20.04
6.30403 19.7793
6.42692 19.7998
6.18714 19.1612
6.24945 19.2222
6.68254 18.706
7.7441 17.0903
7.50388 19.2913
7.15459 18.9274
7.49362 18.1826
6.9888 19.1651
6.81016 19.6356
6.68976 19.7514
6.64668 19.1856
7.82983 18.799
7.49861 18.4481
7.76828 18.0167
7.71862 17.8666
7.1344 18.2862
7.54143 17.9983
7.77365 18.7925
7.61184 18.3222
7.91472 17.8806
7.35151 17.8135
7.30922 16.9732
7.2987 18.2566
6.92141 19.1003
6.27385 19.1982
6.27385 18.5588
6.0246 19.2133
7.04422 19.2015
6.34181 19.9171
5.81311 19.916
5.81311 20.1721
5.81311 19.4725
5.90424 19.5251
5.90424 19.9747
6.3717 19.7458
6.50839 19.3194
6.50839 19.9924
6.45612 19.301
6.85215 19.5961
6.84581 18.6123
6.94426 18.9263
7.70893 18.9807
7.44061 19.1476
8.27952 18.9139
8.19912 18.6023
8.44069 18.3961
8.56835 18.4774
8.56835 18.9384
8.12479 18.676
7.47107 18.6953
7.27302 19.3904
6.76012 18.7746
7.75574 18.0976
7.12454 19.4677
7.12454 19.3582
6.90206 18.4808
7.08049 19.7533
6.92244 19.2281
6.92244 19.0382
6.51636 19.2398
6.51636 19.0753
7.11429 18.2994
7.11429 19.1939
6.86706 19.7615
6.86706 18.808
6.86706 19.8809
6.86706 18.6989
6.86706 18.2073
8.59704 18.0934
8.55953 18.1162
9.26922 17.8244
8.48996 17.4554
10.0957 17.8654
8.31214 18.7679
7.87016 18.766
8.11346 18.1345
7.46135 18.2022
6.90415 18.7074
6.69624 19.3753
7.73679 19.2555
7.12224 19.892
6.86275 18.6362
7.19553 19.0998
6.48521 20.9498
6.97026 18.9741
6.60337 19.5921
6.52561 19.4543
6.55217 19.861
7.46773 18.5616
8.20634 18.2587
8.27841 18.3883
7.94544 18.4225
9.04307 18.6252
8.71828 18.395
8.86109 18.3858
7.94745 18.2041
8.51625 17.7427
8.16044 17.8526
8.05152 17.9919
8.04389 18.1715
8.34609 18.1981
8.43811 18.5269
8.12148 19.2825
8.69468 18.3286
8.48392 19.3301
9.26738 19.0245
8.54797 18.1276
8.52454 19.1497
10.0924 18.5539
9.93922 18.5234
9.61307 18.4524
8.46047 18.7572
8.20607 19.1413
8.30199 17.5285
7.73708 18.5967
7.39862 19.0991
7.71291 18.6835
7.71291 18.229
8.04764 19.3466
7.3109 19.1802
5.94682 19.8287
6.39561 18.7054
5.85106 19.0976
6.20534 20.0886
6.42486 19.4326
6.47471 19.6458
6.36891 19.8917
6.05972 19.4187
7.71083 19.3193
8.26978 19.1778
6.88636 19.2368
6.15688 20.0665
6.00892 20.4492
6.16312 19.8001
6.64743 19.0664
6.41572 19.353
6.54031 19.9521
6.30241 19.7477
6.50371 19.5249
6.35806 19.3971
6.45759 20.0089
6.32507 19.3426
6.24782 18.8733
7.0447 19.5428
6.42367 18.6906
7.4287 19.824
6.30136 19.6181
7.55099 17.9247
6.63419 18.9534
7.18562 18.293
7.09344 18.1649
7.32309 19.9518
6.9061 19.5386
6.9251 19.5579
6.69806 18.816
7.08705 18.905
6.83588 18.8175
7.01421 17.6668
7.91155 18.342
7.98863 17.9725
7.27934 19.0353
6.33891 18.6807
7.49563 19.0569
7.47912 18.4392
6.89973 19.2281
6.75871 19.4398
6.78867 18.1523
6.29866 19.364
6.78379 20.1858
6.78379 19.4922
6.505 19.2805
6.62906 20.0451
7.27046 19.5901
6.74343 18.719
7.80119 19.4753
7.44083 19.4856
7.94015 18.4359
6.9503 18.8933
6.97223 18.9337
6.90794 18.4768
6.49247 19.5793
7.03625 18.6075
6.59712 19.7893
6.01526 19.1569
6.26892 19.6915
6.45241 19.1423
6.06729 19.5052
6.03828 19.7429
5.70738 19.7158
5.33136 20.9649
5.77515 20.2473
6.13647 20.0295
5.82934 19.1334
5.99329 19.4382
5.45312 20.6556
5.7845 19.6014
5.7845 20.034
6.41992 19.6359
6.22434 18.9981
7.02778 18.9536
7.02778 19.9178
7.41635 19.0302
7.0555 19.0796
7.52986 18.9628
7.64933 18.8931
7.40707 18.6419
7.11756 18.6688
7.63855 19.9203
7.79559 18.0088
7.92995 17.6236
7.64984 19.6305
7.80848 17.4909
7.75566 18.5648
7.04687 18.755
8.57207 19.1797
8.73354 18.4101
9.40782 18.5588
8.66985 19.2032
7.24693 19.1986
6.55359 18.772
6.0285 19.0377
6.95395 18.8869
7.63665 17.2658
7.58433 17.7045
7.31448 18.3533
7.53965 18.4579
7.14215 19.5748
6.70751 19.6179
6.62294 19.019
6.57912 20.371
6.98291 18.8229
7.18247 18.4422
7.52021 18.9484
7.24428 18.9827
7.31637 19.0513
7.28404 19.0083
7.52571 18.466
7.51082 18.8116
8.08939 18.4874
8.40127 18.3709
7.68936 18.4242
8.17678 19.8274
7.89059 19.691
8.23923 18.1621
7.8703 20.4238
8.20888 17.8621
8.60719 17.7651
7.91034 18.0098
7.0029 18.4294
6.55008 18.5321
6.74818 18.6754
6.8097 17.6435
7.05294 18.7061
6.94694 18.6503
6.43255 19.2291
6.71763 18.7529
6.74942 19.5183
7.17581 19.0885
7.30037 19.5278
6.77054 19.2528
7.05132 19.4827
6.77282 19.1977
6.97456 20.2788
7.06811 19.7404
7.11699 18.8259
6.94608 19.3752
7.47357 18.6748
8.09163 19.0616
7.71019 17.9289
7.75567 17.9647
7.92311 17.9306
8.06312 18.4994
8.01813 17.9078
8.35699 17.2132
7.74565 19.7396
8.40274 17.9455
8.58968 18.9934
8.05649 19.4131
8.65056 19.1239
8.02664 18.9603
9.20556 17.0624
8.74894 18.4445
8.73317 17.4386
8.43719 17.2697
8.01993 18.9906
8.16079 18.4606
7.54217 18.7245
7.83539 19.1576
8.14661 18.2712
8.91194 18.2931
8.85631 18.3848
10.1646 18.1533
10.1646 18.3016
10.1646 17.3881
9.77717 18.2491
9.74084 17.5461
10.4121 17.5461
11.0326 17.9416
10.9007 17.054
10.5862 17.0589
9.81587 19.4454
11.8133 18.291
11.0335 18.6886
11.0335 18.2845
10.509 18.4697
9.99294 17.2811
9.98022 18.3371
10.3545 17.1528
10.8373 17.5447
10.6858 17.3212
10.717 17.3212
10.717 17.7572
10.3666 17.7572
9.86852 16.893
9.32986 18.8696
9.32986 18.3499
9.32986 17.5428
9.34777 19.0746
7.8885 19.4544
8.65368 18.7154
7.9577 18.7075
8.93919 18.4157
9.28731 16.5616
9.28731 16.8489
9.28731 18.0558
9.28731 17.0576
8.84143 17.393
8.95094 17.6562
8.24982 18.6914
8.24982 17.3371
7.78235 18.4183
8.0244 18.0652
8.10889 19.5627
8.076 17.9716
8.64251 17.5727
7.48866 18.994
7.16381 18.0171
8.04792 18.7808
7.65438 19.0126
7.88817 17.7906
7.70248 18.5159
7.31256 18.4321
7.05303 19.1978
6.39791 18.9657
7.08191 17.9719
6.61549 19.4745
7.10725 20.2946
7.00659 18.6525
7.89579 19.2596
7.87527 18.6921
8.02144 17.6316
8.43888 17.3779
8.27879 18.4904
8.50714 17.8505
7.88136 17.7846
7.9573 18.1215
7.13477 19.0738
7.03639 19.6231
6.83462 19.2424
6.76047 18.3889
6.95412 18.7458
7.74895 18.5883
7.62365 18.3966
7.94261 18.0746
8.28963 18.1391
7.99347 18.6465
8.86282 18.9324
9.09312 18.3602
8.71228 18.8979
8.54422 17.9071
8.30914 18.5685
7.79262 18.8551
8.5881 18.5121
8.70608 18.3758
8.29581 18.4476
8.9272 18.6351
9.68256 18.1635
8.48888 19.1017
8.68074 18.9031
8.96841 17.1475
9.23009 17.7716
9.65719 17.7656
10.0776 17.8138
9.45583 17.016
9.15575 18.4131
9.43794 18.4014
8.21321 19.1012
9.48692 18.0487
9.22906 18.1597
8.76451 17.4124
9.58703 17.1976
9.21223 18.2658
9.95475 18.0732
10.2492 18.1658
9.77879 18.1821
9.66178 18.0539
9.66178 17.5841
9.26748 18.4369
9.3867 18.1705
8.35104 17.9519
8.52751 18.2843
8.22746 18.5328
7.46231 19.2071
7.6756 18.5115
7.94774 19.0965
7.91296 19.0135
7.27764 19.9321
7.1529 18.7273
7.49012 19.5185
7.23665 19.283
6.77375 20.487
7.10849 19.7498
7.4017 20.097
6.69152 18.2498
6.37967 18.5788
6.21857 18.6618
6.65036 18.798
6.65036 18.6458
6.15309 18.6613
6.06296 19.5975
6.2178 19.2213
6.7291 19.2211
6.85285 19.9181
6.85163 19.7358
6.33266 19.4254
6.66537 19.3136
6.20054 19.7618
6.20054 18.2561
6.35336 18.9584
6.94175 19.5294
7.41082 17.9454
7.81008 18.0406
7.32718 19.418
7.34193 18.5345
7.09791 19.4428
6.04194 19.1002
6.65404 19.1876
6.69419 18.8647
6.82587 18.136
7.52293 17.9857
7.63797 19.8342
7.49576 18.5776
7.49576 19.1748
7.49576 18.0858
7.49576 19.1501
7.47079 18.1398
6.82211 18.3658
6.70505 19.6449
6.01632 19.8335
6.01632 18.6668
6.01632 19.8167
5.73298 20.3404
5.91674 19.2979
5.71232 19.4222
6.17986 18.8673
6.17986 20.0926
6.17986 19.7397
6.22182 19.4893
6.14163 19.6383
6.3843 20.4458
6.3843 19.7413
6.27837 19.773
6.74955 18.6377
6.48066 19.4599
6.48066 18.8874
6.48066 19.648
5.85996 20.5999
6.08179 19.4124
5.71664 19.0985
6.52063 20.0288
6.52063 18.5349
6.52063 18.6414
6.52063 19.3185
6.99147 18.6615
7.38857 19.3316
7.27883 18.9045
6.4008 18.4142
7.24432 18.9502
6.29864 19.5869
6.77934 19.8443
6.53107 18.6022
6.69411 18.9281
7.52673 18.7401
7.34177 19.1935
7.23658 19.2004
7.06727 18.6362
7.03302 19.0506
7.04692 19.8966
6.88143 19.8595
6.93627 18.3892
6.67765 19.1037
6.92936 19.0645
7.11391 18.3697
6.92247 18.9424
6.77657 19.2224
7.06613 19.9313
5.71477 19.1066
6.47582 19.101
6.16755 19.6916
6.33479 19.3715
6.02191 19.2979
6.15044 19.3269
6.48334 19.0414
6.46087 19.2087
6.52581 19.3238
6.51654 20.153
6.15105 20.1387
6.90847 19.6866
6.58807 19.2707
5.84467 20.927
6.30302 18.9491
6.4306 18.6456
6.234 20.2773
6.40957 18.891
6.20472 20.2349
6.34504 18.7609
7.48108 19.6396
7.75763 18.4318
7.61749 19.3137
7.08141 19.547
7.52882 19.087
7.3783 19.4135
7.23376 18.9786
7.15747 19.2835
8.59332 19.2599
7.65453 18.6104
7.56193 18.7883
6.88493 19.4211
7.48042 19.9245
6.5191 19.9677
7.19516 18.4837
7.18449 18.662
7.49265 18.737
6.72065 19.0983
7.12044 18.9672
7.33487 19.1122
7.32188 18.9204
7.19438 19.361
7.21548 19.7823
7.24828 19.2889
7.41121 19.6324
7.47744 19.6798
7.5053 18.4647
7.2398 18.2876
6.73684 18.9387
8.0469 18.834
7.78713 18.8416
7.87421 19.3755
7.58797 20.0764
6.76349 20.1153
7.33804 18.0912
7.10532 19.2837
7.19287 19.278
7.7776 18.5938
7.37333 18.9314
7.8074 19.3623
8.08999 18.7413
7.4015 18.4929
7.52199 18.305
7.59164 19.2202
7.84639 18.0002
6.41439 19.0756
7.03957 19.0614
7.32229 18.8817
6.72292 18.851
6.34092 18.7158
6.08997 20.1625
6.36945 19.6772
6.09285 19.2845
6.88384 18.1776
6.45762 19.404
6.413 19.3328
6.98534 18.6618
7.01468 18.8792
6.83826 18.6442
6.80179 18.1493
7.19857 18.9917
7.40273 18.6824
7.29793 18.5258
6.60136 18.7963
6.41836 19.3024
5.91912 20.0964
5.83711 19.2804
6.04815 19.8148
7.05954 18.4757
6.49312 19.2886
7.03143 19.6719
6.65082 20.0374
7.53433 17.7316
7.05444 18.6164
7.8017 18.0777
7.95527 18.5433
8.6339 17.7778
8.5207 18.7807
7.5688 18.6645
7.41226 19.6269
7.38887 19.4942
8.22504 19.4771
9.32457 19.4732
8.72842 17.1884
7.11358 18.2044
7.3959 19.4378
7.48033 19.4689
7.67194 18.1003
8.43789 18.1175
8.31976 18.2541
8.32414 18.0081
8.11344 18.5886
8.36908 18.4616
9.50085 18.2877
7.68073 18.6267
7.77557 19.2036
6.74966 19.2653
6.20641 18.0885
6.20077 20.1585
6.7656 19.5077
6.53377 19.7039
7.08443 19.6052
6.55083 19.4031
7.05662 19.2798
6.05088 18.47
6.16768 19.9181
6.515 18.8295
6.77957 18.9443
7.14986 18.8544
6.60433 19.2728
6.72782 19.3808
7.61105 18.9698
7.2753 19.2073
7.5118 19.7859
8.00946 17.6749
8.34178 18.8844
7.68478 18.1564
8.29285 18.4556
9.30804 17.3682
9.53764 16.8421
10.8472 16.2851
9.2463 17.8464
9.53848 17.5009
10.9281 17.5009
11.1678 17.1662
9.34374 19.221
9.85487 17.7822
9.85487 17.6803
9.51012 17.2731
9.51012 18.3825
9.51012 18.383
9.8613 18.7787
10.0677 18.86
10.0677 18.8076
9.14541 18.1944
9.63174 17.4495
9.64834 17.3907
10.3598 17.2023
10.3818 17.3636
9.81073 18.298
9.81073 18.5806
9.15148 19.8859
8.28238 19.4329
7.90126 18.947
6.31626 18.7444
7.8051 18.933
6.838 18.4143
6.21888 19.8478
6.20922 19.865
6.23054 20.5911
7.24485 18.276
7.10766 18.4785
7.16898 18.614
7.87639 18.0522
7.80672 17.612
8.51153 18.7939
8.80829 18.7313
9.14144 18.7076
9.14144 18.7969
9.14144 18.708
8.81792 20.3683
11.3216 17.329
10.1435 17.073
9.72247 16.779
9.56269 18.07
10.1665 17.7463
10.2098 17.6981
9.8168 18.4569
9.30142 18.6953
9.09653 18.0892
7.96942 20.1194
7.96942 19.4581
8.13632 17.6274
7.55801 18.4923
8.57458 16.8776
7.74958 18.4056
6.74832 19.4024
7.13352 19.4238
6.80132 19.9511
6.49107 20.1101
6.5102 18.9112
6.49807 19.1569
6.35653 19.5305
6.33127 20.4776
5.9006 19.5532
6.73967 19.3429
6.3784 19.6894
6.56165 18.6174
6.56092 18.5355
6.20153 19.8207
6.20744 19.2006
6.20806 18.7093
6.57976 18.855
5.60713 19.5214
5.83536 20.0045
5.92638 19.3704
6.36467 19.518
6.41125 19.0631
6.5909 18.8681
6.19563 18.7958
6.34443 19.5144
6.68724 19.3783
6.77281 18.6463
6.30881 19.3189
7.1419 19.1427
6.54752 20.0348
6.03524 20.3791
7.28151 18.9909
7.53927 18.9067
8.15038 18.8798
7.65947 18.5171
8.36641 18.6957
8.36641 18.4484
7.90849 18.67
7.98387 19.0941
8.29825 18.0391
7.61969 18.3433
8.24584 17.1377
7.91633 17.9126
7.77764 18.8962
7.87626 17.9702
7.82863 18.8994
7.94779 19.5303
8.92661 18.3701
8.79205 18.5929
8.67904 18.553
9.1456 18.0055
9.40245 18.1723
9.09982 18.9475
10.5433 17.9663
10.5647 17.7311
9.67785 18.0905
9.19671 19.1156
8.70668 18.0751
8.91746 17.9814
8.91746 18.3653
8.48605 18.7374
8.60235 19.0714
8.14931 18.5029
7.186 18.7834
7.02316 19.9145
6.15779 20.7824
5.90186 18.94
6.43035 19.0021
6.399 20.1837
7.2333 19.555
7.26693 18.9531
7.15288 18.2045
7.12329 18.1972
7.32231 18.7423
7.43703 19.5266
6.63493 19.662
6.60421 19.8897
6.51654 18.8986
6.53488 19.4876
7.49375 19.0656
8.78473 18.3828
8.7406 18.5501
8.75549 17.9368
8.93373 17.7928
8.61881 18.1277
8.92298 17.9026
8.38856 18.3081
8.75263 17.3954
8.78277 18.3586
8.78277 18.3415
8.57645 18.3528
8.45616 18.2022
9.06116 18.6344
9.16165 18.3752
7.73335 18.0612
8.34928 17.9109
7.7877 19.2472
7.90194 17.9658
7.76961 18.6306
7.84163 18.6416
7.815 18.7222
7.85289 18.9717
7.79463 19.1296
7.77188 18.2099
7.6648 17.2505
7.28033 17.6712
7.08053 18.447
6.50108 19.6791
6.22563 20.5287
6.30023 19.8069
6.91017 19.5732
5.97147 20.3503
6.10082 20.5006
6.41148 19.9707
6.39951 18.9115
6.30744 20.3493
6.32719 19.6661
6.59287 20.3891
5.94038 20.1272
5.73545 20.273
5.55793 20.5766
5.84746 18.9895
6.69458 18.8865
6.04632 19.5743
6.11714 19.6239
5.801 20.0038
5.801 19.1736
5.43391 20.5244
5.61914 20.1319
6.22523 19.5517
6.71192 19.7168
5.94418 20.1581
6.32702 19.9443
6.19887 19.6003
7.24125 18.9009
7.00494 19.2073
6.4006 20.0427
6.15852 19.0684
6.57563 19.6445
6.11329 20.4634
6.55372 18.8786
6.9811 18.5204
6.95911 18.4798
7.352 19.0187
6.00097 20.3947
7.47434 18.9734
7.71358 18.4531
7.4322 17.7023
7.50752 18.8869
7.47129 19.3532
7.26623 18.7336
7.58413 18.5993
7.51742 18.3533
7.74715 19.4276
7.9962 19.5647
8.52481 18.583
7.98568 18.0033
9.14697 18.358
9.04669 18.074
8.68709 19.2946
8.68709 18.7525
9.10037 18.4944
8.52366 18.4952
9.12135 18.2164
8.93571 18.4413
8.58003 18.4666
7.88982 19.0648
6.2676 19.0423
7.42409 18.923
7.07026 18.8869
6.47796 18.888
6.61078 18.8886
7.21869 19.2682
7.25986 18.9438
6.85679 19.1656
7.75198 19.3208
6.90478 19.9215
6.67438 19.3081
8.43819 18.7536
7.37679 19.8384
7.18791 18.5833
7.29439 18.724
7.51538 19.028
8.1568 18.7084
6.64895 18.7693
6.85254 19.3871
6.81058 19.1071
6.29 18.5912
6.76156 19.0115
6.71675 18.7406
6.88115 18.5676
6.97423 18.8707
6.79059 19.2888
6.20815 19.4138
6.02252 19.8658
6.20078 20.0936
6.20078 19.6429
6.54786 19.0335
6.43529 18.6326
7.24492 19.1439
6.48436 19.4995
7.17489 19.3814
6.7868 19.414
7.33811 19.6388
6.90105 18.6261
7.1818 18.6684
7.56864 18.5523
7.1089 18.8189
7.11014 19.0991
7.22284 19.1165
6.94567 18.2671
6.95549 20.1795
7.09248 19.8556
6.6199 18.9957
6.84614 18.9677
7.49594 19.1019
6.83905 18.4591
6.32714 18.6926
6.53267 18.8139
6.41226 19.4941
5.67884 19.3948
6.17298 19.8527
6.29585 20.1331
6.19032 19.3617
6.6871 19.1822
7.08457 19.5272
7.53283 19.1935
7.44421 19.637
7.90477 18.8735
7.16906 19.4347
7.05274 19.4157
7.16152 19.5038
7.16152 18.0702
6.84542 18.9854
7.54518 18.8669
7.34546 18.9999
8.14922 18.2823
8.26272 18.824
7.80134 18.39
7.83448 18.5211
7.43448 18.6024
6.96875 17.8666
7.03263 19.2878
7.47655 18.8533
8.1455 17.8365
7.77578 18.7451
7.89905 18.7969
7.78755 19.1947
7.86266 19.2954
7.66244 18.6383
7.21234 17.6786
6.68771 18.5635
6.54594 19.6395
6.45199 19.5007
5.65943 19.2372
6.28537 19.6855
5.89128 19.8104
5.89128 19.7411
5.72697 19.8361
5.72697 19.4145
7.05132 19.1447
7.14382 18.0609
7.79433 17.9393
7.80538 18.418
7.42499 18.0311
8.13344 18.5152
8.97197 18.1656
9.9756 17.9746
8.29058 18.1323
9.34925 18.8638
8.16345 18.7306
8.09898 18.7642
8.06649 17.3281
7.99766 18.4115
8.23013 18.2334
7.7267 18.4144
7.93441 18.933
7.81462 18.6491
6.50907 19.2149
6.69603 19.3715
5.85014 20.0969
6.61117 19.9422
6.22472 19.9918
6.50832 18.3921
6.86622 19.4498
7.64763 19.4621
6.99119 20.0291
7.17836 18.4845
6.8068 19.3558
7.49726 18.9767
6.86925 18.3413
6.88642 18.5283
6.08408 19.7307
6.07935 20.2448
5.38133 20.6865
5.40766 19.0307
5.34344 21.3233
5.24372 20.6672
5.89796 19.2717
6.29628 19.8569
6.78001 18.9766
6.27045 19.4683
5.90916 19.8196
5.74526 19.3212
5.75983 20.5668
5.77236 20.0023
5.98049 19.6462
5.82439 19.7892
6.15248 18.9338
6.13486 19.2755
6.82398 19.8975
6.01189 19.7636
6.62049 19.4744
6.02301 20.5307
6.1708 20.3033
5.9243 20.1271
5.66358 20.5787
6.71673 18.6683
5.64638 19.1246
5.73282 20.443
6.66513 19.4713
6.43566 19.7934
5.91464 19.5412
6.20294 19.9162
6.41795 20.1498
6.29139 19.6184
6.29109 18.9231
6.31016 18.8367
6.22825 19.1136
6.65835 19.5551
7.306 19.2409
7.63888 19.1391
7.42628 19.3674
7.14677 17.9252
6.9035 18.3177
6.73569 19.0299
7.21881 18.9716
7.5931 19.4048
6.96809 19.4734
6.99574 19.4029
6.79559 19.4881
6.67847 19.2358
6.41546 18.6186
6.89717 19.3075
6.81745 19.5542
7.15415 19.1952
7.39402 19.5473
7.1155 19.6034
7.12475 20.313
6.65369 19.3012
6.97134 18.1988
8.13259 18.8444
7.41623 18.9771
6.94569 17.9778
7.21243 19.8942
6.94348 19.5535
7.4885 17.8998
7.56038 18.6178
7.45807 18.6288
7.35649 18.2836
6.79452 18.6003
7.58499 18.4608
7.62951 19.0417
7.14593 19.5737
7.2282 18.6369
7.16253 18.9833
6.86981 19.4892
6.84879 19.3005
7.55291 19.003
7.35682 18.9592
7.97594 19.1051
7.96899 19.0026
7.49946 18.8776
8.42585 18.9171
8.39058 18.4223
9.03754 16.5463
8.82049 17.5626
7.89394 18.7604
7.3826 18.8869
6.35938 19.7342
5.51377 20.1824
5.51377 19.4299
6.04928 18.7536
5.78724 19.2008
5.78724 20.023
5.63442 20.2229
5.40595 20.0192
6.60155 19.4546
6.17332 19.0389
6.47061 20.5327
7.23166 19.3977
7.43047 18.7371
6.1372 19.903
6.40184 18.3804
5.90318 20.1199
5.8954 19.6294
6.18059 19.8546
5.8842 20.7528
5.94318 19.9744
6.19196 19.8
6.46956 18.609
4.8248 19.4977
5.17733 20.235
5.17733 19.5737
5.5143 20.967
5.69061 20.8852
5.21141 20.9187
5.21141 19.7559
5.21141 19.3663
5.47847 20.4387
6.14011 19.7786
6.71281 20.2015
6.69657 18.4713
6.51569 19.4213
7.20189 19.7859
6.96011 19.6576
6.46235 20.4635
6.37095 18.8666
6.83505 20.2304
6.87703 19.2412
6.05961 20.0098
5.78998 20.252
5.81638 18.9918
5.24805 19.1707
5.47639 19.1098
6.8991 19.308
7.54025 19.3473
7.20162 20.0006
6.96005 18.7546
7.26117 18.7613
7.03515 18.2207
6.13002 19.4389
5.93445 19.8001
6.55344 20.4505
6.37824 18.8975
6.24454 19.4941
5.73082 19.5788
5.91292 20.2875
5.29096 20.9114
5.92463 19.314
6.09642 19.4514
6.32426 19.3134
5.36453 19.9096
6.30481 20.2387
6.516 19.403
6.14086 20.2281
5.93855 20.1563
7.26288 19.132
6.45622 19.9169
6.38181 19.4305
6.89079 19.2229
6.44068 19.5231
7.052 19.4891
6.95914 19.1349
7.404 18.6602
7.2992 18.1905
7.42 19.6563
7.29873 19.3348
7.01789 18.8176
7.1342 17.8503
8.97303 18.2929
8.7823 18.1242
8.56991 18.407
9.84363 17.2787
9.12876 17.352
8.67282 17.0264
8.70123 17.3908
8.79696 17.9343
8.30079 17.1492
7.58186 19.1008
7.3201 18.6304
8.83324 18.232
8.28279 18.2526
8.48158 18.4328
9.14887 17.3577
9.58241 17.6024
10.1148 18.0128
10.0228 18.7636
8.65782 18.9052
8.74036 18.9344
9.00151 18.6439
10.3587 18.0446
8.74889 18.0228
9.16847 17.4737
8.76653 19.7749
8.75172 18.2681
8.42923 18.8962
9.11424 18.5889
9.76348 18.4912
9.76348 18.3139
8.61254 17.6825
8.436 18.9355
8.13039 18.3071
8.1615 17.7511
8.14224 17.9285
8.43191 18.0654
7.82744 19.0026
8.20105 18.8094
8.80866 17.7901
9.10758 18.8467
9.99024 18.2872
9.99024 17.8688
10.1907 16.3213
10.1907 16.6447
10.8789 16.5572
11.1192 17.0165
10.6174 18.0008
10.4693 18.7509
12.7256 15.913
12.7256 15.6969
12.7256 15.6969
12.7256 16.6731
13.703 15.6577
13.703 15.9177
13.291 17.4549
11.8227 16.4379
11.8227 16.8378
11.8227 16.7781
11.8227 16.9243
11.5872 17.5986
11.5872 16.5348
11.4843 16.8851
10.7638 17.274
10.8563 17.366
10.8563 17.6299
10.5021 17.6282
10.5021 16.9251
10.7647 17.8818
10.5832 17.8733
10.5832 18.5879
10.4644 17.9483
9.98952 18.2062
9.98952 18.4017
9.1554 18.5003
9.22901 18.411
9.0388 18.7605
8.78577 17.804
10.4015 17.1883
8.59263 18.236
8.59263 18.2086
8.72669 19.8926
9.59261 18.4543
9.07695 18.4226
8.40138 19.7419
8.40138 18.6028
8.40138 18.3595
8.45261 18.1501
8.14289 18.0879
8.72651 18.1113
8.76047 18.3094
6.78974 19.027
6.75825 19.1959
6.84179 19.1423
7.08344 17.9548
6.63905 19.0792
6.90113 18.8238
6.8152 19.5483
7.26843 18.162
6.92422 19.0116
9.0122 17.5355
7.75546 18.1763
8.44104 18.1009
8.09805 17.4863
7.47551 19.0254
7.85925 18.4201
7.74703 19.7049
7.88201 19.4699
7.40316 19.051
7.36335 18.3709
6.1954 20.0204
5.75823 19.7417
5.75823 20.3089
5.75823 20.4772
5.75823 20.3203
5.75823 19.5507
5.15855 20.0502
5.83688 20.2845
5.86761 19.99
5.9922 19.696
5.9922 19.7277
6.17941 19.2328
6.17941 19.3957
6.09712 20.384
5.95899 19.7696
6.84919 18.4366
7.00942 17.8858
6.7389 17.7797
7.54875 18.9711
6.76689 19.4064
7.15896 19.1812
7.17683 18.6414
7.71037 18.8956
6.36395 19.6333
6.38116 19.5408
6.33837 18.8729
6.11798 18.5933
5.84012 20.7983
6.45406 19.1616
6.32329 19.8022
6.3176 19.7884
6.29043 19.2689
7.22506 17.5639
6.37557 18.6774
5.86318 19.4164
5.62516 20.0946
6.2658 20.1665
5.67542 20.6651
6.36092 19.3384
5.77515 19.5352
6.0316 19.733
6.60804 18.8814
6.52723 19.0159
6.71371 18.9389
7.2238 18.8902
7.11119 19.2121
7.21079 17.366
6.95144 19.3856
7.41864 18.6073
7.91263 18.7784
8.7906 17.4286
9.32971 17.0429
9.01287 18.4675
8.66991 18.1071
8.71134 18.1902
7.78687 19.0476
7.98372 18.9339
7.56547 18.8843
7.73991 19.1503
7.24051 19.1563
6.73799 19.1532
6.76219 19.0405
6.55486 19.1467
6.93048 19.799
7.0837 18.7944
7.45902 20.2796
9.41313 17.0963
9.53129 16.5158
8.69042 16.5158
7.78891 18.6916
8.59025 18.3827
8.31131 19.3134
8.85126 18.4337
8.70496 17.5924
8.19406 18.1484
8.3686 18.6522
8.59703 18.6538
8.99987 19.2561
8.84759 19.0353
8.72021 19.2547
7.96002 18.1686
7.89034 18.7972
7.7818 17.7155
8.25723 18.6665
8.09031 19.2113
8.44964 19.8071
8.2094 19.1549
7.44848 18.8147
7.13772 18.6272
7.27858 19.8351
6.47616 19.6545
6.58552 19.6545
5.78992 18.8251
6.30297 19.5106
6.22558 20.2887
6.06894 19.807
5.95058 19.2608
6.1343 18.7441
6.34442 18.6838
6.97699 19.31
7.0988 19.66
6.97948 19.4038
6.88323 19.4115
7.05204 17.9695
7.74949 18.7671
7.31889 18.7645
7.17947 18.3089
7.18573 18.3089
6.49233 19.8222
6.60831 19.2107
6.34928 20.2602
6.30378 19.8701
6.21852 20.0125
6.09406 19.301
6.73292 19.1302
6.20179 18.996
5.90592 20.4139
6.03035 19.3296
6.59667 19.8967
6.0981 18.6831
6.41004 19.0238
5.79067 20.3286
6.04648 19.6131
6.45188 19.7474
6.25152 19.3568
6.08695 19.2351
6.89755 19.8931
7.03863 19.151
7.21257 19.1627
7.40896 19.0426
6.78941 19.348
6.73303 19.4885
6.94748 18.9506
7.32603 18.3576
6.92402 18.4713
7.22584 18.9911
6.87484 17.9599
6.21379 19.2111
6.73169 19.0502
6.83542 18.1832
6.58544 18.9197
7.66893 19.3648
7.37185 19.5382
7.10246 19.817
7.62951 18.6292
6.32452 19.9431
5.86168 19.3887
6.17177 19.1139
6.01343 19.6415
6.4192 18.6851
6.64665 18.702
6.0266 20.26
6.21583 20.2902
6.45338 19.4074
6.30175 19.849
5.78646 20.3389
5.65509 21.0384
5.81131 20.17
6.44099 19.1176
6.40423 19.6879
6.74205 19.0401
7.24456 17.9208
6.76043 20.3115
6.88155 20.0374
6.32105 20.4668
6.44211 20.6869
6.34179 18.9137
6.59961 19.0623
6.85617 19.7276
7.00221 19.5242
6.24152 19.6676
6.08707 19.3648
7.40208 18.5845
7.68061 18.8399
7.55055 18.5178
7.19577 18.5178
7.76587 17.2955
7.76587 18.281
6.79831 18.2426
6.01815 19.3094
5.95205 18.9189
6.39712 18.5791
4.98477 19.9865
4.98477 19.7991
6.15894 19.1248
6.09651 20.1275
6.09651 20.1161
5.93549 19.7725
6.39393 19.6238
5.89741 20.2558
6.14788 19.8194
6.45566 20.7429
6.83614 19.6581
7.06141 19.8421
6.52614 19.1496
6.22133 19.2764
6.34696 19.5221
6.72376 18.7391
7.20761 18.622
6.94052 18.161
7.03863 17.9052
7.19329 18.4732
7.17464 19.292
7.18321 19.2264
7.01597 19.311
7.43401 18.4435
7.40606 19.801
7.39406 19.0935
7.27527 19.5117
7.31801 19.3272
6.2337 19.637
6.31408 19.4776
6.91949 18.2556
7.53854 17.9415
6.7024 19.0793
6.07666 20.564
6.18272 20.509
6.46956 19.3731
6.68428 19.1894
6.4084 19.1521
6.89014 18.4133
7.78813 19.0995
7.08724 19.3035
7.43608 17.7419
7.41282 18.5705
6.70244 19.3365
7.09698 19.516
6.70964 19.5213
6.08005 19.5191
6.14723 20.0436
6.14723 19.376
6.30671 19.1568
6.10049 19.3299
6.13163 17.8524
5.95445 19.264
5.95445 20.2344
5.56848 20.0819
5.56848 20.1693
6.35527 18.9331
6.38552 19.289
7.74754 17.7477
7.57448 19.0005
7.11389 17.6678
7.67351 17.8776
7.49323 18.6323
8.20511 17.3973
7.16085 19.1276
6.53423 19.6412
6.49338 19.8824
6.91718 20.0557
6.84413 19.5872
6.82528 18.9185
6.75772 19.5668
6.50554 18.9442
6.70416 19.5891
5.99141 20.5048
5.74623 20.0001
6.12401 19.6518
5.92172 19.4088
7.06107 18.5145
6.73175 18.638
6.37662 18.7873
6.2846 18.891
6.79218 19.541
7.02039 19.9752
6.50801 19.096
6.52291 18.767
6.15985 19.2284
6.66509 19.1857
5.53522 20.3491
5.71278 21.0846
6.49345 19.2356
7.4325 19.2009
7.25053 17.9292
6.52815 18.3482
6.68736 18.9562
6.75361 18.0348
6.69494 19.8718
6.92391 18.6814
5.8781 19.223
5.81106 19.3839
6.46753 19.587
6.72038 18.8267
6.79231 18.9369
6.04258 20.3437
6.51276 18.9055
5.86976 20.3582
5.96743 19.9026
5.30698 20.6674
5.87009 19.8018
5.50058 19.6649
6.31869 20.2257
6.22882 18.7979
6.30192 19.4868
5.81955 19.0872
5.4038 20.0214
6.20133 19.608
7.15022 19.7551
6.12215 19.8438
6.36785 18.6976
6.77852 18.665
6.26903 19.3325
6.19293 19.3803
6.56548 19.2139
6.65124 19.4646
7.53707 18.5287
7.42541 18.8833
7.60219 18.9438
8.14114 17.6257
7.50377 18.3847
7.10286 18.1888
7.57833 19.6088
6.31508 20.0374
6.69322 19.5303
6.6202 18.8824
6.75447 19.0667
6.6452 19.509
7.09104 19.1273
6.8708 19.707
7.47724 20.6169
7.13309 18.9583
7.16883 18.8528
7.15595 19.5583
7.37487 19.2386
6.80416 18.7872
7.57475 18.8807
6.78052 19.6076
7.33716 17.5159
7.77331 18.2265
7.77331 18.709
7.83968 18.3136
7.78278 18.7263
6.86735 18.5925
6.85686 19.7976
6.38034 19.3152
6.58805 18.9577
6.54123 19.2998
6.03571 19.3543
6.70136 19.4459
6.43826 19.4528
6.66253 19.7919
6.5532 20.1361
6.84241 19.1429
6.33564 19.4552
6.11767 19.1925
6.24355 19.3519
6.78769 19.2493
6.22932 20.4755
5.96311 19.4816
6.22039 18.2246
6.22793 19.0557
6.2298 20.1055
6.23078 20.022
6.44081 20.1081
6.7483 18.8727
6.68811 18.8262
6.89609 18.6373
6.86658 18.8786
6.26718 19.7195
6.30578 19.625
6.33064 19.8531
6.4212 20.4459
6.24746 19.6864
6.02485 19.2731
6.36451 20.4336
6.2892 19.7101
6.01773 19.7637
5.80118 20.4778
5.77436 19.8224
4.92197 19.7692
5.643 20.3368
5.774 19.8885
5.83866 21.0155
5.73007 19.3686
5.96025 20.0436
6.25497 20.2283
6.07159 19.3718
6.37938 18.9846
6.16273 19.2427
6.23939 19.247
6.28685 19.367
6.26082 19.0317
6.55532 18.9689
6.52678 19.4927
6.71024 19.4327
6.69067 19.1056
6.67608 18.7682
6.31384 19.6578
6.62356 19.3498
5.7657 19.7488
5.96372 19.4793
5.47664 20.203
5.74499 20.0818
6.04386 19.4829
6.47024 20.0221
6.21212 20.2631
6.23854 18.9702
6.38113 19.0643
6.36327 18.3383
5.92095 19.8537
5.83525 18.8566
6.56214 19.0108
6.03684 19.9615
6.05752 19.4867
6.1278 18.9015
7.01822 19.5669
7.78666 18.5969
6.45483 19.7742
6.82414 18.7196
7.15325 19.1984
7.66833 19.0521
7.32494 19.1509
7.8265 18.6863
7.76858 19.6933
7.54748 19.6823
8.1631 18.38
8.60619 17.3163
7.85183 18.8961
7.39787 20.4151
7.38645 20.1409
7.366 20.1173
7.12566 20.3471
6.99374 19.4569
7.56213 19.9907
6.9129 19.503
7.14761 18.6225
6.85238 19.0942
7.05148 19.2216
6.22026 20.0134
6.6349 20.0106
6.74685 18.9531
7.02255 19.3519
6.1151 19.948
6.72642 19.5851
6.02949 19.2053
6.02949 18.923
6.50904 18.5721
5.99422 19.2948
7.67214 18.5378
6.75785 19.0312
6.52165 19.9958
6.15154 19.6867
6.36499 19.5077
6.52575 19.3998
6.29414 19.9228
6.58156 19.0561
6.14139 18.754
6.14139 19.3369
5.60055 19.669
5.60055 20.1956
5.85952 19.5421
5.91157 19.6327
6.01226 19.319
7.31949 18.9379
8.03745 18.6379
7.95325 18.719
8.24372 18.8514
7.95367 18.6878
7.28222 19.1375
7.45365 19.905
7.11611 18.4565
7.07903 19.517
7.26057 18.9001
7.07283 18.8908
7.12848 19.5958
6.26183 19.5255
6.70918 19.443
6.33226 19.2491
6.6436 18.6861
6.68848 18.934
6.68494 18.9578
6.98882 18.9358
6.5474 19.269
6.73676 19.3197
7.26263 18.7738
8.08744 18.8259
8.95712 18.497
8.84879 18.7449
8.95918 18.8456
8.60071 18.3632
8.60317 18.9315
8.0996 19.0853
8.27228 18.5757
8.85246 17.9198
8.78964 17.8886
8.65048 18.1782
8.59402 18.1117
8.59188 17.7496
7.86835 18.2995
8.03904 17.5854
7.44582 18.1933
7.52715 18.9502
7.41115 19.4189
7.25279 19.6601
7.05277 19.1501
7.83665 18.6752
7.83665 18.3312
7.83665 18.2925
7.72297 18.3479
7.24272 19.3837
6.46278 19.1954
6.70934 19.4252
6.7688 19.8792
7.34802 18.5487
6.75223 18.9083
6.7076 18.8637
7.49121 19.5249
7.59702 17.2407
8.28671 18.0327
7.54873 18.9343
6.92203 18.7846
7.185 19.3436
6.7608 19.1548
6.73812 19.3014
7.13772 19.3569
6.55473 20.4707
6.70388 19.441
7.16038 19.6484
7.08061 19.5481
6.29668 19.169
6.65051 19.2712
7.07084 18.6695
6.94225 19.5484
7.54636 18.9776
7.60679 17.722
8.23716 17.2237
7.46485 18.7228
7.1668 19.2967
7.22619 19.037
7.65722 20.4476
7.86403 18.6419
9.73792 18.574
9.70544 17.6974
9.96389 18.382
9.96389 18.3038
10.0396 17.8413
9.62883 18.0564
9.62883 17.499
10.0048 18.4251
10.0048 18.5922
10.0048 17.2436
9.51758 18.3427
9.2237 18.799
8.26487 19.0521
8.95074 18.9492
8.72441 18.5147
9.43406 17.8106
9.76465 17.2563
10.1496 17.3615
9.5184 17.5555
9.43246 17.7714
9.36164 17.1003
10.3389 17.7346
9.14451 18.1941
9.14451 16.9811
9.75688 16.6074
9.75688 16.7578
9.03071 18.0147
8.57166 18.5441
7.17685 19.9565
7.24696 18.9002
6.93733 18.5008
7.03057 18.9314
5.78066 21.1593
6.40511 18.9438
6.05373 19.4773
6.21442 20.0689
6.65117 20.0689
6.95814 18.2068
7.13127 19.0796
6.88515 18.3099
7.48262 19.1858
6.62047 18.6701
7.1059 19.9517
7.0949 18.3744
7.08413 18.7353
7.43121 18.1821
8.71633 18.4787
8.62646 18.2667
8.62646 18.3961
7.91488 18.6684
7.69461 18.9708
7.69461 18.3576
7.8372 19.3155
8.11266 18.5016
8.51244 18.7386
9.20069 17.3012
8.60177 17.2207
9.01636 18.2627
9.12517 17.7946
7.83168 18.3961
8.45233 18.7799
9.43138 18.141
9.00041 17.8905
8.81903 18.7158
8.7464 18.456
8.91385 18.4765
8.90423 18.5087
8.75815 17.5165
8.99757 17.3603
8.45216 18.2013
7.78065 17.8136
8.0338 17.8034
8.05731 17.4575
8.11248 17.6837
10.2037 18.0158
9.5797 18.6851
9.33638 17.8298
9.04404 18.8218
9.60163 18.4643
10.2375 17.5431
9.82499 18.2457
10.2829 17.6568
10.2829 17.7152
11.1264 17.2189
11.1264 17.2189
11.1264 17.9916
9.35856 18.0291
9.3404 17.8134
8.95755 19.123
8.92543 18.9437
8.65867 18.9534
9.68066 17.9705
9.68066 17.8826
9.68066 17.7232
8.93813 18.042
8.82095 19.0522
8.85966 18.9092
8.83433 18.6083
9.13178 18.6827
8.97857 18.3547
9.35541 18.6622
9.24261 18.5615
8.7407 18.67
8.80424 18.403
8.80424 19.5664
8.80424 19.5267
9.56238 17.3773
9.40123 17.0071
7.95253 17.954
7.95253 19.1156
8.37853 18.776
7.89855 19.4054
7.92747 18.432
6.96926 19.3372
6.73018 19.3701
6.59145 19.4048
6.97435 19.4364
7.32846 18.5648
7.88366 19.0663
7.38589 18.7067
6.68553 19.7388
6.78456 19.9876
6.38341 20.134
6.59106 18.8251
6.50981 18.9392
6.55606 20.1139
6.83226 19.1687
6.7771 19.1712
6.64383 19.4031
6.6957 19.1511
6.66195 17.8738
7.1756 18.5987
7.1756 19.9375
7.39279 19.7061
7.39279 19.6329
7.99978 18.6489
7.55476 19.3004
7.55476 19.7499
8.02447 18.5521
7.64668 17.6411
7.00967 18.6692
6.34269 18.7209
6.25651 19.3275
5.85226 19.1918
5.64245 18.9431
5.88712 19.5064
5.82245 20.615
5.51233 19.9015
5.49705 18.9643
5.88441 20.7449
6.31711 19.9661
6.25114 19.5767
6.95632 20.2165
6.72347 19.1751
7.06976 18.7078
7.49402 18.719
7.25228 18.3529
7.28289 18.2613
7.02591 19.2804
6.62547 18.4191
6.4308 18.6539
6.71475 19.5679
5.36817 20.2086
5.51741 19.8993
5.72868 19.6612
5.48889 19.7954
5.1993 20.4764
5.90744 20.2712
6.17177 20.1625
5.3664 20.6455
5.63636 19.2757
5.82903 20.8016
5.57628 19.8025
6.02072 19.3718
5.95683 19.1209
5.7542 19.2931
6.75218 18.4223
7.15565 18.3411
7.58592 18.6067
8.53376 18.9474
6.7828 19.6463
7.18312 19.519
8.17002 18.1975
7.97878 17.3225
7.342 18.9335
9.47681 17.5977
8.56753 18.6296
8.92037 18.8109
8.89151 19.4345
7.66356 18.6456
7.59694 19.3695
6.88855 19.6044
6.84795 18.7474
7.47105 19.4285
7.69789 18.95
7.91028 18.8073
8.00039 18.7791
7.85851 19.1214
7.02044 18.3305
6.95431 18.1227
7.06581 19.0699
7.27513 19.3119
6.58919 20.5692
6.2749 18.2246
6.36233 20.5136
6.69631 19.5596
6.05378 20.3262
6.33787 20.0815
6.88969 19.9956
5.81877 20.0697
5.81876 20.5507
6.07732 20.6722
6.02681 20.1882
6.12671 20.9825
5.53021 20.7592
6.23107 20.7346
7.0479 20.2746
6.30121 19.9651
6.86489 20.5494
7.86885 18.0895
7.51422 16.744
6.63625 18.8771
6.82182 19.8662
6.22851 20.277
6.89651 18.6472
6.31907 19.7882
6.00451 19.2136
6.02295 19.4324
6.54168 20.4638
6.5336 18.6513
8.68225 17.0347
8.88561 18.3792
9.15405 18.432
9.15405 17.8475
9.62561 17.9715
9.58732 17.1147
9.63752 18.2309
9.73495 18.1771
9.73495 17.2977
9.73495 18.1268
8.92971 18.4648
9.04096 18.4648
9.18583 17.5188
9.42365 17.1828
9.42365 17.7563
8.23333 17.2413
8.23541 18.1418
8.09985 18.9397
8.06275 18.8502
7.52687 18.6614
7.25846 18.8391
6.70888 19.5601
7.37503 19.6669
6.84053 18.8311
7.0958 18.6291
7.11844 18.1166
7.37555 18.5848
7.14963 19.4862
6.56847 19.284
6.78076 19.5732
6.9679 18.615
7.05811 18.3137
7.35173 18.6053
7.67729 18.697
7.26544 18.5672
7.27946 19.0846
8.21917 17.5327
7.91845 18.4083
7.73444 17.6098
7.56296 17.9681
7.37869 17.8284
7.71258 17.9595
7.34334 18.4513
7.61612 18.8098
6.56211 18.5942
6.98166 19.0392
6.44539 19.3425
6.2393 20.395
6.78314 19.7396
6.82698 19.3274
6.75569 18.6989
7.12316 19.1338
6.94825 19.3179
6.70025 18.8782
6.70751 18.6522
6.7207 18.9588
6.42953 19.5038
6.70639 19.4335
6.45918 19.4376
6.87122 19.7339
6.38711 19.0807
6.54203 19.6329
6.31819 19.5411
6.41036 18.9179
6.90347 18.9923
7.44869 19.0435
7.13727 19.1595
7.18332 19.1492
7.0234 18.2168
6.80378 19.7067
7.35161 20.0684
7.55426 18.9966
8.51626 18.8629
8.23396 17.8698
7.25373 18.6172
7.26172 18.7873
7.62442 19.0855
7.36181 18.6729
6.49307 18.9628
7.04243 18.839
6.59876 19.2315
5.46844 20.0216
6.89257 19.0554
6.51292 19.702
5.57 20.7664
5.87324 19.5376
5.80299 19.5765
6.19029 19.5441
5.92432 19.1102
6.27252 19.2715
6.13621 19.2033
6.0023 19.4164
6.80364 19.4247
6.26616 19.4829
6.40584 19.304
5.92728 19.6832
6.40548 20.009
5.98246 19.8826
6.62357 18.9855
6.98384 18.5765
7.32935 18.2168
7.9332 18.7892
9.47846 18.6827
8.50618 17.8875
9.16405 17.5865
9.01768 17.5865
9.22127 17.7651
8.12324 19.514
8.06312 18.98
8.51319 18.5441
8.29417 19.4507
8.36598 19.0375
7.75987 19.3146
7.81142 17.982
7.81142 18.429
8.41459 18.406
7.83269 17.6766
7.34829 19.5451
7.82343 18.9321
7.3689 18.9858
7.49237 18.9945
7.27485 19.1328
6.64316 18.9976
6.74226 18.9759
6.49689 20.2176
6.85717 19.2637
7.24472 18.7379
7.25513 19.1676
7.42924 19.8498
7.07388 19.8498
6.70814 18.2835
6.31975 19.3535
5.88026 20.3708
6.16593 19.4872
6.06894 19.8816
6.31177 19.5812
6.85841 19.176
6.93534 19.6025
6.69724 19.5142
6.04004 18.8853
6.27006 20.2405
6.04127 20.1704
6.78465 20.0783
6.13732 20.6034
6.23119 19.8325
6.24645 19.9333
6.4819 19.6529
6.5031 20.1312
6.09648 19.7519
5.97952 19.7425
6.32977 19.1036
6.42808 19.1793
6.81814 19.1348
6.30407 18.6281
6.32256 18.7153
6.89525 18.9683
6.8113 18.8873
6.37156 19.4635
6.15056 19.1262
6.53719 19.644
6.56863 18.1326
6.28537 18.8538
6.31844 20.0618
6.38835 19.5576
6.08152 19.118
5.89673 20.312
5.09769 20.9525
5.27978 19.4762
5.91151 19.4883
5.96984 20.1017
5.51476 20.4275
5.93816 20.1913
6.68427 18.6629
6.74287 18.8897
6.89951 20.3814
7.26739 19.2829
7.26739 19.9099
6.57809 19.3109
6.57428 19.0477
6.69627 19.6561
6.97286 19.0629
6.8041 18.5775
7.34549 19.0063
6.36062 18.701
6.11029 18.9176
6.0844 19.1448
6.93926 18.7688
7.05557 18.7956
6.62368 18.2849
6.69394 18.9268
7.47285 18.7265
6.69861 20.0694
5.52071 20.1756
5.91191 19.5868
5.84807 19.7592
6.18243 19.0208
6.61798 19.0113
6.56597 18.9942
6.57421 19.3115
6.44488 18.7768
5.75291 19.0366
6.35119 19.3593
6.63263 19.6396
6.4837 19.6729
6.30846 19.9771
6.90296 19.569
6.57917 19.8553
6.68438 19.8626
6.87255 19.6119
6.60572 18.8151
6.76862 19.5782
7.67645 19.1109
7.93448 18.6824
8.15442 19.4278
8.61946 18.6668
7.91141 18.4789
7.37205 18.7165
8.32627 18.1969
8.32627 17.298
8.32627 17.5908
7.74007 17.5418
7.74544 17.7974
8.2683 17.3441
8.46425 18.9697
8.88334 18.7265
8.66206 18.8143
8.05732 19.2135
7.78265 18.702
7.42839 19.2657
7.00375 19.6912
7.22524 19.3553
7.12267 19.8488
7.42579 18.7895
6.82755 18.7872
7.43676 18.7986
8.45983 18.6451
8.42499 18.6572
7.71407 19.3559
7.73075 18.9648
8.61606 17.4445
8.74759 18.4579
9.37576 18.1187
9.02831 17.1951
9.14344 16.9781
9.16445 18.4519
9.01021 16.8798
8.94929 17.546
9.81106 17.078
9.7955 16.4021
10.1307 17.4606
10.3184 18.2051
9.2673 18.9871
8.93748 19.2723
8.51061 18.7159
8.58226 18.2244
8.52929 18.0863
8.82049 18.2976
9.0708 18.235
8.92978 18.5272
8.00806 19.1408
8.28167 17.8575
7.87793 19.0721
7.7577 18.3352
8.26521 18.3212
8.02793 17.8466
7.98572 19.1117
9.6963 17.4584
9.23166 18.1294
8.39803 17.846
8.86451 18.7337
7.49415 18.3519
7.18844 18.5202
7.23059 19.1857
7.47773 18.9982
7.47773 19.3762
7.06537 19.6651
7.01295 19.2374
7.22718 18.266
7.50007 18.1252
7.31298 19.0714
7.25756 18.8935
7.24635 19.174
7.39254 18.4535
7.9858 17.8082
7.02066 18.767
7.14745 18.1309
7.16533 18.1339
7.13509 18.3153
6.88436 19.5361
7.64922 18.7414
6.68313 19.6104
7.84815 18.6026
7.62026 18.4245
7.44976 19.0867
6.90023 18.8894
7.12937 18.8054
7.10976 19.5745
7.13283 19.0209
7.32425 17.5603
6.3634 18.5636
6.84828 18.5074
7.06303 17.1995
7.12152 17.889
7.16355 18.6507
7.80845 18.6776
8.09396 19.0031
7.54891 19.4291
7.37243 18.8974
7.31741 19.0782
7.0663 18.9422
6.87138 20.2036
6.23125 19.847
7.05513 19.2613
7.26461 18.8707
7.53078 17.9301
8.48651 18.3328
7.72757 19.0917
6.95078 20.2797
7.70709 18.5275
7.87613 18.7081
7.64818 18.6321
7.28562 19.237
7.68628 18.9469
7.37768 18.742
6.86334 19.4528
6.60024 19.2482
6.46553 19.1145
6.6315 19.509
7.59424 18.6809
6.24276 19.9327
6.19303 19.038
6.54048 20.0503
6.6097 19.2274
6.69419 19.4828
6.63952 19.664
6.59702 18.4966
6.72292 19.4687
6.55844 18.991
6.86577 19.5336
6.79528 19.0946
6.54491 19.3502
6.77358 19.6562
7.19184 18.2333
7.2838 18.4731
7.88403 18.6757
7.40578 18.4072
8.17877 18.2416
7.83255 17.7576
7.93726 18.6976
7.61179 19.1769
8.06571 19.5759
7.7688 18.5502
7.65904 18.8674
7.93367 18.5045
8.46156 17.6141
7.94455 18.3312
8.45687 17.4221
8.08295 18.3051
7.2714 19.1751
7.14248 19.3381
6.71834 18.5928
6.1468 18.675
6.43467 19.891
5.56283 19.8309
6.60369 19.4257
6.5873 20.0358
5.75654 20.4847
6.54572 19.7903
6.69423 19.2822
6.64451 19.1983
6.58706 18.1777
6.41068 20.3719
6.87451 18.8848
7.15373 19.7138
6.8068 19.0787
6.84675 18.5004
6.54923 19.8174
6.54814 19.3232
7.50185 19.1892
7.69371 19.4503
7.21631 19.5849
6.49284 19.59
6.53282 19.7391
6.23262 19.769
6.2969 20.5586
6.43107 19.6339
6.20728 19.5482
6.28928 19.9005
6.63282 19.4693
6.59795 18.5535
7.52199 18.75
7.31011 18.6981
7.30032 18.7128
5.82051 20.2251
6.45472 20.015
6.41398 19.5102
6.12936 20.5923
6.65783 18.9302
6.55703 19.8398
6.09888 20.0624
6.81081 18.6864
6.75106 18.7733
6.54449 19.865
6.67125 19.0941
6.07733 19.5873
6.50884 19.0815
5.85257 19.4784
6.288 19.6044
6.96438 18.9554
7.52163 18.7761
7.25528 18.942
7.29614 19.0242
6.65821 19.9776
5.94773 19.9565
7.16957 18.0778
6.76888 18.5002
8.35112 18.4362
8.78799 18.455
8.61605 19.4624
7.99083 18.775
8.57568 17.8209
9.08023 18.1575
9.24592 17.7574
8.9838 18.3811
7.63636 19.8805
8.04959 19.536
8.50837 18.343
8.39481 19.3769
7.09556 18.9712
7.53445 18.8507
7.75428 19.5217
7.42486 19.1337
7.2754 19.9663
6.99156 18.7815
7.91518 18.9929
8.12616 18.1532
8.80173 18.5406
9.76134 19.2988
8.30865 18.5888
8.37617 17.9338
8.16346 18.2409
8.16346 18.5599
8.11081 19.7363
9.13899 17.2652
8.29899 18.1818
7.34803 18.5332
8.99544 18.0907
8.98872 17.3558
8.18244 17.9753
8.18244 17.4828
8.18244 17.4044
8.48147 18.7152
8.48147 17.3898
8.23483 17.7217
8.22737 18.982
8.22737 17.513
8.22737 17.8824
8.22737 18.1531
8.51943 18.8477
8.87033 17.5619
8.65362 18.7149
7.53475 18.5769
8.0148 19.1854
8.0148 18.4288
8.58204 17.4978
8.58204 17.7589
8.86376 18.8926
8.23696 18.8926
8.23696 18.4423
8.23696 19.0634
8.23696 18.7287
8.23696 18.8051
8.23696 19.3281
8.08329 17.6285
8.25735 17.954
8.25735 18.4101
7.67929 18.7242
7.67929 17.1112
7.24209 18.6385
7.24209 18.4709
7.06965 19.6466
7.06965 18.7165
7.06965 19.3316
7.0525 19.9876
7.64716 18.1824
7.10807 19.1704
5.93362 19.6966
6.21863 19.763
6.21863 19.0563
5.95098 19.2075
5.95098 19.4055
6.29262 19.8855
6.68448 19.1977
6.94623 20.2516
6.48325 20.569
6.21571 19.464
6.17886 20.0927
6.02249 20.0927
6.02249 19.7606
6.02249 18.7606
6.02249 19.4357
6.02249 19.4482
6.47978 19.5865
6.09505 19.5358
6.36329 19.0253
6.47679 18.9954
7.15847 19.3915
7.03237 18.7415
8.11173 18.7599
8.01631 19.173
8.69878 18.6751
9.38656 18.7077
9.27147 18.087
9.88594 18.0488
9.88594 17.8308
9.95732 17.2278
9.37553 17.7611
9.37553 18.7638
8.98711 18.4573
9.21157 17.6858
8.23166 17.9158
8.00163 18.9094
8.62957 19.3116
8.39391 18.7693
8.8406 18.7123
8.8406 18.6945
8.8406 18.6694
8.8406 18.8753
8.24687 18.4826
8.45674 17.663
8.74819 17.663
8.58679 18.2372
8.58679 18.1935
8.60906 18.1204
8.60906 18.2624
9.58306 18.1161
9.56607 18.2586
10.0703 17.9713
11.1658 17.6006
11.1658 17.6006
11.1658 19.0129
11.6078 18.2724
10.8459 17.7788
11.5187 18.05
10.5564 17.4446
10.98 16.9061
10.98 16.146
10.7718 17.6623
10.1156 18.1318
10.2725 18.1065
9.64308 16.8496
9.133 19.1356
8.57139 18.5917
8.54717 18.9721
8.24253 19.0558
7.98412 19.4169
7.84082 19.5125
7.68519 19.2913
8.09106 19.0811
7.58791 19.7785
7.70751 19.5473
7.90016 18.9467
6.5137 19.8088
7.55181 20.2586
6.61931 19.1418
6.90212 19.8266
6.86662 19.987
6.99796 19.5551
7.46015 18.865
8.55269 18.6835
8.77855 18.067
8.67883 17.4242
7.84448 18.7859
8.80263 18.6548
9.47311 18.5828
8.44299 18.7553
8.80249 18.1412
8.95914 18.0961
9.48087 18.2064
9.52135 17.3595
8.52916 18.4201
8.74829 18.2432
9.14798 18.4399
9.38275 18.8156
8.27869 18.7426
8.22986 18.8235
8.06048 18.6838
7.85753 18.5044
7.98126 17.3628
7.60639 19.0329
7.60639 19.19
8.03184 19.2821
8.03184 19.1782
8.21518 18.6522
8.21698 18.1835
8.06985 19.3923
7.82771 19.0456
7.51462 19.0279
7.34531 17.9101
7.43537 18.1421
8.03079 19.7362
8.69233 17.338
8.11842 17.8447
7.86057 17.6809
7.40572 18.7901
7.33135 18.4347
7.63169 18.9358
8.19149 19.3039
7.10314 19.2898
6.04081 19.225
6.80963 18.9682
7.11366 19.0429
7.19829 18.8574
7.22274 18.7022
7.59304 18.2879
7.60495 19.5077
7.60715 18.6252
7.41321 19.3439
7.21114 19.3292
7.33611 19.0489
6.02045 19.5142
6.29646 19.5475
7.10549 17.8809
7.3 18.475
6.83145 19.6781
6.87681 19.5625
6.82976 19.4162
7.00193 18.1296
6.91076 18.3658
7.55926 17.6935
7.08436 19.2553
7.27302 18.0538
7.26133 19.059
7.34895 19.5147
6.98803 19.904
7.05606 19.1699
6.93434 19.5934
7.02733 19.6948
7.06389 19.2769
8.18726 17.7446
8.24317 18.0197
8.24278 18.8357
8.39223 18.7505
8.26634 17.7996
8.46155 19.6254
8.41329 18.4127
8.36104 17.8115
8.96091 17.3357
8.96817 18.3824
9.17262 18.3203
8.59446 18.3472
8.54843 18.348
8.74592 18.3858
9.17563 18.6728
8.65807 18.6435
8.12185 19.1137
8.71849 18.6457
8.02281 18.4839
8.48084 18.2496
8.82877 18.1452
8.76647 18.0934
8.89896 18.2436
8.9344 18.22
7.91394 18.4519
7.91394 18.2197
8.46583 17.6071
8.30712 17.9651
9.01229 18.6631
7.4901 18.6046
8.02181 18.3564
7.60821 18.0098
7.33244 19.1182
7.35097 18.5193
6.55763 19.5287
6.55763 20.1498
7.10561 19.6733
6.45767 20.2768
6.74455 20.1461
7.01043 18.9966
6.33955 19.5884
6.90185 19.0453
6.90185 18.7633
7.08874 17.9243
7.11105 19.0678
6.75659 18.8513
6.69812 18.5495
6.32182 19.1602
6.0483 20.2778
6.5642 19.3822
6.59463 19.1235
5.96557 19.8812
5.96557 19.7634
5.66228 20.2055
6.17477 19.8782
6.20732 19.6841
6.74192 17.5622
5.76967 19.7221
5.22151 21.4393
5.46648 19.1769
5.91575 19.2559
5.91575 19.599
6.49748 18.397
6.42569 18.8593
5.93635 19.143
5.75238 19.4093
6.03937 19.5131
6.03937 19.5829
5.78044 18.6499
5.78044 19.4178
6.17561 18.5714
6.48012 20.0536
6.14118 19.5451
6.91333 19.3305
7.2058 19.3623
7.35121 19.9721
7.42145 19.2852
7.42894 19.0098
7.84148 18.8335
8.24443 19.0281
8.08585 19.0611
7.73205 19.8206
8.07303 18.13
7.59228 19.0625
7.35625 18.1499
7.7395 17.595
7.73931 18.3584
7.72592 18.5312
7.87878 18.1049
7.48353 17.8889
7.85518 17.8601
7.42727 18.9026
7.31163 19.501
7.34196 19.171
7.2025 19.1344
6.85184 18.608
6.78715 19.1573
7.06799 19.0038
7.58083 18.5639
8.23717 18.3855
8.76374 18.0893
8.31938 18.1054
9.06156 17.462
9.24949 17.2357
8.45871 18.0653
8.62694 18.5425
8.62694 17.7004
8.98576 18.7686
8.13272 18.9907
8.3295 17.8212
8.42735 18.5843
8.17073 18.0158
7.34382 18.9298
7.13495 19.4636
7.12726 20.0137
7.41043 18.8956
6.7205 19.6899
7.68045 19.1298
7.71288 19.4438
7.59105 19.6669
6.94949 18.9466
7.15296 17.9965
7.18188 18.3224
7.00526 18.0266
5.99722 19.1445
6.3033 19.6195
5.54268 20.9842
6.58088 19.3034
6.33451 19.5211
6.51253 19.0917
6.02935 20.7018
6.01355 20.3116
6.04561 19.6847
6.23777 20.0267
6.52651 19.4232
6.46343 19.1431
6.47856 19.3932
6.9167 18.616
8.31061 18.6635
8.31061 17.7573
7.54823 17.9708
7.1734 18.9603
7.27679 18.9143
7.65861 19.0133
7.79554 18.6372
8.63989 17.078
8.85054 17.2251
8.76321 18.197
8.76321 18.9135
9.66575 18.4008
8.9647 18.3518
9.62638 18.2856
9.62924 17.5852
9.62924 19.1264
9.76194 16.9006
8.04877 18.4711
7.15022 18.89
8.08892 19.031
7.58569 17.7752
5.89881 19.1443
6.44634 18.7486
6.83713 18.8893
6.94973 19.5386
6.88339 19.0333
6.56844 19.6129
6.3239 19.566
6.43701 19.6684
6.17272 19.7923
6.85929 20.0981
6.61215 19.0975
6.97229 18.5034
7.03884 18.4266
6.44516 19.1351
6.75687 19.6761
6.66745 19.9383
6.44467 20.0001
6.98983 19.6132
6.88241 19.2333
6.47579 20.3191
6.72324 19.3183
6.58164 19.2062
7.49758 18.8245
7.49758 19.1241
