44.0278 14.0718
43.9753 14.3815
43.5225 14.5688
43.8855 14.1602
43.9094 14.2172
45.0713 13.8816
44.5102 14.1645
44.1297 14.0523
45.4889 13.3983
45.6723 13.324
45.904 13.0663
46.1944 13.3996
45.3636 13.3814
44.6483 13.4651
44.7549 13.8236
45.4745 13.2571
46.5618 12.6021
46.0619 12.8964
45.307 13.3349
44.6927 13.511
43.4324 13.8353
41.9432 14.5157
43.5802 14.4388
44.4144 14.2032
44.149 13.6533
43.0868 14.2811
44.6658 13.7856
45.6131 13.1404
45.1808 13.1289
44.2245 13.6324
43.9057 13.7057
43.7773 13.9889
43.9593 13.7322
44.0454 13.9466
44.4444 14.1671
45.2519 13.7197
45.6238 14.0152
44.4125 13.2549
45.5551 12.3773
45.5302 12.771
45.5327 13.3233
44.459 14.0685
42.883 14.0815
44.7491 13.4626
45.1752 13.7465
45.4845 13.4642
45.8479 13.1149
45.2487 13.0508
45.3482 13.0309
45.1273 13.1751
45.4309 13.6888
45.2428 13.4228
44.4604 13.2178
45.8154 13.0711
46.4183 13.2683
46.0383 12.911
46.4317 12.2705
46.834 12.2716
47.3237 12.1164
47.3744 12.5349
47.6137 12.4342
47.6576 11.9709
45.4665 12.2146
45.3623 12.7797
46.1878 13.0137
44.592 13.7392
43.1964 14.2703
43.6108 14.4898
43.2865 13.9825
44.5985 13.7302
44.5925 13.4313
43.3509 13.7428
45.4962 13.8824
44.9393 13.3486
45.8086 13.0571
45.3107 13.4156
45.7177 13.2335
45.0719 13.5052
46.0172 13.1362
47.0756 12.8052
45.2647 13.4145
44.8262 13.4828
45.0147 13.4524
45.1341 13.3995
45.3037 12.7598
45.8211 13.0556
45.6925 12.9745
45.5064 13.1512
44.8972 12.8578
44.5193 13.1989
44.5166 13.2859
44.8527 13.2287
44.2731 13.7364
44.5341 13.5005
44.2168 14.2195
44.6538 13.3524
46.1658 13.1797
46.1743 12.9147
44.8317 13.5433
44.4611 13.489
45.8927 13.089
45.7845 13.1541
44.5397 13.8261
44.464 14.3875
43.8977 14.4667
43.2014 14.4454
44.7038 13.5102
43.7695 13.986
43.9136 13.932
44.5344 13.4917
44.762 13.9805
45.8655 12.8441
44.4508 13.4061
44.3486 13.4567
45.5273 13.7706
45.0911 13.6202
44.9461 13.2385
44.4119 13.4496
45.2126 13.5979
43.4674 14.7487
43.4013 14.0841
43.713 14.4447
42.1492 14.8957
42.4195 15.148
41.6211 15.1294
43.3692 14.474
43.3282 14.4118
43.5676 13.44
44.83 13.1289
45.2104 13.1289
45.0096 13.7346
47.0244 12.6802
46.7267 12.7392
46.9717 12.5819
46.8897 12.9838
46.0976 12.7285
45.9586 12.9247
46.2177 12.9563
45.8333 12.6974
45.9435 13.1714
46.0601 12.8538
45.1679 13.0274
44.9903 12.83
45.5655 12.8124
47.5465 12.1537
45.1044 13.1181
45.361 13.1953
45.609 13.2851
46.1512 12.8382
45.4912 12.8476
45.2893 13.6701
44.205 13.4719
45.5337 13.5891
45.2438 13.431
46.0842 13.6526
44.4884 14.3176
44.0969 14.3176
42.2371 14.4194
43.1303 14.3824
43.4892 14.4941
44.6882 13.8499
45.3528 14.0171
45.3996 13.7449
45.2131 14.0539
44.3736 13.9147
44.6434 13.5952
44.5291 13.7843
46.5261 13.7081
46.0555 12.9615
45.7192 13.3424
46.2888 12.4759
45.706 12.8111
48.1426 12.4976
46.9709 12.6499
45.3999 12.6531
46.9755 12.4106
47.5417 12.2285
45.8905 12.5471
45.867 12.6029
46.1564 13.0741
46.164 13.5298
44.3667 13.6234
45.1892 13.3381
45.3738 13.3024
45.5295 13.2382
46.099 12.9594
46.0535 12.6876
46.3615 12.6305
45.6433 12.903
46.1161 12.8884
45.3071 12.6213
45.6271 12.3339
45.972 12.1413
46.5887 12.0959
47.3021 12.2182
47.0324 12.2726
45.7503 12.4437
47.2947 12.87
48.8609 12.198
49.9937 12.198
46.8069 12.3218
44.4752 13.6963
44.5853 14.1013
43.7951 14.7506
44.5238 14.4998
44.2909 14.8543
43.6282 14.8805
44.1664 14.3323
42.9569 13.9159
45.3952 13.9563
46.2957 13.697
44.501 13.4923
45.1683 12.8279
45.2109 13.224
45.7596 13.2079
44.9395 13.4509
45.0275 13.2985
44.873 13.7442
43.9651 13.865
45.649 13.5146
44.8237 13.9325
44.1029 13.5705
46.8652 13.5242
46.4284 13.1413
45.4679 13.1374
45.845 13.1766
45.7512 13.2006
46.0679 13.0346
46.3607 13.1186
46.7928 12.7895
48.5882 12.3069
47.0859 12.3063
45.7968 12.2414
45.8899 12.4026
47.2825 12.3738
45.9073 12.765
45.2247 13.5824
44.9121 13.4036
44.9384 13.0817
45.4476 13.4888
45.8808 13.1032
44.3869 13.7033
43.2258 14.4028
45.2156 13.7816
45.2051 14.045
45.5061 13.2736
46.6814 12.7393
46.6149 12.4029
46.0697 12.8867
45.0177 13.0215
45.2721 13.3748
45.2129 12.4681
45.1781 12.8403
45.0756 13.3057
45.1903 13.661
45.1796 13.8941
44.7982 13.5262
45.476 13.6878
44.9633 13.4948
44.3298 13.7625
43.3707 13.8368
44.2089 14.0344
44.6342 13.7607
44.9041 13.7395
44.3514 13.5228
45.3499 12.9828
45.6353 13.177
45.7634 13.1483
45.1546 13.0812
44.4209 13.3896
45.435 13.3353
45.9086 13.0939
45.5155 13.4
44.1594 13.7679
47.123 13.3007
45.3683 13.0178
45.7803 13.4262
45.8323 13.8898
46.065 13.3331
46.0464 13.2579
45.845 13.2561
45.2277 13.3361
45.7093 13.3869
45.688 13.3992
45.072 13.4233
46.3367 12.8232
44.7021 12.9368
46.5299 13.4342
46.5277 12.7513
45.774 12.79
46.18 12.4131
46.8051 12.3886
46.4851 12.3886
45.8152 13.2735
47.3857 12.2689
47.1274 12.7117
47.2829 12.7555
46.5203 12.4172
46.3888 12.6616
45.3083 13.425
44.8625 13.5691
44.2902 14.6233
43.8137 14.3226
44.5061 14.1748
42.4254 14.2024
45.593 14.2714
44.1485 14.0543
44.884 14.0543
43.3225 13.886
44.743 13.591
45.8255 13.0151
46.9923 13.0151
45.4457 13.0191
45.6698 13.1531
45.1356 13.1691
45.1037 13.2232
46.2205 13.1619
46.9366 13.1
45.3032 13.1828
44.1686 13.7
44.1342 13.9278
44.9738 13.4445
44.7959 13.2945
45.4397 13.7569
44.3531 13.7701
44.8475 13.5724
43.0327 14.6714
43.8827 14.1142
45.3504 13.4618
45.8006 13.3909
45.0993 13.4177
43.8381 13.2988
44.8698 13.0591
46.9661 12.7328
46.7902 12.7328
46.4489 12.5208
46.6325 12.1985
46.6325 12.7105
46.2877 13.0063
44.4164 13.0063
44.6599 12.2216
46.4697 12.2216
44.2685 13.6882
45.037 13.9197
44.7887 13.7424
43.8476 13.817
45.0342 13.7467
44.8888 14.1082
44.5685 14.0422
43.4962 14.171
43.185 13.8013
44.6756 13.2948
45.5332 13.544
46.4459 12.9115
44.7484 12.8891
44.6838 13.3377
43.6884 13.6792
45.1339 13.5116
44.4869 13.443
45.2734 13.584
45.1953 13.2104
44.6066 13.3378
44.4386 13.6836
45.7 13.4323
44.8236 13.85
45.3272 13.3171
44.005 13.5817
44.3509 13.7741
43.9104 13.8791
44.2387 13.765
45.7712 13.2941
45.5053 13.5916
44.3946 14.1251
44.2738 13.8461
46.4582 13.3654
45.7944 13.3654
46.5411 12.9617
44.7351 13.1362
46.7721 12.4818
46.4794 12.3064
46.2564 12.6953
47.5267 12.5052
46.3947 12.9333
46.6319 12.7689
44.2011 13.2486
44.8984 13.0044
45.639 13.2898
45.3054 13.3731
45.6244 13.1637
45.9101 13.1859
46.2229 12.6252
44.4914 13.3644
45.1322 13.451
45.3727 13.4412
45.8574 13.3794
43.8185 14.2743
43.5226 13.9099
42.9386 14.9195
43.517 14.9195
41.6637 15.1445
43.2664 15.2048
43.0469 14.835
41.9664 15.3847
42.8169 15.3842
42.8659 15.6168
42.377 15.6168
42.3595 15.9057
40.7255 15.9057
40.7255 16.1368
41.1448 15.2027
42.9709 15.1274
43.4857 14.9792
42.0645 15.0408
42.6458 14.6036
41.6231 15.4025
41.3288 15.5404
41.9491 15.6001
40.9223 15.7073
42.5872 14.7813
43.0228 14.7813
43.5829 14.7813
42.8037 14.9554
43.3798 14.7446
44.3556 14.5926
43.6867 14.8996
42.89 14.7585
42.89 14.1288
43.5018 14.2365
43.5956 14.3254
43.2587 14.5662
44.5167 14.4503
43.1481 14.45
43.25 14.45
43.8339 14.613
45.4658 13.7723
45.0325 13.5708
47.6273 12.6339
45.9947 12.3053
44.6662 12.8006
45.0888 13.3253
44.5285 13.1768
45.5607 12.7822
45.2855 13.3754
45.6482 13.1192
45.2472 13.0723
45.3204 12.8651
45.2545 12.6797
45.1827 12.9137
45.1332 12.5593
45.3758 12.9698
46.3158 12.9731
46.0094 12.9467
46.2541 12.6305
46.3792 12.4872
45.1847 12.4872
45.3622 12.8313
45.4981 12.8313
45.8019 12.6631
46.0667 12.968
46.6511 12.6684
46.1369 12.3011
46.6891 12.3061
46.3695 12.3066
46.1168 12.2774
47.9017 11.7334
46.9464 12.756
45.1603 13.5044
44.645 13.53
45.4774 13.2312
45.31 13.1968
45.6495 12.7157
46.2333 12.5811
46.4573 12.6301
46.8219 12.3635
46.621 12.5175
47.432 12.5175
46.7423 12.0856
46.9341 12.3557
47.078 12.3557
46.2612 12.4312
46.4553 12.5443
46.3975 13.0448
46.53 12.8005
46.1751 13.0161
46.0078 12.7228
47.9046 12.7228
46.7224 12.775
46.3041 12.4376
47.2347 12.7935
47.2529 12.8332
46.3681 12.3901
47.4678 12.6016
46.2998 12.823
45.2834 13.4762
46.657 12.8243
46.1137 12.8243
45.6977 13.1641
45.7916 13.1385
44.9873 13.0523
47.1978 12.6123
46.8797 12.3769
46.8925 12.5559
46.4156 12.599
47.6496 11.8878
48.2281 12.427
47.0271 12.7021
46.5318 12.9858
46.0889 13.0535
47.028 12.6631
46.277 13.0288
46.4003 12.72
45.1795 13.8851
44.2168 14.3201
43.2682 15.0515
44.6879 14.2847
43.3723 14.0271
45.3453 13.857
46.6045 13.0106
47.2923 13.0106
47.0169 12.5616
47.0129 13.0541
47.6996 12.6367
46.3808 12.6375
46.4906 13.0888
47.0222 13.411
45.9717 13.4408
45.8725 14.308
45.0745 13.5497
44.0177 13.5504
44.9564 14.4065
41.8408 14.4488
43.7831 14.6629
44.1764 14.046
44.2387 13.628
44.268 13.6222
45.9736 13.5161
44.8828 13.7024
46.03 13.2549
45.4609 13.2798
42.2309 15.0097
44.0523 13.789
44.2895 14.195
44.7385 13.2823
44.3938 13.0476
45.5067 12.901
46.8659 12.5587
46.7908 12.3488
46.3988 12.474
46.5811 12.4731
46.5938 12.4759
45.956 12.8584
45.3375 13.4831
45.2204 12.7361
46.2082 12.6458
46.6073 12.2624
46.4613 12.6983
46.0385 12.5265
47.181 12.975
47.4479 13.0222
47.0916 12.7902
46.755 12.7969
46.678 12.6785
46.8507 12.898
47.0819 12.8563
47.3411 13.2537
46.3721 13.01
45.9136 12.7237
47.634 12.4272
48.1987 12.5964
46.7861 12.3051
47.3258 12.7101
46.6739 12.9252
46.5063 13.2564
46.6208 13.2726
45.0978 14.1358
44.8294 14.1358
44.9413 13.8212
45.0995 13.3355
45.2202 13.5808
45.6224 13.5142
45.8196 13.5363
44.995 13.3934
46.7545 13.4332
45.7775 13.7889
44.313 13.849
45.2177 13.8118
45.2344 13.6693
46.4055 13.3729
46.4403 13.2199
46.9229 13.0166
46.2761 12.8303
45.2571 13.4899
46.3134 13.9694
46.1713 13.6154
46.4 13.5568
46.4393 13.6394
45.5462 13.7858
45.692 13.8586
46.1473 13.7362
45.0871 13.6283
46.3131 14.0113
47.1223 13.4347
46.6284 13.1348
46.335 12.9043
47.4789 13.0181
46.1313 13.0828
46.1009 12.8687
47.2546 12.6023
46.7184 12.2675
48.0443 11.8146
48.1958 11.8788
47.9214 12.4211
47.8614 12.3939
47.4082 12.5476
46.6327 12.8276
46.4508 12.4287
46.7027 12.8527
46.3997 12.5175
45.9092 12.5725
46.0818 12.9951
45.8363 12.5667
45.7018 12.6412
45.407 12.9025
47.3573 12.7444
45.6966 12.6525
43.9961 13.4009
44.5719 13.8178
42.7372 13.9854
44.4512 14.2187
44.4266 14.3135
44.5421 14.3881
44.6161 13.963
43.9957 13.9784
44.3567 13.8608
44.2575 14.0229
43.0052 13.909
43.7452 14.0991
43.4533 14.9512
42.2642 14.8952
43.4502 14.6651
42.1708 14.6651
43.1344 14.6651
45.3438 13.8031
44.6784 13.9414
42.8195 14.141
45.3008 13.8647
43.4331 13.9745
45.2381 13.9496
45.4653 14.362
44.5977 14.8655
44.5256 13.8907
43.9213 13.4883
44.6003 13.8867
44.6248 14.5885
44.2092 14.0384
44.6723 13.8493
44.0623 13.7044
44.9163 14.1812
44.4192 13.8765
46.9009 12.7324
46.8758 12.4952
46.7388 12.5197
45.659 12.6195
45.9019 12.6887
47.0219 12.5458
46.1078 12.5903
46.914 12.9154
45.2041 13.5418
44.8033 13.6418
45.7734 13.4612
45.5857 13.3269
43.7448 13.445
44.5858 13.56
45.8848 13.5994
44.7332 13.3885
47.7146 12.8942
45.6509 12.9875
45.1817 13.2479
45.9033 13.1784
45.8561 13.6375
45.7556 13.9912
44.6377 14.0145
45.0841 13.3445
44.897 13.9642
43.3621 14.0979
43.9142 14.2389
43.8026 14.3399
43.4107 14.387
44.7086 13.7925
44.7705 14.1584
43.5051 14.5939
44.1297 14.3738
44.3424 14.2994
44.5191 14.094
44.6162 13.4954
45.0791 13.7788
43.6559 13.7989
44.1207 13.7063
45.84 13.4871
45.2805 13.2893
44.7941 13.7567
45.1109 13.9461
45.0047 13.433
44.3167 14.0748
44.9602 13.857
44.6404 13.2315
44.0068 13.5536
44.7789 13.3638
44.9992 13.2844
43.2357 13.9666
43.2729 13.8097
45.4507 13.6378
45.4263 13.2192
45.2786 13.2462
44.6946 13.6153
45.2157 13.4682
44.9909 13.1853
44.3046 13.2089
44.3418 13.7158
44.4282 13.4219
46.1187 13.2783
45.774 13.262
45.7485 13.1913
44.7771 13.6489
44.8668 13.7064
45.8012 13.7439
43.3896 13.9344
42.8996 14.1485
45.8587 13.5809
44.7027 13.5974
45.2826 13.5377
44.0511 13.7484
44.9761 13.8101
45.0469 13.8356
44.8051 13.9502
43.9703 13.7123
43.853 14.1553
44.8463 13.8641
46.4859 13.2684
45.641 13.7617
46.0565 13.6894
45.1855 13.3729
46.3766 13.5398
45.9049 13.3852
45.7607 13.2611
44.9037 13.5303
44.3715 13.5466
45.2457 13.245
45.071 13.7631
44.1145 13.9499
44.7002 13.2467
46.586 12.5974
46.725 12.4111
47.6727 12.292
48.5187 11.9671
46.1855 12.8294
46.72 12.7751
47.4509 12.4276
48.1276 12.2266
47.7077 12.3609
47.554 12.3282
46.4513 12.9459
47.5576 12.2898
45.4066 12.3715
47.7352 12.2854
47.1445 11.8975
47.5623 12.1751
45.9084 12.1363
45.7272 12.2486
46.2903 13.0754
45.8745 12.6943
45.9488 12.5113
46.3796 12.8668
46.675 13.0666
47.3103 12.572
45.9599 12.6946
47.0842 12.4455
47.0351 12.1368
45.7726 12.3972
45.9828 12.0585
46.0097 12.2662
45.8076 12.5278
45.8018 12.6641
46.5467 12.9218
46.136 12.7426
46.2273 12.6544
45.2544 12.5533
45.8137 12.8904
45.9581 13.0212
45.7227 13.5321
45.5246 13.8436
45.2283 13.695
44.7957 13.4681
45.1712 13.1503
45.1119 13.5541
44.6535 13.9871
44.8563 14.0042
45.3545 13.5268
45.251 13.838
44.2182 14.2073
43.1906 14.006
45.5094 13.1558
45.2674 13.3576
44.7703 13.2818
46.7046 13.2867
46.2995 12.8252
47.1098 13.0037
46.5215 12.6941
46.3003 12.7277
46.7382 12.7277
46.9944 12.0536
46.2485 13.031
44.9628 13.4348
44.4685 13.7507
44.6496 14.0132
44.1986 14.3987
43.88 14.6326
42.4167 13.9501
45.1292 13.5604
44.4963 13.9837
44.2731 13.7409
44.5862 13.8982
45.0331 13.8073
43.8972 14.5871
44.2101 14.5935
42.5966 14.7871
42.3803 14.6707
41.6597 14.4247
42.3296 14.9212
42.8804 14.4426
43.8493 14.4426
43.6781 14.0382
43.3615 14.2301
43.7787 14.354
44.2017 14.0509
43.6081 14.2544
42.5898 14.3835
44.7411 14.3427
44.4969 14.2303
44.548 14.5537
43.5562 14.8563
44.8852 14.2258
44.5258 14.0403
45.1931 13.2953
44.446 13.7178
44.4368 13.5397
44.8139 13.8261
46.2346 13.7607
45.9997 13.4362
46.273 13.0852
45.6152 13.203
45.5494 13.049
44.7285 13.2478
45.8869 13.0749
46.2307 12.8168
46.2998 13.3246
45.6278 13.4069
45.4191 13.1117
45.4191 13.604
44.6173 13.4249
45.5339 13.2793
45.4225 13.3339
44.7589 13.5555
44.8446 13.6992
45.8549 13.381
44.2201 14.1646
44.2331 13.9371
42.9452 14.2295
43.6218 14.245
44.4232 14.2187
44.7036 13.9813
44.7994 14.2135
44.0192 14.2133
43.6518 14.6285
43.5582 14.2256
44.7375 14.2219
42.925 14.6204
44.7259 14.6
44.638 14.0858
44.2384 14.5095
44.7497 14.4857
43.828 14.5581
42.9686 15.0896
43.2791 14.3366
43.3312 14.0221
43.3914 14.652
44.002 14.4552
43.8567 13.8095
43.3049 13.5929
46.9491 13.0035
47.1186 12.581
45.476 12.4245
47.1822 12.3166
47.1095 13.3405
45.9631 12.8749
45.4961 12.7722
46.2563 12.9528
47.2724 13.7019
44.448 13.5409
44.741 13.314
45.2278 13.4989
45.0413 13.1089
46.3112 13.1655
46.1982 13.288
46.4524 12.8797
45.8256 12.8608
45.0182 12.8828
45.8531 13.371
45.8469 13.1934
44.4809 13.471
45.59 12.7849
46.3945 12.5394
46.8293 12.684
46.2081 12.9094
46.5991 12.7749
44.8769 13.7062
45.3044 13.3644
45.0713 13.1356
46.2471 12.9788
46.4034 12.7766
46.3308 12.6868
45.6167 12.8647
46.7853 12.4411
47.9679 12.1931
48.0591 11.8585
47.5614 12.3005
46.6641 12.3366
47.3836 12.058
44.5682 12.8379
47.9741 12.5675
46.4535 12.83
45.5695 12.9236
46.0505 12.8516
46.9535 12.8516
45.3931 13.1992
46.0651 13.136
47.18 12.5524
46.0548 13.0248
46.389 12.7719
46.2941 12.5551
47.3003 12.0673
48.3187 11.9233
46.3946 12.42
46.5677 12.4484
46.7706 12.6073
45.6595 12.8402
46.9662 12.3793
47.5515 11.8647
46.4122 12.606
46.8741 12.6896
46.9778 12.9334
46.6722 12.7432
46.3192 12.5685
44.6521 13.0365
45.9135 13.0365
47.0468 12.5635
46.2819 12.1745
48.0664 12.1745
47.6965 12.4917
47.631 12.4917
46.1608 12.6917
46.333 12.6917
46.333 13.0767
46.1352 13.4163
44.2151 13.6905
42.8879 14.1275
43.5094 14.0915
43.9922 14.3699
44.2141 14.2536
44.5076 13.8689
44.8288 13.0924
45.6581 13.247
46.5947 12.9221
44.5919 13.5905
46.1452 13.4733
45.8751 12.852
46.5232 13.0188
46.4539 12.7619
46.059 12.7619
45.9057 13.2906
45.0785 13.3507
44.5225 13.6637
44.9839 13.4929
45.8918 12.9546
46.0863 12.5569
46.0317 13.3776
45.3444 12.979
46.1122 13.3998
46.3404 13.4617
45.5826 12.9938
45.5519 13.259
45.3445 13.5999
46.0007 12.986
44.8971 13.5577
44.7269 13.8595
43.7959 14.9623
43.9057 14.3591
43.5749 13.785
44.5684 14.1683
43.9813 14.2686
44.5662 13.4708
46.4942 12.8367
46.1736 12.9996
43.1542 13.8704
43.5916 14.5023
42.1086 14.9259
42.9081 14.6409
44.1459 13.9563
45.4728 14.2771
44.9335 14.3729
44.6044 13.7816
44.2486 13.7613
44.833 13.2959
45.2789 13.1391
45.889 12.8235
45.0913 12.749
46.1321 13.0733
46.2157 12.7866
46.5346 12.8875
46.0607 13.203
47.0876 12.9097
45.6832 13.0586
44.9302 12.9201
45.028 13.2827
44.1735 13.6524
45.4113 12.799
46.555 12.1646
46.3582 12.7992
46.0118 13.1921
46.5653 13.1144
43.8916 13.6141
43.7977 14.047
44.1632 14.4095
43.9171 14.0572
44.1687 14.015
44.4998 13.8419
44.5601 13.7421
45.2092 13.8015
43.8983 13.7479
44.9144 13.538
44.9649 13.2681
45.2245 13.3235
45.053 13.4122
44.6396 13.5095
43.2589 13.7151
44.8605 13.5791
45.0392 12.7617
46.1412 12.7617
43.8145 13.6939
44.6226 13.9463
43.2858 14.4008
44.1045 14.03
43.6239 14.3444
42.7219 14.9061
43.7112 14.816
41.251 15.5234
41.7569 15.3851
42.8957 15.1019
42.7926 14.6272
44.531 14.2882
44.7706 14.378
43.7225 14.7616
43.0463 14.7616
43.4709 15.1043
43.0762 14.6418
43.4897 14.5031
43.4249 14.7336
44.181 14.5963
44.2092 13.9509
46.0851 13.5874
44.0238 13.6472
45.3609 13.6472
45.4918 13.6548
45.5118 13.6867
45.3876 13.6674
43.8293 14.2716
44.1577 13.9608
43.5336 13.9564
44.4966 14.0278
42.3907 14.8796
43.5775 14.3511
45.3578 13.7997
45.7198 12.8214
45.9643 13.3979
45.8913 13.3925
45.0415 13.4306
45.2062 13.3737
46.6851 13.2692
45.3546 13.2005
45.2238 13.3157
46.0945 13.3157
45.2756 12.8199
45.2241 13.2138
45.7074 13.3284
45.6316 13.2995
44.4539 13.7289
44.9261 13.655
44.4883 13.7659
45.364 13.5197
45.0178 13.5197
44.3605 13.5319
45.5536 13.0117
45.5431 13.0596
45.6544 13.048
46.7415 13.1951
45.7683 13.1635
45.7492 12.8353
45.3173 12.6924
46.0382 13.0539
45.4691 12.9755
44.2886 13.2705
44.7331 13.436
45.1305 12.8012
45.4195 13.7287
43.4476 14.4948
43.6101 14.0373
43.6785 13.8231
44.2856 13.8806
44.3582 13.8435
44.7017 13.6869
44.806 13.499
45.0385 13.5398
45.7663 13.195
43.4273 14.2267
43.7559 13.7077
44.8094 13.8771
44.6987 13.8633
44.372 13.8052
45.6673 13.5474
46.222 13.3093
44.7465 13.5228
44.6608 13.3098
44.8104 13.6854
45.5874 13.1013
46.3866 12.617
45.346 13.0264
45.1854 13.23
46.1416 13.1552
46.9764 12.7847
47.03 12.2293
47.0414 12.3745
46.9024 12.2906
47.7034 12.3487
46.6672 12.6287
46.8855 12.13
46.544 12.13
47.9656 12.2664
47.4567 12.2664
48.0409 12.3287
46.5371 12.3287
47.0573 12.4986
46.9267 12.251
48.1723 12.147
46.9085 12.6355
46.7797 12.8053
46.5907 12.9531
45.2947 13.694
44.0948 13.931
42.9142 14.4894
44.8173 13.4154
43.9684 14.0986
44.1436 13.6697
44.5726 14.0094
44.7635 13.9382
43.9518 13.8193
45.1865 13.1152
46.4548 13.4078
46.2132 13.4337
44.5323 13.5488
45.9427 12.8255
47.4612 12.508
47.6061 12.8016
46.9997 12.9044
46.6537 12.9418
46.731 12.8851
47.103 13.0054
46.7072 13.2035
46.6436 13.3213
45.7733 13.8764
45.3199 13.4222
45.6963 13.2844
46.2985 13.1788
45.1834 13.6009
44.5695 13.4802
44.4726 13.8491
45.1767 13.482
45.0923 13.0797
45.2342 12.8198
45.0505 13.3172
44.5069 13.8583
44.3539 14.1123
44.8979 13.4921
45.4092 13.7109
44.7873 13.532
45.3761 13.656
45.2083 13.8049
44.5266 14.2088
44.6699 13.6221
43.509 14.3193
44.622 13.7182
44.8075 13.2875
46.0565 13.5858
45.2322 13.4681
44.4123 13.3597
45.2365 13.4856
44.9038 13.6429
44.422 13.8964
44.6171 13.7831
44.8641 13.3983
45.1926 13.2192
46.3996 13.2024
45.6863 13.3985
45.6863 12.8191
45.5482 12.8079
46.0063 12.9379
46.3866 12.8236
47.1185 12.3476
46.6808 12.3476
48.4183 12.0044
46.3715 12.8636
46.109 12.9692
45.9878 12.2409
46.6875 12.5794
47.7089 12.6711
47.5569 12.5789
46.8933 12.8577
47.4296 12.9095
47.4551 13.2452
46.8827 13.3657
47.768 13.2865
47.6057 12.9483
46.2423 13.1547
45.9712 13.1398
48.5544 12.2536
47.5968 12.7218
46.1713 12.7406
46.9798 12.6978
46.5221 13.3461
46.8357 13.4619
47.6787 12.6921
46.5947 12.7391
45.6366 13.586
46.8045 12.8833
46.2488 13.8772
44.8202 14.023
45.0745 13.6624
45.8535 13.6747
45.9041 13.6747
45.728 13.5651
47.5226 13.4361
47.3717 13.4361
46.6233 13.5573
46.5944 13.2192
46.2782 13.3068
46.6141 13.1025
46.0903 13.2392
45.8747 13.6671
45.5086 13.1145
45.2782 13.4297
46.581 13.6927
45.9084 13.7197
45.5504 13.3221
46.4452 13.3216
47.2366 13.3006
47.5684 12.8921
48.9279 12.4507
48.2873 12.3954
48.2519 12.3954
48.1811 12.574
48.2661 12.4217
48.6402 12.4684
49.3004 12.6539
46.8149 12.6496
46.4681 12.8716
46.5284 13.0695
45.6853 13.1601
44.6727 13.0273
46.0555 13.4887
45.7169 13.1903
47.5786 12.8972
47.3785 12.5152
47.3785 12.5585
48.2911 12.2371
48.2911 12.4755
48.2911 12.4703
48.4507 12.3145
47.7389 12.4268
47.2441 12.4332
48.3606 12.2644
48.3973 11.7391
48.9705 11.5614
48.7312 11.6878
48.1946 11.7283
48.4653 11.8654
48.4653 12.7072
47.7047 12.5311
46.1332 12.9362
45.5954 13.0129
45.918 13.2637
46.0471 13.026
45.279 12.9097
45.4079 13.5094
46.3104 13.4571
44.086 14.075
45.1185 13.4818
47.012 12.7459
47.5508 12.3691
47.1154 12.2855
47.0421 12.2855
47.0421 12.3484
47.431 12.1887
46.9427 12.2302
46.713 13.0233
45.4434 12.8361
46.4563 13.3173
47.6576 12.6313
46.7046 12.09
47.2939 12.978
46.4934 12.3829
46.6587 12.8982
45.5363 13.5278
44.6318 13.4471
44.1317 13.695
44.0674 14.3048
45.9654 13.5543
44.9518 13.5785
45.1627 13.7362
45.2707 13.7719
45.8568 13.3718
45.766 13.3178
45.7878 13.2466
45.7925 13.2466
45.7925 13.0124
46.2577 12.8913
44.2243 13.9172
45.6912 13.7358
44.4014 13.7358
44.9598 13.7358
45.4098 13.9787
44.6782 13.5365
45.9495 13.0453
45.9593 13.4884
46.0907 12.8187
46.1379 12.7058
46.048 12.6461
45.8548 13.3352
46.5595 13.1877
45.6544 13.082
47.5925 12.4324
47.369 12.4643
48.8608 12.3107
44.9284 13.1376
46.7534 12.69
47.4451 13.1304
46.7759 13.2225
44.3746 13.7765
45.2235 13.9374
45.2203 13.8087
45.2075 13.6819
44.3214 13.6363
46.3903 12.9248
46.7948 13.5511
45.3161 13.3829
46.7308 12.9585
46.8643 12.8989
46.5487 13.3376
45.7797 13.8663
45.9998 13.1551
45.8796 12.6807
45.9656 13.0637
47.1906 13.0916
46.0875 13.1156
46.6132 13.0184
46.6996 13.0712
45.6245 13.4982
44.4348 13.7783
44.4984 13.6489
45.615 13.5069
45.1942 13.4452
45.1868 13.6061
44.8826 13.5759
45.223 13.5418
45.6056 13.2066
46.2985 13.5911
47.0439 13.5052
45.6328 13.4957
46.3027 12.9476
47.4068 12.9871
43.8579 13.9414
44.6914 14.1776
45.5956 13.4888
44.8215 13.3341
46.7766 13.225
45.3176 13.1304
46.6374 13.1775
47.1874 13.4756
46.2368 13.2551
46.074 13.1887
46.0932 13.1803
46.2322 13.072
46.1999 12.9928
46.3267 12.8082
46.5107 12.4407
46.6169 12.6368
44.5183 13.3286
45.9304 12.9072
45.722 12.9853
45.1824 13.0554
45.9545 12.8559
45.6402 13.3713
44.549 13.3713
44.0266 13.8181
45.4896 13.425
44.7218 13.1859
46.4163 13.2328
44.8108 13.3529
45.2706 12.5955
45.3601 13.8025
45.5457 13.0658
45.1246 13.294
46.2624 12.8197
46.0294 13.0025
46.3663 13.0785
45.6965 13.0788
46.3394 13.0497
45.0301 13.2396
44.6603 12.9735
46.4383 12.9735
46.7674 12.8784
45.9324 13.2761
46.185 11.8721
46.1626 12.6838
45.2776 13.1559
45.009 13.2972
45.4375 13.5782
45.6571 13.1054
45.3646 13.0399
45.2977 13.2325
45.1279 13.3284
45.9632 12.8607
47.2631 12.4445
46.6318 12.7067
46.0096 12.8638
44.7722 12.8429
45.2298 12.9259
45.7338 12.9228
45.2117 13.3179
44.6598 13.6903
44.7225 13.2412
44.7987 13.4327
46.1515 13.3029
46.6964 13.4468
46.4497 13.0328
47.4624 13.1804
46.0121 12.7041
46.3748 12.7901
46.5318 12.6538
45.7012 13.4708
47.6 13.036
45.7257 13.0791
45.3116 12.8946
44.9862 13.2832
46.1243 12.7205
46.7776 12.9884
45.5062 13.2766
45.6408 13.5725
45.319 13.8738
44.2995 13.7125
44.3815 13.885
43.1725 14.7026
42.5882 13.9123
44.1642 14.3481
43.6662 14.0012
44.4146 13.4342
44.4205 13.9537
45.9271 13.4335
43.9683 14.2987
43.0681 13.9844
43.1921 14.0698
43.6135 13.9895
42.7076 14.4449
44.0303 14.0678
44.3416 14.0323
45.2361 13.5989
44.591 14.2158
44.3637 13.6883
45.1206 12.9394
45.6275 13.4423
45.4185 13.5143
45.2365 13.7265
44.609 13.483
45.3431 13.7321
46.0124 13.1487
45.3548 13.5331
45.593 13.4859
43.3698 13.9352
43.3279 14.235
44.8369 13.6429
43.011 13.0935
46.4825 12.7158
45.8234 12.8571
46.784 12.823
44.8458 13.2171
44.0481 13.0186
45.9734 13.3926
46.6199 12.8201
45.427 12.8323
46.4753 13.0083
46.3031 12.8495
46.2521 13.0008
45.9581 12.9879
46.2398 13.3444
43.6163 13.2674
44.8156 13.2776
46.1978 12.4262
45.9598 12.7748
46.1085 12.7078
46.2939 12.7536
46.3799 12.7995
46.4244 13.0849
46.5304 12.1036
46.3485 12.7646
46.5628 12.4519
46.5628 12.5321
45.6582 13.1365
45.1301 13.4209
44.5995 13.0861
45.2647 13.0285
45.6402 13.0759
45.8447 13.3042
44.8282 13.5752
46.1619 13.4382
44.6064 13.6458
46.0883 13.197
47.6276 12.8221
47.169 12.5261
46.4518 12.8304
46.1489 13.0454
46.3749 12.9024
47.3585 12.7316
45.9472 13.2392
45.8193 12.9673
46.3475 12.9121
45.9132 12.8873
45.5327 12.9089
46.6139 12.741
46.7313 12.8504
45.3839 12.8013
46.6833 12.8137
46.0033 13.2405
46.1946 12.7967
46.0757 12.9844
46.0331 13.1052
47.1597 12.6702
46.1654 12.954
45.0564 12.6873
44.636 12.6797
45.8503 12.6843
45.1555 13.0847
45.1907 13.7108
46.455 13.1923
44.5865 12.9549
45.2506 13.0689
45.3944 13.083
45.6248 13.0312
46.0146 13.0712
45.843 13.7411
44.7637 13.6342
45.5712 13.0411
44.5221 13.5849
44.8117 13.9235
44.1778 13.7368
45.4763 13.2335
45.7204 12.6221
45.7561 12.7737
45.7112 12.8325
45.8754 12.7832
46.7977 12.6084
46.6547 11.9353
46.5783 12.7427
46.5689 12.7131
46.5163 12.3381
47.2681 12.3356
48.5814 12.3518
47.7882 12.1083
48.6743 11.5557
47.2087 12.2558
46.4414 12.5714
46.5612 12.6394
47.1028 12.6726
46.0145 12.712
47.06 13.1697
46.033 12.8547
45.9867 12.7522
46.2996 12.6538
46.435 12.5862
47.3139 12.4025
46.6025 12.9364
45.2598 12.9835
45.83 13.3223
45.5152 13.242
45.0257 12.5752
45.3306 12.9892
45.4723 12.7769
46.8807 13.0929
44.9605 12.8725
46.6344 12.7178
45.5079 12.9123
45.5526 12.9123
46.9107 12.8412
46.2324 12.754
46.5647 12.5896
44.5249 12.4977
45.1814 12.2858
46.4134 12.6785
45.6895 12.6245
45.9392 12.9378
45.7292 13.1112
45.8288 13.4013
46.3186 13.3443
44.9607 13.4959
45.0475 13.609
45.4532 12.7529
46.5239 13.6369
46.061 13.5274
45.3866 13.3877
44.5974 13.5001
42.8768 14.2059
44.7889 13.8302
45.0065 13.5454
44.9095 13.7851
43.5158 13.8522
45.0714 13.8375
43.143 14.2611
44.4916 14.2871
45.6672 13.6357
45.8758 13.173
43.9598 13.3424
44.1823 14.2854
44.5164 13.4553
44.6199 13.5946
43.7119 13.7629
45.3049 14.1185
43.1448 14.5033
43.3322 13.6311
43.1609 14.4189
44.1887 14.025
45.2086 13.6217
45.3388 12.806
45.6425 13.4605
43.6915 13.4188
46.3766 12.7858
44.672 14.0728
43.33 14.0728
43.9726 13.9891
44.1945 13.8097
43.7442 13.8387
44.2177 13.3382
45.5483 13.3159
46.0479 13.4911
43.6712 13.179
44.9025 13.3556
45.1835 12.9272
45.2252 13.2104
45.3862 13.3791
45.6226 13.6464
45.422 13.536
44.7098 13.7049
44.9167 13.5174
44.9229 13.071
46.055 13.3464
46.2973 13.0076
47.8069 12.6709
47.9848 12.4344
47.0653 12.6767
48.0288 12.2829
46.9184 12.6873
48.1875 12.8376
47.1134 12.7801
47.7492 12.7513
46.1362 12.8951
46.3298 12.991
46.2278 12.932
47.4804 12.4826
47.8748 12.3364
47.6827 12.4584
48.4524 12.4584
47.4272 12.9678
47.0763 12.4042
47.3043 12.7738
46.9088 12.5604
47.8103 12.0199
48.6496 12.525
47.7525 12.1378
46.3103 12.6411
46.9191 12.7597
46.6619 12.9539
45.8421 13.464
44.7722 13.6816
45.0578 13.9324
44.7682 13.8167
45.4662 13.9597
44.6662 13.9922
44.2314 14.0348
44.1892 14.2414
45.9191 13.8472
45.0626 13.4225
45.6619 13.6676
45.8138 13.5689
44.8943 13.5777
44.4822 14.1534
42.7489 14.6035
44.2801 14.57
43.0763 14.6773
42.8902 14.875
43.7402 14.9059
43.971 14.5043
44.4658 14.712
44.9099 13.9542
43.6863 13.7947
44.5874 14.3444
43.1795 14.0211
43.6993 14.3194
45.2231 13.6785
44.5655 13.9412
44.6732 14.3037
43.58 14.3927
43.1662 14.3927
43.7066 14.4552
44.9716 13.5944
44.8112 13.9178
45.7708 12.9231
45.6802 12.9665
45.4775 12.8958
45.4858 13.0101
45.5098 12.8256
45.9667 12.9565
46.587 12.24
47.1809 12.4563
47.0142 12.7533
46.919 12.3644
46.9512 12.4159
47.8195 12.1143
47.1343 12.4541
47.0912 12.2589
47.9206 12.2397
48.3033 11.9047
46.1478 12.4816
45.0923 12.735
46.3446 12.9921
45.622 13.3607
45.3334 13.1981
45.2554 12.9966
45.8432 12.7928
45.4874 13.0176
45.5466 13.2144
45.8795 12.7379
44.764 13.169
43.8207 13.2236
46.6381 13.1261
46.5438 13.0831
44.0457 13.8364
46.5767 13.3467
46.2749 13.1501
46.2753 13.3904
44.0607 13.5817
45.2231 13.0717
45.3681 13.592
45.7552 13.1177
45.4645 13.0569
45.4585 13.1676
44.9689 13.45
44.9589 13.1785
45.0529 13.2184
45.5127 13.2595
45.5489 13.4198
45.8114 13.3552
46.4563 13.1679
45.596 12.8762
46.0904 12.8034
46.8884 13.115
46.2605 12.4706
46.7965 12.2637
46.9895 12.9315
45.5318 13.3173
44.8578 13.9335
44.3954 13.5363
45.5056 13.1848
44.2825 13.9972
44.3914 13.3047
44.6358 13.2446
48.5549 12.2198
48.7253 11.7865
47.1436 12.1214
46.2244 12.5184
47.6939 12.4176
46.4754 12.5018
47.5236 12.229
47.3609 11.9316
47.2567 12.1549
46.6106 12.1549
50.0737 11.3811
47.047 11.6694
47.9838 12.1563
48.3868 12.5396
46.4058 12.4568
46.2383 12.8048
46.365 13.2991
44.7588 12.9529
46.6647 12.0817
46.3508 11.7329
47.2499 12.0023
46.1857 12.6832
45.7521 12.4605
47.1873 12.5847
45.8775 12.6461
47.7514 12.5689
46.0242 12.6481
45.6752 13.0416
46.1035 12.6095
47.0314 12.401
46.7474 12.9192
45.1575 12.8849
45.984 13.126
44.7223 12.6525
45.2564 12.8867
45.5851 12.7217
45.6592 12.8485
45.4952 12.8363
44.8309 12.8767
45.6232 12.9956
44.4925 13.5917
45.403 13.0183
45.2905 13.0694
45.6089 13.0276
46.5215 12.8268
44.202 12.8813
47.0058 12.9099
45.1789 13.0294
44.6465 13.3685
45.3438 13.5367
44.5897 13.5204
45.3958 13.5238
42.926 14.0193
43.2991 14.0631
43.7574 13.6438
44.2314 13.4096
43.7847 14.0743
43.693 13.0416
45.3452 13.2117
45.0258 13.0359
44.2656 12.9465
46.309 13.6267
44.6552 13.8891
44.5114 13.5356
44.1684 13.7081
46.9657 13.4444
43.6743 13.9561
46.12 13.3887
43.6916 13.8957
45.7698 13.5698
45.0065 13.1495
45.5272 13.2089
45.1621 13.6919
45.9102 13.7721
45.222 13.7532
45.664 13.523
45.5855 13.0277
45.4538 13.2574
44.9834 13.0736
46.1397 12.9357
44.6456 13.0524
46.1115 12.9183
44.868 13.2769
44.868 13.4672
45.4756 12.7925
46.4907 12.4105
46.5375 12.5737
47.1269 12.6178
47.0755 12.5921
46.39 12.7155
46.5032 12.6304
46.5299 12.8331
45.7019 12.6801
45.7678 13.34
44.8836 13.7856
46.239 12.8781
46.3305 12.5864
46.9767 12.7198
45.8349 12.929
45.5499 13.3253
44.7363 13.4844
44.3655 14.1441
45.5643 13.5951
45.1633 13.3327
45.2495 12.7751
44.0275 13.4603
44.12 14.4039
44.5519 14.2907
43.6572 13.8696
45.2631 13.7525
44.4285 13.6449
43.3386 13.8466
44.913 13.2558
45.741 13.0429
45.2224 13.3826
44.9424 13.1151
45.3467 13.9673
46.1065 12.8882
44.7936 12.97
45.1236 13.0805
45.5772 13.0191
45.7809 13.2189
45.1408 13.22
45.5384 13.22
44.5589 13.4866
46.5771 12.9489
46.5771 12.8158
47.3302 12.6841
45.483 12.9593
46.7206 13.5605
45.4691 13.5059
44.9404 13.3887
44.5993 13.3581
46.0694 13.1439
45.7499 13.0413
46.0276 13.4068
45.3322 13.516
45.8148 13.7697
45.0054 13.1901
44.139 13.2931
45.588 13.1781
45.4304 13.3199
44.4512 13.709
45.7447 13.4042
46.1826 13.0234
46.4349 12.7596
47.1236 12.0387
45.4603 13.1222
46.1608 12.9852
45.6115 13.0672
44.9958 13.0996
44.511 13.0661
44.6411 13.2433
46.3677 13.1686
47.3891 12.9027
45.9572 13.0068
45.113 13.3239
46.3136 12.8929
46.1493 12.8295
46.5437 12.2421
47.0395 12.2849
46.0909 12.598
45.6616 13.5049
44.5683 14.1765
43.8683 14.1203
45.8277 13.5238
45.2348 13.4941
46.4138 13.2833
45.2513 12.7415
45.7171 13.3186
45.0914 13.7818
44.7148 13.5084
45.0849 13.9144
43.8962 14.7038
43.7777 14.2635
45.702 13.3511
45.4674 12.6787
46.4554 12.931
45.2651 13.1924
46.6696 12.8476
46.7622 12.8636
46.8277 12.8587
46.1578 12.4613
46.3884 12.8832
47.4116 12.442
45.8896 12.6984
46.544 12.3659
47.3443 12.2067
46.5895 11.8048
46.1703 12.0481
46.5267 11.7229
47.054 12.1196
46.8729 12.4704
47.3124 12.4743
47.388 12.5233
46.8493 12.4951
47.3584 12.0616
47.0551 12.213
46.1 12.3094
46.1948 12.6135
46.2325 12.8006
45.8441 12.9423
45.8723 13.3599
45.4328 13.3931
44.2703 13.5997
45.4207 13.5574
44.8254 13.5865
43.8077 14.2502
43.9296 14.2282
44.1548 14.5668
42.9522 14.8347
43.4414 13.7396
46.8026 12.4834
45.9734 12.8464
46.2688 12.6846
46.5536 13.07
45.4908 13.3723
44.6368 13.7344
42.2862 14.8602
43.54 15.0532
43.4159 14.8601
43.553 14.7408
43.6264 14.2129
43.8181 14.5331
42.557 14.0347
45.0804 13.4553
44.587 13.2675
46.7907 12.8479
44.6491 13.2126
43.6444 13.9267
45.5877 13.6803
45.4506 13.1243
44.8377 13.6312
43.8562 14.4217
43.3159 14.3955
43.6287 14.6706
43.2902 14.4387
43.6361 13.9457
44.7551 13.809
44.2955 13.402
45.7519 13.1825
44.2421 13.0522
44.2283 13.4019
44.4618 13.8882
43.6699 14.4529
43.6528 14.6033
42.754 14.9747
43.8466 14.2301
43.122 14.462
43.0945 14.4961
45.125 14.0902
45.0743 13.3687
44.6814 14.1458
45.8575 12.996
45.9963 13.5754
45.7382 12.9095
45.7675 12.6752
45.6892 12.9409
45.332 12.7382
45.2289 13.1919
44.0623 13.309
44.5694 13.5178
45.0314 13.91
44.4378 13.8615
46.5777 12.8385
46.8889 12.5923
47.402 12.4619
46.9382 12.4619
46.9382 13.102
47.2356 12.5222
46.6739 12.3636
47.0117 12.6926
46.9412 12.3126
47.2451 12.3101
46.0677 12.5846
45.8337 12.5115
46.2675 12.7569
46.9664 12.9204
45.4012 12.9754
45.6995 12.7178
45.8725 13.0514
45.7575 13.46
44.6695 13.6485
44.4005 13.3798
44.5199 13.3966
46.9534 12.9329
46.986 11.8162
47.1878 11.7418
46.0027 12.4748
47.1197 12.2625
46.5174 13.1647
46.3165 12.4102
46.4528 11.7983
47.0486 11.9582
47.4506 12.512
47.4355 12.2706
46.6122 12.124
46.6481 12.5324
46.0315 12.5799
47.3129 12.3069
47.7411 12.3853
46.7165 12.7631
47.365 12.5423
45.9883 12.5423
46.207 12.9589
45.7182 13.1348
44.7912 12.7886
45.2069 13.3618
46.5042 13.3618
46.1925 12.9701
44.3567 13.5526
44.4062 14.2559
43.1227 14.7738
43.2204 14.6023
43.3711 14.9227
42.2431 15.4908
42.3363 14.5606
42.4736 15.1751
43.154 14.4241
45.3923 14.1455
45.2225 13.9603
44.2343 14.1049
43.7364 13.407
44.7654 13.1318
45.8781 13.2495
46.2507 13.1177
46.4147 12.4981
46.2355 12.4097
45.854 12.6028
46.1685 12.9924
46.4596 13.1737
45.2713 13.6059
44.3105 13.393
45.5959 13.4566
45.5156 13.2785
43.8759 13.4754
43.5994 13.715
42.8432 13.3163
44.6403 13.7103
44.7551 13.5146
44.4991 13.445
44.602 13.3136
44.9067 13.2308
46.1453 13.683
43.7607 14.6337
42.659 15.5998
40.8415 15.0532
44.241 14.988
43.7818 14.7886
43.4824 14.5945
43.7026 14.74
41.5979 15.0562
42.3883 15.007
42.957 14.7733
43.4732 14.1636
44.182 13.8244
44.8352 13.1088
44.867 13.3581
44.2978 13.1487
44.3042 13.2489
45.127 13.5369
46.6152 13.25
46.4591 12.8621
45.828 12.8371
46.6968 13.0765
45.781 12.6935
45.7788 13.4157
45.1449 13.8142
45.3517 12.5017
46.4732 12.9041
45.7161 13.0964
45.4153 14.1501
44.2492 13.6743
44.9013 13.6069
45.5267 14.0327
45.5418 13.2608
45.5603 13.1028
44.7534 13.7596
45.5012 13.4456
45.696 13.3796
44.3769 13.0139
46.9148 12.9596
46.9148 12.8672
46.9148 12.9724
47.091 13.1357
46.9552 12.6172
46.9552 12.2496
45.8092 12.7356
46.9284 12.5441
46.8101 12.5441
45.1569 12.802
46.0811 12.3154
46.3953 12.8739
45.8364 12.8784
45.8828 12.8784
46.1249 12.5097
46.953 12.6053
46.5245 12.1858
47.0127 12.3996
47.1964 12.3996
46.8268 12.277
45.654 12.8019
45.473 12.8019
45.0447 12.8019
45.6095 12.9508
46.1627 12.8861
45.9806 12.689
45.9806 12.689
46.4873 12.3577
47.2101 12.3577
46.7559 12.3577
46.8289 12.3554
45.939 12.3857
46.177 12.3857
46.5341 12.5538
46.4337 13.015
46.537 12.7309
45.3899 13.2013
45.4489 13.2355
46.4951 12.3083
46.8244 12.4526
45.332 12.2178
46.4079 12.1754
45.8124 12.7556
46.0031 12.9523
45.0379 13.9157
44.8395 13.7066
44.489 13.4397
43.6468 14.0471
44.6211 14.0884
45.4314 13.4956
44.556 13.7256
44.7641 14.0072
45.1607 13.9248
44.7453 14.1019
44.8099 13.2472
44.888 13.749
43.9862 14.2591
45.237 13.7636
45.1775 13.4472
46.5438 12.3286
46.7966 12.7914
46.6758 12.654
46.9181 12.6706
46.6411 12.6488
47.5883 12.2286
46.0844 13.1094
45.2267 13.24
45.6317 12.8925
47.9136 12.3095
46.7488 12.2629
47.6197 12.2032
47.2577 12.0537
47.0757 12.647
45.8108 13.2567
44.9512 13.8924
44.0658 14.0085
45.2652 14.46
46.6843 13.0724
45.1795 13.2526
46.3301 12.8665
46.0898 13.189
44.8382 13.828
45.7495 13.0693
44.8324 13.1111
44.4661 13.7083
44.6238 14.3754
43.9663 14.3837
43.4889 14.8171
43.3333 15.0046
43.8797 14.4253
44.0935 14.1346
44.0935 14.3088
44.5337 14.2353
43.7341 14.2911
44.057 13.9393
45.5069 13.5014
45.6457 13.1593
45.6593 13.1074
46.3375 12.0871
46.8418 12.0871
47.256 12.5067
45.7233 12.6894
45.051 13.0474
47.1752 13.1717
45.6693 13.3137
45.5086 13.8275
47.5011 11.9408
48.7845 11.932
45.881 12.5724
46.7286 12.9857
46.189 13.2616
44.0168 14.1356
43.7077 14.3079
45.0337 13.3618
46.6927 12.8476
46.2639 12.9136
45.4269 13.1624
46.0852 12.8913
45.9919 13.2553
45.791 13.0187
45.5274 12.9207
46.7025 12.4089
47.8691 12.1442
46.6987 12.2277
48.1483 12.222
46.7276 12.0587
48.0999 11.992
47.6495 12.0676
47.9216 12.035
47.1894 12.4591
46.7256 12.6035
46.867 12.7946
46.4285 12.7314
46.8793 12.5003
46.6174 12.6504
47.2579 12.7074
45.8831 12.822
45.7632 12.9564
45.4101 13.1193
46.9775 12.755
45.7582 12.9246
44.488 13.2292
44.6469 13.4028
44.4518 13.306
45.5922 13.3066
45.271 13.316
45.2774 13.2927
46.407 12.7957
47.2768 12.2344
46.3559 12.2534
46.2259 11.8678
48.2924 11.736
46.7399 11.7652
47.3698 11.8373
47.8011 11.7655
47.4031 11.6325
47.5692 11.6325
47.3621 12.2723
47.2558 12.319
46.7816 12.3676
45.5823 12.874
46.2628 12.7658
43.896 13.7986
44.4799 13.6967
45.2777 13.1511
45.5166 13.5367
47.4027 12.2142
46.9107 12.6857
46.9107 12.4379
47.3747 12.3869
47.3747 12.3869
46.3299 12.7723
44.8533 13.8716
43.6857 14.1542
43.8701 14.2111
44.426 14.0049
44.9105 13.5658
44.3212 13.905
44.5686 14.2464
42.5355 14.5731
44.2388 13.7159
43.7622 14.18
44.0676 13.948
43.9162 14.0282
44.2542 13.633
44.5237 13.9581
44.0336 14.0224
44.0302 13.7838
44.1146 14.392
44.0067 14.2545
43.8266 14.3637
41.4508 15.0474
40.9376 15.1469
41.4404 15.3665
41.8542 14.6795
43.0212 14.8717
43.3847 14.4561
44 13.841
44.6136 14.7954
43.7556 13.7864
45.1342 13.5663
45.2528 13.7231
45.4551 13.1908
46.5763 12.5331
46.1359 12.5411
46.8023 12.3603
46.8752 12.7692
47.1049 12.4029
45.9964 12.6296
46.2425 13.0601
46.3561 13.0571
47.0176 12.692
46.6917 12.3331
47.3653 12.2207
46.7725 12.6354
47.5209 12.3409
44.9792 12.9479
45.9393 13.165
46.7414 12.283
45.2799 12.9474
45.6349 13.169
47.4792 11.8964
47.6062 12.5225
45.0033 12.7651
45.8848 12.6124
46.3427 12.7867
46.0101 13.365
45.8225 13.4187
43.5248 13.4833
43.9818 14.0405
43.7133 14.2747
43.1216 13.9936
44.526 13.8914
45.5849 13.4157
45.3797 13.6799
45.8879 12.5731
46.6959 12.8534
45.0514 13.302
44.8462 13.1709
46.1298 12.355
46.6695 12.6536
46.2251 13.1432
46.1823 13.4084
45.6198 13.2092
44.9264 13.4054
44.395 13.126
44.3508 13.2614
45.0425 13.2457
43.9477 13.9904
45.8408 12.9834
46.0085 12.9188
46.5281 13.1557
46.2905 12.5418
46.2905 12.8891
46.257 12.8631
47.2847 12.8736
46.9337 12.8257
45.0395 13.2061
44.969 12.4174
46.2884 12.6215
46.5687 12.5251
45.714 12.7278
46.6333 12.2817
46.4084 12.9546
45.346 13.0945
46.5259 13.0887
45.4166 13.0216
45.511 13.1107
45.5908 13.1157
45.0888 13.1881
44.8449 13.6645
42.7574 13.6645
45.3695 13.2537
45.5558 13.2603
45.5062 13.5607
44.8104 13.774
45.4534 13.3643
45.9257 12.8243
46.096 12.9592
46.2195 12.4527
46.1182 12.6936
44.9757 13.159
45.9257 13.0429
47.1148 12.4491
47.0284 12.3749
46.4648 12.6273
46.2609 12.6728
45.9527 12.4858
46.5441 12.641
47.4931 12.7353
47.4931 12.0058
47.5469 12.2977
46.6175 12.434
46.5213 12.6586
47.4883 12.2549
46.6057 12.7672
45.2562 13.1145
45.7814 13.2933
44.7635 12.875
45.4338 12.7903
44.8498 13.3651
45.6725 13.3637
44.4675 13.3637
44.1576 13.7198
44.6694 13.5845
45.0427 13.3647
45.0762 13.3627
45.0874 13.1641
45.1168 13.8472
44.8216 13.0064
45.3818 12.783
46.0781 13.1402
47.0194 12.952
47.0898 12.9854
46.2409 13.1191
44.909 12.842
45.428 13.0144
46.2307 13.3119
45.5879 13.5396
45.2293 13.7271
45.3748 13.7282
45.5043 13.3451
47.3033 13.1654
46.8735 13.1027
45.1844 13.7478
44.8442 13.368
47.0093 12.0451
46.6364 12.322
46.5614 12.0621
47.6757 12.0477
46.7619 11.7927
46.7316 12.4402
46.2976 13.1133
44.6324 13.4056
45.512 13.6689
45.23 13.5796
45.0424 13.6077
45.2022 13.7149
45.5136 13.7345
45.4667 13.5805
43.6899 13.7339
45.9532 13.1925
46.4937 12.2723
46.595 12.8618
45.98 12.7688
46.5843 12.2283
46.4138 12.5983
48.0176 12.4809
46.7624 12.2309
46.202 12.4034
47.3298 12.4896
47.4594 12.5404
46.3664 12.5221
46.9632 12.0848
46.3355 12.2622
46.1575 12.2311
46.6628 12.7015
45.4775 13.1255
45.7587 13.1966
46.0104 12.9976
44.8374 12.9711
45.3869 13.011
45.6299 13.6565
45.3748 13.6247
44.9709 13.3578
45.5719 13.397
45.9783 13.0606
46.2788 12.9689
46.1845 12.8256
45.7319 12.8409
46.0788 12.6764
47.2393 12.6434
46.9626 12.6495
46.1138 12.6444
45.4281 12.8467
45.6864 12.8502
46.2871 13.009
46.839 12.6025
46.532 12.4166
46.2842 12.5197
45.6029 12.6863
45.4419 12.9666
45.5342 12.9051
45.7813 12.8936
46.6557 12.6398
46.6796 12.822
45.1646 13.0586
45.5005 13.0149
46.3612 12.7401
46.721 13.0718
46.6019 13.0937
46.2801 13.3646
45.6693 13.2261
44.0188 13.3427
44.9832 13.2214
45.8907 12.6825
46.5814 12.9543
45.9788 12.9733
45.7277 13.0767
46.4571 12.5162
46.7184 12.4392
46.944 12.3851
47.1577 12.3164
46.2635 12.8918
46.789 12.3828
47.4784 12.0246
45.0187 13.3323
45.3921 13.1645
46.5042 13.0461
46.8672 12.3637
46.4147 12.4944
47.0824 12.4448
46.312 12.658
46.4571 12.8268
45.467 13.692
45.2542 14.0174
46.1003 13.3945
45.63 13.535
45.3636 12.9015
44.7353 13.0858
46.4572 12.7735
46.0539 12.5644
45.9058 12.6641
46.6492 12.5858
47.2153 12.8704
47.3199 12.6259
47.0652 12.8296
46.9248 12.6485
47.0948 12.9579
47.8358 13.0637
46.2126 12.8183
46.372 13.3591
46.2551 13.0594
46.3827 13.4789
46.2253 13.0695
47.6344 12.6789
46.0182 12.4604
47.625 12.1143
46.9001 12.3176
47.2995 12.4585
48.0897 12.7857
46.7943 12.976
47.3092 12.6592
47.4084 12.6353
48.2567 12.7709
48.018 12.9309
46.1997 12.8517
46.0555 12.7198
46.2867 13.0103
46.4459 13.1145
46.4929 13.1375
47.1037 13.101
47.0342 12.7326
46.8612 12.6005
46.8738 12.8225
48.2981 11.9558
47.5844 12.2454
46.8264 11.8902
47.1047 12.6216
46.0132 13.0449
46.0132 13.0745
46.9584 12.794
46.996 13.0035
45.9105 13.6283
44.6063 12.9735
45.6178 13.1806
45.5464 13.3945
45.9399 13.3034
46.8162 13.2652
46.8847 12.8062
46.8993 12.5965
46.6874 12.7536
45.2372 13.1486
45.7874 13.6731
45.6005 13.4891
44.7522 13.2774
44.7538 14.0902
44.9517 14.0599
45.2798 13.4472
45.7413 13.3657
46.542 13.0724
46.4075 13.1606
45.5707 13.1606
47.4543 13.1606
45.9025 13.0603
45.8504 13.5041
45.6766 13.1452
46.6125 13.0747
46.9472 12.844
46.3002 13.3105
45.3467 14.1791
43.7103 14.1174
43.9851 13.8603
43.5105 13.8311
45.2503 14.0327
44.6407 13.8801
44.5448 13.8181
45.6625 13.2799
44.6275 13.4063
43.6311 14.0787
43.5744 14.2207
43.5744 13.9161
43.477 13.665
44.1921 14.095
45.59 13.3685
47.0806 13.3436
46.3214 13.0343
46.6633 12.9127
44.6021 12.9581
44.2615 13.5327
46.1007 13.1851
45.2779 12.7144
46.6549 12.7952
46.945 12.8372
45.1629 12.7156
45.8987 13.5957
44.397 13.4673
45.4153 13.8752
45.5102 13.5891
45.905 13.5665
45.9214 13.3099
47.3622 13.0159
46.3576 13.1422
47.0087 12.9587
45.9011 12.8712
45.1976 13.5216
46.0405 13.5548
46.0367 13.0132
47.1555 13.1956
46.5287 13.2678
46.2755 13.9473
46.4024 13.4662
46.5324 13.2532
47.5865 13.4004
47.3497 13.252
48.1364 13.1979
46.6068 13.145
46.2876 13.4751
47.4208 13.1515
46.4899 13.3737
47.0235 13.2308
46.1923 13.2993
46.4689 13.2148
46.2514 13.4002
45.7401 13.1259
45.8774 13.4421
44.6828 13.6315
44.5727 13.2943
45.7679 12.7386
45.8064 13.4885
44.5167 13.6178
43.6349 13.6413
45.8954 13.4344
45.0579 13.1747
44.8487 13.3847
45.1156 13.6831
44.6222 13.6359
45.4197 13.4283
45.6834 13.5356
45.6754 13.4488
45.5391 13.3071
44.6542 13.3557
45.5783 13.343
46.5266 13.3063
45.7469 13.299
46.4101 13.2931
45.5117 13.0459
47.2471 12.9034
46.9023 12.4659
45.7366 12.4163
45.6665 12.7469
45.1916 12.8436
45.537 12.8604
45.9413 13.2068
45.8877 13.2
46.8529 12.5991
46.5818 12.8798
46.4298 12.7046
46.2197 12.6262
46.1125 12.673
46.8504 12.1296
46.1686 13.1778
46.2851 13.2028
45.4287 13.1096
46.6394 13.0413
45.1623 13.4581
45.2356 13.3576
45.2165 12.7948
45.6535 13.2222
44.4176 13.4775
45.325 12.9553
45.1789 12.9524
46.72 12.5809
46.7107 12.4859
48.1622 11.7522
47.9339 11.945
46.7143 12.1256
48.2537 11.7916
48.2537 11.8448
47.3296 11.9633
47.5398 12.3925
46.6636 12.2101
45.6071 12.6124
46.0449 12.5647
46.5895 12.3811
46.5186 12.7058
46.6476 12.3949
46.0502 12.6528
45.6061 13.5163
45.9171 12.9947
45.8584 12.6585
46.0886 12.5242
45.7751 13.4683
46.0034 13.0463
46.0458 12.7207
46.0987 12.8647
45.7108 12.8148
43.563 14.2585
44.4415 13.9416
44.0715 14.3824
43.4835 14.194
43.557 14.0042
43.4621 13.961
43.6118 13.9497
45.7409 13.4193
46.1871 12.9641
45.2349 13.5653
45.2998 13.5113
45.2707 13.4638
45.9124 13.4855
46.3054 12.7125
47.2488 12.2105
46.8671 12.1143
48.1808 12.1143
46.9084 12.2795
48.3868 11.9958
47.8321 12.0549
46.3379 12.3952
46.9689 12.2856
46.5157 12.5735
46.4721 12.4649
46.6867 12.4042
46.589 12.3931
44.2022 13.143
44.2966 13.1316
45.7572 13.0149
45.7474 12.9727
46.2438 12.5472
46.117 13.2952
46.2616 13.0325
45.9688 13.4339
47.2193 13.1816
45.2955 13.2668
44.3549 13.7362
44.2798 13.6729
46.1231 12.7275
45.8429 12.6518
45.0069 13.0679
45.6433 13.1158
47.3082 12.9759
46.8349 13.2537
45.313 13.3442
45.5008 12.7969
45.5476 13.0493
45.2776 13.5498
45.1119 13.7822
45.4645 13.4997
44.2833 14.4088
43.9422 13.5914
44.7375 13.3229
45.7888 13.0709
45.8215 13.1895
46.2849 13.2909
45.9008 13.2808
45.6196 13.0166
46.0701 13.1881
45.7281 13.1193
45.7665 13.0354
45.7744 12.7746
45.6263 12.9112
45.2114 12.9976
45.3831 12.6234
46.7235 12.4247
47.0388 12.3251
47.0745 12.3251
46.691 12.6793
46.2798 12.7018
46.7561 12.7734
46.4709 12.8733
46.2026 12.7603
45.9748 13.0023
44.8256 13.5625
45.5747 13.4506
45.1263 12.9898
46.3123 12.8388
46.3086 12.881
46.5447 12.5655
47.0265 11.925
47.2922 12.9207
47.1983 12.3603
47.0266 11.9524
46.4439 12.5231
45.8231 12.5722
46.4961 12.5234
46.9047 12.9925
46.9047 12.43
47.6508 12.0305
46.4591 12.3834
45.6516 12.5106
46.1109 13.0594
47.3094 12.776
47.399 12.5231
46.7174 12.5135
45.7753 12.5165
45.4398 12.5165
46.164 12.4879
47.4945 12.4232
45.357 12.7228
45.5432 13.1424
45.358 13.0443
45.537 12.8096
44.9687 13.4785
45.0526 13.4109
44.433 13.6172
46.1513 13.336
45.2116 13.3416
45.0621 13.7385
44.5056 13.8162
44.2769 14.2366
44.3429 13.7221
45.1127 13.3609
46.2836 13.063
46.0537 13.0675
45.3364 13.1807
45.6589 12.8437
44.546 13.6229
44.5982 13.4236
45.5972 13.606
44.4006 13.7056
45.5754 13.5502
45.8548 13.0435
45.0168 12.8724
45.0124 12.7905
46.2384 12.5211
47.5097 12.5198
46.583 12.5534
46.4238 12.504
46.2586 12.4119
45.4429 12.8533
45.8376 12.468
46.3527 12.7415
46.1444 12.9398
45.6656 13.1904
46.1551 12.956
45.233 13.175
46.2151 13.1497
46.9226 12.7958
45.6007 12.8843
47.0842 12.5365
45.8251 12.7708
46.5322 12.5498
46.212 12.3182
46.981 12.9409
45.6491 13.0444
46.974 12.5619
45.8416 12.5145
47.0074 12.5775
48.2222 11.6379
48.5586 12.0303
47.1559 12.5467
46.0413 12.9658
45.1324 13.1903
46.16 12.7668
45.8601 13.2842
44.3976 12.716
45.3228 13.0908
46.6902 12.9002
43.994 13.845
45.2947 13.2455
44.7461 13.3329
44.6857 13.4707
45.2546 13.3673
44.7825 13.5594
44.1885 12.9286
46.3602 13.0651
45.8555 13.0166
45.6721 13.079
46.6669 12.8937
46.9785 12.5769
46.0871 12.7889
45.8966 12.8342
45.476 13.1417
44.7909 13.5989
44.9416 13.6175
45.184 13.7621
45.184 13.8756
45.5309 13.2664
44.3809 13.4843
44.9061 13.0151
43.8168 13.5792
47.1567 12.599
46.7008 12.599
46.4409 12.4121
47.1174 12.6909
47.2388 12.5091
47.0523 12.7812
45.2929 12.8663
45.742 12.8186
46.9598 12.7224
44.7619 12.6702
44.8436 12.9296
44.7394 13.1505
44.4224 13.325
45.2448 13.1279
46.9447 12.7703
45.7657 12.6218
44.8703 13.2073
43.8991 13.489
46.1352 13.0567
45.4311 13.1345
45.2624 13.1676
44.7677 13.2005
46.5598 12.8631
47.0095 13.4079
47.1932 12.8097
45.6022 13.8721
44.2004 13.3132
44.5252 14.1459
43.827 13.839
43.0552 14.5687
43.7825 14.5687
43.4708 14.8098
42.5275 14.8098
43.7865 15.0922
41.2783 14.7532
42.5372 14.8996
45.078 13.8451
43.3581 14.2192
43.8866 14.2138
41.9749 14.8127
44.3268 14.1096
43.3518 13.9523
43.3518 14.3989
44.686 14.0729
45.1873 13.5632
44.7062 13.3374
45.6985 14.1519
44.7637 13.786
44.3017 14.3864
44.0767 14.5769
43.728 14.59
45.0783 14.0327
44.0855 14.258
44.066 14.0525
44.8416 13.6901
45.5833 13.2813
43.9248 14.0609
43.2513 13.6985
43.4948 13.7551
43.8908 13.2844
44.9993 13.5197
45.9083 13.1531
45.3222 13.057
46.1653 13.3025
44.0491 13.5407
45.4547 13.8368
43.8046 13.8753
44.8676 13.3713
45.422 13.3512
45.4155 13.068
44.4232 14.392
44.1421 14.549
44.9825 13.6326
45.575 13.3626
45.3026 13.4458
45.4244 13.4319
45.5265 13.2497
44.674 13.5514
44.8044 13.5896
45.5142 13.3999
45.4134 13.1459
45.3517 13.4157
44.9738 13.3918
46.0625 13.2865
46.809 13.0232
46.8562 12.9792
47.0596 13.0219
47.1009 12.8385
45.1275 12.8035
46.0272 12.5068
46.2326 12.5465
45.9679 12.8264
45.8812 13.2616
47.1289 12.2885
46.1771 12.3336
46.3486 12.8383
45.2455 12.8396
46.0992 12.7251
45.553 13.4629
45.7587 13.2629
45.4457 13.3463
45.1597 13.1638
45.2653 13.4965
45.5356 13.2419
46.1657 13.3068
46.7274 12.7811
44.3672 13.1678
47.1327 12.9913
44.5467 13.4576
44.1368 14.0638
45.2868 13.4493
44.8762 13.1236
45.5332 12.5879
45.4785 12.8302
46.9357 12.6081
45.9243 12.8489
47.0169 12.6236
47.1528 12.4328
46.0021 13.3306
45.3719 13.0448
45.2083 13.3708
47.4806 12.4745
45.0309 13.065
46.1623 12.7158
45.7222 12.9395
44.782 13.3727
44.4659 13.6908
44.726 14.07
45.2645 12.9338
46.101 12.9338
46.3948 12.9183
44.8337 12.8754
45.2858 13.3324
46.812 13.1662
45.4355 13.3594
45.6976 13.1046
45.846 13.15
45.6132 13.2827
44.491 13.2826
46.9904 13.0424
46.3225 12.9723
46.0007 12.7379
45.7109 12.4737
47.424 12.159
47.2845 12.6155
47.4295 12.7149
47.3246 12.1518
47.1769 12.1754
47.2038 12.5746
45.8183 12.9223
45.4994 12.9432
46.6635 12.8682
45.8332 12.8679
47.0527 13.0712
45.7621 12.9241
45.7962 13.4829
46.3108 13.1251
45.1348 13.0015
45.9814 12.9863
46.108 13.5455
45.5612 12.9876
44.8022 13.0206
45.0403 13.2006
44.819 13.4819
44.8034 13.5197
44.7784 13.6462
44.67 13.5328
44.5871 14.0839
45.1101 13.3905
44.8438 13.0987
45.5888 13.3619
45.0362 13.1811
44.3329 13.5493
43.8205 13.8238
44.314 13.9305
45.3149 14.1313
45.8993 12.9495
46.5333 12.6228
46.0865 12.7826
46.4834 12.9833
46.7159 12.8214
46.9671 12.7552
46.9172 12.808
46.2855 12.6098
46.5261 12.5639
46.9928 12.581
46.0018 12.6824
45.7176 12.6078
46.1492 12.8107
44.2405 13.3343
45.2242 13.3029
45.4903 13.3271
44.61 13.2097
45.0956 13.3205
44.6495 14.0916
45.2861 13.8636
44.8791 13.3461
44.8608 13.3461
44.3217 13.8567
42.9874 14.1006
43.1636 14.454
44.8572 14.1813
43.2409 14.7785
42.7555 14.6837
41.622 14.8353
42.2737 15.5473
42.1526 15.22
42.9466 14.8346
41.7298 15.2286
43.2178 15.168
43.3195 14.3565
43.3881 14.1726
43.6105 13.6363
43.2387 13.4312
46.0203 13.3107
46.0227 13.223
45.7791 13.2269
45.0113 13.545
45.0608 13.3301
46.7212 12.3794
46.412 12.7466
44.9603 12.8778
45.4914 12.9071
44.8259 13.6783
44.9408 13.7613
45.0062 13.4747
45.1093 13.3841
45.1184 13.701
45.6539 14.0971
44.7707 13.72
45.4501 13.4192
45.8015 13.096
46.7966 12.6983
46.3322 12.6396
46.5973 12.6396
45.7736 12.4618
46.8312 12.8082
46.6506 12.6995
46.4364 12.5454
46.3793 12.5454
46.7661 12.4708
46.9969 13.0155
46.1211 13.0965
46.5779 13.2121
45.41 13.5503
45.2515 13.381
44.5152 13.3623
45.0575 13.5974
45.3472 13.4248
45.3468 13.3936
45.1852 13.3517
44.3989 13.4344
44.6844 13.8968
45.3501 13.0443
45.3997 13.1127
47.142 13.1216
46.6452 13.1058
46.3448 12.9537
46.2933 13.0224
45.3856 13.0359
45.4516 12.9902
45.2421 12.8006
45.3592 13.184
45.0939 13.2806
45.1205 13.1606
44.145 13.1899
45.3919 12.9852
46.4522 13.0739
46.6541 13.129
46.6541 12.7179
47.5599 11.8715
47.6734 11.8715
47.6522 11.8195
47.2362 12.2587
47.4702 12.2493
45.8862 13.1615
46.5058 12.9829
45.4452 13.1841
43.8413 13.5486
44.8614 13.5486
44.835 13.6975
44.5757 13.6828
44.7007 13.481
44.7948 13.7224
45.0863 13.5228
44.8293 13.5962
43.1124 13.5752
44.5659 13.5085
44.7989 13.0265
44.1005 13.2864
45.1577 13.1682
45.9663 13.4062
45.06 13.3296
45.7578 13.0441
45.4813 13.1391
45.7208 13.7307
45.5713 13.2367
45.0136 13.1845
45.3213 13.2684
45.4687 13.0804
45.4672 12.9414
47.3949 12.6934
47.1147 12.923
47.2689 12.5663
46.3273 12.3254
46.955 12.678
46.9368 12.2414
48.1707 11.8324
47.0628 12.2832
44.9698 13.1525
45.9513 13.1525
45.4345 12.7001
45.2219 13.231
44.0725 13.4162
46.5696 13.1787
45.3451 13.0355
44.8895 13.3854
45.6436 13.5588
44.8795 13.3325
45.0094 13.1987
43.9427 12.9499
44.2665 13.7999
44.4578 13.3858
44.512 13.485
44.0137 13.8658
43.8838 13.8658
44.2519 13.5084
45.5494 13.853
45.0367 14.1565
44.2193 14.5683
45.0966 13.5948
43.604 13.8421
43.604 13.5133
45.0905 13.5734
44.995 13.5117
45.5118 13.2616
46.3982 13.2783
48.1153 13.1369
48.1153 12.7188
47.324 12.6235
46.965 13.1033
46.9481 12.7988
46.559 12.944
47.5212 12.8467
47.4433 12.3573
48.5587 12.3139
47.0981 12.5759
48.2183 12.8012
46.8366 12.78
47.9276 12.9643
47.1517 12.5941
46.8834 12.6339
45.9668 12.4895
46.7268 12.6348
48.0577 12.6733
47.9957 12.7704
46.1478 13.6499
45.6653 13.4362
44.7174 13.5356
46.2479 13.3794
47.5044 12.9786
47.2111 13.2197
47.2086 13.1046
47.1963 13.4527
47.112 12.7082
46.4368 13.2602
46.8536 13.3943
46.9187 13.535
44.8081 13.6657
45.6707 13.6183
45.9413 13.3547
46.0545 13.7327
45.5669 13.1473
45.1143 13.9469
43.5873 14.3122
45.8792 14.0877
44.9638 13.8934
44.7231 13.3656
45.6531 13.3208
45.8183 13.3473
46.0454 13.1881
45.58 13.2573
45.6546 13.1502
46.1586 13.0698
45.2955 13.3376
44.8173 13.3001
43.7576 13.3438
46.2625 13.2556
46.1608 13.2853
46.7083 12.6878
45.5048 12.8366
46.8454 13.0336
46.8575 13.1222
45.7887 13.215
46.3433 12.5835
47.2189 12.6299
45.6377 13.6179
44.0288 13.8939
45.583 13.8602
46.1615 13.0206
46.1615 12.4721
45.755 12.4721
46.7858 12.4721
46.3454 12.3242
46.8019 12.6082
47.8948 12.5558
46.6344 12.0583
47.738 12.0105
45.2795 12.6877
46.1999 12.5947
45.5765 13.0871
45.1457 12.8685
45.0263 13.6885
44.1794 14.1368
44.5994 13.6783
45.5299 13.4959
45.4753 13.4563
44.3304 13.7074
44.2375 14.0891
45.3887 13.1227
46.8368 12.4655
47.2217 12.4311
45.1002 12.6951
46.6905 12.0718
46.4972 12.7525
46.8389 12.7474
46.4354 12.5181
45.0589 12.7109
47.195 12.6182
47.178 12.4622
45.2097 13.0648
46.1398 13.0829
45.7355 13.0476
44.9346 13.3422
45.4925 13.6696
44.5412 13.1794
45.2594 13.2732
46.2068 12.7685
45.5242 12.9854
45.5289 13.7362
44.6619 13.537
44.1391 13.5569
44.6854 13.4525
43.8928 13.2788
43.8764 13.9488
43.8876 13.8905
43.8724 13.9054
43.9636 13.1466
46.2409 12.4372
45.6001 12.9985
48.3378 12.5631
47.0453 12.4418
46.4702 12.3391
46.6939 12.3391
48.1886 12.0667
47.4434 12.0446
47.1163 11.6696
47.8924 11.6831
47.6188 12.1906
47.4403 12.211
47.6698 12.1325
46.8816 12.067
46.9984 12.0764
47.1641 12.1503
47.6254 11.874
46.8609 11.9514
45.9875 12.4082
46.9944 12.4505
45.7527 12.6889
45.4141 12.6102
47.0269 12.6154
46.7131 12.6795
46.1881 12.7555
45.4503 13.2439
45.6298 13.2735
45.5827 13.6209
47.2937 13.3469
46.3314 12.9986
44.7827 12.9986
46.131 12.4574
45.7149 12.3087
46.298 12.6354
46.2199 12.7938
44.4803 13.258
45.9537 13.4462
45.1681 13.5522
45.0488 13.6522
45.391 13.1026
44.2624 13.3034
45.7041 13.7418
44.2333 13.7503
44.4454 14.0424
43.8997 14.2659
43.828 14.2615
43.8771 14.1253
46.0691 13.49
44.86 13.6753
44.8876 13.579
44.42 13.579
45.5537 13.6867
45.3594 13.2225
45.1203 13.5458
45.287 13.9263
45.8074 13.5951
46.3682 13.2146
46.1106 12.9988
45.1746 13.406
45.4344 13.2578
45.4055 13.2934
45.2463 13.3241
45.5075 13.3432
45.4677 13.1898
44.2258 13.2421
46.0023 13.2258
45.6132 12.8748
45.3075 12.9571
45.7334 13.0781
45.9355 13.369
45.7668 13.1063
47.1345 13.0988
46.4959 13.1405
46.7977 12.8125
46.9193 12.3602
47.355 12.3602
46.3064 12.4287
46.1857 12.9646
44.101 13.2055
44.8536 13.2792
45.5071 12.6557
44.9864 13.2407
46.1562 12.7619
45.5899 13.6799
45.549 14.0917
44.8555 13.6963
42.6213 14.9484
43.8199 14.9735
44.0786 14.9845
42.9786 14.615
43.3279 14.3971
42.8904 14.4028
44.6604 14.2033
44.5573 13.6494
46.0713 13.0916
46.7241 12.7625
45.9507 12.7625
45.5924 13.1753
45.8156 13.4313
45.8141 13.1176
45.6142 13.3988
45.6776 13.6771
43.7652 14.6795
43.8115 14.2277
42.7477 14.6893
43.2348 14.6542
43.1509 15.0347
42.6393 14.9666
42.7409 15.1634
42.1043 15.4895
40.1221 15.9899
40.7902 14.5964
42.4257 14.6697
44.0512 14.4843
44.3007 13.8017
45.5278 13.9033
45.5912 13.2962
45.0683 13.5806
45.2611 14.1384
45.2957 13.3295
44.2837 13.2678
46.6126 13.0207
45.7027 12.7648
45.7778 12.5092
46.3707 12.1036
47.9728 12.1036
46.6169 12.0897
47.4931 12.0897
47.3149 12.4741
46.7601 12.6504
45.8194 12.7198
46.054 12.949
46.649 12.4359
48.7374 12.4434
47.8346 12.1243
46.6824 12.2527
46.5778 12.8316
46.6527 12.6546
47.0575 13.032
46.1902 12.1549
45.3744 13.0035
45.766 12.0739
46.5328 12.4531
46.7746 12.3722
46.6074 12.7212
45.9334 12.8983
45.9123 12.945
46.0774 12.9834
46.0643 13.0659
44.658 13.821
45.1727 13.5618
44.6856 13.6176
44.9275 14.1409
45.6347 13.2094
46.0262 13.3834
45.1708 13.1694
46.2161 12.8934
47.3357 12.53
47.5679 12.8424
47.569 13.0954
46.1856 13.2299
46.0397 12.4727
46.5585 12.5824
45.3627 13.7514
45.1742 13.2797
45.3741 13.5148
45.1937 13.1056
44.5914 12.578
46.9483 12.7719
46.4613 12.6793
47.2232 12.6575
47.5023 12.307
47.5323 12.3132
46.3473 12.6563
46.8566 12.6759
47.7131 12.3114
46.9867 12.3076
48.0443 12.0545
47.2219 12.2943
47.2728 12.0535
46.3533 12.6467
47.1369 12.6692
46.5736 12.7936
45.5235 12.6968
45.8556 13.4562
44.9167 13.6187
45.0518 13.6187
43.9047 13.4251
45.3036 13.6893
45.4943 13.3382
44.9402 13.4486
44.9879 13.5363
46.9332 12.9141
47.2654 12.8368
46.1357 13.015
46.065 13.0661
46.8494 13.1962
45.8023 13.098
45.3954 12.7478
46.2715 13.0313
45.4885 13.314
46.45 12.8069
47.0704 12.8895
46.0722 12.8086
46.6394 12.5209
46.1804 12.9767
46.147 12.9039
45.8405 12.9252
46.7136 13.1714
45.8912 13.1345
46.5468 13.1389
44.7438 13.8049
46.257 13.2095
45.7398 13.4083
44.6991 12.8694
44.5152 13.5172
44.486 12.6464
44.5854 12.4623
47.1353 12.4623
46.7965 12.2483
46.2057 12.5938
46.7228 12.5421
47.5377 12.5421
46.7304 12.5421
46.5894 12.6354
45.9461 12.9816
46.7438 12.5441
46.4305 12.5575
46.5642 12.8291
46.8039 12.6432
46.094 13.0053
45.7718 13.3345
45.8642 13.3116
47.1306 13.4167
44.6445 13.5398
44.8185 13.5952
46.5658 13.3872
46.2214 13.4422
47.5546 12.9954
46.515 12.2278
47.1431 12.6247
48.993 11.7046
49.1177 12.043
48.1181 12.1139
47.7295 12.33
46.6846 12.8159
46.551 12.8312
46.6554 12.5843
47.1072 12.6278
46.4772 12.9027
46.5349 13.1928
46.0068 13.423
45.6722 13.0325
44.9463 13.1826
44.2966 13.8934
44.4144 13.8741
44.5949 13.8788
44.8177 13.8427
43.5026 13.8427
46.1128 13.0692
44.679 13.2064
45.0132 12.8211
45.9522 13.0407
46.2529 12.977
45.1676 12.8999
46.8734 13.1045
45.3647 12.8575
46.8396 12.5851
46.421 12.5105
46.9343 12.3644
46.3645 12.2398
47.5329 12.0346
47.2427 12.4626
46.3401 12.4091
47.8573 12.2533
46.6595 12.8955
46.423 12.8595
46.4024 12.9416
46.2603 12.6307
47.5048 12.2021
47.6764 12.25
46.4339 12.7427
45.9205 12.8572
45.9266 12.7044
45.4767 13.1253
45.1554 13.1416
47.0147 12.8284
44.6985 13.3914
44.2656 13.7984
43.3559 14.1128
43.5312 14.4986
42.954 14.2761
43.0526 14.6152
42.8808 14.57
44.7477 14.0234
44.1718 13.4337
45.0804 13.5819
44.8156 13.4588
46.1301 13.4304
46.4849 12.4575
47.3687 12.2932
47.2862 12.4139
47.0392 12.5938
46.6847 12.7159
46.4291 12.2104
46.5749 12.6151
45.0602 12.6122
46.4296 12.9893
46.5885 12.9335
45.4124 13.1666
45.7058 12.972
46.1684 12.478
47.3967 12.0706
45.4098 12.9903
46.3657 12.8495
45.3225 12.7175
46.0936 12.8819
46.1305 13.6098
46.053 12.7365
45.8946 13.0676
46.8394 13.1954
47.1423 12.5522
47.2724 12.2507
47.7468 11.615
47.3445 12.3092
47.7102 12.4649
47.1621 12.0515
47.4431 12.3341
47.3846 12.0183
46.0289 12.4109
46.7596 12.2696
45.5751 12.6242
44.8613 13.1244
44.4015 13.6312
45.8327 13.672
44.8135 13.4285
46.4203 14.4078
45.3538 14.7073
43.2761 14.7789
43.6604 14.6762
43.0161 14.5269
42.6255 14.41
44.689 14.2354
45.6451 14.1158
43.3793 14.325
43.9061 14.2581
44.1105 13.8622
43.5035 14.243
43.8367 14.4636
44.7185 13.885
42.5202 14.9188
41.9751 15.7441
40.8193 15.2672
43.5474 14.8189
42.3172 15.3637
41.66 15.3422
41.5676 15.3433
42.8291 15.1376
41.0265 15.5938
42.4721 15.3086
42.4721 15.6299
42.8814 14.9849
43.2929 15.2304
43.7139 14.1866
43.6097 14.4462
43.4325 14.4931
43.2732 14.9717
41.2456 15.4013
42.1981 15.2253
43.3755 14.7546
43.5235 14.2879
43.4603 13.7159
44.2008 13.6006
44.4784 13.5425
45.6907 13.252
45.2625 13.3523
45.3495 13.3457
46.3417 13.3252
44.5437 13.8334
43.9651 14.3012
44.4407 14.3345
44.0114 14.4558
43.1928 14.1642
43.1925 14.3762
44.1941 14.0931
43.6405 14.2892
43.0898 14.2597
44.947 14.0072
44.4212 14.1129
44.3954 13.734
43.6554 13.9521
44.6013 13.6954
44.2462 13.3512
45.9214 13.0557
44.9522 13.0785
43.8809 13.6581
44.095 13.5067
44.9376 12.9169
45.656 12.874
45.9997 12.9993
45.8547 13.0404
45.6726 13.1202
46.4951 12.7585
46.0705 13.208
46.2089 12.9838
46.9949 12.4421
45.7452 13.0164
47.4127 13.0055
46.3252 13.2962
45.0612 12.9354
46.0443 12.7712
46.9178 12.8219
45.4254 13.2317
44.3429 13.9211
44.2612 14.0886
44.1952 13.9963
44.0249 14.0592
44.4262 14.0078
44.7257 13.7816
45.7587 13.7322
44.3508 13.5247
45.3318 13.5478
46.318 13.3666
44.7822 13.4953
44.1536 13.2917
45.3591 12.629
46.8662 12.5951
46.7362 12.5284
47.8139 12.0763
45.3473 12.5852
45.8213 12.5888
45.9678 12.5503
47.0549 12.2275
46.1269 12.6053
46.0189 12.9228
46.9018 12.3381
47.2181 12.2339
46.2823 12.0978
46.867 12.2008
45.4883 13.1318
46.8739 12.82
46.9364 12.6678
46.7902 12.6994
47.0893 12.7305
46.0408 12.7181
45.716 13.1778
45.2132 13.4171
46.6847 12.6261
44.6576 13.0039
45.2206 13.1912
45.4287 13.0119
46.3314 13.0413
45.0133 12.9316
45.5597 12.9122
44.9283 13.2708
45.4983 13.1694
45.7972 13.0841
46.2308 12.5733
45.0329 12.7906
46.0837 13.0723
44.8411 13.8175
44.6318 13.7347
46.2346 13.5156
45.5257 13.3508
43.7161 13.2173
44.6111 13.5698
44.3535 13.5967
45.4294 13.161
44.8239 13.7563
44.9459 13.5854
45.1098 13.0944
44.7961 13.5355
44.3416 13.4135
44.6436 13.4986
43.5949 14.0722
44.3375 13.5396
45.8917 12.886
44.9269 13.7808
44.5021 13.7429
45.5979 13.4293
46.2509 12.9515
45.9874 12.9182
45.4923 12.7907
46.2545 12.9334
46.0504 12.868
46.332 12.7706
46.3707 12.6255
45.6777 12.7497
45.9139 13.38
44.224 13.2054
45.4628 13.0094
45.7553 13.2339
47.4556 12.5147
46.7855 12.6448
46.2559 12.7588
45.6795 13.0247
45.1378 13.2938
45.5589 13.1418
46.321 12.8312
45.802 12.852
46.267 12.8128
45.8053 12.9177
46.2442 12.6008
46.6844 12.5187
47.5487 12.1645
47.0756 12.1055
47.4362 12.0681
46.8759 12.5134
46.8486 12.4126
46.7341 12.3796
48.0691 12.4378
47.7228 12.2978
48.0824 11.7195
46.4338 12.1439
44.5278 12.4082
46.0273 12.4082
45.592 12.5162
46.7186 12.5539
47.7375 11.8958
47.3517 12.311
46.5144 12.802
45.8102 12.802
45.5456 13.2716
45.2579 13.2987
48.2356 12.2537
46.5739 12.7897
45.4139 12.7725
45.0095 13.4433
45.3755 13.4921
46.5436 13.3037
45.7812 13.8138
43.8714 14.1673
44.3242 14.0974
44.5018 13.6189
46.2491 13.4334
45.7001 13.152
44.9796 12.821
46.1424 12.5651
47.7148 12.8071
47.1236 12.4399
45.8585 12.3867
46.2465 12.7561
45.4037 13.0097
46.1975 12.9573
45.2286 12.441
47.3735 13.0698
46.5704 13.3212
46.404 12.8305
46.3644 13.2036
47.2679 12.9883
47.1179 13.4186
46.2414 13.928
46.0288 13.9988
44.8694 14.3471
45.3263 13.2497
45.2536 13.768
46.3603 12.9691
46.2198 13.4865
46.2444 13.0161
46.5797 12.8945
46.2806 12.6128
46.9283 12.8223
45.4762 12.9372
45.9934 12.9238
45.8885 13.0785
45.9557 13.2034
45.7336 13.2107
43.95 13.5946
45.2755 13.6088
45.1558 13.7491
44.9736 13.9411
45.8654 13.334
45.2975 13.2447
45.3056 13.2452
45.3056 13.1398
45.6569 13.5821
45.3268 13.7883
45.6874 13.7447
45.2998 13.6392
46.3743 13.4083
44.3488 14.1926
44.9628 13.9109
44.4633 13.6471
45.2148 13.5668
45.0723 13.3793
44.8265 13.1686
45.1759 13.0218
45.2305 12.9961
45.033 12.9933
43.7841 13.7402
44.9409 14.5351
45.7786 14.637
45.0542 13.6226
45.7104 12.9157
45.1718 13.2654
45.3861 13.1889
44.3383 12.8848
44.2177 13.4763
43.769 13.7582
43.9454 14.4403
43.1836 14.0073
44.2625 13.8296
44.3201 13.7685
44.3895 13.199
46.9715 12.4118
46.3723 12.4506
46.6452 13.3461
46.3501 13.0067
45.5629 13.6608
45.2169 13.1144
44.3944 13.5068
44.6476 13.4817
45.5732 12.935
46.1532 13.288
46.9703 12.9789
46.1674 12.6675
45.2513 13.0141
45.9349 12.9114
44.5631 12.9416
44.541 13.0389
43.8184 14.0957
44.8295 13.7279
46.5648 12.4698
45.7739 13.4122
46.5255 13.145
44.5371 13.2226
44.6117 13.8209
43.618 14.2556
43.2045 14.3109
43.261 13.8567
44.3121 13.2393
43.519 14.0256
43.0962 14.3364
43.4391 14.6114
42.7518 14.64
42.8574 14.4806
44.4042 13.5733
44.1704 13.5733
45.3785 12.816
45.0964 12.9085
44.9118 13.3643
46.1246 12.8493
45.9327 13.1458
45.9695 12.9436
45.144 13.3912
44.4964 14.0436
44.3368 13.8034
45.1834 14.4954
45.1134 13.7361
45.4347 13.4667
45.5181 13.029
43.7647 13.3989
45.8783 13.3442
46.0613 12.9334
45.6978 13.115
46.0493 13.2257
45.6987 12.843
44.6495 13.2354
45.4211 13.6277
46.1554 13.1117
45.0763 13.1165
46.1878 12.9786
45.9419 12.7828
46.3278 12.4436
47.1092 12.4592
46.0775 13.2089
47.2393 12.5713
45.1765 12.5622
47.1372 12.3103
47.5773 12.0349
47.7345 12.0349
47.0367 12.0932
47.7615 12.2912
48.6956 12.3167
47.9081 12.2556
47.0174 12.5717
46.7283 12.2421
46.9319 12.609
45.4809 12.8183
47.6352 12.365
46.5166 12.6453
44.4956 13.2919
45.6992 13.0978
45.9852 12.5753
46.0094 13.4516
45.8948 13.4242
45.8633 13.3276
45.8546 13.2148
45.8523 13.0939
45.7379 12.7709
45.5392 12.3241
45.712 12.6626
47.7144 12.7552
46.7288 12.465
47.4793 11.864
48.2644 11.9602
47.872 12.1547
46.7436 12.7148
47.8072 12.0926
46.5753 12.7234
47.6934 12.6727
47.1364 12.1811
46.3726 12.4281
46.5198 13.0519
46.5606 12.8264
46.8705 13.0972
46.0031 13.2767
46.3406 13.2767
44.7048 13.4513
45.071 13.3165
45.0657 13.3139
43.9572 13.731
45.052 13.2937
45.6284 13.4767
45.4138 13.7056
45.1014 13.7601
45.6407 14.0712
45.2155 13.3157
44.4317 13.5659
44.9802 13.3734
44.8977 13.3998
44.946 13.2307
44.5981 13.5737
44.5981 13.8132
44.5981 14.0364
46.0837 12.995
45.5662 13.3026
45.6788 13.8162
45.3063 13.5365
44.9992 13.244
44.3116 13.5847
46.3014 12.8277
46.0769 12.8439
44.6124 13.0744
45.5291 12.9799
44.8078 13.1206
43.7332 14.1071
44.1656 13.9028
43.7332 13.8683
45.3782 13.5734
44.2504 13.7949
44.916 13.4279
45.1699 13.3713
44.615 13.6165
45.6993 13.2937
47.3943 12.7145
45.5475 13.3315
44.849 13.4329
45.0147 13.1596
46.1424 12.4735
45.7934 12.5566
46.5193 12.4316
46.0958 12.5731
45.674 13.106
45.5295 13.3
45.009 13.5321
45.424 13.0527
47.4172 12.3272
47.7939 12.4314
47.2839 12.5531
46.63 12.5247
46.464 11.9529
47.7035 12.3057
47.3676 12.3935
46.4564 12.69
45.3882 12.9098
46.1223 13.0203
46.696 12.4155
45.5046 12.6522
45.8963 12.9111
46.4631 12.9268
45.8687 13.4699
45.8652 12.6302
45.8209 12.9035
45.9321 12.9341
45.9766 13.5443
46.375 12.6223
46.1438 13.3207
46.8726 12.4276
46.9509 13.0021
46.2508 12.9786
45.3437 13.0709
44.7277 13.3391
46.5342 12.8074
46.1901 12.6804
46.2873 12.4795
46.1787 12.3404
46.9738 12.5084
47.1867 12.1359
46.7307 12.3377
45.0629 12.7764
45.354 13.261
44.371 13.1485
44.5294 13.5602
45.6291 13.7075
45.0483 13.3154
43.5519 14.0683
43.554 14.1548
45.3304 13.4972
44.5234 13.3573
43.9438 13.9231
43.9536 13.8056
44.2897 14.0561
45.4426 14.0012
44.1263 14.0935
44.382 13.9282
44.0434 13.6286
44.5909 13.3813
44.5038 13.6967
44.5553 13.7347
44.5553 13.7347
44.1497 13.5818
44.4265 13.0009
44.3203 13.3454
45.8284 13.1176
45.0208 13.6068
43.9668 13.7919
44.9174 13.2651
45.3522 13.365
45.4514 13.445
45.2422 13.5041
46.2152 12.9027
46.6623 12.8438
46.2952 12.6333
48.7992 12.0386
47.7632 12.0386
46.8189 12.2902
47.4219 12.2651
45.951 12.9185
45.9775 12.7834
47.5741 12.4096
46.5359 12.8317
45.581 13.2887
44.0848 13.636
45.154 13.0221
45.2621 13.367
44.5459 13.6738
44.9392 13.674
45.1215 13.7892
44.1027 13.9512
44.4417 13.9265
45.0943 13.5568
45.2505 13.2676
44.4984 13.3431
44.9886 13.5447
46.3204 12.711
47.4886 13.256
43.9158 13.5471
45.5451 13.2591
45.151 13.4627
45.4058 13.0011
45.4023 12.9739
45.4376 12.9721
46.8703 13.0063
46.7591 12.816
46.7718 12.7901
47.5221 12.3828
47.5318 12.1386
48.0041 11.5637
49.0659 11.7719
47.6976 11.8816
47.0618 12.2962
48.8589 12.0759
48.2026 12.0411
48.1674 12.6023
49.1867 12.2994
46.5478 12.5532
46.1673 12.6872
46.4885 12.7241
47.2461 12.6532
46.7508 12.582
47.5258 12.6763
47.1404 12.7982
47.1281 12.8094
47.2377 12.3329
46.6059 12.6847
46.6044 12.9014
46.872 12.3115
46.3266 12.3495
46.0359 12.493
45.6558 12.852
45.8626 12.9959
46.8407 12.4878
46.3987 12.2803
46.8951 12.4243
46.1706 12.6565
48.6781 11.979
46.6823 12.0269
47.8497 12.2968
47.3412 12.5866
46.0543 13.0275
46.2783 13.1466
44.9744 13.1466
44.7806 13.5516
45.4031 13.6726
45.8809 13.622
45.7357 13.5224
45.7036 13.8811
44.7232 13.128
44.667 13.1741
45.7061 13.0711
46.4434 12.7925
46.6878 12.844
47.0394 12.6379
46.4256 12.9738
45.1975 13.4247
45.134 12.6967
45.4326 13.3105
45.8727 12.9995
45.775 12.9541
46.4271 12.9876
46.3936 12.8558
47.8517 11.9524
46.6878 11.7531
49.0766 11.6763
46.6153 11.7359
46.4323 13.061
44.4597 13.31
45.1444 13.3173
44.7728 12.9366
46.222 12.8818
45.3462 12.6113
45.8487 12.7107
45.0662 12.7496
45.873 12.8916
43.6857 13.6245
44.2939 13.406
43.9764 14.3956
43.4355 13.9283
43.6692 13.6687
43.8515 14.3731
44.3441 14.1999
44.6737 14.4117
45.1207 13.2414
46.0416 13.2414
45.736 13.2414
45.4161 13.3264
45.3901 13.2103
45.3901 13.685
44.8098 13.685
44.7309 13.3868
45.1296 13.8558
44.9591 13.7806
44.42 13.6877
45.7173 13.2324
46.2409 13.5147
45.8671 13.5777
45.7721 13.2376
45.8747 13.3034
45.6162 12.9488
44.7299 13.1164
44.6366 13.5882
42.8676 13.7503
45.236 12.6095
46.0771 13.106
45.056 13.6114
45.6316 12.9956
45.6199 12.9076
45.161 13.1027
46.8329 13.0087
46.4913 13.1516
46.4082 13.1934
44.976 13.6668
45.5298 14.1773
45.3327 14.1132
43.9865 13.573
45.4944 13.373
44.5802 13.5884
44.6675 13.6761
44.4802 13.2963
46.2085 12.9341
46.0874 12.6286
46.2406 12.9083
45.7995 12.1482
45.663 12.576
46.8902 12.2132
47.3744 12.447
47.2286 12.0449
45.9895 13.1416
45.8131 12.6066
46.0381 12.6066
46.8363 12.5841
46.4143 12.621
45.6926 12.8248
46.2194 13.1823
44.8313 13.3105
45.5155 12.6127
45.0611 12.4251
45.3065 12.6088
46.2646 12.4298
45.6283 12.7104
47.2012 12.697
45.984 13.5482
44.9798 13.3127
44.1939 13.5246
44.5614 13.3311
45.3063 13.3342
45.7893 12.4871
45.3909 12.4993
45.2051 12.6489
47.6218 12.2214
46.769 12.1516
47.0619 12.068
47.3012 12.2461
46.4721 12.6795
45.7505 12.6108
45.0481 13.0396
45.3778 13.3949
47.2616 12.6074
45.3047 12.5966
44.7153 13.1384
45.8939 13.2839
45.9199 13.1173
45.8537 13.263
46.0765 13.3699
45.418 13.5196
45.347 13.2193
46.1499 13.6729
46.2119 13.441
45.0173 13.7288
45.3599 13.5572
43.1697 14.2211
44.7017 14.0071
44.3798 14.0734
45.8914 13.8961
46.0398 13.2345
46.0706 13.575
44.7218 13.6598
46.8745 13.8354
47.0253 12.8579
46.506 12.6985
46.3523 12.9642
45.156 13.1258
44.917 13.5658
46.0248 13.2153
46.8531 13.3301
46.3779 13.3862
46.9734 12.9359
44.6183 13.6936
45.9946 13.2935
45.7562 13.6491
46.4529 13.4106
45.327 13.9471
44.6632 13.5771
45.1576 13.92
46.007 13.4666
44.9723 13.9851
43.6686 13.8813
45.9697 13.1908
48.4757 12.9283
46.8634 12.9708
45.1116 13.4941
44.9232 13.5286
47.2434 12.5685
47.2244 12.5685
46.388 12.5084
46.3771 12.524
46.9846 12.8605
47.5204 12.9511
45.5622 13.2983
46.0383 13.4507
46.358 13.0291
46.5363 12.9996
45.8111 12.9869
46.424 12.9773
46.2232 12.9418
45.5663 13.0423
46.0912 12.8287
43.6688 13.552
46.5023 12.7919
46.6695 12.8218
46.8497 12.1291
47.9379 12.2971
46.6421 12.7263
47.7588 12.0479
47.7588 12.1927
47.6991 12.1927
47.6991 12.0756
48.5284 12.1327
47.7653 12.1327
47.3804 12.6516
46.7706 12.4914
46.1225 12.8426
46.5947 12.9206
47.3022 12.4406
47.2096 12.4406
46.5767 12.6446
46.2919 12.3077
46.5555 12.6372
45.8402 12.6441
46.6612 12.8353
45.3105 13.1735
45.4269 12.8933
45.9078 12.8646
45.3194 12.9534
45.1559 13.0741
45.8548 12.918
45.5435 12.4493
46.3002 12.6406
46.3606 12.2416
47.549 12.1832
48.9371 11.9473
46.4239 12.7137
47.8805 12.3797
45.896 13.0681
45.7468 13.2732
45.1845 13.5291
46.1619 13.025
46.3608 12.9397
44.5189 13.5955
44.7308 13.3588
45.6871 13.3632
46.5459 12.713
45.7811 12.6555
45.8047 13.1535
46.6301 13.1519
45.3049 13.3452
46.7015 13.0301
45.9766 13.1049
45.9838 12.3941
45.8617 13.0301
44.5473 13.6946
45.731 13.3695
46.135 13.2068
44.4103 12.8689
46.2209 13.1139
46.503 12.5208
46.8756 12.4772
46.6707 12.7433
46.954 12.1335
48.1992 11.9108
47.4361 12.15
46.981 12.0537
47.5957 12.261
46.7545 12.7911
48.2333 12.3951
46.8989 12.3901
46.4286 12.7137
46.0597 12.295
45.5951 12.5193
45.3966 13.3746
43.1224 13.3575
46.8903 12.7385
46.3304 12.7627
46.4575 12.7906
45.9847 13.3224
46.9868 12.4023
47.1434 12.4023
46.6285 12.6017
45.5127 13.4042
44.6582 13.4656
45.5674 13.6681
45.404 13.4864
44.6663 13.4917
43.9944 13.8082
43.8185 14.1271
42.9594 14.2736
44.2533 14.1721
44.1058 14.0513
43.4485 14.0461
43.5872 13.9382
44.437 14.1673
43.3814 14.7061
43.8947 14.5039
43.2576 14.0679
42.8782 14.7246
43.4245 14.7246
44.0028 14.971
44.053 14.2392
43.5957 14.5721
44.3964 14.0069
44.6692 13.3441
45.611 13.3148
45.0737 13.7452
46.9489 12.7924
46.4825 12.7924
46.3391 12.3037
45.7835 12.7036
45.6552 12.6445
45.6103 13.2907
45.3469 13.7433
45.2181 13.5869
46.434 13.039
45.4856 12.6983
45.2253 12.7899
45.7579 13.0272
45.3435 13.3743
44.8921 13.8002
43.1338 14.4698
43.8655 14.3737
43.3706 13.9737
45.8844 12.8031
45.4992 13.1702
45.8996 13.1128
45.0401 13.3202
45.1012 13.719
44.6895 13.7832
46.1823 13.2255
46.0283 13.1317
45.941 12.8059
46.2466 12.5416
44.8997 13.1109
46.3075 12.8494
46.5314 12.9031
46.6322 12.604
45.249 12.902
46.6056 12.7546
45.4068 12.9594
46.3002 12.6234
45.1995 13.1384
46.514 13.0675
46.8276 12.9942
46.0905 12.1804
45.8927 12.5302
45.8825 12.4247
46.8403 12.5493
45.8885 13.0675
44.8061 13.4098
45.0681 13.4988
45.1382 13.2123
45.766 13.6133
44.1649 13.5152
44.3155 13.4116
45.1693 13.5674
45.0395 13.6551
44.3325 13.7141
45.0885 13.813
44.1387 13.7054
44.8949 13.7437
44.8899 13.3083
45.2388 13.3365
44.4514 13.2664
44.9514 13.5848
44.5624 13.4482
45.2858 13.6267
44.2044 13.8737
43.8023 13.9589
43.7696 13.843
43.6018 14.06
44.4221 14.0987
43.3556 14.0791
43.9419 14.0764
43.6004 14.1266
43.1975 14.984
43.2017 13.7705
43.8714 13.7227
43.2024 14.1082
45.0795 13.5505
44.2873 14.354
43.9834 13.9014
44.412 13.5822
43.8113 13.5377
44.46 13.8231
45.9346 13.0113
44.5936 12.9478
45.6412 12.8477
45.5726 12.8371
45.8574 13.0525
45.8937 13.119
45.8489 13.006
45.3196 13.1556
45.7651 13.1105
46.0713 12.7809
45.5969 12.9151
45.9241 12.7164
45.9563 12.6727
45.0658 12.8768
45.8369 13.4786
45.8543 13.4759
46.1983 12.9076
45.9856 12.7163
46.774 12.6232
46.866 12.448
45.9134 12.3141
46.1385 12.6428
46.0918 12.6663
48.0368 12.6686
47.5933 12.1647
45.9941 12.2617
47.5736 12.1078
45.8174 12.376
48.3067 12.2055
47.3184 12.388
47.5833 11.8013
46.2998 12.6615
47.6297 12.6759
46.7993 12.0758
47.7844 12.4553
46.1271 12.7009
47.362 12.0199
47.3385 12.2644
46.1401 12.7929
46.2666 12.8231
46.45 12.2663
46.7169 12.267
46.7398 12.3195
47.6171 12.2695
47.1353 12.3569
47.4302 12.5814
46.5917 12.863
46.8632 13.1188
46.6293 13.0229
45.976 13.2735
44.8597 13.2999
46.476 13.2988
45.7251 12.9723
44.4835 13.0453
45.7233 12.858
44.1991 13.3997
44.4665 13.399
44.886 13.8455
43.2718 13.7293
45.3858 13.7293
45.1347 13.4593
45.3582 12.8974
45.4809 13.5324
45.8649 13.8651
45.84 13.9325
45.2235 13.543
45.2241 13.2529
45.5167 13.5557
46.1653 13.3591
45.334 13.2523
47.2582 12.6245
45.8787 12.5754
44.6859 13.0982
46.5007 12.5182
46.5331 12.5248
46.967 12.4114
46.1328 12.4861
45.0818 12.7362
47.3843 11.9283
46.6696 11.9708
47.1678 11.9901
47.0731 12.0858
48.3574 11.9941
46.9048 12.2403
46.5708 12.2631
47.2974 12.5638
47.2213 12.2164
45.6609 12.4942
45.7208 12.4789
46.1677 12.6481
46.056 12.9956
44.7984 13.3702
45.2985 13.3827
45.3811 13.4271
44.6229 13.1756
44.2039 13.6998
44.1874 13.9363
44.7084 14.4613
44.337 14.6372
42.6873 14.844
42.3503 15.0878
42.8314 14.9294
42.8289 15.2533
42.6441 15.0608
42.8278 15.3101
42.2568 15.0935
43.0039 15.0935
42.8715 14.8547
42.1276 15.3152
43.5542 15.1138
42.7371 15.2408
43.4743 15.0763
43.7724 15.1501
42.3172 15.1501
44.7653 14.8583
42.9217 14.8583
44.4965 14.6256
43.6923 14.5717
43.5002 14.5717
43.0705 14.454
44.2371 13.356
43.7749 13.7577
44.4771 13.7577
44.3059 13.7951
44.3059 13.6616
46.0311 13.0718
46.1364 12.6724
46.2045 12.6382
46.2829 13.021
46.4096 12.2931
46.2412 12.5141
46.8044 12.7963
46.7798 12.5736
47.0829 12.6071
48.3224 11.9113
46.5037 12.1594
45.7901 12.6778
45.8699 12.5987
45.784 12.6319
45.5443 13.4268
44.9858 13.3913
45.5729 13.1011
45.8878 13.3296
45.6499 13.5119
44.4875 13.5441
45.5331 13.6607
45.3671 13.8791
44.1416 14.3112
45.6042 13.6122
46.3673 13.5574
44.8112 13.7457
44.4461 13.8686
43.9006 13.8124
44.8238 13.5893
44.4005 13.2146
45.1072 12.8702
45.2218 13.3567
45.6044 13.5089
46.2481 13.0402
46.7497 12.0701
46.1798 12.4485
46.3814 12.8137
46.0545 12.8137
44.9872 13.2337
45.3178 13.5399
45.0247 13.4634
44.8347 13.5941
44.242 13.3286
44.6373 13.8894
43.596 13.9373
45.0695 14.0141
45.137 13.7082
45.3436 13.3447
44.6641 13.3324
45.8074 13.4293
45.5728 13.293
44.773 13.663
45.0507 13.6051
45.4555 13.5618
44.8886 13.3707
44.9179 13.1203
45.7412 12.8176
45.8119 12.8326
46.0759 12.2892
46.7775 12.3291
47.8005 11.758
48.3999 11.6737
45.6633 12.5647
46.0779 12.5053
45.0712 13.5717
44.765 13.4795
45.3601 13.3273
45.4589 13.6662
45.7515 12.9904
44.895 13.3973
44.2768 13.545
45.1871 13.4437
44.9377 13.3921
46.2388 12.823
45.7917 13.0783
45.5123 14.1503
46.0403 13.4386
44.8136 13.1777
41.479 14.7975
44.8039 14.2971
44.8751 13.9738
44.9782 13.2755
44.3151 13.3285
44.9281 13.4551
44.618 13.471
45.3865 13.7813
44.5523 13.6817
44.2855 13.4282
43.8749 14.3643
44.66 13.7851
44.8149 13.5393
46.2639 12.7698
46.606 12.2295
45.9502 12.8673
46.1337 13.0287
46.5512 12.9033
46.5825 12.6541
46.7804 12.9256
47.162 12.8876
45.2391 13.2849
44.8405 13.1734
42.5382 14.7156
43.3141 14.527
42.8351 14.527
43.5082 13.808
43.7219 13.2882
44.307 13.4428
43.6382 13.4572
44.7814 13.3899
46.1137 12.7928
46.2609 12.7916
45.6052 12.7916
44.3211 13.3015
45.0608 13.5947
46.1474 13.1166
45.4321 13.2649
46.5191 13.3015
46.8417 12.3302
46.9076 11.9893
46.768 12.5239
47.3808 12.2628
47.3567 12.548
47.4033 12.7943
46.2909 13.3877
45.4427 13.1543
46.2795 12.6689
45.9045 13.1831
46.1881 13.3141
46.7921 13.0485
45.8206 13.0004
44.6243 13.207
46.5171 13.009
45.9741 12.6647
45.6804 12.5973
45.7648 13.0917
43.8061 13.3964
44.1817 13.5316
45.7643 13.6685
44.9546 13.7501
44.543 13.7448
44.7414 13.2935
46.1965 13.1664
47.0615 12.1558
48.2205 12.3398
46.5061 12.2369
46.2088 12.5114
46.0272 12.4714
45.7879 12.5211
45.9471 12.6072
48.0916 11.8648
46.6675 12.8101
44.8219 12.8047
46.2544 12.5891
45.9907 12.4857
46.0121 12.4772
46.8148 12.5328
45.6036 12.844
47.0196 12.6648
46.1784 12.6093
45.0397 12.9916
45.8131 13.7817
43.0982 13.5288
44.819 13.2966
46.8714 12.7801
47.2171 12.6324
45.19 13.0084
45.7047 12.9169
46.793 12.9702
45.597 12.8324
45.5754 12.7898
45.5675 12.581
46.7536 12.4144
46.5204 12.5213
46.1333 12.4633
45.8576 13.1447
45.9583 12.5034
46.0385 12.5025
46.4566 12.6075
46.5868 12.9169
45.6406 13.0603
46.0129 12.4897
45.6227 13.0604
45.227 13.4612
44.8846 13.7299
42.9194 14.0569
45.2159 13.7261
44.7372 13.6981
44.2963 14.0919
44.5073 13.8924
45.2509 13.9691
43.6466 13.599
45.8858 13.6107
45.3248 13.4806
44.1719 13.8027
44.4878 13.5033
45.2774 13.5604
44.9301 13.5984
46.084 13.2235
45.8586 12.772
45.9345 12.6386
45.7229 12.1841
47.2993 12.8959
46.5014 12.8048
45.8539 12.6072
45.9801 12.7994
45.4279 12.7726
44.7333 13.0102
45.0099 13.4238
45.6341 13.373
45.6681 13.4749
45.6421 13.4047
45.3842 13.6652
45.8438 12.7665
46.0639 12.7475
45.7101 12.7997
46.0079 12.8016
46.0432 13.4492
45.1168 14.0015
46.1583 13.8964
46.2213 13.2925
45.3355 13.2544
46.2049 13.0731
46.3943 12.9195
46.8072 12.9059
46.6943 12.6015
46.9865 12.9627
45.0756 13.0238
45.3199 13.3901
44.9444 12.914
46.081 12.599
46.2651 12.7273
46.2527 12.4806
45.8699 12.6541
45.8933 12.863
46.1663 13.2656
46.3105 12.7597
45.6397 13.068
45.8903 12.7743
47.1472 12.6887
46.0955 12.3674
47.0965 12.791
46.4593 12.7292
46.3377 12.4377
45.354 13.0713
43.6169 13.4481
44.939 13.5418
43.6839 14.4242
42.5022 14.6315
44.3204 14.4965
43.9544 14.9667
42.0502 14.8685
42.0091 15.3854
41.7055 15.3663
41.6292 15.3156
41.3323 15.5015
41.423 15.9387
41.3025 16.0469
41.8765 15.271
40.8187 16.1504
40.801 15.713
42.1319 15.8861
42.9593 15.4715
44.1146 15.1532
42.8997 14.8253
44.5417 14.293
44.2441 14.3518
44.7602 14.0215
44.685 13.7567
45.4145 13.5318
45.4247 13.7527
44.8292 13.7079
46.324 13.7299
43.9967 13.7653
44.3352 14.4932
46.1076 13.1545
45.4515 12.907
45.6723 12.5865
46.5907 12.1159
45.8746 12.7922
45.6245 12.9309
44.8809 13.4224
44.0958 13.4471
44.5484 13.4716
45.1709 13.4524
44.1752 13.0181
46.6053 13.0642
46.0891 12.4403
47.0615 12.7315
46.41 12.5809
45.2097 12.8044
45.5467 13.4035
45.2452 13.1886
44.9505 13.409
45.2723 13.0976
44.6834 13.1319
43.7758 13.8551
44.7583 13.7499
44.798 13.4933
44.9797 13.1651
45.2989 13.4899
44.8031 13.8917
45.025 13.3603
44.9316 13.0746
44.8442 13.4728
46.0974 13.0785
45.5505 13.0664
46.2396 13.3317
45.972 13.04
46.0483 12.8391
45.3577 12.7888
45.7181 13.2788
46.2612 12.9653
46.3839 13.3208
46.4926 13.4146
45.6866 13.2732
44.4357 13.3286
45.3621 13.4298
44.8616 13.3289
44.5805 13.8261
43.6961 13.6836
44.047 12.8703
44.9509 13.128
45.5638 12.7696
46.2416 12.5626
46.4281 12.5224
46.4377 12.9027
46.0385 12.6083
45.9618 12.7841
45.4274 12.9793
45.9327 12.7177
46.2685 12.9015
46.122 12.3085
46.4879 12.3602
46.4955 12.3861
46.1707 12.873
45.6601 12.6193
46.3881 12.6967
46.0007 13.1402
45.3108 13.3574
44.7487 13.3944
44.8388 13.3699
44.7197 13.3139
45.5381 13.448
45.7932 13.1211
46.1892 12.7212
45.2488 13.0091
47.4088 12.8604
47.4688 12.6608
46.507 12.5676
46.6287 12.72
46.381 13.1673
45.9799 12.8046
46.3062 12.9318
45.7247 13.0416
46.1027 13.1426
45.2118 13.1426
45.433 13.1655
44.2388 13.7488
45.8808 13.6949
43.7198 14.3115
43.8739 14.6485
44.1015 14.0618
44.1996 13.8767
43.6397 14.0173
42.8419 14.2816
44.223 13.8678
44.7902 13.8875
44.9196 13.2549
47.1183 12.8839
46.943 12.4009
47.639 12.3935
45.8745 12.9962
45.1549 13.2012
46.1 13.019
45.2556 13.1268
45.9749 13.4707
43.966 14.407
43.9404 14.0986
45.5362 13.2984
44.8666 13.5375
46.9429 12.7398
46.3751 12.8793
45.0054 13.1502
45.4444 13.6271
44.854 13.6583
45.4558 13.6256
43.8035 13.6182
45.2481 13.6302
45.2475 13.5872
44.2551 13.3388
45.5984 13.3348
45.2219 13.0249
46.0459 12.8497
46.0219 12.6731
45.5424 12.8807
47.5383 12.5865
48.1291 12.0845
46.9036 12.7375
46.3894 12.4951
45.522 12.5849
45.7939 12.8216
45.2884 13.3556
45.0971 13.0379
45.3692 13.5696
45.429 12.7659
46.2488 12.195
45.7514 12.9088
44.6515 13.1739
45.3888 13.091
46.969 12.9475
45.2623 12.5659
45.2881 13.6022
45.3789 13.5669
45.4664 13.5472
44.895 13.6315
46.7179 12.7924
46.381 12.4126
47.6502 12.4094
46.4279 12.7294
47.0283 11.9326
46.144 12.4433
46.3329 12.7255
44.291 12.964
47.0474 12.5073
46.6067 12.2682
47.2081 12.1546
45.9809 12.767
45.3839 13.1778
45.1998 13.3592
44.8249 12.8979
45.7392 12.7196
46.5781 12.9704
45.1062 13.0813
45.0434 13.3644
44.1533 14.0784
44.4302 13.187
44.5965 13.2589
44.4517 13.3933
45.003 13.5664
44.8184 13.1214
46.761 13.1142
47.2197 13.0652
45.6148 13.2115
46.113 13.0881
45.514 13.2462
45.432 13.5082
45.0947 13.4937
44.0585 13.4385
44.8725 13.5908
45.8054 12.9802
45.3944 13.6591
45.8058 13.8098
44.4702 13.3671
44.6736 13.1315
44.8979 13.4569
45.3184 13.1008
45.3198 12.8585
47.128 12.8585
46.6497 12.7452
46.8179 12.7452
44.6247 13.1032
43.9953 13.3725
44.4776 13.3725
44.648 13.3211
45.5092 13.1189
45.6458 12.9672
46.1728 13.1727
45.0281 13.4602
45.94 13.2528
46.1143 13.1842
45.6671 12.8495
44.9897 13.424
45.5933 13.1603
45.8819 13.1588
45.2615 13.2132
45.6929 12.864
44.2147 14.0812
43.5642 13.9438
43.9979 14.3546
43.8004 14.6859
42.3503 14.6859
43.4431 14.432
43.0239 14.3756
44.5054 14.3756
46.287 13.5949
45.3238 13.5497
44.9271 13.7693
45.2525 13.241
45.6875 13.1556
45.6293 12.999
45.428 13.0885
46.2825 13.4897
45.8632 13.2408
45.5801 13.2125
45.8314 13.3328
46.6214 13.3914
43.9588 13.8636
43.8359 13.4419
44.3374 13.7225
46.1888 13.2708
45.9212 13.4843
44.4979 13.4843
44.889 13.4843
45.6663 13.4843
43.8214 13.3549
43.8396 14.01
45.0322 13.0996
45.3856 13.208
43.4836 13.5779
44.2193 13.8053
44.3342 13.7726
45.4236 13.2105
45.5372 13.3395
46.6448 13.1174
46.1138 13.1917
46.5268 12.6662
46.5821 12.8837
46.6088 12.5254
46.7244 12.9652
46.6302 12.7292
45.4758 12.8036
45.2103 14.098
44.1849 13.9142
44.8148 13.838
44.8148 13.2943
44.2606 14.3285
45.5509 13.7943
44.4697 14.1855
44.0357 13.9773
44.2511 14.2998
42.9763 14.8466
43.8401 14.3249
43.8722 14.2293
44.204 14.0671
43.2634 14.0008
44.1258 14.8986
42.7141 15.4405
40.9466 15.1447
43.5001 14.6935
43.2536 14.5869
45.1786 13.7586
45.7648 13.3479
44.4972 13.5337
44.7499 14.2325
44.3363 14.2031
44.8704 13.3953
45.9298 13.3671
45.2801 13.3671
46.3868 12.7926
46.8866 12.6808
45.5431 12.8398
45.7605 13.4588
46.8677 13.0604
45.659 12.2636
46.3012 12.5353
46.232 12.3497
46.0956 12.3392
46.7916 12.2702
47.0082 12.5123
46.7046 12.2245
47.2942 12.111
46.579 12.3385
47.1362 12.5317
46.4389 12.3572
47.604 12.8994
46.8452 12.6248
46.9314 12.6416
46.6436 11.971
47.2366 13.1523
46.7551 13.1911
45.8717 13.0459
45.6667 13.0319
45.5554 13.0067
45.9249 12.5857
45.4573 12.7789
46.3851 13.0054
45.6112 13.8606
45.7571 13.0353
45.8977 12.7096
46.4692 12.7421
45.4604 12.8097
46.1195 12.717
46.25 12.9278
46.4121 12.5561
45.8814 13.0133
45.9206 12.6141
46.4285 12.4403
47.5759 12.3433
46.5714 12.3662
46.2673 12.3524
46.5259 12.5146
46.2401 12.4104
47.8137 12.1688
47.3764 12.3278
46.9703 12.4361
47.7501 12.2831
45.9038 13.221
45.0618 13.6425
46.5195 12.9948
45.7998 12.9626
45.1598 12.8575
47.4991 12.5081
46.9745 12.8651
46.6356 13.0105
46.1832 12.916
45.7771 12.9691
46.3564 12.7339
46.4171 12.182
45.8628 12.7105
45.8369 12.5743
45.5397 13.304
45.6511 13.0313
45.4951 12.8534
46.0725 13.2966
46.0291 13.3337
47.3497 12.8161
45.8824 13.0485
45.7866 13.4463
44.2601 13.3984
46.4444 12.9246
47.2749 13.001
47.3732 12.7256
47.463 13.1164
48.0024 12.4574
46.4698 12.5214
47.6787 12.3283
45.6175 12.5878
46.0219 13.0722
45.4354 13.0751
46.0479 12.4168
46.5179 12.7553
44.247 13.315
45.6322 13.1731
45.1466 13.1607
44.2719 13.3721
44.2658 13.8137
46.7379 12.3935
47.8113 12.2952
46.7788 12.4004
45.6557 12.9556
46.1386 13.3658
44.9107 13.3821
46.1266 13.6286
46.4291 13.3825
48.1054 12.8698
46.8866 12.8981
46.2301 12.5721
46.5494 13.3123
46.1923 13.3123
47.0112 13.3747
45.9253 13.333
45.2462 14.0477
44.8576 14.2505
44.7515 14.019
45.7197 13.9684
45.6449 13.6462
44.6395 13.1681
45.2235 12.9079
46.1049 12.6557
45.8565 12.6991
46.8863 12.6991
46.6552 12.6307
46.8554 12.4382
46.8431 12.7333
48.3486 12.1874
47.8747 12.1238
48.2736 12.1368
47.2669 12.041
47.8036 12.13
47.8732 11.933
47.1503 12.2188
47.5906 12.4561
47.6791 12.3781
47.8574 12.3547
47.653 12.509
47.9777 12.176
47.7115 12.3848
49.0427 12.2779
48.3675 12.3097
46.2285 12.4717
47.0876 12.6634
46.5116 13.0263
46.9867 12.4742
47.2437 12.5818
46.9218 12.6201
45.3004 13.3229
43.5823 13.1083
42.79 13.5644
43.4775 13.8526
43.6031 13.6957
46.7473 13.5102
44.8529 13.1081
46.5357 12.9161
46.846 13.1752
46.9065 13.179
46.4493 13.0831
47.3425 12.1477
47.0154 12.1794
47.9693 12.5266
47.0755 12.3461
48.0433 12.4162
48.0433 11.8
48.899 12.1162
47.447 12.7587
46.3938 12.417
46.6302 12.8019
46.8715 12.7777
46.5197 13.0254
45.665 13.3824
45.9923 12.597
47.3984 12.2818
47.5098 12.5916
46.4977 12.9454
45.2544 13.4945
45.4933 13.5107
45.625 13.4806
45.7553 12.8507
46.4122 13.3799
44.6695 13.807
44.685 14.1541
44.2547 14.1514
44.0427 14.2077
43.5157 14.3323
44.0832 15.4364
42.9179 14.8883
43.5351 14.1376
46.2384 14.434
44.7804 13.8235
44.7263 13.9714
44.3951 13.8721
45.6223 13.6952
45.6223 13.0073
46.1949 13.7619
43.8547 13.6493
44.6993 13.8722
44.0705 13.5885
44.8538 13.3055
44.6255 13.3278
43.6793 13.883
47.072 12.857
47.2173 12.5306
46.6513 12.5306
45.8807 13.0082
47.8046 12.6134
46.8566 12.624
45.9802 12.6472
45.0126 13.227
45.4599 12.8764
45.2948 13.3331
45.9904 13.3244
44.9885 13.2494
45.3184 13.2494
45.9891 12.6392
45.9891 12.6392
44.5696 13.2218
46.0236 12.9697
44.5057 13.7546
44.5216 14.2057
42.3118 14.7205
44.8701 14.3989
44.8701 13.7251
45.3072 14.2656
45.495 13.5215
45.8987 13.357
45.4517 13.2671
46.0862 13.2794
45.6644 13.0151
46.535 13.2867
45.2801 12.8804
45.6463 12.9108
45.5928 12.8852
44.5639 13.3037
44.9411 13.6568
45.6342 13.0083
45.5263 13.2148
46.9554 13.0658
46.8613 13.403
45.8473 13.0763
45.1132 13.331
44.5352 13.4911
45.7111 13.331
44.3902 13.4816
45.6496 13.8114
45.3991 13.5888
45.1534 13.6391
43.5944 13.9965
42.9934 13.4268
42.9758 13.447
45.1045 13.5838
46.6416 13.6858
45.7646 13.8752
44.5353 13.6193
45.3586 13.4795
45.3586 13.4258
45.3516 13.4072
44.6922 13.717
45.3665 13.1027
45.7105 13.0179
45.6991 12.9839
45.0605 12.9171
44.3134 13.6885
44.7715 13.4401
44.6017 13.6321
44.6857 13.5565
45.3039 13.4376
45.9702 13.0373
46.1348 13.3083
45.9331 13.0149
45.7673 13.1264
45.4058 13.3111
43.7718 14.4316
43.9352 14.4394
43.8417 14.1579
43.8661 14.2554
44.0128 14.0499
44.374 13.7334
44.0378 13.8533
44.2276 12.7951
44.4994 13.1392
43.9576 14.0381
44.9436 13.6624
45.5282 13.3641
44.8398 13.5889
45.833 13.6515
46.7188 13.5194
45.4071 12.9245
45.1061 13.6787
45.49 13.7392
47.0621 13.3069
45.9445 13.139
46.2773 13.2692
45.8239 13.6226
44.8349 13.5722
44.6147 14.1463
43.2149 14.4191
43.0853 14.5239
43.0761 14.8437
42.6233 14.6238
43.43 14.5502
42.5085 14.511
43.792 14.8458
43.8761 14.3131
42.7814 14.465
42.8325 13.8588
44.0937 13.5993
45.1093 13.5862
44.2974 13.7159
44.9146 13.7148
43.0277 13.8132
44.4678 13.4363
45.0842 13.7103
44.4534 13.9779
44.7707 13.2559
45.1439 13.5263
44.6102 13.7702
43.6604 13.6497
46.1204 13.2305
45.7631 13.3155
45.896 13.4711
44.7936 14.1715
44.2824 14.1231
44.8248 14.3502
43.0776 14.5436
43.2333 14.4212
43.7803 14.6537
44.2287 14.3068
43.7207 13.8718
43.7207 14.0502
44.1056 13.7771
44.9606 13.703
43.3802 13.5965
44.9485 13.4071
44.4714 13.4591
43.6447 13.3705
44.9647 13.5303
45.312 13.6918
45.2559 13.3911
44.9713 13.4639
44.6064 13.7457
45.4733 13.1175
44.4443 13.6071
45.7041 14.1115
45.3922 13.8849
44.4995 13.8218
43.1516 13.9057
43.4416 14.0732
43.1929 14.355
44.3445 14.3965
43.7041 14.8227
44.0158 14.6058
43.3091 14.07
43.7713 14.9395
43.2624 14.7224
44.7625 14.4428
44.618 14.3745
44.2636 14.4464
45.8313 14.4484
45.1389 14.2473
45.959 13.7526
46.3572 13.4007
47.4245 13.2779
46.4679 12.8225
46.4656 13.1317
44.812 13.1841
46.3252 12.9026
46.7068 12.7031
47.2294 12.8089
45.4158 12.6698
45.3864 12.5787
45.2878 12.6582
46.0763 12.7369
44.8903 13.2707
45.9928 13.3785
45.5638 13.2395
46.5738 12.9778
46.9162 12.8573
45.8986 12.37
47.3032 12.4348
47.3412 11.7205
46.7809 12.6332
45.7642 12.6587
45.8716 12.6782
45.71 13.0525
45.8383 13.1161
45.0848 13.1263
44.9846 13.3946
44.6938 13.7028
45.5893 13.6455
44.9503 13.369
45.278 13.6713
45.0042 13.6465
45.3171 13.5942
45.777 13.4049
44.6792 13.5909
44.2789 14.0299
44.6267 13.9755
43.9602 14.1172
44.4876 13.8596
44.7879 13.8462
45.789 13.7808
43.6146 13.7922
44.6883 14.0349
44.0511 13.7267
44.9008 13.7311
45.431 12.8026
46.0788 12.272
45.8558 12.3332
46.5205 12.8491
45.3126 13.0935
45.1337 13.0757
44.1776 13.6617
44.5102 13.8368
44.8683 13.5515
44.1977 13.4413
45.9875 13.1875
43.9111 13.5369
44.6551 13.4675
46.7965 13.2853
44.5358 13.5905
43.7077 13.5558
44.3683 14.0739
44.9975 13.6423
43.9253 13.2735
46.4529 12.8627
46.0044 12.8524
45.9003 13.0945
46.682 12.8261
45.5563 12.9907
44.3081 13.4025
45.0823 13.3709
46.5084 13.4918
43.6449 13.844
44.3824 13.4939
46.2689 13.0807
45.7083 13.6705
45.2885 13.5356
45.0911 13.2963
46.7392 13.1357
46.2134 13.0084
46.2703 13.0935
46.294 13.217
45.5921 13.1504
45.1336 13.1108
44.6087 13.8477
43.4528 14.182
44.6389 13.9796
44.792 14.0943
45.1621 13.2064
45.9699 12.9366
46.4333 12.615
44.9814 12.8281
45.9417 12.6228
46.6302 12.8183
45.958 13.2809
46.8382 12.8622
46.9842 12.0668
47.6229 11.9903
47.6229 12.4596
45.9099 12.7661
45.2115 12.9495
46.3117 12.5533
46.1115 12.6474
46.2503 12.4782
46.428 12.4686
45.235 13.2615
45.5222 13.2197
46.5921 12.7147
44.9247 13.2262
45.1259 12.9659
46.3203 13.4047
45.5768 13.3188
45.9982 12.8605
45.5599 13.0858
45.7952 12.718
45.379 12.5859
45.3237 13.5486
44.8876 13.7176
43.3241 13.8805
44.2158 14.0073
44.3275 13.2522
45.1484 13.055
45.5125 13.3856
44.9563 13.5027
45.6555 13.6797
46.16 13.3106
45.8493 12.9051
46.9948 12.544
45.6418 13.1444
46.465 12.9207
45.8976 12.8248
45.2123 13.0724
45.379 12.7187
45.9891 12.4218
45.8931 12.634
44.1148 13.538
43.506 14.6832
40.949 15.3791
43.1255 15.1748
42.8134 15.7025
42.501 15.8522
41.6727 15.265
43.0008 14.7681
42.3427 14.6299
40.999 14.649
42.227 15.3226
42.5159 15.2893
43.3459 15.2679
42.716 14.4082
42.9645 15.2955
42.8256 14.7586
43.2439 14.9225
42.4893 14.6819
43.0308 14.6992
44.4297 13.9883
43.766 14.2509
44.1249 13.7846
43.4363 13.544
43.5685 13.666
44.8865 13.638
45.0455 13.3595
46.0432 13.6937
45.122 13.7481
44.6346 13.371
44.5327 13.6674
44.8991 13.4576
45.0134 13.6441
45.77 13.523
44.4739 13.5984
45.4641 13.278
45.4463 13.3536
45.4921 12.977
45.4701 13.0838
46.3726 12.4364
44.6158 12.9986
44.923 13.4461
44.4321 13.1892
45.4633 13.8369
45.3332 13.0773
45.4752 13.8044
45.2025 13.1752
44.0454 13.5617
43.6341 13.6859
45.4792 13.4009
45.0318 13.3817
45.7884 12.9956
45.8807 13.1027
46.2934 12.768
43.8974 13.0881
45.1538 13.2206
45.3533 13.4011
46.5977 13.4011
45.5425 12.7848
46.058 13.3055
45.3713 13.2097
44.7459 13.1454
45.5402 13.2529
45.2839 13.0564
47.2226 13.1799
47.2504 12.7895
46.2092 12.6986
46.9355 12.6052
45.9914 12.6405
45.6341 12.8064
45.4512 13.0337
45.353 13.2279
45.0567 13.3109
45.5287 13.0466
45.9628 12.5592
44.7781 13.1398
45.7976 13.3166
45.0937 13.5253
45.2996 13.5181
44.5831 13.3672
45.2586 13.3247
45.6059 12.7674
45.8525 12.9564
45.8098 13.2124
46.4952 12.7676
44.8317 12.9422
44.4844 12.6996
45.6717 12.8226
45.2878 12.8684
45.2459 12.9165
44.9599 13.0525
46.7406 13.0412
44.89 13.0944
45.9785 13.3475
47.2732 12.2915
46.9565 12.4704
46.5331 12.5341
46.5679 12.774
45.4644 13.2758
45.5872 12.9223
45.08 12.6058
45.4002 13.1459
46.0409 13.2659
45.5046 12.909
46.0603 12.6635
46.6252 12.4073
46.867 11.9963
46.7126 12.4992
45.9479 12.739
45.3468 13.1784
46.7654 13.1379
44.6471 13.7032
44.647 13.596
45.772 13.1457
45.2137 13.2499
45.2106 13.5041
45.1559 13.1955
47.2643 12.6875
46.3469 13.1472
46.3462 12.7283
46.2575 13.0572
45.8967 12.9936
46.6839 12.708
45.9814 12.8394
46.144 12.4258
45.9938 12.7403
46.8284 12.9871
45.3725 13.0749
44.7131 13.0509
45.9069 12.8694
47.1001 12.2406
44.2724 12.7565
44.5556 12.5894
45.0089 12.9336
45.2671 12.9938
46.5307 12.7435
46.4155 13.0121
45.4865 13.1388
45.0882 13.1388
45.4675 12.9633
45.8113 12.7774
46.0478 12.9918
45.1055 12.6674
44.6578 12.5491
45.5509 13.0186
47.1915 12.4377
46.3016 12.5759
45.0246 12.7126
46.2145 12.3301
46.3618 12.7869
46.2934 13.0899
45.2963 13.2164
46.1344 12.8547
46.8969 12.3999
46.0138 13.1328
43.8886 13.2638
44.2658 12.7853
45.2865 12.908
46.0372 12.8933
44.7297 13.3858
45.7189 13.2101
44.4419 13.0264
46.7728 12.8617
47.4991 12.1799
47.3709 12.5339
47.1846 12.3052
45.5907 12.565
46.5932 12.6361
46.6671 12.7772
45.9327 13.2772
44.2398 13.4434
44.2391 14.081
43.5853 14.6277
44.6445 13.7943
44.2463 13.7983
45.3401 13.3763
45.0632 13.7138
46.1851 13.3053
45.9571 13.7308
44.9337 13.7313
45.2022 13.7314
45.166 13.7273
43.9329 13.7581
45.307 13.8231
45.321 13.297
45.7064 13.3399
47.1978 12.9995
46.3945 12.701
46.1112 12.7224
46.0033 12.9761
46.4977 12.6694
46.1683 12.6827
45.2308 13.5261
43.9542 14.2103
43.9587 14.0419
44.4808 14.0943
44.5077 13.0444
46.9717 12.8937
46.5705 13.0968
47.1612 12.5532
46.4722 12.4164
46.4676 12.9204
46.7421 12.2875
47.1552 11.8885
47.0666 11.76
47.2917 12.1921
47.0841 12.4969
46.1095 12.5155
45.8432 12.8925
46.232 12.6905
45.7353 13.039
44.9104 13.1579
45.9378 13.3335
45.8455 13.0066
45.1523 13.3156
46.0181 13.1437
46.5343 12.7033
46.3244 12.4093
46.1333 12.6982
46.2367 12.9944
46.1791 13.1462
46.2007 13.1201
45.186 13.0734
44.6636 13.6458
45.0445 12.9378
45.3439 12.917
45.9674 12.8383
46.3215 13.0354
47.7638 12.3284
48.9081 11.8409
47.8454 12.0632
47.5917 12.3202
46.3344 12.4766
46.3937 12.756
46.0046 12.756
46.4663 12.756
46.359 12.756
46.9488 12.7185
46.5751 12.2946
47.4622 12.2946
47.4622 12.2946
47.4622 12.2946
46.7394 12.5808
47.8932 12.5808
47.4624 12.9825
47.4624 12.2317
47.4624 12.3123
47.8221 12.3123
46.1054 12.5828
45.8061 12.6273
46.2006 12.9484
47.482 12.0822
47.4607 12.2595
46.7986 12.2816
46.2072 12.5569
47.2345 12.4904
47.3927 12.4565
46.6898 12.1689
47.8725 11.9315
47.4649 12.2568
46.125 12.8617
45.9891 12.9413
45.5995 13.4239
44.6293 13.4492
45.3374 13.3873
45.3406 13.7159
45.5766 14.194
43.7593 14.1737
43.0787 14.1762
44.1379 14.9377
43.3484 14.4259
43.6057 14.2296
44.7115 14.0428
43.8145 13.9747
45.0542 13.7739
44.5546 13.3331
43.3853 13.739
44.9398 13.3352
46.3381 13.2657
45.7296 12.8896
45.9341 13.1595
45.1749 13.1757
46.982 12.468
49.0494 12.0085
47.9982 12.0085
48.0076 11.7704
48.9303 11.7704
47.9315 11.795
47.7726 11.7225
46.7322 12.1243
45.8855 12.5266
46.3237 12.4478
46.0219 12.6418
45.6221 12.2561
46.2718 12.1952
47.2252 12.0488
47.1928 12.0971
47.0761 12.3494
46.6422 12.9073
44.9057 13.3083
44.8682 13.423
45.8296 12.87
46.2394 12.7324
45.9049 12.4347
45.6873 13.0472
45.2298 13.637
45.2326 13.287
43.6378 13.544
44.4373 13.1311
44.1358 13.5124
44.8977 13.6636
45.422 13.7322
43.966 13.2787
45.1194 13.8894
42.5255 14.1118
44.2733 13.8486
44.0228 14.2825
44.3617 13.5251
44.1297 13.7608
44.9161 13.3724
45.3621 13.3112
45.1314 13.2641
46.0738 13.7543
44.6482 12.9659
45.8194 12.7955
43.0441 13.8325
43.2858 14.038
45.0423 14.038
46.3868 13.2142
