89.4332 14.2034
93.2737 14.2004
93.2544 14.2529
91.7841 14.246
91.1318 14.1089
92.3279 14.1511
89.0784 14.5742
99.6044 13.8535
104.092 13.6927
99.3573 14.0391
97.6292 13.8824
93.1476 13.8348
96.3384 14.0617
92.5445 14.5235
92.5921 13.801
90.6389 14.1549
94.156 14.1249
95.5692 13.4336
98.4637 13.584
92.0742 14.0552
97.5474 14.2415
88.8975 14.451
95.0214 13.9844
100.514 13.9809
99.4722 14.3127
98.4895 13.4988
101.808 13.8201
101.066 14.0299
102.139 13.8836
93.4854 13.9444
89.2265 14.1386
93.431 13.7135
91.0529 14.3959
93.9534 13.8547
91.0928 14.1755
97.5321 13.9955
90.3787 13.9474
87.77 14.0005
93.5353 13.9749
89.3798 14.0357
92.9057 13.886
90.9407 14.0788
91.7675 13.8157
96.6914 14.2175
92.0467 13.9005
91.4378 14.0103
90.6324 14.0469
91.2567 13.8905
91.1704 13.9137
89.0991 13.9345
95.0192 13.9697
93.0305 13.693
90.0732 13.8522
91.3751 14.0868
87.8734 14.423
92.0709 13.9787
91.1584 13.7311
87.7251 14.3128
92.782 14.3199
89.0038 14.1238
89.5157 13.8949
93.3329 13.8802
87.3684 14.0238
90.568 14.1168
88.0199 14.1943
90.6807 13.9821
94.3561 13.7905
98.7192 13.9652
96.8857 13.8773
94.8715 14.0057
90.8882 14.0304
102.408 13.7386
95.6778 13.7862
89.7736 13.8272
99.561 13.8058
92.754 14.006
91.7988 14.4106
93.3663 14.0845
97.3404 14.3246
93.9491 13.9093
88.3489 14.0803
98.9625 14.1779
93.131 13.7549
88.9381 14.3592
88.907 13.7203
91.7752 14.1755
94.8168 13.7641
97.2558 13.9122
94.2301 14.0943
93.8753 13.8654
92.2142 13.9847
90.2822 14.1429
94.1732 14.0189
94.6478 14.2308
100.046 14.172
103.994 14.2153
114.823 14.0747
86.2803 13.9854
92.1336 14.4891
92.7181 14.2981
92.4051 13.9008
92.1188 13.8842
97.8777 13.8635
96.3987 14.0953
100.837 13.9792
96.1497 14.0851
92.5231 13.8254
87.2694 13.743
95.9162 13.7841
92.158 13.9674
88.3313 14.1967
93.8151 13.7997
94.1513 14.0349
93.2226 13.9427
88.5633 14.2049
91.5159 14.3763
94.0003 14.5442
89.6474 13.8003
90.8973 13.9196
87.5187 14.2728
90.2788 13.8837
86.1481 13.6118
90.2668 13.7143
84.0543 14.4512
88.2099 14.328
91.4643 13.5896
88.9497 14.0062
91.4664 13.8769
88.5967 13.8048
90.2152 13.5405
83.6636 14.6256
89.3405 13.8602
91.2362 13.6954
88.299 13.7965
87.9277 13.8024
95.4144 14.2336
89.1483 13.8088
86.6114 14.1694
90.4637 13.9012
90.4997 13.9981
90.6034 14.2001
95.663 14.1448
92.8947 13.7448
98.0338 14.1895
95.2385 14.2981
94.1659 13.9044
93.7267 14.4409
93.8766 14.1191
89.9976 13.8746
92.5794 13.7303
91.5172 14.1819
94.1467 13.7474
89.241 13.7671
91.6868 14.0224
89.763 13.9821
92.5914 13.9769
87.3358 13.9799
86.8928 14.0336
85.7646 13.8854
91.0248 13.9297
97.2273 13.8859
89.4653 13.784
90.648 14.2792
93.2351 14.3453
92.0608 13.8831
92.9411 14.086
91.6838 13.7445
88.7218 13.8197
88.7061 14.1295
87.7092 14.068
91.8891 14.107
88.8272 14.3904
97.3355 14.0972
88.983 13.7945
87.473 14.1157
95.9819 13.8796
93.292 14.1276
92.1291 14.0698
93.4092 13.9797
94.3387 13.7112
90.8835 14.0752
91.4243 14.0537
89.2733 14.0941
92.9724 14.0929
93.7997 13.7975
95.2874 13.9049
96.8796 13.7316
89.7828 13.9582
93.4745 13.9722
86.7431 14.0312
94.7646 14.2503
95.6956 13.707
92.9514 13.999
91.2546 13.8956
94.145 14.0142
96.88 14.0011
97.2347 14.0941
97.2796 13.9542
87.4896 13.937
95.4794 14.5665
97.5441 13.8428
96.9227 14.0252
91.7102 14.2163
91.7204 14.0122
91.2651 13.89
89.3266 14.1655
89.484 14.0069
90.9261 14.2672
91.4419 14.1002
89.7566 14.0415
93.3457 14.1562
93.8432 13.6668
91.3981 13.6794
93.8298 14.0011
91.7274 14.2682
91.6975 14.0087
92.3137 14.2092
96.1302 14.1305
97.4743 14.4514
96.8851 14.4514
96.2388 14.2446
93.705 14.0633
92.8485 14.0044
93.0876 13.7743
92.991 13.4468
90.4378 14.2792
91.4126 14.2871
87.7461 13.6579
94.5136 14.2614
92.5332 13.9002
94.0386 14.0061
94.1125 14.1937
96.1453 13.5015
91.2717 14.2098
93.1438 14.2157
93.4733 14.0745
89.3532 14.7152
94.194 14.1942
87.0526 14.2035
94.4481 14.0543
88.4044 13.8591
93.2905 13.7028
96.1367 14.4385
94.3134 14.3765
92.0556 14.0996
95.2488 14.64
92.8505 14.022
92.5407 14.069
92.473 14.7044
93.8301 14.5106
93.7022 14.3425
92.4826 14.3105
93.7577 14.2991
93.4001 14.2975
93.9903 14.2668
93.7441 14.0556
90.5089 14.1102
90.542 14.164
88.1253 14.0657
90.4762 13.9649
92.288 14.0694
95.427 14.2269
92.216 13.9848
96.1524 14.2451
94.2696 14.4699
91.2623 14.4742
94.3552 14.4706
94.0543 14.3789
93.3428 14.1755
93.2426 13.8083
93.488 14.0478
93.3545 14.1961
93.3952 13.8716
97.5591 14.0709
93.7167 14.3151
93.1518 14.243
92.0388 13.8813
95.905 14.0362
96.615 13.9613
95.5117 14.2189
91.1836 13.8869
89.6871 14.6628
94.831 14.3028
91.9794 13.9994
91.9323 14.033
88.6677 14.0722
93.5948 14.2486
97.3118 13.9975
100.91 13.9303
97.5534 13.7817
96.5798 14.4937
95.8874 14.1251
97.9582 14.2907
85.9753 14.4377
92.2089 13.9405
92.7818 14.1433
92.5896 13.8694
92.7649 14.1301
93.1792 13.9602
90.5157 14.3205
95.7593 14.505
90.511 13.8549
90.1122 14.4003
97.1203 13.8997
89.7423 14.1526
96.3458 14.0976
96.1354 14.5465
97.1422 14.0558
89.1031 14.002
92.7028 13.9164
91.4792 14.2577
94.0893 14.1812
91.6577 14.1577
92.432 14.6291
91.1149 14.2051
94.2258 14.1328
94.2016 14.3531
86.6305 14.0438
93.8708 14.2486
93.9224 14.2171
94.7215 14.4993
94.0749 14.1795
95.1328 13.8339
93.3542 14.2049
93.3063 13.9154
93.3651 13.8193
98.4886 13.8982
94.9174 13.7512
87.7411 14.2448
93.9391 14.2071
93.784 14.3721
95.0891 14.3393
97.0678 13.6146
99.6039 14.3849
97.1158 14.8911
97.4912 13.9204
94.0473 14.4416
91.0096 14.1509
96.3974 13.7491
97.9816 13.4711
86.3987 14.1932
93.624 13.8418
94.5025 14.3164
88.8992 14.1235
89.718 14.1708
91.9297 13.7063
89.151 14.1433
88.3563 14.0348
90.8511 13.9786
92.5861 14.0919
92.9201 14.0796
93.958 14.3328
95.4192 14.1287
89.3697 14.1318
89.6234 14.4343
89.4924 13.8878
97.0606 14.0427
92.8411 14.0025
90.2452 14.2609
92.755 13.8359
92.5746 14.7531
93.8723 14.1597
93.514 14.0469
91.0899 14.0735
93.504 14.1145
91.7027 14.0472
97.8042 13.6631
90.2018 14.0036
95.261 13.8709
90.1966 14.2369
92.427 13.6524
94.1573 13.9487
90.3544 13.8546
99.278 14.1025
97.7552 13.5293
95.2192 13.5623
97.4804 13.8329
96.6241 14.2387
97.8516 14.1325
93.4253 14.1887
92.8277 14.096
92.9518 13.7194
92.2779 14.0289
92.9899 13.8409
93.7641 14.1536
92.4216 13.9115
98.4226 13.5955
97.5589 13.8473
94.2616 13.7593
96.3171 14.2807
95.4808 14.3037
94.824 13.9921
95.1323 13.6948
90.8406 14.476
94.5126 14.421
94.2584 14.2246
92.4437 13.9392
92.8929 14.0132
94.8148 13.9859
92.8837 14.0085
92.8461 14.0866
93.237 14.3419
93.1992 14.264
95.0745 14.2655
92.0245 14.2355
92.1621 14.2558
94.231 13.9852
93.9721 14.3273
94.8276 14.1788
96.3067 13.8262
93.4427 14.0812
93.7023 14.0668
92.8051 14.0431
94.0935 14.1379
97.2939 14.081
97.4171 13.87
99.8611 13.839
95.9846 13.9299
94.691 14.1533
90.7845 14.0938
91.2365 13.8086
93.978 14.462
93.1633 14.2295
94.3318 14.4275
91.6537 13.9851
93.767 14.021
94.6122 13.7729
101.203 14.0849
93.6797 14.1167
96.9669 14.3014
95.457 13.9393
95.6858 14.5595
92.2999 14.0358
93.4002 14.421
94.1954 14.3126
91.9537 14.7647
89.7789 14.2554
89.2626 14.2378
88.5984 14.1575
94.6891 14.1619
94.8351 14.1242
94.798 14.0797
94.6861 13.7403
94.8366 13.9096
91.9222 13.9609
91.961 13.9251
90.6455 14.2502
92.8068 14.4125
98.0412 14.0206
93.5712 14.1019
91.4273 14.2098
88.4009 14.1501
90.9582 14.2213
93.0156 13.8971
90.6985 14.4646
94.8741 14.3654
91.5279 14.231
94.3817 13.9798
93.9242 14.1783
96.8443 14.2097
94.9997 14.007
90.7552 14.0069
89.3639 14.1036
92.3219 13.967
93.3163 13.7262
92.2353 14.6544
93.2022 14.1095
92.171 14.478
89.8606 13.8965
92.2605 14.058
93.1257 14.1292
94.2654 13.5369
90.0934 14.0814
91.4045 13.7621
88.5603 14.3683
93.3085 14.1546
95.6102 14.0384
93.2791 14.0619
92.3793 13.8673
94.5133 13.8161
94.579 13.9107
89.9639 14.3322
89.7114 14.0334
90.1328 13.8001
91.613 14.0823
92.8252 14.15
96.4702 14.0233
93.7995 14.1906
94.6973 14.0395
97.8621 13.9058
94.098 13.8925
93.0552 13.9177
91.9183 14.1054
97.5461 13.5908
94.037 13.9473
95.185 13.9166
89.3211 14.009
88.9794 13.6139
94.3236 13.8962
93.4773 14.1442
96.3535 13.8128
93.0159 13.7703
90.3882 14.3917
90.8682 13.899
95.0247 13.9866
95.7063 14.0301
94.148 13.9561
93.5231 13.9042
94.4747 14.1256
88.5783 14.2366
91.5096 14.242
90.6562 14.0766
91.5305 14.1926
89.583 14.0589
89.6707 14.2845
90.9569 13.7352
92.6567 13.7935
89.7621 13.7698
84.9945 13.9467
92.1776 14.1103
88.858 14.0001
91.2197 14.0336
87.1319 14.1687
88.5958 13.9969
90.2474 14.2428
92.847 13.8757
85.3788 13.9773
87.8832 14.0488
96.9334 14.3694
99.4808 14.4519
98.3546 14.1991
93.4352 13.8729
98.7498 14.1161
95.0974 14.0669
92.2933 14.1392
92.6635 13.9689
89.9402 13.983
90.3682 14.0264
90.8459 14.1038
88.5503 14.1139
91.3684 13.9847
91.7649 14.343
96.46 13.7509
89.9991 14.107
93.4229 13.9409
88.0952 14.0961
86.9602 14.1441
89.7218 13.7624
88.3791 13.9887
91.5753 14.1127
93.8894 14.1835
92.2804 14.4979
89.219 14.1918
92.7268 13.8233
94.142 14.2577
88.6542 14.2556
95.1678 14.2832
97.2 14.2479
96.0354 14.2321
100.303 14.2691
95.2737 14.2795
95.3594 14.0226
89.4819 13.9368
89.2766 13.762
95.2434 14.0257
93.2024 13.8714
92.8424 14.0431
93.5046 14.0501
91.702 14.2283
89.3703 14.3967
100.038 13.9632
95.7771 13.7625
94.2154 14.1088
95.2536 13.7281
93.2934 13.7202
92.2891 13.8322
94.7953 14.002
95.3784 14.2688
92.6985 14.3355
93.2113 14.0797
90.2762 14.0962
94.1121 13.939
95.4675 13.6058
94.1614 13.8437
94.6836 14.5349
84.8487 14.0975
88.5425 13.9104
90.1358 13.8503
90.4638 14.3798
93.4407 13.9564
94.4554 14.416
96.0638 14.1929
94.1006 13.6053
95.7383 13.9249
98.3069 13.3216
91.0684 14.0292
93.4911 14.0244
92.4487 14.193
91.0553 14.1874
93.8546 14.1963
93.1308 14.0872
93.3467 13.8913
94.0415 13.9687
91.5543 13.8139
93.6628 13.454
95.9147 13.6449
99.7838 13.797
94.1854 13.9665
88.7209 14.1762
93.6695 14.1488
96.4726 14.1122
93.8276 14.1266
88.815 14.1415
92.4367 14.0334
89.92 14.3828
94.2142 13.9088
93.735 13.8894
101.515 14.3579
89.7792 14.1693
93.1644 14.2893
85.1206 14.1789
96.104 14.1236
92.2285 13.6914
88.8964 14.3792
88.3849 14.2069
92.0927 13.9684
91.0487 14.5465
94.2712 14.1346
91.0149 13.8631
91.0833 14.4171
91.309 14.66
89.9615 14.3465
100.587 14.101
95.876 14.1784
87.9503 14.138
94.7176 14.123
88.301 14.0767
94.9487 14.1389
94.332 13.6821
95.1138 14.1389
96.0344 14.0451
89.3108 13.8552
90.2179 13.4525
89.5439 14.2411
91.6951 14.3315
95.7334 13.8033
91.06 13.8874
95.8064 13.9469
88.8006 14.1483
95.4882 14.3982
92.7176 13.7013
96.7167 13.8586
93.9271 13.9051
97.102 13.9157
102.392 14.1149
101.238 13.8785
96.3856 14.2957
99.9045 13.7576
98.7917 13.9258
93.8248 14.1827
93.6024 14.0291
93.4853 14.2833
90.6005 13.7754
98.3043 13.7772
98.0371 14.3411
94.1803 14.1518
93.1933 14.2316
91.1966 14.4045
86.5099 13.825
91.8976 13.9864
93.0432 14.1885
88.6402 14.3042
94.4688 14.0046
88.9055 14.0661
92.6973 13.9963
95.6776 13.9965
90.4438 14.219
91.4292 13.8321
93.0669 13.9956
86.2619 14.017
90.3472 13.9719
89.2132 13.9887
94.253 14.4189
95.9377 14.4436
92.5893 14.31
88.7653 13.9561
92.0899 13.877
91.5614 13.9235
92.0951 13.907
88.6683 13.8375
97.6775 14.0719
92.0444 13.9018
92.2312 13.8719
89.7787 13.8444
89.7834 13.8255
90.6351 13.8919
89.4822 14.17
90.0275 14.2527
91.3465 14.3586
91.6461 14.3937
96.101 13.7748
96.411 14.0281
92.147 13.8776
89.6034 14.0266
89.8795 14.2209
88.4274 14.0792
90.3203 13.9306
93.7676 14.0309
89.6316 13.9736
85.4476 14.6949
88.0937 14.2494
91.9959 14.2585
92.6607 14.018
91.8749 14.2704
96.3043 13.8077
87.3975 14.144
90.7689 14.2083
90.9604 13.7731
94.0776 13.8955
92.1596 14.2808
92.339 14.311
87.5071 14.234
91.6082 14.225
96.5005 14.0524
93.9357 14.1331
93.0717 13.9665
92.6605 13.7696
90.5211 13.5652
94.5745 14.068
93.8439 14.2335
93.682 13.9921
91.5628 14.3369
93.3696 13.8292
96.8249 13.9244
92.5622 14.0592
93.7248 14.3914
92.1949 13.9741
90.4951 13.9851
88.598 14.1152
97.2885 13.8398
90.743 13.9796
94.38 14.0794
93.6898 13.7354
93.0085 14.1674
106.179 13.7548
95.8709 14.3036
100 14.3429
108.117 14.0034
104.277 13.887
102.463 14.1655
99.4631 14.1184
94.8188 14.2169
95.9543 14.2223
84.7287 14.167
95.2748 14.3629
92.8072 14.2431
95.722 14.0627
96.7555 14.3381
100.221 14.6234
97.1119 14.2406
99.0797 14.1348
101.494 13.9593
101.225 13.9125
101.606 14.027
91.1157 14.5139
94.5544 14.2465
94.8308 14.2333
94.9252 14.3385
97.0084 14.2722
94.7928 13.6641
93.4762 14.087
89.681 14.3848
96.1798 13.7089
92.4467 13.9042
92.4561 14.1695
94.6538 13.9324
93.6185 14.0684
91.3671 13.6272
87.7702 13.8188
88.9649 14.2181
85.2416 13.7759
90.949 13.7084
94.9874 13.898
96.5993 13.8532
92.4586 13.7862
91.4225 13.927
93.8242 14.5723
91.2994 13.6949
95.6725 13.1141
95.1669 13.7677
94.4443 14.2499
87.4769 13.8968
93.2632 13.9396
89.7497 13.9154
90.1473 14.0953
92.7635 14.3136
94.8317 13.821
90.5289 13.8205
90.0203 14.0563
90.0528 13.6087
92.9826 13.5
95.866 14.1098
93.4656 13.6856
95.3439 14.3955
93.9881 14.2089
94.8566 14.2147
85.1107 14.1543
95.5811 14.0303
92.6716 13.5779
94.3758 13.6949
97.9022 13.849
98.1204 14.2195
90.7979 14.0702
91.9055 14.3716
96.612 14.1339
87.5216 14.4934
101.612 14.1375
94.4195 13.848
96.0413 13.9821
93.5416 13.9327
98.6025 13.6008
96.134 14.017
99.5472 13.8951
85.2613 14.3995
105.485 13.6966
94.7088 13.8181
89.8595 13.8741
91.5929 14.5672
90.5849 14.0548
92.5167 13.809
88.7412 13.9607
89.6662 14.4015
101.907 14.4653
99.6425 13.8436
93.5421 14.0682
96.3281 14.1784
104.384 13.9928
93.5489 14.059
100.595 14.1471
93.1501 14.3685
96.3444 14.1742
108.86 13.6677
101.067 13.9139
90.3332 14.1784
92.2487 14.0935
101.687 14.0935
99.9999 13.405
95.294 14.1318
95.7951 14.2067
106.831 14.1082
96.9609 14.3728
99.3478 13.9898
93.1166 14.4769
98.571 13.8881
88.7526 14.0971
86.907 13.6412
92.3946 13.8305
91.7668 13.8729
89.3304 13.7013
96.6574 13.6159
93.2372 13.7774
86.3193 13.9645
98.7681 14.4554
99.6639 14.0202
95.824 13.8703
102.743 14.1962
101.107 14.2035
97.9111 14.1931
100.675 13.9576
98.2179 13.7401
87.9974 14.0508
96.7475 14.269
93.084 14.1552
87.3906 14.2197
91.6703 13.7803
91.452 13.9181
94.1783 13.9716
90.2096 14.0919
90.1264 14.0262
89.9281 13.7506
94.8833 13.7291
94.8709 13.9197
98.1957 13.8669
98.7691 14.1517
95.6533 13.9816
97.5852 14.1103
93.9773 14.1887
100.788 13.284
93.7371 13.9347
92.7995 13.6846
93.377 13.8762
96.0329 13.9788
91.9383 14.0572
95.7997 13.9927
90.6212 14.0046
93.0522 14.415
92.7475 13.6254
95.6515 13.9605
95.6712 14.0688
95.6296 13.7547
96.6611 13.9299
91.774 14.1072
92.9511 14.1287
92.7332 14.0039
94.7081 13.5744
98.7358 13.6674
91.5992 14.1341
91.222 14.2474
91.7957 14.3146
91.9216 13.96
93.5853 13.9794
90.2148 14.1011
92.1177 13.6296
90.781 14.0404
92.6485 14.039
90.5472 14.6276
93.6081 14.5521
91.1982 14.3861
92.851 13.8723
92.2551 13.8042
95.5494 14.2464
96.1961 14.0891
95.2901 14.2147
90.4972 14.0945
93.414 14.3527
94.2379 13.4375
93.615 14.0948
92.5468 14.1758
95.4775 14.0386
91.9787 14.2108
96.7766 14.4542
93.1478 14.4524
93.0826 14.4545
92.9 14.4548
91.2142 14.4564
92.5911 14.4748
96.3429 14.4242
94.9054 14.236
91.4562 14.2588
91.4475 14.4539
90.381 14.3557
94.4492 14.3692
92.1414 13.819
95.5173 14.3763
95.9773 14.2058
97.0999 13.8166
99.4791 14.3222
97.9088 14.1762
101.389 14.1509
96.4059 14.1259
93.8685 14.4458
92.8688 14.295
92.2558 14.665
96.0635 13.1194
92.9842 14.1905
95.2828 13.9442
92.9895 14.4085
91.0354 14.2475
96.1307 14.3313
93.2717 13.4827
98.182 14.3333
96.7389 14.0551
97.119 14.1712
97.7707 14.2337
96.5818 14.2112
95.9804 14.2198
95.7568 14.0549
96.7615 13.9432
93.9986 14.0078
94.5595 14.0569
87.9552 14.101
94.046 14.1661
96.479 14.328
92.0105 14.4488
92.7383 14.6059
98.1835 13.9263
94.8243 14.0891
92.1286 14.5487
90.0109 14.4262
93.3493 14.3973
91.8627 14.3995
97.5771 14.3814
93.7944 14.4071
92.9366 13.78
95.4573 14.217
90.6886 14.7467
91.9609 14.1168
91.1583 14.5059
92.4295 13.8267
97.7161 14.3453
94.2018 14.329
94.8664 14.5395
95.2418 14.0564
93.5644 14.3743
91.9404 13.5288
96.598 13.728
100.602 14.398
93.7845 14.0654
89.4198 14.405
88.4402 14.0611
91.3463 14.3663
90.3407 14.0812
94.3729 13.9926
93.9733 14.0537
98.0598 13.7564
94.6497 13.9489
92.3209 14.1791
86.758 14.2906
95.3342 14.2683
96.0171 13.7747
98.0626 14.1005
100.409 14.124
91.6049 13.6515
97.2101 14.18
90.9 14.0654
92.3059 14.0634
92.5792 13.5721
93.0117 14.1843
92.6232 14.1747
93.0345 13.8516
97.1107 13.8849
93.0634 14.0465
93.5952 14.1452
95.847 13.6975
92.48 13.6472
93.3234 14.1176
92.2766 14.1281
89.5306 14.0664
94.9099 13.9947
91.705 13.833
90.4136 14.0247
92.4062 14.1141
97.642 13.7816
99.6156 13.9664
93.7506 14.0674
94.9919 13.9823
92.3265 14.2916
94.9264 14.2087
89.2586 14.7397
89.7797 13.8611
90.7572 14.2979
91.6048 14.0885
92.6269 14.1332
96.979 13.9191
94.0283 13.9311
93.6223 14.3109
94.6435 14.2487
96.2496 14.0856
96.1789 13.9899
93.5254 14.1987
89.2958 13.8709
95.5615 13.6586
95.7638 13.6103
93.9342 13.9661
96.3693 14.5161
90.4692 13.6934
91.448 13.9849
85.694 13.8597
91.6888 13.8615
92.6677 14.0872
95.6499 13.8423
94.0326 14.1165
94.5856 14.0784
92.2349 13.95
94.787 14.2882
93.0892 13.6679
89.726 13.7464
89.5563 13.9476
94.7458 14.0856
91.4945 14.2738
92.7685 14.4928
93.2564 13.7909
90.9775 14.0337
91.9449 13.8654
90.0477 14.1276
94.4105 14.2812
92.6712 14.3726
93.1239 14.3306
88.041 14.0485
93.5338 14.1541
95.3813 14.1209
94.4452 13.8061
95.4439 13.867
92.8063 13.9981
92.3714 14.1677
92.5649 14.5415
93.8747 13.9069
93.4669 14.2767
92.2223 14.3712
91.6486 14.2953
92.9041 14.1512
93.7239 14.1963
94.9533 14.0051
96.3343 14.1434
93.5928 14.4477
91.186 13.8209
95.3345 14.246
93.3634 14.0213
93.9152 13.7889
91.1048 14.2672
89.874 14.4723
91.2313 14.4508
92.4327 14.1401
92.4312 14.2231
93.1231 13.897
94.8363 13.98
96.5469 13.8921
95.4881 13.9018
95.9894 13.7906
92.2161 13.7872
93.4308 14.1749
90.3404 14.1882
90.5331 14.3572
93.0199 14.3483
92.2548 14.1199
95.8867 14.2033
92.014 14.5194
93.4098 14.3758
96.9075 13.7036
94.7253 13.7329
93.8754 14.1012
97.2823 13.608
91.9253 13.8021
91.9385 13.9788
93.6654 14.0439
94.4271 14.0259
92.5068 13.9195
93.6565 13.9503
95.2018 13.8455
95.6275 14.0091
96.141 13.8565
96.3858 13.9585
98.7054 14.0582
94.815 14.2332
91.6867 14.1856
93.7061 14.3062
91.7978 14.0757
96.7848 13.7565
92.6965 13.8175
91.6267 14.1495
98.5204 14.2118
94.6576 14.0787
98.0194 14.0612
94.6694 13.9664
96.6655 14.626
94.286 14.4207
101.329 13.7499
96.4817 13.9229
101.361 14.1712
102.39 13.8276
93.9367 13.7756
92.8206 13.9351
93.6576 14.4407
98.4713 14.018
98.0892 13.944
89.0241 14.1008
91.4892 14.1438
93.6724 14.2707
95.7057 13.7848
90.4799 14.1708
94.4885 13.7166
85.6527 14.0611
87.9291 14.0646
91.6601 14.3655
89.9587 14.0353
95.6227 14.1468
95.1087 13.9233
91.4938 13.9392
89.898 13.96
92.5048 13.9725
95.4756 13.8883
90.4319 13.6357
92.9539 14.0376
91.7113 14.4009
90.1404 14.1287
93.604 14.121
94.671 14.1888
93.789 14.1483
92.9048 14.2567
92.3267 13.8883
88.6435 14.4361
96.31 13.8653
90.538 13.9488
92.2329 14.2504
90.444 14.6157
90.5806 14.3891
92.5495 14.0954
87.0311 13.9256
86.4781 14.2873
92.2794 14.1935
90.3762 14.1154
93.2121 14.3225
91.7568 14.0779
93.1743 13.7084
93.7801 13.7379
93.613 14.5667
90.8716 14.2901
92.8276 13.7014
89.9109 14.5406
94.2984 14.1488
90.2528 13.8677
90.9214 14.1271
92.2572 13.9115
94.5907 14.356
96.2151 13.8924
91.7815 14.2022
90.2506 13.9492
96.5762 14.2762
90.1072 14.076
88.5117 13.9744
91.8445 13.9914
91.8401 14.0358
97.1178 13.8307
92.569 14.2468
95.405 14.0391
97.7311 13.9907
100.144 14.2359
94.1752 13.8316
94.2146 13.8503
92.8729 13.873
93.8722 14.1136
93.8722 13.9645
96.6595 13.7685
93.3291 14.2924
94.1992 13.918
93.6461 14.0953
89.526 13.9762
94.2017 13.9983
91.3449 14.4367
94.0857 13.9586
94.5335 14.0811
96.3272 13.961
96.0191 13.9277
94.6038 13.8466
93.6219 13.8117
93.6554 13.8286
91.8261 13.8168
93.0846 13.7552
92.2715 14.2883
91.3035 14.1862
89 14.2027
95.8679 14.0324
92.2423 13.9547
94.7839 13.8566
95.9481 13.9131
96.1435 14.0543
95.2712 14.0597
96.756 14.189
96.5794 13.5706
95.1788 13.737
102.609 13.7447
90.814 14.1483
92.8428 14.3809
93.1356 14.0542
95.228 13.8551
92.2212 13.9916
88.7653 14.2824
94.9305 14.1675
99.3607 13.8729
100.02 13.7886
97.6436 14.2673
96.9836 13.5484
97.5966 13.6768
96.2616 13.7768
98.0911 14.2752
98.0289 14.1341
98.0079 13.9462
98.0614 13.7907
98.0102 13.9908
94.4463 14.0213
95.0716 13.9702
91.6665 13.9104
91.3637 14.2244
91.2663 14.7169
91.0518 14.2021
89.7111 14.308
89.7854 13.8318
91.7406 14.3637
93.9546 13.8818
91.9964 13.9185
93.4465 13.9044
93.4764 13.9557
93.9494 14.148
94.3556 14.005
93.4459 14.142
94.4143 14.0269
91.8122 13.9837
90.5979 14.3735
88.3548 14.1481
96.4347 14.5857
89.8155 14.5313
91.6857 13.9423
90.2473 13.7931
94.2314 13.7913
95.0716 13.6147
96.2824 14.4367
101.2 14.0843
93.7933 14.2201
98.1117 13.8803
98.4508 13.859
98.5364 13.761
97.1341 13.9044
92.409 13.652
94.0739 13.7455
93.5463 14.0918
93.8985 14.1425
99.5476 14.0639
95.8854 14.3081
98.35 14.2966
95.5851 13.9643
95.8117 14.0565
95.6765 13.6661
95.3928 13.9602
95.0713 14.5046
95.3303 13.9618
93.7611 14.1462
99.6057 13.8969
95.9913 13.6269
96.0592 14.2734
100.65 14.0112
96.5592 13.9121
98.5241 13.8714
90.3935 13.9736
96.9877 13.7847
94.6321 14.2352
100.402 13.7058
96.9865 13.9945
94.9303 14.1626
94.8682 14.2297
92.6211 14.1342
93.8266 14.0921
95.1008 14.1142
88.3702 14.5451
97.0966 14.3778
92.3716 13.9752
92.4128 14.1836
92.8872 14.2021
95.2421 13.8233
95.8568 14.1134
90.8115 13.7463
92.9714 14.0711
89.806 14.5554
91.8345 14.446
90.8805 14.1331
89.7875 14.3425
94.4115 14.5155
94.3698 14.3027
91.3628 14.1767
90.6442 14.1389
91.864 14.5056
96.2869 14.3781
96.9945 14.4862
99.1369 14.0008
97.9229 13.6612
95.7761 14.5492
94.074 13.938
97.1018 14.1033
93.6453 14.3614
93.0281 14.0305
91.8554 14.0744
92.142 14.3253
94.2009 13.926
93.0363 14.2431
92.7938 13.7629
92.931 14.3421
92.76 14.3537
94.2706 14.3976
94.6831 14.2485
94.3587 13.9277
94.4775 14.118
89.9452 14.2992
96.7801 14.093
92.7367 13.7296
90.5044 13.8776
91.5987 14.5789
89.4236 14.1227
88.101 13.932
92.0806 14.3034
87.842 14.448
90.231 14.1441
89.6774 14.4369
90.5598 14.1127
90.587 14.2867
93.0833 13.9448
91.5633 14.0354
95.8939 14.0495
95.673 14.0737
96.0977 14.2252
91.6429 14.2874
90.8101 14.3246
87.0049 14.4448
84.7125 14.1339
90.1267 13.7362
101.337 14.0958
93.3178 14.2528
93.7789 14.2437
91.9059 14.1246
92.7021 14.3381
103.533 14.0867
92.1551 13.7015
91.9299 14.0532
89.8663 14.052
87.8121 14.3789
89.7711 14.0418
92.4978 13.7806
92.679 13.9406
93.6864 13.7024
90.3555 14.3544
90.5346 13.8667
91.2634 14.1963
92.4025 14.1585
91.1746 14.3274
96.8423 14.6991
95.6414 14.2724
100.255 14.1483
105.255 14.503
98.5933 14.0251
93.5071 14.5228
91.69 14.2278
90.121 13.9396
89.3318 14.3146
97.7077 14.4946
90.8751 14.1588
95.1793 13.7565
91.9392 14.0961
91.6994 14.0813
95.1588 14.3178
96.5842 14.1999
93.6692 13.9116
95.4397 14.2008
93.5195 13.9842
94.6927 14.3995
89.7948 14.3802
88.0916 14.0641
89.6503 14.1447
90.4289 14.1797
95.2921 14.2282
96.5181 13.8972
95.4342 14.2077
95.5372 14.3821
90.2629 13.8048
92.1757 13.9964
95.3308 14.0967
95.3338 13.8017
95.3338 13.6976
93.7393 13.8124
95.475 14.0707
95.2133 14.3551
88.1668 14.0734
90.9712 14.1422
95.415 13.8055
88.42 13.9956
86.7397 13.7356
88.0251 14.0358
91.821 14.2291
89.4863 14.6163
90.6525 14.0495
91.0605 13.7302
92.1706 14.4668
88.7945 13.9026
87.7903 14.1863
92.355 13.4697
92.2561 14.4219
86.9814 14.1323
80.6544 13.8233
88.03 14.0571
99.1267 14.1604
93.8163 13.9395
93.8212 14.0922
95.7638 14.0742
89.7823 13.9479
98.8498 14.0228
93.3615 13.9772
91.0202 13.9792
93.6328 13.9115
95.8764 13.7599
94.0157 13.6302
88.7089 14.2634
91.0253 13.8608
87.2379 14.2577
86.9511 14.0467
90.6486 14.0177
94.6765 13.6183
94.3084 14.3578
91.938 14.235
91.8544 14.0412
90.9441 14.0043
90.8218 14.2195
91.1335 13.9346
94.9372 13.9847
98.5139 14.0129
94.3095 14.2154
97.14 14.3157
97.9714 14.4317
89.738 14.4035
97.8355 14.3889
95.5803 13.9038
91.2615 13.9886
94.8641 14.0586
97.8242 13.9634
93.9052 14.0682
92.8566 14.1988
92.2397 14.2427
91.7478 13.9035
93.9437 14.3781
93.4635 14.2633
93.5051 14.0146
92.8645 13.7262
91.7784 13.8687
98.411 13.9389
94.9979 13.9569
95.0186 14.4014
94.8862 14.1995
94.1271 13.876
92.1002 14.1649
94.6077 14.2251
95.1806 13.9886
94.819 13.7115
94.0043 13.8845
92.4902 14.3237
91.5417 14.376
91.1233 14.0669
93.1631 14.1595
92.7361 14.3214
89.7843 14.5666
90.2055 14.3507
89.4298 14.5408
93.0563 14.4288
94.5451 14.464
95.2469 14.028
99.3382 14.0878
94.7925 13.8993
96.789 14.6954
93.6234 14.1282
92.8974 13.9874
93.2482 14.1755
92.0747 13.9692
92.7296 13.931
92.7994 14.0742
91.7001 14.3002
91.5121 14.4427
96.2696 14.2218
93.939 14.0861
90.3445 14.3709
90.7808 13.9623
92.6782 14.2348
92.065 14.275
93.3857 14.1421
91.0078 13.8991
90.7094 14.2972
89.2826 14.1652
91.2244 13.7535
93.4433 13.6915
90.9057 14.23
91.0765 14.1817
89.8258 13.7314
93.4591 14.5655
92.0206 13.7026
91.3902 14.234
95.6976 14.1947
91.2072 13.8545
88.3817 14.1236
92.8736 14.4744
94.251 14.1158
90.3943 13.7883
94.5524 14.6353
90.0673 14.0592
88.7848 14.4906
91.6925 13.825
92.4841 13.9444
90.9472 14.3134
88.5314 14.2912
89.7876 14.1395
93.7478 14.3572
92.3978 14.2627
90.0652 14.2098
87.5364 14.0036
91.3315 14.0731
91.9799 13.9598
91.7899 13.9865
95.3505 13.8881
91.6681 14.1663
96.7133 13.8457
96.7781 13.8719
98.4223 13.7624
95.4815 14.0614
93.25 13.9857
99.9107 13.6737
98.075 13.68
97.1346 14.0937
94.8507 14.38
94.1947 14.2402
93.8609 13.9876
95.5348 13.9094
95.5672 13.8638
95.1611 13.9167
92.386 14.2781
99.5941 14.2227
94.8146 14.2493
90.3893 13.9422
92.1969 14.1849
92.7422 14.1618
88.2465 13.6967
89.9575 14.3875
95.9917 13.9726
90.7211 14.0546
88.9463 14.3669
93.9916 13.8925
93.7878 13.9368
94.5038 13.8582
93.1525 13.8474
91.3448 14.3274
94.5316 14.3474
90.6205 14.5778
92.9306 14.5095
91.5722 14.3104
93.6356 14.4062
93.2208 13.3675
100.547 14.4506
96.6558 13.5904
92.8744 13.7419
89.3127 13.8758
95.4538 14.2631
95.6005 14.5111
90.9862 13.929
91.065 13.8579
89.7327 14.155
90.8783 14.0162
91.0668 14.1769
91.3406 14.0294
89.6942 14.2375
95.2063 13.8961
97.4409 13.7086
94.7006 13.8839
96.4307 13.8313
97.6369 14.124
92.0217 14.2673
95.6416 14.2793
96.1238 13.7034
98.1593 14.1628
94.0628 13.7152
91.0121 14.2894
86.3023 14.0887
84.5594 14.0641
81.9341 14.3396
92.5187 13.7489
96.7254 14.0354
90.4088 14.2435
93.621 14.5392
90.6667 14.4729
94.5558 14.3546
93.8377 13.6518
94.0641 14.136
94.0168 13.8517
93.2861 13.8676
94.8058 14.2274
93.3916 14.0742
92.7395 14.1548
95.3126 14.573
94.773 14.6074
98.1838 14.2453
97.7121 14.3284
104.084 13.8967
100.169 14.3609
94.2417 14.3645
98.2625 13.9267
98.4587 13.9445
92.201 13.8535
93.4332 14.1302
95.9248 14.0841
94.0996 14.0376
95.9644 14.3506
96.4354 13.6434
100.802 14.2175
97.2238 13.9642
100.339 14.0882
100.13 13.4241
100.402 14.0915
95.3237 13.8154
97.3777 13.8338
96.7687 14.1209
94.1527 13.8977
90.0415 14.4051
94.6285 14.4731
99.0416 13.7788
99.3123 13.9547
97.9157 13.5851
91.3418 14.3625
94.7453 13.9978
96.3963 14.1028
95.1748 14.3493
94.8735 13.4203
93.5394 13.7363
94.9668 13.7363
94.8898 13.7363
93.3526 13.8713
89.0129 14.1655
89.4704 14.3375
92.6324 14.4098
96.1855 13.7367
94.3321 14.2849
95.3177 14.0819
93.689 14.4514
93.6238 13.9752
96.2598 14.3901
96.1908 13.7807
100.656 14.0727
99.5435 14.1244
96.3554 13.9789
91.2256 14.4422
92.9184 14.4481
89.3275 14.166
90.6615 14.2195
91.1944 14.3611
92.1587 14.1091
90.2522 14.0932
89.4834 14.3303
91.7172 13.9059
92.6777 13.1949
92.665 14.3738
94.0169 13.9191
94.1594 14.0919
94.721 14.161
88.4507 14.3443
88.4507 14.3056
87.8481 13.93
94.0679 14.0017
90.9005 14.0725
92.7178 14.1062
93.119 14.159
91.2137 14.0204
94.7101 14.0376
95.8133 13.8368
95.7491 13.6746
94.9986 13.8275
94.5799 13.8316
97.4296 13.8779
91.8795 14.2643
92.8648 14.0259
89.6153 13.7235
94.3241 13.8236
95.4128 13.8282
94.0262 14.517
96.7723 13.7956
91.9791 13.7167
92.0796 14.0192
92.3677 14.3527
92.2242 13.8575
94.5121 14.1118
92.5327 13.7865
94.6291 13.9086
97.8774 13.9516
91.9402 13.956
92.835 14.1671
93.2686 14.3625
95.95 14.0645
92.1577 14.0479
89.7411 14.1047
90.3971 14.3398
96.3046 14.0948
96.5544 13.6338
96.1226 13.6328
96.0655 13.6324
94.3659 13.7756
93.4969 14.2148
93.1156 14.1309
88.8705 14.111
96.1219 13.7221
91.8407 13.9388
90.5401 14.2053
93.14 13.9168
95.075 14.2377
90.5573 14.128
92.6657 14.1031
90.5791 14.2531
95.4545 14.0144
89.4913 14.1252
89.962 14.1057
97.5372 14.326
92.4061 14.6041
94.4635 14.3032
93.3214 14.1343
90.9552 14.3084
85.1078 14.5269
90.9312 14.0967
89.5991 14.7606
87.5692 14.1978
91.0906 14.2879
95.1418 13.8082
94.0897 14.134
95.5232 13.895
96.2738 13.877
93.803 13.9096
91.9475 14.062
90.4074 14.0671
87.5508 14.1164
97.6305 13.9818
94.7862 13.9812
98.3196 13.8132
93.5086 14.2115
94.2314 13.9175
86.642 14.0396
94.2227 13.964
97.642 14.0048
95.5728 13.9382
94.8006 14.2716
91.9713 14.3987
96.0626 14.4285
92.6743 14.0481
95.0749 14.2822
93.3249 14.2298
93.3296 14.1942
93.1075 14.1363
92.2436 14.3673
93.7489 14.3332
91.2563 14.3287
90.3614 14.2262
93.8675 14.3502
93.2338 13.9618
94.4832 14.2578
90.3845 14.5015
92.719 14.0618
93.1598 14.0245
93.5067 13.9568
90.9518 14.0158
92.4203 14.0889
93.3266 14.3992
93.9978 14.1721
91.6855 14.0288
94.5388 13.9918
93.742 14.2412
92.3124 14.2405
98.9611 13.8777
93.4523 14.5476
92.3359 14.5733
90.6999 13.803
88.9389 14.4122
94.6675 14.1619
95.2818 14.18
97.2803 14.0181
95.6179 13.7884
89.1529 14.0209
94.8449 14.2963
95.4493 14.0777
91.6158 14.0567
90.0916 14.1261
90.8241 14.098
91.7316 14.2902
89.9977 14.1612
95.2543 14.009
93.1634 13.9824
93.5973 13.8341
94.6296 13.9085
92.325 13.7273
89.4816 14.0437
91.4605 13.9866
91.6448 14.1413
91.1868 13.8975
89.2386 14.2943
88.9821 14.1457
94.7651 14.0709
92.1959 14.1069
97.0612 14.5101
91.5801 14.166
91.9923 14.4528
95.3413 13.7929
94.6432 14.0028
90.9487 13.6811
92.5625 14.0085
92.0984 14.4022
89.3499 14.4975
88.6213 14.6798
88.9382 14.3276
92.2643 14.2629
93.8359 14.2629
94.1374 14.1946
92.205 14.2812
96.344 14.2071
95.1513 14.1965
98.9145 13.9091
95.1527 14.1277
95.5517 13.7535
94.0251 13.8661
95.0149 14.1939
94.2029 13.9563
96.9472 13.9029
94.9357 13.963
94.4109 14.2925
94.237 14.0386
92.468 13.7884
95.154 13.9686
94.6864 14.0258
96.4242 14.1348
96.4242 14.0774
96.1931 14.2661
94.0794 14.3276
96.0735 13.9433
93.139 13.7265
92.1902 13.8058
94.135 14.0427
97.2428 13.9901
94.2901 13.976
93.9278 13.7364
97.9298 14.349
98.54 13.9961
94.7509 14.2111
99.5586 14.4077
90.645 14.3834
89.1504 14.1646
94.9199 14.0746
94.3 14.3361
95.4195 13.9668
93.236 13.7595
91.6388 14.2172
90.4654 14.0256
93.5204 13.9299
92.4486 14.241
89.5966 14.0555
87.0316 13.9271
95.1726 14.0897
94.3624 14.371
93.8914 14.1953
91.7907 14.2647
89.6907 14.4197
89.6907 14.7291
93.9233 14.4274
90.349 14.304
90.4834 13.9072
95.6186 14.2803
95.068 14.2035
98.0314 14.0277
91.2789 13.9479
91.1587 13.9313
93.5479 14.3908
99.8573 14.2831
92.4628 14.3493
92.4628 14.0863
90.7167 14.1097
95.5442 14.0398
97.1879 14.0743
92.7202 13.9051
94.1918 13.9819
96.0605 14.0039
96.6254 13.8033
95.1445 14.4622
92.7575 14.1672
92.4963 13.6959
94.0513 14.504
97.4311 13.9307
97.6318 13.7999
92.3516 14.078
92.9867 14.1437
93.0626 13.9352
95.8972 13.8581
96.529 13.8251
94.7574 14.4233
97.6671 13.9396
93.9347 14.1608
91.3883 13.7359
90.1692 14.2203
89.9087 13.8886
89.3142 14.3597
90.7142 14.3248
92.8421 14.3655
94.9563 14.374
97.2897 14.3585
94.5024 13.4282
94.4808 14.2192
94.4935 13.936
94.4572 14.1923
97.1007 13.9575
98.2444 13.7567
98.7644 13.572
92.0897 14.073
89.6672 14.4992
93.3013 14.2898
92.3558 14.1343
92.1023 13.9562
91.1639 14.2787
90.9873 13.9908
90.9873 13.9118
90.896 14.0663
90.2867 14.0643
91.2805 14.0644
92.7659 13.8808
91.8772 13.9581
94.4537 14.0028
94.6829 14.0322
93.8806 13.8162
93.6639 13.7059
88.5351 14.2244
93.0586 14.0665
93.4638 14.3485
95.5032 13.6033
93.7009 14.3129
93.8402 14.2849
94.9473 13.5236
94.254 13.5829
95.6168 13.779
93.5993 14.2366
93.338 14.15
94.5257 14.0646
91.4107 14.2617
92.843 14.3456
93.0286 14.4525
92.477 13.93
93.4447 13.8027
90.3505 13.9338
91.5453 14.0913
95.1589 14.187
91.6884 14.507
90.4032 14.1963
92.3754 13.9976
95.3166 14.229
95.5907 13.9798
95.6581 13.9358
93.9765 14.3444
97.0887 14.3237
97.249 14.071
96.5577 13.9276
96.0232 14.0432
97.5518 14.0801
95.6663 14.0667
94.7686 14.0514
94.2612 14.0753
95.8483 13.5487
98.2595 14.0787
95.5731 13.9076
92.6483 14.3351
91.6841 14.3322
93.08 14.1354
96.7472 13.8425
97.9708 14.0133
96.5342 14.0923
96.9285 13.9697
96.0463 14.0872
95.0442 14.0872
90.9251 13.9972
94.4321 13.912
89.2982 14.2507
92.0362 14.1718
94.0205 14.0999
96.6646 14.064
97.1074 14.0971
97.4123 14.0561
96.5595 13.7722
93.8829 14.0975
95.2586 14.0157
90.2164 14.2666
92.0096 13.8764
91.708 14.1155
93.571 14.2673
92.2212 14.2673
93.7053 14.4061
93.7053 14.3139
94.9264 13.8658
93.5261 14.1592
94.3796 14.3173
90.6737 14.2039
91.0892 13.7648
94.6286 14.4847
89.7373 14.6919
89.9958 14.1825
90.0543 14.3695
89.299 14.3097
91.0446 13.899
91.2833 13.5983
91.2833 14.297
93.1691 13.8925
93.4905 14.1157
96.1386 14.2845
94.1822 14.2189
94.4122 14.0579
92.3702 14.2358
90.7859 13.7106
93.532 14.2234
95.0418 13.5381
96.2483 13.8409
96.412 13.8189
93.8893 13.6844
96.1582 13.654
96.9233 13.9911
95.4528 14.1068
96.1607 14.1666
99.2005 14.0101
97.7432 13.4159
99.6268 14.2615
99.892 13.6769
91.498 13.9303
94.3421 13.9609
96.406 13.962
93.7029 14.1174
97.6791 13.9675
90.1576 14.0843
92.1636 14.14
95.0411 13.8715
90.449 14.291
98.0527 14.2098
96.5977 13.8487
92.6416 13.7451
90.3124 14.0395
89.0585 14.3809
91.0098 13.6122
94.2176 14.0112
96.4374 13.8454
96.5651 13.6961
96.933 13.9647
93.0858 14.0633
89.4043 14.0399
91.8493 14.1579
91.8349 14.4019
95.9095 13.9495
94.959 13.8546
95.3574 13.8802
94.2854 14.0519
95.6315 13.7644
93.6792 14.3499
96.7002 14.2888
93.2 13.8209
94.2671 13.9886
92.7782 14.029
91.07 14.312
91.4146 14.3657
91.8122 14.1929
92.0648 14.2087
96.4104 14.003
92.2948 14.9776
92.4229 13.602
94.3885 13.8069
95.1015 14.0691
92.6284 14.2679
91.7343 13.6555
90.3872 14.3601
91.4977 14.2683
90.0625 14.396
99.2529 14.3438
96.6676 14.3939
94.4256 14.0074
96.6169 14.3155
93.2563 14.3297
88.7346 14.4447
92.6634 14.1955
92.3023 14.3878
93.5409 14.1244
90.7079 14.1133
89.9583 14.2311
94.6196 14.0886
89.6085 14.0875
89.9728 14.314
94.5831 14.3208
94.2953 13.994
89.9334 14.325
94.0524 14.1593
92.9392 13.9184
90.8703 14.2975
97.8264 14.118
89.2604 13.9035
93.6952 14.3233
93.7287 13.8294
93.4585 14.2887
93.7969 14.249
94.2321 14.6098
96.6692 14.1097
93.1295 14.2142
101.508 13.9399
92.5217 13.7122
99.6763 13.719
99.0637 13.9026
90.8309 13.7515
93.9557 13.8819
96.9247 13.9649
91.9825 14.2484
96.461 14.1237
94.7373 13.7426
95.2755 14.3782
97.3458 14.1829
92.1121 14.4194
90.9313 14.3551
90.6024 13.7849
91.8557 13.7225
94.2928 14.0734
92.4329 14.1762
90.8274 13.9708
97.9313 13.7179
95.5705 13.6657
89.1062 14.1753
87.1953 14.1269
92.7389 14.0573
97.8177 13.849
94.0772 13.8198
87.9074 13.8463
92.4894 14.0339
90.7809 14.2384
95.8732 14.1149
95.7459 14.1606
96.4702 13.8871
96.5627 14.2406
96.3329 13.6646
96.7373 13.563
94.2556 14.024
98.1327 13.7851
91.3601 14.2297
91.8913 14.0844
93.5248 14.233
94.5209 13.6954
91.0541 14.4622
93.3509 14.1225
95.3001 14.2773
93.7615 14.2738
96.4853 14.2671
99.4292 14.2578
100.295 14.2402
97.9256 14.1032
94.9483 13.7624
94.8983 13.7432
98.2038 13.7449
98.3895 13.7408
100.169 13.7049
98.8101 13.6836
101.441 13.8711
90.6228 14.1798
95.7061 14.139
93.5949 14.1295
92.7757 13.8023
88.8761 13.9693
95.3019 14.1914
90.9241 14.6863
91.834 14.6581
93.7524 14.2554
92.834 14.347
86.4149 14.385
90.7389 13.7772
88.5679 14.3585
92.7648 14.2129
91.1186 14.2269
90.9261 14.0628
92.7773 14.087
95.5822 13.9781
92.3365 13.9942
92.2559 14.0864
89.8425 13.9057
91.241 14.2452
90.787 14.0401
90.8791 13.9419
93.0718 14.1893
91.0217 13.8866
93.6902 14.1006
95.2389 13.8892
100.577 13.8203
100.577 13.7542
98.5932 13.7624
97.1505 14.0178
93.214 14.2222
93.1663 14.0819
94.6569 14.3177
96.3144 13.9895
93.9293 13.8209
96.0984 14.0227
95.8954 13.8958
96.4028 14.2668
95.4689 14.2996
95.886 14.3096
94.5845 13.9232
99.2848 13.7391
98.3447 13.9475
103.093 13.9521
100.937 14.2643
86.9649 13.9741
97.7637 14.3373
100.59 13.7963
99.7982 13.7217
96.3504 14.5754
91.9911 14.3103
92.9886 14.0906
95.4128 14.1127
90.4098 13.857
91.992 14.2019
89.2767 14.2605
94.8311 14.3696
95.29 14.483
94.5115 14.2906
90.5529 14.032
93.7733 14.1161
92.4899 14.4398
92.8242 14.6664
94.0865 14.2331
94.3546 14.0853
95.6504 14.0673
95.0917 14.1863
96.0288 13.7109
92.0248 14.3708
92.4637 13.8357
95.7744 13.9374
94.2978 14.2564
94.173 14.2366
91.7906 13.7722
93.1488 14.1483
93.6558 14.3387
95.0633 14.3059
95.1903 13.7714
86.8489 14.2392
93.9329 14.1903
92.0672 14.2575
91.2276 14.15
96.1976 13.9275
95.1371 14.0934
93.8929 14.3265
98.409 14.7031
96.0272 13.557
98.1494 13.8182
92.3218 14.2429
87.4686 14.4038
91.45 14.0643
95.1709 13.996
93.5385 14.5913
93.2938 14.2447
99.036 14.0355
97.4636 13.9857
97.509 13.7947
92.9527 14.283
94.9774 14.2353
96.5138 13.6237
93.6698 13.7903
89.6363 14.281
90.1494 14.2367
96.246 13.7706
98.5019 13.8265
103.064 14.1015
96.5044 14.4831
96.4041 13.6916
96.6345 13.8943
92.8606 14.0702
94.0893 14.2605
91.7396 14.3113
93.1534 14.2403
92.7591 14.1825
91.0738 14.5492
92.7931 14.0505
92.5654 14.4584
92.6547 14.3712
94.8294 14.3172
94.8894 13.7917
95.0859 14.1369
94.7528 14.3774
93.2502 14.2566
91.3069 13.9276
92.5095 13.8409
93.5876 14.2348
95.716 13.9369
91.3793 14.1797
92.3091 14.1591
91.6107 14.1653
97.3189 14.3037
92.9329 14.3545
91.0138 13.7275
92.6289 14.3983
93.4361 14.038
93.7343 13.9001
93.6883 14.1918
91.1529 14.3276
93.0238 14.2811
91.6076 14.4102
90.4854 13.9342
91.7682 13.9934
92.8687 14.2941
92.6983 14.412
97.7264 14.2153
92.9125 14.2425
93.7877 14.0681
93.1643 13.9938
92.3326 14.1164
95.1029 13.7679
90.9765 14.0973
94.9258 13.9826
93.9729 13.9583
98.7734 14.0059
95.2317 14.0461
94.4127 14.1697
92.7942 14.0016
86.4962 14.0331
91.4453 14.0149
92.6724 14.2275
91.7682 14.0332
95.2382 14.0259
95.4766 14.373
95.5153 13.8966
94.2217 14.1509
92.6397 14.2003
94.249 14.2492
94.7409 14.0296
93.3567 14.1112
93.8634 14.7438
95.457 13.7917
94.0724 13.7648
88.0369 13.93
89.455 14.3699
92.085 14.0176
89.3757 14.4249
92.9518 14.003
94.4406 14.2842
90.3302 14.3132
92.2662 14.288
92.3286 14.1164
97.9974 13.9796
97.4208 13.9865
93.9375 14.3522
93.8983 13.9139
94.2741 14.1206
88.4362 14.0846
94.8539 14.1171
90.4547 14.085
94.3414 14.0054
93.9863 14.0564
99.6148 13.7187
92.1016 13.9944
90.528 14.1978
89.3707 14.6514
93.5004 14.2187
95.0449 14.3752
93.907 14.43
88.8975 14.1014
91.4052 14.4996
89.366 14.1292
90.2277 14.4265
94.3678 13.9912
90.3607 14.1869
92.0067 14.2737
94.222 13.9535
92.1486 14.0876
91.4445 14.0436
93.3896 14.1548
87.0376 14.0926
90.6402 14.2417
95.6998 14.3795
94.0682 13.8616
89.7185 13.8577
89.1745 13.8474
87.4664 13.9704
89.3975 14.438
91.039 13.9103
96.7117 13.7924
94.1207 14.5155
97.7757 14.146
94.226 14.0634
95.0455 13.836
84.6161 14.1739
92.0518 13.9053
99.3662 14.2234
96.0183 14.3241
90.7194 14.5275
95.955 14.3428
90.2982 14.4545
93.3854 14.4933
92.1654 14.2767
95.2136 14.3187
92.7016 14.3295
90.9994 13.9677
87.4933 13.7577
86.2055 14.5862
95.5808 14.3643
91.2456 14.4315
92.646 13.8831
90.3764 14.3898
92.7283 14.2718
94.8601 14.3378
97.8615 14.4948
96.6485 14.1641
95.2204 14.2438
93.3297 14.1265
91.8879 14.0207
90.2461 13.9174
84.089 13.8073
86.7214 14.1555
88.5009 14.2446
88.4394 13.8224
91.8276 13.9471
88.9815 14.114
89.9369 14.1702
91.9041 14.3988
94.0391 14.4255
93.656 13.9043
90.2 14.4521
91.2008 14.4684
89.012 14.8744
94.146 14.4148
91.9249 14.3877
98.2817 14.237
90.6702 13.6891
92.9513 13.5924
91.5955 13.9259
93.5264 13.7112
92.6126 14.0856
91.4873 14.3277
90.1392 14.3344
93.491 13.4281
96.646 13.9064
96.286 14.3042
95.7954 14.2748
89.3838 13.937
91.876 14.3087
90.7729 14.0468
91.712 14.2454
93.8236 14.2356
97.6839 14.0771
93.8749 14.2269
96.6702 13.7588
94.7363 14.1986
97.1731 14.3301
92.6021 14.0471
92.0036 14.2674
92.459 14.1511
91.1447 13.9792
95.4117 14.1453
95.3341 14.2716
91.0567 14.3269
89.9767 14.1243
89.7947 14.0466
92.6496 14.2512
91.8703 14.2405
91.7167 13.9839
93.6309 14.5438
92.4952 14.4575
95.218 13.9305
93.3069 13.8563
96.2917 14.0897
96.4895 13.9817
96.2148 14.346
95.8037 13.9169
95.0963 13.7128
97.3459 13.8712
95.6885 13.9794
96.8394 14.1726
92.5226 14.0535
90.8455 13.7376
93.4127 14.2394
91.7203 13.7734
94.9746 13.9229
97.3714 13.8091
90.9861 14.0126
87.4483 14.4255
95.0372 13.9815
89.5199 14.3302
92.8526 14.1874
87.8773 14.1677
96.6139 13.9882
94.049 14.1548
91.4075 14.2603
89.0053 14.1571
89.2706 14.2685
92.968 14.0207
93.1774 13.9695
95.2942 14.1171
92.3434 14.2502
93.9099 13.9993
89.4714 13.8917
89.3685 14.6623
90.6277 13.9788
95.4004 13.6102
93.119 14.0269
90.2535 14.1754
90.4111 13.6594
94.499 14.454
97.6728 14.1193
97.7157 13.9255
92.6769 13.987
90.3856 14.0261
94.417 14.0393
97.0291 13.9315
95.02 14.1934
96.1678 13.945
93.6534 14.0034
96.722 14.0014
90.174 13.5803
91.7104 13.619
96.2985 14.0069
92.9864 14.1521
90.7133 14.0875
93.0825 14.0979
98.3135 13.9061
99.623 14.3696
90.1711 14.2839
91.8406 13.6957
94.7196 14.1516
93.4104 14.2447
89.1592 14.0299
93.3504 13.861
92.1912 14.4271
88.7403 14.1042
93.6684 14.1608
91.2549 13.7903
91.7775 14.1481
91.1835 14.5105
92.3037 13.9083
97.2136 13.9565
93.34 13.9434
97.0122 14.4319
91.2383 13.9226
97.1535 13.753
92.0203 14.0817
88.5244 14.1605
89.7551 13.9392
91.7128 14.2846
93.9835 14.2782
95.0363 13.815
88.4732 13.8852
96.5235 13.8621
99.2849 14.3236
93.761 13.9541
92.7521 14.2373
93.8705 14.6722
93.1791 14.5418
92.747 14.2676
89.5377 14.2328
95.4701 13.8333
92.7114 14.2306
88.4256 13.7777
89.7622 14.0673
90.0254 14.37
91.834 13.9956
92.5409 13.8743
93.2845 14.4534
91.9263 14.0603
90.7748 14.2578
94.1597 14.1619
96.3061 14.4684
95.1597 14.1078
96.1974 13.7856
98.0386 13.8531
94.3267 13.9239
95.8282 14.0664
95.6875 13.6277
98.3481 14.2392
95.0083 14.1728
92.6348 14.198
94.1898 14.3353
90.2553 14.206
90.575 13.922
90.6836 14.2203
91.5917 14.1233
87.1223 14.2797
93.4249 14.4065
97.2835 13.599
90.0284 13.9904
92.6664 14.6855
96.1394 14.0588
90.4206 14.1004
93.4846 14.1071
96.5659 14.1961
91.1434 14.4165
92.1342 14.629
95.0758 14.4693
95.3368 14.1732
91.2939 14.0893
92.801 14.1179
91.5612 14.1386
92.7672 13.8598
93.4417 13.9752
97.1403 13.9745
96.2144 13.8397
96.2335 13.7498
94.8199 14.3847
86.5867 14.6693
96.0479 13.6083
94.3346 13.8252
94.0297 13.9717
93.0436 14.1613
93.3336 14.0725
94.7277 14.0278
93.5734 14.4476
97.3076 13.9905
92.7156 14.6219
91.4291 14.4804
86.2012 14.0927
90.7617 14.1758
96.3296 13.9966
94.8554 14.0694
94.6888 14.0437
91.8516 14.4388
90.4947 14.3578
91.6118 13.6118
98.6315 13.9981
95.0751 13.9345
92.7176 13.8328
91.3686 14.2405
98.3835 13.8288
94.5567 13.9782
94.8825 14.1266
93.5571 14.3416
91.0734 14.1944
92.3141 14.4443
92.6802 13.699
92.4192 14.1255
93.1812 14.1482
89.7472 14.3533
89.4027 13.83
91.5461 14.149
93.6327 14.3489
89.3241 14.7062
96.3791 14.1978
97.5864 13.7592
95.749 13.8488
99.4536 13.6581
97.7203 14.3164
96.9902 13.9166
93.4327 14.2657
95.7779 14.4093
92.6019 13.8649
92.4343 13.5754
95.3723 13.8609
90.2505 13.7483
91.1159 14.0488
90.5626 13.8058
90.3166 14.1124
95.6734 14.6076
92.9095 14.4319
90.2262 14.1846
96.5275 14.3331
86.9317 13.8426
92.2914 13.9856
84.6728 14.3611
88.8682 14.2716
92.1152 13.9415
92.3307 13.9956
95.653 13.8519
91.5611 13.8429
92.9971 14.5177
91.7808 14.2195
95.4594 13.8371
96.8858 14.5248
96.1263 13.9013
95.7463 14.0068
93.5429 13.9547
96.6636 14.1248
93.9367 13.8836
95.5801 13.8614
92.8629 14.263
95.6375 13.8489
94.8383 13.7176
97.5528 13.6325
89.3258 13.9597
96.5672 14.1002
90.782 14.277
92.8194 13.913
94.2096 14.1833
92.3266 13.9162
93.3629 14.1771
92.0712 14.2218
94.4127 14.5366
90.0764 14.1534
84.2071 14.2326
90.0204 14.1971
95.3437 14.3779
94.344 14.3301
91.3916 14.3574
96.3316 13.4464
95.7527 13.973
96.0467 13.8315
91.8486 14.0853
92.0902 14.3305
91.4506 14.4724
94.355 14.0185
93.1423 14.0751
91.9577 14.4358
90.9396 13.7527
89.1255 14.1213
91.9724 14.3671
99.9244 14.1304
101.264 14.0596
97.7018 13.9456
95.2485 13.8622
99.386 14.3268
101.839 14.1053
99.6806 14.0623
89.2593 14.2761
92.7387 14.1282
95.4089 14.4845
99.8461 13.9955
96.4349 14.0758
88.2406 13.9014
90.7844 14.4752
91.7657 14.1937
86.8011 13.9577
86.4343 13.8459
88.9686 13.5673
82.1564 13.825
89.6824 14.2793
90.0521 14.0951
90.717 14.1667
93.5521 13.6153
91.9569 14.0639
89.3743 14.1666
86.4772 14.1834
86.6286 14.0785
88.0502 14.0333
86.1419 14.2471
86.8827 14.0805
89.3393 14.1699
87.9003 14.0736
89.3162 14.1086
89.2644 14.1615
93.8428 13.9211
87.3037 14.2137
88.7436 14.1499
88.1689 13.8138
91.0389 14.2412
90.261 13.8593
93.1103 13.7729
102.13 14.1864
98.7478 14.047
89.1032 14.1263
103.912 14.0398
95.0594 13.8066
91.7348 14.1506
91.2077 14.142
89.0252 14.262
92.5284 13.7944
91.1585 14.3311
87.6007 14.0503
90.1657 14.0667
91.6352 14.2337
89.519 14.3579
99.243 13.8343
101.971 14.3011
93.7256 14.1772
96.4891 14.1996
90.8658 14.2765
99.0887 13.961
87.2919 13.8815
87.241 13.9601
100.599 13.9653
94.9376 13.9456
92.0192 14.4551
95.0608 13.9144
92.054 13.5162
92.1625 13.7375
93.1474 14.2914
92.8823 13.793
93.5445 14.2743
89.7557 14.3765
92.9425 14.0717
89.6412 14.2114
90.0668 13.4057
88.2136 14.4471
84.0783 13.9498
92.0747 13.8539
90.0485 13.7452
90.6467 14.0764
89.0013 14.1269
88.7491 14.1624
96.4019 13.9707
91.4156 14.1502
88.3029 14.0027
91.3998 14.3017
91.5767 14.2288
91.6002 13.9758
92.7822 13.9225
89.5895 14.2657
89.4816 13.9639
89.4902 13.7909
89.5512 14.1032
86.7074 13.7745
92.1024 14.2885
87.2936 14.2304
91.3538 14.2562
89.8458 14.1906
92.7116 14.0852
88.8674 14.2958
88.9863 14.3497
87.4462 13.9816
89.3135 13.8912
86.9366 13.6983
84.6119 14.1195
90.7835 14.0599
86.9353 14.3566
86.1515 14.5672
89.9239 14.2007
87.0616 13.9339
88.9535 14.1567
88.5624 14.4117
87.4361 14.488
88.8863 14.3907
91.6073 14.0011
88.5364 13.8283
93.0637 14.0458
86.6963 14.6954
91.6606 13.8508
87.7295 14.3376
87.5827 14.5206
96.6767 13.6305
95.3878 14.0689
94.4727 13.9533
88.2538 14.1098
85.5468 14.1086
87.4292 14.231
89.5575 14.0418
87.5837 14.1645
89.9815 14.1762
89.0516 14.2154
89.8619 13.4368
94.8842 13.8352
93.2072 13.7865
98.0836 13.8543
92.84 13.76
87.1338 13.8291
96.2082 14.2517
90.2785 14.1782
89.9592 14.2729
90.0542 14.0695
88.215 14.1725
90.4613 13.4996
89.8043 13.7925
92.557 14.1054
96.2747 13.6458
95.8122 13.7852
94.363 14.476
100.647 13.8932
85.0816 14.3048
92.9763 14.1265
92.3207 14.4174
90.4949 14.0119
92.5348 14.3227
90.5118 14.367
88.263 14.0023
90.6808 13.9971
90.6207 14.1967
89.2512 14.1857
91.5824 13.5808
89.3134 13.8937
85.4951 13.9657
90.2102 13.6676
90.2149 13.6914
90.5038 14.3388
88.0757 14.1484
85.1602 13.9395
87.4104 13.8555
92.0589 13.6
88.4404 13.7845
93.3739 13.7943
92.6271 13.9798
88.5934 13.7857
93.757 14.1074
91.578 14.4717
88.0563 14.1529
90.7209 14.2039
91.9699 14.0491
97.5126 14.1085
99.0378 13.8081
100.585 14.1611
93.6826 14.1543
92.5974 14.1417
97.5338 14.5259
93.314 14.1357
92.286 13.8305
93.4373 13.9073
95.5875 14.1018
89.8799 13.9984
93.9657 13.6581
94.424 13.9135
88.4209 13.9747
95.7055 14.0775
94.3368 13.8223
93.3816 13.8195
94.986 14.4366
93.4629 14.3949
91.1687 14.3652
94.3687 13.9221
93.2957 14.3232
90.1826 14.0805
91.9061 13.9037
90.6075 14.1072
90.128 13.9758
91.7688 13.7865
91.5319 13.9343
99.8546 13.8034
93.4816 13.8951
95.6849 13.7479
92.9954 14.1814
91.0569 14.3639
90.7287 13.8794
93.3312 13.9154
92.3815 13.9567
92.4584 14.0933
93.0669 14.3687
93.2776 13.7539
93.9092 13.9966
95.1307 14.209
96.5521 13.9551
93.0271 14.3676
94.228 13.9637
93.8779 13.9121
93.8242 14.0056
95.1135 13.331
96.6451 14.026
91.6681 14.318
97.4304 13.8661
96.4891 13.94
93.7636 14.0579
90.215 14.5252
94.4988 14.0106
85.1265 13.6003
96.485 13.4346
94.5996 13.7096
88.1401 14.169
87.6896 14.4114
88.4536 13.9736
88.4536 14.4387
92.1523 14.2613
91.2244 13.8624
100.622 13.9762
94.3822 14.0146
89.0716 13.5561
92.1659 14.1719
91.4536 13.8602
92.424 14.481
90.1219 14.199
90.2793 14.3091
92.3284 14.2203
92.1237 14.1242
89.9731 14.2521
88.2828 14.272
88.7107 13.9484
94.335 13.9302
95.5749 14.007
93.0998 13.7384
93.9677 14.0939
93.2303 13.8692
90.9575 13.9325
91.0225 13.8676
91.138 14.2543
91.0526 13.723
91.0021 14.0395
92.0922 14.1508
91.8083 14.1685
93.4608 14.3825
94.4805 14.0086
97.0647 14.3112
95.6581 13.9851
92.7385 14.0081
90.0259 13.4827
91.813 13.7655
92.8749 13.9231
94.6622 13.589
90.9581 13.9456
95.3198 13.9885
93.0349 14.0988
94.2872 14.1756
91.6452 14.0469
98.9647 13.5555
94.0257 14.1338
94.8341 14.2966
96.0543 13.6334
92.2114 14.1117
95.8326 14.1056
99.8656 13.8594
98.1847 14.0187
91.6828 14.2137
92.321 13.9252
93.1482 13.9644
96.3616 14.3937
92.1494 13.9377
88.0806 14.1489
85.4851 14.0228
92.5753 14.0625
90.3433 13.8491
93.0563 14.1756
95.3732 14.0183
92.7195 13.9457
89.4078 14.1796
94.2306 14.0316
93.1302 14.2512
95.8543 13.9546
96.8989 13.9254
93.0345 14.1073
89.8332 14.1197
91.6419 14.4373
88.3124 14.0098
91.5805 13.9077
90.8911 14.3112
91.8312 13.8958
92.4512 14.2969
92.5506 14.3769
93.5807 13.8727
96.0185 14.5047
90.5717 14.1057
94.5981 13.8936
94.0196 13.7876
94.9327 14.6447
88.3585 13.9965
87.9726 14.1167
91.9752 14.2384
95.5195 13.8342
94.0845 13.8236
91.6726 14.4292
97.4427 14.1428
94.3536 14.1768
92.0306 14.081
89.81 14.6985
90.0182 13.9615
87.7081 14.1243
92.0401 14.3479
93.2377 14.6042
93.6199 13.7303
94.6035 13.5849
96.3038 13.9705
94.7884 14.2363
94.6942 13.8722
89.6577 14.2283
92.5011 14.1836
92.4577 14.2283
94.3833 13.8898
91.6138 14.2405
90.3596 13.9455
91.8856 14.0275
94.1417 13.8407
90.9694 14.3324
96.1409 14.0886
91.6219 13.5478
94.8132 13.8995
102.851 14.2722
94.5563 13.9283
95.0689 13.9469
88.2861 13.7777
90.9538 13.9492
92.5554 13.9104
93.6274 14.3046
88.8019 14.162
94.1139 13.997
95.0093 13.8029
94.6534 13.9973
94.5089 13.8082
95.6928 14.2163
92.0269 14.0379
88.342 13.9283
88.8886 14.1129
91.9022 14.0441
91.2753 14.0847
95.8044 14.4879
96.9954 14.3604
89.8502 14.3847
95.6517 13.809
94.5148 13.8893
92.2131 14.2097
96.2247 14.0961
89.7738 14.1064
92.1061 13.7498
93.9079 13.9428
94.9983 14.4879
95.304 13.5388
94.6544 14.0041
93.7846 13.8812
95.3432 13.8982
94.7912 14.2642
93.9236 13.8982
96.6582 14.0519
91.4786 13.9912
88.8072 14.3584
93.5913 14.2778
94.1366 13.9687
96.2282 14.2729
92.7441 14.6061
91.339 13.4652
94.2998 13.8492
94.7098 14.1994
90.6661 14.1775
93.0948 13.9491
91.6549 14.2248
88.6663 14.1968
94.14 13.8524
93.3584 13.845
92.5539 13.9162
93.0451 13.9484
94.35 14.0911
92.6987 14.3562
94.5586 14.0629
94.0481 13.9341
94.8833 13.7017
94.7909 13.7017
104.226 13.9579
100.843 13.8892
94.3064 13.809
93.2829 13.8839
96.4964 13.9153
96.1636 14.0353
98.6186 13.7274
98.5756 13.5676
95.0317 14.1875
93.9229 14.1951
93.4327 13.8651
92.6162 14.0155
92.8652 14.2928
93.0068 14.5727
92.1325 14.1964
90.2023 14.391
91.3896 13.7788
91.8776 14.6394
94.5031 14.2189
92.6134 14.2474
93.428 14.2646
92.7108 14.192
92.6329 13.6734
92.1064 14.0875
92.374 14.0113
93.8773 14.1521
92.7622 13.7454
95.5096 13.8288
94.4218 14.1454
97.0549 13.7153
95.2973 13.8917
90.7416 14.326
92.8848 14.4777
91.3201 13.9063
98.3715 13.6626
94.4527 13.8537
96.2719 13.8327
98.9149 13.9065
99.6709 13.9195
98.0091 14.1775
102.4 14.2624
96.1947 14.0369
94.6341 14.1183
94.8728 13.5845
93.8963 13.7441
91.5297 14.0104
91.9027 13.8876
94.1212 13.8356
93.7095 13.7635
91.4334 13.891
91.8657 14.3756
90.8119 14.6309
89.4198 14.1188
90.2725 14.3034
88.892 14.0046
87.9904 14.2474
89.8142 13.8254
88.5574 14.0303
87.9803 14.358
92.999 13.9364
91.9328 14.0456
93.9207 14.3172
94.6658 13.949
98.5746 13.9752
97.0157 14.2827
101.14 13.6624
97.0073 14.0105
93.5989 13.9571
93.4322 14.0629
91.8784 13.8715
94.0914 14.2173
94.0152 14.2872
93.6447 14.2815
91.2496 14.3079
91.2578 14.1396
93.2784 14.1654
89.8705 13.9612
90.5853 14.158
93.5674 14.246
87.4934 14.1015
90.0204 14.4608
98.4783 13.9036
93.0027 13.5775
90.516 14.0696
85.0004 14.1526
96.3903 13.9359
101.005 14.0255
101.137 14.1158
98.7492 13.963
98.4637 14.1904
93.6608 14.0078
87.3748 14.0804
91.2875 13.8662
92.7398 14.3573
92.5489 13.9727
94.7651 14.268
92.5793 14.0666
97.3253 14.2236
88.6226 13.8055
96.8688 13.8604
92.7119 14.0455
89.262 13.9805
89.9023 13.9434
90.5552 14.2252
92.4392 13.9375
91.8155 13.8808
96.6783 13.8218
94.2818 14.0657
95.6807 13.8877
94.8133 13.9319
92.0754 13.9303
94.5564 14.0855
93.9296 13.5974
95.6588 13.9397
90.6447 14.3834
91.1314 14.061
94.9455 14.0664
93.6221 13.9468
90.8715 13.5316
88.5854 14.3752
92.3144 14.2366
86.9959 14.4111
84.2318 15.1278
89.5944 14.0777
90.0528 14.1408
94.1327 13.8053
95.822 13.992
91.4142 13.907
93.771 13.7228
92.6761 13.9328
95.2784 14.1897
90.4756 14.1511
90.0815 14.1847
92.2037 13.8528
91.1176 14.5038
91.1065 13.8284
91.053 14.0812
101.681 14.4617
95.3561 14.1845
96.7192 14.3466
92.3316 14.1395
90.2037 14.0956
89.3594 14.2071
96.5019 14.4376
92.1 13.7252
87.7626 14.1883
98.4338 13.687
94.9799 14.2486
96.827 14.1612
93.9917 14.2405
88.809 14.2531
93.7961 14.0958
90.8297 14.0705
94.6802 14.1899
91.6854 14.03
87.2291 14.5514
86.4875 14.1433
95.0451 13.9651
90.1437 14.1825
94.9305 14.0461
90.1766 13.7721
96.273 13.6644
97.5196 14.2533
100.131 13.8802
96.1346 13.8137
90.6712 13.9246
88.8761 14.0885
102.519 14.0688
103.031 14.1212
95.8475 13.7982
105.125 13.7039
89.5625 14.6928
91.4987 14.0969
95.9483 14.1844
96.6357 14.2489
92.2776 14.0984
101.173 14.1924
95.4306 13.9957
87.2612 13.7216
91.0627 14.5789
90.1255 14.0234
93.9151 14.2188
95.301 14.0757
92.3918 14.0347
94.6593 13.8041
90.1397 14.3727
94.1042 14.1781
89.5915 13.9886
87.6696 14.4105
97.8041 14.5461
97.4549 14.0402
90.8539 14.4583
95.6163 14.2937
94.083 13.7572
91.1415 14.5041
96.9364 13.7232
98.8735 13.9404
88.1087 13.6531
99.2495 14.3415
98.8733 14.2058
92.1604 14.1902
95.7151 13.97
93.0107 14.199
93.8327 13.8304
90.8924 14.3303
98.5107 13.8181
93.2011 14.2599
94.4949 13.8384
99.8315 13.7445
93.3813 14.2448
87.124 14.5
91.3907 14.0936
93.5305 13.9979
97.9789 13.7296
94.4573 13.7798
96.13 13.8247
96.5802 14.0615
90.1521 14.0069
92.0341 13.8295
92.1185 14.0206
90.2049 13.9978
94.6195 13.4937
89.8249 13.8702
89.8407 14.3675
93.0806 13.5876
91.4144 14.0582
90.5344 14.1571
87.7705 13.6632
87.5174 14.2093
85.1809 14.2303
88.0621 14.1983
87.5909 13.96
87.9646 14.0229
88.7157 14.3304
88.254 13.8224
87.6832 13.9388
91.1834 13.3779
86.8877 14.2738
87.2277 13.5798
91.3135 13.4791
89.4028 13.5651
88.0559 14.0967
88.8841 14.4485
89.4298 14.0471
89.5064 13.7799
86.0759 13.8052
88.3572 13.801
86.716 14.1172
87.7785 13.9639
87.2889 14.0376
86.2548 14.1444
86.2219 14.1339
90.158 14.0734
90.6243 13.8472
87.4083 13.9587
88.021 14.1489
90.2553 13.8239
86.5225 14.0864
88.5301 14.1725
84.3802 14.5619
82.9427 14.5318
88.7704 13.8644
92.7085 13.9012
90.3068 13.9156
86.1191 14.0508
83.8877 14.4233
81.685 13.7258
88.4525 14.2446
84.335 14.4068
91.7958 13.9013
91.3312 13.9826
92.3361 14.1333
90.6275 13.8115
84.8418 14.4021
86.523 13.7629
89.5254 13.7699
86.766 14.1457
86.2906 13.7879
91.5721 14.3259
85.0159 14.2579
87.0702 14.0403
87.7225 13.775
90.6373 14.1816
86.8945 14.1732
84.9871 14.3412
88.0958 14.0953
86.3326 13.8561
87.4772 13.5897
79.4406 13.9592
88.9525 14.176
90.799 13.4891
89.7885 14.0264
91.5992 13.972
93.0337 13.9308
87.9359 14.5848
89.12 13.8059
90.827 14.1305
90.8834 14.5278
92.2598 14.3797
96.343 13.79
86.3348 14.01
90.6847 14.1399
92.9207 14.0849
90.008 14.0497
91.0614 13.6801
87.255 13.8086
91.2482 13.7506
89.2124 14.2479
89.0661 14.5538
88.8611 14.0904
88.8666 14.0826
88.8611 14.0013
88.7331 14.0141
89.2972 13.8674
90.2778 13.6866
93.1561 13.6813
88.8392 14.43
87.8922 13.9581
91.0776 14.1683
89.3451 14.0608
85.6984 14.1101
88.4599 14.1308
91.8938 14.242
92.3299 13.8967
88.0705 13.8909
88.2372 14.4409
86.0799 14.0394
91.9094 13.8485
92.4247 14.1294
91.4941 13.5693
87.2901 13.7933
85.4021 14.0904
87.5289 14.3798
87.42 13.9842
87.6528 14.0283
91.4991 13.9193
84.8518 13.9555
84.3269 13.9305
86.712 14.1289
85.5318 13.9902
86.5206 14.2939
83.5437 13.975
89.892 13.9655
92.5385 13.9285
85.8753 13.7969
87.7451 13.9205
90.1118 13.9237
90.6213 14.0969
83.428 14.0625
88.78 14.2836
90.6913 14.0709
87.6283 14.0651
84.4768 14.11
85.4876 14.1066
86.8005 13.9492
87.3924 13.8252
88.0075 14.319
86.9592 14.0072
85.8665 13.9294
88.105 13.8755
87.2889 14.0864
86.0213 13.7361
86.1191 13.4219
86.2664 14.287
89.0721 14.1628
86.886 14.1564
92.0959 14.1161
89.0539 14.0949
89.2058 14.2465
86.0711 14.2545
88.2873 13.8139
85.7494 14.0996
88.1922 13.8793
86.5803 14.1677
86.4145 14.2658
88.3053 13.824
88.0621 14.3066
94.9564 13.7486
92.0382 13.9131
92.0377 14.2164
88.7429 13.8261
88.8766 13.9938
91.4363 13.8817
88.1548 13.9523
89.0306 13.8566
87.3542 13.8789
88.8597 13.8562
88.8243 13.938
85.2636 14.0548
93.5962 13.6444
94.3146 13.9506
94.5692 14.2305
94.6413 13.5958
90.315 13.8882
97.1807 13.3451
87.6345 14.2631
87.9564 14.4086
91.6052 14.0173
87.7113 14.0344
89.2796 13.8393
89.3861 13.3509
89.2862 13.9235
89.6825 13.7137
90.1618 14.6334
93.6071 14.2758
92.6151 14.2579
88.7106 13.9715
90.6859 14.1642
92.4845 13.8492
85.9629 14.0331
84.9831 13.9609
86.5017 13.9491
87.8057 14.5269
86.4793 13.5318
91.2302 13.6609
87.4734 14.1447
89.9143 13.8106
86.6248 13.7756
95.0962 13.7692
90.4415 13.882
91.9206 13.8857
86.3173 14.1312
94.8539 13.9693
85.1359 13.9641
90.8654 14.0904
93.2538 14.1249
87.8853 13.8502
93.4646 13.7542
91.463 13.9014
84.9585 13.8075
89.5967 13.8028
89.6122 13.6719
98.6123 13.7873
90.7909 13.9235
87.1199 14.0118
86.3043 14.5147
90.2185 14.2305
99.8437 13.8549
94.176 14.0882
101.768 13.9705
100.353 14.0231
93.8079 13.9595
96.7202 14.2539
88.7461 14.2468
86.4624 13.7821
87.7031 14.2632
90.8306 14.2641
88.5664 14.3003
85.8465 14.0473
90.58 13.8588
89.0793 14.1009
88.1714 14.1706
89.0486 13.8104
91.563 14.2109
87.5258 14.0047
91.8699 14.2937
92.2067 13.8181
91.2469 14.1419
88.1403 14.561
91.3612 13.727
93.1 13.93
95.0808 13.8139
99.6379 13.8368
91.7835 13.8396
93.433 14.2579
92.2334 14.011
93.1307 14.0923
94.1495 14.4117
95.927 13.9121
95.5296 14.2593
91.7713 13.7984
93.0466 14.3233
95.7744 13.8479
92.3621 14.1672
92.0776 13.8025
91.3387 14.2898
93.5844 13.6101
92.6652 14.2201
91.5621 13.8455
96.3464 13.8609
95.993 14.1841
95.0841 14.2158
93.803 13.9926
87.5746 14.3576
93.5593 14.3471
94.3048 14.0825
90.0462 14.0682
91.7176 14.1898
92.672 13.9687
99.1884 13.716
91.9244 13.9821
87.4359 14.1818
90.945 13.6619
89.7057 13.8667
89.9957 14.2286
91.8906 14.4178
89.9574 14.3823
90.0265 14.0239
89.0026 13.856
90.0384 13.8029
94.4383 14.0555
97.3362 13.6454
100.486 13.5086
99.0592 13.9602
102.066 14.1944
96.3786 14.1896
96.4848 13.9855
94.6866 13.4907
93.6328 13.9781
90.6395 14.1567
95.2853 14.0036
94.5105 14.0367
92.5072 14.3537
93.7427 13.9421
88.8397 14.3975
95.2267 14.0975
93.6809 13.9758
94.4388 14.1945
92.5682 14.1154
95.7767 14.3218
89.2829 13.6868
95.425 13.7241
87.6349 13.6143
91.7093 13.991
92.1485 14.2478
92.0677 14.1087
91.2597 13.5257
97.7883 13.9058
98.3021 13.8905
89.7651 13.8297
94.4535 13.8917
93.791 13.8476
97.6533 14.2758
89.0942 13.7221
100.369 13.8143
87.7095 13.9275
88.3963 13.6341
94.5702 13.9951
94.5733 13.9644
96.9654 13.7949
99.95 14.0308
89.0675 14.0562
97.8414 14.2377
94.1214 14.0121
90.6499 14.365
95.9897 14.0466
90.7301 13.604
92.8202 13.8318
86.1197 14.2822
100.84 13.7965
96.9138 13.8965
95.3566 13.6814
94.0175 13.6883
87.6749 13.956
84.502 14.1758
91.4924 14.2698
91.5534 14.1291
90.6534 14.2024
89.0763 14.188
93.6151 13.9984
92.4021 13.6315
89.3062 14.3714
87.9099 14.2475
97.1468 13.9621
94.5811 13.6546
89.2008 14.3621
93.6902 13.8443
89.4553 14.3624
85.44 14.1383
91.4048 14.0836
90.0555 13.9263
88.4924 14.2519
97.0047 14.062
95.767 13.9432
92.1112 14.4064
90.274 14.1726
99.6263 13.9136
92.4143 14.054
91.0806 14.1203
88.2665 14.1774
90.1651 14.0797
86.9564 13.7117
94.7397 14.0275
93.0866 13.8486
87.847 14.0794
88.1727 14.2693
90.6704 13.8622
86.3908 14.0521
90.9392 14.0271
94.1557 13.8428
90.5136 14.0801
97.6036 14.4242
94.896 13.9886
92.9868 13.7693
91.061 13.9479
90.8736 13.9749
95.2493 14.0715
89.0694 14.1333
91.5577 13.8716
98.4822 14.2845
91.2024 13.7051
90.0532 13.8888
89.9192 13.8974
89.0825 13.6902
93.0265 13.9149
92.3144 14.346
99.7384 14.1954
92.8865 14.2542
99.0502 14.2166
91.2542 14.5919
88.9044 14.2657
88.6949 14.2543
87.4627 13.7187
90.2133 13.8911
86.3401 13.9417
86.9475 14.268
91.5326 13.8871
88.9594 13.9332
89.3827 14.0344
95.9684 14.1601
92.6695 13.9379
86.4035 14.345
91.234 14.2755
97.0325 13.8184
92.4988 14.0642
91.9063 13.837
92.0834 13.8747
92.8306 14.0617
92.0653 13.943
92.678 14.0821
91.3566 14.2086
91.7036 14.1581
92.8188 13.8915
92.9278 14.3141
92.1578 14.0676
95.3327 13.9636
90.6986 14.0771
92.3577 13.9556
92.4092 14.1855
93.1411 14.0949
91.983 13.7797
97.8083 13.9185
98.2725 14.0821
97.6443 13.9287
96.9754 13.8729
96.0976 14.0082
95.0778 14.1454
95.4329 13.9042
90.0786 14.296
94.8926 14.0247
90.9678 14.0585
92.165 13.9026
92.0415 14.403
90.963 13.9303
93.1869 13.9896
98.4955 14.1191
89.3785 14.4293
91.0774 13.9867
89.8426 13.8291
89.5021 13.845
92.7171 13.9542
89.5586 14.1184
92.5344 14.1624
85.5549 14.3565
89.9628 13.8613
91.2767 13.1944
90.1403 13.9161
92.6811 14.1136
92.2672 13.7828
94.3253 13.9707
94.8294 14.0132
94.3192 14.2641
90.0832 13.8913
87.3503 14.0296
90.8886 13.8072
92.7264 13.6301
90.1138 14.0671
93.5044 14.0286
100.357 13.7925
99.0464 14.0167
101.016 13.9116
100.915 13.9585
110.253 14.0462
105.856 13.7955
111.61 13.8572
101.208 14.0665
96.5242 14.2602
100.074 13.6962
91.6662 14.1874
95.3131 14.1711
94.5527 14.3169
91.1808 14.0798
91.4592 13.8743
92.1013 14.0212
90.8443 14.8335
94.3139 13.5994
91.2719 14.1716
87.8876 13.8564
92.2785 13.8252
92.5472 13.9416
86.4723 14.4046
93.6013 14.1427
92.132 14.2334
90.9205 14.0796
88.7352 14.3694
88.8042 14.146
94.3619 14.0288
97.0061 14.2264
100.783 13.8466
104.033 13.9168
93.9505 13.9233
91.6746 14.3325
89.8691 13.8881
96.2552 14.2793
94.7968 14.0776
93.9955 14.4625
100.141 14.0805
91.6944 14.136
96.0809 14.2193
92.8802 14.032
90.3485 13.7256
103.32 14.3371
103.57 14.4234
93.5813 14.0589
92.293 14.0226
92.7745 13.8944
91.5785 14.3001
92.855 13.9612
92.8613 14.0363
98.7277 14.0236
96.2611 14.0829
92.4084 14.2972
91.5621 14.1859
92.6156 14.2401
92.7301 14.093
90.3359 14.22
95.6965 14.4321
96.8299 13.9217
92.7336 13.7364
92.2142 14.1176
91.2117 14.1557
88.0282 14.0854
85.0932 13.9974
87.6641 14.3305
92.4754 13.787
94.0584 14.233
85.8218 14.3134
82.8137 14.0282
91.0594 14.1545
91.7929 14.0212
97.9834 13.9352
97.3768 13.7364
99.9938 13.9668
97.5924 13.7943
101.457 13.6237
104.601 13.8349
91.3321 14.1676
89.6414 14.5511
94.1926 14.3414
92.4251 14.4249
91.9971 14.1886
91.6279 14.3324
87.2872 14.304
88.6741 14.2973
89.0644 14.3024
83.3749 14.5128
83.9565 13.8117
89.9774 14.2153
84.7999 14.056
90.6225 14.4078
92.8036 13.794
94.8495 14.0611
92.996 13.7846
93.3399 13.8402
93.0272 13.7978
90.1566 14.1337
91.5411 14.5197
93.2711 14.1573
93.7625 14.089
94.8353 14.3933
98.4102 14.1975
95.1274 14.1911
93.092 13.8953
93.4527 13.8363
95.8223 13.8145
94.0032 13.9878
96.5685 13.8261
93.3003 14.1176
93.4841 14.0673
91.6134 14.3162
97.0727 14.0598
96.1262 14.1654
92.6621 14.1736
90.2146 14.2124
89.6546 13.6618
92.8901 14.1498
92.3153 14.3011
93.2933 13.9561
90.6125 14.0251
87.7591 13.8023
90.2871 13.7829
92.5628 14.0579
98.8106 13.5955
89.4259 13.8099
89.8787 13.9633
92.0859 13.7616
98.0446 13.9031
92.6429 14.2336
91.3174 14.0249
90.2199 14.4035
90.3931 13.885
91.5392 14.3813
92.3132 14.1879
92.3976 14.3444
92.2191 14.3787
90.1807 14.1258
87.5359 13.7541
92.255 13.8894
94.8553 13.8007
91.8298 13.8239
84.7992 13.6954
93.487 13.8263
90.833 13.7675
89.9623 13.6396
90.6652 14.3136
93.6105 13.974
89.6593 13.9595
94.1587 13.6753
93.0848 14.3273
92.0221 14.0218
92.6865 14.2053
94.7328 14.2446
92.3149 13.5334
92.3231 14.0431
92.4069 14.2705
89.9202 14.3321
88.7388 14.3298
86.3492 14.3126
92.8496 13.9417
92.0389 14.4653
94.758 14.1841
89.5749 13.9451
96.9847 13.9726
92.8333 14.0803
98.6565 13.7872
93.9873 13.7411
93.991 13.7919
97.0848 14.516
93.4706 14.4522
97.7428 14.1909
97.973 14.2672
90.2395 13.8759
93.9952 14.0131
90.6883 14.0928
87.7852 13.5489
93.1677 14.0148
94.6317 14.0298
91.488 14.077
92.7706 13.9161
94.1379 14.5734
93.3141 14.1002
90.0737 14.2243
91.0921 14.2993
95.3602 14.4518
93.8443 14.1364
91.4756 14.2872
92.5915 14.1685
92.6955 14.2632
99.0565 14.483
100.769 14.4577
97.477 13.794
86.6562 14.2082
89.9936 14.4088
91.5774 14.4179
100.052 14.6152
98.4221 14.2141
93.2117 14.1397
96.1246 14.2429
91.7493 13.7971
91.737 14.3373
90.9026 14.441
92.5204 14.1585
87.1621 14.193
94.9711 14.2489
86.829 14.3986
90.8765 14.1725
89.9524 13.9492
92.3156 14.1739
93.5727 13.834
93.5827 14.1765
91.0717 13.916
94.3131 13.967
95.0189 13.8009
94.0944 14.4164
94.4458 14.0434
100.089 13.828
94.1214 13.9239
95.2416 13.6459
95.9235 13.9833
95.8692 14.4778
94.1917 14.0616
97.4159 14.0278
95.1759 14.122
91.6199 14.0163
91.5643 14.0213
90.6267 14.3185
90.3744 13.6625
96.2165 13.9601
96.0959 13.9154
95.8968 14.147
96.9455 13.868
95.0339 14.3242
90.8203 14.0716
97.5197 13.8368
94.1412 13.7643
96.8637 14.106
97.4701 13.7713
99.0017 13.7383
100.238 13.77
93.1758 14.2567
91.2053 13.9303
91.2863 13.9345
91.9323 13.8923
92.8361 13.8341
90.6185 14.1101
91.7986 14.7335
91.4961 14.6789
96.074 14.1209
97.3858 14.2437
88.1335 14.2985
89.4433 14.3384
86.9391 14.3442
88.4458 14.1559
89.6764 13.854
86.2517 14.0815
95.073 14.2685
93.0171 14.0509
91.308 14.0735
95.9832 13.7865
87.4286 13.9163
87.5949 13.9464
89.2295 13.9636
93.758 13.9497
91.7561 13.9424
94.1777 14.4294
94.9941 14.1291
98.2771 14.1208
98.6696 14.1485
101.233 14.3732
93.5275 14.1288
95.3815 14.3479
91.3589 14.3479
88.8713 14.1958
90.4238 14.1807
92.2445 14.0713
99.4451 14.0005
92.0556 14.0689
91.3822 14.0144
93.9957 13.7773
91.0587 13.8356
92.0969 14.4644
97.2068 14.1081
95.3566 14.0253
97.2013 14.1265
95.9471 13.9629
93.2388 14.103
96.6941 13.7728
92.6637 13.953
91.247 14.103
87.3459 14.2789
91.6995 14.0855
91.5521 13.849
90.1653 14.79
91.2681 14.2379
95.0812 14.3565
91.0134 14.1264
91.5883 14.2411
92.95 14.055
95.2193 14.1561
95.2547 14.5055
98.7386 13.8541
99.9915 13.5682
99.4378 13.9892
90.2736 14.0748
89.7233 14.2895
93.8753 13.8706
95.2592 14.1534
91.6808 14.1095
89.8246 14.248
94.1995 13.9556
90.6415 14.2835
96.8218 14.0847
99.6109 14.0324
95.3368 13.7467
91.3508 13.647
93.7493 14.2597
91.2958 14.4661
95.5806 14.1266
94.7702 14.135
90.7681 14.2952
87.3301 13.8189
89.5946 14.0191
89.2255 13.781
92.3654 13.8104
94.9523 14.4196
95.5931 14.3561
92.8923 14.2584
95.181 14.0354
93.3681 13.8284
90.3368 13.9982
93.5172 14.0747
96.106 14.1051
89.6207 14.3261
89.2541 14.0705
91.0125 14.2393
92.0573 14.5563
93.5846 13.8035
92.859 14.1943
92.8236 14.1897
92.0499 14.3413
95.3007 13.7306
97.0855 13.8591
90.3275 14.523
91.8832 13.8695
88.3141 13.9617
85.7729 14.412
92.8664 14.0844
90.8945 14.0621
96.035 14.3556
92.1016 13.768
93.3933 14.1058
92.9395 14.0965
87.9202 14.2194
92.2801 14.079
92.0743 14.3458
92.2775 13.7192
90.925 14.0993
92.9138 13.9539
92.9873 14.0747
95.9318 13.8853
97.7905 13.9519
97.0035 13.8633
93.697 14.461
97.1355 13.7845
97.9828 14.4221
95.4873 13.9667
102.904 14.2686
97.5095 14.2377
93.9661 13.9596
88.3855 13.9258
94.5158 14.4103
90.7341 13.7774
91.0954 14.1896
91.2595 14.3481
93.7504 14.2858
90.7983 14.2526
97.8733 14.2936
91.5676 14.2045
95.7245 14.1784
93.1141 14.5335
93.0228 13.9348
96.9459 13.9123
89.4658 13.8447
94.497 14.281
92.5405 14.446
97.3404 13.9199
95.6752 13.9982
93.8675 14.0173
93.3769 14.2519
93.7789 14.3649
91.4306 14.3481
93.348 14.1404
87.9878 13.9424
95.5153 13.8518
97.7534 13.7888
93.8458 13.661
95.2861 13.69
92.7213 13.8269
96.3937 13.8586
93.4164 13.8905
92.4698 14.2815
91.0536 13.8808
91.9544 13.7624
93.7696 13.7403
95.4425 13.9863
92.2574 13.923
90.6369 13.9348
98.4928 13.7947
93.8985 13.6207
92.7037 13.7795
92.3896 13.785
95.5631 13.7903
99.9704 13.9584
95.1182 14.2978
95.316 14.2276
98.2621 14.0339
90.9426 14.0979
92.4946 14.1727
93.3652 14.4124
93.6242 14.0024
94.0566 13.9228
91.457 13.8926
93.2564 14.1098
92.1652 14.0471
96.6976 14.0586
95.9982 13.573
94.4114 13.736
92.7091 13.6903
94.6299 13.8505
94.1615 13.9933
94.9176 13.8833
93.1996 14.0235
97.0563 14.0774
92.3002 14.1506
90.0844 14.1642
95.2677 14.04
98.451 14.0153
91.2845 14.0468
91.117 13.9273
92.6283 14.1091
89.9963 13.8542
92.3106 13.8202
96.8304 13.7928
90.7688 13.7961
94.7876 13.8408
95.7584 13.8392
94.4348 14.0148
95.1259 13.9096
96.363 14.1748
94.2258 14.2224
95.955 13.9339
94.0257 13.8792
94.9248 13.9035
92.009 13.8258
94.9299 13.9728
92.3295 14.0646
94.1063 13.4883
92.048 14.0832
93.3711 13.9485
96.8238 13.6919
87.892 14.257
91.4251 13.8369
86.4044 14.0656
90.5039 14.7198
90.5735 13.9923
89.9746 13.8381
90.7753 14.3436
91.2438 14.0545
91.6453 14.5566
91.1326 14.0269
86.2093 14.1251
95.3411 13.997
96.3931 14.3857
94.374 14.2373
89.7562 14.2195
91.7592 14.3665
90.5144 14.0667
94.548 14.3774
98.523 13.771
93.8184 13.3852
93.1093 14.2385
93.7664 14.1049
90.2338 13.8913
95.6548 13.8495
93.7527 14.1548
89.4048 14.1508
91.4378 14.0624
90.2451 13.977
90.5382 14.5026
93.5648 13.9962
94.125 13.9522
94.3187 14.2695
94.9523 13.9441
93.6517 13.6145
93.7018 13.8079
94.4987 14.2487
97.5497 13.8852
98.3959 14.0471
95.1223 14.0132
93.692 14.1108
93.0813 14.297
91.9244 14.2577
89.2185 13.946
92.4411 14.0549
91.1207 14.0238
84.861 13.9587
85.4893 14.0832
94.3083 14.5145
93.1896 14.2218
91.7571 14.1314
92.2701 14.4196
93.2466 13.9488
99.2707 13.8284
95.8391 13.8044
98.0031 13.5691
97.5444 13.7682
94.6417 14.3621
94.4094 14.3885
90.8 14.027
90.8597 14.6397
88.8268 14.0199
88.2361 14.3328
97.1636 14.1349
98.8315 14.0217
94.9591 13.7568
93.2395 13.9346
94.9532 13.9261
95.9785 14.1287
88.3602 14.498
89.4563 14.2774
89.1875 13.999
88.6378 14.1842
98.6602 14.4907
95.2348 13.788
93.3257 14.1019
90.5335 14.396
89.7474 14.3676
92.2202 14.2523
95.3394 14.0774
94.9688 13.7646
90.929 14.0628
95.0056 14.0764
91.9566 14.0738
93.047 14.0762
96.9656 14.0398
94.8681 14.0703
99.1581 14.1417
91.7147 13.733
93.2655 13.7314
93.5396 14.2111
92.5737 13.9772
91.3284 14.0871
89.9077 14.3669
91.928 14.0284
92.3696 14.0981
91.5507 13.6868
90.6796 14.036
87.5495 14.0637
99.9048 13.9552
90.8782 13.7039
99.3346 14.0549
98.0872 13.8663
100.207 14.0256
92.4425 13.9108
96.1892 13.929
95.1028 13.9187
90.6677 13.9046
90.5297 14.0221
98.7945 14.0833
94.631 14.0719
95.7418 14.1336
93.6895 13.9845
97.3122 13.6327
93.7013 13.7718
92.9419 13.6881
91.5115 14.3378
92.0227 14.193
94.3575 14.0025
94.9339 13.7025
101.186 14.2655
97.493 14.2253
94.2968 14.2988
97.6505 14.012
96.6661 14.1367
99.6587 14.0245
97.6367 14.045
99.5042 14.2234
97.1982 14.221
97.6 14.2251
93.9251 14.226
93.2658 14.2286
90.6319 14.1318
91.8929 14.1511
91.3942 14.1146
92.6583 13.8963
91.2744 13.9644
97.1794 14.1844
97.2461 14.0295
96.2416 13.8139
93.5569 13.7505
97.3251 13.7456
97.0286 14.1874
96.1668 13.9723
91.0304 14.346
91.5582 13.8931
92.8995 14.1047
94.6343 14.0841
94.294 14.0521
90.7264 14.2522
94.9635 14.1761
95.5531 14.3455
93.7059 14.4833
91.3435 13.6381
95.8448 13.7926
92.4881 13.7644
91.5818 13.7054
95.2029 14.2917
96.5898 14.3443
95.1706 14.475
95.1236 14.4525
95.4168 14.2382
94.0983 14.4021
94.2301 14.0257
98.167 14.0094
94.0009 13.9957
92.542 14.1131
90.0623 14.4095
86.2862 14.2741
89.963 14.3444
87.286 14.2169
90.9777 14.3027
91.8151 14.1799
94.2512 14.1601
93.4183 14.2683
89.9999 14.0283
93.3031 14.135
93.6255 14.0568
95.202 13.8216
91.7732 13.8357
91.6011 14.1049
95.3982 14.0975
91.2446 14.0644
90.3012 13.973
98.5291 14.0159
89.2094 13.719
90.7936 14.2857
90.9691 14.3649
92.8772 14.1489
95.6243 14.5098
93.4122 14.1012
93.6748 14.169
96.6481 14.1906
96.7181 13.8785
97.7591 14.334
97.029 13.9559
92.8515 13.8287
91.7075 14.1259
93.685 14.2317
99.9162 13.6344
94.5792 13.6935
93.1333 13.9246
92.1604 13.9274
94.6899 13.7532
94.4029 13.8547
93.1151 13.9693
93.0549 14.1195
96.8489 13.6786
95.7227 14.1193
102.118 14.0059
92.6567 14.1374
92.1439 14.1541
92.9222 14.1132
94.1288 14.0179
94.5567 14.0711
95.2858 14.042
94.7992 14.064
91.2807 14.0658
88.6778 14.0682
89.489 14.0593
91.756 13.9178
91.4927 14.0131
96.6967 14.1817
97.0075 14.1572
93.4512 13.7019
95.3011 13.9461
90.1515 13.7759
88.699 14.7911
86.8268 14.6077
91.4697 14.4333
92.8959 14.5333
92.3245 13.992
92.0906 13.7728
93.4264 13.9258
95.1653 14.4891
100.443 13.5948
99.3075 14.0394
99.2603 13.9026
97.8498 13.9697
95.8781 14.3901
95.1922 14.1355
95.8528 14.0742
94.7703 13.8985
97.6522 13.7855
95.0498 14.0766
95.5126 14.1012
98.1708 13.4456
95.7277 14.1339
96.0715 14.1441
94.9305 13.9966
95.6566 14.0312
100.462 14.4809
99.9961 13.9952
93.6386 14.2313
91.5575 13.9657
92.1791 13.9985
94.9051 14.0743
94.8578 14.0787
96.5486 14.1882
91.8028 13.9781
93.2959 14.3753
90.6851 13.8469
89.964 14.1963
94.4701 14.2746
92.9536 14.2746
92.3568 13.95
92.5736 13.8788
92.6856 13.8381
92.4936 13.9764
91.1989 14.379
91.4485 14.3255
92.5186 13.9614
94.9286 14.2587
95.1947 14.477
95.1947 14.0594
94.8428 14.188
94.4911 14.3373
88.714 13.9196
92.538 14.4281
91.9991 13.9324
92.2057 13.8552
90.7691 14.1416
92.3941 13.8785
93.6158 14.0693
95.7224 13.8187
94.024 13.9466
94.1571 13.559
96.2079 13.7725
91.2011 13.6446
93.7183 13.646
95.2184 14.046
94.7665 13.691
95.7496 14.094
92.3441 13.8649
97.084 13.7988
95.2052 13.8257
93.6731 13.7936
92.6788 14.2612
90.9517 14.2739
89.335 14.7465
94.0064 14.0711
92.2821 14.1583
87.3779 14.1937
88.2547 14.3072
94.68 13.8744
95.0655 14.3837
89.7524 13.7905
92.1904 14.1082
96.671 13.7391
93.3359 13.3926
97.8229 13.7119
96.2339 14.0959
97.9824 13.687
96.7707 13.9931
98.2576 14.0869
98.5094 13.6883
95.6351 14.5849
97.3879 14.2324
97.5082 14.4741
97.8565 14.0127
91.6033 14.109
92.8652 14.1669
94.2273 14.0191
94.7174 14.0457
94.1553 13.562
96.6854 14.3945
92.1882 14.2342
90.7574 14.4779
91.5625 14.0013
90.4249 13.9863
94.5416 14.0176
91.1973 14.0264
95.709 14.0555
95.2374 14.0415
94.5642 13.6189
94.2624 14.1709
94.3406 14.0995
95.2478 14.1576
94.9312 14.1625
93.1866 14.1288
89.8106 14.0908
95.4199 14.4205
100.952 14.1434
91.9415 14.0117
92.688 14.0709
92.1549 14.0744
93.0116 13.9317
93.5785 13.7843
98.0419 13.6009
95.9117 14.5455
97.1111 13.9424
95.5434 13.8014
96.0974 13.7847
92.3414 14.4887
91.3075 13.9634
90.0199 14.349
91.6708 14.3716
94.2905 13.6606
87.5724 14.4931
91.1737 13.7817
88.6537 13.9533
91.8202 13.8692
95.4002 14.3019
94.7058 13.7651
94.8161 14.1525
91.8674 13.8323
91.7494 14.0731
94.7415 14.0307
96.1856 13.9338
96.1602 14.2799
87.0839 14.0902
93.4456 13.9553
95.4598 13.6411
96.9354 13.9455
95.6482 14.216
94.245 13.9828
94.1836 14.1805
93.6597 14.2682
89.9691 13.721
91.9555 14.0059
93.88 14.3078
90.6502 14.3499
93.0008 13.7022
92.772 13.7194
97.8524 13.8205
100.219 13.6247
96.9063 14.0157
94.684 14.34
95.9075 14.2462
94.5561 13.9284
93.9519 14.1195
94.26 13.6719
99.6786 13.9162
95.7417 14.0077
95.6747 14.1874
93.3557 13.9163
90.4066 13.6947
88.8468 14.1619
92.5068 13.7508
91.1401 14.2888
96.6549 14.0279
94.9688 14.2774
91.1791 14.367
94.9509 14.377
91.9696 14.1925
90.7494 14.1244
93.9221 13.7568
93.3892 14.0412
91.4943 13.868
93.6717 14.4876
99.6701 13.8565
94.733 13.9968
95.0058 13.88
93.9781 13.998
92.6685 13.9534
98.0622 13.8755
92.7029 13.8987
92.073 13.8451
92.3162 14.1043
88.4651 13.9053
92.1759 13.6123
87.0406 13.9408
89.5649 14.6039
91.7716 14.3693
98.5241 13.8659
97.3941 13.8371
99.1475 14.0592
97.6303 14.117
98.2356 14.0916
97.342 13.96
99.5003 14.0383
98.1426 13.955
91.6331 14.2232
91.7139 14.3486
92.0714 14.0335
92.5737 13.8582
94.0895 13.7576
92.9337 13.8927
97.0433 13.6633
94.7534 13.3765
93.1206 13.9015
94.3469 14.0475
95.9819 13.8364
91.7707 13.8859
89.2718 13.7366
89.6173 13.9265
90.9116 14.3005
91.6772 14.4154
96.0053 14.3738
94.0233 13.8829
96.8839 14.1037
87.7469 13.5912
89.7017 13.904
88.5651 14.0373
92.4828 14.0335
93.8976 14.0359
93.4861 13.9529
90.2298 13.8752
94.1144 13.7903
91.0117 14.1767
94.7846 13.4595
90.7471 14.4286
93.6676 13.8347
93.0198 13.9359
93.8983 14.2902
90.1939 14.2502
96.7175 14.444
94.7339 14.1882
94.6199 14.2276
94.926 14.2795
95.2292 14.0651
92.1012 13.8224
95.4172 13.6277
91.8153 13.8629
95.1487 14.0804
91.7736 14.0503
88.5762 14.0758
92.3066 13.9463
91.5919 14.6012
91.7382 13.9722
94.3134 13.8985
98.6736 14.0058
93.1263 13.9351
95.738 14.0594
93.5423 14.0862
95.6157 14.0107
93.5775 14.1186
95.7264 14.0482
95.4662 14.0304
94.8778 14.1187
93.1873 14.0882
92.355 14.5632
93.5134 14.311
94.459 14.2126
97.5082 14.1572
96.4376 14.389
94.0722 14.1982
93.3312 13.8648
91.9462 14.0707
94.064 14.0155
98.5218 14.2603
91.961 13.9765
94.5658 13.7244
90.9658 14.1249
92.9561 14.1012
96.1552 13.6578
98.1662 13.8902
99.6912 14.073
96.2816 14.2054
95.7888 13.6465
94.7775 14.148
95.766 14.1418
92.5631 13.8854
93.3263 14.1956
96.7556 14.0863
95.6208 13.8722
97.7808 14.0816
93.6943 13.9338
93.605 14.0548
95.267 13.9572
95.0039 13.8799
97.655 13.8124
93.0522 14.0249
89.2315 14.0482
91.5752 13.8025
89.0825 14.366
91.3709 13.6801
94.2934 14.1323
95.7859 13.9589
90.6922 13.7545
93.0508 13.7017
95.1483 13.7454
92.8561 13.7494
94.7115 13.8083
91.2384 14.1028
92.7485 14.0813
93.0042 14.3226
94.1313 14.1318
96.8949 13.9022
92.4108 13.9896
98.0307 14.2576
91.4165 13.9869
91.0023 13.5573
91.5447 14.6457
92.9968 14.1443
92.9855 14.2512
89.8266 14.1465
90.7919 14.4375
93.2324 14.2797
98.5556 14.198
93.5013 13.723
95.2713 13.6697
96.8752 14.2794
93.2484 13.8601
93.7325 14.1326
90.5837 13.9213
89.5348 14.1445
92.5452 13.8563
90.4338 13.6158
92.2837 14.3259
97.306 13.8889
93.1121 14.0011
95.0027 14.0954
97.0386 14.1559
91.0903 14.4379
89.9838 14.1768
93.7138 14.1128
95.8376 14.0422
96.1912 14.0244
95.8226 14.0492
92.1247 14.0774
93.0041 13.9459
93.383 14.03
89.3072 14.1962
92.8005 14.1061
89.4193 14.004
91.6469 13.8447
91.9075 14.0317
90.0094 14.3951
89.5492 14.6494
90.9199 14.3711
90.2111 13.7465
91.5944 13.7607
91.1741 13.7593
91.6765 14.0818
93.5023 14.1157
85.8108 13.9588
89.7029 14.0924
89.9652 14.0179
90.4793 14.0939
96.6152 14.201
91.1781 14.0563
95.7765 14.1253
96.9226 14.2212
95.7752 13.1757
97.2874 13.9093
97.6501 14.0291
89.9754 13.9268
97.192 14.6736
96.1811 14.3297
93.7548 14.1905
92.4067 14.1007
94.5135 13.7658
90.2874 14.2259
95.0792 14.4356
94.5736 14.3176
92.6444 14.2026
93.612 14.184
93.0592 14.0662
98.204 13.6775
95.8792 14.0184
96.3383 14.0101
94.8421 14.0337
93.1282 14.4376
93.4684 14.2448
95.4256 14.2703
89.9976 14.2388
91.0309 14.0966
90.8988 13.8694
90.0125 13.6271
93.761 13.8498
98.4654 14.3849
93.3992 13.8964
95.8619 13.9612
95.3286 13.9762
95.745 13.9106
95.4689 14.3793
96.324 13.7041
93.3708 13.568
92.8089 13.9815
97.3572 14.0684
89.1845 14.0004
88.847 13.8181
92.943 13.9333
95.958 13.6596
86.3379 14.118
90.3538 13.8794
95.6655 13.5603
96.0814 13.7738
99.2289 14.3233
101.423 14.2429
94.2575 13.8368
98.6261 14.0634
96.1518 13.9336
91.3311 13.9989
90.1996 14.0465
92.0744 13.932
93.4997 14.1596
89.5903 14.4876
95.9509 14.1872
91.4533 14.3481
93.3967 14.1676
91.4231 13.8502
90.9236 14.1815
92.0657 13.9614
92.1628 14.0814
92.3812 14.0676
92.5597 13.965
96.8412 14.4576
96.3671 13.8372
96.195 13.6845
96.3908 14.3645
91.8948 13.8066
93.9465 13.8729
94.9978 14.1523
93.2261 13.6121
100.331 13.8552
96.2818 14.3047
95.3878 13.9097
96.0496 14.3777
95.6528 14.2833
94.5456 14.1948
89.967 14.0756
92.8517 13.9479
89.1131 14.1239
90.0409 14.286
90.6725 14.101
88.8389 14.1255
90.3432 14.1237
92.3283 14.1413
92.8726 14.133
95.8938 14.2193
93.2668 14.1981
93.0031 14.0485
93.655 14.1818
91.453 14.2319
91.0641 14.3577
90.3657 14.468
89.7467 14.4232
92.1652 13.8063
94.8474 13.9618
92.5995 14.5085
92.8672 13.9184
91.5628 14.1825
91.039 14.3994
90.7811 14.1853
91.8089 14.0363
88.4559 13.4618
92.7586 14.2827
92.5406 13.9565
93.5847 14.0515
96.6664 14.3919
95.3986 13.7055
95.8135 13.7339
98.0355 13.6292
95.1099 14.0187
94.3383 14.3553
97.9549 13.6651
101.115 13.8352
89.561 13.4616
96.7146 13.3656
97.0612 14.2166
93.8836 13.6546
98.3002 13.8496
96.6842 13.7768
97.0004 14.0452
95.8671 14.157
100.347 14.366
99.3981 14.3536
101.736 14.1378
95.756 14.5607
94.0123 14.5047
92.7563 14.1342
92.8219 14.4197
99.9263 14.2551
92.7763 14.1125
93.3038 14.0184
90.5151 13.8081
90.5728 14.1208
94.0912 13.9131
91.1833 13.9424
92.288 14.3028
91.7851 13.7023
97.4956 14.4392
91.7235 14.0116
91.1792 14.4675
90.733 14.183
94.2682 14.2114
91.2199 14.3123
93.675 14.5209
99.3826 14.1045
95.8543 14.1749
92.9348 14.0286
89.8113 14.452
92.8026 14.2592
99.4282 14.0925
92.1367 14.1986
94.4534 14.1817
91.1342 14.4107
95.5444 14.3224
95.6979 14.3203
93.3578 14.2912
93.2553 14.024
90.7269 14.0936
89.3245 14.1749
91.7295 14.1016
92.3281 13.8033
91.9378 14.035
96.7026 14.1159
90.278 14.1388
94.97 14.1694
96.4061 14.0511
93.1967 13.8691
94.2198 13.4393
93.8482 13.9229
100.084 14.0609
99.7892 13.5676
98.8967 13.7117
99.1988 14.4164
99.2022 13.9361
96.2341 14.1854
98.4948 14.2809
93.2378 13.7913
93.1423 13.8587
94.069 14.0531
94.2001 14.2226
92.8121 14.0236
94.2477 14.0707
94.9388 14.0879
92.6314 14.0852
95.7722 14.1071
87.3476 13.947
90.7158 13.813
94.462 13.9085
95.2654 13.8214
96.6061 13.7833
94.981 14.189
95.3651 13.996
97.2103 13.9994
98.0592 14.4878
99.5876 13.5685
95.9985 14.2342
96.3706 13.9976
97.8079 14.198
94.8683 14.0797
95.2477 14.1058
92.3187 14.0551
92.7153 14.128
94.5762 14.3379
88.5381 13.9553
96.6665 13.7436
93.9585 14.0048
93.3525 13.9573
94.3024 14.2119
94.1976 14.4365
90.0706 14.2372
96.0625 13.9566
96.6484 13.9991
96.7774 14.3348
94.6167 14.2124
91.3364 14.2415
94.4336 14.0701
93.6089 14.474
92.6591 14.5657
89.7082 14.306
92.8024 14.0889
94.8472 13.7633
94.4659 13.777
88.8985 14.086
88.0355 14.3222
95.9107 14.1442
91.402 14.0403
94.4419 14.2587
91.4443 14.2681
94.5183 14.3186
94.7641 13.9702
93.5049 13.9612
95.2387 14.0521
94.9073 14.2713
98.0152 14.3234
90.3697 13.5746
92.7992 14.0643
97.5726 13.7259
91.7971 13.9557
94.2387 13.9573
91.0419 14.37
97.4393 14.3005
95.2726 14.129
95.0533 13.7924
96.7727 14.1447
95.4386 14.1113
94.8308 13.9412
91.3722 14.1042
88.9669 14.1854
89.6848 14.1138
93.0109 13.7328
92.8358 14.1789
90.6646 14.2017
91.9387 14.3612
92.7022 14.4074
88.9376 14.5859
94.2906 14.273
90.841 13.9256
89.0608 14.274
96.6098 14.1266
97.6773 14.3803
95.29 14.3198
94.5814 14.1772
95.4173 13.8724
89.0872 14.2143
95.1311 14.0536
93.2019 14.0535
93.1297 14.009
97.611 14.0152
99.0844 14.053
97.1237 13.8344
103.023 13.889
88.7034 13.8513
91.5777 14.4307
93.1153 14.0062
94.1793 14.4297
94.5734 14.1332
95.297 13.6047
96.7049 13.8093
98.6307 13.8086
98.9074 13.8013
96.4703 13.9253
94.6441 13.8441
94.8943 14.28
89.811 13.9961
91.0264 14.0765
94.016 13.7986
91.9679 14.1359
90.4886 14.3966
91.7717 14.0786
90.2144 14.0637
94.3248 13.9622
92.4321 13.8864
86.8624 13.9116
86.8624 14.4243
93.8493 14.0131
93.925 13.9427
91.1288 14.1867
96.352 14.2568
97.3261 14.2466
93.9509 14.115
94.2271 14.4008
95.0809 13.9832
96.6088 14.1492
99.9098 14.1214
88.5558 13.6842
91.9209 13.985
89.9478 13.7576
93.5173 14.2595
96.1122 14.042
92.7557 14.1454
93.8177 13.7983
91.2287 13.9907
93.5426 13.8951
94.1329 13.7499
93.9944 14.0919
93.9536 14.0165
92.6152 14.0177
93.5279 14.0396
95.7146 13.8489
95.1081 14.2116
97.262 14.0132
96.6441 13.8901
95.533 13.8189
95.5696 13.8695
95.2336 13.773
97.3681 13.9928
90.3563 13.8115
92.1616 13.9125
91.6845 13.9629
94.4909 14.4943
91.8285 13.9102
98.1414 13.9662
94.2869 14.0672
94.1462 14.1344
92.6996 13.7618
90.2828 14.0498
93.4073 14.0306
99.6294 13.927
93.8786 13.9159
96.5081 14.2037
92.7205 13.9618
93.0343 14.0624
91.4485 13.8907
93.3172 14.4225
94.3184 13.7638
93.7858 13.98
96.9543 14.0155
90.1273 14.1478
85.3242 14.5552
92.1505 13.9971
90.3336 14.4374
90.3299 14.2378
89.8082 14.1566
94.485 14.0651
93.5532 13.9775
95.3421 14.0615
91.9602 14.5903
94.0291 14.2145
96.5932 14.4333
91.9206 14.2856
92.3233 14.5076
92.0802 14.443
91.6955 14.2379
93.9484 13.7868
92.994 14.304
93.6323 14.0605
95.3889 14.5054
91.336 14.3329
90.8199 14.1271
95.2028 14.0821
93.2589 13.9775
94.3836 13.844
97.0216 14.3025
96.9589 13.7146
95.6789 14.0592
95.6259 13.6991
97.003 14.0845
99.0657 13.9503
94.3721 14.0754
96.2945 13.8634
97.021 13.9589
94.2411 14.3462
95.0233 14.1644
94.1724 14.0031
94.3391 13.9818
91.4477 14.4332
98.561 13.8715
94.2434 13.9635
92.0742 13.9779
87.9749 13.5172
91.1106 13.976
93.7149 13.8491
94.4339 13.8559
93.9771 13.9153
96.2937 14.055
92.5329 14.2621
93.3301 14.2328
93.0918 14.0596
96.1155 13.7905
99.0006 13.7098
93.3457 14.5191
96.8898 14.2077
96.1932 14.5227
95.2422 13.4748
94.9951 14.085
96.546 14.1789
94.8124 14.71
91.4858 13.9594
93.5077 13.7889
92.821 14.287
89.3224 14.2968
93.6197 14.461
97.3958 13.5539
91.1303 13.7706
90.2411 14.2957
92.6719 13.9036
98.7004 14.0208
94.974 13.8011
91.6804 14.3517
95.6997 14.0151
96.5756 13.7866
98.8483 14.1889
91.9156 13.3746
93.4706 14.2499
95.9626 13.6019
96.3823 14.3911
91.5378 13.5642
91.7691 13.9684
90.1531 14.1137
90.7382 14.0431
94.4704 14.4799
96.8416 13.9218
94.6566 13.994
96.6656 14.0235
92.9589 13.8496
94.1456 13.9239
93.9482 13.7998
95.536 14.1364
92.8194 13.9253
92.7397 13.6887
91.3233 13.7276
93.0739 13.8387
90.198 14.0286
94.6735 14.0111
94.8179 14.3758
94.73 13.8823
90.9387 13.9325
90.2707 14.3307
92.5363 14.2309
92.5297 14.582
91.9867 13.9217
91.7625 13.9237
93.0878 13.8674
95.5768 14.165
90.8515 14.0528
98.0036 14.276
91.4847 14.087
92.561 14.1188
92.1976 14.0701
92.7808 14.1372
90.6541 14.1524
91.8993 13.9534
90.9803 13.794
93.6941 13.8978
92.681 14.245
96.102 14.0998
91.9559 13.912
91.0193 14.3934
90.0281 14.227
95.0133 13.7428
96.3099 14.0629
92.5614 13.7647
93.5331 14.2327
93.6188 14.0212
93.6153 13.7837
93.8552 14.1796
92.8231 13.9247
95.044 13.7371
90.9935 13.8164
92.3737 14.0566
90.2417 14.0715
91.2504 14.263
91.4457 13.9871
94.3433 14.1123
97.6371 14.2779
88.8279 14.0188
95.3126 13.6676
88.9812 14.2068
88.9932 14.2884
89.3611 14.6322
91.098 13.5403
91.0792 13.9782
92.7638 14.0007
95.4286 13.9806
88.943 13.8122
89.2437 14.2039
90.3558 14.2753
94.5672 14.4571
90.7262 13.9394
95.1318 14.1275
95.1805 13.7694
95.396 14.0126
90.1053 14.1795
92.1653 13.9376
90.3135 14.2604
91.7101 13.8189
92.1469 14.4641
92.7118 14.3387
93.3526 14.0645
92.812 13.7803
94.3837 14.0961
89.5998 14.0475
91.558 14.2247
94.2855 14.0259
93.8898 13.7793
92.3591 13.8782
96.9755 13.9064
99.5083 13.7361
95.0254 13.7367
90.9074 14.1583
95.095 14.1725
93.187 13.9354
97.733 14.3093
98.6705 14.1061
91.4484 14.1751
95.3945 13.9984
94.1066 14.3617
90.8586 14.1721
91.8408 14.4184
92.535 14.3949
94.7233 14.2066
98.8095 13.9287
93.5332 14.0622
91.2345 14.2121
98.9265 14.263
93.9225 13.5923
94.2349 13.7933
95.4844 14.1669
93.4756 14.072
88.3949 14.1939
93.8346 14.2596
93.6273 14.4042
92.1934 14.1238
97.4986 13.9888
98.9064 14.1447
91.9151 14.572
93.7931 14.0255
95.2511 14.0699
94.6072 14.0891
88.1813 14.0531
88.6556 13.7485
90.8985 14.1407
94.2458 14.2033
95.9911 14.1478
95.6301 14.3134
95.1761 14.1364
92.0484 14.0969
94.2802 14.1239
89.9406 14.4128
94.0243 13.9571
88.9543 14.0198
89.4168 14.0815
91.7199 14.0858
89.6974 13.8951
93.1684 14.1459
90.5669 13.6645
93.0214 13.6645
94.7059 13.6588
99.1496 13.783
99.0938 14.024
93.3832 14.1871
93.0383 14.1727
93.2164 14.4186
94.7265 14.1557
99.7458 13.8037
98.9878 14.0589
95.5505 14.1546
96.9802 14.149
92.5265 14.2114
93.0458 13.8691
91.3315 14.041
91.7621 14.3403
94.7468 14.0548
92.8325 13.7298
93.551 13.8765
94.0262 13.9056
88.4143 14.3017
94.2516 14.0296
97.3319 14.4203
94.3534 14.0209
89.3291 14.0321
94.207 14.2565
94.1128 13.9307
92.4585 14.1316
94.4512 13.9676
93.2812 13.74
97.3089 13.6478
96.1479 14.0254
96.5127 14.149
97.5187 14.0846
97.7479 14.0021
94.2157 14.1224
86.9068 13.9077
89.2008 14.2623
85.5164 14.0384
89.6466 13.7526
87.2888 14.0119
89.0844 13.9916
96.1814 13.8686
100.756 14.1204
97.4296 13.7836
94.1477 13.6363
93.9711 14.1408
88.6558 14.0743
88.0338 14.2257
87.8396 14.1872
90.087 14.31
91.15 14.1434
96.6823 14.21
93.2427 14.0227
92.7841 13.5942
90.2266 14.4267
90.9426 13.8441
91.9351 13.8511
90.5247 13.6654
93.0184 13.8735
87.4016 14.0316
90.2978 14.0376
93.3487 13.6403
91.7254 14.2951
97.2552 14.2793
92.1701 14.6568
97.9212 13.8525
99.3098 13.4526
99.9069 13.6023
98.776 14.1785
92.6348 14.4957
92.2317 14.0537
94.9215 14.2211
88.3545 13.9175
88.0075 14.1289
93.921 14.0687
93.7476 14.066
92.1478 13.9542
87.1224 14.1263
89.8547 14.0998
94.1542 14.2479
91.4504 14.3303
89.212 13.9511
91.0608 14.1662
89.1506 14.6681
97.6992 13.9862
100.285 13.5782
99.8181 14.1189
94.3673 13.9551
92.3531 13.3251
96.028 13.9156
95.8786 13.7601
93.0397 14.2764
96.326 13.8719
92.3768 14.2494
90.161 14.2729
90.9724 13.981
92.0272 14.1726
90.7914 13.845
97.8257 14.2582
97.5731 14.0621
100.31 14.0146
91.7871 14.008
96.1282 13.9398
96.5393 14.0565
97.6755 14.0204
96.9474 14.1626
100.012 14.0519
98.9668 14.2883
93.3645 14.6004
96.8524 14.17
94.9622 14.0493
91.7116 14.1505
93.1803 13.7688
96.6004 14.0417
93.3291 14.101
95.3757 13.8901
92.6938 14.0482
89.1107 14.1574
88.2372 14.2344
89.7511 14.3358
97.0841 13.8773
93.7052 14.2961
95.5993 14.0879
98.6521 13.8173
94.3787 13.9614
93.7887 14.1402
91.2879 14.272
88.1676 14.1703
85.9798 14.1704
90.3227 14.0401
93.5437 14.2422
97.0706 14.0698
92.0786 14.5622
94.2199 13.5893
93.9539 14.1753
85.8032 14.374
92.5055 14.3216
95.3016 14.1735
99.2326 13.5036
92.1076 13.7756
93.6297 13.7883
91.9469 14.011
91.6509 14.1956
88.2944 14.1142
93.1959 14.1081
92.255 14.1379
91.5527 14.0009
91.1461 13.9292
89.9463 13.9225
88.0745 13.7249
89.0496 13.9787
96.0811 13.8139
90.5504 14.2353
92.6079 13.9311
91.8992 14.5869
92.5214 14.1153
92.5174 14.361
89.9508 13.8585
93.8094 13.8277
91.5501 14.0339
93.1242 14.2
94.9258 14.4441
93.5422 13.8105
94.2253 13.9279
95.239 14.0274
93.2139 13.9667
88.5041 14.1592
92.1287 14.1794
89.0684 14.1561
93.414 14.2554
89.6521 14.0368
90.1576 14.4404
95.3058 13.9551
88.6466 13.7322
91.9615 14.0109
91.2462 14.079
88.0161 14.0723
90.4052 13.9436
92.5349 13.9105
94.5098 14.4123
95.2742 13.768
91.0638 13.8244
88.8897 13.4967
93.739 13.8819
95.5301 13.8661
93.7046 13.9442
91.1024 14.0137
92.0707 13.9942
89.9148 13.9077
90.0364 13.8253
91.1079 13.8936
93.135 13.9145
94.0672 14.0611
88.2177 14.2052
93.429 13.7288
92.4454 13.9001
94.597 13.7319
90.4605 13.6551
85.2373 14.243
89.0156 14.101
94.1406 13.6781
93.5844 13.7382
90.7766 13.9863
89.5585 14.2132
101.578 13.9982
93.585 14.0533
90.2514 14.0902
97.9149 14.4231
97.5556 13.8932
95.5441 13.9969
96.1432 13.8384
91.6295 14.3053
93.9531 14.5182
95.0447 14.2084
89.3014 14.532
88.349 14.2411
87.8878 14.3719
93.6156 14.2431
94.5611 13.9002
92.8756 13.9841
94.3765 14.0415
87.6884 13.8599
93.1805 13.9542
94.5661 13.834
88.5165 14.067
89.6423 13.8904
86.8449 14.1811
90.375 14.1339
90.6045 13.9708
91.4355 14.1171
88.2153 14.203
93.8106 13.8631
93.7048 14.0833
94.4163 14.1063
88.5734 14.025
94.9206 13.8556
92.4732 14.1029
95.7759 14.1544
90.2125 14.2708
94.8355 13.8818
90.8352 13.9926
93.2802 14.2146
91.5328 13.4676
88.9626 13.8709
90.3262 13.8576
89.0811 14.3962
86.1203 14.0227
86.3029 14.0036
92.0233 13.9572
90.1337 14.489
90.4167 13.9573
93.3196 13.7639
92.6204 14.1178
89.126 14.0568
89.4884 13.7436
89.1681 13.7596
91.3059 13.6192
91.2921 13.9661
91.7452 13.8321
91.8052 13.9469
95.3234 14.0154
97.4482 14.177
97.3413 13.9387
95.7347 13.9405
96.3541 14.1511
89.5208 13.6958
89.4846 14.1063
86.8364 13.9711
96.6352 13.7813
95.688 13.6483
90.3004 13.9176
91.9508 14.0404
94.045 13.9848
97.0957 14.0077
97.5213 14.0248
95.8429 14.0207
95.3331 13.896
91.8128 13.7367
83.9022 14.1657
86.3495 14.4214
89.4302 14.2289
87.6549 13.7231
89.1888 14.0052
88.8879 14.1084
89.6788 13.8058
90.4957 14.1071
90.4288 13.9591
89.3698 13.9646
91.788 14.0616
87.0222 13.9412
91.9889 13.828
87.6448 13.8075
87.8776 13.6813
93.6193 14.4263
90.0637 13.9679
94.4487 14.0261
90.8041 14.1918
85.9891 14.2208
89.8936 14.4499
90.3546 14.153
95.381 13.8285
92.7598 13.9335
90.0944 13.8343
90.3068 13.9689
99.4388 14.3465
92.7816 13.9675
92.1168 13.9207
100.714 13.783
96.035 13.9674
93.509 14.1568
94.1807 14.1063
94.4998 14.2776
87.3932 14.4272
92.4621 13.9058
98.533 14.2169
98.8535 14.1231
97.6273 13.999
93.8229 14.1455
90.169 14.0844
94.6141 14.2195
87.8257 14.3407
88.2971 14.0501
93.4437 14.026
96.8791 14.0539
98.9204 14.3474
96.0682 13.9314
91.7213 14.1954
97.5669 14.6364
98.1425 13.7624
95.6969 13.6397
86.4078 14.0759
96.172 14.402
92.7769 14.2454
94.3804 14.3163
92.1271 14.5478
89.2968 13.9293
91.21 14.3688
98.252 13.8258
102.923 14.0632
95.5777 14.0942
89.3748 14.2568
93.2817 14.0279
91.9356 14.1623
93.4075 14.3184
94.6411 14.3392
102.17 13.6666
95.4546 13.9316
97.0303 13.7487
94.1204 13.9863
91.8323 14.1078
90.4273 14.0755
91.5436 14.2521
91.2232 13.9002
93.8684 13.6922
90.6722 13.9595
88.4227 13.9645
91.8522 14.0655
90.2757 13.8305
92.7226 13.9495
89.0795 14.2352
86.3769 14.4293
88.5128 14.0937
89.3159 14.0448
93.2131 13.8884
92.9389 13.9505
96.2033 13.9963
99.4369 13.963
96.7307 13.9288
99.3218 13.8977
99.2333 14.2373
100.514 14.2212
97.4303 14.1027
91.7127 14.2016
105.545 13.9126
100.476 13.7744
94.5372 13.9866
86.3649 14.0118
94.7856 14.1433
89.933 14.1545
89.8882 14.1192
87.7387 14.0175
101.144 13.9939
87.5584 14.2191
87.2652 14.1772
91.3714 14.1166
91.8435 13.7867
90.3833 14.0564
86.9593 13.8742
89.5488 14.0403
87.8338 14.1202
83.6397 13.9563
89.9659 13.9285
86.5662 14.2472
93.0993 14.306
95.064 14.0973
94.4608 13.6933
93.3165 14.431
96.3652 13.763
88.3379 13.8884
91.8811 13.5175
92.3592 14.0286
91.9525 14.3138
91.9646 13.9472
92.1414 13.9753
92.6192 13.9503
95.5898 13.7308
91.9022 14.0699
93.1847 14.3155
90.9235 14.1441
95.7698 13.9131
92.8406 14.1875
87.0378 14.0389
88.5085 14.2339
93.4508 14.2288
98.2464 14.1414
98.6672 14.0004
97.9919 14.0532
97.9528 14.0671
99.8154 14.0506
91.0466 14.3982
93.9807 14.1802
86.2233 14.079
87.3608 14.1738
87.5129 14.299
85.9458 13.9998
87.2675 14.3417
88.079 14.0577
90.2766 14.1682
86.8127 14.0984
90.4703 14.4299
90.5535 14.2959
92.0422 14.2884
92.2466 14.4524
88.9611 13.7911
91.8374 13.7218
98.5906 14.5556
94.7929 14.4018
91.3705 13.6695
92.0596 13.8251
87.1091 14.4376
91.0859 14.0745
95.0061 13.9271
93.8077 14.2072
94.3732 14.179
99.8499 14.1882
96.4256 14.1888
92.7516 14.0803
93.576 14.1748
92.2029 13.708
96.8671 14.3715
100.638 13.6362
93.0729 13.9344
94.3413 14.0769
94.1283 13.9678
93.6205 14.2046
94.0109 14.358
97.1218 14.1883
98.4905 14.3367
98.147 14.3543
91.3534 13.7504
98.7793 13.9069
98.7793 13.7648
102.045 13.7861
97.3885 14.2816
91.5594 13.8098
93.4432 13.9467
90.5088 13.8898
97.7676 13.6218
99.0092 14.0514
99.4653 14.2778
95.9451 14.069
93.5055 13.8832
94.4782 13.475
95.7262 14.0218
87.7288 13.8161
95.1348 13.6259
93.6547 14.3753
96.2047 14.017
94.1404 14.0177
95.5476 14.2281
92.9099 13.9507
88.6272 14.195
90.2382 13.8697
91.1318 13.9159
89.6818 13.9686
88.8429 14.6172
89.8894 13.8774
92.0675 13.7086
92.812 14.3031
95.4921 14.2307
90.9156 13.8605
91.4372 14.3482
92.4424 14.2671
91.3725 13.6164
92.8575 14.1729
98.1494 14.1038
91.9937 14.001
96.6854 13.9912
92.3083 14.4204
88.1066 13.9797
87.5144 13.7903
88.1696 13.9362
89.8104 13.7554
87.2958 13.9764
87.9157 14.5043
93.297 14.1724
91.4814 14.2364
93.4261 14.0837
90.7567 14.2721
92.3508 13.6938
92.4282 13.7266
94.977 14.0421
91.6215 14.099
90.116 13.9601
90.8703 14.3667
89.4024 13.8705
88.3851 13.6529
93.3249 14.0352
91.2922 14.0425
89.5479 14.1292
87.6555 14.3965
92.4777 13.9687
94.3272 13.7964
86.9822 13.8349
89.0432 13.9902
90.2725 13.8994
94.0228 13.9807
100.897 14.1088
100.678 13.6382
95.1903 14.1145
95.6742 13.6756
91.8642 14.3216
93.0949 14.3229
94.891 14.2458
93.0284 13.6506
89.5301 13.9208
96.154 13.719
95.1054 13.719
90.7892 14.0983
90.5229 14.0553
92.569 14.3854
92.192 14.6325
89.8953 14.2085
90.9745 14.3397
95.0635 13.8019
92.4044 13.983
97.6905 14.1862
91.0309 14.0631
92.7812 14.0712
89.2348 13.9986
94.2312 13.9375
98.8472 14.2134
98.3515 14.3374
98.4489 14.3406
94.5214 13.6821
99.8454 14.2744
91.984 13.9192
92.1618 13.9983
94.0804 13.89
92.4914 13.9979
90.4333 14.2797
93.3878 13.7457
90.2252 14.024
100.339 14.5611
95.8838 14.2624
92.0104 14.1043
99.7821 13.952
93.5251 14.5546
91.6005 14.1836
97.0329 13.6817
89.8101 14.4185
90.1995 14.5307
94.7357 14.3719
91.929 13.9084
92.8153 13.8719
95.0027 13.5393
91.6467 13.7118
89.4091 13.6638
88.9902 13.7926
90.8214 14.051
87.698 13.8119
89.1964 13.9179
93.8312 14.0739
102.066 14.4713
98.9669 13.7136
93.3171 14.1533
95.6914 14.1387
91.1786 13.9479
91.0045 14.4023
91.3244 14.1832
90.3842 13.9977
90.8686 14.3349
97.4771 13.8803
91.4209 13.9014
87.2845 14.1725
89.3405 14.1918
85.3877 14.2262
84.7621 14.3224
87.8464 14.2145
85.1116 14.2286
92.6741 14.0837
94.8739 13.9316
90.4538 14.1599
92.107 13.9212
95.4928 13.6724
96.4997 13.7986
91.3605 14.2016
90.0517 14.046
92.3465 14.1854
97.2661 13.7277
91.5331 14.1722
91.9867 13.9407
102.68 14.0205
96.1542 14.3032
93.6274 13.9402
92.621 14.0647
92.5139 13.805
92.8455 13.7215
92.7592 14.0859
90.0214 13.8455
89.2319 14.0241
92.3742 14.0428
94.1491 14.3392
91.1156 13.9606
90.6592 14.2462
89.9056 14.2821
87.7356 14.1872
90.8399 14.4116
85.6973 14.1569
85.7754 13.8274
90.5354 13.7708
89.1683 14.1618
90.7533 13.8181
90.303 14.1893
91.5458 14.4048
92.6558 14.2843
90.3659 14.0642
86.1614 14.4432
89.8576 14.4476
93.1835 14.0064
95.2203 14.2198
95.6174 14.3172
94.3102 14.1486
96.9511 14.0797
90.5461 14.3706
96.0353 13.5972
94.2555 14.0005
93.9749 14.073
92.2345 13.9625
94.4416 14.0162
91.0356 13.8869
91.2429 14.1984
89.924 13.8117
91.1944 14.1138
84.9171 14.3434
89.0879 14.3251
88.5976 14.3227
88.1053 13.9983
89.7643 13.8407
86.057 14.3804
89.1962 14.4065
91.1189 14.177
95.5145 14.1701
93.5879 14.1943
96.39 13.7057
92.7158 14.1303
95.4112 13.9831
94.8145 14.3174
94.9954 14.3759
86.6024 14.4977
94.6771 13.9509
94.9499 13.7758
89.5691 14.1002
95.7535 13.9478
97.0778 14.0417
91.303 14.1053
91.0799 14.2065
94.4037 14.1216
91.6685 13.7699
91.98 14.1005
96.7671 14.0379
88.1064 13.91
90.6959 14.2677
98.1345 13.9803
100.066 14.161
89.6959 13.9191
88.6057 13.697
90.1457 14.0241
89.3216 14.7374
95.4358 13.9892
94.886 13.9078
