115.059 13.4726
115.651 13.9091
113.015 13.2847
116.47 12.6703
109.894 13.1422
115.474 13.0837
113.641 13.1201
116.39 13.346
112.015 13.4516
107.642 13.2332
112.197 13.9309
113.826 13.7913
113.275 13.4745
110.082 13.362
114.274 13.3936
107.439 13.3077
110.551 13.2663
112.21 13.2158
116.805 12.8313
111.581 13.6104
111.747 13.3169
110.297 13.1317
111.695 13.4711
108.233 13.1999
112.927 12.94
106.467 12.779
112.015 13.1571
115.648 13.9944
113.835 12.7611
114.684 13.0342
114.492 13.7079
113.494 13.4161
110.956 13.3921
117.997 13.506
112.69 13.3263
113.405 13.4033
115.94 13.8732
115.941 12.9908
119.04 12.9339
111.573 13.6468
113.417 13.3189
113.066 13.262
113.263 12.9131
114.711 13.1178
115.641 14.0506
116.67 13.9815
116.336 13.2931
111.509 13.6152
112.592 13.3862
115.83 13.5881
115.604 12.659
113.714 13.3304
113.385 13.1552
111.561 13.5283
111.107 13.3844
113.926 13.5404
112.438 13.0933
114.543 12.958
114.592 13.044
109.725 13.2039
118.308 13.1467
111.729 13.669
116.674 13.7476
114.051 13.4621
117.923 13.2305
115.744 13.4764
116.164 13.5069
110.461 13.1391
114.152 13.3118
112.673 13.753
109.737 13.6496
118.271 13.5038
116.1 13.2687
112.649 13.1557
114.894 13.5086
115.694 13.0846
119.469 13.0325
116.631 13.6762
114.983 13.6467
117.125 13.4123
117.382 13.2154
124.413 13.6742
119.67 13.6935
120.149 12.5136
114.727 13.4503
121.797 12.9375
117.317 12.9811
119.019 12.7655
114.76 13.5578
117.177 13.565
117.218 13.8523
115.423 13.3275
116.672 13.4187
115.77 13.1466
114.689 13.2406
115.114 13.1368
116.833 13.2202
109.447 13.2533
114.757 12.9532
116.002 12.8774
120.915 13.4447
117.038 13.2745
118.172 12.9044
119.284 13.3613
116.372 13.1128
116.312 13.8663
117.146 13.4737
122.808 13.2697
116.346 13.3597
116.118 13.3188
113.365 13.251
117.837 13.2327
123.905 13.3387
111.742 13.923
114.496 13.0721
118.459 13.5729
121.168 13.411
119.531 13.1229
116.118 13.0826
121.891 13.1637
118.05 13.1479
117.574 12.5908
116.436 13.4729
117.261 13.6113
115.067 13.8438
108.605 13.0347
112.53 13.4646
115.042 12.518
113.801 12.4526
114.818 12.9492
110.987 13.4
115.889 13.1856
113.305 13.6137
114.028 13.3864
111.6 13.3161
113.478 13.576
111.599 13.5649
107.861 13.7528
110.698 13.0874
113.114 12.9349
112.497 13.3117
114.728 13.6544
118.444 12.3713
108.436 13.429
113.06 12.9816
111.859 12.7824
114.036 13.0651
118.902 12.8273
109.529 13.5265
113.957 13.5024
112.542 13.5318
110.682 13.56
114.122 14.1353
118.182 13.5352
117.691 13.3049
119.378 13.0358
112.504 13.4551
115.79 13.0981
110.184 13.5005
112.71 13.4631
114.237 12.8569
113.678 13.4697
111.638 13.8087
111.265 13.1576
111.275 13.5763
112.691 13.5113
115.587 13.2252
111.63 13.3206
112.708 13.2801
112.566 13.2419
109.289 13.4941
118.341 13.5533
109.97 13.5126
117.065 13.41
113.856 13.5663
116.606 13.4237
116.674 13.4494
114.745 13.482
113.06 13.0739
110.463 13.9186
113.33 13.8842
114.925 12.8266
116.453 12.9574
108.768 13.2832
109.763 13.33
108.201 13.1515
108.201 13.533
111.272 13.5514
118.481 13.0481
114.097 13.1347
116.173 13.0696
117.243 12.8626
115.886 13.2317
114.768 13.2101
116.909 13.1434
115.436 14.1234
116.586 13.7445
118.54 13.7552
120.914 13.7539
119.418 13.7258
114.161 13.9609
116.242 13.6139
117.277 13.6828
118.835 13.2999
113.154 13.3135
113.192 13.2438
117.906 13.0716
117.342 12.6879
117.685 12.6872
115.249 12.689
115.663 12.7099
115.739 12.7091
114.086 12.709
119.286 12.7109
113.738 12.7102
113.78 12.7129
116.461 12.7139
113.957 13.3102
115.709 13.0775
108.691 13.2891
110.312 13.211
110.698 13.2248
111.678 13.3012
113.139 13.8841
117.609 13.0076
119.112 13.4179
118.926 12.6051
118.691 12.8823
117.422 13.2479
108.365 13.6988
113.632 13.5956
112.157 13.7083
116.598 13.3586
116.533 13.5346
116.811 13.7004
116.276 13.379
113.137 13.8309
117.962 13.4218
116.745 13.5486
118.476 13.4129
114.232 13.6893
112.797 13.44
114.431 13.2453
117.255 12.9731
117.274 13.4042
117.914 13.337
113.858 13.7534
115.39 13.5605
113.314 13.4744
111.767 13.274
114.54 13.1119
109.965 12.9111
116.584 12.9936
116.133 13.7571
110.085 13.6048
113.609 13.36
113.684 12.9836
117.749 13.3742
118.818 13.5628
109.21 13.6204
115.846 13.8244
118.025 13.5805
115.614 13.2753
114.429 13.045
116.896 12.4916
113.098 13.3464
108.397 13.5744
111.157 13.5774
112.042 13.3771
113.747 13.3689
114.088 13.8062
112.908 13.1136
113.877 13.4813
120.508 13.2697
114.356 13.943
115.064 13.1327
112.23 13.0851
109.218 13.062
116.81 13.3309
116.874 13.2657
110.423 13.3233
113.302 13.3904
117.613 13.4912
119.779 13.7727
111.688 13.4012
118.937 13.2055
119.433 13.5982
116.202 13.477
113.666 13.64
111.537 13.558
112.132 13.5382
117.147 13.7047
112.726 12.8605
110.016 13.3736
113.178 13.343
113.09 13.0476
111.937 12.7079
121.177 13.3345
117.255 13.1946
114.494 13.1106
116.534 13.012
116.222 13.0438
117.219 13.1951
114.938 13.1444
118.147 13.2405
116.416 13.573
118.751 12.976
118.551 12.8995
111.893 13.4153
110.985 12.8179
112.473 13.0766
120.547 13.4579
113.269 13.3248
115.136 13.3586
116.793 13.4632
115.746 13.4435
114.329 13.2749
115.733 13.2604
115.786 13.3162
120.502 13.1255
113.855 13.1697
111.647 14.0092
111.542 13.4309
114.372 13.3577
111.232 13.857
110.456 12.9435
112.188 13.2302
110.12 14.08
109.323 13.6743
113.537 13.3205
113.745 13.1392
114.26 13.6743
112.49 13.266
114.882 13.381
119.887 13.2262
114.622 12.9802
112.875 13.1165
114.688 13.1282
115.118 13.1842
115.311 13.1693
114.465 13.3862
113.353 13.7178
111.041 13.7383
108.988 13.3733
114.043 13.529
116.486 13.5842
114.659 13.6491
113.681 13.0894
113.839 13.2878
116.704 13.1528
116.287 13.3107
117.081 13.194
115.211 12.9873
103.031 13.5164
115.769 13.4307
117.384 13.1441
113.789 13.7531
113.296 13.4268
119.172 13.3342
119.481 13.5174
117.312 12.6734
121.019 13.4764
113.724 13.8328
109.794 13.4191
116.329 12.857
117.722 13.115
116.497 13.8571
114.997 13.5886
114.868 13.5936
114.041 13.4502
114.689 13.7333
118.144 13.424
115.96 13.4959
115.513 13.4888
111.362 13.1927
111.13 13.6404
112.598 13.6489
115.026 13.8164
112.677 13.156
118.231 13.3305
114.083 13.4347
111.479 13.2863
112.771 13.0453
115.5 13.5449
116.392 13.6197
119.19 13.2629
113.141 13.3236
114.238 13.256
114.795 13.1907
113.272 13.2798
118.872 13.2478
117.649 13.1326
117.99 13.7252
117.011 13.34
116.778 13.5116
111.584 13.7066
110.77 13.3001
117.403 13.3606
115.92 13.0066
113.919 13.1468
117.473 12.9929
117.22 12.6266
115.188 13.1207
115.131 13.6365
114.095 13.2018
113.367 12.9205
120.202 13.5348
117.636 13.4564
113.859 13.5221
117.127 12.9729
113.35 13.4665
116.567 12.9334
116.294 13.0675
108.397 13.124
116.955 13.3006
113.533 12.9183
119.006 13.0415
111.132 13.3754
109.672 12.9442
110.396 13.2865
119.403 12.9016
109.757 13.5872
115.003 13.5459
108.989 14.0627
119.439 13.1206
116.992 13.7872
116.584 13.6822
113.327 12.8975
110.564 13.0639
112.14 13.2043
124.069 12.998
120.872 13.441
115.998 13.5377
117.847 13.102
121.978 13.3019
114.339 13.7559
118.015 13.3786
115.724 13.3854
120.621 13.2666
114.938 12.9839
114.942 13.6653
114.072 13.9976
111.641 13.7612
110.959 13.2063
114.992 13.3405
117.395 13.2448
119.986 13.1282
109.827 13.1076
110.174 13.6066
115.163 13.5691
111.536 13.456
110.74 13.1635
112.388 13.0497
111.824 13.629
113.45 13.6073
114.298 13.4293
112.56 13.1143
117.298 13.6383
114.182 13.2119
113.123 12.8489
112.543 13.0174
111.416 13.3637
113.107 13.2175
115.634 13.0602
113.131 13.7055
115.27 13.91
116.444 12.647
112.477 12.9223
109.666 12.8227
111.003 12.8989
115.807 13.2215
116.058 13.1012
118.774 12.7515
110.246 13.3072
119.266 13.4621
118.225 13.1302
110.95 13.1874
111.931 12.9747
116.731 13.4296
116.787 12.5612
116.219 12.8901
112.862 13.1537
111.964 13.3801
113.741 13.1893
110.045 13.652
118.294 13.3834
113.372 13.0408
114.303 13.4255
117.833 13.3356
118.315 13.5095
120.905 13.8684
109.295 13.4512
106.999 12.9423
114.435 13.6033
112.503 13.7531
113.206 13.4847
115.115 12.9841
111.745 13.7008
111.708 13.3917
113.977 13.0196
112.322 13.1531
112.314 13.1278
111.727 13.2313
110.044 13.0751
116.077 12.6658
110.064 13.4895
117.538 13.4434
114.901 13.5698
115.447 13.2256
117.45 13.6027
117.623 13.1785
118.542 13.0426
117.746 13.6718
118.793 13.2334
117.42 12.8715
115.923 12.735
118.918 13.1946
111.929 13.5703
117.858 13.3959
117.577 13.2953
115.777 13.458
110.547 13.5393
116.64 13.3275
109.672 13.0202
111.652 13.7256
110.826 13.2704
113.039 13.2611
113.202 13.3984
119.142 13.1745
114.614 13.6582
115.336 13.308
115.894 13.6929
117.865 13.0068
108.966 13.1801
120.318 13.3914
114.087 13.1151
113.151 13.7204
115.066 13.857
116.031 13.4168
119.518 13.212
117.709 13.8072
114.829 12.9667
119.524 13.1989
114.934 13.2009
117.207 12.7911
111.243 13.3818
115.844 13.5368
113.504 13.4645
110.399 13.0858
107.46 13.2695
106.034 13.1736
114.082 13.4214
114.341 13.0207
110.544 13.49
109.421 13.2482
109.283 13.2326
111.927 13.5691
112.01 13.4405
115.36 13.0553
116.231 13.3877
108.594 13.5481
112.39 13.4046
107.833 13.6416
109.031 13.5562
112.698 13.0244
109.061 13.5434
115.124 13.2923
111.125 13.21
115.675 13.802
112.574 13.852
113.551 13.2178
117.299 12.5883
112.878 13.5653
116.589 13.3359
116.976 13.2769
113.226 13.4681
113.527 13.387
115.172 13.4177
117.067 14.1337
116.069 13.1371
110.785 13.3053
111.416 13.2571
108.815 13.8921
113.094 13.0676
111.928 13.2027
117.641 13.0628
120.154 13.4142
117.1 13.4374
116.547 12.9141
113.014 13.2236
115.933 13.3086
114.705 13.8114
119.659 13.4372
114.58 13.0889
112.435 13.2495
110.63 13.8924
120.747 12.7162
114.05 13.1097
111.81 13.7114
111.181 13.6988
113.85 13.7863
117.494 13.0561
121.816 13.0957
115.56 13.1242
113.362 13.6697
116.381 13.4682
112.435 13.5099
118.668 13.7053
113.633 13.3974
114.539 13.1072
118.095 12.9164
115.399 13.462
116.237 13.3686
117.12 13.5381
117.144 13.1427
113.547 13.2791
112.976 13.6379
111.765 13.3614
110.862 13.4775
112.307 13.4058
111.384 13.5336
111.552 13.3557
115.444 13.0846
116.429 12.9496
117.364 13.3627
117.575 12.965
115.66 13.7163
109.572 13.6844
121.624 13.1755
111.912 13.0037
111.425 13.4109
111.311 13.234
107.508 13.0866
105.999 12.9727
108.28 12.9857
117.792 12.8701
117.537 13.3239
113.634 13.401
121.903 12.9745
113.163 13.084
110.51 12.8817
115.954 13.5653
113.419 13.9016
116.319 13.7141
111.122 12.8416
108.409 13.5974
110.053 13.4767
114.493 13.3439
115.211 13.068
112.85 13.1292
112.925 13.2804
114.661 13.624
111.762 13.5681
114.078 13.562
113.15 13.1072
112.493 12.3044
113.241 12.7387
119.888 13.7582
120.049 13.712
121.15 13.4674
124.527 13.3712
120.734 12.9352
111.474 13.5852
110.057 13.4178
115.109 13.3474
116.103 12.6053
114.605 13.4644
111.558 13.0783
110.249 13.2997
116.619 13.392
113.844 13.3234
114.598 13.7236
115.283 13.4188
114.898 13.3126
115.288 13.3178
114.146 13.5951
115.59 13.5313
119.897 13.3639
115.791 12.9057
121.351 13.0268
123.812 13.4007
112.656 13.6412
112.607 13.5537
110.607 12.7388
110.241 13.847
112.315 14.2359
116.298 13.2519
117.351 12.9379
115.311 13.7064
115.438 13.173
112.551 13.788
115.317 13.4995
117.091 13.2732
117.266 13.3286
115.578 13.32
113.606 12.986
113.549 13.2057
115.869 13.4122
107.178 13.4071
117.252 13.4058
118.221 13.4041
111.914 13.5116
111.018 13.2367
110.781 13.0718
109.517 13.1432
106.363 13.1695
113.74 13.0873
114.296 13.4909
113.236 13.3907
115.62 13.2637
112.215 13.5357
112.735 13.0296
112.317 13.7426
113.561 13.2673
114.744 12.7541
112.31 13.4987
113.644 13.4509
117.627 13.2174
117.473 13.3391
117.796 13.484
118.294 13.7828
117.578 13.2807
116.235 13.2491
118.462 13.4157
117.198 13.1914
112.168 13.2351
115.18 13.5757
112.985 13.4982
110.636 13.9803
112.159 13.7879
107.909 13.8418
111.734 13.4152
112.895 12.7711
111.563 13.307
117.695 12.9788
113.705 13.2355
116.897 12.8747
120.062 13.4803
111.146 13.3568
111.978 13.482
117.107 13.1962
114.221 13.4794
112.703 13.3955
114.991 13.2377
114.937 13.1424
112.821 13.4434
109.04 13.5928
109.847 13.0844
110.703 13.1841
111.906 13.3262
113.37 13.3955
113.116 13.4687
118.3 13.2104
111.168 13.2517
109.323 13.6675
111.833 13.0194
112.837 13.2088
116.541 13.531
116.678 12.961
116.718 13.2103
111.442 13.1229
109.747 13.52
110.032 13.6559
110.316 12.9134
116.326 13.5188
118.705 13.1364
117.828 13.1682
121.835 12.9802
118.708 13.4649
119.174 13.3038
116.544 13.0915
116.655 12.9884
116.752 12.8034
116.591 13.0031
116.508 13.0621
115.93 13.1905
117.155 13.4833
116.808 13.0071
114.355 13.153
113.564 13.5776
110.721 13.1779
112.416 13.2402
109.353 13.6147
113.783 13.5832
110.764 13.7437
106.773 13.4493
111.167 13.1681
112.228 13.0053
113.796 13.0817
110.088 13.0364
113.19 13.3474
105.971 13.3216
110.646 13.2968
117.671 13.4944
116.766 13.2274
110.432 12.7731
117.512 13.2362
107.192 13.5343
114.536 13.4491
113.854 13.3208
114.427 13.4808
109.918 13.4753
112.852 12.9073
109.329 13.3875
111.842 13.1889
119.8 13.2672
117.706 13.7668
118.071 13.1763
113.29 13.3261
112.667 13.1499
116.165 12.9204
117.926 13.0498
112.889 13.1299
114.472 13.1036
115.682 13.1321
117.254 12.5821
113.682 13.2719
113.875 13.9096
118.186 12.9926
115.006 13.3458
109.348 13.5329
110.735 13.8795
112.336 13.2547
114.643 13.5643
112.423 13.3639
106.909 13.1075
112.514 13.3682
110.046 13.1047
113.81 13.1392
115.515 13.8262
115.073 13.0687
117.305 13.3129
116.037 13.3524
113.582 13.2361
116.054 13.2309
117.695 13.1652
115.638 13.457
115.505 13.3048
111.518 12.8042
116.297 13.0861
117.228 12.5782
113.885 13.0431
110.692 13.5985
110.681 13.588
112.471 13.2985
110.507 13.1943
115.257 13.1908
111.968 12.865
113.912 12.7306
117.237 13.0896
119.074 13.4404
120.103 13.6911
118.199 13.3938
115.221 13.3126
115.08 13.3887
115.117 13.6454
116.475 12.7209
123.037 13.3098
111.437 12.683
110.591 12.8054
110.439 12.7381
114.52 13.1933
115.782 13.2727
115.338 13.016
115.202 13.1262
115.8 13.2805
112.851 13.3787
116.476 13.3083
115.51 13.2173
115.521 13.2771
116.097 13.3089
112.718 13.251
112.485 13.5782
116.113 13.4108
114.194 12.9808
113.517 13.2104
112.497 13.7459
112.312 13.1702
117.164 13.2455
118.037 13.5554
120.219 12.7016
118.619 13.6941
117.883 13.0957
115.973 13.613
120.84 13.5802
121.174 13.1037
114.38 13.3351
121.98 13.3311
117.922 13.3322
107.394 13.4733
115.303 13.4018
113.963 12.7994
114.571 13.3406
115.808 13.1902
112.018 13.9258
111.735 13.5901
109.756 13.2747
110.214 13.4169
111.698 13.0899
110.254 13.4599
115.37 13.0333
115.468 13.2767
115.491 13.2775
116.297 13.681
115.987 13.009
116.486 13.3197
114.877 12.998
115.896 13.9634
111.484 13.679
109.19 13.4762
111.871 13.2033
123.197 13.2482
119.759 13.5067
108.622 13.1751
115.173 13.9034
112.116 13.3079
113.644 12.8097
115.605 13.061
113.038 13.2669
112.304 12.9555
113.026 13.3453
116.395 13.263
118.057 13.1866
118.101 12.9362
115.464 12.8132
110.517 13.6471
116.201 13.3738
113.058 13.0825
113.475 13.3939
110.89 13.1258
110.487 13.0452
115.449 13.1353
115.079 13.1922
109.587 13.5181
117.29 13.4048
118.026 13.2221
109.318 13.4457
106.438 13.0895
104.989 12.9854
108.057 13.4061
112.68 13.5872
104.586 13.5789
110.786 13.4003
111.238 13.3183
115 12.5909
112.506 13.4774
111.486 13.1637
113.147 13.6794
108.989 13.3528
113.359 13.1675
110.902 13.0418
115.463 13.1906
117.793 13.1666
113.663 13.2986
111.875 13.6558
111.614 13.2589
114.362 12.9179
119.76 13.2892
110.724 13.489
114.778 13.345
113.639 13.6236
109.618 13.6789
107.602 13.6441
113.022 12.9366
111.289 13.2844
108.971 13.7438
107.378 13.2623
109.947 13.4525
111.409 13.3767
118.536 13.3797
117.569 13.3297
113.993 13.3456
112.93 13.5551
111.717 12.7679
116.178 13.1343
115.798 13.1166
116.999 13.1937
113.493 13.496
114.233 13.2634
113.32 13.2805
111.271 13.5215
112.901 12.952
112.433 13.57
114.756 13.5134
115.075 13.8807
115.804 13.3313
117.221 13.2686
116.708 13.5456
116.235 13.6364
109.79 13.2175
109.698 13.6576
118.474 12.9158
114.843 13.3206
111.909 13.5313
111.398 13.6077
118.166 12.9279
116.397 13.1447
122.808 12.9488
116.411 13.2462
113.333 13.6726
115.197 13.4099
113.845 12.8924
114.466 13.0488
110.573 13.3533
107.161 12.9803
113.043 13.5308
109.239 13.6995
114.447 13.6453
114.41 13.4485
113.391 13.1802
112.686 13.2389
107.813 13.4064
108.242 13.6774
108.849 13.3616
112.172 13.6542
111.654 13.6737
110.965 13.1935
120.506 12.9854
116.603 13.7894
119.632 12.942
115.875 13.6573
111.057 13.6111
110.803 13.3103
108.929 12.9822
116.03 12.9397
116.438 13.1824
109.007 13.6093
113.167 13.1971
113.398 13.0718
113.233 13.6158
115.328 13.2163
113.863 13.3218
115.409 13.5161
112.886 13.3348
109.316 13.7772
110.943 13.7477
116.34 13.7667
113.589 13.2061
113.753 13.5627
113.004 13.8629
115.91 13.5297
121.779 13.0128
117.981 13.2774
120.996 12.9934
120.618 12.9471
120.971 13.1566
115.968 13.5132
117.7 13.2788
115.861 13.0913
113.842 13.4903
113.618 12.9492
118.223 13.3108
114.664 13.149
113.179 13.3114
117.02 13.3523
114.067 13.2081
114.078 12.7867
115.327 12.8061
117.219 12.8677
115.864 13.1447
115.687 12.9399
114.596 13.245
116.516 13.3934
112.489 12.8421
108.942 13.4302
114.407 13.6087
111.655 13.254
115.391 13.3961
118.62 13.5512
117.802 13.0719
114.77 13.3233
115.03 13.0282
108.776 13.4908
111.949 13.3974
113.802 13.3347
115.141 13.3149
112.707 12.9132
115.3 13.454
111.633 13.0636
116.273 12.9111
121.172 12.855
119.962 13.2137
116.627 13.1969
118.638 13.1976
116.371 13.5943
112.859 13.2322
116.711 13.5704
119.22 13.2958
119.479 13.3146
120.281 13.7622
121.58 13.0738
125.334 13.1391
114.433 13.1995
110.877 13.6025
119.358 13.048
120.29 12.9802
120.297 12.9805
120.345 13.7298
114.083 12.8207
116.602 13.049
112.187 13.3415
114.909 13.4741
114.67 13.0287
116.061 13.0136
112.514 13.2642
109.603 12.9419
112.527 13.7244
108.447 13.6653
115.057 12.9316
115.632 13.4605
113.012 13.5273
119.6 13.218
117.347 13.0635
116.272 13.6626
116.886 13.6248
115.774 12.9253
113.748 13.3809
114.148 13.1188
115.421 13.8206
118.033 13.012
119.33 12.7745
117.725 13.4232
116.471 12.7802
110.464 13.2637
110.344 12.8934
107.282 13.8577
110.977 13.7938
117.376 13.0251
115.482 13.2689
116.727 13.4693
107.757 13.8202
118.26 13.2888
116.03 13.6814
112.827 13.0523
111.596 13.3061
112.689 13.1422
117.963 13.2398
117.528 13.1577
119.555 13.2994
117.668 13.3425
117.794 13.0163
116.054 14.0943
113.029 13.5541
117.355 14.0543
117.118 13.443
121.759 13.5842
111.607 13.5577
115.356 13.239
116.27 13.6267
115.108 13.4078
114.425 13.4634
114.334 13.6775
117.324 13.2158
115.515 13.1695
106.736 12.9725
110.621 13.6062
115.354 13.6722
109.361 13.7543
113.617 13.3278
112.318 13.3553
109.071 13.4765
109.158 13.0669
111.641 13.7895
110.511 13.1872
115.41 13.4938
110.561 13.2679
119.336 13.3755
120.517 13.1687
121.37 13.7813
114.679 13.6627
103.479 13.658
116.884 13.1515
115.987 13.4645
114.096 13.4527
114.475 13.4899
113.825 13.3482
111.456 13.2491
110.121 13.4372
109.208 12.9553
111.126 13.7486
112.746 12.8867
116.603 13.6039
114.406 13.1886
113.988 13.5832
115.982 13.177
114.422 13.1555
115.086 13.3026
115.837 13.7787
118.286 12.3167
116.253 13.2704
117.327 13.4055
117.01 12.8498
114.827 13.6684
113.047 13.3279
108.717 13.2458
109.101 13.335
113.631 12.9946
111.046 12.7854
112.48 13.3914
113.974 13.3279
114.002 13.3538
115.503 13.3683
114.199 13.4985
112.207 13.4435
111.78 14.2941
113.964 13.0284
112.565 13.3351
111.01 13.5526
108.529 13.8785
110.376 13.5973
116.109 13.7984
111.42 13.3646
113.335 13.2541
115.008 12.8435
114.198 13.4064
113.969 13.1495
120.943 12.8874
110.77 13.929
118.69 13.6125
113.243 13.6464
116.013 13.4581
113.957 13.0253
115.98 13.212
114.838 13.2701
114.782 12.7405
111.474 13.1344
110.149 14.0053
114.39 13.0706
112.022 13.2439
116.471 13.2121
108.751 12.968
113.456 13.1617
110.565 13.357
113.047 13.0394
110.361 13.5748
112.292 13.5147
119.34 13.0851
116.399 12.9818
113.167 13.2193
112.113 13.3688
115.511 13.5614
113.379 13.7358
121.433 13.3008
118.209 13.2219
115.686 13.1895
113.625 12.9605
119.852 13.0053
116.117 13.0182
116.548 13.2588
118.515 13.7084
116.977 13.7118
118.241 13.4421
117.684 13.5845
116.77 13.3578
116.345 13.7164
115.996 13.3553
117.244 12.886
118.738 13.0751
119.677 12.5993
112.622 12.8513
119.7 12.8239
118.424 13.0169
114.447 13.0609
114.261 12.9758
117.719 13.0417
118.608 12.7466
116.143 13.5778
113.323 13.3508
115.425 13.5111
115.855 12.9615
117.423 13.1896
113.042 13.0428
112.124 13.243
110.167 13.4682
113.303 13.0998
113.632 13.5473
114.196 13.3235
113.561 12.9598
113.234 13.4807
116.601 12.9744
112.134 13.3204
117.388 13.4501
122.664 13.1731
123.901 13.0906
114.899 13.3325
123.495 13.1669
115.071 12.115
118.996 12.9025
114.959 13.0121
111.546 13.5521
110.681 13.2039
115.331 13.5169
111.066 13.471
114.544 13.5773
107.648 13.3086
121.7 13.4143
116.894 12.9705
113.24 13.0599
117.353 12.976
111.323 13.6802
111.339 13.707
115.804 13.6409
114.686 13.4193
110.259 13.3998
109.6 13.3245
110.122 13.4566
112.55 13.189
112.343 13.4941
110.71 13.4083
114.525 14.0338
113.265 13.199
115.192 13.8506
112.63 12.9454
113.141 13.0474
109.281 13.9514
113.298 13.6486
113.635 12.4565
114.672 13.094
113.278 13.3076
112.37 13.0864
112.122 13.4774
112.121 13.3441
112.288 13.157
112.229 13.2018
112.959 12.9355
115.874 13.0695
111.726 13.2899
109.291 12.7932
114.714 13.457
113.016 13.2955
109.468 13.6157
109.325 13.5613
111.515 13.0736
114.92 13.2534
114.731 13.2203
119.659 13.0713
117.332 13.0172
116.528 13.3508
116.048 13.0603
121.578 13.3583
111.171 13.5963
117.331 13.5996
113.875 13.3913
116.714 13.0697
115.267 13.1378
114.002 13.2493
115.239 13.2246
115.359 13.3256
109.191 13.5664
116.091 13.772
111.816 13.9516
117.187 13.4805
111.469 13.4032
111.576 13.479
112.801 13.7383
112.886 13.4867
112.625 13.4461
115.604 13.3479
117.522 13.4592
118.324 13.3545
118.218 13.3795
113.911 13.1282
114.433 13.2842
115.837 13.4876
112.747 13.6931
115.397 12.7085
120.784 12.9036
115.556 13.2805
111.332 13.4302
112.989 13.4244
113.568 13.9714
117.273 13.3369
117.141 13.3091
115.964 13.786
117.132 13.2637
116.738 13.2949
115.869 13.5363
110.997 12.8975
108.923 14.2107
118.732 13.6004
116.584 13.2584
120.685 13.3251
118.058 13.106
117.414 13.4715
115.367 13.1812
117.556 13.0373
116.427 12.9412
117.33 13.5587
112.898 13.573
109.956 13.5986
110.288 13.785
110.644 12.9236
110.253 13.2168
108.413 12.9447
109.788 13.5554
112.592 13.4624
112.735 13.2272
112.909 13.5098
112.995 13.5441
112.802 13.1458
112.999 13.298
113.505 13.5053
114.85 12.8109
115.447 13.4232
110.821 13.0649
106.361 13.772
114.919 12.7658
115.201 13.6069
112.953 13.4159
118.617 13.1225
112.707 13.6054
119.466 13.49
113.592 13.5383
113.71 13.5974
109.786 13.1944
114.763 13.5572
115.957 12.9856
115.454 13.3782
115.837 12.7927
116.278 13.2538
115.226 13.1179
112.183 13.4157
115.394 13.4572
109.049 13.1698
115.077 13.3263
111.954 13.8834
110.484 13.1893
120.342 13.3627
120.141 13.1568
114.981 13.2171
114.72 13.2145
116.748 13.2708
110.245 13.3238
110.867 13.3124
112.34 13.2137
116.168 13.1476
105.283 13.3457
107.522 13.4409
111.595 13.53
120.956 13.5312
113.908 13.0078
117.732 12.9297
122.128 13.4264
112.48 13.1497
112.521 13.0256
115.614 13.0195
115.075 13.2906
118.508 13.8671
108.716 13.7655
114.924 13.4717
112.34 14.1018
119.062 13.8031
115.705 13.5016
117.029 13.7312
117.038 13.3964
112.413 13.5007
113.185 12.8011
121.482 13.4168
116.64 13.4418
114.687 13.0413
110.57 13.205
115.896 13.5778
115.552 13.3862
115.592 13.2351
115.293 13.7618
112.66 13.43
111.992 13.2683
113.381 13.3025
111.533 13.0055
109.12 13.5559
114.95 13.0093
115.026 13.1996
118.082 13.8303
110.737 13.4856
114.446 13.3873
114.192 13.5829
111.497 13.9148
115.254 13.4032
110.263 13.5526
115.572 13.5867
116.137 13.5486
112.994 13.7704
118.428 13.6215
112.316 13.2233
114.692 12.9107
114.464 13.7605
116.176 12.998
115.51 13.1361
114.436 13.523
113.941 13.0505
110.722 13.0129
109.663 12.8214
112.485 13.606
112.236 12.9134
111.645 13.5826
113.334 13.0537
117.602 12.9549
108.988 13.5496
113.883 13.4381
119.072 12.949
119.323 13.3458
118.08 13.6863
115.292 13.1937
117.346 13.1387
116.7 13.1212
109.271 12.8761
113.743 13.3943
116.675 13.0848
116.088 13.2401
122.674 13.1352
117.78 13.3428
119.375 13.4123
115.662 13.2219
113.22 13.9219
117.967 13.2376
113.989 13.2114
120.316 13.0224
109.429 13.8062
113.704 13.2285
109.244 13.5303
116.066 13.2665
116.346 13.0414
112.566 13.3154
115.139 13.5541
117.34 12.6759
113.286 13.3376
115.616 13.0342
117.184 13.221
109.738 13.4218
112.432 12.9187
114.58 13.5135
119.788 13.0775
114.279 13.0332
117.056 13.1485
113.611 12.8606
117.837 12.4779
118.29 13.4979
117.21 13.2549
111.649 13.7819
117.118 13.1769
116.125 13.7506
111.423 13.2835
115.933 13.2983
116.423 13.7305
115.872 13.3839
112.602 13.3975
110.521 13.2457
113.956 13.1267
116.374 13.7125
114.564 13.5945
117.298 13.1883
112.787 13.0712
112.783 12.6847
110.32 13.2634
114.398 13.0396
114.683 12.9521
112.206 13.2464
113.49 13.6496
117.944 13.1401
114.014 13.6655
111.987 13.1585
111.007 13.7035
115.405 13.3666
114.868 13.2579
115.34 13.5644
111.604 13.0568
111.832 13.3725
115.673 12.7929
108.683 13.2427
112.326 13.2686
107.905 13.5768
117.86 12.8472
115.39 13.6818
108.356 13.2874
116.275 13.4049
116.272 13.4897
119.305 13.6412
123.418 12.6715
118.111 13.2864
114.839 13.3936
113.719 13.3774
114.586 13.6537
119.967 12.756
116.836 13.7327
111.332 13.2772
120.417 13.3919
121.399 13.1728
120.559 13.1569
115.943 13.7412
115.821 13.1097
117.421 13.0682
114.496 13.4749
113.902 13.7315
115.6 13.9661
116.258 13.4486
118.699 13
113.933 14.0345
113.729 13.4336
114.977 13.3248
122.024 13.273
114.238 13.2392
113.328 13.1234
113.959 13.4332
116.267 13.3264
117.193 13.0397
113.674 13.1245
116.589 13.0105
109.989 13.6438
115.755 13.6913
115.964 13.2991
114.954 13.2066
115.193 13.5659
111.872 13.1996
115.972 13.2374
113.27 13.1126
115.34 13.5213
115.048 13.3644
114.353 12.9939
114.312 13.1169
119.639 13.1051
116.474 13.1055
115.23 13.1062
115.758 13.3062
117.545 13.1565
115.135 13.0329
115.277 12.8895
112.686 12.9222
119.508 13.3956
115.821 13.3966
116.645 13.3263
116.359 13.5375
113.193 13.3855
115.253 13.637
114.946 13.2246
116.678 12.9736
114.911 13.3672
113.78 13.3847
115.961 13.3478
119.844 13.7741
117.513 14.0125
118.123 13.1195
109.769 13.3935
110.03 13.3259
115.387 12.5722
115.862 13.0116
110.673 13.6514
110.802 13.0931
111.252 13.8883
109.411 13.7865
116.123 13.0866
117.172 13.1513
108.54 12.5586
114.357 13.6573
113.991 12.8855
113.853 13.2699
116.797 13.2405
113.016 13.1148
113.593 13.271
116.501 13.4066
112.856 13.2383
112.872 13.6625
113.366 12.9898
113.971 13.1002
112.05 13.2587
113.549 13.1194
113.87 13.7717
113.83 13.2007
116.445 13.0539
109.566 13.6611
115.081 13.2752
116.772 13.108
115.534 13.2612
110.074 13.5241
116.323 13.2425
110.531 12.9718
111.069 13.2282
111.168 13.3685
110.853 13.0779
109.817 13.5128
111.776 13.4205
112.34 13.1244
112.36 13.8689
114.721 13.4243
115.922 14.0343
109.487 13.5565
114.929 12.7558
112.799 13.5153
112.685 13.4232
115.955 13.3065
117.215 13.7943
111.854 13.4446
111.863 13.2677
113.29 13.4713
113.332 12.7689
117.205 13.396
115.787 13.2096
118.429 13.2196
117.233 12.9051
113.351 12.7957
114.08 13.7675
110.909 13.1814
114.88 13.2615
114.852 13.6967
114.79 13.6253
108.031 13.4705
112.603 14.2066
105.416 13.7967
109.293 13.4219
107.847 13.1362
110.908 13.2319
106.324 13.2695
109.736 13.2677
113.162 13.4594
118.132 13.42
121.552 13.526
124.756 13.1581
119.57 13.2149
114.329 13.5217
114.947 13.3974
112.239 12.7942
109.252 13.6111
117.76 12.7247
112.892 13.5609
113.82 13.238
112.735 13.4314
114.384 12.9671
116.003 13.0009
113.032 13.1025
113.505 13.462
112.571 13.1839
113.222 13.6384
114.241 13.3207
115.248 13.2827
114.619 13.279
119.323 13.467
117.794 13.5705
112.043 13.579
121.999 13.1374
116.464 13.1351
116.319 13.1335
114.235 13.3769
111.879 13.3827
116.475 13.3058
113.294 13.0923
116.115 13.2584
110.755 13.6327
107.259 13.4217
117.451 13.0044
117.802 13.8442
117.773 12.9759
114.508 13.4607
116.965 13.0575
115.017 13.1637
117.021 13.696
112.022 13.5634
116.072 13.2174
119.711 13.5677
117.103 13.4841
110.357 12.9652
118.753 13.6805
115.798 12.6868
117.054 13.1002
115.183 13.1829
120.448 13.1758
118.053 13.3352
114.634 13.5691
118.202 13.2569
116.326 13.3264
120.235 13.1875
118.098 13.1735
114.485 13.0592
118.838 13.0035
121.119 13.2877
116.228 13.4072
119.334 13.4452
120.901 13.3595
123.288 12.7017
117.162 12.9842
114.819 13.0598
119.258 14.1605
118.726 13.4621
119.001 12.7563
116.552 13.3379
111.62 13.3323
111.948 13.1301
113.579 13.3413
108.756 13.5298
113.047 13.742
107.437 13.3942
110.774 12.6639
113.112 13.2481
106.756 13.0489
115.093 12.9992
107.989 13.5147
110.029 13.8187
110.622 13.4292
113.282 13.5689
113.884 13.1205
113.29 13.2031
108.021 13.4285
113.129 13.8924
110.219 13.2846
107.186 13.1524
112.942 13.2636
111.431 13.0599
111.718 13.6203
112.199 13.6102
118.652 12.8245
115.018 13.3389
115.712 13.5872
116.635 13.2185
116.467 12.999
122.791 13.0324
115.405 13.1269
118.587 13.1705
119.474 13.4205
116.545 13.1313
117.77 13.1768
119.58 13.3366
117.977 13.0111
114.903 13.1199
115.023 13.3632
117.55 13.6321
115.569 13.5686
117.086 13.0004
116.997 12.9476
122.853 13.3491
118.674 13.0978
118.589 12.9053
115.57 13.1549
117.14 13.4214
122.13 13.0486
118.372 13.6728
117.143 13.3917
118.854 13.1044
120.512 12.9523
118.511 13.0755
116.476 13.7844
114.534 12.9661
118.476 13.559
121.628 13.6599
118.621 13.0885
114.028 13.4269
114.321 13.3568
115.051 13.5955
114.316 13.4567
113.654 13.2647
118.17 12.853
114.082 13.4994
111.734 13.6603
110.93 13.7195
109.492 13.3593
111.375 13.4347
109.06 13.1053
119.677 13.1848
112.848 13.421
110.225 13.4034
109.923 13.2016
114.475 12.9886
104.22 13.4886
108.726 13.1894
112.254 13.4618
110.938 13.6403
108.331 13.2299
108.289 13.2455
111.695 13.4398
111.567 13.192
113.96 13.0876
109.934 13.0863
113.6 13.6347
109.428 12.9205
117.966 12.8963
116.422 12.7377
115.991 13.3054
115.033 12.8856
113.354 13.8869
110.838 13.833
113.443 13.4869
115.872 13.511
112.321 13.5698
107.332 13.3924
115.792 13.3233
115.846 13.4412
113.264 13.1049
111.469 13.5624
111.715 12.973
111.511 13.2734
112.665 13.2082
115.531 13.2756
111.701 13.5074
118.645 13.5135
114.524 13.3755
117.542 13.2781
118.205 13.1907
118.549 13.3933
112.779 13.8479
116.454 13.7967
109.239 13.8062
110.838 13.7794
111.954 13.6411
113.247 13.1345
111.129 13.1008
113.277 13.033
117.962 13.4022
116.825 13.4801
113.845 13.4612
113.549 13.4133
113.253 13.5078
114.671 13.3771
118.693 13.4395
117.01 13.5962
115.078 13.3113
116.876 13.2495
117.025 13.2082
115.672 13.7972
112.647 13.2519
115.303 12.9212
116.24 12.8608
118.839 12.7798
119.358 13.2396
115.33 13.2593
114.616 13.5272
113.58 13.529
115.703 13.3098
109.21 13.0001
114.704 12.8539
112.946 13.0777
113.673 13.5353
117.415 13.1679
115.9 12.9037
110.341 13.4878
110.722 13.7201
114.155 13.6871
115.819 13.1903
112.95 13.5115
111.62 13.2009
113.576 13.1956
111.096 13.3308
111.839 13.4349
112.962 13.2584
114.909 12.7856
117.117 13.1115
112.452 13.6179
109.114 13.1659
113.29 13.2639
117.666 12.2241
110.683 13.2112
113.273 13.1984
111.159 13.5306
112.976 13.5295
110.062 13.4968
112.126 13.1519
117.242 13.4735
113.562 13.3628
111.542 13.4592
115.754 12.985
113.713 13.1644
115.42 13.1593
115.643 13.3127
118.512 13.8328
116.21 13.5218
114.4 12.6981
115.815 12.9828
113.103 13.601
111.908 13.7826
113.613 13.6437
117.482 12.9244
114.835 13.2719
112.286 13.8204
113.975 12.6804
120.003 13.2367
119.349 13.33
121.012 13.2491
113.087 13.2795
108.95 13.5919
110.81 13.4817
109.881 13.0346
112.797 13.058
112.438 13.8614
113.002 12.5353
114.579 13.8935
110.643 12.6328
113.176 13.3328
116.966 13.063
114.624 13.4834
114.377 13.2369
114.023 13.4113
113.005 12.8524
116.076 13.3406
112.77 13.1096
111.208 13.1882
106.34 13.3865
107.655 13.436
113.906 13.163
112.577 13.7676
110.174 13.682
110.859 13.6592
110.824 13.5898
113.405 13.7254
115.39 13.6299
114.175 13.7138
118.103 13.6158
121.6 12.826
119.559 12.8989
120.811 13.2582
113.5 13.3713
122.521 13.421
129.966 13.2113
129.966 13.3276
121.857 13.0085
120.504 13.2095
118.596 13.0708
113.047 13.379
113.546 13.3388
116.482 13.3626
115.191 13.0322
105.353 13.2729
112.841 13.3679
111.533 13.3205
112.559 13.8889
111.966 13.5166
112.107 13.2002
106.729 13.279
107.216 13.2501
113.614 13.3091
114.121 13.2589
117.146 13.5407
117.235 13.6232
118.232 13.3033
118.425 13.0283
119.242 13.1476
112.937 13.5024
114.128 13.3364
114.838 13.1314
118.025 12.8714
115.498 13.0011
115.543 13.3257
112.446 13.2804
112.554 13.074
118.498 12.9711
118.389 13.1462
116.985 13.7047
115.142 13.568
114.352 12.8228
113.421 13.0436
113.977 14.014
116.239 13.1811
114.734 12.916
115.869 13.2795
118.067 13.438
117.957 13.3446
115.733 13.9105
114.948 13.0836
113.815 13.0255
116.155 13.2896
120.286 12.9847
117.15 13.1358
114.455 12.5962
114.691 13.1093
112.652 13.6166
112.972 12.7139
112.61 12.949
114.698 13.2934
114.248 13.7423
118.878 13.6101
116.36 13.5334
112.511 13.1769
117.43 13.2457
114.494 13.7352
114.624 13.505
109.13 13.6232
110.379 13.2727
117.251 13.527
115.926 13.6794
111.887 13.8465
113.531 13.9319
115.04 13.5508
110.815 13.2584
112.44 12.9891
113.704 14.0033
117.015 13.626
116.682 13.506
113.274 13.2656
119.084 13.1046
118.971 12.9779
117.364 12.4297
115.687 13.2158
115.054 13.8058
113.284 13.182
115.644 13.4848
121.644 13.4502
111.075 13.2274
112.532 12.7627
113.793 12.995
121.262 13.2052
116.323 13.1503
113.745 12.9967
112.775 13.1242
115.942 13.433
119.818 13.4448
117.137 13.3542
118.151 13.1422
115.47 13.3157
115.101 13.0574
116.494 13.5317
117.794 13.3073
119.418 13.1365
116.215 13.3321
116.723 13.1175
118.919 13.0949
122.581 13.446
118.133 13.3332
115.426 13.1237
109.511 13.0974
110.347 13.6037
117.651 13.2281
115.915 13.231
115.37 13.3193
115.716 13.5266
111.824 13.2755
115.495 13.3167
115.467 13.0932
114.175 13.1959
114.266 13.1905
113.113 13.214
115.973 13.2178
111.966 13.4741
110.328 13.3013
114.228 13.3922
115.499 13.1089
118.317 13.7775
116.098 13.2255
117.54 13.1716
111.867 13.1213
112.287 13.1101
110.953 13.768
117.81 12.7999
120.137 12.7865
118.733 12.882
117.421 13.159
118.763 12.8986
119.282 12.868
117.142 13.3004
114.058 13.7188
116.047 13.4267
110.75 13.8111
111.261 13.9469
110.173 13.5299
111.431 13.5129
112.306 13.4464
113.936 13.4052
109.328 13.2423
109.797 13.249
117.324 13.5496
115.045 13.5784
118.39 13.1101
120.061 13.3305
121.268 13.5038
116.828 13.4386
115.708 13.2064
113.465 13.1748
113.055 13.3783
111.189 13.3745
117.824 13.4718
113.029 13.2369
108.722 13.0985
115.355 13.2043
108.793 12.687
119.418 13.3561
117.549 13.6695
118.042 13.4866
121.514 13.5241
120.586 13.3388
115.639 12.8046
111.459 13.5833
110.185 14.3084
111.069 12.8612
113.71 13.1786
115.802 13.5319
115.951 13.2467
115.732 13.1735
111.31 13.0512
111.787 13.136
113.968 12.9587
112.054 13.5184
119.939 13.7193
111.623 13.6005
118.931 13.1725
115.758 12.9899
112.147 13.0228
108.506 13.2246
110.809 13.2405
109.568 13.4188
109.619 13.2269
113.364 13.654
119.127 12.9311
115.365 13.5683
112.733 13.4037
116.822 13.3953
109.004 13.4634
115.741 13.2791
114.382 12.9881
115.481 12.9507
113.881 13.4449
109.424 13.515
111.912 12.9112
122.538 13.0146
116.596 13.2086
113.726 12.8571
110.56 13.6037
115.213 13.2153
115.499 13.2324
107.98 13.9096
118.863 13.3521
111.463 13.1605
112.166 13.8063
116.7 12.9728
115.17 13.3207
111.708 12.6744
115.056 13.1427
114.265 13.1955
113.955 13.2493
112.804 12.9918
106.56 13.4455
117.09 13.1003
113.718 13.3242
111.835 12.8518
111.871 13.2994
123.66 13.3585
118.727 13.4874
118.009 13.3338
116.171 13.3902
116.599 13.4128
109.142 12.9148
114.503 13.2367
113.32 13.0179
113.049 12.8904
111.669 12.8531
111.702 13.1988
108.227 13.0986
115.496 12.8741
116.925 13.4096
116.604 13.3513
116.64 13.4289
112.066 13.4099
114.38 13.0832
116.851 13.2941
114.791 13.2454
118.262 13.556
114.751 13.6094
119.847 13.1354
113.478 13.4631
118.303 13.7117
117.078 13.4886
120.222 13.3815
119.649 13.6927
120.095 13.2832
116.717 13.3428
114.157 13.64
114.443 13.4223
117.675 13.2893
120.688 13.321
117.344 13.5516
118.159 12.7997
113.569 13.4197
121.618 13.2332
116.299 13.0811
114.423 13.6644
113.831 13.2161
111.552 13.3746
112.512 13.2975
114.483 13.6703
117.263 12.692
119.182 13.1964
116.244 12.5897
110.661 13.4109
113.623 13.7027
119.399 13.1932
119.677 13.1022
112.18 13.5405
115.547 13.4043
115.194 12.7555
111.395 13.4851
112.323 13.491
113.247 13.095
115.785 13.5103
113.671 13.4825
113.148 13.2131
113.782 13.2577
113.118 13.3753
118.016 13.1334
114.254 12.9941
115.365 13.2781
113.872 13.2365
115.49 13.1073
114.735 12.8544
116.356 13.0224
115.985 14.1613
112.577 13.5396
122.387 13.6079
125.873 12.9791
119.969 13.0982
113.134 13.0843
112.93 13.1844
110.732 13.4211
115.722 13.4202
114.577 13.4259
110.248 13.5117
112.317 13.5927
109.965 13.4896
116.695 13.5271
109.301 13.6847
117.422 13.6467
112.77 13.403
112.679 13.658
118.837 13.3064
115.826 13.4925
114.022 13.3016
112.979 13.9169
115.41 13.0911
112.283 13.1396
113.056 13.3358
114.106 13.4707
117.132 13.6234
109.019 13.5398
115.941 13.1233
115.079 13.2959
116.724 13.5517
115.311 13.277
114.995 13.2567
113.462 13.133
114.842 13.2658
116.085 13.2843
117.538 13.2052
116.398 13.3853
119.401 13.0189
115.129 13.2704
115.658 13.209
113.808 13.2974
121.229 13.2233
115.001 13.4617
112.667 13.085
109.339 13.6352
115.587 13.2574
115.081 13.497
116.031 13.5737
114.083 13.5318
117.73 13.5688
114.775 13.3891
114.15 13.3229
115.913 13.4011
117.482 13.1896
115.21 13.2555
110.902 13.4755
111.53 13.5502
114.491 13.6379
113.682 13.6402
108.625 13.7117
108.498 13.6817
113.351 13.1885
113.425 13.1361
113.173 12.9263
110.942 14.2249
115.318 13.3537
116.989 12.853
114.694 13.0824
115.386 12.9022
112.79 13.5684
112.649 13.1793
108.488 13.0155
117.089 12.8981
117.047 12.9365
112.514 12.9494
111.474 13.3064
116.45 13.6461
116.016 13.7737
119.365 13.789
115.858 13.3763
118.925 13.4819
116.879 13.2903
118.18 13.3105
115.904 13.2564
116.334 13.5154
116.838 13.507
114.33 13.2432
112.486 13.293
113.126 13.4207
116.788 13.3408
112.53 13.3547
112.383 13.435
120.732 13.2919
114.218 13.2172
116.538 13.0367
116.648 13.4267
118.121 13.6149
118.329 13.4008
115.365 13.5396
116.451 13.3866
121.055 13.3164
113.442 13.745
115.787 13.2512
117.692 13.7228
118.369 13.9399
116.399 13.1463
118.853 13.543
123.429 13.3828
116.337 13.5749
115.957 13.867
119.453 13.0932
118.357 13.5334
111.724 13.4319
110.162 13.9196
112.48 13.1879
117.283 13.5742
115.351 13.392
110.828 13.3176
112.685 13.401
115.771 13.1331
111.025 13.5592
115.421 13.199
112.502 13.0848
113.01 13.1353
110.548 12.9635
109.136 13.3032
115.421 13.3235
109.358 13.6629
113.701 12.8613
112.137 12.9021
113.131 12.3575
119.932 12.7854
119.178 13.2957
116.83 13.682
119.307 13.3839
116.212 13.3376
114.399 13.1769
116.086 13.6306
117.153 13.6061
111.201 13.6156
110.57 14.0925
111.464 13.8614
108.482 13.1441
106.065 13.583
112.588 13.4668
114.528 13.5007
117.421 13.7877
119.171 13.0554
114.774 13.0641
114.832 13.3295
113.566 13.4525
113.995 13.2881
116.985 13.0724
113.493 13.1404
114.097 13.1399
110.387 13.9136
112.667 13.2107
115.982 13.6412
113.645 13.3623
117.148 13.4226
116.728 13.3534
115.95 13.3363
120.272 13.2899
108.207 13.3296
117.664 13.3569
118.356 13.3053
116.845 13.3406
115.852 13.1905
120.169 13.0343
121.158 13.0124
113.03 13.4628
118.233 13.177
119.005 13.0264
120.042 13.4981
120.522 13.3175
125.123 12.8563
118.117 13.5473
120.337 13.0814
116.435 13.3826
118.413 13.1141
114.113 13.5527
114.663 13.0888
117.455 13.4587
114.538 13.2961
114.837 13.3221
117.126 13.2521
113.945 13.0482
113.394 12.8034
113.959 13.5809
114.449 13.7289
116.58 13.5841
123.68 12.7939
116.59 13.4218
118.121 13.4412
119.181 12.8949
119.291 13.276
119.584 13.579
114.695 13.3004
117.989 13.4969
118.179 13.1172
112.96 13.7011
113.915 13.4502
116.962 13.1037
115.167 13.4304
115.627 13.7571
113.208 13.4077
114.669 13.3218
113.13 12.9803
108.395 13.2513
107.311 13.2822
110.984 13.4498
117.18 13.4555
113.523 13.4594
115.09 13.4959
114.719 13.4754
114.965 13.32
116.144 13.8424
114.247 13.3387
119.394 13.1009
120.09 12.7771
109.77 13.5851
109.523 13.0538
119.719 13.6359
112.232 13.2541
113.521 13.1946
116.501 13.6273
117.101 13.6349
114.051 13.6566
116.311 13.1299
111.521 13.693
108.142 13.3618
117.887 13.3522
120.138 13.1561
116.859 13.3071
117.173 13.4139
118.422 13.3361
116.365 13.0864
119.616 13.3477
119.245 13.161
113.287 13.6488
112.079 13.5002
116.803 13.0973
117.043 13.2078
112.764 13.5453
118.899 13.6453
118.77 13.345
117.42 13.277
117.42 13.1937
113.088 13.7796
118.618 13.3617
112.19 13.151
118.841 13.277
118.256 13.2055
109.416 13.2546
110.615 13.0984
112.456 13.2255
113.017 13.1059
112.734 13.027
106.874 13.4169
108.545 13.3633
108.561 13.5277
117.411 13.5034
115.137 13.3185
114.556 13.4026
115.578 12.8764
115.429 13.1673
111.724 12.9985
111.296 13.1646
105.305 13.6161
120.146 12.9202
115.603 13.2849
118.027 13.087
120.231 13.5556
114.616 13.8269
113.038 13.3797
113.959 13.1162
113.541 13.1102
113.506 13.3623
107.491 13.325
110.89 13.1155
107.983 13.4408
108.874 13.7974
107.911 13.5996
111.148 13.1561
114.619 13.621
111.949 13.4202
113.14 13.0372
113.535 13.3039
118.736 13.3475
116.643 13.9847
117.841 13.7334
115.008 13.4949
113.783 13.2121
115.546 13.314
116.654 12.9159
109.704 13.4688
118.382 13.5943
110.357 13.7101
117.71 13.0028
118.401 13.2596
117.867 12.9725
116.703 13.4595
116.861 13.4558
116.805 13.4937
117.045 13.4449
119.769 13.337
119.734 13.4172
115.112 13.5268
119.008 13.4166
116.796 13.213
117.811 13.4026
121.455 13.4522
114.677 13.4212
116.632 13.4469
108.376 13.8017
110.524 13.2503
111.853 12.9034
110.805 13.1892
106.829 13.7455
114.934 13.6482
115.079 13.5794
118.097 13.0882
117.278 13.312
114.089 12.992
118.048 13.298
118.145 13.1288
112.407 13.1926
119.321 12.8078
111.663 13.5836
112.463 13.4938
117.465 12.9135
115.804 12.853
118.045 13.0982
117.603 13.0865
120.122 12.997
115.421 13.031
109.159 13.0233
110.367 13.3478
110.916 13.4615
114.431 13.1248
111.987 13.0993
113.932 13.4825
115.809 13.5259
112.991 13.1861
115.837 13.3119
117.094 12.9736
116.39 13.21
117.481 13.4757
116.119 13.7173
112.964 12.9489
112.017 13.4347
109.9 13.4408
117.307 13.1385
116.777 13.0562
108.721 12.6217
113.735 12.7654
114.699 13.5923
111.409 13.5041
112.384 13.4415
114.743 13.4547
114.42 12.9608
112.013 13.0294
111.196 13.0856
112.652 13.109
118.044 13.2773
120.295 13.2466
117.354 13.8138
122.328 12.6795
117.052 13.7657
115.538 13.5146
115.676 12.9834
109.181 13.7947
110.587 14.1827
116.176 14.0898
114.554 13.0443
119.573 13.2956
114.722 13.6609
113.773 13.1543
116.562 13.0844
110.706 13.5626
109.406 13.6973
106.365 13.6945
111.85 13.3233
111.559 13.3654
115.822 13.1268
117.824 13.0279
110.465 13.4437
113.305 13.187
114.633 13.1776
117.612 12.9557
109.961 13.2057
118.7 13.2275
117.176 12.9418
115.817 12.913
110.628 12.8445
109.78 12.9237
113.318 13.0301
111.642 13.302
117.473 13.0015
112.658 12.7923
114.942 13.6257
115.35 13.1108
116.11 13.2216
116.221 13.2245
118.821 13.7963
118.886 13.1355
112.754 13.2116
113.933 12.8318
117.924 12.8916
119.553 13.3131
114.754 13.339
114.18 13.3255
111.095 13.409
111.872 12.9495
112.282 12.982
116.298 13.1838
116.34 13.4195
110.866 13.4745
111.43 13.0332
113.915 13.0122
117.082 13.1457
115.939 12.9592
109.098 13.0417
108.636 12.9707
111.306 12.9772
112.158 13.4461
115.129 13.5082
109.89 13.1122
110.672 12.954
110.481 13.5001
110.836 13.5214
114.604 12.5833
116.951 13.2489
119.028 13.3524
115.052 13.0832
115.32 13.1837
119.898 13.5646
114.033 13.105
115.784 13.1669
115.01 13.0285
116.587 13.1204
114.071 13.6434
114.174 13.4679
114.066 13.084
110.357 13.5921
105.777 13.9259
112.008 13.2188
114.641 13.3278
117.319 13.4286
115.46 13.5216
112.933 13.2125
110.818 13.3152
116.113 13.0336
114.387 13.3596
119.729 13.3279
112.668 13.0508
111.69 14.1276
115.084 13.3201
115.785 13.6567
121.266 13.5593
108.965 13.6131
107.832 13.3221
102.52 13.2307
112.379 13.4562
113.227 13.5425
107.771 13.8284
118.7 12.5486
115.419 13.1313
116.642 13.6203
112.098 12.9451
117.854 13.5174
118.516 13.6178
114.428 13.8067
110.608 13.3441
106.992 13.3744
110.778 13.2284
113.571 13.3729
114.348 13.4172
115.547 13.3571
117.042 13.5113
114.587 12.7801
113.637 13.6691
119.443 14.0052
117.238 13.6145
121.956 13.5322
119.982 13.143
114.444 12.7524
111.737 12.9525
114.355 13.0425
115.834 13.6431
115.11 13.4326
112.04 13.1543
111.025 13.1122
115.378 13.1089
111.471 12.8556
113.297 13.6801
112.154 13.8623
108.613 13.8666
111.398 13.616
107.75 13.5842
112.723 13.037
111.808 13.3804
119.063 13.4737
116.903 12.9828
116.401 13.4873
115.904 13.2312
117.621 13.4516
114.296 13.4682
121.019 13.3778
117.477 13.6726
116.279 13.3129
115.704 13.2925
114.649 13.0242
111.709 13.6855
121.256 13.2556
114.751 13.3567
120.47 13.2875
116.602 13.2955
113.901 13.3719
114.512 13.2381
114.763 13.8267
110.539 13.3593
114.927 13.5482
118.608 13.5942
110.551 13.1282
115.398 13.1083
114.909 13.1934
117.539 12.8566
116.222 13.0357
117.37 12.9458
119.766 13.0924
118.205 12.9465
112.62 13.2105
111.435 13.2158
113.259 13.457
111.225 13.1398
116.474 13.059
111.534 13.933
107.397 13.2681
109.73 13.7423
108.616 13.7724
112.944 12.8505
118.084 13.2409
114.489 13.2192
113.516 13.4862
111.817 12.9818
112.766 13.0334
113.592 12.7256
113.485 13.6391
115.685 13.0666
112.495 13.7852
112.569 12.776
112.366 13.2369
116.349 13.3348
111.756 12.8795
112.327 12.5954
115.737 12.846
114.211 14.006
119.216 13.5226
109.369 13.1206
113.303 13.1427
108.021 13.3607
108.871 13.507
111.417 13.7798
108.691 13.9343
109.845 13.6135
109.41 12.9038
111.721 13.5237
118.074 13.069
116.656 13.8156
116.487 13.148
114.408 13.3105
116.363 13.5295
117.609 12.9935
116.049 13.4718
114.32 13.4088
114.768 13.2549
117.565 13.0523
116.596 13.101
113.952 13.0721
114.118 13.1627
112.169 13.2787
111.332 12.9223
116.065 12.9679
115.421 13.3463
112.535 13.5789
106.803 13.6377
112.165 13.6138
117.643 13.4233
114.774 13.5344
112.751 13.7975
112.151 13.4113
110.319 13.2614
117.93 12.8553
108.473 13.4526
112.984 13.3667
112.156 13.2908
112.289 13.2083
112.725 13.3776
111.291 13.6738
110.785 13.6296
113.411 13.1994
116.935 13.5064
115.491 13.5007
113.906 13.5183
115.796 13.0352
116.296 12.9638
113.196 13.3518
118.545 13.2365
117.318 12.9872
116.401 13.7921
114.511 13.2127
115.222 13.2402
114.825 13.5754
116.419 13.1422
112.867 13.1479
112.955 13.1473
114.955 13.2247
116.387 13.2122
113.84 13.2474
115.787 13.4551
115.778 13.2384
116.464 13.1737
110.783 13.196
114.341 12.692
114.762 13.2852
114.698 13.8081
111.633 13.5462
111.133 13.5195
111.441 13.0442
111.377 12.7374
111.277 13.4602
129.631 12.9471
116.034 12.9579
116.713 13.7999
107.217 13.3952
116.203 13.3145
111.478 13.4383
117.312 12.9232
117.312 13.2758
114.288 13.2735
114.465 13.389
112.596 13.307
116.184 13.0178
116.492 13.2281
115.339 13.2429
115.891 13.1742
113.813 13.2296
112.806 13.0099
111.466 13.2748
109.647 13.4816
112.88 13.4103
120.347 13.4498
112.897 13.2533
114.519 13.6331
115.777 12.9176
109.018 13.1568
112.686 13.7138
110.809 13.5792
114.375 13.3417
114.398 13.4027
117.285 13.1691
118.865 12.9625
114.707 12.7536
112.489 13.3706
120.095 13.2871
113.554 13.1305
116.458 13.25
119.115 13.385
115.581 12.7532
114.096 13.0718
116.369 12.7798
118.17 13.0191
115.887 14.1348
113.03 13.1262
113.978 13.3538
113.715 13.3116
110.693 13.5934
115.584 13.5445
110.175 13.4067
118.649 13.1647
121.066 13.2176
114.473 13.7571
114.56 13.5688
117.774 13.0812
120.871 13.9503
115.463 13.8382
114.093 13.5922
116.467 13.2857
121.429 13.4339
120.779 13.4233
115.398 13.4173
115.142 13.3179
116.395 13.3686
114.467 13.3597
114.434 13.3414
119.045 13.3214
118.468 13.6935
120.745 13.3136
113.506 13.3603
116.255 13.1161
114.32 13.9862
118.39 13.4474
119.091 13.6744
120.368 13.3991
119.018 13.297
115.995 13.5796
111.791 13.3631
111.652 13.4572
116.84 13.5002
110.499 13.7816
118.679 13.6454
109.345 13.5701
112.531 13.6232
112.142 13.5715
110.473 12.8833
111.736 13.2955
111.014 13.6827
114.962 13.3623
118.578 13.3968
112.005 13.4365
111.875 13.3969
111.047 13.115
111.656 13.0669
115.909 13.6837
120.357 13.2489
121.805 12.9225
109.271 12.9105
116.031 12.8735
115.605 13.394
113.192 13.3536
116.757 13.4849
115.212 13.0585
114.328 13.4801
115.32 13.5934
116.497 13.6295
117.535 13.6282
109.984 13.6825
113.662 13.6195
115.66 13.6159
111.952 13.5882
112.462 13.34
117.145 13.4141
120.098 12.8542
122.05 12.8703
118.552 13.7415
116.883 13.2098
118.825 13.0739
121.125 13.3894
121.966 13.3638
121.966 13.1875
120.795 12.8762
117.175 13.8165
120.568 13.3443
117.534 14.0757
120.398 12.8898
117.035 13.2347
121.131 13.2052
117.083 13.7361
116.844 13.2882
118.407 13.1459
117.624 13.483
119.648 13.6881
118.806 13.2729
121.555 13.56
120.607 13.1478
120.382 13.8508
117.098 13.4101
117.222 12.951
115.085 13.0879
113.893 13.8396
112.936 13.4083
121.103 13.6505
116.248 13.2843
118.958 13.2657
122.417 13.0673
121.788 12.4701
118.834 13.0248
113.842 12.8777
116.255 13.0914
113.661 12.8779
115.188 13.4621
117.666 13.1011
109.51 13.1149
110.422 13.2823
112.089 13.2629
114.495 13.2422
110.319 13.1697
116.594 12.3406
114.441 12.9471
112.477 13.1605
111.767 13.5294
116.377 13.2127
118.317 12.9447
116.375 12.7477
109.105 13.2786
112.911 13.1519
110.898 13.1386
120.136 13.1096
115.841 13.2726
117.565 13.8825
115.957 13.4582
119.291 13.3653
125.532 13.1652
115.037 12.8009
113.878 13.5369
113.378 13.7736
118.306 13.4225
116.238 13.2862
113.773 13.5225
111.792 13.5866
111.311 13.3825
109.89 13.6594
112.824 13.2974
115.591 13.8403
114.882 13.4573
112.03 13.2197
118.798 12.9388
119.866 13.4127
117.638 13.293
112.575 13.2849
114.111 12.8022
116.098 13.1335
108.976 13.2857
107.451 13.2956
112.853 14.0323
114.307 13.6121
115.599 13.499
112.848 13.4526
112.321 13.6832
116.505 13.7418
112.976 13.3473
113.171 14.0052
106.876 13.4119
119.747 13.4977
118.375 13.3078
114.699 13.322
120.094 13.0791
114.458 13.1973
110.476 13.2626
113.45 13.0304
110.963 13.4919
112.87 13.4827
115.574 13.0595
114.598 13.2228
113.27 12.8748
112.883 13.4281
111.369 13.3308
114.103 13.1912
112.141 13.4001
115.808 13.2978
113.405 13.6058
110.853 13.3606
110.57 13.2111
115.198 12.9786
111.281 13.216
114.66 13.2549
115.08 13.2933
114.229 13.2602
110.166 13.1783
111.517 13.7141
114.709 12.804
114.111 13.3814
112.371 13.3515
113.986 13.34
117.879 13.2357
116.935 13.0993
116.503 13.1657
116.684 13.2127
110.456 13.5142
113.988 13.5083
112.885 13.5615
113.165 13.2374
122.872 13.1301
121.233 12.8247
116.065 12.9089
117.729 13.231
121.079 12.9903
122.602 13.074
120.752 12.8484
120.598 13.666
120.706 12.7468
120.968 12.8121
119.829 12.8548
113.832 13.4802
121.531 12.9532
113.295 13.2938
115.632 13.1895
115.651 13.9329
115.046 13.7176
114.06 13.1836
115.556 13.3149
115.156 13.1141
119.285 13.192
111.659 13.3016
123.252 13.2717
116.515 13.7431
117.349 13.5118
120.752 13.0192
113.706 13.089
115.441 13.2776
112.225 13.7146
113.955 13.6621
114.104 13.6358
114.914 12.783
117.516 13.3817
117.256 13.5456
120.674 13.7041
116.611 13.8369
116.788 13.0203
117.92 13.2565
121.222 13.3269
119.102 13.5033
121.586 13.5589
109.801 12.7441
119.074 13.3311
116.573 13.0632
117.076 13.0739
114.793 13.3388
115.396 13.9311
115.336 12.6019
115.351 13.431
114.226 13.3909
115.733 13.1134
112.253 13.1865
112.982 13.2757
114.578 13.1434
111.698 13.3328
111.638 13.1449
110.896 13.507
112.422 12.9691
108.039 13.6873
113.6 13.5367
110.683 13.2632
109.544 13.5253
112.06 13.1884
113.604 13.2424
108.623 13.0179
115.016 13.9056
115.371 13.7333
116.121 13.6753
114.506 13.3371
112.811 13.9008
110.975 13.8832
106.974 13.5096
111.044 13.5172
111.36 13.4522
109.679 13.62
110.771 13.6308
117.211 13.6312
113.644 13.4954
113.036 13.3202
112.145 13.5253
117.52 12.9796
118.66 13.6091
115.51 13.3315
123.011 13.2305
115.906 13.7193
111.824 13.6503
111.918 13.6353
113.915 12.8406
111.898 13.2328
112.703 13.0101
116.988 13.174
120.358 13.6802
115.034 13.1681
108.884 13.2164
112.978 13.4933
111.526 13.2785
113.417 13.2969
117.538 13.2134
113.921 13.2896
118.022 13.2358
120.072 13.6269
118.955 12.7876
115.156 13.2076
113.188 13.2573
110.548 13.7319
110.812 13.6054
112.496 13.1811
114.637 13.4554
119.129 13.4972
112.029 13.3358
111.37 13.5476
115.827 13.1021
112.784 12.9853
109.044 13.5235
110.567 13.6867
117.418 12.9714
118.034 13.3609
115.773 13.4559
118.554 13.5115
116.744 12.8899
115.775 12.6516
115.891 12.8147
116.71 13.1083
113.344 13.7153
115.992 13.7937
115.992 13.7544
118.247 13.7731
112.153 13.8739
113.362 13.7096
112.97 13.4817
110.773 13.748
113.654 13.5518
116.311 13.2426
117.394 13.0975
117.109 13.7794
118.179 13.2006
112.983 13.5096
116.382 13.676
116.324 13.6342
124.876 13.6736
111.188 13.6391
112.74 13.4108
109.094 12.9897
115.846 13.7823
119.543 13.3907
114.546 13.4139
113.432 13.3602
117.542 13.275
116.696 13.0754
114.894 12.8048
117.287 13.5421
116.788 13.5412
107.456 13.0548
111.695 13.1607
117.399 13.1043
116.483 13.2361
113.251 13.9229
112.016 13.2789
113.837 12.8066
114.134 13.2423
109.241 13.9248
111.994 13.4302
112.606 13.6333
116.545 13.153
110.536 13.5629
116.55 13.4433
114.106 12.9959
116.442 13.5197
113.143 13.5546
117.222 13.5185
117.377 13.023
110.101 13.3941
115.765 13.3517
115.029 13.5961
114.695 12.7215
112.909 12.8768
116.172 13.2496
116.699 13.1963
116.867 13.1837
114.482 13.3266
119.465 13.1345
112.677 12.646
109.87 13.6437
112.515 13.0032
116.528 12.7474
115.847 13.3558
113.599 13.4168
107.1 13.7318
115.604 13.0155
111.742 13.427
113.711 13.0651
110.104 13.6122
118.684 13.1448
115.988 13.2876
111.402 13.256
114.308 13.2462
113.721 13.9365
115.899 12.6214
115.882 13.6392
118.579 13.3306
116.195 12.8842
109.05 12.8692
113.351 13.3705
111.305 13.2045
113.149 13.6974
112.607 13.1634
119.828 13.4628
112.196 12.8928
107.891 13.8424
111.704 13.6072
115.126 13.2528
117.82 13.5144
110.219 13.5248
120.03 13.2985
118.463 13.4097
112.67 13.1425
121.64 12.9802
112.87 13.9754
116.02 13.3091
118.491 13.2711
115.813 13.3375
119.694 13.7233
116.554 13.4588
112.031 13.2348
116.68 13.1754
116.333 13.5
115.689 13.1648
108.746 13.3887
117.328 12.7964
119.818 13.0168
121.736 13.3313
116.754 13.0725
121.318 13.4786
113.102 13.7665
113.452 12.9884
111.951 13.5293
109.122 13.2318
108.893 13.6994
119.365 12.9832
116.177 12.8472
115.68 13.1637
117.85 13.1789
115.897 13.3273
109.405 13.3955
115.449 13.5246
112.84 13.3849
114.019 13.5043
114.041 13.6351
113.503 13.6302
114.503 13.3257
112.721 13.278
111.969 13.5872
114.15 14.0743
107.438 13.3206
105.857 13.3949
111.194 13.3664
116.552 12.8972
114.954 13.0243
117.534 12.8363
115.44 13.5446
120.833 13.565
118.749 13.4301
114.48 13.6336
115.683 13.5046
118.928 13.4948
114.746 13.2804
117.219 12.8733
113.273 13.219
117.508 13.4841
118.265 13.3494
117.803 13.0708
114.819 12.722
114.264 13.1319
116.714 13.091
117.233 13.1379
115.538 13.2102
114.925 13.1858
113.382 13.5169
107.497 13.8115
108.789 14.0758
109.509 13.1679
113.379 13.1453
114.317 13.7545
114.537 13.5017
114.835 13.2721
110.356 13.4181
113.278 13.4294
111.082 13.6621
113.346 13.6622
111.011 13.6337
115.959 13.6492
111.078 13.6052
110.903 13.3332
113.225 13.1915
112.727 13.3452
114.551 13.2816
113.335 12.758
115.261 13.4635
115.299 13.4936
115.201 13.1323
109.062 13.7693
107.517 13.7994
112.169 13.2467
113.041 13.1195
108.519 13.115
112.254 13.0742
112.609 13.1783
110.014 13.4527
113.802 13.4041
118.64 13.0553
112.719 13.5249
114.277 12.8164
113.87 13.5578
112.472 13.4668
116.939 13.5988
116.55 13.1268
116.797 13.8556
115.406 13.3339
114.218 13.1971
120.588 12.9681
104.214 13.5706
109.977 13.4064
110.849 13.3791
119.214 13.555
120.278 13.4638
119.316 13.454
113.27 13.5563
112.498 13.2741
117.049 13.0151
115.814 13.3846
113.561 13.1678
113.906 13.9342
111.698 13.8999
112.867 12.8287
117.919 13.2025
112.169 12.9966
112.535 13.6912
114.004 13.1315
113.958 13.3875
114.073 13.0345
113.653 13.2951
114.858 13.3318
123.93 13.2661
118.947 13.5208
118.889 13.0978
112.251 13.1665
114.788 13.7788
116.534 12.5903
115.247 13.1557
110.347 13.1305
111.42 13.1593
115.145 13.4691
113.777 13.4947
116.129 13.1524
114.399 12.917
115.546 12.9913
115.137 13.2082
117.176 12.6848
114.995 13.149
112.493 13.2797
114.143 13.354
112.058 13.611
113.5 13.4816
116.895 13.4797
111.805 13.5724
111.805 13.7952
110.872 14.0933
113.263 12.8214
117.153 13.334
117.352 13.3552
117.661 13.7894
114.197 13.495
118.156 13.525
113.851 13.3286
115.266 13.498
114.365 13.5058
113.239 13.144
113.542 13.1914
115.663 13.5324
115.764 13.2069
116.55 13.8632
118.444 13.6191
111.317 14.0164
117.882 13.6207
117.971 13.213
115.179 13.4195
114.847 13.6678
116.035 13.7367
117.776 13.6762
114.513 13.3107
114.025 13.7481
118.015 13.6787
112.47 13.2419
117.623 13.1624
112.508 13.1915
117.134 13.4795
118.764 12.6954
116.047 13.2755
116.081 13.2064
113.628 13.2762
115.85 13.6753
117.651 13.5106
111.82 13.2466
109.066 13.4621
113.35 13.4524
116.673 13.5249
114.098 13.3741
117.712 13.2158
114.387 13.0505
112.455 13.7813
108.798 13.7277
112.377 13.4027
112.678 13.5336
114.494 13.4072
115.104 13.5968
109.564 13.5455
114.167 13.5847
117.295 13.8195
113.879 13.2623
116.533 13.3261
113.322 13.2954
115.295 13.0223
113.695 13.5984
110.544 13.1953
117.215 13.1949
116.408 13.525
116.431 13.9338
110.229 13.5843
108.513 13.9699
113.175 13.8738
113.62 13.4721
116.343 13.2371
114.163 13.2328
119.19 13.3711
117.404 12.6862
112.077 13.3001
114.874 13.0352
114.049 13.3192
114.581 13.1088
114.285 13.3667
113.042 13.31
113.912 13.5211
109.543 13.5409
113.411 13.5066
112.339 13.4202
120.305 13.4343
116.415 13.1977
120.197 12.7451
116.965 13.0784
116.156 12.9269
113.936 13.4183
112.316 13.5516
115.491 12.8995
114.76 13.6429
114.155 13.3209
113.12 13.002
114.036 12.868
113.124 13.1984
116.06 13.6615
113.921 13.1319
117.327 13.2697
113.024 13.5494
114.161 13.4092
113.852 13.3109
110.733 13.3009
108.176 13.0491
115.632 13.2028
112.844 13.1948
114.85 13.3549
111.869 13.6381
111.159 13.1888
110.816 13.0591
111.146 13.0368
107.805 13.0883
114.661 13.2762
115.905 12.8441
109.916 13.4829
111.782 13.1464
116.862 13.8232
111.076 12.8301
119.053 12.905
117.185 13.2439
118.151 12.7302
116.257 12.9741
120.916 13.1598
117.816 13.1486
118.383 13.1259
116.129 13.1124
108.546 13.1149
111.761 13.0943
109.115 13.052
114.664 12.9395
110.836 13.4855
113.174 13.1789
111.401 13.7418
112.584 13.0056
113.677 13.7952
111.225 13.5104
114.228 13.5192
116.923 13.3675
111.511 13.3979
111.587 13.6224
109.339 13.7394
112.939 13.7491
113.536 13.5277
111.717 13.408
114.604 12.9695
114.271 13.3555
111.404 13.2206
111.695 13.2691
120.817 12.9426
118.744 13.5352
117.073 13.8002
115.681 13.396
116.789 13.4409
115.691 13.3128
108.862 13.7563
117.292 13.403
117.845 12.8833
124.421 12.9438
113.051 13.6458
113.421 13.6146
114.624 12.9961
117.937 13.4839
119.603 13.4877
113.171 13.3109
124.928 13.4432
119.225 13.1646
116.302 13.2402
113.642 13.1814
116.288 14.0195
122.236 13.0625
116.244 12.9375
115.149 13.2852
117.03 12.6995
117.209 12.9752
122.074 12.9427
114.883 13.5593
113.962 13.6981
117.096 13.5914
119.21 13.4765
116.737 13.5939
116.192 12.7333
110.727 13.6293
110.578 13.5072
118.039 13.5069
114.844 13.3738
113.224 13.6882
115.873 12.9615
119.942 12.8028
118.522 13.7434
116.146 13.3166
117.986 13.3669
115.801 13.2624
112.912 13.7366
122.206 13.556
120.759 13.0806
117.846 12.9076
109.015 13.2577
111.045 13.9098
108.871 13.172
114.122 13.7846
113.971 13.2817
112.251 13.3172
114.929 13.3019
114.86 13.3527
111.908 13.3275
108.965 13.6622
116.251 13.2786
119.114 13.3131
118.584 13.617
116.742 13.2925
120.486 12.5152
120.526 13.1945
117.718 13.2011
118.087 13.0589
113.867 12.8024
112.678 13.1237
111.378 12.7007
111.938 13.1688
111.882 13.2478
110.936 13.3045
112.238 13.5057
113.309 13.9873
117.594 13.4274
116.212 13.7194
110.485 13.2928
114.071 13.4936
117.677 13.4015
121.612 12.882
117.937 12.7396
121.647 13.072
111.623 13.9381
115.73 13.6547
115.627 12.9339
110.115 13.4203
110.473 13.5018
116.81 13.3393
113.969 13.0064
118.843 13.2991
112.258 13.3734
108.761 13.4974
114.433 13.5164
112.908 13.0608
113.116 13.1331
115.469 12.9137
119.556 13.5102
119.192 13.2113
115.417 12.9614
113.624 13.037
111.898 13.1671
114.234 13.3594
113.213 13.0904
113.209 13.382
112.471 13.0506
120.509 13.3223
111.291 13.3854
112.575 13.992
112.684 13.4887
112.076 13.8246
109.417 13.4258
113.025 13.6217
111.082 13.3611
111.646 13.7638
117.073 13.0748
116.636 13.2266
120.435 13.5511
113.504 13.3259
115.425 13.4287
115.157 12.4338
116.853 12.69
113.107 13.1316
111.993 13.5173
114.075 13.006
113.615 13.1748
114.46 13.4217
114.416 13.3076
118.344 13.5346
118.628 12.8627
120.304 13.4682
117.429 13.2151
122.444 12.8767
119.505 13.3094
115.357 13.3384
110.423 13.6133
111.407 13.3999
118.568 13.5633
117.008 13.7508
117.329 13.1709
123.116 13.2819
118.382 13.1695
110.994 13.0385
117.977 13.0435
110.665 13.1394
118.389 13.1951
120.643 13.3386
117.467 13.11
115.58 13.5288
112.941 13.3545
114.188 14.0745
115.387 13.8552
111.226 13.9376
117.814 12.792
112.162 13.3374
112.778 13.1277
109.004 13.4482
113.489 13.5409
115.314 13.6206
116.551 12.7448
111.214 13.6622
114.354 13.1429
115.615 13.727
114.656 13.504
115.699 13.4601
111.02 12.8713
115.338 13.5484
115.861 13.5722
110.406 13.3029
119.864 13.2948
121.53 13.2341
115.211 13.623
113.987 13.975
109.876 13.766
114.68 13.5287
115.8 13.7087
109.316 13.4922
110.766 12.901
113.594 13.8987
117.27 13.4524
121.942 13.2227
117.696 12.9872
113.129 13.816
115.392 13.4209
115.127 13.0392
114.555 13.5449
116.271 13.141
115.495 13.1109
117.054 13.2632
113.258 13.0257
112.768 13.3703
112.864 13.5666
113.771 13.0444
111.005 13.1014
114.071 13.1324
109.244 12.9423
112.307 13.2314
115.228 12.8004
109.612 12.8207
108.492 13.5944
114.652 12.9481
115.238 13.5144
111.104 13.053
115.645 13.2259
112.873 13.6518
111.196 13.5839
111.629 13.3921
110.554 13.2
115.629 13.4599
115.278 13.4231
113.445 13.9636
118.933 13.3702
116.301 13.5609
113.791 13.6135
113.906 13.2208
112.26 13.6406
114.402 13.1967
111.082 13.17
109.294 13.1946
112.478 13.1041
111.395 13.4464
119.701 13.4331
119.105 13.2739
113.161 13.2832
112.478 13.422
115.001 12.9894
115.687 13.269
111.069 13.3829
108.197 13.0181
110.383 13.2304
115.818 13.1834
112.766 13.7231
115.182 13.2635
117.426 13.3468
110.959 13.1141
112.509 13.4552
112.509 13.0608
108.016 12.9115
111.697 13.3821
111.089 13.8489
108.883 13.4573
108.605 14.1254
107.195 13.395
112.3 13.3255
113.6 13.1999
115.405 12.9101
117.437 12.5904
118.41 13.6775
113.059 12.5453
120.319 13.4455
114.945 13.5309
117.081 13.399
109.599 13.1931
111.927 13.4179
116.27 13.2682
119.732 13.2023
122.022 13.2601
120.307 13.1895
124.896 13.194
127.79 13.2673
119.723 13.7199
120.171 13.813
122.487 13.5905
116.479 13.3134
116.443 13.4746
119.623 12.9461
115.672 13.0432
114.847 13.1756
116.221 13.1318
120.18 12.8919
116.414 13.1906
115.877 13.2295
119.038 13.6067
115.236 13.5542
115.762 12.8241
111.134 13.3778
112.531 13.2875
106.366 14.2396
113.586 13.3543
117.67 12.9435
109.86 13.3852
113.848 13.414
114.872 13.676
114.692 13.3
119.457 13.3219
116.365 13.5955
116.43 12.9581
116.581 13.1197
113.474 12.8623
112.469 12.872
116.622 13.2149
117.663 13.6778
114.984 12.9667
113.155 13.6989
115.865 13.567
114.971 13.7448
114.752 13.4567
113.514 13.1716
120.76 13.2518
121.761 13.3887
118.02 12.8881
117.755 13.7701
111.197 13.4925
116.995 13.8877
120.585 13.2418
116.334 13.5864
112.392 12.848
111.73 13.0969
111.103 13.2871
113.365 13.5961
116.631 13.6711
116.194 12.7402
116.709 12.9329
111.413 13.7144
111.948 13.3226
112.736 13.4461
116.189 13.9276
116.522 13.2805
112.914 13.2914
111.279 13.7523
109.721 13.5853
109.411 13.3703
112.897 13.3653
112.423 12.8164
112.27 13.0496
112.376 13.7315
112.336 13.7292
112.339 13.5249
114.913 13.1094
116.078 13.489
118.385 13.5226
115.692 13.4048
114.901 13.269
114.97 14.1547
111.684 13.395
115.068 13.8944
115.929 13.1386
117.397 14.0502
115.542 13.6135
122.269 12.6718
119.905 13.1998
115.799 13.3043
121.961 13.1153
127.48 13.1746
119.064 13.4368
114.361 12.908
119.413 13.3356
124.417 13.3487
119.773 13.1284
111.446 13.9155
113.217 13.6295
112.984 13.1682
114.564 13.279
111.65 12.7335
114.596 13.1286
109.327 13.5972
114.091 13.5079
109.189 13.4184
117.487 13.1311
120.762 12.6112
113.573 13.8064
114.117 13.3277
115.019 13.2483
119.205 13.4861
117.359 13.1849
117.613 13.0805
119.218 13.1833
113.6 13.2884
114.568 12.9054
112.93 13.5216
110.74 13.4949
110.525 13.0813
110.472 13.1184
113.173 13.4296
114.479 13.0804
112.407 13.0784
115.833 13.065
116.832 13.5017
111.968 14.0556
112.498 13.6006
116.139 13.3823
118.619 13.5156
114.381 12.9473
113.127 13.161
111.953 13.6808
113.275 13.8239
115.609 13.2131
118.733 13.1859
109.12 13.3393
111.431 13.8178
114.928 13.5298
113.304 12.9314
111.123 13.4092
109.537 13.0329
110.046 13.2294
112.541 13.4092
113.216 13.1015
112.55 13.0727
114.948 13.6232
117.83 13.0041
114.047 12.873
112.922 13.4355
116.325 13.3765
115.011 13.0495
113.784 13.0226
114.347 13.6092
114.272 13.1957
114.302 13.3047
112.613 13.3566
109.804 12.9583
109.505 13.7384
113.582 13.4017
116.095 12.6122
118.337 13.6391
115.133 13.7607
115.591 13.6171
116.178 13.0102
111.225 12.5032
112.279 13.2428
116.042 13.1101
113.965 13.1867
114.099 13.7895
112.309 13.1272
114.14 13.1202
115.004 13.3816
115.35 13.1261
114.891 13.5962
114.768 13.7085
115.324 13.149
112.936 13.4901
120.189 13.6909
111.556 13.3543
113.08 13.5576
117.341 13.4027
116.907 12.7572
118.873 13.0097
119.423 13.2789
115.853 13.5576
116.976 12.9278
117.334 12.975
116.423 13.323
116.061 13.4589
116.153 13.6352
116.004 13.352
114.987 13.0963
118.404 13.542
115.798 13.3557
113.717 13.3332
115.003 12.8741
116.338 12.8857
115.245 13.3062
117.158 13.2897
118.547 13.3667
112.86 13.0029
119.842 13.0273
118.123 13.1665
119.962 13.4004
117.824 12.9282
114.85 13.6331
116.009 13.4982
113.107 13.2292
113.72 13.8716
112.651 13.4188
110.691 13.171
109.677 12.8941
114.814 13.4021
109.683 13.1151
113.134 12.9867
114.743 13.0739
117.945 12.6407
118.872 13.2906
115.349 13.0562
111.784 13.616
111.56 13.3753
113.483 13.7489
115.155 13.5183
116.772 13.2459
119.951 13.2165
122.582 13.4843
115.903 13.8425
114.763 13.1942
118.177 13.3439
114.062 12.9325
114.367 13.3266
115.623 13.4131
118.018 12.8625
118.941 12.8684
116.901 13.4359
115.76 12.895
115.991 13.4232
122.455 13.6886
118.693 13.303
121.316 12.9134
116.643 12.9847
113.459 13.2107
117.258 13.6247
116.5 13.0237
114.937 12.8555
115.063 13.6186
107.884 13.5174
109.201 13.4709
110.539 13.3377
114.096 12.9911
109.65 13.8094
111.707 13.4425
113.942 13.7263
120.992 13.3128
119.868 13.4094
115.648 13.2134
116.114 13.2917
115.979 13.2356
120.086 13.1203
118.03 13.2809
113.849 13.1639
112.689 13.5223
118.618 13.4669
118.227 13.5937
113.858 13.6705
112.512 13.3502
117.071 13.4845
115.747 13.7375
118.928 13.4118
122.405 12.6397
111.047 13.3916
117.713 13.4146
117.525 12.8785
117.56 13.3727
115.211 13.1607
118.393 13.0934
110.742 13.3351
111.17 13.4797
120.208 13.3644
114.742 13.456
112.083 13.3875
114.724 12.8551
112.746 13.3811
118.827 12.9781
114.268 13.3095
112.209 13.2259
115.226 13.1307
119.055 13.2064
111.894 13.7556
119.131 13.2255
108.253 13.6253
116.523 13.4578
112.621 13.6287
110.746 13.7438
118.007 12.8741
118.801 12.9651
113.324 13.2539
114.505 13.6091
110.886 13.5876
117.957 13.4263
112.534 13.8075
116.378 13.0161
114.054 13.3046
112.499 13.6716
115.005 13.3818
116.888 13.2358
113.023 13.0201
114.563 13.2166
114.781 13.1517
119.818 12.7521
109.579 13.7763
111.866 13.7153
112.785 13.1943
114.09 13.5035
114.194 13.7649
113.603 13.5575
112.424 13.3317
115.394 13.3827
112.276 13.3534
115.184 13.0971
109.768 13.0935
114.8 13.6907
116.331 13.4305
117.182 13.0071
115.788 13.4113
118.18 14.0168
117.104 13.6561
116.356 13.6393
114.079 13.5677
116.903 13.7242
118.341 13.7386
117.092 13.7036
113.733 13.328
111.144 13.6464
113.445 13.3021
114.442 13.2078
120.179 13.4294
116.669 13.3062
120.939 13.2566
119.583 13.4708
119.176 13.1383
118.696 13.0857
118.03 13.5931
117.675 13.3384
120.321 13.2573
120.856 13.481
120.248 13.3261
114.283 12.7764
112.675 13.1848
112.906 13.2257
115.889 12.9584
118.041 13.0032
118.55 13.3393
115.926 13.1264
119.049 13.1911
118.713 13.6746
113.8 13.0273
121.057 13.5479
116.425 13.3924
117.361 13.4956
116.863 13.3191
113.934 13.6897
117.012 13.2792
115.869 14.0098
118.546 13.1819
113.467 13.3503
110.255 13.2391
120.311 13.0466
117.843 12.9984
114.662 13.041
116.678 13.0267
118.293 13.3767
116.775 12.81
113.609 13.02
120.966 13.3464
119.877 12.9915
117.057 13.5807
117.384 13.7652
116.478 13.5571
112.576 13.7887
124.365 13.1025
116.914 13.1572
114.344 13.4195
117.393 13.4981
122.653 13.2976
111.417 13.4018
106.986 13.3517
115.568 13.2574
111.417 13.2737
114.227 13.2676
118.435 13.2534
124.009 13.338
117.956 12.8924
112.13 12.9883
115.361 13.222
118.326 13.1706
110.281 13.7064
108.45 13.7604
112.407 13.4408
112.32 13.5066
115.434 13.8001
117.442 13.2347
116.076 12.9618
112.236 13.4666
114.282 13.5129
112.785 13.2245
115.659 13.2428
115.871 12.9275
116.878 13.648
117.264 12.9568
110.402 13.3063
112.469 13.3751
113.24 13.5279
112.427 13.7793
111.803 12.9453
114.563 13.3661
112.056 13.2341
107.958 13.4433
107.882 12.8837
117.284 13.7323
113.923 13.817
112.293 13.5642
118.538 13.8296
113.039 13.005
111.303 13.1767
111.018 12.9075
113.62 13.351
103.712 13.3327
113.205 13.2426
118.541 13.2388
116.248 13.2283
116.315 13.2297
119.674 13.2469
117.001 13.0899
111.405 12.9124
114.795 12.8162
117.01 13.6707
109.372 13.2366
109.774 13.0485
116.947 13.5512
113.971 13.2272
114.487 13.0055
112.377 12.9466
113.453 13.7412
116.25 13.2738
118.221 13.5086
114.435 13.4845
112.914 13.7808
108.045 13.8226
115.432 13.157
114.094 13.2267
111.317 13.2258
112.35 13.1639
112.108 13.2746
111.245 12.9975
111.518 13.0426
109.783 13.1679
112.419 13.6566
109.764 13.8677
111.113 13.9339
103.592 13.6804
115.806 14.1468
112.628 13.1797
110.221 14.0234
110.472 13.3077
107.394 13.2442
110.493 13.5633
115.012 13.5069
114.489 13.2094
113.764 13.3934
115.324 13.3255
116.631 13.2844
111.333 13.2506
117.156 13.9134
110.846 13.5504
114.145 13.7168
118.435 13.0203
117.519 13.8388
118.744 13.0567
116.084 13.2421
113.178 13.2862
114.017 13.0607
113.154 13.3618
115.941 13.0057
111.784 12.7963
113.767 13.7166
114.707 13.4991
111.483 12.9989
114.491 13.1466
111.99 12.8743
112.278 13.2574
115.289 13.8306
112.479 13.2754
120.755 13.1052
114.049 13.2872
113.062 13.2847
115.553 13.6355
118.31 13.1441
119.347 12.952
115.562 12.7447
112.927 12.9917
107.102 13.448
117.671 13.1291
114.459 12.9965
115.902 13.3182
114.358 13.1024
115.875 13.3402
116.574 13.2021
109.473 13.466
114.09 13.4864
113.996 13.5887
117.748 13.3346
110.8 14.1208
115.976 13.7791
114.975 12.9118
114.263 13.4035
113.053 13.0181
114.652 13.2731
116.38 13.3705
118.602 13.739
121.052 13.7699
116.641 13.5346
125.575 13.1437
118.785 13.8805
115.494 13.1742
113.75 13.3711
114.089 13.2363
107.298 13.0522
114.988 13.0431
115.827 13.2431
117.833 13.2269
120.708 13.5132
119.501 13.5223
117.804 13.036
120.212 12.6322
116.129 12.8222
115.696 13.3378
113.177 13.3482
114.957 13.1879
116.982 13.1414
113.717 12.8419
115.736 13.0759
110.869 13.7035
113.813 13.5741
117.24 13.5812
115.199 13.2189
113.435 13.6868
112.391 13.4801
116.377 13.446
113.739 13.5712
117.57 13.2914
114.659 13.145
112.384 13.3227
110.773 13.6683
109.82 13.7041
105.034 13.667
110.423 13.4113
116.812 13.3344
111.305 13.3449
118.897 13.4903
116.247 13.6543
123.56 12.8744
117.567 13.0704
112.356 13.0231
110.974 13.417
113.711 13.5416
113.691 13.2528
108.755 13.4368
114.654 13.4395
111.079 14.0551
112.959 13.7961
118.985 13.846
116.724 13.8212
112.642 13.6058
110.266 13.3804
113.507 13.7049
114.43 13.6924
115.316 13.4778
115.794 13.3066
117.62 12.7434
116.229 13.6196
118.036 13.0236
116.537 13.1495
117.7 13.1405
115.819 12.8078
120.524 13.2371
123.891 13.31
120.122 13.7962
118.941 13.1008
121.307 13.5575
121.326 13.5575
121.305 13.49
114.881 13.5219
116.642 13.64
117.347 13.0953
118.411 13.0953
119.925 13.3164
110.616 13.0728
121.842 13.8164
119.963 13.1868
114.579 13.2416
114.978 13.0845
113.361 13.1519
117.2 13.2561
117.068 13.2789
116.236 12.8699
113.943 13.2128
116.173 13.6432
115.652 13.6073
117.207 13.4827
110.872 13.2248
116.026 13.4251
115.243 13.2381
116.412 13.3528
116.018 13.1668
114.793 13.2962
114.895 13.6595
112.538 13.704
109.251 13.615
112.447 13.1112
121.649 13.642
116.556 13.0711
118.865 13.124
118.951 13.3931
114.984 13.423
117.126 13.3653
123.544 13.6012
113.003 12.9124
118.177 13.724
115.169 13.5294
116.841 13.6207
111.926 13.5769
116.967 13.5172
116.669 13.3589
116.258 13.1731
115.378 12.9584
113.178 13.5644
106.495 13.4581
108.949 13.6866
110.831 12.7228
114.515 13.2112
110.367 13.6666
114.435 13.4712
117.852 12.9455
123.438 13.1375
113.714 13.4096
110.416 13.5232
121.643 12.8513
120.124 13.0951
115.962 12.7747
121.897 13.7274
115.366 12.7738
107.809 12.994
115.115 13.2253
113.725 13.4298
113.824 13.3209
115.705 12.5291
111.593 13.0395
118.177 13.3067
114.184 13.3644
112.849 13.6938
110.678 13.0544
117.946 13.0348
111.566 12.8586
111.157 13.3276
123.746 13.3273
117.323 13.35
114.117 13.4544
108.951 13.3475
117.316 12.8149
117.366 12.7896
117.728 13.698
117.232 13.4422
117.917 12.9866
119.498 13.1563
114.974 12.6948
122.758 13.9041
111.012 13.1918
119.445 13.6204
114.422 13.3375
118.397 13.3593
117.328 13.5395
107.99 12.8356
113.452 13.7453
110.575 13.6407
112.465 13.3501
111.849 13.2979
112.23 13.4663
110.284 13.3021
113.016 12.9851
112.676 13.2322
113.961 13.4859
111.418 12.9735
112.19 13.1506
119.47 12.5132
113.565 13.6632
114.173 13.1899
110.31 13.6406
110.814 13.758
106.991 13.1698
111.507 13.3259
113.576 13.5189
106.545 13.7144
111.905 13.323
111.766 13.2539
115.979 13.6031
113.172 13.7449
115.18 13.0233
111.81 13.3558
119.369 13.0867
116.993 13.3751
116.29 13.3978
113.45 12.9933
114.419 13.3296
114.379 13.5799
111.827 13.4365
114.24 13.6599
111.111 13.0973
111.878 12.9623
109.626 13.3951
113.644 13.2265
119.487 12.8886
109.219 13.8289
118.293 12.3941
115.203 13.0958
113.384 13.2922
109.259 13.4111
109.592 13.2826
116.74 12.7691
111.926 13.537
112.617 13.2135
111.925 13.5127
115.635 13.1935
108.787 12.9337
113.033 12.9315
113.755 12.5063
113.51 12.9373
111.749 13.6335
113.211 13.6079
111.79 12.4968
117.133 13.1921
115.101 13.6108
114.846 13.4568
113.621 13.3442
118.793 13.6812
117.139 13.7779
116.478 12.7078
119.408 13.1559
122.147 13.1024
119.877 13.2719
118.115 13.7345
115.932 13.3391
114.29 13.1069
120.484 12.9931
118.009 13.3262
111.654 13.3816
111.694 12.6687
114.564 13.0505
114.827 13.0174
113.604 13.3664
109.776 13.251
109.655 13.1702
111.316 12.6205
112.688 13.142
111.445 13.7378
105.457 12.9241
111.614 12.9124
118.908 13.6528
114.103 12.9759
109.828 13.5612
115.371 13.5382
118.79 13.1762
116.29 13.1818
109.366 13.2837
114.071 13.3817
112.292 13.3025
113.089 12.8586
120.875 13.2541
112.192 13.1257
111.422 13.4115
105.102 13.0814
113.056 13.3367
113.09 13.3911
114.751 13.5094
116.872 13.126
119.875 13.5528
114.755 13.0692
113.56 13.8408
108.319 13.4504
112.945 13.6274
115.698 13.5034
114.536 12.857
115.513 13.3123
117.906 13.38
120.422 13.3791
117.993 13.6979
115.604 13.0518
119.711 13.2094
113.61 13.3907
113.569 13.3577
111.806 13.6987
111.834 13.2401
115.666 13.0337
113.262 13.2433
120.68 13.031
116.904 13.2909
118.068 13.3512
118.116 13.2133
117.846 12.9349
114.559 13.4364
107.431 13.1683
111.421 13.4437
108.107 13.793
108.706 13.2237
112.118 13.5352
119.208 13.0214
114.806 13.0898
112.747 14.1384
115.013 12.9154
116.735 13.1678
118.891 13.2671
116.223 13.1548
113.129 13.921
116.95 12.7082
113.738 12.9268
117.408 13.1155
111.35 13.1717
110.463 13.4424
111.377 13.6653
115.579 12.9812
119.315 13.075
120.315 13.1054
122.702 13.3083
120.114 13.4133
111.954 13.3821
112.951 13.3263
118.526 13.1837
116.324 12.9376
117.68 12.83
117.26 13.0183
113.743 13.3238
114.074 13.0122
119.215 13.8482
116.307 12.9379
117.206 12.9835
123 12.775
116.254 12.9862
118.604 12.7117
114.626 13.3033
118.127 12.9152
116.267 13.1697
115.156 12.7095
119.897 13.0359
119.094 13.3298
124.223 13.2968
115.281 13.532
114.023 12.8688
111.415 13.1666
112.159 13.248
118.409 12.6613
114.814 13.1255
114.814 13.3231
112.393 12.9022
107.881 13.3404
108.419 13.6757
116.108 12.8681
116.229 13.5967
120.665 13.2804
121.964 13.8751
117.109 13.0923
114.944 13.096
117.123 13.0976
118.64 13.4101
116.145 13.1906
109.876 13.0698
113.357 13.0693
106.221 13.0692
112.9 13.0397
109.884 12.5653
113.024 13.1672
111.178 13.261
107.605 13.4715
112.314 13.2434
118.231 13.2457
115.339 13.2106
118.411 13.0161
113.946 13.1437
116.016 13.0962
116.569 13.4584
115.787 13.7114
117.157 13.1927
115.87 13.2517
111.341 13.3411
112.224 13.2907
111.081 13.4863
111.953 12.8656
111.42 13.2264
112.914 13.2305
112.863 13.4519
116.465 13.2477
116.073 13.6904
114.521 13.234
115.209 13.3392
112.753 12.6857
114.136 13.6536
113.724 14.1678
113.381 13.3032
108.364 13.7374
113.28 13.2429
115.763 13.0659
111.845 12.8582
112.758 13.1434
113.049 13.2047
117.278 13.1835
118.163 13.1736
117.156 13.1255
114.468 13.3119
112.803 13.1948
109.972 13.4839
109.765 12.9732
116.402 12.705
112.586 12.7798
113.359 12.4918
111.474 13.5449
109.954 13.6925
104.671 13.5665
111.336 13.2665
114.34 13.2893
112.165 13.3155
111.272 13.2182
115.414 13.1962
117.393 13.4957
112.415 13.5037
111.097 13.4928
112.344 13.4885
116.415 13.074
112.752 12.9716
115.832 13.1825
119.793 13.2923
113.482 13.1173
111.456 13.365
114.383 12.9781
119.014 13.2401
123.87 13.4137
116.281 13.1003
117.898 13.5588
111.304 13.4958
112.864 13.1407
115.545 13.7835
116.779 13.5996
111.123 13.2923
112.941 13.4362
115.295 13.5639
115.17 13.2651
121.915 12.8875
114.619 13.3321
119.334 13.3266
113.987 13.3552
115.206 13.5475
116.978 13.5352
115.975 13.1861
116.863 13.205
117.735 13.6689
115.445 13.3716
115.55 13.1336
118.579 12.9923
116.336 13.5473
119.298 13.3533
117.526 13.1005
120.479 13.4558
117.997 13.4478
109.544 13.5061
118.874 13.3357
116.259 13.1979
115.823 12.6616
113.488 13.3937
117.813 13.5483
122.609 13.1603
114.947 13.1004
115.119 13.2231
111.669 13.4851
121.179 12.8221
120.202 12.9168
117.257 13.1465
107.766 13.125
113.676 13.8558
117.814 12.8872
113.809 13.2918
113.064 13.4501
115.317 13.6315
112.871 13.5813
114.112 13.6283
113.211 13.3148
106.563 13.0507
117.7 12.9208
116.223 13.3069
110.324 13.3288
109.591 13.7523
113.616 13.3806
113.716 13.4267
114.145 13.8028
117.483 13.1295
116.71 13.1526
110.995 13.4541
118.368 13.6144
115.828 13.4229
116.755 13.4009
111.703 13.4061
114.511 13.4201
118.026 13.2807
113.821 12.7829
116.369 13.4832
113.942 12.9576
109.165 13.7034
109.353 13.1013
113.668 13.3872
113.828 13.45
112.001 13.3378
107.126 13.325
111.576 13.3152
119.065 13.2743
111.578 13.1725
112.228 13.2089
116.58 13.6175
114.322 13.2058
114.763 13.0763
107.955 12.7759
110.516 13.7772
109.161 13.1224
115.748 13.1275
117.587 13.3539
114.543 13.4448
116.989 13.413
109.805 13.4994
111.155 13.2622
110.884 13.5748
112.253 13.7842
119.989 13.4584
114.626 13.0834
111.625 12.9071
114.697 12.9604
118.134 13.3032
113.524 13.1424
109.545 13.5748
113.871 13.3418
112.765 13.2731
110.072 13.546
109.713 13.52
108.747 13.5794
108.657 13.2907
111.876 13.237
113.806 13.149
112.8 13.3162
108.218 13.3835
111.581 13.683
112.662 13.7067
113.658 13.2464
110.438 13.8395
111.063 13.1031
111.566 13.3189
111.568 13.1624
116.026 13.8168
112.466 13.0321
116.364 13.3844
118.165 13.4498
116.454 13.645
120.988 13.2697
114.529 13.4428
117.448 13.3296
117.761 13.4692
111.679 13.0274
117.235 13.1753
117.624 13.0983
110.839 13.3212
108.65 13.7322
115.539 13.1043
109.189 13.4737
114.816 13.4757
115.121 12.9959
114.533 13.4553
115.754 13.2951
117.249 12.9999
117.303 13.2612
118.172 13.5808
114.314 13.4508
114.246 13.0846
115.005 12.7433
116.925 13.2771
113.988 13.3595
108.556 13.2462
112.486 13.252
109.83 13.583
109.706 13.2661
119.368 13.0906
119.306 13.0543
112.037 13.2353
115.114 13.4409
116.016 13.1494
121.355 12.7449
114.696 12.778
113.134 13.2869
115.176 13.1585
118.262 13.2294
110.432 13.2743
111.599 13.0702
111.281 13.3458
116.942 13.229
114.904 13.5144
115.169 13.3943
116.13 13.341
111.437 12.9842
110.773 13.2116
113.483 13.3145
111.951 13.1764
113.581 13.5463
113.947 13.1276
106.711 13.7597
109.917 13.5767
111.243 13.1588
113.497 13.2477
111.168 13.3798
110.696 13.8889
108.551 13.7137
119.413 13.7988
113.714 13.1388
119.037 12.8609
128.008 12.753
120.048 13.0393
117.452 13.3292
116.564 13.1132
117.399 13.1119
111.359 13.2001
115.718 13.2711
112.97 13.2876
111.662 13.575
115.012 13.2584
116.698 13.4645
113.568 13.4639
112.957 13.0373
114.255 13.6817
113.078 13.2704
112.702 13.4771
109.507 13.1853
117.066 13.3059
112.386 13.2151
112.661 13.3171
118.45 13.4915
115.015 13.5125
113.636 13.9783
111.46 13.7276
110.494 13.1949
111.259 13.2747
113.662 13.3718
112.566 13.9261
115.039 13.337
109.373 13.3122
108.648 13.3636
115.098 13.2841
109.432 13.2878
113.119 13.8475
112.16 13.529
110.567 13.6471
111.968 13.5824
112.377 13.5725
110.598 13.3861
113.59 13.4087
116.469 13.1373
109.886 13.2271
115.345 13.3102
115.971 13.7628
113.218 13.2199
118.888 13.2835
116.262 13.3858
112.459 13.769
109.865 13.072
113.615 13.3381
121.03 13.6454
119.462 13.0325
119.256 13.4002
123.004 13.4458
119.38 13.608
119.38 13.9516
119.147 13.2082
121.56 13.333
116.026 13.2881
117.547 13.4453
116.35 13.3074
112.325 13.5467
112.376 13.4914
115.184 13.5583
116.975 13.178
115.751 13.5362
118.833 13.5235
125.259 12.5512
118.342 13.2768
121.798 13.2485
119.275 12.6821
120.461 13.3909
115.83 13.3424
111.857 13.4623
120.456 13.4131
109.071 13.4583
111.7 12.8374
112.399 13.3454
114.852 13.4092
107.919 13.2258
110.848 13.5279
118.276 13.174
117.369 13.1048
109.867 14.0144
114.587 13.1237
117.069 12.7194
114.77 13.2284
112.712 13.3663
117.838 12.8455
119.625 13.225
112.025 13.2703
114.491 12.3938
110.433 12.9363
112.755 13.3441
106.197 13.791
114.268 13.3679
115.106 12.8982
114.592 13.3739
116.506 12.7959
124.535 13.2761
115.038 13.2862
113.349 13.6785
111.7 13.1832
110.592 13.5789
109.175 13.572
110.788 13.2825
111.441 13.6005
113.793 13.2229
118.048 13.1175
115.535 12.9115
112.897 13.1819
118.401 12.8695
115.547 13.4607
114.964 13.6184
117.3 13.5219
117.906 13.2524
114.623 13.5681
116.406 14.0846
111.12 12.7564
117.527 13.2652
114.799 13.4978
118.007 13.3452
116.959 13.3626
121.491 13.4077
112.597 13.7319
114.518 13.1204
118.559 13.017
117.046 13.2023
113.825 13.0043
110.739 13.337
116.968 13.3058
116.655 13.4312
120.683 13.2837
117.02 13.5267
116.597 13.8704
121.039 13.0581
118.741 13.3743
116.726 13.6263
119.256 13.4204
121.02 13.3
124.09 13.1783
118.205 13.3037
118.354 13.0796
117.526 13.0203
113.169 12.9069
112.56 13.3753
112.985 12.4516
118.536 12.6397
109.744 13.4576
110.984 13.6052
115.106 13.6189
109.041 13.3907
106.723 13.0486
110.472 13.7164
122.451 13.2531
111.452 13.3546
107.583 13.4656
110.519 13.4915
114.852 13.4805
116.677 12.9629
115.056 13.4378
114.828 13.313
114.435 13.2893
114.962 13.406
114.983 13.2379
119.725 13.5615
117.756 12.949
112.503 13.5241
113.789 13.586
123.14 12.9032
119.745 13.4966
110.233 12.9565
118.439 12.8806
118.891 13.9789
114.212 13.312
115.921 13.3777
115.859 13.0968
114.034 12.5145
113.406 12.8521
116.64 13.28
116.717 13.4925
114.807 13.2456
118.897 12.9359
115.694 12.8978
111.78 13.0898
113.738 13.8023
113.16 12.7799
110.566 12.951
105.562 12.9661
120.608 13.0948
113.937 12.6613
114.132 12.8305
122.377 13.4686
115.41 13.0865
114.968 13.0798
115.034 13.082
118.015 13.0618
118.288 12.9815
116.809 12.9188
110.282 13.2414
111.959 13.4023
110.204 13.4399
113.326 12.6166
115.852 12.5282
120.476 13.3998
117.103 13.1492
113.533 13.4141
114.778 13.0879
118.778 13.3766
118.921 13.088
110.416 13.4879
117.019 13.0451
113.077 13.406
108.095 13.0121
120.016 13.684
128.227 12.6512
117.676 13.0425
119.224 12.2161
117.385 13.1294
105.279 13.4615
116.683 13.5343
116.994 13.7493
113.845 13.5352
112.049 13.0887
113.391 13.1909
114.755 12.9416
114.821 13.2962
114.941 13.0195
114.393 12.6504
114.588 13.1709
122.684 13.3092
112.474 13.331
119.193 13.1307
115.4 13.3517
113.605 13.0592
116.047 13.4708
121.954 13.6573
121.911 13.4158
111.9 13.1474
119.926 13.392
121.623 12.6506
121.01 12.8994
121.222 12.9628
120.061 13.1194
112.437 13.1306
117.562 13.0828
117.911 13.4962
114.196 12.8333
112.906 13.8033
112.231 13.6067
116.603 13.0202
114.674 13.1356
115.902 14.1434
116.166 13.2697
119.401 12.9992
117.498 13.1653
118.752 13.057
119.673 13.2023
114.55 13.1477
117.256 13.0108
114.304 12.6761
120.263 13.1726
113.429 13.2206
121.185 13.5543
114.007 13.7561
108.796 13.2258
125.933 13.2316
108.389 13.5107
111.19 13.4156
111.776 13.1096
110.325 13.4601
111.805 13.6778
111.562 12.6482
110.03 13.1361
118.905 13.6587
118.581 13.6946
121.213 13.9398
117.52 13.1359
122.667 13.0054
121.764 13.2188
117.803 13.4655
114.727 13.2766
116.831 12.8125
116.017 13.2883
116.638 13.3276
113.794 12.9947
115.888 13.1985
118.568 13.0913
118.675 12.9504
117.901 12.88
118.285 13.252
118.604 12.8534
116.688 13.344
118.045 13.5493
117.228 13.504
120.486 13.4971
109.66 13.2994
116.869 13.0459
115.311 13.374
112.438 13.1124
114.663 13.4163
112.395 13.5041
117.833 13.3488
113.208 13.1588
115.85 13.0989
118.048 13.2238
116.682 13.4409
112.059 13.3465
116.673 12.9053
115.04 12.944
113.64 12.7859
115.497 12.5585
112.645 13.027
110.007 13.1116
111.186 13.3547
116.608 12.8001
114.283 13.9344
117.414 13.4722
112.677 13.0522
112.597 14.0085
118.086 13.2849
119.178 13.5717
119.502 13.4828
117.272 13.3492
112.172 13.3927
113.861 13.7383
115.065 13.6941
115.776 13.1408
117.26 13.2223
112.214 13.5278
118.237 12.9738
120.52 13.1445
112.163 13.45
114.037 13.2785
112.485 13.1416
113.586 13.5093
115.159 13.4103
112.063 13.4771
113.829 13.6642
119.946 12.7022
116.604 12.8865
107.773 13.4895
113.09 13.5636
116.178 13.2868
115.401 13.4581
116.815 13.4288
117.465 13.5489
113.953 13.1496
118.168 13.149
112.729 13.0427
121.572 13.4353
116.433 13.4109
113.67 13.4015
114.68 13.3919
114.022 13.0455
111.374 13.6498
116.27 13.2322
112.061 13.5517
109.598 13.4693
117.399 13.4028
112.143 13.4339
113.91 12.9899
112.023 13.3541
108.059 13.6941
111.976 13.3548
117.092 13.2311
113.391 13.0294
113.114 13.4069
115.323 12.8726
114.486 12.851
111.153 13.2036
109.675 13.1139
108.196 13.1084
108.76 12.97
112.648 12.8541
112.277 13.2478
118.869 13.4783
115.319 12.9968
114.756 12.9093
117.508 13.3337
109.837 13.3844
111.813 13.7795
114.422 13.4829
109.845 13.0402
110.367 13.15
118.349 12.9192
111.06 13.6776
109.309 13.4755
117.957 13.5331
113.615 12.9903
117.887 13.0712
118.18 12.6675
114.419 13.2986
111.364 13.5759
114.489 12.7157
109.389 13.532
109.068 13.7314
109.177 13.3586
111.324 13.1688
112.623 12.8486
115.857 13.2589
116.239 13.3094
122.219 12.9758
117.745 13.1677
116.737 13.0436
113.237 13.2142
117.622 13.6686
118.889 13.7225
120.407 13.5599
115.854 13.7924
117.154 13.2852
117.419 13.3025
112.761 13.2896
112.301 13.3096
115.581 13.3083
107.691 13.3092
113.666 13.284
113.174 13.5974
112.299 13.4031
116.427 13.4244
117.942 12.8537
118.145 13.4938
110.446 13.8124
112.806 13.242
114.412 13.3901
111.621 13.1192
115.469 13.7511
112.821 13.2508
114.261 13.2102
114.009 13.4953
113.976 12.9616
117.895 13.3087
116.456 13.221
115.926 13.1571
116.221 13.323
119.688 13.4777
114.731 13.9474
113.43 13.7206
117.692 13.6847
114.367 13.5952
118.294 13.0568
117.503 12.8684
117.661 13.1356
116.76 13.5363
117.821 13.0627
114.886 12.8377
115.345 12.7806
113.822 13.5325
120.253 13.5621
119.257 13.6591
121.737 13.0635
124.008 12.7782
120.159 13.045
126.014 13.4272
123.344 13.2115
117.979 13.3576
116.645 13.0442
113.93 13.2463
115.947 13.3202
115.161 13.1067
118.016 13.4227
117.681 13.0063
114.5 12.9553
115.435 13.2209
117.61 12.8427
115.686 13.2559
112.971 13.9479
115.745 13.0604
112.762 12.911
113.208 12.9268
113.309 13.1192
114.72 13.4301
114.756 13.2556
114.037 12.8902
117.566 13.1972
113.036 13.3671
110.921 13.1102
116.455 13.2586
116.096 13.1868
115.424 13.1829
110.423 13.4679
115.449 13.672
109.794 13.5123
114.812 13.4555
115.457 12.9726
114.753 13.1733
113.125 13.5074
111.769 13.3333
110.794 13.3484
112.858 13.4822
118.885 13.2478
114.159 13.5249
111.996 13.4122
112.032 12.8066
111.294 13.3594
117.65 13.2928
115.729 12.9222
119.457 13.4927
114.91 13.233
116.957 13.3086
119.902 13.6741
112.945 13.7076
111.197 13.3587
112.62 13.3605
112.154 13.4638
116.713 13.3485
115.017 13.5972
115.112 13.4385
115.734 14.0027
115.416 13.4805
117.29 12.8162
120.866 13.0035
114.464 13.4947
118.854 13.3074
120.95 13.1272
121.534 13.2745
123.281 13.2509
119.92 13.2065
114.881 13.6006
112.463 13.7163
113.473 13.2947
115.71 13.5671
120.101 13.1896
114.228 12.8688
116.442 12.9168
109.466 13.3673
116.568 13.3896
116.867 13.4244
114.353 13.4831
112.186 13.9621
114.214 13.4128
112.138 13.5313
112.22 13.6728
112.22 13.457
112.22 13.69
112.219 13.5563
112.239 12.9629
112.212 13.0203
115.24 13.1241
116.879 13.3829
111.773 13.1774
123.041 13.4231
115.53 13.1233
115.131 13.5489
116.623 13.5431
116.488 12.7776
118.627 12.8835
115.542 13.3362
108.419 13.6478
115.378 13.362
115.384 13.1622
124.161 13.7225
119.196 13.269
110.705 13.5291
112.002 13.8501
121.125 13.2479
115.184 13.2962
124.255 13.0979
119.189 13.2088
120.391 13.3259
116.378 13.6051
115.344 13.5465
113.29 13.532
112.597 13.5543
114.101 13.9104
118.318 12.8477
117.878 13.1778
119.433 12.8954
115.828 13.299
111.499 13.3981
112.289 13.1924
116.44 13.2903
112.374 13.8054
110.088 13.9428
113.215 14.2719
113.607 12.9538
111.851 13.5987
118.425 13.2727
119.048 13.1236
112.362 13.0289
116.907 13.761
118.33 13.4463
110.963 13.4452
116.453 13.2863
116.582 13.0678
116.029 13.5236
118.741 13.2234
119.656 13.1966
122.233 13.2554
117.511 13.0722
115.83 13.2001
119.26 13.3811
114.424 13.281
113.722 13.2915
117.311 13.1669
115.212 13.6542
112.448 13.3212
114.556 13.3636
116.082 13.4932
117.991 13.2079
121.008 13.4817
121.588 13.3373
121.153 12.9143
119.036 12.8306
119.661 13.1163
117.775 12.928
118.509 13.4162
116.699 12.8888
114.302 13.7336
115.935 13.2705
116.673 13.606
117.746 13.4606
120.777 13.2044
114.343 13.1589
120.551 13.0909
110.842 13.4137
113.981 13.5434
116.389 13.2085
114.899 13.1132
115.835 12.8707
122.285 12.9609
117.673 13.535
115.199 13.6401
116.393 13.5815
118.291 13.8232
118.268 13.3721
111.79 13.2865
111.055 13.9668
112.002 13.3416
114.764 13.4285
110.349 13.3091
109.717 13.8583
115.553 12.9655
113.267 13.4987
116.389 13.3458
118.348 13.2243
115.192 13.0354
111.11 13.2975
116.093 13.8139
116.909 13.5203
107.287 13.7606
117.127 13.4379
113.043 13.0782
110.513 13.8251
114.679 13.4499
114.573 13.449
113.718 12.952
108.586 13.1291
110.097 13.119
104.567 13.527
109.666 14.1238
108.912 13.347
113.517 13.373
115.515 13.8256
112.491 13.4671
118.39 13.2724
116.787 13.3804
113.546 13.1138
119.203 12.9294
120.055 13.224
121.891 13.1973
119.907 12.9622
117.023 13.5984
117.427 12.9258
116.456 13.457
119.834 13.2546
120.237 13.5827
119.821 13.5348
118.941 12.6966
119.56 13.1774
114.357 13.2086
116.766 13.2249
112.635 13.3296
115.994 13.1829
118.388 12.9302
111.952 13.3454
113.19 13.5247
112.336 13.6081
113.92 13.6417
114.064 13.6248
114.172 13.2803
115.509 13.4164
117.967 13.4208
120.794 13.4773
116.378 13.975
118.478 13.7571
116.689 13.1565
117.914 13.103
115.11 13.9841
114.628 13.0712
111.795 13.3492
113.823 12.9639
113.104 12.7405
110.913 13.3836
117.101 13.3271
117.805 13.1391
117.805 13.1211
113.778 13.2381
114.515 13.0484
116.418 13.0297
116.318 13.4454
113.587 13.2498
111.137 13.1449
112.304 13.5393
114.698 13.3191
113.378 13.4629
114.693 13.6893
116.54 13.6155
112.704 13.6017
112.516 13.003
111.818 13.4111
113.498 12.8939
116.807 13.8247
124.799 12.9634
123.475 13.1151
120.63 12.9427
117.529 13.2354
115.788 13.3959
117.899 13.3666
117.966 13.3797
116.258 12.9837
115.106 13.061
118.296 13.4877
118.675 13.2565
112.78 13.3439
114.975 13.6318
113.826 13.1781
114.746 12.8607
115.695 13.4303
115.742 13.4684
115.955 13.5359
113.023 13.7712
116.77 13.3447
118.212 13.5526
111.712 13.655
121.348 13.1189
115.964 13.193
115.6 13.5785
113.286 13.31
117.392 13.2527
117.441 13.1327
115.221 13.2975
115.025 13.5805
116.327 12.6248
117.25 12.622
117.705 13.5756
114.972 13.2848
113.514 13.9057
112.551 13.9153
113.432 13.7808
117.086 13.2124
116.539 13.2214
121.27 13.4131
116.521 14.0045
113.987 12.9479
120.367 13.0394
115.421 13.236
112.94 13.6043
117.403 13.0168
118.598 13.2306
118.69 13.3545
120.883 13.3946
117.906 13.2585
116.127 13.4412
116.45 12.5192
113.906 13.381
120.467 13.4041
115.085 13.1215
113.419 13.1591
109.535 13.3251
107.499 12.7651
108.961 13.9757
108.864 13.3591
110.628 13.3903
116.263 13.1713
114.462 13.1995
109.241 13.1306
109.282 13.5693
111.617 13.3284
108.34 13.2865
110.914 13.2777
113.504 13.3683
112.889 13.4271
120.062 13.0396
111.32 13.6363
110.447 13.6929
111.038 13.2032
112.094 13.0535
112.895 13.4695
106.636 13.9529
113.296 13.4677
112.472 13.5433
110.117 13.3338
112.203 13.1074
112.791 13.0647
115.816 13.1772
116.497 13.1499
117.081 12.9393
120.102 12.805
117.082 13.2756
113.662 13.1836
115.177 13.9692
113.92 13.6887
114.744 13.7043
114.589 13.679
112.614 13.1374
114.782 13.1054
113.115 13.2604
108.475 13.2717
113.735 13.3467
112.747 12.5002
106.904 12.8766
113.572 13.2599
109.624 13.8689
114.282 12.7062
112.705 12.9325
110.81 12.6261
116.501 12.9211
111.554 13.4546
112.966 13.5972
112.105 13.186
106.233 14.11
114.82 13.0409
109.343 13.052
106.098 13.6882
110.898 13.4567
108.564 13.637
112.02 13.1189
110.062 13.4236
113.916 13.8003
114.668 13.4122
115.148 13.2167
113.015 13.3251
117.481 13.8721
112.045 13.8824
117.802 13.0945
111.885 13.3646
111.015 13.0821
110.866 13.6182
109.722 13.5084
119.258 13.1991
109.598 13.5391
109.809 13.1361
114.317 13.2239
114.39 13.8701
115.665 13.0994
113.52 13.443
113.775 13.4847
110.469 13.0169
118.761 13.1666
116.389 13.4853
111.248 13.2388
106.548 13.3244
114.267 13.6413
111.341 12.9078
112.063 13.413
117.049 13.6435
116.394 13.2612
113.843 13.3949
113.774 13.1553
111.109 13.3883
110.738 13.7815
108.386 13.7172
116.742 13.2514
114.281 13.1139
117.661 13.0841
116.812 13.526
120.207 13.526
116.612 13.0402
119.953 13.374
113.556 13.6607
114.355 13.0406
116.679 13.0745
114.312 13.3215
112.095 13.0091
116.408 13.328
132.085 12.9663
118.884 13.151
120.313 13.5346
114.773 12.9802
114.086 13.0325
113.162 13.5093
107.041 13.4209
112.723 13.1704
116.979 13.1888
114.616 13.0839
106.797 13.1894
108.87 12.9676
112.704 13.6152
110.749 13.195
114.544 13.2399
113.924 13.1871
111.934 13.069
111.252 13.424
117.565 13.2486
117.287 13.2229
115.933 13.4807
114.799 13.6195
112.585 13.6627
114.577 13.0056
118.201 13.1118
114.241 13.328
114.189 13.376
116.133 13.1945
115.686 13.2495
114.788 13.2506
115.677 12.4709
116.671 12.8784
115.97 13.4606
114.896 13.2761
104.604 13.2384
112.935 13.0082
110.145 13.6489
108.752 13.2778
117.201 13.6859
111.17 12.9518
108.872 13.2006
113.821 13.8066
111.891 13.2976
114.685 12.9813
113.14 12.909
114.394 13.7922
113.225 13.5609
114.254 13.1523
109.609 13.4931
116.29 13.7761
114.621 12.7249
110.721 13.4433
113.765 12.8265
113.359 13.5663
108.592 13.6183
115.154 13.4593
110.488 13.5852
107.615 13.0737
112.773 13.3325
107.931 13.2653
116.481 12.8626
110.402 13.4927
111.441 13.1443
112.176 13.8202
116.389 12.917
115.741 13.2454
117.235 13.4321
112.75 13.4387
113.172 13.1411
106.506 12.9767
112.312 13.3967
115.82 13.1373
115.824 13.3045
112.229 13.1443
112.392 13.1483
112.313 13.1075
113.761 13.2239
113.745 13.7002
114.107 12.5423
114.774 13.4991
115.358 13.5795
118.895 13.0579
119.543 13.1262
113.528 13.097
120.034 13.0313
122.272 13.0646
122.283 13.1645
117.773 13.241
110.58 13.464
121.158 13.5757
114.646 13.576
108.148 13.7687
109.417 13.3251
115.572 13.1588
111.541 13.7906
116.938 13.06
113.904 13.0341
112.672 12.9038
114.611 13.1857
121.183 12.7703
118.572 13.8287
114.344 13.1403
113.273 12.8089
113.5 13.3836
110.888 12.7818
109.059 13.356
115.524 12.9298
111.577 13.0801
111.862 13.1279
113.259 13.9467
115.708 13.4145
114.376 13.075
112.965 13.3345
111.582 13.4656
119.061 13.4626
113.332 13.1977
109.923 13.5412
113.303 13.3679
113.626 13.4522
119.167 13.5517
119.723 13.2916
112.396 13.0283
116.261 13.2859
115.744 13.3506
113.314 13.6843
113.848 13.6881
114.218 13.4177
112.487 13.6089
117.77 12.9283
117.425 13.5643
115.953 13.0829
116.963 12.8935
114.604 13.0385
112.732 12.8849
110.419 13.0167
117.1 13.3981
113.531 13.5413
114.255 13.388
109.407 12.9976
112.069 13.05
109.478 13.1678
109.593 12.9372
110.072 13.4511
111.9 14.1064
108.457 13.4044
114.88 13.1383
117.972 13.0023
114.107 13.3804
116.307 13.2047
114.22 13.6683
110.931 13.2985
106.328 13.113
112.545 13.2328
112.975 13.4148
111.02 13.2224
118.405 13.1815
115.142 12.9998
113.423 13.4152
117.135 13.6162
119.472 13.7539
118.458 13.7093
115.938 13.3634
114.843 13.0996
118.94 13.3094
120.243 13.5836
117.227 13.319
110.679 13.7192
112.855 13.3104
113.083 13.1831
111.25 13.2807
115.048 13.6534
110.971 12.5691
109.258 13.2014
110.491 13.4218
110.375 13.3541
114.566 13.438
114.707 12.9121
117.619 13.3363
112.39 13.2729
113.124 13.4671
111.637 12.8704
114.051 13.4409
115.967 13.2556
113.545 12.8785
113.258 13.5371
113.521 13.3738
110.31 13.6516
116.451 13.4119
121.39 12.4176
107.544 13.623
116.638 13.0464
114.148 13.2391
114.256 13.4452
111.917 13.4396
111.048 13.0064
111.5 13.1377
111.012 13.427
112.201 13.1813
112.562 13.4342
120.443 13.507
118.002 13.4747
115.892 13.6929
112.005 13.1041
112.165 13.4761
111.517 13.3034
116.688 13.3366
117.162 13.5097
115.559 13.1601
113.801 13.9672
110.831 13.1689
115.696 13.9302
118.153 13.3746
120.654 13.5515
115.196 13.7443
113.516 13.5307
108.424 13.5091
114.279 13.7546
111.187 13.7057
112.162 13.2331
111.919 13.0666
122.03 12.8812
121.182 12.7885
119.263 13.0195
122.067 13.2964
117.307 13.3522
115.449 13.3314
111.141 12.9112
115.747 13.9701
114.05 13.373
113.679 13.1207
111.242 13.5241
108.725 13.4345
114.967 12.926
117.315 13.3166
117.389 13.2827
117.58 13.2957
119.546 12.6422
115.969 13.4619
113.625 13.5573
117.863 12.9636
114.76 13.428
115.45 13.3273
115.202 13.6069
116.162 13.6022
118.871 13.7567
117.858 13.7272
120.06 13.6408
115.081 13.7083
112.641 13.5054
111.473 13.731
121.207 13.0824
111.696 13.9525
114.366 13.2655
112.719 13.4246
115.058 13.1961
114.17 13.4968
114.453 12.9191
118.34 13.1631
116.182 13.8321
111.167 13.5016
109.694 13.1817
117.47 13.1181
114.968 13.0037
118.241 13.2769
117.799 13.6062
115.978 13.1301
120.038 13.5088
116.279 12.5293
115.741 13.1848
113.037 13.4401
114.994 12.9574
116.214 13.2891
115.17 13.3541
117.216 12.9526
113.674 13.6692
109.108 13.2145
116.067 13.6697
119.789 13.0631
112.751 13.4292
111.477 13.159
114.901 13.6246
121.292 13.6763
123.434 13.0935
120.84 12.9303
119.4 13.8842
116.564 13.3812
115.75 13.7
