470.981 23.8403
444.339 23.9405
420.815 23.6012
367.44 23.7274
391.877 23.5565
394.239 23.483
399.888 23.3427
412.316 23.541
467.347 23.5515
391.339 23.7001
359.218 23.7257
371.772 23.6833
359.776 23.3794
346.651 23.696
333.755 23.7804
314.299 23.3729
326.345 23.5862
323.931 23.4167
324.979 23.8561
343.973 23.9076
340.841 23.8044
323.807 23.8723
283.56 23.5132
287.573 23.9212
297.5 23.6454
262.806 23.9427
287.393 23.8813
277.365 23.8517
282.008 23.5479
310.568 23.3555
291.75 23.4492
324.744 23.5646
293.79 23.3755
305.763 23.9167
298.323 23.4711
319.134 23.5699
305.377 23.6461
348.806 23.7311
287.323 23.9616
294.218 23.9194
275.56 23.597
277.852 23.5799
322.357 23.3472
284.435 23.6891
321.516 23.6436
361.363 23.5257
334.2 23.4049
339.954 23.7382
339.954 24.2938
334.042 23.6355
318.671 23.5288
291.905 24.0569
326.652 23.4733
324.281 23.6032
301.3 23.4814
300.116 23.7053
297.021 23.9931
300.193 23.7185
301.115 23.7338
300.698 23.5813
329.057 23.4988
311.237 24.5428
342.458 23.8768
343.585 23.5995
358.073 23.9067
399.906 23.8619
399.906 23.6278
415.965 24.2945
436.91 23.8439
348.572 24.3422
348.572 23.7594
345.601 23.6417
366.59 23.8621
330.144 23.5457
322.489 24.0954
337.918 24.1895
273.968 24.003
278.542 24.0427
295.856 23.4035
292.557 23.7924
305.615 23.6086
313.537 23.6374
316.637 23.4373
325.87 23.611
319.367 23.8438
357.007 23.8078
327.238 24.1037
326.118 24.2667
308.828 23.3846
296.662 23.6495
311.041 24.3306
313.703 24.1635
316.637 24.2003
301.807 23.532
297.989 23.8776
275.43 24.1812
279.215 23.5612
277.403 24.5347
288.579 24.0935
278.924 23.7562
301.164 24.0665
343.089 23.7413
282.184 23.8568
312.9 23.7667
328.462 23.8191
353.284 23.5763
366.618 24.1497
360.875 24.0213
311.451 23.7051
365.035 23.8492
367.479 23.5451
381.228 23.7903
343.09 23.3329
342.249 23.9711
318.645 23.4761
371.65 23.6001
371.65 23.4268
388.039 23.4919
405.308 23.8364
375.317 23.6878
374.072 23.2753
273.388 24.2892
315.73 23.3551
336.912 23.9205
341.248 23.7773
341.248 23.6146
358.471 23.8554
335.17 23.6138
357.576 24.021
380.313 23.7312
360.505 23.4404
361.832 23.6366
341.617 23.4662
350.878 23.4499
377.471 23.7778
378.067 23.4748
345.007 23.6561
321.186 23.5041
304.689 23.3958
287.798 23.4108
336.715 23.2937
312.183 23.6101
293.228 23.6218
293.228 23.5467
302.153 23.4204
296.464 23.4746
287.714 23.6019
328.679 23.4642
332.596 24.3126
290.314 23.8564
283.073 24.0454
307.904 24.2196
328.279 23.7783
380.079 23.5844
380.024 23.9954
340.806 23.5027
349.496 23.8375
351.644 23.7254
344.258 23.5982
347.299 23.8691
355.262 23.8628
327.495 24.1378
313.444 23.9142
328.015 23.7157
337.905 23.5442
321.161 23.6377
348.29 23.6335
387.08 24.0617
377.485 23.8096
367.177 24.0257
343.36 23.1322
311.505 23.7553
281.45 23.682
240.486 23.8591
282.989 23.9325
311.497 23.6069
317.244 24.0732
340.645 23.5322
307.022 23.4773
317.897 23.6094
289.546 23.6395
274.419 23.6993
247.414 23.5252
226.998 24.067
215.615 23.9873
267.14 24.0919
285.612 23.6618
306.523 23.7464
313.447 23.1719
324.577 23.6282
313.82 23.8665
305.503 23.6741
290.188 23.2443
292.063 23.9988
302.276 23.3693
333.871 23.9707
314.332 23.7045
344.613 23.8184
359.588 23.9036
367.467 23.6342
374.539 23.8452
341.735 24.3085
350.459 23.5592
326.403 23.6046
337.137 23.9283
323.847 23.9285
343.614 23.9285
350.856 23.799
349.428 23.4253
349.191 23.2197
356.081 23.4565
324.155 23.5091
315.037 23.8661
322.884 24.2868
305.257 23.622
316.774 23.8795
282.758 23.7146
301.651 23.5465
318.182 23.8558
285.137 24.0169
306.587 23.6418
316.097 23.7297
314.371 24.0315
332.332 23.6552
357.417 24.0892
366.309 23.7957
362.203 23.9745
361.828 23.7268
407.03 23.9138
354.569 23.5323
382.312 23.7068
380.076 23.5275
396.917 23.8198
441.05 23.8462
441.923 24.0136
384.516 23.638
322.932 23.8329
322.271 23.6464
348.245 23.7528
386.209 23.9091
405.023 23.921
456.516 23.4433
442.669 23.4278
367.539 23.8221
333.084 23.5804
338.299 23.6139
324.35 23.1605
369.866 23.5173
334.408 23.5703
294.657 23.648
296.017 23.552
354.952 23.5199
346.883 23.3955
342.94 23.6731
348.482 23.9426
401.781 23.5392
405.023 23.4932
390.418 24.0563
390.418 23.1713
353.931 23.8409
382.517 24.27
392.499 23.5589
400.568 24.04
415.133 23.8881
333.188 23.5054
316.359 23.6338
344.017 23.6384
307.841 23.749
295.431 23.9936
274.979 23.5859
296.525 23.635
306.399 23.223
313.218 24.0685
332.332 23.6932
292.329 23.8769
294.074 23.7425
307.373 23.6742
296.839 23.9073
289.341 23.0364
294.745 23.6746
286.339 23.6758
345.317 23.8393
338.805 23.9942
357.864 23.421
371.764 23.4576
363.881 24.1116
348.16 23.4895
350.818 24.0906
356.313 24.1758
339.818 24.1329
329.407 23.2147
362.555 23.9111
367.372 24.0496
344.379 23.9112
347.317 24.1678
370.949 23.5285
345.334 23.9925
375.982 23.7731
341.272 23.3797
393.568 23.8463
384.644 24.0124
399.63 23.8235
382.932 23.5586
367.919 23.7832
362.576 23.7853
352.277 23.7891
361.685 23.7454
327.38 23.7125
319.275 24.0148
350.64 23.8994
345.889 23.4802
342.89 23.5827
342.157 23.7177
327.941 23.487
305.766 23.6954
338.001 23.6805
322.771 23.6585
296.428 23.8468
304.391 23.6548
338.172 23.887
367.769 23.7375
375.471 23.7881
381.372 24.4035
353.03 24.1694
353.178 24.1077
343.029 24.1969
348.07 23.6965
340.903 23.4847
383.581 23.806
403.422 23.6958
323.288 23.5925
315.827 23.6276
344.129 23.225
339.489 23.6127
338.518 23.9186
330.242 24.1582
311.853 23.6082
297.422 23.1526
275.445 23.898
262.586 23.9816
290.08 23.8233
292.352 23.7944
241.142 24.1164
248.497 23.5086
302.006 23.9369
294.002 23.9481
325.233 23.9719
275.765 23.7756
301.327 23.7183
265.169 24.0281
271.7 23.2004
272.369 23.6916
275.633 23.2941
264.65 23.6783
285.877 23.7039
310.474 23.5406
320.536 23.8203
338.008 24.429
321.272 23.8094
344.083 23.6303
341.067 23.6501
312.936 23.5689
301.241 23.5305
345.739 23.4858
355.838 23.4719
349.801 23.7275
398.962 24.0301
355.759 23.9883
395.555 23.6499
337.135 24.1105
387.788 23.9509
398.673 23.1438
339.655 23.0991
334.513 23.3686
314.833 23.3629
289.79 23.5854
274.433 23.7245
286.286 23.9362
292.864 24.0524
287.638 23.5793
296.11 23.7815
320.283 23.7962
320.731 23.4171
302.019 23.703
270.325 23.7332
318.996 23.6253
292.553 24.0405
287.974 23.7638
301.945 23.8521
299.687 23.4883
300.378 23.7555
277.577 24.1576
275.364 23.9511
292.401 23.3913
305.496 23.2816
323.061 23.7716
293.961 23.3927
246.594 23.3785
275.121 23.2974
306.377 23.7365
306.377 23.881
344.631 23.6611
322.676 23.9857
295.983 23.5163
297.256 24.0878
312.83 23.7557
310.636 23.8424
324.978 23.301
326.247 23.6589
330.608 23.9699
340.655 23.4793
330.43 23.9376
333.738 23.5726
369.708 23.303
391.227 24.323
391.227 24.0099
378.838 23.7851
393.279 23.3896
339.825 23.5653
336.998 23.817
315.61 23.7654
296.615 23.7646
306.648 23.7601
332.849 23.747
371.474 23.3605
340.401 24.2815
299.093 23.4803
299.093 23.9684
301.05 23.805
281.368 23.6949
257.776 23.9629
240.217 24.2398
240.217 24.144
240.217 24.0018
267.534 23.1196
273.501 23.6525
312.237 23.5939
302.497 23.9293
298.052 23.7352
323.987 24.1699
340.914 23.7984
334.112 23.4449
299.202 23.7162
321.539 23.353
319.105 24.0993
356.247 23.876
317.531 23.8716
316.444 23.4853
330.502 23.4789
340.898 23.3456
361.681 24.167
322.856 23.9071
325.449 23.3542
333.089 23.591
276.384 23.7903
290.74 23.8615
294.022 23.9242
278.72 24.0038
311.574 23.1683
322.375 24.2391
355.365 23.8107
398.891 23.6317
345.553 23.2588
360.566 23.2839
388.988 23.2836
379.557 23.9994
353.956 23.5711
389.038 24.0944
433.413 23.536
385.572 23.6461
405.942 23.7067
390.845 23.5915
363.184 23.7439
284.128 23.9527
309.709 23.5672
290.772 23.6098
307.36 23.551
320.752 23.5139
309.394 23.5285
296.969 24.036
266.708 23.7157
299.866 23.6816
319.201 23.4393
345.93 23.6585
323.649 23.8176
329.908 24.0348
333.945 24.0084
346.022 23.5356
382.402 23.6642
365.283 23.6152
312.928 23.3426
335.447 23.2114
323.466 23.4414
339.148 23.8823
331.823 23.4831
378.724 23.4234
350.87 23.554
335.36 23.7959
351.307 23.4964
359.334 23.6671
362.49 23.8653
366.049 23.2926
355.851 23.6474
338.235 24.2846
263.577 24.0062
262.668 23.2959
269.562 24.0127
312.934 23.823
306.203 23.7397
324.656 23.821
368.399 23.9332
336.266 23.3706
302.1 23.6137
316.132 23.6432
289.238 24.0083
308.278 23.7159
304.568 23.3019
325.326 23.818
329.279 23.1939
308.085 23.6375
345.338 23.8408
383.285 23.8302
406.566 23.5802
355.788 23.5128
323.144 23.7641
334.279 23.099
328.827 23.7867
347.23 24.0657
381.079 23.7166
386.062 23.7088
326.725 23.8084
305.507 24.0428
283.144 24.1753
278.181 23.7753
281.031 23.8877
290.333 23.9573
297.02 24.0175
314.919 24.0031
310.107 24.0099
308.486 24.4892
337.084 23.7486
301.499 23.3697
311.732 23.9106
296.744 23.546
360.02 23.4224
383.89 23.487
399.421 23.9169
341.384 23.8761
366.246 23.7115
334.188 23.794
315.355 24.0835
282.936 24.4192
297.045 23.4442
288.406 23.4618
293.385 23.9472
291.514 23.9675
298.803 23.6568
302.471 23.834
331.865 23.0277
364.098 23.4736
364.098 23.5887
313.328 23.7464
364.826 23.9923
422.828 23.9962
292.326 23.7492
298.478 23.6393
342.957 24.0124
299.754 23.4163
323.699 23.6571
296.302 23.5864
284.024 23.5572
280.972 23.6354
280.972 23.4751
312.417 24.3838
356.6 23.5581
346.131 23.7926
348.492 23.5636
402.134 23.2204
371.925 23.4166
370.849 24.1968
395.108 23.5541
376.811 24.1169
405.434 23.618
413.255 23.9872
427.6 23.549
392.007 23.87
399.441 24.2479
410.339 23.4877
365.923 23.7805
359.519 23.6884
359.519 23.6671
333.209 23.761
320.101 23.5866
319.269 23.7569
314.989 23.8739
297.839 23.6881
316.398 23.5052
320.538 24.0959
330.27 23.7399
299.291 23.9185
305.364 23.6722
283.395 24.1485
277.88 23.5201
285.057 23.3506
285.057 23.9471
290.292 23.9293
311.973 24.1468
344.002 23.8389
352.012 23.5089
304.058 23.6004
276.581 23.685
275.532 23.3574
280.636 23.5148
299.684 23.6779
306.999 23.4589
317.956 23.4589
280.109 23.6459
289.28 23.6241
309.025 23.5934
308.855 23.6599
301.274 23.5597
312.711 23.7956
274.462 24.2441
282.587 23.6328
281.397 24.1254
335.666 23.8481
333.304 23.3497
291.909 23.6481
292.798 23.3504
320.139 23.6394
356.669 23.878
363.783 24.4354
381.456 23.6572
405.252 23.8469
324.931 23.5066
354.726 23.3384
337.309 23.6036
333.29 23.8628
341.345 23.4914
348.768 23.6572
305.888 23.1605
362.421 23.4347
356.628 24.3764
353.444 23.8779
346.491 24.1094
357.958 23.9471
391.411 24.1336
343.189 23.6184
315.138 23.9423
315.138 23.9227
364.169 23.9233
376.769 23.9236
395.254 23.9249
395.254 23.8512
415.757 23.9963
422.754 23.6911
387.964 23.686
402.076 23.4173
422.716 23.7383
386.92 23.6097
367.969 23.7533
379.057 23.5833
360.842 23.3311
398.481 23.896
429.372 23.7834
430.307 23.8841
407.709 23.5643
381.727 23.7489
359.871 23.428
385.742 23.6627
359.088 23.598
335.473 23.962
334.438 24.2274
337.649 24.2285
331.403 23.5115
336.625 23.8854
383.721 23.4351
360.389 23.9401
361.662 23.8227
333.223 23.8295
322.403 23.8806
341.969 23.5545
361.923 23.421
351.5 23.6107
293.237 23.6824
273.92 23.9164
257.4 22.9425
257.4 24.0176
304.902 24.2812
272.274 23.4012
270.565 23.623
317.15 23.6772
333.09 24.4019
305.171 23.9607
312.12 24.2845
299.591 23.4998
292.643 24.1771
316.963 23.9119
301.285 23.6715
311.447 23.5244
323.105 23.4024
334.081 23.7262
415.973 23.7033
420.441 23.4571
357.229 23.8098
424.326 23.8019
390.899 23.8585
346.797 23.3791
307.867 24.014
300.211 23.5982
287.675 23.9328
295.212 23.5045
276.456 23.5781
279.549 23.5318
334.01 24.0091
335.083 24.4818
337.156 23.8558
350.174 23.6294
340.38 23.3629
326.1 23.8521
321.396 23.8294
296.972 24.0649
293.713 24.0838
324.311 23.9748
362.966 23.6879
361.531 24.2196
353.657 23.4979
353.657 23.3119
318.425 23.531
327.983 23.6915
318.648 23.4281
343.215 23.3891
332.427 23.8256
343.085 23.3631
299.845 23.8572
301.188 23.7381
320.729 23.7925
317.389 23.7696
332.462 23.817
372.529 23.89
355.115 24.2093
267.366 23.9359
278.961 23.9476
265.013 23.7484
291.123 23.7296
301.802 23.5932
323.663 23.8164
310.407 23.3814
299.34 23.2611
293.977 23.5132
308.518 23.644
317.329 23.4928
324.712 23.4306
315.751 23.5753
330.398 24.1551
345.951 24.0241
343.504 23.7929
324.785 23.7168
317.048 23.75
336.259 24.0102
320.596 23.7682
287.079 24.0307
284.839 24.025
312.206 24.0034
311.108 23.6272
315.786 24.4377
297.657 23.8615
300.187 23.1908
306.884 23.6966
329.791 23.5474
303.825 24.0204
332.898 24.0111
334.794 23.5152
334.794 23.638
361.346 23.2485
331.387 23.6349
357.463 23.3983
306.107 23.4552
326.686 23.8514
345.457 23.888
350.026 23.5157
341.475 23.9002
347.718 23.5406
347.718 23.316
354.727 23.461
376.181 24.0957
314.865 23.8945
304.196 24.0733
320.485 23.8817
334.245 23.8463
358.711 24.0009
317.282 24.3145
350.538 23.3918
309.672 23.673
303.076 23.7076
346.069 23.4481
337.22 23.2152
324.256 23.7069
366.076 23.5106
352.277 23.6917
352.666 23.9359
342.28 23.6285
342.28 23.9718
375.767 23.4954
371.774 23.2192
327.524 23.6498
339.737 23.7948
351.658 24.0217
348.045 23.8121
347.666 23.4039
306.278 23.634
314.511 23.2077
345.223 23.6949
332.328 23.6018
344.297 24.0822
337.026 24.396
341.756 23.9004
324.917 23.408
339.863 24.0007
325.463 23.6108
350.762 23.0086
350.111 23.0633
354.798 23.6534
366.864 23.5444
401.491 23.5656
387.209 23.5672
387.209 23.5677
361.687 23.5789
360.6 23.6378
358.312 24.073
351.296 23.9959
396.567 23.4618
376.661 23.3096
332.825 23.7086
345.293 23.3916
293.209 23.4513
296.198 23.7175
288.903 23.7956
284.43 23.7956
318.01 23.8141
295.899 23.7996
287.174 23.8086
287.493 23.6497
275.509 23.6089
326.019 23.7295
291.011 23.2344
336.547 23.9617
320.702 23.4802
353.802 23.6774
358.885 23.4036
352.593 23.8445
326.755 23.7095
322.042 23.8318
311.5 24.1233
318.498 24.0242
326.145 23.3963
358.884 23.9649
377.616 23.8713
383.796 23.9602
376.364 23.6682
420.7 23.938
356.322 23.7983
336.027 23.8917
304.581 23.5365
312.397 23.7934
312.773 23.574
312.466 23.5947
300.071 23.5221
291.04 23.7725
255.381 24.0012
248.796 23.5425
258.07 23.5073
282.148 23.8556
290.172 23.9618
328.095 24.0311
338.999 23.2226
340.367 23.6752
326.591 23.3716
300.199 23.4594
324.303 23.875
303.487 23.6831
284.254 23.9376
255.694 23.3076
293.418 23.6826
282.818 23.8562
303.21 23.1688
290.201 23.4204
287.274 23.3752
273.674 23.6417
271.627 23.5798
289.747 23.5767
279.729 23.5138
291.014 23.5035
299.789 23.1621
319.995 24.0238
305.406 23.6623
275.914 23.8055
289.495 23.6914
315.947 23.6587
315.647 23.8288
310.778 23.4762
332.54 23.5382
357.159 23.3908
317.12 23.7306
250.551 23.7221
282.991 23.7955
292.389 23.7299
317.111 24.0409
304.01 23.5077
307.396 23.6093
352.104 23.2896
339.344 23.376
379.292 23.5232
348.488 24.31
404.075 23.5804
373.674 23.7078
355.475 23.4418
314.236 23.4758
341.194 23.4049
332.953 23.9135
296.956 23.4602
304.256 23.6304
298.507 23.5596
336.924 23.9161
343.72 23.5095
343.922 23.7763
304.742 23.7127
286.923 23.7855
292.826 22.9567
305.62 23.9909
275.841 23.9595
286.182 23.0232
287.274 23.056
281.932 23.3115
281.151 24.1093
296.018 23.784
295.067 23.4268
295.13 24.0954
323.02 23.8822
317.042 24.3612
281.702 23.5324
268.625 23.473
273.613 23.7394
312.646 23.6226
294.236 23.6374
289.724 23.5272
289.724 23.6815
274.319 23.5697
299.567 23.5876
287.922 23.5617
393.897 23.6046
380.028 24.0196
327.151 23.6938
307.634 23.2249
313.183 22.9933
315.61 23.8306
334.162 23.7786
348.399 23.9519
343.974 23.7771
342.835 23.9533
359.046 23.8737
368.133 24.0716
392.01 24.0833
358.922 23.6734
357.422 23.3535
332.825 23.6794
346.827 23.6381
321.345 23.6988
298.94 23.733
277.71 24.1281
322.761 23.9241
313.185 23.598
325.539 23.9333
316.353 23.9433
323.203 23.4776
341.114 23.5342
378.822 23.5425
389.761 23.7874
394.195 23.5647
374.601 23.544
358.981 23.9182
377.52 24.0343
344.911 23.4205
328.795 23.6347
329.341 23.5441
305.487 23.2306
316.764 23.688
307.578 24.135
322.835 24.019
321.375 23.6109
368.631 23.8285
375.136 24.1607
340.415 23.6043
336.939 23.6031
353.117 23.7833
327.331 23.6777
348.006 23.6614
317.987 23.3581
326.543 23.9641
316.058 23.9917
322.778 23.8684
340.665 23.1713
365.483 23.6931
314.379 23.2127
338.674 24.0566
334.887 23.6244
329.884 24.3392
322.233 23.8583
324.442 23.5139
322.162 23.8957
306.208 23.7987
359.203 23.5878
334.023 23.6331
302.062 23.7583
274.225 23.8713
308.926 23.6981
296.278 23.7223
335.952 23.6659
316.94 23.6103
333.584 23.7203
337.729 24.0021
366.122 23.6382
363.236 23.3752
330.665 23.723
317.671 24.1608
289.584 23.6151
312.866 23.5716
317.883 23.484
324.954 23.746
327.075 23.5718
311.384 24.0542
304.693 23.1305
298.089 23.4838
297.547 23.7715
314.341 23.7513
300.967 23.1823
301.073 23.5993
282.616 23.5996
317.305 23.2717
336.229 23.3363
340.957 23.9369
345.254 23.6895
308.662 23.6183
317.714 23.6512
276.757 23.7283
283.83 23.4711
312.749 24.0124
345.05 24.1927
311.666 23.5297
303.749 23.4882
321.121 23.4522
296.947 24.2166
309.702 23.3299
289.604 23.8188
286.737 23.881
254.919 23.568
257.349 23.6685
263.451 23.3781
261.705 23.2854
269.17 23.9276
263.235 24.2287
286.531 24.3001
309.846 23.4692
288.474 23.9408
253.959 23.9281
288.75 23.8042
269.735 23.2835
302.494 23.5002
303.113 23.3073
319.985 23.5042
306.035 24.0205
296.136 24.0125
337.928 23.4301
372.365 23.3562
359.612 23.4736
427.231 23.3829
388.431 23.2225
356.888 23.4301
356.635 23.6654
379.733 23.7988
379.733 24.0714
406.577 23.7423
406.577 23.6494
410.567 23.4688
332.261 23.8814
376.444 23.3189
419.938 23.7824
414.708 23.7935
425.887 23.671
393.115 23.6788
341.334 23.6756
350.686 23.7001
354.688 23.9295
350.949 23.6008
394.325 23.6905
410.02 23.8308
336.258 23.906
363.858 24.019
371.645 23.6873
371.645 23.3346
313.198 23.6806
295.737 23.9497
373.349 23.4013
333.879 23.8976
366.99 23.8387
341.094 23.4068
301.189 24.468
353.366 24.2133
354.829 23.1643
315.493 23.5404
301.898 23.7235
306.715 23.6328
306.715 23.6609
347.945 23.4093
365.291 23.5748
365.291 23.8852
378.5 23.8862
372.245 23.8938
377.688 23.7917
343.643 23.6419
355.472 23.0327
338.614 23.8203
358.938 23.8365
359.431 23.9573
386.105 23.7353
363.407 23.7435
340.709 23.9711
371.222 23.5209
413.363 23.4473
453.89 23.605
450.98 24.1764
412.405 23.6058
420.056 23.4604
395.429 23.762
365.789 23.534
371.937 23.4407
370.879 23.8824
333.66 24.3134
334.521 24.139
389.431 23.6024
392.024 23.7812
399.636 23.8065
357.769 23.977
345.001 24.4764
350.069 23.6005
335.354 23.6846
350.462 23.7341
377.229 23.9871
358.298 24.0215
403.815 23.6283
403.815 23.6037
352.622 23.7027
382.367 24.0834
367.235 23.7311
369.385 23.7016
342.451 23.7438
342.451 23.9152
342.451 23.7553
306.615 23.8073
255.227 24.042
258.407 23.2837
244.807 23.8416
241.676 23.6951
240.224 23.4082
244.98 23.7018
261.62 23.8921
290.652 23.6252
346.167 23.5981
372.498 23.7506
384.005 23.577
370.854 23.8234
369.857 23.9998
384.13 23.9408
366.692 23.8096
342.143 23.9956
302.847 23.4757
315.752 23.8923
368.243 23.5783
338.246 23.5545
348.136 23.3427
345.778 23.1454
340.853 23.583
335.115 23.5525
324.245 24.2128
307.166 23.8092
294.043 24.0543
294.351 23.9812
265.96 24.0661
262.069 24.1032
275.021 23.8182
287.844 23.9534
287.844 23.623
315.721 23.7978
372.267 23.5057
366.795 23.8523
368.909 23.7839
334.483 24.1534
317.956 23.5593
323.409 23.9717
292.981 23.5186
292.019 24.1474
330.386 23.8108
297.006 23.606
334.28 23.7914
299.357 23.7666
304.491 23.9492
304.935 23.3582
311.841 23.1552
295.526 23.8092
285.639 23.9199
275.586 23.7482
292.206 23.71
304.906 23.897
303.787 23.7161
296.845 23.7564
318.755 23.6735
308.123 24.1631
289.345 23.6859
301.669 23.3988
299.42 23.8514
317.311 23.6071
316.803 23.7385
320.968 23.2182
312.681 23.6615
312.681 24.3842
336.045 23.7181
281.358 23.5061
278.287 24.0562
297.947 23.604
284.476 24.0592
296.216 23.8361
294.304 24.1288
291.906 23.6881
289.449 23.5708
242.934 23.6127
259.029 23.6462
293.832 23.8452
309.021 23.1692
318.222 23.7745
365.964 23.5551
374.015 24.0938
354.121 23.8819
382.468 23.3328
359.1 23.9226
347.027 23.6292
359.345 23.1143
347.652 23.976
333.586 23.8545
316.546 23.7394
341.336 23.4829
357.365 23.9418
358.325 23.9473
316.751 23.9125
319.196 23.6107
321.068 23.7529
327.906 23.6745
360.178 23.4728
373.529 23.7114
368.785 23.658
371.404 23.8488
380.582 24.063
500.243 23.591
476.976 23.5348
489.099 23.8595
455.597 23.6437
428.354 24.0366
419.447 24.4059
402.811 23.7853
415.487 23.7921
365.855 23.4275
361.088 24.1264
351.781 23.8636
326.788 24.0273
334.269 24.0054
342.252 23.965
330.526 23.3674
360.387 23.6753
389.083 23.4958
409.444 23.5518
352.371 23.9785
333.953 24.1262
357.009 24.3722
332.83 23.6575
327.562 23.5881
323.471 23.8837
302.307 23.7382
321.268 23.3265
343.837 24.1996
331.483 23.7374
319.656 23.7716
349.188 23.5103
329.42 23.9319
331.801 23.9411
301.347 24.433
263.924 23.9968
256.953 23.5369
283.179 23.4778
281.378 23.6675
294.488 23.5663
313.594 23.7084
279.028 23.9905
337.204 23.8766
357.324 23.9005
333.302 24.1363
325.288 23.2438
351.147 23.6527
359.442 23.5481
353.834 23.4005
428.412 23.4769
388.277 23.7126
355.233 23.678
335.723 23.4876
335.098 23.5718
335.058 23.8326
321.987 23.479
296.947 23.832
302.67 23.8854
294.136 23.551
292.273 24.1187
269.857 23.9598
253.204 24.1037
291.094 24.1515
280.911 23.2525
315.702 23.7791
295.153 23.5811
326.704 23.3781
330.135 23.514
320.312 23.4858
350.069 23.5404
306.382 23.8507
312.8 24.0529
345.996 23.9829
347.39 23.8452
355.053 24.0609
338.237 24.1855
345.431 23.7637
367.021 23.6287
360.726 23.1969
357.424 23.9758
332.982 23.5352
358.823 24.4128
378.185 23.5205
341.037 23.5502
364.303 23.2904
342.76 23.9588
288.783 23.3762
279.833 23.5265
291.857 23.3236
277.564 23.9661
272.658 23.7612
306.197 23.607
305.775 23.8033
298.518 23.2585
281.576 23.3812
286.826 23.5342
281.532 23.7369
306.276 23.96
313.311 23.3837
314.479 23.8983
292.225 23.5407
286.46 23.6531
254.223 23.7303
267.471 23.5738
266.085 24.6753
289.652 23.6958
354.575 23.9192
356.316 23.6728
392.166 24.4698
332.887 24.117
353.565 23.7593
320.541 23.3728
321.835 23.6687
318.872 23.3324
318.024 23.2177
323.895 23.8423
332.798 23.5181
357.372 23.335
327.087 23.9269
393.435 23.6576
425.444 23.7609
425.444 23.5814
446.642 23.7248
386.522 23.3749
424.964 23.858
450.556 23.6135
452.883 23.6522
498.362 23.5529
415.58 23.9722
383.004 24.0882
409.891 23.4593
447.195 23.74
398.182 23.7723
355.543 24.0381
355.619 23.3368
344.702 23.4812
335.25 23.6472
319.965 23.7384
363.406 23.8294
337.512 23.8942
323.771 23.7965
342 23.9531
331.887 23.9894
330.236 23.3806
358.239 23.4231
360.132 23.8943
364.411 23.2212
378.347 23.7132
436.155 24.0876
353.983 23.4859
337.028 23.8913
322.645 23.9683
353.85 23.6893
338.029 24.3219
391.588 23.4264
353.93 23.6843
352.804 23.9289
334.945 24.0496
261.089 24.0559
272.352 23.4147
297.824 23.8084
262.417 23.8792
296.079 23.5891
295.767 23.6615
278.169 23.8079
274.293 23.7283
279.65 23.6988
275.243 23.8148
277.456 23.4659
286.353 23.7268
321.595 23.6833
306.679 23.6703
299.866 23.6202
307.891 23.9339
316.675 23.9206
311.182 23.6781
322.404 23.9931
356.246 23.9374
336.693 23.731
331.522 23.3689
368.183 23.9927
373.066 24.0019
373.655 23.5505
388.086 23.2954
388.086 23.89
361.426 24.2533
414.355 23.8827
425.052 23.6469
361.195 23.8877
360.593 23.7714
353.899 23.46
352.847 23.8455
343.974 23.5438
320.378 23.3629
305.145 23.8998
300.137 23.4991
313.433 24.1667
280.938 23.9738
304.48 23.6383
265.898 23.35
279.15 23.4859
278.323 23.5419
277.154 23.4748
287.38 24.1318
292.098 23.3395
273.514 23.6625
230.4 23.6256
244.914 24.1759
251.871 23.72
216.042 23.7485
280.619 23.7029
306.442 23.4816
299.56 23.5238
295.091 24.1293
307.591 24.1767
339.539 24.1745
321.593 23.4553
326.485 24.011
325.683 23.8899
320.799 23.8884
337.765 23.3754
339.542 23.129
362.71 23.2156
334.884 23.3112
334.884 23.7554
350.349 23.5729
329.177 23.2531
300.575 23.977
315.682 23.6288
295.367 23.78
352.569 23.797
373.814 24.0135
359.13 23.4182
291.727 23.819
290.13 23.5178
294.879 23.6903
285.549 23.8545
295.063 23.4009
301.943 23.5394
317.248 23.6741
331.564 23.6589
301.451 23.8578
283.823 23.9258
262.866 23.4599
304.722 23.4884
323.811 23.6434
302.295 23.9379
305.681 23.9365
353.247 23.865
327.921 23.4241
323.59 23.5988
329.279 23.5447
383.647 23.6916
373.072 23.6876
373.929 23.6205
349.444 23.9459
348.143 24.1979
380.138 23.4303
356.164 23.3562
327.646 23.5971
323.628 23.6714
321.984 23.6514
333.805 23.408
305.244 23.5794
336.271 23.7832
295.261 23.3962
303.194 24.2716
328.313 23.6715
291.441 23.95
315.501 23.5893
298.291 23.8423
319.368 23.7806
330.229 23.8724
344.175 23.7183
354.391 23.7708
396.755 24.2364
432.474 23.9804
479.882 23.911
462.859 23.9749
477.963 23.8092
415.735 23.8891
394.459 23.6372
392.167 23.475
383.772 23.4052
369.788 23.3638
376.582 23.0261
376.387 23.6915
374.719 23.6023
350.794 24.1742
386.631 23.5938
327.865 23.5659
327.865 23.6772
330.347 23.7213
363.369 23.5416
374.769 23.3147
340.345 23.6835
417.767 23.423
395.896 23.578
367.528 24.0681
356.822 23.7564
384.138 23.2296
421.862 23.7595
391.486 23.3388
351.175 23.7832
372.569 23.5504
376.079 23.631
362.103 23.5921
354.663 24.0864
328.679 24.0878
362.219 23.3226
306.926 23.354
326.314 23.4793
306.053 23.6653
314.928 23.9667
321.364 23.811
319.926 24.2358
341.204 23.9717
320.34 24.0385
338.484 24.0415
335.402 23.3631
302.823 23.7185
319.924 23.8981
317.288 23.9113
359.686 23.8426
349.037 23.511
313.903 23.55
304.993 24.2673
304.993 23.8634
311.357 23.4788
275.138 23.5127
247.8 23.7312
254.067 24.0394
270.913 23.7583
323.492 23.7843
346.393 23.9477
346.083 23.6549
350.78 23.7506
368.076 24.3506
334.268 23.4111
334.296 23.6673
325.26 23.3152
335.097 24.1929
354.395 23.7593
322.685 23.9891
293.991 23.4564
290.706 23.824
314.004 23.6661
314.13 23.9985
331.602 23.9746
346.409 23.9812
352.191 24.0049
348.56 24.095
348.56 23.8932
333.749 24.2276
340.575 24.1967
299.068 23.7139
348.158 23.7747
348.683 23.4302
363.242 23.7839
346.078 23.3148
299.488 23.7259
291.077 23.3605
283.873 23.4233
302.537 24.2501
300.166 23.5996
326.748 23.906
325.485 22.9258
323.987 23.7431
322.451 24.0253
339.399 23.8719
343.974 23.5592
323.65 23.4616
302.064 23.4584
278.341 23.6543
305.944 23.5154
282.072 23.2985
311.999 23.9599
342.798 23.6348
348.016 23.8969
347.656 23.9919
376.29 23.6783
374.888 23.7433
372.608 23.6564
311.078 23.9836
337.793 23.5386
362.311 23.4275
325.47 23.8655
312.748 23.8121
290.763 23.9584
283.601 23.6931
275.828 23.6229
302.542 24.0192
342.783 23.7487
333.12 23.4914
307.979 23.6585
337.353 23.4475
353.801 23.5516
302.019 23.4867
317.868 24.1525
332.426 23.6333
335.65 23.6897
368.096 23.9032
345.414 23.4503
354.016 23.7382
328.004 23.8681
331.961 23.7114
366.948 23.2868
334.642 23.7437
267.222 23.6942
283.145 23.8437
278.269 23.3126
266.848 23.8392
281.125 23.9507
278.716 23.7197
280.52 23.7796
294.042 23.886
274.222 23.6597
276.548 23.9419
306.607 23.7372
297.357 23.9183
301.646 23.0554
287.731 24.0336
281.891 24.2994
327.027 24.105
303.064 23.8823
323.959 23.3572
326.06 23.3441
329.402 23.1951
346.729 23.4428
350.627 23.7675
374.234 23.2536
382.64 23.3803
397.636 24.1232
369.372 23.4935
371.012 23.7209
373.834 23.1408
367.92 24.0147
379.846 23.6813
379.846 23.5768
380.253 23.4376
426.117 23.6844
374.545 23.9279
363.665 23.9856
366.66 23.622
385.205 23.6276
369.504 23.618
353.494 23.4805
363.874 23.388
349.871 23.615
342.317 23.8181
347.194 23.6327
347.194 23.4292
311.271 23.425
361.096 23.9206
372.288 23.9894
392.034 23.406
383.705 23.556
336.917 24.0982
285.207 23.4516
306.193 23.3644
340.099 23.7535
365.818 23.9062
367.091 23.8315
360.376 23.3754
316.594 23.6026
317.675 23.1688
331.26 23.5869
337.392 24.0303
352.343 23.8325
358.546 23.843
397.454 24.4191
404.657 23.7456
341.282 23.4612
306.029 23.4274
345.314 23.886
348.469 24.558
325.183 24.2066
309.92 23.8088
286.157 23.6658
317.427 23.7552
353.626 23.8472
376.784 23.5392
351.117 23.8599
331.018 23.8748
361.392 23.8203
387.143 23.8994
342.439 23.6361
328.101 23.8714
359.276 23.4611
369.925 23.8471
442.029 23.5044
401.181 23.5089
435.64 23.5953
435.64 23.9341
400.236 23.4043
371.911 23.2248
397.484 23.5301
391.712 23.8839
362.033 23.843
385.387 24.0187
375.013 23.8175
368.261 23.7207
363.96 23.4635
360.841 23.2788
342.107 23.5121
348.379 23.6281
354.376 23.8239
314.698 23.5248
318.075 23.6416
327.449 23.6285
298.996 23.9638
299.687 24.0242
314.149 23.397
333.601 23.6778
359.707 23.5406
340.741 24.1145
340.449 24.1208
340.45 23.8667
340.444 23.7914
328.132 23.5064
333.63 23.9847
291.174 23.8173
278.243 23.8126
272.217 23.505
288.828 24.0775
286.296 23.2739
302.297 23.9013
289.277 23.4677
313.727 23.4366
310.255 23.6672
295.547 23.8256
300.868 23.8915
290.396 24.0536
257.812 23.6544
271.935 23.7471
293.84 23.7174
312.887 23.7493
360.389 23.4283
334.405 23.733
322.181 23.7063
349.793 23.718
388.681 23.6369
368.783 23.8964
375.745 23.9658
376.139 23.6483
375.396 23.5891
375.356 23.5227
375.8 23.5215
377.372 23.7915
367.443 23.9228
384.907 23.6686
383.935 23.5801
369.009 23.9643
382.185 23.8191
372.289 23.7224
389.939 23.2436
334.831 24.182
320.725 23.4431
320.725 23.7376
348.053 23.5837
348.894 23.7003
348.421 23.6788
346.041 23.704
290.604 23.6448
273.882 23.7892
283.177 23.9946
330.391 23.6387
348.222 23.6435
322.274 23.8339
285.334 23.4249
295.5 23.7974
285.379 23.8161
285.718 23.9579
276.89 23.2299
311.259 24.0505
293.217 23.559
303.308 23.6495
269.606 24.0776
288.611 23.6754
291.192 23.5011
301.462 23.7912
300.414 23.756
293.021 23.6359
308.208 23.7787
352.589 23.9286
395.909 23.6321
330.185 23.6516
320.98 23.8175
326.787 23.8559
345.795 24.1108
337.258 23.7279
317.793 23.8401
316.73 24.2431
297.928 23.7634
256.179 23.7885
269.51 23.826
241.037 23.5262
258.473 23.4766
272.128 23.604
260.623 23.742
275.135 23.6362
271.873 23.7027
286.974 23.3455
343.708 23.5883
374.649 23.2619
333.084 24.1205
395.968 23.2676
342.434 23.9125
366.591 24.1287
352.434 23.8573
346.369 23.4382
321.668 23.9774
353.815 24.0097
358.781 23.4292
288.066 24.0862
306.3 23.757
341.727 23.7315
314.669 23.9306
325.027 23.8335
324.423 23.3073
312.698 23.6389
330.576 23.2824
303.05 23.8677
294.958 23.399
305.051 23.6546
281.587 24.0428
260.996 23.8374
269.716 23.5628
273.318 23.4874
253.271 23.4216
299.896 23.6904
305.538 23.5816
346.686 23.91
390.287 23.7572
392.271 23.9674
378.382 23.5868
413.896 23.5488
414.204 24.1618
433.935 23.3964
418.389 24.0686
374.635 23.7737
353.363 24.0891
326.282 23.463
291.774 23.6055
349.671 23.7103
354.965 23.679
332.216 23.4298
318.504 23.1615
344.102 23.6226
354.4 23.7834
337.643 23.94
338.494 23.4536
307.285 23.5227
313.647 24.0687
294.722 23.8356
294.722 24.2129
351.302 24.2108
346.869 23.4563
356.604 24.1301
384.722 23.7431
335.132 23.6855
304.866 23.4733
351.048 23.9146
377.137 23.6538
332.643 23.8871
285.144 24.0054
281.229 23.7531
272.087 23.8977
283.087 23.6137
262.797 23.9719
284.482 24.1563
296.12 23.6573
324.734 23.8238
337.976 23.3374
284.916 23.5493
335.975 23.5969
295.287 23.8091
303.661 23.8292
319.095 24.91
320.36 23.8875
350.543 23.6672
303.475 23.8395
303.475 23.8767
323.805 23.6943
305.459 24.2692
297.582 23.3216
315.214 24.0361
318.772 23.9728
252.032 23.7953
274.492 23.5191
302.353 23.5375
311.944 23.2763
294.483 23.449
289.113 23.5047
316.292 23.499
311.533 24.0028
285.403 24.0131
290.186 23.5963
320.42 23.7679
284.994 23.6639
301.571 23.3346
290.177 23.8616
309.556 23.6765
274.636 24.0952
281.4 23.6715
271.065 23.4585
313.742 23.291
306.556 23.3884
320.952 23.6067
298.708 23.6151
293.882 23.5575
301.775 23.8126
293.682 23.5403
281.064 23.592
290.547 23.6669
333.175 23.5789
389.348 23.802
346.075 23.4293
339.362 23.5007
339.844 23.2117
293.307 23.8146
313.285 23.7813
310.46 23.8474
264.703 23.473
270.987 24.1412
237.365 23.5615
278.391 24.0203
296.976 23.8636
314.706 24.0322
316.681 24.1208
317.507 24.1667
339.415 23.9479
303.985 23.0625
290.488 23.4475
332.227 24.4312
356.888 23.8461
304.64 23.8588
327.432 24.002
316.204 23.7004
352.078 23.6007
394.234 23.6049
382.345 23.6139
375.433 23.6622
304.303 23.7984
291.175 23.3537
277.694 23.5527
315.019 23.2068
329.185 24.0618
327.77 23.656
328.035 23.3452
313.875 23.5139
329.74 23.3783
348.114 23.4017
338.11 23.3648
349.553 23.859
341.664 23.8679
329.723 23.4224
311.481 23.6631
309.102 23.3965
309.102 23.3428
277.596 23.833
304.139 23.3296
309.401 24.158
327.528 23.9013
333.269 24.0353
292.682 23.5737
301.642 23.8638
295.042 23.7671
285.799 23.763
257.108 23.5573
318.157 23.3782
318.157 23.797
316.834 24.0451
286.45 24.2361
309.202 24.1665
290.082 23.5266
307.64 24.5492
288.086 24.1612
278.479 23.7087
330.076 23.4453
326.568 24.0976
317.803 23.944
327.369 23.7932
323.802 23.48
347.836 23.7784
336.969 23.7703
334.885 23.7666
358.655 23.7525
361.41 23.7545
319.489 23.9091
320.524 23.988
317.267 23.9794
408.23 23.5993
362.607 23.9422
364.392 23.614
351.748 23.8585
373.777 23.771
339.579 23.4645
335.822 23.7546
315.522 23.6015
357.033 23.7022
330.021 23.4787
293.219 23.6751
311.184 23.6475
337.471 23.9392
389.927 23.5045
379.741 23.8703
359.013 23.4445
334.234 23.6378
336.714 23.3345
322.607 23.5138
264.893 23.6703
250.786 24.3603
242.22 24.0388
223.828 23.9509
235.33 23.5853
252.419 23.9129
264.795 23.8009
258.682 23.9503
258.682 23.6568
305.107 23.7689
328.86 23.9917
330.85 23.7234
312.681 23.7864
362.547 24.095
424.243 23.6976
424.281 23.3914
446.841 23.8012
372.251 23.8968
372.709 23.9545
393.128 24.2301
363.287 23.7025
364.246 23.4684
366.954 23.5877
387.294 23.8085
391.311 23.3936
383.906 23.7659
330.851 23.8195
324.014 24.3213
332.784 23.9057
326.79 23.6477
322.45 24.1074
354.779 23.6968
359.472 23.902
371.672 23.8061
390.482 23.8106
378.572 23.3965
354.641 23.5279
378.271 23.7709
371.537 23.7638
352.101 23.6899
363.074 23.3085
332.039 23.2742
322.675 23.3626
315.214 24.2595
358.621 24.0544
355.726 24.2693
367.427 23.9187
384.061 23.8518
381.285 23.3918
333.672 23.808
321.936 23.813
287.986 23.833
323.086 23.5495
294.361 23.7708
305.204 23.6514
314.782 23.7207
307.76 23.9962
295.61 23.8595
301.827 24.1218
309.415 24.0402
291.234 23.4034
280.822 23.6441
321.703 23.8418
328.192 23.5812
339.051 23.7423
340.86 23.9235
324.841 23.6567
331.42 23.7156
297.324 23.7592
325.142 23.635
341.189 23.8459
336.619 23.8232
312.662 23.6586
275.172 23.9247
270.648 23.9193
240.444 23.4089
265.359 23.5557
289.519 24.0262
271.391 23.9965
311.27 23.7329
292.185 23.4984
318.43 23.4491
296.377 23.3735
304.268 23.3943
316.481 23.5798
284.42 23.4853
294.278 23.741
302.366 23.7123
258.6 23.7914
256.377 23.882
250.149 23.4395
248.193 23.6037
259.862 23.1334
259.01 23.4649
259.01 23.5679
264.75 23.7213
264.055 23.339
270.715 23.8029
320.618 23.7524
328.851 23.7971
314.532 23.7413
365.29 23.8312
358.984 23.7293
322.057 23.9023
340.353 23.7484
330.692 24.1812
329.325 23.761
321.125 23.9338
369.563 23.7383
344.581 23.61
422.53 23.5287
382.773 23.5428
375.285 24.1151
379.23 23.2007
338.186 23.101
326.569 23.178
345.29 23.8141
345.29 23.7177
281.894 23.6544
309.856 23.8599
275.499 23.6734
294.021 23.5446
290.002 23.612
323.632 23.6473
313.855 23.2031
300.617 24.2124
289.693 24.0605
298.278 23.5897
310.237 23.217
340.325 23.4324
365.798 23.38
395.712 23.7464
323.016 23.9248
344.226 23.4962
304.395 23.3141
304.395 23.9714
316.315 23.5947
336.062 23.6426
332.098 23.4151
351.064 24.239
333.733 23.6488
305.512 23.981
311.173 23.8167
302.951 24.0254
318.574 23.7405
325.957 24.0765
329.087 23.6346
308.494 24.5375
310.445 23.1913
335.835 23.7585
314.145 23.4791
330.081 23.3453
324.783 23.5342
346.465 23.5485
286.117 23.7605
287.965 23.8204
293.641 24.2089
273.95 23.8364
275.791 23.8902
284.659 23.8112
270.24 23.4803
288.055 23.2322
325.941 23.1919
312.338 23.8721
343.84 23.6582
313.981 23.7415
314.135 23.8768
337.195 23.0294
332.287 24.1596
302.987 23.8202
302.679 23.6549
283.455 23.6684
333.029 23.4042
328.843 23.5499
351.434 24.234
349.767 23.9849
342.153 23.7258
333.635 24.0299
308.233 23.5607
318.309 23.8975
308.639 23.7621
355.842 23.1743
308.67 23.9527
318.187 23.8866
303.227 23.9241
311.98 23.3715
278.52 23.2675
278.52 23.0997
264.254 23.6429
269.222 23.6853
302.509 23.9287
312.57 23.7961
314.004 23.6171
326.048 24.1599
344.67 23.4341
337.213 23.5619
327.005 23.2561
321.012 23.5982
324.845 23.6512
310.659 23.8185
361.816 23.5981
355.856 23.9794
312.812 23.2877
281.854 23.7208
251.23 23.7046
290.786 23.868
280.333 23.3083
284.773 24.3629
280.297 24.2643
269.977 23.5149
272.485 24.0375
301.048 24.0951
330.494 23.6219
322.75 24.1674
302.464 23.4703
303.389 23.3972
305.851 23.3839
318.728 23.3944
319.326 23.6842
319.326 23.9981
295.782 23.9367
288.862 23.8105
331.227 23.7453
290.623 24.0671
310.008 24.1647
309.142 24.1267
316.544 23.8495
320.882 23.8153
297.706 23.8209
289.64 23.6203
306.037 23.2437
323.752 23.5848
271.883 23.7269
271.883 24.5134
242.933 23.6362
289.694 23.6051
325.214 23.4306
345.173 23.7559
354.495 24.2175
300.755 23.7333
323.679 23.5741
324.685 23.408
306.398 23.7164
344.808 23.5069
337.987 23.9162
345.44 23.9135
340.651 23.6691
319.625 23.6078
273.013 23.8153
258.576 23.825
258.576 23.6892
258.576 24.2523
258.576 23.6966
251.332 24.1099
322.512 24.1234
301.386 23.2912
321.661 23.8032
316.552 23.7115
353.765 23.6533
328.065 23.6984
322.66 24.3937
305.97 24.0363
316.034 23.6941
302.842 23.7375
286.673 23.1287
328.504 23.3697
336.652 23.3695
386.552 23.3466
396.161 23.52
403.206 23.9968
417.792 24.0833
451.821 23.8651
478.157 23.8696
378.865 23.8061
347.669 23.5373
337.938 23.5791
318.641 23.648
314.454 23.8687
314.454 23.5407
283.918 24.1425
305.425 23.8559
318.421 23.8921
347.741 23.8612
333.861 23.6944
286.99 23.5984
263.363 23.5927
251.945 23.5921
277.167 23.0724
294.78 23.4468
281.97 23.7009
281.774 23.5901
302.039 23.3883
298.277 23.4709
315.983 23.9154
330.665 23.8622
322.694 23.7759
295.661 23.8648
302.334 24.2164
305.48 23.4408
301.927 24.0829
296.502 23.874
331.316 23.8487
352.355 24.1584
342.111 23.7581
322.884 23.8365
352.511 23.4924
377.671 23.7449
365.212 24.0397
345.362 23.7497
348.327 23.7572
365.956 23.6544
402.763 23.2795
338.586 23.4046
336.982 23.6732
316.862 23.5811
342.079 23.8087
307.177 23.5125
293.879 24.0176
292.699 24.0118
247.772 23.6712
301.967 23.596
326.478 23.341
304.099 23.621
283.662 23.6695
300.951 23.8517
291.081 23.9665
293.608 23.7912
306.676 24.1491
310.215 24.1224
307.989 24.037
291.547 24.0665
294.867 23.186
304.044 23.5611
312.413 24.1319
336.788 23.7168
293.347 23.6869
310.849 23.1039
337.704 23.5004
355.993 23.5332
365.868 23.504
372.962 23.9007
384.44 24.0711
404.754 23.9687
361.197 23.7459
336.069 23.4655
330.289 23.4984
330.795 24.5095
317.524 23.6137
314.488 23.7504
324.623 23.3508
344.641 23.4229
374.924 23.7238
368.366 24.4346
357.803 23.6647
334.858 23.6242
326.251 23.3648
339.657 23.5044
289.884 23.723
305.048 23.8175
352.804 23.5489
347.746 23.445
324.319 23.3256
308.239 23.7943
313.976 23.7548
325.966 23.2125
319.057 23.3375
316.391 23.4476
336.34 23.794
333.53 23.9307
263.213 24.2169
298.646 24.0131
323.834 23.767
323.319 23.3938
314.259 23.5825
312.021 23.5855
324.529 23.9854
326.947 23.7215
300.458 23.6549
255.634 23.6397
269.184 23.9709
268.071 23.6943
275.554 23.7993
275.128 23.6817
326.169 23.6113
325.757 23.2065
356.904 24.1408
331.588 23.9349
334.632 23.4509
317.518 23.8173
339.944 23.8148
320.149 24.0462
379.959 23.8214
383.703 23.7027
371.097 23.5426
395.566 23.5274
337.134 23.6314
347.667 23.7094
357.245 23.636
327.214 23.516
320.142 23.9954
291.04 23.6784
316.051 24.2879
313.194 23.9753
313.57 23.9188
313.621 23.6058
320.155 24.0261
299.548 23.4703
296.434 23.5781
265.123 23.292
265.123 23.6404
324.61 23.475
373.447 23.8373
387.433 23.6374
379.412 23.6162
406.252 23.4054
399.148 24.0464
362.735 23.8929
380.975 23.5228
380.975 23.3835
397.746 23.7219
447.239 23.9758
447.239 23.8596
466.238 23.9434
429.292 23.9434
367.606 24.075
346.968 23.5958
348.055 23.7687
416.399 23.9746
406.228 23.8503
338.884 23.4336
352.046 23.0573
330.257 23.9136
360.617 23.786
337.384 23.5997
379.303 23.9063
434.937 23.6639
400.082 23.76
392.475 23.4089
389.213 23.596
365.716 24.1735
368.972 23.5349
342.46 23.9509
330.947 23.9652
331.759 23.7989
321.885 23.4247
335.959 23.6446
293.588 23.8467
312.473 23.9045
322.672 23.6894
350.555 23.7304
339.834 23.4792
339.834 23.9609
319.512 23.953
315.676 23.9323
313.944 23.3433
322.823 23.692
374.689 23.8521
345.92 23.8252
361.604 23.7644
330.686 23.9653
336.083 23.9958
321.529 23.5922
310.463 23.6761
317.164 23.7484
299.242 24.077
294.025 23.7462
324.993 23.7839
331.046 23.7561
315.753 23.7066
331.747 23.4329
343.733 23.5743
349.435 23.7377
329.11 24.501
327.429 23.6158
337.491 23.9224
343.391 23.9061
357.05 23.8629
342.584 23.3609
358.168 23.6505
315.795 23.4282
345.967 23.8734
303.313 23.4834
291.6 23.6875
328.576 23.4834
366.881 23.7846
378.867 23.4792
375.149 23.694
359.657 23.9547
375.535 23.6641
368.761 23.6941
292.708 23.9443
294.538 24.2313
315.54 23.9748
335.385 24.0374
344.311 23.5755
317.989 23.7273
330.79 24.0292
326.294 23.7189
323.964 24.1516
354.107 23.4679
313.02 23.7306
302.389 23.4248
317.353 23.2034
332.592 23.5729
311.361 23.3793
271.123 23.7252
305.797 24.2229
319.677 23.5757
323.512 23.5235
361.382 23.5121
363.725 23.7364
326.14 23.7424
347.634 23.6943
296.549 23.5684
269.671 23.5536
293.692 23.5057
306.55 23.4486
295.313 23.5304
271.386 23.3913
289.942 23.73
302.685 23.6368
306.38 23.812
278.322 23.6905
305.498 24.3745
288.194 23.607
341.525 23.7084
354.663 23.7231
354.41 23.9269
355.945 23.6768
327.201 23.6136
336.274 23.7067
330.042 23.6476
355.94 23.5282
324.603 23.4367
324.814 23.5279
335.085 23.8244
338.811 23.6207
307.024 23.7408
316.623 24.1701
310.034 23.8051
318.614 23.9093
289.993 23.8098
293.463 23.3546
313.463 23.4458
349.643 23.6307
320.853 23.4617
299.308 23.6707
317.101 23.8493
247.015 23.6742
279.514 23.7265
260.54 23.7246
319.396 23.8625
303.923 23.9885
327.567 23.6403
336.655 23.5902
325.483 23.9534
332.268 24.1369
323.352 23.8085
317.15 23.6611
316.595 23.5079
317.162 23.8952
328.918 24.1683
348.068 23.4981
340.923 23.8705
364.338 24.401
304.539 23.8206
363.16 23.6656
370.124 23.4364
350.139 23.6422
334.918 23.9035
339.392 24.1001
413.679 23.0609
405.492 23.4554
403.796 23.5965
444.721 23.7979
472.726 23.7302
426.722 23.4347
386.722 23.3835
393.421 23.632
290.589 23.6941
318.932 23.6323
318.539 23.8833
271.282 24.1488
272.151 23.7988
274.161 24.1683
277.442 23.7794
277.874 23.6469
257.762 23.6658
273.199 23.9179
279.749 23.5932
290.871 23.9983
315.912 23.4762
297.846 23.7116
298.417 23.3203
316.759 23.5733
347.558 23.4574
340.301 23.4701
320.008 24.0563
325.915 23.7365
313.302 23.3242
290.348 23.5241
293.385 23.5422
333.04 23.0433
331.051 23.1485
347.929 23.8997
340.974 23.7655
343.842 23.8218
338.255 23.9424
315.935 23.6408
270.505 23.9536
258.77 23.7052
295.3 23.6519
312.237 23.6927
285.167 24.1299
292.113 23.8969
326.942 23.9331
360.238 23.6956
352.287 24.0001
319.789 23.8643
310.978 23.6805
242.815 23.8182
273.325 23.9745
264.396 24.0535
249.314 23.6356
234.402 23.2542
284.271 23.5987
274.008 24.0458
274.008 23.3686
300.997 23.5335
313.473 23.2826
327.84 23.7227
317.269 23.5933
339.799 24.458
356.135 23.3037
367.547 23.8113
348.795 23.6995
351.815 23.517
360.432 23.6388
310.547 23.6285
329.431 23.5503
311.369 23.5695
314.185 23.6118
284.258 23.4141
303.214 23.663
290.44 23.5723
251.16 24.0466
295.829 23.5895
361.012 23.9118
307.979 23.6018
271.828 23.2686
237.693 24.1334
231.074 23.9626
258.281 23.9215
290.435 23.9812
319.266 23.8696
299.808 23.897
299.808 24.1077
291.478 23.7884
303.124 23.454
293.897 23.7488
306.893 23.8604
293.734 23.5843
275.178 23.3109
263 23.2984
272.016 23.5567
280.376 23.6536
312.527 23.6288
348.713 23.6752
334.595 23.7931
347.576 24.0441
360.064 23.6857
316.146 23.3256
326.724 23.5585
336.825 23.608
373.292 23.9899
344.661 23.7266
363.955 24.0074
340.735 23.7018
357.289 23.7071
359.923 23.3982
373.523 23.7611
329.839 23.9857
311.85 23.8741
299.597 24.1181
329.207 23.6596
334.329 23.7375
324.488 23.7156
335.103 24.14
369.836 23.8533
379.161 23.4699
390.387 24.2547
338.452 23.4654
313.878 23.658
315.426 23.2422
296.023 24.1722
290.12 23.6304
290.89 23.4196
346.243 23.6964
330.731 23.6207
319.994 23.8676
278.599 23.5286
321.286 23.661
359.173 23.368
375.11 23.9148
362.988 23.7367
347.079 23.8172
373.126 23.8032
352.56 23.9384
370.25 23.8966
356.93 24.1156
344.366 23.4598
320.69 23.6513
315.379 23.5203
338.809 23.3218
329.563 23.5237
366.294 23.5658
380.942 23.818
370.89 23.9493
354.852 23.7479
311.998 24.0485
322.259 23.7329
338.768 23.1828
349.503 24.0327
342.171 23.7858
374.436 23.7681
373.201 23.853
379.008 23.6528
395.279 23.6333
399.293 23.7376
353.965 23.9099
342.877 23.2619
363.681 23.5791
363.681 23.3524
326.97 23.3284
352.621 23.7542
352.621 23.8028
394.084 23.5525
394.084 23.563
407.934 24.0485
350.086 23.8834
350.086 23.8024
374.303 23.9976
374.303 23.4526
331.351 23.7379
348.898 23.7985
331.226 24.1633
298.203 23.6247
302.144 23.4421
366.331 23.4039
359.911 23.6524
336.989 23.922
340.151 23.5796
304.581 23.6732
338.382 23.8929
352.717 23.8649
362.839 23.5554
379.109 23.7385
375.622 24.0589
324.218 23.5553
328.312 23.6567
334.942 23.9008
365.255 23.7462
289.821 23.7643
300.12 24.1104
289.917 23.8511
312.259 24.1549
334.441 24.0802
327.737 23.7506
355.825 23.9162
333.175 23.7143
353.987 23.7238
393.956 23.7102
369.467 23.8269
375.81 23.791
420.904 23.7976
390.94 23.885
397.155 23.7745
401.585 23.4482
395.142 23.7303
401.464 23.5203
355.611 23.3045
353.112 23.4868
355.482 24.3224
375.918 23.6915
363.508 23.3658
352.16 23.5662
353.352 23.9249
365.653 24.4286
370.254 23.9729
342.359 23.6671
364.627 23.8812
346.579 23.623
332.126 24.1255
350.045 24.2338
347.246 23.7071
315.062 23.5098
326.373 23.7266
321.313 23.6112
303.921 23.7414
346.772 23.521
339.623 23.3382
311.049 24.0925
278.179 23.8331
353.818 23.3379
306.865 24.0216
330.731 23.8535
320.832 23.3013
321.409 23.3431
333.949 23.639
335.995 23.6763
348.122 23.6558
350.185 23.803
313.319 23.8217
352.82 23.6521
312.628 23.6322
329.779 23.6673
326.075 23.2647
302.365 23.7813
307.771 23.4304
316.26 23.4735
307.268 23.9048
326.872 23.8422
307.488 23.9866
391.031 24.0119
383.683 23.8927
363.228 23.7936
358.261 23.8289
355.41 24.0177
355.41 24.0161
371.942 24.0121
367.652 24.1839
378.129 23.6485
377.86 23.7282
337.416 23.8262
330.154 23.4024
314.063 23.6365
290.024 23.7273
286.687 23.6726
249.31 23.9424
249.143 23.7196
262.684 23.7709
273.43 23.7835
252.167 23.6252
270.075 23.9141
283.315 24.1776
280.526 23.6264
242.57 23.9457
275.848 24.0944
251.89 23.8859
251.89 23.665
289.95 23.5634
320.958 23.8577
338.159 24.2277
301.346 24.122
290.832 24.1654
306.862 23.7662
281.438 23.0773
317.824 23.2092
315.376 24.033
315.036 23.9321
289.35 23.6579
317.95 23.3411
329.625 23.6205
317.163 23.7207
331.596 23.843
334.657 23.5032
316.942 23.7122
298.258 23.7871
298.154 23.8403
297.65 24.1475
309.064 23.6136
310.965 23.084
314.715 23.6375
328.048 23.7136
299.652 23.8088
283.225 23.6954
309.957 23.6962
319.863 23.7866
344.772 24.424
302.226 23.6502
294.736 23.5472
304.054 24.3
301.448 23.4771
316.903 23.7485
315.608 24.2284
305.555 23.7913
313.23 24.0598
278.93 23.5649
322.555 23.9184
318.743 24.0282
342.491 24.041
327.826 23.4809
304.705 23.7142
300.631 23.9122
324.042 23.5097
381.154 24.2056
327.702 23.5744
292.492 23.7601
354.248 23.1726
340.974 23.9481
326.538 23.7849
365.495 23.2682
370.356 23.5977
362.697 23.9877
329.645 23.6588
323.344 23.4126
299.022 24.1264
302.81 23.8981
302.81 23.6713
312.307 24.2358
282.193 23.7833
283.17 23.7984
303.213 24.1528
307.305 24.0303
291.399 23.7371
281.54 23.7011
309.851 23.3809
321.123 23.5816
330.986 23.4897
332.868 23.5008
333.696 23.6709
316.778 23.68
298.143 23.6935
302.005 23.7371
311.846 23.6246
313.158 24.1399
251.855 24.0477
250.035 23.7277
294.303 23.9932
276.561 23.6103
274.573 23.7457
273.85 23.2805
274.756 24.3126
301.498 23.7268
293.379 23.6177
317.3 23.5812
294.092 23.7362
308.428 23.8236
314.339 23.5914
302.078 23.8445
297.741 23.6686
323.234 23.5425
299.95 23.9232
302.175 23.9018
307.05 23.8919
290.447 23.9374
316.753 23.6788
303.825 23.968
329.174 23.7761
371.804 23.7539
371.804 23.4866
404.248 23.5919
327.523 23.6236
292.757 23.2722
286.285 23.8416
298.035 24.1142
355.547 23.8318
374.443 23.9064
359.204 23.7645
355.118 23.5644
353.61 23.471
328.893 23.8001
353.917 23.2496
354.149 23.5807
335.67 23.52
320.649 23.3436
329.218 23.69
302.922 23.8987
295.997 23.7812
286.465 23.949
310.131 23.8258
327.598 23.6206
327.83 23.8217
332.767 23.8089
338.775 23.592
359.901 23.9456
357.258 23.6965
331.564 23.5201
326.283 23.2185
348.062 23.5608
361.372 23.6377
322.214 23.6711
301.756 23.6222
316.593 23.6118
302.993 23.8039
301.982 23.62
314.361 24.2066
303.021 24.2387
322.743 23.0104
323.381 23.8793
326.721 23.8621
315.431 24.3972
316.344 23.8772
316.344 23.6873
309.332 23.7539
308.111 23.8512
327.292 24.1192
335.589 23.7219
330.529 23.781
304.295 23.6261
284.852 23.505
324.622 23.9792
316.065 24.3417
332.354 23.3665
301.156 24.0124
275.034 23.6366
254.616 23.6935
294.565 23.6278
282.698 23.9048
301.722 23.9433
331.485 23.4836
355.634 23.6834
331.892 23.7386
309.349 23.8093
303.097 23.6025
284.11 23.6252
293.282 23.5894
274.569 23.5703
254.695 23.6304
226.455 23.6301
266.048 23.6365
266.048 23.7196
268.552 23.8578
311.99 23.2929
322.546 23.7689
338.164 23.5786
314.166 23.3968
312.148 23.8738
311.418 23.7603
292.192 23.7504
316.566 23.0968
352.701 23.5365
362.308 23.8022
382.738 23.9249
384.217 23.3989
389.751 24.1408
367.154 24.1135
390.456 23.839
399.699 23.9153
362.703 23.9257
360.328 23.5525
338.483 23.4712
364.199 23.472
381.416 23.5275
361.837 23.4745
322.757 23.5572
312.991 23.8375
309.81 23.8825
312.432 23.752
311.753 23.4642
279.993 23.4398
300.34 23.6672
299.169 23.9706
322.084 24.0631
295.482 24.0634
251.128 23.737
293.813 23.2484
321.457 24.2978
309.584 23.5832
320.563 23.3299
332.313 23.6172
333.146 23.3804
321.349 23.8162
291.468 23.7488
266.83 23.906
279.445 23.855
283.518 23.731
260.168 24.0149
276.919 22.8922
271.516 24.3717
282.289 23.7207
317.352 24.2384
316.2 23.8291
281.079 23.6883
283.181 23.5365
284.404 24.0444
321.407 24.1933
340.214 24.083
290.878 23.68
325.219 23.8303
325.219 23.8737
377.013 24.3541
372.533 24.1784
373.416 23.5186
375.875 23.4765
370.984 23.3032
368.299 23.6037
397.286 23.8057
401.72 23.4956
383.614 23.6746
391.207 23.789
370.532 23.3764
368.668 23.7857
363.548 23.2701
357.793 24.0147
368.367 23.6513
396.309 23.7553
376.54 23.2033
361.086 23.7689
338.74 23.7153
339.289 24.3146
370.592 23.6298
364.766 23.7216
332.223 23.9721
334.591 23.8864
408.809 23.5186
377.671 23.8646
355.158 23.859
293.12 23.9602
357.117 23.6225
325.06 23.6988
320.927 23.8689
304.957 23.8909
304.649 23.8639
288.242 24.0066
293.84 24.0119
304.884 23.4585
310.918 24.1343
302.561 23.7894
258.931 23.7401
315.23 23.4495
343.473 23.6116
333.217 23.7369
339.742 23.5412
329.793 23.464
361.46 23.7403
359.791 23.313
368.917 24.2365
345.471 23.7102
360.049 23.6747
379.28 23.8895
360.8 24.0309
362.103 23.3117
332.887 23.2449
305.056 23.7751
326.066 23.8019
329.574 23.6744
274.13 24.2715
250.771 24.0084
254.98 23.8128
274.626 23.9619
310.24 23.6735
318.246 23.7081
315.84 23.6879
337.155 23.4409
345.354 23.542
363.824 23.5731
365.33 23.6855
357.326 23.7948
362.101 23.9959
340.972 23.7179
371.437 23.4525
389.727 23.5747
319.55 23.6415
316.864 23.9672
358.194 23.5735
351.005 23.9047
303.642 24.2031
317.472 23.7289
310.344 23.4284
308.088 23.558
310.25 23.6297
356.332 23.6103
340.26 23.271
335.31 24.018
329.974 23.7653
342.865 23.4537
324.971 23.5898
324.921 23.946
295.809 24.0019
298.144 24.1716
309.669 23.8944
310.765 23.7578
318.696 23.7049
365.592 23.6776
365.592 23.3496
359.541 23.6065
345.92 23.8539
332.883 23.8827
310.406 23.2974
302.115 23.8217
343.674 23.7614
307.078 23.81
331.221 23.6083
292.581 23.4618
335.435 23.3567
339.603 23.5231
345 23.9048
332.245 24.1404
343.142 23.792
351.218 23.4217
343.506 23.6997
332.572 23.8152
370.354 23.8265
313.233 23.8874
282.257 24.3151
278.161 24.1637
328.612 23.7275
318.681 23.7625
326.417 23.7598
308.721 23.7737
298.637 23.7391
298.402 23.7405
317.059 23.7966
301.433 24.1015
282.892 23.7903
303.219 23.7359
276.903 23.6633
267.023 23.663
269.846 23.9215
310.904 23.6744
357.917 22.9442
364.087 23.3146
314.152 23.3891
326.062 24.1706
326.087 24.1294
346.927 24.0167
366.724 23.7996
306.218 24.0394
317.216 24.2354
305.877 23.4587
325.752 23.1639
308.883 23.9256
321.046 23.5771
323.106 24.1715
325.796 23.368
321.036 23.7428
348.347 23.7704
305.372 23.7529
312.526 23.9202
313.936 23.58
310.603 23.8693
319.635 23.6144
302.202 23.6205
297.572 23.4483
313.936 23.648
285 23.83
309.371 23.5013
294.494 23.5417
254.448 23.7249
254.83 23.9863
273.816 24.0345
285.601 24.0573
303.561 23.3805
291.041 23.7266
291.041 23.6004
275.125 24.2659
222.88 23.6723
231.614 24.3212
253.355 24.0538
278.521 23.2923
278.521 23.9736
293.875 24.2655
266.092 23.7833
275.396 23.4845
308.607 23.8341
332.823 23.8527
355.188 23.7498
377.707 23.8001
378.23 23.7594
311.946 23.7137
297.378 23.6293
316.82 23.8565
306.874 23.7335
290.058 23.5586
283.857 23.6468
331.537 23.6838
328.827 23.6537
303.593 24.1684
313.631 24.3115
335.515 23.4764
308.471 23.6939
282.004 23.259
281.547 23.8868
272.964 23.3224
233.798 23.8434
251.851 24.1487
254.41 23.5224
266.547 23.7776
287.496 23.7953
309.373 23.2936
286.286 23.9441
308.557 23.3982
275.578 23.6195
272.967 23.6498
282.846 23.6576
270.657 24.1664
272.162 23.9556
272.162 23.9048
304.993 24.1063
335.345 23.5537
290.21 23.5928
327.503 23.7076
320.2 23.9473
310.427 23.3573
346.424 23.686
321.378 23.4144
356.838 23.916
365.526 23.1681
352.413 23.5097
400.673 23.599
380.567 23.8353
366.897 23.4322
321.539 23.7002
322.759 23.8093
277.778 23.4357
300.512 24.0075
301.502 23.4554
302.483 23.8227
319.81 23.7668
308.789 23.7563
287.181 23.9753
308.584 23.4706
291.958 23.5136
267.084 23.9511
265.758 23.4762
262.456 23.9513
277.285 23.8246
309.108 23.8398
308.449 23.71
303.153 23.6937
293.916 23.7352
295.629 23.7011
285.442 23.6155
300.516 23.502
312.822 23.78
319.603 23.4381
351.498 23.6224
344.242 24.2007
332.236 23.1226
327.51 23.8965
300.649 23.2624
297.714 23.6222
279.561 23.4036
298.21 23.732
296.185 23.937
313.972 23.8201
318.435 23.4787
317.924 23.7479
313.303 23.9455
335.685 23.9135
348.971 23.7087
325.85 23.4555
358.884 23.7855
361.595 24.0107
354.113 23.916
328.715 23.4851
343.632 23.7594
315.435 23.8969
329.811 23.8196
352.472 24.1005
304.419 23.8401
304.833 23.2325
301.697 23.6513
342.088 23.8384
356.976 23.8186
278.97 23.5617
278.97 24.1232
272.32 23.9711
283.829 23.8973
282.143 22.8679
282.494 23.3664
306.997 23.4761
351.142 23.4924
419.545 23.7649
388.519 23.6568
395.332 23.3539
339.722 23.5335
358.742 24.0486
387.259 24.1341
309.024 24.0806
315.942 24.1161
315.942 24.2584
354.834 23.1549
320.458 23.8746
325.632 23.4006
311.539 23.6416
291.617 23.6262
307.997 23.6542
332.309 24.0119
277.457 24.0645
301.525 23.7584
322.356 23.6441
316.647 24.181
318.167 23.5421
324.25 24.0161
321.873 23.5657
321.184 23.9737
337.264 24.3884
339.433 23.7971
348.113 23.9925
359.488 23.4378
361.89 23.4376
347.904 23.495
366.446 23.6133
370.389 23.5417
377.99 23.7336
337.402 23.5721
360.28 23.5451
389.12 23.3218
341.604 23.4996
350.812 23.5545
322.609 23.8917
333.912 24.0237
348.576 23.4128
374.343 23.5673
371.282 24.197
361.588 24.1992
395.811 23.795
368.237 23.555
403.029 23.5959
372.203 23.9525
327.527 23.2664
315.355 23.2669
297.459 23.5435
317.755 23.5898
316.191 23.723
345.531 23.2134
351.577 23.7443
330.05 24.0055
321.823 24.0063
319.941 24.1014
309.384 23.7389
298.164 23.3258
285.299 23.7456
273.733 23.652
273.432 23.4198
278.256 24.1684
298.198 24.3058
287.509 24.3638
291.112 23.8099
271.5 23.4398
268.821 23.4293
269.843 23.9572
295.509 24.0534
306.159 24.0629
301.625 23.6227
304.267 24.0525
301.837 23.6823
320.492 23.6227
317.621 23.4668
286.047 23.4098
288.923 23.2017
297.035 23.556
307.314 23.5984
311.464 23.7476
273.302 23.8211
324.227 24.0386
318.7 23.8967
343.054 24.2253
286.516 23.8826
312.038 24.1022
312.836 23.2
378.107 23.7001
363.825 23.8303
437.059 23.7868
437.535 23.7784
424.535 24.1877
382.058 24.1272
388.467 24.1356
388.467 23.9621
321.96 23.8241
309.147 24.2586
352.625 23.9337
294.804 23.5861
322.027 23.4833
336.051 23.9873
322.371 23.6395
330.861 23.718
323.436 23.8232
348.619 24.1733
349.833 23.6383
349.853 23.9474
345.127 23.8182
345.127 23.1936
373.667 23.5642
348.583 24.1285
322.547 24.1566
340.843 24.0537
342.341 23.7555
324.945 23.6487
332.816 23.5926
389.456 24.0035
408.292 23.4238
384.486 24.451
406.952 23.9409
422.949 24.0697
409.986 23.6953
391.706 23.8698
362.635 23.6469
292.11 23.5716
284.141 23.6212
263.475 23.6478
312.721 23.9129
297.758 23.3246
301.561 23.959
310.228 23.7935
321.256 23.7139
307.04 23.7652
316.473 23.9225
319.29 23.8046
332.404 23.601
344.943 23.5607
336.078 24.2612
328.085 23.1767
293.437 23.9245
299.98 23.4675
352.442 23.4442
373.62 23.8644
370.679 23.8314
336.434 23.871
344.052 23.7342
345.177 23.546
324.491 23.7626
284.271 24.0262
280.389 23.6645
289.365 23.8164
306.264 23.7138
277.391 23.6137
297.603 23.6649
291.416 23.8552
317.098 23.6494
340.978 23.7493
332.691 23.7582
329.593 23.7939
345.454 23.7939
340.298 23.5254
355.297 23.3063
329.082 23.9639
308.871 23.817
310.624 23.8848
336.94 23.4951
305.354 23.9513
287.398 23.5679
268.746 23.9981
299.297 23.6242
250.795 23.786
262.473 23.5226
277.862 23.7979
303.1 23.5789
346.182 24.3082
318.221 24.1918
330.38 23.8784
301.767 23.67
306.565 23.7892
305.579 23.3007
275.086 23.9752
282.854 24.0599
342.655 24.0122
317.401 23.3989
270.724 24.0391
304.478 23.9064
347.775 24.1785
372.836 23.6724
334.065 23.452
341.372 23.6925
341.7 23.8609
333.504 23.7952
312.967 23.7199
305.391 23.2969
319.576 23.6492
327.482 23.717
306.897 24.3927
328.772 24.2142
324.01 23.9934
268.582 24.0273
325.357 23.4323
312.606 23.5102
320.326 24.0696
337.373 23.9585
312.266 23.4641
308.085 23.5466
313.531 24.0268
314.925 23.3269
316.538 23.5644
324.675 24.0885
305.952 23.7348
273.028 23.3686
307.694 23.7923
338.681 23.8528
328.786 23.9183
337.076 23.873
301.461 23.4505
282.86 23.6297
262.069 23.4898
294.95 23.4052
302.971 24.022
291.05 23.8488
294.437 23.9756
273.531 23.495
322.888 24.0737
293.712 23.8425
282.446 23.1813
269.011 23.7099
302.004 23.8286
308.71 23.716
278.519 23.5034
303.753 24.3404
323.402 23.9793
321.558 23.8459
336.04 23.7643
330.369 23.6826
324.995 24.1822
314.627 23.6945
344.5 23.3499
356.431 23.5296
338.683 23.2638
331.015 23.9003
344.237 24.0374
322.325 23.757
320.217 24.0582
359.204 23.9748
349.838 23.364
354.098 23.8068
365.187 23.5066
342.265 23.6464
344.048 23.7752
343.919 23.9335
305.273 23.9384
300.799 24.0904
300.799 23.6509
323.687 23.59
318.893 23.7981
337.898 24.2456
353.24 24.1287
352.159 23.4374
347.265 23.4441
335.121 23.3812
343.75 23.7519
368.202 23.7656
365.692 23.7008
352.183 23.156
334.912 24.0388
344.588 24.1286
374.732 23.9473
378.22 23.5257
330.132 23.3516
327.949 23.6386
328.442 23.9439
347.249 24.0271
359.263 23.4741
334.954 23.6794
323.458 23.8133
318.024 23.7619
343.586 24.2884
339.608 24.4747
373.416 24.0025
316.878 24.1012
339.624 23.9839
337.813 23.8632
336.067 23.5613
355.776 23.6979
381.881 24.206
350.659 23.3706
344.936 24.175
324.85 23.5105
289.87 23.9016
265.972 24.0042
286.688 23.6086
286.444 23.7733
284.718 24.3758
279.516 23.6729
316.583 24.0405
277.556 23.8876
274.561 23.4093
301.919 24.2693
314.098 23.5654
352.254 23.4649
281.28 23.6492
333.662 24.0656
323.48 23.7306
310.549 23.551
289.966 23.739
289.966 23.9557
276.189 23.4276
298.884 23.5468
342.334 24.0026
356.25 23.2463
340.96 23.1608
296.579 22.993
311.954 23.6015
321.262 23.7942
284.144 23.93
359.873 23.3839
385.893 23.43
363.197 23.7575
404.756 24.1541
363.492 24.2784
327.269 24.2445
342.789 23.7394
350.569 23.9223
348.039 23.9495
329.4 24.074
342.926 24.1547
378.286 23.9109
356.43 23.8631
345.423 23.9056
365.367 23.8416
337.684 24.0039
312.228 23.8381
316.05 23.6864
283.413 23.8933
282.239 23.7423
275.586 24.3161
271.2 23.6894
254.889 24.0943
246.73 23.5327
287.613 23.7485
267.067 23.9377
315.908 23.2812
315.871 23.2738
329.639 23.5076
339.964 23.5961
351.935 23.5386
347.098 23.9133
328.253 23.7765
304.592 23.6635
330.789 23.679
377.84 23.6712
368.004 23.9912
364.827 23.7321
361.125 23.3356
325.202 23.4676
364.441 23.7978
337.406 23.7057
369.858 23.465
352.418 23.717
331.874 23.7866
354.145 24.0287
376.362 23.7928
348.67 24.0021
343.936 24.0221
385.285 23.8952
352.265 24.17
377.823 23.6102
351.762 24.0981
298.334 24.0746
283.773 23.3847
294.011 24.4839
276.955 23.5234
256.187 23.8616
263.262 23.5625
277.622 23.2363
287.73 23.5609
277.065 23.9369
339.609 23.545
308.661 23.7862
321.638 23.8794
326.548 23.8498
322.152 23.9273
323.617 23.4768
310.65 23.4567
269.167 23.2651
257.186 23.5411
270.004 23.9501
276.156 23.649
317.661 24.0259
348.299 24.0687
321.639 23.847
339.009 23.7153
338.153 23.9746
338 23.7815
352.086 23.4463
331.5 23.7244
339.285 23.9152
328.49 24.0182
313.302 23.1834
392.135 24.1209
370.356 23.1784
383.161 23.7853
430.704 23.4761
432.121 23.5201
386.825 23.7931
384.688 23.8505
381.253 23.5804
375.146 23.5895
399.04 23.7807
378.921 23.7868
373.535 23.9234
348.434 23.8288
343.457 23.2896
379.217 23.1653
371.081 23.9415
358.616 23.7681
302.203 23.92
308.629 23.5935
238.562 23.7228
357.093 23.9787
366.156 23.7817
354.834 24.1201
360.399 23.535
352.151 23.6859
327.053 23.7105
306.063 23.7105
292.791 24.0055
276.675 23.5627
283.428 24.3042
252.404 24.2681
252.404 24.1262
231.407 23.9711
266.39 23.7541
244.88 23.4841
283.962 23.7298
278.677 23.5032
258.801 23.6576
270.644 23.7799
302.237 23.8725
304.194 23.5126
335.476 23.9243
323.149 23.9569
326.776 23.6076
322.852 24.4815
319.814 23.4629
326.497 24.1268
258.608 24.0324
292.043 23.6893
311.147 23.4721
274.6 23.8015
309.127 23.5206
310.439 24.0624
310.334 23.533
343.494 23.6035
349.764 23.9487
358.165 23.6548
307.018 23.6489
317.602 23.402
304.086 23.6202
302.503 23.3403
293.18 23.2006
307.7 23.528
299.473 23.8484
323.758 23.5352
315.335 23.7124
307.666 23.7926
309.471 23.8508
312.858 23.0638
309.92 23.8337
309.935 23.0682
309.935 23.8867
309.924 23.6426
307.841 23.7462
312.619 23.298
306.951 23.4356
309.661 23.7112
325.382 23.5611
311.216 23.4954
311.704 23.7251
326.08 23.2728
386.238 23.6116
367.53 23.7387
332.623 23.4883
326.88 23.537
377.187 24.0532
368.29 23.5913
368.29 23.7361
388.169 24.2064
393.688 23.9101
373.529 23.8404
341.932 23.852
354.223 23.4816
325.882 23.9754
325.12 24.2715
313.13 23.6163
310.757 23.6481
302.671 23.4837
295.982 23.7164
274.583 24.0117
291.007 23.466
286.388 23.4544
320.444 23.5418
327.653 23.5093
317.835 23.6227
313.884 23.444
322.88 23.3713
282.916 23.979
303.265 23.7276
316.19 23.8369
308.517 23.8271
327.656 23.7466
306.384 23.7488
334.467 23.7201
294.612 24.0582
284.896 23.5185
283.81 23.8815
301.313 23.7683
291.172 23.1822
277.113 23.9002
286.011 23.8175
335.279 23.8237
335.507 23.8728
345.861 23.7384
324.718 23.5355
333.466 23.4681
349.55 23.6256
355.109 23.5658
336.294 23.2945
321.958 24.0322
275.013 23.984
304.434 23.6952
330.904 24.0525
309.829 23.3638
282.612 23.2352
307.6 23.8147
324.329 23.8119
313.047 23.551
308.055 23.4005
339.455 23.195
359.557 23.7316
370.779 23.5892
351.711 23.6025
340.703 23.3887
338.732 23.6428
337.909 23.8686
329.74 24.1661
311.624 23.6348
321.214 23.6793
323.186 23.424
405.636 23.9686
336.801 23.9972
314.665 23.7053
276.103 24.0163
307.229 23.5681
294.22 23.4274
293.428 24.1749
318.57 23.7025
325.084 23.5568
322.131 23.4653
340.269 24.0182
316.109 23.6458
312.691 23.2536
261.844 23.5695
274.98 24.2381
302.163 24.0571
297.588 23.4984
299.667 23.7096
343.142 23.4316
343.812 24.1212
343.812 24.0157
323.937 23.7774
349.773 23.7882
314.057 23.9924
334.047 23.8286
349.314 23.8611
356.046 24.224
252.864 23.7304
250.05 23.99
261.138 23.7603
261.138 23.2339
264.737 23.7346
309.746 23.6837
293.42 23.808
277.24 23.9429
303.41 23.5405
329.733 23.4073
324.934 23.8508
348.711 23.5896
343.419 23.5344
315.719 23.4193
306.927 23.5782
286.659 23.2595
290.482 23.506
293.835 23.8367
298.631 23.8527
314.843 23.8609
351.41 23.8047
341.299 23.8037
355.203 23.6807
384.234 23.7961
385.456 23.6673
365.894 23.3009
351.732 23.3513
368.366 23.2688
332.385 23.6091
323.499 23.4122
305.028 23.8492
289.802 23.8774
289.287 23.8975
287.625 23.9363
287.164 23.8286
292.883 23.7712
277.662 24.0647
320.772 23.9214
351.383 23.8112
332.709 23.9963
351.503 23.7055
341.763 23.8784
344.155 23.8706
345.58 23.7581
398.098 23.4952
398.098 23.8342
352.921 23.4858
373.924 24.0177
365.47 24.1799
377.486 23.9614
372.824 23.1669
367.889 23.6045
352.951 23.6173
342.898 23.3704
340.253 23.3332
349.591 23.3799
409.448 23.4979
404.601 23.485
412.261 23.8549
356.718 23.785
344.679 23.7367
333.913 23.4119
350.854 23.6906
322.006 23.2076
318.711 23.6427
314.096 23.9788
319.546 24.0474
335.757 23.8421
309.67 23.5828
294.335 23.2912
327.111 23.3722
316.206 23.9891
337.665 24.0877
342.732 23.8974
353.345 23.5712
318.026 24.0047
320.933 23.8523
333.266 23.6167
303.877 23.6097
288.881 23.3834
267.907 23.4266
282.404 23.6957
307.51 23.7795
391.821 23.9638
421.683 24.24
404.222 23.3301
412.909 23.6512
394.115 23.6818
363.519 23.3461
366.449 23.8869
366.038 23.4286
358.429 23.4398
334.511 23.4663
337.724 23.9139
326.174 23.7857
379.933 24.0164
371.617 24.1843
343.131 24.0206
358.571 23.7598
355.803 23.7181
357.879 23.7528
323.102 23.8179
352.393 24.071
345.272 24.0167
349.902 24.0784
325.013 23.4093
356.508 23.7816
338.314 23.8495
310.115 23.8298
300.784 24.2801
314.106 23.5063
336.548 23.7867
315.957 23.6636
299.863 23.7655
309.922 23.9535
339.91 23.9034
335.594 23.8072
354.804 23.7957
355.019 23.6053
354.132 23.5748
354.064 23.7556
351.086 23.9041
351.576 23.6051
351.898 23.4937
341.873 23.8222
314.613 23.6497
338.241 23.6422
341.744 23.9617
342.338 23.4733
376.88 23.4084
423.657 24.1067
386.574 23.5013
351.932 23.6061
315.916 23.8148
272.463 23.6376
265.716 23.7498
265.716 23.5
274.856 23.4157
274.856 23.8404
289.186 23.922
298.258 23.9205
279.095 23.7989
335.108 24.2401
357.001 24.197
362.785 24.2044
336.422 23.2027
330.739 23.3713
336.275 23.7759
350.552 23.8417
316.703 23.6211
339.135 23.5914
355.723 23.6644
367.684 23.6635
311.321 23.7887
307.663 23.7368
336.617 23.7047
344.788 23.4735
301.161 23.2556
293.436 23.6453
285.578 23.6059
311.968 23.5953
300.277 24.0201
323.352 23.69
320.867 23.1763
336.521 23.8563
342.042 23.6371
309.79 23.8331
306.454 23.6828
318.324 23.0607
343.668 23.498
339.333 23.4541
354.724 23.4832
347.837 23.5459
321.145 23.627
302.033 23.7195
288.845 23.7668
293.259 23.7408
321.819 24.0308
382.703 23.707
429.281 23.8982
417.529 23.45
419.262 24.0497
400.875 23.5295
369.266 23.8435
356.152 23.9179
333.295 23.8083
333.436 24.1289
354.19 23.7169
361.464 23.6611
336.646 23.5384
334.564 23.4384
304.16 23.9045
288.784 23.676
274.715 23.8561
273.401 23.7394
241.11 23.6915
284.391 23.2648
301.46 23.9138
303.877 23.5566
270.716 23.7725
283.712 23.7072
278.983 23.6419
286.158 23.9812
353.302 23.3168
334.088 24.0875
330.752 23.9373
327.402 23.6566
318.11 24.2124
293.049 23.3812
336.637 23.7961
295.467 23.6206
320.005 23.776
306.041 23.5897
323.946 23.6896
316.746 23.5078
327.912 23.982
376.175 23.8359
372.215 23.8941
365.791 23.4331
358.013 24.1677
350.739 24.1477
347.157 24.1235
340.472 23.9346
348.654 23.6428
351.474 23.5665
367.333 23.8651
348.181 23.6423
336.693 23.8423
324.187 23.8897
329.25 24.144
304.982 24.013
356.299 23.665
284.444 23.9814
285.4 23.4927
340.659 23.7428
349.375 23.531
324.639 23.5531
341.554 23.4952
347.133 23.5602
352.746 22.8671
349.933 23.6677
359.074 24.0193
367.539 23.6636
352.215 23.8796
366.902 23.6897
378.518 23.7257
355.751 23.7995
338.982 23.706
398.438 23.7527
363.482 23.8941
328.198 23.5213
301.901 23.9159
315.188 23.7835
322.943 23.5638
338.947 23.2128
329.072 24.0974
330.787 23.7867
350.638 23.6455
365.652 23.7453
325.471 23.8409
321.576 23.8807
366.489 24.0259
324.809 24.2386
316.158 23.3666
336.696 23.9966
328.456 23.7416
326.017 23.836
353.914 23.591
288.946 23.6315
283.542 23.3542
266.192 23.5502
234.433 23.8804
246.543 23.5834
267.268 23.0879
293.142 23.6891
294.508 23.8048
291.376 24.0549
328.714 23.98
294.946 23.4064
280.822 23.4743
299.258 23.546
264.411 23.5858
303.037 23.697
295.006 24.2817
295.006 23.7665
295.006 23.8963
314.93 24.1735
346.216 24.098
344.718 24.2135
344.108 23.8415
398.034 24.2032
383.954 23.9971
366.14 23.4816
353.165 23.4453
301.31 23.4549
301.31 23.7831
263.717 23.3469
254.036 23.3097
314.819 23.2387
294.659 23.6745
294.205 23.4699
306.905 24.0205
276.178 22.9491
290.401 23.3316
328.945 23.2899
295.687 23.3225
303.732 23.7246
317.819 23.5913
309.627 23.8279
340.549 23.8934
318.188 23.4129
314.554 24.0317
347.984 24.1743
314.109 23.8575
282.664 23.8527
282.978 23.4187
267.455 23.4457
276.862 23.4016
289.894 24.0115
354.782 24.1164
354.569 23.8676
398.188 23.6938
378.438 23.622
354.194 24.0329
362.507 24.073
354.188 24.2766
365.228 23.4977
312.026 23.9596
328.324 23.8811
335.857 23.3955
379.634 23.3388
379.634 23.763
362.219 23.7623
362.219 23.6091
380.547 24.0012
387.157 23.8087
389.865 23.6648
377.943 24.0126
325.09 23.6098
335.758 23.4006
339.228 23.4901
309.221 23.4668
280.23 24.0314
276.388 23.9478
239.836 23.8034
224.962 24.2614
264.791 23.681
274.296 23.8968
306.803 23.6786
306.774 23.0681
290.273 24.0325
326.253 23.8588
300.893 23.7783
297.456 23.7783
325.966 23.4819
303.839 23.3312
299.012 23.2714
295.747 23.3621
313.808 23.674
345.143 24.0236
294.833 23.9909
305.273 23.1489
300.276 23.4761
296.031 23.189
314.631 23.4552
316.727 23.9353
292.929 24.042
283.445 23.8389
284.086 23.5948
283.26 23.8474
267.325 23.6054
296.061 23.5668
308.956 23.4295
314.264 23.7012
296.066 24.0343
313.174 23.9325
371.169 23.575
360.15 23.4916
362.987 23.7158
325.202 23.8801
281.498 23.7701
291.043 23.662
300.796 24.0078
288.895 23.1699
342.764 24.0956
338.441 23.6532
336.645 23.615
344.398 23.931
350.141 24.1323
312.138 23.78
382.972 24.223
351.318 23.7543
344.473 23.6033
332.86 23.7746
368.108 23.4104
371.608 23.6084
372.371 23.5948
348.46 24.1295
416.254 23.9384
407.378 23.4713
395.214 23.6178
399.969 23.9156
397.736 24.1041
398.122 23.9559
364.762 23.7964
331.389 23.9663
331.489 23.9034
326.729 24.0094
330.435 23.8023
323.267 23.7073
302.069 23.9562
348.395 23.8515
329.443 24.0087
318.067 23.5725
318.067 23.9765
283.877 23.8707
315.83 23.2601
301.934 23.6857
303.989 23.6577
327.045 23.5459
348.447 23.8319
303.494 23.8336
323.962 23.8004
341.294 23.9819
337.842 23.8869
313.484 23.793
335.02 23.9527
330.293 23.513
322.037 23.6037
295.318 23.3588
305.993 23.4736
317.697 23.4508
314.577 23.6215
299.093 23.7457
235.373 23.9484
243.876 23.4503
288.856 23.6187
321.85 23.5695
304.602 24.1162
283.954 23.8227
283.954 23.7578
283.954 23.2881
299.996 23.7492
318.182 23.8065
304.09 24.1
302.933 23.4435
312.868 23.7418
334.687 23.6139
332.56 23.6121
328.936 23.2595
369.613 23.4338
329.739 23.3773
331.051 23.8773
300.416 23.7178
290.199 23.7529
289.221 23.4889
286.499 24.0109
274.809 23.7204
285.99 23.5735
331.103 23.5266
360.441 23.4843
356.829 23.5725
365.686 23.5282
325.167 23.4971
329.837 23.5293
324.993 23.7274
323.26 23.6698
325.255 24.1365
327.201 23.4202
329.456 23.4187
352.485 23.6315
327.766 23.7253
302.035 23.9825
308.825 23.9917
301.907 23.6384
286.924 23.9038
306.303 23.703
325.018 24.1199
328.645 24.0121
352.766 23.5431
363.665 23.606
336.545 24.1015
328.721 23.7699
366.622 24.1834
376.976 24.2129
386.63 23.8415
447.412 23.1527
370.868 23.5027
345.229 24.0228
372.744 23.3332
346.294 23.71
354.991 23.674
288.2 23.7007
313.082 23.6994
321.8 23.6843
315.369 23.7349
320.905 23.4817
321.754 24.0743
316.268 24.0001
284.733 23.7107
284.733 24.0373
308.686 23.9033
301.229 24.0509
255.638 23.8472
258.257 23.8022
310.331 23.6655
307.602 23.9008
293.041 23.7957
274.759 24.0071
269.217 23.7408
293.4 23.9072
311.607 23.9865
320.004 23.9712
363.808 23.9545
348.488 23.6171
334.218 24.0475
351.299 23.6957
353.922 23.5604
381.133 23.5201
344.898 23.872
356.358 23.5877
318.41 24.1313
341.298 24.1671
339.784 23.7939
355.108 23.9272
325.65 23.5952
322.751 24.0464
355.672 23.7624
358.528 23.8198
354.226 23.8167
300.332 23.8534
298.3 23.3852
289.866 23.8663
292.473 23.4585
306.287 23.4854
328.079 23.8952
328.111 23.604
298.793 23.6887
340.848 23.7029
348.07 23.7695
327.85 23.1157
338.89 24.3153
347.143 23.6559
337.163 23.7836
333.239 23.8756
333.239 23.5453
362.027 23.8566
358.258 23.6355
342.683 23.4299
365.915 23.7446
291.114 23.7299
277.623 23.6987
317.551 23.9228
296.211 23.8
297.533 23.9658
347.702 23.491
337.844 23.0349
333.897 24.0061
326.097 23.9248
310.452 23.7811
320.135 23.8368
327.71 23.6008
324.205 24.4427
317.886 23.9443
409.426 23.7032
363.1 23.5201
358.24 23.2698
359.286 23.7446
329.243 23.7397
320.733 23.4146
336.454 24.1885
315.742 24.0657
279.356 23.3673
308.138 23.7258
327.279 23.558
329.434 23.6612
349.32 23.7191
337.896 23.3088
296.617 23.516
328.483 23.9009
328.74 23.6993
303.611 23.7253
300.975 23.73
315.664 23.674
322.475 23.5111
326.444 23.3589
342.18 23.514
334.997 23.4937
374.193 24.054
358.914 23.9395
375.73 23.851
361.824 23.5478
337.94 23.7556
336.324 23.8289
343.061 23.3857
370.37 23.9924
315.411 24.0445
310.4 23.4297
299.228 23.7329
271.254 23.9867
277.468 23.4485
279.518 23.3692
283.016 23.6883
293.057 23.7448
341.955 24.2304
348.154 23.7482
304.079 23.8889
370.485 23.665
306.865 23.8402
346.312 23.3788
289.817 23.9268
261.406 23.6198
245.511 23.2347
271.825 23.9285
271.825 23.9587
265.303 23.7
285.421 23.8098
306.17 23.9515
303.25 23.9624
307.664 23.5314
324.77 24.0139
301.914 24.082
289.393 23.9083
318.258 23.7668
307.683 23.5452
315.911 23.9952
295.993 24.0112
283.869 24.0202
290.848 23.6224
305.625 23.5386
294.489 24.0267
259.505 24.017
263.343 24.0364
263.343 24.0361
269.8 24.0188
263.156 23.7877
269.507 23.5781
269.507 23.5167
256.569 23.9773
271.923 23.9685
275.747 23.963
361.299 23.8846
342.074 23.6937
295.759 23.5794
314.354 23.3962
332.299 23.7764
336.347 23.8211
338.838 23.6597
335.846 23.6034
392.014 24.0515
354.414 23.5278
327.04 23.6037
313.004 23.957
330.116 23.6306
319.173 23.8981
330.423 23.3892
313.216 23.8758
305.07 23.5349
344.307 23.2676
345.749 24.0319
339.367 23.143
345.478 23.5137
340.594 23.6128
325.23 23.9796
325.596 23.7797
316.116 23.9525
291.348 24.1471
298.985 23.0982
298.985 23.8694
314.302 24.0583
333.675 23.2893
285.208 23.6799
302.093 23.5975
308.954 23.6223
323.137 23.7671
324.048 23.5041
307.195 24.2591
314.046 23.7691
287.89 23.71
299.559 24.0791
264.816 23.6866
275.12 24.0555
281.715 23.9674
289.612 24.1097
324.73 23.6589
334.978 23.8714
365.507 23.4692
319.174 23.3564
338.494 23.7715
342.394 23.3236
351.838 23.7786
345.136 23.7884
335.969 23.7915
357.556 23.9768
381.971 23.9471
384.857 23.6483
352.233 24.1345
344.329 23.3192
359.01 23.6422
370.437 23.7827
377.554 23.8842
392.157 23.8534
390.82 23.8609
388.538 23.9761
362.327 23.7256
322.964 23.9073
338.232 23.5585
346.863 23.9188
294.492 23.4151
309.395 23.6252
327.014 23.7949
366.206 23.8358
367.117 23.9612
331.091 23.7403
305.63 23.6252
321.545 23.2889
326.751 24.1597
371.918 23.6261
323.826 23.7584
312.886 23.9242
313.927 24.163
322.57 23.5681
301.009 23.551
296.176 23.7445
298.284 23.6672
295.985 24.0136
295.985 23.8873
301.214 23.9051
314.156 23.6917
342.178 23.8221
324.55 23.7105
349.96 23.7008
347.086 23.554
309.65 23.9806
297.764 23.9642
337.351 23.6782
332.126 23.3672
341.685 23.3688
312.091 23.7617
336.357 23.8302
337.726 24.04
342.57 23.7529
343.778 23.6294
320.639 24.1431
262.478 23.6769
263.773 23.7941
336.135 24.0093
289.538 23.7643
312.887 23.3506
327.6 23.6535
323.772 23.748
326.507 24.3458
303.883 22.9539
316.276 23.7017
333.101 23.5726
327.242 23.4815
290.367 24.0788
274.308 24.1001
276.002 23.8787
275.881 23.43
302.685 23.8811
303.889 23.6962
341.647 23.6555
333.377 23.8808
386.423 23.7754
377.903 23.8328
368.513 23.8663
364.679 24.0174
304.475 23.9783
337.168 23.723
371.384 24.1336
350.163 23.8682
314.731 23.9359
301.647 23.5932
304.988 23.7334
304.988 24.1365
344.246 23.8046
325.395 23.9172
321.779 23.3457
309.722 23.9543
326.838 23.7645
323 23.579
317.631 23.4199
330.231 23.665
357.878 23.8369
343.685 23.8632
307.572 23.8733
321.193 23.5095
326.056 23.4592
332.929 23.2318
355.44 24.066
355.44 23.9206
392.46 23.8014
322.428 24.2435
324.464 24.0846
306.225 23.946
325.492 23.8248
287.281 23.7621
283.232 23.7613
342.287 23.6845
331.155 23.9322
341.125 23.5383
424.376 23.9826
366.832 24.2157
371.103 23.4314
370.777 23.8112
353.171 24.0941
336.107 24.6443
313.888 23.7364
302.47 23.7915
297.672 23.6024
309.146 23.5294
371.688 23.1706
328.925 23.3698
313.698 23.7105
362.553 23.7844
343.477 23.9635
315.965 23.6022
326.611 24.269
310.751 23.7223
390.634 23.6305
412.68 23.6441
380.775 23.6286
325.415 24.0116
314.666 24.0903
272.323 23.2827
287.778 23.8098
317.679 23.589
297.241 23.5322
308.011 24.5076
328.683 23.8276
370.611 24.057
354.251 23.6303
355.391 23.4766
348.214 23.4247
334.89 24.0066
334.566 23.6176
306.744 24.07
331.79 23.4555
328.477 23.593
326.925 24.0221
345.153 23.9325
374.116 23.8333
333.354 23.5676
297.974 24.1016
320.38 23.7574
337.344 23.6678
346.487 23.3277
381.183 23.7528
370.019 23.6095
370.059 24.0406
369.35 24.3271
367.13 23.782
367.658 23.4203
295.973 23.6327
313.145 23.6764
327.493 23.9233
341.897 23.6577
321.471 23.2725
301.412 23.987
307.611 23.8216
304.275 23.4452
301.451 23.6742
284.369 23.6056
287.974 23.6678
274.069 23.0485
260.639 23.7555
289.031 23.3989
287.287 24.1119
276.211 23.1256
305.316 23.579
311.849 23.8683
325.349 23.8359
344.641 23.8437
332.584 24.0786
326.575 23.4029
320.539 23.6266
299.144 23.6638
297.223 23.6626
305.368 23.9486
297.577 23.6999
277.225 23.5842
285.475 23.5329
326.953 23.6083
319.343 23.8963
370.647 23.5965
364.445 23.7592
340.054 23.8894
342.122 23.5285
348.762 23.844
341.173 23.6707
290.986 23.6198
269.931 24.0755
309.165 23.6351
286.906 23.46
309.287 23.8026
269.44 23.9744
321.995 23.9678
300.17 23.8456
305.956 23.3217
284.266 23.7994
284.266 23.6094
288.277 23.884
306.035 24.1246
353.345 23.7904
363.767 24.0035
363.63 23.8323
352.77 23.7765
333.688 23.57
328.112 23.4234
311.827 23.9416
339.576 23.9132
368.949 23.6277
332.865 23.4028
353.599 23.7115
353.689 23.2464
352.398 23.6831
328.679 23.5877
329.401 23.8562
272.869 23.8794
302.407 23.7176
295.977 23.198
287.669 23.9096
253.987 23.6946
264.756 23.5229
270.086 23.3553
249.254 23.9596
263.501 23.7577
275.856 24.1231
244.6 23.5717
250.102 23.9672
264.17 24.0131
282.206 23.6263
277.807 23.7247
272.5 23.9263
285.295 23.879
284.614 23.9322
352.949 23.3752
347.585 23.6109
324.145 23.4122
329.086 23.9416
298.797 23.4818
251.807 23.5208
272.633 23.7326
228.471 23.6205
248.455 23.5005
226.409 23.4023
243.497 23.3921
237.753 23.7679
261.9 23.7255
254.863 23.4556
254.805 23.6085
272.987 23.9556
278.914 23.7768
301.394 23.7685
296.126 23.7465
295.802 23.9059
270.955 23.7893
304.962 23.4848
256.814 23.5753
258.125 23.8379
258.125 23.7445
252.86 23.8039
252.86 23.7459
263.503 23.7467
273.261 23.6576
318.251 23.8523
331.229 23.85
323.454 24.0197
363.256 24.0318
367.88 23.91
350.666 23.9082
320.073 23.3381
306.439 23.7388
306.03 23.2914
305.864 23.6317
305.8 23.5251
309.062 23.4088
323.148 23.6986
334.059 24.0595
328.472 24.172
278.168 23.6188
285.104 24.1158
349.883 23.9515
373.363 23.5037
306.884 23.9286
290.584 23.8869
288.246 23.6756
336.834 24.1995
359.759 23.3872
342.285 23.5152
345.851 23.5467
312.521 23.5048
312.657 23.6338
316.26 23.5839
357.109 24.32
354.863 23.8135
337.142 23.8405
317.811 23.9756
350.864 24.184
294.708 23.8458
290.587 23.611
285.338 23.7957
262.63 23.8196
271.833 23.4262
268.917 23.7348
290.716 24.1636
300.22 24.1525
302.845 23.2205
275.255 23.7496
354.187 23.671
298.794 23.5165
301.58 23.74
306.185 23.5362
334.525 23.9033
314.177 23.2397
290.665 23.6496
276.931 23.6863
311.396 23.5945
281.567 23.6898
327.047 23.7911
317.458 23.8246
379.14 24.0125
366.917 23.5987
406.996 23.6515
379.057 23.9437
379.057 23.4807
379.057 23.8545
351.455 24.0952
342.343 23.9592
343.966 23.9854
331.649 24.1107
312.273 23.4156
335.994 24.1182
351.107 24.0776
366.957 23.4988
335.583 23.264
329.48 23.9424
342.328 23.6914
334.075 23.3568
336.987 23.5584
330.574 23.8606
317.266 24.0339
298.953 23.7442
361.48 23.6348
392.252 23.7365
371.994 23.7987
359.626 23.7952
339.821 23.8111
324.823 23.8821
321.872 24.0141
299.2 23.876
323.777 23.9377
308.292 23.5662
301.42 23.4884
304.027 23.4044
322.522 23.4502
356.796 23.532
355.084 24.0771
340.556 23.7929
325.911 23.7361
388.632 23.3072
378.543 23.6197
378.543 23.9013
406.608 23.9835
407.856 23.5675
389.431 23.5671
333.127 23.658
361.083 23.5892
312.193 23.5917
346.588 23.583
337.942 23.9256
349.993 23.6014
373.958 23.5554
343.617 24.0545
313.732 23.5269
280.382 23.4827
287.907 23.561
338.857 23.78
332.375 23.6083
288.061 23.6105
345.334 23.6839
297.642 23.4895
342.753 23.6352
351.21 24.1767
355.88 24.1137
353.509 23.9582
348.544 24.0025
336.214 24.1021
357.474 23.9617
325.818 23.385
283.949 23.8166
296.281 24.0793
289.919 23.736
307.815 23.9834
304.027 23.4997
292.497 23.4986
285.669 23.4042
327.679 23.5304
304.237 23.8101
328.059 23.8801
346.256 24.1823
337.731 23.8722
346.583 23.9647
325.73 23.8387
304.109 24.1051
337.326 23.8189
316.164 23.7003
320.716 23.9893
328.468 23.7831
334.443 24.0708
310.117 23.8483
343.182 23.6761
352.672 23.6803
344.253 23.6826
343.719 23.9572
339.503 23.9794
341.146 22.918
324.802 23.7591
360.059 24.3982
359.689 23.9502
334.045 23.987
349.853 23.9883
335.021 24.0385
329.971 23.9296
317.432 23.7793
281.031 24.5126
252.587 23.4077
271.589 24.0967
273.914 23.6822
289.201 23.7973
353.438 23.4914
310.67 24.2248
287.14 23.9251
286.815 23.6795
313.494 24.1036
323.833 23.3757
378.224 23.4223
280.362 23.9631
317.168 23.3352
334.792 23.0318
326.754 24.181
339.063 23.7974
301.045 23.7474
285.761 23.9818
279.583 24.219
295.776 24.2062
285.858 23.5421
285.858 23.3874
295.705 23.7703
295.705 23.7786
298.103 23.9425
288.454 23.9589
312.113 23.6509
331.196 24.0543
319.745 24.0883
320.535 23.3324
320.647 23.5609
316.057 23.9996
337.493 24.0316
363.321 23.75
326.977 23.576
316.958 23.6744
314.098 23.5963
315.655 24.0599
340.259 23.8357
339.118 23.4568
358.721 23.4649
362.611 23.5648
311.599 23.5626
355.696 23.5529
319.041 23.8806
318.794 24.0265
354.16 23.5705
323.545 23.3428
349.622 23.7259
341.488 23.3682
309.771 23.703
308.217 23.4639
306.15 24.0528
323.164 23.5733
339.637 23.3723
326.015 23.5047
338.123 23.5811
308.892 23.8076
302.226 23.8507
317.939 24.354
374.631 24.3202
346.256 23.7047
357.871 23.3703
365.995 23.9244
346.43 23.626
357.922 23.7297
345.931 23.5229
375.816 23.4041
378.487 24.0284
336.122 24.0815
377.274 23.6105
349.472 23.2962
322.229 23.6504
318.456 23.7729
331.652 23.8707
311.562 23.9198
333.998 23.7999
326.965 23.8165
324.84 24.077
321.579 23.8283
308.192 23.508
260.487 23.8697
267.688 23.2216
286.531 23.6389
310.174 24.3182
320.129 24.1385
333.992 23.8369
306.217 23.202
306.845 23.828
295.469 23.4315
328.385 23.3302
249.906 23.3609
283.658 23.5678
281.721 23.3179
279.739 23.2639
288.528 23.9473
377.988 24.0852
376.558 23.6806
381.099 24.0356
370.451 23.9524
378.761 23.8483
398.06 23.7143
362.911 23.6271
360.067 23.7958
352.053 23.8644
344.825 23.7527
354.765 23.9071
307.826 23.8967
299.144 23.7325
343.534 23.7524
331.145 23.749
305.578 23.8172
298.192 23.549
275.932 23.5381
258.468 23.7591
275.939 23.7998
272.674 23.3797
276.87 23.1446
287.229 23.3312
288.59 23.4189
289.591 23.4795
325.757 23.5053
328.71 23.9336
391.273 23.7013
391.721 23.9094
379.953 24.1983
387.182 23.338
344.362 23.4737
304.406 23.9268
363.861 23.613
361.99 23.4014
341.64 24.0442
323.261 23.6008
265.346 23.7751
311.069 23.8836
320.356 24.0221
339.447 23.4825
285.654 24.0215
311.685 23.5419
318.611 23.6597
334.492 23.3954
318.34 23.8156
331.096 23.8363
328.516 23.9943
352.167 23.3792
388.581 24.1565
388.581 24.1077
355.765 23.9927
360.546 23.8258
399.634 23.5994
440.772 23.769
398.049 23.5424
367.887 23.6813
347.062 23.9479
333.96 23.6581
347.857 23.7866
293.761 23.8778
320.913 23.3205
331.79 23.478
296.745 23.4724
330.807 23.7955
330.596 23.9452
335.17 23.7866
295.792 23.3919
284.521 23.6663
294.7 23.6617
279.78 23.5129
340.627 23.819
362.142 23.0402
342.625 23.5596
339.593 23.6374
364.258 23.7439
354.408 23.6172
351.723 23.1153
332.475 23.2248
287.602 23.5109
306.221 23.4819
365.937 23.8226
355.043 23.2971
344.002 23.5743
306.192 23.6331
318.976 23.3149
318.346 23.8284
297.16 23.7064
292.576 23.8083
305.73 23.7479
304.605 24.0842
318.087 23.5542
255.862 23.7956
282.586 23.9551
295.46 24.0085
301.329 23.7015
304.848 23.5806
301.352 24.2218
293.624 23.8107
297.108 23.4027
288.65 23.7427
272.039 23.9927
253.597 23.8186
250.61 24.3504
307.152 23.4947
280.234 23.3576
283.239 23.5599
261.597 23.4552
298.864 23.7177
274.69 23.6177
245.102 24.3813
218.352 23.8363
241.7 23.6985
263.675 23.544
288.758 23.6564
251.241 23.8298
262.306 23.8159
275.567 23.4944
264.737 23.5794
266.023 23.4593
277.475 24.0956
271.227 23.9679
270.698 23.4413
271.964 23.6266
289.681 23.6
298.729 23.8761
315.292 23.7869
313.414 23.0407
332.676 23.7831
330.079 23.8965
354.907 23.6471
300.95 23.4105
310.566 23.4352
289.348 23.9261
318.308 23.8423
322.672 23.4974
305.468 23.3725
305.394 23.7616
316.726 23.4765
323.411 23.1437
317.9 23.866
346.922 23.7683
365.845 23.9846
327.103 23.7561
303.09 23.9476
303.09 23.5109
317.69 24.2166
316.101 24.1499
400.221 24.0252
366.476 23.8845
376.493 23.6331
333.184 23.5002
322.117 23.6422
334.32 23.4401
322.442 23.6427
287.735 24.0626
294.533 24.0435
311.691 23.8267
282.638 24.102
312.114 24.2059
323.13 24.1366
316.07 23.6875
306.493 23.7384
334.342 24.0735
325.015 23.4182
345.294 23.6419
342.086 23.629
299.411 23.9525
328.02 24.1159
345.024 23.4549
332.29 23.6339
339.317 23.2183
332.112 23.8072
314.065 23.6833
332.766 23.539
308.069 23.6437
296.032 23.701
284.592 23.9404
336.465 23.9787
320.301 23.348
325.53 23.1714
350.073 23.366
350.609 23.5555
328.881 23.8955
316.477 23.8489
323.932 23.9577
329.678 23.7342
276.571 23.4103
272.03 23.3274
276.701 23.8593
291.253 23.6883
275.672 23.2805
278.79 23.9176
278.66 23.4365
279.903 23.7243
279.576 24.1449
280.847 23.5144
280.52 23.717
322.949 23.5036
320.936 23.2088
305.368 24.4271
295.309 23.8687
302.84 23.8231
294.224 23.5915
267.072 23.8211
290.728 23.3637
272.872 23.4782
272.872 23.5441
284.185 24.0659
305.331 23.8422
304.107 24.2799
305.985 23.7774
262.251 24.1236
251.362 23.2628
245.507 23.2599
257.404 23.5712
290.551 23.7086
290.848 23.2889
304.898 24.0646
320.607 23.8919
265.646 23.6485
323.915 24.1224
360.263 23.7441
311.985 23.0116
307.309 23.7576
270.74 23.8461
270.74 23.5639
284.02 24.3207
281.273 23.5593
281.273 23.7594
304.477 23.5271
314.222 23.9035
322.291 23.5887
318.606 23.7411
327.585 23.9102
325.191 23.8569
328.06 24.0357
296.947 23.6981
293.319 24.0928
318.058 23.9827
321.481 23.8655
313.922 23.1443
344.363 23.428
347.954 23.998
353.401 23.5467
352.686 23.3779
320.002 23.3853
305.441 24.0281
288.712 23.5412
325.988 23.8816
267.091 24.0452
265.61 23.7852
272.538 23.6858
292.054 23.8125
278.113 24.1476
275.17 23.3822
265.256 24.1223
253.662 24.1653
245.732 23.655
250.478 23.3931
302.579 24.0743
288.88 23.8725
359.831 23.9453
323.712 23.9907
313.118 23.9789
329.298 23.571
295.564 23.5572
323.301 23.564
336.371 24.0411
347.268 23.7693
391.314 23.4498
381.62 23.8703
340.174 23.8189
345.918 23.7918
334.585 23.842
337.111 23.9126
387.559 23.7762
378.028 23.6401
381.55 23.3863
411.517 23.847
428.053 23.8442
406.847 23.647
369.907 23.2726
407.772 24.1515
477.1 24.1269
467.035 24.0791
391.068 23.8221
381.619 23.807
346.168 23.8871
361.543 23.6216
362.158 23.6869
349.244 23.6452
361.315 23.9707
338.672 23.7674
359.652 23.4748
364.856 24.1508
341.357 23.9938
342.809 23.8296
360.549 23.4732
366.856 23.6247
365.36 23.7571
411.662 24.1
402.457 23.7058
374.835 23.8196
356.171 24.4242
340.331 23.9152
336.573 24.2054
280.652 23.6469
292.381 23.5598
321.377 23.5683
322.328 23.5763
333.681 23.5827
350.802 23.7118
348.909 23.7423
372.619 23.7155
360.375 23.9093
314.352 23.6151
304.416 23.7175
267.677 23.6508
300.66 23.445
300.66 24.0822
320.023 23.7502
314.262 23.7209
310.369 23.2962
317.29 23.3608
291.633 23.2776
285.57 23.9835
312.233 23.8566
330.133 24.112
330.837 23.8862
315.825 24.3203
281.335 23.3029
281.733 23.5409
298.318 23.6189
327.773 23.8438
281.776 24.0171
332.385 24.4045
344.581 23.5402
328.112 23.1797
358.595 24.1231
299.426 23.8128
316.007 23.1642
324.117 23.8225
342.463 23.6243
333.795 23.849
318.132 23.9624
303.599 24.4375
329.381 23.2827
320.878 23.8523
359.715 23.6051
342.914 23.4161
340.974 23.6603
340.104 24.1515
380.458 23.3441
335.109 23.6178
335.188 23.3989
334.938 24.0271
346.011 23.8717
308.643 23.7107
322.904 23.2979
355.927 23.3832
387.031 23.2397
337.736 23.3088
338.757 24.5845
386.235 23.0094
420.892 23.8197
386.829 24.0065
396.366 23.1059
370.981 23.2667
373.855 23.603
363.457 23.4872
366.446 23.8889
342.291 23.6266
356.581 24.5018
350.486 23.7538
309.808 23.803
313.664 23.4494
354.759 23.854
354.759 23.3467
311.306 24.3752
310.527 23.714
305.991 23.5129
295.605 23.6322
309.798 23.8823
269.812 23.8575
249.827 23.8001
308.546 23.8435
295.866 23.7466
285.94 23.787
304.703 23.7596
290.164 23.9689
283.287 23.9689
282.66 23.6739
326.279 23.7098
297.003 23.4505
272.968 24.0474
276.809 23.3828
300.78 23.4819
313.22 23.74
292.655 24.1452
269.965 23.6564
314.492 23.3394
274.529 23.9768
305.332 23.732
303.559 23.673
277.94 23.6216
284.831 23.6337
279.096 23.3436
277.467 23.8109
294.08 23.9354
256.218 23.7544
278.979 23.6329
298.08 23.5159
301.774 23.481
292.455 23.5801
302.441 23.6924
295.342 23.9348
317.406 23.5747
327.854 23.3809
305.967 23.9712
317.256 23.2569
320.227 23.518
305.858 23.7797
356.524 23.893
359.015 23.9626
368.744 23.972
327.283 23.6094
322.153 23.4011
352.867 23.9406
305.884 23.6128
295.3 23.5467
308.466 23.4902
308.466 24.0278
355.043 23.7407
326.903 23.7922
327.372 23.7568
297.883 23.9542
296.276 24.2389
299.054 23.5765
383.083 23.8159
363.316 23.8071
329.813 23.31
298.642 23.8283
290.711 23.9042
315.931 24.2391
268.743 24.3354
314.794 23.7468
359.729 23.4827
361.976 24.0144
344.661 23.4308
356.436 24.2319
312.314 23.556
381.915 23.6363
418.065 23.7532
401.808 23.5641
461.246 23.6425
466.29 24.0583
483.482 23.9244
406.927 23.6062
407.843 23.8486
405.988 23.7505
387.928 24.0808
321.841 23.7991
308.922 23.6603
334.494 23.969
345.91 23.7288
387.572 24.0217
358.335 23.4374
389.872 23.7612
404.013 23.6789
372.316 23.7055
330.782 23.4605
347.539 23.546
350.519 23.7931
344.526 24.1105
345.382 23.7435
367.919 23.2103
405.942 23.8746
415.725 24.2081
439.582 24.1028
416.999 23.5018
416.154 23.8227
426.135 23.4882
415.367 23.4912
409.457 23.3834
397.626 23.3993
442.645 23.8167
415.278 23.2506
374.393 23.5655
355.73 23.8653
317.225 23.2536
310.803 23.7084
323.04 24.055
350.59 24.2822
290.524 23.2219
290.524 24.304
284.581 23.4202
310.192 23.5289
285.67 23.5847
298.327 23.5762
290.318 23.8276
303.363 23.6204
290.917 23.5217
297.24 24.0673
248.243 23.6384
273.231 23.3981
273.231 23.1787
262.986 24.0067
333.54 23.8841
378.697 23.5567
305.456 24.0883
305.456 23.2302
325.499 23.5336
297.775 24.0176
287.944 23.4104
292.783 23.3534
298.883 23.6917
308.715 23.6835
288.754 23.8682
274.705 24.2183
318.4 23.9864
307.4 23.7842
318.845 23.6521
309.054 23.5897
294.003 24.0171
324.802 24.0347
337.821 23.7057
359.813 23.7647
391.151 23.3586
382.755 24.0993
337.119 23.309
371.489 23.6778
377.061 23.303
370.387 23.9435
460.725 23.7842
382.338 23.9775
349.879 24.1225
349.87 24.2313
351.54 23.275
351.54 23.3398
334.744 24.3272
343.207 22.9155
298.974 23.74
293.764 23.2424
293.169 23.8673
279.862 23.8187
283.776 23.5322
291.865 23.4728
296.804 23.9375
298.727 23.5916
302.007 23.2531
293.627 24.2878
303.234 23.6772
276.256 23.7609
290.224 23.483
301.098 24.4596
274.031 23.995
287.41 24.2168
283.835 23.8979
326.738 23.9699
286.538 24.4562
297.002 23.6822
274.341 23.3387
271.829 24.1909
301.145 24.1071
301.145 24.098
305.982 23.9713
283.426 23.4598
327.514 23.7145
344.561 23.8179
309.961 23.5903
315.916 23.6053
303.574 23.0484
292.241 24.0785
297.114 23.7577
348.661 23.6902
340.984 23.2414
317.075 23.6223
317.579 23.7028
301.722 23.9047
331.877 23.7084
337.022 23.4923
363.111 24.2213
338.201 23.3166
372.698 23.8458
370.811 23.644
378.309 23.5501
320.401 23.5133
320.955 23.8603
367.693 23.698
342.996 23.8847
379.294 23.8972
357.488 24.0055
346.712 23.5279
331.745 23.5663
316.987 23.5744
323.854 23.7102
309.789 23.4883
305.234 23.4457
325.115 23.7694
359.594 22.9858
365.82 23.806
325.042 24.1114
316.379 23.7925
299.857 23.988
307.197 23.732
313.573 23.7328
279.724 23.8829
254.126 23.9474
288.386 23.8053
303.376 23.8227
288.277 23.6689
288.277 23.6518
278.541 23.8674
320.292 23.4924
334.184 24.1689
309.937 23.9298
319.644 23.6072
328.646 23.5917
342.496 23.8119
302.981 23.9476
297.387 23.9698
310.937 23.8028
280.375 24.1543
301.99 24.0941
282.957 23.4317
278.047 24.0662
275.235 23.6927
296.542 23.7692
281.027 24.2185
304.342 24.3926
381.112 23.939
446.042 23.7706
452.8 23.4518
452.8 23.5897
390.435 23.8413
391.667 23.3639
361.267 23.7743
382.203 23.5399
369.838 23.5339
350.592 23.5545
338.507 23.1779
333.772 24.1718
350.758 24.1067
311.467 23.3391
280.203 23.8215
318.874 23.9582
319.794 23.9164
346.844 24.2803
352.7 23.9836
320.644 23.5101
332.365 23.9033
326.455 24.0151
329.843 23.2309
320.956 23.6301
291.679 23.7658
283.262 23.9095
257.512 23.0468
262.142 23.53
288.578 23.473
332.045 23.671
364.332 23.2976
354.271 24.706
394.461 23.8589
359.654 23.8377
386.244 23.3737
430.017 23.3723
356.706 23.3612
352.33 23.4112
370.101 23.4966
377.452 23.9027
358.082 23.8649
378.834 23.7073
376.891 23.4228
360.93 23.5724
325.412 23.6817
275.653 23.616
275.867 23.6977
269.274 23.183
279.327 23.8972
285.389 23.8486
317.675 24.0245
334.128 23.6489
393.753 23.8317
373.155 24.12
359.182 23.7554
372.103 24.1364
324.874 23.8375
356.996 23.2592
309.786 24.0307
334.842 23.8672
329.91 24.0507
342.815 23.7295
335.874 23.762
347.893 24.094
338.304 24.2195
338.304 24.0578
342.051 23.5176
302.114 24.3938
287.282 23.4759
269.276 23.6066
296.337 23.3211
346.532 23.65
339.833 23.6269
337.113 23.7759
348.14 24.111
364.962 23.7357
364.743 23.4811
391.702 23.7151
343.557 23.7875
353.716 23.6534
307.543 23.4751
361.419 23.7762
318.071 24.2177
372.735 23.3994
375.097 23.8797
382.245 23.766
385.122 23.7578
358.323 23.4044
327.281 23.8536
339.309 23.3411
359.559 24.0919
320.541 23.9068
305.371 23.9816
346.166 23.7292
320.661 24.0496
273.696 23.5808
281.698 23.6115
288.874 23.8853
295.692 23.9137
283.53 23.8818
286.455 23.6811
294.634 23.4176
302.142 23.6055
304.033 23.9423
301.365 23.6738
286.784 24.0598
264.185 23.3669
296.104 23.7996
289.44 24.2022
285.813 23.9901
271.485 23.6272
293.171 23.5776
299.554 23.5499
299.254 23.5379
300.248 23.5006
310.528 23.7735
310.81 23.5426
307.377 24.0202
335.489 23.5718
350.332 23.3252
353.238 23.625
324.607 23.558
284.277 23.7372
288.489 24.064
297.084 24.0592
327.662 23.1106
351.971 23.75
329.416 23.8916
377.665 23.8893
395.81 23.2951
351.518 24.1561
368.725 23.7035
391.167 23.207
382.919 23.8913
373.128 24.3505
310.789 23.6456
311.526 23.6402
321.281 23.6321
304.713 23.9921
290.274 23.6255
289.907 23.8461
319.071 23.9738
338.794 24.0235
327.345 24.0522
316.187 23.8581
318.407 24.1115
308.489 23.5741
339.85 23.774
355.032 24.1255
332.662 23.3545
318.111 23.568
297.688 23.6291
320.243 23.6881
336.064 23.7256
337.858 23.4318
