75.7508 25.6505
78.2338 24.6368
78.2338 24.8311
76.6237 25.4604
76.7067 24.6248
80.895 24.8053
84.4182 26.3743
85.7488 24.9907
78.9832 26.31
79.1114 23.5741
77.1726 27.6595
77.9312 24.812
76.2678 25.6347
74.6764 27.0657
74.0017 26.0622
74.3989 26.6799
75.5613 25.983
74.79 26.7176
77.5029 26.6252
77.2739 25.3062
77.7812 24.8816
77.6382 25.5197
79.0095 25.8276
81.6469 25.417
78.3499 24.6726
73.1407 26.0721
75.265 26.3987
76.9073 24.9832
77.1924 25.8156
69.2567 25.6965
67.4625 25.9914
67.4192 26.135
68.6307 25.4852
72.4991 25.3519
66.7454 25.554
80.1062 24.858
79.9398 25.3621
80.5647 24.7423
82.9418 25.3829
85.7964 23.5582
86.9665 25.2447
78.5944 24.8057
82.4851 23.5141
79.4052 24.0482
73.1075 24.2013
74.6587 25.1886
79.3615 25.94
75.2699 24.593
73.0671 25.6313
71.4057 27.2093
72.8425 28.6513
74.2921 26.4312
74.0911 25.9033
76.9713 24.6206
75.8127 27.0463
79.5629 24.6663
76.1641 26.0034
78.2465 26.5884
75.2806 26.2646
76.8154 26.1518
77.7706 24.3533
79.8575 25.0686
77.8197 23.2308
76.3562 25.9747
76.1197 26.2819
74.0615 26.0698
76.7625 26.0839
75.7951 26.2279
70.9136 25.0984
73.6898 24.8765
73.1431 24.4443
74.2036 24.7936
73.904 24.3352
71.5429 25.2934
70.9189 27.1728
69.8854 25.2571
70.9933 25.6102
69.1385 25.776
73.2551 24.4003
71.4973 23.2861
75.5277 25.0271
77.8108 24.3471
77.1368 23.7503
76.2578 24.0918
71.9424 24.5046
71.1667 25.1972
67.6021 24.7143
72.2383 26.4344
74.471 25.9412
73.4421 25.6026
73.0696 25.6426
66.0345 26.2803
65.3523 25.6779
66.4446 24.7668
65.8776 25.2521
65.4402 25.3022
65.5746 25.5327
65.3154 25.5193
64.7163 25.4705
63.8971 26.0801
66.8966 24.7173
68.7989 24.7117
66.2884 25.9671
71.528 25.4224
72.9761 23.7801
73.0554 25.2978
64.7375 26.5963
72.6474 24.1042
74.1786 25.0318
70.3715 25.9737
69.7269 25.5264
78.2641 24.4523
78.6725 24.4823
87.3825 26.1477
86.5571 25.2748
86.4174 25.1431
81.1267 25.8556
77.3145 25.0552
77.3145 25.0178
75.4441 25.328
73.6944 24.6714
72.8967 25.5236
74.6576 24.9123
71.1969 24.893
67.9756 25.1555
68.9592 24.9036
68.0817 25.1484
68.1579 24.1654
71.7862 26.3833
74.3563 25.7537
73.5214 25.0031
71.6822 24.9534
74.5252 24.2934
79.5259 25.3649
79.4802 25.0556
71.7785 25.6745
67.5934 24.4183
64.2766 24.9239
64.2766 25.4194
64.6268 26.6011
59.1733 26.5283
56.8479 26.0722
54.0865 26.8961
57.2068 26.8503
55.3582 26.1312
56.8555 27.0682
53.775 24.8301
53.6248 24.5073
54.0266 24.4464
54.0266 24.4936
54.0266 25.8106
54.0266 27.1009
54.0266 26.3358
56.4883 26.074
58.1864 25.5698
55.6807 26.1329
52.7856 27.1373
53.7573 23.2824
53.2747 25.1456
60.3075 25.1264
60.3075 25.3249
57.4973 25.969
57.4973 24.6003
57.4973 24.6517
59.0644 24.0634
59.0644 25.3682
62.2757 25.3052
62.2757 24.9966
62.9305 25.5403
84.5018 25.2178
81.5851 24.3331
82.6694 26.5289
77.244 25.0619
82.7689 26.3144
77.7375 25.874
70.5137 25.044
70.6874 26.8191
70.6874 26.0843
72.2455 25.4445
72.2455 24.8105
77.8481 24.1026
82.1657 22.8549
76.299 24.0714
82.922 24.7045
89.2738 23.9911
90.1423 26.1875
88.6783 26.6638
89.6305 26.2437
88.2154 26.2332
87.1514 25.79
94.7866 24.8691
100.502 25.6644
87.8216 25.3423
89.545 24.5398
85.3014 27.3684
87.8044 25.4548
86.9809 25.9535
84.8325 25.8855
84.2288 26.1837
81.8325 26.813
80.3996 25.4289
84.4939 24.7229
84.9564 25.4472
85.0255 25.7042
84.8294 24.9769
84.6315 25.9054
89.0236 23.4555
89.434 24.2108
88.6692 26.1294
80.4036 26.8851
74.4639 24.4365
74.331 25.0453
75.7627 24.9309
102.147 24.3626
105.935 24.7192
103.605 25.7329
103.605 26.0464
93.5979 24.0748
89.5228 26.1609
84.0626 23.8895
79.6311 24.5707
77.9603 25.0839
87.6816 25.3294
80.9109 25.068
77.6082 25.2985
76.1201 25.1874
86.2218 24.4049
86.4052 25.8937
86.5592 25.3095
86.0124 24.7501
87.2055 25.6688
87.2055 25.7927
87.9048 26.0636
80.2268 25.6911
79.8616 24.1718
76.0906 24.6496
68.0622 24.511
69.3437 25.9782
69.5251 25.5441
69.5251 25.9503
73.3562 24.8416
76.326 26.1564
74.0689 26.2074
96.4145 25.002
96.3142 25.4296
98.5279 25.55
90.0224 23.9892
87.3916 24.5824
84.2816 25.2814
82.2918 25.529
84.9163 25.4272
87.5024 26.0346
80.6075 24.6627
83.0988 24.5186
81.1423 24.3302
80.6573 25.0007
77.3415 25.4262
79.4899 24.5002
80.7738 24.9886
83.5138 25.2947
83.6938 26.9733
85.2305 24.8783
82.4678 27.1713
79.4491 26.7307
77.5185 25.8686
76.0737 25.7954
80.5506 25.12
80.5175 24.6171
80.7147 23.4126
79.8182 25.5773
75.143 23.6775
75.576 26.2087
74.5324 26.346
75.3363 24.7592
70.3851 26.2294
73.0607 25.3121
75.8587 25.1084
73.0702 25.7596
72.8776 24.8922
73.7657 23.9385
71.523 25.5213
74.9644 26.4337
68.7275 25.7586
71.6449 26.2084
71.6449 25.3974
71.6449 26.8742
74.4853 26.7678
71.8446 26.0405
71.5838 26.1714
78.1915 26.056
74.8145 26.0156
73.9193 26.0221
72.0227 26.127
69.4865 25.5039
64.4 24.7682
66.6251 26.5156
70.7879 25.2937
71.6357 24.7872
75.4945 25.4471
71.5165 25.2418
70.0223 24.284
77.3998 23.5403
76.5375 24.5943
72.5734 24.6485
75.8867 24.8786
75.8867 24.6153
70.8959 24.422
85.5688 25.4004
83.3257 25.6775
84.3527 26.8818
90.0276 23.5375
90.5265 25.5678
89.7041 24.4193
82.8153 23.8646
85.6644 24.7542
85.6644 25.2519
85.6644 25.8472
74.8417 25.5038
77.2039 26.1752
80.8842 25.9702
79.6898 24.2246
77.8503 25.9402
77.8503 27.5389
80.4735 24.9467
84.6127 23.986
80.254 25.8481
88.6535 26.3079
87.6259 23.3995
87.6259 23.7043
92.1123 25.6279
92.1123 24.0332
92.1123 24.5485
88.5526 25.7534
87.8834 23.5745
93.123 25.2913
90.0467 26.0984
82.2266 26.3426
77.9302 26.242
80.0316 24.3147
89.0135 24.4834
89.8473 24.4112
89.8473 25.3424
77.513 25.3561
86.37 25.2518
85.5128 24.3497
85.5128 26.9895
85.5128 26.1995
78.2211 25.3316
80.6543 23.7854
69.7416 24.695
70.1023 25.4858
79.7518 25.2607
73.6984 25.3745
71.3307 26.5011
70.2109 25.6978
68.5742 26.3037
60.7047 26.6201
62.755 27.3765
56.5137 25.1398
56.1395 25.395
51.4359 26.4242
48.2366 26.635
53.0678 25.6179
51.7014 25.4781
49.8624 25.2695
61.2576 26.6592
59.2973 25.3476
58.7419 24.7367
64.0745 24.462
62.1944 25.1783
65.4543 24.358
68.1955 24.7051
71.3457 24.6416
71.9764 26.5997
73.3392 23.4525
76.9336 26.1032
72.672 25.1022
71.7956 24.8152
71.4689 24.843
68.2956 24.7811
62.2188 25.1643
67.8831 24.8743
70.5493 24.9525
67.3092 25.7679
67.806 27.3653
73.2493 26.5574
73.2493 25.6424
73.2497 27.1027
73.7976 24.1919
76.6249 25.7251
72.4812 25.7319
70.3335 24.704
71.0963 25.922
76.8473 24.8669
69.5651 25.9042
68.3036 24.0776
55.7849 25.7065
55.7849 25.833
55.7849 24.8202
55.7849 26.0341
51.3485 26.6489
51.8205 26.529
51.8205 26.3098
51.2049 28.2332
51.8225 24.4284
53.0402 25.8641
58.6162 26.7064
58.6162 25.7156
62.3875 25.0326
68.563 24.6954
70.9357 24.6837
71.6623 24.7193
65.2397 27.0939
66.1737 26.6746
66.1737 25.9396
66.1737 26.0219
66.0119 25.6131
67.1283 25.6212
69.7844 24.2935
67.0415 26.4538
64.3714 24.6644
68.9434 25.5021
65.5724 25.7102
70.7319 25.1424
64.1954 26.2362
64.6987 25.2313
69.5697 24.8358
74.9011 23.1472
76.9039 25.1459
81.42 24.1137
79.7147 25.5814
72.1261 26.4906
70.5186 25.486
75.6092 26.9541
73.7001 25.9928
77.4227 26.3545
78.0341 26.3132
79.792 25.3992
77.6764 25.343
79.085 24.4178
87.5938 24.8129
83.6519 25.1736
90.0473 24.4321
84.6227 26.3221
81.4948 25.6937
84.7866 24.5058
84.3078 24.5442
79.1479 25.8609
80.6235 24.7741
77.7491 25.1627
77.9879 24.1393
78.0623 24.094
76.8841 23.9306
83.9345 24.3759
82.2851 24.5319
80.3915 24.4301
76.9415 24.1756
71.3623 26.5963
79.5143 26.241
78.6445 24.2671
83.9011 24.8068
80.3258 23.8247
73.9417 26.0222
80.9893 24.116
78.0329 25.7593
78.8812 25.4357
93.4453 27.4815
93.7782 26.6492
92.3896 24.9143
87.146 24.7837
87.146 24.7421
80.0392 24.9567
84.543 25.7369
79.576 25.3515
76.5571 26.0975
79.6102 25.0943
79.2076 24.7817
79.8421 24.0943
77.38 26.2629
71.3419 26.5209
71.8767 25.8635
71.8918 26.0476
72.9289 25.7747
69.5276 26.1528
71.001 24.9369
72.2863 25.5641
73.1886 25.061
69.7101 25.0228
67.5705 25.594
65.9143 23.7435
71.8088 26.9877
73.577 27.1405
78.3345 23.6887
75.8687 24.7461
76.9983 24.3626
72.4725 25.0027
71.5214 26.6152
71.8507 26.0873
65.7265 25.837
66.028 26.3162
66.7782 25.1177
71.3537 26.1999
65.3564 26.9461
73.4345 25.4582
71.313 25.2667
71.313 25.3703
70.6021 25.0633
61.0472 26.0052
59.9596 25.3108
62.8308 25.9099
69.3613 25.4579
69.8948 25.7393
80.0433 25.2234
80.6317 25.0908
79.0831 25.6733
79.1594 25.201
79.1594 26.7515
71.8115 25.3966
70.774 26.013
69.1407 26.1993
69.1407 25.6849
69.1407 25.5053
69.455 25.3251
69.455 24.7885
69.455 25.5128
69.4418 26.8047
77.8359 25.3205
77.8359 24.2476
77.8359 25.232
77.8359 25.5098
77.8359 25.2723
76.9826 26.2353
76.9826 25.9455
77.7446 25.9782
71.5498 24.9152
73.5986 25.3729
73.5986 25.3849
63.5221 26.0831
61.5192 25.576
58.4394 24.8416
65.0919 25.4596
63.8948 25.541
63.5796 25.6014
63.5796 25.357
56.1992 26.001
57.9965 26.1162
57.2589 25.4664
57.2589 23.7616
54.2217 25.2018
56.0836 25.6218
53.8698 26.1455
53.8698 26.8108
53.8698 25.0927
57.243 25.4264
57.243 27.2469
57.243 25.498
57.243 25.0777
59.3617 26.6969
60.5484 26.3482
63.4917 25.184
69.4856 25.243
66.3319 26.9628
70.2847 24.4696
66.7255 24.1528
68.0757 26.683
74.1037 25.9476
75.395 25.4203
73.7577 25.7931
76.5916 25.5221
68.861 26.025
68.7256 24.3432
64.6181 24.0085
69.7047 25.3504
66.2923 25.6789
66.2851 25.8053
66.8278 25.9155
77.7901 25.7316
76.8087 25.8592
72.8571 26.2005
73.7788 23.3953
73.8571 24.8523
73.34 24.4597
73.5073 23.8233
72.3625 24.9109
71.6434 25.5771
68.2198 24.6721
67.5265 25.6737
65.419 24.8575
58.5766 25.7819
58.5766 25.8935
61.7376 25.7994
66.9487 25.3499
65.1886 24.8643
66.2372 24.7601
66.1947 25.3071
66.8749 25.2296
62.9218 26.5466
66.2174 25.7135
66.6504 25.8743
68.0075 25.4607
72.0303 25.1156
67.8236 25.7324
68.2938 25.8355
72.8399 25.1592
72.4973 25.402
72.2258 24.9966
70.6976 26.6357
67.8081 26.768
67.5965 24.6062
63.5105 25.5443
59.4353 27.0643
63.2461 25.4277
62.5334 27.0272
59.042 26.3796
67.931 23.6334
71.9371 26.337
72.1925 26.088
72.1925 26.7634
72.2502 25.6987
79.4839 25.7493
86.0739 26.4201
86.7489 26.3929
78.2584 25.5898
78.2584 25.0258
80.1168 24.3516
73.3332 23.582
74.7566 25.1686
76.6618 25.1717
73.3391 25.4623
72.7383 25.8596
71.5364 26.9478
76.5302 26.891
74.871 27.1683
78.2955 26.9054
76.3802 26.3131
75.2137 26.4148
75.2741 24.5939
77.9032 24.5506
72.6739 24.7557
70.7575 25.05
73.4641 24.844
73.3765 24.9593
64.0659 24.573
65.6102 25.0239
70.753 26.3734
70.0418 26.0972
67.285 26.0142
66.102 24.473
68.0118 24.5655
70.6936 25.7066
72.8266 26.0431
72.3312 24.5377
69.5826 24.6963
65.7759 24.2157
71.3374 24.1636
64.9502 24.0707
67.0447 25.0275
64.9626 25.6957
64.9238 25.707
65.8677 25.187
67.7906 24.722
69.9779 25.9778
75.7512 25.694
75.5104 26.4216
80.4691 25.7791
79.448 24.0979
76.4796 25.7955
71.7806 25.629
75.2217 25.7047
75.2217 26.3832
74.3939 25.7583
66.2128 25.5175
64.999 24.368
65.081 24.4579
58.5847 25.4127
57.8687 25.524
58.1471 25.3709
58.4042 26.0303
60.8528 24.9957
62.0583 25.0767
79.2076 25.3431
71.9983 25.5472
69.9882 23.2044
65.4819 24.1497
67.0963 24.4405
73.7143 24.0516
75.0475 26.6423
75.9365 25.8664
78.8439 24.3407
81.742 25.4321
81.742 25.976
81.742 25.4833
78.4157 26.1408
80.8351 25.7461
81.7549 25.8277
84.6121 24.418
83.8316 25.6517
92.8115 23.644
91.0158 24.4162
91.0158 24.62
91.0158 23.8322
85.6336 24.3724
77.7851 25.0348
82.929 24.3472
86.0918 25.5278
86.9168 24.2638
86.9776 25.5831
80.2583 25.1871
81.135 25.4343
85.4532 25.2538
80.839 26.4784
83.2787 24.9787
77.8335 24.569
77.1853 24.9701
69.8943 25.3045
71.958 25.8299
68.9504 25.9909
69.5891 25.2549
66.0701 25.2885
79.9161 25.2576
82.1589 24.3759
76.8491 25.6813
79.6796 25.9149
79.4813 25.2484
68.477 24.6083
61.2367 26.7103
61.2367 27.0222
61.2367 25.5651
61.4205 25.4137
60.3112 24.9814
57.6702 25.0539
55.1907 25.3581
53.8316 24.8912
55.1199 26.2001
55.6063 24.8058
58.1329 24.9531
54.9084 26.8458
57.3914 25.89
53.9631 24.1854
56.8761 25.1152
55.9029 24.8258
59.6075 24.8557
59.6249 25.4079
61.7293 25.6635
54.9594 26.5102
65.768 25.0976
59.5464 26.9053
58.0965 26.4968
56.7214 24.7146
55.4347 24.8807
58.6794 25.274
68.2064 25.7081
75.7499 25.1686
71.7779 25.2293
71.9433 26.0586
69.727 25.3735
71.7136 25.0499
74.2746 26.3297
70.3861 23.5004
72.9343 24.2953
72.9343 24.4092
71.6603 26.1016
75.9005 25.5704
77.6199 25.1584
84.9611 25.0572
77.825 25.8507
76.3353 25.3251
74.5053 25.6302
73.0183 24.711
64.7251 25.5433
62.9767 25.8897
61.8293 24.5577
61.5528 25.2391
61.5185 25.0706
57.0479 24.9683
57.1606 25.9828
57.1606 25.6547
57.3477 26.3521
57.3477 24.7651
58.5174 26.0134
62.4785 26.0057
62.4785 25.9151
62.4785 26.5859
62.494 26.5706
63.3621 24.2013
69.2662 25.1996
59.0164 25.6185
59.4828 25.0287
60.5426 23.8587
59.1241 25.8553
60.0976 26.5851
58.2658 24.6445
63.1842 24.1724
62.2409 25.2104
66.1898 25.7782
67.4903 24.236
66.4804 26.3326
73.2666 24.5424
74.2954 24.3433
73.2143 25.9626
66.3581 25.6301
61.1221 25.84
62.9765 26.5211
64.1685 26.0004
64.8438 25.6748
73.0863 26.1845
77.0505 25.5411
74.8459 26.3506
77.4688 26.1294
76.4213 26.4125
80.7319 25.3628
76.9603 24.9592
76.6581 24.9614
73.6786 26.9924
73.999 25.8842
70.9321 26.4702
74.0841 27.6218
75.9153 25.3136
71.2202 25.5096
73.7073 24.449
75.6191 25.2526
73.09 25.6158
73.7932 24.9997
74.5149 24.746
73.701 24.0996
70.6102 24.2417
71.0537 24.3595
66.1712 24.5049
71.2172 24.6498
68.3733 24.4288
60.8969 25.4285
60.8969 24.9736
58.4951 26.0712
58.6838 26.2487
60.3181 25.4509
60.3181 24.6827
57.6093 24.6443
59.0339 24.7197
63.9529 24.3552
63.9529 25.5834
69.4384 26.2138
63.9382 24.9133
67.3967 26.275
65.9305 25.7934
62.5216 26.4304
67.3115 26.171
75.4141 25.0941
75.7497 25.8988
73.3106 24.5975
66.3499 25.0616
72.7758 25.3459
72.3818 25.2536
67.8207 26.56
67.8207 24.6596
68.5043 24.3319
72.159 25.2415
72.159 26.055
78.0505 25.2023
69.204 25.4604
72.2911 24.911
72.2911 25.0351
71.8652 24.1339
70.9336 26.8165
78.4609 24.267
75.2451 24.0831
73.9424 24.719
81.4367 24.05
79.2758 24.8736
80.7065 25.7828
82.0534 25.36
84.581 26.0849
87.0166 26.101
88.699 25.8936
77.0093 25.1941
81.5768 25.596
86.3658 24.5474
82.8378 27.0654
90.657 23.9115
88.1045 25.6169
88.1045 25.9827
89.336 25.475
90.3569 25.4435
90.3569 26.3554
77.2292 26.5097
74.9099 26.9941
83.8442 26.5379
80.0565 26.5036
73.6063 25.9516
71.1224 25.8395
70.5063 25.7956
73.664 25.9963
77.218 25.7293
74.8269 23.2299
77.0017 25.5782
80.7594 24.9371
81.7072 24.7166
78.8653 25.6083
84.574 25.531
73.2719 25.5953
80.4094 25.6582
76.0337 25.6523
81.822 25.3531
83.1446 24.622
70.9962 25.4289
87.3208 26.3728
87.2618 25.422
87.2618 26.3102
97.7644 24.7883
97.7644 25.2652
97.6255 23.7231
103.581 25.5903
92.7541 23.0255
88.5569 24.8294
73.926 27.1944
76.79 24.3958
88.7465 24.3817
84.9711 25.1702
85.7245 25.3573
81.5083 25.0773
80.7977 25.2313
81.427 25.683
74.6642 24.2899
65.8734 25.7967
63.7322 25.0325
60.5703 26.86
64.7105 26.4163
66.1547 25.2383
68.9929 25.1389
71.9269 23.7006
69.4236 24.9942
66.2422 26.1354
66.2422 25.1838
66.2125 25.5678
66.8063 25.1891
68.8183 25.7793
68.994 25.5457
68.4377 24.2331
70.1187 26.0441
73.7728 23.891
71.6526 25.2406
72.789 25.3686
67.0697 25.9562
72.9606 25.5709
72.1738 25.2044
75.5782 24.3598
73.5297 25.6662
74.5146 25.0159
72.4495 24.0917
75.6212 25.416
79.2529 26.0869
76.0962 26.4532
76.7583 24.4529
71.5843 25.0281
70.7199 25.4283
79.8658 26.5703
78.5494 26.2184
68.2373 25.5947
66.0643 24.8244
63.9195 23.9431
65.0593 24.1247
59.8329 25.4767
62.0291 26.1039
61.0839 25.4466
60.4129 25.7141
60.4129 25.1405
59.1815 24.9314
57.458 26.6862
59.8421 26.4548
62.9877 24.3018
64.257 24.4377
59.1848 25.1582
57.9825 25.8625
58.0388 26.7565
63.2993 27.3124
60.381 25.7578
59.2273 26.9194
56.3791 24.5937
59.3316 26.3893
65.6173 25.2159
65.2963 24.8508
65.7855 26.1073
65.5559 26.3116
68.4316 26.3659
71.1502 26.2097
70.6956 25.0013
67.4715 24.875
71.9246 24.1461
66.8195 26.9676
69.7841 25.5445
69.6419 24.6876
71.3757 24.2887
74.2117 25.0784
71.6503 25.8585
66.5285 24.1236
63.4452 24.2488
65.7766 23.87
65.8209 24.8533
68.8431 24.6778
73.1791 25.1816
83.271 25.683
89.6328 25.7974
90.2985 25.7977
87.8719 25.2498
88.7027 25.2055
88.7027 25.7632
85.4405 25.099
85.4405 25.2504
80.0592 25.1615
82.4955 25.4412
76.5491 25.0885
78.6398 25.6131
75.4448 24.9567
75.6446 25.7268
69.1073 25.8698
80.5082 25.6197
81.9717 25.5699
81.9473 25.4607
78.3904 26.0177
78.1378 24.4382
80.9669 26.443
84.2157 25.4003
81.6311 24.1259
77.9754 24.6379
87.3284 24.9093
84.8826 24.7279
84.0454 24.0615
86.3846 23.2919
85.5256 24.9549
86.5845 24.7191
89.2205 24.2387
84.5579 23.6638
86.13 23.9997
67.0586 24.94
62.4824 25.8676
62.8359 25.9246
61.288 25.213
62.9831 26.6703
62.0456 24.6489
63.9176 25.4886
60.4204 26.1858
59.8706 26.7772
59.8706 26.763
60.0226 26.8271
65.3564 26.4387
64.6333 25.6728
64.6333 25.1034
57.5951 26.7534
63.7211 26.0998
63.0443 24.6242
55.6933 25.2598
56.5851 25.3342
57.4198 24.1107
66.1633 25.9642
69.3999 26.1448
67.259 25.9557
63.4709 26.0191
62.9492 25.0032
73.7023 25.0674
78.1544 25.3507
78.3775 24.0222
83.2481 26.3046
84.995 25.7056
86.3254 23.7745
85.8917 26.601
81.2276 25.2063
79.797 23.391
75.5301 25.0329
72.5282 25.7942
74.3708 25.0111
64.1343 25.0072
64.7354 25.5907
62.8088 24.6892
64.7692 25.9631
66.0286 25.2617
65.9462 26.5094
67.7083 25.8559
68.2771 26.8831
70.4518 25.1458
70.3644 25.6976
72.377 26.1921
72.1614 25.3683
72.2131 24.8235
72.0322 25.594
71.801 24.4946
69.4334 24.2066
72.8641 25.617
73.4342 25.0147
72.8392 24.6113
73.9514 24.1416
73.9197 26.518
72.2357 26.3341
70.8832 26.2594
74.0549 26.2899
74.6517 26.7505
79.4118 26.7592
76.7208 25.0428
73.8875 25.1299
73.8875 25.3333
74.6079 26.6168
79.0924 24.4508
78.5691 25.2839
79.6785 24.6246
77 25.1818
77 26.0084
82.4718 24.977
86.1997 26.3756
84.6168 25.7663
85.4642 25.5096
84.7744 24.2745
91.649 25.8422
87.8222 25.4641
86.3896 26.8423
79.3359 25.9551
79.2748 25.5097
73.5839 25.072
71.0009 26.6487
72.5644 24.6568
72.9316 24.869
69.2539 25.7563
80.1126 26.2981
82.2652 25.8689
79.5608 25.9782
77.3836 24.4644
79.4397 25.3179
76.5995 25.1869
75.0198 25.4698
80.3481 25.5185
83.6924 26.2032
99.8243 25.4741
96.833 24.3494
99.0387 25.7751
106.844 26.0077
109.822 25.4182
108.035 25.2282
101.885 25.4666
104.166 25.9162
99.4844 26.2564
98.599 24.765
105.483 26.2671
98.6347 24.863
100.808 25.3967
105.209 26.4036
97.4754 25.1541
97.1288 25.031
85.0984 24.1782
85.0896 24.953
92.7232 25.1585
90.2324 25.2435
91.3895 25.0724
88.4407 24.7674
92.7624 25.3911
80.8684 24.3837
83.8937 24.934
85.6108 24.2894
93.4187 24.2007
96.4625 24.0933
95.6421 25.1924
95.6421 24.6359
93.5255 24.5033
86.4631 25.4465
85.184 26.8642
78.1922 26.4126
78.425 26.399
79.5168 26.0162
79.5168 24.9632
80.9018 24.9377
70.7676 25.5412
79.061 24.6148
81.1664 26.0454
92.6755 24.9548
94.5503 24.9554
100.089 25.3326
103.841 24.5741
98.6996 24.798
80.9501 24.6607
79.8588 26.3535
89.9876 24.889
91.8187 23.9294
91.8187 24.456
89.7724 23.8079
89.7724 24.2371
87.1712 26.6018
87.1712 24.2836
82.2893 25.4716
82.1789 23.482
81.3781 24.2262
81.1663 24.7341
81.1663 25.3088
83.4225 24.7068
80.2624 24.5955
80.2624 26.461
79.5213 25.8282
84.0761 25.0209
85.8617 24.5148
79.44 25.6773
81.9997 25.7999
81.6721 24.5066
79.7777 25.7093
81.3814 26.4294
83.2527 26.2287
80.4065 24.8174
83.2719 25.5188
84.4643 24.5825
83.0133 25.3771
83.0133 25.4529
81.2552 26.8929
78.1939 24.7419
77.491 24.7419
77.6323 25.6868
78.1624 24.3671
79.0232 25.0005
78.2461 25.1333
76.1192 24.8996
79.7297 24.9026
73.4999 24.9272
68.3544 25.9977
68.6772 26.3866
71.6318 24.9683
77.3045 25.4515
77.3045 24.5608
79.2704 26.0298
77.1667 25.8675
77.1667 24.4604
79.9205 25.0165
77.7411 25.3426
75.7026 26.0435
81.0737 24.7267
83.8223 25.4834
84.8383 25.919
88.1974 23.8974
83.6605 26.4269
79.4605 25.0112
79.4605 26.1492
79.4605 26.3198
73.4144 22.7557
78.1869 24.5882
78.1869 25.3416
77.9141 26.3695
77.0374 26.5965
77.1844 25.7241
75.9321 25.2416
79.2726 24.096
79.2726 24.5632
76.8919 25.758
76.6795 25.2572
79.0092 25.2333
79.1504 26.5047
76.9108 25.4935
79.6271 25.0067
77.1201 25.0556
73.3165 24.6413
75.1591 26.934
74.2263 25.4758
72.6432 25.5432
66.9317 26.3044
68.076 25.9726
72.5123 24.9202
73.2317 23.7062
73.3189 24.113
74.0299 26.7927
76.713 25.567
76.3442 25.3884
77.9399 24.9058
80.1652 24.9525
84.3492 24.5571
78.2764 24.0739
82.3551 24.656
84.3264 25.5714
86.3201 25.4927
87.0615 25.6073
80.118 25.4929
84.1404 25.852
84.5589 25.6872
88.705 25.3312
88.9642 24.4647
95.9969 24.5254
69.6336 26.4614
76.2304 25.0797
78.9298 26.6516
77.6036 26.986
74.5479 26.3397
79.0267 24.9889
87.8325 23.9429
85.1914 24.2324
92.2632 24.1728
87.6124 25.7205
88.8871 24.2257
89.0451 24.4976
87.4351 26.0052
87.4351 24.8623
84.1496 26.815
85.5356 25.184
91.3136 24.7191
84.8229 25.2481
81.4152 26.198
79.7387 25.9225
81.4565 25.4932
83.7028 27.6646
79.148 25.7633
70.7148 26.1939
69.843 25.1234
66.0901 26.6075
70.6059 24.6316
83.3789 24.6909
82.6882 24.6417
83.1547 24.8811
80.2041 24.829
79.0406 24.748
76.5271 24.331
76.5271 24.4784
76.5271 27.5054
74.9058 23.412
79.4128 23.9087
81.0851 24.5984
81.0851 25.5788
80.8015 25.2844
88.5104 25.2523
87.8183 25.6273
87.8183 25.6321
85.1391 25.2396
82.6152 26.021
82.6152 25.8329
82.7588 25.2991
79.4511 25.8249
79.4511 25.0549
79.4511 25.5724
79.4511 25.4617
75.4248 25.1932
82.9225 26.7165
85.1583 23.916
85.1583 25.2912
85.9981 25.519
88.7773 25.1847
84.8922 27.1572
82.685 24.7415
78.0048 26.1492
75.1834 25.8339
69.9402 24.9925
65.8676 25.9299
69.4014 24.4032
75.8823 25.1578
83.3821 24.9418
79.9446 24.7678
77.5512 24.4261
71.5812 24.6738
73.2606 25.2634
72.5425 24.7837
74.4096 24.9345
73.3433 25.9522
69.4418 25.9204
71.0392 25.0838
70.2024 26.0609
68.9343 26.2346
70.2841 24.6537
72.0802 25.4493
65.4066 25.2428
65.1562 24.6763
69.3472 25.6494
63.3932 25.1722
61.9017 24.9176
62.0838 25.5947
66.0185 26.396
70.2723 23.7478
71.5462 25.1848
72.4506 24.4876
68.5619 25.4883
70.706 25.6039
71.0761 25.9811
71.4395 25.5521
80.3363 25.2654
78.6899 25.3045
75.4631 25.6338
80.4072 23.6372
79.5045 27.2387
80.1948 25.3493
79.8233 25.3667
79.3532 25.2963
76.1827 25.3348
76.5672 25.3277
79.6773 25.2929
74.4029 25.6136
77.3225 23.8348
65.7805 24.7357
67.7658 24.9103
65.382 27.1598
74.9257 25.3819
70.3163 26.9201
67.4536 25.9071
68.2927 26.4083
73.0215 23.6242
68.2403 26.3723
63.3317 24.601
61.293 25.1077
59.9291 24.9854
60.0618 24.8629
67.0651 25.0702
59.2724 26.5623
57.5623 25.2627
57.5623 25.571
61.0294 24.281
61.071 26.4205
55.7036 24.9013
55.7036 25.7087
57.5599 25.8154
57.5599 25.7015
59.6003 27.5215
61.9992 25.3969
60.8243 26.4784
60.8243 25.3131
60.9057 24.8517
59.7554 25.5688
58.5001 25.0529
57.362 24.9727
57.362 25.3854
58.5016 25.4438
58.5016 25.2967
58.5016 24.9395
58.155 23.5282
60.9211 25.1222
68.4489 26.5671
71.8069 25.4571
70.2555 25.0995
71.8996 22.3921
79.1452 26.8552
70.2996 26.6374
70.7704 26.04
67.6471 26.261
65.092 24.1337
65.7194 26.2705
66.8883 26.1804
66.1421 24.9996
66.6353 24.1882
64.2628 25.4
65.6655 25.4395
66.174 27.5051
73.6862 25.9551
77.3461 24.0668
74.7221 25.6987
72.8504 25.5508
68.6792 25.515
69.9237 25.5513
70.7929 26.2025
68.3379 26.4925
70.6844 26.3083
67.402 26.3955
66.7105 24.8388
67.7869 24.0473
64.452 24.4232
61.7869 25.9035
61.6731 27.4218
65.0661 24.7397
67.7174 25.2345
64.7544 26.8305
65.7256 25.1832
68.181 25.1114
71.8966 25.7639
71.3848 25.887
71.7387 25.861
72.4982 25.4653
72.5967 25.7708
72.0046 24.4776
73.3739 24.6387
72.5608 24.6979
72.9878 24.8652
72.66 26.0095
71.9642 25.8216
82.1539 24.5391
85.4323 25.9651
88.4616 23.3001
91.3199 25.8009
91.7538 24.9766
90.9473 25.082
89.2747 24.8044
90.2948 24.4059
93.802 24.4667
80.7706 24.6831
77.5246 25.0125
78.2375 24.5126
72.9275 25.3716
77.8405 25.751
83.0675 26.6841
78.8149 24.3447
81.4669 25.6651
81.5848 24.6037
82.8181 25.5844
82.3213 25.8699
82.6554 24.3391
98.6436 23.201
98.6436 24.1125
94.1758 25.7387
102.479 25.0037
99.8056 24.6666
103.613 25.3743
110.92 25.6449
108.576 25.1099
109.641 24.3741
112.27 23.504
113.352 23.6096
113.352 24.886
113.352 25.8757
111.319 23.9113
116.884 24.2789
116.884 25.8721
116.884 24.303
116.267 24.4728
117.118 24.8331
115.773 24.1973
115.773 24.5989
122.787 23.7055
109.925 25.6955
109.925 25.862
109.925 26.3098
109.925 25.0671
109.757 24.3257
107.504 24.914
101.872 25.438
95.5938 25.7231
94.6989 25.3417
102.876 25.4602
107.778 24.9378
107.778 24.7053
121.92 24.2714
121.92 25.5317
116.246 24.3381
103.775 24.5831
106.424 23.9768
105.133 26.8026
103.969 25.6936
101.805 24.0159
101.805 25.8307
101.805 25.2746
101.805 25.4356
99.0931 25.4453
100.453 25.0762
97.6261 24.4663
89.9507 24.3841
77.0819 26.6755
77.7915 25.2031
79.9534 25.0198
79.9534 25.2369
82.231 25.4545
92.8372 24.6549
88.1667 25.1842
86.7448 25.5459
85.9667 25.6122
85.9806 24.5729
94.4829 24.7835
94.8014 25.3661
93.5663 24.0033
93.6492 24.9326
93.0785 25.3512
107.349 25.3717
105.676 24.7554
94.9261 24.7183
93.8972 23.6998
86.8945 25.747
81.1801 25.1597
85.6534 24.3161
81.6504 25.4803
76.0818 24.4749
81.8087 24.6587
78.0991 25.1073
81.1718 25.4481
81.1718 26.6733
87.8425 26.3015
84.3923 25.7457
84.4462 25.9142
78.9686 26.7054
80.1367 26.3306
82.3059 26.328
82.0559 24.301
82.6093 23.8912
82.6093 25.9337
81.2384 25.1284
80.2907 25.757
79.1929 26.2591
75.0437 22.6971
79.5716 24.4472
80.7756 25.8753
83.3194 24.9649
82.5514 24.546
82.5152 25.0602
81.4639 25.7348
82.1848 25.6264
78.6225 24.4933
78.1206 24.7201
78.9968 24.4364
78.9968 23.6255
77.1096 24.7837
71.6123 24.5569
77.9339 25.166
74.857 25.1519
72.1561 24.9533
74.0373 25.4982
72.6864 26.3182
85.994 24.364
85.3759 25.5694
84.4109 24.307
84.574 24.0116
78.4346 24.4243
74.0999 25.1253
82.7828 25.6575
83.0187 25.3688
81.7402 24.1645
84.4234 24.015
78.5929 25.1447
85.5868 27.055
79.8778 25.543
76.9047 25.7069
77.426 25.7379
73.8745 25.0642
70.2177 25.4063
68.2843 25.4289
68.2843 26.0742
61.1587 26.0031
65.0891 24.9378
64.6957 25.7008
64.15 24.5549
63.0295 25.8259
62.8203 25.9228
64.7427 26.4042
69.0248 25.468
61.2093 26.825
62.5453 25.7171
61.056 25.6988
60.3966 25.0385
60.7626 24.2104
60.7626 27.4202
64.1198 24.1472
59.7223 25.1443
59.7223 25.4642
61.7716 25.1358
58.5518 24.9582
58.5518 26.2766
60.0767 27.1102
61.2908 26.4802
63.4689 25.6386
67.0694 24.8469
68.0728 26.2257
63.8922 25.2721
56.5645 25.6145
58.121 25.11
62.7338 25.4893
54.3993 26.3088
61.7321 25.906
59.8163 25.1141
60.2484 25.2419
62.0371 24.749
62.0371 26.9965
62.0371 25.66
57.8282 24.9376
66.7566 23.5987
70.8302 25.8286
73.1384 23.5041
76.0269 24.8001
64.7379 24.8601
63.3684 25.8777
63.5461 25.4628
64.7084 26.4447
65.5159 24.9426
70.7661 26.3487
67.8372 25.2469
69.3981 26.0656
70.0019 25.3397
70.1244 24.671
71.9064 25.5435
71.5932 26.0848
72.1354 26.1762
73.0155 25.1189
71.8894 25.4473
72.4613 24.3872
70.2034 25.5
71.8753 25.5044
74.5794 25.4851
79.6139 25.4506
83.4841 25.5356
88.2286 25.6748
89.1538 25.8764
84.4807 25.0043
76.6459 25.9986
78.6699 25.5664
78.6556 24.9285
85.2078 25.3348
86.0476 22.9394
80.8004 24.0155
80.7303 25.0219
84.5171 24.9264
79.3366 25.2888
85.4981 25.2594
92.4296 24.9925
97.6929 25.0768
98.8625 23.9599
99.0263 24.9206
97.9008 26.3492
98.0019 23.1267
92.9284 24.7192
87.8337 24.5834
89.2324 24.1019
91.1523 24.0814
87.3179 25.339
90.2741 23.6339
77.7915 25.4924
77.2424 25.9196
81.8735 24.7171
84.8795 25.3926
80.9281 25.2212
75.6763 25.6634
71.7712 25.8228
71.9675 25.4601
65.2689 25.9678
66.2107 26.0072
67.8309 25.9897
66.1938 24.8743
65.6864 24.4428
70.2268 23.9161
67.9802 24.9193
66.5456 25.8699
78.3969 25.3804
76.3532 24.7646
76.3532 25.3579
80.6285 24.743
83.0126 24.1192
78.4965 25.5219
82.0558 24.7793
80.9706 24.2827
81.687 26.0838
81.687 25.5083
78.3208 25.6844
75.6382 25.9886
82.61 26.7123
72.2838 26.0598
71.3448 25.4277
75.035 24.6
75.8336 24.9481
71.4721 25.7884
70.3581 25.7615
73.7901 26.3372
74.5488 25.8763
75.561 26.2252
94.1274 24.9442
96.5908 25.0287
95.1176 25.2677
88.643 24.0099
92.6406 25.9339
90.1311 25.5687
98.2707 25.6639
93.1919 24.2223
93.7964 24.4567
90.1616 26.6138
85.616 26.2481
82.8207 26.118
94.1837 26.1548
87.6681 26.0319
79.0848 25.9986
79.7236 26.4286
83.0713 25.183
80.9167 26.3928
79.5608 26.058
84.8667 25.3868
90.5643 25.0888
89.1506 26.0471
86.7193 25.3979
86.7193 25
95.4382 24.3481
86.8712 25.1784
94.1568 25.9615
93.383 25.0705
78.4871 24.9888
78.9385 24.4923
77.9092 25.7595
70.7984 24.479
80.9568 27.1264
87.5173 25.7127
87.5173 26.1293
82.3985 25.5323
83.0939 24.9281
79.4002 24.0882
74.7642 24.6146
81.4635 24.5828
80.5833 25.4056
84.4426 24.4677
77.5127 24.9182
77.4726 26.2111
77.757 26.698
87.8856 25.3059
75.4435 27.0185
78.9272 25.2294
79.2781 25.3947
77.7908 24.5637
81.6364 25.9348
84.2159 25.495
84.2159 25.5592
81.6882 24.8089
89.3787 25.2221
90.0289 24.4317
83.8754 25.809
78.295 24.9419
75.9862 24.9048
81.2856 25.7202
90.185 25.7466
90.2171 24.4599
95.371 26.4784
93.7578 25.0076
91.4238 25.2077
88.761 24.8054
89.1146 25.9685
92.9137 25.798
84.6423 25.1863
89.5223 25.2234
87.4159 25.8611
83.6974 26.3519
82.9944 25.6305
86.7076 26.4861
80.3394 25.8173
84.5959 26.4608
82.2074 24.0587
77.5068 25.8936
82.1229 25.0787
82.153 25.2165
79.6999 24.9569
83.8115 23.9492
81.0626 25.8605
79.3762 26.2049
79.3687 26.0392
79.2755 25.6516
79.8861 25.2687
77.6498 24.8282
78.5356 24.3829
79.2187 24.6912
83.5501 25.0743
87.8664 24.5767
89.4811 24.3304
86.0213 24.1043
94.5306 23.5295
94.2462 24.2844
94.8864 26.8863
100.3 25.2252
102.3 23.8065
103.143 25.8289
98.1485 25.8093
98.1284 24.4327
98.6216 25.1987
98.6216 25.6
101.213 24.9114
104.761 24.6327
91.1925 25.1873
91.808 24.9954
84.5734 24.514
82.516 25.3467
79.2115 26.0896
73.7992 25.5462
72.8704 25.7243
71.9851 25.782
71.2053 24.5906
70.725 26.0888
71.0141 24.7214
74.3935 24.9783
69.7888 25.9372
72.941 25.2577
72.8388 25.1813
74.2272 24.8075
71.5391 25.4612
69.7609 25.3244
69.9853 25.0536
71.7741 26.155
72.4964 26.0391
70.8851 25.619
73.8357 25.0461
78.5177 25.4304
82.8288 24.8057
83.0991 24.3676
79.1765 25.6548
76.3737 23.952
70.4962 24.3786
72.6332 25.3701
73.5417 25.0236
71.7429 26.228
75.9798 24.7729
76.8222 26.4487
81.3601 26.4442
84.8442 25.4744
82.6916 25.4457
81.2995 25.5454
80.1783 25.2221
86.1761 24.976
86.1761 25.0365
83.0045 25.5209
80.2314 24.2046
81.3854 24.6672
82.3386 25.4699
80.3555 26.2368
92.9576 23.0654
95.5142 24.7068
92.3736 23.8964
91.3622 23.3642
94.7719 25.7054
94.7719 24.5621
87.7367 24.1725
82.8821 23.3846
85.1763 24.0614
85.1763 24.6269
82.0432 24.3494
77.3016 24.7582
78.0993 26.7993
78.1267 25.0781
84.022 24.7522
93.9724 24.5961
87.9811 25.0489
83.5922 24.4679
82.5142 24.5498
79.6201 24.6696
79.2815 24.8232
70.3395 25.1744
72.9498 25.3041
68.1177 24.9201
77.1982 26.326
75.0057 25.3683
73.465 26.039
76.6684 26.0442
79.6665 24.4903
76.3044 26.3525
85.1159 24.4781
85.3921 25.1497
95.2208 23.8367
103.172 23.5785
91.5491 24.6917
97.9165 25.7151
100.13 25.3664
94.8542 24.7576
95.3463 24.7714
90.4787 26.4611
89.2602 24.8246
82.5687 25.5359
80.8773 24.6948
88.2062 24.4216
86.2877 24.2176
88.4545 24.1679
88.9998 25.4493
79.8809 25.7639
77.6185 25.2166
79.8315 23.1073
73.8658 24.3867
72.7862 25.7047
72.9097 26.3948
71.3346 24.5455
70.1976 25.5007
78.2759 24.5104
76.1655 26.8133
74.0049 24.0408
74.9716 24.575
74.96 24.9776
74.9731 26.4466
74.8636 24.9944
78.1768 26.4666
91.7154 24.6266
88.5278 24.8979
86.1443 25.0177
79.8271 24.4003
85.3875 23.5022
91.4238 23.6496
91.4238 23.9478
77.8501 25.2987
82.1347 24.8895
75.763 24.1294
77.9163 24.4239
74.3547 24.8712
73.2563 24.9247
66.8766 25.2746
71.7416 25.9763
67.0294 26.9733
72.7235 26.7934
82.3586 25.5951
86.9355 25.6734
82.0774 26.2946
91.6848 26.3059
96.4771 25.7928
101.142 24.0999
104.894 24.6334
106.566 26.1684
106.566 26.2099
85.8237 25.7923
90.7671 24.4675
95.288 24.5427
88.7828 23.6865
80.2066 25.4714
82.5838 25.1754
84.3324 25.7894
80.6194 24.3034
80.116 25.2399
78.716 24.9972
86.8034 25.0228
79.7531 25.9459
68.0884 25.3855
66.7192 24.7686
68.6359 26.0268
73.9483 24.2228
78.3803 24.513
74.8843 25.0861
73.1168 26.6161
75.3444 22.8768
72.6582 23.2806
73.6999 25.2534
70.492 25.158
69.8208 25.1884
72.7277 23.9937
68.1203 24.7328
77.4146 23.8613
68.6157 26.2244
70.8159 24.3466
79.1378 25.9276
78.9354 24.1742
89.5865 24.6117
89.5865 24.667
87.0061 25.1179
80.0912 25.1675
80.0912 26.3932
72.7206 27.4526
73.3417 25.6621
75.0721 26.1242
75.0721 25.244
70.2592 24.9919
67.8478 25.5118
68.1318 25.2735
69.2593 26.0245
71.5763 25.9143
66.417 24.9165
76.116 25.3837
77.7157 26.1314
72.4858 25.4346
71.7239 26.2104
87.429 23.9995
69.3247 26.6166
67.9885 24.6392
73.0685 24.0314
70.154 25.1466
67.2824 25.9409
73.6873 26.016
80.6955 25.0213
79.1916 24.2966
76.6525 24.5848
77.513 24.5835
78.776 25.6309
77.5411 25.395
79.4051 26.6336
85.835 24.4115
83.1747 24.4092
80.9303 25.3127
80.8429 25.2493
86.8288 24.7035
86.8131 25.566
86.5124 24.9529
81.3722 26.8444
75.5497 25.9121
76.816 27.2808
73.3623 24.872
80.5607 24.9041
79.802 23.8385
80.5512 24.4987
80.5512 25.4191
80.5512 24.6829
84.2346 24.1793
77.7861 25.2782
72.0353 26.8101
87.3827 26.3793
89.6497 25.896
89.6497 24.8172
88.5521 24.5933
80.2044 26.0019
78.0542 25.103
86.256 25.9576
85.9164 25.2383
67.8646 25.5503
62.6877 25.9462
64.2974 27.1405
63.6466 26.2117
63.618 24.5435
64.0889 26.0965
64.5786 25.3479
62.9093 25.3751
63.8778 25.4127
60.4362 25.369
62.852 24.5218
67.4501 24.3401
63.9164 26.9852
66.2196 26.6066
62.4579 24.9372
66.6374 26.866
68.0499 26.8307
56.4249 25.7534
53.5155 24.1023
53.8171 24.8752
52.9782 26.4686
52.9782 25.8835
55.3762 24.1238
63.5465 27.1904
63.9983 25.8251
62.5618 25.2014
69.8851 24.579
70.8198 24.5493
68.9556 24.784
71.0029 25.9603
73.1583 25.4046
67.2201 24.8671
70.3801 24.0121
74.5206 25.5442
74.7154 25.4827
72.3933 26.3286
73.3237 25.3813
75.4261 25.054
79.1651 24.9297
72.821 26.275
72.5349 24.9642
73.7865 25.2938
77.6464 24.8472
75.8524 24.6564
76.207 23.4131
73.2968 24.6461
77.4784 24.2274
76.1392 24.2102
70.1133 25.2185
66.7756 24.4668
66.5353 24.8626
68.8876 24.8606
68.3415 23.8984
62.0407 26.9349
65.844 24.425
66.3145 25.8389
67.0563 26.1905
61.0444 27.2143
62.3189 24.7378
62.7042 24.71
62.4342 24.6885
61.9022 24.693
58.1997 25.3019
57.5258 25.3647
51.0499 25.0634
54.087 25.3249
55.0762 27.5964
58.5232 24.945
58.082 24.9136
51.5311 25.4384
52.2312 26.0138
53.062 24.9165
56.0054 26.0714
58.2852 26.3668
55.33 24.5725
50.2276 26.5951
51.7822 26.4301
51.6138 26.4269
54.4007 25.2723
55.6704 25.0533
55.4453 26.2957
52.9912 26.0946
52.9912 25.5522
51.1321 24.548
51.1321 25.2532
59.5592 26.034
59.2889 25.3481
56.8409 26.1454
62.2597 24.8237
55.2032 24.8914
61.2789 25.7266
61.5597 25.8583
57.5958 25.7178
58.3094 25.2725
57.4006 26.7604
56.4449 26.5851
54.9177 25.9978
59.2882 26.7126
65.1411 25.3851
64.3551 25.8568
67.1728 26.028
68.8238 25.2992
66.2674 25.4358
66.2201 25.4684
71.2848 25.1705
67.9411 25.2495
61.6678 26.0254
61.6678 25.369
62.3229 24.7079
65.9985 24.8009
72.4628 24.8853
72.2696 25.8342
75.5105 23.8152
73.841 25.8409
71.2542 25.9409
70.2879 24.6338
69.182 25.8893
66.7105 25.5557
63.4891 25.5979
64.4329 25.6234
72.0084 25.3231
73.1977 25.7269
64.791 25.6566
65.3267 27.1234
68.5649 24.5195
76.2813 24.5368
74.8203 24.3315
73.4705 26.151
75.2679 22.4789
80.1274 25.6099
84.7354 24.5215
80.9833 24.283
72.2255 25.4734
74.3475 25.4379
73.0795 24.9862
80.6216 26.0076
81.4669 26.9938
81.4669 24.0112
86.5962 24.7792
88.6214 25.4124
88.6214 23.7392
85.308 25.034
70.2874 25.627
70.2874 24.9958
81.6419 25.6151
71.0821 25.4097
73.3653 26.644
74.4219 25.8006
71.5903 26.1573
74.1322 26.9307
78.3832 25.183
73.9245 24.6457
73.2037 24.4956
71.2435 24.7735
73.6543 25.4873
72.6854 25.1668
74.3346 24.7174
75.9095 26.2972
76.3439 25.8316
77.0051 24.8178
78.5565 24.2684
75.8398 25.7885
74.918 24.8855
74.985 25.7101
74.4265 24.9815
74.5458 23.8555
74.8947 24.7931
77.3276 24.9675
82.3325 25.6764
81.2894 26.2095
83.0433 25.1109
74.9892 24.8535
76.5646 25.4445
78.5812 25.5434
79.1001 25.6525
79.9385 25.1901
77.1306 26.0917
75.4427 25.3962
73.5525 26.2559
73.426 26.3243
79.1268 26.3848
80.1507 26.1778
78.9469 25.0345
75.0308 25.7403
66.0954 25.4595
64.1868 26.391
62.3741 24.5877
75.0639 24.5661
71.5623 25.955
71.2105 24.8032
70.1292 24.839
73.5239 24.0124
80.9574 25.8918
78.8852 26.2465
83.1124 23.5112
88.4481 24.7978
87.8951 26.8338
77.4187 26.8472
84.4149 27.0261
87.8335 26.6842
91.9637 26.121
81.2499 25.8888
84.0879 24.6888
77.5723 24.6827
73.6261 26.3306
78.4672 25.3307
72.8986 25.7875
72.9507 25.7448
67.9064 25.6304
71.8271 25.9136
76.7559 25.5183
82.2832 25.4479
87.3818 26.3678
82.4076 23.8932
78.3045 26.1937
77.2938 26.9959
82.2575 25.5587
76.2068 27.0391
78.233 26.2845
80.307 25.4681
83.5864 25.5327
79.9777 24.9408
97.9202 24.8421
91.5745 24.3643
81.8538 25.3041
87.5646 24.8305
84.8158 24.2828
86.289 24.5229
92.9345 26.5458
93.3172 26.6406
94.8749 26.8386
91.3782 26.0887
94.9168 26.2638
84.8316 26.0793
86.977 25.8838
79.6 25.8617
85.2532 25.5585
81.3529 23.8573
87.226 24.6852
82.7787 26.191
85.9842 26.3178
83.8407 24.2684
94.0718 23.9721
98.7163 24.3792
99.4256 24.1223
96.8968 24.0794
94.7507 25.8659
94.8206 24.8692
95.9503 26.1612
93.2214 23.6364
87.0405 24.908
86.8419 24.3689
84.174 25.2332
88.7771 24.9016
83.5287 25.2505
76.996 24.7213
89.1825 26.6477
84.9531 26.5087
80.4808 25.2063
75.0194 26.3811
80.7959 26.5155
68.2242 25.5097
71.0492 26.0337
69.1432 26.94
74.3642 25.6924
76.2838 25.1158
77.0228 24.6481
79.2917 25.6421
90.2321 25.5602
91.0891 25.7894
90.2913 24.1733
88.1428 25.0242
88.1428 25.0403
92.7465 24.7366
85.2474 26.0385
83.4964 24.6099
82.3463 25.1651
80.4637 26.039
80.2684 24.4386
82.9897 26.0881
77.0794 24.9546
78.2526 25.0478
78.7594 24.5052
85.457 25.0164
82.5788 25.0174
81.7377 25.2121
76.6534 24.7864
90.6961 24.599
87.6896 25.7192
70.1137 26.0392
78.9765 26.5678
76.5641 26.5678
83.2596 25.7125
92.7892 24.8858
83.8035 24.1614
80.7745 24.122
75.6844 26.6949
76.2121 24.3016
76.2121 25.1453
83.0643 26.5865
79.3562 26.5613
80.3042 25.289
81.8349 25.1168
80.8173 25.7075
79.8906 25.1357
74.4442 26.0858
66.5929 25.6741
76.3077 26.2882
70.7557 24.5036
74.3718 25.4735
75.7037 25.0213
75.2189 25.7711
77.0721 26.8398
68.4549 24.9752
73.4613 25.2456
67.7399 25.6805
68.9534 25.7512
71.0877 25.576
73.8339 25.1439
76.4486 24.4852
80.4578 25.977
81.2275 24.8133
75.8714 25.781
79.0677 26.609
79.6647 25.4565
80.0954 25.8329
81.9713 25.2108
81.5949 23.7473
76.4505 26.2335
77.1619 25.6398
75.6117 25.7918
68.7103 26.9125
67.3093 24.6089
67.3885 26.6273
66.1736 27.4243
63.3048 26.5263
63.3048 26.1294
66.1995 26.2397
64.7718 26.1503
63.8926 25.7728
60.8626 25.4105
65.6079 25.1394
62.4824 24.2509
65.7587 26.5755
67.5673 25.1459
70.9422 23.6097
76.3116 23.9333
76.0811 26.1428
74.1359 26.7059
74.2785 26.1401
80.8496 24.4845
79.9761 26.1109
78.1347 25.1993
82.772 24.9589
78.4366 25.4466
76.6589 24.9963
76.8056 24.8185
78.4619 24.8488
76.3294 24.8897
73.9205 24.467
76.8288 25.191
76.0571 24.8045
79.7068 25.4885
78.8056 25.7046
76.6646 23.6788
77.1944 24.171
77.096 25.5792
79.7549 26.134
79.7114 24.8149
78.0683 25.3283
74.5495 25.4965
86.2901 26.647
80.125 26.1437
80.5399 27.6946
81.9907 23.5671
75.6808 25.5212
82.2971 24.2113
76.5031 26.8179
78.0509 26.4479
86.6531 23.8707
82.7889 24.1967
76.7823 27.0971
81.3408 25.9993
80.6549 22.6939
82.6205 23.8379
78.1865 25.4334
72.2052 26.6587
80.0045 25.1735
80.6845 25.3612
93.8885 24.0089
87.1048 26.2662
87.1048 24.2931
86.4421 26.2011
86.9112 26.1222
81.5978 24.6709
80.5929 24.4811
74.6851 25.4357
73.6419 25.8977
72.3789 23.8538
76.4688 24.1371
75.5891 26.6742
72.7198 26.7661
68.3399 25.6501
75.7212 26.8016
75.7212 26.6287
80.2057 24.5063
75.7124 25.0675
78.2162 25.255
82.271 24.0866
88.9574 25.2883
78.9416 24.264
83.6385 25.2243
76.6666 24.7044
80.6028 25.2035
73.4246 26.6403
71.5334 25.1849
72.3312 26.4322
75.3231 26.9608
77.8635 24.7368
78.0456 25.3631
76.8732 25.7392
83.2297 23.8837
83.9774 25.3399
80.1035 25.406
84.5385 26.1487
74.3367 27.0895
69.7414 25.9811
72.0045 24.6313
69.2651 25.0785
69.7254 24.6292
73.2616 25.9008
65.9054 25.3099
74.3312 24.9744
71.0142 26.0656
65.0884 26.6769
65.0884 24.6061
74.591 25.0105
73.76 25.2632
70.6283 25.422
69.6741 25.5933
73.5227 25.1787
72.8397 25.5681
73.6426 24.6043
74.1235 25.477
75.7606 25.6314
73.7502 25.4009
72.4328 25.3956
75.7815 26.2193
76.1198 24.5214
73.6295 24.3532
72.8641 24.6239
72.5303 24.0239
72.5303 24.7151
73.6702 25.1857
79.5852 25.1867
68.9644 25.4846
78.1936 24.9683
76.0311 25.5251
74.0608 25.6759
86.7832 26.1008
90.6879 24.4142
84.5812 24.3921
82.5793 24.5078
82.7918 25.1168
85.4575 24.795
85.4969 23.9132
81.7923 25.4544
89.8738 24.7876
89.8738 22.9722
88.0833 24.5516
87.1214 24.4945
90.5965 25.1408
75.3016 24.6393
75.2159 25.4901
73.6551 24.5243
76.252 25.0998
76.939 25.0482
71.6413 24.2989
67.467 26.1371
69.682 26.3399
69.5384 26.2838
69.1722 25.1987
69.1666 25.6571
73.7377 24.741
69.2601 24.9391
74.9354 25.4554
72.046 26.574
80.6301 25.2949
85.775 23.8332
79.541 25.3379
76.0798 25.2242
73.899 24.9933
74.5286 25.2657
73.7824 26.2529
76.7529 25.4943
77.1865 23.0687
84.0002 23.4869
84.034 26.1389
81.1576 24.4882
73.622 25.2617
75.1753 25.8665
73.7471 24.3885
77.598 25.4705
73.8858 24.6942
73.5942 24.9049
69.5422 25.4191
69.4942 26.4269
67.3787 26.134
67.2813 25.6229
67.0132 24.4619
66.9687 25.6881
74.0843 24.677
72.3916 23.8777
82.3292 24.4767
79.2899 24.7858
72.5234 25.0346
69.0811 24.8802
68.7462 24.2003
75.2875 26.9359
75.3305 24.4293
76.126 25.0646
76.435 25.122
77.8249 24.5607
78.6579 25.0905
82.6542 26.1322
86.4873 23.7493
93.8247 25.0858
99.6333 25.096
93.7541 24.724
93.043 24.9553
90.1329 24.7201
96.3237 25.6024
101.434 24.662
98.1875 24.5156
98.1875 26.3472
87.1803 25.0372
88.2607 26.8954
89.7307 24.9396
80.1589 24.5423
104.205 25.2109
109.528 24.1005
100.755 24.1965
99.974 23.9216
99.974 23.1573
101.834 23.8438
100.025 25.4279
107.736 24.0508
103.453 24.9321
119.998 25.1722
119.885 25.9332
119.885 24.4856
119.842 25.855
151.552 25.3998
151.552 25.611
150.622 25.5744
150.622 25.5062
150.622 25.604
137.509 24.1206
137.509 24.9073
137.509 24.9382
133.258 25.2451
134.474 25.3177
120.319 25.0734
121.693 25.1318
121.693 26.7319
121.693 26.4149
124.19 24.2581
126.456 24.4709
127.307 24.8841
116.363 24.0142
105.858 25.3423
108.756 25.1182
106.107 25.445
97.697 25.5308
97.4341 26.4556
90.6756 25.8497
91.2877 25.0832
85.6331 26.2169
81.8463 24.9585
82.1273 25.878
78.5881 26.0013
81.7971 26.5838
80.2102 24.0625
77.4046 25.2408
77.5425 24.8031
77.3719 24.8369
74.3931 24.2677
77.6776 24.8875
79.4884 25.5863
79.4997 25.6632
77.9723 25.5771
75.8275 23.4769
83.2889 24.4929
86.7138 25.7218
86.0635 24.1001
75.7453 23.9723
77.4117 27.0234
78.637 26.9094
84.5204 24.7966
87.1525 24.3752
96.7444 24.6691
96.2758 24.0904
103.149 23.2063
97.5709 24.8067
108.475 25.1351
121.08 24.8587
126.309 24.8096
126.619 25.7892
134.446 24.5477
140.969 23.7926
134.255 25.0283
125.863 24.3138
125.863 25.6162
120.942 26.0758
142.15 27.0664
142.15 23.6674
138.13 26.189
138.13 24.8856
134.129 24.8924
143.165 25.0444
142.314 25.2311
141.504 25.346
141.504 24.2856
141.504 25.4934
141.504 26.274
141.504 25.648
133.878 25.6709
124.075 23.8801
126.597 25.4165
143.475 25.5251
143.834 24.0046
138.959 23.8755
145.877 23.9977
125.211 23.7916
125.211 24.8508
132.121 26.1499
108.609 25.1651
107.877 24.6375
110.35 25.4978
108.106 25.4207
104.773 23.9277
91.744 27.0075
89.2814 26.1798
84.0447 24.8826
85.9744 26.0239
85.9744 26.0057
88.3849 26.0209
89.7792 26.0217
81.3404 25.1006
70.1851 24.8452
71.6505 23.9158
72.5231 25.9059
72.9439 26.3939
75.123 25.4367
80.7986 25.3376
75.6686 26.2424
78.1867 27.1044
82.1162 24.0965
84.5527 24.6109
88.0783 27.2584
83.6181 24.9155
83.7378 24.4486
83.5185 22.5342
86.6917 24.3912
83.303 25.3021
81.4604 26.6162
81.9784 24.5907
89.4799 27.2792
87.4779 23.7331
77.2967 24.076
85.4161 26.2665
84.305 22.3392
84.6124 25.052
80.4236 24.9452
80.2159 24.7442
78.0394 25.049
88.4903 23.2994
90.8536 24.8956
83.3976 24.8918
88.8509 25.7429
80.3243 27.6086
78.616 25.3837
78.418 25.29
80.3912 25.3455
83.4089 25.519
89.2169 26.8043
84.0941 25.346
84.2444 24.9655
83.0993 23.6672
76.9041 25.661
75.2556 26.9751
75.4238 26.5235
81.8517 26.9751
83.7835 24.8655
95.9078 25.8035
95.9078 24.9287
98.845 25.0071
100.922 26.5686
103.82 26.3451
97.3002 24.7026
97.3002 25.5914
91.5392 25.6726
95.5543 25.1787
95.5543 24.7665
94.6822 25.6497
95.4368 23.9478
87.991 24.0808
80.9347 24.0571
85.7718 25.3184
86.9798 24.8812
79.8761 25.7016
80.3112 24.9467
84.763 25.3876
85.6249 25.1133
94.1909 25.2045
86.5324 25.1577
85.7193 25.836
80.2729 25.8179
77.1122 25.2098
73.7411 24.9864
75.8992 24.912
83.6162 25.6171
69.9313 25.0616
75.1649 26.5458
78.226 25.3889
71.2678 24.7359
69.9127 24.8991
78.8845 24.2755
78.5276 24.3247
77.3745 24.4506
77.1756 25.7991
77.1728 23.8753
88.7677 24.9614
84.6158 25.1224
86.503 24.844
86.8185 25.0769
89.8166 24.9191
87.4846 24.6628
83.3591 25.7935
73.4542 24.4541
73.6851 25.9876
69.6373 25.9349
67.2259 25.9588
67.0146 25.2871
72.3871 24.9658
60.6806 25.7309
65.6937 26.8204
65.4977 25.5116
68.4139 24.9721
66.4527 25.1868
68.7275 25.221
75.6759 24.6597
72.5691 26.4408
68.566 24.8795
67.417 24.8039
67.417 26.9163
64.2113 25.105
64.4408 25.2632
61.6648 25.5634
62.3511 26.3656
70.0968 24.8311
67.1315 25.9985
68.2521 26.1157
64.967 27.2625
56.68 25.9319
53.7327 25.3716
53.7327 25.4531
53.0902 25.9803
63.9007 24.9991
62.4337 24.368
69.8272 26.6345
67.1048 24.8148
65.1848 25.2149
70.3832 26.5849
67.9582 25.9721
72.3925 26.4913
74.0443 25.9906
73.5397 24.3544
74.0969 24.825
81.1806 24.0826
85.7477 24.8284
77.4291 24.2061
67.3589 26.77
67.9227 25.0258
67.9227 24.9197
74.0859 24.7064
74.6239 26.2244
70.1287 24.486
67.4895 23.3634
70.5238 24.0799
74.388 25.659
75.2102 26.2443
73.5576 26.5895
78.7456 24.6811
85.2239 24.9123
82.0747 26.7744
84.2106 27.0282
80.6153 25.2375
88.5441 25.9494
86.2225 25.3103
89.5769 24.5079
81.9907 25.8406
84.5983 26.3521
97.0131 24.8794
91.7417 23.6162
85.7872 26.5034
83.2516 25.7835
76.6722 25.4531
82.382 24.6657
83.6666 24.6729
85.0007 26.0865
75.8629 24.731
78.9341 24.5989
73.9283 25.6009
80.9673 26.0472
82.0151 24.0385
89.928 25.8664
87.9929 23.7859
82.762 26.2918
90.0955 23.7404
87.2081 25.5882
88.461 24.5462
85.5453 25.1629
87.7936 24.5536
78.8024 25.0742
75.604 26.5179
72.3801 26.9439
76.3443 25.0817
77.0748 26.6165
77.2935 24.6161
73.1043 26.2097
69.8439 26.1291
73.3015 25.1384
67.5559 25.8044
66.7971 24.4401
65.8688 25.9807
73.099 25.8567
71.2555 25.428
69.4648 25.7669
68.5967 26.9869
67.7759 26.5032
72.3467 25.4023
68.8824 25.7622
65.8225 26.2123
69.0308 24.2664
76.3532 26.0976
75.5807 25.7735
76.5299 26.3583
73.4623 25.7676
75.0396 26.0015
72.4911 25.33
75.9027 24.6353
77.1639 25.1229
77.1611 24.9236
77.1826 24.84
77.1825 25.7329
77.101 26.3568
73.8271 26.277
76.9574 25.9193
75.2322 25.0971
69.8 25.8066
64.1046 25.2404
65.1687 25.0256
67.8369 26.2504
75.7873 24.6306
74.2121 26.8928
70.0954 25.6775
68.5805 25.798
72.4102 25.0559
72.0989 24.3556
66.8636 26.1731
64.7178 25.9091
62.4425 25.9335
59.3444 25.4001
59.3444 25.3859
65.2401 25.1972
59.5296 24.3741
64.3185 24.9221
62.9112 24.0821
67.9675 25.444
71.2734 26.5209
72.7302 26.3189
75.0739 25.7457
73.1791 24.9628
70.9585 25.8855
70.8886 25.2827
67.9676 26.5777
68.8317 24.2724
69.0323 25.2178
64.2995 23.6538
67.9219 23.9132
66.5248 25.5323
68.1271 25.4131
68.0606 24.769
64.0372 24.9229
61.8131 25.947
67.4245 24.505
69.6867 25.6921
69.8707 25.0837
75.3799 25.8223
84.5776 26.7457
92.5589 27.6849
92.5589 24.6299
82.6693 24.7086
86.8566 24.5049
88.2645 25.4539
97.3139 24.6514
107.106 25.3399
75.7682 25.9671
78.738 24.9203
86.3776 26.094
84.175 25.2778
82.6802 25.2417
79.8119 24.5402
85.9832 23.7095
85.2849 25.181
84.1969 24.3963
81.7146 26.1811
89.3384 26.2644
78.1142 26.2766
68.6107 24.1717
71.8773 25.6473
76.8049 23.2366
92.0715 24.8969
79.0183 25.3429
72.1648 25.646
75.5676 26.1247
72.0078 25.3528
70.176 25.5112
68.1202 25.286
72.1751 25.4309
78.2811 25.2492
78.1156 25.0503
78.5519 25.0727
78.5549 25.0801
79.7818 25.2675
84.4233 24.4686
85.1149 23.2484
77.7208 23.0179
81.0741 25.759
87.4745 24.6618
90.7725 25.4053
92.2053 26.4901
94.7721 25.4506
87.7706 25.9977
86.934 25.4711
86.8766 24.1054
85.2973 25.3321
80.3313 25.1253
82.9115 25.6021
78.5658 26.1445
86.0221 26.4182
86.0319 24.4443
86.2619 25.727
77.5562 24.9643
78.1357 26.1548
69.5925 25.8663
70.9639 24.1378
71.2766 24.7151
75.2721 26.0041
82.3795 25.8212
90.2547 24.4926
84.3787 26.7931
85.995 25.6397
82.6221 25.4749
82.2863 24.0682
84.4866 25.3244
77.3879 26.0207
84.3542 25.2471
83.7815 26.3141
86.0697 25.1694
86.0697 26.6273
85.154 26.2374
83.5651 25.3272
82.3978 24.9392
82.2321 25.7512
74.1691 25.2752
76.191 24.4044
78.2411 25.6008
78.5349 26.1587
79.7413 26.0525
80.2852 24.7467
73.2522 23.905
74.8172 26.4874
85.2434 25.5107
76.2691 25.103
76.2691 25.0041
68.2543 25.136
71.8375 25.6751
83.4899 24.54
88.4404 24.5206
84.6762 25.951
77.8251 25.2573
77.6213 24.3978
77.328 24.7896
76.2103 24.7614
79.5193 25.3638
78.9986 25.4054
73.371 23.3551
71.6566 25.8032
73.6497 25.089
74.0338 25.3807
75.0692 25.0446
69.2482 25.7042
64.4936 25.772
66.0359 25.2797
68.9031 25.124
78.656 25.9855
75.902 25.9851
78.4493 25.6125
78.6078 24.8239
78.4547 26.483
77.5824 25.6573
85.8002 25.1889
83.2547 26.0185
81.3807 24.9916
78.0113 25.1247
72.0467 26.6635
86.8281 25.7546
89.988 25.5813
93.4482 25.656
88.5795 26.2545
82.9719 23.3072
87.8634 26.0856
90.6024 25.2762
96.516 24.9416
96.516 25.2171
96.4058 26.9603
97.7171 25.5883
100.358 25.1869
100.358 26.9251
105.332 26.0011
103.526 26.9677
99.6842 25.4541
106.763 24.7518
106.281 25.2791
110.564 24.2655
102.424 25.1185
102.424 25.252
101.132 25.3808
92.9775 25.0739
93.199 26.086
93.199 27.185
94.7939 24.9314
89.9535 25.4961
89.9535 23.6237
84.7143 25.2011
94.833 25.9327
85.7598 24.0288
91.0038 25.9767
92.3836 25.7496
90.4721 25.7436
88.8342 24.2646
88.8342 24.5462
86.778 25.996
77.6549 25.2974
85.1332 24.6789
76.2261 25.9024
79.2591 25.7782
76.9889 26.6142
81.7464 24.7431
79.6741 24.6686
81.921 25.3802
82.3436 25.1021
78.2265 25.0348
79.4427 24.4611
80.9005 24.0144
73.6237 24.7198
75.2637 25.7093
75.9125 24.9119
74.4412 26.5563
77.6511 26.5175
77.0628 24.9303
70.2345 26.035
70.7069 24.9859
70.5904 24.4988
69.876 26.871
69.6856 24.4449
78.304 26.0425
77.9153 25.0089
75.6964 25.4776
85.6622 26.1268
68.7497 25.7921
100.447 24.8925
86.0406 25.1429
85.2552 24.4207
82.6102 25.6864
81.6777 26.0485
80.8253 25.0018
78.4973 24.9548
79.7483 25.7752
74.6944 23.3733
76.9612 24.7061
78.4023 25.4902
74.4673 25.9425
72.5727 26.8126
66.7082 25.4438
77.766 25.6474
87.5815 24.6044
89.096 24.0511
84.9541 26.3103
84.1955 24.2185
69.099 24.9962
73.526 25.4735
73.7195 24.1693
77.4697 25.8172
77.9936 25.171
79.1688 26.3207
82.6735 24.9458
87.2582 26.5655
87.6246 24.3712
84.4541 25.6884
78.2559 25.8634
81.4627 25.5502
78.3721 24.8913
80.4553 23.9945
78.5401 26.195
86.0853 25.0967
87.6971 23.9934
83.589 25.0419
82.8677 24.4039
79.9984 24.7066
76.852 24.5998
76.4766 25.7935
80.3287 24.7312
72.5752 25.8002
75.7174 25.6454
78.371 25.0531
82.9496 25.9335
86.053 25.8362
75.1092 26.921
75.8745 24.0873
73.3562 24.3544
72.57 24.1278
68.1397 25.5044
69.3075 25.1642
69.3426 25.8298
69.0534 25.7954
67.6389 26.2649
66.6118 25.0255
70.2673 25.6329
70.2673 25.738
77.6679 25.5653
72.5159 24.8299
71.9108 24.591
71.9108 24.8209
75.2815 25.0259
65.908 24.484
70.6496 25.1112
70.6496 24.3993
76.4195 25.5024
77.3498 24.3449
76.0687 25.4957
72.0341 24.9457
85.2496 25.4829
87.212 24.9682
88.037 25.2786
88.1992 25.0969
86.5273 25.3576
81.4697 25.3057
86.8905 24.8043
94.0294 24.45
91.2627 24.9515
89.5639 25.2077
86.6007 24.3999
91.0514 25.3418
94.6021 25.7006
88.2632 25.8641
88.7561 23.5699
89.0406 24.3281
88.2064 25.9869
87.2825 24.3842
87.2825 24.9678
84.7103 24.1725
92.7551 24.879
92.7551 25.7069
91.348 25.4429
89.7727 26.0772
91.8621 26.2245
88.6948 24.8039
87.0723 24.7147
86.8472 25.5393
76.2368 24.8345
72.6275 26.6864
79.7858 24.4263
80.2012 25.693
79.9686 25.4228
81.0104 26.4899
82.0984 26.3315
82.3289 26.4708
83.7098 25.5233
84.4362 25.7563
81.9525 25.3108
76.4255 26.5605
79.46 25.5129
82.9821 25.126
76.4353 25.5824
77.4604 24.8391
78.4394 26.0122
80.966 25.3341
81.0983 26.2503
82.3674 23.9053
82.8203 23.8736
78.8059 26.4369
69.9739 26.1759
71.2231 25.8995
70.1183 25.3523
66.9792 24.9961
63.251 25.7075
64.0713 26.2377
66.5328 24.7997
74.0448 25.5726
72.5493 24.6506
71.0189 24.4803
71.0189 25.943
74.5546 25.4757
82.1694 25.8752
75.8892 25.767
84.6773 26.6365
96.3532 24.6153
93.2276 25.2149
89.37 23.82
88.5159 24.8409
91.2738 24.9613
87.8311 26.0331
87.3231 25.7572
90.7335 25.9688
86.505 25.6919
91.4887 25.9762
82.8277 24.9983
76.446 26.2602
80.0953 27.1972
77.7476 26.4471
80.4451 26.3102
76.3263 25.1372
76.8358 25.433
74.6944 25.1071
73.5786 25.4682
75.2258 24.7858
84.3209 24.6647
81.1916 25.0233
74.0883 25.1468
67.0885 25.1919
73.3798 25.2909
76.7398 25.2036
67.9186 24.4651
70.6503 22.8911
69.2082 25.7724
70.5622 25.5542
70.5622 25.0469
70.9923 23.6642
63.77 27.1218
64.645 25.0019
58.8067 26.3282
62.0572 25.1834
58.0202 25.5065
58.0202 24.4449
54.7043 25.8589
55.8996 25.7646
56.806 25.6856
58.7007 26.3874
58.9746 26.7205
60.0732 26.3613
61.7234 23.8967
64.3781 24.7862
64.3781 26.5427
65.1912 26.3923
61.6923 25.6561
63.3372 25.9942
58.3405 26.5598
61.6474 24.9605
63.0882 24.9966
60.6577 24.5993
60.072 25.0226
63.437 26.3157
59.3598 26.4498
61.825 25.85
62.1603 25.3775
63.51 25.4788
71.8366 25.4473
72.4242 25.8065
69.3687 23.4828
71.5954 25.2811
66.9394 25.1757
69.1918 25.4409
68.1399 25.9688
66.7269 26.9413
69.6186 23.7631
70.2328 24.4607
70.2328 25.5431
70.2328 25.0212
76.0352 25.0183
73.7338 24.9919
78.2055 23.8117
76.6589 24.4298
68.9505 24.828
68.9505 24.734
70.4266 24.2874
70.4266 25.9394
76.5617 26.0197
83.2331 25.5341
82.3249 25.2537
80.6322 24.7481
81.0274 26.4238
74.1232 23.874
75.2334 26.0612
77.4757 26.3993
74.2127 24.8234
71.5551 26.2775
69.991 25.9614
66.729 26.8129
64.7412 25.6614
59.5714 25.8745
63.7033 26.1723
70.3523 25.9963
69.9346 23.7454
75.7797 25.6189
70.8605 27.607
71.2061 27.2641
69.6947 26.9991
67.0617 24.4087
75.4013 26.2495
78.473 26.5645
81.3412 26.1677
84.0847 25.4781
88.6807 26.7012
87.4013 25.2657
87.7592 24.9374
83.152 25.0403
92.6609 25.3528
91.7016 25.84
86.4838 25.7732
81.4817 27.1468
77.1604 25.3037
77.0594 25.4201
75.6704 25.3837
75.5459 25.5437
77.445 26.35
76.2429 25.2053
76.7419 24.3078
80.8821 24.2529
71.9853 26.2124
71.2677 24.928
69.1267 27.0472
71.3753 24.6297
69.062 24.2971
65.1522 25.9246
62.3046 27.1499
65.0329 26.5037
73.9699 25.5385
70.86 25.6325
74.1316 26.4322
64.4169 25.2932
69.3348 25.0239
67.7432 26.2816
66.3653 24.3768
68.0667 26.5667
66.0928 24.7026
66.6269 24.2344
72.1794 23.1659
75.0652 24.3834
71.1792 24.6859
74.7104 24.1061
86.2856 24.2073
88.9342 24.142
88.9342 24.3984
85.8607 24.9593
84.6177 23.5245
82.1739 25.8872
86.3546 24.3469
81.1769 24.4127
74.0233 25.3332
75.7592 25.5056
79.1514 25.0319
76.0541 24.7683
76.1492 25.1387
79.5354 26.1567
77.9438 24.6656
77.3754 24.8453
80.7679 26.4821
77.9101 25.1112
73.7912 25.9396
77.2614 25.7071
78.3718 26.0862
73.0061 24.5696
71.754 24.1871
63.767 24.7897
64.0582 24.0841
66.6246 25.9288
68.3865 26.6187
67.441 25.9771
66.1235 25.1201
70.1383 25.6646
69.4896 24.1574
72.4484 25.0198
72.102 24.9437
70.3622 24.9471
64.6381 24.2786
70.135 25.4963
71.0957 25.4684
71.9459 24.6633
74.4391 26.5563
73.0045 25.5458
66.6068 25.7718
66.4732 25.5803
67.2899 26.1655
68.3162 25.4719
66.0053 26.1461
63.8793 26.7706
61.3326 25.7231
60.898 24.7391
62.1754 26.8006
69.0421 23.9555
70.7101 24.49
67.2015 23.0718
68.2954 27.2167
69.9216 26.4348
74.448 26.6713
78.5401 25.5067
88.5554 25.0814
86.0339 25.4539
85.9714 24.0375
97.65 24.3326
86.2202 25.381
80.8569 25.4803
84.7319 26.1012
84.7319 26.6937
84.7319 25.1752
86.5344 26.0571
83.8862 26.7456
70.4431 26.4477
78.4153 24.8539
73.671 25.6912
73.3956 26.3324
71.2533 24.7705
71.7968 24.8767
71.2863 25.4401
72.799 26.4546
78.7315 25.9889
77.4578 24.9827
86.9287 22.9622
88.7223 25.5729
96.4885 24.8311
98.8871 23.5824
93.0581 23.1818
93.0581 24.2014
92.2232 24.2576
86.0128 23.5817
88.5251 24.1256
88.8864 25.0066
81.6949 24.79
84.4638 23.6801
81.254 26.4032
77.2767 24.4519
76.116 24.3292
74.2418 26.1429
74.6988 24.5009
75.9458 25.0044
74.8516 25.181
72.6 25.9011
72.3263 24.8348
70.4632 24.9817
73.9302 25.3697
76.8096 25.356
71.4553 26.4624
71.4607 23.3073
69.9751 25.5425
65.5586 26.6342
64.4927 25.2914
73.4891 24.14
66.435 27.0248
69.2553 24.8645
74.2972 27.2699
76.8442 26.2404
76.726 25.3116
76.4844 24.0669
83.331 25.4162
83.331 25.9725
85.3392 24.3443
79.2183 26.092
83.1529 25.5465
85.3568 25.0654
87.5351 24.4521
85.8947 24.6196
90.4481 24.6757
93.4448 24.9254
92.5832 25.6929
86.7225 24.4923
87.4079 24.9288
92.0829 26.5214
87.2153 25.4531
81.9557 25.3403
84.8364 24.9584
88.3015 24.9618
90.0269 24.2958
84.2959 26.4484
77.8689 26.2591
78.0833 26.6851
75.9122 25.7702
84.4221 24.6449
91.3829 25.4366
87.4926 26.1184
85.9616 24.5658
87.8823 26.7199
87.5896 24.9186
81.4505 24.1852
79.7395 25.7255
76.841 25.5595
78.1503 25.0339
75.6521 25.714
75.2709 24.8465
77.3244 25.7401
70.0508 25.6671
71.0818 25.5182
71.0328 25.9658
70.1501 26.5416
71.5381 25.2873
73.533 25.9514
83.028 24.8321
80.3561 24.2485
74.3148 26.3451
75.1925 25.4278
71.9664 25.1519
73.188 25.7376
72.8124 25.708
71.172 25.612
70.6093 24.2353
70.897 24.6869
69.8744 25.4977
76.4102 25.0616
76.7894 25.3527
72.4126 25.1835
72.1051 26.0629
59.2424 26.1347
63.862 25.9773
63.6227 25.118
66.1673 25.3992
67.8661 25.3839
65.5855 25.0536
67.6872 25.5502
62.8164 24.1699
65.3285 25.3344
61.1388 23.928
68.6569 24.6759
68.1225 23.9322
63.6914 24.8339
59.2707 25.0435
80.7662 23.7209
83.9464 25.439
83.6455 25.5397
87.7483 26.187
94.5889 26.2419
94.9993 26.1401
79.2692 25.3196
76.6919 25.3628
70.2313 25.0697
72.0807 23.7328
71.0616 24.6996
70.4862 24.4679
68.4075 25.7479
67.3105 25.9076
75.4359 24.952
55.8034 24.3525
56.0129 27.1622
60.6799 26.6805
55.7564 26.1552
55.3448 25.0172
54.9619 25.8875
54.6877 24.6617
57.4397 24.3342
59.0044 23.7808
56.2059 24.4668
56.7485 25.4518
58.198 25.2862
60.4328 26.9096
60.622 26.0781
60.9889 25.9388
63.8082 26.2676
59.1141 26.5419
63.5803 26.4739
61.0456 26.901
61.4337 25.6341
60.223 25.0654
56.578 24.2579
56.0376 25.514
55.9117 25.6173
57.4854 26.3702
58.4121 24.6636
55.5255 26.7961
57.1166 24.7888
57.1166 24.7343
59.538 26.968
59.538 26.0909
60.2675 25.2074
56.7119 25.8752
55.8474 26.2549
58.0506 27.0738
59.2815 27.0547
59.7367 27.3132
58.9038 24.6348
59.5462 25.9583
59.7489 26.609
65.9442 24.0023
63.0072 25.8153
60.2497 26.3282
58.5494 25.4623
57.5466 26.4197
57.9796 26.2104
59.3843 26.1791
58.1749 26.0707
61.4754 24.5449
57.1094 25.7751
60.3945 25.1994
57.3919 24.8731
58.3037 24.5583
61.3001 26.6199
57.4015 25.5915
61.7113 25.6496
64.5879 24.7985
62.1707 24.3738
66.654 25.6852
65.3643 27.247
63.7598 25.8248
65.9959 27.7222
65.0698 27.7733
68.6539 24.65
68.7172 25.8325
68.8432 24.4323
69.8733 24.9782
72.1721 25.7377
71.678 25.8797
70.3766 26.8744
64.5654 23.4672
61.116 23.6446
58.8639 25.2251
59.9088 26.9558
59.8453 23.9193
59.5481 24.7932
59.8712 24.4655
60.1914 27.218
62.0092 26.2287
62.8975 25.7772
60.6249 25.6598
59.9107 26.1501
60.9251 24.4848
66.5949 27.0481
62.6699 25.9909
62.089 25.0288
61.9117 25.4746
58.5036 25.4559
65.6159 26.974
67.0295 26.4114
64.5833 25.1252
64.1559 24.6326
67.6062 24.8767
71.6747 24.1294
74.5388 24.1895
71.6674 24.2134
70.1083 24.9981
69.0498 26.326
72.5892 26.175
71.2653 23.2607
68.7231 25.7787
69.4168 25.4008
84.4084 25.6276
81.1796 26.2749
79.7906 24.8273
81.9276 26.1935
82.204 25.9702
77.7555 26.4237
80.2035 25.7965
86.4111 26.0889
84.9778 25.733
82.7501 25.2011
82.4383 25.3574
85.0365 25.6435
87.3638 26.4431
87.3368 24.5431
80.8022 25.0038
83.9489 25.0406
78.8997 23.7671
74.739 26.1933
75.2573 25.2668
78.3442 24.6145
74.4854 24.1981
83.6421 25.5827
78.2005 26.1979
77.7488 25.3241
75.3582 24.7888
74.568 25.3085
75.9962 25.8273
74.1735 26.6373
77.2122 27.6033
75.8851 23.755
70.8885 24.2571
70.8885 26.0982
68.009 26.1961
65.4234 25.7425
71.5219 25.9302
71.2598 26.111
77.8624 24.9728
77.2034 24.9647
77.2034 24.5895
80.0152 24.9489
81.0682 26.0131
81.903 26.7307
81.6387 24.7702
82.8314 25.7926
83.0108 26.2134
78.1635 25.838
92.1456 25.9117
92.1456 25.9751
92.3797 25.5855
92.3797 26.7924
92.3797 25.7379
92.7716 25.8116
91.6654 25.6906
95.3354 24.2765
92.1947 26.4535
92.1947 27.3176
95.4407 25.0427
95.4407 24.9958
93.194 26.3283
93.194 25.9425
93.194 27.1245
93.194 24.4591
93.194 25.4357
80.9181 26.0013
82.25 25.2809
84.5591 24.6177
82.7985 26.9141
83.265 25.4321
85.474 24.326
85.474 24.9299
88.7614 25.6506
88.7614 25.8385
88.7614 25.6122
87.9095 26.2649
87.9095 26.2704
86.5131 26.3193
86.5131 24.5372
86.5131 24.7956
80.0146 26.1405
79.0464 25.6336
74.2214 27.6306
74.1055 24.3343
80.1591 25.4119
73.5332 26.5395
66.6149 25.0813
69.483 25.0116
64.9338 23.4939
65.3222 25.1709
62.9369 25.4457
60.8916 26.7213
56.8432 24.9261
56.0483 25.7604
57.2944 26.0917
55.7754 25.4325
55.5964 26.4325
54.3608 26.0945
56.3258 25.6128
55.0482 24.4015
53.8962 25.9227
52.7041 25.4039
52.7041 25.4259
53.4483 25.4482
55.9048 25.5209
59.5563 25.8992
58.0513 26.2591
53.0275 26.2931
58.9436 26.2985
59.2279 25.5676
59.5977 24.5869
57.2008 26.6858
56.8104 26.9891
56.8104 24.5665
65.269 24.846
67.5037 24.7721
75.6052 26.3123
76.0875 25.108
75.649 26.6031
76.765 26.4467
80.1952 23.8005
78.858 25.0956
81.9164 23.8981
81.8406 25.92
80.1238 26.2363
81.3654 24.6243
78.9808 25.4609
69.4316 25.4852
67.2431 26.2324
71.1648 26.2176
69.7769 25.9345
69.7769 25.1214
69.7769 25.961
76.3758 25.5614
86.683 24.6527
78.2191 24.43
66.7725 24.5958
66.7725 25.7079
66.7725 25.8942
71.4825 25.3214
68.5274 25.6978
72.5957 24.4681
71.9004 24.9014
68.8098 25.6852
71.7422 25.1389
75.4353 24.7783
73.1557 26.0659
68.4305 27.0364
72.2578 26.4692
74.2807 25.872
71.4906 24.8478
71.8226 25.9661
66.6837 24.7658
65.5407 25.1854
60.4168 26.5505
65.0794 25.3122
65.0794 25.2252
62.5125 24.4001
66.2002 24.5661
64.3996 26.037
67.3844 27.3433
65.1627 25.9787
66.5972 25.5143
68.9162 24.8118
69.2608 24.916
69.0618 24.4383
67.0559 24.5593
67.4946 25.3804
74.8816 24.8578
72.2299 24.4527
68.2436 25.7011
67.8459 25.3369
69.0273 25.6966
68.1378 25.4758
67.1511 24.8945
62.6803 27.4367
67.2823 26.9408
69.7048 27.0742
66.9975 27.0466
68.5709 25.0174
73.9457 26.0322
77.3638 25.1814
71.3225 25.5775
74.3365 25.2282
72.8617 26.3941
77.2315 23.875
80.1271 27.859
81.7748 25.2456
79.6294 25.1408
77.1054 25.269
79.9275 26.1365
76.0507 26.0565
68.9023 26.6861
72.4944 25.4237
73.5471 24.2552
73.9203 25.0544
79.0035 25.2731
77.5162 25.2289
79.9795 25.0076
81.9764 25.2752
77.3319 26.6104
80.0079 25.6196
76.4055 25.2741
71.4557 25.1153
69.7187 25.9904
70.8889 26.0432
78.6837 23.2623
71.6659 25.1693
76.3712 26.1465
76.3712 25.5318
76.3712 25.7755
75.3674 26.5743
79.5478 25.0034
77.3275 24.4903
72.5228 25.5585
72.5228 25.4671
72.5228 27.8585
72.6052 24.0732
71.1593 23.1208
71.1593 25.9419
71.1593 24.9033
70.799 26.2689
76.0455 25.3709
79.6188 25.693
80.7816 25.1436
78.4029 25.2728
86.4316 24.1298
79.9879 25.7805
85.2924 25.7702
87.4181 24.4626
74.0803 26.036
74.1858 25.0515
73.3232 24.8222
73.6175 24.9135
76.0392 25.624
73.4504 25.9539
79.4149 24.558
79.0909 26.0717
79.0705 24.0676
78.5189 24.9523
71.8837 26.9544
84.5043 26.1549
85.0693 25.945
83.9549 24.0971
92.8706 25.4753
84.8693 24.721
79.3374 24.7586
71.616 23.5861
71.7038 24.8642
66.7956 26.1177
64.3064 24.6034
63.8655 25.9385
62.0332 26.1471
55.4113 25.2738
56.2521 25.0479
57.1424 26.292
59.8916 26.0492
62.8671 26.2238
54.4637 25.097
55.5982 26.2846
55.5982 27.4851
56.7063 26.9397
53.3927 25.5123
53.7478 26.2863
53.7478 25.0076
62.8842 25.4818
63.7506 25.5449
61.1537 25.0371
64.7813 24.2253
69.553 24.9953
67.4224 24.6392
70.3343 24.8524
68.3209 23.9088
68.3209 24.689
71.3858 24.7452
69.5595 24.961
64.5539 25.0653
73.6077 25.178
69.8576 26.4027
73.8342 24.5534
72.8453 24.7942
81.7879 25.6606
82.8718 23.9339
84.2553 25.0429
82.5398 24.4977
83.818 24.5246
85.8996 23.92
85.2758 23.92
87.6431 25.2309
94.7085 24.4178
99.1788 23.9784
93.1531 23.7482
85.0041 25.0273
79.6521 25.6597
77.8584 25.4763
82.071 24.1959
75.6875 25.1142
79.5528 26.7121
78.4534 24.6427
84.006 24.0256
76.4191 25.1179
76.2028 24.9608
74.5122 24.5464
72.7082 25.4173
74.2205 24.7167
68.9648 24.0377
72.2394 25.3045
72.016 24.9743
72.0509 24.866
71.2277 26.0028
70.9192 24.1615
72.3029 24.783
68.3385 24.6351
70.2561 25.51
71.7082 25.2109
72.003 25.0201
79.8864 25.1838
77.3166 24.8225
78.7928 24.0761
79.0317 26.2089
81.075 25.8416
75.3976 26.2204
75.2395 26.2149
72.056 25.5032
71.2773 25.3072
68.3545 27.1232
69.8998 26.3322
73.8234 24.6737
73.6229 25.5616
76.2169 24.8945
78.5805 24.6155
70.6779 25.0348
70.4468 23.9666
78.6352 24.433
74.9361 24.4883
75.5391 24.41
72.2632 26.2853
72.4878 25.956
70.126 24.8428
72.6187 23.4235
70.005 25.3952
70.005 24.6319
68.9777 26.0185
70.5766 25.0312
65.7421 25.9039
69.5352 25.2962
69.5352 25.4117
65.2728 25.6682
71.9059 24.6867
67.6249 25.674
69.7532 25.6898
69.8971 24.0758
71.4699 24.3415
67.4739 25.0953
70.315 26.2784
67.8182 25.1284
64.2005 26.1602
64.6341 26.5213
70.2501 23.5975
71.2235 25.0413
67.4343 24.7546
66.801 25.746
69.4763 25.2617
68.4105 27.0769
65.3342 24.2324
68.4241 24.2102
67.7333 26.8912
70.65 24.7696
85.5166 24.8384
98.7544 24.4828
88.4804 23.7555
93.7504 24.3181
93.7504 26.118
87.4528 25.2266
87.2733 25.8004
80.63 23.5218
71.3867 23.8801
71.2339 24.9673
71.3405 25.1114
68.7351 25.043
71.3107 25.3804
67.6769 26.278
63.902 25.8068
64.8317 24.7966
66.425 26.8045
61.5157 26.33
59.7351 26.3777
61.4597 26.3742
59.15 26.0016
59.15 25.5536
57.0172 26.2814
57.4888 26.5943
57.4888 25.6195
50.4567 26.3778
50.4567 24.9444
50.1393 24.8504
50.1393 24.7231
53.1201 26.5215
53.5947 26.5872
53.0392 26.7357
50.6972 25.7433
54.1547 25.2649
52.8584 26.3984
52.4681 25.2938
53.5949 26.3054
54.3768 23.4721
55.3656 25.7993
56.2723 25.5425
59.7304 25.0608
62.2173 24.8634
58.756 25.2952
61.2321 26.5839
57.0912 26.9176
51.8493 27.4221
52.221 27.0504
55.8846 26.7926
60.8393 25.2468
61.7718 26.0373
60.841 23.7693
56.6035 26.8364
63.5379 24.8916
60.7646 24.7543
60.0248 25.3456
61.0635 25.6278
61.6843 25.1856
61.695 24.3833
58.4425 24.5896
58.2299 23.7029
61.8209 26.609
62.23 26.1095
62.0578 25.5937
66.1116 23.8249
65.2217 25.4219
70.5783 24.5254
74.3491 26.1914
73.6471 26.7334
75.8388 23.7799
72.6834 25.4022
73.1821 26.3777
74.8713 25.0027
74.8713 24.9154
67.2774 25.2521
63.5778 25.6096
64.3023 25.9394
69.5658 23.9599
65.8606 24.7924
66.5955 26.2948
65.8292 26.3344
65.1967 25.071
76.8916 24.7778
77.5459 24.7442
73.3155 24.5261
71.6812 25.0381
69.7787 25.3922
72.119 25.0126
73.8502 25.3457
80.1365 24.881
72.1519 25.4748
73.9198 26.2635
77.3369 23.8757
79.2194 23.8961
79.3897 24.8306
79.4072 25.8756
81.3437 23.5803
74.6235 26.0206
72.6216 26.9361
72.6216 25.1427
73.2782 25.0139
72.1563 25.2877
73.2706 25.5269
70.2118 25.8828
98.8252 24.6866
96.7811 27.2294
88.3853 27.0034
86.6599 25.7477
85.9727 25.55
83.8033 25.7089
90.7442 24.1744
92.8858 24.2049
82.8034 25.5299
84.2629 27.9015
87.4793 27.7775
87.1973 24.6648
95.4824 24.2915
95.4824 26.727
95.4824 24.0636
97.2445 23.7046
100.059 26.4395
100.059 25.8865
101.357 25.0304
104.142 25.6478
102.471 26.3095
94.4541 26.3581
98.1505 24.971
93.7885 25.6912
96.3967 24.763
98.8263 25.6099
97.5993 24.4762
97.3175 24.6933
90.1299 25.0224
99.5116 26.303
97.5305 24.7449
83.0324 25.6498
83.8035 24.2951
86.9549 24.3002
86.0893 25.1832
86.4893 24.6947
86.4893 26.5069
80.5891 25.314
80.5891 26.027
69.2989 25.061
62.8724 25.8194
67.655 26.7409
79.8806 25.737
74.6277 23.9191
74.3957 26.0052
80.3256 25.8784
81.3304 26.0109
81.1332 25.1789
77.7688 25.5253
76.8491 25.328
87.1929 25.4307
89.1491 25.5286
86.6431 24.8414
85.8051 26.169
76.7132 25.8597
74.6991 25.6093
82.9567 24.7594
79.0876 24.6284
82.1694 24.418
77.0615 24.7538
78.3481 24.6186
76.4802 24.9152
73.8055 25.641
71.5037 26.0591
71.3756 25.6394
72.7502 25.2467
73.466 25.5245
74.0067 24.9634
73.3625 26.4306
70.4746 24.4104
70.4746 24.6274
69.1838 26.5957
66.6436 25.4209
64.8422 24.7648
65.7765 25.4019
72.8699 25.4445
74.6249 24.7676
77.3571 26.5284
72.5999 24.6972
74.4825 24.3672
64.3253 25.2335
65.2841 24.6503
61.0644 24.6417
63.1013 24.6181
63.5141 24.5933
65.9459 25.8486
72.6733 26.7568
72.6733 25.1855
77.6797 21.3198
70.7244 27.0904
77.0901 25.6506
67.6592 24.0851
64.5428 24.7156
65.9615 26.6671
67.093 24.4738
61.7987 24.5048
68.4117 24.8749
65.67 26.0156
65.6651 26.1665
67.6828 26.2836
68.8886 25.4655
69.1403 25.0407
73.1343 25.5038
71.8839 24.4331
71.7694 25.0061
69.5119 26.211
69.5119 25.9583
70.4229 26.4544
69.7942 25.4969
72.447 26.6068
71.3659 26.5179
73.7741 26.303
80.378 26.9067
72.4513 24.24
75.2322 27.2041
84.0687 26.0313
85.0079 25.6609
85.5811 24.6974
89.4939 25.6223
94.8218 25.1555
93.6217 25.1345
96.9929 25.1346
89.216 26.119
80.1212 25.857
78.1877 26.4256
79.7719 24.5338
79.9292 25.4939
75.2018 25.837
80.5729 25.0947
77.8157 25.264
74.1705 26.2468
79.3521 26.2012
73.1619 27.4267
71.5222 24.5119
73.1385 27.6026
72.4966 25.7216
76.6266 26.4022
75.5015 23.0912
75.3461 24.7899
80.576 25.0841
83.1087 23.6752
82.8154 26.8917
84.9675 24.4831
82.6434 24.1073
82.4181 25.2418
85.8092 26.1003
86.7082 25.3365
88.7896 24.8738
89.6739 25.6614
86.8644 26.4309
79.7823 24.8439
80.2785 24.5192
81.6222 25.8275
82.693 24.437
76.7869 24.5331
77.78 26.7149
68.7905 25.1995
67.9333 25.2478
69.1719 26.4568
66.3476 25.1965
65.607 25.9422
71.5181 26.093
77.0966 26.1072
73.3186 25.63
80.1139 24.2444
78.2912 25.7549
77.691 25.3108
73.9558 26.1734
75.8365 25.2047
75.8343 25.8653
72.1874 26.6987
70.2051 24.7364
72.0049 25.7561
72.3643 25.6716
73.7765 25.3109
71.7645 25.9624
77.4939 26.2133
74.4552 25.9844
76.8849 25.768
74.6049 24.6819
86.2394 26.3122
85.3838 26.6092
85.5913 22.3821
80.1147 25.016
78.1006 26.2679
78.9904 26.5895
82.7682 24.0659
81.0611 26.1604
88.9567 24.5
103.148 25.5318
102.542 25.0685
93.7802 24.8494
90.9113 26.4872
91.3992 25.2833
94.3549 25.1564
84.7034 25.1214
85.1692 25.0347
80.5016 24.5425
82.8679 26.9865
80.7122 26.7716
90.2631 26.0719
88.9494 24.776
89.2337 26.1373
82.0159 24.3055
83.8032 25.0962
83.8032 26.0982
91.5965 24.7941
93.9574 25.4054
92.4194 25.4435
94.7183 25.0697
94.6063 25.4015
94.6063 23.5505
89.8827 25.7984
80.1405 27.422
90.0901 26.4458
90.2868 26.1582
96.6612 24.54
96.6612 27.0148
105.843 25.5798
93.7033 24.7477
84.7897 24.8808
84.998 25.8419
79.1903 26.1917
78.8765 26.3457
80.467 25.2115
79.9218 25.3823
79.9218 25.2382
79.9027 24.7631
86.49 25.54
84.2536 24.3305
83.9177 23.6024
78.023 25.9212
75.8356 26.2304
72.6262 25.2321
77.4075 25.4614
78.5737 24.6581
75.9395 24.8255
78.3164 25.2637
71.5638 25.1768
77.6193 25.3799
78.1643 25.6491
75.9548 24.3125
78.9783 25.5395
77.7223 24.6311
71.4161 24.5325
68.6405 25.9058
67.1398 26.332
68.1623 25.3174
69.0204 25.8802
77.3594 23.8651
84.2161 26.7839
85.9767 24.7051
85.9767 25.8726
94.8615 25.039
90.273 26.2519
86.1878 26.5347
102.537 26.0573
89.3128 24.7193
87.3391 23.8447
85.8959 24.7058
78.4096 25.2116
75.3044 25.6586
80.2423 25.3056
75.1208 24.3466
75.1208 24.4065
75.1208 24.9947
85.96 24.9797
97.01 24.5497
91.0584 25.4667
93.9876 24.5698
83.7085 24.4535
93.2488 25.1105
86.1368 24.9046
84.342 25.1926
85.9852 26.0136
84.0667 25.6736
92.6449 24.7001
86.9952 24.2149
85.7153 24.4589
86.1556 24.7684
86.1556 25.4734
81.3344 24.6256
88.6916 26.1293
94.2049 26.0643
90.9429 27.1431
84.6479 24.6497
83.3262 23.8093
81.8897 24.6492
79.3653 23.9533
78.8593 24.9205
73.0098 24.9627
75.3893 25.5284
77.505 25.5814
76.7601 26.3132
81.2735 27.5546
80.8417 27.1142
81.9806 25.9676
86.9138 25.3937
80.934 26.0096
75.7735 26.6488
75.7219 24.9215
81.3138 23.9313
80.0436 25.6089
63.1759 25.6591
69.2823 25.3259
69.5943 26.0625
71.499 26.0955
73.5719 25.7223
59.3759 27.8059
59.0104 25.8663
63.3588 24.8798
63.9869 24.9604
62.6003 23.6359
61.6119 26.2176
66.327 24.1679
66.327 24.6923
73.8768 25.2568
76.2521 26.2407
77.3339 24.0213
78.3168 24.2459
82.5328 24.5733
85.4533 24.4922
78.2227 25.7103
76.2895 25.9199
77.3443 25.7043
81.3884 25.6486
86.4802 26.1646
86.4164 25.7544
87.8842 25.259
86.8867 25.2645
88.5524 24.649
90.1077 26.3491
86.2893 25.3367
79.2341 26.4929
77.1508 24.9887
78.5364 26.0344
77.903 26.0983
76.7755 25.7098
76.9734 25.0027
72.0357 24.8578
70.8326 25.8027
70.8326 24.0437
70.8326 22.8385
66.5195 24.5616
80.7072 23.2484
76.4485 26.4492
74.202 27.0132
72.7367 26.0452
71.6097 25.621
72.3098 25.693
72.2408 26.6249
69.7593 26.1866
64.561 25.5827
62.6724 25.8531
64.1694 25.8599
63.7292 25.9733
70.9374 25.9387
71.5659 25.6688
73.0353 26.1137
71.9333 26.9339
72.1555 26.8637
68.438 26.2002
71.8949 25.5973
69.0146 26.5886
66.1503 25.361
67.838 25.7404
66.1877 25.386
66.3683 25.3048
66.5868 23.5045
72.355 24.0475
79.5774 26.1126
83.6234 23.7895
82.1587 24.8986
80.2442 24.8377
83.2453 25.4063
80.4404 24.9977
83.7956 24.653
88.6135 24.8859
84.0384 25.5993
80.6332 25.6893
85.1824 25.0047
74.8747 25.9227
76.9406 25.4497
79.0149 25.2143
79.2004 25.5985
80.4744 25.2165
78.2072 25.035
71.9386 25.1204
71.7977 25.1204
74.74 25.3443
74.786 24.748
72.5238 25.4778
70.547 24.4261
69.9266 25.1237
68.0523 24.8707
68.5277 25.1155
66.9074 26.5859
70.7562 25.8433
73.6954 25.8116
73.2354 23.6214
72.9123 25.5109
71.1095 25.9482
73.0426 25.4746
72.8995 25.9771
73.4565 25.675
74.3622 24.6496
71.6011 25.3257
72.7318 25.0903
65.9156 27.0786
70.2128 24.8715
69.977 24.0871
66.3454 25.0252
67.4985 26.5319
70.7514 25.7678
76.6502 25.1066
73.5984 24.4483
71.1498 26.5002
71.9104 24.6247
69.8935 25.3109
77.0423 25.4367
78.7527 25.245
78.8069 24.721
79.418 24.6966
81.1585 23.3821
81.8833 25.4925
82.2844 23.9609
77.6458 25.4442
85.3397 24.9686
83.5754 25.4243
85.5941 25.3663
79.5725 25.3681
81.8532 25.3727
80.5189 25.3666
78.5692 25.3941
82.1627 24.7333
84.07 25.3906
84.3881 25.4682
82.0942 24.9302
82.2281 26.1835
89.1624 25.4992
84.3186 24.8422
65.7658 24.4136
65.445 25.142
65.4024 25.3267
64.7265 26.3406
64.96 26.2688
67.7974 24.7017
67.592 25.9055
72.3462 25.4832
74.436 25.0699
71.5215 25.1051
68.0636 24.3942
68.3992 27.2551
74.4395 25.1913
71.1547 25.139
71.6329 24.948
70.6475 24.0775
66.7893 25.6807
67.1877 25.6148
66.7697 24.1653
68.0062 27.2043
67.0502 26.8069
69.5339 25.7222
75.7536 25.2746
72.7342 24.8604
82.8698 25.4215
92.4745 26.2863
103.956 24.445
81.1117 26.7949
77.3035 25.1777
77.363 24.7618
78.8111 24.8983
78.1004 24.4075
76.042 24.5404
75.1265 25.8137
78.2455 25.5316
76.736 26.7742
76.9905 26.192
76.9905 26.7168
76.9905 25.6078
76.9905 24.5241
72.8254 26.0403
73.9611 25.2763
76.2131 25.0614
76.2131 25.4552
77.278 25.0838
76.1332 24.6154
75.1845 22.6403
77.0751 25.489
77.0751 25.6668
77.8695 25.4608
77.2945 26.8668
77.2945 25.8578
77.2945 25.3542
73.9749 26.2517
74.371 25.4063
74.371 25.0449
70.9079 25.6892
70.5122 25.4651
66.7349 26.5646
69.3245 27.4786
84.0558 25.6603
84.0558 25.9129
90.7074 24.8862
81.4068 25.7036
86.6774 25.1005
86.2446 24.5193
86.7891 24.607
86.7891 25.7591
83.2572 25.8285
82.421 25.7738
78.4941 25.5413
74.367 25.7073
79.2102 25.3138
78.5203 25.6384
79.0673 25.5832
77.0501 25.0954
79.0431 26.4642
74.1373 24.8574
74.9964 24.2823
73.92 26.2096
81.47 23.4579
80.2931 24.9479
83.8346 25.3608
84.7558 25.8615
81.3418 25.048
79.5428 26.4533
78.2927 23.4002
80.956 24.0574
78.2161 25.5052
75.9665 25.9357
71.6013 24.8556
67.5654 26.5882
66.9064 26.0925
64.3835 25.6583
62.3991 25.4711
60.5125 25.4711
60.009 25.1961
59.1034 25.013
51.4115 25.4224
51.4115 25.7206
51.4115 24.789
52.6315 25.8688
57.4735 25.773
58.0676 26.0613
68.5031 25.506
90.3631 25.7031
86.0529 24.6011
86.5933 24.123
77.8635 24.1385
76.6227 24.6271
76.5323 23.7175
74.4118 24.2979
75.9543 24.8529
74.1337 26.6188
74.6076 26.0475
69.8506 26.7739
75.0045 24.9655
70.6733 24.4269
76.2193 23.6317
72.5617 24.4718
73.7593 24.2411
61.4814 24.3677
69.2946 25.908
71.8385 25.0054
63.6513 26.4517
63.6513 25.5759
63.6513 25.761
65.1285 26.3776
64.8356 24.9934
62.5895 25.8045
62.5895 26.5415
65.0795 25.4634
65.3461 25.3457
67.033 26.1525
71.6001 25.4804
76.6133 24.9945
75.8215 25.0062
75.8215 25.7609
81.1906 25.7824
78.7346 24.1263
83.6978 26.6533
95.047 26.2879
95.0622 25.3175
102.021 24.0385
84.3963 24.2813
80.0414 24.1173
84.7739 24.6281
88.9189 27.2135
85.2906 26.5791
84.2105 25.1317
85.7742 23.8487
90.0057 25.7439
85.0506 26.0141
90.3596 26.5071
89.4309 25.3012
87.7493 24.3887
85.3077 23.6227
83.2334 24.9743
80.2627 25.525
80.3202 24.4253
78.9766 25.2936
71.3879 24.2386
78.2136 24.9656
65.9671 26.1025
65.9671 24.4939
57.9425 26.2772
55.2556 26.6932
55.2556 24.8486
55.7635 25.4945
55.7635 25.5879
56.3162 25.8286
57.1978 25.5905
57.1978 25.8529
56.3881 26.2785
56.8044 25.9052
62.9078 24.3021
58.2598 23.987
58.2598 24.8749
58.2598 25.4443
59.5575 26.0091
59.585 26.3072
56.8711 26.506
64.8001 25.1129
63.0568 25.6812
66.216 25.7516
68.2954 25.4876
66.5128 24.6668
63.0047 25.496
63.034 24.6419
66.6138 24.5019
68.5336 26.0004
75.082 25.6961
69.0096 25.6278
65.717 26.083
64.3816 26.4028
64.3816 24.3057
66.616 24.2981
65.4834 25.8741
65.4834 25.8366
68.8 24.0175
75.6134 25.9036
67.216 25.6143
65.6243 26.6078
66.695 24.6863
61.7701 24.736
59.1564 26.5773
59.1564 26.3796
63.7663 25.7794
63.7663 25.0399
63.7663 25.8174
63.4708 25.8266
64.1086 25.511
63.904 25.388
67.0717 26.4204
67.8449 26.6801
70.6802 25.6891
73.0019 25.1894
69.778 25.6993
64.1558 26.1337
67.8776 25.9618
66.8922 24.2083
63.3534 24.5845
66.9994 26.3194
65.128 26.702
62.3053 25.9578
64.2236 27.419
66.0986 24.6955
69.3584 26.3423
72.5994 26.0543
66.8327 25.559
71.5738 24.4572
83.6186 24.7218
77.6653 24.9297
78.7087 23.8727
77.7915 25.5386
81.0508 27.1049
80.6124 24.5164
84.0434 25.2902
88.1261 24.5498
91.0261 24.6497
81.6993 25.3354
84.863 26.2677
88.6458 24.1253
84.6513 24.7696
84.4971 25.2746
81.2743 24.4649
75.2881 23.7357
79.3302 25.7671
80.4451 23.988
73.4469 24.4725
74.0924 25.1019
75.3776 26.0348
77.8222 25.1646
75.5422 24.9691
73.7564 24.771
96.2971 25.06
102.527 25.3933
97.9049 23.3826
98.9519 25.5118
98.9519 25.9884
92.4289 26.9878
80.3531 26.2656
82.743 26.0868
86.5365 26.6243
83.7015 25.9247
74.9495 25.6418
79.9739 25.2215
85.2304 25.4939
86.4224 23.9218
86.4224 26.5841
82.54 24.8978
82.8124 25.8393
82.8386 24.9024
83.9634 24.4699
84.5068 23.6338
84.9831 25.1022
82.0637 25.4992
81.5727 27.0893
80.8181 26.3016
78.737 26.1436
80.278 25.365
85.8343 24.9049
86.1181 24.7169
84.4746 25.1764
84.9498 25.619
96.9237 24.9429
96.9237 24.6191
93.9246 25.6655
93.9246 27.0965
93.9246 24.4994
94.2432 26.3479
82.7889 25.4251
79.1997 26.3173
77.2388 26.0084
74.2406 25.2164
71.8907 26.3234
75.1397 26.2016
75.8671 25.1682
75.1693 25.0995
71.8883 24.4407
77.7318 24.2145
70.2216 24.8934
67.5774 24.943
70.677 26.5921
77.8898 24.4086
73.8141 24.3199
77.3569 25.5369
83.5563 24.2826
83.1108 25.67
75.5967 25.3431
77.2549 26.4836
74.0265 26.9912
81.0669 25.2328
81.0669 24.834
77.4405 27.0739
80.1283 25.1479
80.6132 25.0197
77.3145 25.5353
80.3138 26.1069
78.3838 25.2283
76.0671 25.3061
85.83 24.7872
68.6764 26.1706
73.652 25.8493
73.3718 25.6186
75.0873 27.6119
75.1952 24.9307
76.2844 25.7333
87.7786 24.5252
89.4107 24.3219
82.6729 24.6104
80.8793 24.9733
83.0021 24.7136
85.2537 24.8054
70.5273 24.3687
69.2036 24.3295
68.7962 24.3235
69.3778 25.9486
70.8079 26.147
73.2623 25.7597
77.0097 25.1852
75.8088 25.0043
72.5735 25.9056
78.0438 25.8934
72.2992 23.611
70.8685 25.6992
71.6981 25.5172
77.219 25.7789
78.6617 25.2717
75.8176 27.8755
74.4253 25.7764
82.3131 24.9369
87.1444 26.8509
86.1013 26.4424
80.2396 26.6466
71.3479 25.9642
67.9103 25.2177
64.0712 25.5122
68.0128 26.092
70.3512 25.607
73.4317 26.97
71.4295 26.3581
69.0018 25.7142
67.1699 25.4336
67.7256 25.5366
66.2248 27.0168
63.256 24.3499
64.0816 25.5764
70.1651 25.7667
67.4608 25.2843
65.9598 25.5765
71.7347 25.689
73.969 25.8353
73.0749 25.5294
73.7858 24.4321
82.4076 24.4171
81.1158 24.3824
80.9638 26.6847
84.2796 25.3665
85.5274 25.6075
87.9651 25.3263
98.6175 26.1719
102.396 25.9799
99.0338 26.1906
106.993 25.5192
106.163 26.3667
102.517 25.8083
111.413 25.7569
108.392 24.4629
105.546 25.8643
108.087 25.1112
108.723 24.9789
108.723 25.4783
107.106 26.4278
103.007 25.4328
103.007 25.0653
108.139 26.4619
105.88 24.9244
105.88 24.9407
102.299 25.1198
105.517 25.0738
101.595 26.2167
101.595 24.2306
100.925 27.303
105.093 25.3467
102.435 24.6977
91.4617 25.3514
93.7349 25.7245
92.6467 24.6732
88.5516 26.6489
85.3856 24.766
85.5958 25.008
79.6106 26.6999
85.3506 25.1719
87.6317 25.5882
88.5553 25.0501
96.3842 25.2014
90.5312 25.7211
83.0879 25.8945
91.5993 24.7754
90.5492 25.0605
87.0764 26.8613
83.4055 25.6968
86.7845 25.9342
76.2385 25.9269
89.7404 24.9736
87.7709 25.2414
84.0609 24.9461
92.034 24.3661
85.8887 26.0345
82.8683 26.3044
82.1408 24.8522
80.1398 25.3772
81.2074 24.4517
81.519 25.6924
83.642 24.4152
85.944 23.9405
83.4482 25.4379
83.8154 25.164
87.0236 26.4535
83.302 25.3914
87.213 26.5819
87.213 25.9923
91.6681 24.2012
93.4564 25.459
93.4564 26.7348
87.2679 25.3441
85.96 26.6247
87.9074 23.8586
89.7839 25.7185
89.8038 25.161
97.9351 25.8649
95.9757 25.4181
94.9425 24.9933
93.5312 24.9247
88.0703 25.6456
87.3372 25.5551
83.0349 24.325
93.6199 25.0107
88.6654 25.507
85.2238 26.9533
83.0456 24.4139
90.3747 25.312
90.3747 25.134
98.9224 25.162
96.4131 25.8445
80.2921 25.4568
86.3379 27.0693
85.3277 23.992
79.9833 26.3658
81.6883 24.0019
78.1291 25.8345
82.611 26.7361
83.8261 23.498
82.4694 25.5207
67.5976 25.827
69.1963 24.2946
70.6796 24.9029
69.0079 25.8337
71.1438 25.9654
71.6482 24.3347
64.3201 24.7904
69.4919 25.0266
65.6117 25.1411
65.6117 25.9982
74.4369 25.6131
73.1821 24.9677
74.6487 25.5762
67.1358 25.6865
66.3389 27.1009
66.3389 26.7665
71.5899 26.2337
69.0546 24.9918
69.2887 25.2535
73.4096 25.0015
