72.5757 18.0219
73.6064 18.7778
74.0533 18.1209
74.0408 17.7915
76.9858 17.8878
71.6925 17.5768
76.772 18.3321
79.4603 17.9245
80.3155 17.205
79.9501 17.5415
75.3483 18.2801
73.7846 17.4952
71.5294 18.2331
74.146 17.4039
75.9636 17.6532
71.4499 17.829
72.2566 17.6067
75.0342 17.6042
73.9391 17.6781
73.4389 17.9383
71.3091 19.1892
74.7473 17.9201
76.4151 17.795
74.1043 18.1446
75.0395 18.2251
74.6215 17.8127
71.1302 17.3183
75.8805 17.2621
77.4253 17.7448
75.6017 16.8984
74.2394 17.3009
75.0732 17.396
73.7907 18.1782
73.898 18.2093
77.3395 17.7672
76.1827 18.3971
74.4213 17.2767
71.7517 17.3614
76.3847 16.9057
74.5091 17.4645
74.1426 17.6467
71.1232 17.8694
75.88 17.5768
72.7707 17.3741
75.4036 17.407
76.4005 17.8854
76.246 17.4782
74.9535 17.5416
77.1978 17.4959
74.4485 17.1892
73.437 17.6432
72.3177 18.2079
69.6115 17.7402
77.5598 17.4401
77.5277 17.3924
74.3496 17.7611
76.6894 17.0644
73.8965 17.3119
75.6655 17.6036
77.3646 18.086
76.9099 17.6193
73.8337 18.3313
73.0676 17.5273
79.6021 17.9609
76.1448 16.9922
76.0672 17.9834
75.2073 17.9272
76.5575 17.4461
75.8642 17.4571
73.603 16.538
76.2353 17.9233
75.0679 17.2856
76.3561 18.1015
76.3561 18.2226
81.6613 18.1761
70.1712 17.6198
74.0356 17.8973
75.7827 17.457
76.6962 17.4366
81.0045 17.0817
79.5633 17.6658
76.9266 17.0666
73.2981 17.715
75.9625 17.152
75.9896 17.1904
75.965 17.2249
75.207 18.0756
74.2762 17.5515
73.7357 18.1167
73.9507 17.7608
77.4024 16.9658
81.0152 16.9595
77.4096 17.2415
71.7904 17.3012
74.9352 17.4849
82.1171 16.9561
78.183 18.3376
75.3909 17.6868
74.0363 16.8426
77.0048 17.8832
73.0039 18.8496
75.7354 17.596
76.3814 17.6205
77.1086 17.4803
78.4774 18.3093
78.4634 17.2613
73.4131 18.059
76.1741 17.3957
74.2248 17.3595
73.1478 18.0155
74.0719 17.952
72.7599 18.0573
74.6492 18.0366
77.3537 17.0123
75.7641 17.5383
76.4475 17.4647
72.0441 17.3637
77.5588 17.3928
76.6157 17.8604
74.2639 17.7217
77.1968 17.6148
76.9664 17.2604
75.7882 16.5408
74.5874 18.0974
74.2103 17.7199
78.1622 17.0519
76.2778 16.6975
73.3091 17.249
74.9112 17.0766
74.1103 18.2423
76.9366 18.1395
74.1993 18.1213
69.0991 18.1215
73.1088 18.3934
75.0939 17.212
75.1883 18.1588
76.9546 17.5558
78.8095 17.8652
75.956 17.599
77.52 17.7468
83.1751 17.1094
77.5753 17.3746
74.0611 17.6705
77.5718 17.4996
79.1876 16.641
77.186 17.6493
77.0102 17.385
76.6652 17.7866
76.6315 17.4454
74.7322 17.9425
72.2747 18.1866
73.6229 17.5212
75.6544 17.5251
74.0196 17.6618
77.0139 17.2294
73.6486 18.1041
77.2682 17.6903
75.3401 18.0912
73.8451 18.0727
74.2307 18.6469
75.9195 17.5076
76.0514 18.2152
75.2923 17.5725
76.1758 17.1696
74.6131 17.6252
74.4061 17.9745
74.5081 17.3258
70.463 17.0862
75.6385 17.1716
74.9349 17.387
76.9072 17.6642
71.8088 17.4694
76.3942 18.469
71.0431 17.9794
73.2822 17.6901
74.6458 17.5474
74.8581 18.0066
75.8015 17.4122
75.9626 17.349
75.6852 17.3898
76.4768 16.7406
74.1077 18.3623
73.563 17.3685
74.9689 18.0711
69.7017 17.5903
76.2573 17.9187
71.0105 19.0266
75.9047 18.1766
69.9545 17.9228
79.7287 18.1971
71.9727 17.6478
75.9341 17.1536
75.0839 18.6336
73.5944 18.0406
71.8427 18.6709
75.4275 17.7318
73.3745 17.3875
76.5218 18.0566
73.5497 17.2537
70.7819 17.7891
76.5753 18.2763
75.2497 18.0331
73.21 17.1263
72.1023 17.797
75.0477 17.9605
72.1507 17.7061
78.0876 17.5731
78.269 17.8898
73.5574 18.1278
73.8221 17.7914
74.3462 16.6774
73.2991 18.6803
79.1523 17.4717
73.0504 18.0864
74.0125 17.6521
72.2711 18.64
75.8025 17.8241
75.8503 17.7014
78.0275 18.0637
73.5242 17.4305
71.8985 17.9656
74.4227 18.6774
70.0315 18.638
76.0431 18.854
71.0492 17.9165
76.5623 17.0082
76.6063 18.2011
76.7455 16.6399
74.7638 17.8298
75.8864 17.9287
76.2528 18.1039
77.4091 18.1123
74.9969 18.3245
72.4515 18.5103
74.9214 17.2918
73.5664 18.3984
78.2158 18.2284
77.4244 18.0099
77.5229 17.0359
78.0915 17.4234
77.7338 17.2403
74.3773 17.6311
76.7358 17.7828
78.6446 17.9465
76.8267 18.301
72.8317 17.4218
73.6721 17.728
73.5813 17.6671
76.189 17.7615
76.168 17.651
74.0816 17.7764
72.8751 17.8933
75.0695 16.834
72.8059 17.7345
72.1694 18.113
77.2094 18.292
76.9462 16.8592
75.812 17.9976
71.3896 17.3136
73.5912 17.8262
74.0914 18.5568
70.6431 17.5317
72.7365 18.472
70.3721 17.7647
74.4775 18.3731
74.8044 17.3219
73.748 17.4502
75.7982 18.0927
74.037 17.5541
77.0549 17.5323
75.3927 17.5767
70.627 17.656
69.5729 18.1841
70.5535 18.2786
74.0335 17.324
74.1804 17.8942
72.6968 18.1687
76.9033 18.1661
72.0633 17.6847
75.1562 17.5082
73.3212 18.3543
71.752 18.154
71.4604 16.9975
73.2911 17.267
74.195 17.0269
74.2308 17.9854
70.5511 17.4035
75.2032 18.2154
73.2553 17.5849
74.3097 17.0602
74.371 17.4031
71.204 18.0182
74.5999 17.7414
77.72 17.8323
75.9456 17.4644
76.1525 16.7312
78.4257 17.9213
78.4053 17.8821
73.0813 17.6815
76.9078 17.4886
76.9261 17.7582
79.52 17.4212
77.7774 17.6825
71.3982 17.7792
74.1377 17.6364
74.6124 17.2719
75.3896 17.8795
73.6042 18.5057
75.2054 17.4856
76.8895 17.1577
76.5147 17.5505
74.2229 17.8723
77.2302 18.2644
76.1837 17.5254
74.6924 17.4876
79.4452 17.7714
79.4596 17.456
76.2539 17.4545
76.7207 17.5612
76.5411 17.6142
77.0647 17.0942
80.0138 17.0138
82.8614 17.1745
77.0178 17.7622
74.3523 17.4741
77.8157 17.4929
77.3365 17.5188
75.7302 17.4458
74.2615 18.3581
77.6869 17.0785
72.9296 17.2649
75.3419 18.1926
76.7433 17.4124
70.99 17.3533
79.4391 17.3623
76.8286 17.334
75.1217 17.307
74.6397 17.3011
76.5235 17.2119
78.5016 16.2296
77.0643 17.8517
78.0401 17.7745
76.528 18.1607
76.0755 18.0869
78.4996 17.9117
77.0524 17.7027
75.0019 18.7029
76.864 18.5746
78.2469 17.8395
76.5737 17.6568
77.3653 17.4304
75.0959 18.0581
75.4544 18.0748
79.2725 17.5686
78.1753 17.6371
77.9387 17.6266
78.0211 17.3831
75.1564 17.6162
70.9395 17.3805
75.8748 17.7302
74.6818 17.5572
79.3137 17.7213
77.3794 17.3242
76.8501 17.975
71.0941 18.1821
72.3368 18.4589
71.5004 18.7022
72.7221 17.6901
77.1753 17.2849
79.6831 17.3228
81.4413 17.101
78.4818 17.1829
78.1295 17.5464
75.5174 18.1417
72.3721 17.2487
78.5563 17.8319
72.7831 17.8746
73.243 18.2811
75.3686 16.6009
72.7599 17.0876
73.835 16.9142
72.8228 17.8205
73.7349 17.7236
74.2387 18.058
75.374 17.9922
75.2023 17.7298
72.7569 16.7663
76.0286 17.7112
78.1439 17.6931
74.0214 17.9535
75.1078 17.6452
76.1851 17.5208
82.6598 18.3979
74.3397 18.0778
78.3007 17.5471
76.8027 17.2203
78.8612 18.1705
78.794 17.851
78.5187 17.8046
76.6074 17.5223
73.0023 17.3319
70.5871 17.7172
72.2086 17.2133
72.6322 17.9405
68.6428 18.1265
68.5996 18.4509
71.279 18.7131
72.0719 18.1815
70.9353 17.2441
74.2134 18.3341
75.1489 17.5432
77.1156 16.7164
77.3534 17.6814
78.8621 17.9055
71.6428 18.2588
74.2866 18.2217
72.3856 18.2429
75.2215 18.1936
73.325 18.0626
72.5817 18.429
74.7114 16.742
73.2691 17.7514
71.9764 17.5388
72.9298 17.8958
71.1269 18.1153
74.5874 17.8582
73.9575 17.986
74.1091 17.3887
74.697 18.1617
74.6561 18.1658
77.4385 18.0946
80.2264 17.9018
75.3817 17.7226
80.37 17.8482
77.5215 16.97
71.4383 17.0069
75.548 18.4818
75.465 17.3818
74.6916 18.4209
73.667 18.5471
73.782 18.4948
71.8575 17.8512
74.8395 18.0222
77.6569 18.9221
74.8988 18.3694
76.4416 17.3995
76.8465 17.7998
81.4107 17.2781
76.2355 17.5868
75.4196 16.9631
74.5856 18.1768
80.1232 18.2987
77.1089 18.2534
82.3103 18.3359
79.792 16.8905
78.9517 17.7013
77.1921 17.2565
75.9347 17.2391
75.672 17.4045
76.7842 17.6681
74.2056 17.5141
76.7577 17.7938
74.4791 17.8434
73.5478 17.5764
74.8054 18.6283
75.3241 17.6925
76.7012 17.9336
74.2851 17.8123
74.5143 17.4345
74.569 17.5328
73.7319 18.4163
73.7904 18.174
74.2352 17.0208
71.1306 18.2573
71.9864 17.297
71.4884 17.3029
77.3024 18.4072
74.6562 17.7255
75.4633 17.8836
77.1163 17.6771
72.9374 18.0263
77.5845 17.5624
77.0681 17.6645
75.0346 17.4696
76.004 17.1806
74.1894 16.9913
75.0978 17.3002
72.5818 17.5166
73.168 18.1216
72.6998 17.7948
75.78 17.5483
75.7895 18.0053
77.0519 18.092
70.7491 17.7138
74.483 18.0045
74.4416 17.8956
74.8377 17.9183
75.9132 16.799
75.2826 17.7707
75.7003 16.5784
73.6965 17.8589
73.2901 17.6199
75.7491 17.6213
76.6183 17.1139
75.4823 16.7686
76.205 17.6358
77.0159 18.0837
79.2297 17.5334
74.4852 17.5491
74.4008 17.416
82.0136 16.7651
77.9289 18.8074
72.7229 17.2449
72.3622 18.3322
72.8305 18.5281
74.4237 17.6003
73.6202 17.3654
74.6966 17.6511
76.2148 17.6541
79.194 17.6517
75.501 17.6525
68.631 17.6565
73.5516 17.6396
72.8273 17.3695
72.5622 17.6864
77.2181 18.7561
75.0461 17.4076
73.7502 16.9651
74.8089 18.2351
78.309 17.9416
76.3831 18.1117
70.2774 17.6231
73.1478 17.5304
72.2667 17.8493
73.549 17.7936
78.3794 17.7948
75.6001 17.4053
73.8467 17.1073
74.2868 16.8635
73.864 17.4222
74.9173 17.6429
73.5921 17.8079
74.0426 17.2502
78.4413 16.9708
79.2516 17.9417
74.8411 17.5437
77.4152 17.0881
75.3533 17.5113
76.2255 17.4792
76.4258 17.5771
73.0788 17.7169
73.3473 17.7819
76.9632 18.2335
82.4847 17.6532
75.6947 18.0679
76.8719 17.089
77.6441 17.3221
75.8819 17.8625
78.1064 17.6983
79.9677 17.6558
77.8927 17.5484
77.5822 16.9527
75.2641 18.3603
76.0217 18.0613
73.0566 17.546
73.0566 17.5845
71.8414 17.4971
74.4421 17.1595
70.7402 17.3299
77.5982 17.1526
75.0682 18.1633
72.6157 18.3243
70.7367 18.654
72.253 16.8496
74.4915 17.5078
79.0266 17.9024
74.844 18.2189
75.2845 18.442
74.4277 17.7684
78.1035 18.6313
72.1633 18.2802
72.9889 18.2334
71.9694 17.8556
69.6261 18.129
72.4742 17.6323
73.0951 17.8258
74.6039 17.9417
72.3823 18.3295
71.9678 18.2965
75.4372 18.0747
76.2758 17.4445
78.7451 18.7244
75.9224 17.8402
74.0158 17.4064
71.0776 17.4707
75.3347 17.9712
77.99 17.5106
75.4575 17.4036
79.943 17.8515
77.3452 17.621
76.524 17.772
77.4728 16.7778
81.5397 17.5227
77.2384 17.5477
78.4955 17.5286
73.7138 17.2467
72.1816 17.6467
76.5242 17.3368
78.1887 17.5915
76.7474 17.0908
73.8635 18.9024
77.6996 17.0394
76.0481 18.1151
72.4077 17.9135
73.5371 17.8779
73.6678 17.5983
78.6138 16.9321
72.836 19.1347
77.9214 17.6592
76.9714 17.429
76.7935 17.6373
74.9636 18.8676
79.1544 16.8677
79.2131 17.4919
78.5563 16.9707
73.9582 17.4955
77.958 18.0963
71.1755 18.2866
77.6201 17.6251
75.7382 17.547
76.1025 17.6707
76.2121 18.1991
75.6786 17.2354
77.2106 16.6786
79.3046 16.8105
79.0052 17.2743
83.1599 17.1217
81.175 16.9463
78.0306 17.689
78.1925 17.4523
76.0632 17.4028
73.8113 17.6369
73.5928 17.6469
72.9368 17.6595
71.4685 17.9013
73.8506 17.7427
73.9168 18.6555
75.0788 17.2848
73.982 18.3649
74.6187 18.0709
80.9949 17.8672
74.2704 17.7683
74.2583 17.6774
72.9315 17.8741
75.5484 18.3923
77.6718 17.7362
77.091 16.6066
75.7396 16.9969
74.5951 17.303
75.9452 17.8313
78.7959 17.5761
78.6326 17.8049
79.2877 17.2928
83.1006 17.9164
87.9623 18.5197
87.9623 18.2185
82.603 17.1062
79.0396 17.7436
75.2446 17.7868
74.17 17.7687
79.6063 17.593
73.3786 17.8729
78.8756 17.1121
76.8573 17.748
84.3038 17.3438
77.2276 17.8868
77.5468 17.2953
75.1561 17.0085
74.4105 17.0776
74.0977 17.7019
75.3018 17.7354
79.0633 17.6494
78.4816 17.4348
75.2656 17.4411
79.4227 17.4866
76.1326 17.7657
77.2718 17.7095
74.6666 18.2803
74.7746 17.8289
75.7452 16.9001
74.7454 17.4203
73.3191 18.4197
75.0154 17.4124
77.0639 17.8931
75.0658 18.2648
75.1928 17.9784
76.2615 17.5353
76.8866 17.6791
72.8621 17.1363
73.8153 18.7435
72.803 18.1693
74.7308 18.0295
72.4242 17.6401
72.4579 17.781
76.9005 17.2094
73.2039 16.9415
73.7011 17.7797
72.169 17.9332
75.3269 17.8473
74.5554 18.0452
75.325 17.8766
72.9354 17.6169
70.9795 18.0614
70.2644 18.9605
71.8474 17.4739
69.1097 18.0852
71.3279 18.4526
73.3193 17.9879
73.067 18.8007
74.0664 18.3963
81.2019 17.6001
72.4769 17.8609
75.8399 17.4133
74.0694 17.3938
74.6248 18.6004
75.2415 18.1891
73.7248 17.9588
73.7114 18.7789
75.4244 17.6635
79.2182 19.0883
76.1814 18.7009
76.6169 17.4606
75.18 16.933
78.3304 16.8017
77.3516 18.3926
77.1108 18.5516
78.55 18.2061
73.3145 19.2377
73.1551 16.7188
73.5223 18.1369
74.6086 17.3364
77.1509 17.8268
73.858 18.3819
74.6469 17.9302
75.543 17.1054
75.5175 17.6565
74.767 17.9825
74.7556 17.31
72.5362 17.6051
70.0904 17.412
72.7544 17.2937
77.071 16.859
72.1029 17.4742
77.7943 17.5346
79.998 17.3063
76.722 17.5281
72.6755 18.1573
71.7813 18.2011
74.8078 18.0417
78.5841 18.0167
78.2325 17.7497
81.3424 17.9267
72.2548 17.7427
83.0116 17.0315
80.0448 16.7455
79.4097 17.1761
81.2748 17.7177
81.1208 17.6777
78.225 17.6757
77.2041 17.7211
73.0329 17.9497
74.6431 18.0503
74.6992 17.986
73.0709 17.18
74.0995 16.8612
76.5371 16.9832
74.0831 16.9052
74.2441 16.7291
72.0954 18.3413
70.1853 18.1944
75.4033 17.5083
74.7129 17.8652
76.6448 17.4433
77.7232 17.1884
74.9965 18.0085
76.3461 17.648
76.6432 17.8216
76.5278 17.5563
76.2931 18.2103
75.792 18.2823
76.0762 17.3721
76.4842 17.618
80.5452 17.4334
74.657 17.5713
74.2509 17.4576
75.5321 17.2059
77.0534 17.252
73.6465 17.4919
74.507 17.2534
73.2179 17.695
78.8531 17.2671
71.5942 18.2645
75.4915 18.3009
76.2935 18.149
75.386 17.2994
75.9917 16.9178
77.0875 17.3716
75.4336 17.925
77.7719 18.0825
78.515 18.0026
80.1089 17.985
74.2664 17.9061
75.0911 18.1265
75.1635 17.6755
79.5097 17.8587
73.4407 17.4222
72.5425 16.9732
73.2044 18.2627
73.5963 18.3824
68.1203 18.2549
71.997 18.1358
75.6958 18.2001
76.5581 17.223
71.484 18.8683
77.466 18.1244
76.632 17.5856
76.768 17.7267
81.0811 17.1952
77.8881 17.2874
76.4073 17.1427
77.5381 17.8496
71.5102 18.1147
73.0858 17.2918
76.2919 17.4168
75.9423 18.2502
74.7555 17.9757
77.5543 17.5212
74.201 17.4189
77.2572 17.9552
77.0456 17.4635
77.9599 16.3056
78.0952 17.1659
75.7825 17.9592
70.417 18.485
73.9537 18.1038
75.5559 18.2076
76.9582 17.7454
74.1353 17.6906
77.6647 18.583
80.2768 17.2799
75.5336 17.5458
74.4004 17.5707
73.7296 16.8419
75.0405 17.8085
77.2549 17.3623
75.7929 16.7924
73.9612 18.8419
73.206 18.375
72.8571 18.256
74.4968 17.8923
74.4726 17.4573
74.8005 17.9532
74.1365 17.8592
74.4095 17.6132
73.1882 18.0624
77.63 17.4555
76.9142 18.2035
73.727 18.0259
74.449 17.8895
70.0983 17.3966
71.6525 18.8832
73.5085 17.9099
74.0084 17.5209
74.9404 17.7475
75.4046 17.7527
77.96 17.7045
78.9595 17.9277
75.1205 17.0756
75.9863 17.3198
77.0264 17.2147
75.6097 16.9045
76.2454 17.3331
73.6542 17.3315
75.2755 18.2949
72.9203 17.7782
74.1539 17.7345
70.9078 18.4333
73.6811 17.3509
76.5839 17.2407
73.2294 16.3742
77.547 17.4152
75.3075 17.4944
75.037 17.4602
76.0857 17.858
76.6462 18.2959
78.5836 17.6596
79.5811 17.2409
79.5811 18.3417
78.5039 17.5733
72.4447 17.7011
75.7376 17.4582
76.5115 17.6222
75.1614 17.1169
76.3384 18.4964
74.4831 18.0276
71.9517 17.1904
76.4662 17.0843
72.0763 18.3756
74.4715 17.3517
72.1088 17.8048
73.5922 16.8967
75.8392 18.2152
73.6893 18.4701
75.5413 18.0327
75.1341 17.1078
74.8352 17.8656
74.5255 18.0448
77.6697 17.97
80.9281 17.7978
78.9582 18.4071
78.3698 17.9171
75.3323 18.2653
71.6904 17.4407
74.2039 18.4616
74.6886 17.7412
73.7908 17.5232
75.069 17.4168
76.343 17.8933
73.8799 18.1863
70.8426 18.0364
75.1181 17.79
74.0319 17.1486
77.98 17.8819
70.0575 17.6849
75.3692 16.9639
75.5104 17.5805
77.208 17.6233
77.02 17.6542
77.1136 17.7078
78.1467 16.8913
71.9928 17.7006
74.5197 17.8652
70.018 18.2025
73.5209 18.303
71.731 17.8085
72.5951 18.801
71.82 18.051
74.1436 18.1665
77.2815 18.3369
76.8573 17.7951
76.8208 17.4777
77.4848 16.9054
75.5182 17.4736
72.4892 17.4837
73.5356 17.6423
73.3664 18.4183
74.1453 17.8618
77.8225 18.4183
75.9243 18.022
75.7459 18.194
76.8704 17.5714
75.4893 17.0621
74.4756 16.7967
72.651 17.2514
72.9091 18.1351
73.1113 18.0456
73.1296 18.161
76.3656 18.036
76.6039 18.3451
75.596 17.9887
75.6137 17.6458
74.1349 17.501
78.6463 18.7166
76.049 17.9614
79.6691 18.5006
79.0998 17.7356
78.8207 17.5142
74.3594 17.0202
76.2602 17.3015
72.8702 17.151
70.7777 18.77
72.9282 18.5335
72.6344 18.332
78.525 17.7612
76.9374 17.2496
73.3323 18.9534
75.649 17.1756
78.1171 17.7254
75.8761 18.3553
71.0481 17.4666
67.9808 18.4019
70.5378 18.1946
73.6716 17.8964
71.7351 18.3983
74.9617 18.207
72.5937 17.7127
75.2138 17.9424
79.7918 17.4387
80.8413 17.4737
76.1226 17.6545
84.5226 17.3999
78.7121 17.3808
78.6546 17.7365
79.9376 17.082
77.0222 17.0651
70.8529 18.2311
71.3997 17.4357
72.5615 17.7691
72.5831 18.3623
72.2563 17.9916
76.6063 17.7965
74.3846 17.5313
79.5928 18.3217
78.6429 16.8667
75.2262 17.136
72.0062 18.1734
76.2039 17.3772
74.9225 17.8556
73.8529 17.7644
75.579 17.8367
76.9357 17.3073
74.5905 17.4823
72.7064 17.2705
73.9666 17.8007
76.9779 17.3049
74.5003 17.5442
73.4809 18.6473
78.897 17.8222
79.5787 18.1638
76.8019 17.8284
77.0996 17.4822
79.8593 17.2428
74.0379 18.0961
73.4807 17.4769
72.6767 18.2921
72.8594 17.5599
76.9228 17.2027
74.5171 17.049
73.8803 17.4894
74.8186 17.0696
71.9395 17.9856
75.4228 17.9863
73.1725 17.7092
74.9588 16.4703
76.5543 17.66
75.4267 17.9173
77.0706 18.2173
75.2482 17.7212
74.6938 17.6275
75.1729 17.6928
70.033 17.8041
75.5621 17.9854
74.1142 18.4564
77.0268 18.0485
75.5261 17.9187
74.3433 17.9086
76.3887 18.0923
74.2165 18.2133
73.4188 17.2781
72.9207 17.166
71.854 18.0399
78.226 17.779
77.2242 17.4813
77.1953 17.4931
76.8812 16.9083
77.7335 17.3409
75.4473 17.5193
77.5849 17.364
70.3528 17.2986
75.2059 17.0475
72.6444 17.3239
74.3487 17.4176
70.6291 18.3059
72.7116 17.8221
72.6221 17.834
74.9223 17.733
71.5803 17.3875
73.4924 16.4038
70.8712 17.7563
74.4992 17.5764
74.9885 18.0206
77.4727 17.9766
75.1895 17.5023
72.9178 17.9179
75.1694 17.7891
73.7769 18.285
75.4802 17.8623
76.0468 18.4087
75.8046 18.8244
75.8002 18.0524
78.1184 17.5284
74.4077 17.7445
74.1063 17.7563
74.5036 18.0064
74.8168 17.5522
75.6026 17.516
74.4301 17.4861
73.0217 17.2982
73.4396 17.7795
79.9064 17.9309
75.0348 18.9187
72.4992 18.4458
77.0163 17.0513
78.9356 17.7033
77.4356 17.6058
74.4604 17.8893
75.6423 18.2686
76.0198 17.6208
76.3105 17.2539
76.6912 16.6962
77.2201 17.8485
77.0547 18.5464
77.4405 18.2621
77.4469 18.2395
74.7368 18.1695
73.8587 17.1852
77.0897 17.5177
76.8061 17.1574
75.1871 17.2927
75.1285 18.2941
76.2992 17.4894
74.619 17.3322
74.2744 17.4898
74.2841 18.3819
74.1144 18.0981
76.1348 18.3305
73.4447 17.6549
72.921 17.6631
73.2148 17.7675
72.9807 17.4076
75.3834 17.8013
75.7575 18.7806
75.9326 18.1792
76.2043 16.9771
74.0583 18.1213
73.0886 18.0389
74.5799 17.8954
74.5321 18.0983
74.1868 17.2314
74.4509 18.3999
72.55 17.2093
73.4113 18.2753
74.388 17.185
72.2312 17.881
70.3115 17.4707
70.842 17.5893
77.8942 17.523
71.2319 18.1793
70.5328 17.7907
71.4191 18.1603
74.8913 17.5073
74.0203 18.189
71.3488 18.3547
68.8364 17.9718
74.9523 17.8521
77.1837 17.8665
74.3652 18.051
77.2065 17.6711
77.6647 18.0474
74.3173 17.626
73.4487 17.7552
77.8966 18.1947
77.3905 16.6986
75.2665 17.716
75.1364 17.0881
73.1684 18.3105
71.2212 17.8599
73.3263 17.6562
71.7737 17.3813
72.2542 18.3537
72.3971 17.8155
74.0857 17.3961
76.7186 16.9833
76.7897 16.9822
76.5887 17.2258
76.4117 17.0662
76.8362 17.3608
72.1632 17.5134
71.7519 18.3426
76.7131 17.7661
76.5093 17.2518
74.1362 17.447
76.274 18.6048
78.0376 18.1745
74.661 17.0777
73.7339 18.0819
76.2328 17.2275
73.6278 17.4552
69.2905 17.5779
72.8506 18.7987
71.9533 17.5963
77.0159 18.0431
82.8584 17.7499
79.3556 17.6489
80.6371 17.4881
79.8671 18.3372
76.7739 17.6875
79.6465 17.1551
79.7126 18.3982
75.0799 17.5082
70.9912 18.2387
73.395 17.4881
77.9906 18.153
79.4768 17.6386
71.766 17.4456
73.9597 17.5462
70.466 17.5666
74.4112 17.4898
77.1599 17.9828
75.7543 17.2835
75.8113 16.7321
74.5048 18.1083
73.7725 18.2783
70.805 18.3877
73.7565 18.142
73.7133 17.4816
76.9907 17.5577
75.4508 17.9247
75.2101 17.0962
75.1077 16.6335
73.2181 17.9886
75.0652 18.0678
76.8572 17.1406
76.0259 16.4277
75.5867 17.6742
74.9505 18.5349
76.7449 17.3741
75.3813 16.8804
72.0147 16.9347
72.8718 17.087
74.0346 18.1315
73.7811 17.555
74.8468 17.5799
76.2158 17.9263
76.1329 17.2459
74.7037 17.3039
76.561 17.7938
78.4002 17.52
76.1836 17.7698
73.4303 18.1774
75.7341 17.8805
70.3174 18.4486
71.6969 17.8332
71.5001 17.2605
72.2211 17.8816
72.1914 17.2758
71.4067 17.1092
73.9304 17.9258
78.6218 18.7818
76.251 17.8624
73.1791 18.4152
75.4552 17.9848
75.6698 17.1501
73.5084 17.6856
80.0648 17.4387
80.9018 17.3835
80.2201 17.2884
77.9043 18.2958
74.9928 18.2335
73.2876 17.411
74.3087 17.7887
73.0624 17.1945
72.4481 17.2645
73.2306 17.8729
73.1481 17.983
73.6459 17.9467
77.1431 17.7235
75.3164 17.4649
76.6767 17.3116
77.6814 17.1608
78.7956 17.5679
72.9653 17.7836
71.0442 17.8994
74.0718 17.697
71.4476 17.3602
77.0546 17.9825
76.4733 17.2249
78.5674 18.2785
71.2665 17.503
73.5703 17.1689
73.4663 17.6284
76.5092 18.5409
75.4599 18.3217
73.9224 18.8114
77.3155 17.4111
74.8992 18.334
75.0922 17.407
76.2601 17.75
72.5613 18.2916
72.0581 17.2901
76.605 16.778
72.3931 17.7771
74.8392 17.4219
77.4546 17.9974
76.0073 17.8373
72.4487 17.8247
73.8593 17.8387
74.0097 17.7716
73.6018 17.4577
73.0766 17.4464
69.2514 17.3247
74.8727 17.8249
75.9518 17.8717
77.0337 16.8966
76.2678 17.717
73.6385 16.9788
76.2967 17.9091
77.4429 17.7302
77.8551 16.5497
73.1887 18.0665
75.2431 18.4892
77.7037 17.1568
73.9935 18.1514
76.019 19.3711
75.286 18.3746
71.6726 17.5829
68.3248 18.0243
72.4681 18.3095
73.645 17.3462
73.5339 17.4298
75.1364 17.3118
74.9749 17.7654
76.2278 18.3437
77.3424 17.3695
72.2008 17.6663
73.0293 17.4275
74.3841 17.2671
75.7139 17.8569
77.8001 18.0981
73.7114 18.7135
72.6311 17.4823
72.2416 17.6363
82.8231 17.5786
75.5683 17.9346
76.4395 17.7018
76.404 17.4997
76.9159 17.2566
76.1706 17.7076
76.1693 17.1131
76.7428 16.7444
78.1713 17.9475
72.8973 17.8751
75.3203 18.499
74.9495 17.3568
72.9566 17.8933
72.7937 17.9961
73.9329 17.0907
77.3737 17.8865
74.8265 18.1106
72.2748 17.7773
73.9032 17.0355
73.1075 17.7544
73.3791 17.8101
75.8864 17.3679
76.6128 17.3805
75.4555 17.2141
75.7945 17.6145
75.7809 17.8868
74.1687 17.8137
73.0799 17.1821
72.3444 17.135
72.8544 18.1499
75.3841 18.263
75.9414 18.5882
76.3242 17.657
77.6264 18.4022
77.7047 17.6091
71.4681 17.8501
74.2915 17.9616
73.8322 17.4182
75.1173 17.4641
71.9216 17.602
74.9032 17.9404
72.3457 18.0627
71.8551 17.1299
71.4509 18.0971
81.3969 17.6354
79.5633 16.9832
74.0568 17.3693
76.6401 16.9714
75.87 18.2355
72.5714 17.6749
73.0007 17.6432
75.2016 17.251
73.8396 17.2245
75.0147 17.9746
75.294 17.6625
75.319 17.6851
77.2328 17.5553
75.1204 17.245
71.4479 17.0748
74.823 17.6831
75.1623 18.0175
75.2463 18.4718
72.5637 18.0239
80.008 18.0221
75.3535 18.1012
71.7036 17.7643
71.7433 17.4604
77.1218 18.4846
76.8744 18.1638
76.6976 17.9069
76.1521 18.4956
76.4577 18.3172
76.0714 17.7169
76.178 18.2826
77.8483 18.1526
76.5968 17.9244
77.0731 17.3295
83.3411 17.7157
79.7822 17.7839
80.7282 17.9194
79.4611 17.653
75.8895 17.3293
75.5439 16.9629
76.6249 17.3869
78.0612 17.1871
75.9526 17.5772
76.8218 18.2367
75.9233 17.8434
73.6333 18.1409
73.6101 17.91
76.9239 17.1207
73.4049 17.9984
73.0908 17.6219
74.6425 17.6205
76.0822 18.1648
75.4651 17.5819
73.6795 17.2902
73.7008 17.3615
80.0352 17.2033
80.6014 17.3453
77.0352 17.2543
77.9587 17.2622
76.4434 18.1526
76.3109 17.1825
75.5255 16.7806
76.809 17.9148
76.1604 17.9822
73.0722 18.3011
75.5467 17.5939
77.004 16.9913
80.8963 16.532
76.9396 17.2712
79.0729 17.104
74.5795 17.1587
75.0813 17.0299
70.1198 17.2073
73.6669 17.3866
74.03 17.5153
74.2453 17.6293
74.2438 17.0385
72.2418 17.5739
72.0541 17.3889
73.5618 17.5905
79.6671 17.7862
74.2575 18.3207
73.653 18.4465
76.3637 17.0015
74.0215 18.5297
75.1008 17.1568
76.0961 17.9985
71.3208 18.6023
69.9642 17.4522
77.3716 17.9347
71.9427 17.3048
74.7694 17.6674
74.2538 17.8906
74.4416 17.5084
75.2964 17.8028
72.9577 17.9958
73.5028 18.1129
75.4609 17.5746
76.1288 17.5867
74.3885 18.0136
75.8482 18.2725
78.7266 17.3013
75.9754 17.1213
74.1343 18.8103
71.2422 18.0545
72.2322 17.2564
76.2286 17.6926
73.8866 16.9671
74.0662 17.7977
76.3692 17.3188
71.9793 17.7183
74.0706 18.0191
75.7909 18.2316
71.7022 17.7111
74.9845 17.838
78.594 17.7712
77.7189 17.9706
72.3341 17.9646
73.8865 17.9647
71.0983 17.9665
70.8697 17.8085
72.8306 18.5701
74.4255 18.1611
76.5547 18.3285
73.5517 17.4651
74.916 18.2774
77.9602 17.7293
74.9099 17.072
76.6125 18.012
71.1511 18.4903
72.944 18.3327
74.1763 17.7865
75.7857 18.073
77.119 17.3321
74.8576 18.0143
74.7177 17.9988
75.9922 18.1026
74.2787 17.9866
75.6967 18.0844
74.5041 17.7304
73.0355 18.1843
72.8377 18.1276
72.8989 17.4876
72.2865 17.7814
71.6452 17.8189
71.0243 17.8455
73.2938 17.6157
74.7666 18.232
73.3898 16.8806
74.1432 17.5205
77.5733 17.4462
76.0326 18.3524
71.3889 17.9489
72.7028 18.4766
71.9013 17.9675
74.6361 18.3278
74.9577 18.0518
76.8603 17.2055
79.3273 17.299
77.4763 18.1026
78.8005 17.0068
68.8035 17.9078
75.7164 18.3072
76.5578 16.043
78.3889 16.6468
72.752 17.3891
81.5049 17.9867
77.8867 17.9269
78.7165 17.7395
75.9244 17.5684
72.5064 18.2189
73.9101 18.2436
72.1954 18.3857
74.9639 17.6005
74.5058 17.3909
77.8356 17.5048
79.7975 17.1569
77.4121 17.6123
74.6568 16.7665
75.6494 18.1654
74.4535 17.9268
74.4695 18.0774
79.8127 17.3271
77.0321 18.07
77.2812 18.1132
80.5983 17.4639
77.6845 17.1948
75.7889 17.6056
74.4167 18.0948
76.1817 17.3608
74.898 17.6494
77.1777 17.3907
76.4598 17.5934
73.362 18.2481
75.1692 18.2201
75.6958 18.1693
75.3711 17.4037
69.9049 18.0103
72.7119 17.8585
70.8999 17.6448
78.1466 17.7829
79.443 18.1362
81.0457 17.759
76.4851 17.476
73.7238 18.6198
77.2508 18.44
77.4587 17.2905
75.8298 18.3482
76.9961 17.8233
74.3302 18.2294
77.0496 18.2713
75.9312 17.4322
80.7005 17.559
75.4079 18.6257
73.2782 18.1015
76.7118 18.1221
76.3621 16.7657
79.0432 17.9503
75.1483 17.2782
75.9454 17.1372
77.2099 17.7677
74.6397 18.0316
78.0162 18.5529
76.6353 17.1813
77.5561 17.5071
75.6839 17.5085
75.4353 17.7876
72.8802 18.2996
76.7501 17.8513
75.1867 17.756
73.4618 17.7099
75.9929 17.6379
75.3621 17.6551
76.1274 17.65
76.1646 17.7522
74.3605 18.0275
72.6439 17.6173
73.0407 17.7525
74.1156 17.6834
72.0387 17.3926
75.576 17.4887
76.1968 17.6491
77.9846 17.1864
77.4538 18.1365
72.1718 18.0036
73.875 17.9707
72.7236 16.7117
71.7053 18.6874
70.4523 17.7215
76.6087 18.0434
77.353 18.0846
77.3307 17.9764
76.2278 17.59
78.171 18.2657
71.8074 17.7966
74.4756 17.9628
74.4622 18.1779
78.1189 18.2531
72.5475 18.4396
72.5564 18.0971
75.3959 18.6076
69.8502 18.0718
72.4304 17.986
76.416 17.3332
75.2283 17.505
76.5208 17.9238
77.5162 16.8228
78.1308 17.2027
77.5272 17.7262
73.3887 18.714
76.8507 17.2024
78.8795 17.7697
74.5206 17.761
74.3565 18.0273
73.9477 18.0477
73.799 18.4727
75.3309 17.809
75.1408 18.3602
75.5574 17.3448
74.3848 17.0666
75.2024 17.7628
76.5816 17.9684
77.0769 17.4812
76.3396 18.7247
75.9786 17.1166
78.2235 17.5568
74.2522 17.5903
79.2786 17.6788
73.4333 18.0454
76.6188 17.5841
74.3486 17.8676
75.3802 18.471
77.1087 18.2719
78.7481 18.1944
77.1535 18.272
74.97 18.0194
75.0709 18.3122
75.1388 17.8293
79.5393 17.6687
75.9231 17.1707
80.3127 17.726
80.3954 17.9707
81.103 17.7082
75.1828 17.0023
78.7602 17.3134
74.195 17.402
74.7288 18.138
73.063 18.035
83.031 17.308
77.3451 17.7021
77.0869 17.7157
75.6843 18.0158
72.3425 18.1127
74.9142 17.8624
74.0273 18.0539
73.0461 18.2374
79.0648 18.6034
80.5133 18.3397
79.4845 17.2925
76.6762 18.0626
78.4796 17.7125
77.1325 17.1882
77.5896 17.7152
79.5273 17.4067
76.3499 17.0441
75.7367 17.2415
73.7232 16.6846
72.0146 17.5375
74.5563 18.2749
75.8906 17.4746
77.41 17.4261
74.1203 17.7399
72.691 17.9883
72.0098 17.4208
69.8881 17.4611
71.6227 17.524
74.3894 17.372
76.0359 16.8854
73.5173 18.056
73.1505 17.5767
66.0656 18.0412
72.1955 17.8796
74.223 18.0687
75.0167 17.3696
75.0422 17.3334
77.5426 17.9392
79.3037 17.2317
80.4883 16.62
74.3489 17.2625
71.5692 16.9722
73.8426 17.8693
76.3563 18.0327
74.7979 17.8202
72.679 18.4425
71.7849 18.6611
75.3696 17.6319
74.0092 17.2745
74.4508 17.7393
77.8112 17.8224
75.5026 17.9981
75.9888 16.1726
73.6543 18.1892
72.3877 18.9498
74.7645 17.947
72.1149 18.1618
73.7183 17.8172
74.4707 18.0853
74.6475 17.609
77.4207 17.5343
76.8435 17.0757
73.118 17.8274
72.8761 18.1657
71.5868 17.1764
71.0843 17.2787
68.9052 18.0949
75.865 17.3798
78.1751 18.9349
75.0696 17.216
73.6527 17.4325
73.5794 17.2837
73.4161 17.7299
72.6274 17.0299
76.6138 16.7751
73.6601 18.3032
76.1609 17.5901
78.2035 16.7636
73.8567 18.4979
73.7381 17.3433
78.3045 17.7781
75.9732 17.3398
76.9904 17.2842
75.2296 17.6393
75.6771 17.5193
72.5521 17.1926
72.4826 17.3417
72.2458 17.6488
78.0592 17.6277
75.7172 18.0533
74.0648 17.5744
71.465 18.2945
75.5188 17.5204
76.4775 18.1429
77.4377 16.679
71.2122 17.9402
72.1031 18.0672
73.5415 18.1839
73.2402 17.9398
74.722 18.1563
75.5762 17.3162
73.9495 17.4659
75.1823 18.4904
72.4111 17.6044
84.9967 17.7008
80.6349 17.8077
79.6504 17.7243
76.0862 17.9086
75.4236 17.6584
73.382 17.3087
72.2419 18.2186
72.0154 17.9951
72.357 17.5109
71.1647 18.2181
70.7592 17.6847
74.9239 17.3297
73.2504 18.6344
76.4706 18.0863
74.2568 17.8605
72.6927 17.2159
72.2841 18.3373
70.2456 16.9408
76.5791 17.5348
74.3286 17.8932
78.1437 18.061
77.8462 17.7523
77.836 17.2048
79.8466 17.8174
68.4002 18.1595
71.588 17.5577
70.0029 17.6772
72.9842 17.8532
72.9723 18.2229
72.8795 17.6314
70.2513 18.3501
74.106 18.742
71.993 17.901
73.9833 17.6713
75.353 16.7734
75.4787 18.3754
74.2855 17.62
71.0887 17.6574
72.7511 18.5328
75.407 18.311
77.8465 17.1874
75.2654 18.0319
76.572 17.6466
80.0612 17.6555
84.8369 17.312
79.6732 17.7835
79.1864 18.0882
77.8324 17.4794
76.3599 17.2839
81.4259 16.4721
78.4083 18.0671
83.6021 17.7798
82.5491 17.269
77.4084 17.4269
76.6675 17.471
75.7426 17.9155
73.3061 17.9777
72.6878 17.3271
74.2633 17.8034
72.3686 17.3043
80.2261 17.6124
81.9924 16.7416
76.514 17.9312
75.1324 16.9861
69.7832 18.1527
74.7313 18.1262
84.1826 17.126
78.2399 17.982
76.0908 17.3743
77.0481 17.1715
73.1552 17.9484
74.2612 17.1995
76.5226 17.0313
75.3781 17.7208
73.7072 17.3177
74.1501 17.959
72.9015 18.1157
73.9508 17.9121
80.4583 17.0347
79.7174 17.612
79.2577 17.0062
79.0514 16.4973
80.5287 16.9489
79.9527 17.3941
78.8139 17.9639
78.6432 18.5658
77.3098 18.1154
78.5905 17.8016
75.9307 17.5919
79.7939 17.5079
76.7876 18.0963
72.6471 17.8588
73.8429 17.4582
73.6453 17.8168
77.0229 17.8522
78.1282 17.9171
78.7295 17.9513
77.4564 17.969
72.4055 18.1675
74.5325 17.2173
70.5937 17.6565
73.3311 18.2441
74.7081 18.2584
75.0234 17.7176
77.0418 17.5579
71.2018 17.0746
73.507 18.441
75.394 18.07
73.6727 17.6428
70.0679 18.0135
70.4602 18.5432
76.5236 16.4551
75.0325 17.9887
75.4071 17.5824
73.4745 17.3258
71.677 18.1384
73.3147 18.3823
71.2162 17.6166
74.6568 17.5793
73.9605 17.6322
72.4939 17.2697
74.4766 18.5337
80.0154 17.3554
71.1862 17.5336
76.8937 17.1713
75.6714 18.1602
71.8148 18.5131
73.3597 17.5756
73.9622 18.2457
73.272 17.6793
74.3741 17.4421
74.8546 17.9835
75.2849 16.8458
70.4512 17.5548
75.4539 16.8413
74.8546 16.3846
78.7894 17.7025
77.5315 16.843
76.3014 17.9756
76.8833 18.0969
70.4232 17.8974
73.8691 17.0393
76.2812 18.0064
75.5016 17.4667
74.9891 17.7268
75.7565 18.2475
75.8221 17.6932
73.836 18.057
73.5702 17.3973
74.9122 17.2452
75.5581 18.1399
75.849 17.2753
68.7538 18.2285
70.9456 17.8783
73.0803 17.3431
77.7141 17.6486
75.8633 16.82
75.1094 17.491
77.2516 17.3932
74.6046 17.404
80.0278 17.0597
77.7756 16.7858
78.4477 17.2854
76.928 17.5424
76.1975 17.3561
74.466 18.3046
71.0919 16.6928
75.4691 17.6207
77.1396 17.9504
76.2991 17.4693
75.0272 17.6888
74.6837 17.6857
76.5851 17.7103
74.6172 17.37
76.2009 18.2129
76.8859 17.4954
74.7991 18.3395
71.0081 18.2667
71.419 17.9158
76.8879 17.8485
76.7035 17.6171
82.6972 16.9158
76.8494 18.3102
71.26 17.9509
72.9362 17.8514
74.8413 18.3423
75.7444 18.1926
75.3935 18.0395
73.8149 17.9758
72.368 17.5978
75.7916 17.0422
76.8544 17.4945
75.0221 18.0514
74.7464 18.0232
76.6511 18.1573
77.641 18.2639
73.9689 17.5662
80.5434 17.5406
78.9436 17.8034
71.0853 18.217
75.3261 17.7608
76.2423 17.1069
76.1794 17.5271
78.0835 18.0725
73.7737 18.4995
72.0247 17.4499
77.8139 17.6015
77.8706 17.5141
74.0939 17.8411
77.0269 17.7926
74.5131 18.3462
68.2277 18.4707
70.7525 18.0612
71.3175 17.864
75.8277 17.3578
72.6775 18.016
78.1161 17.3079
80.9981 18.6064
82.1988 17.8651
76.1959 17.6997
79.7425 17.8287
75.0241 18.1005
79.5227 17.1178
80.1081 17.9633
78.5966 16.72
77.7028 17.508
77.3355 17.1555
83.1772 17.0587
74.12 17.6202
75.7989 17.8411
78.4645 17.3637
70.8863 17.5711
71.3898 18.1703
73.1101 17.6485
73.9367 18.3776
75.8992 17.9494
73.4057 17.3773
74.8557 18.2957
74.1593 18.4548
73.9878 17.8862
78.9956 16.7235
76.8459 17.3842
71.9689 17.4396
72.1584 18.165
78.2662 17.0311
77.7811 16.4004
74.4392 17.6172
75.5004 18.1138
76.5141 18.4819
77.4555 18.5009
75.1219 17.1729
73.9353 17.8243
74.0927 17.6941
74.0276 17.6382
72.652 18.7933
76.292 17.3721
71.0926 17.7984
75.599 18.3199
77.2095 17.7254
75.9565 18.2307
73.231 18.4007
73.2553 17.6704
74.3178 17.214
74.9192 17.591
71.773 17.8971
74.8847 18.0214
75.1706 17.7596
76.6966 16.9406
79.4709 17.5929
77.3893 17.3253
73.0961 17.8257
77.9838 17.1009
83.1507 16.8808
77.3006 17.3056
79.1229 17.2994
79.9828 16.7755
74.4135 18.0196
75.3068 17.546
74.77 17.7796
72.6619 17.6359
73.3421 16.8597
75.9744 16.8867
77.3841 17.6297
73.1629 17.5675
74.3456 18.098
75.0424 18.4927
71.0826 18.0642
83.6365 17.0596
75.431 17.7051
73.2769 17.5521
81.8752 17.0334
74.9577 17.1014
77.3238 16.7536
73.6972 18.231
75.9439 17.6513
75.8364 18.3086
76.3368 17.66
72.5551 17.4738
73.6835 18.0377
74.5786 17.0532
73.5967 17.872
72.2724 18.0072
76.2568 17.9951
73.0727 18.1909
73.5218 18.1481
72.7288 18.0553
73.9203 18.0649
75.3359 18.0029
77.7473 17.7867
80.154 17.1324
80.048 18.5746
79.0096 17.7595
78.7258 17.3806
76.1183 18.1202
75.1155 18.7012
77.105 17.8767
77.7956 18.1591
72.8804 18.0889
76.3563 18.5281
77.8692 18.2429
75.3672 18.2432
73.4695 17.6872
72.27 18.0576
75.2061 17.5412
70.0804 17.863
76.5392 16.3696
75.4294 17.8299
77.7644 18.5954
75.4657 18.5061
73.5258 18.1974
72.9816 17.9541
74.0184 18.576
73.5621 17.7058
71.728 17.9693
73.6737 17.2923
77.918 18.9315
75.7772 17.683
75.5469 17.7685
75.5008 18.1554
75.1169 17.5312
74.1032 18.2103
72.4513 17.4407
74.1689 17.9536
73.5206 17.077
76.2879 17.649
75.9662 17.8339
78.8436 18.0155
75.0987 17.5268
77.1385 18.4311
77.8022 18.4293
76.5237 17.5657
78.6883 17.6094
77.3922 17.7206
77.7192 17.9957
78.4251 17.4764
78.9241 18.4928
81.8339 16.3227
73.5688 16.74
77.0402 17.509
71.6417 18.192
71.5656 17.6923
73.9243 18.8557
78.3598 18.5509
76.3468 17.4986
72.0537 17.1615
76.4723 17.1447
74.6114 17.7211
73.5563 17.4942
76.7483 17.9595
77.4477 18.247
77.839 18.5307
78.3783 17.9393
78.5623 17.114
76.1865 17.9115
76.0415 17.8786
78.1504 17.9716
76.4691 18.5518
74.6587 17.5699
75.7693 16.7168
72.7597 18.362
78.08 18.1948
79.0338 18.3354
77.6394 17.9834
78.1961 17.4975
71.6493 17.4089
77.5524 17.5255
75.0195 17.1812
72.6553 18.1732
75.8922 17.8565
75.0242 18.1258
74.9068 17.4518
75.0445 17.2682
73.449 18.2208
76.3789 17.6061
74.6078 17.7756
71.9189 18.1247
77.7346 17.4281
77.515 16.9832
76.6856 18.1779
74.8751 18.1232
73.6653 18.4121
75.3056 18.3959
71.9667 18.5107
74.6802 18.0544
78.1669 17.9055
73.1555 18.181
74.0504 18.1819
75.2747 18.123
70.7367 18.3684
74.6329 18.3599
74.9804 18.0076
75.4079 17.942
70.9451 18.1347
76.6818 17.9622
70.2228 18.5531
77.7132 17.4001
78.8395 16.8323
77.9175 17.4225
72.9373 17.2081
79.1388 17.0927
75.8076 17.5889
76.2503 18.0026
71.2573 17.512
72.4331 17.2785
77.3552 18.0707
72.515 17.3616
77.6809 17.2664
76.0538 17.4451
80.8176 17.69
76.0176 17.7256
73.6267 17.8713
75.7299 18.0219
75.1066 18.0869
76.1125 17.7946
76.2767 18.007
77.4022 17.4753
78.2401 17.4719
76.2997 18.141
72.6375 18.5381
73.2422 17.2217
70.6537 17.1871
70.9456 17.0976
72.1692 17.0738
76.0289 17.0977
78.4036 16.2822
74.2126 17.8039
74.7551 17.9255
73.337 17.8323
69.1448 18.3495
72.0611 17.6171
71.8952 18.064
72.2499 16.9546
72.6882 17.9398
71.9638 18.3723
74.0124 18.2013
72.972 18.2011
72.4033 17.2444
72.3356 17.7566
75.0886 17.1161
76.4101 17.0935
77.4321 17.1469
80.6325 17.6187
74.9002 17.5387
73.5453 17.3439
74.0022 17.2946
73.9463 17.5001
77.4971 17.7547
75.2525 18.9837
77.4737 17.7972
70.0653 17.8777
70.107 17.7545
73.7789 17.575
74.2972 17.5844
73.9564 17.8682
77.4724 18.3498
73.6465 18.8454
73.4489 17.2826
69.7288 17.7984
75.2513 17.7877
72.7622 18.2224
77.3973 17.9424
74.5368 18.2654
71.6946 18.1749
76.6175 17.9783
76.7981 17.0541
78.4734 17.7082
79.962 17.4568
76.5616 16.8633
76.7379 17.3331
73.2778 17.0855
75.9081 18.1169
75.8401 17.9387
72.4731 17.4324
77.0916 17.4785
75.2219 17.5134
73.8594 18.0594
74.9853 17.5753
74.1973 18.6041
73.3941 18.0725
75.1435 18.0601
75.0084 17.6216
76.2215 17.023
76.5232 17.5382
78.5266 17.5397
78.1422 17.7928
77.9478 17.7138
76.3003 17.7607
74.6327 17.9726
77.7872 18.4951
78.5194 17.5811
74.9009 17.8561
75.2374 16.9979
75.3695 17.6951
74.3717 17.0786
72.8072 17.2184
72.1646 17.8902
72.2765 17.9454
71.1805 18.4656
76.4861 18.1901
73.2174 17.5274
74.0249 17.6501
75.1047 16.8229
76.5829 17.5118
76.8156 17.6312
75.4001 18.1549
73.2096 16.9628
73.3822 17.4274
73.3367 16.9467
73.1951 18.2628
78.7958 17.0261
73.614 16.842
73.1371 18.3054
75.0019 17.7164
77.1034 17.3555
78.5349 17.404
79.6329 17.7105
74.1988 17.6488
78.3419 17.298
78.1822 17.8861
75.0047 18.5138
76.6522 17.2891
77.017 17.9205
76.34 17.5525
71.9901 17.9638
76.6348 17.4181
76.1176 17.8906
75.0197 17.5715
74.084 18.1307
72.352 16.7308
72.1954 17.3467
73.0082 18.1923
75.5255 17.4424
73.1306 16.5164
72.9691 18.5229
73.1637 17.5411
78.1556 17.5054
71.9246 17.2849
74.5371 17.745
76.2432 17.1645
75.7581 17.4183
75.0919 17.7401
73.8389 17.4745
75.4978 18.0373
74.8402 17.2667
71.5117 17.5747
74.8668 17.4491
72.3312 17.2904
72.8422 18.5406
75.3329 17.9284
75.8342 17.587
76.7622 18.7205
74.6518 17.9171
75.9537 17.8565
75.0484 17.4579
79.0526 17.4221
76.5454 17.1917
72.4803 17.3889
76.9294 18.0203
73.3452 17.7576
73.3253 16.867
71.5216 17.9765
71.8279 18.1002
73.8478 17.5251
74.1631 18.1875
70.8099 17.0427
72.3118 17.6794
72.2352 17.1561
76.7023 17.9897
72.9386 17.9917
71.9276 17.456
74.3359 17.2271
74.5566 18.5458
72.8548 17.356
75.0509 17.9332
72.7238 17.7101
73.951 17.2321
74.709 17.6701
82.9276 17.9417
73.3864 18.0693
74.6972 17.8963
75.1033 17.1446
75.3705 16.9956
79.7533 17.3299
76.5406 17.3277
81.3557 17.936
75.958 17.7572
80.2691 17.492
72.0404 17.8824
71.9878 18.8325
74.7635 17.8145
72.6353 18.4617
77.8658 17.3779
76.777 17.7046
76.0366 17.8389
82.5302 17.2806
80.453 17.7916
73.4542 18.3686
71.584 18.4327
76.434 17.2572
77.6851 17.7447
74.0391 17.2302
78.5462 17.2436
76.4473 16.6407
77.1811 17.9261
77.7771 17.6816
76.1035 17.9858
74.9515 18.2611
74.8503 18.3264
72.8703 18.3508
73.8327 17.5095
72.7734 17.9939
74.1773 17.4495
74.4728 17.7354
74.1641 18.5808
73.0973 17.6485
75.186 17.7068
77.1404 18.3329
76.932 17.6677
78.7433 16.8906
75.3388 17.5989
74.8508 18.1518
74.8457 18.0272
79.8894 17.1242
75.1405 17.0881
76.2081 18.5163
75.1922 17.5925
74.662 18.2024
77.6638 18.0303
75.1933 18.2155
72.9326 18.4073
75.8948 17.9096
72.072 17.6633
75.6187 17.893
74.5893 17.7385
75.1085 17.4184
75.331 17.8156
76.1975 17.8582
75.3254 17.6879
76.2088 16.5723
75.4777 18.3308
77.839 17.6447
77.6681 17.5701
74.1968 17.645
74.7959 17.4497
76.6677 17.5574
72.5371 18.3168
74.7004 18.2225
73.9926 17.8988
70.3982 17.7366
71.5071 17.7006
70.0229 17.9676
72.6837 17.7221
72.8698 17.6253
76.7884 17.6084
76.8946 16.3892
75.2775 17.5264
73.6322 18.2978
70.3071 18.6282
73.8621 18.5319
70.6118 17.8646
72.1444 18.0044
74.5502 17.6976
79.1353 17.4352
76.0346 16.9048
73.1959 17.4194
75.6896 17.9237
76.0836 17.878
76.4286 16.7463
77.3662 17.6802
79.4665 17.4009
77.8393 17.2726
80.3366 18.7963
79.8116 18.2768
83.0883 18.6972
77.4976 18.0531
77.3124 18.1023
79.6113 17.5801
76.3328 17.6861
69.6738 18.2285
71.809 17.7189
71.9484 17.7451
76.5931 17.5425
76.4775 17.2621
76.5515 17.8241
83.488 17.5802
77.0007 17.7382
77.0893 18.0028
76.6973 16.9404
76.2843 17.2691
72.559 17.9685
75.5241 17.7333
73.937 17.5846
73.0916 17.4994
73.021 17.4532
73.5988 17.7747
74.0171 18.3154
74.5891 18.5453
74.9996 18.0287
74.9683 17.6541
74.8583 17.6173
74.105 17.7165
80.4826 18.0177
75.1797 17.7735
74.7759 18.5758
78.5313 18.2102
78.0572 18.081
77.4965 17.4181
75.19 17.4646
82.5895 16.9276
77.7588 17.3903
79.7206 17.5533
81.4294 17.6036
74.7399 17.8115
72.1879 17.8102
75.2966 17.7796
74.1812 17.4766
74.536 17.8707
73.8131 17.1442
74.5611 17.8996
74.2876 17.8531
75.7398 17.4878
74.5229 17.7038
73.0313 17.8644
82.2082 17.4593
72.8171 18.2419
72.4346 18.9679
72.1957 17.972
70.8584 17.848
74.8577 18.2266
79.0292 17.5663
73.8429 18.0805
74.4976 18.2569
71.4554 17.5852
73.631 17.6689
78.2658 18.0344
81.1695 16.8614
72.4753 17.2584
76.2041 17.9837
74.7268 17.7512
71.566 17.0035
75.1887 17.7734
77.2247 18.2273
79.7847 17.8388
78.1704 17.4049
77.7437 17.5264
73.6606 17.9454
76.9667 17.493
74.1796 17.6729
76.8217 17.7248
74.8187 18.3371
76.8988 18.1624
75.582 18.1144
77.0576 17.4236
76.2096 18.0535
75.4555 17.7634
74.874 17.7867
71.2417 17.167
72.7931 18.7115
73.5777 18.0459
73.5439 17.3012
73.5206 17.5572
73.5287 17.4322
73.606 17.6451
73.3252 18.0815
73.3593 17.8549
72.8334 18.4538
72.7887 18.577
74.6613 18.5142
79.0759 18.3795
76.8552 17.5831
77.7757 17.7138
80.6728 17.0282
75.1338 17.725
78.0111 17.7293
73.8153 17.9601
76.426 18.2533
79.0016 18.3321
73.693 18.2624
72.4961 19.044
71.3446 17.5176
71.9642 17.8876
73.6638 18.6218
74.466 17.3169
76.7256 17.6045
78.3205 17.1798
76.8855 17.2017
75.6653 17.9233
83.6951 17.3947
81.6894 18.4884
76.0306 17.9682
77.3628 17.804
76.373 18.204
73.5797 17.7419
75.2176 18.0085
73.7163 17.4883
68.9697 18.3856
74.9747 17.0074
74.7471 17.7294
75.169 17.1815
72.2453 17.9216
74.723 17.4469
75.3077 17.4156
77.4839 16.9075
80.2885 17.7592
80.2885 17.3261
75.7006 17.2676
72.5884 17.3565
74.9763 17.1343
73.573 17.2029
74.7269 17.7613
73.0753 16.8071
77.8065 16.589
75.9598 17.9097
77.1947 17.6618
74.6966 17.8779
72.4443 17.5944
77.1849 17.7433
72.1792 17.7067
76.2566 17.6054
73.1966 18.1352
77.5698 17.716
77.0779 17.4334
77.6305 17.9935
75.4726 17.0694
75.9587 17.5504
74.7322 17.8699
72.8758 17.4629
76.2001 17.5395
73.6947 17.2345
76.4181 17.9048
77.1734 18.363
70.0756 18.282
70.1208 17.559
70.9167 17.7691
73.2195 17.5709
76.9914 17.915
77.7928 17.5373
80.7163 18.2719
75.6428 17.8488
72.6274 18.1079
71.0739 18.3188
74.9735 18.0754
75.0818 18.2359
77.2196 17.5171
76.4883 17.737
77.4496 17.6224
75.1815 18.1808
73.4377 18.8185
76.5091 16.8161
75.8356 18.3309
75.8613 18.4432
75.6384 17.8924
77.3755 17.2414
75.1195 17.5289
76.0119 17.7
75.2321 17.5709
76.5424 17.2465
71.3749 17.7851
71.7886 18.6537
71.8791 18.1494
73.5434 17.2229
72.2178 17.2579
72.7977 17.1716
74.1476 17.271
73.9612 17.8966
70.3674 17.8512
71.4554 17.5292
76.8426 17.5097
73.8476 17.6862
76.2106 17.515
74.8902 16.9185
75.635 17.0249
73.8526 17.6793
78.2717 16.7368
72.39 18.6073
76.0453 18.091
75.965 17.7214
73.964 17.8122
72.5257 18.2847
75.1552 17.4226
74.5015 18.6582
76.6627 18.0927
74.6436 18.0946
73.2677 18.2744
75.325 17.817
77.2641 17.8562
77.3701 17.1492
77.6557 17.4054
76.1804 18.0685
76.101 17.9028
75.5826 17.9565
76.4714 17.5041
76.086 18.6775
75.2033 17.9275
70.1852 17.2355
74.7047 16.9303
72.543 18.3525
76.8925 17.6811
74.4959 17.7651
72.8935 18.1015
77.4165 18.1693
77.9695 18.2349
74.2278 16.9817
75.3112 17.8705
74.2082 17.3884
71.0927 17.1342
74.1608 17.5641
79.5855 17.8283
77.7297 17.2644
80.1906 17.4645
80.4338 16.8974
79.7365 17.2349
72.9984 18.7323
72.1337 17.4532
74.2922 18.3001
76.5341 17.2609
76.0354 17.2736
75.7109 17.5489
75.7936 17.8397
78.2452 17.6321
73.4485 17.5811
74.2039 17.7599
76.7016 17.415
79.4365 17.9185
77.3308 18.2549
78.791 17.2158
73.0855 17.7793
74.3852 17.9829
74.2962 18.4024
75.6563 17.6834
79.5895 17.6662
74.9507 18.0834
75.6833 17.692
75.7548 17.8072
74.5622 17.9067
74.8134 17.9238
74.146 17.8656
74.5788 17.8333
74.3166 18.3895
76.0322 18.5042
76.3359 17.1387
75.7814 18.1637
75.4187 18.8045
75.9198 17.9736
73.1723 17.1203
72.0793 17.4549
74.9432 18.077
78.1999 18.1582
78.1742 17.3834
77.5304 17.9168
75.3719 18.0287
75.1214 17.6107
76.7616 17.617
75.9897 17.8935
78.0083 18.5399
80.0394 18.8616
78.5845 18.5361
71.4879 18.1049
74.4712 17.5705
73.1927 17.9763
72.2412 18.2379
75.9553 18.9582
76.0987 18.0825
76.0571 17.9016
75.8391 18.2267
74.0222 18.1906
70.7637 18.4802
72.9356 16.9024
76.0019 17.3209
75.8128 17.6716
78.9699 17.7745
73.9424 17.566
74.8515 18.0252
75.0388 17.7617
74.8781 17.7859
73.6214 17.4714
74.4155 17.3712
74.729 17.2725
75.7777 18.0633
75.2764 17.7059
75.2512 17.7639
79.6516 17.018
75.5073 18.4339
74.4449 18.0777
75.2754 17.6375
75.2972 18.0686
77.0066 18.055
76.1105 18.1618
75.9577 18.512
78.8157 17.2373
71.7605 17.4873
75.8997 17.2654
75.86 17.371
79.6525 17.1377
78.5971 18.1754
75.3641 18.5664
74.9361 18.3962
79.234 17.4094
77.8543 17.8386
78.3755 17.9279
75.5954 17.8436
75.9295 17.6902
75.4747 18.3829
74.8743 18.9334
77.2677 18.1961
70.7291 17.4165
76.6571 16.9644
76.3462 18.0763
78.5572 18.0832
77.6789 17.9259
76.0262 17.0073
75.9429 16.8255
74.2241 17.4573
71.468 17.6484
76.7534 17.388
74.8715 18.4025
77.5044 17.4802
78.1403 17.8291
77.9057 17.6735
72.0166 18.2358
71.7488 19.2798
75.472 17.4716
81.3098 16.7415
81.024 17.3281
70.7782 17.1364
77.9761 17.8082
76.0738 18.3021
77.4755 17.155
76.1285 17.4112
71.8033 18.5053
79.0307 17.9968
76.4347 17.4329
75.5569 18.7777
74.3577 18.0987
73.8463 18.6516
71.9007 18.243
73.855 17.3934
73.5346 17.7511
73.3091 17.9766
76.8778 18.3189
79.8121 18.0328
74.4065 17.7814
74.1007 18.1124
73.5114 17.5894
73.0341 17.5174
78.2035 17.2945
77.6417 18.5883
77.5006 17.8111
78.4905 16.8325
73.565 17.5029
71.3694 17.591
73.4326 17.6901
77.7844 18.0151
73.3422 18.2568
78.5216 17.3381
78.8974 17.582
76.7105 17.5127
70.6378 18.5152
70.0955 18.6248
72.9102 18.1662
73.2659 18.654
73.7635 17.9039
73.1179 18.2567
74.217 17.9605
72.7122 17.8252
73.7676 17.5983
74.8488 18.6445
76.5009 18.4372
77.4774 18.3789
74.918 18.3655
74.6334 18.3538
76.2873 18.3853
77.8419 18.1232
83.0672 16.6826
72.3777 18.5294
73.236 18.1588
76.2844 17.4584
76.5926 17.7589
77.2838 17.3748
75.1004 17.4916
75.9711 17.3984
77.5685 16.7624
76.5439 17.2497
78.4183 17.931
74.4868 17.4409
76.7056 17.7312
72.589 17.153
71.3812 17.5611
73.0153 17.861
77.7048 17.2212
75.9357 18.0809
74.2945 17.4695
72.5796 17.7351
72.3834 18.1769
76.8538 17.4174
76.1975 17.571
72.6759 16.4094
78.334 17.1233
76.9199 17.853
72.7563 17.8271
76.4471 17.9928
75.9949 17.8877
74.1077 18.498
76.0712 17.0258
71.3486 17.8445
72.6527 17.8093
72.1511 17.8606
74.3523 17.5595
71.4305 17.2865
73.7414 16.7135
77.6314 18.0586
69.8423 17.0848
71.9031 18.5229
74.9276 17.0469
75.6004 17.0608
68.7695 17.767
76.3567 17.2287
72.6998 17.3732
72.0406 17.5541
72.1614 17.5013
75.2677 18.1068
77.8421 17.578
77.5225 17.6118
78.1689 17.7805
76.9981 17.5198
76.5764 18.1087
75.0905 17.088
75.1354 17.8663
72.1235 17.6191
72.4906 17.548
74.4279 17.5669
71.8106 18.4944
75.2293 17.6512
70.6609 17.0948
71.8012 17.0581
73.3504 17.4136
75.552 17.5546
73.6262 18.1342
76.6167 17.816
76.4682 18.0062
78.8945 17.3423
73.0801 17.5808
73.4638 17.4105
75.1762 17.4563
76.837 17.9205
74.4555 18.1321
75.1664 17.8549
78.5158 17.3831
78.6946 17.3961
78.9916 17.2528
72.5318 17.4563
78.9207 17.8703
75.0638 17.0791
71.5718 17.4907
75.5761 18.1687
73.6451 18.2688
75.5786 18.4982
70.4979 17.9028
74.8121 17.8506
71.9394 18.1987
73.6415 17.9316
77.4282 17.7739
73.7151 17.8477
76.3243 17.8509
79.6903 17.7909
79.3393 18.2176
78.7717 16.9293
77.0747 17.3476
78.8407 17.6232
71.5687 18.0177
72.9469 18.0178
76.0035 17.8818
77.601 17.9641
75.3379 18.2733
75.3486 17.338
75.2748 18.075
74.3384 18.223
74.9768 17.9809
77.7888 18.0741
79.5319 18.2266
76.1755 17.6708
70.8378 18.4877
72.4366 18.5431
77.1865 17.0778
75.103 17.2987
73.5335 18.2485
72.6183 18.4977
76.4933 17.2337
81.8917 17.4488
74.3678 17.6786
74.7647 17.6315
73.8353 17.5857
73.0326 18.0179
75.4819 17.5988
75.7078 17.5474
74.2964 17.8678
76.1009 17.219
74.8773 18.1064
77.9965 17.9817
70.2671 18.0304
75.2528 17.5319
71.3416 17.4281
78.6142 17.1949
77.9433 16.9914
74.615 17.6362
77.3812 17.0329
75.5759 18.2397
75.5044 18.2759
74.4645 17.8918
74.3394 17.7893
75.7355 17.9615
75.7065 18.1571
74.7436 18.1886
76.6034 18.6143
75.9998 17.6327
76.2395 17.8018
75.583 17.6259
73.2673 17.4829
72.7218 18.0225
74.9079 17.7723
77.1422 18.0239
74.0684 18.1865
73.5812 17.4202
76.0765 17.5661
76.2394 17.5476
78.4011 17.1814
77.8439 17.1593
75.0469 17.0656
76.1928 17.8899
72.2047 18.2083
79.4787 17.3836
75.4398 17.1355
78.2878 18.3698
74.4481 18.0337
74.3443 18.6077
71.0629 17.7143
74.9334 18.1037
71.1534 17.6485
73.2256 17.4302
74.7632 18.08
76.0322 17.9285
74.3225 17.4875
77.692 17.8782
78.6616 18.3409
76.5356 17.5886
81.135 17.0683
73.4201 17.2257
78.3842 17.9846
74.873 17.5341
78.9139 16.7068
79.0095 17.2929
76.3395 17.4314
74.9608 18.2727
75.1301 17.9404
75.1205 17.9632
70.4223 17.3077
72.3154 17.8361
74.8357 17.1164
76.6956 17.7975
73.5126 18.4303
76.5912 17.4886
77.6389 17.1952
82.7776 17.2372
80.2516 17.36
74.4782 17.36
79.6747 17.8389
79.761 18.0703
71.8637 17.8211
77.04 17.5928
75.4996 17.989
79.6294 17.3758
72.4642 17.5463
71.5971 17.2753
74.9695 17.9104
77.3629 17.2731
75.7251 17.5499
76.0506 17.6953
76.7784 17.3477
73.0115 17.7227
75.3804 17.404
78.1033 17.8569
79.9738 17.8394
76.5275 18.3376
76.6906 18.1466
74.8668 18.4712
75.3925 18.1459
72.1327 17.3536
74.1982 16.9556
69.5459 16.9662
71.7286 17.9812
73.3196 17.9302
73.3823 17.6991
73.5909 17.6342
75.0972 17.8381
76.8149 17.4821
72.5575 17.3721
74.9569 17.4813
73.6954 17.4958
79.7593 17.5868
76.4795 18.3607
72.7095 17.0182
79.1554 18.5134
73.1158 17.4965
73.5427 18.2472
71.9124 17.9252
73.4655 18.2221
73.9564 17.384
76.7348 17.9087
78.0754 16.5928
72.129 17.3184
70.5888 17.9783
74.8374 18.2282
76.1248 16.5545
77.3544 17.6293
79.3927 17.4277
81.3427 17.1658
82.9705 17.2448
78.389 16.647
79.106 18.0442
75.8123 17.6651
76.132 17.1629
74.5427 17.614
74.6076 17.5056
74.3471 16.8624
71.2082 17.7549
73.4098 17.6373
73.9136 18.8026
77.737 17.4993
71.8199 17.428
73.1626 17.9491
73.81 17.9589
76.0392 17.9583
76.8306 17.9782
75.0651 17.9445
72.7993 17.3434
76.1071 17.3869
75.3321 18.3376
81.3973 16.9087
74.3258 17.4516
77.4467 17.901
77.3409 17.3139
75.939 17.3427
69.6431 18.6456
75.533 17.9264
73.288 18.2718
73.5513 18.334
73.5152 17.4104
76.4066 17.9683
74.7529 17.5377
76.1861 17.1551
74.9564 17.7661
72.2051 17.3965
69.8897 17.3175
78.1082 17.1291
79.034 18.1109
77.0508 17.3041
76.8294 17.4046
77.8617 18.1359
73.9612 17.5601
71.7715 17.5956
77.9776 17.6974
74.7633 17.7275
76.2894 17.1564
76.3975 16.6484
77.4275 17.2024
75.3019 17.391
77.2913 18.0127
80.4811 18.0614
73.3239 17.7138
75.0107 18.042
70.6856 17.884
69.7755 17.9316
74.0441 18.8612
76.3504 17.2103
72.6603 17.5334
76.9468 17.9977
76.2 17.5059
74.1418 17.8792
71.8468 17.9407
73.3687 16.8105
75.7675 18.3588
77.9635 18.0359
81.4553 16.6398
72.2643 17.0638
72.4134 17.7899
77.1406 17.3064
74.7604 18.2643
76.7896 18.0965
75.9 17.9151
80.8909 17.8659
76.4225 17.7882
76.3135 17.9693
69.2116 17.8242
73.3684 17.5864
74.1383 18.3729
71.9388 17.2826
70.1023 18.4145
76.591 16.6613
76.4845 16.9672
73.403 17.2892
77.7869 17.3001
77.6429 18.1898
75.7886 16.7918
74.4083 17.7463
73.7776 17.5107
77.3317 17.2593
73.9211 17.475
74.4803 17.6243
73.2497 17.9901
71.8652 17.742
72.1245 18.5706
75.0875 17.5685
71.3304 18.6453
73.6856 17.6952
76.1588 17.49
77.1353 17.4387
74.199 17.8001
73.0549 18.511
74.2664 17.293
75.2675 17.569
71.3519 17.7404
72.7601 17.1949
73.6469 17.713
74.9338 17.2396
75.0503 17.9392
76.1968 17.8033
75.7168 17.6829
71.7262 17.9571
73.7512 17.5513
70.2177 16.4631
78.4669 17.4155
76.9686 17.5644
74.8603 17.4937
76.5941 17.3872
77.5916 17.729
76.5883 17.4409
76.6246 17.9233
75.573 17.7812
77.2295 17.4772
76.3799 16.9273
79.0444 17.6733
76.8299 17.6149
75.3341 18.0986
70.9177 17.4916
73.8736 17.4057
74.7188 17.5585
72.1104 18.0959
77.5814 17.4175
69.2845 17.3917
69.4993 18.365
70.5171 18.2881
75.7373 18.4311
74.9197 17.8588
75.5521 18.6018
76.5535 18.0311
76.9819 19.0331
77.4288 17.3339
75.4786 17.3952
72.6116 18.3416
74.4073 17.2237
71.1761 17.8777
74.2031 17.2723
76.0136 18.4089
75.6369 18.685
81.001 18.286
74.2306 18.0579
75.8855 17.4645
74.6973 17.4364
73.0188 17.8333
77.3597 17.856
73.5218 18.515
74.9358 17.9926
73.1088 18.601
73.461 18.9285
76.6354 17.0658
72.9232 18.7028
69.5465 17.7706
72.4884 18.205
74.2159 18.0181
71.1877 18.0509
74.0869 17.3931
77.8704 18.4747
73.3835 17.4508
74.3609 17.3969
74.0054 18.3961
72.229 18.3947
78.0334 18.2385
72.7581 17.1827
78.6147 18.185
77.2866 17.7479
74.5217 17.7586
75.8758 17.9808
76.2919 17.7448
76.3191 17.3808
74.3883 18.122
73.0439 18.6027
77.238 17.5744
75.8399 17.7653
80.4692 17.8249
80.5975 17.3754
84.3883 17.8124
84.4932 17.6507
79.87 17.7655
82.1969 17.2498
78.299 17.6399
78.4583 17.7866
73.0833 18.5567
74.7252 17.075
77.4277 17.5969
74.8063 17.5108
76.9479 18.0194
77.0469 17.5949
77.7283 16.9084
76.0652 17.5938
77.9136 16.6081
78.13 18.0414
75.3172 18.291
78.4252 18.1818
74.8491 17.5319
73.9204 18.4785
75.3493 16.8654
70.9391 17.9983
72.9458 18.1463
81.7107 17.3016
76.5383 17.294
75.6243 18.4403
76.4455 18.0156
72.2275 17.862
73.2354 17.8184
70.9245 17.824
75.4469 17.53
73.9631 17.5237
73.3361 17.4883
74.8892 17.3577
74.5058 17.8602
78.7873 18.3836
75.3102 16.8326
74.9928 17.0682
72.7305 18.1059
77.1873 17.7179
74.3594 17.9397
76.9687 18.0495
75.6751 17.2994
77.3544 17.5163
80.1346 17.4394
72.6204 17.8208
72.7026 17.6758
74.1212 16.6152
76.041 17.347
78.7531 17.2252
79.02 17.0872
83.3642 17.3137
76.7129 17.9099
78.7915 18.0457
75.8874 17.7484
78.9316 18.1631
76.7003 17.262
77.335 18.3967
78.066 17.7459
75.7839 17.353
74.282 17.4696
74.839 18.0385
78.4314 18.217
75.5877 17.916
73.9339 17.8687
76.1666 17.4334
74.1713 17.6956
75.1039 16.7776
76.5142 17.2137
72.2446 17.6357
72.2544 18.1977
72.9497 17.4755
75.5343 18.2135
75.8083 18.8256
76.23 18.0489
74.7241 17.4855
71.8791 18.0926
71.9845 17.8659
74.0422 18.3159
80.1459 18.6169
76.0407 18.5882
77.0976 17.351
74.8236 18.4913
73.8534 18.3206
75.2213 17.8858
77.8057 18.0009
73.4675 18.0932
73.8578 18.5624
78.4093 17.7175
76.9561 17.9547
82.7315 17.9245
80.216 17.7585
74.7142 18.2019
74.6656 17.8066
71.8894 17.9644
76.5515 17.4854
75.7185 17.7062
77.3149 18.0211
72.6231 18.1329
72.0671 17.5118
69.9797 17.976
73.7656 17.7858
77.6712 17.599
75.796 17.1492
74.9794 17.2457
74.849 17.1326
74.7489 17.8893
73.7163 17.5958
74.1435 17.902
75.0616 18.3734
78.0503 17.3005
72.8558 17.5682
75.2008 18.066
74.2973 18.4857
76.3988 18.1322
74.479 18.2083
70.4928 18.1695
74.8981 18.3628
77.0912 18.3316
77.3435 17.7228
78.2715 17.903
75.9228 17.7712
72.7595 18.2301
70.4678 18.488
69.4148 16.9306
69.7241 17.788
69.1859 17.4978
73.1713 17.8664
69.3833 17.2386
71.637 17.775
74.5649 18.285
76.015 18.0224
77.148 18.0318
77.8645 17.1534
76.163 17.486
75.6189 17.7275
81.1489 17.8361
76.7757 18.3778
69.0303 17.2611
68.5464 18.521
71.8703 17.9389
73.9378 17.3074
76.0251 18.1949
74.268 18.1191
73.2339 18.0905
75.3904 18.1829
73.4932 18.4388
69.4352 18.079
71.6769 18.6612
74.289 18.896
76.0786 18.1986
73.359 18.2491
71.5271 18.1036
69.328 17.7734
76.5801 17.8341
75.6657 17.7455
76.1606 17.7882
76.4547 18.0482
72.6014 18.1779
72.2314 17.7209
71.0404 17.3697
74.6292 17.4139
74.5044 18.3376
73.5036 17.1808
72.7001 16.8717
77.0249 18.1246
74.991 18.1301
76.4239 17.7651
75.8372 18.0789
73.3876 17.2226
74.275 18.2568
74.599 17.7105
72.7152 18.48
76.449 18.596
75.0116 17.2099
79.6959 17.9247
72.8811 17.1735
74.7589 17.8759
73.2831 17.2817
72.6772 17.7733
74.2234 17.8048
73.9427 17.5818
71.3645 18.1086
71.484 18.0335
71.136 17.5048
73.1243 17.0752
73.3104 17.563
72.5253 18.1943
73.0851 17.8713
75.9036 17.3391
75.0805 16.9087
74.0774 18.2984
75.7111 17.7776
79.9037 17.6923
78.2189 17.4077
72.8525 17.5795
74.4639 17.8039
70.5343 17.898
72.7061 17.6226
72.4293 17.017
72.4188 17.6762
72.4163 18.4769
72.3673 17.9536
72.3148 17.9989
72.3418 18.0751
71.471 18.0768
75.1943 17.8483
76.052 18.2407
75.1877 17.7848
73.4768 17.7095
69.6898 18.0367
71.207 17.5329
73.9723 17.3017
72.5036 18.8144
78.4676 18.1031
72.7985 18.0352
72.9664 18.4941
76.175 18.2782
76.4963 17.3761
76.831 18.0352
75.2273 18.2061
72.5625 17.2939
72.5445 17.9199
71.5379 17.9032
72.9545 17.4633
75.0985 17.9752
76.3618 17.2931
73.5411 18.0395
73.9315 17.7454
78.8639 18.0442
79.2842 17.5779
79.4919 17.7334
84.2563 16.351
79.033 17.8522
74.5487 18.028
76.0648 17.5167
74.1508 18.0414
74.043 17.4486
74.9549 17.463
74.7734 17.6558
74.8359 17.6053
75.199 17.8415
74.181 17.949
74.7857 17.9537
79.398 17.8049
82.6053 18.178
74.3729 16.843
74.5436 17.2805
73.3889 18.3277
74.6569 17.5999
74.7065 17.2433
77.3605 17.8662
71.3768 17.6088
73.3145 18.0723
76.3398 17.2019
78.7145 17.2917
83.4076 16.8554
80.3631 18.1275
79.3854 17.6795
79.7968 18.0458
76.6982 17.9008
74.8888 17.0787
75.2845 17.6032
77.8531 16.1913
78.1104 17.5472
75.8532 18.2205
76.9363 18.0596
75.1723 18.2378
75.0708 18.624
75.819 17.7841
77.3536 16.7156
78.2708 17.4682
72.0785 17.7274
71.9701 17.6279
73.3681 17.6008
76.1431 18.2436
74.06 17.4602
74.8762 17.4394
74.7898 17.3357
72.0415 16.9024
75.8848 18.3682
74.7174 18.094
73.3087 18.3413
74.0021 18.3726
76.3466 17.712
76.7867 17.72
73.9344 17.1788
72.8271 17.8625
71.5617 18.5213
74.4259 17.9761
75.3853 18.3214
75.4648 17.5874
74.7661 17.4334
74.5051 17.8147
73.8679 17.1594
72.396 18.0722
77.228 17.8707
73.4934 17.4907
78.8014 17.8749
67.6741 17.8757
69.1747 17.9714
72.8059 17.4039
76.6367 17.5761
76.1402 18.3851
77.7909 18.0537
79.3395 18.2753
79.8675 17.8084
75.4865 17.7774
73.8029 17.1546
76.3017 17.0957
78.5395 16.9271
78.8708 17.6289
74.1796 17.863
73.3272 17.6802
73.3993 17.3949
73.5622 17.5167
73.9358 17.873
77.4876 18.2719
71.8516 17.4264
71.9443 18.4434
72.1893 18.2885
72.4015 17.5031
74.4762 17.7871
74.9088 17.741
77.1255 17.4901
76.7135 17.0753
78.7546 17.3713
74.5254 18.0627
75.6426 17.7
74.9139 17.6739
76.7716 18.0995
75.9624 17.6426
75.7291 17.4713
75.5551 18.1069
73.067 17.2563
72.264 17.9878
72.958 16.9175
73.675 17.608
76.1435 18.1917
73.0125 17.8628
74.592 17.5467
75.4784 17.3299
74.734 17.2
73.9885 17.6654
74.1683 18.0012
75.6853 17.9481
70.0244 17.8372
75.3286 17.0433
73.5405 17.9228
78.4242 17.8136
74.4721 17.8937
76.3659 17.6622
72.0721 18.9294
73.1673 18.369
77.8126 17.6373
79.5715 17.6373
76.2826 17.3315
74.7495 17.9317
75.1173 18.7686
73.4903 17.2171
74.7842 17.2207
73.5495 18.2819
73.5989 18.1492
70.7608 17.8319
72.6992 17.4272
74.9521 18.0884
72.7988 16.723
74.7201 17.0847
74.7754 17.1596
72.7447 17.4288
71.3659 17.5473
74.1598 17.5166
72.3734 18.1101
71.8782 18.359
73.989 17.7501
76.6855 17.7173
76.517 17.7762
74.4614 16.539
77.3711 18.2151
70.4898 17.6565
77.85 17.6863
76.9493 17.6864
76.9075 17.6825
75.3994 17.6796
78.1249 17.9247
74.0923 19.0197
71.7272 17.7754
76.3789 17.5382
74.6664 17.4353
73.985 17.7804
74.8334 17.9482
75.6962 17.5601
73.2507 17.7299
73.929 17.922
75.1829 18.5047
73.6014 18.3366
70.37 18.6187
74.1261 17.4841
78.1246 17.3002
78.6487 17.5862
76.3901 18.238
77.3818 18.1023
85.7354 16.9876
77.934 17.172
78.7617 18.0782
71.9765 18.9571
73.1874 17.2406
74.6669 18.1369
68.5303 17.5895
75.0338 18.0098
74.0428 17.8925
74.1331 17.9173
77.713 18.1764
83.2216 17.6909
74.1541 17.4474
72.7758 18.1081
76.3805 17.6824
76.3157 18.3767
80.1931 17.4715
74.2133 17.0333
74.19 17.0323
75.2345 18.2271
74.8459 17.3988
74.7174 17.1643
77.2131 17.6421
78.1675 18.0064
74.5629 17.5002
74.4476 17.1534
72.9775 18.0022
71.9167 17.5031
73.5235 17.7027
72.2271 18.0576
74.8509 18.2693
75.1058 17.7216
74.5531 17.2542
74.5318 17.0234
73.809 17.7539
74.6334 17.6728
74.2387 17.896
73.3229 17.2695
73.1516 17.7309
71.4581 17.279
76.6969 17.4078
73.8846 18.0308
74.3912 17.8597
76.9897 18.5282
79.6581 18.226
70.838 17.7578
74.3403 17.705
74.8332 17.7086
76.8134 17.3878
74.8595 17.1307
76.2549 17.7199
73.0229 17.8225
72.1617 16.971
75.2167 17.9188
76.1278 17.9221
77.0661 17.5052
76.1143 17.9294
70.8331 18.0638
71.2683 18.0691
72.6498 18.0144
74.0161 18.8565
75.1266 17.1328
77.1405 16.9467
77.5964 17.2647
73.2408 17.0153
73.483 17.3433
76.2177 17.7494
76.1624 17.3764
76.6484 17.3455
71.1942 17.5821
78.7007 16.991
77.2511 17.3256
73.4239 18.3194
72.7627 18.3345
75.4318 17.5695
74.6266 17.2988
72.6077 18.2566
73.1256 17.8513
73.0685 18.1113
70.9139 18.2265
73.918 17.7523
74.8445 18.8351
75.2753 17.8806
74.844 17.3613
81.515 17.741
77.283 17.0079
76.8965 18.0839
75.5001 17.8229
76.2207 17.4187
74.1022 18.3658
75.0511 18.2634
75.6075 18.2509
72.46 17.73
75.8547 18.0061
80.4841 18.2986
71.8211 17.2212
71.7787 18.1371
74.4545 18.3353
74.7518 17.225
75.2575 16.9442
74.0445 17.9839
74.4131 17.9631
76.0821 17.9043
76.9491 17.9388
76.5948 18.0857
78.087 17.8729
81.5943 17.9417
78.7931 17.9911
75.3699 17.5256
75.3565 17.8214
79.0257 17.3057
74.9993 17.3174
74.6056 17.961
71.8446 17.6931
75.6991 18.9315
75.1956 18.0349
76.3537 17.3841
75.242 17.545
71.7513 17.9577
72.8052 17.4173
74.3756 17.4802
71.9831 18.4001
74.1296 18.1042
72.4271 18.1467
71.1899 17.9338
76.6582 18.2433
76.3354 18.1099
75.7521 17.716
76.0421 17.6703
76.3426 17.9082
74.3944 17.8865
75.4924 17.7675
74.2713 17.593
72.6435 17.5213
73.4537 17.6125
73.3812 18.6566
76.1944 17.0518
75.2006 16.9983
75.0179 18.0181
73.9913 16.6885
73.7556 16.6766
71.7487 17.0143
71.3196 17.6569
72.948 18.4022
77.0927 18.1636
79.2783 17.0166
81.0387 17.2946
77.8613 18.2905
76.7425 17.4989
73.5496 17.8114
75.3125 17.3298
75.7042 17.5138
72.649 17.6747
75.6616 18.2355
76.637 17.2831
78.3607 18.2218
73.8301 16.7581
72.8833 17.5199
75.4203 17.6586
75.084 18.0732
76.5832 17.5292
74.5792 17.8341
77.7225 18.3166
74.9806 17.908
74.979 17.9181
74.8482 17.9028
75.489 18.5783
77.3052 18.4584
75.3285 17.464
75.4184 17.6897
72.2586 17.8419
74.8931 18.3444
73.895 18.3497
76.677 17.4769
78.9628 18.2567
72.966 17.9772
75.4392 17.7303
76.6446 17.2866
71.15 17.077
74.5903 18.4961
71.9803 17.6761
75.7253 17.5188
70.73 17.6074
73.8356 18.0199
71.4843 17.7267
71.1211 17.6696
71.3611 17.6838
70.5206 17.6945
74.0634 17.693
73.4155 17.2235
75.3779 17.5328
75.5818 17.7987
73.7446 17.8837
74.6935 18.0809
75.0476 17.5587
76.6403 17.6985
79.237 17.4087
79.7266 17.4538
77.739 18.1835
78.2077 17.31
82.9016 17.5483
80.4549 18.1852
72.0496 18.1341
80.7005 16.9925
78.3653 17.3683
74.9211 17.8921
77.9523 18.547
71.9881 17.8828
75.661 17.7485
77.0062 18.2072
80.2074 16.9423
75.8494 18.0335
74.3784 17.9745
71.0402 18.8522
75.0972 18.3641
69.9562 17.5244
72.9925 18.0758
73.9777 17.7335
73.5712 18.3798
71.4225 17.0072
74.8505 16.8603
77.7351 16.9897
72.1354 18.2577
71.998 18.1534
69.0416 17.4653
73.6561 18.9128
77.6738 18.991
77.6387 17.7606
74.1712 17.3866
73.6397 17.6613
75.2593 17.8487
74.8903 18.1744
68.5214 18.4153
77.3017 17.3805
79.4361 17.2117
72.9085 17.5604
75.8867 17.2439
74.6806 18.2975
74.7412 17.956
78.9996 17.931
81.0069 17.4572
78.8449 17.8114
78.5224 17.566
73.4339 17.2503
75.4806 17.5578
82.0676 17.4567
73.9279 17.982
72.276 17.0333
73.4093 17.8203
74.2654 17.8045
74.6074 17.4121
74.1868 17.9047
78.1421 17.6075
69.6989 18.0114
74.1945 17.6809
80.2959 16.9316
85.8832 17.1109
77.6596 18.4099
73.4389 17.6658
71.7305 18.6245
72.4292 17.8011
74.7756 18.1928
74.8878 16.8116
71.2946 17.6506
74.6747 18.4289
78.6078 18.1057
78.8732 17.8598
76.8995 17.47
76.895 17.6183
76.9227 17.5293
76.4279 17.503
75.2365 18.0615
74.8638 17.2844
82.2827 17.9835
73.4077 18.0832
76.6434 18.0388
76.5166 17.8321
79.048 17.7899
76.1422 17.6483
74.9193 18.1918
77.7498 17.9508
72.725 17.4641
70.7283 17.5069
69.251 18.0763
73.3156 18.6031
74.8337 17.7955
74.5935 17.6093
74.5378 18.2377
75.3463 17.191
71.1335 17.4703
72.9763 17.5958
72.8095 17.5238
73.2907 17.6303
74.6611 17.288
76.395 17.8836
75.8869 17.6748
75.1422 17.8684
74.4446 18.2383
76.1681 18.08
77.0338 18.3511
79.8834 17.3773
83.0505 18.0085
77.4956 17.3655
75.0651 17.5652
77.8723 17.2994
77.1057 17.3128
74.347 17.5894
70.9687 18.9848
70.4785 18.0651
74.8237 17.8741
76.1454 16.8296
77.4154 17.8547
74.1715 17.1467
73.8863 17.7154
73.3586 17.6499
73.6417 18.534
67.8004 17.521
76.4035 18.2376
75.6536 17.8291
72.1199 17.7772
76.5912 17.8489
76.1473 17.4557
77.3839 16.9112
78.3075 18.1969
76.7171 17.5155
74.1227 17.4075
73.3688 19.2149
75.7508 17.9008
73.6974 17.977
75.1628 17.136
73.0946 16.9582
75.5506 18.3119
73.4764 17.6044
75.6413 18.2845
76.8267 17.7102
77.6413 17.4341
77.0589 17.3491
76.7059 17.6118
80.2355 17.5759
78.7988 17.4929
76.6838 17.6116
74.3883 18.3486
73.0563 17.7511
69.1756 17.757
73.2021 18.2917
74.4756 17.871
74.5882 17.8957
75.8803 18.3963
75.0952 19.0253
74.4495 17.3632
73.3872 17.0841
74.244 18.1812
76.7159 18.3537
74.6041 17.3902
76.0066 17.8558
74.2097 17.4593
80.8053 17.4898
84.1231 17.3951
76.9708 17.774
79.9404 17.9363
74.2192 18.4377
74.409 18.0147
74.238 18.1569
77.4968 17.5068
75.6358 18.0385
72.325 18.2461
74.133 18.0871
73.7366 17.841
74.0963 17.813
73.303 17.506
72.4484 17.425
72.3855 17.5874
74.8959 17.7246
78.0458 17.4443
78.5585 17.3171
74.3534 17.4894
74.6523 18.4686
75.4304 18.9249
76.0616 17.9603
75.1471 17.5493
76.5027 17.9998
77.1297 17.9573
75.2992 17.3346
74.3782 17.7509
75.7328 17.404
75.1352 17.2514
74.2307 17.5595
69.7651 18.1258
73.068 18.3313
75.8865 18.1602
79.9152 16.9853
69.7049 17.7967
70.8836 17.735
75.3854 17.0382
75.3002 17.639
78.8786 17.6715
76.5441 17.8349
74.9816 17.5098
71.1963 18.2902
77.1503 17.932
76.7001 17.1952
71.1565 18.7588
76.9437 18.002
77.0276 17.7887
73.6613 17.2292
78.2827 16.9226
74.9579 17.7374
75.5369 17.7822
74.3205 17.8838
71.8777 17.2602
76.2281 16.9242
74.4145 17.7499
78.3505 17.5544
71.1592 18.9926
71.7747 16.8464
71.3259 18.0296
77.3295 17.5464
76.4977 18.5601
77.8637 17.516
77.9714 17.1569
76.4223 17.4684
76.698 17.7506
77.9226 17.9735
76.508 18.2599
75.8462 17.8606
75.7201 17.999
76.6883 18.2264
76.8613 17.242
76.0361 18.1597
78.0887 17.178
77.7859 17.4425
75.9369 18.1452
75.077 17.9802
75.752 18.4011
76.1521 17.1671
74.8408 18.2737
74.3523 18.1752
72.7164 17.3298
81.8157 17.2648
78.2018 17.8117
82.5206 17.7329
75.5304 17.2798
79.7296 17.8445
75.4477 17.5145
76.0645 17.6941
74.942 17.6758
74.7714 17.9247
74.5947 18.021
74.0319 18.0338
72.201 18.0058
72.15 18.0834
75.2084 17.832
76.3235 17.7727
76.5246 18.6056
74.3413 16.6345
75.1516 16.7662
75.0512 17.9155
74.4658 17.6779
74.4361 17.6536
79.843 18.2545
76.0692 17.3726
74.9346 17.8598
71.8313 18.5605
74.8118 17.225
71.3096 17.7443
72.2897 18.6478
74.6087 17.7303
75.6197 17.9767
74.6246 17.4097
75.4439 18.2498
74.999 17.3258
69.9941 16.9251
74.1679 17.6043
77.2895 17.9655
76.6532 17.9666
77.1049 17.6526
77.0571 17.8579
78.8629 17.1218
74.1403 18.1207
76.2066 16.8442
76.9412 17.6238
76.2893 17.2196
76.5698 18.2421
74.6014 17.9478
74.1169 17.8962
73.7477 17.8701
75.0978 17.9283
79.9708 17.2955
77.8782 17.2744
74.7094 17.5015
73.7548 17.8332
70.8957 17.051
72.2285 17.9912
75.8264 17.2953
75.2029 18.1966
75.9523 17.479
74.8272 17.6897
74.8676 17.9485
75.2683 18.1501
75.8043 17.8642
76.3514 17.6509
77.7097 17.7158
78.2928 18.2094
74.813 17.6277
73.5767 18.2427
78.714 17.8028
78.1211 17.8819
77.7112 17.8647
77.5284 17.6976
74.3026 17.3385
72.8157 17.8736
72.8131 17.4914
73.5348 17.7801
75.7091 17.3383
74.6054 17.927
74.599 18.4079
75.4337 18.145
78.3834 18.0367
70.3029 18.0354
74.8112 18.0324
73.9023 18.0059
74.712 17.2438
75.2551 17.0546
76.4415 17.5592
74.926 18.3409
72.4676 17.6604
72.3468 17.7471
70.6511 17.9826
79.7098 17.8446
75.6811 17.8913
74.9388 18.0367
76.1775 18.0675
74.6442 18.0552
76.5043 17.5453
76.0457 16.7143
74.8149 17.4128
75.0028 17.4529
76.3279 17.7726
78.0656 17.5117
73.736 17.8521
70.0362 18.5757
72.8035 17.7905
75.9063 17.5715
76.5175 17.5734
77.2836 17.392
71.1111 18.5469
72.1694 17.3126
76.3362 17.4101
73.9662 18.1248
81.8048 17.1834
74.5025 17.3716
75.4526 19.0128
74.8415 17.6367
74.5509 17.7424
74.0733 17.862
76.4913 17.3165
72.2297 16.959
69.5569 18.359
77.0552 17.8267
73.8854 18.3535
74.9473 18.4788
73.8072 17.2334
77.6975 18.0642
79.8693 17.8862
75.4692 16.9156
75.5278 18.3006
73.6155 18.2415
72.7062 18.0392
70.1134 17.3559
77.5949 18.2431
78.8409 18.0676
73.5415 17.9469
74.9025 18.1828
74.4863 17.7404
77.3865 18.106
74.3099 17.8635
75.9289 17.9306
74.7911 17.4074
73.205 17.5237
77.0069 17.4612
72.037 17.5537
74.5461 17.2289
75.0889 17.7584
73.6862 17.1892
75.6965 18.2802
72.3754 17.6205
73.2452 17.5943
74.0973 18.4423
77.1869 18.4978
80.8306 17.1186
76.5475 17.4784
76.4796 17.2946
72.2324 17.1642
80.4707 18.0145
77.2877 18.2069
77.9768 18.0015
75.2769 18.2919
74.4919 17.8172
75.524 17.4652
74.7111 18.2714
78.2471 17.814
77.2427 17.7792
76.2512 18.8788
74.181 17.4138
73.0252 18.3035
74.3493 17.2665
73.7772 17.5776
77.9296 17.145
75.9521 18.4114
73.855 18.0588
73.1849 17.694
74.7919 17.8024
75.7096 18.154
74.5322 17.6636
79.1333 17.2898
78.6004 17.9934
78.2258 18.2566
75.645 17.5927
75.2311 17.4665
75.1085 17.7838
73.7917 17.449
75.613 17.4595
72.5922 17.2396
75.1307 17.7309
73.0555 17.4248
75.9472 17.3825
76.0643 17.5684
73.6118 17.8053
74.3122 17.922
74.8953 17.6703
75.6057 17.1578
72.6964 17.548
73.6755 18.4715
76.2494 17.5393
75.6588 17.5639
74.5907 18.3611
75.1859 17.5856
69.933 17.8763
77.5144 17.7843
74.6163 17.2697
73.035 17.5303
73.0017 17.5714
77.0955 17.2155
77.2089 17.4321
73.6032 18.1269
73.7392 17.6152
71.7608 19.0138
74.3767 17.7319
74.1816 17.7093
75.7633 17.1218
76.0257 17.9894
75.4198 17.9497
74.938 18.2498
72.7546 18.3114
73.3138 17.9003
74.095 17.5144
73.0041 18.1296
78.2504 18.0301
74.4312 17.9441
74.14 17.9026
74.9677 17.5597
77.2484 17.2522
75.1837 18.0099
76.6109 16.7207
75.6981 17.5191
79.8328 18.1496
72.6204 18.403
74.4236 17.4682
74.4189 17.3848
73.578 17.6849
77.4166 17.6851
72.9114 16.5825
74.2019 17.1173
73.5967 17.3415
77.9906 17.937
79.1057 18.3802
74.2343 18.1289
73.5367 17.5951
75.832 17.6813
75.9336 17.5899
75.5476 18.1058
74.0412 17.6507
74.7962 18.237
75.4298 17.4606
74.1392 17.0919
72.1308 17.1172
71.4183 18.3083
73.085 18.4695
75.4084 16.5638
74.7323 17.553
73.5659 17.3611
75.1604 17.5152
71.7864 17.5582
73.9895 17.3068
73.0863 17.3992
74.9293 18.5277
77.8821 16.5083
77.1541 17.0112
77.3098 16.7119
72.4729 17.0206
69.9801 17.1015
73.7357 18.1592
73.1862 18.0515
78.5141 17.8589
75.7284 17.0295
74.7565 17.297
74.9598 17.4825
76.9686 18.7202
77.5552 17.9728
76.5632 17.8967
77.4059 16.6488
73.6768 18.1888
73.1609 18.1056
74.4285 17.1234
72.4306 18.3055
78.5067 17.2541
74.2508 18.1133
75.8243 17.3523
74.6197 17.9155
74.997 18.4909
74.3832 17.9028
76.9771 16.8991
78.124 17.6691
79.385 17.4984
77.3309 17.2245
75.2125 17.7225
78.3892 17.5536
77.3424 17.7625
75.0169 16.4783
74.2693 17.2367
75.4569 18.0221
72.8085 17.4305
78.4105 17.8825
74.5396 17.7952
72.0662 18.6735
80.4864 17.7487
76.3846 17.7207
76.3969 16.9819
78.655 16.6785
78.3121 18.054
75.9692 17.8688
76.6013 18.1528
75.0593 17.2759
74.4192 18.3082
74.5709 17.4428
74.7605 17.0513
74.6702 17.6163
72.78 16.5652
75.4572 17.6223
70.7784 17.6595
73.6988 17.6072
73.097 17.6491
76.1844 16.6613
75.4938 17.7465
69.4893 17.4873
76.5729 17.4611
78.865 17.1732
79.0887 17.6514
76.6165 18.3514
76.825 17.8808
76.0866 16.7652
78.3621 16.729
77.1128 17.3657
80.2704 17.2063
73.7906 17.6384
77.6382 17.3592
76.4645 16.7559
74.8053 17.6714
72.8579 17.5449
74.2534 17.6871
73.6653 17.9312
72.9566 18.047
69.9708 17.8382
76.6114 18.3848
77.8068 17.7635
77.0889 18.8856
77.6081 17.1362
76.1273 18.0874
76.2163 18.313
78.9197 18.1929
75.6776 18.1626
75.1789 17.8727
75.7314 17.6029
73.2512 18.5628
73.0736 17.9354
72.9038 17.8287
72.4428 18.1874
71.7431 18.175
74.4847 17.3309
73.4894 17.6326
74.7941 17.5889
79.322 17.3545
77.6471 16.9718
71.2417 18.5807
74.2576 17.8059
77.8814 17.3281
76.2722 17.4444
75.155 17.594
71.5847 17.6347
74.1255 19.005
76.2719 18.6579
73.6049 18.7696
72.3016 18.2469
71.9077 17.8885
71.6661 17.9732
71.3717 17.9372
69.6802 18.3788
74.0161 17.5355
75.1424 17.2703
75.146 17.7106
68.8853 18.4424
74.4545 17.908
73.9626 17.9908
73.2359 17.1146
73.1839 17.6818
71.9461 17.4728
72.7244 18.2925
76.6405 18.565
77.1267 17.5206
74.719 17.5809
74.0924 17.5984
77.0217 17.9055
73.8424 17.9621
73.9975 18.8592
71.6472 18.7516
73.8865 17.9556
76.4973 17.4252
75.1159 17.0569
74.2299 17.7488
72.4186 17.6415
71.8177 17.2105
71.8177 17.8689
71.448 17.3092
77.2311 17.2816
77.8154 17.267
78.2934 16.7715
76.2605 18.2025
70.599 18.4293
73.4697 18.357
73.9507 17.9743
77.6254 17.2142
74.5758 17.4304
72.566 17.1199
70.8478 17.8441
74.9685 18.4293
74.0601 18.2239
74.2061 17.9612
72.0049 18.2324
73.888 17.9399
78.6198 18.4289
82.745 17.2416
79.473 17.6035
77.5168 17.1363
78.3303 17.786
80.513 18.0617
78.5528 18.2916
76.3643 17.6351
76.4558 18.7425
73.3934 17.4506
72.4383 18.422
76.31 17.6911
73.7507 18.5278
73.1047 16.9648
75.946 18.1758
74.9825 18.0872
69.6733 17.9841
68.9975 18.1308
71.4529 17.7215
73.3868 18.6811
76.4716 17.14
74.9077 16.5716
73.9291 18.0762
77.2628 17.7533
75.403 17.5187
73.9394 17.6351
73.9628 18.0467
74.2252 18.6984
77.1175 18.1746
75.244 17.6631
74.3305 17.8958
75.6072 17.7948
78.3284 17.0961
79.7099 17.0961
74.4297 18.1197
73.0295 17.5583
75.0869 18.0112
76.1423 17.2634
80.1464 17.6078
72.9218 17.7156
75.9546 17.8553
73.4721 17.3785
78.2173 18.0374
78.5701 17.3311
78.648 17.0646
80.2955 16.6934
76.1269 18.1825
79.6369 16.5278
76.2256 16.5992
78.9697 17.6921
79.2147 17.5219
73.8048 17.5428
73.1168 17.5692
79.0455 17.7201
78.7059 18.1884
79.1454 17.4972
72.6801 17.6622
76.2597 17.3087
73.9336 16.8636
72.767 18.2585
71.2139 17.9405
70.9245 17.8548
74.8296 17.9441
76.6691 17.4403
77.7425 17.9133
76.6698 17.741
73.5989 18.0889
77.6332 18.0908
75.5313 18.1295
74.537 18.0739
74.34 18.104
72.2427 18.4928
69.7733 17.5307
71.9024 17.7965
75.9129 17.5361
73.7831 16.8397
73.4157 17.5394
74.3622 17.6255
79.0701 17.2469
72.6509 18.1429
74.4247 16.9623
76.181 18.6683
74.1723 18.1495
78.0259 16.2337
77.9337 18.291
79.3379 17.1925
75.9655 18.2363
75.2068 17.63
77.9754 17.6319
76.1339 17.3898
78.797 17.9739
76.6222 17.3296
73.3254 18.1286
71.1668 18.2575
73.2971 18.3452
78.2802 17.6198
72.9178 18.4882
75.1468 16.9386
77.4715 17.7388
75.3326 18.3554
72.6182 17.2827
76.0987 18.3655
75.3924 17.4998
75.5713 17.7254
76.2023 17.9814
77.1784 17.3388
78.9076 17.4447
69.8749 18.3299
75.4579 17.7992
75.6945 17.3078
77.7978 17.6248
75.5996 17.0183
74.0046 17.9738
72.7493 17.8626
71.0081 17.745
75.1735 17.9683
75.7338 17.7034
74.0576 17.42
71.1152 17.4627
79.0595 17.7805
73.9391 18.6494
79.1376 18.5168
74.6841 17.6655
72.6311 18.3994
70.3478 17.7489
74.6859 17.9591
79.3225 16.6782
74.2325 16.9253
77.5498 17.0484
76.2973 17.4126
75.2717 17.9745
73.401 17.6909
71.4909 17.9067
73.3453 18.0819
70.5237 18.0181
74.826 17.6822
74.443 16.9484
74.7316 18.5764
77.8953 17.8989
77.9986 18.3527
74.8974 18.3798
76.2943 18.0196
72.8172 18.1331
72.2447 18.0975
73.8579 17.1599
74.5739 17.143
75.0149 17.4511
74.4028 17.1881
71.7918 17.0743
76.8436 16.7049
76.3743 17.3388
71.905 17.7291
75.1799 17.5377
74.0798 17.5778
74.4319 18.4212
76.8005 17.9647
78.8137 17.1079
79.5018 17.2611
75.759 17.9498
76.0779 18.2761
73.9047 18.0932
73.3763 18.2069
71.323 17.9202
75.7996 18.0727
75.8877 18.0328
76.4665 17.3344
75.7663 17.1807
75.6159 17.4796
73.4287 17.2678
78.3888 17.866
77.4784 17.5726
77.1735 17.3328
73.2421 17.669
76.1288 17.6075
75.9825 17.5638
77.7156 17.0253
77.5039 17.1787
72.5101 18.2107
73.5444 17.8222
78.4279 18.3658
73.2998 17.9403
74.8666 18.0714
73.6081 17.46
74.36 17.3089
73.1556 18.5706
72.7456 17.9953
70.5601 18.0778
76.7615 18.8608
76.9275 17.9141
76.8208 18.1347
77.1235 17.6465
77.3279 17.6767
76.5085 18.0887
78.409 17.65
78.7124 18.002
73.9232 18.3847
73.754 16.3018
73.8293 17.5675
74.5733 18.1582
75.3127 17.6149
72.1371 17.8479
76.38 18.0397
77.5428 17.4151
75.3475 16.9144
75.1049 17.8332
72.096 17.2404
75.5437 17.7591
74.2809 17.4892
72.5768 17.3384
77.6222 17.4735
75.3053 17.4294
71.5759 17.0902
74.1279 17.1535
70.8576 17.4445
77.0432 17.1788
75.4034 17.3012
76.9068 17.6774
79.8212 17.2961
76.486 17.091
75.1523 17.4886
76.2529 17.3992
75.5166 17.8554
74.2248 17.44
78.1375 18.658
77.6609 17.6562
74.5286 17.4286
78.1291 17.2406
78.0072 17.0247
73.1409 17.8039
73.2696 17.6522
75.4585 17.8749
80.346 17.6204
76.9392 17.7425
74.0731 18.1947
74.473 17.7522
74.1086 17.6618
73.5953 17.5437
76.1927 17.7268
72.2791 17.5039
72.2123 18.0462
72.3676 16.9567
71.9633 17.8998
77.0245 17.4429
74.4879 17.853
75.5757 17.9512
74.9364 17.7448
73.423 17.8178
71.7391 18.0839
72.8611 17.9212
71.6902 18.0774
77.948 17.3573
73.6971 17.7103
69.0887 18.3605
76.2735 17.8074
76.9595 17.3071
76.9665 17.7328
77.0235 17.4796
78.6409 17.1884
77.025 17.1419
76.8459 18.2375
77.9096 17.1415
72.6147 17.9196
71.9457 17.6917
72.7475 18.5153
75.1319 17.3704
75.09 17.377
75.3573 17.3946
74.2352 17.3939
75.1313 17.4118
75.3023 18.2835
73.9063 17.1447
78.0156 17.6586
74.7703 17.0569
79.2322 17.4648
74.77 17.7323
74.5237 18.5401
78.9272 17.7629
76.0418 18.1358
75.3847 17.1397
76.2533 17.4154
73.3986 17.7188
74.3895 18.2983
74.8207 18.3197
77.0326 17.1061
78.1762 17.2202
72.1973 18.0699
75.7044 17.782
77.9106 18.2757
71.2961 18.2502
71.9823 18.3804
75.3921 17.5963
75.2328 17.6569
75.2421 17.876
74.3433 18.0039
75.6448 17.5897
74.6577 17.597
76.1532 17.4593
76.1006 17.4222
73.9481 17.7933
72.496 17.699
75.0812 17.422
73.6942 17.7651
72.6971 17.6755
73.2384 18.0862
74.1925 17.3638
74.6726 17.4892
73.713 17.7584
76.9256 18.4089
75.1307 16.7919
76.515 18.3778
75.8907 17.1132
75.8364 16.9015
75.5123 17.5289
75.1883 18.0164
73.6096 17.3619
77.2602 17.2041
74.2572 17.1869
74.4714 17.563
69.8804 18.1905
77.4708 17.3414
78.9422 18.2819
76.657 17.874
79.3067 17.5501
78.2604 18.6504
73.353 18.0231
71.8723 17.9548
77.2024 17.1262
72.4109 17.6156
74.052 17.6002
69.7388 17.3904
72.5611 18.582
73.0036 17.5107
73.1868 17.9766
75.0364 18.2717
71.9869 18.4364
73.6277 17.7091
73.9719 17.6712
74.5479 18.0633
76.5288 17.5485
77.3561 17.1742
70.057 16.6846
74.7031 16.8419
73.8958 17.5633
75.086 17.5003
74.7631 17.0924
73.6423 18.034
76.4212 16.8264
78.1283 16.6878
72.8616 17.418
77.876 17.3709
77.9773 17.0174
77.5831 17.7781
77.6983 17.6309
77.666 17.8702
76.1198 17.9014
76.2065 17.8323
77.3662 16.9013
71.8159 17.8891
74.7071 18.5892
75.9494 17.6334
74.7054 17.083
75.3593 17.7564
75.9259 17.0574
75.6623 17.1798
75.8863 17.1216
73.4417 17.1398
73.8111 17.4396
71.1557 17.9984
75.5681 18.1104
75.979 16.7616
74.2405 17.9975
80.6716 17.1325
76.9212 17.6956
76.4567 18.1102
80.1575 17.6389
80.6661 17.9162
81.5728 17.8862
76.3243 18.5916
75.8424 17.8313
72.2107 17.8613
72.8927 18.0206
75.5632 17.8785
75.6626 17.8827
75.6092 16.9231
77.0442 18.5623
73.0401 17.4752
78.4289 17.3875
78.6452 17.5645
80.9495 16.4956
78.866 17.3124
80.6697 17.6979
74.7415 17.6983
73.7922 17.7081
69.0167 17.6879
70.2048 17.8057
71.3967 17.7689
73.4337 17.7461
75.5811 18.4341
73.6041 18.3879
78.0537 18.0253
74.1456 17.955
75.4577 17.6415
73.4881 17.9248
73.1406 17.9042
74.1361 17.957
70.4404 18.0667
73.6036 17.8303
78.4477 17.8485
81.1621 17.9877
79.5274 17.98
76.367 18.331
76.8984 17.5411
75.3806 17.1511
72.9394 17.8709
76.1043 17.8338
69.5411 17.942
74.9312 18.4536
68.8932 18.6812
71.9523 18.4087
76.2517 17.9448
76.0681 18.0042
75.8757 17.7003
76.4074 17.4689
76.1203 17.81
77.9862 17.1929
75.6764 17.614
75.0692 17.567
76.3878 17.5789
73.5066 18.0707
75.3748 17.7896
72.4831 18.0793
75.008 17.4232
76.6706 17.5748
75.9724 18.1221
79.3565 18.2538
74.4552 18.1563
76.7723 17.6793
68.7722 17.6155
79.0956 17.9642
76.3338 17.3809
75.069 18.3099
73.8387 17.8735
72.015 17.9657
72.6386 17.7716
77.4462 17.494
72.0442 18.1446
73.7536 17.8201
74.876 17.9816
74.6241 18.2288
76.1412 17.3162
77.9321 17.2265
76.9496 17.1312
77.9392 17.744
76.5353 17.2734
75.7532 17.5706
70.3165 18.4034
71.3595 18.2606
72.0763 17.5831
73.6935 18.2579
76.7661 18.0776
72.2282 18.0927
70.6956 17.2192
69.9364 17.2041
69.5174 17.9699
69.3936 17.8702
71.282 17.8852
72.1415 17.9128
74.8828 17.7631
74.3356 17.7474
76.288 17.4841
72.6017 18.0231
75.5578 18.2392
77.0529 18.0011
77.8833 17.4462
79.883 17.8523
73.945 17.8776
76.1219 17.2692
73.3756 17.8541
79.0672 16.9005
69.0625 17.706
71.6288 18.1056
74.4577 17.67
76.5713 17.3663
75.5385 16.8203
75.9604 18.105
77.538 18.208
71.2156 18.6257
71.046 17.7042
69.1216 17.4903
72.2914 17.4538
76.2718 17.2122
76.8875 17.6166
75.1936 17.8798
77.9579 17.512
78.7284 18.1669
75.2505 17.5025
76.1444 17.0544
75.1771 17.9265
75.1376 17.8409
78.0203 17.6943
76.2186 17.5788
78.5177 17.377
80.8161 17.1969
78.5869 18.1184
78.551 17.2493
73.848 17.6971
72.7603 18.1031
76.1048 17.0494
70.7398 17.4866
74.7544 17.9525
74.5289 17.9864
70.9519 18.1517
71.3352 18.1677
71.4012 18.5529
70.7202 17.5259
74.4622 17.4784
73.1727 17.28
73.4943 17.0791
73.6217 18.0022
75.8166 17.8316
72.8248 17.8084
73.5485 17.8956
77.0734 18.2129
78.6964 17.3486
78.3669 17.2834
79.0367 17.756
74.6069 17.8554
74.6871 17.7837
68.0134 19.0864
73.0852 17.9937
83.8075 17.1578
78.7142 17.1415
77.445 17.7687
74.6735 17.5553
75.7972 17.5608
76.9693 18.0819
70.7274 17.9535
73.4993 18.849
76.0011 17.66
80.7376 17.8859
77.3029 17.3462
79.1023 17.4806
81.7087 17.486
74.4334 18.5015
74.7586 17.2947
75.3015 17.4069
75.9426 17.9237
79.0535 17.9243
79.8804 17.9303
77.4616 17.9246
78.9442 18.1358
81.7605 17.6932
73.8429 17.3164
75.4243 17.5604
76.5477 17.1566
76.9846 17.1912
73.0244 17.5601
79.0287 16.7051
78.3698 16.9857
72.2411 17.5356
72.7602 17.4581
74.7269 18.3247
73.7471 17.6185
77.8823 17.1167
74.1312 17.7841
74.4997 17.7511
75.5164 17.8339
73.4348 18.1195
73.5401 17.6553
71.12 17.5721
72.9699 17.8383
74.1809 17.722
75.4168 18.2804
75.7606 17.3735
75.8526 17.7119
75.9464 17.3017
72.6859 17.1978
76.5972 17.13
78.8123 17.0002
74.7513 16.7193
71.6857 16.8107
76.4834 18.7554
76.0365 17.6122
80.7004 17.0575
78.7098 18.1906
76.549 18.0496
74.6608 18.3433
73.7243 17.5393
72.7238 17.8158
75.9006 17.2671
72.7441 17.3076
76.5493 16.9233
78.4 16.4547
77.0571 17.4907
75.9164 17.6043
71.7586 17.9106
73.8776 17.654
72.9146 17.6353
72.6292 17.8278
73.5343 17.5501
73.6795 17.6057
72.8382 17.6559
74.4745 17.4839
75.546 17.4786
77.6576 17.9306
75.5996 17.6917
78.184 17.3347
79.0433 17.5004
75.7104 18.5378
73.4166 18.3981
74.1195 17.3386
76.5231 17.7395
74.1546 17.8691
70.4515 17.6171
74.3895 17.1418
80.076 17.1999
76.1337 17.2293
76.5833 18.224
76.8825 17.0593
84.8895 17.4601
81.2477 18.0381
72.9566 18.5708
73.3362 17.6275
72.2643 17.5738
72.6397 17.7662
74.3634 17.2364
73.4271 16.5584
74.8807 18.9391
71.3498 18.1248
74.6318 17.6517
76.1316 17.9059
71.2789 17.7106
73.7085 17.6813
72.1005 17.6396
71.9827 18.0169
74.5878 17.9721
79.4201 17.0608
73.2727 17.9049
75.5592 17.6426
77.7466 16.5139
73.856 18.0054
77.1522 18.0291
77.0628 18.1074
79.1745 17.0252
75.8532 17.4899
78.7417 17.8555
77.3211 17.6362
74.5345 17.4063
75.4625 17.715
72.101 18.3923
78.0559 18.5153
81.6437 16.8416
78.3363 17.3376
74.446 17.8857
76.5131 17.9576
77.6541 18.1535
78.08 17.8081
72.8735 17.3056
74.8546 17.6723
75.1959 17.8348
74.3572 17.4437
73.8123 17.8581
74.7567 17.6629
72.1035 17.9455
76.4382 17.2366
73.1904 17.1281
74.0048 17.844
74.5957 16.9033
72.033 17.6162
71.142 17.3269
76.9964 17.3521
83.7888 18.378
82.2337 16.638
81.6683 16.5892
74.2658 17.5208
74.8048 17.4985
75.7616 18.5867
78.2031 17.5371
78.0803 17.1162
78.1021 18.5997
74.6941 18.3246
76.2319 17.3594
76.2431 17.8338
74.8132 17.5159
72.3486 17.6032
74.9729 17.7223
70.7485 17.9764
76.177 17.7631
72.1192 18.7917
72.4227 17.6962
74.8008 17.7269
74.0295 17.9124
79.6978 18.0084
74.8454 18.2433
73.1589 17.515
76.0216 18.6389
74.677 17.4183
78.3016 17.1519
76.1017 17.7749
72.2881 17.7056
79.4379 17.0793
79.1277 17.5998
78.9214 17.6682
76.0536 17.9722
71.3159 18.3642
73.185 18.633
73.0947 18.3018
73.3734 17.8475
75.0881 18.0473
78.608 18.082
71.5022 18.1529
76.5155 18.2979
78.0825 18.0676
78.879 17.7185
74.9014 17.8652
76.081 17.6762
71.9055 17.6193
73.4559 17.5332
75.7722 16.9472
81.0117 17.5737
81.0311 17.8442
74.9333 17.461
72.6884 17.4668
76.3337 17.0647
74.2338 17.6081
73.5247 17.912
72.5586 18.0434
73.046 17.8098
76.6067 17.7762
79.7626 17.6169
76.9793 17.8607
78.2707 17.2032
78.6094 17.0034
70.1163 18.26
73.2413 17.6499
76.0049 17.5434
76.4 17.2773
77.8676 17.4682
75.2745 18.2469
72.4314 18.6599
70.3852 18.33
78.8503 17.9568
77.5881 17.4486
75.5009 18.1425
78.7531 17.6735
79.0525 17.6961
80.1862 17.0526
75.7476 17.2864
79.0122 18.2485
76.1829 17.5549
75.5082 17.7287
76.3837 17.6744
73.4069 17.5362
74.9841 17.2777
74.507 17.5931
78.3915 17.0165
74.2442 17.5906
75.6738 17.3722
74.051 18.124
79.6134 16.5693
76.8814 17.944
75.3558 17.644
74.1252 17.2417
74.8321 18.2043
77.2285 17.4134
79.0935 17.8603
75.987 17.6018
72.6287 17.6742
76.1235 17.6699
73.7377 17.5485
74.0048 17.0358
76.3214 17.4936
74.5959 16.8906
75.7692 17.2477
80.1574 16.9142
75.0342 18.0316
73.8296 17.798
74.6473 18.2734
75.754 17.2648
79.7726 17.1654
78.6516 17.895
78.3292 17.3322
72.9942 18.1726
79.3223 18.2962
78.9699 17.7895
76.9279 17.9966
76.3569 18.0344
73.8637 17.5658
73.2146 17.8042
72.3474 17.3958
78.2689 18.3189
73.6139 18.7962
74.2399 18.3556
75.7118 17.2639
73.8263 17.7072
76.1373 17.5102
72.9435 17.8018
73.3088 17.7749
72.8816 17.9421
74.8214 17.2461
74.0239 17.5253
76.4781 17.4842
75.994 17.8333
71.4974 18.8064
73.2584 17.7057
74.5314 17.874
72.62 17.9213
73.0652 17.8325
76.9105 17.7124
77.8759 17.7074
70.8109 17.072
76.0328 17.8092
78.2849 17.6018
72.008 17.5323
73.7681 17.989
75.2333 18.0164
72.7937 17.5488
78.6475 17.5957
71.2772 17.7169
74.5202 17.5827
76.5661 17.2957
77.9326 17.6387
76.9594 17.3021
79.8193 17.6843
74.338 17.469
74.1567 18.2248
74.4356 17.8092
74.1527 17.9454
74.3212 17.7706
75.5009 17.7598
74.4022 17.6574
76.6969 17.3692
72.4706 18.3108
75.3269 16.7063
76.5436 17.3874
73.1882 17.4029
74.5828 17.2926
73.8558 17.478
74.8726 17.7129
76.2036 18.3584
77.4112 17.1436
74.5161 16.9518
72.2505 18.5345
71.748 18.6752
74.5811 17.7187
72.0879 17.4948
73.4336 17.4849
72.5012 17.2936
78.0247 17.3713
79.1785 17.674
79.1255 17.1797
74.9213 17.9492
73.5871 17.7385
72.0614 17.5489
73.0323 17.2943
73.1792 17.8057
72.9403 17.8078
75.2659 17.824
74.0747 18.3468
74.156 17.5785
75.0256 17.8873
75.1502 17.1134
73.7627 17.3209
73.5333 17.3633
70.5657 17.7101
74.0816 17.4627
75.1164 17.4897
74.767 17.6781
75.2469 17.259
72.1208 18.3019
73.3266 18.2055
71.6147 17.2981
73.6246 17.6736
74.487 17.4845
72.5749 17.7435
77.7892 18.1583
74.0913 17.8816
74.6395 17.6439
74.0777 18.6281
77.3803 17.8035
71.244 17.9348
71.6453 18.4366
80.4066 17.493
77.471 17.3223
75.6547 16.9773
75.1315 17.518
73.6306 17.8025
72.7417 17.9877
79.1713 18.0496
70.0466 18.0631
75.4152 17.4553
72.1253 18.295
75.4881 17.7686
72.4083 18.167
75.736 17.9938
76.8404 17.0894
72.8161 17.7606
76.4564 17.6929
74.3365 19.0855
78.5085 17.7428
79.2 17.6949
72.4983 18.1625
77.8306 17.8977
76.0004 17.1941
76.2416 17.7052
74.2928 18.0541
71.9218 17.902
74.6718 18.4197
73.2526 18.121
77.5207 18.2982
76.6626 17.8434
71.7464 17.9585
73.2925 18.1105
72.7329 18.019
78.3276 18.0274
72.835 17.4947
76.3187 16.9982
72.2634 17.4221
73.5087 17.7248
77.5662 17.1155
73.3904 17.7102
73.9177 18.4843
74.9806 18.3571
77.131 16.9033
73.2913 18.3348
74.7459 17.0602
75.1788 18.5571
72.7381 16.7572
74.4242 17.3817
71.0161 18.0389
73.5414 17.5241
74.9805 17.6637
75.4598 17.944
73.5954 18.2984
74.893 17.6585
73.3817 17.3451
73.7268 18.2443
73.6319 17.747
77.2271 17.4592
75.4522 17.541
74.0409 17.535
74.3602 17.7179
76.256 18.02
72.0177 17.2632
73.6601 17.469
76.8278 19.1493
76.464 17.9361
74.6581 17.2688
74.8919 17.4303
74.7935 17.1663
75.4164 17.1271
75.4303 18.1362
75.3951 17.6958
75.9828 18.5301
76.0436 18.0108
74.52 17.4323
74.1261 16.9336
76.0799 18.354
79.5964 18.5724
78.3928 18.1512
73.6843 18.1721
75.7055 18.1236
78.2352 17.7765
76.7238 18.0052
77.5398 17.8379
74.5495 18.2639
74.092 17.3875
78.6056 16.6222
75.2757 17.7459
75.4923 17.6733
75.4234 18.2921
74.4961 18.6814
75.276 17.1232
74.6104 17.4044
76.688 17.9016
77.407 17.6605
75.5444 18.6388
75.427 16.7365
73.5321 18.5866
78.7685 17.0134
76.3314 17.5064
75.0499 17.5716
73.695 18.6018
74.674 17.852
75.2423 17.3051
76.3959 18.2668
76.3859 17.8209
75.4538 18.1033
74.5817 18.0339
76.7248 18.3487
77.0729 18.0393
85.5035 17.2997
82.6144 17.5832
83.5931 17.2024
73.3655 17.2316
77.7001 17.4322
76.4295 18.183
74.9154 17.623
74.7767 18.2129
74.1375 17.3387
76.1694 17.1969
75.198 18.2738
77.047 17.9657
74.2179 17.9572
75.411 18.2561
77.98 17.8177
76.7968 18.0301
72.3426 17.1467
71.4447 18.011
70.9056 17.4269
75.0311 17.561
76.3294 17.5755
76.4168 17.4098
76.5303 17.1496
75.55 18.5075
72.3197 17.6659
74.5109 17.8701
76.9921 17.7337
78.194 16.4891
79.2574 16.9289
75.6142 18.1798
75.5684 18.0243
78.465 16.8964
66.6917 18.4889
74.9253 17.9532
73.3331 18.386
73.5173 18.0955
72.0727 17.4858
73.9497 18.0114
75.3695 17.9907
75.5459 18.0199
75.1301 17.6775
78.2118 17.7452
73.5044 17.2351
75.902 16.8182
72.5422 17.776
78.4147 17.6603
77.4166 17.8999
74.8228 17.8593
73.714 17.2734
73.9096 16.887
83.1243 16.8932
74.7654 18.1975
75.8452 18.4835
72.9049 17.9185
73.0574 17.8121
74.5606 17.9303
80.7669 18.4081
79.1012 17.5146
79.9801 17.4737
85.7873 17.3714
70.5794 17.5481
76.5405 17.9984
75.9419 17.9856
75.0714 18.0502
79.3349 17.9094
76.3352 18.2103
73.1529 17.483
74.6196 18.7054
74.3344 18.3269
74.2162 18.0631
72.5281 18.4169
74.0497 18.1785
75.7836 17.386
73.5586 18.1767
74.6628 17.6022
77.1202 17.7076
75.9909 17.6068
78.019 17.5149
75.716 17.1671
78.1977 17.3644
71.4861 17.9207
73.8341 17.0939
73.4513 17.723
76.305 17.7015
72.7845 17.9929
79.0662 18.5462
77.2842 18.304
71.7631 17.6928
70.1159 18.6762
69.8705 18.1008
72.6285 18.0829
71.5087 17.863
73.1716 17.4123
71.2635 17.5056
75.6368 17.5782
73.4012 17.481
72.1215 18.0207
70.8177 18.2181
74.0588 17.4787
70.3981 17.955
74.6047 17.4977
70.9471 17.9579
72.4345 17.7501
77.1708 17.7053
74.3056 17.7617
76.3055 17.6961
75.5759 17.1883
76.5829 17.562
75.6452 17.1286
70.6724 18.0883
73.845 18.2212
75.3626 17.6973
69.5175 18.0619
73.9838 18.5001
72.1015 17.6074
73.1295 17.4503
70.3321 18.0538
72.8434 17.7543
78.0621 17.3999
74.1685 18.0107
71.7361 17.7533
72.5721 18.1234
68.9117 17.9525
72.9686 18.0668
75.2667 17.5559
70.7081 17.2996
78.1477 17.3681
75.5218 18.4469
73.1831 17.914
73.0904 17.6311
74.9851 17.7393
73.676 16.5876
73.2527 17.581
76.2526 17.8904
78.4453 17.2586
77.676 17.2456
76.2001 17.3136
75.1804 17.9639
74.1523 18.0027
72.8305 17.3635
72.2124 17.7718
77.9031 17.9274
73.6839 17.9918
74.9011 17.46
74.916 18.3401
70.0405 17.8436
75.3876 18.4207
73.224 17.6392
73.7148 16.8616
74.9206 17.7326
74.2705 18.2787
76.8928 18.023
78.332 17.6822
73.7068 17.9029
73.407 17.4764
74.7062 17.793
72.374 17.8975
74.1627 17.3652
77.2769 18.1938
73.5466 17.4542
75.7541 17.4481
72.807 18.2573
73.849 17.119
75.4014 17.651
73.2828 17.7745
76.4366 17.8047
77.0548 16.9123
72.1107 17.7481
70.2996 17.7433
76.1232 17.1976
76.0382 17.8654
70.7675 17.6482
73.4738 17.6611
78.7206 17.4998
75.1398 17.8375
75.8582 17.2164
76.2341 17.5985
75.7629 17.7937
75.7652 17.4723
75.8111 17.5507
74.4512 18.3389
72.7639 17.9297
75.3441 17.72
79.1064 16.78
76.9931 17.3514
77.8762 17.4056
77.4379 17.4203
81.5271 17.4278
71.3203 17.5133
72.984 18.3961
72.2816 17.6298
73.2175 18.2712
72.8811 18.0134
75.0114 17.6697
73.4529 17.9175
71.9993 17.6647
72.8238 18.0462
75.9574 18.0954
75.8281 18.2085
75.7844 18.0273
73.2115 17.7558
73.6997 17.9212
75.3191 18.3478
74.9164 17.58
72.7674 18.1682
73.4495 18.2114
74.5358 17.2827
70.8643 17.717
74.869 16.9996
75.8974 17.6103
74.9182 18.3927
75.3983 17.9305
75.4859 17.3598
75.5095 17.6923
76.2101 17.6914
76.4024 17.4517
76.6621 16.4478
73.025 18.1842
75.5518 17.4131
73.2074 17.7057
73.8599 17.859
71.3506 17.8862
76.6443 17.9786
70.2958 17.247
79.272 17.7599
71.0705 17.5047
72.6864 18.3433
74.0457 17.2106
74.98 17.7875
73.8774 18.0828
71.2081 17.1582
70.622 18.5302
71.3924 17.9875
78.3816 18.6274
77.1512 17.8534
75.7983 17.6643
72.6542 18.2598
72.0073 18.531
71.3049 17.7831
72.8438 18.061
72.392 17.1723
74.0163 17.0152
73.746 17.5876
79.2271 17.2583
74.5646 17.0918
71.9203 18.1803
75.9677 18.0932
71.8883 18.2365
74.5322 16.8953
78.5347 16.4827
79.5953 17.0944
75.6225 17.7968
78.8777 18.1856
74.0315 18.9211
71.4025 18.2689
74.1157 17.9498
78.0938 17.953
76.1758 17.5431
74.8948 17.2553
78.4663 17.2589
77.0763 17.2785
78.9062 18.5031
75.4475 17.9916
76.8852 17.6417
73.4198 18.2969
73.5148 16.9171
73.4899 17.7717
76.9166 17.7765
77.4559 18.084
72.3367 17.5239
74.3159 17.7358
70.6411 18.3685
75.9221 17.4876
75.5275 17.9483
72.6208 18.1816
79.3571 17.8328
76.8842 17.681
73.7022 17.4783
75.256 16.9961
77.4737 17.4651
71.444 18.554
73.3953 17.6346
73.6413 18.1935
69.9661 17.1774
72.6687 18.0019
73.4953 18.0885
72.9089 18.0114
73.3932 18.27
72.3068 18.165
71.279 17.5395
73.0291 17.5969
73.7277 16.9086
68.7303 18.0865
73.2463 18.8889
73.2415 18.151
73.144 18.4998
74.095 17.2862
75.4947 17.4951
74.471 17.6005
74.2859 17.5518
79.1742 17.5609
74.0271 17.574
70.8232 17.4949
70.8368 18.2763
75.7317 17.6989
74.7683 17.2245
77.0889 17.4572
73.9115 17.3897
74.5033 18.1219
73.1402 18.286
77.6236 17.6385
77.7859 18.4718
77.9879 17.7714
76.4469 17.9911
72.5774 17.8179
69.6868 17.8511
75.7464 17.7047
73.039 18.0451
74.2407 18.4197
70.5714 17.8586
80.1933 17.5955
77.1809 18.3469
77.9659 17.7824
78.1719 17.5156
76.3 17.9996
76.702 18.0482
78.2663 18.3229
77.2938 17.6614
73.451 17.7859
73.8146 17.6092
74.0272 17.4686
74.0846 17.7799
78.3123 17.5777
76.022 17.4274
72.648 17.724
72.8018 17.1124
75.1645 17.5169
74.0098 17.8375
77.4576 17.7878
76.3811 17.3297
73.6455 17.2058
71.9551 18.3908
72.2777 17.8894
78.9875 18.212
76.121 17.596
72.759 16.8003
77.6767 17.878
74.9444 17.7551
75.5785 17.7538
76.9391 17.3237
81.1881 17.5565
76.9181 18.3351
81.6339 16.8125
76.3864 17.8263
76.7933 17.0615
70.9395 17.0035
76.8361 17.0728
74.7953 18.1817
73.8006 17.4991
72.9086 17.7172
72.8463 17.6093
73.8897 17.8556
72.8627 17.1056
73.5145 17.6705
74.2777 17.1004
