91.1843 25.4451
85.8429 23.5756
85.8429 25.8526
86.3078 24.4011
93.4936 23.2171
93.7052 23.5736
89.4866 24.5929
98.3763 26.1297
119.497 24.1758
107.535 22.6839
104.371 23.9056
100.158 23.7942
97.8556 23.5623
113.923 24.7942
101.728 24.3115
92.324 27.5646
98.7525 25.8325
98.9866 24.4548
101.628 23.5405
99.0842 23.7433
97.5168 22.9404
105.129 22.6442
110.469 24.7535
101.338 26.026
107.075 24.5842
83.8366 24.9509
96.5547 24.4238
82.2684 26.5648
89.9294 21.7048
90.2429 23.5389
83.6724 24.4114
90.2856 24.5307
86.0244 25.7937
86.8503 25.7
88.8588 23.3759
85.9096 23.3705
83.212 23.6488
92.9734 23.4515
116.066 23.909
111.661 23.0205
101.802 24.991
101.802 25.0971
110.861 23.5196
115.696 21.3975
129.064 21.5665
115.148 25.1526
113.489 24.6415
132.821 22.4778
121.592 22.9488
109.042 24.8706
116.44 24.9314
115.056 24.4358
120.387 23.6117
106.118 23.7434
111.406 23.282
106.179 25.1848
105.898 25.1106
105.17 23.6956
97.8585 24.0573
89.7008 23.3417
108.565 23.7842
80.3414 24.3335
90.3029 23.5079
90.3029 23.5298
93.298 25.9027
88.858 22.307
99.1619 25.105
107.076 23.8046
104.239 25.4353
114.36 23.9594
112.874 24.7759
106.692 24.291
95.0034 27.3084
100.766 25.489
104.338 22.7459
113.742 25.6079
132.548 26.0795
120.65 25.5268
117.891 24.901
126.777 24.7567
112.2 25.072
113.724 23.9935
103.21 23.1162
103.869 24.0818
97.9109 25.2781
96.6856 25.1215
96.1383 25.2696
100.543 24.9009
94.1601 24.5642
106.331 22.693
110.892 26.1458
100.352 21.1135
96.6813 24.7587
90.9675 24.8493
101.602 24.7853
92.0748 26.0802
97.2629 24.4133
95.4383 24.1802
93.9617 24.0036
86.9854 23.7771
98.6094 24.5637
93.9246 23.7744
98.319 24.5082
92.0206 25.861
92.4499 25.3352
85.7077 26.1257
79.4021 25.4877
74.3185 25.2856
73.4981 24.1334
72.7895 24.0443
76.3168 24.3521
84.7194 22.9784
81.7598 24.9869
83.7194 23.2565
83.6664 24.2572
103.201 24.5288
97.4433 25.22
97.2476 24.1567
99.399 24.629
111.619 24.4071
111.129 24.0523
110.764 23.8426
113.73 23.4551
116.869 23.1951
112.017 24.3996
108.166 24.107
112.348 22.3265
108.019 25.6715
104.501 23.3973
102.841 26.3417
113.557 26.7483
114.599 24.3573
113.427 26.0925
113.104 23.9478
103.594 25.3073
97.0343 25.2154
114.25 24.3414
101.816 24.3662
107.014 23.8426
105.042 25.2115
104.29 25.8701
102.052 22.0834
96.3157 26.5885
69.2964 23.5245
71.5791 24.9741
90.2735 24.2402
98.9221 24.7198
95.7939 26.0227
112.001 25.149
107.157 23.6831
98.5503 24.5876
106.543 23.3271
106.543 23.8315
111.411 24.1706
110.507 26.3173
98.5504 27.5891
112.15 23.9678
109.992 24.5048
124.992 22.4757
120.789 26.7869
95.2838 25.6116
96.4017 23.9396
94.7553 25.5435
97.8553 24.1575
86.581 25.1172
88.2911 24.7561
90.1212 25.8107
109.972 24.2095
113.717 24.4482
109.739 24.9623
104.298 24.1158
109.863 25.0014
101.24 22.9234
88.643 25.2825
89.9745 24.9531
93.1926 26.7026
101.99 24.562
98.3053 24.535
96.8614 25.7078
104.484 24.8191
101.392 24.3198
107.901 26.5305
107.902 26.5305
101.85 26.8133
108.369 24.1799
109.947 23.0084
115.007 23.4851
97.711 25.796
110.501 25.2421
110.492 25.1987
107.297 24.0606
100.012 26.3743
99.9666 23.1819
95.9533 23.2498
106.828 23.0412
107.042 23.8401
113.132 24.783
116.082 26.7892
108.983 23.5912
113.169 23.4303
111.391 25.7685
116.756 22.916
101.505 26.9492
111.168 25.5684
110.465 23.0789
120.702 24.7366
112.814 21.9731
125.282 25.7914
110.825 24.9711
104.344 23.8239
115.774 23.9528
130.854 24.9858
128.316 24.8112
123.88 23.8663
115.744 26.1361
109.669 24.7136
113.737 24.5846
106.575 23.6601
102.277 24.9171
104.793 25.4227
114.101 25.652
105.824 25.0988
101.33 26.8732
107.322 26.1812
123.287 27.3594
125.377 23.9241
124.781 25.2984
112.886 25.2857
114.911 23.9507
116.867 25.5338
124.799 23.4731
119.599 22.8894
115.797 25.3385
116.673 25.2919
112.166 23.1834
117.452 25.6924
119.464 24.7738
127.632 25.7685
127.352 24.6646
120.803 25.1874
133.555 26.1196
124.035 24.4939
118.22 24.0509
90.0162 25.2675
101.525 24.8861
109.681 24.7739
99.5162 25.682
109.589 26.6101
109.499 21.7931
113.031 24.2943
119.476 23.0427
108.962 23.2377
111.781 22.7667
96.2345 23.4389
101.106 24.3807
103.504 22.9397
95.1579 23.9269
87.2141 26.2441
89.585 25.4857
93.2401 24.4097
95.5455 22.8798
105.582 24.1516
104.236 26.4163
100.361 25.9992
96.43 26.8853
105.559 25.2385
97.5581 25.7336
95.4247 25.105
96.1461 25.0479
92.7931 23.8499
98.6331 25.5909
102.805 22.4267
97.2195 24.0623
104.574 24.0373
116.094 23.5082
112.916 23.7179
96.1493 23.8379
94.2062 26.628
92.4647 24.2342
91.9413 23.9474
87.1238 24.5599
91.0653 24.4167
94.9433 24.456
104.237 24.9721
100.051 24.0074
100.051 26.2103
94.7954 25.9041
103.716 25.6889
98.0271 24.4018
111.3 24.1393
118.261 23.5856
104.916 23.7831
101.753 23.0483
106.678 23.1615
106.512 23.7176
99.1008 23.1174
95.3542 25.8346
94.3063 25.3309
88.001 23.2166
83.8972 24.4385
88.5782 24.0713
82.6562 25.1028
94.4714 23.0504
101.43 23.1234
106.14 25.748
100.123 23.4725
86.6564 24.3243
101.748 23.9799
99.5268 24.5816
108.087 26.3003
97.1858 25.6791
97.0561 25.5644
96.4446 24.2615
91.6431 24.8561
97.8799 23.9766
102.434 28.0789
101.74 24.506
111.724 23.8933
106.573 24.6466
104.333 26.4829
94.4442 25.7497
110.348 26.8611
90.7591 25.9327
89.4137 25.2445
98.9386 24.916
104.484 24.733
96.1233 24.4521
96.711 24.3696
86.3312 25.2041
100.735 25.4777
108.541 23.8418
107.772 24.6634
119.179 23.1897
118.683 24.4287
132.273 25.5002
132.273 25.1806
122.552 24.3396
130.841 24.5667
116.04 24.1074
101.737 23.8587
95.5577 27.1673
99.424 25.0842
103.033 25.3639
99.955 25.4128
90.7376 22.9414
91.4901 22.7166
102.315 22.7213
89.3822 22.7584
87.8078 22.7479
87.8078 25.1739
86.8577 25.871
87.2989 25.8386
79.8756 25.6884
135.784 25.2843
119.897 25.4684
121.289 24.289
121.554 22.9414
128.31 24.6398
126.66 23.5647
130.802 24.2863
131.289 25.8188
116.656 24.041
104.963 25.3188
102.782 25.2871
107.594 24.6513
106.66 24.1251
106.158 23.6798
106.056 25.7974
104.995 23.0379
118.267 22.9941
108.228 24.4171
123.211 25.802
110.928 25.0332
108.392 24.5362
114.04 23.1233
120.059 24.4675
112.862 24.7431
108.026 24.2437
114.957 23.4326
111.161 27.2523
98.0625 26.2336
101.924 24.6937
103.581 23.7857
105.877 25.6897
101.924 25.9532
98.5443 25.8474
104.034 23.7803
107.461 23.8481
89.2664 24.483
85.8242 24.1997
93.063 25.468
92.215 25.4858
84.3211 24.1549
89.6741 24.4909
85.8566 26.0845
93.2051 26.629
98.1198 25.6038
102.004 23.3429
108.701 24.1155
98.5514 25.2276
109.977 25.2992
91.2097 26.0263
93.3679 22.7561
93.6436 25.2474
92.8751 22.8882
107.199 23.8721
100.783 25.8749
114.848 22.3339
114.848 24.5262
103.472 23.8734
103.556 27.0343
100.254 24.0686
98.7492 23.7886
98.6253 24.8223
105.466 23.2696
103.719 25.7237
106.387 25.7878
104.036 24.686
110.098 24.3904
109.93 24.1116
108.807 25.0103
130.21 24.1838
115.576 25.1374
110.315 24.4906
116.849 23.661
113.913 24.3374
120.924 25.7089
111.279 24.913
127.872 24.1604
121.989 23.8121
122.99 25.044
125.62 24.161
133.319 23.515
128.273 24.654
119.016 23.9598
113.277 26.9485
103.824 23.8181
96.839 22.934
94.9268 25.5708
103.922 21.4171
103.435 24.9611
100.982 26.3207
109.386 26.5721
108.373 23.3851
105.281 25.3853
99.6346 24.5468
102.111 25.5058
95.8696 23.8733
97.8844 24.2045
103.641 23.2896
112.924 25.3697
109.809 25.7482
114.424 25.2206
123.49 23.9825
109.941 23.314
120.097 25.4857
104.208 25.1667
116.774 25.2484
114.517 25.2824
110.72 24.3156
103.548 24.7327
88.6023 26.5837
107.385 24.1873
101.07 25.0749
105.364 23.2751
110.332 22.1592
97.5621 24.5579
99.8212 25.0632
113.642 24.2724
111.972 22.9177
100.755 23.5261
105.578 23.6611
103.515 25.0766
102.329 24.9475
115.622 25.1847
104.301 25.4077
104.239 24.9844
106.457 23.7012
106.91 23.8091
108.893 23.9574
103.865 23.9901
108.646 23.9362
103.981 23.2484
109.512 22.5232
111.579 23.863
107.409 23.7792
116.992 21.8828
114.122 25.692
119.762 23.0658
112.837 26.9801
111.203 26.3182
110.161 25.4584
104.875 25.4838
114.103 25.6852
113.933 26.4915
121.313 24.3965
117.174 24.5571
119.546 24.9434
135.841 25.7455
122.441 23.8007
101.813 23.5221
108.661 24.6401
109.15 26.072
104.755 26.4378
106.061 25.7133
110.025 23.7045
114.82 25.1958
101.062 25.5156
105.863 24.2069
109.688 23.4215
106.47 23.6597
109.641 24.8127
112.509 25.4362
107.044 25.4701
114.099 23.6007
110.219 24.3359
108.504 22.6587
126.785 23.544
119.939 24.0866
131.758 24.0733
133.537 23.634
126.998 23.4182
126.241 26.1017
105.785 24.793
105.802 24.6281
99.9273 25.8706
107.852 23.2806
102.18 25.7249
102.842 24.5704
102.593 23.2555
108.521 25.5347
103.63 23.6207
109.454 23.933
111.432 21.7133
102.541 25.4341
102.093 24.3707
98.1899 24.0808
98.5243 24.1619
104.379 24.3486
100.052 25.4507
100.021 24.5063
98.669 23.0024
109.98 24.7126
96.2778 24.4163
96.1928 24.5143
104.791 24.401
103.978 24.7892
122.589 24.4505
122.981 23.504
111.662 24.2982
118.55 24.1566
125.073 24.168
98.6635 24.1586
85.3144 23.8327
78.195 25.0603
82.578 24.8051
87.2384 24.7679
71.5895 24.1756
77.1795 23.9139
70.9674 25.7312
73.4722 27.179
82.7298 24.3913
82.5198 22.5281
86.3852 23.8449
83.1002 23.6502
80.136 24.6675
78.6641 26.0549
85.0346 24.1145
86.3917 25.3801
91.5348 22.972
91.5348 25.4267
97.7325 26.0828
119.982 23.5914
110.126 23.34
112.905 23.1181
111.012 24.1406
105.932 24.0364
112.856 23.1109
111.875 25.0138
112.496 24.1214
110.3 24.3175
113.627 24.4544
114.905 25.2787
111.083 24.5351
108.555 23.7875
109.373 24.5371
110.288 25.2515
101.65 24.3624
99.3102 25.506
89.5136 27.0055
102.838 25.2611
100.093 24.6602
86.4648 23.3897
82.124 22.8801
82.124 25.259
82.124 23.7166
79.1487 23.5558
79.1487 25.0814
92.9748 25.0775
119.982 25.7707
100.631 24.4546
100.949 26.771
109.41 26.2727
118.152 23.7302
123.72 24.3549
111.653 24.3406
119.739 23.8412
119.739 23.4888
109.776 23.2676
107.01 26.8499
117.409 26.0326
122.604 25.8432
124.349 23.9273
120.981 25.1818
113.384 25.6334
117.322 25.3781
98.5682 25.0608
108.403 25.5136
108.403 24.5592
103.341 26.6765
111.397 24.8031
111.541 24.7279
115.801 22.2667
111.732 24.357
99.9837 25.4072
119.407 23.7427
103.334 23.5762
103.334 25.9979
99.0259 24.8573
102.165 23.5814
105.337 25.508
101.189 25.5167
104.745 23.5996
98.6773 23.6031
91.9865 23.352
92.7373 24.4182
86.5319 26.7952
97.2909 25.8064
91.6833 24.2593
102.987 23.4367
85.8742 23.6417
101.053 25.1488
104.793 24.3977
102.996 23.5104
108.62 23.9381
103.136 26.2694
101.337 23.5163
107.45 25.9344
117.035 24.4603
117.52 22.2771
119.611 24.1519
102.826 25.6533
107.669 23.0545
109.162 25.1229
115.782 24.9781
109.079 25.1615
108.752 24.2404
97.3751 25.8088
91.8495 23.4667
87.7973 25.1626
90.1689 25.1197
99.0434 23.9798
100.985 23.4655
104.797 23.6278
113.277 22.8411
102.888 24.8864
101.551 26.4762
100.554 25.8223
109.407 24.7379
117.913 23.6696
114.741 25.7968
102.664 28.2331
128.696 24.6931
128.696 23.7042
123.386 24.7639
127.143 23.579
128.085 26.082
136.686 25.1283
134.403 22.9915
109.885 23.4853
119.661 23.7621
127.033 22.4608
123.76 24.1962
121.356 25.1606
118.72 24.3533
133.351 23.4762
135.166 25.9316
133.057 25.8888
131.123 24.9041
112.121 26.1144
104.887 26.2181
110.159 23.5434
107.179 23.4458
120.615 23.0676
121.537 23.4532
108.249 26.0305
107.96 25.9147
106.799 25.6175
107.412 25.0136
107.412 25.0715
121.714 24.8718
113.987 24.8336
121.72 25.4475
105.223 26.3998
88.1767 26.6849
98.6108 26.912
105.549 24.7542
105.136 26.1047
112.617 25.1868
108.777 26.6064
105.164 24.2592
105.068 24.2294
109.14 24.1839
112.559 22.5158
110.09 22.6341
109.157 22.9278
96.4157 24.9449
96.2046 24.9761
98.64 24.4702
92.0488 24.8404
104.361 26.3557
108.363 24.3314
110.234 24.2464
102.401 25.0419
109.941 24.0647
112.861 23.8978
120.771 23.6583
119.095 23.6484
107.334 24.2552
91.4911 23.9804
97.2901 25.4656
91.8381 24.3313
97.766 25.8219
100.769 24.2177
116.386 23.5445
108.797 25.5458
103.495 23.7917
106.463 25.1622
92.5477 25.3729
93.3576 23.8368
101.471 24.1212
98.653 24.4467
109.982 23.4712
101.845 25.76
111.571 26.2499
103.625 26.7421
102.49 25.2955
102.49 24.8322
104.267 25.9203
103.575 25.1748
98.4779 24.8651
106.923 23.8816
103.037 25.1803
98.4787 22.2226
97.8282 23.1857
94.0588 25.118
98.2123 22.9543
107.676 24.3917
100.912 23.7824
83.9885 27.4718
89.9959 24.2496
81.7441 24.507
81.9492 23.0774
83.5553 25.0452
95.4081 25.4748
97.0685 23.4209
97.0685 27.8766
101.903 24.8541
105.413 23.0252
95.5163 22.7614
89.2484 23.8927
93.2001 23.2356
86.0174 24.5162
75.7467 24.6982
75.6488 24.6971
85.4119 25.2204
85.5138 26.1516
86.8861 24.4234
94.5943 25.7908
98.1356 25.0382
90.3128 25.8003
95.5555 24.5346
96.9361 26.1093
95.7022 22.3708
102.155 24.6987
106.294 23.9086
104.342 25.7199
109.897 25.4561
93.1897 25.1101
99.2004 26.2249
106.747 24.6289
101.633 23.4369
118.202 24.2966
113.635 26.4005
116.527 27.5266
118.044 22.8482
115.571 24.0401
117.709 24.7369
124.424 25.3578
119.237 24.9662
103.914 24.9682
99.7886 25.0603
97.1362 25.3726
96.6959 24.215
100.276 24.9562
94.8543 25.0499
98.4372 24.7003
99.3248 27.1893
121.165 25.8939
139.143 25.5221
134.179 25.3084
124.628 24.9985
110.414 24.9679
100.93 24.4268
121.814 23.8148
110.472 25.1331
113.564 23.9071
109.062 24.263
109.977 26.2507
115.205 24.3937
111.859 24.7896
102.554 24.3297
93.756 24.3012
93.756 24.1291
101.045 25.4907
101.527 25.4897
95.4609 25.4671
100.708 24.5969
106.369 23.3748
127.078 22.9311
104.032 26.1907
115.345 27.3962
111.851 26.5923
110.777 25.8318
124.495 25.8497
114.191 24.1883
118.82 22.1671
104.869 23.2167
108.465 23.9514
107.57 24.2679
118.412 23.722
107.015 26.4677
102.595 26.1833
106.16 25.135
112.266 25.8985
114.03 26.3135
107.918 25.8959
106.239 26.5589
131.534 22.5782
130.314 23.0059
108.098 23.7907
99.483 23.6942
100.498 23.6292
97.4063 24.138
93.6524 25.1799
90.994 24.2778
106.895 24.0265
108.592 25.91
108.111 24.8027
100.596 25.7244
98.0242 25.9515
106.547 22.6501
111.081 22.6415
97.1625 23.8869
91.2547 24.792
89.5862 23.0864
89.5862 23.2155
95.5525 21.8654
93.2981 22.0286
85.176 25.5074
81.4827 26.8001
89.166 25.1284
92.8875 25.38
95.6597 24.6
97.3367 24.9168
90.6577 23.4956
96.0158 24.0851
99.2569 24.8553
92.2827 25.4454
97.4052 25.7263
81.2068 27.4896
93.8786 25.264
91.6574 25.4403
97.8428 23.9262
99.9044 23.4114
101.287 26.4336
100.114 27.171
128.823 24.6533
132.034 26.5359
121.093 26.0013
120.989 25.3288
113.843 26.6943
124.061 24.5081
127.056 24.8404
130.768 24.6415
106.817 24.6203
112.01 24.337
111.273 24.0628
115.41 25.8626
117.365 23.7774
113.477 23.0462
114.342 24.582
126.802 23.3899
120.185 23.2594
124.891 22.4952
101.2 26.6022
103.671 25.2474
105.981 23.0598
103.583 24.0146
102.428 24.2696
102.387 25.6153
98.8996 26.3086
96.396 22.6604
96.6726 24.2833
95.0666 25.3037
101.902 25.325
105.533 24.9318
105.374 25.7106
112.781 24.3801
118.359 26.2792
115.877 23.558
106.991 25.6217
102.557 25.552
109.84 25.5
103.439 25.9849
101.972 24.0201
105.224 24.4271
112.544 24.1249
113.47 25.0976
105.446 22.84
97.317 24.6103
103.291 25.8808
111.84 23.7021
117.02 22.0127
102.647 25.4838
99.0158 24.2797
103.33 24.1601
107.929 23.8493
99.6295 24.9415
111.732 25.0009
115.55 24.8045
121.468 24.0832
140.261 23.2176
120.169 23.375
120.068 25.9365
98.4236 25.3292
112.614 23.945
104.931 24.2989
100.092 25.3203
103.879 24.6757
85.8822 25.6474
106.829 24.3956
101.302 21.843
105.131 22.4665
108.33 21.9715
121.452 23.0247
116.866 22.8562
124.412 23.0804
122.959 24.1193
114.052 24.9558
115.603 24.2275
115.159 25.4801
105.619 24.4908
97.1914 24.9144
108.553 25.0382
113.049 25.0031
102.244 25.0709
111.065 28.2784
120.712 25.4759
120.995 24.3826
111.285 24.4461
106.121 25.1796
101.953 24.7497
101.845 21.6833
101.42 24.7015
107.198 23.5383
107.904 23.2166
106.62 24.9724
106.344 25.9072
133.915 22.5919
149.518 24.8425
188.731 25.1036
187.142 27.3008
172.173 23.8372
175.161 24.9863
155.718 24.0564
132.461 25.8153
156.347 22.9413
143.433 26.2449
123.21 25.7822
109.622 24.0581
106.569 24.097
117.288 22.8391
114.458 24.0591
122.804 24.7525
138.805 25.3867
110.737 26.0273
93.6924 28.2548
91.3818 25.0305
91.3818 25.5361
86.9023 25.0047
86.9023 22.5797
89.2552 24.8253
89.2552 22.5197
103.613 24.2977
105.551 23.2845
104.969 23.464
102.629 22.9933
106.033 25.0969
104.264 23.82
111.678 24.7013
113.073 26.1273
110.408 27.2987
89.6105 27.7065
90.0556 24.0514
104.67 23.6216
100.816 23.9392
87.1627 24.9533
91.5967 25.1755
93.5456 24.9108
104.026 22.0791
100.069 24.8757
93.9802 23.7409
99.5537 23.551
91.1125 27.7177
91.1125 26.3512
91.9124 24.5776
96.3407 23.8409
101.535 24.4419
88.1161 24.646
83.1813 25.7484
81.1036 25.9367
89.6559 24.5211
94.9899 27.2223
89.1697 25.639
90.9292 23.9324
90.6253 23.7897
98.6546 23.2314
99.0298 23.9043
105.164 25.3856
106.561 23.2853
110.928 24.0231
100.863 23.6953
101.166 25.0436
96.0245 24.8558
96.5198 25.5692
103 25.4052
93.8416 26.6471
108.031 24.76
109.79 25.9388
126.939 24.196
131.765 25.4494
144.949 24.3881
144.529 27.1783
144.234 23.5122
147.95 24.1252
135.254 25.0826
145.736 25.6817
132.007 25.2249
132.007 25.0781
149.07 24.5342
164.19 23.6015
150.669 24.1156
149.277 22.263
168.297 24.6015
163.463 24.0976
163.463 24.3621
119.362 23.9735
131.901 25.1577
107.481 24.8864
110.977 23.0708
88.0143 23.965
114.926 24.9348
106.717 26.6684
114.562 24.9749
117.095 22.9787
103.185 24.5824
101.395 25.1965
97.7138 25.8354
89.3908 25.0103
88.14 25.395
89.8095 25.3882
86.7916 25.3585
83.977 26.3209
100.273 26.3042
101.778 25.677
106.031 23.229
98.224 25.0572
101.063 24.6708
102.7 25.6393
101.095 23.9763
107.234 24.3699
105.59 24.5757
101.689 24.3095
108.953 27.1989
111.979 24.9271
102.208 23.7374
95.3633 26.8858
101.134 25.1819
106.932 24.5216
98.7083 25.205
91.1483 24.7907
87.5123 25.2226
84.6392 25.2701
87.9018 24.9477
74.1597 25.9387
88.9902 24.9066
105.144 25.0681
106.625 23.837
110.947 24.7229
98.4857 25.4929
96.9431 26.2542
114.554 23.6887
122.085 24.3076
116.809 26.2106
117.029 22.2853
123.342 26.412
124.949 24.2826
117.965 23.9516
111.916 25.2046
110.832 23.6698
113.913 23.0169
115.33 23.0941
98.8349 25.9006
95.0797 25.9604
89.0029 25.5817
88.6722 25.1286
84.8141 24.3663
77.274 24.7612
75.7689 25.5535
84.825 25.1419
89.0743 25.5232
86.0656 25.3293
86.0656 25.1226
82.7862 24.7074
82.7862 24.5876
87.6788 25.1084
89.0573 25.8185
89.0573 24.0825
94.8135 24.979
93.9564 23.524
89.8105 24.1865
92.8212 23.1161
88.0396 25.6009
87.3302 24.3987
94.7723 24.5284
88.1967 24.0154
93.9111 23.922
93.7325 24.5719
92.6755 24.9387
88.6976 24.8957
91.8655 23.27
100.109 26.6447
94.921 25.5232
104.486 24.5652
106.371 24.9308
113.877 24.3073
104.408 22.6599
106.221 23.2856
114.804 25.3009
110.839 25.5863
109.908 24.1666
97.927 24.829
110.01 25.1127
111.148 23.5507
105.603 23.5044
95.6613 24.6993
96.7331 24.2603
96.0698 23.4003
95.8193 23.646
94.6447 23.7226
94.6447 23.19
86.6973 25.7807
95.7122 23.876
86.1952 24.3335
89.5014 27.8227
86.0844 23.5679
86.9182 24.6181
89.1305 26.1394
82.0048 25.7566
82.0048 22.8524
84.5985 26.6639
84.6845 24.9486
88.0183 27.1415
84.0917 24.3385
84.0917 23.6708
86.7935 26.157
90.4594 22.8956
79.0615 25.1004
83.9957 22.7835
73.6749 23.0572
73.6749 25.3166
76.6859 25.12
82.3483 25.2968
98.5459 26.0499
96.2459 23.5608
102.278 22.2474
108.838 22.517
105.182 23.2548
106.428 23.62
111.841 23.2537
109.834 24.0308
108.988 25.2389
106.939 24.742
100.278 24.4807
116.99 25.1837
111.176 27.0241
110.957 23.8165
111.05 24.4047
99.1944 23.8596
100.811 26.2792
101.331 23.8985
99.2224 24.868
105.31 23.6253
107.635 23.4112
111.937 23.8231
103.615 25.0477
110.609 24.8848
111.887 25.7372
122.543 23.0328
125.463 24.4173
110.162 24.8659
107.07 25.1518
109.058 26.3245
100.714 24.3045
108.398 23.9801
124.592 24.3044
118.318 24.0258
115.123 25.0601
103.163 26.5629
105.789 25.3089
100.783 25.5624
104.852 25.4379
103.939 23.4079
95.441 22.8429
95.2586 25.9183
93.7593 24.5857
91.0032 24.8305
85.5413 24.9864
88.5231 23.5354
88.464 24.1915
100.155 23.5055
99.1923 23.5055
101.743 23.5743
103.369 25.8125
103.74 23.5143
100.654 24.2286
100.035 24.6306
108.709 24.4045
113.357 24.05
116.938 24.7733
112.776 24.6762
103.919 24.5778
100.655 25.0877
105.676 25.3605
102.799 26.2296
99.5546 26.5005
102.136 25.6384
97.2246 23.4735
101.922 23.9053
90.5493 25.1492
80.305 26.2876
84.3401 25.0872
92.1643 23.7041
93.8033 24.5541
99.416 23.9352
91.9381 26.0925
96.7678 24.8681
103.593 26.0262
102.405 25.0408
101.905 27.4053
102.746 24.7008
93.6917 24.7987
84.6696 24.8008
88.3839 24.8835
80.62 25.7364
80.4239 24.8213
79.0142 24.7813
84.9842 22.9021
90.6461 26.083
84.8801 24.6357
95.3863 24.7016
96.531 24.7745
96.6273 24.5662
104.02 25.436
101.387 24.4775
105.102 21.7995
110.599 25.786
104.82 24.5208
105.382 23.5256
102.082 25.5837
95.4383 25.4681
99.5956 25.5278
92.0642 25.4648
93.891 26.2904
92.458 25.4831
104.238 24.3248
98.5011 25.1384
99.7423 22.5236
100.611 25.5596
103.235 24.3998
113.223 24.1145
110.278 24.1393
98.9998 24.3314
90.196 26.3004
97.9585 26.296
105.389 26.2604
108.861 24.762
106.124 24.8266
114.138 23.7655
118.195 22.3967
113.581 24.9996
116.776 24.4465
96.1854 25.5409
103.039 24.1621
105.42 22.5679
98.0389 26.5458
97.1535 22.9603
105.748 24.9214
94.107 25.2876
91.3457 23.8144
93.3593 24.4522
93.1178 25.1058
101.956 23.2203
111.893 24.3428
101.251 25.9555
103.992 24.5251
105.205 24.1258
110.431 25.8475
108.998 23.5615
118.26 24.6147
129.549 22.3204
122.009 23.0957
136.459 23.832
125.688 23.5601
122.265 25.2324
113.332 25.818
110.812 25.776
115.723 25.0836
105.199 23.2207
105.199 24.7333
99.9394 26.7129
95.6462 24.4344
97.1769 25.1239
109.414 27.5278
98.8065 24.1956
89.9315 22.7609
83.9204 26.427
86.3992 25.3573
83.4105 23.9103
82.8512 26.8991
83.6525 25.7937
85.3125 25.4498
86.6391 23.5436
91.0772 25.6562
88.0553 24.9455
93.6901 24.2572
96.6882 25.427
95.4799 23.9672
89.5754 25.917
81.095 24.4277
81.095 25.2808
94.3939 25.143
92.3984 27.1377
85.2423 23.3734
102.09 24.3806
107.827 23.692
114.695 24.3661
102.586 23.898
94.9156 23.9903
99.5089 26.4306
103.64 25.8577
110.545 24.6467
101.2 25.2255
115.831 25.1764
112.324 24.8744
110.266 24.3354
128.363 24.2314
127.687 24.9528
127.687 25.6151
128.015 25.029
132.169 25.4534
131.234 22.6369
120.092 22.5138
125.426 26.5922
115.613 25.5193
110.532 25.0993
114.886 23.5058
110.91 23.4839
121.232 23.1889
114.571 24.3061
108.31 24.9386
108.36 25.1285
114.1 22.7027
113.492 23.9608
132.863 24.094
120.342 25.5413
107.37 24.8127
127.355 25.0195
105.676 24.5354
115.463 24.6233
120.658 24.5498
107.872 24.7106
110.549 25.3628
109.875 24.7088
103.473 26.1836
98.5231 24.6639
106.415 23.5948
126.377 24.7196
106.8 25.1052
109.143 24.388
100.206 24.7075
112.283 25.8488
102.423 24.623
106.1 25.1593
99.1535 24.4473
103.657 23.9724
101.717 23.8981
94.0731 23.9507
93.3049 26.8257
96.1548 23.4353
101.77 21.6933
90.7806 24.029
98.5988 25.627
96.156 24.2104
92.9391 23.8109
105.822 24.2564
106.187 24.2834
104.754 24.2802
110.026 24.2832
123.478 24.2736
112.585 24.4982
113.123 23.532
112.461 26.2944
100.726 24.9305
96.9445 24.2472
99.2174 25.436
102.183 25.0103
86.1199 25.1389
95.8419 26.6977
77.0385 24.3577
76.2835 25.34
90.8021 24.9964
93.9516 24.0595
93.9516 24.2937
95.0388 23.5227
92.1477 24.1317
96.5939 25.4486
87.5336 24.6484
91.1293 24.091
92.2026 23.2105
104.95 24.2727
101.387 25.2552
101.117 23.1721
93.3804 26.6826
89.977 25.7733
99.0773 25.3696
100.895 25.7043
102.551 24.9379
104.769 25.087
104.077 25.4897
108.415 24.22
102.785 23.4063
100.925 24.276
97.8686 23.2447
97.6157 23.9982
92.9938 24.1426
102.868 25.2845
107.109 26.138
113.587 24.2765
118.178 24.7002
116.882 24.969
123.3 24.2599
117.127 24.8401
101.991 25.7706
106.892 25.3108
105.337 23.4798
107.095 22.0947
109.99 24.6438
116.759 24.531
109.691 23.8648
112.612 25.4085
103.199 26.1012
113.258 23.4512
113.158 24.6119
101.252 24.5848
99.9062 24.7323
104.975 25.9382
110.236 24.9746
112.265 23.3737
108.448 25.1828
107.439 24.0795
97.9636 24.3252
92.1485 24.6642
96.8952 24.6994
94.8101 22.6188
90.4019 23.9768
96.4152 23.3964
95.1101 23.8531
100.897 24.3156
101.629 23.7794
117.096 24.6929
105.753 24.7274
114.762 23.7308
127.368 24.2145
124.936 23.4243
122.398 24.2522
125.31 25.528
113.717 25.6819
116.214 24.8524
119.061 25.2918
104 25.8142
101.204 25.848
93.6199 25.1722
87.2941 24.0982
90.1104 23.8944
92.7975 26.0028
92.7975 24.6901
88.9637 26.4426
95.8669 23.4151
100.713 23.4942
94.7094 24.3619
103.949 24.4387
121.789 25.5742
127.597 24.8373
124.029 24.0269
128.572 24.664
122.91 25.8406
113.157 25.0225
117.818 23.9638
115.61 25.0009
122.798 25.9312
127.974 22.8893
121.454 25.7772
119.342 22.8531
109.435 26.5361
105.721 24.3345
105.648 25.8679
93.4439 24.6332
92.3193 24.9031
86.4278 25.7513
86.5579 26.5769
94.044 24.9049
96.9091 25.5951
95.5255 28.5123
106.694 24.8787
105.601 23.8691
99.6328 24.4668
94.4971 23.5465
85.0574 25.8154
83.853 25.593
76.6212 26.423
76.6212 25.8282
86.3227 24.5211
87.5713 25.4413
104.959 24.975
108.738 24.3767
99.4379 24.1935
99.6861 24.4331
102.856 27.0208
104.709 24.3189
99.0905 26.1198
90.2572 26.0003
94.6462 25.8003
96.4558 25.7964
89.4958 25.8106
82.0247 26.4188
88.5865 25.0672
88.2995 24.0956
87.2052 22.3222
88.6243 26.8832
87.5988 24.9301
96.6691 24.8633
99.1499 24.724
90.3556 25.0389
99.9112 24.3788
103.464 24.783
100.93 24.8482
102.269 24.8046
105.526 24.9477
97.6981 24.8924
94.9443 24.9833
97.5871 24.1749
97.7135 24.0796
100.393 22.2137
99.863 24.6671
99.4786 23.907
93.6518 23.764
87.6954 24.6837
96.5456 23.1148
99.1448 23.8253
110.99 23.1437
118.332 23.6323
114.097 24.7326
113.275 24.4739
113.107 23.4876
116.912 24.3989
126.896 26.0163
115.291 26.2125
121.441 27.0871
114.236 22.4961
109.104 24.9177
114.095 23.5638
119.056 23.5609
121.677 24.222
133.875 25.5542
125.951 22.7857
134.938 24.2594
114.342 26.1687
114.665 24.6704
118.392 25.1028
111.414 23.3425
114.112 25.336
115.324 23.4587
104.929 25.2731
98.5891 25.0289
102.36 23.1607
108.101 24.4598
107.075 23.3283
111.2 25.2034
114.198 23.4997
119.589 24.1596
117.039 23.2824
100.497 22.809
91.8969 25.8797
91.3981 23.4438
96.1346 24.7549
99.6211 24.108
108.13 25.3715
108.841 25.7057
114.055 25.6677
98.1091 24.8787
106.15 23.1271
105.691 23.5459
94.7333 24.5093
109.9 25.327
98.7029 25.8507
106.667 25.3142
118.998 24.3571
107.435 26.0017
109.33 25.9027
107.511 25.6869
120.741 26.0131
115.414 23.4182
107.206 22.3695
102.529 24.887
122.139 25.7982
118.038 24.5393
115.154 24.0884
109.143 23.4664
103.86 24.8909
116.18 25.8343
118.978 23.1141
112.094 23.8881
96.6268 23.9207
84.4834 24.0278
95.709 24.0278
101.264 25.2026
101.34 24.0997
111.535 24.6854
113.932 24.6742
117.445 24.872
99.5632 23.6832
96.5773 22.047
98.5584 25.6614
105.656 24.7751
108.281 24.3908
103.423 27.1073
94.3549 25.616
113.935 22.5182
103.741 23.5198
106.303 24.3869
101.033 24.193
96.8192 24.7699
105.468 26.1148
84.5746 26.8507
96.0005 24.6577
92.3455 26.4669
96.152 26.2435
96.3136 23.6228
109.814 22.8754
121.098 25.73
106.578 24.6151
100.568 25.7893
92.5361 28.1448
92.8582 25.8892
90.7228 25.0612
92.8175 25.9785
97.1111 28.3154
108.791 23.5014
111.823 24.8501
114.915 22.6832
102.713 23.2561
102.203 23.6235
100.749 25.4206
100.218 25.7645
101.631 24.9249
95.4338 23.3015
99.2552 23.6746
113.809 23.2616
106.765 24.3585
105.873 22.3953
118.193 24.4156
117.582 24.4198
116.462 23.7101
126.864 24.1651
124.356 23.7095
113.601 25.4098
125.385 23.767
127.168 24.4672
121.531 24.1985
112.794 24.8097
119.025 24.3936
108.371 25.4018
106.773 22.8838
103.773 25.7908
138.157 24.1781
115.493 24.4222
112.808 25.5611
117.023 25.4408
123.888 25.5972
122.966 24.4852
115.069 25.9127
119.243 24.6584
115.24 25.8602
101.538 24.5753
96.3784 24.7719
104.596 25.3783
105.441 23.7779
99.3455 22.4504
101.655 23.5054
105.615 22.249
92.1238 25.2328
90.6849 25.3625
90.6849 24.894
101.902 25.592
90.0532 23.3556
84.528 24.4866
89.0745 23.6092
96.6004 24.7656
91.5325 24.9191
88.053 25.1141
89.4553 26.3527
90.1058 24.4305
88.066 25.0597
103.991 24.5443
95.3749 24.3983
93.0547 25.3652
91.7966 25.447
99.6404 25.2823
96.5928 24.6321
97.71 25.8568
115.21 25.3422
117.869 24.8658
114.039 24.9153
109.799 26.2338
104.009 24.3481
111.467 23.8365
107.106 24.8323
111.211 24.2806
113.122 25.3251
120.099 25.3273
119.711 25.3991
116.66 25.3093
118.21 24.5002
116.844 23.287
117.678 24.0227
121.258 24.43
113.296 25.2143
113.676 24.572
112.931 24.8006
119.323 24.4273
124.797 25.2272
111.906 24.3457
102.196 25.1056
103.538 24.6659
109.226 24.1322
99.6122 25.1679
106.058 26.0963
102.882 24.1456
102.085 24.2137
86.6262 26.1403
94.4721 23.3842
80.2785 25.0562
89.212 24.0865
80.5354 24.2613
92.6601 26.5927
87.1763 24.8909
91.6747 25.4833
104.141 25.0398
105.67 25.3072
110.413 27.093
106.522 23.6625
99.2993 24.4423
102.107 24.4309
96.6468 24.3991
97.0619 23.8455
104.289 23.3393
100.957 24.9277
92.5949 25.9027
121.285 22.7773
104.375 23.7868
92.1776 25.0849
94.3856 25.2209
97.3631 24.6009
92.4835 24.6001
94.0273 24.5927
92.6942 25.5762
93.6094 25.8365
99.9222 23.5343
132.983 23.2108
136.338 25.696
121.71 21.9171
134.705 22.7885
141.749 24.6799
139.599 24.6958
118.935 25.5806
117.203 23.1374
121.326 26.3734
110.213 23.9027
112.375 24.2473
116.64 24.349
110.316 24.2567
105.202 25.0933
117.428 24.1774
109.227 25.8649
101.914 24.1831
107.733 22.4213
102.062 24.6712
102.646 25.3209
96.761 25.1678
102.923 24.3103
94.4087 24.8753
90.2223 27.2648
87.248 24.3517
78.1956 24.1839
84.9907 23.0705
91.0987 23.4997
87.508 23.2504
84.0977 21.9092
84.0977 25.7901
84.0977 25.4775
91.2965 23.2334
91.9489 23.5405
89.053 23.5996
81.9562 26.2513
81.9562 23.9782
81.9562 25.894
90.299 24.7966
90.299 25.7935
90.7684 24.4003
100.681 24.516
91.3136 24.1933
95.1287 22.309
98.6583 22.3803
99.7371 22.7839
86.7831 24.8841
86.3085 23.9256
89.9637 24.4052
98.2235 24.9829
108.308 24.6436
117.787 24.1717
105.704 24.366
99.2282 23.879
94.5837 27.0531
100.352 24.8302
96.6488 24.3239
99.9641 23.7055
88.7815 23.9487
84.8779 24.7951
74.3201 24.6452
74.3201 26.8281
85.1662 23.6962
83.5425 24.4311
88.5883 25.1502
93.0388 26.7251
94.389 24.7189
86.0956 24.0179
80.8873 25.4381
87.1831 24.5422
77.3341 23.6685
88.416 24.7273
90.5857 24.4815
91.5923 23.6502
88.2319 24.8349
79.2514 26.4681
89.8041 26.558
91.1406 23.1039
90.1965 24.1903
85.6605 23.9486
88.5234 23.8129
104.728 24.5604
105.22 23.9978
96.0057 25.107
105.816 24.9187
104.358 23.6708
108.252 25.0107
110.343 25.2986
105.951 23.0199
108.714 25.8295
122.358 24.8747
126.52 25.1288
131.579 24.9659
139.048 23.8087
129.391 24.7638
137.19 24.3549
123.406 23.0858
131.733 23.9082
126.726 24.4582
128.211 25.9809
104.198 25.4331
104.824 25.2115
105.68 24.0738
104.085 23.4841
112.164 25.4224
105.739 24.7526
84.0802 23.7166
94.4945 26.0526
105.325 23.6393
101.109 24.0256
107.979 24.9272
117.534 22.9448
116.404 23.8127
115.395 24.8333
88.5617 26.661
90.589 23.6857
105.319 23.9039
120.008 23.3371
119.377 23.3838
125.388 23.56
112.335 24.1187
106.86 24.3594
103.47 24.3474
105.925 25.8981
96.0069 24.5267
114.927 23.3253
108.821 23.7232
109.711 25.6549
130.797 25.328
121.731 24.9956
114.539 25.2352
87.1523 24.115
92.6707 25.66
104.736 24.3176
83.0293 24.6925
102.568 23.687
120.339 23.9476
109.331 23.2371
120.105 24.3271
110.264 27.319
113.687 23.6811
115.17 24.1296
134.558 24.8733
127.257 24.8224
148.979 24.9954
132.226 25.7454
127.944 24.7839
117.244 23.07
119.369 25.2949
114.62 25.7315
106.691 24.4667
99.7933 26.3871
114.314 26.4198
113.926 24.4856
113.926 24.3698
120.183 23.4309
120.574 24.0603
117.548 24.2074
110.913 27.1429
101.159 24.4116
96.2614 25.1015
94.9451 25.9405
105.261 24.42
105.21 25.6111
108.748 25.337
109.317 25.9542
122.267 25.7873
110.699 24.626
103.45 25.1165
110.131 22.5547
124.278 25.6079
124.278 24.6538
99.2225 24.4308
99.0537 25.1634
100.541 25.2851
109.557 25.868
135.773 24.5954
99.5228 26.7562
109.769 25.0867
110.105 23.7024
104.67 25.1552
99.9046 25.6743
100.611 26.9707
102.36 25.7227
98.7097 24.2952
103.31 24.6069
105.602 24.9191
105.049 26.8018
105.041 24.0097
106.044 24.2903
105.394 23.1841
108.031 25.9509
106.133 25.174
96.9231 25.7164
109.968 25.4494
110.971 25.0614
104.075 24.5352
103.294 22.5558
103.862 23.9142
108.548 24.5278
114.232 24.6089
112.979 25.6818
104.566 25.2679
107.973 22.1642
95.9671 24.5249
99.4975 25.5336
100.447 23.5195
100.063 26.1615
100.684 24.5228
107.613 26.0158
105.452 24.0725
115.469 26.8381
129.577 25.6137
133.593 24.7544
132.764 24.9308
134.369 24.5242
135.949 24.196
139.972 23.6537
123.739 23.6292
130.482 23.6228
113.043 25.311
112.466 23.5464
86.5013 24.9994
85.066 25.9339
97.3616 24.2341
94.4785 24.5881
95.0702 24.6612
95.0689 23.4847
97.1389 23.6582
97.2117 23.5378
97.2117 23.9496
103.615 23.8474
104.956 25.3167
108.694 24.8848
112.953 26.0096
100.874 24.673
100.026 24.9876
102.605 25.9352
109.473 25.6506
111.761 25.8257
107.359 24.7258
120.295 23.8821
111.763 24.0306
124.164 23.5975
126.949 25.3658
114.621 24.6213
104.101 25.3562
102.165 22.7727
109.808 23.9413
117.185 21.0915
115.538 23.3762
119.73 23.3998
117.088 23.9704
114.585 24.6511
113.438 24.0923
114.813 23.9851
117.171 24.8704
117.417 24.9909
116.859 24.5378
117.034 23.4435
117.518 25.0927
121.688 25.3687
127.374 24.7018
121.15 24.1789
121.721 24.3234
123.897 24.5225
119.36 24.5933
111.602 25.0693
111.181 24.6827
93.7267 24.3299
105.032 25.7079
119.327 22.7848
114.784 24.4135
106.522 25.7442
107.852 24.9594
106.185 25.7617
121.529 24.2388
124.706 24.4414
113.903 24.1106
128.976 24.5512
116.342 26.613
116.098 24.6984
109.967 23.9049
113.182 25.8883
103.009 25.7223
103.874 25.0604
96.8082 24.4363
100.377 25.5215
89.5001 24.285
100.52 23.2684
97.5964 23.4244
104.127 21.3034
131.344 23.1167
125.181 24.5652
130.592 24.3082
117.7 23.5348
117.122 25.9885
106.579 24.2085
102.503 24.312
104.286 24.1928
107.703 24.6321
111.363 23.0802
112.888 22.6192
96.6658 24.9434
92.8148 24.4579
99.6557 23.9457
96.046 25.7218
96.2696 24.5154
91.2123 27.4714
102.408 25.7518
100.356 24.7317
100.861 24.3562
110.343 23.9902
115.026 23.1296
120.803 24.8453
116.704 23.6985
114.91 23.2776
113.8 24.7004
109.203 24.8716
103.292 25.0807
106.651 25.3113
102.191 23.2422
99.8064 24.9203
103.353 23.6996
97.7605 23.7356
102.707 26.601
103.671 23.8758
95.9449 27.1737
97.9996 24.568
95.5376 25.94
93.2717 23.6006
98.5307 23.8651
101.803 24.012
103.769 24.2733
115.613 25.3111
108.767 26.2568
128.052 25.0919
124.533 24.69
137.441 24.5785
118.354 25.2155
115.841 23.0484
114.039 25.7164
118.523 25.3292
109.043 23.1241
102.08 25.8561
107.533 25.1968
111.249 25.5381
124.252 25.3952
116.32 23.5615
116.584 25.7886
121.772 25.3524
116.986 22.9208
101.431 24.8766
100.515 26.0943
100.706 25.7989
102.998 25.4232
95.2556 26.4731
96.3487 25.254
92.8173 23.2524
89.0106 25.3041
96.2612 25.6675
102.8 24.9751
99.5613 24.4817
91.4227 24.0318
95.1697 26.3894
99.0117 23.9537
110.971 23.5742
95.1434 24.6658
100.241 24.7264
101.914 24.5758
90.0647 24.7042
88.7086 23.5507
88.7086 23.8299
92.7856 23.9845
78.4571 24.6062
86.6029 24.7353
86.6029 24.9314
86.6029 24.4141
84.7276 25.884
85.5775 23.6813
85.5775 23.6538
85.5775 23.9787
83.6978 25.3591
73.4765 24.9868
75.0688 24.9733
81.348 25.8238
88.0526 23.6735
92.7946 25.6547
99.221 26.1236
87.9431 25.1671
93.1831 26.9986
99.3002 24.6986
103.781 21.8952
106.635 24.6067
112.476 25.6426
114.34 25.5891
121.12 23.848
117.193 24.1934
127.819 23.7769
147.946 23.9378
150.91 23.2464
162.506 23.8105
163.069 22.6234
164.386 24.8269
138.904 24.2702
137.956 25.2715
132.129 26.0325
134.542 25.3302
131.396 23.8089
120.792 25.9987
131.134 25.8452
119.56 26.4076
120.859 25.3116
139.104 23.634
128.721 24.7983
122.432 24.5674
129.02 25.8867
105.78 22.8519
92.8722 23.8643
89.0944 24.0752
86.2121 24.0237
95.5607 24.1312
85.6426 24.0567
83.7693 25.187
88.8597 25.3899
92.2198 26.7236
99.0255 23.8792
95.5193 24.8553
90.7691 24.3622
100.962 24.1105
96.9068 26.1143
98.9899 22.8811
92.6324 24.4484
95.909 24.065
97.5717 25.3475
93.2402 26.1133
96.776 26.2319
94.9325 26.186
94.6773 24.6648
92.5994 23.0545
84.7119 26.4744
91.1334 25.979
79.6254 24.0269
87.099 24.9452
86.5063 25.2118
103.833 24.2904
95.5789 24.2967
89.6489 23.2002
88.1635 23.317
111.409 22.3372
94.184 24.4385
104.434 24.0393
111.514 25.3145
104.528 25.3273
118.498 25.5517
118.498 25.1873
120.99 23.1727
123.303 24.4881
112.408 25.1636
120.666 24.0404
112.436 25.4906
112.641 24.9773
113.164 23.2845
103.546 24.5714
89.9853 26.7027
99.0511 25.1745
100.888 24.9926
104.757 24.3645
92.0318 24.7655
92.502 23.5803
93.0554 25.0811
95.0973 24.9056
100.573 26.1463
91.8836 26.3641
97.5332 24.7697
98.5129 27.2204
96.4256 25.3421
102.111 23.5078
82.6088 24.0634
85.1631 24.9162
85.1631 24.8047
84.2351 23.8994
96.1214 23.4443
90.5137 24.1569
91.9135 24.7719
101.014 24.4996
95.2772 24.1998
102.864 25.2174
102.864 26.9882
106.447 22.9087
106.447 23.1556
106.447 24.6267
113.182 25.5465
116.792 26.7133
116.147 25.0676
132.017 24.805
153.109 23.6892
168.507 23.6042
164.968 22.9168
167.837 22.802
169.804 24.0964
183.74 24.2645
165.114 24.4062
172.061 24.419
152.935 24.4237
150.956 24.4858
151.735 24.6656
144.721 25.2973
151.28 23.3359
152.997 26.3872
146.221 23.9523
160.562 23.5324
165.092 23.3796
154.406 25.5344
147.352 24.5522
136.749 24.9503
136.756 23.0338
132.244 25.6736
132.096 24.0892
122.44 24.964
119.687 23.6616
129.059 24.4198
130.715 24.4978
137.291 23.6013
151.564 22.3188
141.84 25.7204
141.84 24.9567
128.81 24.3376
122.966 23.5695
120.192 24.787
124.874 24.418
120.059 24.8168
98.289 25.3235
94.3405 25.7553
88.5986 25.1536
101.809 24.3869
94.3808 26.7771
95.1213 25.3978
98.3241 25.4615
90.8601 26.4372
85.5208 25.6236
85.2263 24.1833
87.0555 26.0528
84.7754 23.7631
87.9429 24.82
84.9388 24.308
83.1275 24.5284
90.2091 22.9763
91.0157 23.9225
99.4375 25.7168
101.257 25.1203
123.405 24.4961
120.995 23.9749
105.555 27.1582
106.725 24.9422
105.937 23.8515
97.621 24.3277
105.216 23.155
108.743 23.9116
105.845 25.0768
97.9858 24.1589
105.674 23.4937
112.365 24.3149
108.709 24.5355
108.845 23.1953
113.112 24.4633
112.016 24.0441
116.067 23.5298
114.292 21.9589
103.683 23.4218
105.538 24.6202
112.107 24.989
108.293 24.757
100.486 24.5602
115.422 25.1192
117.493 23.8805
119.785 25.1428
115.551 25.2078
104.963 22.9274
103.451 23.3651
94.1351 24.9355
90.2941 25.6707
93.7124 23.566
93.3103 23.7534
97.4848 23.4342
94.5847 22.298
99.0386 24.6129
97.8093 22.7386
101.751 25.3389
102.805 26.7271
102.801 22.7825
98.794 25.1969
91.7572 25.1825
105.293 25.3947
94.3419 26.8997
107.349 23.4418
105.648 23.1943
125.68 22.4347
129.093 22.8499
118.543 24.4165
115.637 26.0451
114.732 25.486
96.2234 24.7642
98.0621 24.7388
102.36 25.1396
95.7391 24.1366
91.9048 24.999
108.522 24.4185
113.588 24.5713
129.785 26.3942
135.922 25.5641
125.679 23.4416
122.081 26.1154
117.602 25.8293
122.387 23.6423
122.763 24.3471
117.241 25.4706
120.123 23.613
115.908 23.6703
115.47 23.9808
113.688 25.0093
121.049 27.3269
153.183 24.9338
155.096 22.7139
145.358 24.295
132.123 24.222
148.889 23.8986
144.375 24.8308
137.986 25.7567
144.654 26.2749
159.593 24.8416
167.226 25.0988
145.325 23.6919
145.458 25.6393
145.361 25.6373
137.438 23.9053
125.943 23.4429
131.611 22.7092
107.908 24.3572
115.41 24.1279
117.576 22.3136
118.489 23.2103
128.339 25.0336
122.966 27.3208
124.861 26.3648
134.264 24.6035
127.599 24.8623
129.037 23.5641
115.632 22.0698
126.527 21.7607
129.477 24.1259
134.176 24.2875
119.686 24.0837
119.574 25.0373
116.704 23.6361
115.364 24.4091
106.093 24.3948
96.167 26.6681
105.555 25.7489
108.823 23.1534
93.3308 25.2942
102.436 24.9282
97.6438 26.1769
89.4146 26.6229
80.9165 25.4041
72.4092 26.7968
73.009 25.1816
63.3126 26.6974
63.3126 27.1218
74.0217 24.4096
73.8905 24.3727
80.9617 25.9548
77.1651 24.3046
80.5393 22.924
72.3034 24.9618
79.9901 22.8987
86.7636 23.43
78.6732 22.1847
81.7945 25.8912
85.4617 26.0265
77.5021 27.0906
83.119 26.2541
84.3953 24.922
97.2159 25.4442
84.7168 22.1584
90.3031 24.7881
89.9156 23.8873
94.7312 23.7448
89.349 27.1205
108.575 24.4976
99.2951 25.5947
101.509 24.8455
96.4324 25.236
84.3184 23.0014
91.868 22.8446
97.1255 22.7937
88.5615 23.6392
110.364 23.9903
114.094 23.6927
104.116 23.4709
99.6975 22.451
87.6924 23.9979
95.1225 24.8673
83.8879 22.9478
86.8748 22.86
86.8748 23.0394
83.71 25.8324
83.71 25.6198
91.4026 25.1788
87.8904 25.1616
91.0059 25.1883
99.0884 24.7031
107.006 25.0148
102.642 26.3876
111.074 24.2056
105.35 24.4979
102.617 24.2511
101.256 24.4968
100.068 26.3861
89.8537 25.4169
97.5854 26.1888
101.787 24.4806
110.31 23.7999
119.747 24.7598
114.807 25.1602
116.739 22.5636
116.195 24.8045
109.758 27.7199
95.967 25.0949
105.988 23.8308
107.273 25.5423
109.358 24.8454
107.76 24.5104
125.531 24.0093
123.161 25.4213
126.899 23.7936
124.199 26.7587
143.657 24.1771
149.85 24.5755
138.955 23.4933
147.692 23.9294
129.126 23.9183
130.432 24.2099
133.413 23.3155
138.796 22.9671
126.826 24.078
130.114 25.8153
110.43 25.9237
111.92 26.3569
113.051 22.7664
102.954 23.84
89.9189 24.2787
97.1695 24.0636
117.182 25.4457
105.074 23.5833
115.192 25.3453
94.8758 24.5355
98.9476 23.9104
93.9718 24.1597
101.2 24.9153
94.6529 22.393
98.211 24.0692
100.435 24.5077
92.3748 24.6511
93.271 23.5313
94.7946 26.4932
92.9026 25.0678
81.3393 27.5037
92.5325 24.5397
102.181 24.1599
102.097 22.9723
111.506 24.1966
102.803 24.3011
104.638 23.7706
105.831 27.1708
106.094 25.9659
102.806 26.1393
104.633 25.6572
96.8681 25.0012
96.1655 27.1002
110.829 25.8937
100.033 24.0934
99.8649 25.315
105.128 24.8339
106.19 23.9862
106.09 26.264
107.812 23.2905
97.8995 26.0974
90.7106 24.7948
83.037 25.6591
107.712 25.0103
90.3905 25.9121
104.437 23.306
96.0388 23.6244
96.6892 25.0802
94.8673 25.1452
105.165 24.9208
114.763 25.5205
136.797 24.3655
141.414 25.6398
123.816 24.2275
137.586 23.3258
125.144 23.4532
126.525 24.4609
128.716 23.7235
151.411 25.0254
140.938 23.6303
131.495 23.8686
111.439 24.2585
109.8 25.4189
96.815 23.9737
92.4056 24.4974
83.3017 25.5043
90.6335 23.4788
75.6927 26.1063
72.1272 25.6789
80.8474 25.099
85.671 25.4968
92.5276 26.2753
110.964 25.1982
95.5507 25.8994
94.6502 27.1348
117.035 26.444
108.478 23.5827
102.248 24.5652
101.642 24.5626
110.284 24.1711
103.771 22.9557
105.985 24.5142
83.6837 26.832
97.0485 24.2279
91.4772 23.6983
97.117 23.7362
92.1081 23.506
80.9363 23.847
87.917 24.0042
80.3027 26.3901
91.3761 23.5037
111.476 24.2493
103.06 25.8011
105.323 25.095
113.163 25.6188
111.413 25.0274
123.252 23.4193
118.713 25.5453
114.926 24.871
112.861 23.3082
110.675 25.1763
128.658 25
122.469 24.8237
132.021 24.11
133.765 22.5068
122.215 23.7176
130.909 25.6907
120.408 25.1898
121.877 26.8318
134.016 24.4683
129.478 24.7539
132.379 24.4639
123.92 24.9301
115.447 26.2174
112.042 25.2044
104.916 24.3709
108.394 22.7368
96.5466 25.4819
100.053 24.4661
103.315 23.603
113.295 22.1537
115.048 24.6009
105.722 22.936
124.433 23.3962
114.328 25.5095
114.456 23.4354
113.064 24.0236
112.088 24.2488
103.756 26.3475
103.756 23.6879
103.938 24.9327
111.309 25.6194
112.515 23.4291
114.559 25.2828
109.866 24.2029
110.889 23.8201
104.375 24.1396
120.957 25.2143
115.937 24.2731
114.557 24.1666
115.794 23.898
112.823 24.5396
106.475 24.3961
103.896 24.4279
102.655 24.4181
105.902 25.0226
105.067 25.312
100.917 24.1135
107.477 24.9347
114.038 22.563
115.036 22.2727
123.449 22.1499
112.531 22.6018
119.43 22.2418
99.4775 23.9164
103.873 27.1058
110.21 24.6175
106.619 24.5189
107.692 24.9388
111.625 24.9898
114.64 24.7009
100.52 24.0013
100.8 24.9882
109.497 22.0253
96.4308 24.74
111.796 24.2535
113.317 25.0039
117.699 25.7153
107.744 26.9846
121.141 23.8273
107.022 24.5908
106.733 25.3209
106.761 25.787
98.3848 24.2663
90.1785 25.3463
93.6583 24.5818
103.579 23.5793
105.996 25.5373
95.4545 24.4619
95.0691 24.5638
94.3431 22.3112
88.4508 26.0469
100.452 22.0424
94.5348 26.1065
99.8262 25.2763
110.492 23.3353
124.261 23.8596
140.618 22.8765
135.059 23.1618
137.011 23.7879
115.703 23.5428
111.371 25.6018
110.963 22.9992
114.177 25.672
115.71 24.5714
110.595 24.0883
114.914 25.1034
109.76 24.9495
130.54 25.5757
139.607 24.1921
139.607 24.8231
143.363 23.8784
146.073 22.1141
146.073 24.7128
146.073 23.5014
148.423 21.6804
118.643 25.3202
118.66 22.4757
129.751 24.3043
112.686 24.1655
130.115 24.0477
112.087 25.2161
121.407 26.3558
111.806 23.9585
115.101 23.6993
124.984 26.6734
126.255 25.4071
119.153 24.6106
108.057 22.8321
111.939 23.4547
110.526 25.6238
116.787 22.6832
109.146 24.9651
109.545 25.0799
101.52 25.8627
114.289 24.7635
110.841 24.3044
128.85 24.0398
122.066 23.5994
111.594 23.9344
110.441 22.0243
97.0222 24.0774
95.0524 24.0525
88.0907 23.5545
87.4298 24.5872
87.6351 26.0977
91.4546 24.5381
90.316 23.9915
96.7898 24.4786
103.868 26.9731
101.525 25.8976
100.768 24.5579
107.795 24.5529
126.491 21.9868
101.611 22.2084
107.332 22.8183
104.39 23.4749
102.252 24.0194
108.16 24.6559
121.784 25.0631
115.673 23.2972
106.938 26.2461
106.763 26.0348
103.875 23.8432
106.243 25.8193
96.8596 24.9671
105.173 23.6561
95.6673 24.9541
95.8974 23.9385
104.501 25.4416
91.6595 25.9826
102.445 26.1344
101.429 25.1495
102.893 24.1218
100.336 23.0345
115.549 25.0514
95.0168 24.9589
116.338 24.4949
112.478 22.6023
111.501 22.9707
112.93 24.5754
108.392 23.9944
108.392 24.0055
109.897 22.2237
122.104 24.5123
105.075 25.0722
105.166 24.313
114.413 24.0835
112.003 25.397
103.459 24.928
102.308 24.5654
116.088 24.458
98.1183 22.987
96.0202 24.9721
94.7693 24.6969
94.2199 24.6928
101.005 24.7906
101.958 25.0883
101.761 23.8244
107.552 23.8864
111.271 23.4585
101.887 26.0315
102.645 24.1976
118.824 24.0342
109.988 24.754
111.295 23.5805
117.793 23.369
106.798 25.0145
116.349 23.9008
111.012 24.7361
124.441 25.1959
127.014 24.986
126.347 25.5124
115.274 23.8328
128.651 24.624
119.232 22.8141
128.741 24.4514
132.188 21.3648
139.443 24.4383
134.931 23.4965
136.079 24.4975
138.372 24.3476
132.595 25.4056
133.843 23.4192
111.413 25.0218
113.412 24.8632
117.227 24.6215
114.209 24.8907
110.455 25.0611
113.605 23.3129
105.377 24.3731
105.748 25.1103
107.402 23.964
110.417 25.4803
119.567 24.134
130.249 24.8957
128.08 24.4256
114.481 23.0975
99.5912 26.5241
95.5797 23.2598
92.4366 23.752
96.6326 24.2461
101.312 25.8116
101.426 23.2682
85.5011 24.4544
95.9144 26.0521
100.47 25.4137
106.308 25.8755
98.4866 24.5414
101.023 26.0692
94.5131 24.2897
94.5131 25.7936
96.9636 24.3584
94.476 27.8947
92.3051 24.3536
97.0432 25.4142
96.8879 24.7632
96.6108 23.1698
92.842 23.9564
91.1324 27.2599
94.9615 25.2333
95.6136 24.9441
98.2004 24.5038
97.8044 25.1414
90.5171 25.1027
102.252 23.5079
114.41 23.1096
107.533 24.3726
103.366 23.6835
100.123 23.1881
109.255 23.5034
98.4746 24.3627
93.9319 25.3938
88.5053 26.7643
78.8189 23.2313
77.0673 24.4416
75.7452 24.6673
97.8756 25.6358
99.1875 24.561
104.751 24.6479
125.437 24.6499
116.134 23.8362
115.985 24.9458
116.81 23.4072
121.572 23.8867
115.83 23.9423
117.674 25.7764
123.345 22.4176
119.27 23.3257
113.165 24.081
99.9984 25.4172
101.902 24.1718
102.628 26.1558
101.169 25.049
86.5181 26.5238
91.5872 22.9682
93.1138 23.9934
92.771 23.219
92.6457 23.8279
92.1777 24.9036
92.9762 24.2772
102.077 25.3245
102.193 23.8941
110.744 24.5473
100.292 23.8914
104.031 24.0877
109.075 25.8777
106.663 24.4331
105.565 25.0889
119.46 25.2704
116.575 24.3046
110.516 27.2225
111.356 23.446
114.239 26.842
117.503 24.8087
109.41 22.9459
117.784 24.9117
108.867 26.8377
110.946 24.0857
98.2359 24.6702
105.431 23.5878
108.881 23.955
126.916 25.1339
125.497 25.7896
110.462 25.0017
112.701 26.0013
111.104 24.308
111.323 25.6715
107.344 24.9325
100.779 24.8398
115.69 25.0968
100.241 26.4439
117.676 23.8749
116.318 23.604
109.802 24.3383
107.417 24.1315
102.647 24.4074
110.628 22.3551
110.628 24.2584
126.669 23.4021
116.2 25.2216
106.981 23.7972
100.861 24.5382
114.762 24.9639
112.924 25.7746
120.632 24.44
122.341 23.4408
109.237 24.1905
109.315 25.8607
101.97 24.5223
111.041 25.1406
117.488 24.3301
126.834 24.1297
133.882 26.0205
124.208 24.3568
128.459 23.5662
124.274 25.3126
128.045 23.8217
105.698 23.4142
106.321 25.8045
110.906 25.1322
112.244 24.7761
107.083 23.302
107.913 25.5742
119.259 25.3773
114.481 24.0096
112.199 23.8398
119.977 23.3452
112.208 23.0519
127.135 22.7481
102.673 24.1414
102.734 24.8313
117.434 24.2179
112.812 24.9889
116.231 24.1284
107.922 24.3081
111.633 25.8781
110.138 24.7353
111.151 24.9207
92.857 24.01
87.6009 25.3139
82.1063 25.0327
95.8415 24.6025
117.208 26.0501
115.656 26.1432
115.019 24.5829
116.828 25.7595
100.351 26.0306
130.639 25.5452
111.798 25.075
132.964 23.9216
129.755 23.0724
130.7 23.116
131.213 24.0829
103.568 25.2002
106.151 25.0948
104.416 25.8735
106.43 22.992
105.33 23.7095
105.188 24.3332
106.688 24.7622
111.239 25.2693
112.831 24.8734
105.489 24.687
122.455 26.1816
115.008 24.5516
114.627 25.3907
109.649 23.4028
118.641 24.5153
102.953 22.1014
96.3388 24.3441
95.3531 24.2968
117.758 24.5571
106.948 24.0297
123.639 23.6701
127.972 25.1391
132.645 27.3359
139.416 24.5363
136.277 24.8363
132.331 24.3301
116.983 25.3425
120.376 23.7125
121.3 24.7239
118.929 22.9838
110.773 25.8887
114.278 25.1035
112.67 23.5437
126.108 23.3738
111.812 24.923
123.861 25.7346
108.734 26.481
98.5245 25.7326
113.133 25.8986
97.1395 24.7965
99.2058 25.7564
97.5166 25.0594
100.137 25.186
101.792 26.2678
102.543 24.7362
94.0536 26.8737
93.7416 24.9817
92.7493 24.7734
94.8027 24.4821
103.057 26.4187
100.712 24.4991
106.408 23.7338
101.618 24.6517
114.423 23.9631
112.716 23.9764
110.915 22.4071
109.85 25.6997
117.804 23.8214
109.465 24.022
104.997 25.6721
117.153 24.7229
115.354 24.3197
108.308 24.8287
105.422 23.9832
106.939 25.6231
103.497 24.2594
104.677 23.025
103.596 23.9186
103.603 22.6798
99.8423 24.2302
94.5224 24.5577
93.6741 23.1786
88.8155 26.3987
91.7298 25.1851
99.0891 24.012
105.7 24.3089
108.639 26.5226
127.382 24.7614
126.712 27.5439
126.712 24.7335
123.812 25.1786
129.777 23.9498
137.396 22.1624
137.517 25.4452
137.517 25.6867
156.257 22.1817
140.913 23.5018
125.544 23.9592
114.433 24.1921
117.637 24.1729
116.111 24.086
106.754 24.5047
101.864 24.8951
100.761 24.9632
118.586 26.1144
118.576 24.5313
118.576 23.4947
121.393 22.8851
119.752 25.2669
123.816 24.806
120.191 25.0106
124.01 23.0725
109.848 25.9314
110.119 26.1598
101.265 27.2869
97.9882 25.9422
104.076 26.7816
106.341 24.435
110.862 25.4968
106.072 26.9778
107.818 25.1903
109.629 23.0312
111.875 22.7615
103.743 22.5967
107.658 25.2654
102.202 25.1748
98.1259 25.6175
111.461 25.1964
121.72 25.1105
118.638 24.6003
121.777 23.6134
107.18 25.127
106.013 25.0889
108.207 25.6189
110.281 26.0131
110.161 23.1864
112.065 23.2335
114.489 25.6053
115.577 26.1066
133.555 23.6328
116.026 25.1346
103.858 25.0598
109.017 24.0646
108.776 24.5412
111.043 24.2173
114.06 24.8448
109.792 25.1594
117.79 23.7913
118.894 21.6674
105.896 24.8765
91.394 23.6404
100.603 23.6929
105.708 24.2755
104.326 23.3111
105.09 23.5843
103.442 24.1731
107.494 24.1654
109.352 24.6381
102.583 24.3438
107.399 26.4074
103.374 24.3135
100.983 25.2975
106.72 23.0648
103.071 26.5004
101.995 24.1394
90.276 24.5468
92.2002 24.0361
99.3012 24.2925
94.6334 23.4197
104.49 23.3369
105.835 23.8132
103.826 24.7829
96.2103 24.988
89.1464 23.6085
83.3986 24.7697
85.2507 25.8392
83.9896 23.5642
91.379 26.3205
92.4835 26.5823
95.066 25.7281
97.7066 24.9038
106.615 25.7986
88.7962 25.0388
99.1349 24.8079
101.841 26.102
107.656 24.7931
111.619 25.3494
108.365 24.6563
103.25 25.492
99.7356 25.9384
101.227 24.0135
92.6094 24.4598
96.2825 24.2667
90.8996 25.3844
111.493 25.0883
118.107 22.9942
119.943 23.7758
114.39 23.0539
107.689 24.2136
117.361 24.2902
113.479 25.2299
101.833 23.8034
104.251 22.4645
109.494 24.0687
110.532 23.9944
116.301 24.0774
129.53 23.6668
127.221 24.5078
123.939 23.3112
128.42 25.0572
118.378 24.2132
114.428 24.8814
106.559 24.8561
108.196 24.8569
105.397 24.6035
101.061 22.7942
101.612 25.9831
102.422 25.5391
97.7947 26.0369
95.4653 23.7196
90.571 24.2238
97.9241 24.1571
91.5728 24.5279
87.5704 25.9831
86.1353 24.2008
90.1615 24.0616
90.9735 23.4045
72.1642 23.3385
69.0555 23.3371
69.0555 26.7804
69.0555 26.4194
83.9945 26.0224
87.1268 23.3599
90.1715 25.0945
93.767 24.056
91.4237 24.9794
81.516 23.6755
88.0282 22.8831
95.7592 24.4285
93.4171 25.0448
90.7815 24.1265
90.2434 24.1077
90.0992 25.1387
99.2135 25.599
96.3713 25.4967
96.196 22.7469
100.188 23.905
89.7577 23.7444
94.4694 23.1916
91.2208 23.7817
98.5462 23.9428
108.383 24.4526
104.947 25.102
102.063 24.6798
106.284 23.6626
113.634 24.5904
102.901 23.147
103.311 24.2179
106.119 23.4264
100.707 24.2617
101.137 24.9914
97.7252 24.3625
114.524 24.0988
119.319 24.8454
139.169 24.8414
121.302 24.4411
134.717 24.8907
113.577 23.7373
121.093 23.4371
121.637 24.1099
115.297 23.7684
83.6913 24.4522
95.6518 25.4131
111.107 26.9797
114.121 25.965
117.267 26.0999
117.857 25.9527
98.6154 24.5589
111.013 23.6564
110.243 20.6941
100.948 26.1895
106.662 25.0003
109.834 25.3291
109.144 24.2481
105.5 24.8264
96.3591 25.3657
104.091 24.9514
101.036 25.9533
102.043 26.2792
106.552 24.3453
106.363 25.0063
108.36 25.1938
112.457 25.0021
106.273 24.8123
96.839 24.5594
90.5681 23.907
91.1157 23.9669
91.1157 25.4792
94.8874 25.6177
87.5667 27.2853
78.3971 25.9321
82.1421 25.9861
89.6834 23.1914
92.8054 25.0047
86.7651 26.0598
88.653 25.0947
78.9786 25.0077
89.7991 24.7828
95.6379 25.488
96.7466 24.9337
99.9668 25.5187
81.2703 23.8909
83.6721 25.5338
84.4436 23.1685
87.9566 25.031
98.5004 23.9367
104.439 24.4163
104.04 24.91
107.091 26.2678
103.913 26.9499
104.497 25.0793
89.9051 25.8017
90.3372 27.4634
83.8962 24.1254
83.7042 24.1062
81.5927 26.0644
85.3262 23.8116
87.3588 24.335
85.6337 23.5933
99.7949 23.7727
101.674 23.4621
103.523 23.5719
95.0855 24.1916
81.9043 25.7051
96.2223 25.3295
88.6731 24.8367
97.0729 23.4364
98.5917 23.4012
94.9092 25.0505
88.7548 26.1975
94.8304 25.3136
84.79 23.9015
94.6791 23.6396
102.563 25.6467
104.247 24.9243
99.7927 24.3439
100.624 24.8836
91.1573 25.4702
91.216 25.5688
95.0088 25.5912
91.4573 25.8933
89.1372 26.3142
83.8824 25.4217
82.3973 25.9317
88.2196 25.5935
90.7029 24.8598
94.5363 23.7437
77.778 25.8467
95.7913 24.5852
100.624 25.8455
95.3363 26.112
96.3608 27.2547
96.3626 26.5469
99.8583 25.545
96.2062 24.7348
97.17 26.4515
103.796 22.9721
103.796 23.7503
97.2228 24.978
110.43 24.2496
114.044 22.2686
102.112 25.0723
102.383 24.329
98.5066 26.0081
100.173 23.2962
97.101 24.8551
102.112 24.7619
102.783 24.6282
100.202 25.8749
99.7345 25.5826
106.889 25.2351
98.6221 25.3853
105.279 26.6224
103.68 25.6666
102.105 24.5705
88.8596 26.224
91.7139 27.0916
95.2769 23.7956
88.0923 21.6301
88.0923 25.8265
79.1114 25.8668
81.1382 24.7458
81.0138 23.5216
78.7086 24.2333
74.64 25.3605
76.9801 24.4492
77.3884 26.1228
76.0945 25.0083
85.0114 25.0575
102.628 23.9985
100.527 22.3957
89.4087 25.3258
92.2665 24.1909
93.3928 24.4515
98.8703 24.3908
99.6757 23.6312
102.212 23.9796
100.352 24.6954
89.6461 22.8222
83.1131 24.8549
84.7618 25.237
96.2164 24.2464
86.5479 24.3198
86.5479 25.4011
79.6161 24.9002
82.242 24.5817
98.9858 25.9335
90.239 24.4233
96.1754 25.4241
98.0702 24.7738
89.444 23.0801
92.5906 24.1987
96.281 24.2331
85.6088 24.6202
91.0517 23.1211
90.757 23.6127
105.645 26.0129
108.245 24.0388
102.898 23.9768
92.9362 25.834
88.9311 25.1503
79.2027 24.97
93.8002 24.7014
93.8103 24.1506
94.5288 25.5563
92.9296 23.9723
98.0797 24.0633
92.0284 25.2336
89.7003 23.285
93.0683 25.1879
95.3626 23.5107
113.791 25.383
94.8598 24.3566
98.0011 24.9233
86.7712 25.4041
85.1576 26.732
86.9137 24.3446
90.705 23.6346
90.1024 24.3525
90.0287 23.6364
84.6613 22.6803
96.3078 24.2121
101.757 27.1567
100.339 24.5227
120.338 24.8368
123.527 24.8964
136.157 22.7595
142.893 23.3414
131.319 25.6432
128.787 24.5383
129.726 23.5921
123.765 24.3176
94.3331 24.3863
97.486 25.5918
95.9628 24.1483
97.9506 27.1625
107.842 23.2673
101.31 24.7543
108.47 25.4944
122.505 25.5618
127.681 25.5912
130.24 26.8781
117.91 24.1677
116.608 25.7919
112.311 26.1855
117.53 23.2092
110.598 24.2349
105.836 24.9583
113.853 25.7533
116.645 22.8293
115.465 24.201
100.512 24.3708
97.7516 23.9235
96.5153 25.4228
98.1033 24.1421
98.9946 25.0086
106.545 23.8567
111.228 26.5524
98.2655 24.7044
111.025 25.5338
127.195 26.0893
126.626 22.7964
118.419 24.0085
114.379 25.0018
112.558 25.4194
92.1815 26.1561
97.2935 25.5075
101.011 25.3745
107.911 24.6188
105.23 22.8617
101.672 24.2063
98.5028 25.0188
98.5028 24.9461
106.24 25.1677
99.8808 25.9981
108.025 24.7215
104.986 25.0659
124.233 24.2494
122.776 24.2367
108.593 23.9453
117.788 24.5765
94.0271 25.6244
105.052 23.5676
118.575 25.4497
109.652 23.3865
107.343 23.7451
107.886 23.6173
104.373 24.9032
107.399 25.8526
96.2245 24.5196
99.3235 23.1403
106.303 25.6789
113.677 23.1524
106.336 24.2144
116.542 24.6995
125.126 24.393
106.274 24.1181
100.732 24.1049
104.738 24.7368
95.1752 25.654
92.0536 24.4237
98.8884 24.5949
100.839 25.8162
105.472 25.6713
127.45 25.1805
110.19 25.8976
126.511 24.5173
111.426 25.0283
104.241 24.7949
104.338 24.6781
105.362 23.606
100.667 23.4577
108.684 24.2429
106.608 23.6663
111.521 27.1101
104.325 26.7777
102.232 25.4075
116.526 23.5324
106.937 23.3405
105.046 23.3352
113.335 23.623
111.213 24.4751
120.689 24.3795
123.362 23.4593
126.205 24.3306
117.461 25.3301
124.465 24.6404
127.554 23.6675
124.306 25.4031
125.722 24.127
119.949 22.9167
114.529 24.0519
103.797 26.8975
106.365 24.7441
98.0307 24.6852
86.1341 26.0072
78.3024 27.1269
83.9294 24.0167
90.0175 25.9781
95.6519 25.6165
106.192 24.9184
96.3856 22.8842
102.439 25.5074
107.998 27.0917
97.6562 25.3531
98.1908 24.6115
101.604 26.2268
80.244 25.4691
87.634 23.631
99.1541 23.6782
97.2962 23.952
100.578 26.3736
95.3086 24.4947
99.2123 24.0457
90.9354 26.4379
73.9599 26.4762
80.8729 24.7045
75.0777 26.2192
89.6396 24.8108
102.015 24.9834
101.866 24.8853
103.787 25.0084
105.511 23.2262
97.0335 24.6211
93.9373 26.4636
94.0648 26.2109
93.3697 26.1328
92.5744 25.9544
91.0297 23.9323
90.574 26.0848
91.0066 24.2203
95.137 23.629
96.9357 23.5293
92.021 25.7443
97.3415 22.4439
97.3422 25.1913
100.528 22.8688
99.3521 25.5015
106.154 25.4351
92.8947 24.187
100.294 24.7642
82.7356 25.904
89.5032 25.1803
93.4066 24.8573
92.7562 25.2604
90.7697 26.1428
91.628 24.2416
93.0906 25.4464
93.1285 23.2583
100.245 22.7153
96.4383 25.838
101.426 25.3679
101.426 23.7783
111.414 23.7113
117.402 24.2777
96.8983 23.2253
112.479 23.7493
89.7973 28.4434
109.132 25.2343
104.972 24.7222
104.242 23.7383
114.744 22.2059
113.74 25.5545
111.438 25.3613
110.517 25.3725
118.682 25.0941
123.057 27.0763
128.695 25.308
127.944 21.8979
127.944 23.5527
113.638 24.6324
103.455 24.8825
108.689 24.0454
109.773 23.2898
109.967 21.063
105.243 24.8904
106.045 23.9727
109.597 25.9633
103.245 23.8967
111 24.1291
108.182 25.1414
123.516 23.9568
113.963 20.9524
112.548 25.7713
110.175 22.7939
100.015 24.4039
98.914 24.1158
101.301 24.2118
91.0974 25.1208
90.6641 24.3784
93.8781 23.9204
95.0847 27.4582
86.3488 24.5937
85.9783 24.4248
87.2925 24.5567
100.03 23.9773
93.8461 25.3087
92.4572 22.8476
93.0326 24.2353
94.6296 24.047
108.739 23.1966
106.237 24.1451
96.3348 24.8823
85.9467 26.0033
81.6066 25.2165
89.6932 25.1768
81.9338 26.7226
81.5582 23.7084
81.4777 26.2623
76.267 26.1295
104.806 25.8939
99.2362 22.6767
101.739 23.9984
88.7228 26.0398
101.708 23.8142
103.846 23.7244
90.3182 25.0162
94.2462 24.9866
86.6465 25.1357
90.708 24.0536
92.1128 24.4301
86.7631 24.5776
81.7704 25.2032
102.87 23.5743
85.0222 25.5134
95.6269 25.6534
88.8534 22.8789
94.8948 24.7177
94.9372 23.816
100.582 26.701
94.1163 26.608
103.085 23.3372
95.7141 25.3615
108.817 22.1932
101.584 24.4746
87.4784 25.1785
92.0034 24.6848
91.1777 24.9597
94.1913 24.7671
110.28 24.1123
118.075 25.18
97.1915 27.0914
87.4953 25.246
79.3379 24.7657
88.1365 24.5944
88.8282 25.1986
104.775 25.2256
104.775 27.4606
107.783 26.9411
107.605 25.7658
99.8482 26.3046
105.175 24.1563
98.4934 26.2524
110.46 22.2159
106.349 26.3043
118.698 23.7884
124.605 22.9629
117.584 25.5323
107.839 23.8909
107.066 25.9623
104.874 26.7229
110.645 23.343
107.031 25.035
122.223 24.3997
119.675 24.5775
120.549 23.8
108.226 22.0752
100.673 24.068
107.598 23.9658
107.671 24.8051
106.084 26.0308
95.6829 22.6068
114.715 23.5031
110.755 23.7655
109.73 25.2831
103.347 24.1342
109.371 24.1971
104.673 23.665
101.52 26.2608
88.174 25.9749
79.6457 22.6928
83.4924 27.6489
77.5668 22.9386
73.7722 25.9174
80.1218 25.3973
84.9221 25.8316
86.5943 25.9669
92.4952 25.9647
86.9519 25.5823
84.7996 23.9091
74.6803 23.8387
76.3139 23.9802
77.3273 25.5278
90.2496 25.6225
83.4582 25.648
93.9715 21.454
96.8532 22.4927
96.5637 24.6238
95.1294 25.3385
82.9787 23.1774
82.9787 25.3473
88.1822 23.9581
87.6113 23.9175
98.3853 24.5069
98.3853 26.3072
102.334 24.6811
108.667 25.2405
106.238 28.5591
101.643 25.4863
104.289 23.1999
104.289 26.8586
117.053 24.9942
107.641 26.6631
105.744 25.8829
107.921 24.4685
96.7088 25.8588
99.8274 24.6494
91.7341 23.545
85.6111 23.8558
85.6111 22.4048
88.4483 24.5777
88.4483 25.1843
86.4242 24.979
89.948 24.4879
82.6655 24.985
85.4485 26.1598
84.8283 25.7169
74.256 26.4284
73.3114 25.1024
66.5567 23.7897
66.5567 23.6547
68.0774 24.803
73.0721 24.1155
70.7596 25.5058
68.9156 25.561
68.9156 26.7753
85.7221 27.056
83.6899 25.7997
84.6624 24.9864
86.901 22.8652
70.635 25.4466
75.4357 26.6532
78.2324 25.9002
78.5393 22.0994
68.9621 24.2127
71.9223 24.6597
65.9646 22.7443
65.9646 24.6822
77.4746 24.5945
79.317 24.3716
78.9608 26.6404
94.9928 24.3042
81.9568 24.4481
90.7263 27.9459
87.7017 26.2583
85.0573 26.503
102.915 23.5077
102.878 24.3824
106.113 21.0046
101.668 24.3871
103.371 23.3968
101.816 22.4016
106.056 25.1959
90.4425 24.0961
98.6454 24.2637
91.5306 24.314
99.0507 24.8875
101.922 24.5328
105.793 24.0694
91.7624 24.4645
94.9185 25.2353
96.7519 24.6772
91.8687 24.3248
93.8643 25.6381
105.109 25.7421
111.727 23.9861
116.422 23.4074
100.006 24.0912
102.316 24.9768
108.693 25.183
103.49 24.2308
111.421 25.4335
109.721 25.4636
121.231 25.6822
125.784 25.6128
118.571 24.584
106.022 23.1054
104.028 24.005
97.4125 23.8989
104.905 23.7406
104.908 24.858
98.3522 26.8334
105.662 24.7024
103.099 23.8778
97.8219 26.0971
97.8219 25.6738
102.964 23.6846
108.687 25.4885
106.584 25.8754
94.7288 25.4679
91.7719 25.4234
97.5487 25.4449
95.1786 25.4333
95.7599 25.2982
92.737 23.4095
87.0678 23.4048
93.3652 23.4888
96.7586 24.1527
95.0742 25.087
93.0496 25.7307
85.9265 24.1068
92.9946 24.1868
100.596 25.0541
108.754 25.374
101.648 24.6436
108.978 23.1009
110.07 26.0735
115.081 23.7061
110.251 24.2327
110.251 23.6478
100.222 23.1522
93.396 25.0514
96.4977 22.9036
98.4056 23.8951
104.968 21.9029
98.6805 24.5035
90.7933 24.36
87.1428 25.5057
91.1896 25.6275
84.7536 24.2318
84.2759 23.6874
83.1701 24.2881
87.425 24.4743
93.3349 25.5116
88.4307 26.2254
87.2912 25.8889
99.4769 23.9904
89.0278 24.0963
99.4146 24.503
104.541 23.2039
108.585 23.2213
93.6348 24.1169
93.6618 24.2749
97.8672 23.9725
96.3611 23.7176
95.1331 26.8645
91.4427 24.9526
100.01 26.4214
85.7061 25.3869
86.2806 23.0344
87.5893 25.7334
83.6934 26.4633
79.3259 24.4101
87.3105 25.2643
82.6315 26.4756
81.1521 26.5631
84.8155 27.4065
89.0845 24.6692
96.4208 23.4313
91.0326 26.1273
105.206 24.3527
108.084 24.5042
105.584 26.2983
120.572 25.6381
117.094 23.2238
124.14 23.9689
116.429 25.9572
120.812 25.2312
101.194 25.4789
108.865 24.872
114.311 23.3116
128.042 22.6212
112.529 24.5279
106.85 22.2375
110.931 24.7877
103.347 25.8697
99.8731 25.5496
92.8297 24.4115
100.649 25.7354
95.824 25.5394
103.546 25.206
106.011 23.6636
107.02 24.645
109.947 24.8161
106.497 25.5944
98.7833 24.3749
104.818 24.7162
97.1448 23.8302
102.267 25.0459
109.381 22.7725
93.6287 25.3665
100.019 24.5647
108.282 23.6292
106.208 25.6769
87.3941 24.4063
106.181 25.2825
91.9506 23.4734
105.536 25.1551
109.413 26.5488
109.288 26.9159
110.24 25.5014
99.484 25.3608
99.3314 25.2079
93.6183 23.3377
92.1222 25.4565
93.8021 23.8503
89.8688 26.5058
105.154 25.851
107.183 24.0383
93.4205 24.3545
94.6357 23.9861
105.006 24.6977
115.202 23.3431
100.587 25.9329
105.98 24.7037
112.187 24.7577
124.184 25.3111
121.341 24.9297
111.262 25.3105
120.902 24.0544
119.396 23.1178
120.175 23.9056
123.674 25.3388
114.01 25.8753
111.112 24.2868
124.144 22.1796
126.792 25.2418
115.958 22.9106
113.846 23.138
116.32 26.7858
110.026 24.0034
118.254 25.6929
125.601 24.3177
122.816 25.2985
117.323 25.9487
121.211 25.7998
123.327 24.1816
109.67 25.4094
107.899 26.632
119.68 24.7786
118.627 25.0282
109.432 22.7471
102.275 25.514
113.839 23.8506
118.18 24.0894
120.797 25.367
134.848 24.0668
128.508 26.2305
118.303 24.2218
116.106 24.923
117.578 23.2793
121.003 22.6864
130.687 22.4591
132.441 22.5279
117.591 26.3177
126.985 25.6012
128.894 24.3297
128.532 22.903
133.385 22.2264
131.437 23.7129
117.784 23.3214
111.156 25.054
115.099 25.0156
103.793 24.9694
107.004 25.0401
108.49 25.3162
103.172 24.4198
111.678 24.0456
129.976 24.4222
118.814 23.7317
132.007 24.2412
107.65 26.0747
101.356 23.2785
96.5547 25.2458
93.7974 25.3799
96.1824 24.5649
103.283 22.4444
98.7623 24.6688
90.9913 24.5817
100.42 25.0074
91.1168 27.462
92.132 25.9306
88.9197 26.0134
98.5207 25.7373
103.198 23.1948
102.36 25.7516
107.786 24.1948
102.606 24.093
114.331 25.1659
116.418 24.258
123.766 23.9742
116.799 24.7705
111.23 23.2739
114.116 25.947
106.988 25.2665
100.358 24.4305
105.19 24.3375
97.2116 25.5183
102.303 24.6164
105.331 24.676
111.861 23.5149
96.0777 25.6055
99.0655 24.2621
106.709 23.5312
118.139 23.8602
99.2165 25.3606
86.4524 25.4017
97.1748 24.511
98.2161 26.3846
93.7006 23.8275
99.241 25.229
100.122 24.0365
112.212 24.2879
104.804 22.0253
112.057 24.4013
104.729 23.2397
110.073 24.0696
97.3917 25.2973
93.2924 23.6797
88.0717 24.8572
102.484 26.5584
101.126 24.2925
93.6802 24.532
87.3014 22.5468
77.3874 23.2945
83.4055 25.192
76.2054 24.636
76.2054 25.5775
90.2744 23.1614
83.1694 22.1946
77.1921 23.4933
88.339 24.4216
88.339 23.2084
79.0726 25.2593
82.1586 23.5562
75.8077 24.5045
74.4017 23.5612
81.367 25.1399
80.6788 25.5813
87.1252 23.1382
75.5443 25.7634
73.8204 26.2101
70.3271 25.6216
77.1894 23.278
86.9123 23.3847
102.886 25.8044
117.806 24.5555
128.85 23.3895
107.473 25.2998
119.243 24.0562
132.484 23.3431
138.457 24.2935
119.468 25.3657
118.037 24.9194
112.75 24.7391
115.636 25.5445
95.6072 23.6006
87.5433 25.512
100.199 23.884
102.335 24.6604
101.617 24.788
112.088 25.4247
109.143 23.8431
108.722 24.7724
106.764 25.9759
106.928 24.5113
106.874 25.4731
100.793 24.0066
110.68 25.7043
100.354 23.5987
103.821 24.0258
111.425 24.068
97.5924 24.494
99.5703 24.2656
96.4466 24.3168
74.4834 25.2553
74.4834 24.9148
77.5592 23.4311
92.4843 24.2387
85.3842 27.646
91.2283 23.4552
85.8698 22.9212
104.395 24.1279
107.233 25.0772
100.967 27.9401
99.7529 26.6797
103.976 23.2478
105.267 25.0716
100.789 24.5704
111.301 24.9404
111.89 25.9654
109.829 26.8488
114.222 22.7562
103.824 26.1174
98.9767 25.1936
89.6942 23.592
88.2661 24.6378
88.2661 24.3882
92.3387 24.2347
93.3784 24.4267
104.548 22.381
107.684 23.3397
95.9861 27.1264
96.7658 23.6611
95.2326 24.5769
98.2848 24.1282
99.2181 23.0646
99.2181 23.329
102.494 24.3255
90.9979 25.2148
108.87 24.8383
101.288 24.869
95.2389 24.3408
98.7973 24.5808
117.531 26.9594
100.175 24.6867
95.1601 22.1766
106.577 21.8935
102.296 22.5816
96.2124 23.5026
86.9548 21.9458
92.3053 24.7455
88.6616 23.8783
90.8381 25.8652
90.3802 24.264
92.0405 24.2454
90.775 22.3081
104.832 24.5538
98.2458 25.1918
103.044 24.6173
110.119 24.9773
98.8657 24.0939
97.6085 26.1645
95.1481 22.3136
91.9122 23.9178
99.6935 25.2062
100.197 26.3099
96.0413 22.7692
83.1662 24.4224
90.9613 23.0039
100.029 25.2262
97.2518 24.6315
101.219 25.4584
112.057 26.6772
114.058 23.7484
121.378 26.1343
112.585 24.9182
108.794 24.6223
106.408 25.2137
111.912 24.6408
115.136 22.9946
118.154 25.1027
113.158 23.0299
105.747 24.3734
102.572 23.6686
109.832 25.6302
106.488 24.1137
91.3089 24.8264
109.956 24.1168
110.631 24.7943
105.381 26.6588
100.317 26.4667
93.9395 24.1389
95.9897 25.429
92.7388 23.2539
93.0305 23.639
103.633 25.5895
101.636 26.3413
107.214 25.119
104.169 25.092
114.134 24.8009
101.064 26.1926
92.7347 24.8313
95.7149 25.1368
95.7149 25.23
124.916 23.1673
116.444 24.8471
114.853 21.9299
109.891 23.9063
107.021 25.0694
113.53 25.4226
108.977 24.8613
108.977 25.0513
105.041 25.8086
104.502 24.4024
104.158 26.5698
121.354 23.502
112.791 24.4211
93.9557 25.7959
110.473 24.0044
114.202 25.7324
108.701 25.1039
108.61 23.4288
109.391 22.612
109.876 23.4366
120.175 24.3507
111.018 24.7729
93.4216 22.8153
101.671 23.3782
98.2886 23.6066
100.359 25.6925
105.655 25.1616
95.8177 24.0808
108.236 23.6066
103.751 24.971
116.734 23.9555
119.14 26.4547
124.196 25.228
124.196 25.5414
132.941 25.0997
131.296 23.624
131.296 25.4134
152.172 21.7502
121.017 24.5342
108.042 24.6292
118.383 26.2441
115.326 24.6883
119.707 22.2896
119.707 25.9267
119.707 23.5144
115.699 26.9157
108.891 24.937
112.707 24.1659
106.869 27.3252
86.7355 23.5998
94.3038 25.2105
94.945 26.0274
93.1868 23.3062
92.3662 24.1265
98.6893 23.2357
93.7294 24.3316
89.165 23.4928
100.243 23.4724
103.26 24.0321
108.014 25.3199
99.8143 23.6858
97.1664 24.5169
114.36 24.015
101.175 24.597
99.9466 25.6476
109.15 24.8906
96.2608 24.4647
111.522 21.5513
98.9191 26.6412
108.791 24.2697
97.1773 24.1138
98.9704 23.4793
101.658 25.6527
106.694 24.6271
107.535 25.0278
103.326 23.3518
113.564 24.8013
100.408 24.8736
99.446 25.0969
107.824 22.7307
111.572 23.3124
105.004 23.2678
99.1989 24.0759
93.4882 24.183
92.8931 23.8835
94.3676 23.6947
94.3676 22.8235
95.4243 25.2155
98.6786 24.4727
106.814 27.6388
108.207 25.5972
113.924 24.612
104.476 26.6364
110.964 27.2834
114.828 26.5076
101.035 26.7659
114.505 24.5599
95.0307 25.1226
109.674 25.0566
103.41 25.0427
103.77 24.3503
120.273 23.0453
106.463 26.0497
114.655 25.1279
108.189 25.8745
93.0956 24.0856
100.344 23.6971
96.3583 25.4553
96.3583 24.069
85.3573 24.5644
85.3573 24.6389
89.942 26.5894
88.6164 24.1072
81.0296 23.7896
78.4024 25.3689
81.5107 25.5592
77.4421 24.8886
76.6095 23.6115
81.408 25.9469
81.408 22.5795
95.5175 25.4501
106.721 25.2605
105.692 25.3936
101.106 25.0877
106.879 24.1855
107.069 24.6939
101.285 24.485
122.675 23.4339
115.136 24.7514
113.438 26.3943
123.489 23.0515
111.64 24.9426
114.065 23.8488
111.004 24.6671
106.243 24.037
100.773 24.9868
99.353 25.5849
105.942 25.0211
101.362 24.4507
106.632 24.8434
114.197 23.9125
122.448 25.1422
120.293 25.6207
106.672 24.1517
81.0693 24.5124
79.4206 25.8936
77.2515 24.4722
79.8214 25.7626
83.3236 24.8874
105.866 25.657
118.396 25.8385
125.642 26.4784
145.847 24.2356
122.875 22.7273
127.381 23.6116
116.477 23.7232
115.639 24.1898
106.857 24.4946
98.1551 25.8559
104.616 22.5846
110.009 24.2578
107.781 23.6079
100.936 25.444
109.304 24.8214
110.665 26.9685
104.987 23.9787
115.022 25.6754
111.941 26.1026
117.158 25.2446
107.432 26.4276
111.329 25.0285
104.704 24.2809
108.46 23.335
102.204 23.2736
104.892 25.1008
105.195 24.5973
107.838 24.2146
110.069 23.957
119.04 24.3682
93.3733 25.0535
91.0566 25.1599
91.0003 26.0295
88.202 25.1775
84.7353 24.8707
86.5622 26.0163
83.5284 23.8503
95.8244 26.6038
98.9736 24.0376
100.604 24.4842
92.588 27.1556
95.2859 24.0922
99.8261 25.3167
104.73 23.2217
105.843 23.2973
100.556 24.4865
93.701 25.5771
105.649 25.1543
120.452 25.8695
120.452 24.229
120.452 24.546
116.871 24.2964
102.677 23.0246
113.116 24.1007
93.4401 24.1869
92.2289 24.3892
95.9946 25.5702
101.88 24.7482
88.5033 23.2103
109.185 23.6244
110.027 23.6022
110.938 24.8253
94.2751 22.502
105.429 24.4362
102.102 24.8671
98.8331 24.3339
105.325 25.7189
100.161 24.4567
93.9836 23.6628
84.608 26.7615
92.4516 24.2632
102.057 25.4721
106.987 22.8279
122.371 25.2996
121.423 23.6585
126.497 23.2678
114.86 26.4361
121.921 22.5412
119.069 22.7864
113.034 26.1594
112.403 26.7515
113.225 23.5831
110.478 22.8694
105.458 25.4572
107.225 23.8179
100.443 26.6807
111.475 24.6838
108.317 25.217
109.224 24.5413
97.304 25.4979
94.3961 23.8975
93.968 24.5968
100.24 21.7931
95.7069 24.3231
104.339 22.9053
100.388 24.7567
103.855 25.03
101.759 25.7437
110.55 24.9491
97.2051 24.3675
110.288 24.4481
103.046 25.2854
106.085 24.5715
99.7887 25.4861
95.5758 25.5006
95.4947 24.7629
97.7945 25.1648
104.475 24.475
123.197 24.5602
123.121 24.3693
113.706 24.6679
113.706 25.1003
105.751 23.8705
100.628 22.3412
104.216 25.2475
110.836 23.8535
109.424 23.2413
111.156 25.1067
115.344 25.2099
106.372 23.0915
107.739 25.415
94.0005 26.0618
92.9189 24.6436
102.724 23.119
113.06 24.2502
116.643 25.7757
102.195 24.9692
106.696 24.6308
104.295 24.7144
106.161 25.6024
96.2304 25.152
95.3772 24.2117
96.3084 22.7496
105.166 24.8967
121.02 24.3071
121.012 25.0194
105.415 24.539
91.4132 24.8207
94.1374 26.1475
110.906 24.9379
118.004 24.8685
119.224 24.4023
124.166 25.6531
120.453 24.9654
119.26 24.0169
110.98 25.929
96.566 24.8398
110.139 24.111
104.894 22.7708
105.732 24.3874
104.645 24.3339
105.501 25.1814
98.5671 24.7751
98.6479 26.0619
105.028 25.5439
100.325 25.4874
104.753 24.7954
100.001 24.8272
100.384 25.5884
97.5326 23.7441
101.897 24.7922
104.848 26.8508
96.64 23.9266
97.257 23.7016
93.2719 23.3636
112.452 25.0765
109.843 25.6019
94.0679 24.3864
101.421 25.7738
98.4096 24.7093
105.759 25.891
104.662 23.3546
106.58 23.3309
121.645 22.7289
105.753 25.024
107.398 24.0992
94.8154 25.0703
100.408 25.4086
92.4956 25.7183
89.9147 26.0709
98.2408 25.4812
96.2911 25.457
96.4075 24.8903
95.2408 24.0129
103.615 24.5423
104.726 23.1775
105.002 23.7255
107.851 24.3364
104.859 23.3031
106.48 25.4501
105.214 24.3379
100.907 23.0821
103.447 24.3745
102.797 24.8433
112.264 25.0173
115.808 24.0547
106.558 23.6676
110.565 25.0961
100.338 25.4497
97.7341 23.6583
103.19 25.6135
106.31 23.8141
99.69 25.1521
96.5028 24.9903
98.4525 24.5604
95.2549 25.463
103.302 25.1604
98.0753 24.3467
91.4884 23.3274
93.3961 25.5068
101.862 25.422
120.046 24.2002
121.766 24.8128
124.71 22.6311
120.195 25.9012
108.961 23.3675
118.283 24.4958
112.121 23.4476
110.152 23.6079
116.699 24.5256
117.804 25.038
128.488 25.0514
137.569 25.9497
125.371 23.6641
144.676 23.7091
124.006 24.1927
116.285 26.3092
108.675 26.0583
106.303 26.2928
108.466 24.5768
101.847 24.5363
111.828 25.0193
103.787 25.0266
105.856 24.8023
107.583 24.599
110.332 23.9986
112.036 24.0954
109.714 25.0359
99.6702 24.832
111.507 23.3663
121.961 25.1726
115.085 23.4551
131.355 22.267
124.096 23.1927
121.984 25.2105
133.921 25.4023
132.198 23.0401
127.592 25.0195
131.461 25.3513
135.448 25.2627
138.157 23.3143
125.788 25.5909
128.199 24.6028
119.596 26.621
113.213 24.4547
119.028 24.1818
120.158 25.0324
120.85 24.393
125.023 24.5071
134.803 26.3549
129.092 25.1752
124.99 24.315
130.151 24.5508
120.308 22.9457
136.22 24.9366
117.014 23.0133
119.786 23.8533
120.07 24.5252
122.464 23.0052
130.756 22.7492
111.539 25.9153
124.273 25.1063
109.816 25.0485
115.679 24.3079
116.517 23.4941
110.757 26.203
107.106 24.5647
105.023 23.9858
89.6441 22.003
92.9069 24.1972
103.906 26.2173
102.982 26.0667
109.213 23.1045
113.896 23.6304
103.301 23.7637
113.677 24.7265
116.597 24.7692
118.476 26.9249
114.095 23.2476
115.84 26.9894
114.415 25.5675
112.45 25.6121
112.349 27.1422
111.744 26.1202
108.43 25.692
106.842 24.7825
112.261 23.8684
114.767 22.7022
96.2814 23.465
107.437 24.0248
109.447 24.2397
105.246 24.8355
105.175 24.7976
109.12 24.0241
127.189 23.2446
123.408 24.5995
139.182 22.9522
138.129 22.6792
119.513 25.3703
122.958 25.9671
105.81 25.454
100.003 24.8538
106.397 24.6408
109.418 23.9548
108.989 24.198
108.102 26.0761
95.7234 26.5572
92.1258 24.3025
99.4805 24.2153
100.085 24.6906
99.559 23.8143
96.2129 25.9072
103.944 24.8911
102.233 26.2616
101.196 23.242
93.267 25.6401
105.818 25.1794
104.655 24.1294
98.5554 25.145
98.961 24.4598
91.9101 25.0667
93.909 25.612
103.58 25.336
103.933 24.9925
90.4007 24.94
100.272 26.1039
99.6654 23.9057
102.453 25.0678
107.204 23.1676
107.699 24.1986
114.636 23.6433
122.758 24.2646
106.431 25.1324
103.449 25.8531
108.521 24.9906
118.143 23.5866
106.293 25.699
112.746 24.9076
121.392 24.5709
118.713 24.8027
128.926 26.2362
118.649 24.5851
113.982 26.9701
141.466 23.6205
136.391 25.2878
109.953 25.1288
110.329 25.9252
128.811 23.109
103.765 24.2524
103.471 25.2583
110.85 23.5602
108.586 24.2599
102.073 23.5675
100.013 25.5215
106.558 24.3653
98.2354 25.1392
105.795 25.4485
99.8498 24.0826
105.468 24.51
104.598 22.8952
108.204 23.2666
103.719 24.3363
91.0806 24.0161
106.04 23.9652
104.421 24.5242
92.8198 24.3329
101.732 25.0171
106.26 25.068
102.803 22.589
102.09 24.4974
101.926 24.5284
110.68 21.6331
113.255 23.1125
105.905 26.5893
107.95 26.4374
111.557 22.9973
114.799 25.265
108.88 25.977
108.318 24.5969
106.067 25.316
104.308 24.4139
110.563 23.4099
120.295 23.169
133.441 25.2543
114.594 25.5048
115.443 26.4348
110.606 26.0329
107.229 26.1464
105.291 25.536
108.076 26.1388
114.302 23.7662
122.838 24.3084
116.826 25.1914
121.441 24.8896
119.49 24.1091
118.66 25.8807
124.075 28.9997
120.32 25.3343
112.153 24.4309
106.439 24.6939
127.656 24.8286
117.199 24.6318
117.499 26.7997
118.2 25.8409
113.221 23.152
106.092 24.4537
107.632 24.6959
110.936 23.0422
108.278 25.3763
102.147 27.4662
98.6196 24.4428
107.054 24.9227
97.7249 24.7485
106.707 23.3994
106.216 23.4984
96.8354 24.8787
99.2703 23.9846
102.983 24.0547
103.582 25.4196
98.9477 25.9276
102.508 24.9371
101.377 24.3511
103.441 25.0697
106.88 24.9883
106.987 25.4918
104.723 25.6045
97.7908 26.3556
112.083 23.8206
102.179 24.5334
89.0225 23.0534
98.3791 24.8226
99.5968 23.7264
101.878 25.2342
97.5183 24.4954
95.1131 24.5535
88.2516 23.1158
85.6206 24.2216
84.5608 23.8356
86.4699 24.7879
81.2219 25.9543
84.1879 24.9953
89.7116 23.7496
92.5327 24.0963
85.5866 23.511
91.6244 25.7177
94.006 24.635
94.3115 24.8425
97.0898 24.9049
100.215 24.2343
115.612 24.9013
105.111 23.0841
100.013 25.4515
113.942 21.0891
98.6119 25.8257
103.269 25.5655
95.642 24.7987
99.3463 27.1352
100.097 23.7937
88.4636 24.0787
84.5646 23.1548
95.6366 24.5632
90.3849 24.2183
90.5528 25.9816
97.6787 23.7305
92.998 24.4899
92.1401 25.2609
93.3235 25.6716
98.5358 27.0208
96.0654 25.5117
112.411 24.7809
117.451 24.5181
122.155 23.468
99.0236 26.5984
106.039 22.9073
108.805 25.4911
107.137 24.0074
105.818 26.2753
111.508 23.0505
111.015 25.4087
116.269 24.0523
129.411 24.2004
118.642 24.3078
104.613 24.5868
100.966 25.3278
107.53 23.765
111.38 23.5119
105.461 24.5116
110.816 24.5705
129.565 24.6639
120.722 24.4307
117.124 24.2521
108.562 26.4784
111.073 26.0516
115.952 24.4508
115.36 24.4994
111.365 23.1427
111.527 24.6655
109.19 24.6532
118.282 25.0071
114.723 23.9959
121.419 25.0392
108.356 24.0313
114.295 24.8454
122.54 23.5828
111.94 25.7826
117.712 23.2838
116.207 26.5616
118.577 25.0665
113.308 26.0272
113.098 25.4612
135.59 27.5347
130.874 24.2351
138.823 22.8647
102.206 24.6859
121.554 25.4712
98.2075 24.6537
109.02 26.1782
103.108 24.0342
113.09 23.578
108.168 25.4625
115.873 24.4014
115.991 24.4854
119.077 24.3675
109.693 24.1013
111.947 25.05
99.0028 25.4714
108.187 25.4861
109.041 24.8536
113.633 22.5713
112.381 24.4716
112.975 22.6277
99.3872 22.9792
105.277 25.3566
101.581 22.485
99.5931 24.2181
90.3092 25.2194
98.4594 25.169
101.967 25.7479
96.4667 25.361
109.135 24.8592
114.734 24.8027
118.063 25.2696
113.453 22.698
114.041 25.4467
116.401 25.8165
114.577 25.5529
104.959 26.1629
99.9558 25.7001
96.1111 24.4813
87.3817 24.2529
91.0061 24.9351
90.6814 25.9309
95.9516 24.7472
99.683 23.1311
93.8437 23.8082
96.6672 24.6379
97.9626 24.4399
104.312 24.9346
104.923 25.1684
104.789 25.0145
99.0528 25.196
104.093 23.1164
99.1841 25.1173
109.627 24.3259
108.852 24.8604
104.6 25.9055
106.241 24.4349
95.2428 24.8795
99.0129 23.5375
88.1595 23.1172
120.189 23.0123
116.1 23.218
95.8593 24.183
107.75 24.4394
107.98 23.9272
104.332 22.9313
99.0855 23.9944
112.293 25.0099
112.116 24.2941
100.618 24.1475
98.5235 23.7807
94.4596 23.6834
95.5606 25.1498
99.6964 23.2926
96.0429 23.3626
95.0047 24.1625
97.3894 24.0819
103.12 24.2318
128.231 21.5546
120.921 25.1196
99.7953 23.9561
119.863 22.9706
116.409 22.6708
104.78 25.3072
110.563 25.5407
103.62 26.7356
91.8571 26.0389
90.9072 26.1307
100.063 25.9161
92.0531 22.7801
99.4416 26.1406
108.86 24.3432
118.348 24.2608
116.904 21.8534
127.032 23.9179
101.809 26.9121
103.951 23.3017
117.648 23.5792
117.648 24.7807
108.193 23.2696
106.482 26.2486
102.828 25.1398
129.031 24.2737
130.803 24.0598
124.608 25.5218
115.711 24.9339
126.203 23.1833
125.979 24.2368
123.41 25.1131
111.574 23.6616
109.387 24.9767
114.482 24.6486
109.581 25.1203
117.838 24.9965
116.864 24.6612
101.559 25.2559
109.918 23.8754
110.34 23.6287
99.4327 24.6426
98.9373 24.0192
105.337 23.4295
98.5606 25.622
92.2972 23.6539
105.003 26.4946
108.183 24.5251
108.258 24.1126
99.1334 26.203
107.373 24.4569
111.611 24.1934
114.717 23.7433
104.571 25.4359
98.5197 24.4293
97.2765 25.1947
102.84 24.2339
108.802 23.01
96.5872 23.679
101.22 25.5754
102.71 24.3863
87.7127 25.0238
81.7916 26.2468
93.2475 24.5206
99.0604 24.8053
101.474 24.4163
99.0817 26.5147
99.4435 26.0613
98.2789 23.9854
98.0338 24.9648
115.451 24.7293
92.1963 27.1868
94.2305 23.5302
88.2972 25.6994
88.1276 25.7144
86.542 24.4922
79.7276 25.7296
80.0762 25.0763
80.0762 24.3467
87.7287 22.2296
90.4695 25.1677
92.1909 25.5113
93.0716 24.4963
99.9636 23.5304
109.516 24.2032
110.454 25.5815
123.386 24.3448
124.439 24.5932
119.374 24.9925
127.591 25.3285
137.572 25.7648
118.416 24.4478
118.768 24.3568
120.196 23.1699
120.277 23.5081
118.996 23.981
117.658 24.2911
116.427 24.304
110.379 24.9849
107.642 25.2896
112.715 26.5165
112.547 26.7101
113.798 23.4095
98.0519 26.3814
98.9542 24.7434
100.928 24.6473
105.897 24.2893
99.8396 25.563
111.689 22.8284
108.589 23.8711
111.061 24.0424
111.345 24.7067
100.981 26.6154
97.7516 23.045
106.889 23.9388
112.651 25.6297
105.264 23.7137
101.144 24.0698
105.984 23.5046
112.404 22.7408
113.347 23.1867
117.299 23.6649
97.2993 25.6249
87.1809 23.4316
93.7813 24.0318
90.7462 23.771
77.0948 22.545
84.1301 26.0815
84.4426 24.9378
83.4059 24.843
94.1813 24.3698
92.2397 24.4228
93.7349 25.9752
90.0235 24.8429
82.4832 24.3182
79.3455 25.24
79.3455 24.5723
84.3013 24.7841
82.5926 24.688
91.5955 24.9701
101.296 23.8158
90.6903 25.0512
98.5617 24.4358
95.34 25.8626
95.0564 23.9476
101.466 24.7061
106.637 24.9373
107.035 25.4131
112.303 25.2808
122.985 24.4879
139.83 25.0297
125.938 23.874
132.112 24.3486
127.203 22.8779
115.361 25.0635
110.407 25.0744
125.746 23.9287
119.136 24.3653
135.408 25.0428
135.408 24.7626
134.792 24.0598
121.64 23.8908
116.197 25.021
103.888 25.2649
111.263 23.3061
111.845 23.9357
118 24.5334
113.961 26.1122
113.188 24.7735
110.905 24.5745
115.379 23.1457
117.669 23.606
99.6714 25.4425
108.401 23.4353
110.458 25.7562
107.541 24.8031
107.541 24.3022
102.002 25.2904
94.5777 25.1427
102.688 23.6606
106.624 22.7321
100.354 24.9092
94.3696 23.75
97.0907 24.5496
98.3954 24.3012
84.3369 24.7622
85.1082 26.4267
76.7915 24.3669
92.559 24.9419
108.926 23.8984
97.6776 25.6881
100.595 24.9227
99.1555 22.6843
92.0424 24.4541
93.8408 25.67
96.4075 22.1138
99.0505 24.1159
103.011 22.4974
103.268 24.874
94.9927 24.2492
93.9744 24.5176
96.1781 26.3392
95.0721 25.3905
97.4627 24.2243
110.679 24.5283
108.883 22.9049
121.172 22.9722
116.286 25.2202
124.769 25.2104
119.506 25.1137
145.471 24.9519
157.69 26.1506
158.295 25.402
143.268 25.5472
143.018 23.7684
143.018 25.1981
143.474 22.6197
153.335 24.4088
151.272 24.4696
125.235 24.5202
117.044 24.138
133.574 23.748
122.159 24.9215
117.831 25.4179
109.861 24.6496
127.652 24.1632
130.376 24.0711
116.528 23.8088
110.267 23.8765
110.14 23.9615
109.431 24.4236
114.668 25.5066
123.221 22.6659
121.23 23.3448
113.294 25.2329
103.352 23.5865
110.326 24.3478
110.349 25.1164
99.0355 24.5551
102.327 22.3634
123.417 24.7056
114.466 23.5154
116.022 24.6848
128.058 25.6263
117.893 24.5487
115.747 25.0512
111.491 25.3542
108.375 26.5352
108.817 22.8259
110.794 25.0762
110.292 26.0608
99.5905 24.3054
100.142 23.4986
113.211 25.5591
127.613 23.4565
105.645 25.2637
134.15 23.9627
126.436 23.3951
126.436 24.9783
122.792 23.4473
113.988 26.7845
113.318 25.9569
121.244 24.6612
136.967 23.791
162.05 26.0453
139.223 24.0331
146.781 24.3508
134.444 23.7228
136.454 24.9706
138.117 24.4287
125.936 23.9974
127.818 24.0302
111.277 22.7426
118.567 23.554
112.114 25.5167
109.69 24.8032
107.45 24.0942
103.262 23.9848
96.3291 23.1516
99.7721 23.1029
101.426 25.0725
114.085 25.5955
130.333 24.1688
132.22 25.1064
153.702 25.0754
136.649 24.322
145.493 23.0903
148.861 23.2799
123.647 24.7141
137.231 23.8118
120.808 25.4723
116.38 24.9382
117.475 22.1076
107.652 24.0842
121.009 24.4728
115.788 24.178
112.633 25.6632
112.803 24.3359
112.97 24.4455
115.83 24.9241
125.274 24.9918
122.627 24.4987
119.981 26.3959
127.218 25.1812
121.745 23.5523
118.152 25.3423
119.382 25.0837
106.376 24.326
107.969 24.7143
114.265 25.3375
111.577 25.0512
106.002 24.2298
106.251 25.498
119.582 24.0914
113.408 24.0974
105.374 24.9968
109.977 23.4494
93.8188 26.5352
88.4815 25.254
91.0888 25.3646
93.3736 25.2417
95.2263 23.6204
94.3424 23.3963
87.0049 26.8757
82.2413 23.2604
84.8417 24.3358
85.6481 23.7736
87.0534 25.3707
86.1867 25.8591
86.4761 24.7663
93.7036 23.6132
93.2245 25.7391
89.0175 23.1227
93.3974 24.2325
82.3077 25.0544
88.9416 24.7016
105.181 23.3766
116.137 23.7558
116.703 24.975
123.86 24.6887
112.042 27.2911
119.1 23.463
118.996 24.232
118.676 23.9691
108.813 25.7333
110.392 25.0467
110.597 23.3058
97.7876 24.7886
109.912 25.7485
99.3926 24.501
99.4379 24.4502
106.798 25.8848
115.033 24.6338
111.75 27.3297
114.835 23.4869
109.542 25.118
111.711 22.7259
120.472 25.4844
121.688 25.8046
117.214 23.5263
110.254 22.0155
99.829 25.6924
99.7801 25.7293
103.33 25.1084
105.192 23.1395
111.7 24.505
104.874 24.7945
116.279 23.9543
124.064 23.8176
126.516 21.8141
115.614 28.1783
107.936 25.2704
111.369 23.6682
122.107 23.6124
110.679 24.0223
106.773 25.9859
104.042 25.4418
106.006 25.7693
98.9313 26.5796
100.593 24.419
109.878 23.8082
108.822 25.1257
89.3567 27.4705
89.5122 25.6615
78.7917 25.4422
77.37 24.6202
77.37 24.679
81.2097 25.4239
80.2215 26.3003
83.3588 24.4835
80.4371 24.621
80.4371 26.1825
87.2786 23.8226
84.7881 23.3504
87.7586 24.1538
92.4638 24.1081
98.2363 23.5802
97.291 23.3133
100.675 25.6282
122.415 24.8618
108.416 24.83
105.991 23.1273
112.248 22.069
102.856 24.9572
109.641 24.197
117.085 25.3476
106.559 25.2858
114.929 24.909
117.367 22.8481
104.122 27.33
124.879 25.0692
122.888 22.2938
108.544 27.2719
100.62 24.1974
111.862 24.9689
110.52 25.8586
103.563 23.6697
109.92 24.9935
114.603 23.9045
113.497 25.9378
108.979 24.2793
102.756 24.8803
102.996 24.3628
105.285 24.7437
101.54 24.7736
106.28 26.5948
106.192 24.935
101.771 25.4962
135.574 24.7211
135.574 25.6138
124.976 24.3976
140.453 26.3211
132.488 25.4963
135.618 25.2238
141.706 23.944
138.556 25.4413
117.3 23.4696
121.111 25.0358
127.372 24.9331
133.16 24.9266
128.764 23.4832
115.947 23.9229
120.24 24.2112
107.647 23.2031
96.1057 26.3573
91.7517 24.6728
90.8713 24.8492
93.6814 23.7285
98.3714 23.7636
100.976 23.3631
92.2511 25.423
97.0782 27.0869
96.4752 23.4388
96.5435 25.4997
96.9163 23.8145
99.8363 24.8562
96.9919 23.6089
106.831 23.986
109.487 25.1727
103.014 22.7071
116.752 25.3536
118.262 22.8981
119.207 24.7791
111.695 25.8193
107.715 24.1473
109.582 25.0561
110.124 25.8473
109.333 24.5701
112.758 26.4624
115.633 21.0262
112.432 24.6545
118.604 23.9708
125.543 24.0261
130.93 23.7476
124.602 24.0329
116.878 24.0983
108.746 23.3946
112.461 24.8691
112.572 23.7152
109.592 23.8845
99.9522 22.4343
93.2899 25.0754
98.8128 23.6757
98.8771 25.1833
90.7848 26.0339
92.5607 26.3812
106.751 23.9875
105.902 26.3695
99.3974 24.1881
106.668 24.0366
98.2918 24.8274
106.559 25.7822
121.158 24.9977
118.313 23.8291
119.37 24.7059
132.562 22.9388
111.621 24.4073
113.65 26.839
104.078 25.5929
99.663 24.3798
102.844 24.2934
104.987 23.838
93.7719 25.6285
103.363 25.0847
103.555 23.5627
98.138 25.506
111.14 25.4114
117.45 26.2749
114.295 26.7687
112.888 22.9128
111.08 22.8181
109.517 25.9317
117.589 25.769
119.185 25.494
112.805 24.5098
111.944 23.437
103.477 25.9274
106.828 24.8205
85.5134 25.5833
119.168 22.5497
92.964 23.9745
91.1051 25.3832
86.03 24.4325
88.4181 25.36
83.3848 23.4844
97.6665 26.1387
101.993 23.5714
101.893 23.4816
103.938 23.4404
105.029 23.4047
99.1572 23.4758
100.634 24.6752
98.783 25.0161
108.038 25.4244
109.68 25.9583
103.463 26.5231
97.1398 24.7665
96.0849 26.1675
85.2172 25.9935
87.8948 24.286
93.3699 23.5233
119.237 24.4222
129.245 23.6754
145.64 25.6857
128.746 24.171
133.399 26.9692
124.567 25.3566
130.717 23.3428
130.417 24.2326
137.63 24.0597
134.818 25.5321
136.734 25.4849
125.387 23.653
124.479 24.9585
112.147 25.3398
107.878 27.3288
99.9258 26.3001
95.2518 25.6819
95.2518 25.4482
97.7537 23.296
103.246 24.6336
105.302 23.3731
104.429 24.5203
108.925 25.4591
108.093 23.7612
114.185 22.8416
114.73 23.6434
115.064 25.557
110.14 22.9494
109.757 24.6647
111.492 24.5187
120.012 24.0974
115.32 25.2055
121.569 25.367
118.469 25.3747
119.536 24.9671
115.587 23.8687
114.173 24.1112
106.334 26.244
100.699 25.6868
99.841 25.8825
104.685 24.175
100.646 23.546
100.678 24.0358
96.0419 26.4165
89.6765 22.651
96.7911 26.4514
79.6663 24.1009
78.2626 24.6136
75.6164 24.5604
75.4256 24.1554
87.6111 24.2613
87.6111 24.8806
86.2838 24.855
93.7412 24.4358
93.7412 26.3802
89.2364 26.4202
99.728 25.4595
100.957 24.6984
99.0869 24.6799
97.9281 24.3877
93.9222 25.9154
87.3144 24.8636
107.159 25.0619
105.365 24.7828
110.147 24.7877
99.39 22.5278
101.871 26.0156
104.87 25.7606
102.663 25.0922
101.843 24.3174
113.853 23.886
106.262 24.593
105.418 24.4061
106.402 23.7141
107.796 24.3913
118.219 25.2459
112.206 25.8686
100.043 24.3329
105.783 24.9112
100.312 25.2599
91.716 27.3798
97.9486 27.4887
100.691 25.1097
108.644 25.7899
95.6412 24.848
98.199 25.918
98.9021 25.7129
111.848 24.3501
97.4523 24.1285
85.4147 24.4826
96.9344 27.7929
104.362 25.7241
115.42 24.0634
120.788 24.3408
112.369 24.509
106.102 25.4938
110.045 23.4731
114.965 25.1565
109.359 24.9677
112.57 25.3997
118.281 23.3267
122.682 23.2382
118.585 25.5288
109.19 24.8246
107.246 23.426
107.093 25.8736
105.494 25.6407
108.998 23.659
102.634 23.1405
94.3589 24.0398
111.282 24.0588
114.432 25.0972
108.52 23.3347
102.653 23.775
95.5296 23.8844
103.038 24.8882
103.937 25.7706
100.181 24.6862
104.325 24.1515
107.003 25.0546
113.655 24.5711
121.816 25.3777
105.354 25.2372
118.45 23.482
109.809 23.1365
112.868 23.0438
98.7795 24.8072
105.19 23.2635
108.714 22.828
98.7425 24.3184
90.8717 23.9905
95.9279 25.1548
87.5736 25.0008
97.5031 22.9935
99.9714 23.1427
103.683 25.6657
96.3727 25.3737
92.7477 25.9244
101.986 26.4887
91.1455 24.7577
112.267 25.4751
96.6779 25.1605
116.247 22.3021
137.802 25.923
140.041 25.7055
133.306 25.4243
148.648 25.0322
138.303 25.4604
139.607 23.1231
126.783 23.0339
126.98 24.0019
123.732 25.6138
145.64 25.2866
133.522 26.2293
117.532 24.5763
126.599 24.5643
113.248 25.3391
103.112 24.0295
98.2575 24.509
89.7701 22.7399
89.5501 24.3517
94.7918 25.2439
95.4549 26.2873
101.109 23.6968
92.9803 25.1737
86.7066 23.6193
83.2053 24.8981
89.0052 21.7553
88.4297 23.9645
86.547 23.4266
88.2301 24.024
84.4893 27.1049
84.4893 25.7117
86.2913 24.6161
88.1029 25.0931
87.7617 22.5147
98.0948 26.5521
91.4344 26.4157
94.5515 25.481
93.15 24.8001
94.0201 25.8987
88.5704 24.6254
87.7838 23.2595
87.877 24.5535
85.8871 24.2754
97.3993 24.0592
96.0511 26.5489
106.269 24.5536
87.7341 26.4589
87.7341 23.6243
87.7341 23.9949
87.7341 24.8807
87.7341 25.5508
83.291 24.7653
83.291 25.4553
94.5431 25.0238
100.07 22.3197
92.1018 23.9533
92.1018 26.8655
96.3324 26.5824
98.7746 25.717
106.185 24.52
99.0266 28.5107
117.908 25.5212
132.508 23.0566
107.711 28.8667
116.114 25.1121
129.953 24.2099
122.661 26.8776
133.225 24.748
124.328 23.4889
119.673 22.5016
127.067 23.7981
123.584 25.7355
125.537 24.8693
121.705 25.1381
113.019 22.3361
110.044 24.0848
111.78 25.9905
97.4379 23.7005
84.4747 25.7537
92.0655 23.3117
76.3274 22.2439
87.0586 25.2819
78.8929 26.7916
84.577 23.685
84.9189 23.9237
85.4361 24.2759
85.1865 24.8926
96.4525 26.2399
98.7516 25.3073
89.6914 23.6581
90.1238 23.7787
101.707 24.6985
104.305 23.3295
108.092 24.7439
114.024 23.5966
95.8822 23.0888
96.1351 23.5361
92.9929 26.208
85.9849 24.486
84.6359 24.6409
90.4292 24.3299
89.4271 25.7527
106.243 25.3285
102.409 23.8129
105.17 24.2261
119.232 23.8555
108.851 26.5853
115.081 26.0561
104.943 25.1884
104 23.2184
99.8356 24.5912
102.622 24.411
112.166 24.9005
111.855 24.1322
109.735 24.6249
113.199 24.9982
119.596 22.7002
115.974 25.132
114.291 24.2134
116.282 23.9194
108.701 23.8621
108.888 24.7682
104.808 24.0907
107.131 24.6784
115.974 24.9965
101.409 25.827
113.896 23.8056
113.486 25.2289
114.913 25.7826
112.27 25.6355
90.2697 23.2632
88.1477 22.8304
85.307 24.5828
91.079 25.6638
80.6653 23.7834
87.0191 23.7779
80.4701 26.7775
97.9695 23.1577
88.5945 24.2613
88.7179 24.5965
93.3065 24.1865
87.4512 24.7906
105.429 25.0419
110.453 24.1934
114.855 23.4488
117.132 24.1771
105.823 25.3734
111.871 25.5393
108.54 24.9389
106.736 24.6147
115.05 23.8238
110.926 24.272
115.847 25.4487
118.541 24.5807
125.53 24.4975
115.966 24.8136
106.925 23.1787
104.443 24.3888
101.713 22.5202
102.333 25.7304
103.225 23.904
110.354 25.1047
116.619 22.7238
102.815 24.4629
108.061 23.7543
94.6901 25.6797
101.048 23.6761
106.737 25.5281
106.811 23.7225
107.178 23.0364
106.711 24.1582
115.22 22.3914
102.368 25.7396
106.791 25.1331
102.361 25.274
99.0706 25.2184
98.6129 24.5956
100.461 24.3138
99.1189 24.8515
95.9081 24.5789
91.5037 25.952
89.4707 26.6039
96.189 26.7782
87.8541 25.0752
90.4753 25.5792
91.6351 24.0595
102.94 24.4369
97.1868 22.3036
112.254 22.0401
119.133 25.3476
120.126 23.2464
117.351 23.4726
121.371 25.1816
102.993 25.2619
105.623 26.3854
112.47 21.3305
109.384 24.6669
105.973 25.6348
95.5877 25.6994
95.9127 25.6356
111.868 25.3281
107.682 24.8102
118.11 23.8444
111.87 23.7856
109.908 23.6183
113.592 22.3814
114.459 26.9908
124.943 24.8581
112.661 25.4511
119.373 21.8642
125.531 21.8642
140.24 23.9869
116.198 21.8604
