55.4496 20.6811
55.0764 20.6763
57.5114 19.8485
57.9825 19.6438
57.7224 19.3482
56.5548 19.4138
57.7459 19.3111
57.29 19.2818
57.3708 19.7303
56.2904 20.31
56.8526 19.6883
57.798 19.63
58.0788 19.3317
58.0546 18.8533
60.6395 19.3534
59.9235 19.0239
58.5471 19.7441
58.8216 18.9268
58.4755 19.5235
57.6069 19.552
59.172 18.8167
59.0699 19.0969
57.7692 19.8157
57.3159 19.9229
61.7098 18.7678
59.1157 19.2036
59.3907 19.1421
58.8638 19.2742
59.5666 18.93
58.9384 19.3235
58.3854 19.1
58.7987 19.1751
56.8618 19.7734
55.8401 19.9811
56.1525 19.943
55.2449 20.6252
58.208 19.6977
58.7001 19.9187
58.4972 19.5507
60.6188 18.3492
59.8482 18.7125
58.9921 19.3736
58.7861 19.1325
57.5984 19.6385
59.1063 19.4496
58.9035 19.2138
58.8662 19.1888
58.8842 19.1879
57.0232 19.6702
58.067 19.8208
57.3248 19.5495
57.0618 19.8487
59.2593 19.0838
58.9431 19.2026
57.6374 19.5755
56.5369 20.046
56.5987 20.2461
57.4169 19.5247
57.4575 19.8792
58.7378 19.4445
56.775 20.1299
55.4428 20.8564
55.3606 20.9
55.5937 20.4621
54.9443 19.8803
58.3383 19.9036
57.558 19.9158
57.7628 19.9907
57.618 19.875
58.4169 19.8013
55.9583 20.8175
56.1433 20.2183
57.5373 19.7959
56.783 19.5188
59.2763 19.6741
59.2122 19.2385
58.2766 19.2049
59.0062 19.3724
58.2498 19.5982
57.7294 19.4305
58.5094 19.3612
60.3123 18.8448
58.3793 19.4845
57.9147 19.6552
57.4191 19.8807
58.3 19.5693
58.2064 19.5851
58.2467 19.5667
58.2467 19.857
57.1213 19.9672
58.6443 19.6513
58.6186 19.2105
58.0016 19.5004
58.6168 19.8847
57.9689 20.1103
55.3602 20.48
56.4763 20.4874
56.0793 20.4413
57.1668 19.8081
57.1668 19.8988
56.0683 19.8988
58.2284 19.2767
57.8826 19.8205
57.7705 20.0168
57.7667 19.8318
59.3722 19.5005
59.1409 19.209
58.2742 19.5158
59.4442 19.1383
58.6655 18.9271
58.7708 19.3756
58.2497 19.156
57.9429 19.0021
58.91 19.1583
57.5218 19.3545
61.1443 18.7789
60.4802 19.1732
55.8543 19.8096
56.0934 19.6889
57.6826 19.6889
58.812 19.3812
59.8902 19.38
59.6484 18.7698
61.5738 18.2684
60.3907 18.4129
60.6894 18.3572
60.2105 18.6966
59.9997 18.5393
61.6988 17.8105
61.9937 18.1577
59.0765 19.218
57.6195 18.7204
56.5219 19.9114
57.3951 20.1133
57.9244 19.7262
59.1572 19.173
59.3296 18.9502
59.2809 19.0956
59.351 19.6937
59.0862 19.9329
58.9263 19.6406
58.2131 19.2654
59.1716 18.9815
58.1474 19.338
58.7173 19.4356
56.7962 19.527
54.802 20.4515
57.5459 19.4815
56.9608 19.8861
59.1443 19.6794
59.5367 18.7127
60.2767 18.7127
60.979 19.4255
59.7497 20.0987
57.79 19.6435
56.9395 19.7541
55.6248 20.142
56.6812 20.1733
57.9016 19.6117
56.5022 19.2855
59.5001 19.6344
59.1898 19.5171
60.2967 19.2067
59.5301 19.1257
57.9852 19.4125
60.839 19.2788
60.5881 19.0643
59.9108 19.0858
58.3744 19.2073
58.108 19.5432
57.9704 19.2583
57.6298 19.5437
58.5045 19.5043
59.6246 19.3997
59.2025 19.5261
58.5299 19.2092
61.2076 18.7192
61.6022 18.0191
61.8399 18.1785
60.6607 18.2857
62.0186 18.8016
60.6359 18.4276
61.1028 18.5577
60.1061 18.4791
60.2505 19.0879
59.0506 19.3165
60.0773 19.1845
59.5419 18.697
59.2996 19.2498
59.7216 18.8205
58.0308 19.3424
58.0289 19.4449
59.727 19.1174
61.0671 18.9434
60.6408 18.332
61.2114 18.7553
60.3838 18.9907
59.2437 19.7894
57.7226 19.5607
58.5199 19.5428
59.4327 19.3127
57.2629 19.4074
59.5014 19.5932
60.1048 19.1886
60.5589 18.7727
58.1943 19.58
58.4917 19.5981
58.9999 19.3449
59.6218 19.1664
60.1193 18.6278
59.8546 18.5658
60.5941 19.0719
59.622 19.2927
57.0212 19.5638
57.8405 19.9872
56.9369 19.9483
57.8936 19.4417
60.0079 19.0643
58.8986 19.4221
59.1229 18.6271
60.7956 18.9781
58.9894 18.9557
59.6609 19.0004
58.3894 19.7315
57.8888 19.7731
58.6632 19.114
60.3276 19.0564
59.7677 18.8508
59.9852 18.9279
60.0234 18.9514
58.6155 18.9308
59.1836 18.7885
61.4228 18.4686
61.4228 18.4504
60.7716 19.108
57.5962 19.439
57.8658 19.741
58.4128 19.6901
57.9646 19.4634
57.7517 19.572
57.9756 19.6067
57.4449 19.584
57.5743 19.245
59.2134 19.7906
59.2432 19.3871
57.8546 19.6454
57.4174 19.3707
59.1837 19.1255
57.2302 19.7375
56.4242 20.2439
55.8518 21.2669
54.2848 20.4306
56.1907 20.1533
56.8624 20.2024
58.9418 19.2039
60.2112 18.4498
60.1526 18.7813
59.6566 18.8447
60.4606 18.5834
60.2107 18.8331
61.2714 18.2389
59.9569 18.9659
57.1363 19.439
58.0977 19.5093
57.4636 19.5881
57.4789 19.7279
58.3194 19.4539
59.317 19.1764
61.6577 18.2685
60.482 18.6068
58.1235 18.8509
59.4259 18.728
59.258 19.4626
59.4598 19.4626
57.829 19.4623
57.829 18.9116
58.4107 19.1306
58.3064 19.0875
58.3851 19.3173
58.109 19.3448
58.6735 19.1752
58.2383 19.4302
59.2225 18.956
59.7052 18.3781
59.814 18.8717
59.6892 18.722
59.6611 18.6974
58.4568 19.021
57.8578 19.4895
58.5292 19.3481
60.7291 19.083
61.2175 18.8547
61.5289 18.4275
61.0702 18.5845
60.4803 18.8692
60.8063 18.9872
61.1043 19.1398
62.0861 18.3981
61.3863 18.567
61.4534 18.5204
60.9526 18.5701
60.5076 18.4377
60.7936 18.6797
61.9264 18.5495
59.8845 18.598
59.474 19.6721
61.3844 19.0774
59.7916 18.9025
59.6478 18.8112
58.9387 19.4818
57.0069 19.9655
57.5061 19.6103
59.507 19.0696
58.9933 19.4691
58.9588 19.4512
58.1362 18.9205
59.6625 18.7141
58.5284 19.9124
58.0537 20.1086
58.0706 19.6103
57.7369 19.4068
58.3856 19.6771
57.9063 19.5821
57.4902 19.8149
56.1204 20.0823
57.6636 19.8834
57.6443 19.4992
57.9533 19.4585
57.5508 19.3248
58.7221 19.808
60.3153 19.125
59.4102 19.1946
59.7501 19.0862
57.2169 19.8823
55.9889 20.1724
57.2289 20.0971
58.2116 19.8358
58.012 19.4791
58.3739 18.6456
60.2489 18.4586
60.4199 19.047
60.3284 18.7024
58.7287 18.678
60.5426 19.1755
60.9267 18.925
59.3368 18.9571
60.6296 19.0465
60.1161 19.0424
58.3366 19.3219
59.5312 18.8532
59.8032 19.0463
57.6903 19.2427
60.4085 19.0877
60.0957 18.7754
60.1731 19.17
58.9328 19.3978
59.244 19.3
59.4458 18.7333
59.449 19.2854
58.456 19.4408
59.4533 19.3046
61.1838 18.6122
59.9251 18.3854
60.2756 19.1879
60.2353 18.8854
59.3515 18.9322
60.3851 19.1055
60.3851 18.7949
62.5327 18.3862
61.2909 18.4845
59.8143 18.8938
59.3183 19.2989
59.3417 18.7214
59.2271 19.2734
58.757 18.9707
60.6343 18.2534
59.8434 18.9677
59.7583 19.5076
59.2557 19.2926
57.8499 19.4548
58.6063 19.0021
58.8134 19.0153
60.9902 17.9956
61.295 18.2107
62.1322 17.9407
64.5362 17.9191
62.6662 18.0753
59.356 19.3721
60.6691 18.3478
60.6474 18.8614
60.747 18.611
61.0716 17.9899
61.1245 18.5283
58.965 18.444
60.7298 18.7214
59.4369 19.129
59.4075 18.7213
59.7433 19.4545
59.455 19.3495
58.6857 19.4458
59.3888 19.2132
59.1909 18.9678
58.1088 19.5042
58.9561 19.473
57.9792 20.308
56.5008 20.0575
57.9461 20.2736
55.6212 20.618
57.4278 20.2488
58.7178 19.137
61.3548 18.7584
60.1155 19.0144
60.3838 19.107
59.7908 18.7842
59.441 19.2468
58.7492 19.4623
57.8835 19.6313
58.4427 19.4094
58.0221 19.4365
57.8179 19.2725
58.5031 19.3898
58.2252 19.6255
57.2312 19.7823
58.383 19.4266
58.665 18.7325
59.427 19.0436
59.427 19.2408
57.9019 18.948
60.1226 18.3674
61.6229 18.6774
57.7477 19.4094
59.6314 19.4152
59.7931 18.2675
62.0429 17.9207
57.954 19.1921
56.9438 19.6164
56.6541 19.9355
57.0016 19.8704
57.4978 20.0546
56.7392 19.4881
57.831 19.5899
57.0562 19.8584
57.1528 20.0982
56.0603 20.1303
56.8787 19.9145
57.6864 19.8098
58.6883 19.2725
59.2934 19.6895
57.2168 19.6749
58.703 19.6749
58.6011 19.6603
57.8622 19.5723
58.4062 19.2327
58.6282 19.0565
58.8614 19.646
57.423 19.768
57.401 19.9621
56.8484 20.0869
57.7568 19.4048
57.0057 20.0397
58.2834 19.6634
56.6825 19.9904
59.4598 18.4404
59.9197 19.4652
60.4856 18.8298
61.0251 18.4866
61.4248 18.5156
61.304 18.3823
59.6209 18.6542
60.9583 18.5692
59.514 19.1625
58.7167 18.8307
58.3847 19.742
59.2321 19.2612
59.9024 18.6624
61.0516 18.143
59.0536 19.0988
59.1416 19.6468
57.8369 19.8059
58.0154 19.061
58.8654 19.4455
59.1332 19.7308
59.3712 19.4907
58.0441 19.3222
58.6767 19.1555
58.5074 19.4299
57.9235 19.565
57.6179 19.5754
60.1493 19.4041
59.4279 19.412
59.5267 19.047
59.0397 18.8736
58.2778 19.1522
59.645 19.1835
58.1387 19.1564
59.3652 19.2405
61.986 17.9338
59.5837 19.0697
60.3999 18.6664
60.9339 18.2353
60.9339 18.1584
60.1144 18.5661
60.7598 18.7233
61.1022 18.4545
60.161 19.4067
59.0824 19.3405
57.5337 19.2689
58.7931 19.5117
57.6493 19.7965
56.3892 19.9289
56.2856 19.8768
56.8918 19.7538
57.5094 19.7293
57.6687 19.5802
58.0219 19.4892
58.6594 19.2921
58.9501 19.2429
58.7206 19.2496
58.559 18.9155
59.5289 18.8297
59.5742 19.0167
58.9649 19.3207
58.5359 19.3285
57.0414 19.6889
56.3248 20.0522
55.961 19.7744
56.6637 19.92
57.8319 19.6082
58.0314 18.9903
58.1367 19.9709
58.7567 19.8455
59.0084 19.1792
58.398 19.3116
58.4383 19.5968
57.6262 19.3359
58.872 18.9941
59.3928 19.1711
59.3624 19.3762
60.2697 18.8502
61.2669 18.1147
60.4237 18.8557
58.967 19.8695
57.6086 19.6089
56.3833 20.3819
55.6362 20.457
55.3387 20.3619
57.5772 19.5695
57.901 19.5335
58.364 19.62
57.6629 19.9939
58.3771 19.6315
59.4153 19.421
59.0137 19.4125
56.1961 20.1983
56.1961 20.5427
58.5673 19.8967
59.7206 19.3701
60.2641 18.4708
59.47 18.8733
58.8832 19.0549
58.9063 18.6779
60.7679 18.3576
60.4476 18.2764
59.5414 19.0209
58.7395 19.3856
59.2968 19.2158
57.9731 19.4812
57.7365 19.706
58.4521 19.3664
56.7505 19.818
55.5349 19.8906
56.4927 19.8994
56.3344 20.3301
58.3294 19.8047
55.6713 20.2323
57.0255 19.224
57.9752 18.8731
59.1147 19.6847
57.2591 20.038
58.228 19.3385
58.0197 19.5565
59.1881 19.3627
58.483 19.3127
57.7719 19.7603
57.3509 19.759
58.9294 19.4512
57.6174 19.4225
57.2465 20.0206
58.5771 19.7885
57.5392 19.8306
56.0432 20.3595
58.0229 19.436
57.9422 19.4903
58.7592 19.1457
57.3134 19.1327
59.2707 19.2626
57.5884 19.5803
57.8152 19.482
59.5693 19.0698
59.6624 18.4926
59.3423 18.7479
60.168 19.2637
60.1238 19.0993
60.3915 18.9398
60.8904 18.7928
60.8073 19.0317
59.9342 18.8617
61.252 18.8638
60.1914 18.537
60.9714 18.169
61.2897 18.699
61.2897 18.8732
58.9506 18.7695
59.3724 19.174
57.896 19.2016
59.9202 19.4095
58.3554 19.3444
58.0068 19.3186
57.7767 19.3136
58.5252 19.5218
58.2152 19.5323
57.7645 19.3961
59.4958 19.3036
59.4123 19.2577
58.484 19.8792
59.5053 18.879
58.7841 18.9779
59.986 18.8648
59.2575 18.6192
59.1435 19.0883
57.3143 18.8668
58.1433 19.0641
58.1885 19.26
58.6589 19.1646
58.813 19.6088
57.16 19.2973
57.5778 19.6594
57.7794 19.7456
56.6431 19.7869
59.2881 19.2607
60.1192 19.3174
58.9817 19.3649
54.685 20.0043
57.8428 19.8741
57.0551 19.9819
56.7667 20.3815
58.8041 19.7236
56.5427 19.9562
56.6884 19.827
57.0117 19.925
58.6316 19.5026
58.9021 19.6517
59.9673 19.0264
59.0684 19.2456
58.9531 19.4045
57.4872 19.8804
57.7235 19.9891
57.6638 19.5111
58.3979 19.5027
60.0833 18.5119
61.341 18.2948
58.9301 19.1613
59.5953 19.3057
59.9786 19.0178
58.6036 18.836
56.0074 20.0567
55.7953 19.7499
56.5894 19.7189
59.1445 19.5719
58.7371 19.2863
58.6773 19.374
57.2145 20.267
57.8228 19.6458
59.9815 19.6442
59.7843 18.8612
58.6689 18.9629
59.9746 18.3109
61.607 18.1405
61.5987 18.2421
61.737 18.4647
61.4484 18.3463
60.8533 18.9542
57.0317 19.7158
58.163 19.7188
58.294 19.417
57.709 19.391
57.8136 18.9886
58.3307 19.0073
59.848 18.8201
58.695 19.0518
59.5119 19.0054
58.5925 18.9659
57.9424 19.2249
57.0247 19.8816
58.492 19.1003
60.1271 19.1681
59.9522 19.0798
60.5425 18.3672
60.0654 18.7501
60.4974 18.4222
59.3967 18.4975
60.5994 19.2082
59.8552 19.0625
59.4373 19.1272
58.463 19.1752
58.5635 19.1682
60.5067 18.7586
60.3594 18.885
60.943 18.6452
60.6502 19.0382
59.317 18.9419
58.6922 18.696
59.6328 18.5717
59.6134 19.3962
58.9039 19.2186
59.91 18.7811
58.3356 19.1044
60.4195 18.9888
59.7108 18.9838
60.4339 19.1553
56.7856 20.1203
57.6062 19.8907
57.8964 19.2236
59.104 19.6302
57.5822 19.3578
58.2683 19.5205
57.8908 19.5986
57.7951 19.4996
57.3719 19.3364
58.1908 19.2161
60.5328 18.9146
60.9001 18.1698
60.2781 19.2027
59.5141 19.1755
59.3195 19.3496
59.9498 18.756
58.707 19.3499
59.8658 18.7427
58.197 19.6467
58.5626 19.384
58.9922 18.9497
58.0615 19.1288
59.359 19.2162
59.0857 19.1781
58.445 19.5821
61.1133 18.8184
63.0777 17.706
59.9727 18.9347
60.0813 18.6319
57.582 19.2278
57.6576 19.7784
60.4151 19.4436
58.1872 18.6987
58.728 19.2193
58.9818 19.3914
60.3535 19.1068
59.6348 19.1629
60.5428 19.265
60.104 19.0658
59.3084 19.0546
59.8052 18.6782
62.1464 17.9828
61.0941 18.4433
59.8942 18.9012
60.0443 19.135
58.5345 19.0996
59.7259 18.7949
60.4453 18.2712
57.6008 19.6174
60.5747 18.5222
59.9662 18.9016
58.6819 18.8296
56.2477 19.1687
56.7799 20.0796
57.5449 19.94
58.0519 19.8464
59.4798 18.9994
57.951 19.3717
58.2437 19.453
58.6275 19.3403
57.8749 19.6591
57.6467 19.905
59.0468 19.8946
58.539 19.9005
58.8687 19.3138
59.2197 19.0032
59.0771 19.2036
59.5165 18.7891
58.7733 19.3363
59.2275 19.2912
60.1878 18.3501
60.0605 18.5825
58.4679 19.3027
58.7504 19.0068
58.752 19.4215
55.9277 19.4468
58.4714 18.702
58.206 19.2549
56.0583 19.9633
57.8779 19.1724
56.4182 19.3767
57.4842 19.437
58.2758 19.7048
58.411 19.1637
58.044 19.741
57.9566 19.443
56.8396 20.1043
56.9614 20.153
57.8823 20.3296
56.9237 20.0276
56.7707 19.9123
57.8739 20.1387
58.568 19.0994
58.5013 19.5684
59.3514 18.7605
59.5494 18.7523
58.8332 18.4653
59.6645 18.8032
60.0619 19.0632
59.9357 19.5809
58.6779 18.7139
59.529 18.7681
58.9327 19.1338
60.7637 18.3555
61.3845 18.1013
61.0971 17.9854
60.8362 18.1326
58.6304 18.9973
57.7624 19.643
59.1959 19.7201
58.4143 19.3028
58.0347 18.9009
58.2283 19.1989
58.4947 19.0641
58.9298 19.3093
59.4232 18.9811
59.3315 18.8876
58.8008 19.1012
55.3675 19.8814
57.2242 19.9171
57.7172 19.7715
56.2984 19.495
57.2731 19.4245
59.4483 19.4855
57.6471 18.9489
59.9617 18.9799
60.4724 19.3118
59.711 19.1787
58.2305 19.7323
56.6927 19.857
58.2243 19.5055
58.6238 19.0702
57.9918 19.685
57.5378 19.5431
58.6654 19.1709
61.5449 18.8085
59.6931 18.8348
59.2916 18.984
59.0296 18.3192
60.2532 18.6952
59.3321 19.5968
58.3828 19.4546
60.6022 18.7276
59.1359 19.2169
60.3868 18.6361
59.7452 18.3926
61.6413 18.1559
60.9216 18.2747
61.4329 18.2782
61.7712 18.2045
61.031 19.0789
60.7434 19.2374
60.5821 18.4481
60.8371 18.3546
60.6318 18.4005
59.3134 18.6969
61.3309 18.837
60.8706 18.5317
60.0295 18.6781
59.7024 19.5426
57.2377 19.7508
58.2393 20.0043
57.6541 19.4974
58.9265 19.4495
59.4701 19.4269
59.1462 19.2445
58.9059 18.8883
58.8034 19.1896
59.9637 18.8632
59.1404 19.0399
59.4567 19.0495
60.0885 18.7664
62.1067 18.2371
62.1715 18.5176
59.5922 18.8533
60.9086 18.56
59.7183 18.8006
58.1244 19.8866
56.7896 19.7528
57.2656 19.8688
56.3884 20.1952
57.8646 20.0388
58.3187 20.3171
58.1364 19.1293
58.6809 19.4995
57.9239 19.7206
58.9658 19.1811
55.7453 20.1457
57.4913 19.5849
56.5191 20.1721
59.0769 19.0288
57.7361 19.1124
56.688 20.0626
55.1236 20.7593
55.6507 20.7327
56.7608 20.3038
56.2545 19.9156
57.9758 19.7893
58.8059 19.1084
60.4999 18.4027
60.5484 18.0057
58.8394 19.0241
59.2222 19.6597
58.045 19.9708
58.6217 19.8045
59.0936 19.6912
59.6695 19.5138
57.4037 19.5164
57.4507 19.9351
56.665 20.3615
59.0627 19.119
59.0203 19.051
60.411 18.708
60.548 18.5243
61.3195 18.2768
59.527 18.3434
61.7303 18.5534
58.8048 19.4297
58.5228 19.5034
59.179 19.7516
58.686 19.0641
58.6411 18.841
57.977 18.841
58.141 19.0858
58.9761 18.6742
59.3974 18.9639
60.5272 18.9396
58.3514 19.4743
58.2062 19.2685
58.1654 19.6994
58.117 19.6575
58.6908 19.7443
56.8802 19.6379
57.3345 19.6591
56.9175 20.2227
57.1214 19.9402
58.0401 20.0212
57.3987 19.5011
56.004 19.7544
55.8049 19.7544
54.5501 20.2072
56.5824 20.3146
59.9965 19.1053
59.397 19.4643
60.5184 19.098
61.4228 18.6605
60.282 18.5577
59.9412 18.4426
60.3964 18.3176
59.5644 18.5751
59.4653 18.7821
58.8786 19.1857
60.4099 18.7171
60.4456 18.4085
57.9999 19.4972
58.4196 19.4807
57.8612 19.7741
57.9951 19.1117
59.0924 18.8706
59.1885 18.8654
58.4408 18.93
57.1602 20.5441
59.4877 19.1205
57.5242 19.3918
59.0616 19.5075
59.0748 19.6389
57.9349 19.4523
60.2336 18.9712
60.4803 18.5967
60.8837 18.6035
59.1141 18.9649
59.2703 18.994
58.2921 18.6581
60.2059 18.5939
61.7073 18.1441
59.1597 19.1294
59.3403 19.4029
57.7076 19.4073
58.8439 19.3688
58.4486 19.5327
58.8529 19.2945
60.018 18.9719
60.2122 19.3464
61.0236 18.596
59.5096 19.1424
59.2128 19.3921
57.2421 19.8637
57.708 19.8637
56.7149 19.6661
60.4839 19.3252
57.88 19.2544
57.9792 19.1895
58.7961 19.1654
58.983 19.0863
56.7735 19.746
56.6738 20.179
56.4554 20.7273
56.9334 20.1053
59.7229 18.7998
60.9705 18.4471
58.8683 19.399
61.1587 18.3997
59.4201 18.8928
60.9142 18.5439
60.2383 18.8359
60.3444 18.5203
59.0767 18.9526
56.46 19.6308
56.8492 19.936
58.463 19.7278
58.1895 19.4069
59.1792 18.6602
61.256 18.9047
59.2254 19.2752
58.8647 19.359
57.6802 19.4515
56.0745 19.7926
57.2119 20.0179
56.2102 20.1273
56.1466 20.3146
56.1533 19.8728
56.2257 20.4386
57.6089 19.5617
58.5784 19.5421
59.9895 18.6042
62.0961 17.9084
59.4529 19.0568
58.0187 19.7229
57.2511 19.3249
57.2944 19.6434
58.339 19.7676
60.1841 18.6542
58.9055 19.486
59.0267 19.2188
58.852 19.1659
58.7493 18.922
57.8733 19.1038
57.8225 19.2962
58.9157 19.3619
60.6023 19.2319
57.1531 19.9247
57.2353 19.8132
56.4001 19.8117
56.8265 19.9782
58.1107 19.5201
58.0479 19.7189
57.9519 19.2289
58.7544 18.9651
58.6329 19.317
59.1191 19.0088
58.5682 18.9254
59.0865 18.8607
58.944 19.5732
58.6801 19.7357
58.6801 19.1854
59.1163 19.5167
59.5938 19.0568
57.3544 19.4036
57.5215 20.2884
57.697 19.703
57.1499 19.4993
56.6641 19.7414
56.0287 20.2302
55.6332 19.9748
56.1609 20.105
57.1906 19.6453
56.7978 19.5124
60.3934 19.0888
61.0646 18.7937
59.9355 18.5926
59.2338 19.0881
61.5246 18.2986
60.8656 18.3404
62.6828 18.1002
59.5554 19.3408
59.9666 18.8151
59.3626 19.2187
60.267 18.8856
61.0521 18.9276
59.4181 19.0254
58.0569 19.0478
60.0958 19.047
58.477 19.0324
57.6715 19.3231
59.7348 18.6318
61.4003 19.1315
58.5113 19.3867
60.6394 18.6319
60.4589 18.578
60.0628 18.5663
62.2893 18.386
59.1224 19.2896
60.0276 18.354
59.7922 19.2078
60.0945 18.9432
58.038 19.2465
58.8673 19.3697
58.5346 19.5821
56.9559 19.5954
57.2999 19.3792
57.454 19.2841
57.6215 19.2742
57.8543 19.4561
59.0443 19.299
60.4118 18.672
59.8714 19.1335
59.5677 19.0171
56.7193 19.469
57.7056 19.3879
56.2704 20.0847
58.5618 19.9524
57.4701 19.7464
59.3428 19.391
58.6466 19.4255
60.6425 18.8563
60.5239 18.8734
59.7119 18.839
59.2487 19.167
61.1918 18.1938
61.3147 18.1938
60.3388 18.7891
59.2202 19.5397
57.6845 19.5178
58.1334 18.7442
61.1899 18.8072
60.8221 18.0915
61.6559 18.4315
58.7294 19.5611
59.3607 18.7668
58.8841 18.4974
59.5276 18.514
59.7304 19.1168
57.8791 19.7268
56.8847 20.1094
57.6052 19.3864
56.5967 20.295
56.2818 20.6065
56.6553 20.5908
57.7415 20.0618
58.2352 19.4353
57.1955 20.3283
57.1644 19.7397
59.0314 18.8639
60.2262 18.8784
59.9264 19.091
59.943 18.8877
61.5703 18.0372
62.1462 18.1116
60.2891 18.3161
61.3455 18.3915
61.0071 18.397
61.0588 18.2792
59.7226 18.7144
60.5702 18.6282
58.5606 18.8161
58.8211 18.9567
59.694 19.0371
57.9594 19.4257
59.2796 19.2638
58.6122 19.8576
59.0638 19.4151
58.3145 19.4908
59.8819 18.8109
60.7935 19.2331
59.5193 19.2104
59.5104 19.1245
59.7918 18.895
59.7415 18.8313
59.8351 18.5115
59.7472 18.6124
60.4319 18.8592
60.5311 18.5625
60.1663 18.5838
60.616 18.7146
60.7659 18.4255
60.7609 18.4889
61.1569 18.5067
59.218 18.5243
59.9976 18.7821
60.1365 19.1049
60.0441 19.0435
60.5643 18.7863
60.6026 18.3543
59.9541 18.8595
58.9452 19.4452
58.9452 18.8648
59.5845 18.8594
59.5286 18.9371
59.0729 19.1748
62.7336 18.2935
61.4574 18.4815
61.0165 18.7575
58.3016 19.4183
57.6018 19.2292
58.7156 19.3666
57.749 19.2684
57.8065 19.4263
58.0001 19.5557
58.6098 19.4342
58.0567 19.3091
58.2097 19.4345
57.3687 19.2503
56.0598 19.7379
57.2726 20.1416
57.0141 20.2731
55.4213 20.4506
56.7701 20.0788
56.3264 20.6168
57.7177 19.8885
57.3012 20.0852
59.5979 19.4964
59.3583 18.551
59.2924 19.0643
57.7222 19.8127
59.5943 19.1277
58.4522 19.1184
58.7028 19.059
59.2919 18.9459
58.2772 19.998
58.642 19.5244
59.4147 19.5583
60.3068 18.3124
59.3532 18.8709
58.5436 19.3997
58.8787 19.8401
57.8782 19.2464
59.86 19.0024
59.464 19.1504
58.6587 19.5992
60.8008 19.1185
60.9797 18.4848
60.3724 18.123
60.2642 18.1496
59.7135 18.1496
61.3363 17.8723
64.1246 17.7593
62.045 18.5388
62.1622 18.063
60.2788 18.3412
60.9118 18.2823
60.7938 18.1896
61.8912 17.7715
59.6497 18.8997
61.2132 18.3791
60.2025 18.747
59.6833 18.781
59.8139 18.7933
58.465 19.5491
58.4147 18.9776
59.4438 19.16
57.1429 19.1851
57.8303 19.5259
56.8351 20.1223
57.678 19.0842
58.4705 19.0842
58.5114 18.9282
58.8189 19.2339
58.5361 19.6031
59.3879 19.4264
59.0224 19.2039
57.8844 19.9423
56.6605 19.5993
58.1437 19.5434
56.8811 20.3372
57.9062 19.3185
59.1751 18.9843
59.2629 19.4442
59.924 18.7417
59.0836 19.1626
59.0966 19.4822
59.0678 18.8347
58.9632 19.3245
58.835 19.1591
59.1684 19.3153
57.2001 19.4682
57.1869 20.2226
58.0524 19.5657
58.7379 19.7799
58.821 19.3438
58.0993 19.677
58.2321 19.1301
57.5545 20.0462
58.9227 19.7432
59.1784 19.3212
58.8989 19.2659
59.3656 19.3325
61.3546 18.4781
59.6404 18.4707
59.0203 19.3051
57.2688 19.5593
57.7889 19.7584
58.2782 20.5444
58.2543 19.7573
56.9181 19.8184
57.4286 19.5159
58.3395 19.5953
59.1737 18.8337
59.3918 18.8653
61.3157 18.4158
57.7655 19.0258
59.3109 18.9413
60.1548 18.6239
59.4263 18.8064
60.0509 18.7644
59.4168 18.7082
59.7695 18.9735
59.3254 19.2315
60.6585 18.7873
61.5086 18.1367
61.606 17.8958
61.7552 17.5553
61.2735 18.0664
60.4128 18.1904
59.83 18.8049
59.4739 19.1494
58.6231 19.3081
58.1348 19.1558
59.0483 18.2613
60.0151 18.7137
59.9816 18.8658
59.3712 18.5059
58.6494 19.0363
57.0035 19.6584
57.6415 19.6536
58.4101 19.4262
56.3851 20.4664
56.5814 19.9237
60.7503 18.6662
61.7627 18.9097
60.2259 18.3245
59.7566 18.9859
58.3322 20.1002
57.3245 19.5667
59.7662 18.9879
59.1292 19.5095
59.2551 19.5706
59.6449 19.2345
59.8751 19.4167
60.4046 19.0364
60.6308 18.7329
60.4041 18.8879
59.7813 18.9284
59.8223 18.7187
59.8223 18.7243
59.9239 18.6669
60.8654 18.7248
59.9052 18.9829
58.9099 18.8327
59.0763 18.9949
58.2659 19.3189
59.3281 19.4426
58.6256 19.173
60.0093 19.0592
59.5184 19.3444
59.6098 19.5551
58.0737 19.8419
57.6797 20.069
58.4178 19.6267
58.4092 20.0444
56.5863 20.0638
58.2178 19.7212
58.4597 19.6221
57.3203 19.2993
55.6733 20.1836
57.4038 20.1811
58.4141 19.722
56.1476 20.3206
59.5437 19.0887
58.6564 19.2384
60.002 18.8105
58.0748 18.9142
59.0488 18.8175
59.1565 18.6066
60.4311 18.8416
57.9348 19.75
58.3328 19.1166
58.6912 19.4746
59.0655 19.0763
59.4276 18.8175
58.2951 20.1015
57.3488 19.4324
59.9425 19.5652
59.4255 18.7931
60.1221 18.7279
60.1808 18.9457
60.5473 18.8236
58.4126 19.1782
59.4368 18.8893
61.3752 18.1051
62.3993 18.1178
61.0242 18.6977
60.3261 18.5862
60.6565 18.5795
59.1192 19.0268
61.769 18.4238
62.021 18.6425
61.6223 18.4862
60.3993 18.4348
61.7065 18.1837
61.2092 18.7175
60.6901 19.6041
60.6971 18.4438
60.3435 18.8291
60.6456 19.0276
60.6105 18.6943
59.7794 19.3946
59.7498 19.0362
59.1497 19.0563
58.7323 18.7901
60.7559 18.566
61.979 18.6348
59.4055 18.6753
60.0581 19.1325
58.3193 19.7897
58.0907 19.3683
58.832 18.9876
56.7888 19.8209
57.8424 19.0313
59.5101 19.0791
57.8467 19.4915
58.369 19.2156
59.5989 19.0071
58.9678 19.3734
59.6023 19.1593
58.6919 19.3763
58.4264 19.2886
58.7222 19.2181
59.1265 19.1628
61.2825 18.3598
60.1527 18.4557
60.9379 18.9727
60.4169 18.7582
59.1705 19.2223
58.8041 18.9587
59.242 18.8534
59.7307 18.9469
58.1535 19.2021
56.91 19.9147
57.6509 19.6692
57.9973 19.6892
58.1633 19.8947
57.8169 19.7096
57.6558 19.1126
58.3649 19.7307
59.1465 19.5978
59.8759 18.5819
58.9685 18.99
59.6417 19.2352
60.0274 19.3517
59.7628 18.6314
60.381 18.8497
58.7366 19.4421
59.8112 18.7313
59.2922 19.4588
59.1926 19.2869
57.6953 19.8991
59.2511 19.3797
59.5998 18.6805
57.5873 19.5004
58.5575 20.092
57.6365 19.6085
58.1414 19.3589
58.8218 19.2653
56.9577 19.3665
58.3454 19.545
57.8355 19.7384
58.369 19.6311
58.791 19.1712
58.6161 19.4739
57.6018 19.8304
57.6906 19.6745
57.3258 19.7121
57.2042 20.1183
57.824 19.7468
59.7073 18.9647
59.1918 19.7282
57.9803 19.589
59.142 19.5629
59.3 19.7201
59.0356 19.4474
60.3892 18.285
57.5596 19.2608
58.4148 19.6409
58.8929 19.2129
59.3415 19.1014
59.3252 18.7684
57.5778 19.0111
59.745 19.0577
59.1334 19.1243
59.4267 19.582
60.805 18.6739
60.5744 18.563
59.8373 18.8748
59.6779 18.9089
59.1899 19.526
58.7362 19.0134
59.6896 19.4443
60.1807 18.8404
60.8291 18.7486
59.0498 18.9103
59.2275 19.6872
58.1267 19.5875
57.784 19.5231
57.5135 19.2245
59.2229 18.9993
60.3194 18.9388
60.8407 18.1641
59.4908 18.9451
58.4836 19.605
57.9722 19.5369
57.2872 19.9882
57.666 19.6291
57.666 19.6132
58.5512 19.3043
57.051 19.5987
56.6078 20.2026
55.5373 20.5308
60.907 18.7243
60.3543 18.7755
58.0972 19.4525
58.3746 19.3395
56.8994 19.4888
56.5114 20.0798
57.9362 19.9626
57.1205 19.9375
56.4427 20.2428
56.0606 20.3646
58.5837 19.9582
56.684 20.1433
56.1984 19.5176
57.246 19.8935
56.1129 19.9998
57.8743 19.9691
55.7044 20.2053
56.7781 20.3163
57.9017 20.4882
58.9227 19.1559
57.5514 19.0183
57.0807 20.0015
57.4848 19.3035
59.1461 19.863
59.4171 19.2848
56.7647 19.3238
52.7176 20.9558
60.8491 18.6862
60.7885 18.6489
61.3045 18.5737
59.5361 18.8333
58.4781 19.4836
57.4993 19.4465
57.4916 19.3008
59.1506 18.7997
60.1798 19.0652
59.0908 19.4429
59.1673 19.0724
58.7018 19.5367
59.4971 19.2155
56.2911 20.2114
59.0866 19.2333
56.8513 19.332
60.0786 18.9334
59.7736 19.3178
57.0041 20.2468
59.6343 19.1453
58.3327 19.8153
58.5465 19.6022
58.8949 19.0257
59.2503 19.1882
58.1815 19.2675
57.3584 20.0654
56.7879 19.2827
58.2784 19.4956
58.0397 19.4906
61.6311 18.3263
62.2356 18.5019
61.1777 18.426
58.6074 19.3927
57.3488 19.306
59.8823 18.8493
61.4738 17.8164
58.926 18.9702
58.8958 19.0343
60.6528 18.7526
60.5925 19.0378
60.5861 18.2086
60.7345 18.7237
60.5495 18.9611
61.0089 18.3475
60.5762 18.2579
60.8677 18.744
62.0067 17.8719
61.3805 17.7089
60.4471 17.7385
59.9418 18.8959
59.4228 19.2575
57.9437 19.5903
56.6108 19.9231
56.6477 20.1351
56.7185 20.1532
55.3139 20.6565
55.8636 20.31
58.0859 19.8515
56.6757 20.4769
56.4193 20.5997
57.5869 20.2967
57.4963 19.7536
56.9651 19.5196
56.7152 20.0431
57.6721 19.7468
59.8618 18.724
59.6493 19.0748
59.5948 19.447
59.5566 18.996
59.1387 18.8984
59.6369 18.6654
60.9468 18.8502
60.4168 19.3516
56.9529 19.8524
58.8583 19.5736
58.733 19.1256
59.1861 19.5302
58.2458 20.0227
57.0646 20.1756
58.2538 19.8276
57.5515 19.7105
57.3025 19.9067
56.727 19.7317
57.7986 19.8034
58.6356 19.0901
59.2355 18.8506
60.3726 18.8646
58.2269 19.123
58.077 19.6332
56.4187 19.9702
59.0073 19.8558
58.5913 19.934
56.8124 19.8752
57.3985 19.7136
56.8647 19.8868
57.5152 19.878
58.7768 19.9108
59.3901 19.3416
61.5472 18.1302
59.5457 18.5449
59.9214 18.5449
59.8842 18.3617
59.5203 19.1915
59.2139 19.0293
58.6822 18.83
59.2621 18.6342
59.5648 18.6819
59.2312 18.7652
59.0741 19.8785
58.1198 19.7094
58.4364 19.2201
59.0839 18.706
61.8818 17.9839
59.9155 18.9364
59.4301 19.2594
59.602 18.9599
58.5611 19.7324
57.5017 19.8991
58.4306 19.4547
58.3842 19.7721
56.3176 20.7257
56.1681 20.0697
56.7744 19.7238
58.6196 19.9046
57.439 20.0774
57.2443 19.8694
56.2268 19.9739
55.7644 20.1793
56.2241 19.8811
56.527 19.872
56.9422 19.718
57.2446 19.2914
58.4966 18.8553
58.6384 19.3519
58.1687 19.4711
58.1246 19.291
57.9937 19.2284
60.209 18.5454
58.7908 18.3946
57.7662 19.3347
58.7035 18.8679
58.5669 18.8105
56.9635 19.621
58.5616 19.2441
57.9069 19.0649
58.286 19.6428
54.6363 20.2481
56.6154 19.8279
57.8038 20.0147
56.9828 20.3363
57.3749 19.7148
57.6531 19.4173
57.5329 19.1762
57.548 19.6025
57.9429 20.1397
57.0674 20.0571
58.5853 19.4302
60.8627 18.4981
60.9637 18.5877
60.8607 18.7979
61.6885 18.7907
61.6885 18.1307
62.2456 17.9969
61.249 18.8694
61.416 18.2894
60.9915 18.5633
59.6657 18.9668
57.7132 19.3553
56.8394 20.1062
58.2029 19.788
59.4343 18.9095
60.2871 19.4462
59.9231 19.0954
59.4103 19.2962
58.2242 19.4261
57.5755 19.4986
56.7509 20.1142
55.7878 20.8279
55.6635 20.0046
55.7189 19.9896
58.8965 19.6103
58.0187 19.5292
59.8323 19.0671
61.1153 18.1655
60.1888 19.5228
60.7287 18.7154
59.2531 19.0707
59.3063 18.8123
61.7949 18.4323
59.8772 18.4251
59.5188 18.9522
59.5476 18.857
58.8665 19.6532
57.59 19.6163
57.73 20.0665
57.2671 19.7653
57.5235 19.9391
57.4131 19.8472
56.5815 20.1152
58.2317 19.7152
58.9707 19.3157
60.4923 18.2537
59.643 18.9796
58.7103 18.9127
59.2209 18.9458
58.3938 19.114
58.8879 18.8492
58.76 18.6901
59.0462 19.644
58.5828 19.1307
59.4934 18.9965
58.1111 19.0181
58.1919 19.0492
59.0995 19.6238
60.0103 19.4117
58.0772 19.6318
56.2462 19.9716
58.5211 19.3269
59.2156 18.9308
60.5344 18.4915
57.9009 19.587
59.0369 19.5063
60.8927 18.4483
59.1592 18.9862
58.5857 19.0805
59.7261 18.5712
60.5731 18.5461
59.9049 18.7842
60.3234 18.7292
59.7591 19.1965
57.1213 19.6049
57.7577 19.7668
59.809 18.7905
59.3411 19.2689
59.3165 18.7757
59.9612 18.5333
60.7801 18.9645
61.5939 18.5796
59.649 19.7592
58.8232 19.1784
57.7697 19.757
59.7197 19.4791
58.4193 19.4532
57.531 18.9744
59.4968 19.0639
59.7014 19.0628
60.5283 18.7263
59.0404 18.9813
60.044 19.1064
58.3364 19.1744
56.871 19.7084
57.4891 19.7938
57.2159 19.7938
57.0961 19.9306
55.7553 20.4091
57.6598 19.3479
59.2382 18.8083
59.7008 18.8808
59.7008 18.8197
59.273 19.1845
59.2425 19.0344
59.9399 19.1445
60.7696 18.2936
60.8041 18.5185
60.0323 19.0387
60.112 19.0594
62.2427 18.0574
61.5314 18.4664
61.7339 18.0579
60.5909 18.4627
60.5862 18.1486
59.1906 18.9659
58.9829 18.8526
60.9212 18.8268
60.18 19.2085
60.1686 18.963
60.2324 19.1471
60.1749 19.2063
60.1528 18.6648
59.8332 19.1101
59.4587 18.873
59.3944 19.0023
59.1004 19.1098
59.3947 18.596
60.2926 19.1616
61.4739 18.5659
58.7702 19.6926
58.8306 18.9808
57.4213 19.5195
58.1695 19.8281
57.8613 19.6796
56.5089 19.8984
59.6251 19.2571
57.9306 19.4027
59.2471 19.0809
60.5556 18.6722
60.3006 19.1402
59.8085 18.7818
59.8085 19.1733
57.5235 19.3593
56.0029 19.945
59.3443 19.0254
58.0403 19.3949
58.5042 19.1314
58.9809 18.8216
55.3058 20.1873
56.4523 20.3693
57.3709 19.8319
57.5849 19.7229
58.8603 19.7952
56.6396 19.8024
57.5031 19.8369
57.0723 19.2916
59.2684 19.7221
58.3 19.4494
57.722 19.1834
59.1102 19.1689
58.0331 19.7653
59.1903 20.0236
56.0599 20.104
59.2737 19.0744
58.9619 19.1715
59.7723 19.2965
60.4038 18.667
61.0468 18.5919
61.1859 18.565
61.393 18.4622
60.3177 18.7245
59.207 19.3992
59.7878 19.0541
59.097 18.9156
58.9842 19.4086
59.9631 19.3387
59.2444 19.2586
59.7836 19.325
58.2827 19.7303
58.875 19.3515
60.2309 18.996
59.372 18.8949
58.6775 20.072
58.6419 19.5931
58.3021 19.6109
59.1237 19.4944
57.6221 20.0537
59.4265 19.2284
57.6191 19.3663
58.0907 19.5728
58.9929 19.4104
60.0247 18.9979
59.6356 19.1051
59.9116 18.8184
57.2943 19.8756
57.4243 20.0314
58.3506 19.7343
57.8045 19.6539
58.5635 19.1356
59.944 18.6431
58.8824 19.3312
58.3484 19.4866
57.4658 19.8091
58.8432 20.1167
58.7303 19.5779
59.1808 19.7215
57.3306 19.7497
57.762 19.8171
57.8394 19.0331
58.005 19.5332
59.1041 19.4154
56.612 20.086
60.9928 18.2065
59.716 18.7958
57.7541 19.4504
57.7652 19.1267
59.5007 19.075
59.1278 19.2167
60.5035 18.9199
60.0856 18.7522
60.3671 19.5356
55.9816 20.1398
58.0893 20.134
56.3226 20.1887
57.4881 19.4655
57.9807 19.3956
58.7937 19.6252
59.5639 18.9959
59.2552 19.4809
60.2079 18.3797
60.46 18.9154
56.9311 19.7021
57.9237 19.2567
60.2452 19.6293
58.4529 19.6513
58.6398 19.8616
58.532 19.8616
59.5078 19.312
58.7663 18.9773
59.1152 19.036
59.2211 18.689
60.3896 18.9325
61.5303 18.6248
59.2618 19.2332
57.2615 20.2206
56.1512 20.221
58.8089 19.4964
57.9578 19.6914
59.2974 20.4231
60.5903 19.3082
60.2508 18.9007
58.1369 19.5774
59.4846 19.7633
59.1687 19.5424
58.384 19.7165
58.2744 19.7288
58.9117 19.7844
58.6619 19.4353
57.8005 19.4846
58.7925 19.6943
60.4043 19.4512
61.2651 18.6863
61.7711 18.0128
61.4282 18.5161
62.326 18.558
60.3096 19.2844
56.1868 20.0881
53.9598 20.0782
55.8848 19.9578
58.0843 19.7668
58.3698 19.3009
55.7147 20.3922
57.0584 19.4603
58.7385 19.3978
59.3198 19.5819
58.7176 19.9793
60.2173 19.0462
60.2204 19.3359
58.663 19.5622
56.7629 20.0032
58.8158 19.8317
60.3663 18.2653
61.4782 18.628
59.3328 18.7523
58.5977 18.9911
58.9752 19.5416
57.4035 19.7338
56.0784 19.8117
58.9693 19.4892
58.3796 19.4061
59.8266 19.4218
56.6579 19.9626
57.1068 19.7913
58.0138 19.1173
57.2389 20.2524
60.178 19.2284
59.5456 19.5566
58.3791 19.825
58.5614 19.7014
58.817 20.0101
57.7254 20.3283
57.2659 19.5239
60.4588 18.655
58.5217 18.9294
59.8341 18.8524
59.8341 18.7665
60.3033 18.9483
57.9229 18.9483
59.6651 18.8681
60.7474 18.6125
61.5256 18.5879
61.8249 18.6782
60.5949 18.9702
60.2568 18.5762
59.3472 19.2662
58.6164 19.6751
58.3135 18.5569
60.1995 18.9232
59.6648 18.9994
61.043 18.7916
57.5612 18.7841
58.2743 19.317
56.6315 19.3383
57.4243 19.6545
57.3367 19.8833
58.1989 18.973
58.1721 19.0545
58.7553 19.5198
57.9059 19.8065
58.0538 19.4382
59.0452 19.1883
59.2279 19.3699
57.2963 19.7139
58.5819 19.8568
58.7309 19.2675
57.1304 20.0824
55.9881 20.233
56.8195 20.233
57.0493 20.3359
56.6212 20.5932
57.1603 19.5898
58.9478 19.0726
58.3434 19.1457
56.1953 20.3295
56.9018 19.3697
55.9458 20.1375
56.7905 19.7707
60.22 19.2154
59.3292 18.6801
61.197 18.625
59.3346 18.9037
58.5361 18.945
58.8612 18.2386
58.4056 19.3901
57.8061 19.225
56.7289 19.7101
58.4362 19.8655
58.4112 19.7267
58.0882 19.6018
56.8164 20.0157
59.8788 18.7791
59.0637 18.8789
58.1178 18.7766
57.0845 19.4101
59.4822 19.2825
58.6592 19.6127
59.1041 18.3791
56.9614 19.9278
57.0185 20.3089
55.4627 20.5262
57.738 19.8597
56.8287 19.9342
58.8927 19.523
58.8952 19.8758
57.9889 19.7127
59.9732 19.5332
58.549 19.5944
59.6285 18.737
60.6331 19.1375
60.4019 18.8367
59.206 19.2235
58.6922 18.8776
58.5978 19.2928
57.9291 19.2981
57.154 19.9789
56.2558 19.9731
56.0833 19.8416
57.5331 19.0262
60.2952 18.9384
58.996 19.093
57.5025 20.0318
57.0805 20.0456
55.855 20.3563
54.547 19.9659
56.8371 20.1632
57.9047 19.9162
57.1639 20.1764
58.0314 20.0747
57.6219 19.92
57.7877 19.4936
58.1306 19.9704
59.1109 19.7227
59.8276 18.4857
61.5201 18.8397
58.4284 19.4998
59.0163 19.5459
60.1205 19.2076
60.6977 18.5635
61.0786 18.4057
57.7695 19.2098
58.9045 18.8075
59.5938 18.9391
59.9618 18.8177
60.3428 18.9716
59.7755 18.2874
59.6213 19.2511
60.7034 18.6597
58.7901 19.3532
60.5727 18.5127
60.9469 18.3154
59.4563 18.564
57.832 19.0652
58.8172 19.3951
58.5934 19.313
58.4414 19.4446
60.9446 18.4441
62.2947 18.2687
61.7067 18.7571
60.7443 18.7764
59.4416 18.5747
59.2981 18.7845
60.8001 18.2883
61.1024 18.2534
61.2923 18.2537
60.5209 18.61
58.8699 19.1559
58.95 19.2211
55.4012 19.853
56.08 20.2001
56.6329 19.6075
58.6388 19.4133
58.9039 19.3386
56.4252 19.2593
59.9765 18.6745
59.5096 19.1022
58.0375 18.9641
58.7158 19.2185
59.2768 19.0056
59.0031 19.3302
57.6325 19.208
60.0016 19.1869
60.1612 18.8596
59.2158 19.042
59.0834 19.1608
58.7117 19.9126
56.6917 19.9695
55.9955 20.2025
57.0083 20.0024
56.4495 19.6773
57.4087 19.1402
58.8456 19.5769
60.5582 19.0466
58.6128 19.1737
57.8184 19.8119
57.3299 19.8435
58.549 19.3816
60.0562 18.6233
58.6899 18.7311
58.4188 19.0068
59.383 18.749
58.6232 18.6567
58.2661 19.3922
62.1878 18.6334
57.8697 18.8689
59.5092 18.8664
59.6066 19.0079
59.2665 19.1543
59.6356 18.8538
61.5942 18.8324
61.6567 18.1524
59.8184 18.5074
59.0982 18.2831
59.7617 18.7422
61.6086 18.849
60.6119 18.9091
60.6109 18.6232
62.7553 18.2036
62.1915 18.199
60.0837 19.1335
61.0321 18.0888
63.5914 17.7721
61.1008 18.1472
58.8854 19.4365
59.1093 19.4582
59.7194 18.9161
59.4315 19.2881
59.2798 19.3724
59.4372 19.4879
57.4047 19.6034
57.2992 20.4343
57.0032 20.0067
57.4773 19.5332
59.1036 19.534
58.7134 18.8825
62.2933 17.9111
60.7527 19.1029
60.6626 18.3064
61.9677 18.2346
60.3182 18.1646
61.8389 18.6449
60.1578 18.631
60.7533 18.7945
60.2896 18.678
60.2191 18.5012
60.3267 18.4608
60.0346 18.7376
60.6515 18.5631
59.5846 18.9253
57.9942 19.435
58.4507 19.1361
61.4183 18.6787
60.0917 18.5444
59.7194 19.0345
58.6635 18.7471
58.2837 19.3303
59.5955 19.0573
58.2025 19.7602
57.3765 20.1054
57.3192 19.9714
57.1547 19.7162
55.4958 20.4291
55.4958 20.4291
54.9915 20.4025
55.6361 20.7039
56.5713 20.3077
55.8374 20.7394
56.8765 19.9384
58.093 19.8484
58.3174 19.7768
57.5453 19.7434
57.1197 19.4448
57.4246 19.6992
56.3252 19.8146
56.5383 20.0051
58.3451 20.0029
58.8352 19.3541
59.4786 18.5444
59.7118 18.6325
60.3066 18.1921
59.738 18.9973
58.6185 18.8814
59.1591 18.8894
60.423 18.8006
59.1047 18.7817
60.4794 18.8004
60.5351 18.8303
60.3606 18.6714
59.3208 18.8091
60.0925 18.9033
61.225 18.2927
57.3325 19.5728
58.4987 19.934
58.0406 19.8039
57.4268 19.5919
54.9019 20.2816
55.9193 19.5163
58.1262 19.3362
57.3106 19.4652
58.3838 19.1969
58.9368 19.3603
58.5695 19.335
57.6609 19.6332
56.9732 19.5284
58.4865 19.5871
59.875 18.8147
58.8582 19.9142
57.8531 19.8527
57.8995 20.0401
58.1026 19.393
58.958 18.73
57.4057 19.402
59.1864 19.3836
57.854 19.3709
58.6491 19.426
58.9023 19.3916
57.3496 19.3554
58.217 19.2644
59.0176 19.1604
61.0886 18.6352
58.4033 19.3397
59.3378 18.9154
60.7902 18.7448
59.4657 19.1513
58.3449 19.3567
59.0238 19.6525
58.789 18.9624
59.8944 18.93
62.6686 17.8177
58.1712 19.727
58.924 19.4781
58.3533 19.3635
62.6547 18.7559
58.8727 18.831
61.0006 18.462
58.5003 19.0635
58.8131 18.8202
58.7387 19.7079
59.5755 19.4827
59.2248 19.064
58.1631 19.2398
57.7935 19.4535
57.6303 20.0788
57.505 19.7804
57.2093 19.9929
57.7305 19.8126
58.3885 19.6705
58.5699 19.5825
58.1757 19.8862
57.4926 19.5756
55.4659 19.8462
57.327 19.9883
57.8758 20.069
57.0654 19.8828
57.9823 19.9157
57.8534 20.0259
58.6072 19.6113
59.1427 19.5111
57.3874 19.4496
60.0194 19.3339
58.6382 19.3031
58.5189 19.6176
58.1334 19.3417
60.2595 18.4932
59.8807 18.5595
58.7737 19.118
59.5553 18.8024
59.4294 18.6873
60.3811 18.1531
60.9169 19.1378
58.7214 18.9486
56.0007 19.9479
59.1819 19.6581
58.9067 19.0306
57.7119 19.6329
57.0443 19.5829
59.112 19.7407
57.7783 19.5288
58.3853 19.7149
58.8279 19.3996
57.3683 19.5658
56.9582 19.1542
58.3279 19.4544
59.8224 18.6841
59.5447 18.9776
59.7486 19.052
60.5707 18.8312
59.8745 18.9008
57.8101 19.3441
58.2062 19.3446
58.2218 19.022
59.2208 18.9841
60.2645 18.8477
60.5378 18.5805
61.1822 18.5155
61.2297 18.3682
59.0579 18.8688
59.0579 18.7122
60.388 18.909
60.388 19.5741
58.7235 19.582
59.5496 19.5438
61.2765 18.6643
60.5573 18.9508
60.8973 19.0844
60.835 18.7436
59.8035 18.6014
58.6521 19.2295
60.3037 19.0898
58.8947 19.356
59.104 19.1546
57.9412 19.447
58.6776 19.5587
58.9657 19.0896
59.6195 19.148
59.2302 19.4066
57.5894 19.9811
58.4955 19.6242
60.2356 18.686
60.6933 18.4075
60.6118 18.6887
61.4945 18.5704
60.0375 18.7394
58.0741 19.0123
58.63 19.2099
60.6275 18.6758
60.0599 18.372
57.4351 19.4526
60.0656 19.0587
59.9711 18.8078
61.5009 18.1338
59.3333 19.0848
57.4818 19.208
56.0231 20.1695
57.8987 19.3831
60.5881 18.5538
60.8392 18.4382
60.8516 18.3738
59.8539 19.2405
58.9668 19.4754
57.2553 19.9622
59.1212 19.0281
60.2145 18.4027
60.1977 18.6051
61.457 18.2449
61.4459 17.9665
62.1192 18.1274
61.3073 18.331
61.6167 18.6294
60.2571 18.1813
61.2371 18.2746
58.6774 18.8785
59.3464 19.182
59.6 19.0273
60.307 19.1391
61.1526 18.6613
59.334 19.153
58.8272 18.6702
59.4696 18.9737
59.8965 18.2134
61.2556 18.4103
59.113 19.0394
58.8968 19.0513
59.8071 18.2458
61.5195 18.761
61.0771 18.3556
56.8789 19.892
56.4763 19.9888
56.6831 20.3323
55.9451 20.2779
57.0993 20.2628
55.6604 20.4962
58.1516 19.5999
57.52 19.8279
56.2684 20.601
57.6941 19.6982
58.2355 19.741
58.1125 19.4548
58.7512 19.348
58.9492 19.4493
59.4552 19.2455
57.6504 19.6997
56.265 20.025
57.0619 20.0845
57.456 19.4631
56.3111 19.8505
58.9137 19.6517
58.6023 18.7782
57.3283 19.7145
57.1284 19.9916
58.7174 19.4698
59.6807 19.1106
60.7688 19.0889
60.0542 18.7744
58.8709 19.6772
56.6928 20.0899
56.994 19.8614
58.4679 19.2857
57.6374 19.6967
57.2452 19.8397
58.2754 19.3407
58.1445 19.1325
58.6644 18.9857
57.7797 19.4625
57.5496 19.2112
57.6159 18.8441
57.5576 19.8714
58.0647 19.8122
58.285 19.4958
57.5885 19.5338
57.5801 19.1313
58.6446 19.5716
58.2147 19.369
58.8157 19.3385
59.5354 19.1858
57.1358 19.6104
58.9001 19.5087
58.5035 19.4344
58.5175 19.1646
57.9093 19.3457
58.2663 19.236
57.748 18.9569
57.6603 19.643
57.8594 19.6092
59.1388 19.3173
59.5643 19.1292
59.9023 19.2332
59.377 19.4982
58.1138 19.721
58.0318 19.034
59.373 19.1783
58.686 19.3359
58.7017 19.6397
59.078 19.7501
59.2816 18.239
58.6128 19.8875
56.7115 20.2333
55.6527 20.1751
57.5625 20.1792
60.9201 18.1905
59.515 18.91
59.5021 18.7563
59.4925 18.5367
59.4963 18.7841
59.4928 19.2049
59.4792 19.2391
59.4625 19.7295
59.5629 19.2793
59.2848 19.2513
59.1926 18.9909
59.6159 18.9457
60.2126 19.1417
58.0731 19.2796
59.4416 19.101
59.6311 19.0629
58.5215 18.9747
59.2325 18.9207
60.1841 18.9669
59.719 19.1008
59.7421 19.2257
59.6545 18.7077
59.943 18.317
60.3965 18.6524
60.8063 18.7116
59.4248 19.1447
57.7412 19.4172
56.5033 19.3357
59.4141 19.1602
57.6968 19.5017
56.3662 19.6815
57.9946 19.5044
59.5225 19.2693
59.2057 19.192
57.3101 19.71
58.0584 19.7584
58.1234 19.2627
57.6263 19.6441
59.6237 19.05
58.9473 19.414
60.1539 18.9221
58.9632 19.2391
58.2777 19.3389
61.0777 19.0844
59.3989 19.1204
59.9184 19.7146
59.6605 19.1419
58.3315 19.5047
57.5136 20.1363
57.97 19.9222
58.459 19.6423
58.2832 19.7653
57.9231 19.6584
57.3949 20.0639
58.5221 19.7791
58.2438 19.3821
57.5582 19.4006
57.8409 19.1266
57.7843 19.3444
59.8524 19.2577
59.9274 18.6942
59.8148 18.6973
59.7732 19.2684
58.9277 18.625
58.7963 18.5687
58.9028 18.7498
59.7537 19.5456
58.0126 19.126
57.4684 19.954
59.4452 19.4635
60.2235 19.0622
57.8693 19.4409
60.9566 18.3603
59.7393 18.8484
59.0149 19.0326
60.3444 18.8388
60.5505 19.0067
59.695 19.0708
59.622 19.0442
59.1515 19.1538
57.8137 19.2553
58.5223 19.2531
57.6051 19.2909
58.3963 19.5337
59.0621 19.4076
58.0454 19.4283
60.0715 19.3034
59.9462 18.9532
60.2921 18.4376
60.7091 18.4266
61.5151 18.2284
61.3328 18.305
60.4416 18.6637
59.6326 18.8939
60.9086 18.4362
59.341 18.9669
56.1628 19.9809
56.5788 19.7641
54.5058 20.9379
57.4706 19.7878
57.6005 19.5918
57.6477 18.855
60.2794 19.0686
59.8234 19.6442
61.1137 19.302
59.6514 19.392
59.0084 19.3267
59.7032 18.7641
58.4975 19.1186
60.9265 18.4522
61.3766 18.9777
59.8063 18.9181
60.2933 18.3309
61.0746 18.3309
60.886 18.5997
60.0231 18.7251
59.2171 19.1184
59.0276 19.3802
59.6748 19.4733
58.5965 19.161
58.4759 19.0426
57.8126 19.6895
55.7215 20.869
57.5583 20.145
55.969 20.2828
56.5441 20.0494
57.4865 19.5573
59.3876 19.4391
57.2969 19.3498
57.7648 19.637
58.6516 18.8744
58.2818 19.6856
59.03 19.2404
60.4337 18.8095
61.1483 18.7147
60.3606 19.03
59.7507 19.2129
60.3632 19.8008
55.4663 20.0344
58.9077 20.034
58.3644 19.6339
60.1663 18.4947
60.6018 18.8736
61.0004 18.4059
59.781 18.631
60.2588 19.102
60.572 18.7804
60.0138 18.5279
59.3634 18.8005
59.996 19.0512
61.8016 18.6498
59.8662 18.7492
59.5729 18.4097
60.3191 19.0484
58.8648 19.5722
58.0132 19.6618
57.821 19.4347
57.369 19.774
56.823 19.9525
58.4067 19.4129
58.172 18.9951
57.8953 18.902
57.1944 19.3998
58.6582 18.9282
58.5194 18.8685
59.527 18.9717
58.5918 19.2656
58.9898 19.8518
57.8262 19.4005
56.8985 20.2277
55.8923 20.2277
58.0183 19.7904
57.363 19.611
58.6257 19.5555
58.5029 19.2499
58.1342 19.2999
59.5494 19.1196
59.4993 19.045
59.9995 18.9918
59.3771 18.5935
59.4144 18.9487
59.2241 19.4045
58.4529 19.3749
57.1979 19.5997
58.3506 19.1834
56.089 20.3478
58.833 19.1699
57.6754 19.1546
58.9189 19.1206
62.0821 17.8993
60.7627 19.3491
60.9394 18.8637
60.8434 18.4908
61.2012 18.6253
61.1128 18.3672
60.2001 18.6092
57.9565 19.65
58.1443 19.6997
57.6873 19.7277
58.0898 19.8607
57.4647 19.5876
57.8086 19.8407
55.873 19.8423
56.8487 19.3579
59.26 18.6476
58.6981 19.0755
57.3166 19.6979
59.0379 19.5275
58.7446 18.6618
58.3507 19.3853
57.3662 19.7272
57.1369 20.1082
58.2625 19.8459
58.7639 19.2368
59.1113 19.1916
59.9342 19.3743
57.7851 19.5336
58.8002 19.3109
58.6696 19.112
60.6786 19.0179
60.2767 18.9171
60.3037 19.2477
59.8446 19.0165
61.136 18.7146
60.9029 18.28
58.5249 19.0422
59.6923 18.5103
59.7642 19.0497
57.914 19.6109
57.4589 19.2842
58.2998 19.8083
57.4714 20.1274
58.2537 19.7047
58.24 19.4223
58.5577 19.4223
57.1812 19.3232
57.2941 19.652
57.5424 19.5599
56.0377 19.7559
55.8376 19.8891
57.0226 20.1979
57.4073 19.6604
56.8867 19.7786
58.2234 20.1966
60.814 19.0699
59.1022 19.2171
60.8069 18.9324
58.965 19.2726
59.7665 18.6824
59.9084 18.6824
59.1531 18.8925
59.4909 18.6269
60.8666 18.8878
61.1257 19.0934
58.064 19.4118
58.1503 19.4567
57.7297 20.0527
58.2305 19.7269
57.8174 20.0963
57.2967 19.621
57.3978 19.0588
58.3197 19.6233
59.2452 18.609
60.5148 18.5574
58.8434 19.2273
59.7232 19.3178
57.4916 19.5931
58.4282 18.8511
59.0963 18.9361
60.7024 18.5604
60.9669 18.4922
59.7084 19.5307
59.7204 19.4188
58.6177 19.5633
60.8201 18.3891
57.1601 19.5097
56.8165 19.8952
56.3697 19.9123
56.5744 19.8972
57.0642 19.8485
56.8431 19.7308
58.7444 19.7332
57.2495 19.7802
57.6198 20.0769
57.5742 20.0986
57.5207 20.1827
58.7068 19.0301
59.7971 19.0892
60.7916 19.102
60.5708 18.7822
60.9783 18.5565
61.4422 18.374
63.0823 17.6124
60.7178 17.8768
58.1376 19.1827
58.4556 19.6854
58.6531 19.7746
60.3431 19.3902
59.1244 19.1082
59.2022 19.2753
56.9146 19.9869
57.3009 20.1966
57.266 19.9319
57.911 19.7086
56.6601 20.1587
57.2186 19.8472
54.8268 20.2485
56.0237 20.5782
58.2483 19.7623
57.3229 19.9674
58.9342 19.272
57.4499 19.5614
60.3271 18.8768
60.7856 18.5077
58.6687 19.5765
58.9895 19.3258
59.6473 19.389
57.9846 19.6642
57.6074 19.7983
58.0656 19.3934
58.649 19.243
60.0621 19.0386
59.7673 19.2467
58.2297 18.7866
58.3985 19.7934
56.8951 19.814
58.1944 19.5391
57.8093 19.549
59.3555 18.9814
59.9851 19.2123
58.6949 18.7883
58.8324 18.9523
59.4466 19.1817
60.036 18.8024
61.9135 18.7866
61.8758 18.5983
63.7304 18.2944
61.6835 18.8776
59.5584 19.1977
59.9583 19.1586
59.3957 18.9859
59.4567 18.7095
58.2704 18.9137
58.5279 19.0781
60.4212 18.7303
60.4557 18.8099
60.5589 18.6568
60.4571 18.5075
59.8331 18.6132
58.7451 18.9614
58.847 18.983
59.1241 18.308
60.6574 19.0058
59.7006 18.9417
60.781 19.2723
60.0226 18.8637
59.6897 18.83
59.9925 18.9211
59.8475 18.8417
59.6264 19.1073
59.0758 19.2081
57.7805 19.5627
59.0863 19.1523
58.9258 19.1152
58.9927 18.6472
61.6566 19.0106
61.0643 18.6435
61.0643 18.2565
60.9226 18.1559
60.1489 18.7023
58.1869 19.1487
57.6457 19.0046
57.5108 19.9834
57.0999 20.2655
58.4514 19.5152
58.2514 19.4894
57.7772 19.6444
58.0814 19.3529
58.1922 19.3178
59.0178 19.2666
58.5251 19.6855
58.4673 19.5723
57.7499 19.7074
56.104 20.0614
56.104 19.9657
56.2109 19.9487
55.9309 19.6621
56.8753 19.5945
57.0824 19.6248
57.3589 19.9325
56.5107 20.3501
56.4258 20.4876
56.4258 19.7844
58.8209 19.1813
57.9476 19.7262
58.4586 19.4755
57.6389 19.2568
57.4987 19.5418
57.1466 20.1692
56.6287 19.6961
55.8176 20.7868
55.7411 20.6566
56.4521 20.0017
57.4865 20.0396
58.0108 19.2961
59.4038 19.3104
61.0436 18.5118
61.0915 18.4395
60.7252 18.2758
61.5881 18.3612
59.1346 19.1978
59.5814 19.2063
58.5253 19.2461
56.9337 19.7572
57.7962 19.108
57.5462 19.6134
58.8361 19.2724
59.471 19.1818
60.5914 18.8681
59.8756 19.1792
60.7294 18.6612
59.7946 18.8454
59.2557 19.0444
60.2742 18.5942
58.0352 19.2492
58.0284 20.1939
56.6761 20.1374
57.6859 19.8265
58.7299 19.4868
57.1652 19.5246
58.0129 19.6617
58.7872 19.6299
57.6672 19.5718
57.1373 19.2712
57.1396 19.3361
57.1492 19.7501
57.205 19.8509
57.4674 19.1615
60.5995 19.2098
59.9046 19.0352
60.3564 19.0006
60.4693 19.2771
58.7982 19.7922
58.5055 19.4261
58.848 19.6271
58.4371 19.6954
58.7473 19.4275
57.6481 19.9267
57.4591 20.0617
56.5217 20.0617
57.1701 19.5303
60.0711 18.8537
60.494 18.4481
61.5296 17.788
60.874 18.2644
59.351 18.2493
60.4058 18.7566
60.2191 18.0014
59.398 19.3173
59.453 19.0491
61.0603 19.0589
61.7366 18.3189
60.4617 18.6221
60.4243 18.915
57.6001 19.5923
58.107 19.4412
57.6674 20.0089
58.1545 19.8137
58.7887 19.7866
58.3038 18.2979
59.4969 18.8251
60.1061 18.8251
59.5532 19.1612
58.6863 19.0987
59.2788 19.5708
57.9317 19.4198
58.8944 19.5815
58.9257 19.215
59.1855 19.0571
57.1682 19.359
59.3175 19.3107
60.353 19.492
59.1214 19.3481
59.3694 19.228
59.1382 19.0493
59.2429 18.9925
60.0231 18.9799
60.8544 18.1609
60.4881 18.1595
59.412 18.6819
60.1878 19.1229
58.6873 19.2932
58.6764 19.2958
61.0854 19.0197
61.1779 18.9722
60.5344 18.5659
59.7285 18.9334
59.0889 19.6161
57.3708 20.4008
56.7224 20.3354
55.5772 19.9052
57.926 19.5031
57.5406 19.6413
59.7835 19.0052
55.8961 20.0739
56.0786 20.4952
55.2896 20.7052
58.298 19.5627
57.123 19.9189
58.5048 18.7165
59.6245 18.7225
59.6245 18.7225
60.5428 18.8859
62.0376 18.376
61.6288 18.1516
60.9648 18.4284
61.1771 18.2535
58.9057 19.0933
60.5779 19.0869
59.298 19.2908
59.2362 19.013
60.8983 18.7706
60.383 18.9717
59.1659 19.7198
59.6413 19.3207
58.2458 19.4818
58.2161 19.213
58.5773 18.7384
55.7699 20.4571
57.7667 20.3868
58.2312 19.5972
59.3116 19.4793
59.7348 19.4709
56.9355 19.7272
57.9695 19.8331
55.6614 20.9665
57.1215 19.9045
57.1215 20.1477
56.0685 19.7514
58.282 19.5662
57.566 19.895
55.5261 20.0491
58.1891 19.2363
56.9422 19.5393
57.8238 19.8496
59.5174 19.4742
59.2014 19.8585
60.3158 18.5747
59.6801 18.7612
58.6762 19.1764
59.174 18.8524
59.2909 19.5092
59.4727 18.5976
61.2883 18.4716
62.0531 17.7298
63.0051 17.9449
60.4617 18.8178
61.9921 18.8158
59.9303 18.8222
59.2547 18.8177
60.2846 18.8213
58.8575 19.4384
56.7766 19.7087
59.4193 19.688
57.6902 19.1659
59.123 19.3872
58.2725 19.271
59.1567 18.9992
60.7506 18.576
62.4578 17.9956
63.5759 17.7508
62.8607 17.8877
60.0279 18.7351
59.6465 19.271
59.077 19.4932
59.1257 19.5622
57.7713 19.8544
58.8677 19.4291
59.225 19.3105
57.2597 19.6005
58.1829 19.1227
58.7396 19.0701
57.0676 19.6341
61.0317 18.4161
58.0202 19.4353
58.849 19.5567
59.9445 19.4206
59.4751 19.0135
60.4962 18.7838
61.0795 18.2741
60.3591 18.6894
60.7381 18.2492
60.371 18.5466
58.929 19.005
58.0373 19.95
56.6492 20.0903
58.8998 19.6373
58.1058 19.4598
59.7625 19.7018
58.2279 19.6515
58.1605 19.327
58.5874 18.8803
59.5692 19.3354
59.5187 18.9634
59.9886 18.8844
59.1306 19.0711
58.3939 18.9467
58.3296 19.6241
56.1275 20.4761
57.4849 20.1293
56.0488 20.4128
56.49 20.6432
56.9022 19.5494
58.1856 19.1883
57.6894 19.6717
57.5733 19.287
56.5952 19.7778
58.2111 19.5773
58.602 19.5845
56.9733 19.887
56.4258 19.5091
56.7147 20.3557
57.9498 19.4273
57.3906 19.2631
58.3775 19.2631
58.1833 19.2751
60.6436 19.2673
61.0144 18.5978
61.0891 18.5409
57.5297 19.1309
58.6234 19.2857
59.9058 19.0226
56.6975 18.9473
60.9129 18.7388
59.9067 18.8304
61.5312 18.8841
61.0758 18.2017
57.6356 19.6415
57.4347 19.6786
56.062 20.2371
55.6126 20.4089
57.4202 19.9542
58.288 19.5844
58.1739 19.6841
58.3595 19.4526
57.6825 19.4784
59.1728 19.121
58.9591 19.2039
59.4175 19.2292
59.2313 19.5415
58.8455 19.2731
59.4147 19.3706
59.2659 18.9126
59.1623 19.7646
57.9539 19.7052
57.6058 19.7571
58.5947 20.1453
58.8126 19.5708
59.0596 19.3081
58.6156 18.4863
57.3075 19.4261
56.6257 19.3019
59.417 19.5695
58.572 19.4216
59.8767 19.3372
57.67 19.637
58.5278 19.1736
58.1524 19.3878
58.3293 19.7404
58.5463 19.956
57.472 19.837
56.4686 19.8707
57.6565 20.603
57.8026 19.4321
58.1888 19.572
59.6999 19.1517
60.0971 19.2085
58.6838 18.951
59.3916 19.5616
59.3407 19.6074
60.7573 19.1572
60.6607 18.7082
60.4555 18.778
58.7961 19.4104
57.1727 19.4674
56.6867 19.6283
59.4971 18.8905
59.5887 18.7198
59.7159 18.9372
59.7159 18.5497
59.4809 19.3782
58.9628 19.2443
59.4797 19.1261
59.2234 18.6239
60.388 18.905
61.2756 18.2643
61.9938 18.1597
61.0385 18.9032
59.1465 18.6772
59.577 19.5479
58.2826 19.3483
60.5046 19.1342
60.5369 18.5912
58.5245 19.25
62.4202 18.4845
61.6475 18.0789
61.1523 17.9097
59.8113 19.3521
59.9766 18.3251
61.5657 18.0991
60.1081 18.8915
60.749 18.6753
58.3041 19.1804
56.8088 19.648
57.3165 19.7734
59.0477 19.8226
58.1409 18.7772
59.8651 19.6692
59.2329 18.7303
57.8613 19.7671
56.7665 19.49
59.6552 19.2408
57.6047 19.6732
56.9286 20.2488
56.9972 19.9433
58.8999 19.818
60.1276 19.2645
59.9658 18.8195
60.9301 19.0332
59.3026 18.613
59.8995 18.7333
59.1989 19.603
57.2759 19.4194
56.9893 19.7106
58.195 19.1129
57.9474 19.0562
59.47 18.9202
59.3118 18.505
59.3477 18.5073
60.094 18.6188
59.712 18.8821
60.5375 18.6829
61.8506 18.2104
59.5089 18.8508
59.0215 19.2268
60.3004 18.4657
61.1143 18.4323
61.0345 18.5479
56.5138 19.3303
58.2473 19.6944
59.1247 19.4503
60.1958 18.9229
58.4174 19.5013
57.6611 19.6683
57.7004 19.6908
58.1157 18.8428
59.8072 19.192
60.1338 18.4244
61.9908 18.0521
61.9908 18.0521
60.7815 18.6736
60.5223 18.5828
60.1138 18.7916
60.1504 18.7459
59.7404 18.7459
59.0405 18.5039
58.8197 18.8476
60.5869 18.5989
59.7968 19.0131
59.5425 18.8643
59.4848 18.8802
59.6992 19.2725
59.9814 18.6689
59.6155 19.2678
60.057 19.1346
60.1766 18.9719
59.3809 18.5766
59.7471 18.5037
59.7657 18.9482
61.8071 18.0569
59.5371 19.853
59.6176 19.3922
58.8522 19.2568
59.015 19.6634
59.0244 18.7315
59.0677 19.2325
59.0323 19.0696
58.6266 19.3662
57.1184 19.8268
57.8771 19.6281
59.1802 19.1809
58.1084 19.261
58.8301 19.3248
59.1308 19.3703
58.9991 19.5468
59.0279 19.1491
59.0951 18.8593
59.5116 18.919
59.5295 18.8788
59.7825 18.7178
59.0856 19.0762
60.3192 18.8928
60.9265 18.8086
61.9881 18.9772
60.6526 19.0235
60.901 19.0544
59.8855 19.0707
59.7427 18.7526
59.1945 18.9101
59.2504 19.1591
58.6992 19.6342
59.3155 19.5747
58.1069 19.5013
59.3534 18.9805
59.3032 19.0358
59.2459 18.9892
60.483 18.9323
61.2644 18.6421
59.1951 19.3808
58.6385 19.4428
58.4476 19.651
61.56 18.4966
59.9544 18.7452
59.1296 19.4382
61.205 18.478
57.7717 19.5708
57.4544 19.7561
56.4491 19.8984
59.1662 19.5995
58.8572 19.272
59.1554 19.3009
59.3511 19.1043
60.262 18.7147
59.0706 19.1167
57.4906 20.282
58.7923 19.8041
60.5837 18.769
58.7325 19.1028
58.6895 18.9919
58.4858 20.0317
56.8857 19.7678
57.6941 19.6831
57.7283 19.226
59.8586 19.2089
60.1194 18.6656
61.6121 19.2563
57.1126 19.9663
59.4383 18.8729
57.9362 20.1683
57.8396 20.0315
59.0545 19.4989
59.5554 19.1725
58.9653 19.0588
59.3465 19.0206
59.3793 19.1313
58.697 19.1395
58.5017 19.1489
59.4715 18.8243
59.0412 18.9675
59.8341 19.378
59.757 18.7742
59.9663 18.4355
60.7173 18.7442
60.9091 18.6869
60.2995 18.9025
59.589 18.8494
59.468 18.8571
58.4598 19.5112
58.184 20.0615
59.6738 19.0207
60.0874 19.0147
60.8375 18.7225
60.1518 18.5851
60.403 18.9867
57.9303 18.9461
61.7573 18.532
61.5683 18.7324
61.812 18.209
58.5337 19.6157
59.7261 19.1397
59.7686 18.6538
60.3337 19.0856
60.1954 18.7601
62.4503 18.3565
61.627 18.5835
62.4279 18.2287
62.5063 18.0995
62.2512 17.7957
61.4515 18.5694
60.3247 18.9782
60.7022 18.7702
59.5036 18.5639
60.1054 18.9665
60.3408 19.0786
60.4016 18.6156
61.1471 18.7948
59.1813 19.029
59.803 18.8237
59.5683 19.4821
58.0591 19.7564
57.1047 19.4606
57.8111 19.5613
59.7766 19.0269
59.0072 19.5711
60.0243 18.9544
57.6023 19.282
58.8622 19.4025
58.9701 19.5104
56.3351 19.8557
57.8769 19.4659
58.6272 19.9662
58.4101 19.687
56.7622 20.0383
58.6139 19.8984
56.9883 19.9736
56.5769 19.8687
59.8231 18.865
59.7419 18.3783
61.6451 18.21
57.7849 19.0988
58.9486 18.6764
58.5046 18.6707
58.1009 18.8131
60.2233 18.8829
60.7956 18.7308
59.7665 18.427
60.0053 19.2922
57.6437 19.5822
58.4451 19.7144
58.3531 19.6784
57.2463 19.455
56.9842 19.7293
58.3012 18.89
59.7613 19.1918
59.3984 19.0438
59.7702 19.0496
58.1621 18.6967
58.8132 19.0195
57.7822 19.4803
59.3203 19.2234
59.2323 19.1422
59.9501 18.9491
59.5513 19.4854
57.8765 19.8413
58.4563 19.9472
58.2947 19.8824
58.1939 20.1837
57.2548 19.6022
56.1596 20.1129
56.4237 19.7532
57.1481 19.8605
58.8829 19.5398
59.3224 19.4388
58.3133 19.4252
58.5343 19.4675
58.4435 18.8041
58.5214 19.3302
58.7477 19.0889
60.5806 19.0706
58.6837 19.0737
59.0643 19.1391
57.684 19.3877
59.1406 19.6234
58.5182 19.404
59.4275 19.6315
59.0844 19.4018
58.9997 19.4971
57.7812 19.3209
56.0852 20.1093
56.6647 19.9388
58.3886 19.5448
59.1565 20.1342
58.9066 19.4351
58.9004 19.6082
59.406 19.4484
58.1767 19.3867
59.8014 19.3693
58.1303 19.32
59.2224 19.3297
59.9409 19.0315
61.0928 18.5402
60.0861 18.5861
55.9229 19.8609
56.575 19.7616
58.3979 19.7479
57.633 19.3295
57.3555 19.5967
55.079 20.2279
57.4018 20.7157
56.3633 20.7544
56.2685 20.4171
57.858 20.1542
56.6234 19.8636
56.5081 20.293
56.1982 19.5947
58.4654 19.2339
56.5435 20.1689
58.075 19.6153
58.6842 19.319
58.9099 19.0781
58.4805 19.0894
57.6716 19.4917
58.2078 19.6448
57.6709 19.7867
57.1807 19.974
58.8968 18.9454
58.252 19.0597
59.3512 19.3608
59.671 18.8458
60.9116 18.7839
59.1656 18.8756
52.6352 21.2539
52.6352 21.9484
56.4676 20.941
57.5323 19.9428
58.0298 19.6295
57.9743 19.6856
59.0086 19.0887
56.5666 20.0582
55.6976 20.397
57.0352 20.0163
57.3797 19.5953
57.9992 19.632
58.5231 19.6882
58.4025 19.191
58.6764 18.8498
59.472 18.7364
58.7023 18.9363
58.1856 18.9165
60.0448 18.9592
58.9316 18.4969
58.4866 19.2831
60.6611 18.7854
59.912 18.7377
57.234 20.1211
57.7015 20.0459
60.0675 19.6668
57.5266 19.9174
57.8618 20.2975
57.2746 19.3635
57.9859 19.87
57.5521 20.0626
57.6826 19.701
58.5126 19.8533
61.0465 18.9171
58.3676 19.5962
58.6493 19.004
60.1228 18.6681
58.7898 18.9724
59.2964 18.8759
59.1638 19.5847
60.2679 19.071
58.6831 19.3054
59.3641 19.0229
59.1478 19.3723
56.4227 19.8373
57.4499 19.6692
56.2056 19.8101
56.0468 19.7213
56.6307 19.3422
57.3448 18.8663
55.7865 18.7745
59.2429 19.2498
61.3718 18.3169
60.4816 18.4924
58.7904 19.4129
59.779 19.1892
61.1398 18.8759
60.8028 18.0608
60.9186 18.6428
59.3375 19.0369
60.1268 18.6786
59.9329 18.7673
60.5432 18.5408
57.7285 19.0602
60.6622 18.8559
60.6622 18.4618
60.2159 19.1233
59.9079 19.0789
60.5275 19.0601
57.5711 19.3738
58.4805 19.2929
56.2546 19.9355
58.5099 19.7063
57.1167 20.1122
57.6431 19.7969
57.7594 19.6007
59.4713 18.8331
59.2452 18.7773
58.4939 18.5513
58.3211 18.9186
57.7733 19.8016
57.2344 19.2122
57.8358 19.5838
59.4139 19.456
59.474 18.8922
60.5973 18.8169
61.6237 18.0329
60.4291 18.6995
59.352 18.8513
58.0978 19.5364
59.7277 19.2602
60.0083 18.9455
59.0501 19.1987
58.457 19.6279
58.8549 19.2646
58.4985 18.9754
59.8944 19.313
59.673 19.2326
59.0389 19.3608
60.6419 18.5976
58.6704 19.0693
59.0368 19.2211
58.2008 20.0141
58.8951 19.8992
60.7877 19.4067
60.024 18.8392
59.1925 19.0585
58.4759 19.0656
58.9388 19.255
59.5891 19.097
60.4728 18.7436
60.7179 18.9702
59.7569 18.0899
61.8059 18.7255
60.749 18.7352
60.4878 19.1539
61.0708 18.5692
60.7445 19.23
60.1393 18.8769
59.5307 19.2077
58.901 19.647
57.2176 19.5908
56.4913 19.4349
59.5586 19.2515
59.9343 18.87
60.2475 18.652
61.1812 17.991
61.3387 18.3563
62.3626 18.2783
59.4111 18.5633
60.2989 18.3937
60.3286 18.5985
60.0271 18.4501
60.3007 18.3629
60.6385 19.1083
58.6707 19.4383
58.8012 19.7144
59.056 19.5681
59.3914 19.6157
60.0586 19.0094
60.3377 18.8348
60.6581 18.4012
60.725 18.7739
58.4625 19.1542
58.0937 19.6435
56.1802 19.7198
56.189 21.0488
54.7687 20.9344
54.6078 20.3839
57.8768 19.9533
58.4921 18.7914
59.4914 19.1674
59.5746 18.7603
59.6195 19.0465
57.6632 19.9987
59.0987 19.599
60.2428 18.6238
59.8663 18.3785
57.9892 19.4876
58.1382 19.799
59.1486 19.5983
58.7707 19.1662
58.7204 19.1207
59.9151 19.0816
59.9361 18.9875
61.0588 18.0503
60.5454 18.1117
60.7755 19.1254
60.5152 18.7528
60.3218 18.9661
58.5598 19.0409
59.257 19.4284
58.4028 19.2666
58.3113 19.5535
57.3643 19.4148
60.0122 18.5108
61.1097 18.8606
60.1827 19.1046
59.9864 19.4367
57.9131 19.9401
56.6546 20.3546
57.2157 19.8288
57.6048 19.2796
58.74 19.2901
59.0142 18.7375
59.0999 19.0803
60.051 18.5774
61.1853 18.3618
60.0692 18.6032
59.9316 19.3659
58.0831 19.6099
58.2771 20.4468
59.7276 18.9124
60.4282 18.9047
59.9453 18.8753
60.0753 19.2163
60.5441 18.6042
60.7161 18.6692
59.9799 18.8195
58.6714 18.9339
58.2301 19.4943
59.1172 19.6211
57.8381 19.4973
60.7466 18.7372
59.3733 19.362
58.3937 19.4264
59.8658 19.5609
56.2982 19.1666
59.5385 19.251
60.6999 18.3663
61.1182 18.4007
60.5949 18.8414
60.7637 18.2029
62.389 18.0891
62.1658 18.0651
62.0441 18.3395
60.1889 18.3395
57.8823 19.59
58.1593 19.4965
58.544 19.1876
58.6938 19.6101
57.8161 19.5842
57.6235 20.014
57.6065 18.9351
57.6962 19.4434
56.5465 19.5538
56.9539 19.7093
58.0801 20.2392
57.4762 19.8804
56.4463 19.8544
58.602 20.1008
60.2791 18.7666
57.8707 19.6776
57.9518 18.9967
59.5242 18.78
59.7631 18.4942
59.0782 19.0562
59.7851 19.2141
60.2887 19.3354
56.8263 20.0925
56.593 20.1048
59.071 19.8231
58.5791 19.4173
57.9338 18.7849
59.9235 18.4575
59.7099 18.9764
60.5742 18.6363
60.8205 18.239
60.8815 18.391
60.6786 18.5255
61.313 18.5333
61.0731 18.6366
61.4391 18.5123
61.6721 18.3798
60.6484 18.186
60.399 18.2509
60.4233 19.2978
59.5861 18.8597
60.6327 19.1881
59.7615 18.9886
59.8077 18.9096
57.7729 19.3134
58.8323 19.3318
59.314 19.0128
59.8608 18.8171
62.0204 18.3689
61.0058 17.9926
61.6825 18.3738
59.5299 19.0795
60.4147 18.8932
60.2471 18.1049
61.1095 18.14
61.5621 18.0718
60.0464 18.2179
60.8551 18.474
59.5697 18.7721
59.0075 18.8143
60.4476 18.784
59.9215 18.9496
60.4781 19.133
59.7338 18.9978
59.1591 19.5565
58.6021 19.4087
58.2553 19.9362
60.0275 19.1588
58.2783 18.9752
57.7555 18.9721
57.7828 19.2323
54.4785 19.826
59.362 19.9249
57.1904 19.4872
55.3341 19.7963
56.6598 19.4052
57.6985 19.8145
55.3991 20.4523
54.8238 20.2573
59.797 18.9696
57.2248 19.8615
60.2487 18.8813
61.2645 18.581
58.7971 19.0175
58.7508 19.2925
58.7414 19.7337
58.5769 19.38
58.3568 19.5026
59.5143 19.1251
61.0211 19.2737
61.123 18.7033
60.8995 18.4765
63.0004 18.4765
63.0004 18.1779
63.0004 18.0188
61.3752 18.4409
60.3397 18.6185
61.1422 18.8114
60.8288 18.9404
60.9503 18.2091
60.5508 18.3896
58.9087 19.1174
60.09 18.8728
57.0142 19.3349
57.5229 19.6981
58.2246 19.9461
58.0528 19.8233
57.9074 19.4777
59.2136 18.9041
58.6638 19.6263
59.8439 19.1914
58.2078 19.7044
56.1825 19.6604
56.0795 20.0344
61.4588 19.1725
58.8429 19.1466
58.8494 18.9615
60.4363 18.0996
59.1307 18.6354
57.8478 19.3011
57.4293 19.2079
56.1856 19.7571
56.5952 19.7672
57.5318 20.0549
55.3833 20.2021
55.5369 20.3716
57.3982 20.425
56.7864 20.4616
56.0371 20.128
58.431 19.9126
58.1948 20.1122
57.9989 19.9144
58.1446 19.5339
59.5512 19.2746
58.4046 19.614
58.5103 19.301
62.1788 18.3527
60.1161 18.3897
61.1528 18.7821
62.1838 18.7181
59.8081 18.2799
58.3783 19.2726
57.8663 19.4438
58.2024 19.5581
57.754 19.9833
58.1584 19.7953
57.8868 19.4095
58.1039 19.09
59.8822 19.1534
59.826 18.9399
60.0008 19.0456
57.2618 19.3981
57.988 19.4302
58.6868 19.3412
57.4017 19.163
57.5124 19.5414
58.0562 18.7418
59.1216 19.0974
61.895 19.053
61.7983 18.1972
61.2131 18.1697
59.3675 18.6798
58.2471 19.4199
57.5057 19.4199
58.7398 18.8623
59.167 19.6477
57.2221 19.5941
57.449 19.9103
57.3442 19.0543
57.6502 19.9131
57.4353 19.9092
56.9663 19.9828
56.1564 20.2239
58.6438 19.506
57.3022 19.8199
55.1047 20.4904
55.6173 19.8733
57.2844 20.2685
57.483 20.1064
58.3084 19.0839
58.0413 18.9522
59.1133 19.2618
59.7316 18.4347
60.0351 18.0843
60.4748 18.5609
59.9886 18.6625
60.6489 18.8537
58.4699 19.1515
58.6475 18.8918
58.283 19.1078
58.2165 19.0276
59.2676 19.034
59.0051 18.9875
59.2609 19.2817
61.1491 18.1815
61.0051 18.912
60.7614 19.046
59.0992 19.4045
58.9994 18.7576
58.562 19.3717
59.4623 19.2439
59.1554 19.0898
57.8721 19.7487
59.1035 18.7428
59.7146 19.2413
58.4167 19.1989
59.7005 19.0206
62.0361 18.5352
60.2109 18.8018
62.3623 17.9423
62.5381 17.8925
61.0552 18.494
61.2802 18.4508
61.2879 18.6538
58.7042 18.4765
60.293 17.9374
59.4446 19.0803
57.9255 19.1064
59.7493 19.6887
58.1888 20.1129
58.7081 19.6322
58.9738 19.4553
59.3641 19.4835
58.5179 19.4496
58.6504 19.4262
58.21 19.6155
59.0869 19.1019
59.1624 18.8022
58.1368 19.8946
59.4715 18.8539
58.4802 19.3383
60.0632 18.6189
60.3137 18.6817
59.6687 18.6459
61.7657 17.8417
60.6784 17.8526
62.1282 18.2286
61.5356 18.2504
62.1296 18.2654
61.116 18.3385
61.0011 18.644
62.7854 18.201
60.9557 18.7925
58.9165 19.2785
59.0412 19.0961
58.886 18.9954
59.3964 19.0406
60.1088 19.5216
57.9681 19.1047
59.5298 18.7829
59.4105 19.0161
59.2665 19.3099
57.3128 19.7291
57.8827 19.3776
57.7932 19.6345
59.0963 19.645
58.5692 19.7452
58.4236 19.7483
58.3682 19.7431
58.375 19.4515
58.3369 19.2184
58.2011 19.1713
57.286 19.7736
59.0931 19.4839
58.4792 19.7963
59.6254 18.6151
59.0028 18.894
58.719 19.2475
57.4767 19.5686
57.075 19.5278
57.7077 20.0452
57.9768 19.991
58.7776 19.4354
57.5492 19.4511
59.826 19.2876
57.9464 19.2601
57.7028 19.1978
58.9838 18.9352
57.7482 19.7294
59.7872 19.3954
61.4742 18.6611
62.4881 18.0502
60.1555 18.8921
57.8825 19.9695
60.1866 19.1636
59.3986 19.179
58.743 18.847
59.111 18.8313
60.3401 18.6837
60.4742 18.7976
59.8607 19.0847
59.7554 18.9148
57.6275 19.5498
58.7077 19.436
58.9672 19.2313
60.9283 18.6319
58.434 19.0356
59.8254 19.095
59.6829 18.7002
59.4606 19.272
58.7232 19.0995
58.545 19.4818
58.5708 18.9131
58.6132 19.083
58.5233 19.3841
57.3431 19.8713
58.3269 19.2556
61.3381 18.8404
60.4646 18.5313
60.7384 18.5219
60.7672 18.8064
60.9949 18.6338
57.9764 19.876
59.7712 19.1784
59.1751 19.5344
56.2669 20.087
57.5748 19.8729
57.5748 19.4366
57.0425 19.4366
57.8585 19.7497
59.5271 18.9411
59.0037 19.2702
60.3098 18.808
60.9142 19.1603
58.7979 18.9861
59.2952 18.7247
59.8818 18.6054
58.5281 19.5053
55.9142 20.3864
58.5529 18.7859
58.8723 18.6944
61.4778 18.6518
61.0726 18.6271
60.7673 18.3104
58.7224 19.1196
58.0837 19.849
58.0677 19.3759
58.7407 19.2409
58.2323 19.5756
60.6397 19.1161
59.3036 19.2921
59.4844 19.2324
57.6024 19.8741
56.9882 19.721
57.5877 19.721
57.223 19.9088
57.4475 20.2228
57.0389 20.1274
55.1277 20.1274
55.812 20.6131
55.8103 20.278
57.0393 19.5788
55.8223 20.378
56.3074 20.0894
55.7582 19.7769
55.9118 20.7251
55.8158 20.1783
56.3124 20.7085
56.3124 20.7085
56.0924 20.5608
57.3836 19.5336
57.2968 19.677
57.3699 19.3985
58.0682 19.2246
59.9184 18.6158
59.9008 18.8634
59.398 19.3159
57.5799 19.647
58.5318 19.1294
59.2098 19.148
58.5468 20.1365
56.9679 19.8899
57.6791 20.1149
57.5093 20.0205
58.1953 20.1687
56.6251 20.1676
57.3199 19.5321
58.9842 19.6494
57.8943 19.5017
59.6309 18.7229
60.1764 18.4341
60.5133 18.2071
59.074 19.2448
60.509 18.5386
60.196 18.5735
61.6584 18.3587
61.5327 18.4017
57.5922 18.6037
61.0911 18.1791
61.136 18.5277
59.9763 18.754
60.4628 18.9049
58.9375 19.1533
58.2217 19.5178
58.5504 18.8353
58.1821 19.3063
58.4984 19.4091
61.716 18.5184
58.1101 19.5395
57.4219 19.5593
57.8895 19.7169
59.08 19.2231
59.5559 19.1235
58.1542 19.7449
61.203 19.6267
58.9482 19.2953
59.5704 19.2634
57.4511 20.3424
56.1842 20.3424
56.9113 20.4981
58.4713 19.4498
59.9028 19.1008
59.5972 19.3764
59.6107 19.5629
57.2034 19.2036
57.634 19.4734
59.6654 19.1225
57.1569 20.0596
58.4762 19.7797
57.9518 19.535
58.2161 19.6851
57.6527 19.7594
59.4879 19.0787
58.9131 19.2894
59.7104 18.6622
60.2712 19.0766
58.6074 19.0663
58.8366 19.3134
57.8394 19.7348
56.8641 19.3864
58.0895 19.7206
58.8264 19.3646
59.7586 19.1448
60.165 18.8818
58.6273 18.863
57.5263 19.6349
57.0173 20.0283
57.5242 19.7625
58.6585 19.7664
58.2521 18.9804
60.0174 18.8029
60.2973 19.1506
60.2255 19.3605
60.4461 18.9109
60.0958 19.2084
59.7582 18.9612
61.2965 18.1208
58.6497 18.9312
59.5315 18.9299
60.9595 18.6735
59.5573 18.8161
60.0012 18.7485
59.8456 19.2501
59.2833 19.3283
59.6923 19.5385
60.1911 18.8504
59.223 18.7412
59.8638 18.9615
60.0434 18.569
59.1003 18.8187
59.8908 18.7231
57.2696 18.975
56.7429 19.0047
58.2806 18.966
58.537 18.777
59.4128 19.382
61.14 18.2278
61.3278 18.5564
61.2229 18.9034
57.4625 19.7133
57.5201 19.0721
57.3396 19.3339
57.4717 19.967
56.6547 20.2708
58.5088 19.6739
58.86 19.5928
57.9237 19.3442
60.6812 18.451
60.6547 17.9652
61.7494 18.1455
60.9943 18.5808
61.6466 18.2638
61.362 18.1971
61.5761 18.4101
59.9618 18.683
62.3303 17.9071
60.8469 18.5092
59.4813 18.9074
60.1664 18.9793
57.2042 19.8024
57.2837 19.7016
57.8439 19.7016
58.5058 19.0941
57.5088 19.3823
58.7609 19.275
57.2908 19.4196
57.2908 19.8909
58.4045 19.6169
55.9293 20.3913
55.446 20.5021
56.3263 20.3571
58.4181 19.445
58.9575 18.9549
60.3812 18.8116
59.2149 19.1663
57.2528 19.6309
58.8237 19.2154
59.3064 19.0187
59.4217 18.7689
57.9251 19.3096
58.9647 19.3096
59.5613 19.3241
59.0112 19.2101
59.5822 18.8981
59.057 18.6544
59.8531 19.618
58.303 19.815
58.934 19.5065
58.8493 18.6954
60.023 18.6454
58.9496 19.0916
60.9162 18.2058
58.9935 18.9977
59.5964 18.795
60.6723 18.0538
56.6379 19.4767
57.0968 19.3154
57.5992 19.6681
58.9983 19.2471
60.5393 18.9474
59.7103 18.7243
61.4979 18.2011
61.7368 18.568
61.3901 18.6773
60.6525 18.2416
61.382 18.3743
59.3667 18.8381
58.5535 18.9006
59.0452 19.1393
58.988 18.9734
59.1229 18.1953
60.3076 18.8197
58.7257 19.5302
59.2904 18.8371
59.0654 19.2863
59.4737 18.6225
59.2381 19.0297
58.3768 19.5841
58.0573 19.2251
59.2919 19.4789
58.3671 19.0431
59.5413 19.5946
59.5383 19.038
58.7998 18.9772
57.8528 19.2799
58.8048 19.6777
58.8023 19.6429
58.8788 19.5231
57.6488 19.578
56.8665 19.6433
59.6591 18.9277
59.4305 18.9465
61.7801 19.0271
61.7599 18.6904
61.7448 17.7656
61.2039 19.2388
62.0199 18.5789
60.5 18.5459
61.5329 18.6022
62.0269 18.3787
61.5481 18.2806
61.5253 18.0569
60.8292 18.3963
58.5856 19.4534
59.4219 19.0123
58.5692 19.0092
59.1873 19.0896
59.6568 19.1682
57.8374 19.1938
58.726 18.9636
60.2553 18.5783
59.0562 18.8644
59.2525 18.3417
60.1834 18.4713
59.4707 18.7129
61.1648 18.3537
60.0852 18.5504
59.51 19.2343
60.0905 19.1964
61.3819 18.863
60.6436 18.9651
59.8716 19.2142
58.9185 19.4822
60.0079 19.1448
62.4107 18.3888
60.2594 18.2965
59.1187 19.8768
56.0985 20.0952
56.377 20.5283
57.5294 20.0642
56.9036 20.1612
57.1798 19.856
60.6458 19.0892
55.7055 19.769
60.2646 19.0412
59.5819 19.1842
59.7043 19.1785
59.324 19.0443
58.9716 19.647
58.1986 19.1057
58.1707 19.7347
57.8786 19.6255
57.6996 19.8169
59.5606 18.7733
59.0836 19.1938
58.2819 19.7924
57.3543 20.2551
55.6329 20.5187
56.23 19.9173
55.1217 21.0982
55.1217 20.6576
55.694 20.9061
56.2849 20.251
56.2491 19.7035
58.9145 19.3911
59.9608 18.842
58.1016 19.9165
59.1375 19.2704
59.9998 18.7059
58.593 18.7291
60.4167 18.78
59.2984 18.9342
59.9412 18.7716
58.4891 19.5589
57.2 19.5559
58.334 19.3847
59.0216 18.9023
57.3366 19.6492
57.8637 19.7929
56.9974 19.331
56.4879 19.445
56.6284 19.7436
57.5007 19.6749
58.7705 19.6548
57.9028 19.5126
57.3604 19.6715
58.2602 19.5715
56.4212 19.8738
56.9617 20.1977
59.54 19.4961
58.9122 19.6072
58.9325 19.3788
57.2885 19.7609
57.925 19.9351
57.6041 19.6631
58.5437 19.9075
59.2345 19.6273
60.0336 19.3852
58.8739 18.7336
58.8268 19.1768
58.8703 19.2636
60.6074 18.3766
59.681 19.0544
60.7622 18.7771
59.9647 18.8713
56.9553 20.1304
55.6429 19.9804
58.0279 20.0382
57.8535 19.6899
57.8937 19.8121
57.4643 19.8347
57.6795 19.8959
57.8511 19.7938
57.1715 20.0404
56.4413 19.9648
54.0997 20.9765
57.8226 19.5533
56.4479 19.9889
56.5202 20.1492
57.5432 19.6416
57.528 19.8031
57.5651 19.5531
57.0693 19.7794
57.6953 19.8987
60.1304 18.4735
59.8829 18.7692
60.3989 18.8984
55.4658 20.1864
58.0555 19.5141
57.0502 19.6161
58.8851 18.8233
57.9974 19.9182
58.3795 19.8176
58.6232 19.4069
59.7067 19.6359
59.9632 19.0717
59.0127 19.3374
56.9456 19.5516
57.9197 19.8784
57.6921 20.1565
58.1218 19.8682
59.0896 19.3857
58.8926 19.0149
58.7291 19.5398
58.1868 19.0479
58.0766 19.2724
58.6827 19.7431
57.4275 19.7449
55.1965 21.0201
54.3527 20.4487
54.7471 21.332
56.2905 20.3446
57.6887 20.1945
57.7653 20.528
55.3045 20.6994
55.8725 20.4449
58.1143 20.0323
56.131 19.8317
55.7855 20.2261
56.7222 20.4662
57.3619 20.2387
57.0576 19.9068
57.3206 20.005
58.3196 19.4899
57.8909 19.8801
57.7286 19.9478
57.5393 19.4568
57.9791 19.2473
57.9265 19.7999
58.3408 19.4092
58.5195 19.2557
57.8983 19.7329
57.6384 19.5909
58.5328 19.7146
58.2144 18.9037
58.5716 19.0893
59.6402 19.1362
60.0861 19.1352
58.4688 19.4254
58.0599 19.4307
58.7958 18.9514
58.1354 19.0926
59.7875 18.7801
59.3029 19.4121
60.4723 19.1878
60.134 19.0241
61.3158 18.7711
60.9155 18.3484
60.6033 19.1325
60.0324 18.1275
60.2511 18.5308
58.5611 18.8977
58.5201 20.0751
56.1056 20.3394
56.6478 19.72
56.0351 20.2484
56.7924 19.7785
57.8217 19.7844
57.7325 20.0598
57.7531 20.2486
57.7592 19.3819
57.7486 19.4976
57.6438 19.8807
58.3883 19.4411
58.2916 19.4143
59.7315 18.6522
58.6651 19.3907
58.4739 19.8621
58.6353 19.825
58.8598 19.3572
58.1963 19.3931
59.4807 19.3467
57.737 19.623
58.2676 19.9079
57.9295 19.3586
58.0865 19.7703
57.282 19.4145
60.4007 18.8353
58.1745 19.0879
57.8707 19.4309
59.659 19.2808
59.3448 19.2094
60.4317 18.3607
58.1401 18.9445
59.5057 19.4677
59.4023 19.0125
58.9081 18.9579
57.5919 19.9164
59.7334 19.336
58.8453 19.7538
59.2573 18.9198
59.5376 19.0834
58.5648 19.2903
59.0218 18.9919
60.0077 18.8473
59.3763 18.9298
58.2537 19.5419
57.6436 20.2774
57.1767 20.3336
56.6595 19.824
56.6269 20.1898
56.2322 20.0378
56.2732 20.1309
56.2628 19.8794
57.6613 19.5805
58.4337 19.4421
57.5756 19.5326
58.1744 19.7709
56.6726 19.902
57.2871 19.7987
57.2495 19.9973
58.6574 19.3926
58.2896 19.4461
58.5307 19.6766
58.4794 19.4554
58.5861 18.9798
57.8469 19.4833
58.6639 19.0575
56.9411 19.9187
58.7613 18.9408
59.9729 18.6213
58.6363 18.7736
57.3128 19.6054
58.3633 19.2997
60.1095 18.8252
60.0256 18.4372
58.8576 18.9109
57.905 19.664
57.9843 19.8929
59.285 19.6653
58.8935 19.6904
59.8328 19.2954
58.6795 19.3002
58.2601 19.5207
60.5268 18.9665
58.7522 19.3061
58.149 19.3201
57.0769 19.7011
60.2512 18.9584
60.2081 18.7385
59.6643 18.7019
60.3201 19.1983
57.8487 19.7563
58.1087 19.518
55.9144 20.9687
56.8367 19.6501
58.2734 20.1337
58.7458 19.2563
60.6563 18.8228
58.3163 19.6003
56.7779 19.6413
56.9096 19.3724
58.481 19.2384
57.8366 19.3126
59.6062 19.0554
57.8102 19.5323
58.0584 19.5914
58.8293 19.3155
57.3488 20.2419
56.6622 18.9368
59.8927 18.7057
59.2609 19.1057
60.4344 18.8398
62.0977 18.6089
58.975 18.8974
60.5642 18.9775
60.1522 18.8114
60.7827 19.0511
60.4351 18.6776
58.4772 19.1116
58.146 19.228
58.6532 19.7806
60.1612 18.0903
60.7935 18.5171
60.8007 18.4361
61.8178 18.1487
60.2318 18.9042
58.9193 19.239
57.0801 20.0512
57.0616 20.0528
58.1658 19.7486
59.0835 19.2787
59.0475 19.3478
58.1983 19.4071
58.9848 19.0133
58.1984 19.3352
58.4852 19.3563
58.6197 19.2919
57.9842 19.3343
59.5783 19.4055
59.9895 19.0215
58.799 19.3261
57.9617 19.3332
58.6265 19.3124
60.6413 18.9593
60.1464 18.7286
60.2898 18.5133
59.0484 18.7481
59.3334 19.063
60.3827 18.8124
60.1765 18.9123
60.0671 18.8702
60.0571 19.5865
57.2389 19.746
57.8546 19.86
57.5833 19.6613
59.2842 19.1811
60.1068 19.3662
59.2356 19.6291
58.4068 19.8938
59.7103 19.9952
56.9047 19.4196
58.5717 19.2917
58.4515 20.1279
58.4132 19.477
58.28 19.1837
58.6724 19.6723
58.1638 19.1912
58.4961 19.4837
58.2329 19.6459
59.7459 19.49
58.3027 19.0261
56.4454 20.0758
56.0349 19.8446
59.8947 19.1641
58.4553 19.0702
59.4406 19.2849
59.5913 19.5693
59.3684 19.0922
58.7281 18.6571
58.4388 19.5002
57.6837 19.4357
60.3644 19.2127
60.2454 18.5203
60.0477 19.3809
60.1584 19.0712
59.4889 18.7034
60.889 18.5776
59.6204 18.9512
58.8194 19.186
58.5612 19.4219
59.1875 19.5956
57.9484 19.6477
57.4255 19.615
57.4862 19.7168
58.6922 19.8282
58.1197 19.3287
58.5815 19.3592
58.0652 19.6979
58.6144 19.5243
59.9008 19.3277
60.0124 18.5756
60.0686 19.0445
59.1965 18.7991
61.0442 18.5413
60.48 18.7726
59.7551 18.6234
60.9097 18.6234
61.2774 18.3847
60.5378 18.0891
60.3393 18.38
60.0761 18.6494
59.848 18.9358
59.9256 18.8075
59.1214 18.666
58.8236 19.196
59.8579 19.3202
58.7366 19.2172
58.5778 18.8909
58.9567 18.5222
58.1768 19.0092
58.2857 19.4687
58.2025 19.5216
59.2336 18.9347
60.2266 18.6389
58.6202 19.384
60.6681 19.2842
60.1147 19.3466
58.3526 19.784
58.587 19.8436
58.0283 19.4617
58.6278 19.6868
58.0759 19.941
56.3985 20.2847
57.9607 19.4025
55.8677 20.5493
55.3023 20.5242
59.4456 19.3539
60.3592 19.4229
62.0511 18.7391
61.1293 18.619
60.048 18.5613
60.2423 18.744
62.1311 17.9695
60.9105 18.4668
62.214 17.8848
59.7192 18.8566
60.212 18.8498
61.8138 18.3799
61.2109 18.2828
60.0074 18.6619
60.5602 18.9158
59.1838 19.1403
59.1127 19.329
56.0646 20.4243
55.9748 20.4243
57.1352 19.9002
57.4565 19.717
57.9436 19.8246
57.9671 19.7051
56.7444 19.9932
56.6587 20.1686
56.0169 20.1324
56.7549 19.6256
58.7956 19.198
59.733 19.2314
58.4143 19.5931
57.0108 19.6685
58.2645 19.5576
57.5197 19.5158
57.9863 19.4003
59.0077 18.8915
60.0878 18.9881
59.7128 18.9422
57.7847 19.2258
58.4726 19.2447
59.3677 18.8753
58.9817 19.4967
57.9176 19.6956
58.8895 19.5941
58.3694 19.4414
57.8373 19.5774
60.7911 18.455
60.3497 18.4405
59.9799 18.6111
59.6532 19.0502
58.7473 19.0794
58.9832 19.2696
58.2687 19.2012
58.9788 18.8438
61.383 18.1923
62.0351 18.0979
61.5351 18.4444
60.9008 18.1735
62.0134 18.1702
60.8784 17.6028
59.7405 18.2934
60.5738 18.5075
58.0065 19.734
57.9903 19.3247
57.9857 19.4192
57.9001 19.151
57.1988 20.0262
58.0296 18.8656
58.5083 19.289
60.1937 19.4509
58.0689 19.7736
57.3761 19.6652
60.751 19.0091
58.0675 19.1187
58.0545 19.8992
57.0872 19.6368
58.621 19.7569
57.7647 19.2054
58.9103 19.6103
59.5898 18.72
60.3373 18.6051
60.3885 19.1885
58.0703 19.1965
57.5269 19.2994
60.005 18.775
58.352 19.0515
60.1422 18.9662
59.2163 19.8159
58.8303 19.183
59.9026 18.5731
61.8192 18.7531
61.3125 17.7572
60.5333 18.9159
61.3917 18.0916
60.3589 18.5557
60.2779 18.7213
61.5168 18.3467
59.8341 18.4609
61.0927 18.016
59.5041 18.5998
58.923 18.8446
60.5466 18.4261
59.2805 19.4782
60.803 18.9426
58.1108 19.2484
58.5731 19.5938
58.4124 19.4936
59.0575 19.2024
59.8032 19.4464
57.8184 19.5349
57.8412 19.6204
56.8226 19.9267
56.7247 19.3225
59.1445 19.0958
58.2663 19.8619
57.9405 19.9196
58.4639 19.3864
59.7226 18.6467
58.7077 19.4369
55.5144 20.8411
56.5739 19.6802
57.188 19.296
60.0571 19.07
60.9076 18.7903
60.0325 18.6207
60.2157 19.0155
58.867 19.0064
58.7305 19.5565
58.6997 19.1041
58.5472 19.4191
56.604 19.9913
58.3462 19.6726
58.7017 19.2968
60.2707 18.9434
61.0627 18.7702
60.3008 18.7702
59.085 19.2232
59.5046 18.4737
59.7036 18.6273
59.193 18.5846
59.2085 18.4126
59.8324 18.998
60.8132 18.7275
59.8856 18.6114
59.2913 19.0251
61.1038 18.5422
62.0512 18.0244
62.4509 18.187
63.7968 17.7864
61.6249 17.773
58.7199 19.7095
59.0217 20.2696
57.9378 19.9575
57.5995 19.7045
58.2874 19.245
58.6468 19.1252
60.1201 18.5314
60.8018 18.2735
59.9723 18.5322
59.716 18.7548
59.773 18.6428
58.2155 19.779
57.2312 20.0597
57.1986 19.7058
58.7716 19.3895
57.6381 19.8718
56.7004 20.1054
58.024 19.2883
60.0126 18.5111
60.0627 19.0451
60.3427 18.9596
59.8941 19.4273
59.4057 19.2825
58.1542 19.1868
58.3506 19.0166
58.2837 19.3153
58.4177 19.4811
60.9027 18.3888
60.7121 18.8145
59.3563 19.3606
59.3367 19.0043
59.354 19.0007
58.673 19.3417
58.7854 19.0444
61.5821 18.8428
59.767 18.8067
58.9056 18.9708
57.5089 20.2648
57.6162 20.3483
60.3512 18.644
59.3607 18.9992
59.2763 18.9987
61.5874 18.9069
59.1578 18.8478
59.9218 19.0381
59.7488 19.0613
58.6288 19.6858
57.9883 19.2608
56.7968 19.637
58.7671 19.1209
58.9111 18.9238
59.2034 19.0048
58.8522 19.2797
57.6584 19.4429
59.2585 19.2481
59.1707 19.2937
58.6399 19.8723
58.9624 19.0912
57.314 19.8315
57.2279 20.05
57.8375 19.741
57.6328 19.3658
57.5795 19.1124
58.7791 19.2957
58.0619 19.5043
57.5629 19.2417
58.3664 18.9631
59.3008 19.0626
59.5651 18.6562
62.2769 17.5868
62.2914 17.461
60.8755 17.7908
60.9354 20.0757
60.8685 18.1287
63.6032 17.6911
60.8723 18.3053
60.2975 18.9133
60.4347 18.4695
60.1739 18.4857
60.6296 18.3904
60.7268 18.1108
59.2188 19.355
58.7866 19.7353
57.23 20.0565
58.3792 19.2258
55.5541 20.0655
56.3204 19.9035
56.8866 19.9306
58.0771 19.6878
58.2711 19.6544
62.6847 18.745
60.6591 18.3177
61.6501 18.273
60.3903 18.5517
62.0868 18.7784
59.2349 19.1689
58.7619 18.9949
59.6894 19.3809
60.0388 19.1352
59.309 19.2974
60.4507 18.8141
60.7876 18.3162
60.8122 18.1785
62.8995 17.7146
61.6097 18.5019
60.0892 18.846
60.2463 18.4557
59.2075 19.2901
58.0972 20.1206
58.8978 19.4962
58.6494 19.0919
61.177 18.4413
58.839 19.1899
59.6734 19.4503
57.1976 19.4757
59.8705 19.1015
59.9489 19.0978
60.1094 19.3067
60.0924 18.7495
60.7101 18.7594
60.4095 18.5147
60.4745 18.5918
59.75 19.0561
60.7971 18.7658
58.9405 18.8279
59.687 19.2066
58.8111 19.1801
58.9318 19.0496
59.5236 19.0362
57.6741 19.6076
58.01 19.8327
57.9089 19.6478
59.6241 19.2476
58.6531 19.73
58.7134 19.5668
56.4282 19.9481
57.0701 19.6178
56.8554 20.26
58.5764 19.1382
60.2969 18.545
60.1847 19.1221
59.0798 19.7411
60.3158 18.6383
60.5509 18.6292
59.3585 19.6733
59.7697 18.8654
59.4849 19.3891
57.5293 19.3437
58.4422 19.2253
59.6379 18.9854
59.2693 19.345
60.1203 19.1639
61.5674 18.771
60.4729 18.8535
59.9882 18.6584
60.528 18.8128
57.683 18.9884
58.9388 19.1152
60.1392 19.1857
58.2004 19.8444
59.3548 18.8129
58.4216 19.5972
58.3954 19.6833
56.7447 19.8426
59.5944 19.0922
58.6258 19.4499
57.6892 19.6658
58.7544 19.1432
59.9523 19.4994
59.7549 19.3393
60.9558 18.9287
59.271 19.4793
60.3073 19.1685
59.6247 18.678
58.6968 19.5789
57.9405 19.2452
58.0741 19.1989
57.5303 19.8743
59.0548 19.3626
57.6735 19.5243
56.7663 20.3445
55.4033 20.5619
56.3673 20.4053
56.3221 19.6499
56.5112 20.0365
57.406 19.7063
60.1717 19.1795
59.9138 19.5759
60.8845 19.4596
58.8711 19.157
58.7559 19.3154
58.2946 19.28
57.5614 19.5245
58.0052 19.6574
58.1875 19.2196
59.8516 18.9791
59.1136 19.0244
57.685 19.3797
58.2787 19.4952
59.7631 19.2073
59.3609 18.6669
60.1705 18.3587
61.0527 18.8356
60.0848 18.7751
60.193 18.8536
58.7909 19.3666
58.4549 19.4468
60.3867 19.2372
60.7886 18.0472
60.1757 18.7567
60.6637 18.2472
60.6144 19.0859
61.0295 18.1987
60.8503 18.8007
59.2705 19.2583
60.1298 19.3639
58.5527 19.0034
59.3116 19.2544
57.4149 19.6028
59.289 19.2688
59.0099 19.5041
59.6082 19.2722
57.3516 19.7435
58.3267 19.5214
58.3663 19.5563
57.9995 19.416
58.1684 19.5516
57.7275 19.5351
57.1965 19.3359
56.6202 19.5424
57.798 19.6132
57.2009 19.6976
57.1312 19.4805
58.748 19.4906
57.4426 19.1363
59.0371 19.0825
59.0787 19.0593
59.6959 18.6589
60.1722 19.296
57.5316 19.8745
56.1742 20.1498
55.6786 19.9676
57.6762 19.9102
57.9265 19.6651
56.3368 20.0571
57.7195 19.3264
56.5859 19.4294
57.0482 19.7343
57.6248 19.3811
58.4851 19.6462
56.7077 20.2566
56.6704 19.9061
58.2811 19.0527
59.2157 19.1167
59.4505 19.0735
59.8083 19.1885
59.5036 19.1609
59.6199 19.261
59.9285 19.1783
58.5503 19.2305
59.4274 19.0587
59.8258 18.9866
59.8161 18.3681
60.455 18.9119
58.8999 19.2639
57.7337 19.6331
58.293 19.1718
58.2312 19.5439
58.8904 19.8657
58.9621 19.9406
59.2003 19.3912
58.3451 19.1927
56.6869 20.4981
57.0643 20.187
57.6487 19.2761
57.1762 19.5564
58.1863 19.4866
56.257 20.1669
59.8397 19.4176
59.5093 18.9223
60.4283 18.5134
60.7857 18.8296
59.0262 19.5035
58.312 19.9194
58.1519 19.1821
59.8392 19.0201
60.433 18.5338
59.6135 19.2263
57.5161 19.1657
57.1448 19.9461
57.0704 19.5848
57.423 19.5769
59.0453 19.2086
59.5915 18.4006
58.8685 18.7188
59.6209 18.9239
59.1827 18.7497
59.7847 18.8961
60.8945 18.1693
60.381 19.2549
58.3762 19.3023
58.6481 19.0267
59.1147 19.4603
59.5112 19.338
60.6064 19.5237
61.6207 19.2725
59.7339 18.5292
59.7605 18.6869
60.0287 18.4808
60.9613 18.0298
60.6849 18.3554
60.3378 18.9272
58.8178 19.6868
58.4141 19.4195
59.3141 19.1899
60.402 18.5365
62.322 18.0775
60.2719 18.5683
60.5637 19.1209
60.608 19.1209
61.5383 18.9883
59.3582 19.0019
59.5819 19.2663
58.3794 19.4501
58.1145 19.7284
58.1504 19.3957
57.6849 19.7282
57.5439 19.1686
59.4052 19.1399
59.2125 19.1491
58.8623 19.4938
57.0103 19.8091
57.0982 19.6793
59.0213 19.5162
58.4559 19.407
60.2528 19.0518
58.9813 18.8461
61.5546 18.6129
61.0444 18.0354
59.2081 19.0352
59.1962 19.1462
57.9239 19.3738
57.4148 19.3499
58.5229 19.3507
58.0004 19.5117
58.3282 19.2959
58.2953 19.5139
57.6392 19.9337
57.8315 19.5254
60.3986 18.91
60.2645 18.7475
58.275 19.3696
58.8513 19.7434
57.1143 20.0516
57.5364 19.6136
57.9856 19.5031
57.1404 19.5031
56.8451 19.8507
55.5452 20.8005
55.8826 20.2755
58.7028 19.2145
59.3548 19.3969
58.4025 20.0628
56.9116 19.6706
58.2214 18.9251
58.6957 19.4484
58.703 19.0861
58.1779 19.8996
58.5152 19.0864
58.2376 19.0848
58.2376 19.0639
58.0006 20.2182
57.5592 20.1183
55.9394 20.4566
57.3813 19.7985
56.8615 19.6871
58.3471 19.294
57.9608 19.9862
56.4742 19.9742
54.3773 20.5512
56.4947 19.46
57.3402 19.9056
59.7049 19.5836
59.6615 19.0527
59.861 19.4003
60.2207 18.7758
58.5952 18.7832
60.3227 19.2763
61.3953 18.9166
57.8615 19.0687
56.3403 19.9177
57.815 19.3583
58.0153 19.9807
56.9512 20.1909
57.5083 20.0121
57.1313 19.5966
58.3215 19.7889
56.2582 19.8731
58.862 19.3741
60.2033 18.82
57.8033 19.6134
57.7486 19.6275
57.5943 19.7042
57.6892 20.0116
57.7874 19.711
59.2816 19.5931
58.9327 19.4548
58.529 19.1596
59.2711 19.1164
60.7594 18.3691
60.4774 18.0668
60.5926 17.9888
59.5691 18.7903
59.168 19.4096
58.7016 18.9229
60.6675 18.9099
59.3865 18.9179
59.9119 19.1337
59.2452 18.9715
60.1008 19.15
59.0837 19.4041
59.8753 18.8096
58.8294 19.6841
57.9702 19.8887
57.5508 20.218
57.6844 20.1799
56.2795 20.1552
55.5581 20.3815
59.1719 18.9755
58.5874 19.3134
56.8323 19.8431
56.4023 19.8357
57.475 20.1569
57.6039 19.7447
58.1503 18.9084
60.4022 19.4948
59.0524 19.2401
57.7291 19.4388
58.3288 19.4674
58.6439 19.8395
58.018 19.7429
58.7393 19.5604
59.0286 19.1267
58.7776 19.1725
56.7621 19.8497
57.1074 19.8799
58.7152 19.591
60.8557 19.0277
57.4086 19.4348
55.5931 20.2694
57.5048 19.573
58.5295 19.4791
59.7937 19.2262
59.8729 18.9694
58.4392 19.1409
59.5761 19.1263
59.1497 18.7868
57.706 19.5814
56.7633 19.8548
58.6947 19.0769
58.5015 19.3964
59.3906 19.104
60.4303 18.4155
60.2179 18.8158
59.6002 18.6663
59.7318 18.8699
60.223 18.9631
62.1833 18.4426
62.419 18.4128
62.8413 18.1386
61.105 18.8694
60.6599 18.6915
59.9003 18.6352
60.6373 18.735
60.6416 18.7848
60.1905 18.9585
58.1461 19.6549
57.7377 19.6963
56.8835 19.5485
58.9456 19.2622
59.1372 19.7237
58.4669 19.9111
62.2009 17.892
60.9612 18.343
60.4414 18.8525
58.9324 19.6842
58.2845 19.1174
58.5016 19.1174
59.3281 18.6686
60.1266 18.6029
59.506 18.8001
59.9781 19.337
58.9932 19.7577
57.1594 19.8969
57.6718 19.5898
57.887 19.3645
59.8492 19.4077
60.2631 19.1253
60.5837 18.8142
60.4061 18.1777
58.8431 18.8924
57.7161 19.7356
59.5652 19.3829
59.4045 19.2344
58.655 19.5458
58.4435 19.2154
58.9696 19.112
59.377 19.1693
57.6469 18.8561
58.1866 19.7061
57.0774 19.4507
58.5263 19.4299
59.0839 19.0788
60.5368 18.4327
59.7438 18.8745
57.9846 19.2561
58.131 19.3538
58.2331 19.0262
59.4058 18.7481
57.0059 19.7983
59.9932 19.2638
61.1435 19.0527
61.0808 18.818
60.6843 18.6547
61.5838 18.1638
61.5295 18.7319
60.6688 18.6749
59.9084 18.7858
59.9428 18.8546
59.1585 19.6142
57.7821 19.5622
56.4722 19.8759
56.6639 20.0087
57.0772 20.1114
57.8823 19.8284
58.9807 19.0947
58.4824 19.1204
57.5729 19.0806
58.7068 18.9527
58.0154 19.5469
58.527 19.9089
58.7646 19.8713
57.6744 19.5016
57.2348 19.9262
56.9722 20.2086
57.5267 19.3709
57.123 19.089
57.59 19.1255
58.971 18.882
57.7102 19.8279
57.0358 20.0682
57.3885 20.0783
56.5276 20.1455
57.2977 19.6815
56.2732 20.1576
57.8441 19.5745
57.8441 19.7231
56.842 20.2459
55.8797 20.1839
58.1832 19.5609
58.1842 19.431
57.6854 19.7337
57.5333 19.8526
58.0006 19.7273
58.1063 19.2877
59.832 19.0035
59.3319 19.0597
59.5879 18.5328
60.2927 18.3345
61.0682 18.1652
59.5564 19.0559
59.6715 19.2105
59.4394 19.2602
59.626 18.8486
59.1134 18.9529
57.5713 19.4407
58.1843 20.0261
60.4256 18.3726
60.8283 18.3296
59.0721 18.7869
60.3667 18.832
59.6447 18.8336
59.2396 18.9574
59.5681 18.8728
59.3834 18.8586
59.6983 19.1512
58.3881 19.1388
58.5536 19.2283
58.728 19.0422
58.728 18.9376
59.7298 19.0794
58.781 19.0782
57.7798 19.5622
58.8 18.8984
59.9504 19.2227
59.2434 19.1985
59.5976 19.3435
59.6241 18.747
60.9965 18.6746
59.1861 18.9907
62.7738 17.6351
57.9932 19.2149
58.479 19.0342
60.0344 18.9341
58.6128 19.2706
59.2741 19.5139
59.9681 18.7618
60.2909 18.7261
59.9925 18.3373
61.5402 18.7356
58.7486 18.6818
60.2727 18.3088
60.3328 18.2479
60.1163 18.2512
59.135 18.2158
59.9423 18.91
60.7366 18.4931
60.3788 18.4644
59.1095 19.2973
59.7471 18.9527
58.2527 19.9338
57.6976 19.9432
57.6976 19.8629
56.8187 20.1066
57.7138 19.9367
58.3201 19.8452
58.6054 19.391
59.2172 19.3379
57.4516 19.6158
59.712 19.0572
59.7534 19.5114
60.1065 19.1477
59.9393 18.7324
61.1135 18.2168
60.4145 18.3385
59.5477 18.5932
60.0132 18.8304
59.2626 18.7279
57.4028 19.51
58.7757 19.1535
59.9509 19.1309
58.3397 19.3683
59.4257 19.4028
58.698 19.1534
58.86 19.5895
59.9136 18.9232
59.5881 18.8154
58.8304 18.808
57.7642 19.4036
60.1414 18.9295
59.4259 19.2675
58.2834 19.4482
58.6097 19.8874
58.8234 19.6415
58.5414 19.4456
59.1612 19.4981
56.9984 19.42
57.2938 19.6956
57.2723 20.1762
55.423 20.168
56.1831 20.5094
59.5171 19.3463
57.2662 19.1362
59.1948 18.8793
58.6717 18.8853
59.5407 18.4445
59.8116 18.6025
59.3474 19.0006
58.9542 19.7662
59.1032 18.8784
61.1636 19.3175
60.9632 18.2032
61.2744 18.9743
61.8855 18.6789
61.1523 18.5406
59.8665 18.2908
60.5703 18.1857
60.4503 18.4525
60.4503 18.8131
58.7299 19.1939
58.6209 18.8854
59.9448 18.8003
58.6707 18.9439
58.3579 19.2983
59.6189 19.1871
59.603 19.2008
60.3608 19.1462
58.2044 20.2941
57.9414 19.6275
57.7714 19.3316
57.5835 19.5136
59.6842 18.9121
58.2343 19.7941
58.3854 19.0682
58.4499 18.845
58.8832 19.0423
57.4979 19.6303
59.5255 18.8205
60.1654 19.0722
58.9093 19.2209
58.0246 19.0614
58.6503 19.1561
60.6765 18.5075
61.1364 18.4669
61.1633 18.3284
59.6485 19.0805
59.715 18.9345
57.9424 19.6728
57.596 19.6954
57.181 19.1503
57.8271 19.5345
56.8139 19.9461
57.7482 19.8148
56.9296 19.8951
57.2055 20.0098
57.8787 19.5364
57.6575 19.6487
56.724 19.8146
57.403 19.7794
58.4201 19.6535
57.3321 19.45
58.1241 19.1386
59.1652 18.6652
59.6363 18.8374
59.2309 19.3367
60.9942 19.0578
60.5816 18.4642
59.1884 19.4425
58.8796 19.4584
58.9173 19.5776
58.5266 19.4254
61.9015 18.3107
62.0749 18.2322
59.9289 19.0422
58.2427 19.5201
59.0673 19.622
57.5736 19.7127
58.342 19.6281
59.8573 18.5997
59.6223 18.8221
59.9264 18.4582
58.9716 18.9068
58.9966 18.957
57.8077 19.5459
61.7442 17.6967
59.1831 19.0033
59.9218 18.8004
58.7636 18.6298
60.0535 18.6297
60.1741 19.1887
59.7285 18.8452
60.4461 18.6932
60.0726 18.0977
60.2702 19.0309
61.478 18.852
59.7928 18.637
57.7857 19.9654
58.089 20.3426
60.4884 18.9751
59.355 19.0178
60.5501 18.16
58.7407 19.0463
58.8094 19.1171
58.7806 19.1004
56.6074 19.2587
56.9625 18.7957
58.9762 18.9825
60.3777 19.0403
59.2076 19.0244
59.1715 19.0093
59.2153 19.0945
59.064 18.7442
59.9964 18.8731
59.7237 19.319
59.852 19.1923
59.0934 19.3381
57.3493 19.9249
58.0323 19.9559
57.3891 20.0399
56.7831 19.8837
59.3197 19.2286
56.9539 19.6961
59.1002 18.6941
58.3164 19.3066
58.7089 19.2201
58.9316 19.3835
58.6751 19.1145
60.3947 18.9631
59.9911 18.4657
59.6684 18.4723
61.1554 18.7471
59.5557 18.9977
58.9491 19.0251
58.8341 19.1837
59.5681 18.9469
59.6766 18.9526
59.7823 18.3739
60.6052 18.6794
58.3383 19.8619
56.5949 20.3843
58.0238 19.9532
58.3009 19.707
57.3943 19.2387
57.5319 19.7515
56.3788 20.2635
57.9121 19.8599
57.6913 19.3993
57.7505 19.783
57.7152 19.8616
55.565 19.9851
56.2341 20.2773
56.3441 20.5522
56.1389 20.4826
56.8746 20.0115
58.36 19.8997
59.4745 19.2248
58.6534 19.3511
59.7543 18.8357
56.2884 19.7135
56.4654 19.6966
56.1026 19.8914
57.7441 19.3464
58.7176 19.1799
59.0766 18.9743
58.3132 19.3389
57.3792 19.7035
57.1491 19.915
58.918 19.2386
59.0526 19.1037
59.0526 19.2626
57.5583 19.3107
58.8465 19.31
59.7889 19.7393
56.3415 20.2355
57.6869 20.4976
56.7831 20.2128
57.1592 19.9161
57.0781 19.8249
58.1674 19.4653
59.2763 19.3344
57.405 19.8823
58.5067 19.32
59.8176 18.8138
62.1703 18.1256
62.5746 18.1531
61.4574 18.0863
60.5951 18.5656
59.7058 19.0867
61.1768 18.8366
60.2232 18.7761
58.4785 18.9749
58.731 19.5376
57.9168 19.4891
59.7553 19.2987
59.0421 19.5273
58.8757 19.5072
58.7154 19.547
58.9375 18.9421
59.08 19.4119
58.6392 19.2257
60.1779 19.0254
59.5436 18.5389
57.955 19.2608
58.9118 19.0691
60.6589 18.8237
59.2865 19.1413
59.1575 19.0554
60.0436 19.0493
59.1657 19.0761
59.0879 19.2309
58.7192 19.6706
60.359 19.1872
59.5571 18.5952
57.5439 20.0588
56.1744 19.9188
57.3852 19.7474
57.6346 19.3542
57.2641 20.0776
57.0506 20.5745
58.0387 19.6714
60.4007 19.8308
58.0527 19.1915
61.5014 17.9971
62.6772 18.5007
59.4834 18.6239
58.8253 19.385
59.3149 19.4154
59.3707 18.4731
61.1981 18.2224
61.2186 18.2224
61.9046 18.3842
60.2666 18.8031
58.6304 19.0317
60.1123 18.844
60.1996 19.147
58.3618 18.906
57.9313 19.0627
58.138 19.0666
60.3885 18.3467
59.2142 18.8525
57.4871 19.2148
60.2845 19.1268
59.7208 19.0419
61.6442 17.9372
62.5792 17.7043
61.5514 18.7199
59.1633 19.4604
58.5355 19.4124
60.6653 18.5123
59.0869 19.3503
59.6589 19.059
62.4277 18.3559
60.1289 18.7796
60.5555 18.3349
61.3488 18.2906
61.1796 18.6083
60.017 18.5551
58.66 19.2455
56.0604 19.839
58.2756 19.4281
57.4063 19.5603
56.355 20.4272
58.0292 19.2814
57.4781 19.1529
57.7654 19.4312
58.0269 19.5935
58.4433 19.422
58.1377 19.6175
59.1176 19.2857
58.6564 19.366
58.9588 19.4137
59.3889 18.8818
61.3715 18.2517
60.9056 18.6141
59.6938 19.0879
59.5001 18.9413
60.2601 18.6469
59.8816 18.5281
59.0188 18.4138
58.214 19.8887
58.8343 19.6754
60.727 18.9644
58.7408 19.3244
59.7126 18.6472
58.8374 19.7
58.3966 19.6837
59.8804 18.5939
59.1122 18.8205
60.6028 18.726
60.6937 18.4192
59.9329 18.7029
60.1324 19.0889
59.8099 18.9943
59.7169 19.0651
58.6331 19.5256
58.1448 19.2218
59.9886 19.1529
59.4656 19.4588
58.9181 19.1076
60.8697 18.5562
63.1866 18.1407
60.2345 18.9577
58.4823 19.4007
57.7551 19.3292
58.1592 19.4004
57.0785 19.5547
60.0222 18.6882
61.0962 18.3125
58.9147 19.0646
58.7168 19.2864
58.2791 19.8009
58.0317 19.5527
57.2317 19.4176
56.9007 19.6436
56.6548 19.7543
58.6854 19.6243
59.0051 19.325
58.8332 19.5813
58.0198 19.2869
58.412 20.1104
57.1241 19.585
58.0901 19.4875
57.4263 19.6986
57.8013 19.5023
57.2028 19.6486
57.5414 19.3032
57.5332 19.6174
57.6011 19.7117
58.1622 19.2083
58.204 19.2881
57.3926 19.5195
58.9022 19.2586
58.1567 19.0717
58.9439 18.8681
60.1128 18.9342
59.0328 19.1555
59.0153 18.9547
58.856 19.2055
57.7941 19.307
57.9388 19.4014
57.8427 19.1738
57.8467 18.8891
57.8763 19.7901
57.8676 19.7424
59.3575 19.3262
59.0739 18.9053
59.4453 18.9891
61.3267 18.1835
61.0536 18.6972
58.9275 19.1034
58.0794 19.2187
57.9382 19.0804
58.9857 19.5085
59.2979 19.2975
59.7781 18.9944
60.5561 18.6082
59.4163 19.2167
59.2863 19.7129
59.0227 19.6765
59.6758 18.7436
58.6786 19.1787
59.3176 19.093
59.1135 19.2506
59.0503 19.3337
59.545 19.6061
58.1957 19.6275
60.1917 19.1429
60.1069 18.5845
59.8602 18.736
61.1352 18.3755
62.3353 18.1239
61.5794 18.1239
60.7619 18.8094
58.3506 19.1641
59.1778 18.9988
58.6445 19.9741
58.6427 19.8452
60.1019 19.1807
59.1521 18.908
59.3337 18.9558
59.3172 18.8591
60.0823 18.8098
58.9594 19.2426
59.4655 19.0044
60.3695 19.2394
58.3533 19.5831
57.7773 20.0804
56.289 20.1821
57.5283 20.1821
56.0893 19.8124
57.3165 19.947
56.8335 19.7906
58.3306 19.4888
58.8849 19.3709
58.4211 19.6148
57.9022 19.7899
58.1055 19.4863
62.6757 18.0497
61.8064 18.6329
62.3746 18.8411
58.0848 18.8803
56.4658 20.2024
57.1536 20.2514
56.1793 20.5087
54.5123 20.1256
57.8698 19.2764
57.3928 19.4545
57.8463 19.7516
58.0176 19.4159
58.585 19.1766
57.5448 19.8616
56.7198 19.7988
56.3202 20.1616
56.5773 19.9003
57.2124 19.7619
57.6212 19.9243
57.0976 19.9221
58.1085 19.6595
60.7707 19.1206
59.4254 19.3146
59.4333 19.7996
60.1015 19.1287
58.4293 19.6563
58.8324 19.7199
59.7023 18.9188
60.3894 18.2162
61.1978 18.2789
61.1822 18.4436
60.1114 18.8778
59.0394 19.0374
59.1557 19.1997
58.949 19.4351
58.8788 19.4996
57.7851 19.6363
58.5002 19.8683
58.905 19.1566
58.2551 19.6608
57.3408 19.8
57.0992 19.6553
59.2889 19.0406
59.3217 18.8632
58.7792 19.1674
58.447 19.451
58.8557 19.4733
60.0592 19.2759
57.4113 19.3435
56.6124 19.8515
55.6653 20.9104
54.8962 20.25
57.4159 19.7834
55.102 20.1894
56.9698 19.8174
59.5419 19.0028
58.0611 19.5059
57.1694 19.3828
56.9871 19.3828
58.0425 19.3575
58.4922 19.6833
59.5654 19.1609
58.1109 19.6162
60.2876 19.0008
60.7893 19.1147
60.2284 18.8792
56.4967 19.7173
58.5598 19.7022
59.3982 19.3847
58.3784 19.1405
57.7791 19.4832
59.1368 19.389
57.6761 19.1036
58.6925 19.3121
57.9743 19.413
59.0141 19.666
58.2664 19.7765
58.6923 19.4797
58.5603 18.9398
58.6333 18.9474
58.5042 19.5272
58.735 19.2226
58.3191 19.2927
56.5332 20.0595
58.0626 19.6056
57.9329 19.6923
58.0307 19.7912
58.0808 19.977
57.091 19.7987
56.9274 19.7076
57.4523 19.719
56.5095 19.7423
57.5122 19.375
59.4487 19.4754
59.201 19.5214
58.1294 19.6994
58.493 19.6951
58.5447 19.2856
59.4145 19.392
59.0255 19.1469
58.2091 19.3299
58.3229 19.4946
58.6245 19.3428
57.3577 19.4925
56.444 20.0012
56.7351 19.739
56.9979 19.602
57.1332 19.6718
57.5742 19.9617
57.7264 19.6923
59.1461 19.3472
59.6312 19.578
58.8694 19.5575
58.0624 19.589
58.0578 19.5503
57.9383 19.5458
58.0195 19.2209
57.7615 19.604
58.7759 19.2039
58.7886 19.3775
58.4528 19.7179
58.8174 19.5256
59.1516 19.0115
61.3762 18.6522
60.9815 18.1716
58.1811 19.3153
58.9776 18.9591
58.5129 19.0161
58.8837 18.7925
59.2685 19.644
58.3517 19.7642
56.523 19.8737
56.869 20.0602
59.1017 19.2428
59.142 18.7931
56.4235 19.7886
56.2114 20.2508
57.8108 19.0665
59.1711 18.6241
60.2742 18.4649
60.0442 18.6356
60.8569 18.5265
61.471 17.738
62.3005 18.3814
61.5908 18.503
61.1982 18.5293
60.0528 19.0615
58.8551 19.5751
57.2632 19.905
58.4292 19.6136
57.9049 19.6501
58.9321 19.1858
59.6042 18.9626
61.2053 17.9694
60.8957 18.3494
59.6863 18.3476
60.915 18.4499
61.4547 18.262
59.3869 18.6243
61.2243 18.2916
60.2774 18.8941
59.239 19.2938
59.404 19.4759
59.7337 18.8616
60.9688 18.2157
61.7081 18.5293
58.9521 19.053
60.8144 18.8064
61.8422 18.0472
60.8722 18.6718
59.1957 18.5702
60.9137 18.9331
58.9102 19.3331
59.6102 19.2498
59.8235 18.9973
60.5131 18.4909
62.1529 17.9478
62.6059 18.53
62.1668 18.6725
58.7886 18.893
57.3778 19.7045
57.3846 20.0907
59.376 19.1058
