563.997 9.52569
557.972 9.53646
549.074 9.33871
545.663 9.68408
497.27 9.5374
546.819 9.74554
549.28 9.43953
559.946 9.56117
562.044 9.64488
538.137 9.48108
563.444 9.46102
552.396 9.27082
539.361 9.50464
542.059 9.69571
578.346 9.73607
573.213 9.21755
583.028 9.33835
581.412 9.50885
558.664 9.27809
577.681 9.44601
542.437 9.4497
554.599 9.33948
528.379 9.52493
499.612 9.66849
499.546 9.40133
500.757 9.50933
485.764 9.54444
498.992 9.5851
498.992 9.64292
542.145 9.40262
543.068 9.67481
503.642 9.55055
470.68 9.35743
502.098 9.42697
511.387 9.46087
538.706 9.65751
505.435 9.31539
517.926 9.29853
532.013 9.69466
535.519 9.62193
530.356 9.74912
483.916 9.52305
472.959 9.32383
502.746 9.5031
534.796 9.93641
559.383 9.76715
554.782 9.55968
546.973 9.53338
584.816 9.28742
542.965 9.46242
526.259 9.33815
502.292 9.62145
518.278 9.37535
540.702 9.60788
559.268 9.75486
557.738 9.29806
551.945 9.52455
570.025 9.57391
536.733 9.54484
557.243 9.26015
535.517 9.38596
548.018 9.40091
541.546 9.39452
543.098 9.53968
528.175 9.34205
552.851 9.45572
564.981 9.57349
571.776 9.3082
571.776 9.36019
619.531 9.67137
590.46 9.46718
572.641 9.61844
593.013 9.2989
602.272 9.36267
614.58 9.65241
612.614 9.71441
535.926 9.37396
553.277 9.46138
572.123 9.32337
617.081 9.36857
613.384 9.26205
597.672 9.55026
576.516 9.42266
555.606 9.53148
555.223 9.53679
528.007 9.63674
524.567 9.17371
585.763 9.56825
585.763 9.52369
583.613 9.55942
610.606 9.35045
603.516 9.14865
586.734 9.12907
597.068 9.56616
588.114 9.66122
554.526 9.75362
543.235 9.50051
543.235 9.28523
546.719 9.62811
549.86 9.47321
567.403 9.33889
572.035 9.23457
492.393 9.3932
528.781 9.46066
504.785 9.43265
499.813 9.5816
532.805 9.52452
562.628 9.57857
599.644 9.58393
599.644 9.43708
533.156 9.60462
505.304 9.29863
478.552 9.33532
519.16 9.48644
519.35 9.59335
517.505 9.52322
552.064 9.12211
498.66 9.66689
454.415 9.65515
454.268 9.56057
453.493 9.47483
453.571 9.44548
454.533 9.32908
455.794 9.54648
450.875 9.38141
435.889 9.37329
430.143 9.5286
417.044 9.4471
397.401 9.34869
413.113 9.42814
395.595 9.47137
403.862 9.40734
401.724 9.49267
397.246 9.49155
394.616 9.56771
400.903 9.75822
400.903 9.37471
397.907 9.24117
411.152 9.7691
438.948 9.42759
443.05 9.34522
443.05 9.26906
443.05 9.42044
443.635 9.42514
443.635 9.57633
439.659 9.59422
472.513 9.54852
476.807 9.2618
480.239 9.50591
451.615 9.61603
451.615 9.50387
459.126 9.47359
462.273 9.58102
412.232 9.49209
409.666 9.71931
440.916 9.28219
445.25 9.47558
464.811 9.5656
482.291 9.50873
494.859 9.45156
482.835 9.53783
472.663 9.48529
466.493 9.54902
446.431 9.58725
474.48 9.62665
462.615 9.62041
462.962 9.66073
464.997 9.63344
471.85 9.47325
564.206 9.74885
571.511 9.13143
551.46 9.40637
550.651 9.51455
518.15 9.40278
537.985 9.26571
549.41 9.36226
526.817 9.30384
491.576 9.7748
488.04 9.73696
489.499 9.70534
481.038 9.578
481.038 9.52105
486.235 9.59222
486.235 9.35858
503.494 9.50652
494.691 9.39775
494.691 9.47191
494.691 9.64551
509.67 9.3614
525.145 9.3962
576.61 9.69951
572.087 9.47008
549.763 9.67202
549.812 9.39747
541.709 9.2599
543.078 9.32651
553.42 9.71013
550.826 9.52059
573.037 9.09757
581.649 9.17639
575.501 9.48797
580.209 9.60802
560.079 9.39542
529.985 9.46964
470.889 9.55824
467.994 9.39243
479.531 9.54436
471.677 9.39854
467.413 9.53111
465.489 9.31607
461.669 9.56444
488.913 9.61993
473.07 9.27142
520.9 9.20403
519.178 9.23503
496.793 9.36723
428.824 9.90646
455.604 9.46104
419.72 9.32899
408.817 9.40718
375.86 9.44643
417.633 9.38999
446.845 9.61342
437.844 9.27372
426.898 9.26129
416.15 9.66978
422.293 9.7319
483.801 9.63591
446.888 9.39784
439.398 9.61376
432.601 9.351
432.511 9.52812
463.35 9.61291
471.7 9.45425
532.745 9.42663
507.188 9.25774
477.634 9.66857
477.634 9.72446
477.634 9.3776
465.722 9.40044
476.935 9.24606
474.624 9.34246
496.531 9.27003
529.853 9.27798
547.154 9.38082
527.891 9.36881
525.993 9.24808
518.138 9.29909
484.058 9.27115
483.631 9.24613
508.672 9.3955
495.473 9.1958
481.286 9.50997
482.796 9.39817
438.146 9.564
438.146 9.51843
466.212 9.60556
486.758 9.39046
486.758 9.33639
486.758 9.68036
489.609 9.3372
463.499 9.62248
488.021 9.58378
523.507 9.28152
431.214 9.31816
448.241 9.67144
448.241 9.36373
405.554 9.59278
427.554 9.55463
452.193 9.58992
434.378 9.50758
419.978 9.59893
427.403 9.57192
463.473 9.44247
472.407 9.58009
478.755 9.27445
468.471 9.71156
463.992 9.37568
462.225 9.66664
497.078 9.38188
517.122 9.59998
505.824 9.57509
520.417 9.6055
546.152 9.5066
567.584 9.23319
617.891 9.62055
645.629 9.12563
602.543 9.49492
593.259 9.36774
584.027 9.60934
610.586 9.53401
578.823 9.55532
669.196 9.5037
669.792 9.42512
642.366 9.35531
563.491 9.47279
580.23 9.31401
548.188 9.48289
542.615 9.25984
547.968 9.66399
553.38 9.40681
579.117 9.55494
558.171 9.62421
509.72 9.48394
509.72 9.7712
549.317 9.4351
563.233 9.66351
530.653 9.36599
509.584 9.4294
546.722 9.49297
604.982 9.2492
637.226 9.38005
610.364 9.58398
666.647 9.4987
642.72 9.4934
603.156 9.50265
556.37 9.61313
599.802 9.46309
619.121 9.64446
578.971 9.57614
527.29 9.44376
574.597 9.3442
570.781 9.33067
577.982 9.73397
566.434 9.32784
567.442 9.31683
567.418 9.2419
572.949 9.12326
576.622 9.0678
591.084 9.26422
617.377 9.26362
568.233 9.46173
569.946 9.43599
565.792 9.48532
522.163 9.49829
548.03 9.48175
548.206 9.42427
545.389 9.27735
550.957 9.26709
550.257 9.12284
598.25 9.25308
598.25 9.40774
609.953 9.4514
605.955 9.59578
544.074 9.5398
582.604 9.60348
582.634 9.59917
574.939 9.54516
587.228 9.29158
617.897 9.49389
569.769 9.58324
534.213 9.42993
555.72 9.42619
509.625 9.89496
516.896 9.48954
544.002 9.37998
546.257 9.38925
525.769 9.57199
541.902 9.34563
521.94 9.61898
512.955 9.35962
538.667 9.48716
563.638 9.46255
546.211 9.20377
556.16 9.5054
582.669 9.49072
565.311 9.24962
518.811 9.5356
518.811 9.52005
517.2 9.52469
510.736 9.49511
480.15 9.51626
470.451 9.45644
497.996 9.65477
500.343 9.81643
501.509 9.44136
506.812 9.40995
527.75 9.84858
563.514 9.47343
554.926 9.60513
530.245 9.41093
545.853 9.33761
561.959 9.65117
565.773 9.4515
520.598 9.38603
497.562 9.48679
497.454 9.62794
555.272 9.60572
502.301 9.40963
478.824 9.51003
475.865 9.41193
492.136 9.41193
543.848 9.48546
526.467 9.47453
547.845 9.83431
579.726 9.74142
532.023 9.52358
478.318 9.68446
473.424 9.25141
535.878 9.54061
538.179 9.47212
555.149 9.50823
567.631 9.42068
532.43 9.17729
534.764 9.74121
546.637 9.50551
576.402 9.59191
499.257 9.32088
532.228 9.33305
520.022 9.44372
498.078 9.53966
516.175 9.55574
487.115 9.4092
505.971 9.2751
544.198 9.42415
563.507 9.5518
513.37 9.6411
511.092 9.49371
461.001 9.53484
473.992 9.33899
491.358 9.61913
487.186 9.15167
478.258 9.52375
497.066 9.49772
516.896 9.38661
505.366 9.40466
509.738 9.43922
554.862 9.35153
537.049 9.57687
539.814 9.59126
583.536 9.53398
599.913 9.60295
599.913 9.62377
569.192 9.22396
609.54 9.53059
534.805 9.65702
529.226 9.31521
530.025 9.48983
536.47 9.33213
509.55 9.47942
493.752 9.40534
495.032 9.26692
477.151 9.60376
476.442 9.13578
489 9.37094
491.681 9.81549
487.705 9.69002
459.997 9.48771
438.76 9.30355
444.903 9.4099
453.438 10.011
494.183 9.62179
490.505 9.21791
573.125 9.25139
546.352 9.53671
556.001 9.36202
566.788 9.40554
566.788 9.66839
569.952 9.32183
534.723 9.43892
552.493 9.56652
573.974 9.61562
569.579 9.42454
558.546 9.47086
583.995 9.60176
550.982 9.37829
603.384 9.49702
576.381 9.76073
605.881 9.67958
561.036 9.22773
547.195 9.59085
514.109 9.68817
570.68 9.63174
561.81 9.47312
541.403 9.46272
504.358 9.61722
522.476 9.53225
520.571 9.46159
503.892 9.48038
510.921 9.63013
508.932 9.68451
528.07 9.45833
586.289 9.67299
600.493 9.53224
597.484 9.50606
597.484 9.50542
589.219 9.512
612.063 9.32
528.558 9.79861
543.766 9.59804
563.138 9.69376
595.522 9.6863
584.947 9.63437
533.851 9.30131
548.122 9.80342
582.339 9.58711
605.519 9.18869
599.108 9.98245
603.912 9.40071
627.107 9.72631
655.456 9.65077
576.771 9.58692
588.657 9.07502
621.866 9.46267
621.866 9.46762
580.487 9.63162
573.187 9.6733
586.773 9.63867
565.844 9.61283
580.937 9.58112
550.318 9.55994
585.101 9.48344
610.127 9.72634
556.457 9.38467
592.558 9.24569
567.611 9.76103
567.611 9.60233
522.372 9.62334
564.427 9.28473
560.377 9.6307
537.955 9.63767
569.577 9.58576
569.577 9.68747
522.383 9.44355
496.099 9.44984
530.912 9.43819
555.779 9.66788
551.67 9.37408
553.246 9.5181
576.232 9.33201
572.264 9.5187
549.246 9.71147
518.98 9.5619
538.56 9.58038
517.541 9.51148
554.187 9.45033
523.508 9.55983
531.409 9.44959
554.781 9.51652
556.982 9.46944
568.425 9.52836
566.148 9.56563
566.148 9.4484
542.226 9.49768
505.108 9.61674
517.507 9.28021
558.67 9.73583
560.096 9.64111
578.802 9.6978
553.509 9.79881
553.894 9.56632
514.558 9.37194
523.072 9.21361
485.582 9.87783
490.236 9.43785
493.725 9.547
506.335 9.63308
467.069 9.49312
469.672 9.26306
478.534 9.81462
467.42 9.20218
446.101 9.38307
445.846 9.51318
499.223 9.2369
487.893 9.06857
534.769 9.24988
507.804 9.53498
536.989 9.60307
494.581 9.70865
531.802 9.49513
537.678 9.34571
510.182 9.37598
514.752 9.36825
530.739 9.505
550.752 9.50149
539.135 9.46909
543.799 9.89317
607.705 9.65262
565.19 9.69547
558.335 9.53926
586.011 9.32322
565.375 9.291
496.685 9.44047
511.764 9.65637
551.481 9.37392
554.318 9.47321
549.74 9.55169
566.123 9.30774
552.821 9.49194
574.748 9.19789
567.248 9.40856
592.956 9.46555
582.357 9.7938
583.773 9.58774
595.87 10.0365
590.433 9.65589
560.705 9.55143
578.858 9.67268
563.48 9.44767
633.656 9.58858
601.051 9.64828
629.101 9.4408
603.274 9.77228
605.921 9.62193
589.526 9.54252
595.162 9.66995
545.333 9.62612
539.316 9.82161
550.306 9.3975
561.991 9.32828
579.25 9.5429
539.461 9.54074
491.494 9.49548
505.038 9.54512
501.073 9.58703
504.578 9.19287
530.098 9.20381
544.56 9.61456
553.917 9.14365
566.055 9.37976
549.094 9.50718
553.833 9.43627
552.673 9.58403
548.502 9.35954
570.557 9.88865
542.991 9.71971
583.651 9.60412
564.168 9.94184
553.07 9.08674
556.177 9.55744
569.9 9.58333
563.058 9.68467
578.089 9.43543
573.225 9.54028
557.315 9.47848
574.722 9.21468
563.338 9.45739
620.999 9.36707
603.308 9.46232
580.999 9.28471
562.341 9.61077
526.875 9.60306
540.053 9.3764
498.93 9.19895
486.786 9.60478
472.23 9.75073
521.734 9.35686
480.027 9.4496
475.813 9.51504
460.613 9.65264
458.54 9.50763
480.429 9.28595
511.906 9.26483
527.559 9.60811
483.943 9.49171
498.656 9.62387
449.636 9.62555
449.636 9.53033
460.16 9.71103
493.07 9.50685
519.086 9.46397
471.284 9.50881
478.519 9.44907
553.121 9.45239
491.301 9.51134
493.839 9.42467
534.331 9.3665
538.914 9.50371
583.161 9.85165
572.603 9.75208
609.027 9.46105
577.292 9.34874
567.659 9.36332
512.744 9.31789
519.304 9.71762
536.048 9.27533
586.564 9.56797
589.019 9.54116
602.3 9.43629
614.827 9.43025
584.754 9.47458
585.86 9.697
605.271 9.13617
564.755 9.37655
535.148 9.65938
565.193 9.64956
570.935 9.48599
613.489 9.43398
605.869 9.73472
669.148 9.59731
667.538 9.48886
701.905 9.59817
649.915 9.35573
641.795 9.62342
665.693 9.60272
641.416 9.58956
601.399 9.54844
678.963 9.63137
663.511 9.60175
583.843 9.47145
584.781 9.76247
611.704 9.67087
619.421 9.6015
610.393 9.82906
573.625 9.26235
570.007 9.45253
607.399 9.39817
577.389 9.43206
535.825 9.36135
594.186 9.39519
584.458 9.55787
568.306 9.41533
561.063 9.57901
533.93 9.34804
533.271 9.61599
527.776 9.60187
508.942 9.58392
516.499 9.40763
509.255 9.32307
507.982 9.49685
497.786 9.54692
490.094 9.54425
464.387 9.41804
450.979 9.38417
477.686 9.19633
480.712 9.47765
464.88 9.53227
541.729 9.52995
578.554 9.48937
557.294 9.14825
581.855 9.75598
535.276 9.59835
539.838 9.50372
572.482 9.60301
561.178 9.59889
582.901 9.48832
577.497 9.62581
546.639 9.59852
505.04 9.68569
530.199 9.29567
561.114 9.55202
604.157 9.42433
582.792 9.30616
570.866 9.31574
622.147 9.18258
688.261 9.36378
665.35 9.73895
646.607 9.46069
658.573 9.61638
666.224 9.39962
633.818 9.33057
570.677 9.67916
496.403 9.51824
501.676 9.53945
495.555 9.43186
512.202 9.35463
512.202 9.78282
520.927 9.64678
475.534 9.4385
478.433 9.24442
466.37 9.39953
454.258 9.44926
469.41 9.20859
470.972 9.35634
489.347 9.41666
494.526 9.28869
491.593 9.29783
456.432 9.35789
464.961 9.43217
517.875 9.40339
521.426 9.39411
526.019 9.65712
530.874 9.59059
527.139 9.38185
471.735 9.25976
456.355 9.68173
484.701 9.36442
502.477 9.52919
485.863 9.44328
488.354 9.45091
496.177 9.43655
483.552 9.30766
473.931 8.96934
473.931 9.74954
482.532 9.06765
522.302 9.5853
527.433 9.6508
506.68 9.75119
496.155 9.52172
517.432 9.30244
509.498 9.6604
513.173 9.61675
555.32 9.65114
593.827 9.56537
618.831 9.60965
609.78 9.53532
744.688 9.36806
744.688 9.46321
741.074 9.64753
697.186 9.60968
725.577 9.38957
694.427 9.52755
753.104 9.38197
625.895 9.18838
621.643 9.41093
625.684 9.40154
638.312 9.42459
638.312 9.72797
579.804 9.49973
610.898 9.61886
624.237 9.49517
604.182 9.52652
621.617 9.57551
584.252 9.50779
584.562 9.28251
578.731 9.69935
572.692 9.14062
571.583 9.75586
618.626 9.66295
618.626 9.60511
581.378 9.37128
643.043 9.38336
634.301 9.28876
694.026 9.68065
719.592 9.52877
677.38 9.27672
596.74 9.21005
600.694 9.1848
598.96 9.47071
577.166 9.28972
650.697 9.17624
604.275 9.53391
672.357 9.6763
673.522 9.22151
673.522 9.49108
687.195 9.15545
639.727 9.40543
577.206 9.71938
546.118 9.28162
550.228 9.48875
576.216 9.44003
581.218 9.53361
519.245 9.47929
521.142 9.54764
520.417 9.2479
540.676 9.3828
563.847 9.00459
601.713 9.63965
568.294 9.59583
567.785 9.71966
588.455 9.22821
562.629 9.5424
589.765 9.78768
577.375 9.39299
580.1 9.63561
544.189 9.40358
514.578 9.50875
499.526 9.64485
499.447 9.52199
504.446 9.39954
561.094 9.90657
515.52 9.83726
497.14 9.30774
512.907 9.31979
528.258 9.27118
501.7 9.5073
525.948 9.64242
533.971 9.60105
533.971 9.3418
518.294 9.23963
548.096 9.34823
593.364 9.51262
586.058 9.75021
563.182 9.23469
569.928 9.33536
561.284 9.46127
543.027 9.20934
553.007 9.61549
591.844 9.28592
553.747 9.42455
519.934 9.58232
512.103 9.40998
508.812 9.48894
507.726 9.66678
513.696 9.53587
481.435 9.82961
507.599 9.38481
506.862 9.8112
515.494 9.81817
555.044 9.75069
565.422 9.81557
531.352 9.35468
534.949 9.49223
538.709 9.67781
535.312 9.5497
559.49 9.577
580.397 9.42727
605.978 9.7407
605.978 9.50318
583.472 9.39164
545.71 9.53793
560.876 9.62916
555.168 9.40862
579.142 9.63285
583.73 9.53968
576.056 9.46726
586.993 9.48933
556.359 9.70178
524.942 9.52425
540.192 9.17226
548.311 9.7918
541.204 9.58314
564.397 9.29031
558.864 9.10011
544.047 9.69113
577.893 9.28928
538.068 9.2956
520.894 9.57905
549.04 9.38374
568.447 9.38601
507.886 9.35076
495.208 9.22906
504.59 9.53817
486.367 9.29151
448.72 9.44873
534.212 9.70234
558.401 9.34246
545.686 9.44143
536.996 9.6793
541.106 9.59704
524.157 9.75169
527.475 9.48687
522.922 9.37228
530.731 9.22404
482.778 9.34599
511.325 9.38509
468.374 9.2934
531.014 9.09204
538.213 9.44716
625.305 9.55276
598.305 9.51258
608.428 9.45368
609.132 9.60082
623.256 9.4326
570.642 9.29587
604.848 9.44094
604.848 9.44758
595.502 9.61155
607.795 9.63267
615.533 9.56276
608.16 9.43441
584.03 9.64319
580.518 9.81373
605.263 9.30254
627.327 9.30254
600.256 9.35486
563.132 9.61008
546.724 9.32788
543.632 9.61068
542.343 9.60159
513.998 9.87609
503.408 9.39503
571.022 9.65438
566.914 9.60224
541.29 9.52522
513.498 9.62914
490.684 9.71031
497.691 9.65307
543.09 9.55782
595.839 9.25834
653.871 9.98333
582.535 9.48528
582.331 9.31889
554.319 9.14796
527.246 9.36663
602.042 9.49964
596.138 9.41043
596.138 9.42254
553.352 9.56979
553.352 9.74225
551.81 9.68728
559.368 9.26698
575.819 9.55598
554.839 9.17164
559.757 9.39877
502.943 9.46606
548.676 9.44745
527.707 9.56177
518.94 9.54882
547.29 9.99827
543.851 9.50997
558.347 9.57019
549.022 9.34651
493.664 9.42229
521.203 9.5599
474.161 9.23109
486.897 9.57766
514.04 9.52859
511.262 9.43968
516.228 9.78258
517.101 9.65413
493.976 9.59259
483.862 9.1464
497.415 9.12772
529.65 9.62637
533.526 9.53489
527.761 9.4442
546.048 9.51785
530.827 9.76095
547.198 9.19299
531.113 9.14682
506.897 9.23686
510.329 9.46014
491.147 9.67758
493.117 9.42073
507.369 9.47556
465.989 9.34529
415.155 9.24032
448.059 9.49034
479.953 9.29228
524.97 9.54855
524.97 9.77451
494.634 9.79466
498.169 9.56072
504.332 9.39626
490.489 9.24242
497.423 9.4998
485.882 9.40313
511.246 9.4352
529.416 9.29492
524.643 9.5626
501.228 9.65664
479.416 9.89327
465.468 9.31556
465.749 9.30962
466.885 9.33343
478.964 9.32787
501.786 9.46734
501.786 9.48369
537.048 9.4298
554.209 9.51822
576.816 9.51541
484.6 9.55879
498.975 9.74061
448.734 9.07949
476.777 9.63056
470.021 9.30972
484.526 9.54863
481.346 9.59204
498.01 9.56521
508.153 9.26099
513.182 9.50001
526.263 9.4852
499.544 9.74255
494.855 9.79523
494.855 9.59971
494.855 9.62303
524.623 9.64423
515.162 9.39306
522.742 9.46867
522.742 9.37217
516.325 9.13382
504.535 9.546
507.122 9.4114
540.78 9.56575
542.345 9.53505
463.502 9.767
503.93 9.48059
502.367 9.62953
508.263 9.43939
498.749 9.15117
552.894 9.67935
570.072 9.67024
577.988 9.27382
605.886 9.58022
628.669 9.33637
548.252 9.47607
525.124 9.61259
552.906 9.61259
565.725 9.73613
548.981 9.58478
512.502 9.24861
538.125 9.16526
541.013 9.49506
511.36 9.4174
493.775 9.53712
470.767 9.65839
391.445 9.38382
465.198 9.25678
454.986 9.47335
459.528 9.18838
475.489 9.60244
495.768 9.56599
526.665 9.61041
547.525 9.494
552.209 9.37284
518.73 9.63162
515.94 9.1786
480.258 9.56276
468.861 9.19978
449.574 9.39134
458.445 9.67774
440.468 9.46107
485.289 9.61108
484.376 9.47874
479.52 9.31445
478.828 9.4582
477.914 9.50349
473.547 9.66586
485.194 9.23544
441.916 9.25599
453.839 9.60525
503.984 9.59781
459.842 9.32918
441.717 9.15646
456.83 9.71859
503.653 9.60562
487.46 9.53592
515.097 9.51374
512.978 9.62736
485.194 9.59114
519.268 9.62758
507.77 9.30947
489.105 9.4197
519.751 9.26466
404.299 9.47808
439.166 9.70105
499.551 9.12638
484.906 9.76342
441.186 9.29672
421.123 9.86514
429.185 9.32932
420.271 9.59747
462.874 9.52272
514.678 9.38096
518.575 9.76317
529.973 9.69956
521.964 9.62199
521.964 9.35686
521.964 9.51216
524.425 9.56109
546 9.55792
546 9.50098
516.246 9.73626
495.322 9.44373
489.343 9.80484
462.992 9.7777
506.228 9.54727
544.765 9.29066
568.057 9.32314
568.057 9.45631
565.641 9.40805
565.641 9.52958
541.765 9.62957
586.121 9.3495
602.51 9.2204
602.51 9.31302
582.794 9.35454
575.909 9.34573
577.31 9.66523
543.229 9.50725
507.765 9.52029
507.765 9.51376
516.925 9.41657
539.946 9.71784
539.946 9.09197
539.946 9.44785
539.946 9.64987
496.274 9.29891
470.277 9.36072
483.949 9.39398
524.354 9.71511
557.217 9.38477
557.217 9.43406
525.042 9.49556
556.166 9.44521
583.209 9.31145
567.887 9.41672
560.686 9.36509
582.007 9.10678
620.661 9.36107
533.872 9.40419
557.817 9.03393
564.395 9.53722
538.724 9.2693
520.719 9.44599
523.513 9.81886
564.668 9.49333
644.198 9.45736
558.465 9.50996
558.465 9.43666
538.065 9.38075
535.615 9.59453
552.188 9.4634
591.966 9.70423
619.354 9.35347
619.354 9.27589
552.642 9.55923
547.021 9.46354
580.128 9.34574
558.421 9.60508
557.063 9.62674
534.094 9.45021
522.66 9.63565
533.886 9.34524
512.643 9.78284
490.309 9.53293
560.855 9.74309
542.17 9.19695
553.647 9.55038
535.33 9.79203
550.756 9.77488
563.214 9.3042
600.358 9.08106
577.965 9.15879
551.723 9.23613
565.553 9.24096
570.181 9.5906
656.121 9.281
638.195 9.41921
638.195 9.48164
638.195 9.36479
638.195 9.1802
604.661 9.26887
574.776 9.59688
557.826 9.75318
554.899 9.73243
552.488 9.7489
598.505 9.20487
627.096 9.58264
577.483 9.33326
547.111 9.3586
548.122 9.47944
545.411 9.47737
548.885 9.4772
542.219 9.67954
523.391 9.63283
464.189 9.44473
513.055 9.50753
512.571 9.64267
504.101 9.62032
503.803 9.56915
477.136 9.45101
499.787 9.69402
499.787 9.23479
496.998 9.56531
526.565 9.15381
493.494 9.5059
532.563 9.38333
517.863 9.25437
523.068 9.34955
466.64 9.68886
464.752 9.75582
472.455 9.49704
503.724 9.40992
503.724 9.72352
502.126 9.20846
542.857 9.40907
537.206 9.38698
487.805 9.48735
502.029 9.51437
517.111 9.73617
531.756 9.61571
500.677 9.60197
533.887 9.25091
552.973 9.65518
545.567 9.37571
551.645 9.49113
543.533 9.58352
494.488 9.49845
467.886 9.64218
488.248 9.62691
487.064 9.53301
498.216 9.27305
544.994 9.58913
571.325 9.77949
575.528 9.41221
585.14 9.40329
589.875 9.71202
541.364 9.61184
533.86 9.58771
532.45 9.57477
583.262 9.97849
587.031 9.58818
532.815 9.60567
600.116 9.85461
566.953 9.43932
566.752 9.57909
542.787 9.29536
539.012 9.66276
563.725 9.16055
584.901 9.39766
568.868 9.47959
568.37 9.77479
535.363 9.5716
547.448 9.59932
578.227 9.27651
551.507 9.16222
589.313 9.44966
592.711 9.59059
579.685 9.53524
588.767 9.65914
594.134 9.41789
558.086 9.65863
516.061 9.56189
463.419 9.29381
467.916 9.17812
503.376 9.66762
467.42 9.37404
467.42 9.57283
469.39 9.48027
525.777 9.63078
539.475 9.57403
530.586 9.64054
533.072 9.47053
544.102 9.55582
573.624 9.38323
600.992 9.3986
600.757 9.42393
580.832 9.4762
542.72 9.66853
540.173 9.34518
556.034 9.35933
519.226 9.06268
540.442 9.48545
549.121 9.54531
546.261 9.22445
581.541 9.24976
588.041 9.59756
575.412 9.70947
578.105 9.58967
547.94 9.74394
596.957 9.88427
591.07 9.46359
540.225 9.46724
511.379 9.40382
573.876 9.46822
569.995 9.43608
609.431 9.5099
596.168 9.89635
616.047 9.37509
614.014 9.49959
608.893 9.46192
566.704 9.62895
583.716 9.49488
600.16 9.15988
529.603 9.59332
563.814 9.07658
535.917 9.31201
581.253 9.43615
568.23 9.57444
569.347 9.26393
630.19 9.5986
622.719 9.33424
628.936 9.38416
580.1 9.53475
580.516 9.61675
587.107 9.50917
633.358 9.47509
590.27 9.31301
565.156 9.30451
512.325 9.33195
501.651 9.22117
486.885 9.52303
496.671 9.52921
526.002 9.55236
491.189 9.40979
524.258 9.66397
500.982 9.48653
503.459 9.72595
505.659 9.70425
558.243 9.43656
571.396 9.65251
547.308 9.21765
531.938 9.69614
488.804 9.59525
440.373 9.34073
435.61 9.42583
441.967 9.40282
460.95 9.70381
492.448 9.60546
517.231 9.7162
556.415 9.6165
556.415 9.55115
539.588 9.76845
520.558 9.43734
552.611 9.51862
484.132 9.79174
508.872 9.6847
549.775 9.53787
536.473 9.53593
546.552 9.68815
545.438 9.21166
538.78 9.51556
552.33 9.38862
554.491 9.42402
590.42 9.37048
559.112 9.45748
578.925 9.63184
578.762 9.07198
607.706 9.60087
621.824 9.83493
605.531 9.89172
571.327 9.51854
579.753 9.54924
568.979 9.67589
547.26 9.52133
505.186 9.5275
503.914 9.39072
509.592 9.26593
562.043 9.27261
607.192 9.42159
574.482 9.6091
525.088 9.37402
517.312 9.57417
546.093 9.47692
527.995 9.53337
557.33 9.64524
556.97 9.35737
565.239 9.3574
602.069 9.3587
589.227 9.51617
582.61 9.8508
607.131 9.34673
633.295 9.4148
589.993 9.36053
567.739 9.60824
581.037 9.5885
540.39 9.69541
537.333 9.44975
546.134 9.34987
552.031 9.40064
561.379 9.41271
595.113 9.31117
541.849 9.70588
580.394 9.49586
596.427 9.18164
556.176 9.4703
540.384 9.3413
533.014 9.40719
548.837 9.62922
541.918 9.54626
531.674 9.59411
519.747 9.62708
517.544 9.41769
532.799 9.40758
544.706 9.98739
565.541 9.61143
574.235 9.05733
587.514 9.7276
604.188 9.44507
581.825 9.39784
568.312 9.47815
566.695 9.65732
543.643 9.50662
530.386 9.61771
528.374 9.66339
567.811 9.56354
536.682 9.34092
549.534 9.3815
548.719 9.3777
572.889 9.55754
551.656 9.4001
514.519 9.65553
493.949 9.55491
484.153 9.38022
483.368 9.4402
449.323 9.52617
462.362 9.26928
469.97 9.51647
460.832 9.47297
435.417 9.62141
475.809 9.39095
454.254 9.37464
438.113 9.16097
416.362 9.45933
436.093 9.26925
416.602 9.66828
437.825 9.33105
444.729 9.42222
406.088 9.33646
406.088 9.24459
411.983 9.81216
482.607 9.87347
401.712 9.63654
439.754 9.50535
437.174 9.48363
500.043 9.56794
555.15 9.45553
565.971 9.52018
557.072 9.5188
531.693 9.05654
541.7 9.3876
538.494 9.45821
512.135 9.59516
562.469 9.64428
603.345 9.85098
596.445 9.09424
613.803 9.15655
621.157 9.49112
565.698 9.2886
506.442 9.3813
533.582 9.29642
541.077 9.72041
579.332 9.47879
531.068 9.52666
535.517 9.50102
530.084 9.83532
576.966 9.66809
596.834 9.79695
584.571 9.5008
590.2 9.36024
580.527 9.46744
632.632 9.5975
619.205 9.62727
557.853 9.44148
577.591 9.42738
579.057 9.44665
549.186 9.23473
555.287 9.49731
548.356 9.40827
554.101 9.56688
574.953 9.41311
544.983 9.44073
541.218 9.30922
516.038 9.69119
559.587 9.60915
575.35 9.41553
601.014 9.38687
638.307 9.64042
568.219 9.57344
562.866 9.50976
607.775 9.54506
601.254 9.49803
601.63 9.84067
601.63 9.59606
615.147 9.74559
623.425 9.64907
616.837 9.46934
595.902 9.66384
591.434 9.27374
594.549 9.39052
537.535 9.54109
537.535 9.46725
546.441 9.52603
517.293 9.61202
474.395 9.43845
456.853 9.30574
448.187 9.65733
446.834 9.35101
437.343 9.42497
446.703 9.66812
473.108 9.17234
473.908 9.269
482.422 9.55041
522.209 9.60837
502.546 9.55091
505.569 9.44091
519.58 9.57909
556.882 9.64484
547.308 9.69723
559.662 9.49673
558.589 9.40611
519.698 9.5185
487.057 9.61195
516.961 9.73658
540.111 9.58393
527.706 9.19328
525.183 9.43834
585.85 9.48866
571.473 9.56946
569.921 9.37428
596.796 9.43233
589.409 9.80248
563.182 9.70676
549.543 9.32938
571.091 9.17675
564.641 9.63416
601.7 9.34134
601.7 9.52474
586.454 9.67491
626.332 9.54848
644.253 9.54558
615.414 9.54536
590.362 9.55562
581.005 9.52333
535.884 9.95802
529.409 9.17018
499.646 9.71982
532.39 9.48966
491.019 9.73472
488.232 9.58345
477.803 9.60313
490.591 9.71133
476.374 9.27774
497.462 9.25794
504.732 9.59964
515.142 9.23883
516.11 9.44714
511.391 9.46781
490.087 9.42425
475.84 9.42793
507.489 9.3685
548.683 9.52608
518.365 9.4809
530.294 9.35965
511.166 9.44088
525.449 9.42586
505.019 9.27777
506.199 9.22
495.392 9.89844
505.685 9.55449
544.636 9.65591
558.356 9.4518
593.417 9.4925
593.421 9.47844
609.174 9.4239
595.657 9.58852
599.52 9.29895
659.408 9.85136
666.702 9.48532
632.681 9.68031
632.681 9.32306
613.282 9.5307
610.523 9.5449
547.692 9.41672
547.697 9.56902
524.951 9.41445
502.047 9.40233
526.957 9.32619
539.173 9.31263
578.976 9.35421
533.923 9.57724
568.197 9.27202
584.53 9.66531
611.166 9.27486
594.676 9.31313
563.375 9.2761
583.64 9.4077
567.795 9.61476
526.521 9.62575
503.265 9.5438
535.145 9.69707
529.569 9.45168
521.767 9.68805
600.209 9.43311
603.569 9.64786
600.604 9.56475
572.773 9.38941
598.462 9.5978
581.353 9.55256
553.558 9.51677
629.6 9.19946
622.779 9.26318
635.617 9.19859
665.236 9.43424
644.23 9.59479
610.49 9.33405
620.163 9.31169
635.079 9.50561
565.659 9.64575
516.592 9.52089
499.226 9.27175
523.405 9.17412
525.133 9.55711
528.433 9.73916
530.238 9.90105
450.61 9.29939
456.915 9.54317
433.97 9.28915
460.794 9.33695
491.435 9.62964
474.051 9.53373
472.43 9.51794
478.438 9.31739
461.374 9.51053
500.644 9.46692
500.644 9.32617
483.223 9.54817
447.489 9.76578
457.061 9.49106
457.061 9.48474
464.893 9.49393
488.493 9.48514
498.985 9.48674
458.546 9.45453
451.732 9.49653
460.632 9.52613
506.982 9.39392
522.445 9.52832
530.805 9.43107
541.668 9.5594
591.783 9.56631
569.113 9.40579
539.951 9.39616
539.84 9.64107
544.216 9.44735
501.689 9.74173
542.809 9.36804
545.558 9.51083
527.394 9.31272
533.465 9.63194
538.316 9.39257
535.365 9.45382
567.995 9.26077
568.892 9.77845
569.835 9.37886
546.496 9.28299
573.07 9.39211
565.836 9.41495
557.151 9.36003
546.815 9.58317
522.198 9.64451
587.357 9.45785
561.982 9.39379
599.818 9.81005
601.348 9.67157
602.425 9.24067
565.269 9.16242
586.546 9.37587
534.868 9.55513
534.868 9.3576
501.994 9.57413
501.994 9.49909
498.846 9.54053
496.338 9.68144
520.025 9.66126
539.276 9.34728
554.485 9.33631
586.864 9.23026
569.736 9.5071
588.532 9.45707
614.662 9.5185
621.969 9.69211
598.257 9.78024
598.257 9.57206
565.313 9.57106
559.059 9.565
544.347 9.20612
528.173 9.26464
538.032 9.4311
538.299 9.63464
538.299 9.98729
519.861 9.7936
489.545 9.81573
538.291 9.74585
500.825 9.64914
500.825 9.51238
543.956 9.55013
538.161 9.8121
505.005 9.59594
522.132 9.45347
524.93 9.48715
570.489 9.64832
537.344 9.63816
561.376 9.5376
547.52 9.38755
532.416 9.27305
515.032 9.65394
555.047 9.52743
548.869 9.42374
520.978 9.45166
533.063 9.31619
555.41 9.44185
592.986 9.35229
602.848 9.9585
570.222 9.40652
598.442 9.53326
608.384 9.44605
576.224 9.43309
554.606 9.3777
552.557 9.4422
556.778 9.62919
574.024 9.44882
575.768 9.83003
551.583 9.63056
524.89 9.27944
524.89 9.48886
529.166 9.71149
555.506 9.77003
515.337 9.19237
484.801 9.43682
443.727 9.46879
538.342 9.78566
485.142 9.0681
495.658 9.65772
513.164 9.56026
511.388 9.26537
489.061 9.51617
490.681 9.49004
533.853 9.53162
521.911 9.41689
550.228 9.56153
575.77 9.91055
553.301 9.36779
578.932 9.49691
562.058 9.45196
563.605 9.41856
544.785 9.58562
548.642 9.4312
563.048 9.52399
548.411 9.43997
534.657 9.71303
534.471 9.31776
544.797 9.45156
502.157 9.52467
540.019 9.50938
519.6 9.63655
511.088 9.57702
479.578 9.70257
460.213 9.56576
449.718 9.30565
446.85 9.3756
445.09 9.70244
468.556 9.63087
492.815 9.5987
504.526 9.25033
601.724 9.54689
587.49 9.44955
630.805 9.48816
567.594 9.60288
554.377 9.60327
524.939 9.49824
528.495 9.34103
508.507 9.74453
530.184 9.53046
555.227 9.4721
557.117 9.4919
515.875 9.33625
559.648 9.84201
526.947 9.37491
527.729 9.39733
529.555 9.63091
513.092 9.27707
529.939 9.28318
538.259 9.76314
563.316 9.18801
556.624 9.46834
593.252 9.33983
535.656 9.21997
554.409 9.11355
521.045 9.26267
507.91 9.27955
528.491 9.34153
509.928 9.12015
497.251 9.14235
487.104 9.6107
505.744 9.51502
488.691 9.48185
490.684 9.66808
560.546 9.221
548.539 9.36531
545.097 9.30237
562.393 9.47025
567.23 9.49317
565.546 9.48852
560.279 9.6658
623.764 9.69829
552.115 9.44505
538.081 9.25866
523.015 9.41629
510.527 9.42715
488.681 9.36947
504.791 9.56771
480.002 9.58273
484.304 9.57202
506.166 9.65533
519.201 9.18838
537.768 9.58823
503.872 9.59992
505.078 9.31048
534.828 9.72097
565.204 9.63681
628.405 9.64028
628.405 9.50615
539.8 9.27322
573.632 9.26092
566.935 9.65828
524.801 9.26319
528.187 9.39268
433.297 9.20464
486.999 9.51902
477.721 9.79848
468.389 9.62878
472.76 9.32661
458.575 9.35184
477.808 9.38855
489.087 9.18297
521.909 9.68106
542.282 9.63224
585.503 9.24596
577.902 9.52692
569.81 9.49816
567.417 9.33423
580.608 9.37
580.083 9.45183
591.837 9.40669
554.87 9.48161
573.998 9.62269
547.235 9.85667
515.189 9.34402
480.388 9.38684
474.801 9.33866
472.679 9.42706
472.679 9.5908
518.653 9.52092
526.747 9.72984
523.031 9.48351
514.045 9.26898
503.746 9.57427
501.497 9.3394
540.627 9.39441
541.062 9.34963
545.217 9.32461
603.075 9.33451
571.581 9.33699
563.759 9.08987
608.476 9.64535
545.825 9.75987
518.442 9.6051
500.912 9.57585
513.377 9.60404
496.421 9.58148
480.089 9.52021
517.514 9.52175
519.285 9.2291
476.051 9.64101
506.061 9.63914
508.996 9.56356
511.272 9.72296
495.282 9.56417
495.282 9.62075
505.974 9.64155
514.587 9.55837
491.889 9.62672
482.568 9.43215
517.491 9.48374
531.099 9.27287
512.158 9.57207
512.158 9.44067
508.638 9.56984
525.95 9.51343
528.664 9.68663
526.623 9.69696
511.586 9.61821
554.934 9.81452
542.64 9.31113
556.236 9.52137
526.412 9.52664
507.387 9.35531
518.593 9.11983
480.382 9.27684
484.562 9.75852
453.428 9.44165
483.414 9.51054
536.564 9.46381
507 9.53098
494.476 9.43608
512.777 9.19128
535.615 9.48907
558.901 9.20292
548.391 9.48893
567.938 9.56183
552.671 9.6606
583.615 9.59132
586.912 9.21315
570.09 9.40074
510.75 9.60088
548.882 9.55019
577.974 9.30656
570.17 9.6155
577.405 9.54316
529.621 9.27623
616.414 9.41443
560.812 9.28831
569.18 9.58411
513.635 9.52109
516.241 9.70409
527.618 9.43373
535.188 9.51337
519.473 9.56746
524.568 9.56307
524.568 9.55958
532.86 9.50499
515.062 9.39721
517.33 9.34144
551.222 9.56292
551.222 9.49093
577.448 9.46046
594.504 9.56196
536.847 9.3016
536.847 9.76139
522.246 9.12817
521.215 9.5872
521.206 9.74945
550.546 9.42456
534.481 9.56641
517.945 9.67954
499.519 9.47887
525.637 9.36609
502.551 9.50995
495.735 9.27336
572.465 9.35127
573.456 9.17827
548.867 9.1778
547.509 9.52455
551.194 9.69319
570.233 9.52302
561.515 9.57311
574.462 9.41504
538.295 9.33222
559.811 9.18537
561.507 9.50769
529.569 9.81421
547.176 9.7317
563.077 9.41067
529.137 9.53628
517.825 9.38494
520.244 9.34731
535.133 9.44172
536.458 9.50104
526.204 9.69735
452.567 9.25687
476.54 9.20802
471.929 9.6266
488.779 9.76051
443.98 9.37159
473.724 9.49889
484.524 9.5026
490.198 9.51216
469.614 9.41724
453.815 9.16419
453.386 9.44328
453.386 9.55522
447.183 9.50134
453.568 9.35596
523.896 9.54452
545.835 9.4904
587.399 9.60004
593.194 9.39629
646.395 9.41566
601.794 9.28699
569.041 9.36917
629.542 9.56538
559.196 9.42218
535.17 9.48262
534.264 9.58074
556.054 9.17454
507.472 9.34338
483.612 9.61652
513.199 9.49511
534.409 9.25487
526.012 9.56006
529 9.60945
520.117 9.38621
547.667 9.63866
544.116 9.43381
559.163 9.68166
561.38 9.64188
564.03 9.73408
523.741 9.56188
523.741 9.52068
516.152 9.57481
574.142 9.7844
552.573 9.59423
565.209 9.20282
569.955 9.3849
540.438 9.72707
576.512 9.62596
594.553 9.39666
590.976 9.43057
542.125 9.44213
530.341 9.57569
527.418 9.51457
538.63 9.50689
516.436 9.63523
517.246 9.49436
528.83 9.53849
489.074 9.68467
501.842 9.4461
556.339 9.40572
575.665 9.41303
586.776 9.58832
600.162 9.4558
577.585 9.54061
539.379 9.59292
513.617 9.68516
510.62 9.61741
508.728 9.45604
555.052 9.82496
526.053 9.12596
526.053 9.31968
568.672 9.57789
568.672 9.6382
619.971 9.25835
589.093 9.5037
577.687 9.29779
557.985 9.23106
550.289 9.5007
524.061 9.20917
529.079 9.36561
538.599 9.38741
563.139 9.38583
537.824 9.4373
547.425 9.49708
547.425 9.52399
514.041 9.46115
511.099 9.51334
568.287 9.30517
569.222 9.25443
545.375 9.0499
565.814 9.53721
546.83 9.49282
561.709 9.50791
528.331 9.63649
523.051 9.08751
479.491 9.47106
462.826 9.47168
454.738 9.62485
456.752 9.64469
457.128 9.46391
497.591 9.36577
534.398 9.42774
569.548 9.61106
549.36 9.37869
547.814 9.37754
578.95 9.32583
614.262 9.38195
604.303 9.30099
642.085 9.21028
623.285 9.61399
611.741 9.73015
623.719 9.38249
638.071 9.42183
670.206 9.51318
546.849 9.71777
540.984 9.34213
514.236 9.40452
481.039 9.6001
464.839 9.42785
467.221 9.64881
470.179 9.56624
452.469 9.60419
456.996 9.34768
473.831 9.30227
443.781 9.46718
448.696 9.29151
481.193 9.41334
473.82 9.4322
489.25 9.49558
511.316 9.5933
576.992 9.72482
550.384 9.47656
579.524 9.24966
585.752 9.45852
614.344 9.49896
613.246 9.50973
544.015 9.50992
561.954 9.67192
597.184 9.27685
597.184 9.38215
559.269 9.39065
514.36 9.59041
523.491 9.31812
509.827 9.31845
505.222 9.54156
512.72 9.26101
562.513 9.46468
540.859 9.35188
491.287 9.57606
456.619 9.42508
480.456 9.61459
452.824 9.57055
463.551 9.42195
477.858 9.88877
513.496 9.52771
440.799 9.5274
464.871 9.48227
452.506 9.38578
442.534 9.49909
424.88 9.70117
431.654 9.43996
412.723 9.63868
419.337 9.17974
419.337 9.25097
419.337 9.63951
419.337 9.33534
499.556 9.31851
497.605 9.34779
485.767 9.35419
538.572 9.39061
541.912 9.55353
517.77 9.25824
551.026 9.2859
503.571 9.26805
541.842 9.3687
525.439 9.3443
530.386 9.78054
599.183 9.88952
570.724 9.55106
602.741 9.61539
587.22 9.37977
528.489 9.53412
523.157 9.90116
532.622 9.83171
567.608 9.59738
642.07 9.53782
530.993 9.5416
571.547 9.53666
529.569 9.33097
548.633 9.59287
528.21 9.56483
484.553 9.6555
553.904 9.59971
551.354 9.52904
539.009 9.38846
554.329 9.78324
538.271 9.53855
481.286 9.43951
507.199 9.48109
539.186 9.46484
544.53 9.66285
565.004 9.06194
545.369 9.53344
566.594 9.55117
549.708 9.5913
550.964 9.6194
520.22 9.38641
550.942 9.3849
543.731 9.4091
600.779 9.3197
614.371 9.57785
571.956 9.58921
528.428 9.44705
561.975 9.31221
555.427 9.79303
555.396 9.48399
567.997 9.44716
555.092 9.3849
577.864 9.18896
578.782 9.60086
568.631 9.65911
564.957 9.65554
566.394 9.7688
578.968 9.5964
551.589 9.48678
519.621 9.44571
510.498 9.66147
521.355 9.48328
498.969 9.53287
516.347 9.62318
516.347 9.62966
515.605 9.58151
524.221 9.58486
548.671 9.3689
551.241 9.38155
480.533 9.57567
503.671 9.37978
485.826 9.53376
498.871 9.4931
565.153 9.40218
530.197 9.56062
583.479 9.66872
626.597 9.5094
587.968 9.30713
586.355 9.5374
586.827 9.34143
555.012 9.30254
572.291 9.51218
591.793 9.3298
659.511 9.62948
651.68 9.67952
639.088 9.68493
667.944 9.67612
666.959 9.67235
694.521 9.71018
665.178 9.931
591.607 9.40506
626.284 9.15867
632.268 9.77718
510.301 9.17443
535.044 9.54504
493.422 9.52021
544.725 9.69279
563.552 9.36851
499.604 9.48737
511.486 9.15953
455.009 9.23735
447.374 9.17137
516.428 9.44638
519.43 9.5624
508.633 9.57506
491.194 9.22653
459.231 9.61791
490.021 9.57589
503.21 9.51769
508.554 9.65453
522.581 9.60054
515.219 9.52706
501.578 9.48352
493.004 9.57247
492.904 9.43014
508.954 9.39182
514.347 9.39042
494.681 9.84398
515.361 9.59018
513.117 9.62807
551.182 9.53824
509.792 9.2621
498.439 9.49104
499.388 9.5194
479.288 9.52276
480.382 9.30436
442.418 9.45845
499.913 9.55883
508.173 9.52272
508.173 9.64232
524.318 9.60785
550.279 9.45676
531.058 9.6029
534.487 9.4674
553.611 9.71284
532.239 9.59707
517.768 9.75718
516.653 9.16686
499.591 9.25953
502.685 9.83503
502.685 9.21021
527.754 9.46175
500.888 9.33808
514.97 9.31693
526.209 9.7821
493.325 9.7527
535.692 9.63273
560.194 9.56997
495.62 9.42367
523.466 9.59017
523.823 9.50963
514.364 9.23712
529.513 9.27946
535.001 9.38825
507.307 9.34727
528.664 9.34691
479.222 9.28578
490.98 9.23178
476.704 9.32812
504.168 9.19222
503.8 9.50776
504.534 9.33992
510.215 9.5264
498.413 9.62424
528.296 9.36676
499.446 9.59478
470.546 9.45033
478.968 9.71719
484.896 9.35063
509.779 9.24328
507.999 9.36539
507.999 9.41577
508.556 9.31591
494.726 9.22045
494.726 9.25215
536.51 9.39004
556.33 9.46974
564.81 9.4916
514.378 9.42419
498.66 9.26063
474.671 9.33793
482.882 9.82967
502.442 9.36685
460.407 9.6859
460.407 9.65236
458.01 9.56914
458.01 9.50298
505.716 9.56995
517.13 9.51097
504.112 9.66124
475.249 9.47148
486.239 9.42377
469.839 9.46877
466.502 9.738
466.502 9.62961
466.502 9.67153
492.049 9.58413
516.153 9.41331
521.11 9.40091
518.037 9.42754
521.353 9.45705
512.532 9.52568
531.097 9.46575
514.719 9.27743
532.118 9.58957
523.997 9.54639
537.527 9.53824
533.703 9.77733
530.236 9.52423
502.487 9.47313
502.969 9.62929
466.44 9.23999
460.46 9.48139
474.084 9.46146
489.166 9.29392
518.872 9.61195
530.903 9.59156
508.906 9.28283
499.767 9.60881
491.236 9.58933
489.885 9.48248
557.208 9.28004
560.671 9.85197
521.278 9.26425
554.656 9.40173
520.711 9.44483
523.203 9.6323
565.918 9.60027
564.82 9.43307
562.352 9.11719
570.502 9.34799
569.224 9.45461
605.971 9.20564
589.907 9.64187
572.452 9.72329
618.137 9.44611
595.853 9.54136
526.939 9.55061
566.823 9.79317
568.925 9.44684
603.512 9.55691
554.455 9.27366
535.367 9.27335
539.73 9.26231
525.395 9.2117
543.084 9.31611
485.712 9.32861
523.908 9.48916
529.392 9.4144
518.167 9.37224
468.858 9.35887
495.857 9.44072
485.619 9.49189
499.771 9.36959
482.082 9.30537
484.676 9.41437
483.718 9.18317
478.122 9.65497
467.29 9.66214
461.052 9.29928
494.146 9.35038
501.255 9.21038
485.213 9.50258
493.273 9.64441
492.306 9.30751
486.22 9.43006
481.636 9.38394
478.392 9.65534
477.785 9.75821
470.808 9.66648
490.069 10.1488
492.523 9.67013
491.744 9.43211
556.993 9.50196
569.77 9.48656
578.916 9.5547
569.97 9.45389
539.766 9.71975
508.538 9.59868
479.216 9.66948
488.932 9.41115
433.428 9.42283
441.884 9.44712
431.083 9.50789
469.462 9.3754
456.153 9.52085
481.825 9.47087
514.837 9.37931
475.171 9.37445
475.171 9.44483
477.62 9.55719
452.221 9.70666
443.918 9.18529
443.918 9.50784
444.721 9.30098
454.085 9.3653
469.445 9.47521
466.899 9.47745
499.553 9.61936
491.275 9.93262
525.404 9.66764
531.46 9.52168
541.124 9.51451
567.87 9.6815
520.755 9.10664
565.546 9.48963
544.95 9.34495
528.957 9.18044
527.118 9.64601
526.853 9.20623
590.863 9.39805
565.089 9.39789
586.862 9.40119
580.77 9.55137
579.284 9.66039
584.572 9.53163
578.467 9.21301
568.31 9.87183
560.324 9.58907
557.086 9.5903
549.584 9.51103
524.849 9.38648
514.312 9.38868
580.554 9.37405
571.858 9.52345
557.738 9.47801
515.945 9.44562
584.216 9.71493
568.513 9.55492
524.676 9.50312
517.199 9.58411
515.613 9.54375
540.684 9.53852
535.125 9.57984
560.827 9.71473
571.303 9.23254
532.612 9.16575
515.242 9.65741
495.773 9.65808
464.582 9.48806
538.123 9.68792
533.856 9.06018
499.087 9.54487
523.53 9.43906
528.923 9.42431
557.447 9.88876
575.258 9.45029
528.941 9.31839
497.194 9.13606
543.994 9.34831
522.845 9.77149
535.812 9.43389
540.393 9.21788
532.282 9.26955
532.282 9.56025
582.621 9.44567
544.245 9.55641
549.371 9.65367
549.722 9.57573
526.088 10.0118
583.572 9.4716
559.127 9.69644
514.091 9.63378
514.653 9.63144
520.538 9.53716
489.563 9.47042
487.828 9.08723
479.342 9.46082
466.742 9.70337
485.636 9.49089
485.636 9.41621
471.551 9.74728
519.772 9.53604
527.31 9.37632
494.008 9.4936
523.578 9.66898
514.645 9.51668
514.645 9.42905
511.079 9.44011
514.804 9.47195
537.874 9.44564
530.177 9.24064
525.857 9.38536
587.762 9.51693
643.568 9.44056
562.602 9.52896
597.759 9.42537
573.552 9.46271
571.948 9.52018
568.373 9.19763
562.172 9.2889
568.438 9.53922
519.26 9.4316
516.447 9.40911
497.329 9.27578
472.796 9.33221
503.64 9.54056
522.618 9.31584
549.507 9.20715
538.93 9.31254
519.254 9.36289
504.246 9.36299
537.787 9.54818
460.303 9.65222
513.628 9.42154
509.851 9.25839
519.184 9.55397
542.774 9.56871
520.697 9.62358
538.036 9.36802
537.262 9.50293
568.812 9.42632
587.56 9.27813
464.138 9.72984
537.026 9.56824
535.269 9.39039
500.793 9.70502
492.814 9.55378
516.445 9.3096
522.188 9.55321
524.006 9.56921
508.615 9.30461
529.965 9.47713
529.829 9.55132
595.802 9.26922
631.624 9.43831
631.624 9.36546
637.616 9.56445
616.01 9.14924
693.776 9.77198
693.776 9.44061
701.779 9.24117
701.779 9.70894
670.705 9.56742
656.561 9.84139
631.968 9.41874
631.968 9.57523
587.328 9.55018
563.487 9.67792
563.487 9.53816
558.318 9.47607
503.202 9.57319
556.833 9.65105
539.335 9.38454
560.487 9.59533
524.587 9.50341
486.867 9.38887
472.848 9.42429
509.488 9.78775
551.822 9.58383
636.781 9.84596
607.945 9.76539
609.884 9.5694
624.77 9.36997
587.578 9.36635
632.013 9.40815
597.057 9.62204
581.866 9.57967
604.18 9.57867
594.913 9.50414
588.755 9.6513
571.974 9.64595
553.617 9.75577
574.02 9.76064
557.405 9.55805
541.904 9.64651
514.455 9.54372
529.069 9.46801
564.842 9.17155
565.7 9.65596
560.362 9.59306
588.996 9.50522
629.595 9.16421
580.57 9.5752
572.527 9.47861
555.55 9.4668
569.226 9.87373
544.426 9.44237
524.019 9.48007
534.48 9.47366
549.024 9.38014
541.36 9.38537
489.759 9.72803
502.847 9.6454
506.46 9.50229
555.74 9.68142
519.317 9.46953
518.495 9.3639
536.044 9.36505
569.689 9.56071
588.32 9.47608
525.805 9.43105
506.61 9.71544
525.533 9.51049
579.092 9.37151
547.72 9.27981
538.722 9.42662
538.722 9.69268
543.886 9.21171
507.904 9.36663
522.419 9.36467
535.766 9.38019
558.891 9.58224
539.058 9.44005
555.797 9.52987
539.44 9.49722
545.458 9.49727
526.662 9.60601
517.197 9.39714
516.728 9.48105
518.675 9.63582
511.409 9.66485
519.388 9.73011
521.736 9.26895
512.732 9.6189
538.621 9.60312
500.125 9.46073
502.454 9.51487
502.454 9.74792
498.382 9.57685
489.372 9.65346
540.41 9.13644
547.256 9.48153
556.97 9.67011
532.057 9.5808
519.186 9.50795
494.99 9.53264
478.832 9.40925
482.929 9.63175
489.136 9.5157
506.991 9.42211
491.078 9.4236
471.95 9.75753
481.504 9.32496
513.643 9.36384
522.981 9.35323
561.127 9.53365
571.174 8.93812
582.555 9.61511
561.649 9.55619
531.476 9.70487
514.456 9.72415
533.043 9.75793
528.629 9.74101
536.656 9.55244
571.072 9.35588
554.093 9.47331
589.268 9.29883
565.863 9.52816
610.728 9.36306
610.728 9.38371
601.197 9.47782
634.138 9.50346
676.335 9.5206
726.711 9.42498
659.819 9.69769
658.827 9.51933
612.831 9.37345
603.64 9.27148
622.506 9.37339
610.172 9.51532
585.734 9.62409
560.113 9.48263
567.288 9.4953
593.119 9.44143
563.922 9.79047
574.059 9.50353
617.623 9.33756
648.339 9.54279
621.939 9.63458
614.133 9.72254
631.61 9.74169
637.881 9.80641
637.599 9.05433
621.039 9.42841
607.122 9.43245
558.209 9.75145
565.501 9.75006
570.668 9.66874
597.473 9.48709
628.403 9.39172
620.531 9.59931
626.895 9.46517
560.301 9.59027
561.758 9.4339
556.072 9.25554
572.716 9.39502
583.968 9.67049
567.684 9.4825
598.983 9.4499
581.753 9.35503
589.878 9.43679
569.938 9.54417
553.23 9.08549
545.128 9.47926
548.045 9.47543
583.876 9.22576
528.185 9.36382
584.35 9.34519
584.35 9.5321
538.806 9.26853
538.947 9.71362
580.835 9.13987
545.213 9.37159
504.42 9.23241
527.09 9.24231
492.597 9.2933
489.453 9.59966
544.263 9.36974
599.697 9.38957
594.446 9.79405
615.63 9.42817
630.921 9.72719
630.921 9.75504
603.801 9.75504
602.072 9.75504
671.534 9.68849
577.44 9.40184
555.269 9.74301
597.968 9.70571
606.016 9.68333
566.281 9.65541
541.251 9.44616
510.935 9.19663
484.233 9.57915
479.182 9.25126
493.479 9.49954
508.353 9.4562
513.285 9.46277
515.944 9.71923
527.723 9.35854
526.312 9.36355
515.736 9.33785
513.413 9.54411
510.351 9.57012
532.464 9.34246
507.42 9.59228
511.541 9.36008
537.799 9.3903
529.808 9.34665
533.184 9.37608
509.934 9.54926
505.296 9.62093
492.54 9.50709
542.28 9.65094
514.773 9.56916
530.084 9.61032
607.764 9.48834
566.012 9.33976
562.037 9.7159
540.305 9.45064
537.985 9.69891
518.758 9.45329
491.905 9.19413
546.92 9.74417
537.047 9.34681
524.085 9.47263
593.848 9.65806
504.896 9.56966
508.087 9.36968
464.052 9.25129
457.799 9.34285
446.606 9.69116
478.144 9.47831
452.409 9.61791
454.154 9.52841
460.094 9.45704
494.343 9.11036
523.564 9.39719
564.379 9.41528
561.426 9.38691
507.903 9.67904
504.453 9.49317
496.392 9.4796
510.702 9.45352
487.785 9.56871
447.221 9.53179
448.208 9.45785
479.368 9.43129
519.862 9.43437
534.16 9.40521
555.438 9.38416
516.167 9.4259
528.475 9.46099
521.927 9.67776
518.536 9.66092
545.971 9.46254
592.564 9.24795
606.759 9.46168
566.711 9.68978
536.495 9.59374
546.031 9.73675
533.5 9.62182
536.418 9.3851
511.984 9.78975
527.852 9.5444
534.09 9.50183
520.353 9.43009
514.149 9.19119
593.417 9.51416
615.925 9.61002
613.116 9.66944
585.978 9.52021
543.415 9.39093
527.857 9.22923
550.064 9.73202
564.854 9.60782
566.011 9.46166
567.72 9.40512
561.792 9.72931
503.085 9.4653
482.594 9.36979
493.822 9.17547
466.922 9.54423
437.275 9.59326
450.121 9.70074
450.121 9.6645
452.295 9.79762
463.482 9.29722
465.747 9.40144
471.268 9.83002
479.578 9.44945
482.356 9.48748
524.336 9.48353
495.035 9.45675
485.887 9.69018
534.843 9.50465
578.431 9.67997
537.068 9.39029
561.82 9.50349
571.329 9.48261
548.235 9.36519
533.868 9.32885
522.167 9.41505
574.078 9.57054
563.794 9.56592
563.76 9.52542
549.289 9.49009
558.645 9.2062
519.039 9.65187
481.889 9.30503
472.844 9.27029
463.396 9.81867
482.485 9.82156
500.506 9.51815
443.197 9.30798
459.202 9.40169
511.903 9.69736
490.82 9.66518
488.931 9.19601
487.682 9.41996
512.274 9.43522
550.728 9.59506
549.595 9.51454
513.117 9.60868
517.857 9.58237
567.635 9.34476
560.768 9.69828
552.63 9.64186
574.31 9.60328
585.55 9.13726
556.363 9.17916
502.561 9.48982
503.176 9.34906
590.612 9.54003
577.719 9.41221
577.719 9.736
629.874 9.72112
590.856 9.49986
575.497 9.65587
641.918 9.77897
599.388 9.8286
586.656 9.29015
600.057 9.50542
581.871 9.64864
593.156 9.43066
598.998 9.70536
590.014 9.44119
612.319 9.59851
668.806 9.45129
670.882 9.39195
654.451 9.31339
615.486 9.71052
542.646 9.33876
542.054 9.52511
544.634 9.58014
541.369 9.57213
540.064 9.46894
532.999 9.23446
526.853 9.19051
537.984 9.30975
548.474 9.23776
539.035 9.58539
531.396 9.50231
514.991 9.15542
506.75 9.66655
506.673 9.25765
519.893 9.58023
510.426 9.53176
479.483 9.65575
483.564 9.68513
475.04 9.60773
481.155 9.67876
471.814 9.5042
478.78 9.81597
527.927 9.66248
502.463 9.45733
525.949 9.73337
512.538 9.43187
544.201 9.23236
495.209 9.79145
560.453 9.28987
509.395 9.12463
498.797 9.28662
497.012 9.4444
502.764 9.39022
502.131 9.74771
456.825 9.76786
454.743 9.54754
458.865 9.62525
470.173 9.40059
467.045 9.59982
423.121 9.69074
426.231 9.42253
444.053 9.60462
453.042 9.5877
507.51 9.54309
525.05 9.80085
519.416 9.41955
525.029 9.65148
555.459 9.70435
585.994 9.09667
599.175 9.63255
700.224 9.39024
607.918 9.60017
658.633 9.5016
579.934 9.45975
579.934 9.63476
590.381 9.22768
562.27 9.41876
611.281 9.60597
601.212 9.55917
560.252 9.35083
572.096 9.41811
591.365 9.4245
610.261 9.3157
648.755 9.50454
575.705 9.55087
562.903 9.68276
570.042 9.38977
561.022 9.4244
562.967 9.44505
570.816 9.31912
555.771 9.42857
589.016 9.58444
582.23 9.50755
561.795 9.14016
598.106 9.33587
535.498 9.28473
538.899 9.27461
557.226 9.5069
523.397 9.52245
502.797 9.60227
517.328 9.55763
504.264 9.23537
494.648 9.33313
446.871 9.48261
461.011 9.53852
481.717 9.58184
483.844 9.88384
469.377 9.33749
469.345 9.62709
478.207 9.24863
528.604 9.27294
566.612 9.37896
569.778 9.36714
613.006 9.7756
577.227 9.10736
537.175 9.36037
517.716 9.50792
499.994 9.64359
531.835 9.2301
566.268 9.64037
599.475 9.32223
565.078 9.45354
569.036 9.37772
569.771 9.54591
550.785 9.5708
550.115 9.32801
569.056 9.43607
581.748 9.60888
587.104 9.28768
589.795 9.49916
613.076 9.3856
619.346 9.38016
578.064 9.5398
600.928 9.37298
585.632 9.30248
600.14 9.76015
588.765 9.40853
545.529 9.41133
571.046 9.36304
560.731 9.62573
599.223 9.47425
547.916 9.24016
514.562 9.57201
481.667 9.66444
502.421 9.31665
478.947 9.51886
498.434 9.53631
509.401 9.46332
530.784 9.56767
569.849 9.29617
528.608 9.58132
540.93 9.40396
504.734 9.39465
519.184 9.50404
519.184 9.38228
564.988 9.63942
553.705 9.2551
543.422 9.44335
539.171 9.47812
539.793 9.60741
553.161 9.32919
507.881 9.67457
484.293 9.66555
518.434 9.45377
512.429 9.58201
515.508 9.66319
510.17 9.58343
487.962 9.58295
491.055 9.58393
474.141 9.52099
490.435 9.10157
466.542 9.4606
515.564 9.21031
516.292 9.40972
510.17 9.77347
507.494 9.38061
522.915 9.40888
553.687 9.47913
562.896 9.36022
539.269 9.18205
547.898 9.22786
598.462 9.28783
585.117 9.50127
510.598 9.62941
472.427 9.44531
482.974 9.40567
514.054 9.57104
483.806 9.31224
513.334 9.57973
498.668 9.66476
516.185 9.2691
496.784 9.28749
521.329 9.44324
579.154 9.62422
563.388 9.60029
561.324 9.42414
576.872 9.67617
587.623 9.72245
601.159 9.47393
585.95 9.59295
567.816 9.61868
569.365 9.77286
550.733 9.15427
556.405 9.29685
546.25 9.63924
572.612 9.26854
513.558 9.45683
537.621 9.37358
516.17 9.4635
534.169 9.39113
518.796 9.70097
495.713 9.43057
508.378 9.68202
529.86 9.38843
524.967 9.76293
530.066 9.38179
518.713 9.46973
483.825 9.20258
507.762 9.22591
546.46 9.1663
568.778 9.12669
564.279 9.47791
592.951 9.53903
587.354 9.53182
571.954 9.32133
565.448 9.68198
514.061 9.21825
489.417 9.29922
478.588 9.81889
503.855 9.42779
494.342 9.1477
496.74 9.78863
502.996 9.37178
470.673 9.71995
488.498 9.54074
531.497 9.35807
485.12 9.37941
517.46 9.21384
528.89 9.48908
497.919 9.56331
511.507 9.507
512.897 9.71816
501.612 9.5378
513.435 9.55026
534.55 9.38301
494.1 9.42609
460.131 9.44444
472.298 9.34082
475.352 9.51982
495.48 9.27614
507.974 9.4163
563.97 9.39378
560.698 9.38401
533.935 9.40226
577.006 9.61795
574.213 9.51708
551.189 9.71569
526.964 9.37671
521.188 9.67043
544.986 9.74727
538.199 9.50032
519.893 9.45849
519.687 9.51106
523.913 9.48847
525.652 9.63004
527.213 9.16273
507.79 9.63228
488.702 9.45549
500.32 9.56356
537.455 9.6478
536.561 9.65378
567.062 9.45916
556.467 9.47088
543.849 9.48471
576.917 9.47272
572.87 9.42113
600.608 9.60845
665.816 9.45555
692.226 9.36661
702.573 9.68124
665.358 9.68166
644.991 9.68333
590.413 9.6812
538.333 9.43954
524.767 9.69007
571.585 9.53286
573.124 9.60987
546.712 9.26846
549.564 9.24179
522.501 9.31501
566.518 9.44154
563.283 9.4718
652.521 9.66
640.991 9.57364
640.568 9.57009
610.181 9.49213
635.592 9.30507
621.777 9.47397
630.21 9.4446
649.955 9.5155
641.943 9.46607
685.589 9.76991
586.784 9.7164
582.763 9.58854
564.276 9.60641
542.45 9.54306
557.686 9.61785
532.531 9.55877
520.566 9.45678
503.191 9.48516
513.631 9.39315
478.392 9.49315
474.433 9.42148
474.433 9.43778
471.099 9.41445
464.748 9.343
471.21 9.52225
504.068 9.46061
501.631 9.53425
501.626 9.19052
503.679 9.37337
504.529 9.4029
499.885 9.43555
452.498 9.38274
460.138 9.51922
463.349 9.21572
451.432 9.48126
505.664 9.94622
538.763 9.3492
507.766 9.34036
497.268 9.59891
473.841 9.59397
473.841 9.292
473.841 9.39355
473.841 9.44862
488.174 9.41544
501.755 9.35538
521.198 9.72696
528.422 9.57925
528.422 9.25745
528.422 9.38408
528.422 9.2511
520.984 9.65503
475.763 9.49438
504.385 9.45114
473.09 9.56107
414.254 9.73548
492.979 9.8388
498.45 9.50917
530.047 9.32075
549.986 9.59272
513.688 9.63102
540.34 9.21231
500.048 9.53861
525.6 9.54391
512.595 9.69833
546.386 9.53193
545.071 9.44967
566.61 9.77604
511.667 9.59281
474.454 9.56021
490.741 9.72345
488.837 9.60195
501.826 9.34714
473.654 9.42743
531.562 9.36952
557.935 9.53423
555.305 9.48852
556.941 9.53268
550.556 9.27262
519.945 9.40751
544.865 9.46133
546.972 9.61791
522.618 9.59159
519.692 9.43187
546.769 9.78319
546.003 9.51732
552.22 9.65241
558.076 9.55397
552.094 9.47917
561.513 9.55993
542.227 9.40437
547.317 9.66537
550.588 9.62048
556.915 9.66648
535.218 9.56094
551.086 9.56187
505.06 9.38594
505.06 9.57805
521.216 9.49855
521.216 9.55733
539.562 9.71385
515.885 9.43352
564.957 9.52853
567.743 9.27922
528.971 9.56473
600.503 9.44302
574.172 9.42921
611.488 9.36892
587.078 9.42191
591.688 9.64159
506.811 9.44616
474.981 9.279
454.971 9.54026
453.933 9.45444
474.932 9.50882
538.209 9.16334
537.293 9.51926
508.338 9.62283
533.389 9.51467
536.885 9.42779
540.012 9.66597
518.599 9.90414
525.825 9.65939
525.371 9.8654
539.882 9.30936
554.225 9.44699
522.676 9.46044
576.034 9.46333
490.972 9.46866
558.183 9.38045
555.688 9.35462
570.05 9.06355
548.271 9.17303
552.566 9.82742
613.211 9.32239
585.363 9.41012
585.363 9.85551
559.875 9.57574
548.632 9.75827
555.197 9.23188
555.197 9.48215
509.743 9.61546
525.658 9.28992
537.932 9.30075
537.932 9.84198
537.932 9.75043
546.875 9.5797
552.83 9.69251
554.402 9.87175
582.967 9.71516
510.492 9.70128
501.632 9.53545
543.452 9.51801
552.956 9.55416
564.627 9.39519
563.07 9.77158
556.974 9.68299
564.439 9.29379
553.371 9.39544
569.923 9.36789
562.759 9.30685
515.21 9.3267
550.327 9.43735
536.03 9.59636
547.694 9.72846
518.127 9.70595
520.055 9.68616
502.083 9.40183
486.972 9.36362
470.848 9.36017
476.992 9.88529
479.314 9.11955
478.241 9.30891
493.662 9.46307
490.257 9.36952
485.781 9.56228
485.953 9.16067
454.126 9.48516
510.452 9.65757
518.7 9.27834
476.213 9.53378
474.051 9.52217
475.977 9.7558
494.592 9.20683
473.47 9.22898
427.023 9.6314
456.82 9.44039
402.05 9.32127
374.3 9.43679
448.34 9.44522
436.005 9.63207
463.21 9.50053
481.681 9.61385
451.111 9.20299
490.034 9.45542
538.054 9.6612
534.552 9.80129
532.521 9.32238
537.78 9.4032
536.65 9.40236
539.191 9.46038
480.242 9.29387
496.461 9.44968
531.384 9.31503
516.219 9.68023
518.441 9.51063
518.441 9.45114
518.441 9.25912
520.686 9.31146
520.686 9.60021
520.686 9.37891
504.581 9.54077
478.06 9.44783
504.384 9.5698
529.252 9.35977
499.875 9.55481
577.431 9.53548
574.848 9.46871
538.769 9.47544
553.962 9.66033
546.147 9.23859
507.049 9.11198
529.667 9.45203
531.332 9.33494
523.999 9.60528
592.351 9.31054
600.962 9.46427
534.447 9.46463
483.595 9.59259
474.902 9.37215
501.233 9.4008
483.772 9.35239
530.321 9.54456
546.57 9.37415
569.727 9.62521
563.192 9.53898
483.058 9.49056
542.858 9.5418
541.588 9.89111
524.92 9.10128
507.41 9.6782
506.628 9.72205
503.755 9.20687
491.812 9.4432
516.523 9.09642
490.068 9.72362
451.723 9.56591
479.391 9.59396
479.623 9.75397
504.063 9.56498
545.819 9.31509
579.259 9.3183
568.955 9.08843
533.742 9.60945
518.859 9.4337
492.577 9.0895
507.435 9.2263
531.876 9.35021
498.083 9.60387
563 10.0409
564.157 9.8527
528.084 9.02477
550.483 9.45437
544.081 9.2826
564.044 9.19471
533.629 9.69446
597.997 9.82676
526.083 9.7718
542.858 9.59393
534.781 9.64287
521.594 9.60721
565.677 9.59963
564.838 9.60254
552.69 9.59434
552.05 9.55768
590.652 9.40171
631.268 9.73626
620.588 9.45454
583.726 9.61848
527.386 9.65901
552.59 9.79741
585.311 9.3058
572.295 9.30342
559.836 9.44311
547.02 9.48853
529.263 9.53072
557.121 9.55926
586.017 9.551
523.785 9.37451
530.667 9.18418
537.714 9.51971
539.521 9.39239
522.007 9.21022
519.47 9.5238
531.415 9.2946
517.443 9.22788
534.522 9.28862
512.914 9.4759
522.051 9.83596
505.22 9.4235
507.913 9.58543
549.523 9.46203
554.913 9.3775
548.699 9.66049
563.753 9.57621
580.438 9.48746
568.706 9.65028
577.689 9.62464
575.362 9.5421
600.943 9.56285
603.929 9.48468
597.991 9.26778
574.434 9.5639
528.74 9.43864
557.197 9.27498
517.569 9.28106
496.531 9.25716
516.241 9.41166
482.606 9.53033
481.356 9.55432
464.765 9.45609
494.941 9.56221
492.756 9.55224
503.198 9.5548
560.054 9.72809
553.158 9.41457
518.746 9.18186
511.448 9.40222
485.279 9.36479
550.07 9.39398
547.479 9.49496
524.445 9.57381
588.035 9.3988
550.487 9.33227
523.126 9.85011
515.935 9.35916
473.335 9.46997
490.306 9.60682
505.283 9.99826
554.359 9.4616
505.181 9.49524
600.98 9.44767
583.412 9.49136
504.981 9.31827
519.738 9.46234
520.363 9.24042
491.69 9.52201
497.763 9.49528
498.545 9.58131
500.565 9.57345
572.219 9.53164
568.802 9.42474
534.037 9.54797
514.413 9.69742
498.648 9.57055
476.384 9.54595
490.623 9.38951
490.623 9.65871
513.639 9.51905
503.603 9.51926
556.293 9.75696
529.945 9.35633
529.061 9.26678
539.037 9.67872
538.388 9.59103
543.134 9.50374
564.305 9.60486
643.144 9.43215
578.474 9.44953
590.72 9.40616
551.664 9.40282
553.119 9.39264
540.298 9.41843
575.216 9.75413
586.141 9.56911
579.045 9.57789
572.498 9.57691
564.758 9.46589
558.764 9.6603
569.848 9.18647
579.747 9.3505
572.923 9.66181
577.04 9.64368
545.084 9.55444
581.422 9.43578
554.379 9.56136
566.393 9.73235
537.213 9.67439
521.596 9.73249
530.977 9.62814
575.17 9.37057
526.614 9.55317
538.412 9.54812
516.293 9.50993
506.206 9.52143
472.784 9.51563
495.959 9.64364
496.068 9.43334
464.917 9.17654
518.516 9.70708
519.901 9.44211
538.528 9.37919
544.919 9.41811
557.768 9.27903
562.477 9.54077
537.707 9.41442
519.272 9.32092
526.793 9.58908
548.505 9.65172
569.977 9.32692
538.751 9.50194
517.532 9.77239
566.103 9.52897
564.543 9.60627
583.802 9.37603
613.855 9.48853
613.855 9.64689
575.546 9.63257
597.227 9.46394
601.914 9.45446
590.033 9.48264
537.039 9.43106
529.761 9.20999
470.139 9.3506
421.985 9.4733
421.985 9.59857
437.048 9.67221
461.914 9.20015
488.892 9.42121
485.997 9.42619
482.491 9.33338
488.039 9.33816
481.509 9.58203
498.818 9.41162
521.883 9.10355
514.901 9.72138
542.13 9.44679
546.22 9.47244
523.491 9.36802
497.812 9.63408
497.812 9.59517
495.672 9.47935
495.294 9.47987
495.294 9.10476
527.868 9.69917
512.309 9.3481
551.822 9.70257
519.798 9.35995
592.238 9.277
563.371 9.24144
540.649 9.25905
507.872 9.29483
537.635 9.44059
525.09 9.66322
544.691 9.49354
532.737 9.43007
529.58 9.36005
547.732 9.71881
539.377 9.67083
540.347 9.48821
542.172 9.55156
597.515 9.28846
592.795 9.43824
556.649 9.87503
567.887 9.08806
577.379 9.48768
577.379 9.47249
552.258 9.28726
548.526 9.90612
531.398 9.74158
494.556 9.64006
478.593 9.46994
515.883 9.98878
579.484 9.64209
553.792 9.23932
560.958 9.54623
557.437 9.62993
592.5 9.47752
571.356 9.61702
569.684 9.52532
553.499 9.08617
575.178 9.45483
543.149 9.38074
521.721 9.27487
514.689 9.65462
557.031 9.27163
557.031 9.69298
559.101 9.31526
573.734 9.86483
530.512 9.63161
534.137 9.71848
548.6 9.65191
548.6 9.33569
572.068 9.54501
566.673 9.32654
585.135 9.54481
701.487 9.45926
642.657 9.46789
640.831 9.84828
654.535 9.47888
559.879 9.21483
569.075 9.38076
575.198 9.52745
574.249 9.62299
572.804 9.52192
545.611 9.48502
552.721 9.21468
542.198 9.58639
539.985 9.43231
523.242 9.33764
544.977 9.66124
531.461 9.35991
530.412 9.37755
517.121 9.56472
516.184 9.23802
493.849 9.71912
456.972 9.39538
432.901 9.52295
461.942 9.28619
461.747 9.35739
533.361 9.49457
533.361 9.49458
530.297 9.55346
463.331 9.58986
467.606 9.57277
513.828 9.71109
519.159 9.38734
472.115 9.45586
437.757 9.35275
437.757 9.4791
437.757 9.82419
460.539 9.3203
512.161 9.6524
536.347 9.51742
493.074 9.453
491.297 9.48669
474.205 9.29131
510.296 9.42526
507.335 9.91801
479.89 9.51024
505.104 9.21079
524.573 9.48386
499.506 9.5937
469.524 9.17332
429.811 9.25188
456.34 9.08965
493.197 9.39659
485.473 9.276
479.575 9.7147
528.919 9.45517
580.882 9.32834
597.572 9.58054
613.629 9.5584
541.489 9.47211
492.468 9.28601
490.661 9.58737
469.47 9.48
468.482 9.31431
481.621 9.52071
486.743 9.40636
487.732 9.52968
483.482 9.37164
476.882 9.90359
490.935 9.34313
492.31 9.44181
499.911 9.28442
492.35 9.41159
517.985 9.76379
528.281 9.43587
570.425 9.72368
514.068 9.41402
527.736 9.42855
536.982 9.46485
586.615 9.59468
549.099 9.39456
528.679 9.45461
501.338 9.3242
519.47 9.75537
559.533 9.39036
528.069 9.44676
579.075 9.56459
579.075 9.77817
579.075 9.5516
579.075 9.60801
563.303 9.23438
561.608 9.37794
609.151 9.53163
625.518 9.62328
581.737 9.52476
523.008 9.43751
509.888 9.69137
431.641 9.61175
431.641 9.52487
434.82 9.58703
552.672 9.14588
513.227 9.49615
456.849 9.34539
456.172 9.23714
457.458 9.58148
439.458 9.22106
479.94 9.95376
466.653 9.5939
477.174 9.60127
493.503 9.56758
473.529 9.30251
486.272 9.40783
462.207 9.46819
449.2 9.4092
469.669 9.58418
477.187 9.38432
493.115 9.43305
499.188 9.65834
500.844 9.60673
511.77 9.34742
522.312 9.51432
558.818 9.69278
582.275 9.62807
553.144 9.60335
517.61 9.27276
521.153 9.53219
520.515 9.70164
520.232 9.4529
530.884 9.50364
538.19 9.53317
557.138 9.20493
573.782 9.62946
569.465 9.61593
587.214 9.4479
573.38 9.40687
517.928 9.62744
540.751 9.4201
537.95 9.21091
513.514 9.16356
550.184 9.26137
568.101 9.4065
562.018 9.64759
549.939 9.37897
547.321 9.48599
535.465 9.35671
539.995 9.48377
509.035 9.26282
498.456 9.29703
542.603 9.27772
522.058 9.5842
506.676 9.73236
498.702 9.20049
489.379 9.55376
517.696 9.56279
475.881 9.31191
466.267 9.67453
460.904 9.4158
482.637 9.51636
511.185 9.48252
519.118 9.66805
519.118 9.60123
548.583 9.38051
549.681 9.6079
551.64 9.56127
546.006 9.76982
550.838 9.22254
608.378 9.74366
574.685 9.70365
530.105 9.50872
576.74 9.16971
595.526 9.36851
629.388 9.53946
590.084 9.11565
552.045 9.1762
555.322 9.35397
516.231 9.38238
590.746 9.4993
563.473 9.31444
553.077 9.50434
540.304 9.54456
531.767 9.58994
519.863 9.55036
518.201 9.12889
506.727 9.45354
514.78 9.4336
510.337 9.23848
509.029 9.55795
502.688 9.81015
502.688 9.36426
529.494 9.32251
535.083 9.40727
525.61 9.49039
534.621 9.31299
525.627 9.18529
507.932 9.34813
502.69 9.34885
473.128 9.64772
522.379 9.55003
502.123 9.42211
498.413 9.62563
466.257 9.60185
466.731 9.30075
484.273 9.29492
475.59 9.60859
460.309 9.48553
455.167 9.47619
440.701 9.49129
449.67 9.46162
475.788 9.81568
504.486 9.32282
457.559 9.70341
454.168 9.53925
455.767 9.44946
455.767 9.66018
430.658 9.47716
442.355 9.28718
445.32 9.18248
492.489 9.56182
534.324 9.53122
530.408 9.20175
582.474 9.66809
595.741 9.66199
573.558 9.75989
577.138 9.23492
667.027 9.41685
601.079 9.41345
626.946 9.35337
643.383 9.49291
637.26 9.55329
653.649 9.46766
602.892 9.37292
599.027 9.47203
599.967 9.029
598.966 9.41525
537.797 9.37213
507.726 9.24706
469.131 9.52342
479.434 9.2331
500.289 9.42553
486.291 9.36886
498.047 9.45713
496.678 9.78033
512.507 9.4563
506.391 9.6057
527.293 9.79026
503.533 9.63691
512.657 9.70555
454.202 9.40042
483.199 9.76468
509.502 9.31628
565.722 9.46373
559.786 9.73053
555.812 9.67834
517.685 9.64523
586.606 9.55628
618.278 9.4912
573.735 9.42116
526.302 9.89312
532.147 9.45081
545.43 9.49247
519.402 9.34632
504.618 9.18694
534.883 9.71867
557.056 9.42388
565.795 9.28131
533.355 9.63759
561.128 9.74428
502.405 9.48418
469.558 9.57886
515.291 9.38411
515.291 9.44642
516.928 9.68087
478.898 9.61647
490.944 9.40672
464.096 9.319
484.3 9.58867
454.771 9.69742
484.962 9.59237
509.312 9.61461
523.739 9.33551
578.424 9.54336
627.467 9.55065
615.611 9.51967
569.814 9.54707
543.502 9.5515
556.09 9.50599
602.459 9.40344
608.92 9.29525
591.403 9.44312
587.485 9.32826
584.925 9.35806
601.445 9.7206
585.911 9.87614
614.131 9.23378
616.26 9.26012
587.761 9.43787
578.235 9.40737
583.799 9.58368
570.536 9.47444
540.647 9.72147
486.021 9.68049
482.043 9.21277
510.597 9.67766
517.812 9.40277
561.627 9.35047
573.453 9.33814
565.557 9.77378
584.31 9.48518
591.557 9.35856
556.797 9.52438
563.126 9.79395
537.235 9.75077
539.601 9.38559
518.291 9.66609
501.697 9.70269
510.963 9.6632
496.056 9.67301
496.406 9.79922
526.154 9.32066
563.591 9.49669
582.188 9.36735
554.373 9.36228
572.043 9.55038
576.777 9.4939
527.055 9.43013
554.809 9.81815
553.09 9.66217
518.573 9.44368
533.184 9.67917
482.979 9.78089
471.919 9.47678
459.372 9.21676
467.398 9.62192
535.113 9.31666
503.562 9.15523
561.3 9.52817
549.075 9.27283
565.469 9.57219
537.298 9.46462
547.333 9.16643
568.992 9.45753
564.349 9.40316
574.675 9.54448
545.971 9.53452
579.146 9.53027
557.038 9.439
553.685 9.3354
505.084 9.42565
540.908 9.47611
514.722 9.2537
509.424 9.25208
500.235 9.1383
502.748 9.15338
514.445 9.26974
523.041 9.47914
528.005 9.44257
534.094 9.36331
512.279 9.38241
491.035 9.34539
514.162 9.5863
486.222 9.23719
469.3 9.21343
470.741 9.69582
463.313 9.59519
463.418 9.52914
469.416 9.70158
481.49 9.53632
478.035 9.70982
507.07 9.40041
484.792 9.57628
473.974 9.3895
504.364 9.49238
507.705 9.29465
495.854 9.58459
496.679 9.43302
515.22 9.27548
524.29 9.26343
532.352 9.28976
498.681 9.41252
472.165 9.80625
474.526 9.49575
479.003 9.317
456.428 9.29686
443.746 9.73283
454.549 9.68549
491.821 9.5266
503.952 9.33504
487.564 9.4814
483.667 9.53011
448.052 9.35562
484.292 9.5475
461.868 9.5338
487.857 9.33267
513.438 9.47924
572.305 9.57941
526.248 9.27381
483.867 9.69458
483.867 9.46654
506.468 9.46322
505.931 9.47393
536.613 9.65267
558.488 9.65595
616.144 9.43745
591.282 9.46246
600.388 9.28244
604.397 9.34039
652.332 9.59048
611.736 9.4647
631.006 9.43596
641.285 9.44626
617.126 9.43437
600.507 9.40931
608.499 9.36022
611.631 9.63009
588.39 9.42438
531.921 9.21024
566.268 9.72604
576.927 9.30509
558.751 9.417
591.167 9.59099
547.422 9.16337
567.895 9.38494
555.973 9.43569
580.317 9.22687
608.335 9.29978
596.1 9.68861
595.62 9.36366
561.597 9.46732
532.175 9.59879
528.42 9.63929
520.834 9.77201
498.127 9.51975
562.579 9.64268
539.988 9.72175
537.37 9.4054
502.442 9.25015
499.358 9.45412
518.052 9.40113
511.921 9.48234
519.64 9.3368
479.668 9.57103
448.047 9.57842
473.426 9.21615
437.998 9.10279
463.92 9.67226
496.796 9.50451
495.349 9.30178
477.978 9.20027
474.868 9.63808
511.613 9.41272
483.798 9.61952
464.634 9.48885
464.634 9.71603
474.972 9.58297
477.175 9.64866
472.027 9.4656
472.027 9.60345
483.991 9.66898
534.095 9.48214
525.095 9.58227
531.008 9.59025
561.189 9.59153
578.638 9.59221
538.214 9.60618
537.826 9.62744
551.681 9.25538
526.132 9.2059
512.56 9.70458
502.439 9.58259
486.67 9.59156
522.104 9.23275
514.297 9.53874
492.741 9.62038
468.112 9.56525
501.116 9.41629
500.17 9.29565
518.722 9.23161
476.342 9.45139
476.342 9.55831
539.998 9.61493
552.275 9.41103
553.892 9.45717
570.352 9.47684
563.016 9.56469
570.369 9.7163
567.348 9.42267
565.489 9.55651
556.59 9.59256
522.649 9.68625
507.87 9.76604
526.205 9.51265
544.308 9.56974
563.446 9.367
619.745 9.22738
614.234 9.49533
580.12 9.3683
554.168 9.33438
438.216 9.73848
488.771 9.64026
498.456 9.55325
447.589 9.35012
511.771 9.82684
489.658 9.60863
491.709 8.98278
493.856 9.36159
501.128 9.65875
508.368 9.24159
487.339 9.57629
490.675 9.40201
532.782 9.45047
522.779 9.63728
525.886 9.22191
525.886 9.64367
545.308 9.41538
533.13 9.36435
533.13 8.86514
532.753 9.40271
563.537 9.44246
600.117 9.74312
597.921 9.68879
609.778 9.2875
590.83 9.64154
581.098 9.5774
573.863 9.41516
594.834 9.47869
647.367 9.4318
712.124 9.43751
611.665 9.63769
625.013 9.18002
593.621 9.31207
558.376 9.64857
571.426 9.46928
566.672 9.82176
620.102 9.39992
604.506 9.45532
579.416 9.73866
538.919 9.7048
541.485 9.54621
520.402 9.34422
503.844 9.44254
531.501 9.30345
551.161 9.61068
493.386 9.16639
496.054 9.47518
499.317 9.66037
518.451 9.77766
473.191 9.53813
473.191 9.13966
495.223 9.17144
495.223 9.83539
448.147 9.61872
448.147 9.35392
448.147 9.59223
434.623 9.51201
447.562 9.51324
499.385 9.45915
502.092 9.43396
476.447 9.47798
473.496 9.50125
518.003 9.57204
538.461 9.72352
526.964 9.40174
534.499 9.86583
545.123 9.46488
546.286 9.6194
546.434 9.55836
544.167 9.37507
540.346 9.50103
545.97 9.38958
543.919 9.48819
544.846 9.56046
544.59 9.53054
546.253 9.56865
551.888 9.21546
570.815 9.18515
616.361 9.55668
600.618 9.34363
613.794 9.62437
629.863 9.64431
626.12 9.66231
626.12 9.42562
626.12 9.4602
630.631 9.43991
591.121 9.65605
612.731 9.6636
581.526 9.50096
554.129 9.59316
548.522 9.3311
563.17 9.29927
525.327 9.92354
509.242 9.44695
471.04 9.45439
431.953 9.49253
509.262 9.70361
489.644 9.19348
495.328 9.41433
489.987 9.57265
492.487 9.7452
492.886 9.61658
537.785 9.60862
552.728 9.38662
521.922 9.74252
527.016 9.44697
555.588 9.40536
527.343 9.5945
507.575 9.36309
502.131 9.48058
479.627 9.32887
487.666 9.581
487.666 9.48199
511.373 9.36608
522.567 9.41845
511.77 9.72438
577.41 9.25198
558.732 9.66805
536.044 9.42351
543.125 9.40018
532.259 9.511
537.909 9.33665
555.639 9.39974
534.816 9.71927
536.749 9.34803
537.353 9.61033
521.509 9.69325
465.74 9.4933
520.548 9.42357
535.233 9.38289
446.067 9.27851
453.1 9.32142
486.562 9.1109
461.05 9.45115
503.458 9.51681
511.244 9.50304
487.696 9.44217
502.515 9.32796
511.562 9.83563
533.012 9.19834
538.16 9.75593
554.239 9.78332
566.456 9.54649
531.204 9.66094
583.925 9.29669
474.354 9.56334
459.574 9.57794
490.184 9.63339
491.393 9.48718
562.594 9.43276
609.799 9.81131
611.275 9.54176
616.584 9.51768
574.423 9.63095
558.096 9.5012
538.563 9.80254
547.991 9.21458
524.821 9.64988
524.953 9.91813
533.174 9.64798
538.339 9.59123
529.145 9.17847
554.294 9.44461
544.674 9.70651
543.875 9.5443
523.536 9.55126
523.536 9.16287
537.107 9.59726
576.971 9.20883
530.292 9.33169
511.726 9.37113
494.52 9.31131
556.901 9.50944
599.778 9.51112
612.638 9.2925
605.294 9.20068
555.346 9.56028
499.819 9.59459
517.637 9.22812
496.734 9.35033
518.766 9.64904
533.541 9.36949
531.678 9.23794
543.918 9.47095
538.85 9.73295
565.949 9.40954
567.041 9.50379
545.413 9.44987
492.876 9.32288
509.02 9.36444
543.845 9.39743
543.548 9.53427
542.177 9.54668
539.79 9.22733
556.066 9.26074
489.293 9.27246
539.675 9.51628
564.59 9.58403
602.967 9.48219
569.683 9.26025
597.015 9.23828
524.546 9.46767
546.367 9.31848
611.162 9.47903
615.662 9.46646
602.665 9.3276
614.266 9.1235
621.444 9.61206
632.176 9.51747
615.095 9.56023
615.095 9.5287
599.937 9.28879
565.239 9.20152
542.25 9.60413
527.159 9.71302
563.192 9.44615
521.768 9.42852
547.917 9.34929
568.176 9.66161
528.085 9.75201
617.765 9.70565
573.047 9.53193
573.047 9.29546
590.884 9.64698
550.228 9.79546
538.171 9.43387
561.452 9.41688
541.306 9.59057
530.946 9.52396
502.076 9.45671
546.332 9.43772
556.478 9.52024
563.468 9.25793
559.077 9.1365
566.114 9.38464
554.517 9.31385
504.678 9.444
541.833 9.19016
483.235 9.64204
509.787 9.62759
549.624 9.41347
602.125 9.52336
541.993 9.45149
612.751 9.54217
598.492 9.43956
581.626 9.51682
571.031 9.59275
568.668 9.46406
552.795 9.50979
531.053 9.69692
530.708 9.35917
548.411 9.64175
551.686 9.62462
571.338 9.62021
572.782 9.47634
581.689 9.59145
567.336 9.34242
492.629 9.05238
534.941 9.49088
521.654 9.57012
511.034 9.40773
498.336 9.41558
495.244 9.66203
516.578 9.73576
520.451 9.34532
517.365 9.37218
510.441 9.41215
532.462 9.42909
532.576 9.6053
530.192 9.68452
567.63 9.57921
605.627 9.61647
633.897 9.55905
694.265 9.09043
694.265 9.34709
699.507 9.10483
665.738 9.29259
665.738 9.31314
686.412 9.30062
700.081 9.38676
686.144 9.55213
686.144 9.36026
721.776 9.61887
686.459 9.41974
629.771 9.55747
645.551 9.48262
708.07 9.59347
708.07 9.63668
725.185 9.52228
762.414 9.36744
787.938 9.92534
728.458 9.12828
714.747 9.62795
714.747 9.6171
666.664 9.57308
599.33 9.32259
590.698 9.58892
567.06 9.59919
584.44 9.54819
600.649 9.78524
598.09 9.47805
582.595 9.24758
541.472 9.15083
570.434 9.2653
547.927 9.40143
554.674 9.17819
592.99 9.21283
586.922 9.21501
595.762 9.62824
624.187 9.40439
647.035 9.50485
647.035 9.50297
594.723 9.55037
606.501 9.42715
575.288 9.51143
587.02 9.66247
581.022 9.64642
551.923 9.65369
529.662 9.48145
528.404 9.33274
551.565 9.34996
556.872 9.4173
577.672 9.51338
560.363 9.47552
538.832 9.55417
532.62 9.64322
515.601 9.2597
521.854 9.25175
529.919 9.27245
472.939 9.69716
472.939 9.48075
472.939 9.4077
501.373 9.68029
480.398 9.32789
450.127 9.47714
462.775 9.50106
462.775 9.37598
483.936 9.58247
503.463 9.27004
501.77 9.47896
487.557 9.39199
492.107 9.3001
522.091 9.34206
532.664 9.63021
535.183 9.16223
539.947 9.4013
554.556 9.42243
553.157 9.25802
548.195 9.54248
533.155 9.47638
590.103 9.37534
546.389 9.16571
474.352 9.54133
556.902 9.38857
548.111 9.23103
521.992 9.67449
483.928 9.49577
471.895 9.32761
507.501 9.35022
512.319 9.13722
477.765 9.28301
508.664 9.51182
520.737 9.61332
498.441 9.21537
477.905 9.4204
453.65 9.78149
523.701 9.68716
516.684 9.39868
507.39 9.67562
560.78 9.35582
576.529 9.69458
546.485 9.52166
533.917 9.5163
500.825 9.36229
526.616 9.599
523.236 9.38961
504.111 9.71794
519.266 9.57676
500.359 9.66389
523.496 9.63107
498.309 9.41966
505.775 9.45591
517.458 9.56353
534.482 9.66741
569.497 9.46413
607.921 9.56962
586.732 9.5752
589.637 9.25807
590.04 9.6727
584.218 9.46497
599.309 9.53453
590.815 9.85832
596.786 9.46821
557.608 9.50026
575.46 9.4192
577.564 9.31918
592.012 9.23439
582.968 9.52738
630.748 9.46019
595.172 9.53276
567.127 9.4634
585.699 9.64986
573.894 9.64166
573.894 9.61096
583.697 9.39052
552.188 9.4382
563.814 9.43404
534.996 9.29538
548.781 9.20937
544.678 9.36672
540.109 9.8209
546.765 9.42887
530.846 9.44181
530.846 9.68654
523.495 9.30414
536.95 9.69227
540.666 9.48358
555.472 9.3785
604.709 9.61394
586.781 9.17093
589.536 9.21582
595.061 9.59968
555.339 9.79286
567.677 9.51415
602.097 9.32316
592.369 9.51699
576.649 9.32718
520.482 9.35904
523.406 9.55821
540.316 9.31302
545.353 9.31135
570.392 9.49356
554.85 9.49115
554.85 9.63708
570.069 9.23859
589.455 9.67006
580.638 9.46338
620.408 9.44691
628.887 9.43477
608.161 9.56343
610.671 9.64129
610.444 9.35324
623.225 9.23999
573.568 9.53369
554.796 9.32218
546.937 9.40534
532.928 9.45137
556.883 9.6649
498.59 9.58347
515.303 9.54144
514.575 9.29098
493.757 9.31285
499.515 9.4101
504.157 9.6006
524.039 9.74132
512.368 9.47065
513.989 9.4159
504.999 9.22768
501.853 9.45753
477.254 9.42894
467.887 9.55238
506.988 9.39298
494.214 9.57313
545.097 9.59527
528.771 9.33562
577.717 9.57221
602.039 9.45343
578.595 9.54827
573.434 9.48382
557.8 9.19907
541.947 9.39662
532.734 9.36306
496.501 9.66266
507.58 9.33268
485.479 9.25737
524.977 9.6129
550.276 9.44072
551.041 9.7252
550.099 9.30066
584.64 9.56405
523.109 9.42674
484.663 9.54062
467.389 9.1049
455.054 9.41551
431.721 9.4472
431.721 9.74028
475.037 9.42814
435.541 9.41914
458.14 9.61965
508.865 9.76319
509.255 9.75115
541.405 9.72006
512.949 9.18559
485.156 9.77195
507.019 9.559
535.641 9.67283
491.373 9.57434
483.088 9.42823
477.709 9.54704
505.32 9.48147
518.125 9.49425
534.827 9.24726
526.117 9.43336
563.723 9.52228
533.154 9.44286
524.995 9.54112
474.817 9.34539
503.671 9.50115
471.351 9.69643
449.683 9.3459
451.372 9.37312
487.184 9.29452
480.589 9.30365
467.157 9.2851
489.732 9.48609
492.441 9.51534
485.433 9.32376
508.962 9.79705
499.96 9.68464
512.616 9.58618
574.644 9.61769
535.895 9.2895
525.101 9.57134
542.063 9.38101
511.497 9.43999
506.514 9.5507
476.146 9.4286
453.349 9.30673
461.685 9.3398
459.059 9.28267
433.027 9.64637
466.194 9.46957
466.69 9.26323
487.728 9.51819
466.167 9.64606
432.881 9.80085
415.363 9.55379
388.024 9.51928
453.285 9.52424
457.375 9.68375
450.145 9.39614
445.886 9.42752
443.254 9.85278
434.504 9.47547
434.068 9.58223
434.287 9.26517
445.606 9.47399
439.743 9.59673
446.98 9.26027
441.995 9.37373
444.067 9.59058
458.419 9.62722
464.821 9.76377
470.04 9.49509
464.375 9.27007
466.781 9.46188
503.041 9.08691
500.679 9.76533
499.167 9.43466
472.948 9.24002
477.691 9.56081
473.188 9.47145
486.646 9.58018
516.623 9.58207
478.676 9.58214
456.689 9.32215
456.529 9.33506
491.61 9.71665
489.41 9.6156
531.358 9.35231
554.294 9.61263
490.362 9.62291
521.678 9.19077
478.76 9.49937
443.348 9.6226
502.719 9.6358
470.081 9.35508
516.696 9.47597
577.568 9.5539
585.266 9.79899
565.223 9.52478
589.025 9.70496
539.031 9.14726
531.278 9.68454
541.782 9.61068
535.102 9.17177
543.064 9.46246
544.288 9.49987
527.246 9.5283
531.985 9.62726
471.789 9.37533
469.802 9.68595
448.322 9.30265
427.44 9.47534
426.167 9.34569
435.04 9.6947
460.822 9.43434
472.299 9.167
503.394 9.45223
497.376 9.67816
495.991 9.41722
442.705 9.67517
495.262 9.44932
489 9.43624
550.327 9.54744
527.222 9.55885
503.841 9.658
475.606 9.60171
507.083 9.30249
518.033 9.41008
495.565 9.34229
479.195 9.19563
482.329 9.37043
499.464 9.39886
496.103 9.22438
523.806 9.09608
553.052 9.35173
569.035 9.43881
532.301 9.71142
566.542 9.61425
557.347 9.52864
539.802 9.67149
552.86 9.35165
520.676 9.40578
523.833 9.58843
531.841 9.68329
555.837 9.58724
547.106 9.63005
518.81 9.43573
515.469 9.57946
526.151 9.68353
505.008 9.60031
508.69 9.06035
523.647 9.58237
509.872 9.68124
524.777 9.44957
512.864 9.26126
488.46 9.48621
459.94 9.53025
469.352 9.35647
492.942 9.5036
497.709 9.57421
488.178 9.30993
559.277 9.37346
607.106 9.22671
