29.6728 21.9469
29.6728 22.0345
29.3644 22.1726
29.7482 21.9493
31.2797 22.2235
29.7095 22.1876
29.1437 21.9976
30.2426 22.3567
30.0822 22.3835
28.8816 22.4141
28.8983 22.2423
28.0775 22.2226
31.9708 22.1682
32.4211 22.0508
32.1409 21.9389
30.065 22.2263
30.0267 22.2005
31.8142 22.2144
30.9297 22.08
30.1436 22.429
30.0526 21.4915
31.5683 22.5538
34.8418 22.5493
34.8418 22.6774
32.6683 22.8119
32.6683 21.9424
33.4149 22.2034
34.2938 22.467
34.2938 22.1624
35.0951 22.3409
35.0951 21.99
32.5169 22.2299
34.0479 22.1963
28.0289 21.9959
27.5577 22.5191
29.3204 22.0627
28.5278 21.5641
28.3557 22.0678
28.6929 22.2894
28.3607 22.1972
29.0186 21.9886
26.3018 21.8812
25.8953 22.055
25.8948 22.317
25.8055 22.189
26.6262 22.3333
25.3696 22.7543
25.0539 22.0482
23.7216 22.4011
25.1966 22.1156
25.6374 22.1744
24.6604 22.0172
24.4827 22.3248
23.577 22.4561
23.3896 22.7278
23.3896 22.1174
23.7741 22.2805
26.358 22.2686
25.2642 22.0965
24.6684 22.3609
26.2606 22.5357
27.2722 22.063
25.6541 22.3512
25.9974 22.3104
27.4083 22.3548
27.2319 21.9854
26.3595 22.093
27.2778 22.4067
27.6742 22.0902
27.8095 22.2542
27.3918 22.0698
28.5602 22.0382
26.3445 21.987
26.1155 22.0267
26.0759 22.5104
29.6684 22.484
33.3944 22.2556
35.45 22.0054
35.1514 21.9451
35.1514 22.1062
34.6053 22.6247
32.3415 22.2212
33.3402 22.1703
33.459 22.4773
37.1756 22.4422
37.3388 22.1944
36.0358 22.3409
35.4919 22.4
33.2426 22.3999
32.1522 22.1395
31.4529 22.119
31.9924 22.1425
30.5019 22.7845
31.1697 22.5942
29.3656 22.4737
30.3528 22.6038
31.4774 22.1041
30.4707 22.0927
31.4046 22.5867
27.5721 22.2773
27.3025 22.3911
27.1908 21.892
27.1031 22.4227
25.5048 22.613
26.386 22.4556
28.8473 21.9491
28.3734 22.5923
27.3032 22.4383
28.3647 22.3506
27.6819 22.3613
27.6819 22.0436
28.2574 22.4787
29.142 22.27
29.1262 22.0853
27.4843 22.1356
27.4843 21.87
27.4843 22.2246
28.9618 21.8915
28.9618 22.0538
28.9618 22.5994
31.1239 22.5165
31.1239 22.2322
28.047 22.1688
27.7901 21.7423
27.7901 21.8708
27.8132 22.1466
27.3325 22.9606
27.4256 22.6156
27.0912 23.0292
26.4629 22.4817
26.2905 22.4777
26.2521 21.5174
26.1347 21.622
27.1081 21.8702
26.4699 22.2209
27.5104 22.4992
27.5104 22.1399
27.5104 22.1099
27.0948 22.2863
26.7252 21.743
27.0544 22.5098
26.775 22.183
25.6272 22.4122
24.361 22.3363
24.361 22.4228
29.7355 21.9359
29.8045 21.8311
30.0383 22.0904
29.4118 22.6004
28.2765 21.9082
28.6675 22.3073
26.8214 22.4848
26.1403 22.3397
25.3527 22.6588
24.702 22.0517
24.0531 22.3215
25.3355 22.2938
25.295 22.5473
25.7095 22.0646
26.1208 22.4676
25.8434 22.3584
27.203 22.1207
26.7205 22.217
28.6355 22.3475
28.1478 22.231
25.7908 21.9313
25.7908 22.3228
24.5965 22.3571
25.9101 21.8575
28.2591 22.5902
27.5832 22.2058
27.4754 22.3809
28.3827 22.5302
28.156 22.0516
28.3226 22.1357
26.6099 22.3817
26.6099 22.0766
27.564 22.0485
25.2594 22.1443
24.443 22.2294
24.443 22.0613
24.443 22.7778
24.443 22.2872
24.0806 22.2139
24.0806 22.3055
24.0806 22.285
24.0894 21.9747
24.1807 21.7656
24.1807 22.1224
24.1996 22.3449
24.1996 21.9388
24.4901 22.7437
25.1437 22.3219
25.1437 22.4107
24.7578 22.1991
24.4219 22.3357
24.6205 22.3575
25.4448 22.0617
25.5674 22.3074
25.5674 22.6449
26.7407 22.2952
26.4817 22.2593
26.041 22.3498
24.6653 22.3661
24.6837 22.3658
25.259 22.3086
33.4263 22.2618
41.1611 22.031
42.01 22.5462
42.5879 21.6549
42.5879 22.633
40.9656 22.5318
34.9542 22.4414
32.4334 22.1106
32.4334 22.4244
32.5488 22.3268
32.5488 22.2721
28.9267 22.5289
28.9083 22.4247
29.3667 21.986
25.4445 21.6269
25.8873 22.0406
25.8873 22.183
25.8873 22.4187
26.3284 22.0836
24.855 22.3113
25.9432 22.6423
26.4473 21.6629
25.9994 21.963
25.9994 22.2769
26.2844 22.0567
26.2844 22.441
26.2844 22.7841
26.2844 22.5632
26.2844 22.5208
26.2844 22.4912
26.2844 22.5525
26.2844 22.3051
26.2844 22.3129
26.2012 22.3842
25.6846 22.2141
25.6846 22.1182
26.0188 22.1431
25.4665 22.2435
25.4791 22.2075
24.7259 22.0327
24.5608 22.1542
24.5128 22.2188
24.6726 21.6842
23.0496 22.403
24.4397 22.3236
23.7105 22.3843
24.2703 21.467
22.719 22.3183
23.6831 22.2475
21.4181 22.1439
22.0272 22.2503
22.3809 22.2339
23.2321 22.2321
23.5273 22.3759
24.0172 23.049
24.5502 22.2179
25.3652 22.123
25.9639 22.1652
26.0416 22.4746
25.7292 21.9589
26.8724 22.3103
26.7468 22.0308
27.5031 22.0794
30.2273 22.2246
30.4122 22.2189
30.3931 22.1475
26.2502 22.4383
27.6784 22.4173
27.6784 22.3135
26.5598 21.9155
27.4219 22.0273
27.1236 21.8091
28.2635 22.2459
29.9695 22.5893
30.0237 22.2792
32.6539 22.2206
29.8858 22.1453
28.2147 22.0379
28.2294 22.3133
27.4716 22.4924
27.6186 22.5722
27.8191 21.9325
26.9917 22.425
27.1745 22.1812
29.3683 22.4307
27.904 22.6075
27.5407 22.3571
26.9828 22.1443
27.5512 22.4657
26.4676 22.2487
25.8027 22.183
28.807 22.2157
29.6414 22.2935
28.3627 21.9664
29.4522 22.6608
29.4522 22.5672
28.634 22.55
28.0601 22.2379
29.3583 21.7314
29.3628 22.1318
27.6566 22.6135
27.4563 22.5338
27.3142 22.8715
26.947 22.2403
26.5448 22.315
26.711 22.3223
27.699 22.1425
27.8694 22.4019
28.6961 22.6068
28.3792 21.8996
24.6437 22.6136
25.4683 22.5491
26.0029 22.3376
24.6571 21.8605
24.0761 21.7959
23.647 21.9914
23.7927 22.0255
23.2676 22.0357
23.2676 22.0385
25.6023 22.0529
24.8219 22.0021
25.0686 22.7679
25.0686 22.8475
25.0686 22.5842
24.0482 22.0471
24.2237 22.2523
24.2237 22.2928
24.2237 22.0493
23.8633 22.1741
24.2652 22.1455
24.6475 22.3759
25.6472 22.3482
26.889 22.3501
26.5219 22.0348
27.674 22.168
28.7093 22.0469
29.8003 22.1773
30.0053 22.1769
31.0114 22.1898
30.9052 22.1692
29.4592 22.2378
32.1093 22.5804
30.2819 22.199
27.1317 22.5049
27.0212 22.5049
27.5344 22.3707
26.2281 22.2405
27.0744 22.3846
27.0744 22.1275
26.7376 22.3161
24.8315 22.9218
25.8143 22.7443
27.9474 22.2772
27.3341 22.1984
26.755 22.3415
26.256 22.0199
32.5321 21.9311
27.6748 22.6991
28.4216 22.4459
27.529 22.4814
26.8795 22.5608
27.1352 22.6777
27.633 22.3095
28.1102 22.704
28.1804 22.3629
27.8371 21.9231
26.9069 21.8878
26.9604 21.9341
26.3771 22.4703
26.1588 22.3636
26.8238 22.0922
27.19 22.394
27.19 22.1091
27.19 22.3549
26.4778 22.171
26.4778 21.7217
25.308 22.3109
25.1157 22.2862
25.1157 22.1166
25.1637 22.3532
24.6466 21.9657
24.9197 22.1925
25.3725 22.3057
23.4805 22.174
22.2896 21.9449
23.8464 22.1898
22.7395 22.2079
22.7395 22.2599
23.4533 22.5108
31.8634 22.4018
30.7842 22.4431
30.2358 22.0573
30.5374 21.8747
29.8122 22.0375
29.1472 22.1892
28.6763 22.3692
28.3766 22.6417
27.5973 22.0421
25.6102 22.6076
24.8334 22.55
24.069 22.4386
27.0313 22.1371
27.0182 22.7385
27.6046 22.7924
27.9484 22.6602
29.1879 22.6602
29.1879 22.8661
29.5757 21.688
30.3525 21.7669
30.4518 22.2263
30.0571 22.1774
30.1975 22.3317
28.7045 22.3344
27.728 22.2842
27.445 22.0978
26.6634 22.048
25.5239 22.0765
25.5239 22.4904
25.5239 22.27
25.1043 22.0726
25.196 22.6723
27.7455 21.93
29.2009 21.9491
28.3458 21.9225
29.2659 22.2151
29.6043 22.0622
30.2847 22.3387
31.3129 22.2399
30.9725 22.4316
30.7731 22.0818
28.538 22.9164
28.8392 22.311
28.5447 22.1581
28.4787 22.3134
27.5213 21.9129
27.5213 22.3897
30.4537 22.2163
30.1991 22.1626
31.3348 22.3007
30.4057 22.5181
29.7685 22.1805
29.1205 22.2203
29.3884 22.2181
25.3526 21.9008
25.9163 22.4566
27.6039 22.3614
26.0468 22.1156
22.9933 22.1045
23.2369 21.7179
22.8935 22.1787
22.7803 22.4272
21.4986 22.4408
21.2471 22.1644
21.6418 22.3973
21.8917 22.3287
21.0836 21.8056
20.6005 22.2771
19.3945 22.2853
19.3945 22.4575
21.4089 22.5132
20.2658 22.0398
20.5388 22.3068
21.5383 22.2032
19.7374 22.6663
20.3258 22.3074
20.0914 22.1767
19.5827 22.2476
19.6584 22.3005
19.6584 22.4508
20.5992 22.4145
21.0492 22.6514
20.709 21.9374
20.1234 21.8595
20.0406 22.1255
20.1078 22.6678
20.1078 22.4983
21.7509 22.1693
21.8829 22.1642
21.8992 22.3116
22.2625 22.1165
22.2625 21.7326
21.8388 21.7766
21.9085 21.8652
22.0902 22.0033
22.0902 22.451
23.5115 22.7152
24.6093 22.1107
25.1418 21.8919
25.3662 22.1516
27.8805 23.0311
27.8805 22.8058
27.0367 22.7003
27.7873 21.9306
27.6576 21.9575
27.6576 22.0753
27.6576 22.1911
27.7522 21.7456
29.467 22.0511
30.8984 22.3411
31.2181 22.7206
31.2181 22.0594
31.2181 21.9587
31.8787 22.4866
30.6853 22.5945
30.6853 22.498
30.7849 22.5999
30.7849 22.7558
35.9033 22.4636
35.9033 22.4899
36.7303 22.1818
38.1227 22.5999
40.5603 22.0496
38.3223 22.8827
38.7745 22.7303
38.7745 22.5328
38.7745 22.4711
38.1876 22.3354
45.4043 22.9689
45.4043 22.2032
45.0848 22.3396
44.8784 22.7941
44.8784 22.0537
44.8784 22.2103
50.4801 22.1822
36.1416 22.409
37.5962 22.2369
28.6372 22.1656
28.3103 22.4755
28.1263 22.2166
27.6198 22.4724
27.4707 22.347
27.8932 21.5281
28.968 21.9314
29.0577 22.2318
31.5528 22.5531
32.1699 22.2067
31.9555 22.3646
31.9482 22.1484
33.1376 22.4632
33.2872 22.0342
32.7594 21.998
32.4984 21.8411
32.7766 22.1147
28.6644 22.2694
29.8663 21.8709
32.898 22.0193
32.6886 22.0125
32.6886 21.766
34.6484 22.6525
34.0909 22.6253
38.3524 22.4107
38.3524 22.2761
39.8199 22.3541
39.8199 22.4853
41.698 22.335
33.5785 22.5974
32.5894 21.9067
31.683 22.2481
38.1015 22.1022
37.4394 22.2115
36.1462 22.5148
35.7768 21.7912
35.5988 21.7164
35.3248 22.8344
37.645 22.7823
36.7898 22.1204
36.7898 21.7633
29.767 22.3125
28.2982 21.9491
28.2982 21.8183
30.3448 21.5199
29.6587 22.1087
27.5993 22.0733
26.6254 22.0404
26.3191 22.0925
25.8257 21.9189
25.2863 22.1512
25.7271 22.1316
28.8708 22.2973
27.1622 22.1186
27.2899 22.3196
27.5788 22.1647
27.0026 22.2304
29.4561 22.3537
29.7591 22.1839
27.429 22.4013
27.5771 22.381
26.7702 22.3453
26.4231 22.0422
26.8513 22.1137
26.1575 22.1034
26.1757 22.0872
24.4405 22.6035
24.4405 22.4507
24.4405 21.9654
24.4405 22.3348
24.4405 22.2897
24.4405 22.2344
24.4405 22.2847
24.4405 22.3695
23.5418 21.9486
23.5418 22.6822
23.5418 22.035
23.5418 22.7524
27.9821 21.9494
27.9821 22.3109
25.7725 22.1946
25.7725 22.2887
22.4396 22.2926
22.4396 22.4063
22.4396 22.5308
22.4396 22.4395
22.4396 22.2435
22.4906 22.7527
30.5859 22.1363
30.0285 21.8199
30.1643 22.1727
29.1919 22.1371
38.6767 22.6409
30.6785 22.4659
29.0286 21.7795
29.0286 22.0072
27.9022 21.8506
27.9022 22.038
27.6024 22.135
27.6857 21.7751
27.6857 22.1803
29.7278 22.5278
29.3672 22.4244
27.8117 22.0336
26.8009 22.3785
27.994 21.895
27.8116 21.6395
27.8116 21.916
27.0372 22.1199
26.5095 22.598
26.5095 22.0358
26.7945 22.4934
26.7945 21.9435
27.2072 21.916
24.7865 22.3387
24.7865 22.2214
37.8585 22.2087
35.2291 22.0197
36.3993 22.4643
37.4693 22.7112
38.2649 22.2758
30.7468 22.8661
25.3037 22.0235
23.8966 22.008
23.8966 22.6497
23.7749 22.2947
24.7699 21.8663
23.7941 22.1623
25.0763 22.103
25.2354 21.7484
24.9486 22.0062
26.0201 22.2032
26.0548 22.2286
25.3331 22.2975
23.9911 22.2738
23.8847 22.3231
23.9673 22.2529
23.7201 22.4162
22.5278 21.8879
22.902 22.1749
22.7411 22.0354
22.7411 22.3091
23.351 22.4485
21.1912 22.3937
21.8934 22.591
23.0974 21.6806
23.0974 22.1731
23.553 22.1255
23.9374 21.9377
24.8995 22.0867
24.8995 22.4816
24.0543 21.7589
24.5612 21.8665
24.7983 22.5637
24.5607 21.9167
26.6985 22.3012
26.1854 22.1476
25.7358 22.2353
24.8669 22.4921
26.6753 22.2778
27.3683 22.5651
26.768 22.2716
25.4032 22.4711
23.8839 22.0849
23.8178 21.8653
22.4949 22.313
22.6567 22.434
23.0244 22.384
22.9818 22.5473
22.3236 22.6106
23.2562 22.0965
24.0475 22.7211
24.6566 22.1784
24.525 22.03
24.8438 22.2046
26.9915 22.2605
26.9209 21.7296
28.3373 22.0217
36.8185 21.7818
37.1326 22.2597
37.7302 22.1514
37.6896 22.4543
35.6921 22.1363
35.6921 22.4136
35.6921 22.3711
34.7316 22.0401
34.3877 21.995
35.4592 22.1968
36.007 22.4631
38.2167 22.559
38.2167 22.4576
38.2167 22.445
37.8292 22.537
37.5873 22.4552
37.6277 22.2936
37.6277 22.3786
33.3779 22.3819
33.8497 22.3703
33.8497 22.6179
36.025 22.4379
36.025 22.1774
36.025 22.1939
35.5332 22.0341
35.5332 21.8958
32.5401 22.4846
33.148 21.9315
32.9979 22.4019
33.5095 22.2698
33.5095 22.2897
33.5095 21.6756
31.9967 21.6427
32.2415 22.8805
32.6676 22.4216
33.3029 22.0229
33.8971 21.8136
32.6855 22.0939
24.5579 21.6637
24.6365 21.6931
25.1327 22.7098
24.9927 22.4405
27.0045 22.2977
24.8534 22.1128
24.9697 22.2388
23.2344 22.2463
22.9533 22.6788
24.2139 22.1047
23.9664 22.2595
23.7199 22.3052
23.9831 22.342
23.3387 22.3139
22.8812 22.0932
26.2172 22.4678
25.6945 22.317
24.8254 22.6206
24.1469 22.0782
24.0391 22.5764
23.8774 22.598
24.2041 22.417
23.5647 22.2834
24.2013 22.2457
23.6161 22.6196
25.0024 22.6246
26.3873 22.5591
26.1501 22.6959
24.2859 22.5108
24.2859 22.1619
29.3357 22.0306
28.2251 22.4281
29.6535 22.3894
27.5126 21.9118
28.3602 22.7878
29.1975 22.2656
29.3434 22.4966
31.0675 21.9525
31.3628 22.206
31.3628 22.7833
31.3649 21.8403
30.421 21.9655
27.7508 22.2906
27.7826 22.6528
26.7132 22.3968
27.3079 22.4657
27.3079 21.803
28.1952 22.4071
29.0236 22.1393
28.6412 22.223
27.6479 22.1682
26.4145 21.9955
27.3994 22.5786
27.4964 22.4471
24.0428 21.9755
26.115 22.3209
26.1878 22.1376
26.8549 22.5607
26.8698 22.3443
26.7803 22.1414
27.3432 22.4081
27.5896 22.3159
27.5896 21.9771
27.5896 22.1021
27.5896 22.1579
27.3702 22.5004
28.1052 22.1672
28.9758 22.1602
28.9758 22.0605
29.5451 22.4178
29.9537 22.1997
28.2484 22.1699
26.8158 22.3095
25.4811 22.1251
25.4811 23.0069
25.4811 22.4996
26.2478 22.3506
27.1199 22.5952
26.115 22.3159
25.7419 21.9959
26.3911 22.552
25.0309 22.1036
25.5065 22.2055
25.9059 22.4978
27.2179 21.9282
27.2385 22.1863
27.5208 22.7519
27.7248 22.1185
27.7419 22.1645
28.5276 21.8453
28.9578 22.0827
24.8795 22.3597
26.5903 22.565
25.8692 22.5394
26.5124 22.8473
26.2342 22.3053
26.1281 22.313
29.6207 22.2468
30.0718 22.5018
29.9431 22.6242
32.7819 22.4419
32.0377 22.3249
32.4967 22.3811
31.5542 22.2066
33.8682 22.4951
33.8682 22.2493
34.4089 22.0277
35.4273 22.3695
33.3379 22.3604
33.9939 22.3298
36.9761 22.3608
36.9761 22.2467
33.8751 22.3124
33.6227 22.0407
37.546 22.1907
34.9883 22.5548
35.2486 22.2332
35.284 21.9405
37.2281 21.9544
38.1192 21.9692
37.0239 22.338
37.0239 22.142
37.0239 22.2917
37.0736 22.7113
45.8105 22.0193
46.3529 22.1126
41.2126 22.0886
41.9615 22.2156
41.9615 22.2634
40.1146 22.1159
40.1146 22.3827
40.1146 22.1673
39.099 22.2793
39.9458 22.0826
40.099 22.3214
39.7234 22.1744
40.2705 22.7238
41.6568 22.3492
41.333 22.3564
40.3072 21.9722
40.3072 22.1471
40.3072 21.8783
51.4582 21.9363
52.121 22.4198
52.121 21.8856
53.5065 22.0391
54.3833 22.1838
54.3833 22.1863
53.9468 22.2023
52.8739 22.1968
48.2075 22.2026
48.2075 22.1761
48.2075 22.1183
48.2075 22.5794
38.8676 22.266
39.4275 22.1733
27.96 23.2136
27.1553 22.3531
26.8354 21.8867
27.0909 22.443
27.0909 22.895
27.0909 22.4364
26.6191 22.3507
27.4005 22.4607
27.2967 22.2987
27.1236 22.3684
27.0753 22.0262
27.0753 22.3923
26.3042 22.5174
26.3042 22.0294
25.2661 22.1634
24.781 22.3826
24.781 22.4853
24.781 22.6297
24.781 22.2631
25.9997 22.0593
25.9997 22.2636
25.6221 22.249
25.2413 22.2136
24.6675 22.2801
24.6675 22.1655
24.8783 22.2278
24.8783 22.43
24.8783 21.9997
24.9255 22.3749
24.1618 21.7484
24.1618 22.1234
23.3284 22.2965
21.6333 22.3969
21.6333 22.3281
22.2924 22.4038
21.4987 21.7059
21.6218 22.1197
21.5489 22.5968
21.289 22.4019
22.5261 22.8049
23.2784 23.0041
23.2784 22.0389
23.2784 22.8525
23.2784 22.584
23.2784 21.6652
23.4849 22.5396
23.4849 22.1188
23.4849 22.1947
23.4849 22.3578
23.4849 22.4275
24.9286 22.7555
24.9286 21.8421
24.0389 22.3889
24.7623 22.1697
25.6551 22.3007
25.2201 22.418
25.6736 22.2685
25.2201 22.1626
26.2542 22.1141
26.1204 22.3074
27.3921 22.1996
26.955 22.3502
27.7158 22.5083
27.817 21.902
28.1807 21.8561
28.6454 21.6859
27.9969 22.3372
26.705 21.9952
26.5211 22.4734
26.2682 22.4607
25.8866 22.2532
25.8866 21.8598
26.2388 22.1004
28.1405 22.0415
28.0354 22.1635
28.1371 21.7844
26.9783 21.91
26.9167 22.0861
27.2241 22.3596
27.4029 22.0497
27.2041 22.148
27.4207 22.3148
28.3222 22.3399
28.3973 22.1622
28.4224 22.0766
28.2709 22.5915
29.4216 22.105
29.8736 22.2287
31.2881 22.3496
30.6249 22.1033
31.0222 22.1456
31.5213 22.1444
30.6358 22.2227
32.3569 22.3588
32.3711 22.1871
31.3786 22.0761
31.7839 21.8164
32.3845 22.4007
31.2901 21.9822
31.2901 22.0354
32.3513 22.5328
32.7719 22.3209
34.887 21.7505
34.1055 22.3377
31.5307 22.2297
31.9066 22.2884
31.9569 22.3916
33.8331 22.3798
32.5269 22.5288
31.5987 22.5469
30.3419 21.9706
30.7306 22.213
30.0362 22.4804
29.9755 22.0744
26.6684 22.8887
26.6684 22.3481
26.6684 22.43
25.234 22.7407
25.2089 22.2665
24.4196 22.1546
26.0601 22.0457
26.0601 21.9374
26.0601 22.5435
26.0601 22.3366
26.0601 22.1251
25.0329 22.5218
25.0329 22.2203
27.8044 22.1287
27.8044 22.0657
27.8044 22.3645
27.8044 22.3657
27.8044 22.0271
27.707 22.5811
28.2194 22.0027
28.1873 22.6493
27.7743 22.0396
27.7743 22.6274
27.7431 22.7907
27.7431 22.6032
27.5243 22.5472
27.5243 22.3873
27.5243 22.4579
28.7878 22.19
28.7878 22.3467
28.7878 22.4584
28.7878 22.3949
31.8905 22.7841
32.4036 22.4589
32.9392 22.2924
32.9392 22.1124
32.9392 22.0498
32.4389 21.9355
32.4389 22.5048
32.4389 22.3591
32.4389 22.0589
32.4389 22.7245
32.4389 22.2383
31.4609 22.0744
31.4477 22.4967
31.4477 22.1787
31.4477 21.8767
30.7875 22.288
30.7875 22.3902
30.7875 22.194
30.1311 22.5914
30.1311 22.328
30.1311 22.2946
30.1311 22.5437
30.1311 22.687
30.1311 21.8172
34.3196 21.8999
33.6206 22.6515
34.3439 22.3127
34.3439 21.9828
34.3439 22.5072
34.3439 22.2751
34.3439 22.119
37.1804 22.1155
32.5106 22.107
31.8659 22.5951
31.8659 22.1236
31.8037 22.1642
28.2105 22.3063
28.3648 22.8717
28.3648 22.6736
28.3648 22.2735
24.221 22.52
27.9807 22.2675
27.7403 21.6696
29.3149 22.144
27.0532 22.7483
27.0532 22.589
27.0532 22.4601
27.9237 22.3528
25.3265 22.2294
25.3265 22.2577
25.6784 22.4214
25.6306 21.9551
25.728 22.3497
25.728 21.8875
25.2872 21.805
25.2872 22.1346
25.2872 22.2389
25.2872 22.2744
25.2872 22.109
25.4173 22.0111
25.3289 22.3296
25.7462 22.655
25.5172 22.1478
25.8111 22.3486
25.9257 22.2237
25.3336 21.9514
26.7908 22.4084
26.1214 22.2272
26.6538 22.3001
26.6005 22.1738
26.3694 22.2581
28.8517 22.6824
28.9047 22.2549
29.395 22.3505
29.6773 22.2653
28.5179 22.4412
27.9596 22.377
25.9784 22.4651
26.2612 22.5261
26.7991 22.0048
26.4863 22.2501
25.5412 22.5659
25.234 22.3358
25.234 22.8095
26.9329 22.2124
25.3824 22.3005
24.5794 22.3593
22.8899 22.0566
22.7079 22.3395
22.5319 22.3003
22.5319 22.3603
22.5319 22.8504
22.0192 22.3318
22.0101 22.442
22.0101 22.5091
22.2553 22.541
22.2553 22.1216
22.2553 22.683
22.2553 22.0063
23.6251 22.4306
24.5169 22.3947
24.9299 22.0902
23.948 22.2081
26.5535 22.4094
24.9499 22.4936
25.3884 22.2766
24.2969 22.4768
25.1852 21.9873
25.6637 22.0034
25.1704 22.58
26.4013 22.4465
26.3639 22.4936
26.7215 22.4002
28.2147 22.4238
27.646 22.3533
27.6967 21.8884
26.604 22.1979
26.0414 22.3652
27.0853 22.2237
28.0559 22.5931
27.4573 21.9597
27.3607 22.3323
27.9528 22.4624
27.8142 22.5557
28.7612 22.4764
28.1091 22.3197
27.7131 22.4884
27.7803 22.1572
26.6145 22.3782
29.5215 22.6162
30.8292 22.5675
31.0201 22.6673
31.0201 22.1709
27.9046 22.1569
29.8634 22.4088
28.9021 22.1289
29.7434 21.6206
29.208 21.9247
29.3418 22.2352
29.4384 22.2047
29.4792 21.9469
29.9696 22.6237
31.9292 22.3322
31.9718 22.4519
33.6401 22.5054
33.7077 22.8813
34.7155 22.515
34.7155 22.1888
34.5134 22.4035
38.0402 22.4429
38.0373 22.4585
38.918 22.3887
38.0689 22.5001
37.7362 22.1998
38.0794 22.1002
36.6202 22.4153
34.6229 22.1731
35.7877 22.075
35.4003 22.0868
35.4453 22.3884
35.5181 22.5661
35.0068 22.0472
26.5277 22.4608
25.3593 22.2264
25.6664 22.3194
26.2491 22.1289
26.1928 22.8002
26.3753 22.2916
26.3939 22.735
27.4134 22.6471
27.5609 22.0907
27.6166 22.367
27.1477 22.31
26.1513 22.4066
25.969 22.6708
25.3176 22.3006
25.8904 22.0739
25.7449 22.4166
27.4615 21.6419
28.1216 22.3437
28.4035 22.2087
27.7785 22.6646
29.7451 22.4295
30.7683 22.7209
30.0783 22.6578
30.8915 22.3831
29.4966 22.2718
28.7613 22.1173
29.8864 22.3334
29.6276 21.76
29.9353 21.8756
30.1765 22.3497
31.8737 22.2205
31.605 22.458
28.5374 22.3732
28.5017 22.6691
28.4253 22.3997
28.2282 22.1824
29.6197 22.6839
30.4695 22.4289
30.3242 22.6038
28.8313 22.3218
28.1939 22.6554
27.9481 22.1527
31.8451 21.9039
31.596 22.0519
30.6863 22.353
30.7344 22.7041
30.6819 22.5448
30.7501 21.9451
31.0181 21.9642
30.8312 22.8088
31.0399 22.3247
31.0587 21.7741
31.1391 22.5266
30.3619 21.7965
30.2083 22.1389
30.013 21.933
28.4952 22.4992
30.1184 22.5146
34.929 22.5441
35.4714 22.2441
35.4714 22.1421
34.2043 22.3463
34.9003 22.9928
35.1763 22.0788
36.1145 21.4696
36.1091 22.1761
36.1091 22.2835
36.1091 22.5889
37.0826 22.5882
37.8709 21.7531
38.057 22.8829
38.057 22.072
38.0787 22.502
38.0787 22.0227
38.0787 21.9053
39.1859 22.1783
39.7819 22.6001
39.7819 22.602
39.7819 22.053
40.5482 22.1254
40.5482 22.4092
39.7844 22.2597
39.7844 22.2327
39.7844 22.3377
40.443 22.674
40.443 22.6134
40.443 22.3689
42.9269 22.3323
43.1951 22.127
43.1229 22.2266
43.1229 22.3565
44.0333 21.9229
45.978 21.7582
42.936 22.4418
42.936 22.395
43.4421 21.9365
48.9872 22.1544
48.9872 22.4426
48.9872 22.022
48.9872 22.2428
48.6721 22.4214
48.6721 22.5266
41.319 22.2203
40.7986 22.2891
39.9236 22.0677
42.3645 22.6352
42.3645 22.2224
42.3645 22.238
42.3645 22.2527
42.3645 22.2813
41.4001 22.8147
42.1319 22.2934
42.1319 22.5632
42.1319 22.3772
46.783 22.4406
46.783 22.2191
46.783 21.6087
46.783 22.3493
46.783 22.3504
46.9402 21.9742
46.9402 22.1149
46.9402 22.2186
46.9402 22.2118
46.9402 22.0675
46.9402 22.1988
47.5712 22.1347
47.5712 21.9355
44.0739 22.2847
40.8877 22.1001
42.5097 21.8913
37.5766 22.0174
36.9624 22.0692
32.9346 22.2
34.7887 22.5753
33.7357 22.1237
37.1095 22.2961
33.1593 22.7866
29.6435 22.5385
27.6954 21.9984
29.362 22.2116
28.5555 22.1904
27.5824 22.562
27.5864 22.5778
27.3652 22.5662
27.6556 22.0693
24.1281 22.3961
23.4197 22.1959
23.5957 22.7203
23.3025 22.3139
23.1488 22.6075
22.8542 22.8754
23.0952 22.5305
24.2603 22.415
25.2369 22.2211
22.8467 21.7628
22.8467 22.1131
23.1469 22.1783
23.7293 21.9714
23.5864 21.8627
23.6551 21.7933
24.8409 22.0286
24.4641 22.1473
25.1317 22.1303
24.4577 22.4456
24.3752 22.1178
23.386 22.5506
23.5343 22.8027
24.9147 22.9771
27.2538 22.1137
25.3708 21.9876
26.5306 22.1545
26.7353 21.9678
25.8636 22.628
25.7531 22.1946
24.3241 22.3254
25.0774 22.6544
25.6264 22.0856
27.5269 22.2163
27.9665 22.7151
26.1311 22.4367
25.5808 21.9283
24.707 22.3039
24.806 22.1336
24.9076 22.1299
24.9875 22.2056
25.6968 22.2265
25.6968 22.3317
26.5227 22.4093
26.4184 22.4577
27.4897 22.0275
26.9041 21.9574
26.8519 21.9715
26.3148 22.1171
23.7389 22.2846
25.8335 22.0439
25.8744 22.4402
26.3782 22.1012
26.4051 21.9903
26.0418 22.1808
26.3985 21.9166
25.3316 22.1515
26.3055 22.2434
26.9277 22.5266
26.5366 22.8258
25.979 22.1751
25.5572 22.1261
25.4949 22.2896
23.984 22.0752
23.8065 22.4351
23.8208 22.6565
23.2841 22.3845
23.3899 22.3686
22.8406 22.7897
23.2636 22.2869
23.1012 22.2324
23.8898 22.4049
25.6329 22.4665
25.6861 22.5018
25.5361 22.2301
25.8402 22.806
24.3614 22.7121
24.3181 22.0867
23.2175 22.1346
24.5157 22.3299
25.3621 21.9574
24.8001 22.0014
24.4255 22.2663
24.8525 22.9135
25.1743 22.0856
25.522 21.9023
25.522 22.1392
25.522 22.0643
26.0805 22.2834
26.7475 22.1833
27.3711 22.0875
27.4706 22.2466
27.7747 22.1691
27.7747 22.0326
28.6175 22.0482
31.6185 22.1965
30.9831 22.0895
30.9831 22.1608
30.9831 22.1811
32.9417 21.8531
32.9417 22.5563
35.3939 22.531
28.4057 22.0781
28.0125 21.7448
28.0125 22.0817
27.746 22.4502
27.3797 22.1709
28.1634 22.0169
28.1634 22.6403
24.7852 22.6469
25.2021 22.3674
26.2222 22.4705
26.2222 22.2231
25.9785 22.0574
25.0984 22.5777
25.0984 21.7544
25.107 21.9604
25.1972 22.137
25.1972 22.5815
24.7946 22.5584
26.1201 22.5299
26.346 22.4161
33.1789 22.6623
34.0831 22.5449
34.0831 22.3634
33.8708 22.1848
34.3285 22.414
34.1032 22.0288
27.825 22.3458
28.3348 22.5224
27.6797 22.1051
27.571 22.6141
27.9669 22.5151
32.6573 22.6845
30.4513 22.5844
30.3911 22.1518
32.7953 22.3078
32.0609 22.1346
30.8751 22.1377
31.4513 22.2724
31.6016 22.5459
30.584 22.6499
30.584 22.0748
29.8298 22.1815
28.4948 22.0408
28.9123 22.4573
27.3756 22.2584
27.4253 22.6361
27.461 22.7627
26.6324 22.5732
25.5712 21.8335
28.3633 22.7546
28.6573 22.5821
29.4227 22.6859
31.194 22.2836
29.9783 22.0741
29.4496 22.5404
29.1148 22.603
29.4148 22.6945
29.1804 22.6979
28.0174 22.4063
27.525 22.5069
27.7302 22.181
27.772 22.3691
26.6409 22.5754
27.071 22.5222
26.9882 22.5287
28.8856 22.1454
28.904 22.2673
28.1961 22.228
27.8352 22.4634
28.7566 22.1843
28.7566 22.032
28.4539 22.8407
29.206 22.3163
29.5991 22.5875
29.8935 22.6631
30.193 22.5377
31.6316 22.7811
30.2308 21.8577
30.1711 22.4605
29.1817 22.5037
29.6545 22.3578
30.4488 22.4991
29.738 21.9876
28.4124 22.8336
27.9772 22.1775
30.9471 21.8528
30.2182 22.0131
30.4729 22.305
30.4145 22.4301
30.4145 22.6109
30.5548 22.392
30.9909 22.1667
31.0035 22.1401
31.0035 22.2263
31.0035 22.1305
31.115 22.2249
31.0694 22.4035
28.658 22.3462
28.658 22.3704
27.9986 22.2769
26.7893 22.2947
25.4886 22.0434
25.4886 22.5381
26.4997 22.3569
25.7091 22.2596
26.8815 22.526
27.3393 22.106
27.2708 22.3611
26.9614 22.59
27.9741 22.3165
28.8712 21.6231
29.8868 21.9568
29.8868 22.1711
29.8957 22.4081
29.946 22.2322
28.8161 22.0542
28.8161 22.1303
28.8161 22.0303
28.8161 22.7972
32.0957 22.2286
32.0957 22.1702
42.3946 22.0087
41.1476 22.1456
42.6112 22.5143
43.034 22.0772
41.7765 22.1361
39.9654 22.0283
40.9229 21.9899
40.9229 22.0135
40.9229 22.2989
40.9229 21.8471
39.1168 22.3572
39.1168 22.1444
38.4712 22.0618
38.4712 22.7689
38.5912 22.0985
38.5912 22.3741
38.7414 22.1087
38.7414 22.1878
38.6316 22.1488
31.8456 22.2509
30.6955 22.4407
30.9067 22.2445
32.6767 22.2166
33.2095 22.3565
34.1223 22.3748
34.5497 22.5229
34.0723 22.6301
32.5704 22.1377
30.4612 22.4811
29.0436 22.05
29.0809 22.1587
29.3744 22.4823
29.7503 22.5476
30.4999 22.7905
29.6961 22.6979
27.6179 22.5816
26.081 22.7467
25.7961 22.2385
26.186 22.6447
28.2323 22.3246
27.4701 22.141
27.4889 22.1598
30.9406 22.2369
27.2839 22.052
25.7978 22.1905
26.8841 22.3337
27.0091 22.2453
29.9284 22.2289
31.9692 22.1796
34.062 22.8413
34.8482 22.2314
35.0388 22.5537
33.3423 22.5586
38.615 22.4978
38.0488 22.4035
39.2381 22.2234
39.1276 22.1392
32.02 22.2597
33.5985 22.0742
30.9187 21.8274
31.488 22.6773
31.488 22.2305
30.8639 21.7662
30.8639 21.9692
31.5394 21.8362
31.5394 22.0353
32.8682 22.5203
32.8682 22.0624
32.6996 22.3368
32.6996 22.3701
34.2209 22.5577
29.8149 22.4029
31.6592 22.3134
32.1141 22.1
31.8415 22.2893
32.1326 22.2055
31.6621 22.5365
30.9081 22.167
30.9081 22.4219
30.0151 22.0548
31.4081 22.4952
30.9628 22.8266
30.0581 22.4259
29.6538 22.3891
29.5872 22.4717
31.2696 22.2917
31.2696 21.8385
32.3642 22.0847
31.1639 22.1111
31.6078 22.1903
30.3377 22.3806
28.7557 22.2514
29.3544 22.1732
29.5925 22.4136
29.7979 22.1195
29.6748 21.8862
29.3429 22.454
28.6702 21.8299
29.4598 21.8897
26.0943 22.3539
26.48 22.4233
24.859 22.4734
24.5184 22.4127
25.4316 22.1473
27.3549 21.9927
29.0382 21.9853
27.6597 22.1686
27.7406 22.1775
25.3445 22.5128
26.0989 22.3458
25.8696 22.4193
24.5214 22.2443
25.0647 22.8326
24.4408 22.5141
25.4989 22.1788
25.5378 22.2557
26.308 22.078
26.3644 22.3393
27.2566 22.1041
27.6507 22.326
26.8932 22.5333
27.7445 22.2943
27.913 22.5325
28.8443 21.965
23.4866 22.2394
25.3732 22.6276
25.7841 21.9712
25.7762 22.0767
24.9502 22.4287
26.0966 22.7049
25.9946 22.2389
24.3293 22.2786
24.4347 22.2789
24.3531 22.5255
24.8347 22.2354
24.7589 22.5369
25.668 22.5677
26.5722 22.0121
25.9768 22.5671
25.6096 22.3628
25.9414 22.2981
28.2709 22.6219
28.0285 22.3982
26.9883 22.8624
27.1062 22.1711
26.2708 21.9842
26.649 21.9855
24.6154 22.8033
24.3533 22.6866
24.1251 22.0566
24.7193 22.2199
24.4351 22.3502
25.0022 22.4815
25.389 22.4567
24.6562 22.2136
24.2834 22.1418
26.6632 22.4293
25.743 22.1989
23.5149 22.4859
22.8244 22.3387
23.4154 22.3115
23.467 22.5146
22.9181 22.5916
23.4103 22.5408
24.5036 22.427
23.9519 22.3469
23.8842 22.0877
23.1543 22.5113
22.8352 22.203
23.3187 21.954
23.6206 22.5767
23.7688 22.3099
24.4042 22.2002
26.3305 22.6131
25.4453 22.224
26.1919 21.7557
29.7273 21.9342
29.7273 21.5695
28.2658 22.1368
29.4255 22.433
29.3092 22.4415
28.3888 22.3194
31.2037 21.9211
31.2037 22.4679
27.8974 21.9081
26.8965 22.0655
25.4835 21.5046
25.1166 22.1734
24.9631 22.1598
25.1563 22.3504
24.8946 22.2825
25.1809 22.186
24.7781 22.3893
24.2982 22.3952
23.1943 22.6157
23.4132 22.2267
24.6051 22.5727
33.2778 22.0555
29.5224 22.3412
29.6848 22.3222
29.7459 22.0487
35.1647 21.9177
35.6699 22.0595
36.455 22.1796
33.0097 22.4662
36.3664 22.4407
36.0808 22.4585
36.0808 22.1941
31.9162 21.828
31.2963 22.1451
29.7655 22.3792
30.2854 22.3955
28.347 21.9223
28.0154 22.3838
31.0202 22.7725
31.752 22.5768
32.3626 22.1541
33.0329 22.1142
33.1742 21.9539
31.3797 22.4993
30.5539 21.8005
29.9353 22.8706
29.3785 22.313
29.2706 22.2427
28.4026 22.1051
27.2747 22.3354
28.7795 22.3431
29.0349 22.2814
28.3111 22.2328
28.8216 22.5688
28.2525 22.3339
28.2574 22.4806
27.1814 22.545
28.7503 21.9491
30.0068 21.9433
27.9389 21.9424
27.7453 21.965
29.5571 22.3348
28.8745 22.2936
28.4424 22.5418
28.835 22.5928
28.6278 22.3827
26.3183 22.3888
25.5533 22.6968
23.6741 22.3992
22.9737 22.5978
22.6093 22.6698
23.6418 21.8799
23.6418 21.8873
23.0539 22.2662
22.5859 22.2725
22.4161 22.4633
23.9709 22.461
24.4687 22.0962
23.9332 22.0977
24.6974 22.6122
24.6974 22.0959
24.1943 22.2434
25.4164 22.5004
26.2453 21.9582
29.0089 22.0073
31.8149 22.0694
31.8149 22.1021
32.3208 21.8594
31.934 22.2667
31.934 22.001
31.5083 21.8801
32.0635 22.1438
30.9464 22.1364
30.9464 22.2971
31.7256 22.4411
29.5362 22.2532
29.5491 22.0237
31.901 21.8951
31.901 21.6666
32.8963 22.3558
32.2834 22.2082
30.2127 22.4441
30.2127 22.4792
30.2127 22.6892
28.6536 22.6137
26.5642 22.105
26.4947 21.9211
26.24 22.2161
25.4205 22.1986
25.6335 22.199
26.0462 22.2045
27.5124 22.2367
28.2168 22.5281
28.2665 22.4571
30.7018 22.3653
30.1233 22.3805
29.3029 22.2254
26.4227 22.1317
26.4227 21.855
25.6409 21.8698
25.5957 22.207
26.0544 21.9233
25.5951 22.4846
26.4924 22.4999
26.2264 22.3604
26.6404 22.414
26.2588 22.4373
25.1659 22.4103
25.5815 22.3601
24.8048 22.5169
26.2537 22.2219
26.3191 22.4917
27.1357 22.3746
24.8239 22.3652
24.9283 22.4482
24.7731 22.6015
24.5737 22.4132
28.0396 22.3098
27.2031 22.4851
26.162 22.474
25.6448 22.4626
26.3636 22.4573
29.4313 22.4633
31.776 22.7703
31.7239 22.6819
32.3217 22.1163
31.669 21.9147
31.0428 21.8569
30.2462 22.3195
42.1906 22.2399
40.9216 22.5853
41.2571 22.1427
41.4754 22.1828
41.4754 22.2955
40.4371 22.292
37.1832 22.5249
35.1464 22.2651
34.7542 22.1784
32.9043 22.3783
32.9057 21.8282
36.699 22.2232
34.9488 22.142
35.7082 22.2238
35.4405 22.1364
34.2385 22.3698
34.2385 22.0796
33.6587 22.0547
33.6587 21.8623
33.6587 21.8393
33.0139 21.8477
32.5207 22.3359
32.0384 22.5003
32.1994 22.4472
31.8762 22.2892
32.1593 22.1902
31.8821 22.4406
31.9602 22.6418
32.9652 22.1662
32.9652 21.7102
32.6979 22.193
32.5276 22.4374
32.4652 22.1953
31.969 22.1892
32.5805 22.5572
31.9946 22.2257
33.2866 22.1291
30.4902 22.0819
34.7989 22.0866
33.7335 22.0664
32.7845 21.9184
27.5632 21.919
27.4616 22.2751
26.3041 21.6108
25.8805 21.3602
25.059 22.2817
25.059 22.2145
25.059 22.0525
25.059 22.0418
24.277 21.9913
24.277 22.0466
24.3168 21.9467
23.0552 22.296
23.0552 21.9892
23.0552 22.1351
23.0552 22.3977
23.0552 22.3186
23.0552 22.2405
23.0552 22.0523
23.0552 22.0855
23.0552 22.461
22.8878 22.0381
23.4247 22.0398
23.4247 22.5281
22.7278 22.662
22.8539 22.7426
22.0696 22.1232
22.0696 22.2451
22.0696 22.1547
22.2768 22.1324
21.5074 22.2707
21.2947 22.3256
20.9626 22.2188
20.9626 22.0672
20.2973 22.3025
20.2973 22.2682
20.0505 22.1511
20.0505 22.8322
19.9182 22.8542
19.9182 22.2597
19.9182 22.3926
20.0457 22.3635
20.0457 22.2459
20.1012 22.1056
20.1012 22.1241
20.0281 22.0635
20.0281 22.7123
20.2029 23.1597
20.2029 22.5619
20.2029 22.3502
20.2029 22.246
20.2029 22.192
20.787 22.232
20.8811 22.2342
20.5474 22.1794
20.5474 22.0207
20.8553 22.3101
20.8553 22.3887
20.8553 22.3904
20.8553 22.0567
20.7617 22.754
20.7617 22.1501
21.5221 22.2746
21.5221 22.0688
21.5848 22.0878
22.5114 22.1036
22.2605 22.4771
22.1668 22.7067
22.1668 22.5201
22.278 23.3849
20.8746 22.827
20.1247 21.9663
20.7237 22.1214
20.7157 21.9612
22.2465 22.4645
22.2465 22.2366
22.1006 22.553
22.1747 22.4164
22.1747 22.3758
22.1747 22.7147
22.1747 22.6117
23.9789 22.138
23.9789 22.4406
24.8606 22.0469
24.8606 22.2347
24.8606 22.2731
24.6658 22.2864
24.6658 22.3641
24.6658 22.5202
24.3096 22.2109
23.1781 22.0379
23.1781 21.992
22.9838 22.1635
22.9838 21.9262
23.4626 21.775
23.4626 21.9342
23.4626 21.5552
23.6299 22.0338
23.6299 22.1169
23.6299 22.5807
24.5825 21.824
24.0801 21.6283
21.9309 22.2818
22.4162 22.2518
22.4468 22.5718
22.4468 22.0193
22.4468 22.4298
22.4468 22.3448
22.4468 22.2605
22.4468 22.0673
22.4468 22.5462
22.9948 22.2288
24.8867 22.4769
22.2367 22.3227
23.0725 21.7384
22.7799 22.0764
22.7799 22.1957
22.2505 22.4794
22.0485 22.2039
21.501 22.0867
22.1747 21.9595
21.749 22.2588
22.2292 22.3402
22.2292 22.3575
22.4847 22.34
24.155 22.3336
24.8156 22.253
24.7172 22.3215
24.7172 22.277
25.0981 22.2191
25.0981 22.3924
24.1776 22.1841
24.1776 22.1182
23.6263 23.0021
26.1969 22.8467
26.1969 22.333
25.6963 22.3854
27.7282 22.5474
26.5328 22.3042
26.5074 21.9594
27.2483 22.1975
27.2483 22.2035
27.6969 22.181
27.8291 21.9718
27.9819 21.8206
28.0085 22.222
28.0098 22.3056
27.959 22.5889
27.5755 22.1917
27.1411 22.046
26.9749 22.3041
27.7181 22.5278
27.8133 22.5075
27.7844 22.2052
27.3814 22.1379
28.0166 22.2998
28.5096 22.4954
28.7539 22.2309
28.9888 21.9471
30.4069 22.1976
30.4069 21.6295
32.5974 22.7758
30.9036 22.6281
34.7507 22.0601
35.0819 21.8552
34.2286 22.1352
35.2268 22.097
35.2268 22.7482
34.1319 22.3021
34.209 21.958
33.5396 22.2153
36.0234 22.5545
33.0947 22.3191
31.6766 22.2964
31.1552 22.5184
30.3605 22.6908
29.5206 22.336
29.5942 22.4207
30.3778 22.2441
27.3247 22.4414
26.4744 22.69
26.4744 22.4103
29.9721 22.5386
27.7123 22.5116
26.3529 22.0594
24.5746 22.0899
24.5746 22.7375
23.7343 21.9517
22.9215 22.3135
22.8591 21.9623
23.3928 22.6937
23.3928 21.328
23.3928 21.9754
23.5708 22.5036
23.5708 22.3175
23.5708 22.0693
25.729 22.2463
25.729 22.1095
25.3345 22.5587
25.3345 22.4916
25.3345 22.1279
25.7217 22.1316
24.9238 22.1278
25.8393 21.8954
24.7747 22.395
24.9189 22.264
24.9189 22.4685
24.9189 22.4584
24.8882 22.2158
24.8882 22.2258
24.8882 22.3826
24.8882 21.8922
24.8882 22.605
27.2598 22.5527
25.3792 22.8875
26.4564 22.1197
26.4564 21.5122
26.4564 21.9747
26.4564 21.6443
28.209 22.3332
29.2675 22.3277
30.4288 22.7571
29.6936 22.6077
29.9783 22.262
29.9783 22.2759
29.9783 22.2394
30.6232 22.1626
30.1724 22.256
26.1233 22.2538
24.7836 22.2059
23.8453 22.0901
23.9116 22.0709
24.2919 22.4727
23.6403 22.23
23.6403 22.1819
24.4031 22.1512
24.209 22.1042
21.9055 22.6675
23.4828 22.4737
23.4828 22.1566
23.771 22.8305
22.7525 22.2908
22.7525 22.2655
21.9749 22.1824
22.6081 22.2195
22.6081 22.5882
22.6081 21.9679
22.0914 21.889
22.0914 22.3592
22.0914 22.4011
24.1589 22.2503
24.1589 22.3231
23.4528 22.2013
23.4528 22.4477
23.4528 22.4991
23.4528 22.6427
23.6014 22.0686
25.1758 22.1494
23.7003 22.1805
23.7003 22.3803
23.9338 22.4311
24.1061 22.0003
24.1061 21.9647
24.1061 22.2418
24.1061 22.3869
24.7339 22.3654
24.2108 22.4098
24.2108 22.4266
24.2108 22.5796
24.0619 22.2403
25.4266 22.2031
25.7283 21.9848
25.3433 22.1776
25.3433 22.1621
25.6561 22.4982
25.9223 22.2245
25.1527 22.0108
25.3132 22.0569
26.4519 22.2697
26.4519 22.0445
27.2236 23.0144
27.4343 22.1686
27.244 22.8215
28.11 22.0434
26.5113 22.1892
25.6694 22.2291
26.5051 22.3136
27.2481 22.169
24.4223 22.4372
25.207 22.3223
25.207 22.298
25.1756 22.3735
25.8169 22.3478
25.4621 22.4174
26.2952 22.4111
26.7713 22.3766
28.6636 22.2875
29.0382 22.4614
28.4152 22.4468
28.5336 22.2491
27.6871 22.2191
26.8234 21.8726
26.3602 22.5726
24.3071 22.1621
25.0425 22.1146
25.0942 22.4967
26.3788 22.1865
25.3535 22.077
24.8605 22.7822
25.7737 21.8345
25.3287 22.6787
24.3162 22.4151
24.0805 22.3986
25.1353 22.1188
26.0662 22.0953
23.8365 22.1167
23.4842 22.2363
25.3265 21.4621
23.5427 22.3575
22.7729 22.0612
23.6179 22.2904
23.6179 22.1135
23.6179 22.5666
26.19 22.1146
28.8598 21.9476
28.7608 22.2943
27.8346 21.675
27.1358 21.7483
28.7475 22.3058
27.3608 22.4028
26.1776 21.9348
24.051 22.1419
23.192 22.1573
22.7991 21.9817
23.387 22.2282
23.387 22.3176
23.9795 22.567
24.5708 22.7023
23.4863 22.7338
24.6903 22.7104
24.6903 22.1016
22.7571 22.7632
22.8623 22.7378
22.8623 22.7826
22.7405 22.5311
22.7405 22.2522
23.8032 22.5032
23.6531 22.0782
23.4693 22.0512
24.9065 22.2282
24.4457 21.8948
24.4457 22.3802
23.5151 22.7354
23.5151 21.9526
23.5151 22.1361
22.8904 22.4883
22.8904 22.4665
22.7242 22.12
22.7242 22.0222
23.1194 22.0177
23.1194 22.1176
23.2954 22.1161
23.2954 22.6412
23.9502 22.2507
23.9502 22.1854
23.558 22.2895
23.558 22.0523
22.338 22.5477
22.9156 21.9425
23.5695 22.1158
24.2426 22.3579
24.2178 22.3731
24.3587 22.6325
23.621 21.9544
24.4984 22.4981
24.8488 22.0099
28.2052 22.3736
29.8168 22.0008
26.7556 22.4473
27.7742 22.1527
27.3768 22.4521
26.9652 23.0916
27.5512 21.9549
27.5675 22.4388
27.5675 22.2272
30.808 22.3827
27.041 22.0975
28.593 22.2355
28.5411 22.3257
27.7636 21.9372
27.7636 22.2779
27.3721 22.3477
27.3721 22.3775
25.8242 22.139
26.0275 21.9105
26.0275 22.2367
26.0275 21.9101
28.564 22.0446
29.1723 21.971
28.558 22.6647
28.558 22.1898
28.1114 21.5857
30.151 22.0818
30.6744 22.4145
29.6713 22.7043
29.8703 22.2659
29.5582 22.2835
29.7905 22.3158
30.3452 21.7471
28.801 22.1224
29.2709 22.5394
29.5534 22.2326
30.0947 22.1403
30.2326 21.9684
29.0988 22.0719
31.3112 22.0514
31.5388 22.066
30.5118 22.0918
30.5118 22.0901
29.1106 22.0568
29.1106 22.3085
29.4432 22.2311
29.4432 22.2329
29.4432 22.119
29.0856 21.9066
30.4673 21.8546
30.4673 22.285
31.4945 22.5384
32.0457 22.3468
32.2919 22.0331
31.1685 22.1167
27.7792 22.0854
26.8164 22.0891
25.2104 22.0927
25.3408 22.1646
25.3408 22.2569
25.4042 22.6023
25.4042 22.8049
25.4042 22.0066
26.2786 22.482
26.6821 22.1317
28.3506 22.0877
28.7235 22.5167
30.8832 22.438
29.5075 22.535
28.9386 22.0642
28.3866 22.1726
27.6323 22.1104
25.8569 21.9264
24.7349 22.0862
26.9371 21.7541
26.5646 22.2634
26.5646 22.7313
27.9597 22.1027
27.6172 22.5444
28.6117 22.5822
28.8003 22.3793
26.86 22.9137
28.871 22.2717
30.5513 22.3288
28.9752 22.2921
28.9703 22.69
29.0246 22.3836
27.7117 22.0334
27.8149 21.8251
26.8674 22.1622
26.591 22.436
26.939 22.4848
27.8568 22.4588
27.8568 22.3825
28.7778 22.1695
27.6276 22.6172
28.2888 22.4209
27.7259 22.0042
27.6654 21.979
29.473 22.303
28.3889 22.1201
28.5805 22.748
29.3334 22.1029
29.332 21.5489
29.4261 21.8585
29.7453 21.8226
29.1306 21.9962
29.8432 22.2145
31.8741 22.4103
31.8741 22.4276
32.5284 22.4199
32.5284 22.4308
35.9331 22.4041
36.1683 22.8931
33.7038 22.1521
33.7038 22.6431
33.2352 22.7445
33.3476 22.5333
34.3049 22.7128
34.9206 22.3305
31.4622 22.2033
31.6749 22.6502
31.3607 22.8045
31.776 22.212
30.7215 22.2581
30.4829 22.1511
29.6337 22.1859
28.517 22.3026
27.0926 22.0994
26.479 22.5107
27.8805 22.1959
28.4774 22.3238
28.0132 22.2561
28.4696 21.9275
28.3303 22.1941
26.9372 21.9315
28.487 22.3282
27.2334 22.407
26.92 22.1498
25.7573 22.3404
26.1386 22.2006
26.8446 22.2988
24.6761 22.7563
24.6761 22.4784
23.1742 22.3755
25.9092 22.8424
24.0727 22.492
24.2073 22.3184
23.4674 22.5458
24.9132 22.3409
24.6617 22.4815
24.2202 22.4663
22.8008 22.469
22.6233 22.5677
22.0945 22.1284
22.6352 22.2125
22.3743 22.1698
22.2504 22.4013
20.7323 22.659
21.8605 22.6691
22.4497 22.4837
24.2412 22.3539
24.1464 22.0876
22.4028 22.4979
22.1447 22.7011
23.4538 22.2118
23.6441 21.9621
23.9074 21.9282
24.4813 21.8951
24.5236 22.1655
24.8998 22.3551
25.7358 22.2206
27.976 22.6308
27.976 22.1736
28.189 22.2791
27.7914 22.9482
29.9171 21.775
29.9171 22.0475
28.8907 22.2016
29.9556 22.3171
29.8595 22.0595
31.0784 22.3389
28.4105 23.0734
28.7121 22.7492
28.1085 22.5601
30.0571 22.4872
29.874 21.6036
30.593 22.2484
30.3011 22.233
30.2293 22.1398
29.661 22.2519
30.4942 21.9653
29.0663 22.4054
29.4797 22.2802
30.0848 22.2966
30.4491 22.2648
31.1226 22.1757
30.6263 22.1573
30.0779 22.2772
29.405 22.1976
29.1266 22.2175
27.0356 22.2538
26.9243 22.6692
26.6119 21.7709
21.7018 22.8587
22.0787 22.5652
21.7644 22.0747
22.5416 22.243
24.1777 22.2704
24.5117 22.1909
24.3364 22.505
24.3819 22.4401
24.8845 21.9914
24.8373 22.2107
25.3298 22.1563
24.0805 21.8917
24.1924 22.2637
24.5461 22.2142
24.2622 22.0936
21.9207 22.0549
21.9207 22.3419
22.3863 22.6216
23.171 22.4942
24.0965 22.5547
23.6327 22.5525
22.9083 22.2473
23.2654 22.5962
22.2392 22.2781
22.349 22.359
22.3361 22.6135
22.153 22.3584
23.9277 22.6453
23.1491 22.2514
23.0028 22.1518
23.2039 22.6495
23.1576 22.3693
23.5842 21.9021
24.496 22.0909
23.8625 22.3167
24.2832 22.3119
24.1681 22.3896
25.2954 22.1476
26.3615 21.9432
25.5426 21.9432
25.6534 22.3523
26.2208 21.7616
27.5779 22.3063
25.1889 22.5613
25.6555 22.1989
25.6213 22.4131
25.5257 22.9958
26.6098 22.0524
26.5919 21.766
25.8147 22.3328
27.5333 22.3171
27.5249 22.4213
27.1006 22.37
27.5539 22.0691
26.0458 22.4993
25.6708 22.475
24.9509 21.8153
24.2751 22.5726
23.7724 21.9204
25.1731 22.4412
26.5056 22.0715
25.474 21.9956
26.5248 22.0699
25.5564 22.0003
25.7156 22.12
25.402 22.1208
25.4674 22.343
24.764 22.1269
22.995 22.4376
23.5762 22.2502
24.0784 22.5366
23.5786 22.4835
24.2228 22.2165
23.7629 22.4967
23.8954 22.4826
24.6748 22.3777
24.2322 22.0595
24.887 22.341
24.2469 22.091
25.9792 22.1989
26.0878 22.193
26.1062 22.1827
26.5551 22.2554
25.1873 22.5124
25.4336 22.2374
25.2631 22.5725
25.148 22.5717
25.2197 22.654
25.6808 22.2408
25.151 22.4696
27.3511 22.3374
28.3364 22.5896
30.2479 22.3147
28.8579 22.2274
30.2671 21.9842
29.3294 22.2263
28.7203 22.2693
27.5424 22.2864
29.0266 21.8197
28.2249 21.7458
28.6026 22.4691
29.3483 22.2661
28.1695 21.8819
27.2963 22.0561
27.1924 22.0569
23.7134 21.9916
23.7134 21.9098
23.7134 22.2754
24.0747 22.1381
23.9955 22.1309
23.4767 22.2348
23.4585 22.8617
23.3988 22.222
24.1248 22.2366
24.476 22.664
25.3224 22.0311
26.3265 22.5033
26.3265 22.0405
26.3265 22.3866
26.6307 22.7613
29.0401 22.6314
29.0401 22.7604
29.2227 22.6804
29.2239 22.937
28.6432 22.5903
27.3231 22.4819
27.1468 22.2181
27.2775 22.3377
23.6876 22.6398
23.6876 22.4194
23.6876 22.7331
23.6876 22.6
23.6876 22.7097
23.35 22.18
23.35 22.7175
23.35 21.8342
30.6387 21.8254
29.3726 22.5776
29.1973 22.1222
28.5029 22.3811
28.9039 22.2026
28.6904 22.0695
28.6026 21.814
29.3055 22.056
30.2125 22.1143
29.7688 22.0536
28.3022 21.8919
29.0025 21.9615
28.5756 22.1326
28.1286 22.1181
27.9131 22.1181
28.0574 22.263
26.8919 22.6475
25.1944 22.1754
25.4232 21.9078
26.4482 22.0672
25.4607 22.0398
25.5321 21.8097
25.6163 21.9707
24.3338 22.1803
23.65 22.1766
21.4165 22.139
23.5936 22.1606
23.5936 22.5966
23.5936 21.6778
23.4879 21.9867
24.4717 22.4781
24.0729 22.6859
24.8589 22.4892
24.8397 22.2294
25.2132 22.5299
24.5473 22.2856
25.22 22.2923
25.4965 22.2642
25.253 22.3876
24.5636 22.3604
25.8837 22.4193
25.668 22.1814
27.0636 22.5456
28.5692 22.4411
30.8553 22.0437
30.6039 22.3923
31.1064 22.3497
30.2921 22.0554
30.6928 22.1444
30.2356 22.2685
30.712 22.2349
31.4941 22.6295
32.3541 22.1347
32.3541 21.8083
31.9394 22.164
31.2588 22.2517
30.5522 22.396
28.8682 22.2604
27.2625 21.9496
26.2242 22.221
24.5746 22.1561
23.0307 22.48
25.4265 22.41
26.1607 22.6306
25.663 22.45
25.0999 22.1051
25.6207 22.4547
26.8691 22.1254
28.0452 22.1832
26.8617 22.4294
26.6476 22.0589
26.2287 22.3446
25.5385 22.5606
26.547 22.64
26.8936 22.5448
26.8385 22.0121
26.0196 22.0107
24.8762 22.0416
26.1471 22.3866
26.327 21.9781
26.8348 21.8662
27.5935 21.946
25.6959 22.8769
24.0802 22.3788
26.4011 22.6979
22.2479 22.4491
24.1273 22.1804
24.2299 22.2266
24.2299 22.5046
23.9886 21.8867
25.0204 21.8471
23.6867 22.6795
24.0429 22.2854
26.3053 22.0549
27.5784 21.8151
28.9637 22.0117
30.1451 22.3416
29.7604 22.5297
29.5182 22.3126
29.2715 22.2376
29.0726 22.1297
29.0261 21.8786
28.0085 22.1855
27.7666 22.3673
28.9078 22.3428
23.565 22.4201
23.8889 22.1278
25.4772 22.359
26.1443 22.3549
24.1001 22.0628
25.3873 22.3209
24.0652 22.8531
24.0656 22.7018
24.7682 22.3241
24.0941 22.1817
24.5757 22.0534
23.4988 21.5728
24.6926 22.2042
23.7274 22.6009
24.7765 22.1752
23.9262 22.2359
22.3724 22.3826
22.8882 22.5137
25.6807 22.6835
25.6807 22.5108
26.1035 22.4326
26.1727 22.3876
24.3763 22.7118
23.4816 22.4243
23.6271 22.1637
24.1043 22.1249
24.2768 22.213
24.353 22.061
21.7501 22.2018
21.3583 22.0998
22.9021 21.8924
23.5832 22.0774
24.3915 22.3383
25.3987 22.3258
26.2424 22.3388
25.9998 22.5055
25.9747 21.9661
26.5367 21.9513
28.1238 22.0253
27.6879 22.2555
27.1661 22.2195
27.1661 22.3716
30.3351 22.4609
30.5177 22.2345
32.4108 22.0034
31.9974 21.8904
32.92 21.8542
31.2971 22.105
28.1361 21.807
26.9111 22.086
26.2221 22.2442
28.4466 22.3862
25.467 22.154
24.8596 22.2607
25.0322 21.8756
25.0322 22.6302
25.7178 22.1931
26.7971 22.5675
27.1375 22.5727
29.3204 22.6412
28.8576 22.1192
29.0378 21.9595
28.7927 22.0444
28.2501 22.0526
28.1564 22.1873
27.3538 22.3076
27.2393 22.2845
26.5605 22.3107
25.6554 22.3606
25.6554 22.3527
25.2508 22.0241
24.6923 22.6328
24.3628 22.8634
25.1894 22.5609
25.8457 22.5937
25.8457 22.0393
23.9428 22.2996
24.6627 22.3689
24.4367 22.5506
25.6897 22.2438
25.0533 22.2836
25.4177 22.0498
25.9499 22.2806
24.715 22.5058
24.8658 22.4559
25.2435 21.6351
25.7135 21.9361
24.0585 21.9406
24.0585 22.4179
