95.28 26.6769
94.8691 26.4891
94.7863 26.4544
93.64 26.8441
91.4856 26.0556
93.7215 26.1889
91.5947 26.274
95.4644 26.2208
92.3245 26.4145
92.7488 26.5396
97.913 27.2177
99.1577 27.2376
96.7835 27.2445
98.8137 25.9618
99.1423 26.0603
95.7113 26.7359
91.6471 26.6476
94.4574 26.3565
97.0977 26.2664
95.1759 25.9146
90.7825 27.1586
93.7759 26.6736
90.9979 26.8645
94.7855 26.644
96.752 26.2406
91.2374 26.5601
96.3062 26.9013
94.5365 26.4698
93.2675 26.3837
91.8378 26.308
92.5623 26.1421
94.7356 26.2714
95.2792 26.178
90.3683 27.014
94.4373 26.4209
95.3884 26.3463
95.8347 25.7457
96.312 26.3261
93.2427 26.6263
95.7387 26.1264
97.5852 26.4765
97.0759 26.9649
95.809 25.6405
93.888 25.886
95.8108 26.0492
90.8435 26.1915
92.8167 26.6508
94.2717 26.8207
95.6434 26.6291
94.3625 25.9917
96.3617 26.5796
97.3291 26.223
98.1091 26.7798
98.2626 26.7538
96.1743 25.6475
95.7094 25.8786
97.4129 25.838
97.6413 26.0537
97.0711 25.6482
97.9539 25.977
94.9291 27.2455
100.44 26.416
98.3142 26.4613
98.917 25.2992
99.3714 26.3538
98.914 25.6769
96.5433 26.403
94.4682 26.9462
95.54 26.9619
96.9816 26.7864
98.4922 25.5512
100.719 26.3067
96.8026 26.0784
95.0897 26.7665
92.606 27.0329
96.7572 26.8098
99.8948 25.9606
94.9772 26.0416
96.5341 26.776
98.5266 25.4959
100.791 26.3401
101.429 26.9052
98.7374 26.8697
94.327 26.9517
95.6882 26.1466
97.1175 26.2126
99.2252 27.5765
98.6666 27.0367
100.875 25.8357
100.36 25.8975
96.2699 26.0974
96.4583 25.783
98.0393 26.1867
95.8357 27.0938
96.3346 26.7993
99.395 26.4995
97.3672 26.102
94.6141 25.9765
95.2447 26.5153
91.5285 26.8905
94.0889 26.6357
95.9806 26.7971
96.0835 26.2426
96.3686 26.2234
93.897 26.2459
94.6491 26.3482
96.1702 25.8597
97.0007 25.9715
92.7194 26.0346
95.5362 26.9337
95.3919 26.6287
92.3026 26.7967
91.2357 26.9436
98.327 26.3818
95.2614 26.2173
93.0922 26.7467
95.0323 25.4389
96.4067 25.6746
93.1027 25.8205
94.955 25.8291
93.6867 25.4589
96.963 26.1253
95.8762 26.1038
95.8095 26.4608
92.3912 26.2588
95.8562 26.3703
97.2496 25.6033
99.4748 26.3975
95.2745 26.1904
96.5988 26.4065
95.8589 26.1671
92.2776 26.1119
91.0773 26.5395
96.5048 26.7064
91.8543 25.6444
93.7289 26.2306
97.3566 25.9503
94.8202 25.9192
94.2256 26.4642
94.5873 26.7932
94.8607 26.0298
95.623 25.5931
94.6181 26.723
94.9759 26.3739
95.95 26.3349
98.7491 26.4453
98.0335 25.8232
100.759 26.6732
94.6313 26.821
94.8901 26.4343
99.471 25.6672
98.5342 26.0739
98.7182 26.4457
96.3878 25.7454
96.3403 25.9003
95.9033 25.7035
93.7445 25.7986
93.1334 26.5591
93.9526 26.9177
92.9596 26.5689
94.2834 26.5186
96.5092 25.6753
96.306 25.2186
96.0536 27.0818
96.1624 26.1656
94.0428 26.3824
92.7868 26.4468
94.9475 26.7262
93.225 26.6099
95.56 25.7589
95.8801 25.9414
94.404 26.8255
93.7683 27.2959
96.3942 26.1554
96.7137 25.8758
93.9188 26.6494
95.5892 26.7011
90.1236 26.7069
92.9263 26.4159
92.0544 26.3496
93.6077 25.3891
94.5239 26.8359
95.9803 26.9599
98.0844 26.3126
97.6021 26.0187
97.6793 26.414
101.459 25.7852
99.353 26.1346
96.0138 26.161
97.0803 26.2223
96.6002 26.4169
95.9385 26.3568
95.9285 26.3747
100.683 26.2651
102.212 26.2391
98.2197 25.7327
98.9553 26.6405
101.407 25.8096
97.9131 26.3631
95.7374 26.2333
96.0474 26.3666
98.4094 26.9065
96.2505 26.8709
99.0491 26.9045
98.2473 26.2519
97.8357 26.1026
97.1074 25.4029
95.9732 26.1431
94.2852 26.2766
97.1578 26.3072
93.3297 26.1384
93.4519 27.1137
95.0289 26.2747
95.93 26.6241
93.754 26.7748
95.759 26.3918
95.3584 26.2576
93.5823 26.1294
92.7802 26.1686
95.4635 26.3285
95.8243 27.2084
94.7173 26.1017
94.7158 26.4044
94.6092 26.6674
94.3395 26.8055
94.9622 26.7208
96.3229 25.9413
97.5366 25.8374
96.7995 25.9197
97.9254 25.6072
97.0326 25.6833
99.1017 25.6833
101.929 26.0555
102.961 25.9799
96.3143 26.5084
95.8619 27.1567
99.9328 26.3348
99.9328 26.3901
99.4654 26.2033
94.0087 27.0518
96.4745 26.6924
94.9309 26.3447
96.4345 26.8409
96.043 26.6375
95.6474 27.0519
97.3194 26.083
97.5373 26.2955
99.0214 26.437
97.0143 26.7312
97.0798 26.6959
97.7475 26.5725
96.5285 26.5165
96.7637 25.2319
94.7906 26.1888
94.1239 25.9997
95.3261 26.2213
97.6447 26.4129
96.2863 26.8153
97.3591 26.7135
96.9128 26.2265
97.3157 26.1726
97.7624 26.3386
98.4862 26.5317
97.8398 26.1495
98.4142 26.2719
99.1212 26.2906
99.3658 26.4769
99.0207 25.9785
96.9979 25.8258
96.8845 26.3965
96.6413 25.7138
92.6604 26.2378
94.6712 26.3758
95.7162 26.2658
93.4276 26.3432
92.6074 26.1373
93.9314 26.4715
94.348 26.5478
92.0083 26.5413
91.1289 26.5532
91.6177 26.6078
93.1199 26.1283
92.6607 26.2953
94.9778 26.6578
99.7978 26.0947
94.354 26.0947
93.1127 26.756
98.3174 25.5832
96.8649 25.7611
96.9471 25.7596
94.3459 26.2397
94.5584 26.3844
95.2239 26.5112
97.5557 26.086
95.8856 26.2505
97.2896 25.4423
96.3221 25.8757
97.8185 26.2645
97.0027 26.3897
97.3617 25.5151
97.0229 26.7584
94.6767 26.0928
96.0936 26.9949
92.9484 26.4807
95.637 26.4672
93.8152 26.6732
91.6299 26.6126
91.8347 26.5257
91.9636 26.7756
94.0689 26.3654
95.3178 26.6469
93.6269 26.9997
96.324 26.5026
93.9542 26.8015
94.8197 26.1493
94.6736 27.0799
94.092 25.9545
98.5636 26.0584
98.331 26.8655
100.827 25.3582
100.4 26.8324
102.352 26.2356
99.2099 25.8479
97.9187 26.2379
98.4213 26.7156
98.5624 26.7279
98.8676 26.7858
98.5102 25.6933
98.1124 26.4032
99.7596 26.2692
96.844 26.4537
95.7118 26.2857
96.0218 26.3102
92.7028 26.1158
94.9502 26.7343
96.7875 27.3304
94.7666 27.1637
95.6396 26.7167
95.7442 26.7167
98.383 26.5889
97.1294 26.8464
98.5719 26.2933
101.729 26.1441
103.757 26.6666
103.049 25.6052
106.165 25.4038
101.623 26.8717
101.322 26.2895
99.8122 26.3024
100.726 26.6347
100.318 26.0177
97.8752 26.1568
99.3187 25.574
99.3187 25.9358
97.8346 26.1869
96.0064 26.8364
97.9755 26.1965
97.3882 27.4366
95.329 26.1274
97.9924 26.5404
98.3297 26.618
98.3309 25.8959
96.7842 25.5663
96.1797 26.1502
96.9378 26.5636
95.2747 26.093
96.6365 26.1679
96.8716 26.313
97.7666 25.9665
96.6609 26.6901
98.2936 26.3928
95.504 26.5718
93.3386 26.8261
96.2629 26.2682
95.3006 26.2211
94.4597 26.1096
96.7144 26.9074
97.1774 26.0732
95.2306 26.8447
90.4612 26.9445
89.2843 26.1756
92.5809 25.9073
92.1539 26.0074
92.41 26.21
89.947 26.4157
91.5579 26.6146
94.8987 25.8491
96.6873 26.0094
97.0746 25.9681
98.117 25.8398
94.007 26.5898
93.1461 26.8416
96.2422 26.595
94.9643 27.0542
95.1644 27.0636
97.0895 27.1583
97.4691 26.2601
96.539 26.5413
96.1386 26.7913
99.4977 26.5284
96.5322 26.204
98.8091 25.5333
98.8827 26.5883
100.06 25.8446
96.4086 25.9851
98.1501 25.3555
94.6749 25.8182
93.5591 25.8008
96.4954 26.8457
96.0943 26.8106
94.2211 26.4363
94.3644 25.9643
94.2762 26.7628
94.0986 26.7232
94.5472 26.252
93.1502 26.3703
94.1838 26.2912
95.1101 26.5416
97.6939 26.8508
102.534 25.7102
103.92 26.1883
103.92 26.6203
102.444 26.0091
104.479 26.0091
104.763 25.7467
100.238 27.0827
100.075 27.2477
101.048 26.1843
98.3357 25.8559
100.299 25.8066
94.0675 26.8716
97.1901 26.0218
94.4608 26.4164
93.3975 25.7252
94.5968 26.0432
96.5064 26.3926
96.2879 26.9095
96.3662 26.6935
101.201 25.1077
100.108 25.5514
102.444 25.6432
99.9066 27.101
99.3793 26.2427
100.659 25.4747
99.8663 26.7113
97.2342 27.2032
93.4142 26.042
94.2296 26.7834
94.7631 26.9185
93.7466 26.4268
93.7464 26.4924
94.4036 26.3354
90.8505 27.1729
94.7311 26.3545
92.5616 26.1807
95.3229 26.1343
95.4761 26.5955
94.0149 25.9088
98.1216 25.8088
92.5328 26.3126
94.9881 27.058
95.4534 25.8373
94.461 25.5418
97.0085 26.377
96.3265 25.8375
95.5575 25.7382
99.4601 26.0874
100.493 25.8885
95.1524 26.2711
93.6888 26.7181
100.859 26.4375
97.1447 26.149
97.0242 25.3044
95.6703 25.0399
94.7698 27.1462
93.2348 26.0111
96.1031 25.7252
94.3691 25.9484
94.378 25.8616
93.791 26.2835
93.6737 26.4452
96.1943 26.3982
90.3491 26.707
93.4325 26.1188
95.4258 26.697
94.0242 26.4156
93.2249 26.2744
95.1099 25.7084
95.5367 26.489
95.6514 26.8939
95.6281 27.0961
93.9427 26.3001
95.4661 25.8538
95.5627 26.4182
95.1402 26.5063
93.314 26.1947
94.9376 26.1818
94.3668 25.4261
96.1983 26.6757
96.3033 25.5267
93.1394 26.2991
94.9397 26.695
95.6621 26.8818
97.4823 26.1491
95.4496 26.2239
96.7609 26.0375
97.066 26.749
94.0974 26.8482
97.4104 25.9287
103.479 25.7792
104.025 25.8613
104.082 25.8101
104.484 25.6094
96.7372 25.9697
96.8845 25.2703
92.3744 25.5626
93.4324 26.2281
94.825 26.1912
90.0113 26.31
93.6829 25.8897
94.4538 25.5604
93.0372 26.0264
93.0372 26.4063
93.1994 26.9544
94.138 25.6469
92.0539 26.1712
92.5153 26.0436
95.8719 26.3349
97.343 26.3578
97.5932 26.6031
92.5957 26.5568
91.6683 26.3834
91.403 26.8681
93.8898 26.8346
95.3201 26.7468
95.3201 25.794
95.3934 25.7847
92.1857 26.9665
94.814 25.6993
95.7188 26.6435
94.8605 26.6047
94.0514 26.9365
92.8017 26.4929
94.133 25.9324
94.7932 26.027
94.7597 26.6465
95.0422 26.4107
93.5759 27.1579
94.998 26.8745
93.7206 26.5719
91.4515 26.8209
92.1223 26.3999
95.9926 25.9911
93.0053 26.0877
93.4749 26.3556
94.4511 26.0114
91.8006 26.6899
94.1454 26.4769
95.9403 25.899
97.0156 25.9195
98.9933 26.3564
98.3177 26.1818
95.6592 25.589
96.0194 25.803
95.632 26.3506
95.5804 25.7407
95.4215 26.3108
95.758 26.2151
97.2365 26.288
97.1661 25.7572
97.6885 26.1465
97.6456 26.1505
95.7581 26.0332
97.5278 25.7993
97.3062 26.6162
94.4764 26.3025
94.5416 26.7902
98.8213 26.017
94.9301 26.8168
93.0105 27.2888
94.4629 26.5097
95.7557 26.3679
97.6529 26.009
98.0594 26.1447
99.1917 25.9894
101.166 26.4716
97.1882 26.5917
96.4223 26.3173
93.6439 26.8427
95.2579 26.6704
95.8883 26.6371
94.1083 25.9127
94.1508 25.8812
96.66 26.0402
94.17 25.8197
96.9468 25.7723
96.9636 26.627
94.9852 26.1041
100.968 26.7425
103.037 25.7278
101.051 27.0588
95.4734 26.1489
103.518 25.8468
100.006 26.6998
101.722 26.9446
94.6547 26.6886
98.6085 26.3636
97.1353 25.9104
96.0305 26.4921
97.4425 26.7521
98.0001 25.8793
95.4692 27.1065
95.0455 26.5068
99.0346 25.5546
98.4805 25.2813
98.5843 26.7437
96.875 25.9271
95.6589 26.066
96.1386 27.103
97.9936 26.4167
95.4935 26.6342
93.5531 26.1058
90.5735 26.9934
93.4622 27.0129
94.9098 26.3521
95.5399 26.2198
95.6867 25.9314
95.5773 26.0147
91.8195 26.0629
93.4426 26.6979
96.8446 26.6107
95.7194 26.3224
96.5426 25.8119
96.9007 24.8925
93.9358 26.9734
96.6909 25.4519
97.7844 25.8331
97.1367 26.5936
94.3777 26.0679
92.8943 25.9996
98.6071 26.6074
93.0855 26.1563
94.785 26.8763
101.333 25.6846
97.9898 26.7969
97.2533 26.4892
99.2616 26.4802
100.171 26.7403
97.0071 26.7211
95.6138 27.0471
97.3887 27.1427
95.0718 26.2742
96.3454 26.5361
96.5393 26.7022
97.8237 26.9606
92.4633 27.1942
94.0013 26.365
95.8231 26.0284
94.0132 26.7497
96.996 25.8648
98.3161 26.4795
99.2425 26.2791
99.6499 25.9219
101.11 26.1472
101.094 26.5115
102.637 26.2758
102.765 26.4166
98.9951 25.7827
99.4727 25.9518
96.7298 26.8687
98.2521 26.4958
96.7614 26.2688
97.3784 26.103
96.7629 26.0047
95.3535 26.4281
96.4994 26.1893
97.3159 26.8744
94.0938 25.8529
94.6063 26.1257
98.2714 25.6207
98.1685 26.1595
97.5867 25.8933
94.0754 26.3632
91.736 25.9831
95.0393 25.9389
95.2637 25.652
97.1688 25.3659
93.7561 25.9152
96.1265 26.1161
96.2867 25.8067
95.1295 25.9476
95.7008 25.5247
96.1087 26.7316
94.3051 26.2207
95.7572 26.3505
93.9018 26.3464
93.7279 26.045
94.6541 25.9014
95.9764 25.4383
95.9102 27.0329
93.5557 26.6277
91.5046 26.488
90.9215 26.5057
92.6838 25.9198
92.5381 26.0269
94.8058 27.0065
92.8307 26.9923
96.8478 26.8422
96.9329 25.7253
98.613 27.2487
102.28 26.171
102.28 25.6897
102.727 26.4712
100.014 26.6226
100.822 25.6265
103.635 25.6932
103.264 26.5693
106.5 26.0778
105.141 26.6211
101.891 26.6308
101.18 26.4073
98.3758 26.4971
96.1209 27.0831
99.1432 26.1458
102.131 25.9114
99.7679 25.9323
98.9185 26.7375
97.2234 26.9307
100.817 26.561
99.0771 26.7076
101.577 26.2927
100.43 26.4975
98.3698 26.4183
97.3008 26.2656
98.5406 26.2132
98.3181 26.7216
94.2118 26.2023
96.8495 26.235
99.4645 25.7566
96.7519 26.5285
95.1782 26.5888
95.5526 26.2541
97.9524 26.1887
100.796 26.044
103.081 26.7899
98.6545 26.1812
101.736 26.1118
101.305 26.4646
99.3733 26.6097
96.7973 26.5941
94.5779 26.7408
94.8526 26.3677
92.621 27.5334
95.354 25.9585
95.5354 25.6784
100.408 26.8916
94.5786 26.867
94.8693 26.4987
95.4343 25.6665
93.6253 26.9861
92.0093 26.9836
96.0083 26.1877
95.5492 26.0374
95.6715 26.2915
94.8923 25.83
94.5418 26.3861
97.8528 26.3625
99.7429 27.1076
98.0595 26.1554
97.2285 26.4532
96.1487 26.0335
100.1 25.6762
102.053 26.2727
99.3326 26.3617
99.3824 26.2096
100.238 26.5882
99.3201 26.6571
99.6805 26.9047
104.5 27.0415
102.738 25.819
101.166 25.7257
103.16 25.9434
104.724 25.7745
99.5569 27.0964
97.8733 26.475
96.6691 26.6098
99.8987 26.2901
96.686 26.2389
96.8906 25.5417
96.8125 25.5382
97.9335 26.1471
98.9282 26.1986
98.2292 26.1189
100.621 26.1603
98.8993 26.2141
98.8878 26.3095
96.1267 25.5592
97.3929 25.9574
97.0724 26.1419
95.0483 26.299
99.4647 26.18
102.312 25.7724
98.8854 26.0823
97.8642 25.8083
98.7538 25.9303
105.582 26.2622
98.2887 25.9985
98.2887 26.8966
98.817 27.077
98.8105 25.9248
98.8112 26.0613
98.5766 26.0985
97.8612 26.5337
96.5553 26.2458
93.2596 26.1456
98.3161 26.2494
91.7972 26.8279
94.8907 26.545
96.0764 25.9841
95.3841 26.8618
95.4612 26.2886
94.8454 26.3403
93.754 26.7077
98.9098 26.1307
94.9205 27.2602
97.1164 26.7208
94.6698 26.2598
93.6823 26.758
94.9885 26.598
97.5726 26.6163
96.2542 26.1303
93.2431 26.1998
97.2379 25.8928
96.069 26.3846
96.0463 26.3879
99.2928 25.4569
93.1509 26.7152
94.5136 26.7338
97.5541 26.5743
95.3053 26.847
95.048 25.7933
95.7996 26.9985
94.6035 26.9219
93.4519 26.2565
92.0919 26.5535
94.5568 26.5015
94.3478 25.9032
91.6434 26.8815
94.9059 26.8648
96.3367 26.2922
94.782 26.6062
94.262 25.9656
92.2778 26.3026
92.3685 27.2922
91.7497 26.7335
95.9135 25.8271
91.5008 26.8681
94.9475 26.9977
91.7123 26.6608
94.755 26.1967
98.9165 26.15
99.6641 26.1487
101.521 25.8359
100.859 26.3904
101.88 26.0791
100.02 26.6985
98.9316 26.3908
98.3993 26.8109
98.1786 25.709
98.3138 26.0231
101.536 26.042
101.987 26.6444
92.9564 26.719
92.7703 26.8897
94.6098 26.6709
94.3652 26.4572
95.0329 26.3945
98.3897 26.0649
96.3177 26.254
93.8176 26.7079
94.133 26.58
92.695 26.4353
94.7817 27.0934
95.7825 26.221
94.1574 26.052
94.3635 26.7734
91.7926 26.686
98.73 26.3474
96.437 26.28
96.5541 26.8095
99.0815 26.3397
98.1115 25.9335
97.0266 26.103
96.2345 25.8328
95.2543 26.7398
94.1338 26.9729
95.0049 26.3414
93.3181 26.214
94.9113 26.7416
91.5689 26.6329
93.2853 26.4933
97.2503 25.4663
95.5052 26.3941
99.9553 26.3575
97.0333 26.4933
96.2961 25.6517
98.584 25.4803
102.021 25.9275
98.3905 25.4825
96.7641 26.1587
93.2236 26.3854
90.8749 26.5414
91.6467 26.568
91.5653 25.8584
93.3152 26.1947
91.5645 25.6989
89.5917 27.3301
94.3395 26.2405
97.3625 26.4986
97.4861 26.5212
95.5156 26.5656
97.6725 26.8742
99.0644 26.3897
93.6709 25.9262
92.4503 26.7934
94.185 25.831
95.7601 25.6234
96.4944 26.2299
96.0678 25.7137
95.5464 25.9598
95.4835 26.4313
92.9971 26.6848
94.1269 26.8684
98.496 26.1177
96.6981 26.4931
93.6425 26.3947
93.4535 25.7895
92.4362 26.3766
92.7386 26.1561
90.968 25.6597
91.6715 26.9035
91.1763 26.8098
93.4189 26.8587
91.8629 27.3098
89.7878 26.6086
94.6577 25.6714
92.327 25.8389
94.9304 26.1906
98.2989 26.1142
99.0035 26.1962
93.5005 26.174
95.1569 26.0624
93.7512 26.5823
91.7841 26.3195
93.3699 26.5602
95.362 26.6155
94.5351 26.6753
96.2062 26.5546
94.9404 26.2903
98.9621 26.0513
98.4234 26.2732
97.9653 26.4742
99.0291 26.2962
96.1623 26.4468
92.3101 26.1313
95.3696 25.6873
94.5263 26.1391
95.6986 26.1976
95.3725 26.3122
99.4664 26.2158
96.1535 26.6287
93.0833 26.2475
95.196 26.8715
94.8453 26.731
94.4203 26.0019
93.4628 26.2442
93.2111 26.0022
96.8178 25.9912
94.5734 26.1363
90.1855 26.3074
95.6285 26.207
97.4501 26.6507
96.9427 26.3061
94.4852 26.1969
95.5343 26.2093
95.4195 26.1893
94.2061 26.7912
97.7262 26.0856
96.8835 26.7003
99.1544 27.0881
95.8798 25.518
96.0822 26.6818
95.4664 26.6516
94.7027 26.0317
94.122 26.3435
94.5646 26.4586
90.266 26.0532
94.6667 26.2478
92.0368 26.7228
93.7191 26.6987
93.3149 26.476
94.2051 26.6032
96.2089 25.5886
95.3162 26.0334
94.5255 26.5441
98.1307 26.3521
101.308 26.0123
98.2814 26.0376
95.018 26.3872
97.4266 26.637
95.8885 26.6406
97.6447 26.3352
98.0438 25.643
99.4862 26.6028
99.0611 26.9171
99.2865 26.7006
98.334 26.3857
96.8991 26.1996
98.2193 26.3818
99.1408 26.2745
96.1128 26.5088
96.303 25.818
97.4001 26.5572
97.3484 25.9885
97.5927 26.101
96.0114 26.0842
93.8882 26.2215
93.7674 26.2306
97.9183 26.2795
100.236 26.3678
98.5183 25.2129
98.1289 25.5761
98.3931 26.2033
100.271 26.1676
95.6382 25.6235
95.8553 25.5548
96.5771 26.3749
96.6068 26.3336
94.1435 27.0174
97.1707 26.8434
98.0755 26.8203
96.5446 25.7659
96.1432 26.5204
97.6476 26.5729
94.5739 26.7423
96.2218 26.7154
96.4796 26.2917
99.8272 26.3296
98.0351 26.487
95.8906 25.9029
93.4569 26.702
92.3815 26.8616
98.9311 26.5819
98.2351 26.0333
96.5353 25.9773
95.3261 25.4813
96.173 26.1957
99.3733 26.4093
96.3388 26.5363
96.3816 26.4327
94.3192 26.0175
96.1241 27.1744
98.2095 26.4643
98.0286 26.6444
95.185 26.2681
94.4465 26.4295
94.218 27.3586
96.5736 26.3343
95.9408 26.3048
94.5913 26.2401
96.9495 26.3915
97.4661 26.0056
99.0837 26.3255
101.091 26.141
97.9291 26.8445
97.9803 26.2599
96.8132 26.9883
97.4011 26.3754
94.8964 26.6667
101.712 26.6342
101.544 25.9424
103.24 24.9411
97.6342 25.7622
99.4648 26.0298
100.162 26.6128
98.637 26.2956
99.8785 25.6846
99.7996 25.7294
99.8038 25.7151
99.8438 26.4798
99.4213 26.555
100.595 26.2724
97.894 25.5618
97.5488 25.686
95.6727 26.008
95.0402 26.4236
94.2006 26.9925
96.037 26.6843
93.7668 26.6934
96.227 26.4539
100.754 26.9679
97.9454 26.1179
96.9395 26.9112
96.8306 26.5822
96.1003 26.1829
98.8895 26.1958
97.8631 26.1378
99.1251 26.0613
97.1111 26.6713
95.1176 26.2001
93.1233 26.0114
93.7677 26.3919
94.3903 26.8042
95.7583 26.9134
95.7093 27.0195
96.4585 26.9677
96.8688 26.1762
92.3953 26.9455
95.3402 26.7946
96.5772 26.9299
95.5921 26.2685
96.2541 26.2717
97.0007 26.285
92.9698 26.8317
93.6266 26.7186
94.4216 26.6057
93.4498 25.9765
95.2206 25.6378
96.3701 25.7711
96.6662 26.0008
93.853 25.7788
93.88 25.8181
93.5998 26.6997
96.5531 26.3239
95.8189 27.4507
96.4922 26.2434
97.0625 26.2208
100.102 25.9993
100.476 26.4357
101.501 26.727
100.882 26.5664
96.4553 25.7066
95.6237 26.7321
97.5368 26.1742
93.8114 26.5771
95.8984 26.716
97.587 26.8721
97.5784 26.7337
97.1437 26.3737
96.5545 26.5155
100.028 26.5367
101.803 25.9732
103.717 25.8456
101.147 25.9105
101.959 26.6625
97.338 26.309
97.8061 26.2019
96.9738 25.9571
97.7503 26.7486
90.9275 26.0266
93.9703 26.2399
93.9703 25.9108
91.1606 26.2732
93.3957 26.4149
94.9271 27.1587
96.9226 26.1171
90.8851 27.5481
92.6007 26.1161
96.8155 25.9102
95.7906 26.7914
97.8681 26.7214
102.791 25.6918
99.7432 25.4721
95.8665 26.3117
96.9462 25.4625
93.6966 26.4695
92.1357 26.8031
93.5773 25.7159
93.5397 26.2949
96.7117 25.7232
101.247 25.9883
99.0346 26.7719
100.266 26.2448
101.351 26.9274
99.1806 26.7014
99.0093 26.1195
98.4612 26.3605
99.4259 26.3827
97.3491 26.2969
99.5969 25.881
96.6211 26.2903
98.8423 25.9909
100.735 26.5029
100.956 25.6589
101.211 26.1298
101.211 25.8035
96.6566 25.923
100.54 25.9971
94.8646 26.0417
99.5089 26.1735
97.5684 26.3834
96.7707 26.9249
97.307 25.97
101.392 25.9305
99.0463 26.1501
97.8277 26.6397
97.1357 26.1359
97.578 25.6847
92.8359 26.4611
93.2733 25.5762
98.3539 25.9535
97.6369 25.9317
100.569 26.3938
96.33 25.9889
94.9526 26.1597
94.3692 25.9663
94.2567 25.9168
94.1486 26.5707
95.626 26.5403
95.905 25.452
97.4535 26.1091
95.197 27.0987
93.3355 26.535
93.9291 26.5022
95.7458 26.2958
97.052 25.3713
96.8406 26.5447
94.6501 26.1587
93.6894 25.8717
95.2103 25.9331
96.783 25.9813
97.7239 26.7521
96.3248 26.4004
96.3106 26.4235
96.5163 25.8933
96.0067 26.7768
97.451 26.9243
97.0102 26.523
100.289 25.4987
99.992 26.5129
97.7284 26.3048
96.9264 26.5693
97.4535 27.2214
95.6116 26.2317
100.124 27.0785
98.0316 26.2559
99.5309 26.5237
99.6094 26.2809
97.3017 26.4194
98.7966 26.6169
103.011 25.3375
101.313 25.1185
101.526 25.5671
99.4255 26.0739
98.6364 26.5155
96.8145 26.9807
96.7843 26.041
98.3162 26.0485
98.9204 26.1919
92.0938 27.2421
92.9047 26.9021
94.3349 27.0859
97.725 25.8098
100.39 26.0022
100.475 26.0932
97.8581 26.5921
96.3299 26.2405
97.958 26.8011
97.1653 27.2308
95.9395 26.3328
96.9499 26.8881
97.7949 27.1516
97.7963 26.6112
97.7963 26.4667
96.8753 26.7449
96.7997 26.472
97.9024 26.5429
95.965 24.9116
95.6709 26.2884
96.5597 25.6486
97.5831 26.7985
99.7175 27.0461
98.4688 26.8365
99.4609 26.6446
100.475 25.7484
98.6545 26.582
100.776 25.9153
99.8797 25.8708
99.2556 26.456
97.5107 26.9093
95.17 26.2605
95.8055 26.4393
98.5155 26.4727
95.7514 26.2782
96.3523 26.1208
98.3328 26.314
99.3642 26.1582
98.4924 26.3471
94.4969 26.4081
92.769 26.0606
94.6828 25.2363
95.9903 26.8553
95.6351 26.0595
96.0003 26.085
97.9009 26.2235
98.4166 26.0255
98.1092 26.7789
97.2324 27.1361
98.7247 26.283
96.0179 25.7679
96.7108 26.3975
94.7031 26.564
94.5004 26.4461
94.4769 26.1548
97.9177 26.3735
96.7285 27.3013
96.8347 25.6929
100.036 26.6548
97.4165 26.199
92.6006 26.0344
96.5626 26.0189
95.7112 25.8779
95.715 25.5528
96.4285 25.8968
95.4785 25.6879
96.4135 25.7719
98.4108 25.7959
93.9681 26.2976
94.8624 26.1815
94.6179 26.3754
94.3244 26.3169
94.3559 26.7325
94.9436 26.9445
95.373 26.1564
96.4736 26.5585
95.5594 26.5654
95.5644 26.4514
94.6661 27.0547
94.1093 25.7431
94.1591 26.2821
93.7909 26.1588
93.5158 26.2789
93.6748 26.4997
99.9171 25.6352
93.2827 27.009
95.7443 26.5832
96.9393 25.9032
98.9287 26.3942
97.2016 26.7986
96.5289 25.7077
96.4478 25.6307
95.6744 25.4635
92.8925 25.7595
98.2589 25.8208
99.0929 26.227
96.6309 26.9239
98.7176 27.0764
96.5117 25.9378
97.5416 26.318
97.2586 25.7799
97.6995 26.584
98.0391 26.7698
94.4984 26.6156
92.8015 26.7504
97.4752 27.1102
95.6788 27.2757
97.0376 26.3586
98.1837 25.838
92.1588 27.3414
94.4096 26.8
95.7332 25.9856
96.1177 26.1191
98.2214 26.5957
93.8234 27.9981
94.9978 27.9023
92.8238 26.4417
93.7305 26.6431
93.4621 26.9589
95.6876 26.4859
92.8504 26.8065
95.4535 26.2548
93.1786 26.7656
94.607 26.2196
96.5146 26.1396
98.2638 26.7255
99.3955 26.3357
96.6812 25.8645
100.478 26.1049
101.584 26.1608
98.6897 26.0492
98.1312 26.0689
97.2661 26.0734
94.2001 26.4501
96.0812 26.9994
96.6241 26.6218
96.159 26.6743
97.7596 26.5362
97.2901 26.1225
96.8511 26.263
94.7755 26.8838
96.5061 26.4247
93.6503 26.6864
92.6115 26.4672
91.6494 26.9439
95.3188 25.539
93.6134 26.5548
95.1444 26.3466
96.4035 26.8855
96.9685 25.8218
97.734 26.3871
93.1184 27.0582
96.0568 26.2023
93.6488 26.6622
95.3244 25.9745
97.4263 25.4973
97.6626 26.0847
100.023 26.1853
102.379 25.8443
94.8705 27.0178
93.5236 26.2184
93.1884 26.4148
94.6784 27.3603
94.407 26.6622
95.888 25.6485
97.0147 25.8129
95.5799 26.3481
100.253 25.6131
97.4865 25.7842
98.7141 25.8656
99.2734 26.0181
95.1146 26.3317
94.7681 26.573
93.8746 26.8574
94.5768 26.4261
95.9113 25.8087
98.2437 25.7818
97.6112 26.4004
99.0768 26.3197
99.9615 26.1225
99.6964 26.0456
95.7645 26.7792
94.8689 27.4669
98.1547 25.7289
97.1841 26.456
97.4305 26.704
94.1089 26.9068
91.2467 26.3205
96.4118 26.4804
95.7117 25.7046
90.3671 27.0121
94.0625 26.6768
96.2104 26.1968
97.207 26.2953
97.5072 26.8569
97.0571 26.1055
94.2596 25.9685
95.6048 26.5664
92.5098 26.1834
96.8346 26.0823
93.1244 26.2294
94.842 26.304
97.028 26.7603
95.4779 26.4128
94.6747 26.7484
95.5174 26.041
97.594 25.6891
93.5899 26.3971
95.5025 26.5274
95.5025 26.0861
97.1437 26.1647
94.5967 25.9045
92.8061 26.7256
95.6749 26.6032
96.1912 26.1411
96.8323 26.6354
96.469 26.563
96.2781 26.266
98.6794 26.1485
101.427 26.682
101.427 26.2606
98.6159 26.3731
99.2223 26.2218
95.1408 26.2777
99.9245 26.237
99.0689 25.9604
93.8959 26.7879
95.2696 26.1753
95.3742 26.1351
92.4421 26.7368
92.5819 26.3066
97.5723 25.8151
96.3344 26.1096
99.1758 26.5902
95.5684 25.7216
99.7264 25.924
98.8262 26.0858
96.7081 26.8325
94.8758 26.4516
95.4683 25.7988
95.4283 26.31
93.4722 26.7446
94.262 26.6967
95.3457 27.1245
94.5109 25.8078
96.6548 26.7669
99.4408 25.8313
97.1964 26.3057
96.527 26.0234
103.671 25.6178
97.8185 25.5741
98.2027 26.4346
98.1118 26.5727
98.2002 26.0905
97.8932 26.9592
95.2622 26.792
98.9628 26.4755
96.1198 26.416
93.3363 26.37
92.0859 25.769
91.5811 27.5996
95.1554 27.1111
94.8965 27.0257
94.9624 26.1988
96.2198 26.5315
92.1375 26.6566
94.4013 26.719
96.8586 25.9594
95.3361 26.5584
92.1477 26.5706
94.4314 27.002
90.6827 26.4762
93.1691 26.009
93.7876 26.384
94.1898 26.0878
95.858 26.0751
98.1697 26.8853
95.3098 26.1742
94.5156 26.3645
94.2114 26.8229
93.8426 26.9744
93.7695 25.8244
89.6942 26.5175
91.6905 26.9685
91.2137 26.9771
92.4756 26.9345
93.6315 26.3833
98.7891 26.7777
98.1976 26.3782
97.2542 27.0145
97.9178 25.9422
95.7252 26.5487
96.3468 26.7829
97.6938 26.1586
94.0723 26.2973
92.4812 26.6006
96.3594 26.4512
94.3238 25.8023
93.5167 25.8719
94.1709 26.1565
97.5409 26.0731
94.1295 26.5011
96.7346 26.4524
96.9337 26.0356
96.8143 26.4786
95.2939 25.692
93.8839 26.3582
93.3312 25.7431
89.4172 26.0035
92.9374 26.5342
96.7548 26.3451
98.7225 26.7953
98.4029 26.3907
96.4004 26.4288
94.2276 26.8167
92.6985 26.3898
96.6122 27.0918
96.8548 26.6663
97.9629 25.0206
97.5132 26.317
101.748 25.3998
96.44 26.0942
96.7412 26.0094
94.8993 26.7808
92.7954 27.3073
95.3675 25.5736
95.0519 25.423
93.2295 26.8962
94.7871 26.4435
93.1451 25.9374
92.0215 26.3974
94.2123 26.8506
95.1363 26.2848
97.323 26.0263
96.7218 26.0136
97.0398 26.444
98.6336 26.5138
99.1254 25.6713
96.4188 26.8057
97.5858 26.1362
99.8039 26.1451
95.3242 26.1845
94.6612 26.6327
95.5864 26.0515
96.4297 25.9858
94.9024 26.6401
98.2228 26.4748
94.1669 26.2945
93.8622 26.4997
94.2395 26.386
95.3187 26.0525
96.2142 25.8381
97.3132 26.2754
99.0691 25.8605
97.7688 26.3095
97.8404 26.6559
98.0933 26.2483
100.829 25.6033
99.6695 26.0948
97.7063 26.5131
97.0898 26.3187
96.7819 25.963
96.2432 26.3002
93.918 26.85
93.8372 26.5276
97.1921 26.5106
95.4549 26.2438
94.6461 26.2102
96.5195 26.7864
94.8142 26.8903
93.5201 26.5596
93.4745 26.207
95.2414 26.1976
95.3964 25.8301
97.324 26.2129
99.0479 26.2251
98.7745 26.0712
97.5804 26.3998
93.8936 26.7779
95.3524 26.7724
94.1707 26.532
93.2229 26.4245
95.0095 26.0551
95.2438 26.1664
94.739 26.0733
94.5414 26.0592
95.2263 26.0435
95.9585 26.1521
94.8119 25.8529
94.7808 25.75
96.3257 25.8726
98.9229 25.9884
98.0247 25.586
96.7143 25.8134
96.8535 26.0403
101.228 26.5617
96.4077 26.4942
96.1559 26.6256
96.8151 26.0208
96.4134 26.1889
94.3747 26.7265
93.9292 26.8031
95.2577 26.8148
96.3503 26.626
96.787 26.2274
96.3031 26.1358
97.0571 26.7133
96.6001 26.1831
97.0949 26.2209
95.8828 26.0054
97.8004 26.3578
94.9799 26.0813
96.3664 26.0733
98.5719 25.9495
103.245 26.2089
100.532 26.1703
100.286 26.2559
97.0124 26.5991
93.992 26.093
95.5378 26.4852
93.755 26.2883
98.2969 26.2451
95.448 26.8511
94.8507 26.8378
93.7097 25.9796
94.4369 26.7303
94.7782 26.4921
95.0814 26.3095
96.7434 26.1843
93.2406 27.2679
96.9441 26.3333
98.2894 26.4826
101.519 27.1099
99.5738 26.8547
96.6979 26.8981
96.3781 27.3007
95.3709 26.4837
93.1353 26.8355
95.1591 27.6424
98.5262 26.3951
98.8003 26.3607
101.757 26.092
101.092 25.8875
105.324 26.0774
105.278 26.0313
101.592 26.4067
101.643 26.7725
100.256 25.7071
100.341 26.6805
100.846 26.5554
101.136 26.2751
99.7552 26.0056
99.3469 26.8385
100.511 25.6594
104.21 25.7579
104.424 25.4669
106.926 25.5718
101.321 26.0312
100.798 25.6141
100.789 26.2451
97.6298 25.7651
96.4221 26.286
97.6992 26.0579
97.8948 25.8297
92.9578 26.2873
97.1849 26.7554
96.4606 26.1225
96.0789 26.5454
97.0272 25.7652
92.3322 26.6727
92.5734 26.3125
91.8885 26.9867
94.5074 25.648
96.1762 26.1995
99.5765 25.7691
94.4059 26.2401
95.4652 25.7264
93.3879 25.7441
92.6094 25.6807
97.0268 25.8802
95.3159 25.7424
95.8984 26.4721
95.7776 26.1636
95.5269 26.4271
93.5989 26.5373
97.3266 26.4778
94.2515 26.1885
94.1906 26.2493
97.4312 25.9651
97.0118 25.8998
95.9721 25.906
92.4085 26.2051
95.332 26.0835
96.3875 26.2875
98.3058 26.9524
97.8413 26.3045
98.1136 25.8477
96.8527 26.3584
97.4886 26.449
93.698 26.7981
97.0181 26.2641
95.1819 26.9689
94.3497 26.5359
94.2564 26.5781
94.6427 26.2527
94.1785 26.4832
98.2029 25.3983
98.8786 25.9456
98.5779 26.0057
94.5899 26.5894
95.8472 26.893
91.4124 27.2146
97.1471 26.503
98.4821 25.9382
98.9584 25.5569
99.6582 25.7311
100.193 25.7924
96.1294 25.948
96.9616 26.2614
94.1768 27.2259
98.929 26.1464
96.6694 26.4964
98.2646 26.5545
102.486 26.9021
98.5284 26.7064
97.5308 26.441
98.6452 26.7733
100.153 25.7551
100.532 26.0708
99.9125 27.0147
99.9373 25.3648
97.0189 25.874
95.382 25.9408
92.5515 26.2387
95.6649 26.4842
94.7615 26.7432
94.5884 26.4181
96.739 26.2143
94.6633 27.3885
92.3982 26.9686
94.2664 26.3217
92.9444 26.4398
92.0556 26.7059
96.5228 25.8372
93.2055 26.5921
95.3474 25.5577
100.948 25.9722
99.7801 26.7208
97.5899 26.5352
96.2598 26.3722
94.9751 26.1539
94.6246 26.5273
96.0478 26.8524
94.8822 26.4872
98.4585 25.84
94.7028 26.0426
95.0107 26.7674
99.8803 27.1758
96.0208 25.9974
94.3885 26.9906
95.9747 26.2423
94.5519 26.9522
94.315 26.3661
94.315 26.2639
92.6549 26.9202
94.8721 26.2663
97.5179 26.7965
96.5135 26.7753
95.2623 26.3831
95.5442 26.4226
93.8061 26.3112
93.6334 26.3632
96.4624 26.4412
93.1962 26.3326
96.892 26.6
96.9376 26.0068
96.9618 25.9493
93.9305 26.057
96.5092 26.3984
96.4058 26.647
97.3202 26.683
97.5107 26.7622
92.1224 26.7406
96.1007 26.7343
95.6159 26.1732
95.9327 26.0553
94.1627 25.8623
94.8743 25.9953
95.5178 26.3523
97.6512 26.0583
96.8559 25.7432
96.4903 26.1908
95.1186 25.9152
93.5292 26.801
93.8961 26.4442
92.2079 26.9232
95.8965 26.4991
96.1014 25.5892
95.6478 26.1578
94.5888 26.3889
96.8525 26.1772
96.9856 26.3281
97.5482 26.3918
96.8769 26.6981
99.5358 26.4587
102.83 25.8554
97.8294 25.9419
97.6358 25.9996
98.5956 26.3234
98.9361 26.5588
100.293 26.3409
93.1605 26.656
94.4445 27.035
94.0254 26.0439
93.97 26.2405
92.2394 26.2803
94.47 26.3947
99.5721 26.933
92.4521 26.9414
95.4847 26.5873
93.1666 26.1597
92.4851 26.3659
94.326 26.8008
94.7103 26.56
93.9838 26.3081
93.705 26.4115
93.3401 26.5232
93.4474 27.1677
91.7986 27.095
92.2643 26.9882
91.2581 25.9817
95.1948 26.2209
94.543 26.5445
92.3406 26.8624
92.1635 26.8201
93.2133 26.4268
96.4741 26.0199
96.2236 26.8601
95.2219 25.8185
95.5245 26.3824
94.5674 27.1663
96.4692 26.7898
94.8362 26.5359
92.8703 26.1389
95.0972 26.4174
97.8596 26.5866
96.7621 26.0518
94.6247 25.8211
92.3077 25.9166
93.0338 27.2187
98.5197 26.6451
98.4803 26.5535
97.6786 26.3623
97.7841 26.5491
95.0599 26.6329
94.8349 25.8925
96.4291 25.7775
96.1813 26.1758
93.4504 26.1606
96.2767 26.6135
97.9131 26.2003
95.8207 26.7611
96.5897 26.4096
97.111 28.1667
96.7423 26.1433
96.7972 25.7328
97.1886 26.4108
97.7155 26.3311
97.3933 26.1975
97.9535 26.9284
93.5674 26.8938
91.1881 26.5905
96.2168 26.7454
93.6261 26.5252
94.9137 26.7945
95.4226 26.2233
95.9156 26.2185
92.3577 26.3405
95.1208 26.1186
90.3961 26.8432
95.9324 26.8677
94.1215 26.6609
93.2073 25.7267
93.0641 26.9764
95.0198 26.4367
96.153 26.341
98.4338 26.1834
98.3755 26.1626
97.8079 26.5928
94.2508 26.9942
97.8134 26.8021
96.9191 26.3261
98.5256 26.2493
99.347 26.385
98.3712 26.1814
99.5711 26.1316
100.003 26.1419
95.991 25.6625
92.9796 26.5428
95.585 26.4172
96.3219 26.4785
95.5282 25.9318
95.565 25.9804
95.5961 26.0822
95.5973 26.1526
94.7735 26.2763
96.8519 26.4003
93.9765 27.4386
94.9509 26.3772
92.3545 26.3482
92.3015 26.2571
93.7376 26.2875
93.675 26.6968
93.8307 25.9078
95.8191 25.8656
94.9298 25.8607
92.4303 26.5021
97.2637 26.3386
97.705 25.0522
97.0724 26.1064
97.8057 25.6663
95.8133 26.2669
96.3351 26.2208
91.7246 26.3829
94.3675 26.3765
93.2771 26.1677
96.0017 26.0973
95.9269 26.3146
93.4844 26.2573
95.1379 25.6353
95.0733 26.1117
93.2513 26.2153
95.3188 26.0595
96.2743 26.4314
94.4183 26.1281
96.9745 25.982
93.7416 26.874
94.6639 26.7087
94.7863 26.8443
93.9841 26.3891
92.6373 26.911
94.3381 26.4872
96.685 26.3187
95.8038 26.3656
99.1968 26.1032
99.5376 25.5652
104.245 25.7174
102.639 26.3974
97.3252 25.926
97.1565 26.3344
96.841 26.1643
97.3878 26.2911
96.4439 26.0586
96.5593 26.1082
91.6567 27.1845
89.0208 27.0054
89.5975 27.0821
89.5975 27.1012
93.6983 26.805
98.6107 26.8269
100.095 26.3848
96.6712 26.4816
93.7289 25.8269
94.9662 25.2513
93.1765 26.9669
94.5013 26.2095
94.0843 26.1938
96.147 26.4796
93.8761 26.4753
92.4944 26.4177
93.3259 25.9915
92.3546 27.2051
96.8702 26.3157
97.4208 25.7999
96.9985 25.7622
98.7783 26.2292
97.4896 25.2775
97.6371 26.7406
96.2606 26.5568
97.9635 26.4322
97.5572 26.0391
95.6945 25.9912
95.1972 25.8744
94.8226 25.643
95.3265 26.5563
94.4843 26.459
93.7982 27.096
93.3793 27.018
91.4836 26.3485
93.2458 26.8739
95.5224 26.2478
98.3149 26.1905
96.3665 26.3811
97.0056 26.8492
97.1047 26.2383
96.2983 26.7868
92.4701 26.0671
93.6411 26.4293
92.8458 25.9783
91.6011 25.986
91.8856 26.6547
93.5338 26.2432
90.6129 26.585
95.6562 27.0673
93.1875 26.8946
98.2363 26.4474
103.139 26.8665
103.139 26.228
102.229 25.7744
100.998 27.3845
99.9488 25.6937
100.281 26.8455
101.137 26.6556
98.1743 26.4915
99.9431 26.4894
99.5303 26.4817
104.151 26.1842
103.441 26.2558
103.585 26.0836
96.7366 26.436
100.226 26.4743
97.3776 26.2893
106.754 25.8009
102.824 26.5425
102.123 26.641
102.081 25.8506
98.6035 25.6288
98.6166 26.0054
97.2405 25.9214
101.948 26.5486
98.4517 27.0104
97.3046 26.4641
96.9001 26.2541
94.1608 25.4317
96.0231 26.3563
96.5413 26.6319
96.9297 26.0402
95.6448 26.3946
99.2061 25.8499
97.4495 26.3323
96.583 26.6794
96.2295 26.4115
97.6034 27.2336
98.3329 26.7661
100.93 26.3974
96.8967 26.539
97.5928 26.274
94.821 26.7197
96.2046 26.1841
98.0896 26.3085
98.4338 25.9755
98.9604 25.7493
102.722 25.5813
100.5 26.2305
101.832 25.7121
100.121 26.3007
99.1144 25.9248
98.9531 25.9012
101.202 25.8655
100.796 26.3101
97.1998 26.0867
95.8063 25.7121
95.2609 25.8258
97.9579 26.4735
95.0614 26.821
97.6633 26.084
101.492 26.3073
95.7238 26.5417
97.452 26.6451
92.6966 27.0513
93.9873 26.8349
95.3004 25.9115
95.6855 26.0883
95.1522 26.4199
99.5344 25.9615
96.6846 27.1294
97.4595 26.2928
95.2294 26.3948
89.9601 26.6173
97.7065 26.8829
97.437 25.7863
102.047 25.9402
100.866 26.2453
99.4848 26.2453
97.5027 26.3063
92.7033 26.6593
92.5376 26.6768
92.44 25.8808
93.1625 26.21
93.9687 26.0258
96.4136 25.9432
93.5571 26.2208
93.5571 25.6558
93.5571 26.8
93.7459 26.6036
96.1667 26.6326
97.065 26.4879
95.5125 27.3013
94.0893 26.1244
93.6385 26.4889
92.3786 26.4082
95.4263 26.3267
93.5025 26.0481
94.9115 25.802
96.0077 26.2063
97.3716 26.141
93.5755 26.3805
91.9916 27.304
96.2106 26.0706
94.4762 25.9178
95.3233 26.2906
98.2409 26.3673
94.1299 26.5535
96.1403 26.1376
97.2799 25.8784
99.8325 25.8815
103.31 25.9666
95.5363 25.7159
93.9607 26.2627
96.1623 25.4869
95.6583 25.8748
92.7833 26.6459
94.3364 25.8435
99.9898 25.9159
97.7737 25.8947
96.3004 26.0881
96.3522 26.217
96.7064 26.764
96.6374 26.1749
97.8493 25.5838
98.7416 26.4316
100.018 26.0494
102.129 25.9
102.558 25.8147
99.15 26.1053
96.6324 25.9104
98.7431 26.5093
98.5914 26.2676
96.0188 26.6678
94.8806 25.3329
94.4367 26.4191
96.9254 26.3475
96.7343 26.9053
94.4655 26.0328
97.4343 25.7526
96.3183 27.052
96.3834 27.021
94.6618 26.1237
97.657 26.3133
98.2449 26.257
96.8143 26.2982
96.5678 26.1279
96.6235 26.2077
97.0906 26.8547
93.6977 25.962
93.3459 26.0134
95.4778 26.454
94.6743 25.6869
99.3063 25.5149
93.6165 26.6365
95.3486 26.7455
95.7882 26.6771
96.3531 26.65
97.412 26.1524
95.401 26.4632
95.9226 26.4943
95.8273 26.0335
98.7599 26.0539
94.2365 26.2279
94.1921 26.3328
98.111 25.8736
97.4873 26.5113
94.1592 25.7903
91.0158 26.4192
94.2729 26.1615
91.6662 26.7768
93.6421 26.4322
95.7455 25.9931
94.8293 26.4678
95.5583 26.4232
94.8524 26.3092
95.7023 26.3121
96.52 25.8322
96.0499 26.0283
95.7939 25.9532
95.4254 26.1319
96.9142 26.0077
99.328 26.6836
97.2033 26.673
96.1104 25.5931
97.6344 26.0416
97.4431 26.2128
98.652 26.0898
100.814 25.3488
96.8044 25.8635
99.3599 25.9345
94.895 26.8702
98.3481 25.9323
97.6888 26.4995
101.225 26.2781
97.6396 25.9015
97.1822 26.5496
97.7158 26.6385
96.8566 25.7882
96.0536 25.8578
97.9662 26.3627
100.864 26.2553
98.6195 26.2934
97.5035 26.1165
96.0753 25.4331
98.5327 27.3685
99.4737 27.2507
98.394 26.9693
98.8477 25.8973
105.304 25.8368
98.9072 26.4838
98.4095 26.6863
98.6893 26.8343
98.2113 26.3334
102.127 26.4085
102.852 26.3446
102.679 25.5517
102.292 26.2473
99.0633 25.4522
103.524 26.4053
101.319 26.6713
101.689 25.7011
97.9485 26.3764
96.9668 26.2885
95.2103 26.68
96.4852 26.4961
94.5421 26.2463
96.7457 25.9391
96.3562 26.7302
96.867 26.3152
96.8547 26.6642
96.8566 26.9197
96.8495 26.1403
93.0083 26.1999
91.1235 26.5472
90.938 27.0067
91.9341 27.1913
92.1982 26.714
92.4684 26.7319
93.6848 26.7064
95.2531 26.5254
93.172 26.5931
93.7036 26.7994
92.4776 26.3636
91.7968 26.5853
96.8836 26.7925
94.0542 25.968
93.5729 26.3093
94.9859 26.4872
99.8108 25.4776
91.4789 26.6789
94.7368 26.51
98.4132 26.3676
101.398 26.7211
98.5367 26.0422
97.8627 25.8567
96.1731 26.2153
95.7488 26.8277
97.8812 27.007
99.7713 26.1055
99.194 26.0604
98.4584 26.4567
100.408 26.5375
103.807 26.2331
102.803 26.9126
97.3182 26.8663
98.3311 26.5407
102.08 26.8114
98.9876 26.8949
98.4616 25.816
97.4298 25.8323
94.5699 25.9591
96.4702 25.9222
90.5348 26.0803
94.3411 26.0109
98.0484 25.7185
94.7228 25.5147
95.5966 26.3656
93.7279 25.8534
92.7261 27.0079
93.5427 26.6722
97.3247 25.9523
95.2381 26.6361
93.2073 26.8758
95.2692 27.0723
93.5738 26.7642
93.809 26.8651
95.4061 26.9041
95.9522 26.2525
98.4162 25.6661
97.0958 25.0348
96.431 26.8802
95.0869 26.7207
90.6186 27.327
94.0288 25.9797
94.4472 26.0201
96.5164 25.7731
97.875 26.182
97.1138 25.8762
98.2506 26.1925
98.4953 26.164
99.5305 25.5238
99.7586 25.8783
97.0378 26.5151
96.9499 26.4283
94.9675 26.6996
93.4224 26.1059
93.9163 26.6067
94.7832 26.2087
94.0293 26.4
92.9691 26.8116
92.6904 26.4168
92.5853 26.0473
94.1947 26.6593
92.8396 26.1097
96.7932 26.6079
98.2217 26.48
98.685 26.0477
100.609 26.1449
101.388 26.3016
103.649 25.9178
102.158 25.6202
96.0141 25.8368
95.7043 25.9289
92.6375 26.4655
96.462 26.2319
94.7769 26.9808
93.6108 26.2439
96.6797 26.2998
96.1231 26.8768
95.7064 26.314
95.0865 25.8088
98.0141 26.2757
97.6966 26.2213
97.5604 26.0614
97.0535 26.3756
94.8082 25.8295
96.7245 26.6742
96.9857 26.912
98.5266 27.182
100.381 25.7112
99.4071 26.36
99.2365 26.3955
100.023 26.4697
97.2144 26.6354
96.4053 26.7429
95.5374 26.4715
94.9344 26.2027
95.0569 26.7521
97.8713 26.2568
95.6799 26.5316
95.6625 25.5424
95.8361 26.0596
94.0985 26.1897
93.754 26.5599
94.9624 26.3791
97.4857 25.5428
96.1129 25.7594
99.452 26.0949
98.9643 25.6245
97.8597 26.4491
99.6107 26.0783
94.7604 27.1699
95.7587 26.689
96.796 26.5275
98.3156 25.9897
95.5105 25.4527
96.2417 25.4593
95.149 26.0169
97.1426 25.4447
96.9225 26.212
95.4598 25.9808
96.1566 26.0581
97.7571 26.2787
98.1266 26.1657
98.2337 26.7057
95.5595 26.0184
96.0111 26.5625
95.2747 26.4519
94.5225 25.6685
93.5719 26.6771
92.3094 26.7297
97.3103 25.7298
97.2061 25.769
96.2162 26.2835
96.6119 26.2207
94.0701 26.4407
93.6728 26.1805
95.7278 26.2756
92.773 26.5866
93.6412 26.2102
96.607 26.5057
98.0621 25.7745
93.157 25.9928
90.608 26.6367
94.3664 26.1327
92.5571 26.8618
95.1797 26.717
95.5729 26.2289
99.4307 26.2656
96.9563 26.3632
101.695 26.158
103.218 26.4265
98.0495 26.1876
101.049 25.9863
100.995 26.3264
99.9079 25.7084
95.2947 26.3174
98.2557 26.0163
97.8342 26.235
95.6554 26.7549
90.7843 26.3748
95.9892 26.5167
96.0209 26.3967
91.8638 26.3834
94.4839 25.9416
95.2274 26.1012
95.7563 25.9556
97.0969 25.8463
94.5723 25.9187
96.6937 25.4725
95.446 25.8383
94.6501 26.9053
94.3741 26.3881
97.2156 26.753
97.068 25.8657
96.0704 26.61
98.1286 26.5238
94.8137 26.687
96.5803 26.2966
94.641 26.387
94.9294 26.3604
95.4297 26.0641
94.9681 26.3932
93.4195 27.3794
94.2636 26.7966
92.7388 26.2777
95.8103 25.5815
95.512 26.1761
92.9429 26.8967
94.7354 26.8763
99.0417 25.0876
97.4542 26.3976
95.6182 26.2229
96.026 26.3598
96.6407 25.6347
99.4322 25.6126
100.293 25.4145
97.8295 25.8312
98.2182 26.0765
96.6061 25.8776
97.7248 25.9376
100.64 26.1117
102.628 25.9017
98.9009 26.009
98.3237 26.5317
96.5219 26.0355
98.8656 26.5723
94.1523 26.886
92.1176 27.0695
97.3298 25.5737
97.6239 26.0543
97.6706 26.0979
96.4099 25.8091
95.7905 25.8541
94.5672 25.5477
91.6707 26.6547
93.1907 27.223
98.8911 25.9395
103.507 26.14
99.4025 26.3475
98.0463 26.1971
95.6948 25.9544
94.998 26.9546
96.9889 26.3204
98.6479 26.2808
99.7822 26.2013
95.7986 25.6874
95.0777 26.9159
95.6576 25.0942
102.552 25.5552
96.6539 26.8581
95.8884 26.8923
97.2505 26.3647
96.9424 26.605
95.2075 26.899
96.189 27.0913
97.7959 26.0659
95.8499 26.2205
93.9149 26.0077
96.6831 25.3022
92.7979 26.6136
91.8726 26.5994
94.3949 26.0589
93.3356 26.4662
94.9952 26.7587
99.1394 26.4686
95.0954 26.6246
97.4677 26.8916
98.7891 26.7232
99.5226 26.7633
95.3949 27.2761
94.9863 26.8612
96.5089 26.6728
93.5129 26.0346
93.8731 26.1225
94.6468 26.1224
97.6689 26.1199
93.2946 26.1534
94.2155 25.9298
94.6677 25.9895
94.5533 26.9847
96.606 26.1273
98.0992 26.5529
96.7871 27.376
95.5656 26.0545
94.0582 25.8479
92.9222 26.3302
93.3446 26.8779
89.963 26.8941
94.9387 26.4685
94.2242 26.3905
95.3563 26.2888
96.539 26.1763
92.7517 26.4873
93.5304 26.6694
94.5468 26.7539
94.3154 26.1722
94.893 25.7557
94.6291 26.555
93.4542 27.1393
94.5249 26.9913
97.7286 26.9863
97.832 26.7014
95.8481 26.1469
93.7477 25.896
97.3788 26.6945
97.326 26.4784
98.0066 25.6374
97.157 25.1324
98.087 26.1728
97.9288 26.3421
97.2596 25.7667
97.1644 25.8414
97.4977 26.1337
97.9427 26.3482
97.9433 26.3543
95.5838 26.454
93.1467 26.5276
94.3145 27.105
96.2231 26.1138
97.3102 25.3872
97.8166 25.4229
100.121 27.1734
98.318 26.5144
97.0709 26.7814
99.1138 26.8476
99.1937 26.5165
98.9482 25.8335
98.126 25.8432
97.2995 26.0719
96.4589 26.175
95.7291 25.9452
96.3783 26.3312
92.674 26.792
95.599 26.3478
94.8145 26.2813
94.0903 26.4047
97.2155 26.4773
96.2105 25.622
100.119 26.0836
98.7141 25.8539
98.9676 26.6849
94.3241 25.2987
92.2822 26.758
94.3708 26.0982
95.5298 26.6131
95.0435 26.25
95.7189 25.6139
96.3015 25.8502
95.7837 26.3381
96.027 26.3499
95.9319 27.4912
94.4468 26.7811
93.944 26.8174
97.2215 25.9787
93.692 26.5503
93.999 26.5643
93.9077 26.59
94.7694 26.588
91.0823 26.176
93.3134 26.5716
94.7286 26.3753
95.3784 26.2371
98.0816 26.3874
97.5592 26.1887
98.2334 26.2622
98.7037 26.4565
99.8364 26.1813
97.6572 26.6977
96.5178 26.7013
96.8072 26.4195
98.5176 26.9074
98.973 26.6136
99.8691 26.2791
100.811 25.6192
98.9388 26.9843
97.7718 27.819
98.0398 26.2917
97.176 26.553
96.3235 26.6096
96.5993 26.4254
96.3483 26.4796
95.6273 26.4551
97.9928 26.0546
97.9039 25.8912
95.0325 26.7708
94.6834 26.2191
94.2732 25.8368
94.8893 25.9577
94.9859 25.5104
96.145 26.3373
99.6615 26.4417
94.7468 26.4993
94.2952 25.7593
97.3356 25.5002
96.6878 26.2204
96.269 26.3071
98.2722 26.6318
95.8405 26.6842
97.6808 26.4527
97.0995 25.8677
93.9715 26.0855
94.7746 27.1024
94.5634 27.3907
99.1561 26.1441
99.2554 26.0311
96.6211 25.8401
97.1672 26.2003
97.4032 26.8281
94.1265 26.97
93.0713 26.1394
99.7165 26.684
96.1931 26.5275
98.8636 26.545
97.3043 25.6343
96.8887 26.7119
101.59 26.6194
96.1395 25.9011
96.2066 25.8066
96.1544 26.1349
96.1672 25.8671
94.8899 26.254
97.7626 26.431
95.6593 26.4246
93.2502 26.5412
96.7425 26.3463
96.7223 26.6631
96.7624 25.8375
97.2359 26.7097
95.9056 26.8646
95.6284 27.1262
100.592 26.5534
96.0305 26.7891
98.437 26.4458
92.7631 26.4487
97.0492 26.1876
96.896 25.5411
94.5555 26.1727
96.1641 25.5235
97.4349 26.4996
95.3076 26.0776
95.8554 26.6274
96.9566 25.7502
96.5637 26.0737
98.3104 25.9791
95.8363 25.7102
91.7225 26.359
93.4974 26.3576
95.1348 26.5551
93.5705 26.2963
91.4303 26.8403
93.0323 26.035
93.1144 26.0613
93.1151 26.2215
93.6893 26.2727
93.2175 26.1406
93.7972 26.3106
96.3852 26.4483
99.8626 26.5077
96.6204 25.738
93.7953 26.7871
95.1919 26.3908
98.4164 26.3387
93.9794 26.1746
100.133 26.7429
100.546 25.952
93.5894 26.0773
94.3778 27.0245
95.3251 26.0688
94.7777 25.8918
94.9649 26.8698
94.6316 26.3043
93.8195 26.2967
91.1682 27.0738
92.4297 26.8242
94.7992 25.9912
96.9033 26.2869
95.8906 26.0164
95.6257 25.7972
97.0432 26.4181
97.451 25.6145
97.4845 26.6548
97.8255 26.7502
98.8885 26.7152
95.7587 26.9703
97.5401 27.0805
97.1734 26.1228
96.8217 26.6005
99.3167 26.6609
96.8275 26.2389
95.4246 25.8728
97.5486 25.8392
93.6397 26.461
96.0643 26.8333
95.8865 26.5256
96.6005 26.4339
97.0734 27.0068
95.2011 26.0938
94.4217 26.1045
93.4466 26.5708
92.0476 26.2824
94.7244 26.1763
96.2962 26.4165
99.8741 26.5562
96.1767 25.9113
98.5434 26.0083
98.7094 26.8245
98.0275 27.1264
96.5134 26.7943
95.1861 26.7996
96.0491 26.7398
98.0322 26.5148
97.78 26.7898
96.567 26.4463
95.663 26.2124
95.0939 26.8944
98.5512 26.5406
98.1082 26.8474
100.941 26.2943
102.637 26.229
99.5235 26.4643
99.9564 25.7851
102.81 25.6983
97.6126 26.1184
96.9341 26.5711
97.2765 26.3042
97.3985 26.309
97.0734 26.7675
94.9585 26.7545
90.7852 26.7381
89.8979 26.4616
90.4055 26.8475
93.3409 26.5219
91.6989 26.8711
97.4299 25.8825
96.0084 26.3121
91.0992 26.5664
96.1291 26.6026
96.5562 26.6015
94.9592 26.4961
97.9218 25.7737
103.45 26.6269
105.5 26.8618
102.254 27.2239
104.262 26.378
100.153 26.1495
96.6283 26.1407
96.9826 26.7066
95.2977 26.0441
96.8776 25.887
95.8062 26.6381
94.2331 26.0677
92.9636 25.2551
95.0945 25.4965
94.22 26.6961
94.4978 25.533
93.2301 26.2746
91.3237 26.7991
90.7974 27.3943
91.8359 26.3398
90.7227 27.2096
89.0637 27.1673
93.7318 26.2823
91.8813 26.248
91.9535 26.6566
94.0996 26.6989
94.5237 26.4335
94.1802 26.2243
94.4648 26.533
96.6083 26.3641
94.593 26.1457
95.1326 26.291
94.7197 26.2879
94.0674 26.6178
95.2885 26.3217
95.2465 26.6128
98.0407 26.5789
99.5698 26.1801
100.912 25.8268
95.5639 26.7203
93.2671 26.876
97.4524 25.8478
99.8345 26.2579
99.6145 26.1977
96.9257 25.9953
95.3407 26.4583
92.9645 26.3489
90.0515 26.3157
91.9583 26.6638
90.878 26.5094
94.1302 26.9285
91.7616 26.6249
92.3687 25.9123
88.9695 27.0376
90.9977 27.0839
95.4922 25.5006
91.9894 27.0777
95.5484 26.6153
96.0843 26.1896
96.4281 26.0146
100.726 25.87
96.5832 27.0464
98.1458 26.0586
98.9432 26.8164
101.374 25.9424
102.482 25.6978
100.961 26.42
99.2945 26.9449
99.2013 26.728
98.9796 26.7181
100.146 26.1773
98.321 26.4408
96.8818 26.2453
95.7057 26.2838
94.6818 26.9634
93.8115 27.2179
97.7442 26.7055
96.5159 26.0937
98.4486 26.2798
96.0078 27.1666
96.3818 27.0028
97.2602 26.4098
98.221 26.7082
97.1636 26.7562
95.4588 26.5752
97.2978 26.2177
100.445 27.4186
99.565 27.0027
99.5882 25.7214
95.2483 25.7814
94.4396 26.0808
99.1771 25.4816
98.6091 26.3061
96.9043 26.4114
96.0263 25.9295
93.4914 26.2693
95.3593 26.3086
93.8528 26.3085
93.6891 27.0611
93.6646 25.689
98.2257 26.6414
100.435 26.2261
102.654 26.6561
99.7933 26.4527
98.6659 26.0688
99.1138 26.2998
96.5282 25.9266
96.9648 26.5249
98.1013 26.4256
96.9178 25.4553
95.7592 26.3732
96.879 26.5637
96.0615 25.4085
95.3939 26.6637
94.8662 26.3153
96.9179 26.2126
94.5801 25.842
98.3705 26.0996
96.5752 26.5161
93.5095 26.7965
98.2793 26.034
98.4334 26.852
93.9146 27.0499
98.8409 26.0685
98.8123 25.8755
101.344 25.8609
100.505 25.8087
99.867 26.1302
97.1796 26.8439
96.3562 26.094
93.5696 26.7619
95.2328 26.3598
97.7287 25.837
96.3492 26.4085
98.8487 25.3916
100.331 26.5151
96.9641 26.347
94.9274 26.4992
97.187 26.2217
97.8557 26.6232
98.0574 26.7454
99.9537 25.8257
97.9228 25.9122
96.2474 25.9547
96.87 26.073
97.5167 26.121
97.7878 26.4382
93.7687 26.56
95.8913 26.0248
94.8746 26.5639
95.1438 26.617
95.0825 26.0749
94.1966 27.1673
91.1027 27.5606
91.9642 26.5441
93.4278 27.1598
94.4019 26.7578
93.1875 26.3222
93.6291 26.6523
94.9647 26.3877
96.8393 26.4897
95.8428 26.9834
98.7378 26.4096
98.5298 26.3999
98.1298 25.8156
96.4026 26.723
102.67 26.4065
100.742 26.697
100.681 26.4172
100.597 25.098
100.066 25.325
99.3603 26.377
99.3218 26.6111
101.96 26.5646
97.1249 26.1106
98.3605 26.6674
96.8264 26.8827
99.1747 27.091
98.9642 26.4506
98.3302 27.009
98.151 25.8143
98.5692 26.0465
98.0948 26.0331
99.9543 26.2306
102.245 26.1737
98.4773 26.6816
98.1421 26.6692
96.5136 26.5013
97.397 26.3678
98.2858 26.3678
98.012 25.8295
99.1569 26.4035
97.7052 25.8703
95.8992 26.4726
97.6044 26.242
93.6868 26.2779
93.6387 25.9485
95.2271 25.9056
93.8529 26.5772
99.9533 26.1082
97.2464 26.9023
97.6153 26.9544
95.1443 26.6395
98.1337 26.6729
97.3729 26.2794
98.0613 26.9126
96.0495 26.4069
97.596 26.5043
96.668 26.4126
94.8269 26.0237
94.5389 27.2514
97.0272 26.9738
94.5981 26.8836
95.7469 26.1026
95.1529 26.614
93.8242 26.2842
94.9151 26.5438
97.2654 26.8488
97.0733 26.8991
96.242 25.8858
97.2969 25.999
93.7909 26.5736
93.7909 25.8048
93.8447 26.4366
95.9031 26.8607
96.4412 25.9039
96.0692 26.2222
95.7932 27.1574
95.8464 26.3259
96.8313 25.7481
98.1185 24.9197
102.398 26.7736
97.36 26.7406
96.6803 26.8146
98.1776 26.4986
98.1776 25.9884
95.5094 26.0939
93.1078 26.1672
93.181 26.5283
94.7273 26.8583
96.1863 26.5539
96.9195 26.7979
97.406 26.447
96.2597 26.7846
95.5136 27.0519
96.7458 26.5779
97.4473 25.6728
97.0474 25.8818
100.24 26.4889
93.8446 25.8151
98.0622 25.7382
95.5202 25.9623
97.4933 25.7573
94.386 25.7987
95.9042 26.8423
95.8012 25.9205
95.1444 25.9265
101.472 25.7595
99.1319 26.5083
94.9193 27.0443
96.3336 26.7198
96.6684 26.8396
96.7185 26.058
95.793 26.4037
93.7364 26.7133
93.6355 26.135
93.0498 27.1593
92.3266 26.5699
95.2561 26.6137
96.7594 25.981
95.415 26.88
96.2847 26.101
96.726 26.0155
98.4745 26.2512
95.1217 26.2912
96.4064 26.3481
98.4895 26.1408
98.4929 26.3272
94.3966 26.0416
94.806 27.0256
94.806 25.7235
96.8514 25.7705
94.5504 26.3941
96.8091 26.2796
96.3378 26.0588
97.2228 26.1016
96.284 25.7312
93.971 26.0518
96.4984 26.5597
96.9283 26.2031
99.6587 26.1217
95.2003 25.9699
94.3226 25.982
97.9693 26.0316
97.7417 26.0928
97.735 25.7185
98.5598 25.8547
99.7653 26.1734
98.4553 25.7084
96.853 26.0806
96.4895 27.2192
96.9351 25.7226
95.1407 25.6984
92.4833 27.0935
93.5747 26.6304
96.6617 26.7048
92.9857 26.6949
93.6985 26.6949
92.777 26.7596
91.5848 26.6018
92.7958 26.4915
92.6563 26.2898
94.5394 26.41
95.6512 26.6848
95.6699 26.8272
96.1032 26.5525
92.7685 27.0935
93.3657 26.5456
91.9118 26.885
94.041 25.9642
94.041 26.6538
93.9029 26.4988
92.2614 26.1047
93.2333 25.8617
94.5819 25.8062
93.6843 26.0982
95.8286 25.8397
93.1688 25.8118
96.8651 25.8358
97.3831 26.4471
97.3535 26.8175
96.5537 26.1637
96.0265 26.2713
96.892 26.1617
96.1409 26.5479
98.2895 26.0602
101.383 26.5134
102.098 25.8306
103.458 26.5486
102.374 26.2239
102.683 26.9272
101.959 25.4259
98.9863 26.9851
99.1806 26.5772
96.132 26.8301
94.8475 26.6589
96.5374 26.0911
96.7038 25.7481
92.8692 26.9087
94.0906 26.6764
91.1922 26.5097
91.3954 26.8336
91.5437 26.8755
96.1439 26.1436
96.474 26.3263
94.331 26.0684
93.9011 26.0534
95.6306 26.0744
95.4089 26.1889
93.2059 26.6248
92.7495 26.4145
92.9291 25.8069
91.7669 26.6172
95.9687 27.3358
97.0226 26.1434
95.1222 26.9362
95.3161 26.1556
99.1411 26.7467
98.6337 26.2618
98.8938 26.0371
97.5474 26.0737
98.0116 26.2183
98.3676 25.6783
96.7852 25.6197
96.8615 25.8589
95.5728 25.9935
98.1064 26.9995
97.5112 25.9878
94.1128 26.5026
98.09 26.4271
90.6017 26.9677
92.8868 26.3935
95.1737 26.7428
95.6075 25.7416
95.9432 26.2204
94.8519 26.4785
98.292 26.182
95.7644 26.5355
92.8371 26.406
92.8981 26.387
93.8662 26.5545
91.6197 26.8407
98.7949 26.2303
96.6635 26.4654
97.08 25.772
96.4007 26.2356
96.5126 26.6972
94.6675 26.6211
98.5184 26.3445
97.5521 26.187
100.698 25.9765
99.4433 26.0751
100.77 26.2235
101.032 25.6498
100.88 25.6835
97.1445 26.141
98.1469 26.3325
99.8844 26.5838
101.028 26.0938
97.8618 26.3799
100.335 26.8267
103.354 26.1244
102.167 27.3368
101.215 26.8932
102.322 26.599
100.856 25.8913
100.195 26.0949
99.0341 26.2426
96.8424 25.9537
96.8424 26.8726
100.288 26.7174
97.5982 26.3461
97.4331 26.6056
97.376 26.344
96.8764 26.2783
96.8646 26.4342
96.7715 26.4909
95.9255 25.8281
96.4154 27.0306
96.8683 26.5943
97.27 26.4024
98.648 26.3697
104.882 25.6647
99.6048 26.5206
98.7769 26.6614
98.0262 26.3348
95.1194 26.3951
94.8733 25.5058
99.2323 26.0436
99.0391 25.3267
94.0439 26.6798
97.4245 26.144
94.6243 26.0777
94.0696 26.3572
93.09 26.2457
96.2853 25.6671
98.9713 26.1054
94.4847 26.2974
98.2245 25.7619
94.3255 26.1087
96.5273 26.1292
93.2324 26.1319
95.2817 26.7822
94.1969 26.9528
91.456 26.7594
96.1897 26.6632
97.4929 25.7005
97.6337 26.296
97.5245 26.1827
96.5756 26.3325
91.7652 26.7505
96.8388 26.3418
94.1861 26.198
94.2168 26.7096
96.8745 26.27
95.9035 27.0909
93.6215 26.5107
94.8264 26.2599
95.247 26.7282
98.148 26.486
97.6391 26.4517
98.3295 26.744
103.01 26.4714
101.462 25.9884
98.6694 26.047
101.537 26.4017
103.451 26.2314
104.776 26.1933
102.624 25.6026
100.639 26.1902
99.4797 25.8469
98.4304 26.309
98.011 25.8718
95.7641 25.9843
97.0007 26.0117
97.2203 26.1232
97.3203 26.1741
96.2451 26.1481
94.5265 26.4554
96.6591 26.5728
96.1394 26.6127
95.6724 26.1403
96.5357 26.0392
94.2469 25.8551
97.0453 26.0078
94.5274 26.2156
96.0278 26.0195
95.2202 26.4028
94.1257 26.0927
96.5043 25.8997
100.744 25.8564
95.5168 26.4237
96.5142 25.8397
93.5861 26.3821
97.3052 26.2738
98.7833 26.6814
96.2804 26.6955
97.2633 26.4358
95.4013 25.5343
98.3419 26.0292
98.3112 25.754
96.3737 26.6545
94.6441 26.9832
96.1059 27.5022
95.8537 26.6688
95.9987 26.3772
97.5192 26.3379
92.7054 25.9048
96.4246 26.3342
97.506 26.2683
97.3726 27.0483
102.764 24.9365
103.027 26.1567
100.994 26.0009
98.442 26.2234
105.294 25.1988
102.26 24.8654
98.5832 26.5468
101.228 25.8158
101.295 26.5344
98.6563 26.6953
98.3478 26.0408
94.8606 26.1861
92.1268 27.2914
97.4113 26.5104
94.5759 26.6448
94.4787 26.6658
96.0363 26.2049
95.8185 26.2059
96.5177 26.2445
96.5141 26.7588
95.7967 26.2643
98.2445 25.9687
97.0499 26.1038
94.8365 26.3753
94.8678 26.4024
94.9481 25.8915
94.691 26.4967
93.8633 27.2948
95.094 26.481
92.4126 26.5135
93.946 26.2307
96.4722 26.6822
95.0753 25.4803
96.4464 26.3437
94.7785 26.6311
97.4769 26.7189
95.2974 26.3315
97.0772 26.208
95.4086 26.7239
96.1938 26.6263
93.3004 26.9701
95.8068 26.486
93.5836 26.1191
96.3076 25.9245
99.7613 25.8493
98.3594 26.4178
100.082 26.4448
96.3899 27.2029
95.8455 25.2914
94.3974 26.7744
95.4329 27.093
95.0437 26.8653
95.9181 26.945
96.2851 26.9113
97.9471 26.3071
96.1453 25.9274
97.3154 26.3863
98.3141 26.9374
95.0073 26.5643
98.3543 26.0065
97.772 26.8708
94.1596 26.5175
97.5842 26.3073
99.2037 25.7856
92.7334 26.6376
94.3903 26.7255
97.9279 26.4103
98.3726 25.7047
94.3405 26.4686
97.736 26.1257
101.739 25.862
96.9345 25.9719
98.1315 25.9987
92.4683 26.684
91.7989 26.4636
96.4197 26.2896
95.2687 26.4494
96.0223 26.3105
96.9206 26.4557
97.0234 26.1742
99.339 25.9043
94.6014 26.6792
93.9592 26.8917
94.5677 27.3502
96.0471 26.4551
95.9083 25.5063
94.0625 25.861
92.5734 26.7478
97.5628 26.4037
95.4401 26.2523
92.8521 26.1393
97.6257 25.8987
93.2291 27.1671
91.0024 25.7268
92.762 25.516
93.8483 25.7065
94.6343 26.1891
95.3913 25.9178
95.9239 26.0322
96.0932 26.4427
96.8574 26.3536
99.974 27.0003
99.7145 26.6996
96.4513 26.6579
93.1623 26.6807
92.9429 26.6347
92.7963 26.5735
94.5157 25.964
95.1316 26.0525
94.7829 25.935
98.2699 25.7266
100.255 26.3658
95.5307 26.8844
96.1705 26.2328
94.8508 25.8361
97.7105 25.7191
96.2755 27.4421
96.3143 26.6294
97.137 26.4627
96.4116 25.7188
96.8527 25.4523
95.9408 26.4641
95.6165 26.1514
99.6392 25.9623
95.8744 26.3527
95.6704 25.5942
95.6519 26.3425
98.2282 26.1943
97.0025 26.1165
97.3471 26.1235
94.0936 26.3
92.9774 26.7078
94.5268 26.5869
95.3676 25.7935
93.171 26.5663
95.6587 25.7544
100.84 26.7537
99.8984 26.2107
102.63 25.6347
97.289 26.393
97.0991 26.019
95.125 26.6865
97.9995 25.7808
97.2374 26.5469
97.3026 26.9433
97.0615 26.0068
96.0148 26.6722
92.3983 26.5098
93.8944 26.513
95.0291 26.8103
96.0611 26.1029
97.4137 26.4959
97.2882 25.7974
97.1139 26.7352
96.1393 26.9951
100.133 26.3399
98.5924 26.6019
97.4869 26.9508
96.4422 27.5296
98.4994 26.3032
98.8765 26.269
98.7245 26.3023
102.784 25.7045
101.086 26.3466
99.3774 25.696
99.0578 26.1386
98.3496 26.5892
93.761 26.6266
94.1952 26.1784
96.6705 26.4549
96.7246 27.4587
97.4379 26.816
97.8054 25.7602
98.6397 26.1814
98.1217 26.1972
94.8685 26.8452
99.2878 26.5654
96.9069 26.7598
99.6838 26.7835
98.0126 26.4928
99.6197 27.0813
101.658 26.2156
99.3273 25.7027
100.536 25.9575
100.335 25.5273
98.1806 26.7949
95.4936 26.0762
95.1316 26.3724
98.0345 26.3958
98.4675 26.0629
98.4675 26.0285
94.8864 26.3659
92.7068 26.5703
93.7795 26.8374
94.7571 26.434
94.2248 26.1089
95.2366 26.1388
94.3476 26.5211
96.0966 26.2048
93.431 26.318
94.4179 26.2854
92.6959 26.8258
95.0131 25.8588
92.9446 27.2006
91.6613 26.4405
95.5928 26.1145
91.244 26.2809
95.4682 26.4933
95.4605 26.3252
95.7278 26.766
96.1336 25.5725
97.8877 25.1892
98.2408 26.4866
97.6523 25.5141
97.4578 25.8604
96.9804 26.4724
94.2254 27.1601
95.7102 27.3043
97.4881 26.786
99.5686 27.0524
97.8888 26.1541
96.8874 26.2585
98.7401 26.3965
95.0779 25.6
96.7744 26.1845
96.7744 26.3719
95.5096 26.6633
97.9558 25.2619
98.1454 25.9335
94.1231 26.2516
92.8166 26.5707
88.9289 26.8217
90.8964 27.1313
91.8054 26.7828
92.5639 27.0987
95.964 26.9792
93.3845 26.7913
94.017 26.551
94.0124 25.872
95.2698 25.8233
94.8278 26.4348
94.7728 25.8854
96.9098 25.6678
97.6493 26.7972
97.9069 26.0568
95.7582 26.3323
95.1365 26.4533
90.6355 26.7654
94.8757 26.4173
97.4227 26.7478
96.6819 25.6202
97.212 26.7537
101.3 25.572
95.1258 25.9179
93.0249 26.222
94.8794 26.194
92.3591 26.4133
96.1716 26.3493
95.0679 25.9189
96.9468 26.1639
95.1558 26.0754
94.4045 26.2421
97.0029 25.8627
98.9243 25.7769
99.6429 25.9064
100.298 25.6546
98.9696 26.0537
99.3888 26.0177
99.4835 26.875
98.3747 26.8143
96.5446 26.2596
98.4724 26.4357
95.708 26.6215
94.9516 26.4418
95.7492 26.5002
96.4917 25.8998
96.096 26.0527
95.917 26.3753
98.4732 26.8188
96.6341 25.8921
95.8405 26.5578
94.5711 26.0008
93.2029 26.6082
94.1084 26.0415
90.7801 25.9595
93.1597 25.7492
94.3957 26.3246
95.3226 26.4409
96.1457 25.99
95.8924 25.9998
95.489 26.4884
96.3248 26.7149
95.351 26.3856
96.1267 26.9951
92.6742 26.5636
92.4855 26.8773
91.1808 26.4885
93.4074 27.0662
92.8897 26.0184
94.7018 26.1133
99.9582 25.7797
94.2674 25.7315
93.445 25.3752
95.9249 26.0147
92.8009 26.6349
96.1302 26.472
97.6775 26.6834
96.7726 26.1463
94.1633 25.9457
93.8038 25.873
95.2484 25.9637
93.7904 25.9592
95.0181 26.7675
96.858 25.8903
92.1244 26.5747
95.9533 26.1686
95.1075 26.4643
96.7341 25.8387
97.6329 26.3622
97.1472 26.4316
98.3204 26.171
94.8124 26.2358
99.1275 26.0739
100.463 26.0301
101.068 26.0317
98.6792 26.0349
94.9934 26.091
98.731 25.8783
95.815 26.1062
95.871 26.2127
92.6953 25.7393
98.476 26.1034
97.1134 25.9915
90.9303 26.3699
94.8085 26.6555
97.5611 26.6088
96.9427 26.0393
96.9946 26.2526
95.9715 26.3916
95.1062 26.5301
91.643 26.3213
96.1419 26.1245
95.5203 25.9711
93.8107 26.2703
94.4364 25.7354
99.1079 26.1091
98.8421 25.5683
96.3166 25.2506
98.0239 26.1265
98.08 26.5063
97.2811 26.2899
94.1313 27.3038
96.2323 26.7601
94.1377 26.9856
94.4913 27.0996
94.4369 26.9982
92.3606 26.5889
92.623 26.8982
91.9572 26.4807
91.1033 27.1352
92.7022 26.6823
92.4202 26.8671
90.7612 27.0686
91.965 26.4668
87.7723 27.2301
90.4505 27.1933
91.8319 26.1622
95.8001 26.9564
94.0768 26.6438
92.4568 26.5427
93.5712 26.1
92.8649 26.3355
93.2304 26.7544
95.5414 26.118
95.4859 26.4412
99.898 26.6727
100.092 25.7635
99.788 26.6142
95.45 26.7314
95.9581 26.5156
96.2906 26.6527
94.6863 27.0896
95.3279 26.1934
97.0319 26.9639
93.4086 26.5518
95.1207 26.4863
94.4793 26.505
96.1627 26.5994
92.7334 27.2516
93.3941 26.2472
95.24 26.7112
94.3494 26.4357
92.8045 26.7931
100.243 26.0812
93.0868 26.9926
99.5764 25.6577
96.2955 26.0519
93.9378 26.2361
95.2459 25.9183
96.3931 26.3184
92.6667 26.4286
94.3103 26.1788
92.2411 26.6124
95.2408 26.7357
97.0357 26.8104
96.3385 26.4223
96.0644 26.6486
97.2873 26.62
96.2 26.4305
98.5252 26.6157
95.8186 26.0025
94.5141 26.7381
96.4719 26.3748
99.0175 26.0443
97.9743 26.2428
97.9642 26.7217
97.71 26.6619
94.5074 27.0394
95.8795 26.5573
93.9355 26.1127
94.4156 26.379
92.1893 26.4503
97.7692 26.8037
94.2179 26.8249
95.5454 26.4706
92.6056 26.4746
95.9769 26.2286
96.2734 26.3082
91.1652 26.9959
92.0878 26.9758
91.4097 26.6052
94.44 26.0406
94.9975 25.9112
96.8218 27.0992
98.777 26.7448
99.4634 25.8716
99.7398 26.3979
101.481 26.2262
97.0217 26.7352
93.547 26.3103
92.1511 26.6265
94.8903 26.3142
95.9899 25.4677
97.7686 26.7864
95.8111 26.5743
96.8277 25.9274
94.6428 26.5513
98.9623 25.6146
98.7283 25.6106
96.9819 26.4231
96.9658 26.1471
96.8372 26.3193
95.5706 25.4359
94.0302 27.2116
91.9561 26.6652
92.8342 26.399
95.1278 25.6168
94.704 26.5882
96.6946 26.6406
96.9976 25.5296
95.5053 26.3287
96.6676 26.5483
96.5291 26.4858
96.842 25.716
97.0299 25.7061
96.8838 25.9063
97.5143 26.3074
96.4863 25.7373
99.3756 25.4016
97.3366 26.1191
93.9091 25.7401
95.1765 26.5477
96.221 26.3905
95.7563 25.9172
97.5549 25.8818
96.709 26.5732
93.7595 26.2765
95.7911 26.0577
95.508 25.8528
93.9169 25.974
94.8591 26.7002
95.7846 26.4198
95.0359 26.622
96.8435 26.6279
92.6315 25.7972
97.0972 25.0099
100.051 25.7807
101.718 26.1795
99.7422 25.6251
96.1353 26.6983
96.4449 26.6417
97.5507 26.4608
99.8765 26.0036
97.5666 26.1883
98.852 26.3967
98.7329 26.3365
100.808 26.3137
97.6712 26.7885
96.617 26.0532
95.634 26.2673
94.6764 25.899
96.1402 26.0075
96.1275 27.0058
95.791 26.6211
92.6092 26.8371
96.8188 25.6863
96.95 26.4628
95.4229 26.5164
96.7465 26.4787
97.2202 26.5325
96.109 26.4491
97.3186 26.701
95.3105 26.6673
93.813 26.7062
93.8957 26.8258
95.9377 26.642
96.1525 26.4943
96.4819 25.9471
95.5051 26.931
94.6062 26.6011
93.9229 26.3112
96.4148 26.4539
94.9566 26.0532
94.3029 26.4482
93.7973 26.2686
91.9934 26.7718
91.2023 26.5088
95.7267 26.5149
96.1904 26.1898
95.981 25.9114
95.3692 26.4327
91.1329 26.2587
90.5705 26.4712
90.3164 26.9777
94.6187 26.1302
95.1255 26.0538
94.6318 25.9837
92.2047 26.5657
93.7442 26.0344
95.2338 25.9563
91.746 26.7279
93.409 26.6446
95.0634 26.2981
100.489 26.5678
97.618 25.9855
97.3284 25.7182
98.3669 26.3436
99.7206 26.3482
100.906 26.18
104.361 26.0473
101.526 25.8878
101.736 25.5832
99.7005 26.196
97.4811 26.2284
97.7097 25.9424
94.1225 26.0227
91.9943 26.6664
95.0448 26.5494
93.5197 26.2106
96.0422 25.3937
96.7227 25.5601
97.502 26.9824
95.2255 26.9678
98.2959 26.0902
97.9448 26.7373
94.2031 26.1573
95.088 26.2861
92.5818 26.4711
96.1005 26.6703
97.1307 26.3395
98.9246 26.1295
98.6245 26.1465
102.136 26.0834
98.1143 26.2234
101.624 26.7796
96.466 26.2971
95.8175 26.5631
98.956 25.7761
96.8912 26.3783
94.1188 26.7188
96.2101 26.7234
96.7056 26.1623
93.5564 26.3997
96.9661 26.4648
93.1247 26.6391
92.8872 25.9377
91.5288 26.1878
92.6131 26.5086
93.1192 26.1599
94.1648 25.9082
95.4202 26.3875
94.9265 25.5432
95.3122 26.4962
92.9743 27.2522
97.5098 26.722
97.1532 25.6063
96.7389 25.8296
96.5747 26.3553
94.0727 25.8467
94.0767 26.4319
98.1176 26.6864
97.09 26.5304
92.4966 26.9273
94.4705 26.7105
96.1413 26.5327
98.6916 26.3575
96.1697 26.2466
97.9496 26.1901
100.466 26.6567
95.9953 26.3712
99.6098 26.0906
102.188 26.8494
99.9597 26.156
100.821 26.1603
98.584 26.918
97.3312 27.2489
99.3284 26.5545
100.699 26.5475
99.6131 26.6009
97.9578 26.0719
94.1886 26.296
97.6844 26.0366
95.4405 26.7675
95.161 26.3504
94.2928 27.38
93.7287 27.0904
93.6688 26.2987
94.722 26.5215
95.7389 26.6132
96.026 26.7612
100.593 25.1792
100.995 26.2103
99.2406 26.2684
101.811 26.7156
99.6467 25.8167
100.857 26.2717
98.0515 25.935
93.241 26.3016
95.1159 26.4277
92.9655 27.1977
94.0461 26.3471
90.6239 26.7452
90.6738 26.3768
91.1916 26.5226
90.3068 26.6106
93.9578 26.6242
95.993 25.6509
94.045 26.0822
92.8397 26.4987
90.015 25.8263
94.5115 26.9234
92.7185 26.5039
94.6677 26.5096
95.8445 26.2779
95.0014 25.7593
96.6472 25.3209
96.1648 26.5522
95.2331 26.7012
96.0342 27.0221
99.7595 26.7586
102.212 25.1061
96.9472 26.2889
93.7009 26.5946
92.4997 27.0429
91.6494 27.0429
93.4759 26.8619
97.5119 26.9585
97.2629 26.0658
97.8086 25.916
95.5806 26.7312
98.4569 26.9113
94.9211 26.8744
93.5052 26.0127
95.6844 26.4169
95.5143 26.386
96.8095 26.6807
92.3728 26.5964
95.8514 26.3722
97.3383 26.6758
95.881 26.8956
95.2369 26.5156
94.5242 25.9587
95.6847 25.881
92.8459 26.5325
95.6358 25.5652
99.6593 26.5557
97.571 26.9213
98.1745 26.6423
95.3295 26.7826
98.7973 26.5159
97.4629 26.927
100.611 26.3293
98.0915 25.5853
97.7555 25.9356
99.0324 27.1372
96.753 26.9374
99.1034 26.5233
98.5184 25.5685
99.036 25.7696
99.0126 26.9219
97.6191 25.6079
100.272 26.1143
102.317 25.895
97.2992 26.7766
100.867 26.6667
97.0487 26.1371
97.1507 26.0924
98.9891 25.9205
101.98 26.8528
101.1 25.9519
98.9697 26.3111
98.8069 26.2742
99.5309 26.2919
96.1816 26.3571
95.8404 25.8073
96.2626 26.4131
94.007 26.4934
94.2945 26.3335
91.6334 26.4349
92.6122 26.9298
91.57 26.9456
91.4937 26.8946
93.7086 26.1952
94.8308 26.0637
98.472 26.1966
96.3909 26.4124
93.0594 27.0945
94.4471 26.4647
94.6551 26.9756
96.3059 26.8327
94.6152 26.6752
92.9576 26.5717
94.4734 26.2612
94.3638 26.6147
96.29 26.718
95.629 26.3163
97.9745 26.1489
95.9438 25.5526
96.175 25.5636
95.8957 25.6522
99.7808 26.351
99.0825 25.3877
101.775 26.1133
98.9469 25.3804
99.2899 25.8784
96.8804 26.3938
94.607 25.9719
94.5831 26.2277
95.4343 26.3778
95.5178 26.3139
98.8411 24.9232
94.1517 26.2571
96.2184 26.3479
95.7459 26.0759
96.2772 26.0563
96.0046 25.9878
95.1615 26.071
95.4006 26.3567
94.1286 26.5192
95.97 26.3755
94.2788 26.7759
94.947 26.0495
97.7798 26.1135
97.4851 25.9044
99.7796 25.5055
99.6466 26.041
99.4297 26.3352
100.169 26.0534
100.351 26.0256
102.091 26.4966
102.091 26.6428
94.9012 26.3573
94.4362 26.4551
94.3768 27.4829
93.6973 26.6964
96.4027 26.2302
95.7571 26.488
95.9034 26.3349
96.4412 26.7887
95.6992 25.6667
95.2226 26.6432
97.6298 27.6263
91.8769 26.7776
93.6553 26.6144
93.5873 26.4674
94.4675 26.577
93.3295 26.5023
98.4861 26.1744
98.9657 25.7491
98.2805 25.994
91.3174 26.8066
94.1091 26.7508
94.4389 26.7074
94.9045 26.8001
94.656 26.3369
96.188 25.9797
96.9081 26.8748
96.2644 26.6652
96.8066 26.5861
93.9282 26.1181
98.5812 25.9012
94.6515 26.6894
94.9702 26.4886
96.1833 26.5637
94.471 26.9195
94.2086 26.5044
96.7405 25.3206
96.5063 26.4713
94.5853 26.4691
94.966 27.2378
93.5662 26.4613
100.16 26.0136
97.1954 26.4167
99.3313 26.1993
97.9875 26.378
96.465 25.8428
96.9012 25.876
98.5566 26.5352
97.4963 26.4334
93.8954 26.6782
92.9788 26.4365
96.2402 26.3362
96.4692 27.2456
96.8701 26.8411
96.9171 26.3514
100.438 26.4085
98.2223 26.6565
98.098 26.6386
96.4626 26.0218
96.5843 25.9992
96.2571 26.9717
100.215 25.8302
101.848 26.248
102.897 25.9708
103.132 26.0107
106.75 26.4861
105.201 26.4051
101.961 26.5785
103.466 26.5857
101.321 26.6184
101.321 26.1451
101.002 25.8237
98.5381 26.9791
99.0126 25.8646
97.9509 26.1354
100.693 26.1334
96.6173 26.5787
91.6736 26.0401
96.1866 26.4682
97.0395 26.9942
95.4285 26.7214
93.8644 26.5292
91.4731 26.5
97.8694 25.8273
97.4544 26.3137
96.4806 26.6852
95.7392 26.9993
96.0534 26.0548
97.0693 25.7437
93.6557 26.3152
93.9731 26.3147
96.2045 26.1192
96.1743 27.0093
96.6254 26.2725
97.8696 25.9399
98.447 25.813
102.137 25.6221
101.398 27.3452
95.272 26.1762
93.7361 26.8884
95.3773 27.0919
98.6876 25.2117
99.8264 26.4649
98.2131 26.1473
99.3041 26.2168
100.548 26.1775
98.6427 26.8164
100.101 26.0926
97.9427 26.6215
96.1441 26.5506
95.8111 26.4473
92.8185 26.3609
95.0072 26.5289
94.5624 26.2888
96.2561 26.4207
93.7844 26.5463
93.7223 26.8499
93.712 26.0154
95.0584 26.2822
96.6862 25.9091
94.8544 26.1593
94.4789 26.5657
94.2924 26.6099
94.2924 27.9871
93.5053 27.3259
97.2861 25.3081
94.264 26.7007
94.342 26.1627
93.936 25.8931
94.4236 26.7327
95.9814 26.2599
97.6781 27.2373
99.3171 26.4936
97.2692 26.2955
94.6087 26.6697
95.1496 26.2107
96.5129 26.1917
95.1375 26.7639
95.4054 26.9685
94.5813 26.8122
95.0364 25.369
94.155 26.6009
93.0044 27.1595
95.888 26.0018
95.2468 26.4732
94.4489 26.311
92.9788 26.3186
94.5454 26.4451
97.3466 26.6024
96.8732 26.5752
96.1578 26.2884
96.2717 25.9904
96.6498 26.5842
95.3052 25.8755
96.531 26.1538
92.7691 26.4632
95.4768 26.843
95.9115 25.8365
95.761 26.0894
93.8224 26.3213
94.7206 26.3788
93.2313 26.4915
96.1199 26.4125
92.9963 25.9136
95.7578 25.6158
97.0307 26.6295
97.3007 26.0118
100.481 26.3778
102.649 26.19
98.6317 26.6257
92.9734 26.7418
95.6559 26.2262
96.8752 26.1509
94.8408 26.0611
94.9982 25.8657
98.9316 25.7539
99.6518 26.3978
99.1208 25.7995
100.05 26.6462
98.6526 26.1223
94.8628 26.8964
94.9603 25.7509
97.1252 26.8045
96.0969 26.5507
93.7408 26.6682
93.6471 26.6543
93.5589 26.8687
93.0022 26.3977
90.8135 26.6318
95.2105 26.0321
95.5479 26.0905
91.8306 27.0057
92.5745 26.4291
94.1491 26.4115
92.4625 27.2616
91.5602 25.8999
93.7603 26.0151
94.9918 25.7881
94.1666 26.4935
97.6836 26.7775
95.3084 27.1169
97.2728 26.4596
91.8125 26.0089
97.0459 27.0407
96.5673 26.8664
96.5576 26.5812
97.3109 27.1985
99.0542 25.8632
99.6797 25.8787
94.3164 26.5603
95.3398 26.2343
93.4978 27.2326
94.7148 26.3343
96.5552 26.2362
94.0671 26.6981
90.7863 27.0037
94.7885 26.5941
95.1894 27.1109
94.4028 26.3771
95.8597 26.8529
97.503 26.5718
95.9804 26.7623
96.0955 26.1004
95.4866 26.7918
95.3828 25.8136
92.9668 26.9519
92.8401 26.3917
95.2458 25.6618
90.3366 26.8417
95.1758 26.2294
96.3768 26.2751
96.0139 25.3867
95.0739 26.8296
97.8202 26.7101
95.5216 26.5056
97.0406 27.1649
96.2935 27.0018
97.4664 26.3033
101.604 27.0237
100.632 26.9006
98.789 26.7321
101.662 26.9139
100.049 26.5705
94.7651 26.3953
99.4765 26.5937
102.643 26.2843
96.5027 25.7931
96.1721 26.5069
96.6803 26.1349
95.9605 25.8474
93.6126 26.9583
93.9931 26.6022
91.3088 26.8656
92.2212 26.9352
93.0025 26.5233
94.0268 26.3685
95.9801 25.6072
99.2184 26.1057
98.217 27.229
99.5176 26.4574
95.9165 26.1707
93.5467 26.4045
96.2798 26.6426
93.9503 26.533
91.3859 26.995
96.0844 26.3885
96.4724 26.7024
95.0635 26.0068
93.6872 26.828
95.9619 26.4024
98.3368 26.6288
97.569 27.1176
94.6946 26.2561
93.3643 26.4164
94.8291 26.1906
99.3445 26.5369
96.5713 26.4759
94.708 26.6168
96.1605 26.5011
92.8265 26.5906
94.5343 26.373
98.5409 26.8915
95.4205 26.7734
95.4085 26.6138
93.5777 27.0553
94.7296 27.0025
91.2165 26.6131
93.1521 26.581
98.1985 26.5497
97.9216 26.7994
96.3957 26.3685
90.6335 26.4012
97.7269 26.4582
95.8271 26.188
95.6085 25.8522
95.762 26.812
94.429 26.0104
94.472 25.9063
95.8425 26.062
94.5641 26.8746
94.7477 26.7685
91.6308 26.3273
93.6975 26.8068
92.7831 27.2045
97.035 26.0575
97.317 26.6716
101.486 26.0477
96.0812 26.3025
98.4591 25.9755
95.367 26.2697
94.7513 26.763
95.382 26.7834
99.6595 25.984
101.224 26.065
99.884 25.8039
101.644 25.4502
98.1901 26.0317
96.0541 26.1328
97.3855 26.3569
98.8969 25.8942
99.0841 26.5628
98.1 26.6079
96.568 25.4164
96.8965 26.319
96.3955 26.3002
96.0519 26.1686
95.6856 25.9198
95.7418 26.1121
95.2492 25.9272
94.6307 26.6538
95.0502 27.417
94.9778 26.4936
92.2779 26.0715
94.7048 25.9056
93.6143 26.7115
92.5446 26.1721
95.415 25.6982
92.7086 27.3315
96.9945 26.8036
96.4402 26.4841
98.2787 26.4721
97.1886 26.3827
96.75 26.3806
99.3376 26.0195
99.4013 25.751
98.7316 25.7234
98.5639 25.8588
97.7971 25.776
97.4035 25.8334
97.2877 25.8186
101.796 26.3515
100.668 25.5225
96.8554 26.1256
92.2434 26.868
92.6854 26.3361
95.6128 25.9271
90.0098 26.0169
93.1014 26.6761
94.6765 26.4278
94.8236 27.0345
95.3807 26.545
95.5176 25.9236
95.5581 25.3455
96.4693 26.6437
93.2537 25.9523
92.8548 27.007
95.0633 27.1394
95.4324 26.8728
94.723 27.5921
94.9644 26.7866
96.0161 26.514
99.4506 26.526
97.6301 25.8048
96.8025 25.8038
93.5732 25.9643
96.0158 26.5855
96.4605 26.1167
97.0055 27.2986
95.7598 26.472
102.245 26.3519
102.894 26.5072
93.4401 26.6986
95.2241 26.3701
95.6015 26.4964
99.0822 26.9026
98.0489 26.1926
95.1668 26.0888
95.3661 25.4776
96.1559 26.1932
98.1954 26.5446
102.299 26.4604
98.5216 26.3996
98.5763 26.0649
100.587 25.9354
98.9394 26.793
96.8898 26.423
96.145 26.872
94.1932 26.0698
93.6109 26.3866
90.4518 26.4282
88.4223 26.0237
90.427 26.792
91.9697 26.9267
91.7529 26.8518
94.6541 26.3451
98.1187 25.8516
94.336 26.3651
94.0197 26.1419
94.6103 26.2052
92.788 27.1108
92.0099 26.7473
92.2087 26.735
92.7759 27.0157
95.1671 25.8706
93.9648 26.771
96.5703 26.4018
93.312 26.3738
95.1989 26.1984
95.5206 25.7321
91.9788 26.6895
95.8114 26.276
97.507 25.6689
95.7906 26.0964
95.5483 25.4625
98.1015 25.8235
94.6153 26.0229
93.9309 26.3259
96.0233 26.5577
96.9966 26.4569
97.1013 26.5767
100.573 26.1851
97.7691 26.3913
96.6044 25.9466
94.3596 26.3038
96.2508 25.8494
94.4768 25.5755
94.7559 25.6293
92.8939 26.3483
94.0329 26.7682
93.0141 26.4119
93.2074 26.1547
96.7057 26.2789
97.7037 26.0385
97.1424 26.6395
97.3409 26.5276
100.541 25.4856
100.541 26.1797
100.73 26.9305
97.4099 26.1247
99.8314 26.3551
98.9904 26.2168
96.6432 26.3116
97.2712 26.709
97.7964 26.1575
97.2966 26.7937
94.6333 26.055
95.3204 26.2856
96.5062 26.1252
97.5989 26.1242
97.417 26.1743
97.3897 26.6477
96.5792 26.6105
90.7522 26.3553
93.5816 26.9995
93.7199 26.7483
94.9305 26.6893
95.9795 26.0609
95.1293 26.3738
94.154 26.8446
94.154 26.0511
94.7891 25.866
98.6031 26.0728
93.3445 26.2286
94.9704 25.9754
95.9409 26.3012
96.3251 25.9732
94.6763 26.7879
95.0855 26.0972
96.8446 26.2033
97.5366 26.2024
97.759 25.7271
98.3318 26.4366
97.8811 25.658
99.4292 25.6917
96.1858 26.4148
95.9602 26.4364
100.389 26.2182
100.616 25.7099
101.373 25.7721
103.269 25.8954
95.9553 26.2563
100.696 26.4056
99.5364 25.3856
98.9768 26.5861
95.5938 26.3543
98.4806 26.2702
92.4624 26.4813
95.3873 26.5592
95.9963 26.4244
93.6909 25.8101
95.4539 27.182
89.0764 26.731
93.2491 26.6553
95.9929 25.9973
95.3696 26.5377
98.0563 25.9275
93.5265 26.8753
96.4169 26.5895
96.0364 25.6596
95.5732 26.4363
96.2401 26.1794
96.3233 26.1401
93.0316 26.9711
96.7542 26.0511
95.9331 26.4005
101.82 26.4793
92.9318 26.9139
98.4033 26.1725
93.4412 27.2582
95.315 27.4932
94.3653 26.4876
94.696 26.397
95.3964 26.0509
94.4636 26.1962
94.8946 26.1708
95.0179 26.9296
93.6035 27.1212
95.4356 27.1834
96.8167 27.2775
95.2918 27.0013
97.2434 26.1587
98.1927 25.6104
99.6299 26.294
96.9665 26.7628
99.5176 26.0733
96.8227 26.6725
96.7137 26.0548
97.7922 25.6341
99.4149 26.6039
97.7788 26.3851
97.5064 26.9574
99.0701 26.2411
99.1667 26.5549
97.8233 26.4958
97.1496 26.5004
97.0103 26.7086
96.8433 26.4478
94.9476 25.9333
96.5119 26.8773
94.1264 26.3939
93.5293 27.3882
97.9979 26.667
96.5216 26.6661
94.8607 26.1901
94.5945 26.0276
95.78 26.1892
99.4239 26.2404
95.4638 27.2309
95.9885 26.4813
99.8212 26.856
97.8066 26.6972
98.5364 26.7489
95.7131 27.2927
98.1002 26.0808
99.6241 26.2524
98.7143 25.6753
101.926 26.4812
97.2986 26.2844
98.8785 25.9045
98.18 25.4662
97.3795 25.979
98.0996 25.9091
97.3557 26.2437
94.7527 26.5126
95.7888 26.5083
95.7888 25.6013
95.6176 26.0914
97.1316 26.5332
93.2098 26.4219
96.2838 26.6962
97.1216 26.7434
96.7787 26.8328
96.1855 26.8525
92.1279 25.7946
93.7381 26.2241
97.2055 25.9
95.5208 26.3966
96.1592 26.3546
96.5153 26.2798
92.7887 26.2926
95.8915 26.0979
94.5187 27.0501
91.5051 26.9672
97.1815 26.406
92.5137 26.3465
90.1063 26.9653
92.3645 27.1849
96.8947 26.4245
96.7371 26.5299
96.662 26.7201
96.8074 26.0928
97.8711 26.266
94.5826 26.0864
94.699 26.2145
96.4031 25.9254
96.2325 25.2012
93.9203 26.4615
96.9422 26.9325
96.1781 26.6969
92.0155 27.1307
94.6169 26.3761
96.5374 26.0594
97.7053 26.1167
97.3421 26.3083
96.3408 26.3382
92.5417 27.0808
97.3031 26.5756
96.3657 26.8314
95.1852 26.1073
93.3158 26.8613
96.9123 26.2671
95.5557 25.8702
95.4018 26.33
93.9659 26.6418
93.7971 26.2638
95.3014 25.9261
95.3395 26.2824
94.4842 26.0005
95.3209 26.1426
95.7192 26.1621
97.2329 26.0071
98.8986 25.8737
94.5606 26.0128
94.3545 25.9758
90.4509 26.8516
95.7437 26.068
93.537 26.2286
96.083 26.4159
96.0604 26.3908
96.859 26.1549
101.043 26.4148
98.5056 26.4362
101.765 26.2678
99.2258 25.8594
99.014 25.9776
102.091 25.8138
100.816 25.7573
98.5665 25.7118
96.3199 25.5323
98.1849 26.4682
99.4328 26.0797
99.4627 26.2006
100.952 26.5325
100.796 26.7316
99.8234 26.0263
95.1835 26.4419
97.0863 26.6325
94.2822 26.7989
94.3664 26.3573
95.2962 26.1774
99.6926 25.8986
97.1412 25.9258
98.031 25.9688
100.261 26.2674
100.223 26.3014
98.9251 26.7517
99.5726 26.7735
101.128 27.031
101.128 26.5989
97.3847 27.0057
97.2948 26.4515
100.146 26.4751
99.399 26.2762
99.453 26.2367
96.6465 26.2638
96.8914 26.1617
96.8135 26.6087
94.2558 26.7336
96.9537 26.742
97.1649 26.0469
97.9386 26.2944
