163.929 19.7433
195.868 19.6858
203.254 19.5486
171.466 19.553
159.034 19.6776
192.929 19.6458
167.071 19.616
185.716 19.9156
185.716 19.7486
191.486 19.5991
186.389 19.6858
171.496 19.6932
161.741 20.0146
195.857 19.8748
169.98 19.729
169.98 19.7855
190.091 19.6836
177.744 19.7046
166.04 19.9595
166.04 19.8622
166.04 19.5567
164.962 19.6108
164.962 19.4907
180.687 19.8251
180.687 19.7159
170.403 19.7985
170.403 19.8211
170.403 19.8097
170.403 19.9105
170.403 19.5975
170.403 19.3856
176.995 19.3469
176.995 19.5571
167.497 19.8869
159.494 19.5527
173.918 20.0079
173.918 19.815
173.918 19.5545
185.55 19.7342
171.322 19.7752
142.874 19.7411
172.756 19.9639
167.284 19.6595
180.19 19.7945
175.704 19.3753
147.188 19.7308
147.188 19.6032
169.987 19.8462
175.583 19.5781
180.681 19.8565
180.681 19.7281
180.681 19.6188
158.392 19.5832
158.392 19.8651
158.392 19.5534
158.392 19.6887
158.392 19.669
167.011 19.7998
167.011 19.7026
167.011 19.7858
153.445 19.7392
153.445 19.854
178.723 19.9226
168.645 19.8749
186.513 19.5809
168.465 19.7423
168.465 19.7202
175.078 19.7595
178.467 19.7589
165.448 19.7592
165.448 19.5287
180.311 19.6933
151.771 19.6863
198.571 19.6369
198.571 19.3959
190.981 19.5738
193.78 19.9174
165.019 19.7332
165.019 19.7665
165.019 19.7039
188.588 19.5762
157.69 19.7625
146.971 19.9258
146.971 20.1321
134.923 19.8237
132.254 19.7246
132.254 19.6855
173.587 19.5896
173.587 19.7393
156.87 19.821
155.933 19.7428
165.429 19.9043
157.139 19.893
188.818 19.588
194.272 19.76
186.761 19.6059
159.593 19.5647
173.671 20.0804
165.624 19.5772
165.283 19.8845
197.976 19.7941
163.902 19.9601
179.84 19.7894
202.526 19.5112
183.301 19.5701
190.593 19.6667
165.172 19.6278
180.699 19.7178
172.602 19.6045
176.179 20.0271
168.577 19.699
168.577 19.6846
147.413 19.7511
153.467 19.8561
153.467 19.8131
153.467 19.4755
153.467 19.4256
153.467 19.7302
151.066 19.5751
151.066 19.5198
155.018 19.475
149.703 19.475
156.748 19.795
156.748 19.864
146.228 19.7279
149.016 19.6155
165.433 19.5385
165.433 19.4252
157.487 19.5309
176.819 19.5292
175.032 19.5045
175.032 19.6709
192.488 19.7148
167.555 19.7598
147.56 19.7383
164.711 19.6579
171.554 19.6907
186.328 19.7502
168.115 19.7511
177.674 19.8006
172.859 19.954
170.759 19.8257
175.313 19.7079
201.994 19.5398
203.851 19.6737
183.436 19.8367
173.29 19.5106
184.602 19.6718
175.317 19.9145
197.983 19.4594
189.477 19.6686
195.57 19.5776
204.642 19.3994
176.246 19.8148
179.416 19.7853
167.839 19.9176
164.297 19.8089
164.297 19.7934
155.935 19.6985
155.935 19.8096
157.773 19.8934
157.773 20.0061
155.178 19.7556
164.485 19.9374
169.229 20.004
158.651 19.6063
158.651 19.7029
176.209 19.7276
176.726 19.6445
176.726 19.7126
156.025 19.5296
146.277 19.3469
143.814 19.7667
143.814 19.6392
143.814 19.6266
147.784 19.7506
147.784 19.704
156.103 19.6392
156.103 19.8111
161.801 19.7915
161.801 19.7649
154.009 19.9546
154.009 19.9726
170.741 19.5626
169.449 19.4554
151.418 19.7498
151.418 19.5728
181.831 19.6815
182.155 19.5449
201.439 19.483
206.784 19.557
189.93 19.7207
176.918 19.6641
177.734 19.7223
169.699 19.853
170.514 19.8099
170.514 19.8559
176.565 19.7213
155.742 19.7726
161.347 19.8529
168.051 19.6474
168.051 19.7237
167.428 19.7228
167.428 19.7476
174.308 19.6676
176.926 19.5568
155.255 19.7968
191.932 19.6618
188.746 19.7361
196.774 19.6552
186.901 19.611
176.328 19.6917
197.607 19.8265
197.607 19.8025
180.791 19.6928
180.791 19.7383
192.595 19.4998
186.511 19.9799
168.064 19.7377
177.706 19.6285
174.776 19.6775
181.3 19.847
172.688 19.7133
172.688 19.5949
144.001 19.7264
163.05 19.9235
151.73 19.8335
165.671 19.8649
181.311 19.7851
157.979 19.611
167.229 19.9937
167.229 19.813
168.776 19.8348
197.067 19.7382
195.299 19.6771
195.299 19.4053
174.34 19.7974
172.502 19.5546
182.572 19.8588
194.137 19.6421
187.874 19.5755
171.385 19.8331
171.385 19.9597
184.928 19.4861
195.395 19.6567
190.766 19.6223
190.766 19.8751
201.232 19.6861
174.027 19.5975
185.72 19.4468
204.943 19.8943
175.762 19.7501
175.762 19.8676
190.865 19.7496
178.396 19.6498
175.246 19.5384
175.246 19.4096
175.246 19.6147
172.3 19.5611
172.3 19.799
162.493 19.7666
177.481 19.8214
180.448 19.6309
180.448 19.5789
171.945 19.5632
174.523 19.5632
174.523 19.6029
174.523 19.7144
165.811 19.7516
165.811 19.9309
143.073 19.9686
133.754 19.7653
133.754 19.7814
158.053 19.736
154.155 19.7798
154.155 19.7286
154.155 19.7246
162.025 19.7443
162.025 19.7724
161.553 19.5502
173.221 19.694
171.219 19.7485
150.036 19.4372
158.996 19.9414
167.383 19.5701
140.389 19.7776
155.089 19.5409
155.089 19.6697
175.888 19.9038
186.393 19.7379
185.302 19.713
179.737 19.714
213.092 19.7749
167.428 19.7446
162.883 19.5703
174.505 19.6246
158.074 19.7563
158.074 19.7441
172.579 19.6509
172.579 19.5501
172.579 19.8015
172.579 19.6111
172.579 19.7185
164.755 19.7909
158.86 19.8479
158.86 19.7392
182.004 19.78
166.565 19.7061
165.517 19.6668
168.062 19.6141
184.872 19.8802
183.854 19.7209
183.854 19.5542
205.318 19.7865
166.908 19.8777
190.83 19.6077
160.558 19.8426
157.076 19.937
159.508 19.651
159.508 19.555
160.391 19.7847
161.553 19.6889
194.605 19.6884
177.91 19.7433
177.91 19.7048
166.531 19.5403
188.119 19.6303
188.119 19.8978
188.119 19.6673
188.119 19.7502
193.178 19.7005
170.632 19.628
166.301 19.6486
160.538 19.8208
179.414 19.7971
174.984 19.5631
174.984 19.7206
165.043 19.8717
165.043 19.7087
165.043 19.5711
165.043 19.7925
147.874 19.5615
196.209 19.5037
189.182 19.788
178.258 19.6346
176.767 19.6108
182.177 19.6223
190.195 19.6939
170.618 19.3906
170.618 19.4231
187.596 19.5918
187.596 19.3741
187.596 19.5155
187.596 19.5972
176.026 19.7028
173.42 19.5956
166.709 19.9193
166.709 19.5998
180.499 19.6749
183.472 19.4676
202.897 19.5091
209.141 19.5513
200.557 19.7708
224.744 19.6413
190.178 19.9166
195.17 19.5482
171.833 19.5098
160.816 19.7431
161.722 19.7431
161.722 19.7086
174.8 19.5942
174.8 19.7603
157.055 19.5924
170.998 19.8867
174.518 19.7392
173.713 19.56
161.049 19.5135
160.793 19.4841
176.846 19.8958
161.96 19.4878
161.96 19.8748
161.96 19.5579
193.197 19.7355
205.416 19.4985
197.647 19.622
206.502 19.412
180.547 19.6446
173.867 19.7938
194.559 19.8483
194.082 19.7668
193.541 19.5498
175.325 19.5919
162.249 19.7862
170.579 19.974
170.579 19.8051
158.517 19.6644
169.674 19.6637
168.629 19.7501
160.788 19.7818
150.012 19.6204
172.514 19.8511
178.928 19.9897
178.928 19.6594
156.723 19.844
180.944 19.7271
180.944 19.9748
182.678 19.9253
174.569 19.5673
157.567 19.9542
157.567 19.8602
157.567 20.0019
157.567 19.7469
169.2 19.9448
183.988 19.4377
161.895 19.9775
167.498 19.7351
146.036 19.6384
171.345 19.7191
171.345 19.7109
162.267 20.0557
162.267 19.9112
162.267 19.8412
190.863 19.5974
181.492 19.9708
169.056 19.623
189.881 19.6396
189.881 19.6156
186.087 19.7686
171.095 19.5545
171.095 19.9827
171.095 19.6375
171.79 19.8514
171.79 19.7987
171.154 19.7926
171.154 19.8307
171.154 19.7633
171.154 19.6857
173.776 19.8056
173.776 19.7387
173.776 19.697
171.02 19.6311
203.924 19.9228
199.709 19.7733
199.709 19.9564
195.269 19.6953
203.187 19.6165
203.187 19.6303
207.884 19.9168
189.732 19.7914
189.732 19.6079
189.732 19.9134
175.835 19.5951
175.835 19.7624
185.165 19.9186
185.165 19.4608
190.535 19.6382
214.28 19.6023
214.28 19.5185
196.464 19.6436
170.312 19.6336
170.312 19.6115
178.769 19.9796
179.159 20.011
179.159 19.9472
164.591 19.8456
164.591 19.9285
161.338 19.6321
153.735 19.6762
162.428 19.694
167.13 19.8266
170.653 19.8096
191.491 19.8461
163.311 19.7094
161.761 19.6769
161.761 19.4604
161.761 19.517
170.209 19.7384
167.821 19.7246
186.373 19.6799
184.115 19.8991
184.115 19.8907
184.115 19.4881
197.561 19.7244
197.561 19.7282
182.781 19.7837
182.781 19.6695
169.082 19.757
171.806 19.7784
191.718 19.7397
191.718 19.7292
191.718 19.6141
186.292 19.885
203.335 19.7604
206.481 19.6431
204.465 19.9717
185.379 19.6649
171.454 19.7846
171.454 19.9035
171.454 19.5207
171.454 19.7424
165.709 19.763
165.709 19.7098
169.978 19.6919
169.579 19.7498
186.348 19.6222
186.348 19.8425
186.348 19.5092
189.962 19.6088
201.357 19.6457
177.597 19.6186
177.597 19.7674
155.627 19.6151
153.085 19.5641
161.764 19.7132
161.947 19.6527
161.947 19.6063
191.476 19.6906
163.181 19.7704
200.569 19.744
160.478 19.9627
183.654 19.5439
166.368 19.5689
162.697 19.5813
141.559 19.7971
158.436 19.5084
168.707 19.5948
161.224 19.5901
183.94 19.5968
183.94 19.8304
176.152 19.8205
187.16 19.4969
173.925 19.9153
185.543 19.761
179.544 19.6256
179.544 19.9487
174.025 19.6745
165.675 19.3022
163 19.6163
166.919 19.7773
166.919 19.7672
142.728 19.7461
142.728 19.6359
143.962 19.5793
161.268 19.7155
197.473 19.727
197.473 19.7523
210.46 19.5984
210.46 19.5252
194.644 19.7324
194.644 19.7162
194.644 19.8107
194.644 19.7104
194.644 19.3779
194.644 19.6356
178.395 19.4125
178.395 19.7886
178.395 19.8244
166.433 19.6669
166.433 19.7826
171.966 19.7653
171.966 19.7585
164.542 19.9896
172.936 19.992
168.543 20.0905
168.543 19.7198
178.148 19.717
178.148 19.8067
187.536 19.8231
163.703 19.8453
163.703 19.8372
190.307 19.5366
189.65 19.6098
185.501 19.4627
191.889 19.7139
194.63 19.776
194.63 19.7511
194.345 20.1326
183.325 19.9259
180.102 19.6784
180.102 19.8626
193.014 19.4544
194.142 19.68
158.26 19.9903
176.133 19.8124
167.362 19.7135
180.898 19.7399
167.626 19.542
178.319 19.6982
194.367 19.5375
194.367 19.536
194.367 19.6202
216.232 19.3466
183.526 19.7961
193.24 19.5899
176.644 19.5846
176.644 19.7366
166.538 19.7369
164.29 19.7837
164.29 19.7131
180.915 19.7113
180.915 19.6308
180.915 19.6287
180.915 19.9567
169.249 19.8165
169.249 19.8903
169.249 19.5931
168.472 19.7349
152.325 19.5257
195.202 19.7403
189.057 19.4633
189.057 19.4014
189.057 19.7928
189.057 19.7287
181.604 19.7441
181.604 19.5112
186.981 19.5112
173.789 19.7229
173.789 19.7864
168.095 19.8113
168.095 19.7131
168.095 19.7237
168.095 19.9141
180.278 19.6543
153.954 19.7747
153.954 19.7685
169.037 20.1392
169.037 19.9362
169.037 19.7245
184.649 19.679
162.815 19.698
193.387 19.7739
195.585 19.8136
183.946 19.9211
159.341 19.5486
185.596 19.7511
163.587 19.7045
163.587 19.6114
163.587 19.7285
168.324 19.5432
138.079 19.6628
163.684 20.0961
163.684 19.8616
163.684 19.8354
163.684 19.6833
171.802 19.7128
159.824 19.5129
154.507 19.8326
159.848 20.0788
148.728 19.818
185.825 19.6772
172.772 19.4889
172.772 19.5088
163.519 19.7051
180.117 19.9488
180.117 19.6394
169.363 19.7367
186.16 19.886
167.316 19.4246
167.316 19.8859
175.078 19.5329
175.078 19.8641
175.078 19.7288
192.621 19.2949
177.072 19.7056
177.072 19.6836
143.383 19.784
143.383 19.608
153.31 19.5572
153.31 19.8327
153.31 19.6354
153.31 19.7127
163.374 19.8099
150.624 19.8918
159.854 19.6245
163.8 19.6652
136.594 19.9089
136.594 19.6172
175.035 19.8844
175.035 19.8953
175.035 19.9323
182.21 19.5914
186.736 19.5914
186.736 19.5351
186.736 19.8341
185.568 19.5887
195.199 19.8669
173.887 19.8092
173.887 19.7875
197.078 19.7923
191.14 19.7756
179.995 19.7087
168.285 19.8815
185.411 19.8026
204.851 19.685
179.194 19.7657
179.194 19.8752
161.092 19.9019
134.651 19.8373
134.651 19.7478
121.012 19.9054
161.1 19.6596
158.344 19.6318
158.344 19.7118
158.344 20.1088
171.121 19.8433
160.134 19.4151
172.76 19.4214
172.76 19.9824
172.76 19.6776
172.76 19.6093
172.76 19.8699
163.441 19.8514
163.441 19.8206
163.441 19.7746
163.441 19.6086
177.205 19.6871
177.205 19.4735
164.597 19.6936
164.597 19.7104
164.597 19.6631
164.597 19.716
164.597 19.8038
164.597 19.5949
164.597 19.8437
166.257 19.7396
166.257 19.6263
168.343 19.5643
168.343 19.61
168.343 19.5199
161.555 19.841
161.555 19.8519
161.555 19.6161
168.639 19.4932
168.639 19.9082
168.466 19.8674
165.963 19.796
165.963 19.6754
171.752 19.864
166.317 19.7203
166.317 19.8409
166.317 19.8645
194.62 19.5352
188.086 19.5824
172.801 19.6215
177.488 19.7148
177.488 19.4676
182.919 19.871
182.919 19.8204
183.539 19.7648
169.263 19.7497
183.764 19.6566
160.662 19.7847
185.835 19.783
163.222 20.0618
185.966 19.7887
183.079 19.6186
185.943 19.8929
185.118 19.6129
162.693 19.6304
161.349 19.7748
180.713 19.7421
231.22 19.6785
206.021 19.7423
190.133 19.9328
174.811 19.8459
185.374 19.7218
160.771 19.7761
171.07 19.6434
168.59 19.7299
172.114 19.8765
186.632 19.6875
182.748 19.6963
180.18 19.5975
181.38 19.7369
185.296 19.9248
185.296 19.8477
189.928 19.4885
189.928 19.8187
169.52 19.7885
169.52 19.8382
169.52 19.8767
215.446 19.7001
188.458 19.7905
170.979 19.8221
171.717 19.8339
172.772 19.8226
146.604 19.8083
172.7 19.5084
165.052 19.8195
165.052 19.7332
182.892 19.6211
154.358 19.8553
154.358 19.7597
154.358 19.6858
147.328 19.608
147.328 19.4727
155.362 19.67
178.315 19.8291
165.895 19.9068
174.6 19.9755
161.26 19.4367
149.12 19.6353
170.804 19.4032
177.209 19.5922
177.209 19.7311
177.209 19.6974
174.033 19.5572
166.741 19.6471
178.573 19.5823
160.582 19.6627
160.582 19.8889
166.412 19.7274
191.607 19.7537
191.607 19.6
191.607 19.7742
207.376 19.7304
199.976 19.81
198.046 19.8234
207.784 19.7899
207.784 19.678
207.784 19.6577
207.784 19.6528
191.485 19.537
188.328 19.5882
183.166 19.6943
183.166 19.6443
173.777 19.7591
173.777 19.8178
172.215 19.8836
172.215 19.663
171.885 19.5234
185.343 19.6483
196.986 19.8132
198.751 19.5777
201.139 19.6618
198.917 19.6404
190.363 19.4849
184.091 19.8485
189.169 19.7757
186.482 19.7268
163.746 19.6732
174.388 19.6322
166.997 19.5633
170.222 19.9471
155.225 19.4198
177.734 19.5687
170.167 19.5608
170.167 19.5744
178.615 19.5957
180.551 19.5443
180.551 19.5031
180.551 19.6919
181.877 19.8699
181.877 19.7228
135.947 19.621
146.198 19.5812
146.02 19.5313
151.162 19.6097
163.117 19.7035
143.553 19.683
154.958 19.7882
153.663 19.5592
153.663 19.6186
153.663 19.8818
168.677 19.8028
167.779 19.6762
202.821 19.6612
202.821 19.6229
196.448 19.6364
184.792 19.6642
184.792 19.6154
154.537 19.4648
154.537 19.7679
172.356 19.6164
172.356 19.7691
178.945 19.8412
193.064 19.728
182.84 19.8007
182.84 19.7616
179.263 20.1501
185.139 19.5949
174.99 19.7953
184.745 19.6793
198.256 19.6994
198.256 19.6978
184.89 19.7458
175.188 19.7203
175.188 19.7013
181.903 20.1075
181.903 19.8186
180.279 19.7997
173.803 19.6997
173.803 19.8325
161.065 20.0846
178.06 19.8719
182.323 19.5373
183.967 19.3837
160.338 19.5681
150.087 19.8141
158.527 19.6825
177.041 19.6125
168.954 19.7319
196.788 19.6217
198.896 19.6781
170.819 19.7022
174.208 19.7024
174.208 19.7039
178.249 19.7513
166.423 19.5015
166.423 19.6158
177.63 19.8716
134.719 19.835
147.635 19.7404
169.5 19.7201
169.5 19.9723
169.5 20.0392
159.556 19.7784
170.793 19.9823
165.839 19.6694
158.912 19.4226
158.912 19.542
166.558 19.887
154.568 19.6022
166.875 19.6182
157.092 19.8594
157.092 19.8555
188.575 19.4944
187.94 19.666
180.426 19.5237
174.671 19.6953
174.671 19.5405
174.671 19.7927
195.699 19.4899
191.604 19.6972
167.882 19.6897
167.882 19.6221
178.083 19.6221
183.349 19.4236
190.407 19.4093
185.735 19.8682
185.735 19.8581
185.735 19.4923
193.101 19.6245
201.866 19.9862
192.834 19.7956
162.318 19.7997
170.601 19.9515
170.601 19.927
170.601 19.5784
168.419 19.5551
166.923 19.8419
177.26 19.8326
165.026 19.7587
158.059 19.9282
158.059 19.8632
160.993 20.0824
159.063 19.5313
164.429 19.8402
171.227 19.6469
162.381 19.6253
155.264 19.5869
157.319 19.8418
157.319 19.6975
168.861 19.6005
171.165 19.555
178.341 19.9721
168.948 19.4982
167.727 19.6338
153.085 19.6734
167.53 19.3853
163.922 19.6736
174.764 19.9064
183.669 19.5508
196.814 19.802
162.674 19.6544
162.674 19.8885
162.674 19.9342
190.015 19.6551
190.015 19.7872
170.669 19.6399
170.669 19.6725
170.669 20.1356
170.669 19.8726
170.669 19.8739
170.669 19.6833
148.313 19.6727
166.347 19.7783
180.53 19.6201
194.659 20.1272
179.673 19.6964
171.471 19.7861
171.029 19.618
171.029 19.4513
171.029 19.3939
171.029 19.8539
189.67 19.6496
189.67 19.7884
194.027 19.5543
185.652 19.4735
192.601 20.0451
178.974 19.6743
178.974 19.5698
178.251 19.6506
160.74 19.8046
182.812 19.8603
188.682 19.4974
180.815 19.4771
180.815 19.5063
171.622 19.7769
155.504 19.6768
155.504 19.7045
155.504 19.492
155.504 19.6481
164.534 19.7648
164.534 19.5459
164.534 19.475
157.53 19.9073
157.53 19.6331
168.768 19.7553
166.943 19.6856
159.607 19.7805
176.554 19.8048
182.882 19.7646
175.329 19.8301
175.329 19.7857
174.326 19.5244
149.664 19.7539
149.664 19.6857
174.74 19.5185
176.017 19.6641
184.152 19.6775
187.767 19.558
168.756 19.4849
183.831 19.4901
183.831 19.7389
189.687 19.5614
172.462 19.5603
172.462 19.563
172.462 19.797
154.864 19.912
154.864 19.7368
154.864 19.5442
166.324 19.664
185.967 19.7322
185.967 19.551
182.172 19.7822
161.234 19.7046
170.488 19.7955
159.901 19.7613
188.612 19.799
178.231 19.674
184.585 19.8302
184.585 19.5744
171.086 19.7069
166.187 19.6864
157.609 19.6671
157.609 19.8857
169.935 19.674
169.935 19.7181
164.616 19.8215
167.86 19.5036
167.86 19.8108
204.753 19.85
185.747 19.7864
169.394 19.8962
169.394 19.6692
164.527 19.6506
161.437 19.7266
156.958 19.6408
151.414 19.7025
151.414 19.7234
153.667 19.6107
153.667 19.3767
153.667 19.3996
178.388 19.495
175.932 19.4638
155.858 19.5159
155.858 19.4772
165.989 19.8417
183.75 19.8297
185.134 19.9008
194.855 19.8627
194.855 19.8293
184.474 19.8001
162.318 19.7059
178.931 19.7444
187.341 20.0644
187.341 19.7958
198.861 19.4323
198.861 19.6777
196.783 19.7657
171.12 19.6563
215.289 19.6136
186.44 19.5405
177.578 19.7336
215.518 19.7591
215.518 19.6745
190.563 19.6887
175.398 19.4543
175.398 19.9985
169.623 19.734
163.913 19.4987
149.792 19.8082
149.984 19.9024
169.333 19.7336
152.1 19.59
180.96 19.5984
176.33 19.756
179.987 19.6033
189.682 19.4779
188.8 19.5762
168.621 19.5749
174.741 19.6849
174.741 19.6072
187.3 19.784
175.323 19.6085
172.112 19.805
172.112 19.6114
169.461 19.7894
169.461 19.8311
183.925 19.7882
169.364 19.7085
176.902 19.6384
176.902 19.6566
176.902 19.6714
179.754 19.7128
195.796 19.7452
195.796 19.7894
168.26 19.3546
167.886 19.7022
184.513 19.5582
186.172 19.6668
181.859 19.7299
181.859 19.7368
173.377 19.7386
177.063 19.7338
179.533 19.7294
205.571 19.6261
205.571 19.7967
176.035 19.7561
176.035 19.5114
176.035 19.497
167.592 19.7599
173.895 19.7698
172.715 19.5862
186.959 19.8299
190.413 19.8149
187.93 19.682
187.93 19.4962
179.553 19.485
189.28 19.607
189.28 19.8553
179.444 19.7142
179.444 19.7929
179.444 19.7503
177.366 19.7327
170.879 19.6941
170.879 19.7099
158.73 19.6864
146.113 19.5327
159.818 19.8252
184.121 19.7405
183.132 19.704
183.132 19.5725
183.132 19.5544
175.438 19.8767
173.546 19.9514
159.786 19.7311
159.786 19.7316
165.361 20.0277
164.431 19.7498
164.431 19.6781
165.716 19.8412
155.054 19.6879
155.054 19.7424
155.054 19.684
155.054 19.8915
156.638 19.8374
158.751 20.062
158.751 19.7603
166.442 20.0263
148.871 19.5999
188.51 19.6753
170.387 19.7142
175.705 19.468
162.172 19.5178
179.491 19.5851
163.541 19.632
163.541 19.5432
177.776 19.6286
163.676 19.578
163.676 19.7087
168.169 19.9656
180.593 19.7762
170.476 19.7087
168.119 19.6078
178.383 19.5611
160.973 19.6476
198.951 19.7073
195.735 19.6681
197.067 19.5579
197.688 19.5802
175.441 19.4368
196.676 19.4968
183.507 19.6555
190.592 19.6887
176.488 19.6781
168.863 19.8248
173.152 19.4293
169.584 19.8835
169.584 19.6747
170.314 19.8405
170.314 19.9729
170.834 19.6615
181.172 19.6299
176.83 19.6022
176.533 19.8342
157.049 19.8342
157.049 19.8931
185.121 19.9852
185.121 19.6654
182.464 20.0288
182.464 19.8947
188.833 19.9025
188.528 19.9461
188.528 19.8192
173.374 19.9566
173.374 19.882
172.623 19.6783
172.623 19.7502
198.814 19.7075
198.814 19.5248
197.382 19.944
162.505 19.7271
178.887 19.8553
172.947 19.8813
180.532 19.6959
180.532 19.4972
177.029 20.0008
177.029 19.6522
184.977 19.4879
171.378 19.767
171.378 19.8809
185.415 19.5309
157.332 19.4896
157.332 19.5971
157.332 19.8391
157.332 19.5523
157.332 19.7065
163.009 19.7597
163.009 19.5351
144.818 19.978
172.702 19.8264
175.701 19.5998
175.701 19.6069
170.416 19.6826
154.644 19.7955
161.58 19.8023
160.717 19.8053
160.717 19.8052
160.717 19.734
190.219 19.6873
147.529 19.7577
143.689 19.6985
156.165 19.7409
156.165 19.7716
156.165 19.5262
176.682 19.6421
176.682 19.9578
161.621 19.7488
165.297 19.4514
165.297 19.4922
165.297 19.8513
207.926 19.9541
207.926 19.9373
192.504 19.6732
198.422 19.6172
181.49 19.6974
150.135 19.7613
164.441 19.6591
179.889 19.7351
179.335 19.6581
181.219 19.9929
182.474 19.4362
166.296 19.6297
163.613 19.8366
178.944 19.8373
177.082 19.8496
207.357 19.8418
183.9 19.8334
162.692 19.8081
164.298 19.7297
164.298 19.7663
168.599 19.7881
177.226 19.7443
169.01 19.7409
161.036 19.8481
164.221 19.6963
154.785 19.7955
154.785 19.6839
168.51 19.7982
171.64 19.9251
170.186 20.0347
179.998 19.8807
176.958 20.0353
172.521 19.4209
156.966 19.7347
181.155 19.5693
195.915 19.7887
199.649 19.5096
167.295 19.6087
181.556 19.561
184.209 19.5383
182.827 19.8524
197.69 19.6632
209.022 19.7569
202.32 19.6556
204.759 19.9774
176.879 19.7309
176.879 19.7332
176.879 19.7262
217.412 19.9553
179.486 19.6224
188.411 19.6854
182.98 19.5875
210.158 19.6424
174.765 19.6603
181.965 19.7678
211.536 19.675
177.719 19.6349
177.719 19.5996
183.782 20.1644
178.642 19.6291
184.812 19.5291
188.707 19.6594
175.571 19.7075
176.166 19.669
192.014 19.6007
177.548 19.6687
192.279 19.6299
198.987 19.4881
188.634 19.5713
167.691 19.6772
167.691 19.3415
168.381 19.7012
156.549 19.8419
168.831 19.6443
141.133 19.6765
156.041 19.6861
155.972 19.5647
155.972 19.8305
155.099 19.5519
155.099 19.7914
176.946 19.7514
176.946 19.6839
176.653 19.5632
196.039 19.7245
192.733 19.4903
193.781 19.7593
178.044 19.911
168.797 19.8013
182.699 19.753
182.699 19.7139
196.229 19.7828
168.975 19.6448
203.788 19.6101
203.788 19.7069
198.881 19.7338
187.812 19.5582
187.812 19.5588
172.859 19.9283
174.755 19.7517
175.481 19.6708
175.481 19.9467
159.894 19.7573
160.333 19.8513
170.299 19.6595
170.299 19.6622
170.299 19.7684
163.916 19.6422
170.303 19.7735
195.172 19.4601
186.129 19.8168
181.744 19.7603
183.345 19.8589
183.345 19.675
183.345 19.9994
167.688 19.9574
167.688 19.7129
167.688 19.6874
167.688 19.7419
173.16 19.5425
176.588 19.7973
186.019 19.8813
186.019 19.848
186.019 19.7673
186.019 19.849
169.907 19.6006
152.751 19.5874
152.751 19.5579
171.303 19.6955
171.303 19.6962
173.044 19.4384
173.044 19.6999
173.044 19.7362
173.044 19.706
187.156 19.6895
165.974 19.799
165.974 19.8457
165.974 19.5021
160.524 19.5938
162.159 19.8234
164.092 19.8459
169.804 19.6018
181.282 19.6319
159.791 19.8646
190.345 19.6765
190.345 19.7924
165.163 19.6227
198.195 19.6891
150.645 19.6898
150.645 19.6854
150.645 19.6695
151.548 19.5976
178.287 19.9879
178.287 19.9228
186.998 19.6257
176.582 19.782
160.224 19.7271
160.224 19.7851
153.998 19.6593
156.683 19.5317
156.683 19.3351
160.426 19.9268
172.472 19.9132
172.472 19.527
184.382 19.6174
171.038 19.8988
190.63 19.7895
195.564 19.7529
195.564 19.7189
195.564 19.9822
195.564 19.9555
180.032 19.3941
180.032 19.7601
195.78 19.5642
174.194 19.5486
181.095 19.6109
151.339 19.8884
151.339 19.773
156.18 19.6432
159.122 19.9441
160.036 20.0865
149.605 19.8022
149.605 19.6991
171.404 19.4778
180.073 19.8485
156.604 19.8141
166.313 19.7282
166.805 19.4877
194.373 19.8898
166.847 19.6974
147.104 19.7282
151.538 19.7224
166.944 19.3747
179.242 19.645
179.242 19.5208
179.242 19.574
179.242 19.4482
179.242 19.5696
179.242 19.5886
176.375 19.5508
174.597 19.4821
174.597 20.026
174.597 19.5384
174.597 19.607
172.319 19.7338
191.81 19.8395
191.81 19.8261
200.364 19.8308
145.88 19.5993
145.88 19.7286
153.33 19.8497
154.745 19.9072
157.891 20.0456
157.891 19.6343
176.732 19.6705
182.309 19.5151
154.105 19.4394
154.105 19.9167
154.105 19.6226
154.105 20.1576
180.484 19.8
182.915 19.765
184.545 19.7789
184.545 19.7309
177.873 19.7112
204.337 19.6509
164.026 19.7415
162.369 19.7095
162.369 19.7603
145.872 19.6875
145.872 19.5853
166.165 19.6736
177.305 19.3719
177.305 19.7152
177.305 19.9684
177.305 19.9391
177.305 19.7493
189.821 19.773
158.82 19.679
158.82 19.9225
177.666 19.8196
177.666 19.8686
145.863 19.6873
153.173 19.8205
140.239 19.8247
150.534 19.7147
187.518 19.6501
191.058 19.8265
176.382 19.9115
164.114 19.8706
171.816 19.7227
171.816 19.6833
157.616 19.9616
157.616 19.539
160.232 19.442
160.232 19.7137
160.232 19.7212
182.587 19.7553
172.95 19.4662
160.25 19.4203
193.078 20.1339
193.056 20.0749
181.963 19.807
181.963 19.5496
193.321 19.7014
179.217 19.6842
179.217 19.6842
179.217 19.6829
156.227 19.8457
162.34 19.7444
176.463 19.9462
157.498 19.841
184.97 19.8336
184.97 19.5055
184.97 19.6308
200.846 19.6286
185.983 19.6973
178.405 19.9579
174.958 20.0276
174.958 19.8332
174.958 19.5596
185.156 19.6801
185.156 19.735
161.317 19.74
172.995 19.6596
200.386 19.5821
200.386 19.461
174.388 19.5941
176.621 19.8613
176.621 19.4949
176.621 19.6098
180.075 19.5779
155.859 19.594
155.859 19.565
132.342 19.7851
132.342 19.8372
161.269 19.8349
161.269 19.4762
161.269 19.8148
161.269 19.8137
166.887 19.8062
182.25 19.7176
187.062 19.5737
187.062 19.4788
187.062 19.5818
187.062 19.6701
185.885 19.1578
191.269 19.7016
185.394 19.7184
160.863 19.7312
174.523 19.7733
174.523 19.8435
174.523 20.07
197.738 19.7747
166.549 19.6782
161.418 19.588
161.418 19.5719
194.183 19.7611
194.183 19.5307
175.233 20.0219
175.233 19.9603
187.981 19.8664
176.194 19.792
171.252 19.6709
189.236 19.8251
187.767 19.8264
171.513 19.8245
177.83 19.6658
163.292 19.6985
194.881 19.7404
171.587 19.9482
185.315 19.8457
171.147 19.5454
164.527 19.7181
168.019 19.6597
171.077 19.6605
186.463 19.6578
158.522 19.6569
184.491 19.9238
174.625 19.3812
178.631 19.5112
178.631 19.3434
178.631 19.5731
174.264 19.6484
158.565 19.7294
175.711 19.8212
174.874 19.9167
157.465 19.7751
188.459 19.7751
179.938 19.8237
178.291 19.7563
180.427 19.837
159.023 19.7634
150.789 19.7828
150.789 20.046
184.993 19.6982
184.993 19.5701
184.993 19.6023
192.354 19.547
189.125 19.5862
189.125 19.6452
189.125 19.6306
166.468 19.6762
166.468 19.7467
166.468 19.6945
166.468 19.8037
186.65 19.729
184.187 19.7154
178.76 19.5761
172.669 19.5536
169.237 19.6898
158.948 19.6339
150.568 20.0166
150.568 19.7286
150.568 19.8454
147.273 19.8321
176.141 19.7068
174.38 19.3666
166.646 19.7264
166.646 19.7324
161.885 19.7254
161.885 19.7207
153.953 19.7284
165.401 19.4202
180.532 19.6289
160.935 19.6647
175.069 19.653
190.539 19.6553
200.648 19.5847
182.348 19.5556
202.86 19.5453
185.581 19.8093
198.915 19.8284
151.422 19.7989
179.107 19.5922
169.569 19.5093
169.569 19.4588
176.241 19.6643
176.241 19.5732
176.241 19.9562
181.851 19.8966
186.07 19.9403
205.965 19.8669
205.965 19.8669
187.892 19.8371
187.892 19.7531
162.747 19.7935
170.599 19.605
170.599 19.5371
170.599 19.7436
170.599 19.858
184.907 19.6792
184.907 19.7066
161.577 19.7874
177.633 19.8299
170.954 19.6301
183.26 19.9191
171.984 19.9949
171.984 19.6189
158.658 19.7191
158.658 19.5165
165.148 19.6807
165.148 19.5874
135.908 19.7849
167.117 19.7742
165.481 19.6682
151.176 19.6352
132.068 19.8546
132.068 19.926
162.779 19.5404
153.297 19.5383
162.9 19.6179
162.9 19.6552
162.9 20.1126
186.415 19.4971
184.575 19.4346
178.116 19.8573
178.116 19.666
190.582 19.6754
190.916 19.674
141.087 19.5604
184.682 19.6537
201.201 19.5337
166.916 19.8507
153.522 19.6198
171.285 19.7406
169.007 19.6217
169.007 19.5922
130.383 19.7536
143.344 19.8759
136.282 19.7586
159.381 19.7896
153.778 19.7048
172.525 19.6072
175.621 19.6727
175.621 20.0184
186.136 20.0396
164.45 19.8925
164.45 19.4701
167.979 19.5378
167.979 19.5773
184.967 19.8743
173.99 19.5941
176.466 19.5626
179.417 19.5815
175.708 19.6297
170.061 20.0196
176.335 19.9268
185.998 19.5723
191.932 19.5373
191.932 20.0221
191.932 19.8825
205.289 19.9171
203.2 19.7382
203.2 19.4263
203.2 19.5168
161.14 19.6441
148.528 19.9439
178.055 19.5098
162.557 19.5355
172.93 19.4919
166.214 19.9778
166.214 19.9456
166.214 19.788
169.729 19.4733
152.841 19.6966
152.841 19.6475
138.741 19.8093
165.682 19.7479
149.09 19.7439
168.723 19.6882
152.602 19.6758
139.656 19.6849
153.921 19.8119
168.983 19.8651
179.351 19.5536
179.351 19.519
172.787 19.723
174.22 19.7388
174.22 19.6945
174.22 19.6133
189.955 19.8634
189.955 19.878
181.577 19.8611
181.577 19.8934
183.576 19.9622
183.576 19.8909
186.976 19.7018
186.976 19.6672
189.589 19.8996
201.996 19.6065
166.497 19.4976
194.753 19.5438
195.739 19.6203
183.449 19.548
173.738 19.4961
197.445 19.8265
197.445 19.9228
202.29 20.1208
202.29 19.9533
200.42 19.8491
189.905 19.866
189.905 19.7815
164.422 19.9367
150.376 19.8631
158.869 19.5212
164.832 19.7153
199.729 20.0371
185.655 19.8026
185.655 19.7838
185.655 19.7223
195.645 19.771
180.043 19.9203
189.34 19.5931
179.766 19.817
162.051 19.9764
164.353 20.1186
152.827 19.8771
152.827 19.907
164.97 19.759
151.147 19.8302
151.147 19.9375
167.904 19.7149
162.261 19.6006
146.167 19.9449
196.851 19.9443
189.824 19.8184
172.322 19.574
172.322 19.7571
172.322 19.6802
167.663 19.6584
175.708 19.596
163.266 19.6645
163.266 19.8629
163.266 19.7374
154.352 19.5251
196.748 19.4481
196.748 19.7202
196.729 19.6243
194.2 19.5568
194.2 19.8091
179.859 19.8214
167.996 19.8592
188.21 19.7747
182.037 19.938
177.128 19.7945
188.213 19.8226
188.213 19.785
203.32 19.5375
175.756 19.8673
161.166 19.6269
198.455 19.4095
176.646 19.5428
169.348 19.879
169.348 19.7692
169.348 19.7914
168.612 19.8673
160.484 20.0005
160.484 20.0006
160.005 19.848
167.044 19.6314
183.15 19.62
201.277 19.6546
191.706 19.6333
197.659 19.547
196.856 19.5405
182.298 19.5106
158.266 19.8277
177.144 19.8085
179.361 19.5584
165.506 19.7871
158.906 19.667
158.906 19.7623
168.577 19.8627
175.155 19.9104
181.358 19.7792
160.439 20.021
153.456 19.9742
161.693 19.8516
161.693 19.6417
161.693 19.5873
186.016 19.8688
181.173 19.8046
192.884 19.7855
167.039 19.7721
167.039 19.7342
167.039 19.5858
190.609 19.8611
190.609 19.849
190.609 19.5371
197.919 19.6541
190.831 19.6684
190.831 19.5506
179.871 20.0798
168.347 20.0235
168.347 19.7537
162.91 19.8205
172.859 19.8762
172.859 19.8344
172.859 19.505
172.859 19.5643
183.344 19.5852
165.097 19.5823
173.49 19.5783
166.095 19.5635
172.265 19.5782
149.884 19.8124
132.075 19.3676
132.075 19.9883
170.657 19.8425
154.565 19.8028
161.344 19.7217
165.589 19.7709
165.589 19.7247
179.615 19.6333
180.041 19.8082
195.929 19.9494
200.824 19.7098
168.272 19.6519
151.851 19.7024
151.851 19.7289
151.851 19.6528
173.754 19.6397
178.134 19.8342
178.134 19.6196
190.427 19.5633
180.922 19.675
170.249 19.6951
184.43 19.5542
184.43 19.6128
171.702 19.6697
171.702 19.2714
171.702 19.9852
172.702 19.5988
172.702 19.5893
175.206 19.8154
208.159 19.7074
174.544 19.8446
181.662 19.874
181.662 19.7327
181.662 19.6129
171.238 19.647
171.238 19.6745
158.721 19.6495
158.721 19.848
154.576 19.6664
167.084 19.6305
171.104 19.6703
171.104 19.6289
171.104 19.735
159.381 19.7185
143.297 19.7695
162.045 19.5574
162.045 19.5841
162.045 19.7124
162.045 19.4203
181.492 19.414
191.582 19.6224
191.25 19.7478
180.097 20.0693
175.694 19.5473
170.569 19.7722
170.569 19.6453
168.507 19.9674
184.876 19.6417
178.399 19.5379
178.399 19.6545
178.399 19.8145
180.175 19.3332
175.71 19.6956
185.156 19.5471
175.942 19.7717
209.752 19.6953
190.657 19.8548
190.657 19.8037
170.299 19.5483
158.797 19.9154
162.362 19.7948
177.683 19.468
182.487 19.753
194.33 19.6366
186.818 19.7448
193.052 19.346
156.811 19.9241
158.073 19.6775
158.073 19.8498
152.836 19.5934
154.188 19.7022
154.188 19.785
141.935 19.5684
141.935 19.9024
143.256 20.1996
175.677 19.6613
149.751 19.5556
137.945 19.6234
152.824 19.5896
163.233 19.8375
142.875 19.5836
170.928 19.6775
175.672 19.6884
182.787 19.6793
171.894 19.7425
169.957 19.7965
188.645 19.56
195.226 19.9322
180.091 19.678
169.378 20.0003
169.378 19.757
169.383 19.6752
169.383 19.8629
173.273 19.966
173.273 19.6531
200.142 19.9997
196.465 19.3686
168.88 19.487
168.88 19.5738
168.88 19.7241
160.624 19.7148
179.915 19.6322
179.915 19.6279
185.157 19.6215
169.43 19.6455
169.43 19.75
169.43 19.753
157.507 19.4783
165.32 19.9077
174.122 19.7806
178.89 19.7408
185.925 19.9314
171.679 19.3917
171.679 19.3312
171.679 19.8173
178.718 19.8736
178.718 19.7657
170.436 19.6573
179.178 20.041
186.871 19.6355
167.07 19.4823
171.847 19.9163
189.152 19.6499
172.309 19.6664
172.309 19.7923
154.32 19.786
154.32 19.8502
154.068 19.7454
154.068 19.7703
132.918 19.367
132.918 20.0305
154.361 19.676
168.435 19.7205
171.25 19.6412
171.25 19.8097
162.225 19.6624
153.149 19.6413
163.954 19.7217
163.954 19.5629
163.954 19.5748
163.954 19.5598
138.113 19.4468
141.055 19.4187
148.359 19.945
155.861 19.4699
163.371 19.6661
199.951 19.7482
190.128 19.7287
208.433 19.9677
171.56 19.4999
171.56 19.5991
163.119 19.6355
145.174 19.8299
145.174 19.7986
133.989 20.123
133.989 19.6885
128.028 19.6007
128.028 19.7884
128.028 19.7008
142.549 19.7304
142.549 19.7312
166.043 19.814
170.139 19.7227
170.139 19.6367
170.139 19.6489
175.084 19.6341
175.084 19.6724
187.34 19.6574
187.34 19.4873
171.935 19.9222
122.918 19.7324
178.057 19.7071
163.083 19.5585
173.43 19.7656
173.43 19.935
173.43 19.8219
179.337 19.6698
216.033 19.3557
179.993 19.513
179.993 19.6859
179.993 19.7392
186.94 19.5479
186.94 19.4169
180.978 19.707
180.978 19.6087
176.506 19.9858
176.506 19.769
176.506 19.6236
176.506 19.6834
165.475 19.6359
165.475 19.6196
191.634 19.6277
191.634 19.7238
169.647 19.7328
176.267 19.5755
158.85 19.7909
158.85 19.6629
158.85 19.6192
160.012 19.6859
160.012 19.8326
172.88 19.7195
172.88 19.7281
167.764 19.8766
167.764 19.4824
199.214 19.7172
186.457 19.74
176.417 19.7297
184.78 19.7221
173.653 19.7543
173.653 19.7537
173.653 19.6709
157.761 19.716
157.761 19.815
167.576 19.6431
167.576 19.6881
167.576 19.6277
167.576 19.58
185.319 19.4477
165.878 19.6077
165.878 19.7235
190.18 19.6534
177.935 19.6252
179.999 19.7238
190.986 19.6589
190.986 19.8904
165.862 19.3472
165.862 19.8971
169.325 19.6468
169.325 19.7427
169.325 19.6386
169.325 19.5644
171.828 19.5795
171.828 19.6269
171.828 19.781
159.432 19.661
159.432 19.8334
172.165 19.7198
172.165 19.8606
172.165 19.4805
172.165 19.8502
156.38 19.8719
156.38 19.6968
156.38 19.6733
156.38 19.7048
156.38 19.6183
167.173 19.751
182 19.5945
179.086 19.7709
195.652 19.7751
195.652 19.7314
195.652 19.8228
195.652 19.7252
171.237 19.464
183.735 19.4651
183.735 19.8743
172.93 19.7703
182.536 19.6203
182.536 20.0074
182.536 19.8799
218.246 19.5524
202.87 19.7532
159.846 19.7367
155.877 19.6961
144.455 19.9289
137.876 19.785
154.62 19.8806
154.62 19.9027
154.62 19.6267
154.62 19.7101
154.62 19.6634
153.358 19.5789
166.049 19.4444
166.049 19.5287
166.049 19.9531
166.049 20.017
159.64 19.3857
166.683 19.9276
166.528 19.8907
192.437 19.8627
171.666 19.8326
166.984 19.9504
184.9 20.1346
184.453 19.7463
150.056 19.6031
195.21 19.7636
164.396 19.5195
164.396 19.7294
149.866 19.8196
149.866 19.8177
162.845 20.052
158.79 19.9997
173.758 19.7307
185.497 19.829
196.736 19.4029
167.184 20.019
165.726 19.6374
167.64 19.9894
167.64 19.5787
179.786 19.6718
193.098 19.7237
185.373 19.4809
178.008 19.7313
178.008 19.7888
146.42 19.7415
149.572 19.4472
162.194 19.7269
183.04 19.5537
173.221 19.3762
166.689 19.8208
173.44 19.8055
163.014 19.8476
182.065 19.9402
152.458 19.9459
152.458 19.7564
163.984 20.0362
165.88 19.4412
173.292 19.7612
173.292 19.7142
159.935 19.9259
173.231 19.6913
193.109 19.6911
172.544 19.6497
197.926 19.7003
180.239 19.672
185.758 19.8953
165.35 19.529
182.654 19.6487
190.163 19.7145
189.441 19.6409
185.467 19.469
167.582 19.6583
170.022 19.6094
150.832 19.6421
144.699 19.6271
144.482 19.5116
144.33 19.6667
168.005 19.6532
168.005 19.6678
161.863 19.6909
161.863 19.925
176.679 19.7628
173.302 19.874
198.958 19.893
167.965 20.0369
179.149 19.7279
202.13 19.7971
202.13 19.5802
201.368 19.6784
201.368 20.1769
148.86 19.913
148.86 19.6877
174.697 19.5192
139.298 19.8275
163.743 19.9236
163.743 19.3423
188.647 19.9016
188.647 19.7512
176.45 19.8531
200.976 19.9799
189.439 19.6912
186.42 19.5106
186.42 19.7433
186.42 19.8983
183.67 19.814
184.721 19.6723
163.012 19.6723
141.919 19.6015
179.59 19.6764
179.59 19.7054
179.59 19.7418
179.59 19.8895
183.229 19.5702
166.28 19.7468
180.681 19.7588
180.681 19.6714
178.141 19.9036
178.141 19.7077
182.539 19.7077
190.523 19.3986
165.833 19.7151
165.833 19.7464
165.833 19.9364
165.833 19.9364
165.833 19.804
165.833 19.8199
165.833 19.7171
152.341 19.8934
155.144 19.6719
161.206 19.7941
173.355 19.7454
177.839 19.7342
173.785 19.8967
167.306 19.7797
137.857 19.7488
167.273 19.5168
185.192 19.5168
182.265 19.7292
194.422 19.6608
194.422 19.774
163.212 19.3328
179.157 19.5023
157.091 19.7334
186.516 19.7957
175.952 19.7005
186.211 19.7568
202.578 19.9956
174.413 19.9701
174.413 19.4616
175.129 19.7518
175.129 19.569
182.168 19.8495
157.31 19.6071
183.458 19.5965
169.956 19.5677
171.741 19.5607
171.741 19.6467
169.196 19.7322
184.939 19.7225
174.367 19.5005
175.199 19.8985
173.71 20.0788
175.63 19.7615
154.09 19.6998
154.09 19.956
152.018 19.9185
151.81 19.5483
171.733 19.8235
171.733 19.7422
171.733 19.6605
178.133 19.6428
191.678 19.5996
175.204 19.5993
186.007 19.4519
159.94 19.8306
170.702 19.7624
153.251 19.498
153.251 19.9056
169.405 19.9569
169.405 19.7707
169.405 19.5988
169.405 19.7743
180.066 19.5923
166.454 19.7829
166.454 19.998
145.254 19.6383
191.623 19.5159
178.584 19.7623
175.734 19.5402
182.416 19.6668
182.416 19.7697
182.416 19.5452
182.416 19.4692
182.416 19.6484
182.204 19.9
162.621 19.7114
161.291 19.9604
161.291 19.7536
161.291 19.9014
193.974 19.4396
175.226 19.6632
175.226 19.6958
175.226 19.8061
168.324 19.7
182.882 19.5488
182.882 19.6043
182.882 19.7151
163.92 19.8753
176.45 19.6834
188.902 19.6738
189.4 19.7678
189.4 19.6077
189.4 19.7816
189.4 19.705
201.423 19.8936
159.055 19.724
203.822 19.7883
194.325 19.8259
200.143 19.8512
178.662 19.8544
185.079 19.6901
185.079 19.6044
156.761 19.4207
154.74 19.4646
158.057 19.5146
151.919 19.6422
163.701 19.7754
188.248 19.4784
188.248 19.5259
163.913 19.4583
189.203 19.6982
179.164 19.6953
179.164 19.8384
154.808 19.91
153.196 19.6811
154.152 19.5027
154.152 19.8505
188.443 19.8311
188.443 19.8205
172.173 19.9141
180.302 19.4392
181.628 19.8788
174.698 19.9725
172.908 19.6283
176.004 19.6299
196.472 19.6625
154.088 19.3056
154.088 19.9332
167.855 19.7382
168.784 19.9771
158.761 19.6598
164.556 19.7688
171.737 19.86
171.737 19.9878
177.877 19.5374
177.877 19.7147
177.877 19.7553
177.877 19.7685
167.793 19.5937
167.793 19.5226
158.942 19.4842
160.757 19.5293
190.16 19.554
190.16 19.7074
190.16 19.7011
202.885 19.7221
166.067 19.8741
156.806 19.7252
156.806 19.6137
156.806 19.5827
180.742 19.6275
180.742 19.8265
176.342 19.9899
176.342 20.0261
193.529 19.4285
181.987 19.6233
180.857 19.5721
180.857 19.5888
176.122 19.8846
178.586 19.4717
189.189 19.6764
177.797 19.6991
177.797 19.9346
182.297 19.793
183.501 19.613
182.015 19.6056
181.59 19.5451
176.351 19.4776
176.351 19.646
197.025 19.6376
180.911 19.825
180.911 19.3987
195.125 19.8756
195.125 19.8927
198.028 19.902
198.028 19.665
182.135 19.7491
194.385 19.8485
200.474 19.776
177.072 19.5329
161.29 19.7648
177.615 19.599
164.927 19.6275
155.935 19.6651
185.803 19.7546
185.803 19.6049
169.576 19.6618
153.217 19.8175
172.66 19.6946
153.28 19.6673
175.916 19.8835
166.748 19.8359
155.21 19.7101
160.623 19.8396
180.114 19.5307
182.46 19.7123
170.96 19.5951
173.813 19.661
198.773 19.5424
174.302 19.5424
170.505 19.5925
150.455 19.4646
160.244 19.6866
160.244 19.6412
145.371 19.5157
145.371 19.5986
145.371 19.5518
145.371 19.7869
193.611 19.8871
170.549 19.5749
160.651 19.8304
176.511 19.5363
172.058 19.6237
168.551 19.7708
170.906 19.9668
167.381 19.7107
193.688 19.8343
150.419 19.6743
159.129 19.6787
171.342 19.6113
171.342 19.6148
179.597 19.6797
179.597 19.7276
179.597 19.7195
186.885 19.6596
186.885 19.5797
181.681 19.9143
181.681 19.8912
179.33 19.7834
185.973 19.5592
198.266 19.5434
167.04 19.5601
167.04 19.505
167.04 19.5876
167.04 19.6271
170.915 19.6115
149.263 19.8921
130.891 19.7489
154.803 19.6602
145.932 19.8118
150.432 19.817
179.266 19.7674
178.857 19.6886
166.113 19.789
166.113 19.9241
166.113 19.9308
166.113 19.5511
180.43 19.7092
175.715 19.9396
180.961 19.6385
169.902 19.7582
189.568 19.7915
197.182 19.6249
176.114 19.7416
202.587 19.6332
193.874 19.5944
181.21 19.7899
158.538 19.7264
158.538 19.8439
185.145 19.5336
192.051 19.8365
167.769 19.565
167.769 19.8577
161.492 19.8618
161.492 19.8683
175.878 19.7598
182.109 19.9501
172.677 19.6465
181.878 19.644
172.322 19.6141
172.322 19.6276
187.563 19.7868
158.095 19.5972
170.418 19.7158
182.247 19.4292
182.247 19.6396
182.247 19.8595
174.254 19.7287
158.454 19.7412
158.454 19.7299
144.764 19.6704
144.764 19.5991
146.425 19.9495
156.285 19.4389
138.68 19.6406
147.684 19.7501
164.33 19.7014
175.629 19.6856
161.628 19.7139
172.072 19.7472
168.054 19.828
162.119 19.6902
174.692 19.7383
174.692 19.6414
174.692 19.8336
166.177 19.4408
164.005 19.7269
164.005 19.6835
164.005 19.5683
177.291 19.7578
184.88 19.8566
184.88 19.5394
185.996 19.6968
185.996 19.5679
185.996 19.8018
165.398 19.7413
165.398 19.565
165.804 19.8251
165.804 19.8717
164.148 19.4359
164.148 19.5275
181.031 19.6116
176.821 19.6497
173.44 19.6688
174.546 19.6963
174.546 19.635
174.546 19.627
188.37 19.494
188.37 19.7384
188.37 19.7846
161.084 19.6832
161.084 19.6273
195.557 19.7812
198.352 19.8024
186.279 19.7534
179.478 19.5958
180.69 19.7265
199.391 19.3762
201.888 19.8467
185.594 19.7703
187.807 19.4512
173.319 19.5552
175.11 19.5497
168.73 19.7609
168.73 19.8925
198.024 19.7545
191.172 19.7319
187.939 19.9951
209.135 19.9538
204.373 19.5068
172.314 19.8139
172.314 19.6175
158.271 19.7735
158.271 19.8222
172.64 19.6395
172.64 19.7012
158.962 19.7496
155.96 19.6847
155.96 19.6814
155.96 19.9519
167.46 19.7996
165.068 19.7384
184.827 19.8981
197.765 19.5256
185.422 19.8048
180.23 19.7399
180.23 19.7143
166.482 19.6606
189.716 19.6584
157.703 19.7459
181.943 19.7395
189.558 19.7577
170.436 19.7078
168.752 19.5172
171.692 19.6346
171.692 19.4407
171.692 19.8439
189.725 19.4843
172.082 19.5748
169.891 19.9273
169.891 19.9736
173.901 19.5582
164.054 19.5254
167.894 19.5397
190.718 19.5802
220.895 19.5721
198.773 19.642
198.773 19.7807
180.882 19.7576
175.516 19.9799
188.296 20.0017
194.504 19.5284
193.633 19.5092
201.417 19.5419
211.704 19.7818
210.022 19.5629
198.774 19.5306
183.106 19.5001
176.498 19.7787
165.872 19.5946
179.79 19.7128
173.46 19.7375
161.578 19.8248
161.578 19.5607
161.578 19.6639
161.578 19.8621
145.741 20.0003
161.856 19.5621
175.37 19.6789
185.54 19.7438
185.54 19.3973
181.511 19.5204
174.077 19.9701
174.077 19.6149
185.305 19.7809
191.184 19.4336
175.558 19.5655
190.841 19.4013
200.156 19.6471
186.585 19.4939
176.118 19.7789
152.394 19.7023
187.617 19.7916
213.367 19.6685
203.252 19.5662
196.935 19.5441
196.935 19.6607
161.12 19.8196
201.401 19.9144
184.627 19.6151
211.576 19.6502
202.352 19.5437
202.352 19.4964
222.967 19.5208
205.269 19.531
199.75 19.5524
176.168 19.8073
168.036 19.5281
179.46 19.6437
179.46 19.4871
179.46 19.7268
179.46 19.7945
155.861 19.7936
155.861 19.6371
147.634 19.5535
147.634 19.971
163.305 19.7214
136.559 19.8573
151.052 19.908
156.266 19.7379
159.009 19.6949
178.086 19.6819
159.237 19.7396
183 19.632
174.966 20.0479
187.125 19.8689
183.232 19.9522
167.645 19.8361
172.687 19.711
172.687 19.7163
161.883 19.784
161.883 19.3327
197.342 19.7626
166.022 19.7856
158.547 19.6327
150.1 19.6464
162.117 19.8029
155.65 19.8699
157.466 19.7786
141.705 19.7982
151.863 19.7944
163.63 19.6142
165.878 19.8665
171.747 19.8009
167.574 19.4822
159.702 19.3197
160.73 19.7187
165.951 19.9117
157.272 19.8493
178.913 19.5628
168.586 20.1034
168.586 19.9731
161.452 19.5726
187.054 19.8634
191.697 20.0269
162.032 19.6586
162.032 19.8032
151.855 19.8977
158.925 19.8382
168.558 19.8715
168.558 19.7345
168.558 19.7602
168.558 19.6744
179.981 19.9754
204.529 19.7594
179.298 19.8106
152.143 19.7608
152.143 19.7406
158.083 19.6537
175.562 19.5106
170.234 19.8282
170.234 19.7333
190.044 20.0261
190.044 20.0499
190.044 20.0905
179.136 19.4888
154.64 19.6585
153.39 19.6696
177.806 19.9076
177.806 19.8588
203.176 19.8771
179.601 19.8366
190.386 19.7498
190.386 19.9198
200.387 19.7891
147.644 19.4204
142.48 19.7874
145.398 19.5964
145.398 19.8071
145.398 19.7992
174.735 19.5439
185.115 19.6109
201.268 19.8726
204.568 19.7806
200.777 19.7693
203.746 19.8463
206.297 19.8531
178.668 19.6288
165.859 19.6706
170.714 19.766
174.508 19.7364
184.875 19.777
164.736 19.5939
159.31 19.6112
159.31 19.7858
159.31 19.7806
159.31 19.7447
192.314 19.862
161.905 19.7402
175.057 19.7891
175.057 19.8082
175.057 19.6703
163.133 19.9333
155.415 19.9247
169.769 19.7769
185.287 19.7707
185.287 19.8718
185.287 19.7533
185.287 19.7695
185.287 19.8501
185.287 19.8434
185.287 19.6719
176.067 19.6306
149.986 19.8098
146.004 19.7136
166.169 19.7497
175.8 19.6754
184.671 19.6289
193.982 19.5428
175.109 19.4191
188.872 19.4147
180.925 19.6999
161.929 19.7608
176.67 19.9045
176.67 19.6237
161.54 19.8935
191.068 19.7491
191.068 19.7227
167.285 19.7681
167.285 19.8937
155.86 19.7003
163.457 19.6439
189.109 19.8191
189.109 19.5255
189.109 19.6453
195.26 19.8063
201.729 19.8041
204.114 19.7897
168.379 19.8082
171.779 19.7941
194.617 19.7825
185.868 19.7737
177.626 19.5696
171.717 19.6527
185.855 19.826
184.921 19.6584
198.213 19.8272
192.457 19.6766
176.276 19.5255
180.158 19.702
180.158 19.5894
187.301 19.7918
180.531 19.956
174.381 19.8851
153.733 19.563
152.507 19.8968
150.105 19.9477
157.149 19.8274
157.149 19.8876
159.605 19.6004
149.886 19.6469
158.043 19.9675
149.411 19.6109
153.448 19.7196
184.427 19.6676
178.505 19.8188
170.575 19.9093
170.636 19.5464
164.849 19.6856
173.324 19.5743
161.687 19.6472
155.092 19.6733
159.147 19.6772
176.173 19.5372
176.173 19.4664
207.672 19.9024
200.071 19.594
195.374 19.718
190.9 19.6793
200.495 19.8597
200.847 19.5403
204.45 19.7429
197.341 19.6062
200.838 19.6809
191.867 19.8275
173.596 19.8109
173.596 19.7337
179.877 19.4795
179.877 19.7789
179.103 19.7626
188.876 19.6594
188.876 19.5532
188.876 19.4682
184.642 19.8632
184.642 19.4633
184.642 19.5718
198.247 19.5502
181.154 19.5399
181.154 19.5693
202.815 19.5633
180.218 19.8964
189.69 19.7749
189.69 19.6143
189.69 19.7017
183.896 19.863
187.266 19.696
187.266 19.8849
187.266 19.6652
187.266 19.6732
169.886 19.8584
185.537 19.858
200.31 19.4983
195.922 19.1787
195.922 19.7416
195.922 19.7928
175.8 19.5477
175.8 19.9065
178.492 19.7562
161.907 19.8144
166.204 19.8411
176.628 19.8272
176.628 19.9797
194 19.5833
181.352 19.5366
172.498 19.6501
180.199 19.792
186.636 19.3669
179.874 19.4492
186.789 19.6862
175.575 19.6738
175.575 19.7548
174.719 19.9251
170.872 19.7446
158.025 19.733
158.025 19.9819
196.002 19.5819
160.638 19.9421
182.2 19.4776
184.265 19.7513
185.91 19.6664
185.91 19.7392
188.338 19.7353
171.973 19.6011
156.149 19.7998
158.453 20.048
158.453 19.8713
158.453 19.7665
158.453 19.94
158.453 19.5965
164.862 19.7953
164.862 19.7401
195.769 19.5763
195.769 19.6383
190.68 19.6049
176.221 19.5569
155.815 19.4405
155.815 19.8687
175.14 19.7895
176.784 19.7187
177.291 19.5849
181.825 19.5149
158.345 19.8054
150.714 19.7607
150.714 19.6733
153.521 19.7656
153.521 19.8307
151.054 19.7002
134.328 19.5977
167.396 19.7618
165.356 19.796
165.356 19.8809
165.356 19.8436
165.356 19.5714
204.501 19.4252
169.971 20.0159
167.88 19.8114
190.822 19.6602
190.822 19.6806
190.822 19.6552
190.822 19.7513
190.822 20.0189
168.152 19.936
182.701 19.9396
211.677 19.3315
196.114 19.604
187.452 19.5264
151.392 19.5547
152.477 19.5794
184.467 19.558
158.833 19.5669
185.655 19.6888
189.51 19.715
182.685 19.6327
169.618 19.5797
197.109 19.8017
184.152 19.8244
193.706 19.6379
193.706 19.8092
192.95 19.8553
184.512 19.2168
184.512 19.7737
184.512 19.7316
167.482 19.8567
167.482 19.8952
175.946 19.8952
175.946 19.8475
168.359 19.6458
164.861 19.9069
177.155 19.7923
168.183 19.9591
158.49 19.5971
160.84 19.741
160.645 19.747
199.773 19.6732
188.443 19.7363
166.959 19.6096
214.774 19.861
175.007 19.8324
160.133 19.942
133.813 19.9819
155.843 19.7383
155.843 19.5278
153.54 19.5174
153.54 19.847
153.54 19.8826
134.529 19.506
163.114 19.8654
190.036 19.716
161.34 19.7208
158.606 19.5805
177.404 19.8328
169.062 19.7693
171.194 19.6514
190.805 19.8707
187.851 19.8584
179.655 19.7722
148.914 19.6382
161.084 19.884
170.749 19.4718
161.294 19.6946
164.755 19.6432
187.534 19.6671
187.534 19.5805
187.534 19.5698
187.534 19.6889
187.534 19.5845
187.534 19.649
208.095 19.8353
207.68 19.3965
207.68 19.5661
194.115 19.7174
178.146 19.6017
193.371 19.7223
162.971 19.7594
162.971 19.6926
162.971 19.6938
160.478 19.6989
160.478 19.8499
185.445 19.6519
186.195 19.477
187.591 19.599
182.532 19.5298
177.253 19.6699
192.645 19.8452
176.001 19.8195
176.001 19.8691
176.001 19.8691
172.737 19.8707
172.737 19.7741
172.853 19.7835
181.479 19.6655
178.506 19.8779
190.821 19.8412
167.137 19.8148
167.137 19.7398
167.137 19.7373
167.137 19.7451
167.137 19.7573
182.536 19.6958
170.613 19.8585
173.426 19.8501
173.426 19.5027
173.447 19.9288
175.454 19.7592
158.074 19.6629
183.481 19.8046
183.481 19.9315
184.884 19.7911
184.884 19.7515
172.448 20.0383
172.448 19.8112
151.442 19.6538
174.193 19.4889
174.193 19.7003
203.219 19.6974
211.304 19.5148
193.695 19.5524
193.695 19.5116
188.2 19.5852
176.842 19.5384
190.51 19.8789
173.061 20.0424
170.694 19.7746
170.09 19.7478
170.09 19.7141
189.251 19.7249
189.251 19.681
192.166 19.8238
195.001 19.6144
179.881 19.5608
185.064 19.8486
185.064 19.8925
154.407 19.6491
195.497 19.5202
212.717 19.4952
173.489 19.4911
173.489 19.7178
192.699 19.6341
192.699 19.6904
195.39 19.7296
195.39 19.7369
195.39 19.5864
190.884 19.8511
146.136 19.6854
163.628 19.773
163.807 19.974
181.551 19.8246
174.604 19.8091
219.888 19.7324
204.793 19.881
202.806 19.7476
187.101 19.5581
177.685 19.5686
177.685 19.7038
170.191 19.7893
170.191 19.8385
188.75 19.6536
188.75 19.5534
194.272 19.5534
197.958 19.7471
197.958 19.9017
197.958 19.8109
191.378 19.8094
168.221 19.6562
198.28 19.6227
198.28 19.796
196.402 19.7196
198.226 19.9745
188.274 19.6004
188.274 19.5988
194.916 19.6989
185.577 19.4697
185.577 19.7881
185.577 19.6462
185.577 19.7647
180.969 19.8164
180.969 19.7766
197.688 19.495
185.686 19.6569
185.686 19.7013
173.047 19.6118
173.047 19.4898
185.796 19.7603
168.355 19.7346
168.355 20.1048
164.899 19.7023
192.29 19.7437
193.217 19.7645
179.687 19.6246
181.383 19.8867
148.292 19.7023
148.292 19.5913
181.748 19.6396
161.793 19.7629
160.371 19.9018
157.306 19.8321
150.195 19.5601
169.297 19.5717
166.463 19.5927
166.463 19.8978
165.3 19.903
173.936 19.5668
163.29 19.415
179.243 19.8314
179.243 19.7556
182.907 19.7047
173.882 19.6119
183.26 19.6446
185.935 19.7564
185.935 19.6871
201.225 19.7174
191.794 19.7086
191.794 19.7526
191.794 19.6771
215.229 19.5783
207.937 19.8107
188.645 19.5872
156.879 19.7521
179.221 19.8237
178.77 19.8414
188.17 19.7567
194.061 19.4229
176.309 19.6296
166.269 19.5057
169.85 19.6826
169.85 19.8287
159.706 19.7249
159.706 19.7043
159.706 19.5526
159.706 19.6572
159.706 19.7117
159.706 19.7206
156.378 19.7273
179.921 19.6076
179.921 19.7623
179.921 19.662
195.932 19.7308
169.784 19.6343
168.656 19.6541
147.851 19.744
161.816 19.8865
158.91 19.9479
185.481 19.5559
188.053 19.7115
164.624 19.553
165.627 19.5027
165.627 19.4374
165.627 19.897
165.627 19.6564
177.457 19.7816
177.457 19.6417
177.457 19.7854
177.457 19.6991
187.072 19.6113
204.723 19.6384
197.654 19.809
184.849 19.5219
203.907 20.0449
192.497 19.8732
177.907 19.6666
177.592 19.6216
183.011 19.8989
187.942 19.6696
171.756 19.4968
190.834 19.6765
201.851 19.889
201.851 19.7827
161.397 19.5606
161.397 19.5628
161.397 19.6964
158.601 19.7947
150.766 19.6941
150.766 19.5371
150.766 19.8906
150.766 19.7664
152.782 19.7935
152.782 19.7927
153.748 19.816
153.748 19.7803
153.748 19.8182
164.351 20.076
171.994 19.8722
171.994 19.6538
169.353 19.6642
150.04 19.69
150.04 19.7142
150.04 19.709
150.04 19.659
164.691 19.6969
164.691 19.6542
175.812 19.8293
168.914 19.8562
168.914 19.9012
160.113 19.676
150.407 19.4646
156.254 19.7477
152.248 19.9863
179.56 19.8273
185.155 19.7002
186.553 19.4493
176.051 19.7713
176.051 19.7265
176.051 19.9145
180.616 19.8106
180.616 19.6917
180.616 19.6014
177.904 19.788
177.904 19.5838
177.904 19.879
189.474 19.831
185.983 19.8486
185.983 19.5712
183.954 19.5377
183.954 19.5154
189.723 19.9106
189.723 19.8073
189.723 19.7703
189.723 19.6833
196.939 19.707
195.721 19.6829
179.39 19.8776
178.418 19.9103
174.861 19.9134
174.861 19.6181
184.43 19.5531
184.43 19.5314
184.43 19.5318
184.659 19.9201
174.328 19.5002
174.328 19.5618
178.315 19.8061
178.315 19.9602
148.991 19.8087
179.064 19.9947
191.817 19.7571
191.817 19.6149
191.817 19.6238
191.817 19.6127
201.27 19.806
197.597 19.6188
177.711 19.8613
170.329 19.6621
166.206 19.6618
178.782 19.662
173.12 19.6646
173.12 19.7044
165.765 19.5193
171.508 19.5178
164.623 19.8253
181.221 19.6496
176.456 20.0606
174.314 19.6339
170.251 19.6626
170.251 19.9753
170.251 19.5634
162.71 19.5132
155.256 19.8292
151.074 19.8537
150.698 19.7379
163.524 19.5682
175.592 19.7161
186.392 19.7208
186.392 19.7678
186.392 19.7704
186.392 19.7704
186.392 19.5757
197.799 19.9394
174.651 19.7798
169.407 19.6172
169.407 19.8365
183.497 19.8422
198.56 19.6889
171.699 19.5968
174.31 19.7825
183.187 19.7861
187.72 19.654
188.914 19.6304
209.866 19.6017
215.609 19.7076
205.698 19.7503
193.435 19.7445
201.831 19.7164
199.047 19.7553
182.317 19.9732
143.902 19.5411
150.151 19.8547
162.371 19.6583
164.388 19.784
162.652 19.6105
144.561 19.8185
142.238 20.0211
161.303 19.8507
181.011 19.9506
185.733 19.2873
185.733 19.9669
185.733 19.7595
163.499 19.818
138.476 19.7115
138.476 19.8711
138.476 19.6725
150.069 19.4377
136.106 19.7227
144.413 19.8467
169.319 19.8387
177.29 19.634
177.29 19.7153
177.29 19.4913
186.369 19.779
151.223 19.626
186.729 19.5587
203.949 19.5101
203.949 19.4978
212.424 19.4124
205.669 19.5019
211.892 19.7685
197.796 19.6362
169.071 19.7618
169.071 19.5989
169.071 19.9356
174.743 19.7863
171.621 19.7403
171.621 19.7644
171.621 19.7636
196.049 19.5923
179.692 19.6807
178.586 19.5034
175.274 19.5191
175.274 19.7682
175.274 19.698
175.274 19.7787
155.892 19.8524
168.546 19.7487
177.993 19.4911
175.046 19.5112
200.927 19.5097
164.444 20.0432
158.506 19.9479
158.506 19.6418
158.506 19.7883
158.506 19.7545
156.787 19.6887
166.711 19.6816
146.01 19.7794
146.01 19.7227
146.01 19.8761
153.372 19.9677
180.345 20.0853
164.255 19.7511
205.97 19.5697
190.883 19.7328
189.035 19.6174
189.035 19.7581
199.315 20.0134
197.677 19.5731
174.958 19.6473
176.022 19.3581
177.14 19.6216
182.812 19.8987
161.798 19.7091
126.179 19.4213
164.937 19.7099
180.262 19.622
177.453 19.6655
165.42 19.6839
163.613 19.7727
149.634 19.76
166.636 20.0811
154.61 20.0921
146.419 19.9507
168.517 19.8676
187.929 19.7019
170.553 19.8302
170.553 19.54
184.214 19.7986
176.09 19.7402
157.739 19.6332
172.23 19.7823
193.247 19.6908
174.284 19.8352
173.206 19.7469
173.206 19.8289
169.93 19.7555
140.68 19.4001
173.578 19.794
175.245 19.739
170.038 19.739
170.038 19.7286
170.038 19.4681
167.841 19.8505
145.657 19.7295
145.657 19.6739
185.925 19.6795
145.153 19.5386
193.993 19.5411
168.326 19.5611
190.429 19.5485
174.886 19.7903
174.886 19.5949
174.886 19.7662
174.886 19.7411
161.358 19.8183
170.11 19.6397
185.98 19.6918
188.641 19.664
196.069 19.4605
193.133 19.6741
178.178 19.6435
178.178 19.7193
178.178 19.6758
193.9 19.6168
193.9 19.67
193.186 19.4793
193.186 19.8792
189.782 19.8002
169.837 19.8169
191.271 19.9289
184.751 19.7448
174.656 19.7029
168.092 19.7529
168.092 19.6245
168.092 19.6833
178.093 19.6199
164.168 19.7352
175.85 19.7663
191.274 19.7831
183.633 19.7871
193.936 19.6347
193.936 19.3929
193.936 19.5781
202.44 19.8809
196.763 19.8138
196.042 19.3364
198.922 19.53
198.655 19.5765
206.209 19.6673
186.453 19.8232
189.319 19.8472
185.238 19.6643
158.766 19.8333
158.766 19.572
167 19.6802
194.493 19.6432
164.948 19.7127
168.162 19.7626
182.294 19.5784
176.167 19.7302
218.951 19.8135
181.834 19.916
201.513 19.6384
187.868 19.5086
163.161 19.5395
163.161 19.7842
163.161 19.8543
155.362 19.852
143.37 19.894
154.491 19.8316
168.961 19.8089
168.961 19.3924
167.369 19.673
166.385 19.7817
201.923 19.819
203.408 19.7631
199.061 19.9146
168.284 19.829
163.386 19.6291
175.636 19.4662
187.589 19.7733
201.684 19.7914
196.332 19.9181
160.243 19.8476
165.804 19.901
146.772 19.8801
178.217 19.8466
182.616 19.8436
169.887 19.4986
182.457 19.6299
178.383 19.5349
166.78 19.9689
155.758 19.7244
155.758 19.578
155.758 19.4855
175.592 19.6283
175.592 19.6216
149.162 19.7035
159.398 19.8004
180.976 19.8652
180.976 19.5785
177.288 19.5854
178.152 19.6197
178.153 19.6058
174.218 19.7406
187.261 19.8804
174.738 19.6271
164.876 19.4901
164.876 19.862
165.361 19.6433
164.732 19.7202
161.56 19.5419
177.065 19.6866
165.345 19.6098
179.988 19.9203
172.11 19.5916
175.584 19.5674
173.818 19.4599
173.818 19.5154
177.871 19.6557
172.748 19.8012
172.748 19.8202
172.748 19.7941
172.146 19.804
187.987 19.8116
181.811 19.8483
181.811 19.6409
185.585 19.6919
188.918 19.6074
181.949 19.5745
179.271 19.7096
176.514 19.8502
200.829 19.9016
175.414 19.9224
206.939 19.7575
164.924 19.8655
192.324 19.6741
176.935 19.6365
172.602 19.5366
187.244 19.7205
186.938 19.6848
175.451 19.5751
168.458 19.5483
160.223 19.4919
160.223 19.7637
180.65 19.7637
165.451 19.6423
172.464 19.7368
177.984 19.7008
161.492 19.9802
161.492 19.7442
161.492 19.6844
161.492 19.5914
169.374 19.424
164.67 19.7567
173.513 19.5424
173.513 19.7603
167.091 19.5834
151.049 19.5051
161.651 19.6148
161.651 19.6148
177.626 19.6564
183.077 19.6485
160.753 19.7466
160.753 19.5212
170.787 19.6165
177.236 19.6843
159.702 19.5736
159.568 19.8858
159.568 19.8319
151.906 19.8833
171.507 19.9978
177.703 19.4705
184.486 19.5785
184.486 19.7936
197.589 19.8183
203.101 19.93
216.007 19.8135
188.012 19.985
188.685 19.6076
188.685 19.7771
188.685 19.7164
186.775 19.773
186.775 19.6194
165.512 19.9836
189.842 19.5992
189.842 19.7159
193.374 19.8462
193.374 19.572
161.699 19.8519
157.335 20.0383
155.653 20.1215
158.453 19.7925
179.213 19.5949
187.583 19.7793
187.583 19.6508
213.701 19.6499
195.504 19.773
177.553 19.7225
177.553 19.8407
192.67 19.8788
192.67 19.3864
178.132 19.8765
196.528 19.5488
171.087 19.8831
177.909 19.8697
177.909 19.6167
187.556 19.6183
160.574 20.0163
186.298 19.6238
186.298 19.7241
165.899 19.8846
170.601 19.6753
171.58 19.9059
184.541 19.6625
158.147 19.7989
161.421 19.2719
151.179 19.5619
175.29 19.6982
175.29 19.8166
196.786 19.8252
156.675 19.7388
163.085 19.4886
172.98 19.699
152.691 19.7503
152.691 19.9001
159.7 19.4397
180.259 19.6506
173.171 19.8175
178.705 19.8164
168.609 19.9189
198.974 19.6714
192.326 19.5727
169.875 19.3879
202.445 19.7963
191.764 19.5658
159.082 19.7574
157.751 19.5168
157.751 19.6968
159.237 19.8986
170.344 19.5561
159.628 19.8299
185.09 19.639
184.948 19.5651
194.455 20.0255
194.455 19.6786
165.232 19.637
132.55 19.9048
147.888 19.7076
147.888 19.4686
147.888 19.6031
157.34 19.6906
157.34 19.8495
157.34 19.5722
157.279 19.9718
170.355 19.8002
152.684 19.6382
187.472 19.7555
186.94 19.7908
172.262 19.8259
172.262 19.9093
172.262 19.8648
201.67 19.488
202.198 19.6103
180.995 19.6463
163.382 19.642
191.375 19.6732
175.366 19.6091
178.974 19.5538
163.217 19.8779
180.678 19.8546
153.276 19.5823
167.013 19.6604
174.049 19.8016
174.049 19.7435
173.84 19.8189
170.005 19.5761
170.005 19.6152
157.825 19.9403
157.825 19.7503
157.825 19.6284
157.825 19.7975
191.486 19.7756
184.999 19.599
177.627 19.9382
181.471 19.8785
173.903 19.5766
173.903 19.5396
183.445 19.6345
181.167 19.7458
181.167 19.9941
181.167 19.6293
180.344 19.9058
186.002 19.8553
189.928 19.6789
176.687 19.7672
199.321 19.6738
166.477 19.8377
157.79 19.6728
152.166 19.8378
152.166 19.5634
159.662 19.5767
171.142 19.5862
209.322 19.6287
174.339 19.6557
186.622 19.8112
193.465 19.6461
158.657 19.7073
158.657 19.8077
166.519 19.831
166.519 19.791
157.653 19.7108
159.99 19.7199
159.99 19.5289
180.487 19.5961
164.929 19.9022
167.454 19.858
167.454 19.692
167.454 19.7145
180.542 19.6537
180.542 19.8688
188.846 19.6025
168.419 19.8325
174.647 19.8335
142.083 19.8316
155.092 19.8319
155.092 19.8011
163.675 19.9036
187.958 19.8042
187.958 19.9561
203.027 19.8
203.027 19.7491
195.752 19.6657
195.752 19.5721
191.367 19.5147
162.243 19.4604
159.476 19.9881
190.957 19.7215
156.61 19.8808
192.702 19.9326
192.702 19.8049
172.146 19.9464
155.135 20.1191
155.135 19.8391
158.53 19.7417
181.156 19.6058
164.95 19.7164
183.519 19.8063
183.298 19.6984
187.566 19.6387
187.566 19.6922
181.196 19.5409
181.196 19.6281
212.169 19.6281
205.631 19.6309
205.631 19.8665
169.431 19.8368
182.204 19.9637
188.69 19.5308
206.818 19.5843
176.048 19.398
163.939 19.4698
163.939 19.9029
155.131 19.4844
155.131 19.8388
157.708 19.7545
157.708 19.6725
172.782 19.6155
172.782 19.7312
172.578 19.8579
161.027 19.8319
175.308 19.7407
185.359 19.7255
178.205 19.3633
178.205 19.8379
160.098 19.9014
160.098 19.4269
179.284 19.6144
184.006 19.774
171.814 19.9704
171.814 19.6344
209.05 19.5413
209.031 19.9545
178.823 19.8136
179.651 19.5719
157.615 19.6618
164.709 19.6471
164.268 19.8125
164.268 19.7582
164.268 19.5848
169.133 19.6266
157.688 19.5431
157.688 19.6032
157.688 19.4991
157.688 19.7416
157.688 19.6166
157.688 19.9729
168.323 20.0269
199.889 19.8796
216.552 19.8668
201.769 19.7505
174.114 19.7404
201.851 19.6691
196.977 19.8651
185.575 19.8093
173.015 19.6596
171.228 19.6139
191.481 19.5237
156.59 19.7008
126.013 19.7547
126.013 19.784
135.252 19.7449
150.953 19.7738
150.953 19.5795
148.662 19.793
164.798 19.8598
170.769 19.8101
161.924 19.6046
159.797 19.6678
194.129 19.859
191.259 19.7423
191.259 19.6625
171.55 19.8016
171.55 19.7428
160.259 19.7065
181.986 19.5752
181.986 19.5957
194.676 19.4941
194.676 19.5048
194.676 19.8312
194.676 19.7012
186.125 19.6242
175.255 19.6656
175.255 19.7857
175.894 19.5895
154.41 19.8236
163.456 19.512
170.912 19.554
178.065 19.6379
172.534 19.4368
183.528 19.9655
189.046 19.9268
154.142 19.7783
154.142 19.6312
147.786 19.613
155.703 19.6596
131.46 20.0106
161.975 19.5062
149.978 19.6052
179.399 19.7135
169.056 19.5499
169.056 19.5702
168.581 19.6582
164.168 19.8399
164.168 19.6161
147.832 19.8197
155.397 19.8571
147.762 20.1196
159.104 19.8156
171.144 19.8851
145.401 20.0153
141.859 19.9112
165.202 19.7091
165.202 19.5211
174.25 19.686
185.103 19.5429
160.764 19.6649
153.949 19.7066
179.906 19.6766
182.588 19.7944
184.554 19.6058
186.769 19.4174
179.197 19.7219
173.061 19.8318
173.061 19.8402
173.254 19.837
173.254 19.8563
179.85 19.6473
161.311 19.9255
141.388 19.8836
186.685 19.3933
186.685 19.4029
164.971 19.7061
197.018 19.4175
200.471 19.5279
207.305 19.412
205.159 19.7832
203.905 19.6892
191.659 19.8768
163.869 19.8932
164.593 19.8863
181.577 19.7955
161.368 19.7767
149.523 19.945
153.012 19.6377
153.012 19.6987
163.447 19.6793
131.46 19.9956
152.746 19.7382
171.991 19.8948
170.219 19.6725
170.219 19.6325
164.325 19.844
154.738 19.8041
181.742 19.7815
181.742 19.3675
177.323 19.7783
180.046 19.7885
166.659 19.8657
166.659 19.7774
166.659 19.7919
156.98 19.8779
164.301 19.7849
164.301 19.5602
164.301 19.9126
176.239 19.8639
181.241 19.9231
181.241 19.6269
156.999 19.7733
156.999 19.9179
172.921 19.9371
172.921 19.7425
166.546 19.6601
166.803 19.8822
189.731 19.6616
182.956 19.542
150.671 19.6921
186.607 19.8345
199.776 19.8904
181.696 19.7464
160.942 19.6256
187.405 19.5833
185.189 19.9944
177.529 19.9341
198.701 19.8019
172.548 19.5755
165.999 19.6
142.541 19.8871
156.758 19.7068
152.609 19.6457
152.609 19.8311
152.609 19.9974
155.371 19.584
166.886 19.7232
185.449 19.6048
185.449 19.9094
193.477 19.5649
190.165 19.5432
206.126 19.6298
169.222 19.6373
169.222 19.7421
179.702 19.6426
205.253 19.5883
203 19.6765
193.802 19.6202
172.997 19.984
185.698 19.8896
190.568 19.7664
171.196 19.8461
196.765 19.6364
195.854 19.6153
195.854 19.7765
194.87 19.7694
185.308 19.6757
203.741 19.6985
199.353 19.7318
193.014 19.7014
175.622 19.6984
175.622 19.6932
154.691 19.8484
154.691 19.9263
196.473 19.7774
182.268 19.7055
172.682 19.6947
166.478 19.7016
166.478 19.7715
166.478 19.7726
166.478 19.6014
166.478 19.8637
166.478 19.9026
166.625 19.9753
191.302 19.9017
172.349 19.7446
172.349 19.7481
144.826 19.8357
144.826 19.8239
157.556 19.6131
169.604 19.9286
169.29 19.7485
164.381 19.6694
170.455 19.6817
191.546 19.6135
192.971 19.8524
192.971 19.8413
188.812 19.5058
190.266 19.4945
167.174 19.6339
167.174 19.723
167.174 19.6814
167.174 19.9122
163.03 19.5934
163.03 19.9697
177.228 19.6094
177.228 19.606
177.228 19.6813
173.365 19.6554
173.82 19.7379
173.82 19.7458
180.948 19.9493
166.425 19.5766
194.707 19.6691
194.707 19.6989
194.707 19.5943
198.32 19.8719
209.235 19.7346
200.808 19.685
170.742 19.8668
169.046 19.8295
180.3 19.7155
180.3 19.7116
180.3 19.6833
190.158 19.7514
166.193 19.7845
182.944 19.6454
158.491 19.6939
160.534 19.6598
175.793 19.6237
190.045 19.5311
165.643 19.5846
165.643 19.6474
185.938 19.8105
185.938 19.4002
185.938 19.6163
192.664 19.852
161.687 19.6717
170.9 19.6471
170.9 19.7026
167.204 19.6624
158.366 19.7567
155.679 19.8519
155.679 19.886
145.345 19.8172
171.985 19.7687
172.588 19.7167
172.588 19.6562
172.588 19.6386
184.759 19.6178
184.759 19.6351
148.568 19.6547
175.776 19.7821
175.776 19.3437
175.776 19.492
175.776 20.2841
175.776 19.7838
175.776 19.6731
178.353 19.6447
208.149 19.4355
208.149 19.6676
206.161 19.7805
206.161 19.8588
216.294 19.5705
188.956 19.5603
188.956 19.5241
188.956 19.6293
188.956 19.7838
183.57 19.8037
171.972 19.6886
191.488 19.7838
196.743 19.7544
196.743 19.8587
200.193 19.8674
200.193 19.9144
171.246 19.9349
168.491 19.8327
168.491 19.8383
168.491 19.7627
168.491 19.822
168.796 19.951
168.796 20.0582
163.471 19.6763
163.471 19.8669
163.471 19.4469
163.471 19.7055
158.322 19.8509
158.322 19.7332
158.322 20.0011
167.002 19.8618
178.962 19.7199
164.379 19.7665
164.379 19.813
164.379 19.871
164.379 19.8554
157.126 19.9859
134.734 19.9457
134.734 19.8527
134.734 19.6995
141.561 19.689
141.561 19.7515
141.561 19.6145
152.322 19.6418
152.322 19.688
150.488 19.7506
146.938 19.7541
149.791 19.8501
160.282 19.6191
160.282 19.6236
160.282 19.7002
162.461 19.6355
158.448 19.6435
161.316 19.6435
155.42 20.0953
185.392 19.5688
168.657 19.5454
185.655 19.9548
180.703 20.0082
180.703 19.7053
167.803 19.6174
187.883 19.8101
166.334 19.7265
167.966 19.8228
170.582 20.0579
170.582 19.6487
170.582 19.8196
170.582 19.4422
169.65 19.7832
143.471 19.9247
173.98 19.6265
153.272 19.7062
153.272 19.6822
141.077 19.6411
141.077 19.9473
159.84 19.5849
153.073 19.5726
198.171 19.5025
163.899 19.656
171.944 19.9259
160.677 19.6743
180.526 19.6944
172.295 19.679
154.431 19.4219
154.431 19.8611
154.431 19.7289
154.431 19.858
171.079 19.874
171.079 19.4124
189.351 19.4967
169.611 19.7221
175.14 19.7175
175.14 19.7272
174.204 19.5355
171.029 19.4087
166.892 19.8009
175.825 19.9501
185.282 19.7926
185.282 19.8561
179.101 19.6096
187.692 19.6033
195.924 19.5732
187.521 19.5495
187.521 19.5607
187.521 19.7279
181.223 19.6612
186.436 19.6088
165.009 19.456
184.958 19.9166
184.958 19.8068
185.011 19.6091
175.299 19.9653
190.526 19.8906
175.485 19.7243
190.899 19.567
190.899 19.7085
182.308 19.8239
182.308 19.5104
192.817 19.9384
196.872 19.6211
196.872 19.7672
198.561 19.6759
194.888 19.6419
191.716 19.7546
202.752 19.5782
175.901 19.5889
166.807 19.6296
160.314 19.8966
154.161 19.9369
167.396 19.7624
167.396 19.8525
167.396 19.7201
173.556 19.7572
173.556 19.7557
185.055 19.7139
191.12 19.8511
191.965 19.5794
179.486 19.6709
179.486 19.8222
184.461 19.43
173.385 19.8047
169.573 19.7676
169.573 19.8638
155.541 19.4845
203.298 19.531
181.799 19.5609
183.335 19.5936
177.206 19.6438
173.056 19.7417
190.327 19.528
176.487 19.6693
178.491 19.5831
178.491 19.7541
182.673 19.7184
168.702 19.7085
137.763 19.8265
138.651 19.6363
161.766 19.7731
185.015 19.652
154.146 19.9085
154.146 19.6465
161.668 19.8468
178.624 19.6716
168.263 19.6313
176.644 19.7503
176.644 19.8282
171.478 19.8967
171.478 19.7417
177.589 19.6882
177.589 19.7863
177.589 19.9435
157.183 19.9687
157.183 19.8815
165.798 19.8456
162.729 19.6447
159.816 19.6982
166.648 19.5595
166.648 19.7328
166.648 19.5318
181.031 19.5942
181.031 19.5403
173.253 19.5259
177.064 19.4931
186.899 19.3964
186.899 19.6518
155.958 19.9233
185.006 19.6317
164.054 19.5394
164.054 19.535
164.054 19.7078
177.224 19.5386
177.224 19.5827
174.226 19.9196
187.723 19.9363
168.733 19.8063
172.655 19.8775
160.993 19.825
153.32 19.8543
163.661 19.3482
154.005 19.6816
159.647 19.724
167.517 19.7878
151.825 19.6555
160.069 19.6082
160.069 19.3614
165.344 19.8502
189.381 19.6686
169.047 19.7419
166.824 19.673
183.489 19.8849
183.489 19.6493
183.489 19.7757
196.418 19.6709
187.835 19.5147
187.835 19.6568
182.314 19.685
182.314 19.6576
183.537 19.5745
183.032 19.7148
177.037 19.6956
189.513 19.5753
172.464 19.7492
167.557 19.4422
168.262 19.6069
168.262 19.8064
145.407 20.0506
151.033 19.8782
155.314 19.4773
191.795 19.7346
180.356 19.715
190.645 19.4264
167.848 19.452
167.985 19.5105
167.985 19.9754
167.985 19.6068
167.985 19.6236
162.298 19.5644
182.159 19.6958
181.71 19.6408
168.346 19.7435
168.346 19.7312
178.588 19.8193
170.369 19.7237
172.296 19.735
172.296 19.701
172.296 19.6549
190.606 19.7568
182.676 19.6246
182.676 19.5932
183.959 19.5946
194.344 19.5817
207.651 19.7536
182.274 19.7752
208.601 19.7339
174.318 19.837
166.765 19.7784
187.549 19.6642
187.549 19.8946
193.567 19.7379
188.102 19.6901
187.49 19.8071
190.062 19.547
169.378 19.8105
169.378 19.6001
166.672 19.5935
149.822 19.8661
155.165 19.8714
158.538 19.8406
158.538 19.8595
180.453 19.9413
174.381 19.8742
166.345 19.5237
133.839 19.7314
164.014 19.7547
158.347 19.6467
150.569 19.4533
167.982 19.4618
146.377 19.6179
174.795 19.4017
174.795 19.7469
161.806 19.6552
185.779 19.3756
185.779 19.5907
205.376 19.7628
175.607 19.848
188.185 19.713
180.554 19.7846
174.837 19.7355
170.519 19.6592
164.84 19.7234
187.919 19.7346
156.064 20.0997
175.877 19.7734
173.407 19.8623
171.036 19.612
182.211 19.6274
201.897 19.661
182.759 19.6484
157.607 20.0523
157.607 19.5036
157.607 19.8178
157.607 19.7538
155.658 19.703
179.507 19.729
179.507 19.7152
158.706 19.44
150.08 19.4323
155.335 19.6415
155.335 19.6455
177.112 19.7616
173.829 19.8193
181.947 19.7557
181.947 19.7863
181.947 19.7819
183.615 19.9321
183.615 19.8088
183.615 19.8188
183.615 19.9624
175.713 19.7737
175.713 19.7745
185.683 19.9331
169.831 19.6507
177.426 19.8583
190.326 19.9901
164.27 19.7542
164.27 19.7629
188.323 19.9084
191.902 19.7015
191.902 19.5496
186.351 19.6797
185.598 19.6605
169.429 19.7854
170.73 19.8322
171.229 19.7647
171.229 19.5413
171.229 19.6251
183.631 19.4414
183.631 19.6202
183.631 19.5428
203.407 19.8483
147.803 19.6674
158.332 19.5717
161.073 19.9028
153.327 19.6707
169.541 19.7357
185.144 19.4803
193.818 19.7939
193.818 19.5987
187.185 19.5116
169.928 19.6055
176.584 19.8874
169.275 19.7864
171.976 19.4317
171.976 19.5274
187.416 19.5847
192.923 19.4847
165.047 19.7437
182.844 19.7901
184.616 19.5411
188.403 19.6355
182.876 19.5334
215.385 19.6783
171.278 19.6576
166.068 19.9471
171.725 19.9792
188.736 19.7323
208.766 19.7313
182.22 19.7214
169.837 19.8447
169.837 19.7554
173.95 19.7355
173.95 19.6719
173.95 19.6992
173.95 19.5637
175.504 19.4433
154.613 19.6192
170.13 19.7043
154.798 19.6513
184.093 19.5353
184.093 19.6518
171.339 19.4235
171.339 19.5767
176.398 19.504
176.398 19.7701
178.785 19.6939
169.265 19.75
179.761 19.5499
158.296 19.6
158.296 19.7363
167.093 19.6484
178.79 19.7227
192.307 19.6406
192.307 19.6763
170.793 19.9091
152.261 19.6543
193.841 19.5549
156.788 19.7442
174.256 19.688
172.587 19.6294
172.587 19.4887
147.282 19.6905
138.603 19.7364
139.687 19.4924
185.704 19.6216
150.119 19.6557
161.71 20.0547
161.71 19.8058
161.71 19.7055
178.155 19.6306
178.89 19.6914
178.89 19.6726
152.496 19.8263
161.857 19.8311
161.857 19.6048
186.381 19.7381
202.78 19.8136
195.609 19.9695
173.122 19.8551
179.293 19.984
179.293 19.8392
179.293 19.8603
177.923 19.777
193.975 19.5842
160.745 19.5638
158.087 19.8364
163.763 19.6986
155.703 19.9454
132.623 19.7756
155.611 19.8556
156.129 19.7821
183.057 19.8744
149.219 19.6903
154.379 19.8072
154.379 19.6488
174.934 19.6092
155.648 19.794
194.061 19.6659
194.061 19.6717
199.2 19.7445
170.151 19.5439
169.776 19.6999
169.776 19.8802
169.776 19.6932
169.776 19.6959
191.11 20.0925
170.557 19.9074
159.192 19.6252
159.192 19.5516
179.9 20.3054
188.331 19.4964
146.874 19.902
155.917 20.0365
144.255 19.8052
153.374 19.6781
166.583 19.6169
177.61 19.5645
174.787 19.5645
191.246 19.6791
189.905 19.8388
186.037 19.6791
186.037 19.7655
170.499 19.7061
212.658 19.7105
181.505 19.6959
181.505 19.7523
182.271 19.7279
152.082 19.6338
146.978 19.8959
179.841 19.8682
159.811 19.6426
163.298 19.6305
203.069 19.5561
176.692 19.4399
205.78 19.7074
205.78 20.0756
197.761 19.7173
156.805 19.8128
156.805 19.8204
173.847 19.9945
156.094 19.7484
142.152 19.8858
160.291 19.7974
160.291 19.8361
160.291 19.8419
187.262 19.8388
193.793 19.8608
197.491 19.8236
193.981 19.8615
196.946 19.6109
173.986 19.7663
161.031 19.9114
161.031 19.8433
161.031 19.8273
161.031 19.9865
165.76 19.8844
165.76 19.4257
179.78 19.8948
179.78 19.5155
172.172 19.5818
159.855 19.6895
172.471 20.2269
175.645 19.834
190.836 19.8859
181.45 19.5375
181.45 19.7989
181.45 19.7972
191.229 19.7354
194.743 19.9425
190.065 19.4236
163.035 19.6829
184.16 19.6286
190.078 19.7778
182.44 19.6877
182.44 19.7094
182.44 19.544
152.508 19.5925
159.225 19.7949
168.077 19.7606
168.077 19.6944
177.68 19.6558
202.894 19.483
182.239 19.8032
192.836 19.7602
203.697 19.7496
184.1 19.6345
191.25 19.6319
165.423 19.5823
192.781 19.7377
192.781 19.6557
174.991 19.8101
174.991 19.7234
174.991 19.6944
174.991 19.8623
174.021 19.8877
174.021 19.8649
182.221 19.7075
171.077 19.6797
171.077 19.6194
197.248 19.4921
158.013 19.7327
158.013 19.7221
142.284 19.7067
181.672 19.6395
190.066 19.616
199.661 19.5944
192.307 19.4952
192.307 19.7273
173.727 19.8545
175.428 19.638
199.874 20.083
175.178 20.1851
152.99 19.934
152.99 19.7533
132.189 19.525
155.948 19.7697
169.258 19.435
170.708 19.6739
171.539 19.7083
165.32 19.7066
164.765 19.6337
167.568 20.0125
158.884 19.847
158.884 19.6708
176.916 19.5115
160.64 19.7408
158.413 20.0642
158.413 20.0163
189.137 19.9502
189.137 19.5845
150.465 19.8472
162.659 19.6763
182.267 19.8421
176.31 19.8743
176.31 19.6655
174.577 19.6968
174.577 20.0235
169.433 19.7506
167.638 19.7407
167.638 19.3646
167.638 19.7531
149.156 19.6367
176.319 19.8549
177.214 19.9473
178.973 19.7514
173.66 19.7381
168.747 19.6458
190.706 19.6519
190.706 19.677
167.63 19.6946
167.63 19.7232
167.63 19.9222
181.398 19.7944
159.762 19.8147
159.762 19.6084
173.347 19.9534
175.602 19.4597
175.602 19.3789
175.602 19.4613
175.602 19.7666
192.239 19.5646
192.239 19.5844
192.239 20.0389
193.629 19.656
190.635 19.7238
181.544 19.7301
181.544 19.7889
171.034 19.5678
162.958 19.35
157.549 19.6936
175.104 19.6655
174.239 19.8827
174.239 19.7368
177.201 19.3924
188.996 20.2501
188.996 19.7972
171.497 19.5897
171.497 19.5661
171.497 19.6394
182.201 19.8383
180.358 19.591
180.358 19.8076
178.741 19.7862
178.671 19.7003
159.186 19.9509
158.27 19.5654
158.27 19.9865
165.288 19.7573
172.633 19.7527
145.825 19.3929
167.039 19.7
169.934 19.8218
169.418 19.594
169.418 19.7429
169.418 19.9635
173.143 19.7047
194.805 19.6692
198.939 19.5497
169.253 19.8867
175.675 19.6447
180.27 19.7502
143.643 19.5929
144.578 19.6007
171.306 20.0191
168.676 19.9211
182.758 19.9351
172.69 19.6334
172.69 19.6918
172.69 19.6879
185.402 19.6902
187.213 19.6871
159.428 19.8455
170.97 19.7843
165.295 19.5969
174.55 19.8899
174.55 19.4587
174.55 19.6688
182.495 19.6627
175.039 19.6723
175.039 19.5776
175.039 19.6858
174.26 19.5002
200.869 19.8939
173.756 19.5578
173.756 19.5702
183.224 19.4757
188.728 19.956
176.158 19.6649
177.716 19.5552
178.329 19.7016
168.194 19.7597
162.988 19.9945
169.508 19.6104
197.786 19.5398
197.786 19.9672
197.786 19.6341
166.409 19.7588
166.409 19.6003
162.082 19.7487
177.755 19.5521
177.755 19.9141
203.819 19.5537
164.25 19.7687
175.307 19.5673
165.296 19.8916
165.296 19.7178
177.422 19.8985
175.839 19.5406
174.302 19.6853
158.457 19.8255
158.457 19.7674
158.457 19.5651
160.438 19.5667
159.282 19.7301
168.35 19.8363
155.886 19.5989
182.655 19.7176
191.868 19.9753
180.768 19.84
193.543 19.6447
169.5 19.9512
162.245 19.8721
174.376 19.6466
163.466 19.8064
163.466 19.6472
163.466 20.0389
163.466 19.9113
157.063 19.8833
175.431 19.7113
187.899 19.8222
169.916 19.8163
183.095 19.9201
183.095 20.0591
183.095 19.7887
183.095 19.5965
169.801 19.3152
169.801 19.5224
169.829 19.395
169.829 19.7852
191.841 19.8761
199.197 19.6365
199.197 19.6083
188.03 19.5288
181.976 19.5381
171.198 19.6806
171.198 19.6265
144.373 19.7096
144.373 19.6963
144.373 19.8275
144.373 19.6159
149.003 19.6828
168.341 19.68
155.567 19.6829
155.567 19.642
180.474 19.8285
180.474 19.7804
170.596 19.7842
191.243 19.6936
191.243 19.6421
191.243 19.5699
188.666 19.5914
171.685 19.6986
171.685 19.6407
169.734 19.8271
164.422 19.7861
167.026 19.5703
165.948 19.9759
165.884 19.6511
154.757 19.676
179.528 19.64
179.528 19.6438
179.528 19.4014
167.064 19.6243
168.333 19.5334
180.701 19.7651
180.701 19.683
180.701 19.7486
167.252 19.6655
167.252 19.7576
167.252 19.7014
167.252 19.6994
167.885 19.7278
167.885 19.646
200.931 19.5034
178.834 19.7153
178.834 19.569
194.352 19.6483
194.352 19.7456
168.494 19.9719
157.764 19.5649
159.205 19.4946
140.957 19.8156
156.688 19.5459
156.688 19.5381
156.688 19.5731
160.966 19.5645
160.966 19.6339
145.194 19.7764
176.093 19.4845
155.471 19.5378
170.711 19.838
177.122 19.5396
187.683 19.7727
187.683 19.7727
174.609 19.8904
174.609 19.7266
174.609 19.7214
184.015 19.7133
181.858 19.4908
181.858 19.4913
181.858 19.5322
175.339 19.6787
198.643 19.9292
200.464 19.8625
188.119 19.717
187.967 19.5475
150.309 19.7634
155.338 19.8288
160.245 19.8048
160.245 19.4884
158.531 19.5785
158.531 19.4629
166.112 19.8077
166.112 19.6667
160.44 19.7372
169.976 19.8041
159.412 19.754
166.098 19.6422
164.73 19.7949
183.094 19.981
174.28 19.5634
178.626 19.7785
176.963 19.7446
172.697 19.9379
172.697 19.6369
172.697 19.4643
172.697 19.9219
184.893 19.7894
194.98 19.6614
170.545 19.8426
190.136 19.6828
199.052 19.6723
193.918 19.5687
193.918 19.7401
168.224 19.5951
172.878 19.8384
153.595 19.9389
161.166 19.6202
161.166 20.0931
183.846 19.4485
197.547 19.4485
176.303 19.5654
171.166 19.6547
171.166 20.0555
166.538 19.642
166.538 19.5682
188.516 19.6204
188.516 19.8442
169.207 19.6634
159.857 19.8131
165.781 19.8555
181.982 19.7216
171.443 19.7774
172.645 19.7273
161.992 19.7066
164.211 19.8335
164.211 19.8876
189.238 19.6746
195.771 19.7825
195.566 19.5154
191.696 19.6621
191.696 19.8764
175.968 19.8268
175.968 19.7427
185.992 19.7345
185.992 19.5356
189.132 19.4191
182.318 19.6429
197.11 19.7572
196.974 19.6909
186.679 19.8052
186.679 19.6235
180.856 19.6194
180.856 19.6502
180.856 19.7706
199.713 20.0098
184.463 19.6009
174.966 19.8671
176.019 19.7026
158.508 19.6959
158.508 19.7367
168.593 19.7367
168.593 19.7803
168.593 19.9441
168.593 19.729
168.593 19.7117
178.322 19.6906
178.322 19.6528
191.932 19.4275
196.684 19.8494
193.123 19.8014
184.115 19.6304
194.179 19.6957
181.372 19.6833
181.372 19.7614
181.372 19.8993
187.381 19.6314
164.84 19.6791
164.84 19.6994
164.84 19.5675
164.84 19.5553
164.84 19.7165
165.381 19.8711
165.381 19.6477
165.381 19.8539
165.381 19.8523
138.789 19.7094
137.18 19.4845
150.097 19.7449
150.097 19.778
143.761 19.7915
177.34 19.6039
172.52 19.7142
170.97 19.6765
151.085 19.6138
145.389 19.4525
145.389 19.6875
145.389 19.6981
148.727 19.593
148.727 19.5838
148.727 19.8434
136.327 19.9955
181.349 19.6306
165.696 19.7263
165.696 19.7126
175.027 19.6518
183.533 19.6594
166.947 19.6529
166.947 20.018
213.919 19.6931
180.878 19.8294
180.878 19.5036
160.222 19.6454
160.222 19.6332
159.116 19.8203
159.116 19.7278
159.116 19.4886
173.01 19.9144
184.82 20.0722
174.714 19.6636
177.988 19.9116
166.323 19.5754
166.323 19.641
166.323 19.5789
166.323 19.7723
182.892 19.6115
182.892 19.6026
168.237 19.7002
168.237 19.4593
205.528 19.7489
181.919 19.8444
173.474 19.9505
203.081 19.4908
172.133 19.6079
195.445 19.7862
181.9 19.6215
173.257 19.764
166.173 19.6367
171.734 19.6287
171.734 19.5909
175.964 19.5814
188.367 19.6802
188.367 19.7301
176.826 19.7533
175.121 19.7027
184.449 19.865
184.449 19.7684
180.274 19.4503
180.274 19.973
171.207 19.8951
171.207 19.4767
171.207 19.805
160.238 19.6181
193.696 20.0038
193.696 19.6697
193.696 19.7128
175.199 19.7186
182.745 19.8655
187.205 19.7847
189.595 19.6967
173.904 19.741
173.904 19.8508
173.904 19.644
173.904 19.616
174.915 19.6559
174.915 19.854
174.915 19.8147
135.146 19.6648
135.146 19.8645
127.714 19.8018
151.605 20.2747
151.605 19.8454
166.799 19.6376
168.273 19.6617
154.587 19.6536
177.658 19.6503
166.691 19.6526
174.807 19.6648
162.004 19.8509
162.004 19.8083
156.309 19.6675
169.592 19.7165
161.592 19.7538
163.998 19.9386
163.998 19.7001
160.22 19.9452
173.482 19.8108
176.483 19.8508
163.731 19.5876
189.159 19.6594
177.879 19.6527
168.192 19.8445
168.192 19.6949
171.311 19.387
155.695 19.514
155.695 19.5092
151.912 19.7421
180.731 19.683
161.239 19.7177
161.239 19.9475
172.805 19.6469
171.234 19.6388
169.408 19.7511
169.408 19.729
169.408 19.7264
196.161 19.773
187.197 19.6619
173.201 19.7684
186.017 19.8321
171.581 19.7426
157.798 19.7374
157.798 19.7961
158.793 19.97
168.132 19.57
166.965 19.8641
170.618 19.7647
170.618 19.8924
170.618 20.0856
170.618 19.8857
191.614 19.5021
192.376 19.4674
192.376 19.6384
173.662 19.619
171.547 19.5258
182.865 19.6495
184.144 19.8716
204.847 19.907
204.68 19.6055
191.27 19.7755
178.217 19.8787
166.448 19.7473
176.785 19.7498
176.785 19.9134
174.644 19.6848
169.42 19.715
198.298 19.8033
198.298 19.7026
178.492 19.8468
176.764 19.7455
190.258 19.5146
194.14 19.814
203.716 19.7332
163.243 19.7386
185.374 19.7103
174.106 19.869
160.585 19.787
160.585 19.7102
160.585 19.6521
146.069 19.8504
144.939 19.6527
177.228 19.6721
177.228 19.7368
170.132 19.6855
192.529 19.7906
187.889 19.6593
171.454 19.7842
167.586 19.6103
144.386 19.8267
153.003 19.535
153.003 19.7121
181.341 19.7384
185.999 19.7268
173.831 19.4858
173.831 19.6239
173.718 19.5711
156.183 19.4974
155.152 19.7655
155.152 19.7584
180.175 19.45
157.874 19.605
181.747 19.6983
149.435 19.7768
160.479 19.8229
167.306 19.8924
158.727 19.813
174.691 19.9057
174.691 20.2593
162.743 19.6866
162.743 19.7919
162.743 20.0036
162.743 19.391
180.635 19.4401
174.575 19.7663
174.575 19.7416
174.575 19.6058
180.129 19.9726
186.657 19.7489
195.511 19.7479
182.398 19.7842
171.115 19.6871
171.115 19.7182
171.115 19.7551
177.066 19.7098
171.398 19.7881
168.175 19.6554
208.942 19.6078
212.68 19.8253
195.636 19.9251
185.657 19.7292
185.657 19.709
195.79 19.7627
190.925 19.8105
184.762 19.5489
184.762 20.1355
188.03 20.0227
173.047 19.9331
155.597 19.7394
155.597 19.6592
167.117 19.7237
167.117 19.8013
172.703 19.8082
169.776 19.743
183.851 19.6633
206.637 19.5269
206.637 19.8904
191.561 19.6406
191.561 19.6226
191.561 19.6761
191.561 19.6443
180.363 19.7501
180.363 19.7637
166.886 19.5584
200.973 19.9187
177.682 19.7939
188.289 19.643
204.483 19.7535
164.363 19.6921
166.289 19.8391
172.648 19.7964
172.648 19.9099
192.521 19.8531
169.307 19.8485
180.955 19.5744
189.616 19.9932
137.904 19.8473
137.904 19.5967
137.904 19.744
172.488 20.0722
172.488 19.5984
172.488 19.8178
172.488 20.0206
165.189 19.9186
194.777 19.9692
173.977 19.611
186.293 19.8633
171.333 19.4861
171.333 19.5143
191.197 19.6241
177.428 19.7631
177.428 19.5084
177.428 19.8408
181.993 19.6522
181.993 19.7363
181.246 19.3312
184.507 19.7055
160.235 19.6204
180.13 19.7115
170.133 19.6117
178.575 19.774
186.022 19.8885
175.1 19.9605
176.201 20.0433
186.002 19.8665
205.006 19.7876
205.006 19.5829
173.077 19.8297
173.077 19.5202
173.077 19.4854
173.077 19.608
173.077 19.5536
197.385 19.649
185.561 19.6151
185.561 19.6879
205.824 19.62
190.254 19.7514
193.219 19.4855
187.196 19.7218
192.74 19.7009
196.332 19.9379
194.018 19.5923
177.454 19.6344
150.273 19.4754
167.768 19.8257
165.906 19.6645
159.218 19.7237
161.701 19.6533
146.481 19.9413
167.589 19.8693
143.387 19.782
163.028 19.7792
163.028 19.867
145.06 19.8093
181.244 19.7232
181.244 19.7544
181.244 19.7298
181.244 19.5736
161.923 19.9484
171.402 19.9407
171.402 19.7223
191.411 19.6985
191.411 19.8042
192.355 19.7769
192.377 19.9125
200.265 19.8178
192.129 19.6525
211.894 19.883
201.09 19.6309
177.121 19.7424
177.121 19.6403
171.243 19.647
200.393 19.5136
180.001 19.4682
180.001 19.6701
166.841 20.0527
166.841 20.0343
166.841 19.7587
166.841 19.8746
163.865 19.722
187.812 19.6784
187.812 19.8463
141.637 19.9691
146.67 19.7147
156.093 19.7236
156.093 19.9325
156.093 19.9612
156.093 19.9202
164.292 19.4758
164.707 19.7808
175.958 19.6206
175.958 19.6686
177.468 19.7481
163.548 19.6173
165.877 19.6181
161.517 19.5422
157.723 19.7941
184.265 19.8336
160.532 19.8906
169.448 19.6351
164.489 19.6435
164.489 19.7924
180.091 19.7756
144.442 19.3611
172.356 19.5939
210.316 19.5424
168.56 19.5826
168.56 19.6324
176.829 19.802
176.836 19.7847
176.836 19.5351
163.11 19.8345
162.011 19.7985
170.431 19.628
168.547 19.7356
190.931 19.8132
197.915 19.4606
197.915 19.6951
197.915 19.7386
197.05 19.614
189.477 19.5268
173.138 19.7222
176.738 19.8069
185.347 19.5585
212.306 19.5915
185.58 19.6993
174.841 19.4436
178.505 19.5614
193.96 19.7107
154.617 19.7807
140.629 19.9154
155.882 19.6996
157.364 19.5689
188.36 19.6743
184.254 19.9972
170.622 19.5128
165.82 19.8515
168.718 19.7948
180.974 19.5113
180.974 19.5024
155.868 19.8127
160.119 19.9171
165.819 19.876
172.737 19.8386
188.027 19.5378
162.79 19.5517
150.668 19.5581
142.501 19.6168
142.501 19.6433
142.501 19.7159
159.853 19.5182
182.588 19.7896
182.588 19.868
193.408 19.6098
181.29 19.5424
190.116 19.8048
190.116 19.6206
190.116 19.735
190.116 19.8098
190.116 19.7258
179.325 19.6774
197.3 19.8495
178.453 19.8696
208.975 19.8612
194.665 20.069
182.654 19.8174
172.053 19.9285
172.053 19.7424
162.277 19.9171
155.265 19.6835
156.353 19.6927
156.353 19.7668
156.353 19.6427
180.222 19.6737
180.222 19.753
193.347 19.7103
178.023 19.7138
178.023 19.6752
193.222 19.6363
193.222 19.5734
189.275 19.5099
189.275 19.6965
189.275 19.8486
195.652 19.9925
193.096 19.6895
193.096 19.5416
191.943 19.9753
191.943 19.7856
190.981 19.6923
166.208 19.6242
188.322 19.5295
180.089 19.8063
173.509 19.6883
173.509 19.5427
173.509 19.7917
198.965 19.8245
182.753 19.7358
182.753 19.7117
206.944 20.0589
178.823 19.7682
193.976 19.5418
185.059 19.4883
171.138 19.7196
181.794 19.5776
178.847 19.4875
205.97 19.869
184.592 19.571
162.775 19.6666
162.775 19.7363
179.643 19.7502
184.96 19.6486
180.929 19.7233
172.297 19.5627
164.17 19.4493
165.881 19.5945
179.574 19.7849
161.911 19.8561
174.819 19.6495
179.844 19.6778
179.844 19.7798
169.647 19.7229
169.647 19.6591
169.647 19.8274
169.647 19.7724
169.647 19.3973
186.699 20.0642
186.699 19.7638
186.699 19.7335
178.484 19.8995
172.934 19.7162
183.457 19.7858
172.511 19.7408
181.836 19.9089
181.836 19.9131
181.836 19.5954
164.504 19.6148
165.333 19.8007
159.061 19.8032
159.061 19.8827
159.061 19.8791
176.458 19.7898
167.889 19.7956
173.444 19.8947
173.444 19.9887
180.485 19.6213
169.883 19.8033
171.584 19.8922
199.98 19.5448
177.716 19.4074
166.505 19.7301
190.326 19.7406
176.906 19.719
188.068 19.6929
188.068 19.7141
181.77 19.745
207.91 19.5335
195.884 19.526
184.888 19.8886
141.488 19.7652
166.972 19.3701
166.972 19.7757
167.93 19.7632
169.661 19.5656
169.661 19.5568
170.162 19.904
165.687 19.6184
168.607 19.6774
181.905 19.8169
164.239 19.6396
168.052 19.5732
165.863 19.7812
174.996 19.8835
146.98 19.6552
157.911 20.0073
150.425 19.6993
169.818 19.4701
165.564 20.1966
149.115 19.6049
176.499 19.8573
169.913 19.6249
185.406 19.7499
166.898 19.731
170.963 19.7628
184.168 19.7425
194.802 19.7693
181.354 19.6665
199.772 19.6264
172.76 19.4445
160.099 19.7742
200.196 19.8175
175.002 19.5152
163.369 19.7199
163.369 19.7184
186.195 19.8404
166.306 19.6431
166.306 19.9447
166.306 19.8904
168.041 19.6986
154.874 19.8349
173.293 20.0607
204.749 19.772
175.875 19.8687
175.875 19.5833
188.113 19.6746
154.522 19.4412
175.3 19.6084
174.982 19.6846
189.236 19.7787
184.668 19.4602
176.553 19.4777
174.901 19.8335
175.397 19.8527
175.397 19.9283
175.397 19.6732
175.397 19.7368
205.257 19.6283
189.852 19.5334
175.174 19.7761
195.94 19.7388
182.744 19.6418
180.967 19.7823
180.967 19.6368
169.283 19.4853
178.667 19.8746
178.667 19.7137
192.52 19.5667
180.372 19.7326
209.823 19.6923
206.101 19.8039
210.981 19.583
186.725 19.6395
172.547 19.7397
175.131 19.7791
151 19.6129
167.477 19.7064
164.903 19.5652
174.685 19.5235
160.019 19.4861
183.099 19.5694
183.099 19.8543
158.723 19.6986
165.272 19.8022
164.784 19.7894
168.656 19.5399
168.656 19.8754
168.656 19.7816
164.024 19.4641
168.299 19.8609
160.612 19.459
173.538 19.4976
173.538 19.6761
173.538 19.5316
173.538 19.6544
173.538 19.8765
181.396 19.8836
181.396 19.8192
183.193 19.7865
175.53 19.6607
175.53 19.5849
175.53 19.5658
156.979 19.5811
158.335 19.6476
162.613 19.7864
162.613 19.668
162.613 19.8396
151.259 19.8731
151.259 19.8592
184.709 19.851
184.709 19.7854
184.709 19.8734
175.219 19.4559
175.219 19.6074
175.219 19.7411
175.219 19.9669
175.219 19.4784
168.498 19.6157
168.498 19.8096
151.323 19.7595
167.056 19.7408
156.846 19.7377
166.605 19.6112
159.845 19.7785
177.324 19.6958
177.324 19.6524
163.65 19.5214
172.055 19.7577
167.876 19.784
164.023 19.7216
157.989 19.8703
163.958 19.4779
171.521 19.5275
184.463 19.5239
173.715 19.5415
181.251 19.592
168.452 19.9708
194.318 19.5342
191.015 19.5936
201.416 19.5536
172.335 19.5184
182.712 19.5213
185.541 19.5983
186.063 19.8863
172.18 20.003
151.133 19.9837
162.614 19.6071
169.761 19.8633
155.185 19.7525
155.185 19.6918
162.098 19.8645
167.764 19.7528
167.764 19.9131
189.333 19.9009
207.012 19.9159
184.925 19.4068
198.567 19.7553
184.955 19.8653
163.716 19.5373
168.61 19.5545
174.384 19.7539
174.384 19.7014
174.384 19.7475
171.441 19.7498
182.057 19.9189
154.728 19.9538
168.387 19.9463
160.834 19.7103
160.834 19.8362
181.68 19.5912
181.68 19.7796
166.862 19.833
166.862 19.8091
174.691 19.7433
171.953 19.825
172.366 19.7786
162.616 19.6801
162.616 19.7652
162.616 19.6564
185.25 19.323
185.25 19.6496
187.738 19.7242
165.133 19.6903
184.46 19.6442
160.075 19.7473
184.808 19.4864
183.794 19.5394
164.188 19.5394
152.506 19.6962
152.506 19.7595
143.84 19.7528
143.84 19.5789
152.856 19.722
166.838 19.8271
166.838 19.9694
170.998 19.5396
190.014 19.7322
204.549 19.7755
205.284 19.7073
203.568 19.6723
203.568 19.798
183.225 19.6403
169.661 19.7541
166.805 19.6268
160.753 19.6323
154.496 19.6735
166.642 19.8374
176.313 19.5519
187.74 19.6169
175.417 19.7487
187.439 19.9719
175.767 19.72
184.076 19.4272
211.347 19.8181
163.024 19.9019
163.024 19.5314
180.534 19.5899
214.643 19.7446
178.408 19.7358
187.655 19.7363
183.441 19.6417
183.441 19.7811
180.887 19.5943
198.552 19.5828
178.08 19.8354
170.011 20.071
156.465 19.7379
156.465 19.5929
154.421 19.7544
154.421 19.615
149.633 19.7826
166.865 19.5828
171.318 19.476
177.193 19.6545
173.643 19.9076
176.272 19.6614
185.433 19.7027
201.59 19.9126
195.295 19.9751
202.887 19.7171
166.151 19.6602
187.299 19.5626
168.351 19.7092
189.454 19.7358
158.93 19.8898
159.525 19.8672
185.52 19.8343
185.52 19.8763
159.102 19.8814
179.26 19.901
172.605 19.7869
192.956 19.7443
184.31 19.7723
189.232 19.8182
171.867 19.827
184.82 19.5392
175.003 19.7926
151.884 19.6294
151.884 19.5793
168.603 19.7006
192.205 19.6241
192.439 19.7847
173.761 19.7632
156.546 19.7692
159.954 19.5519
150.289 19.6247
150.289 19.4755
150.289 19.8324
160.48 19.6873
147.743 19.5765
180.417 19.9101
197.356 19.4937
186.907 19.4243
220.296 19.8692
220.296 19.578
220.296 19.6725
207.343 19.6278
207.343 19.5874
177.902 19.8648
179.809 19.8579
170.287 19.5362
170.287 19.6003
158.267 19.8131
186.682 19.8557
189.918 19.6457
194.163 19.4874
161.836 19.8163
161.836 19.6747
161.836 19.6258
201.964 19.6003
157.593 19.5327
161.759 19.63
166.957 19.6197
159.133 19.5659
197.704 19.4645
193.962 19.5805
168.079 19.8704
169.471 20.0447
190.09 19.7521
195.971 19.72
179.248 19.6278
179.248 19.6207
167.967 19.3657
171.507 19.7404
189.554 19.7656
208.522 19.7272
193.207 19.7613
200.406 19.6594
208.329 19.6993
179.222 19.5847
179.222 19.5731
170.295 19.6735
176.002 19.6889
176.002 19.8675
181.898 19.8567
181.898 19.7724
160.418 19.7489
192.406 19.7059
179.671 20.003
166.5 19.669
168.704 19.5784
160.962 19.6497
155.062 19.8236
155.062 19.7186
172.578 19.5059
186.324 19.4637
186.324 19.5898
186.324 19.5986
194.689 19.5801
195.834 19.677
195.006 19.5324
198.356 19.561
184.044 19.5417
192.532 19.5913
174.135 19.7619
180.441 19.6191
182.183 19.6626
158.517 19.9242
170.116 19.7443
154.146 19.9144
181.603 19.9498
185.984 19.8511
186.18 19.7736
191.961 19.633
208.753 19.7445
188.309 19.6896
184.677 19.8041
186.859 19.8276
186.859 19.4124
186.859 19.6704
174.3 19.8038
154.889 19.5215
154.889 19.9449
154.889 19.726
170.029 19.5915
158.988 19.7533
151.762 19.779
145.517 19.6841
159.905 19.7245
162.819 19.7237
167.979 19.8026
173.017 19.828
173.017 19.6909
179.343 19.6794
171.555 19.6136
178.378 19.833
159.753 19.7938
164.696 19.5007
167.771 19.729
167.918 19.6843
168.791 19.7359
168.791 19.733
193.48 19.5774
171.239 19.7319
161.429 19.4312
161.429 19.8343
161.429 19.9089
170.338 19.859
155.096 19.858
161.766 19.6319
163.31 19.67
163.31 19.9709
143.501 19.6612
173.226 19.6576
170.361 19.8022
150.793 19.4644
177.699 19.6951
180.504 19.7373
176.04 19.9434
188.312 19.8658
197.272 19.6374
157.072 19.5404
163.924 19.5491
163.924 19.544
163.924 19.9054
163.924 19.7525
163.924 19.5497
163.924 19.7104
206.851 19.8255
178.512 19.9478
173.514 19.7039
182.785 19.849
183.265 19.3088
185.713 19.7637
185.713 19.8244
189.625 19.6208
209.895 19.8221
137.873 19.9527
137.873 19.7745
168.066 19.5142
144.906 19.7058
171.12 19.5787
171.12 19.5061
170.248 19.714
178.946 19.7
178.946 19.5055
178.946 19.6848
199.985 19.6175
185.887 19.6523
178.626 19.8658
180.8 19.6409
160.617 19.682
173.036 19.6221
173.79 19.8131
170.408 19.5996
166.725 19.4529
168.056 19.89
188.507 19.5782
172.589 19.5254
184.329 19.5123
197.577 19.3516
170.919 19.9127
156.961 19.7172
156.961 19.6635
170.698 19.6245
170.684 19.9097
