162.09 0.761137
162.09 0.752991
162.09 0.752991
162.09 0.752991
162.09 0.752991
162.09 0.76731
162.09 0.747717
162.09 0.755901
162.09 0.759623
162.09 0.760661
162.09 0.762953
162.09 0.768939
162.09 0.786918
162.09 0.759306
164.624 0.766971
172.571 0.766971
172.571 0.76252
172.782 0.743808
172.782 0.763517
170.443 0.762893
171.479 0.763021
171.048 0.745971
171.048 0.745971
173.246 0.764529
173.206 0.764529
172.658 0.764529
172.658 0.779468
175.829 0.78134
177.012 0.76901
177.012 0.767939
177.012 0.767939
178.046 0.757698
182.635 0.755552
185.374 0.746304
185.374 0.740226
185.374 0.73057
188.197 0.740287
188.197 0.736007
187.356 0.77337
187.356 0.765031
187.23 0.773071
187.23 0.77614
187.065 0.767373
187.065 0.767373
187.065 0.756656
187.065 0.765061
184.208 0.766228
184.208 0.751503
184.208 0.750946
184.208 0.75498
183.646 0.783033
188.037 0.783123
188.042 0.757351
189.073 0.761019
189.587 0.763055
189.587 0.773395
189.587 0.778279
189.587 0.770307
188.34 0.753789
188.34 0.764957
188.34 0.767459
187.382 0.75225
187.382 0.728618
187.382 0.728618
187.382 0.785444
187.382 0.785444
188.364 0.769712
188.364 0.763503
188.364 0.763191
188.364 0.767587
187.131 0.769319
188.035 0.774286
195.402 0.767414
193.778 0.780695
192.994 0.765417
190.75 0.763895
184.718 0.765648
184.718 0.750572
186.892 0.750914
186.892 0.765878
186.892 0.75076
186.892 0.753359
186.892 0.745584
185.477 0.771763
184.987 0.748518
202.473 0.752094
202.473 0.752094
202.473 0.763467
204.596 0.760762
205.464 0.762625
205.464 0.763074
208.682 0.762059
208.682 0.761698
207.256 0.733908
201.612 0.736119
200.464 0.753448
199.917 0.752461
199.178 0.753972
199.543 0.753954
203.432 0.752437
213.123 0.767375
213.123 0.768355
205.015 0.767306
206.092 0.767552
206.092 0.77459
206.552 0.772443
206.552 0.774892
203.617 0.769232
203.617 0.775351
204.089 0.754482
204.089 0.781771
204.414 0.771866
204.414 0.750272
204.414 0.729221
204.414 0.766296
205.308 0.768239
183.914 0.784175
184.658 0.751564
183.55 0.762216
183.55 0.751582
180.671 0.756504
180.671 0.764774
180.671 0.766026
180.671 0.769373
180.671 0.759495
180.671 0.754214
182.11 0.761523
182.11 0.763726
182.11 0.744839
182.11 0.772771
182.11 0.76904
182.11 0.772573
182.11 0.764133
182.11 0.760038
182.11 0.76097
177.692 0.766808
177.692 0.757851
176.388 0.754616
174.434 0.754616
180.411 0.759919
177.7 0.7537
177.7 0.764054
177.7 0.760666
177.34 0.76035
164.448 0.751773
164.448 0.752847
166.89 0.75499
166.89 0.754775
166.89 0.754175
166.89 0.753777
166.89 0.751914
166.89 0.752308
166.89 0.745768
166.89 0.751666
167.788 0.748327
166.339 0.74761
167.003 0.768507
167.003 0.767388
167.003 0.764774
167.003 0.765346
167.003 0.747079
167.003 0.764469
167.003 0.764966
167.003 0.789789
167.003 0.781882
167.003 0.755482
167.003 0.745946
167.003 0.754108
167.003 0.744819
167.003 0.752061
167.461 0.760417
167.461 0.754538
167.461 0.783058
172.236 0.774481
172.236 0.774481
169.088 0.763465
171.145 0.758364
171.145 0.754385
171.145 0.748379
171.145 0.745744
171.145 0.740024
164.268 0.753774
164.268 0.736534
164.268 0.745043
164.268 0.78135
164.268 0.766514
164.268 0.77449
164.268 0.77577
164.268 0.774005
164.268 0.769518
164.268 0.772087
164.268 0.767397
164.268 0.754622
164.268 0.754622
164.268 0.762084
164.268 0.769764
164.268 0.761465
164.268 0.761465
164.268 0.751219
164.268 0.765972
166.086 0.764402
166.086 0.744795
165.031 0.758431
165.031 0.741068
163.01 0.767458
163.01 0.754609
163.01 0.754955
163.01 0.747297
163.01 0.761382
162.377 0.741945
162.377 0.741354
162.377 0.762428
162.377 0.766918
162.377 0.759822
162.377 0.759822
162.377 0.748954
162.377 0.755664
162.377 0.774968
159.861 0.765687
158.904 0.766425
158.904 0.75687
158.904 0.761689
158.904 0.759737
158.904 0.753142
158.904 0.748321
158.904 0.760939
158.904 0.762963
159.885 0.763245
159.885 0.754355
160.103 0.746166
160.103 0.763421
160.103 0.758146
160.103 0.758164
160.103 0.759855
160.103 0.764556
160.103 0.766278
160.103 0.737268
160.049 0.755694
160.049 0.755694
151.44 0.759328
151.44 0.759126
151.44 0.756968
151.059 0.755665
151.059 0.769466
153.979 0.759137
155.402 0.759137
156.013 0.748371
156.013 0.768884
158.158 0.77166
158.158 0.774873
158.158 0.774873
158.166 0.752125
158.2 0.752125
158.2 0.769976
158.2 0.743955
158.2 0.776802
158.2 0.772705
156.854 0.763804
166.415 0.767701
166.415 0.763674
166.415 0.766764
180.948 0.75209
180.948 0.774406
180.362 0.768283
180.362 0.770427
181.841 0.751822
181.627 0.747739
182.977 0.747739
182.489 0.754428
182.489 0.745465
182.489 0.747361
182.489 0.758714
182.489 0.751401
182.489 0.750967
183.378 0.758922
180.386 0.748338
180.386 0.765813
180.367 0.772706
180.367 0.767675
180.367 0.767892
180.367 0.755525
174.468 0.749842
174.468 0.771366
176.714 0.766238
176.714 0.769891
176.714 0.772714
177.433 0.763706
177.433 0.765741
177.433 0.766765
177.263 0.765612
177.263 0.753336
177.263 0.775015
177.263 0.76153
177.263 0.755659
177.263 0.753993
177.263 0.766281
176.937 0.766281
189.796 0.773219
189.796 0.751168
188.562 0.761384
191.607 0.764736
191.607 0.789704
191.607 0.777655
190.837 0.767997
191.477 0.771924
192.713 0.762672
192.713 0.762422
192.997 0.772368
192.496 0.769082
192.496 0.742341
192.81 0.747449
192.81 0.768507
192.81 0.77904
192.81 0.75262
190.671 0.739717
192.432 0.739717
192.432 0.779378
189.968 0.745575
188.592 0.748743
188.592 0.77309
188.592 0.752833
188.592 0.753146
188.702 0.764704
188.702 0.756364
188.702 0.761845
188.702 0.766675
188.702 0.783899
188.702 0.75514
188.702 0.768828
188.702 0.766735
188.702 0.751121
188.702 0.763432
188.045 0.756251
188.045 0.74752
188.045 0.756793
188.408 0.763288
188.251 0.779532
190.004 0.773738
188.569 0.749137
192.608 0.762638
193.018 0.750963
193.018 0.752291
188.91 0.759598
188.59 0.757469
188.087 0.756388
186.322 0.754276
186.322 0.758383
186.322 0.762105
186.322 0.769423
186.322 0.759604
186.322 0.765815
186.322 0.768485
185.084 0.777195
186.611 0.767955
189.142 0.757463
189.142 0.756159
189.142 0.755794
190.237 0.755185
188.914 0.749009
189.206 0.753148
188.975 0.749305
190.895 0.747413
190.895 0.755173
190.895 0.761749
194.84 0.761749
196.843 0.749861
196.843 0.749861
196.843 0.749861
195.18 0.750438
195.563 0.760998
195.563 0.76065
195.403 0.769075
195.847 0.76408
198.315 0.764759
198.315 0.764759
198.315 0.764735
198.315 0.764204
198.315 0.746372
198.315 0.751778
198.315 0.744711
198.315 0.758482
199.499 0.766744
200.052 0.773803
200.052 0.773477
200.612 0.773378
200.301 0.759801
200.682 0.765864
200.518 0.782404
196.779 0.763795
195.722 0.768292
209.816 0.7737
205.167 0.773878
210.457 0.743972
205.278 0.775897
205.278 0.752331
204.204 0.76173
204.204 0.777457
206.926 0.758442
206.106 0.760463
206.106 0.759641
206.106 0.758717
203.952 0.762612
205.294 0.779685
205.294 0.741704
205.229 0.736687
205.797 0.733794
206.591 0.764397
204.67 0.76209
204.67 0.77068
201.671 0.786483
200.356 0.760874
200.542 0.750111
202.426 0.764445
203.677 0.764917
205.14 0.764266
205.14 0.767914
207.468 0.758527
207.468 0.757815
207.693 0.766607
207.693 0.751954
207.693 0.747668
204.971 0.763672
206.303 0.765161
206.303 0.774825
204.722 0.779623
201.075 0.747389
205.845 0.747648
205.417 0.747648
207.029 0.745274
207.029 0.749718
208.215 0.749718
207.241 0.751349
203.368 0.749161
203.368 0.744039
203.368 0.751837
203.368 0.772461
209.806 0.744394
209.806 0.747675
209.806 0.756866
209.806 0.764438
209.806 0.767137
211.171 0.72073
211.171 0.748361
211.171 0.75781
211.171 0.748842
211.171 0.766229
211.171 0.7599
208.549 0.749356
212.152 0.749457
212.152 0.752073
212.152 0.752073
214.578 0.753262
214.578 0.75313
214.61 0.780635
214.945 0.74517
218.053 0.753334
218.053 0.753334
218.053 0.751328
217.945 0.751148
217.945 0.757081
217.945 0.762827
217.945 0.770433
220.67 0.760415
220.67 0.762222
220.67 0.756785
220.905 0.760285
186.058 0.761274
185.014 0.745469
185.014 0.747203
186.088 0.753355
184.065 0.757557
184.065 0.769681
184.065 0.761638
181.884 0.764275
182.937 0.761403
182.937 0.761893
182.937 0.75974
183.965 0.760865
184.219 0.776816
187.755 0.778932
187.755 0.769897
189.453 0.769897
189.453 0.744048
193.782 0.749204
196.44 0.750296
195.85 0.769182
195.52 0.765553
195.52 0.761211
195.52 0.751316
195.52 0.751316
195.52 0.747549
196.316 0.747549
197.592 0.773726
194.831 0.756104
190.584 0.75534
190.584 0.755466
187.14 0.755708
187.14 0.755958
186.4 0.755958
185.11 0.780073
184.886 0.767501
183.302 0.761047
183.302 0.762004
183.302 0.738886
196.898 0.784514
196.621 0.739515
194.943 0.739515
194.943 0.728022
194.292 0.742299
191.287 0.738956
189.731 0.752013
188.598 0.762058
188.598 0.768771
188.087 0.764591
190.161 0.764799
186.012 0.760613
186.012 0.77746
187.359 0.764743
187.359 0.7453
187.359 0.7453
188.448 0.788979
187.001 0.790201
188.912 0.776243
188.912 0.745712
187.679 0.748453
184.07 0.740503
184.07 0.750505
183.332 0.77018
183.332 0.776881
178.512 0.777431
171.064 0.777431
171.064 0.777144
171.064 0.778994
171.064 0.778994
171.064 0.775817
171.064 0.762006
171.064 0.766468
171.064 0.766667
171.064 0.7611
173.642 0.758766
173.642 0.7839
173.642 0.759266
173.642 0.757196
173.642 0.76556
173.642 0.772505
173.579 0.75827
171.924 0.761622
177.91 0.761974
177.967 0.761974
177.967 0.759339
177.095 0.742544
166.636 0.755749
166.636 0.737694
166.636 0.758368
166.636 0.758368
166.636 0.74809
166.636 0.776988
166.636 0.761772
157.099 0.762827
157.099 0.762902
157.918 0.758251
158.492 0.762902
156.79 0.763265
155.097 0.775885
155.703 0.785449
154.965 0.780854
154.965 0.776217
154.965 0.782529
154.965 0.747034
157.207 0.756742
157.207 0.756742
156.943 0.751671
158.556 0.7629
159.313 0.7629
158.18 0.765149
156.665 0.769002
156.665 0.769002
156.665 0.751673
155.58 0.7574
156.044 0.770912
156.044 0.763012
159.52 0.768173
159.52 0.768173
159.52 0.759155
160.825 0.762235
160.825 0.76119
160.825 0.763265
160.825 0.76284
160.825 0.761062
160.825 0.76111
160.825 0.761785
160.825 0.766969
160.825 0.756804
160.825 0.757608
160.825 0.757608
160.825 0.763957
161.938 0.762834
161.938 0.748593
161.938 0.769089
161.938 0.761541
161.938 0.759126
161.938 0.765803
161.938 0.776975
161.938 0.758505
161.938 0.758406
161.938 0.758382
163.379 0.758552
163.379 0.753195
163.379 0.754065
163.379 0.747369
163.379 0.746841
164.036 0.743152
164.036 0.750198
164.036 0.755318
164.036 0.755318
164.036 0.757472
163.641 0.757472
163.641 0.763489
163.406 0.749776
164.629 0.760933
162.383 0.760933
162.383 0.772847
162.383 0.765287
162.383 0.75707
160.345 0.756865
160.345 0.759753
162.422 0.772241
162.422 0.764401
163.873 0.762874
163.873 0.766014
163.873 0.768343
163.873 0.773164
163.873 0.76683
163.873 0.765258
163.397 0.768009
163.397 0.769047
163.397 0.766344
163.397 0.775405
164.21 0.774803
166.242 0.760393
168.535 0.760021
175.4 0.75117
173.165 0.743232
176.862 0.775526
177.435 0.772251
177.435 0.761283
177.033 0.754592
177.033 0.74543
177.033 0.757542
177.033 0.7688
177.253 0.760041
176.488 0.770272
176.488 0.792811
176.488 0.792811
177.197 0.777569
177.197 0.769689
169.984 0.765853
169.984 0.762956
169.984 0.757958
169.984 0.753418
169.984 0.760459
169.984 0.785654
169.984 0.784741
169.984 0.759
169.984 0.752662
169.984 0.774179
173.851 0.77581
173.851 0.758283
173.851 0.773251
173.851 0.773251
171.938 0.78238
171.303 0.764934
171.303 0.76288
171.303 0.761656
171.303 0.761656
169.783 0.756968
169.783 0.762511
167.691 0.788074
167.691 0.778738
167.691 0.753629
167.691 0.769701
167.691 0.771282
167.691 0.771695
167.691 0.774706
167.691 0.764643
167.691 0.747466
167.691 0.75827
167.691 0.760357
167.691 0.76104
167.691 0.772007
166.228 0.765333
166.228 0.755169
166.228 0.755169
167.966 0.753104
167.966 0.763652
167.966 0.765944
167.966 0.771833
167.966 0.7694
167.966 0.774337
167.966 0.768116
167.966 0.778124
167.966 0.767346
167.966 0.748817
167.966 0.758019
164.48 0.75341
164.48 0.755997
164.48 0.747616
164.48 0.751085
164.683 0.754672
162.526 0.753111
162.526 0.755759
162.526 0.755883
162.526 0.756294
162.526 0.753695
162.526 0.759411
162.155 0.764026
162.155 0.755369
160.261 0.762972
159.473 0.746319
159.473 0.764304
159.473 0.764304
159.473 0.763904
163.644 0.766462
163.644 0.755051
162.962 0.769592
164.447 0.750913
164.447 0.758482
164.447 0.755739
164.447 0.778724
164.447 0.732059
163.489 0.737211
163.489 0.767873
163.489 0.752334
160.02 0.768323
161.395 0.772878
170.617 0.742587
170.617 0.774882
170.617 0.763847
170.617 0.756558
170.617 0.766617
170.617 0.771779
170.617 0.771779
171.912 0.747591
180.57 0.747493
182.104 0.769351
182.104 0.756277
184.465 0.765866
180.915 0.759924
178.948 0.775824
178.948 0.765651
178.545 0.763456
178.505 0.749603
178.505 0.764271
179.095 0.764216
179.095 0.771732
179.095 0.739371
179.095 0.741687
179.095 0.7595
179.095 0.759796
179.095 0.760684
178.921 0.766276
174.904 0.77393
175.515 0.77393
175.752 0.766635
176.132 0.767916
176.132 0.76983
176.132 0.776
174.88 0.783024
174.88 0.785635
174.272 0.779665
175.218 0.76618
174.563 0.755725
174.83 0.757192
174.83 0.765184
174.83 0.765184
174.83 0.777125
174.83 0.777125
174.83 0.777125
175.63 0.756029
175.63 0.777874
174.335 0.776858
174.335 0.763772
174.335 0.769625
174.335 0.76993
174.335 0.773818
178.227 0.76816
178.227 0.759108
178.227 0.762498
178.227 0.751339
179.419 0.750659
179.419 0.750962
179.419 0.75125
182.67 0.751222
182.67 0.751168
182.67 0.749217
182.323 0.750081
184.14 0.733628
184.14 0.739468
184.14 0.742843
186.381 0.750113
186.381 0.764107
186.381 0.756139
186.381 0.746425
182.395 0.784952
182.395 0.756849
182.395 0.747501
182.104 0.747496
180.619 0.747546
180.619 0.747546
181.426 0.761008
181.426 0.767807
181.426 0.771226
166.759 0.785255
166.759 0.779519
166.759 0.768359
164.545 0.76933
164.545 0.76933
164.545 0.764586
164.545 0.749109
164.545 0.74512
164.545 0.756251
167.002 0.771897
167.002 0.767413
166.247 0.744809
166.247 0.770831
166.247 0.762938
166.247 0.753141
166.247 0.758846
166.247 0.747432
163.798 0.752622
163.798 0.753928
163.798 0.768094
163.798 0.768957
163.798 0.75812
163.798 0.758245
163.798 0.761687
163.798 0.759629
163.798 0.761048
163.798 0.761468
161.292 0.748727
161.292 0.746845
161.292 0.745818
161.292 0.76714
161.292 0.75847
161.292 0.757998
164.72 0.752348
164.72 0.762441
164.72 0.768143
162.343 0.768143
162.343 0.749905
162.343 0.759904
162.343 0.759694
162.343 0.763461
147.904 0.759513
147.904 0.761236
148.449 0.768851
148.449 0.76772
148.449 0.775956
148.449 0.757577
148.449 0.756964
148.449 0.756748
148.449 0.770921
148.449 0.762198
148.449 0.766094
148.449 0.737575
148.449 0.743337
148.002 0.760598
148.002 0.76674
148.282 0.771169
148.282 0.767155
148.282 0.75245
148.282 0.749646
148.282 0.760911
148.282 0.757027
148.446 0.771267
148.446 0.768913
148.446 0.767045
148.446 0.759399
148.446 0.758945
148.446 0.757841
148.446 0.74928
148.446 0.770069
148.446 0.77201
148.446 0.756625
148.446 0.767339
148.446 0.765012
148.446 0.762745
148.446 0.76402
148.446 0.767593
148.446 0.768109
148.446 0.757954
148.446 0.744694
148.446 0.753703
148.446 0.777704
148.446 0.776819
148.446 0.763295
148.446 0.754081
148.446 0.744155
148.446 0.751761
148.446 0.748529
148.446 0.763866
148.446 0.762676
150.261 0.759112
150.261 0.755224
150.261 0.745402
150.261 0.750619
150.261 0.762905
150.261 0.767413
150.261 0.769373
150.261 0.776032
150.261 0.765794
150.261 0.763594
150.261 0.767722
150.261 0.754207
147.195 0.766248
147.195 0.756621
147.195 0.740779
146.543 0.753789
146.543 0.764374
146.543 0.761976
146.543 0.764889
146.975 0.765969
146.975 0.758228
146.975 0.75193
146.975 0.752377
146.975 0.752377
146.975 0.751652
146.975 0.759053
146.975 0.753997
146.975 0.761758
146.975 0.770405
146.975 0.770211
146.975 0.763101
146.975 0.750061
146.001 0.766453
146.001 0.760189
146.001 0.762204
146.001 0.767881
146.001 0.77119
146.001 0.784856
146.001 0.734227
146.001 0.748267
146.001 0.752552
146.001 0.769481
146.001 0.768272
146.001 0.751808
146.001 0.751808
146.001 0.760481
146.001 0.760481
146.001 0.759806
146.001 0.765105
146.001 0.773853
146.001 0.740826
146.001 0.740826
145.23 0.752202
145.23 0.758494
145.23 0.761558
145.23 0.75634
145.23 0.773716
145.23 0.779834
145.23 0.773223
145.23 0.783253
158.938 0.783253
157.623 0.769843
157.623 0.769843
157.623 0.771828
157.623 0.771828
157.404 0.763587
157.404 0.762852
157.404 0.761445
157.404 0.756174
157.404 0.758032
157.404 0.775251
155.924 0.781665
155.924 0.749145
158.39 0.756664
158.39 0.756763
158.39 0.756586
158.39 0.759189
158.39 0.759872
158.39 0.752791
158.39 0.747543
158.39 0.754487
158.39 0.756861
158.39 0.764839
158.39 0.770094
158.39 0.75982
158.39 0.765572
158.39 0.757455
158.39 0.760769
158.39 0.766605
158.39 0.766136
158.39 0.770637
158.39 0.764603
158.39 0.769397
158.39 0.769089
158.39 0.769007
158.39 0.769017
158.39 0.769035
158.39 0.747755
161.727 0.766722
161.727 0.766722
161.727 0.757923
161.727 0.767837
161.727 0.75834
162.043 0.743488
162.043 0.749997
162.043 0.783064
162.043 0.783064
162.043 0.792464
162.043 0.767864
162.043 0.746974
162.043 0.776301
162.043 0.783734
162.043 0.770982
162.043 0.758617
162.043 0.769065
162.043 0.765011
162.043 0.75265
162.043 0.747002
162.043 0.742563
162.043 0.751438
162.043 0.745542
162.043 0.744744
162.043 0.747418
162.043 0.751664
162.043 0.766241
162.043 0.763098
162.043 0.765752
162.043 0.757714
162.043 0.751536
156.664 0.754938
159.35 0.75593
159.231 0.751062
159.231 0.758854
159.231 0.754529
159.758 0.7515
159.758 0.7515
160.865 0.762852
162.169 0.780603
162.169 0.77949
162.169 0.762099
162.411 0.761293
162.411 0.765888
162.411 0.773251
162.411 0.76345
161.781 0.780083
160.59 0.755048
160.59 0.755048
160.59 0.766932
160.59 0.768771
160.59 0.780216
160.59 0.778368
160.59 0.781069
160.454 0.781069
162.332 0.762708
162.332 0.764672
162.332 0.764573
162.332 0.767758
166.476 0.763053
166.476 0.771381
166.476 0.767667
166.476 0.762694
166.476 0.762694
166.476 0.758707
166.476 0.756905
164.878 0.780572
164.878 0.784992
165.653 0.739736
166.268 0.76304
165.375 0.750129
164.736 0.760645
164.736 0.757385
164.736 0.776692
165.5 0.77563
167.563 0.77964
167.563 0.772992
167.563 0.772865
167.563 0.767935
167.563 0.740178
167.563 0.733816
167.563 0.741045
167.563 0.735862
167.563 0.757681
167.563 0.761896
167.563 0.755215
167.563 0.773264
167.563 0.756826
167.563 0.75398
167.563 0.758252
167.563 0.76673
167.563 0.777969
167.563 0.763884
168.138 0.760616
168.138 0.746253
169.391 0.774547
169.391 0.758993
169.281 0.745904
169.281 0.775028
169.281 0.78146
171.124 0.777158
171.124 0.751844
174.443 0.749145
174.518 0.770033
173.962 0.782773
176.291 0.745194
176.291 0.74055
173.003 0.767064
173.003 0.794835
172.982 0.765422
172.982 0.746904
176.57 0.747539
177.161 0.757284
177.161 0.763441
177.161 0.762064
177.161 0.763212
177.161 0.7759
178.565 0.748401
178.565 0.752289
178.706 0.762157
178.706 0.778115
178.706 0.774748
177.583 0.763331
177.583 0.779226
177.583 0.7805
177.583 0.768409
177.583 0.760819
176.131 0.755239
176.131 0.77307
176.131 0.756943
176.131 0.770902
176.131 0.764855
176.131 0.769156
176.782 0.767788
175.838 0.767788
175.838 0.766517
175.838 0.777678
175.889 0.759592
174.26 0.751593
174.511 0.765225
174.254 0.764932
174.55 0.764932
174.774 0.780814
175.73 0.76998
175.819 0.756584
175.884 0.761051
175.013 0.764634
175.013 0.764634
174.675 0.764634
179.661 0.762876
183.722 0.76582
183.722 0.771462
185.35 0.789854
185.35 0.758073
189.513 0.765301
190.441 0.767803
190.365 0.753615
190.365 0.762363
193.41 0.774862
193.317 0.74198
195.063 0.765065
195.854 0.759654
196.801 0.777084
195.99 0.764043
194.79 0.764043
214.092 0.745912
212.047 0.763032
209.788 0.756356
209.891 0.75503
209.891 0.758863
210.238 0.762102
211.415 0.78622
211.415 0.779348
212.331 0.765206
212.457 0.757993
212.457 0.765776
215.398 0.763607
215.973 0.752387
215.973 0.755219
215.973 0.770791
215.667 0.769992
215.758 0.764796
212.908 0.783635
212.908 0.770139
224.074 0.782027
224.074 0.784161
224.074 0.77998
224.074 0.785195
224.074 0.759302
222.568 0.766523
222.568 0.742943
224.766 0.744992
224.766 0.737065
224.766 0.778583
217.957 0.752861
217.957 0.765893
230.624 0.769361
227.356 0.767982
227.356 0.769041
230.445 0.752911
230.445 0.759042
230.445 0.759042
230.445 0.753055
230.445 0.752238
230.445 0.751862
230.445 0.751825
230.445 0.762525
230.445 0.757276
230.445 0.740773
230.445 0.752005
230.445 0.762952
230.445 0.762952
226.683 0.773524
226.683 0.762864
226.683 0.767128
226.683 0.76439
226.683 0.757525
226.683 0.759186
226.683 0.747958
226.683 0.747958
226.683 0.747958
226.683 0.758152
226.683 0.76144
226.683 0.762079
226.683 0.740064
225.897 0.740064
227.062 0.740547
227.062 0.776095
227.062 0.763046
227.062 0.746774
227.062 0.771734
227.062 0.747343
227.062 0.738599
227.062 0.754303
226.802 0.75472
226.802 0.75472
223.648 0.75472
223.648 0.766406
223.648 0.760798
223.648 0.760803
218.675 0.760476
218.675 0.756383
218.675 0.772314
218.675 0.763945
220.068 0.746738
220.068 0.752905
220.068 0.772179
220.068 0.742026
220.068 0.734824
220.068 0.762842
220.068 0.762404
220.068 0.762746
220.068 0.745667
220.068 0.752825
217.923 0.74729
217.923 0.74729
217.923 0.74729
217.923 0.750922
217.923 0.750922
221.063 0.750922
221.063 0.741848
208.922 0.732782
206.877 0.77402
206.877 0.765585
206.877 0.768985
206.877 0.756883
206.877 0.766203
206.877 0.768569
212.118 0.755838
212.118 0.758341
212.118 0.762976
212.118 0.757042
212.118 0.757042
212.118 0.753686
207.947 0.745186
207.947 0.741257
207.947 0.741257
207.947 0.788445
207.947 0.773595
207.947 0.746245
220.067 0.760459
220.067 0.775248
213.677 0.764875
212.112 0.765491
209.858 0.763681
209.858 0.748249
209.858 0.763111
208.364 0.75778
211.477 0.754399
211.477 0.746024
211.477 0.734509
213.063 0.740489
213.063 0.767743
213.063 0.771216
213.063 0.763405
213.063 0.762212
209.91 0.779303
206.268 0.755912
205.733 0.755912
205.733 0.756984
205.32 0.751394
206.597 0.751394
206.409 0.754143
206.409 0.747669
217.516 0.746515
217.516 0.750273
217.516 0.745787
217.516 0.746185
217.516 0.754419
217.516 0.764372
217.516 0.775153
217.516 0.775153
216.927 0.780657
221.939 0.764307
220.13 0.762798
218.079 0.762999
218.079 0.766899
215.863 0.768339
215.863 0.763841
212.768 0.74697
212.768 0.745336
212.768 0.749563
212.914 0.754901
209.904 0.763587
209.904 0.774946
208.656 0.760435
208.656 0.769996
209.152 0.75756
213.727 0.753514
213.727 0.753514
213.727 0.762363
216.298 0.759181
216.298 0.743589
216.298 0.753809
212.238 0.756086
212.238 0.760409
214.396 0.759916
215.803 0.754352
215.803 0.755582
220.661 0.77805
220.661 0.764341
220.661 0.763935
223.46 0.758522
223.46 0.760444
223.46 0.765816
223.46 0.769159
223.46 0.76742
223.46 0.76742
240.647 0.766411
240.647 0.764219
240.647 0.753368
232.854 0.753368
232.854 0.754581
232.854 0.764775
232.854 0.768133
232.854 0.766432
234.038 0.766384
236.089 0.766853
232.224 0.764531
234.945 0.757729
237.489 0.754609
237.489 0.755253
234.956 0.769943
234.956 0.767672
234.956 0.767672
234.956 0.767918
234.956 0.769043
234.956 0.773809
234.956 0.753143
234.956 0.777564
234.24 0.74445
234.24 0.764057
239.169 0.764556
237.21 0.76808
236.966 0.778642
236.966 0.744447
236.966 0.774108
236.966 0.763969
236.966 0.761586
236.966 0.760371
236.966 0.756758
236.966 0.761345
236.966 0.765553
236.966 0.767146
233.149 0.750388
235.746 0.750388
235.746 0.751873
233.774 0.746375
233.774 0.762913
233.774 0.75699
233.484 0.766722
233.484 0.768567
233.484 0.759102
233.484 0.757517
231.177 0.753018
231.177 0.779197
231.177 0.766568
228.737 0.76351
228.737 0.763396
228.737 0.763639
228.737 0.753715
228.737 0.761072
228.737 0.752237
228.737 0.778659
228.737 0.766788
228.737 0.755533
228.737 0.749429
228.737 0.753091
228.737 0.754398
227.511 0.74994
226.44 0.738841
226.44 0.750341
226.44 0.752006
226.44 0.757802
228.54 0.767277
228.54 0.757427
228.54 0.752538
228.54 0.752538
228.54 0.775483
228.54 0.772767
228.54 0.761552
228.54 0.763331
224.907 0.790366
223.708 0.773453
223.708 0.766195
223.708 0.758991
223.708 0.758563
223.708 0.752058
221.212 0.741117
221.212 0.766549
221.212 0.761444
221.212 0.767737
217.568 0.775975
218.719 0.770471
218.719 0.775172
218.719 0.752426
216.497 0.755642
216.497 0.760577
216.497 0.75955
217.214 0.76764
217.214 0.763901
217.619 0.779442
217.619 0.759647
217.919 0.754696
217.919 0.763755
217.919 0.765591
217.919 0.763437
240.011 0.75964
240.011 0.759568
240.011 0.760051
240.011 0.756095
240.011 0.750462
236.737 0.750877
236.737 0.766313
236.737 0.766313
236.737 0.74971
236.737 0.789754
236.737 0.768502
236.737 0.752367
236.737 0.767261
236.737 0.767876
236.737 0.757864
236.737 0.75752
236.737 0.753074
236.737 0.747437
236.737 0.743412
236.737 0.776771
237.512 0.776979
237.512 0.776909
237.512 0.77809
237.512 0.740479
237.512 0.766947
237.512 0.755241
240.029 0.756591
240.029 0.759447
240.029 0.760822
240.029 0.753427
240.029 0.739924
240.029 0.754691
240.107 0.757761
240.107 0.770295
240.107 0.760657
240.107 0.754237
237.098 0.765373
239.356 0.765307
239.356 0.763256
239.484 0.761476
239.484 0.766917
239.484 0.764583
239.529 0.764884
239.529 0.764784
239.529 0.762162
239.529 0.770953
239.529 0.77032
239.529 0.77032
239.529 0.767594
237.321 0.740158
237.321 0.722045
237.321 0.765358
237.321 0.769191
237.321 0.763955
238.234 0.762158
238.234 0.766355
238.234 0.771186
238.234 0.77803
238.234 0.774588
238.234 0.744222
241.534 0.751929
241.534 0.746922
241.534 0.741108
241.534 0.749622
241.534 0.748397
241.534 0.748397
241.534 0.748397
241.534 0.768087
241.534 0.765811
241.534 0.76464
241.52 0.764712
241.52 0.766774
241.52 0.766335
241.52 0.759453
241.52 0.763091
241.52 0.762413
241.52 0.770384
241.52 0.765385
241.52 0.771414
241.52 0.778249
241.52 0.774093
238.07 0.741876
238.07 0.734461
238.07 0.766425
238.07 0.762465
236.556 0.752425
235.999 0.769888
235.999 0.75961
235.999 0.755981
235.999 0.751767
235.999 0.762393
235.999 0.758884
235.999 0.767995
235.999 0.747282
235.999 0.759944
235.999 0.755683
235.999 0.774829
235.999 0.753545
235.999 0.7828
235.999 0.772025
235.999 0.772025
235.999 0.772592
234.783 0.771974
234.783 0.73623
234.783 0.75479
234.783 0.77018
234.783 0.749126
234.783 0.75676
234.783 0.758758
234.783 0.758758
234.783 0.752289
234.783 0.741745
234.783 0.746168
234.783 0.73665
234.783 0.757386
234.783 0.759177
233.665 0.759177
226.392 0.763112
226.392 0.764619
226.392 0.756206
226.392 0.751939
226.392 0.769115
226.392 0.758438
226.392 0.749778
226.392 0.745785
226.392 0.745785
226.392 0.766839
226.392 0.759441
226.392 0.764323
226.392 0.759931
226.392 0.765285
226.392 0.770695
215.781 0.757468
215.153 0.759869
215.153 0.75792
215.153 0.765251
210.523 0.765794
210.523 0.757694
208.795 0.758553
208.795 0.760515
208.795 0.758803
208.723 0.753423
207.401 0.75472
208.829 0.753701
210.904 0.760261
210.904 0.764201
210.904 0.770153
210.904 0.744331
210.915 0.752733
210.915 0.761665
210.915 0.761884
210.915 0.761748
210.915 0.762258
210.915 0.763589
210.915 0.744703
210.915 0.785768
210.915 0.751119
210.915 0.747238
210.915 0.757892
210.915 0.762561
210.915 0.759807
210.915 0.760462
210.915 0.764686
210.915 0.770767
210.915 0.765447
210.915 0.758203
210.915 0.754235
210.915 0.754235
210.915 0.776061
210.915 0.773671
210.915 0.774318
210.915 0.767673
210.915 0.770997
210.915 0.770997
210.915 0.769989
210.915 0.752191
210.915 0.752191
210.915 0.73713
210.915 0.748148
210.915 0.75635
210.915 0.753864
210.915 0.754586
210.915 0.754842
190.476 0.755253
189.556 0.756149
190.017 0.777602
184.682 0.749624
184.671 0.739357
183.237 0.740897
185.02 0.750101
185.02 0.752924
185.931 0.758944
185.931 0.760428
193.818 0.753243
193.818 0.747735
193.818 0.75659
193.818 0.756643
193.818 0.759378
193.818 0.752706
196.758 0.777232
196.368 0.796544
196.368 0.796544
194.288 0.791521
194.944 0.78246
194.367 0.772624
194.367 0.775305
194.72 0.7676
197.864 0.757485
199.417 0.754196
194.653 0.756036
193.826 0.739407
193.826 0.754323
195.865 0.746498
193.795 0.747149
196.093 0.749806
196.928 0.773472
196.928 0.763031
196.928 0.763031
199.067 0.742647
198.027 0.731145
197.535 0.753846
197.535 0.747501
194.416 0.778648
194.416 0.755837
190.717 0.7532
190.717 0.7643
190.717 0.766255
190.717 0.765292
189.441 0.7736
192.279 0.751929
189.368 0.751929
194.217 0.744353
194.217 0.739183
190.327 0.775654
189.838 0.775057
189.603 0.756789
191.329 0.758269
191.329 0.757011
191.329 0.76179
191.329 0.748881
193.196 0.734277
193.196 0.780965
194.424 0.779662
196.67 0.779662
193.434 0.779662
192.106 0.770693
193.063 0.771938
194.358 0.757054
196.455 0.759731
198.941 0.757229
186.254 0.780091
184.892 0.727427
205.807 0.782957
200.27 0.776613
200.02 0.777674
199.687 0.769402
200.104 0.762717
202.656 0.771219
202.656 0.762262
200.433 0.762449
200.433 0.762449
198.549 0.767501
198.549 0.767501
196.747 0.753105
195.642 0.754794
193.371 0.746813
193.686 0.757677
193.686 0.753328
193.471 0.766269
192.777 0.770558
192.838 0.768356
193.944 0.760171
194.445 0.762007
194.445 0.756065
193.576 0.755799
194.697 0.761447
194.697 0.744019
193.958 0.751052
194.715 0.751052
191.769 0.761626
193.202 0.759931
193.88 0.765186
194.393 0.768251
193.117 0.757255
193.455 0.752835
192.528 0.771356
192.528 0.773102
192.528 0.757408
192.528 0.776326
192.528 0.744547
192.807 0.754498
189.512 0.754498
188.081 0.754744
188.081 0.752373
188.654 0.770283
191.308 0.751891
191.308 0.736461
190.628 0.74759
191.86 0.757732
192.928 0.755198
190.872 0.749253
190.872 0.766778
193.465 0.748328
193.465 0.762483
200.546 0.756159
200.546 0.753857
200.546 0.752081
204.773 0.748839
204.773 0.760723
204.773 0.764969
207.219 0.756703
204.603 0.750646
202.712 0.771094
202.712 0.771094
202.267 0.764906
201.244 0.768801
200.752 0.756284
201.35 0.758114
201.35 0.759218
200.962 0.752105
201.918 0.75252
205.308 0.760682
208.186 0.778891
203.822 0.751325
201.587 0.751124
200.954 0.767584
200.954 0.761844
200.954 0.761278
200.954 0.760065
201.919 0.770614
201.919 0.78409
201.529 0.768493
203.066 0.755855
203.066 0.765587
203.066 0.765144
204.991 0.752368
205.573 0.75173
205.658 0.771929
213.079 0.771929
213.079 0.770364
212.187 0.745529
212.187 0.780995
212.187 0.765245
212.187 0.760489
216.506 0.758656
222.532 0.745311
222.532 0.753894
222.532 0.756427
222.532 0.767521
222.532 0.772902
222.532 0.772902
218.733 0.757351
223.472 0.75752
223.472 0.773542
223.629 0.767488
223.629 0.767488
220.841 0.766928
220.841 0.765379
220.841 0.757341
206.777 0.766019
208.303 0.758183
210.106 0.763439
202.427 0.754452
209.189 0.759636
209.189 0.762273
209.189 0.762273
209.189 0.749367
209.189 0.751528
209.189 0.746794
209.189 0.746413
209.189 0.745353
209.189 0.74895
209.189 0.759822
212.002 0.759301
212.002 0.772944
212.002 0.765054
212.002 0.761492
213.276 0.760044
234.657 0.762757
236.284 0.759168
236.284 0.759168
236.284 0.749825
236.284 0.749122
234.509 0.765872
234.509 0.747007
244.605 0.749673
244.605 0.776742
241.6 0.764156
241.6 0.759318
244.764 0.763485
244.764 0.768771
244.764 0.765502
243.064 0.765562
243.064 0.762629
242.089 0.762629
242.089 0.749404
242.089 0.74885
242.089 0.754049
242.089 0.754049
245.513 0.754049
245.513 0.759654
245.513 0.751592
245.513 0.760544
245.513 0.758292
245.513 0.757088
245.513 0.756034
245.513 0.765431
245.513 0.76173
247.164 0.744571
247.164 0.788319
247.164 0.743027
247.164 0.748084
247.164 0.766156
247.164 0.766156
247.164 0.75655
247.164 0.763902
247.164 0.763902
247.164 0.757994
247.164 0.76268
247.164 0.757596
247.91 0.758246
247.91 0.758246
247.91 0.772731
247.91 0.757885
247.91 0.742056
247.91 0.742056
247.91 0.744146
247.91 0.743331
247.91 0.778992
247.91 0.772238
247.91 0.762736
247.91 0.762399
247.91 0.762279
247.91 0.762092
247.91 0.771826
247.91 0.774398
247.91 0.774609
247.91 0.774691
247.91 0.770007
247.91 0.764592
247.91 0.743259
247.91 0.766711
247.91 0.76906
245.062 0.754266
245.062 0.756838
244.66 0.753274
244.66 0.768749
244.146 0.76982
244.146 0.746271
244.146 0.756246
242.343 0.757481
242.343 0.770701
242.343 0.760803
242.343 0.760918
242.343 0.76003
242.343 0.752907
242.343 0.759185
240.95 0.75008
244.595 0.753902
244.595 0.759861
244.595 0.782529
244.595 0.767511
244.595 0.757009
244.595 0.741803
244.595 0.753241
244.595 0.755497
244.595 0.746637
244.595 0.750295
244.595 0.750443
244.595 0.747709
244.595 0.766207
244.595 0.766792
244.595 0.755905
244.595 0.764556
244.595 0.759832
244.595 0.756035
244.595 0.754839
244.595 0.762563
244.595 0.758628
244.595 0.760354
244.595 0.761381
244.595 0.762562
244.595 0.75873
244.595 0.743453
247.43 0.759035
247.43 0.757211
247.43 0.754094
247.43 0.769647
247.43 0.754887
247.728 0.751756
247.728 0.746012
247.728 0.751361
247.728 0.776259
247.728 0.772802
247.728 0.781201
246.872 0.754612
246.872 0.77194
246.872 0.779871
246.872 0.769213
246.872 0.77288
246.872 0.753942
246.872 0.766633
246.872 0.752356
246.872 0.757592
246.872 0.755087
246.872 0.755087
246.114 0.75659
246.114 0.742944
248.482 0.775198
248.482 0.774514
248.482 0.782385
254.233 0.775136
254.233 0.759776
254.233 0.759955
254.233 0.76179
254.233 0.765336
250.612 0.749922
250.612 0.751195
250.612 0.739556
250.612 0.741617
250.612 0.77766
250.612 0.759322
250.612 0.774945
250.612 0.761183
250.612 0.773552
250.612 0.773552
250.612 0.770735
250.612 0.767252
248.496 0.766241
250.355 0.774546
250.355 0.774546
250.355 0.770144
250.355 0.745739
250.355 0.745739
250.355 0.760951
250.541 0.758377
250.541 0.761275
250.541 0.774663
250.541 0.770823
250.541 0.75224
250.811 0.781626
255.727 0.764771
255.727 0.760615
253.463 0.76911
255.92 0.744978
255.92 0.763924
254.833 0.772672
254.833 0.765574
254.833 0.77289
254.833 0.77084
254.833 0.766156
254.833 0.766557
254.833 0.765811
254.833 0.775431
241.439 0.750162
241.439 0.755521
241.439 0.752801
241.439 0.754569
241.439 0.762649
241.439 0.760114
239.931 0.760041
239.931 0.767806
239.931 0.759091
239.931 0.764525
239.931 0.770475
239.931 0.771051
239.931 0.747241
239.931 0.761611
235.826 0.762474
235.826 0.771692
235.826 0.765466
234.909 0.765466
234.909 0.761104
231.171 0.774478
231.171 0.746908
231.171 0.753597
231.171 0.753597
231.171 0.747187
233.463 0.741085
233.173 0.733229
230.458 0.776646
230.458 0.762053
227.516 0.748742
227.516 0.752586
227.516 0.768101
227.516 0.773376
226.986 0.76659
229.653 0.759486
227.722 0.739265
227.722 0.750188
223.503 0.772875
223.503 0.744113
223.503 0.755156
223.503 0.777393
223.503 0.772294
223.503 0.749018
223.503 0.753149
223.503 0.776349
223.503 0.773357
223.073 0.76648
223.073 0.7675
223.073 0.769782
227.252 0.768908
226.476 0.749349
228.272 0.753489
228.272 0.745422
228.272 0.74754
228.272 0.756688
212.404 0.760782
209.719 0.759059
206.689 0.764374
206.689 0.76086
206.689 0.757036
206.689 0.755134
206.689 0.751547
206.689 0.751547
206.689 0.751571
201.305 0.768105
200.054 0.768337
200.622 0.758742
200.971 0.740122
200.971 0.744418
199.595 0.759575
199.456 0.758278
201.577 0.759971
183.931 0.732486
183.408 0.741756
183.408 0.754336
183.408 0.766259
183.408 0.765137
183.408 0.760386
183.408 0.758326
182.709 0.762645
182.709 0.76617
182.709 0.765556
181.94 0.751969
181.94 0.752159
180.009 0.760037
177.112 0.767786
177.112 0.760236
177.112 0.763947
177.112 0.755745
177.112 0.745128
175.873 0.748525
175.873 0.760147
178.713 0.770372
178.713 0.771101
178.332 0.765265
177.399 0.748232
180.908 0.745839
182.357 0.761118
182.357 0.790891
182.357 0.785647
181.55 0.76458
184.498 0.774123
187.672 0.746425
187.672 0.756051
188.202 0.759894
188.338 0.775855
188.338 0.75603
188.711 0.75603
185.237 0.75603
185.237 0.740747
186.027 0.748729
186.846 0.740197
186.742 0.769572
186.742 0.766573
186.742 0.760622
186.694 0.754775
186.694 0.748813
186.694 0.760368
186.694 0.753551
196.665 0.755053
195.691 0.76503
196.632 0.76179
198.128 0.76539
196.873 0.755555
196.873 0.76298
196.873 0.760471
196.873 0.754627
196.873 0.750286
196.873 0.760541
199.273 0.777619
199.273 0.766389
199.184 0.776205
195.963 0.778
195.963 0.772334
195.872 0.767892
195.872 0.765627
195.872 0.769853
193.601 0.768718
193.601 0.766003
193.601 0.766471
195.287 0.752015
195.287 0.769572
195.287 0.767711
195.287 0.770809
193.983 0.763829
199.814 0.758655
200.99 0.754949
200.99 0.760676
201.765 0.767503
196.546 0.763655
197.092 0.747388
195.209 0.738371
197.041 0.752
198.226 0.761861
196.596 0.751423
196.997 0.751423
199.6 0.776945
196.808 0.759321
198.384 0.757926
200.436 0.744847
200.46 0.772334
200.46 0.7426
200.46 0.751268
200.46 0.760961
200.036 0.750329
199.547 0.750329
200.649 0.750354
200.649 0.751881
200.784 0.742876
204.946 0.769374
206.6 0.766616
206.6 0.757877
206.6 0.774286
205.77 0.771026
205.77 0.760604
205.77 0.748162
205.77 0.744045
205.77 0.759646
205.77 0.760007
205.77 0.757297
203.972 0.750117
203.972 0.756431
206.519 0.737674
206.519 0.746133
206.992 0.742873
208.361 0.742873
211.065 0.771365
211.065 0.761843
212.407 0.761843
214.018 0.771884
212.29 0.759284
212.29 0.766568
212.29 0.773827
213.55 0.783048
215.266 0.783231
215.266 0.783231
218.766 0.780092
219.025 0.780092
219.025 0.780092
219.025 0.778962
219.025 0.760256
219.025 0.762797
222.064 0.762958
222.064 0.754695
222.064 0.756252
222.064 0.756385
222.064 0.747834
222.064 0.751151
222.064 0.776879
222.064 0.750904
222.064 0.750904
222.064 0.761089
222.064 0.761089
222.064 0.761089
222.064 0.768084
222.064 0.759249
222.064 0.755321
222.064 0.760171
222.064 0.742398
222.064 0.756001
218.905 0.758863
218.905 0.758127
218.905 0.759586
218.905 0.759658
220.399 0.762793
220.399 0.753361
220.399 0.746627
220.399 0.74895
220.399 0.771646
220.399 0.766796
220.399 0.764833
220.399 0.770266
220.399 0.751605
222.37 0.757542
222.246 0.766422
222.246 0.766422
222.246 0.774801
226.041 0.782356
229.842 0.781766
229.842 0.749932
229.842 0.742099
229.842 0.751118
229.842 0.760878
229.565 0.774315
229.565 0.781886
229.565 0.766346
231.344 0.781092
229.638 0.751611
227.876 0.743741
232.896 0.750778
230.321 0.761189
232.363 0.767251
232.363 0.768972
232.363 0.766083
249.507 0.789231
247.452 0.774391
247.452 0.768177
247.505 0.729523
247.505 0.750845
248.16 0.750845
252.532 0.750568
252.532 0.759454
252.532 0.760144
251.766 0.74317
251.766 0.767687
251.766 0.763408
251.766 0.76614
251.766 0.760187
251.766 0.762076
251.766 0.7649
251.766 0.783406
232.952 0.77605
233.183 0.769239
234.248 0.765244
234.248 0.764994
235.781 0.744634
235.781 0.746304
235.781 0.765316
235.781 0.769972
237.717 0.766665
237.717 0.762359
237.717 0.775383
239.41 0.760543
239.41 0.769141
239.41 0.765285
239.41 0.765614
238.851 0.763629
238.851 0.757936
238.851 0.768649
238.851 0.768649
238.851 0.772032
238.851 0.772478
238.851 0.756557
238.851 0.748194
238.851 0.749455
231.612 0.748978
231.612 0.750303
231.612 0.786241
231.612 0.788606
231.612 0.755359
231.612 0.770681
231.612 0.766832
231.612 0.754514
231.612 0.754514
231.612 0.747616
231.612 0.744928
231.612 0.745361
231.612 0.759532
231.612 0.750177
231.612 0.752943
231.612 0.753307
231.612 0.755534
240.52 0.750829
