154.088 27.3811
149.839 27.1936
142.713 28.2318
145.102 28.1394
144.018 28.8423
141.684 28.9764
132.338 28.1358
134.173 28.7484
129.679 27.6992
129.679 26.5951
130.632 28.2542
138.136 28.7145
141.402 27.5229
145.235 28.0776
143.845 28.7324
133.444 29.1435
133.562 28.9161
137.23 28.4854
141.81 26.5536
142.014 27.8011
123.706 30.4278
127.606 29.2307
136.534 28.6996
136.534 28.7979
138.337 28.6797
129.073 28.887
135.518 27.6083
136.388 27.7203
141.262 28.36
141.262 27.3922
148.115 28.2191
139.716 27.2479
139.716 28.6412
144.585 26.7226
135.948 27.7781
138.817 28.674
151.342 28.4087
154.028 25.3495
151.993 25.9561
149.37 26.1058
145.327 26.553
136.525 26.7679
142.346 26.5211
134.423 25.7796
137.381 26.6428
140.395 26.4108
133.627 26.1768
151.818 25.9672
145.442 25.7324
149.814 25.6788
141.86 27.6882
140.288 27.682
139.395 27.6769
139.72 27.6079
153.926 27.1332
147.42 27.8707
145.829 27.3399
145.976 28.7809
157.771 28.2561
159.626 26.5815
147.316 27.5817
145.418 27.1453
140.23 26.9399
140.263 26.1835
142.637 27.6593
131.888 28.0059
133.183 27.9898
133.513 28.6761
135.031 28.0933
134.691 26.9513
136.41 27.8771
134.689 27.7167
140.57 26.595
140.448 27.3954
146.829 27.2787
149.029 26.0191
147.443 27.088
138.066 28.089
129.462 28.6671
137.923 29.1487
143.93 29.1604
135.149 28.7524
133.164 28.9996
133.164 28.1374
134.698 26.7597
139.697 25.9548
139.697 27.5791
143.223 27.1851
143.223 26.3044
143.223 28.2964
143.999 25.9393
148.255 26.5295
154.503 26.7595
150.122 28.1219
153.51 28.6271
152.58 29.3231
152.479 26.6207
163.217 25.9226
162.598 25.5115
163.915 27.3995
158.269 26.2723
157.27 26.9542
155.507 28.1004
161.588 25.2343
156.179 26.2191
142.413 27.4595
133.442 27.7406
133.514 27.9233
134.62 27.108
132.907 28.3044
142.351 28.1583
141.596 28.9453
146.092 28.5912
148.02 27.5059
149.344 28.1843
134.055 28.5089
155.877 27.4509
158.567 26.0106
152.518 26.3119
161.676 27.8357
161.676 27.083
166.344 26.4248
170.447 25.4373
169.766 27.1991
175.581 27.7688
159.808 28.7502
173.536 28.2255
155.771 27.3476
156.906 27.3511
161.246 26.4525
159.622 27.6188
181.015 29.0556
165.452 29.2524
177.811 28.1777
170.792 29.2946
166.26 27.605
175.36 26.7207
172.244 26.3649
183.253 26.3024
199.538 26.8677
206.985 27.218
203.748 27.1228
195.837 28.7186
189.899 28.6846
192.468 26.9605
192.728 25.1179
187.957 27.2822
181.227 29.2627
178.562 28.3039
172.471 26.3709
162.201 27.324
163.132 28.0064
164.183 27.8272
151.879 29.1086
147.126 29.9917
141.503 28.5419
152.906 29.1725
142.119 28.8015
149.376 29.0069
157.681 27.3015
155.23 27.6227
156.925 27.5918
148.374 27.0764
149.889 28.4642
139.58 28.4387
144.299 27.0824
149.269 26.9532
143.188 28.7038
146.616 26.549
149.676 28.6784
152.328 26.5706
149.889 26.4914
148.506 28.1542
148.506 27.0518
148.369 28.7769
144.308 28.37
144.308 28.1191
146.414 28.2049
145.335 27.3667
163.354 28.806
163.444 28.2919
174.846 26.9963
170.357 28.6088
168.933 27.0895
155.46 29.2615
160.233 28.3826
152.916 28.5243
143.721 26.3562
136.463 28.4202
138.038 26.9062
145.392 26.4867
151.352 26.6361
163.503 26.6435
156.92 26.625
164.877 27.2541
154.469 27.6531
158.349 28.4271
160.557 28.9953
156.64 27.7939
143.324 29.0444
150.84 28.3822
156.663 28.791
162.382 28.6348
162.892 28.731
151.019 28.2058
144.467 26.6802
145.255 27.4129
144.611 28.2886
149.605 28.3058
146.89 28.0939
146.42 27.9505
147.903 28.1629
153.406 27.7989
146.503 27.618
147.974 27.8369
141.037 27.6063
146.268 28.8585
149.042 27.1089
148.893 27.4449
162.045 25.8128
150.799 26.7231
149.13 27.1465
134.267 25.9963
141.114 26.0833
144.408 24.8076
138.043 28.266
138.897 27.5293
142.564 27.9905
142.834 27.5475
142.834 27.7192
136.807 27.6721
136.807 28.22
136.807 27.0888
127.207 26.7356
125.931 27.1309
128.443 27.239
134.738 27.7079
132.459 28.5246
130.385 28.7527
140.814 26.9569
126.353 27.3235
132.902 26.0639
135.022 28.2472
146.559 26.2125
147.181 27.1633
156.639 27.4925
160.116 28.2328
166.06 28.3378
155.69 26.6939
167.977 26.2006
166.457 26.5844
176.166 27.0199
180.567 26.9953
174.257 27.2217
161.38 28.0093
159.818 27.9279
159.476 26.7358
155.286 27.7013
162.612 26.6034
165.264 27.6493
158.93 26.3249
162.914 28.1609
168.926 27.2658
168.926 26.8062
174.21 27.9943
144.31 27.961
140.404 30.8195
157.639 27.8423
149.203 27.4606
151.011 26.8996
149.561 26.9626
154.004 27.2875
160.583 27.1867
147.424 29.6604
148.296 27.4904
144.134 27.0275
150.82 25.7014
151.228 26.1666
143.549 26.866
145.422 26.4872
145.996 25.7497
139.963 26.2325
145.463 27.3322
145.607 27.7004
138.457 28.1073
138.953 26.9011
125.422 28.214
128.323 26.8683
130.027 26.6971
126.057 28.71
130.821 28.9683
129.543 28.0274
118.289 27.9911
117.949 27.8325
113.743 28.8629
113.588 26.9795
114.296 27.9397
111.258 27.7326
114.898 27.8027
115.18 27.8544
116.114 27.0148
114.439 27.9841
129.75 29.8974
125.444 28.8705
136.506 28.2272
140.606 29.6161
154.431 27.5111
150.322 27.4791
148.61 27.2674
152.379 26.9281
148.915 27.9126
145.533 26.9086
140.493 28.8959
141.247 27.8764
145.773 27.7074
141.389 28.312
148.116 27.36
145.069 27.0912
141.905 27.5382
141.429 27.9066
144.499 28.2416
135.5 28.3389
138.324 27.1243
147.385 27.1551
147.336 25.5384
154.14 27.1316
156.435 28.0756
152.344 27.1495
176.486 29.1503
164.402 29.3659
167.556 29.394
180.314 27.3428
172.435 27.3898
164.578 28.1134
164.509 27.4196
164.022 26.6646
159.382 28.0228
147.563 25.9925
155.78 26.9545
157.533 28.7347
162.898 28.6027
157.97 28.5672
156.03 27.8486
157.234 27.9457
153.989 29.186
143.423 27.1879
150.531 27.4949
154.366 27.1711
149.937 29.5927
144.257 28.7711
139.383 29.5929
138.283 26.9779
133.991 26.9438
151.897 26.2746
158.263 26.3291
163.922 26.2877
165.776 27.6245
162.367 27.2565
158.895 27.561
164.706 28.0273
161.648 28.2063
173.521 29.3288
177.223 28.2338
185.224 28.3714
171.942 29.1048
157.331 28.0133
147.504 27.4044
160.277 26.8306
168.41 28.9778
179.622 26.5823
175.603 27.5115
148.408 27.6617
148.646 28.1878
154.306 26.9046
149.504 27.0936
132.21 27.1154
136.616 27.3693
143.126 27.2804
141.588 27.6023
148.6 27.1071
156.525 26.9208
157.951 26.5431
162.265 25.7857
164.539 26.6897
158.307 26.7011
156.698 26.8407
161.296 25.8053
169.243 26.7535
162.82 26.6274
161.64 26.8368
161.421 25.9765
152.928 24.1912
157.254 26.8134
146.337 28.0594
146.017 28.44
142.478 26.967
137.831 28.5532
148.418 27.6036
148.206 28.3831
144.814 28.6481
146.126 27.0786
152.127 27.0893
149.842 27.3719
158.935 27.3042
140.565 28.0215
140.765 27.6477
154.441 29.1177
139.892 27.9731
144.902 29.0695
147.034 28.701
147.856 25.513
162.566 26.4023
155.015 26.1234
149.349 26.0645
139.121 27.7833
149.631 26.9166
149.208 27.1967
140.093 27.3204
148.297 28.0669
145.087 27.199
132.097 27.0494
145.344 26.7136
159.892 26.6611
154.402 27.1655
152.548 27.1257
145.201 26.7696
147.194 28.6051
148.64 27.7698
147.607 29.568
146.313 26.183
146.313 26.5391
146.458 28.4077
153.096 27.1181
150.788 26.9766
149.928 26.9559
152.223 27.7519
145.238 27.7894
145.495 27.9657
154.185 27.9667
153.021 28.1644
145.148 28.4328
148.022 27.9899
145.087 28.1908
138.813 27.3419
152.109 26.5205
146.304 27.213
146.304 29.1453
162.217 27.8862
162.834 27.9992
159.055 28.0105
165.635 27.7512
150.863 27.6116
153.506 28.4929
154.231 28.7939
163.321 28.0465
155.835 26.8192
167.829 29.3725
148.19 26.6516
155.252 26.6629
172.607 26.2386
173.732 26.7585
178.905 26.3639
182.578 26.8244
180.299 26.513
181.287 27.8449
170.153 29.2207
164.572 26.7877
164.572 27.0302
165.592 26.759
155.964 26.4744
147.71 27.1875
150.235 28.3416
141.708 27.4363
149.073 26.7183
146.997 26.5924
141.793 28.0139
149.215 27.8233
147.566 27.2483
134.614 27.4008
133.492 27.5459
134.808 27.9502
141.614 28.527
140.743 28.2838
141.67 28.1973
157.587 30.217
161.051 28.6941
157.577 28.4483
164.917 26.5575
169.561 27.0378
163.958 25.9364
161.951 27.5613
159.242 30.0683
170.545 26.2646
189.186 26.667
193.561 26.3991
163.599 28.3424
154.484 27.5126
152.168 28.8517
157.767 26.6402
149.182 27.3235
150.458 27.8553
167.946 27.9525
159.486 27.5955
154.373 27.475
146.273 27.0308
152.273 27.7971
156.622 28.1793
156.242 27.8537
154.906 27.9072
146.029 26.6796
143.32 27.0345
152.054 27.89
142.714 28.7362
144.581 25.8093
128.346 27.339
142.337 27.6265
144.422 26.8813
150.343 27.6586
152.854 27.9313
151.792 28.4179
142.035 28.3741
144.873 28.3271
142.753 27.792
139.56 28.1816
155.365 27.4204
158.965 26.9764
157.985 28.1441
159.756 27.5904
162.497 28.1893
153.01 26.9907
143.81 27.0996
141.441 27.2573
122.559 28.832
122.559 28.0846
133.389 28.4323
129.415 28.858
139.946 26.7708
146.671 28.1469
143.517 25.1963
139.989 25.7553
133.385 28.0493
138.616 27.4459
138.176 28.4385
146.58 25.3083
144.487 27.064
148.034 27.7911
150.44 27.9468
151.808 26.7126
145.763 27.1516
135.271 26.2894
135.271 27.0251
142.327 28.8165
148.227 27.0599
136.649 27.7493
135.637 28.527
144.107 27.5939
136.796 29.1781
137.141 28.6576
140.641 27.6941
135.624 26.7786
137.42 28.4282
138.87 28.1481
147.889 27.8218
149.488 26.7005
131.182 29.3929
135.302 28.6576
129.597 28.2669
144.387 27.3658
151.693 27.231
154.984 26.8805
151.134 27.1351
150.12 26.2287
155.745 26.9531
154.203 27.4189
155.908 27.8441
161.12 27.2479
161.458 26.7541
161.458 28.5329
157.681 26.2488
150.662 27.23
148.133 25.8595
153.539 28.0619
156.383 26.5135
156.334 27.7264
158.16 28.3933
155.575 27.442
145.339 27.6503
150.236 28.0464
161.818 27.4417
147.2 26.9927
157.878 26.326
151.403 28.8874
145.846 26.9075
151.335 27.5646
146.421 25.9666
142.279 26.1496
142.467 26.5485
139.452 25.7265
146.165 26.8891
149.193 27.5888
139.969 27.8323
155.824 28.0487
152.472 27.2141
140.241 27.9087
149.283 26.528
135.324 26.6264
144.46 25.7374
145.38 25.9873
139.099 30.1291
140.217 29.394
141.329 27.62
139.752 27.4065
134.648 27.5931
122.34 28.2917
128.137 27.6502
136.211 28.3914
136.211 26.6092
136.211 26.2338
132.873 26.7774
129.507 28.049
139.982 28.1927
133.521 28.5087
133.096 28.4904
136.997 26.7683
142.899 26.1525
145.462 26.9093
147.78 26.0993
142.414 26.5142
148.231 25.7467
149.738 27.2747
137.001 28.1572
146.433 27.3089
147.203 26.9192
150.347 27.222
148.533 27.4764
152.543 29.1876
170.668 26.3691
167.379 27.1387
157.012 27.5111
155.189 27.7823
156.619 26.8311
152.441 26.734
150.496 28.8287
158.854 27.2169
165.898 27.3597
159.256 26.2054
168.161 27.0025
167.204 27.7674
167.204 28.2281
167.204 28.8181
152.938 28.5085
143.358 28.8677
148.285 28.1221
147.486 26.2624
155.36 25.9697
139.318 29.1021
137.011 25.4376
141.841 27.2197
132.339 28.257
132.578 28.1295
142.284 28.5819
138.273 28.3879
138.872 28.9635
150.772 26.5649
145.525 27.1265
152.845 26.4341
150.143 27.5474
148.409 28.4722
149.679 28.6054
146.885 28.3592
138.93 29.5999
136.866 26.8276
142.489 28.3456
132.339 27.8196
132.447 27.519
142.16 27.8031
155.52 25.7441
153.939 25.7848
156.416 26.8347
153.506 27.7405
155.229 27.8492
151.559 28.2562
150.724 29.0322
157.281 25.9127
150.057 28.2558
159.179 27.8955
160.846 27.1219
152.519 27.2711
158.865 28.2778
166.302 27.5653
186.319 25.8105
180.935 25.3553
185.979 26.8411
176.084 27.2099
167.654 26.8665
164.387 27.7105
178.097 27.3239
146.612 27.0146
157.008 26.9847
141.947 27.5887
151.966 27.5747
144.878 26.8942
162.08 26.9567
140.631 26.6372
138.046 27.4054
142.3 27.8624
153.291 28.9579
149.94 27.8086
153.953 26.5079
142.765 28.8169
137.935 28.1354
141.556 28.1089
144.184 26.2148
154.215 25.7303
151.198 26.5945
153.777 26.4936
137.79 28.482
130.876 28.9987
133.93 28.0166
139.489 28.3752
133.424 25.9506
145.871 26.6075
140.024 27.7846
133.89 26.6667
144.777 26.9404
151.077 26.7314
154.152 25.8773
163.109 26.8352
148.536 28.3543
160.007 27.2416
154.973 27.7789
169.931 26.6381
156.588 27.4858
160.497 27.9735
172.233 27.8529
178.193 27.7372
188.651 27.802
212.031 28.0964
197.067 27.5839
215.584 28.061
201.139 28.0891
192.776 26.1119
186.351 27.6033
157.849 27.4407
157.984 27.6269
163.209 28.6584
171.046 25.7168
176.522 26.8741
172.575 26.3848
148.075 26.1285
150.967 27.1031
154.458 28.0149
163.565 27.07
152.068 27.6652
146.792 29.2482
154.482 28.7194
153.159 28.0707
154.337 28.5244
152.929 28.0459
152.378 27.872
166.037 27.1322
177.492 26.3715
190.668 26.621
190.668 26.0762
180.925 27.7196
180.238 26.1579
171.24 27.548
174.043 27.6569
174.393 28.4858
170.659 27.6821
180.188 28.1995
171.377 27.6218
186.448 28.8342
190.24 28.828
181.087 27.8681
183.7 27.508
168.998 27.222
148.172 28.2349
153.487 28.4826
148.168 24.7787
158.487 26.3294
163.266 27.6935
135.887 27.6218
128.935 29.7257
140.668 28.666
133.061 28.8117
133.061 29.5367
140.318 27.4806
137.413 27.8476
131.814 29.4471
145.765 28.6693
144.824 28.0757
166.026 28.181
180.341 26.8973
159.613 28.6258
157.678 28.2479
147.044 27.8252
151.699 28.6292
160.175 27.519
151.289 26.5755
135.574 27.7419
130.076 28.1103
124.27 27.4256
143.617 27.6214
142.261 28.8253
137.135 27.8165
125.129 27.2211
128.444 27.3201
133.401 29.4157
133.401 27.9903
131.978 27.5335
150.616 27.5679
136.092 27.0943
134.823 27.1218
140.375 26.4864
138.317 27.2829
143.969 27.1046
126.262 29.3412
133.843 27.0108
140.006 27.6744
140.563 26.4649
136.558 26.2284
141.39 26.6415
135.064 26.9273
149.777 26.4304
156.992 26.4815
147.859 27.8877
161.251 26.4252
150.154 26.5561
154.318 25.8834
146.751 26.6375
149.775 27.153
148.844 26.5194
146.747 27.5629
141.582 27.9124
147.133 27.86
141.499 26.968
154.719 27.0168
156.784 26.2912
150.732 27.238
152.314 28.3811
145.965 28.3573
131.929 28.4481
134.074 27.9644
148.889 26.8057
163.475 27.2663
162.952 26.6095
165.368 27.6557
162.616 27.1441
180.702 26.1512
181.587 26.4059
185.166 27.1379
173.382 26.5131
170.837 27.2674
163.214 27.4358
177.071 27.6845
177.684 27.7091
167.446 27.7027
148.772 28.9744
146.596 26.8765
145.275 28.013
134.279 27.9722
137.783 27.3674
142.571 27.4392
141.889 29.7403
155.37 27.0581
158.478 28.7791
155.355 27.7577
162.476 28.1855
162.429 27.0379
149.25 27.5203
165.781 28.6165
147.562 29.358
149.943 26.5986
154.235 25.9665
152.334 28.0779
154.87 28.5095
158.902 27.6046
157.379 27.1203
157.942 26.3839
167.418 25.6922
162.475 26.6865
151.447 27.7038
161.076 28.1272
160.035 27.7819
154.492 27.4958
147.967 27.605
163.384 27.4007
179.354 25.844
171.047 27.153
168.67 27.5869
173.282 26.9537
169.515 27.1543
171.388 27.2049
166.769 27.0648
157.489 28.3283
136.576 28.1278
141.623 26.2545
147.959 26.0511
151.907 27.9558
147.974 27.7187
147.198 28.7383
151.481 28.1264
153.557 27.713
152.755 27.7381
160.439 27.2861
159.444 27.115
147.273 29.9357
138.127 29.3237
126.214 28.2135
124.325 28.9644
137.573 25.7908
129.424 29.2608
123.825 27.4855
133.397 26.2658
137.427 27.7415
139.092 28.239
141.285 27.2819
141.375 26.4448
137.527 28.7698
153.67 26.0347
160.079 26.6591
159.699 26.8903
145.676 26.7254
147.508 27.6807
136.968 27.1558
136.552 27.5465
136.618 27.6195
135.013 27.412
135.941 28.969
142.744 28.6064
158.387 27.6579
147.284 28.4492
148.414 28.1772
152.1 27.9944
159.394 27.0309
162.919 26.5902
162.769 29.3349
143.974 29.951
153.844 28.178
163.036 28.4225
154.519 27.8445
140.185 28.2059
165.089 27.6226
161.583 27.601
146.673 28.0746
139.533 27.6624
139.533 27.8727
133.396 28.6217
135.726 28.5052
139.258 25.8707
135.595 26.681
144.577 26.3506
144.205 27.274
141.182 29.0305
152.804 26.1717
154.951 28.0302
163.862 27.5231
162.883 27.2612
151.129 26.9925
151.129 26.3297
145.449 28.2635
143.69 27.053
144.936 27.9197
142.847 28.1199
152.756 25.6336
161.763 28.0993
154.498 28.7901
151.67 28.8028
151.864 26.9376
168.004 27.3271
166.017 26.4086
151.189 26.1302
164.854 26.6672
163.885 28.2108
157.106 28.3974
154.912 28.8099
160.389 28.5485
156.137 29.0433
168.958 28.0746
169.93 25.9466
171.081 26.9336
149.997 28.143
146.651 27.5711
150.537 27.5967
151.726 26.5526
163.253 27.0025
154.751 26.7332
145.912 29.2729
142.264 28.6669
146.353 28.8393
177.819 26.5975
172.867 26.7412
172.867 26.8673
178.521 26.1153
168.564 29.0848
175.759 28.7702
140.692 27.872
146.97 29.0451
145.418 27.3759
138.375 27.9602
158.596 27.6931
158.596 27.4294
150.287 26.7979
156.25 28.0355
158.956 26.3825
170.255 26.0695
173.682 26.4431
175.271 26.6139
169.35 27.4402
171.029 27.0515
162.825 28.4548
165.12 28.4756
169.817 27.6951
163.502 27.3984
159.736 25.5684
158.444 28.8328
169.911 28.748
169.848 27.9689
167.991 28.1472
163.819 27.7487
162.457 26.6531
164.393 26.4927
162.961 26.532
142.265 26.5562
146.265 27.964
146.251 26.845
145.209 27.2421
153.383 28.4104
136.938 28.3726
149.863 28.0559
160.026 27.2948
172.898 27.874
160.039 28.8514
165.667 27.1806
162.099 27.9993
155.413 28.0362
151.097 27.6985
166.446 27.1451
172.592 27.2613
174.347 27.2613
171.673 27.3789
160.486 28.9043
174.709 26.8004
188.827 26.2958
171.589 28.4322
167.666 27.7461
167.666 28.3577
168.706 27.9136
169.493 26.7079
167.421 28.6243
171.019 27.6627
171.138 26.6482
174.877 27.2058
174.369 27.5775
175.588 26.4878
167.649 25.7807
165.8 25.7985
166.743 26.0814
169.541 26.8597
165.816 28.1801
167.768 27.3399
164.924 27.176
169.062 26.0967
169.062 27.0255
171.568 27.154
174.932 25.9005
176.907 27.0774
181.095 28.0471
166.594 26.2418
166.087 26.4213
189.899 25.8031
175.045 26.1483
173.236 26.834
166.852 28.842
173.561 28.6069
159.349 28.4961
169.831 27.281
166.994 25.4134
160.986 27.3649
158.72 28.0575
158.744 29.0983
142.649 28.4802
153.565 26.6495
147.046 26.3359
149.662 27.1699
152.539 26.7746
150.939 26.3932
154.474 27.1764
139.198 26.9776
146.564 28.6613
136.525 29.3095
140.184 28.794
122.594 28.4988
135.295 28.8127
128.435 28.9483
123.816 27.8182
130.973 27.6098
130.973 27.6218
127.832 27.6227
125.554 26.8831
143.241 27.5963
132.949 28.8361
128.222 28.5835
129.152 29.0831
157.952 25.0961
153.362 26.1841
154.119 28.0133
149.292 27.0952
149.571 27.2741
151.041 27.6059
159.451 28.2563
155.318 26.7455
159.766 27.633
146.957 27.8072
148.59 27.9578
153.636 28.9326
157.811 29.9385
167.655 26.5811
162.313 28.4236
144.928 29.4154
148.673 27.9852
151.031 28.2333
193.635 28.5685
186.7 26.6
181.977 27.4188
183.429 26.708
189.277 26.986
180.36 25.9071
186.005 27.7508
177.277 27.7347
191.134 29.3247
163.966 29.0642
173.725 28.0063
182.694 27.2272
189.467 28.9767
189.467 27.3512
176.885 27.2179
187.376 27.1634
187.376 27.7938
170.435 27.25
171.607 27.1881
170.536 27.2567
170.023 28.0399
145.563 27.4087
150.902 27.624
150.357 28.255
151.913 27.4911
151.634 28.1432
144.28 27.6857
136.616 26.942
146.263 27.2247
142.544 26.9224
143.921 28.4519
146.635 27.5142
150.629 27.635
153.087 27.2372
154.699 26.7079
155.102 26.3253
146.941 27.2268
130.524 28.39
129 26.6784
123.214 28.6296
135.317 27.9439
144.055 28.1834
150.151 27.1654
157.498 27.2332
152.002 27.729
158.843 28.0298
153.262 27.737
138.745 28.1718
136.083 27.8148
129.179 27.5007
126.616 27.9777
136.178 27.9269
134.406 27.9494
137.231 27.6302
134.878 27.1019
127.863 26.8733
124.537 25.7685
124.54 27.7857
122.642 28.3203
117.321 27.3982
113.994 26.6606
128.762 27.0785
126.58 28.1403
134.837 28.7615
135.772 26.6131
144.574 27.0854
137.321 27.8304
140.743 26.2801
142.502 28.5548
138.819 29.2257
148.037 26.218
146.829 25.4056
143.224 27.5677
143.6 29.2421
141.069 26.6392
148.588 27.6831
146.767 27.8176
143.213 28.134
141.956 28.4526
135.237 28.4331
137.581 27.6314
145.388 27.4025
162.82 27.4748
166.695 27.4287
163.589 28.3047
150.964 28.6637
136.681 28.1509
130.525 29.092
149.866 28.4476
162.799 28.0912
156.691 27.4873
150.907 27.9849
149.561 29.0673
146.37 28.0273
146.383 28.285
142.487 29.4752
150.609 28.2032
152.473 26.0205
154.491 26.6243
154.051 27.9947
152.926 27.4405
150.954 26.4257
146.445 27.2915
141.414 27.048
145.172 28.2237
155.038 28.0382
144.321 27.7162
156.106 27.1064
149.689 27.3942
153.811 28.2461
147.265 26.8339
142.903 29.3632
146.539 27.1539
130.701 29.1719
128.259 29.9471
137.595 28.8871
142.808 27.2153
146.869 28.2775
142.59 27.8865
142.538 26.7959
142.434 28.2487
141.08 26.9886
142.064 26.3762
143.611 29.6933
152.206 27.5458
154.327 28.233
137.536 26.5071
134.225 25.7626
136.136 27.2524
139.977 24.9904
133.352 28.7353
133.404 27.0021
146.065 27.0321
138.763 28.363
146.598 28.7815
143.446 28.4311
149.242 27.9223
161.328 27.2642
154.306 26.7656
158.086 27.2889
158.815 26.6395
159.485 28.2204
149.307 26.8159
131.236 27.6831
131.43 28.0253
134.189 27.9649
132.81 27.3539
124.704 26.3668
147.117 27.6447
142.459 27.4354
134.019 27.4121
143.669 26.3338
137.102 27.1579
144.041 28.1909
143.375 27.2266
156.354 28.5965
152.318 27.1459
150.964 27.9023
147.992 27.0815
148.359 27.7107
143.297 27.5352
142.788 28.5434
145.91 26.4685
157.155 27.3384
154.198 25.6976
157.06 26.3363
151.25 26.7609
149.711 27.5246
145.621 27.0082
149.799 29.1337
160.626 29.1528
162.582 28.209
164.322 28.3571
160.316 26.9328
166.986 28.6598
157.683 29.7996
154.109 28.1694
155.897 28.1888
163.256 27.31
163.443 28.0335
147.499 28.8203
145.757 26.7198
158.461 26.3707
158.825 27.9537
153.72 27.5553
156.285 26.8173
156.511 26.5374
160.414 26.22
151.581 27.3228
150.432 28.7689
145.936 25.3345
132.168 28.3859
146.465 26.8398
139.083 26.8939
144.934 27.1447
138.214 27.2586
144.839 26.8793
153.236 26.2356
149.687 28.0637
153.57 27.5194
149.292 27.5417
152.801 27.0096
144.894 27.6857
134.678 27.1921
140.082 28.8899
135.328 28.1356
133.768 28.1445
137.278 28.2773
144.148 28.1607
132.339 29.0751
134.84 28.4014
134.84 27.3855
131.532 29.1024
131.532 28.3672
137.935 27.3659
135.604 26.7666
130.313 26.2851
120.319 26.1576
124.819 27.4281
138.428 27.0073
149.132 26.5598
138.197 26.9947
149.286 27.4884
149.636 28.6245
153.677 26.7325
153.099 27.9359
148.049 28.5232
146.874 27.3087
146.178 27.8579
139.696 28.2029
146.368 28.099
159.209 26.3647
162.07 27.1922
163.244 27.9255
175.782 29.4137
159.5 27.3928
169.732 28.4351
167.074 27.2637
163.77 27.4284
163.179 29.5728
164.104 27.8352
162.688 28.3986
179.126 28.6922
165.158 28.1029
164.42 27.2084
171.361 27.3097
169.879 27.5001
166.08 27.495
159.356 27.2308
166.59 26.2704
168.909 26.3944
169.644 28.3594
160.018 27.729
157.821 27.3371
149.616 26.96
165.672 28.0481
169.635 26.4865
166.955 28.1977
175.863 27.0856
179.783 27.3358
175.258 26.9735
181.89 27.5687
174.9 27.3177
160.408 26.4718
165.224 26.9945
156.115 27.7898
133.883 27.975
152.866 28.3756
152.866 28.0087
148.556 27.8278
141.079 27.5782
139.859 26.4226
139.859 26.7795
139.859 26.4613
150.429 29.1988
154.426 26.3222
167.795 26.7376
147.942 28.0015
154.358 27.6561
163.874 26.0966
158.993 27.6757
149.783 29.628
154.983 26.726
164.372 27.8527
168.801 26.7648
161.865 27.0965
156.617 27.8807
166.08 28.0069
164.483 28.0382
168.717 26.9839
139.769 27.2619
147.57 28.8081
167.516 26.4908
164.335 28.218
176.952 25.4464
170.662 27.1348
169.62 27.7028
174.493 27.5395
171.649 26.8169
158.95 27.0206
162.372 29.3077
162.927 26.3657
169.091 26.7204
159.578 27.3334
165.058 27.597
169.558 26.8602
173.527 25.8358
185.997 28.14
175.271 26.8571
168.783 27.4779
166.037 26.5732
147.409 28.7319
151.432 26.6383
149.52 27.7511
138.851 28.2481
141.455 28.5813
151.873 27.5928
150.389 26.1493
145.515 26.5517
140.55 26.7307
146.792 27.7702
141.388 28.1148
137.282 27.3964
148.77 27.1284
152.66 28.382
156.877 28.5415
156.953 28.0471
144.867 26.8767
152.351 25.7771
157.601 26.3323
151.48 28.1194
174.967 28.5825
170.572 28.3306
172.781 28.2857
168.074 25.9757
158.608 26.7006
163.668 27.2113
159.624 27.6927
157.429 28.3092
150.864 28.2571
156.789 27.9791
155.979 26.9596
155.441 26.8779
150.695 28.0989
156.158 27.5791
166.952 26.6913
160.461 27.261
159.198 26.8203
157.327 27.5317
166.498 27.8333
171.71 26.2488
158.054 28.9828
152.328 30.9112
152.339 28.9116
149.399 28.89
159.03 27.5957
145.885 27.582
152.226 27.8679
146.161 27.3726
153.046 26.5783
153.927 28.1341
145.596 28.0831
141.034 27.8742
142.276 27.4054
135.108 28.1513
142.364 28.4966
146.579 26.8614
141.973 26.6726
133.057 28.4878
138.857 27.8933
148.332 25.9991
145.209 29.6201
149.22 28.0885
141.055 26.9983
149.471 26.3494
144.809 28.226
146.582 28.0757
146.42 27.8439
143.482 27.6445
141.7 28.9605
138.965 26.8374
143.211 28.0327
154.596 27.7793
162.769 27.6642
154.309 27.4119
143.598 28.2618
132.466 28.7084
129.297 28.4515
139.394 27.1145
138.7 27.9108
142.336 26.3171
137.244 27.857
142.911 28.0763
141.34 25.5524
145.513 28.4676
138.514 28.5593
138.553 28.9315
145.052 28.138
146.422 27.8153
147.063 27.1908
148.552 26.5868
155.398 26.4367
142.159 28.4754
132.318 27.745
134.633 27.3636
137.327 28.0194
155.433 26.07
148.836 27.5453
149.969 26.9089
148.392 26.2117
147.829 27.316
132.357 29.424
131.018 28.5474
148.874 27.8956
153.96 26.3653
145.049 27.2207
145.049 27.0529
142.038 26.9491
164.476 26.4215
159.531 28.6427
159.197 27.4289
155.94 27.6185
161.745 26.7832
150.528 27.9471
144.356 29.0299
141.361 28.6036
144.426 28.4491
146.174 28.77
146.852 27.8158
141.569 27.7328
151.228 27.1412
150.325 27.0674
160.756 26.5017
138.154 27.2189
134.294 26.5738
130.676 28.3303
127.125 28.0102
127.125 28.1875
125.567 29.5741
116.259 27.0102
120.182 27.6717
134.324 27.8019
138.542 28.6836
141.822 27.9749
157.177 27.9793
150.168 26.8455
130.271 27.0923
142.172 27.7588
143.655 27.0393
138.111 28.3321
141.891 27.3645
147.783 28.0073
153.301 28.0601
147.587 26.9766
144.809 28.5584
143.964 26.7804
138.082 26.3747
124.015 28.7478
137.013 26.7674
142.891 29.0317
143.369 27.7317
143.094 26.8494
145.967 28.2625
151.482 27.8231
152.183 25.7482
146.111 28.7823
140.362 29.0395
147.769 28.7743
137.844 27.7523
135.799 28.1427
135.423 26.0962
131.434 28.818
112.928 27.2894
127.123 26.9962
124.824 27.2102
130.685 27.5974
124.514 28.6902
122.301 27.6813
138.69 28.4405
144.369 28.0953
149.753 27.1094
146.441 25.7643
138.664 28.081
137.934 28.4744
127.433 28.5157
134.406 26.2157
120.438 28.0352
122.695 27.6909
143.759 27.0318
143.759 26.8439
143.759 27.5502
140.309 28.0413
127.119 29.6045
127.119 28.6861
127.119 28.5129
129.016 27.1589
132.345 26.619
147.702 27.3209
149.1 26.2832
140.188 28.2068
136.643 29.2334
149.594 28.0029
172.032 26.7034
155.748 26.6225
155.748 26.636
144.049 26.9008
151.952 27.2245
159.427 28.8239
142.488 27.3147
147.595 27.5709
141.929 26.0114
139.778 26.4622
139.778 26.7049
139.806 27.3257
135.361 28.8778
142.491 28.236
149.557 25.8523
151.674 26.5697
152.012 26.1905
140.085 28.9051
153.91 29.2218
151.438 28.5029
150.983 27.1505
144.577 26.6743
159.569 28.2504
154.076 27.3144
154.463 26.9115
148.019 26.039
158.386 26.4693
148.551 28.56
159.741 26.9712
145.474 27.9688
161.268 27.9717
149.672 27.0227
151.469 27.9186
151.862 26.7648
147.464 26.9493
155.256 28.2338
140.963 28.538
137.387 27.0653
128.968 28.9876
129.218 27.9075
129.253 29.1745
125.901 27.5035
143.547 27.2796
142.035 26.8421
142.978 26.2935
129.598 27.6037
136.581 27.4958
144.365 27.1738
158.588 26.9991
151.61 27.6372
150.163 27.4454
150.853 28.9761
146.733 28.0057
151.431 27.6807
137.077 27.9932
144.507 28.5876
147.75 28.6593
141.636 28.8439
146.692 26.9669
152.054 29.1219
143.015 28.1345
149.116 28.3619
162.475 26.6454
159.289 27.2904
163.966 27.0469
164.53 27.2483
167.978 26.461
179.511 27.2399
183.401 26.746
172.985 28.0841
183.813 28.3158
182.624 26.6413
179.112 26.8746
175.619 26.3644
173.518 26.8674
179.164 26.4449
169.483 27.8316
176.704 26.3442
177.945 28.0302
174.973 27.0786
162.536 27.5221
162.139 27.8404
166.547 26.8855
154.753 26.7512
162.809 27.7462
169.874 28.9828
174.81 26.6035
180.384 26.1858
176.813 26.2449
176.036 27.3761
170.118 26.9862
157.628 27.4254
160.761 26.6617
157.959 26.953
157.311 28.111
171.172 27.2065
163.249 27.0256
167.589 27.3528
174.118 27.9153
179.912 27.7705
167.074 27.6358
178.431 26.3045
175.803 26.8661
159.138 27.6671
166.813 27.7639
165.597 27.9806
162.225 28.4645
160.423 26.6814
154.389 26.6194
152.562 27.0277
150.577 27.8848
151.935 28.4379
152.006 27.5602
160.028 26.4242
169.171 26.9199
170.584 28.4813
172.177 25.0191
164.059 25.8472
169.398 26.8563
163.022 28.8601
170.852 25.1324
166.664 26.6175
159.843 27.7918
167.872 27.793
165.082 27.095
162.08 27.5768
163.264 28.157
160.134 26.1075
158.433 26.272
141.827 27.0359
157.455 28.1887
155.638 26.4222
159.922 26.2215
161.474 26.7733
159.762 27.0206
157.968 28.5769
157.189 29.1342
157.013 28.1722
157.685 28.7824
166.584 27.337
159.341 28.0991
167.803 28.1687
181.866 27.0137
185.76 26.7116
178.478 28.1143
163.62 26.9151
158.826 26.2537
152.015 28.588
147.735 27.413
159.845 27.7401
158.513 28.1543
166.966 27.0107
159.044 27.93
171.613 26.9602
164.012 27.5072
164.012 28.742
155.879 27.9499
152.07 28.4296
149.425 28.9197
150.853 29.2065
143.305 29.1062
148.499 27.6696
144.084 29.8791
144.477 27.3208
150.582 27.2679
149.217 28.5181
148.616 28.4812
153.238 27.7777
167.845 26.9053
168.502 27.9163
154.294 26.8559
164.032 24.8752
154.942 26.0501
150.784 27.8895
146.5 27.9384
148.726 27.5804
149.574 27.3454
136.968 28.3001
148.943 27.5852
163.537 25.6978
159.493 25.5982
154.267 25.6586
149.459 27.027
146.708 27.7405
158.963 28.0247
160.696 26.8012
162.442 26.7031
180.437 25.5831
190.973 26.4984
181.963 26.8918
166.929 27.4323
180.4 29.7836
180.45 28.5678
167.745 27.2676
150.561 27.4367
155.443 27.9822
164.336 27.9846
151.301 27.4597
149.632 29.3472
150.303 27.0664
150.303 28.2176
145.593 26.7521
151.278 26.9348
149.03 27.4654
158.339 27.8967
155.834 27.8539
162.436 27.7077
162.436 27.2898
158.532 26.7002
158.192 27.7778
178.172 27.943
183.695 26.681
188.472 26.6216
193.353 25.562
200.467 26.7829
190.18 27.6985
190.18 27.6964
190.18 27.2456
192.579 27.5844
204.617 26.7063
210.504 27.0241
212.158 25.7728
210.639 27.9561
231.217 26.7994
236.411 27.0697
236.411 26.7386
203.146 26.535
193.44 26.4151
180.298 28.0763
158.96 28.5677
150.989 28.115
157.537 27.3566
164.257 27.4138
161.628 27.1334
159.205 27.2909
155.911 28.3446
159.778 27.1938
149.955 27.2117
155.7 26.7265
171.728 28.1523
158.505 26.914
163.832 26.4028
158.974 26.6159
166.205 25.9246
167.017 27.4403
153.04 28.0688
156.549 28.9851
157.611 27.0739
158.94 25.9804
146.135 26.3554
139.786 27.9434
139.408 28.8525
155.761 27.6571
154.629 27.9927
151.581 27.0613
138.435 26.8758
142.166 28.2844
151.223 28.1735
152.675 27.4341
153.218 28.0277
146.447 28.0767
152.035 28.133
147.488 29.2667
162.726 26.7804
161.884 26.2245
158.783 27.9213
154.391 27.8866
187.278 26.7129
183.668 27.6977
185.231 28.005
197.625 27.2782
188.214 26.7866
165.499 28.8406
145.227 28.3879
151.628 27.2538
153.497 26.3542
139.843 28.0838
149.219 28.772
147.537 27.8962
157.288 28.6141
166.067 26.0392
176.067 25.6101
161.84 26.3192
160.127 27.4875
165.38 27.3437
158.835 26.3835
158.529 26.4224
155.269 25.2474
143.963 27.7658
142.021 26.2079
146.956 26.2671
151.489 25.2325
156.571 28.372
138.663 27.5929
143.353 26.9303
140.403 29.2173
142.627 29.0095
146.307 28.0949
147.422 27.5385
144.035 28.3819
141.846 27.991
147.843 28.403
140.747 28.6274
142.985 28.0432
127.76 28.2232
141.789 28.2686
143.956 26.9161
171.738 25.6399
169.562 26.8758
157.517 28.124
160.013 25.9788
154.582 27.2116
159.963 27.6044
151.155 26.0303
158.916 26.7395
162.954 27.6849
155.487 28.0486
156.157 27.3364
157.514 29.1969
156.894 28.4108
155.851 27.749
164.653 25.9831
176.132 28.0726
182.588 30.2001
185.28 27.9638
185.839 27.9811
197.8 26.2859
208.93 27.7315
213.124 27.6359
213.124 27.6079
213.124 26.2607
210.877 25.8107
208.127 27.5914
190.007 27.5003
193.084 27.1823
178.977 27.0381
176.554 27.0581
175.818 27.1838
176.941 27.0501
182.436 27.4734
179.235 27.2769
156.681 26.6014
168.744 26.4174
159.228 27.1564
137.983 27.0332
145.472 27.092
155.321 26.924
162.654 28.2917
162.654 28.2614
156.027 27.9608
154.389 28.5048
151.3 27.5958
162.341 27.3709
161.226 27.736
160.456 27.369
154.373 27.7552
149.988 25.6149
137.616 28.7065
146.299 30.3513
160.665 27.1343
170.453 28.69
156.104 28.8651
159.063 28.2817
165.191 26.3846
171.098 26.4357
171.523 25.7944
166.512 27.0635
172.412 26.9296
170.944 27.5355
178.408 26.9221
182.818 28.1798
182.818 27.9645
175.786 27.5755
183.495 27.5398
183.495 27.3758
187.901 27.7019
212.651 27.5974
202.654 27.7413
186.765 27.5795
186.443 26.6128
177.61 26.9506
153.753 28.8322
142.185 29.1179
146.112 27.9257
157.181 27.4314
140.154 28.7128
164.906 25.8465
139.966 27.1679
147.599 25.5594
134.975 28.2517
142.864 26.1085
141.845 26.4832
148.068 28.7678
128.972 26.6374
152.089 26.7361
170.716 26.7654
160.191 26.2329
162.391 26.5335
157.993 27.9513
150.548 27.6678
145.902 27.6874
136.079 27.6341
135.347 26.9092
141.392 27.1986
134.588 27.64
130.037 28.8698
126.054 27.8737
123.728 27.6966
118.573 28.3046
118.573 28.2321
124.87 27.5631
124.87 27.7665
133.576 26.9075
133.576 28.0429
133.576 28.9315
122.648 27.5511
149.075 28.8654
150.442 27.8483
153.379 27.606
137.146 27.1758
145.826 27.5619
140.074 27.8754
141.37 26.7529
129.792 27.2259
142.583 28.8864
148.043 29.8157
156.778 26.6075
155.599 27.9832
162.719 27.7658
161.932 27.4338
157.409 28.7225
167.43 26.9707
159.785 27.3274
168.269 25.4265
188.692 28.0915
188.66 26.7381
188.66 27.3454
191.418 27.0699
185.298 26.5341
191.809 26.336
180.99 26.505
190.364 27.3382
186.057 26.9034
179.885 25.5408
194.799 25.9021
192.111 26.8609
195.114 28.2904
200.317 27.2616
179.781 27.2639
175.744 27.5435
175.442 28.9641
167.213 26.4634
163.324 26.1695
156.328 28.0114
157.55 27.5719
160.852 26.2454
167.027 25.8586
166.282 27.6831
163.279 26.6827
169.339 26.9234
198.203 26.6232
187.535 25.3287
178.423 27.3266
189.827 26.3952
183.946 25.9325
166.375 29.5504
152.771 26.9498
168.204 25.9467
156.217 26.9536
152.749 26.81
159.899 27.106
155.696 28.8477
145.905 26.869
158.895 28.2683
152.38 28.6435
142.317 27.7377
148.906 28.9402
144.988 27.9212
145.029 26.9595
155.637 27.4577
154.006 28.702
154.021 28.7219
138.955 28.5304
139.929 27.4581
142.086 28.6611
143.621 26.5915
140.222 28.1872
139.949 27.8523
145.692 26.0951
149.477 27.9578
155.155 25.9909
154.45 26.3896
145.895 26.926
147.743 29.3024
143.045 27.7082
140.229 28.103
131.207 29.6435
126.059 27.9314
127.506 27.694
127.966 27.4031
127.964 27.9924
127.399 28.9173
125.021 27.3923
143.942 26.6069
142.796 26.6772
124.758 28.8226
120.821 27.7703
125.803 26.4152
132.79 28.2218
135.093 27.4753
140.954 27.6643
141.049 27.2304
141.03 28.8096
141.618 28.1565
147.799 26.5234
142.936 27.6162
137.522 29.4605
144.693 26.5561
142.138 25.9871
149.693 26.2705
145.991 27.2984
158.546 26.7489
145.694 28.3019
136.674 29.0796
137.395 29.3278
133.759 29.0605
133.531 27.7649
140.132 28.946
153.328 28.1893
145.719 28.0405
147.218 27.6176
145.222 28.0672
143.699 27.8959
146.682 27.1529
132.793 26.7658
134.469 27.7787
140.013 26.2443
141.525 26.6677
142.437 26.7781
148.934 27.3296
153.02 27.1423
164.067 28.2197
166.341 28.2791
179.045 27.9761
155.489 29.505
157.608 27.6847
162.474 28.3334
168.985 27.7289
153.759 29.016
159.368 28.9103
152.28 27.6032
167.933 27.5443
154.309 26.9409
155.601 26.7726
152.337 26.3118
153.985 27.1379
173.156 28.1696
173.79 27.1504
173.79 26.4365
161.942 27.3239
152.552 26.3451
179.55 28.2301
194.069 25.7391
194.069 27.9666
193.69 26.873
193.69 25.7121
193.69 27.3036
193.69 27.0307
193.69 27.1415
173.247 25.688
170.399 28.213
172.18 26.8532
166.615 27.2134
156.869 27.3812
160.614 27.7448
151.334 27.5045
172.156 26.2326
145.965 26.4129
154.973 26.8749
149.705 28.0139
163.516 25.381
152.758 27.7711
159.288 25.7122
159.288 28.4415
162.481 27.4358
160.843 26.0976
161.575 27.0002
161.313 26.4692
165.607 27.3282
161.044 26.5358
147.652 27.9976
139.392 27.2207
143.803 28.4076
144.977 27.6499
144.372 28.0307
133.205 29.0527
154.803 26.7542
143.305 27.3178
140.782 28.6711
146.766 27.4778
144.05 26.9476
139.431 26.3134
150.57 26.9387
156.85 27.2314
163.179 27.3219
151.749 28.062
153.066 26.951
149.903 26.7059
153.564 27.7582
145.772 28.4574
164.113 28.2295
159.883 26.0954
156.47 25.4112
157.6 27.0402
159.83 27.4034
152.343 28.1117
153.416 27.1627
152.784 27.6722
163.726 28.2615
159.886 27.6541
156.593 26.8929
160.71 28.2527
160.859 28.203
158.181 25.9757
144.574 26.9706
128.675 27.1417
148 26.6066
151.975 27.2117
149.403 27.2729
155.572 27.7371
154.248 26.6446
142.458 28.674
135.706 26.9467
133.578 29.3614
135.382 27.0033
135.942 28.9326
135.91 27.9383
134.865 28.3041
134.846 27.6457
137.923 27.0259
151.859 26.7802
143.936 26.5829
147.774 27.5894
154.246 26.4747
148.67 26.1325
164.655 25.4808
151.425 27.6622
149.808 27.8763
159.49 28.4525
154.758 28.133
157.596 26.6646
142.522 28.3177
146.761 27.9071
142.848 26.437
135.279 27.3672
151.757 26.7496
130.657 28.9866
136.95 26.7636
125.042 28.3334
122.134 27.5262
124.413 28.1384
134.63 29.5365
128.938 27.9216
117.456 28.4972
131.546 28.9937
134.827 28.158
129.297 30.2412
143.493 29.5223
153.859 28.6281
139.033 28.9516
158.671 26.2471
161.384 27.8918
149.287 26.6448
165.675 27.6081
165.551 28.2326
150.061 27.2642
167.975 28.1284
163.813 28.1545
170.941 27.9095
159.665 25.955
166.359 26.8937
147.244 27.1628
158.303 26.2538
159.128 27.0181
157.801 26.7537
162.164 27.7512
162.568 27.775
153.405 28.6293
170.334 28.6655
169.008 27.2951
157.357 26.5766
155.906 25.9658
154.459 29.0199
155.521 27.2068
142.895 29.7865
150.462 26.8988
130.798 28.4801
134.557 27.6804
146.116 27.7689
141.56 27.5067
134.164 28.4948
143.21 26.2212
129.947 29.1162
138.194 29.4069
128.181 28.2024
136.845 25.7498
140.415 29.1351
149.327 26.9926
157.522 28.1385
155.337 28.0558
157.009 26.4813
152.254 27.1373
150.203 27.827
157.952 27.9259
163.755 26.7583
154.32 25.9686
157.441 26.2348
146.821 26.6618
142.355 27.9988
135.492 27.6439
142.195 27.6354
127.772 29.3255
131.472 27.2841
124.932 29.0569
153.7 26.1541
143.23 28.0325
155.178 27.6002
154.263 27.0986
144.765 27.1785
142.326 26.3649
151.875 26.4627
148.975 26.9376
144.911 27.8917
144.917 27.7121
132.866 28.6152
128.131 27.4648
132.785 27.2879
136.055 28.345
148.592 28.3272
147.997 28.1182
150.1 27.8121
148.253 28.7352
148.253 27.3742
151.186 26.5275
155.263 26.3493
150.121 26.5319
148.426 26.6582
164.886 27.7034
153.739 27.4205
162.642 27.1264
154.41 26.6409
142.691 28.4903
150.576 28.5342
154.035 27.4419
155.107 28.953
148.912 24.9256
156.094 27.6186
165.497 27.0116
148.225 27.0042
140.641 26.4216
140.506 26.3643
134.687 27.5492
128.217 27.4952
136.869 28.2176
135.482 28.3644
135.482 28.118
141.354 28.5083
135.382 26.8102
139.173 27.2952
131.201 29.003
155.341 27.8613
145.866 27.7818
154.437 26.8503
146.488 28.2905
126.437 28.2437
135.881 28.4155
139.837 28.2719
142.864 26.4979
141.148 28.4231
142.855 28.2505
143.176 27.1251
137.293 27.531
145.416 27.3816
136.46 29.5459
130.565 28.5253
142.928 27.2003
149.236 26.8643
153.915 27.6115
144.565 25.8284
141.006 27.7004
142.103 28.6202
145.177 28.7901
135.954 28.725
136.627 30.0294
134.53 26.7428
135.283 27.207
141.18 27.2455
133.99 26.8883
133.927 27.6114
136.256 27.6058
140.656 29.0798
127.788 27.623
120.027 26.0024
118.656 29.1986
120.086 27.2771
120.086 28.9751
126.358 27.809
125.082 28.3369
131.041 28.3496
145.357 27.295
150.863 26.2314
141.163 27.5911
156.202 26.7244
143.676 26.9974
137.603 26.6028
129.703 27.6353
129.966 28.9859
129.764 27.2633
136.116 28.7099
129.464 28.1648
130.475 28.4556
134.523 28.6124
134.421 28.1701
120.713 28.0051
139.725 26.6573
110.716 29.4905
120.929 28.7103
129.454 27.6728
130.523 27.1091
132.912 27.4246
133.414 26.3623
134.727 26.301
137.837 28.6917
144.685 25.8722
143.432 28.1703
143.892 28.324
144.492 26.8848
145.18 27.8225
138.782 29.5833
161.455 26.1804
150.262 26.3724
153.294 27.4444
145.617 27.8602
141.583 27.3986
144.145 28.2115
151.416 27.5363
165.799 29.2491
172.318 27.0681
163.197 29.0672
158.892 26.6607
155.955 26.299
151.683 27.611
152.264 27.7594
151.841 25.2776
150.233 28.7201
144.808 28.3105
161.591 27.3203
149.638 28.4085
141.132 28.4986
135.73 29.0705
138.854 28.6369
144.181 28.8964
139.222 28.3957
138.749 28.5021
143.84 28.2553
151.428 27.7461
152.923 27.5307
153.793 28.1169
150.224 27.1395
148.908 28.2799
134.383 26.7196
122.756 28.6231
119.34 26.5667
134.703 27.592
140.992 27.1492
142.404 28.0989
142.36 27.787
142.656 28.2358
132.817 27.8515
135.656 29.2566
142.202 27.7581
142.202 27.6492
150.365 27.5208
144.522 27.0082
150.127 26.5817
152.377 29.2842
142.625 28.7925
146.291 28.4925
150.028 29.4335
162.61 28.8831
166.378 27.0636
163.455 27.5795
167.793 27.5709
167.793 25.6897
157.104 28.556
156.338 27.8071
165.396 26.978
164.192 27.674
168.029 28.0374
162.309 28.4004
151.61 28.6254
153.463 29.0288
155.818 28.3597
147.302 27.1972
146.067 27.4693
146.247 29.3683
144.865 27.3271
143.024 25.9239
143.96 27.0472
142.039 25.5662
142.738 27.0957
131.826 26.7414
141.812 28.1668
143.782 28.9125
139.549 27.7156
139.549 26.8313
139.549 26.9894
145.733 26.7323
139.903 28.4003
132.945 27.6666
132.945 28.4462
128.757 28.6879
133.608 27.5409
142.913 27.4171
148.15 27.4618
146.906 26.9432
150.031 27.9538
152.502 26.0375
143.924 26.2905
141.69 27.5285
148.516 26.8155
151.023 28.5086
143.623 28.1963
136.137 28.2793
141.867 27.3925
149.2 25.5228
136.744 27.5492
139.106 25.6716
145.527 27.3985
140.452 27.7083
155.361 25.9541
150.665 27.9308
152.094 27.2913
152.673 27.2
155.808 27.0445
140.835 27.2315
146.216 27.4368
156.5 27.5365
145.342 27.404
139.759 27.3105
132.711 28.8645
133.605 28.6084
134.552 27.5244
137.499 27.0647
146.833 26.522
144.134 25.5591
153.491 28.0094
148.932 26.7113
159.022 27.0748
172.715 26.2759
164.345 25.6315
153.983 28.868
153.427 26.8041
152.612 28.6158
148.113 27.2934
148.51 26.3755
144.263 26.6312
143.641 26.0281
157.722 27.0136
157.834 27.2761
155.012 27.2599
144.323 28.2966
134.211 28.095
136.378 28.4422
133.948 28.1102
133.836 28.5451
124.393 28.0241
128.74 29.4721
137.129 28.4158
132.382 27.7775
133.971 27.7011
142.802 28.6296
149.036 25.985
151.615 25.9738
146.881 27.7646
148.635 27.2236
139.244 27.4814
136.325 27.382
154.963 27.5681
127.324 26.211
130.211 27.0485
126.644 27.3787
128.65 27.7987
128.669 27.4378
130.628 29.9671
152.336 27.5249
149.931 26.5759
141.019 26.2861
140.12 27.6627
139.297 28.3837
138.854 27.9446
150.503 26.764
140.59 27.1973
145.853 27.9526
129.045 29.3528
132.666 26.878
132.666 26.4729
128.546 28.6038
136.273 27.5548
147.025 28.333
148.5 27.1655
149.961 26.8791
135.11 27.887
139.795 27.003
149.203 27.5321
153.488 28.3466
153.33 26.3487
158.762 27.1947
150.279 26.0854
154.367 28.3783
149.528 27.3811
156.074 26.671
150.505 26.9002
156.635 27.9325
149.409 27.6947
135.405 27.7565
133.759 28.3528
155.349 28.2039
152.407 27.9353
158.307 27.7783
167.165 27.6059
155.048 27.9147
156.703 29.5014
164.017 26.1412
152.013 29.5651
168.502 27.8691
157.898 27.5225
154.964 26.9617
153.845 26.9111
159.088 27.5443
153.36 27.0562
173.422 26.7805
168.559 26.1445
164.31 27.6732
159.729 28.1807
167.549 28.7253
164.965 26.6667
150.709 27.6535
149.832 27.1843
155.805 26.6826
149.206 29.014
156.541 28.0712
142.686 28.0668
141.114 26.5777
142.542 27.5787
159.459 27.7967
174.207 26.0376
163.732 27.3584
167.454 28.6558
173.234 28.2098
169.277 25.4767
169.842 27.1555
170.916 26.4736
170.475 26.5821
166.6 27.8502
158.797 27.8808
156.687 27.5678
161.54 27.2236
176.596 27.7622
166.981 27.9755
165.871 27.7823
161.462 28.9507
164.902 27.6077
155.256 27.9392
169.528 27.1806
157.6 27.1127
141.286 27.4682
135.819 27.2688
139.952 28.0629
141.719 27.7717
146.292 25.7789
146.818 25.7677
139.065 25.8921
145.631 26.9071
145.876 28.7617
136.453 27.9067
141.051 27.9655
146.889 27.2021
168.819 27.01
163.171 27.6023
169.668 27.6224
160.852 29.3573
162.797 27.1823
167.375 27.9487
175.151 28.4984
190.071 27.9671
172.751 26.7171
170.416 26.1176
172.438 26.0127
162.335 27.0963
153.733 27.9531
155.901 27.4825
162.595 28.1865
163.533 27.4198
160.477 26.8947
158.896 28.8871
153.366 28.7391
147.137 28.1837
155.026 27.5958
153.671 26.5358
152.716 28.6656
149.109 28.1675
153.152 28.2085
149.842 27.4733
155.665 27.4682
146.482 27.4488
145.943 28.9358
156.452 26.7218
160.915 29.0549
157.731 28.2896
168.036 28.6502
161.907 27.4293
162.542 27.1278
161.46 27.0408
164.912 26.8173
167.551 27.3575
154.268 28.4847
156.078 28.9363
142.97 27.3478
144.471 28.1408
151.006 27.602
153.984 26.7882
142.767 26.454
147.707 26.4423
150.139 26.8524
142.761 28.3225
150.651 29.0109
145.327 27.208
147.981 26.9955
146.477 26.9288
152.58 27.1005
151.628 27.1972
160.061 27.0387
154.859 26.3043
150.402 27.7397
150.099 26.9458
141.417 26.9772
142.755 26.5126
135.656 27.5028
146.186 27.9427
157.426 27.8067
153.449 28.1227
160.814 26.9676
166.933 28.5794
156.35 28.4474
153.73 28.4364
156.322 28.022
161.38 27.1452
160.162 28.2294
159.009 27.9662
159.784 26.54
173.297 25.4307
163.635 27.5505
148.827 27.5866
154.25 26.7458
151.267 26.8439
155.015 27.886
150.338 26.84
142.717 27.6813
147.635 27.6123
156.417 27.3622
155.506 27.9871
151.995 26.2441
141.687 28.6368
139.156 29.4584
144.474 27.2176
164.532 26.4605
168 25.8965
158.889 28.2492
148.772 29.0436
150.187 28.0259
157.709 28.429
153.141 27.1502
154.997 26.3989
162.98 27.179
157.099 27.892
159.873 27.7393
158.423 30.1183
146.817 27.744
156.186 26.6261
154.966 26.5688
147.513 27.8776
157.515 27.9325
176.989 26.0923
165.311 26.0515
165.385 29.2553
167.956 27.8557
177.3 29.2193
155.183 29.4187
157.078 27.676
158.485 26.0684
158.485 26.6285
159.239 27.6171
164.522 24.7463
159.626 26.5083
155.976 27.0378
160.193 27.2053
164.784 27.9167
164.784 26.6554
170.185 28.5055
162.317 27.8552
154.249 27.233
158.141 25.9568
142.266 27.5953
145.407 29.3347
146.104 29.3845
150.179 27.5102
163.979 26.921
165.849 28.554
145.157 28.7172
152.511 27.6367
158.839 26.0771
157.296 27.9782
162.652 28.8634
165.208 26.6307
152.857 26.9665
168.321 26.7547
148.061 28.0499
148.917 28.409
147.519 28.8897
143.678 28.8956
146.82 28.1298
146.397 28.2596
140.814 28.3446
137.682 27.9095
154.769 28.469
159.591 26.8834
149.676 26.5223
147.23 28.6256
143.513 28.5927
158.62 26.4042
154.018 27.8013
143.052 28.1749
159.364 27.7252
141.193 28.4033
152.781 27.129
143.68 27.042
149.537 27.8843
141.995 29.4419
146.141 28.1891
146.404 27.5665
160.879 28.1569
170.266 27.5651
154.609 27.5288
161.425 27.3814
173.075 26.7532
147.355 28.5768
157.325 26.7312
166.083 26.3082
161.923 28.1273
145.498 28.6273
163.68 26.105
166.603 28.4948
172.605 25.9104
170.278 26.7495
159.2 26.7516
165.783 26.1055
163.343 25.0199
164.641 28.4369
158.562 28.0559
163.945 28.5824
166.108 28.1195
169.578 26.9664
170.857 26.997
166.395 27.6123
171.342 27.5963
167.511 28.1333
166.141 27.4155
165.749 27.2179
173.893 26.6671
158.647 29.0125
145.98 28.8755
143.538 27.7264
142.052 27.603
131.011 26.5207
136.651 27.052
127.723 29.3121
124.034 29.2818
122.104 27.6119
130.114 27.8852
130.26 28.2813
125.851 28.1734
133.296 27.5561
130.414 29.0365
132.08 29.6386
131.393 27.7758
144.232 27.5227
143.761 28.2411
159.663 27.2504
139.993 28.7935
131.939 28.3829
113.672 29.2671
121.48 28.4559
133.263 28.2571
110.426 28.0455
106.412 29.206
108.322 28.5676
108.082 28.9364
114.376 26.3257
116.155 26.7131
110.513 27.0941
108.069 26.794
123.244 29.1697
124.315 27.2767
147.736 27.5337
134.639 27.6842
133.383 25.5083
138.739 28.8619
132.024 29.3518
134.58 28.2997
131.704 27.7522
144.912 27.6383
151.312 27.2011
155.356 27.9857
156.203 27.1233
152.449 27.0332
152.856 26.3919
146.367 28.2669
149.623 27.7629
142.426 29.1306
153.946 26.6005
142.976 26.418
150.105 27.2926
146.743 26.5353
142.764 28.1671
139.075 29.0428
151.894 25.4677
147.188 26.9234
141.974 27.6862
142.393 26.8402
140.009 25.979
138.663 26.009
134.656 27.6676
132.53 28.5039
134.853 27.9004
135.005 28.13
138.562 28.3226
147.239 28.367
147.817 28.2731
152.497 27.1116
151.552 27.6122
154.751 27.1386
147.79 27.7638
137.564 29.2486
139.013 28.3058
146.397 28.2201
150.963 27.3266
144.514 27.8794
126.965 28.0435
137.775 26.9204
141.532 27.0504
141.158 27.3865
132.494 26.797
130.819 26.6154
137.835 26.7942
137.067 27.6351
133.829 27.7619
132.254 27.8799
131.258 27.9889
141.096 27.0766
144.176 27.0995
141.644 26.5521
146.267 27.5863
146.028 27.331
144.927 28.0197
140.015 27.2371
147.019 27.9721
132.226 27.9197
148.559 28.4994
147.034 28.0483
143.688 27.6791
148.264 28.28
140.274 28.1646
137.351 28.8369
125.693 27.8332
128.036 28.1699
131.371 28.1843
121.818 27.2272
135.422 28.8979
135.466 28.3474
137.814 28.7031
139.925 26.6829
138.039 27.3826
139.129 27.4008
146.393 28.1587
148.35 28.6332
149.807 27.8283
133.326 27.749
131.611 28.9845
146.31 29.8386
155.201 27.9026
155.902 28.4558
147.58 28.3674
141.697 27.6218
147.936 25.9124
148.464 28.0578
151.935 27.8113
154.293 27.6251
146.091 27.9776
157.434 26.4978
162.407 27.0741
161.396 26.1297
157.691 28.9173
154.265 29.0979
156.089 28.9197
156.705 28.9458
167.337 26.4263
168.151 27.1182
176.187 27.0655
177.968 26.8655
191.736 26.4604
175.14 27.6826
165.219 27.6389
171.609 27.9495
178.456 28.2701
183.633 28.0537
185.846 26.8062
187.842 26.2173
180.245 26.5791
168.989 26.6562
164.17 25.8444
165.464 28.159
167.393 28.2218
178.719 27.6582
153.378 27.5978
172.185 27.5147
145.149 27.1265
149.414 27.7637
147.147 27.0567
146.229 27.2444
172.723 26.6814
172.043 26.9106
166.27 27.0054
159.966 27.7561
166.07 28.2168
151.773 27.4731
161.477 26.6118
161.95 26.9058
173.952 27.1475
165.475 27.282
169.444 27.4358
169.444 27.2145
170.38 26.7007
162.492 27.1187
158.127 26.7467
167.62 26.4763
170.481 26.5394
162.613 27.6067
160.055 26.9969
154.377 26.1465
154.702 27.4756
151.829 26.6128
161.358 28.2681
144.376 28.2855
144.271 26.9634
147.519 25.8399
147.772 28.0894
144.876 28.1339
152.787 26.7958
159.598 26.5696
144.35 25.5113
141.674 27.7706
148.764 26.936
142.719 28.4071
141.997 27.8045
143.604 28.1966
149.517 27.8005
145.322 27.3957
145.322 27.052
135.527 27.1172
129.46 26.4801
129.72 29.9639
130.113 29.5025
137.848 27.8272
145.733 28.6361
148.281 26.5965
137.301 28.7746
144.988 28.5131
148.28 27.1896
161.777 27.7738
167.54 25.6552
158.276 27.1123
149.221 27.8673
143.682 28.4594
149.716 26.2369
150.543 27.8136
145.959 28.6205
142.339 29.0801
142.514 27.5902
144.157 25.9346
147.298 26.1368
149.978 27.9345
145.642 26.8654
144.904 26.747
148.149 28.54
154.989 28.8768
154.891 28.0677
143.714 27.3355
131.627 28.4616
119.649 28.4616
118.349 28.4785
121.264 27.5073
124.803 27.4706
128.994 26.8408
146.985 27.7624
142.828 27.5061
141.206 29.2338
157.986 25.5337
154.971 24.9112
168.334 25.9852
155.188 26.5297
144.165 29.54
141.265 27.4359
150.43 27.7802
140.41 28.615
160.78 26.8071
149.84 25.9528
156.981 27.9744
159.369 27.7697
138.95 27.1108
133.963 28.1803
127.072 27.2208
147.763 27.4077
140.873 26.2411
152.105 28.3038
163.971 28.8405
148.351 27.8945
155.322 27.8015
131.763 29.0319
128.296 28.1044
132.46 28.7558
130.345 27.5926
131.283 29.4328
137.171 27.446
135.703 27.5999
135.703 26.052
138.178 26.5592
138.178 26.9352
143.632 28.0307
133.694 27.2611
132.379 26.123
132.379 27.4543
129.101 27.3604
140.204 27.1973
130.272 25.9624
133.45 28.1094
127.849 28.0005
127.849 27.4067
136.007 27.9432
146.651 27.1632
146.737 26.0205
143.874 27.9124
142.887 28.4917
145.92 25.9448
163.713 26.4599
163.802 27.6871
168.952 28.5371
147.113 28.57
147.314 28.1236
147.314 26.7242
144.039 26.4587
145.605 27.235
138.946 29.1071
150.268 28.0075
145.442 27.1638
132.849 27.1877
139.753 27.544
135.758 26.9773
151.881 26.4474
129.466 27.7333
138.198 27.6092
142.009 27.6441
124.491 27.5661
133.766 26.9868
144.736 28.5394
142.951 27.4128
150.005 26.8151
150.1 26.4186
149.202 27.4167
141.135 30.0125
138.17 29.5633
142.927 26.7903
140.388 27.317
146.195 27.9723
126.276 29.8041
124.309 27.1757
121.182 27.3617
114.011 29.404
110.091 28.3149
116.777 28.3432
118.249 27.7044
125.398 26.3488
141.945 26.9154
144.23 28.5668
146.255 28.9292
156.117 27.301
152.596 27.1186
149.123 28.4376
157.776 27.7174
151.238 28.3906
142.933 25.2912
144.451 26.533
141.889 26.1626
145.828 28.698
152.07 28.0199
152.977 27.6186
146.055 29.3052
155.351 27.4164
143.844 25.615
148.86 29.7024
145.793 26.0369
138.354 26.4174
139.113 28.3762
144.978 27.5271
143.267 27.0275
153.952 27.7722
162.257 26.2421
156.587 27.7492
144.49 27.4954
144.907 27.0457
140.761 29.2221
155.517 25.9294
146.474 26.7189
147.093 29.2744
163.225 25.9131
153.074 27.4887
161.456 28.068
158.431 27.6502
158.659 27.6152
148.296 27.5993
151.557 29.3993
151.082 28.7306
160.988 27.5581
162.641 26.711
168.041 26.732
161.365 26.4071
164.701 26.789
165.651 27.6288
165.651 30.1351
157.234 26.5327
151.27 27.2022
153.882 26.7673
147.848 29.3955
149.404 26.5901
144.596 27.9738
158.555 27.6584
167.194 28.1707
156.879 27.309
158.393 28.4224
157.813 27.368
160.808 28.9621
163.323 27.331
163.323 26.6589
168.677 28.2475
171.627 26.1769
170.868 27.6701
161.692 27.8983
165.662 27.9372
171.797 28.5999
167.064 27.8157
176.793 28.3994
181.207 27.7587
166.34 28.2575
167.189 27.7102
173.091 28.0099
175.05 25.6826
170.72 27.3793
156.73 27.323
156.936 27.8826
155.617 27.3891
149.831 28.2273
144.391 27.3554
143.349 29.171
150.874 28.9488
160.957 28.838
156.929 28.1895
165.207 28.0065
172.174 27.0199
188.027 27.3715
184.852 26.6179
174.245 26.6416
160.269 27.1441
158.715 27.0883
158.617 27.8534
145.251 27.7313
136.116 28.4764
154.413 27.0362
158.6 28.3796
152.17 27.5194
165.467 27.8931
175.231 27.1284
171.924 26.681
185.292 27.5854
183.87 28.6951
185.393 27.9205
159.937 29.2606
164.485 28.6288
153.737 26.6792
148.67 28.9056
154.127 26.922
154.388 26.7637
152.8 28.2608
154.442 27.6032
146.08 29.9024
166.419 27.8206
161.828 28.2742
156.15 28.2126
155.891 28.7688
177.863 27.2013
187.443 27.6972
177.447 27.1885
165.285 27.9294
170.794 27.3663
174.645 26.5015
166.661 27.8891
158.465 27.227
162.428 27.681
161.305 28.4908
150.146 26.2725
150.159 27.9676
146.396 28.4914
149.705 28.3615
149.489 28.2939
144.932 27.8777
143.06 29.5038
142.851 30.0947
151.706 29.6139
155.313 28.1906
149.315 27.1618
148.015 26.9245
149.186 27.0055
160.489 26.7966
156.171 28.3931
153.306 28.6483
157.265 26.9941
158.25 27.1261
161.104 27.8593
159.116 27.1074
130.95 26.7735
129.532 25.8986
139.785 28.0276
144.438 27.4249
145.435 26.6621
152.614 26.9918
154.428 27.2956
153.257 26.7592
147.302 27.6205
149.05 26.667
141.958 27.0118
148.813 27.2737
143.045 27.8313
140.207 26.7567
136.841 27.1006
135.822 28.7595
151.746 28.905
152.025 28.2282
148.898 29.1201
138.399 28.5179
140.058 27.7314
158.229 28.1641
153.691 28.2669
146.104 29.0467
147.514 27.1676
148.861 27.9431
149.845 27.7523
147.07 28.784
142.191 27.7566
163.984 29.049
167.933 27.0965
168.173 25.953
167.337 26.3182
170.88 27.2904
163.523 27.0694
161.552 27.7798
159.797 29.1706
158.107 26.6549
154.553 26.8489
163.341 27.746
165.721 26.8984
166.596 28.5476
164.392 28.4747
164.392 28.6122
158.537 27.9203
163.16 27.5879
160.447 25.606
162.911 28.0371
162.923 27.7425
163.294 29.0628
157.767 28.2939
159.013 27.3298
166.067 27.5449
142.488 27.428
143.654 26.2776
157.66 25.8657
154.631 27.4859
156.799 27.9451
180 28.489
168.352 28.052
168.663 27.5588
172.111 27.252
165.079 28.3761
169.387 29.0011
176.232 28.0664
180.51 27.6091
179.701 26.6803
167.332 27.2992
168.661 27.1935
168.367 27.7433
171.075 27.275
158.548 27.8566
173.172 27.5381
155.255 27.887
149.655 29.326
149.655 26.6154
169.492 26.8356
165.743 26.3702
175.342 26.4726
173.692 27.219
172.787 28.5742
180.194 28.0973
167.671 28.4518
173.106 28.0587
171.088 28.3652
164.898 27.5331
163.523 27.2915
157.575 28.3782
158.985 26.4373
140.029 27.4703
140.029 26.3502
139.103 27.2338
142.543 26.8781
137.852 27.1143
130.424 27.3437
133.507 27.592
133.855 28.2281
140.219 27.2258
129.534 27.4029
136.632 27.4881
135.345 28.3826
146.35 27.9076
144.309 27.3893
145.075 25.8583
145.998 27.6083
141.456 28.8661
140.294 27.1044
138.132 29.1187
142.641 28.2403
144.881 29.2205
141.318 29.0177
138.681 28.4751
141.662 28.3133
132.576 28.2665
129.526 29.3236
128.788 28.9487
143.876 28.6808
136.87 27.6587
138.549 28.2211
152.104 29.0521
155.848 27.9719
146.152 28.5161
144.299 26.3957
136.064 27.7431
139.082 28.2179
138.605 27.5469
131.312 27.6362
157.155 26.7846
147.728 28.2807
144.055 29.1526
160.002 28.1633
168.715 27.7627
146.893 27.2481
163.481 27.4082
163.481 26.7461
163.481 27.4422
163.481 27.1542
166.073 27.1645
160.814 26.9191
152.178 26.3434
150.65 27.229
164.017 27.9743
158.876 28.4007
157.879 28.8519
154.189 27.1396
140.23 27.9802
137.022 27.8844
134.871 29.0876
126.583 26.2635
124.578 27.9985
141.131 27.2397
128.494 27.8945
132.807 28.8874
121.16 27.9374
127.867 27.9244
125.432 28.2533
137.833 27.5782
141.827 25.886
139.936 26.8722
136.518 27.4646
139.066 28.2277
145.092 26.2101
149.247 27.0605
149.234 28.0196
150.159 26.8253
157.123 27.889
146.895 26.3498
154.273 26.2922
154.527 25.6528
156.308 26.6185
157.064 27.0502
149.623 26.7305
162.525 27.1552
161.983 27.3165
159.073 27.7234
157.472 27.6693
145.714 27.619
138.685 27.641
151.515 27.1922
153.906 27.4407
155.025 28.8684
143.682 26.4855
152.303 27.0316
153.935 27.1121
152.739 27.0439
155.957 24.8236
138.444 30.6411
134.201 27.0299
140.38 27.5473
130.727 26.7065
138.15 28.5717
144.258 27.5345
126.657 28.7046
134.579 27.6539
135.886 28.3714
132.023 29.0184
131.224 28.7024
117.266 27.9863
130.351 28.1343
147.531 27.7261
151.909 27.3632
142.304 26.3358
143.118 29.1014
144.359 27.5415
137.563 26.7602
136.584 26.6823
122.409 28.2591
121.834 28.1579
129.822 27.7331
140.353 28.6206
135.997 27.2719
143.159 28.0142
136.917 27.3062
137.962 28.8203
138.616 26.9007
138.565 26.722
137.371 28.1616
144.987 27.0887
134.58 27.8394
137.85 27.3441
144.246 28.7945
130.687 28.4568
146.528 28.4669
139.233 28.0133
140.438 27.0867
133.368 26.5184
139.664 27.3802
139.664 27.7222
139.664 28.4999
145.012 26.6135
150.28 27.0137
150.517 26.3608
140.385 26.9576
131.342 26.7793
134.949 26.7321
135.794 27.7606
129.158 28.0345
139.29 27.8803
149.16 27.8337
150.402 28.405
163.762 28.1062
158.749 27.5921
147.742 28.7072
147.81 28.8007
151.34 26.8844
143.972 27.5577
147.55 27.0811
144.117 27.0539
136.126 26.9719
136.422 27.4916
119.502 27.1069
121.844 28.2807
126.306 28.9236
139.289 28.9402
143.506 29.0953
143.506 28.6287
144.111 27.7941
147.149 27.2362
156.145 27.3371
155.494 27.8553
144.908 28.519
150.945 27.3824
157.403 26.454
168.396 26.1967
153.865 26.5846
159.489 26.9176
154.62 26.7286
159.232 25.7013
148.65 27.623
124.842 28.2912
133.084 28.1945
136.87 27.2528
132.084 27.6892
130.828 28.2088
137.543 28.1458
140.232 27.5832
140.232 28.2107
145.922 27.5299
147.137 28.1718
145.473 28.3946
139.744 28.7019
133.338 29.6033
140.253 28.742
133.63 27.8897
143.589 27.6171
143.687 28.4049
144.484 28.6521
146.58 28.4443
149.16 28.162
143.773 28.1722
151.005 27.8665
148.38 28.1435
150.855 28.4804
143.918 27.2433
138.72 28.2921
138.268 30.0877
143.789 28.321
155.689 27.3026
153.877 27.7825
152.083 28.1428
176.053 29.1196
162.643 30.4684
165.106 28.3853
158.191 27.7093
144.207 27.2941
146.77 27.1971
156.6 25.5929
154.917 27.4902
139.006 26.9795
140.609 26.5417
153.008 26.7898
152.145 27.1186
152.685 27.2642
161.872 28.4244
150.403 28.6008
137.334 28.5851
149.11 27.7862
156.902 28.7778
160.608 28.4145
147.586 27.3729
143.559 29.0017
140.538 27.2843
139.904 28.2691
135.717 27.0532
141.204 28.0579
144.028 28.3517
146.415 26.9477
139.731 27.4025
132.619 28.5415
131.376 28.0404
135.925 27.9184
139.82 27.6551
134.11 27.7429
126.019 28.9808
128.823 29.2201
128.905 29.0117
139.556 27.6114
149.724 26.9092
139.549 28.0253
146.57 27.6877
148.84 27.474
144.211 28.302
142.854 27.2841
148.185 27.21
141.464 27.7687
143.112 26.1931
135.365 27.1927
143.585 26.8394
145.48 27.2599
152.26 27.7161
151.041 28.0055
151.566 27.4899
158.915 27.2649
158.504 27.6943
161.03 26.8782
162.832 27.2034
158.595 27.1316
168.976 27.1631
161.338 28.1311
162.43 28.0057
158.75 27.0935
152.951 27.8257
148.904 27.9939
144.92 29.1675
149.791 28.3003
152.394 27.4452
152.034 28.6286
153.477 28.5988
155.643 27.0736
151.921 28.494
154.976 28.4136
155.917 27.7969
163.495 27.1251
165.322 26.3475
159.59 27.9149
158.511 27.8346
172.397 27.7773
168.415 27.7911
163.585 27.7439
171.986 27.2537
165.544 26.677
163.528 27.4035
164.384 26.3221
158.136 27.3258
170.899 26.259
155.535 27.0824
167.074 26.388
160.214 26.671
157.194 28.348
163.906 27.5971
163.566 28.054
164.09 27.3268
165.071 27.5272
153.452 27.9121
179.603 28.5773
170.371 28.5475
172.233 27.668
168.739 28.1959
172.934 28.8698
161.853 28.4122
158.553 25.4373
165.17 27.3312
167.111 26.3511
161.565 28.9175
165.091 26.8706
175.003 26.0585
166.141 26.818
155.926 28.3099
158.166 26.6045
142.019 27.3071
135.555 28.6616
143.551 26.3877
144.787 28.1976
133.062 26.3913
130.39 27.796
139.348 27.2337
131.251 26.3426
135.018 26.9754
128.956 28.0513
131.16 28.4886
127.817 28.4048
121.714 26.9177
120.98 27.2842
135.493 27.2446
141.965 26.3042
136.675 27.6051
143.299 27.4696
157.525 27.3185
140.32 27.7471
147.844 27.4069
136.885 27.5446
169.999 28.0146
164.729 27.7063
160.656 28.0886
169.534 28.0427
169.315 27.6212
155.71 28.7913
155.275 28.3852
148.907 28.9502
160.085 27.4701
150.874 27.5008
151.516 27.7144
143.741 28.4156
149.883 28.0502
138.297 27.6878
137.917 27.8637
133.053 26.6041
143.217 27.3359
143.392 28.288
148.003 28.2149
138.175 27.8894
134.214 27.184
142.833 27.7296
138.845 27.7508
141.667 25.6481
158.07 26.3338
153.653 27.8249
146.081 28.1406
145.63 27.0061
145.903 27.0913
153.033 28.1926
160.832 26.1483
166.001 27.611
156.864 26.8088
158.986 28.1383
162.709 28.0945
151.842 26.3194
149.692 26.9818
145.442 27.5322
146.485 28.3364
142.403 27.9821
144.768 26.7387
150.416 28.8682
143.621 28.4482
151.887 27.1246
147.544 26.5444
159.437 27.4017
159.212 26.7263
137.5 28.7278
145.121 28.1591
145.121 27.4958
145.126 27.9121
146.004 27.7097
144.49 27.7368
143.069 28.2974
135.274 27.1534
137.895 26.8602
127.607 28.8713
133.424 27.178
131.075 27.322
131.075 27.4439
140.596 27.3733
127.804 28.6576
131.838 27.4634
132.735 27.5619
132.032 28.1772
133.227 26.729
134.477 26.7964
123.21 26.6888
137.882 26.7106
134.221 27.1658
130.502 27.338
128.932 27.1249
136.107 27.6215
138.454 28.333
133.93 28.1122
151.691 28.0491
155.598 26.9214
127.77 28.3719
134.193 26.9079
133.076 27.3559
131.364 27.5055
141.669 27.6297
136.765 27.6573
146.803 28.2347
149.972 26.8774
144.249 26.4418
144.249 27.0432
139.985 27.1072
143.948 26.7894
158.005 26.4916
167.132 27.6774
164.886 27.3764
161.059 27.6216
149.229 27.9549
150.21 27.582
135.46 28.3219
148.497 25.6936
159.589 26.7679
144.29 27.6819
156.174 27.5185
149.631 27.802
149.527 28.0762
147.778 28.0476
154.846 28.1399
153.2 27.2978
152.981 28.2351
152.981 28.0137
160.164 26.2655
149.437 26.0222
153.336 27.5725
163.012 28.1764
155.629 28.8233
154.124 28.714
150.843 26.7652
138.865 26.7638
156.222 25.4713
158.108 29.5137
151.884 28.702
175.714 27.0095
175.117 26.315
169.891 26.6265
178.566 27.1812
159.935 27.3031
149.319 27.5808
152.965 28.0786
151.516 27.7894
151.145 28.7284
151.289 25.9073
153.493 26.0972
136.824 27.6529
142.984 29.0808
155.992 27.3635
152.344 28.9953
156.661 27.2145
156.236 27.0801
158.371 28.2345
150.326 26.6641
160.479 27.1469
143.559 27.7425
148.032 27.6051
161.252 27.4543
165.042 28.5692
155.425 28.2353
155.459 26.6775
159.08 27.4105
164.399 26.3346
163.36 26.0552
157.321 27.6197
153.573 27.8692
148.735 27.91
142.932 26.5239
135.857 26.8
143.894 28.9238
149.484 29.3808
153.607 29.775
168.026 28.4684
149.306 27.3579
149.249 29.0758
148.419 26.7066
146.634 27.4395
142.078 27.3299
145.064 27.2606
147.885 28.375
145.708 27.782
150.525 27.4262
149.585 28.7186
148.471 27.548
140.593 27.174
135.01 27.6919
139.312 27.4229
127.584 28.2642
139.411 28.2192
134.12 28.2698
144.934 28.7107
153.973 27.6915
163.456 28.2772
157.482 26.2604
177.384 27.3284
172.538 28.1381
156.89 27.8218
149.65 27.7499
151.055 26.8427
154.207 27.5031
163.876 27.1664
159.314 27.3131
150.82 27.4023
167.075 27.7958
159.191 28.0096
154.475 27.8004
169.341 27.8574
165.706 27.1255
155.634 27.0068
168.695 27.2326
147.107 30.4554
149.006 27.9833
160.767 27.1039
144.829 27.8479
157.027 27.9553
154.674 27.3273
165.767 29.2558
162.397 28.3446
151.022 27.876
146.876 27.7226
159.437 24.5164
157.324 28.3228
151.608 26.9679
155.738 27.6833
159.956 26.4391
157.563 26.1065
148.459 26.5804
142.522 26.9139
144.516 27.1742
158.4 26.7093
154.233 25.3038
149.133 27.8051
133.497 28.0798
133.497 27.4341
131.518 27.8689
131.782 27.2702
142.157 27.0647
145.478 28.0662
138.7 27.3906
137.771 26.0864
142.869 28.7041
141.728 28.0878
143.695 26.3156
144.304 27.5127
145.336 26.8551
148.256 26.1016
147.782 26.9607
138.288 29.9486
143.873 26.4069
141.114 28.3078
135.099 28.9369
139.213 28.1381
134.38 28.9907
132.215 28.1304
132.215 28.7621
136.537 27.5612
136.537 27.7682
130.946 28.5444
136.711 28.3041
136.361 25.6499
147.196 24.3065
141.704 26.8397
142.372 27.6182
150.823 27.0622
145.852 26.0637
154.221 26.608
140.612 27.2992
137.991 26.6512
137.991 28.4482
137.631 28.9493
133.656 28.7111
129.469 29.8078
142.865 28.298
143.743 29.1068
137.725 27.4588
139.551 28.4465
148.941 28.3526
145.727 26.5894
143.548 26.6725
133.812 28.881
137.442 26.9062
134.961 26.6808
134.022 27.2975
141.048 26.8569
152.42 26.399
141.383 25.925
134.611 26.4512
144.302 28.4466
131.839 28.0538
153.7 27.2436
143.281 28.3951
153.721 27.723
154.344 27.5786
150.461 28.3071
125.676 27.8115
133.852 29.3311
146.907 28.0063
163.537 28.4757
163.537 27.3305
154.27 25.9437
159.54 26.7204
154.216 25.7734
145.059 26.0224
149.964 27.2707
156.237 27.0449
157.699 26.654
146.826 27.347
152.979 27.9581
147.639 27.3451
144.473 27.5098
145.944 29.3196
143.801 27.434
152.285 27.0927
153.946 27.299
164.066 26.6356
151.918 29.0161
155.224 26.6996
164.224 28.1737
160.601 27.1341
166.772 27.2926
157.501 27.0058
157.241 26.225
152.328 26.3812
155.213 27.1631
151.377 27.444
145.369 27.8703
157.381 27.7744
155.049 25.5763
141.406 27.077
149.614 27.0298
150.369 27.3744
148.016 27.2834
152.991 27.362
145.616 28.1603
139.972 26.1732
145.329 28.2889
145.222 29.4087
143.07 26.8431
153.076 27.3298
148.565 28.175
159.575 28.1782
139.651 28.8386
137.411 28.3496
136.316 27.7522
142.678 27.2644
149.291 27.1746
151.647 27.3118
147.95 27.6125
153.841 27.2964
152.362 27.4305
162.691 26.4965
163.622 26.4257
171.577 28.7407
156.083 26.3704
158.997 28.0538
154.261 26.4492
152.711 27.9113
147.503 26.443
145.057 26.6337
148.188 26.5224
151.404 26.4531
159.789 25.9468
159.789 25.2216
157.952 26.1801
154.734 27.9547
152.897 27.5995
157.133 27.7328
156.675 28.1714
156.008 27.2644
153.75 27.892
154.738 27.8746
158.717 29.4244
152.082 27.1618
148.596 26.8074
142.973 28.1133
142.243 28.7538
163.583 28.4297
188.514 26.6378
177.758 26.6786
168.945 28.0913
148.645 29.0087
153.141 29.2441
137.016 28.3683
136.289 28.035
136.815 28.0433
141.022 26.5438
146.624 27.9309
144.241 27.2358
137.566 27.652
151.003 27.4841
138.566 27.4214
137.581 27.4307
136.913 27.0928
134.017 27.3633
126.222 27.0345
125.031 26.7693
112.564 27.0006
120.475 27.189
126.54 26.0629
132.658 26.4377
124.679 27.3375
129.524 27.7861
129.524 28.0331
131.208 28.772
139.006 28.6265
138.836 27.3236
133.815 26.7576
141.736 27.498
150.094 26.4338
145.324 28.8952
149.705 28.7385
141.907 28.1388
134.407 27.6491
125.338 28.1713
140.039 28.6066
138.547 28.4389
138.21 26.9443
140.686 27.8007
143.663 28.261
154.356 27.5767
152.428 26.1882
152.275 27.6642
148.774 26.5997
143.725 26.8797
134.478 27.7284
134.478 27.4969
139.234 27.513
135.781 27.9411
147.972 27.5809
142.428 27.9266
139.489 27.7025
137.9 27.7764
162.192 26.114
161.582 26.5845
169.108 26.7725
163.335 26.2199
171.361 28.1732
171.53 27.5203
174.193 27.057
170.287 26.9018
158.248 27.7489
162.679 27.8205
159.225 28.5834
173.385 25.22
158.701 26.1371
151.692 28.9288
158.145 26.2719
158.145 27.1221
145.246 27.6913
150.259 28.913
172.004 28.5001
165.873 28.3299
166.706 27.6795
161.539 27.3181
160.513 26.7102
153.911 26.9915
160.442 25.0729
165.188 28.5241
161.303 27.1384
161.617 27.8908
163.051 27.2986
160.582 27.4512
170.994 27.5753
163.574 27.9851
162.213 27.4148
167.439 27.6665
169.803 27.6426
162.791 29.1113
164.267 28.716
154.679 26.2216
157.859 26.4493
161.436 25.961
155.9 26.9799
152.949 27.2253
157.92 28.5011
158.667 27.7735
161.604 26.5037
153.856 28.5256
150.204 27.1386
154.742 28.2456
155.547 28.2534
152.14 27.7689
149.994 26.5543
158.525 26.4662
159.111 26.7369
158.203 25.1464
153.096 26.6955
153.093 27.3133
160.44 27.706
179.883 27.6972
155.224 27.646
157.883 27.946
166.125 27.667
162.161 26.4393
165.212 26.822
174.636 28.2317
183.285 26.5138
174.141 28.1922
166.892 27.4129
166.746 28.3822
175.109 28.089
171.803 27.9691
186.806 27.1432
176.133 27.5609
167.88 27.4983
164.49 26.6438
150.029 26.7405
140.542 27.0355
147.262 27.1744
134.22 27.9792
139.913 27.6276
149.649 28.2057
145.652 28.1844
149.281 26.3059
159.77 27.4722
160.399 26.3067
166.001 26.5066
148.764 27.8882
150.768 28.016
153.89 29.0603
165.398 26.7098
148.847 30.0224
154.997 28.0902
158.409 26.465
158.941 27.7244
155.385 26.5764
148.659 26.5209
158.416 26.4649
143.041 26.8333
161.259 27.4494
146.275 28.0486
150.969 27.557
145.008 26.9091
137.211 27.4081
154.122 27.4035
150.667 27.1823
153.406 27.4162
149.43 28.6813
152.393 27.5729
160.12 26.63
152.143 27.1042
151.384 27.5274
170.448 26.8509
181.52 25.8388
182.474 28.0124
182.474 28.822
183.371 28.2487
184.941 28.0128
180.57 28.1311
186.674 26.0125
170.32 26.4201
170.32 26.9522
163.172 27.2793
167.674 26.7549
163.43 26.6304
175.071 25.7436
166.484 26.3215
176.856 26.0733
171.565 26.4058
161.441 27.9445
165.506 28.2015
161.154 28.7241
151.848 28.6399
152.731 28.487
149.062 30.0876
148.473 28.8959
147.6 29.3655
140.126 28.7374
135.651 28.1996
136.6 27.0927
126.221 27.7452
145.758 28.4213
140.011 29.427
139.09 27.7837
140.001 27.4172
145.389 28.1651
138.262 27.8258
144.81 27.1564
151.781 28.0547
146.221 26.4688
144.707 27.2466
142.602 27.3612
142.533 27.4781
141.18 27.9956
142.114 27.3459
137.084 27.06
139.833 28.029
140.924 26.8325
143.366 27.3866
155.37 26.8252
162.837 27.9566
162.268 27.9892
163.911 27.8951
157.535 28.2578
155.255 27.6694
159.082 26.9816
171.154 26.4016
158.138 26.5886
154.931 26.5631
157.756 26.3393
165.177 27.6977
158.31 28.4573
163.751 28.5057
169.492 27.1332
192.16 27.0805
196.672 27.1844
187.163 28.0108
184.106 26.9833
176.072 26.3156
173.104 27.9955
164.752 26.541
179.712 26.7785
180.638 28.695
174.578 27.6331
169.631 27.8259
178.255 28.08
183.804 26.6591
173.503 25.967
173.309 26.3848
175.156 26.4907
169.158 26.754
165.151 27.6978
165.151 27.782
165.151 27.9685
152.628 28.1471
167.055 28.4209
162.992 27.6846
167.39 27.1288
159.45 27.8124
171.787 27.0569
168.449 27.8472
183.509 29.1601
181.96 26.3916
173.501 27.1705
180.404 27.0421
199.008 27.2155
180.172 26.6683
168.505 28.4142
182.388 28.7089
194.586 27.222
191.537 26.7775
180.724 27.7591
164.688 28.7498
162.563 27.8201
163.618 27.5914
160.402 27.8639
161.45 28.2204
173.689 27.6029
163.147 26.6486
161.71 27.067
164.504 27.1364
161.049 26.3651
157.334 27.4109
155.832 28.6796
145.824 29.5712
151.706 27.58
154.038 26.3875
155.293 27.1517
159.436 27.5292
154.04 28.2522
176.818 26.8298
179.456 28.584
178.666 26.2927
171.373 27.7503
150.326 28.0367
147.164 28.6441
170.18 27.0209
176.422 27.7835
185.278 26.2686
171.934 27.2812
168.95 27.7471
173.92 27.8983
160.326 28.2315
170.956 26.0837
167.392 26.9975
175.191 27.4965
176.706 26.4468
179.621 28.0438
183.145 28.3095
178.498 26.0077
176.087 26.5536
184.013 26.9131
168.424 27.9482
164.214 28.5172
171.111 27.0025
172.568 26.8476
166.413 26.2947
168.844 28.4249
183.636 27.8424
175.656 28.2233
179.375 27.57
193.176 27.4964
200.435 27.6068
203.435 25.8011
177.242 26.8245
188.542 26.3767
172.106 27.2239
187.047 28.6573
190.858 27.9165
177.009 26.9166
181.648 26.7457
177.644 26.9041
163.709 27.5409
168.59 28.5434
166.126 29.0343
165.16 27.4571
167.557 27.0238
153.921 26.9986
164.02 28.2219
151.166 28.9243
158.296 27.6269
149.578 26.9499
142.601 27.9322
141.275 27.6566
143.609 28.0284
144.932 28.1409
145.167 27.4516
148.633 26.9381
158.411 27.6721
157.328 28.766
139.758 30.0058
151.993 27.3106
151.993 27.2347
156.54 28.9429
143.809 28.3098
142.249 28.2444
148.906 27.5111
148.035 29.2169
151.109 29.0443
150.235 30.5796
144.397 28.1254
150.451 28.2973
150.451 27.9077
150.451 25.4368
144.545 26.6248
144.545 27.7564
144.545 28.2399
145.029 26.6268
145.957 26.8361
138.761 26.9959
166.446 26.6546
144.393 27.0177
151.062 27.7744
160.094 27.0171
160.617 26.7804
156.883 27.6029
162.27 28.4168
158.129 27.0597
158.129 27.0896
158.129 27.2262
156.166 28.3341
160.054 27.9243
165.114 27.8929
145.825 27.7489
148.09 27.8937
154.939 26.6968
158.412 26.3202
159.325 26.9297
153.378 26.485
144.054 30.6196
152.902 28.2095
143.974 28.9499
148.9 29.1793
153.936 28.0254
153.661 25.7032
153.866 26.8848
148.467 28.1295
158.48 27.2503
132.604 27.1095
152.19 27.6862
151.081 28.6106
140.333 27.6714
141.346 28.4427
149.529 28.2031
156.01 27.3333
152.132 28.6552
153.917 27.5002
149.697 26.4665
154.413 26.3469
153.315 28.552
150.163 27.7786
140.607 28.96
136.665 26.3981
143.068 27.1834
141.35 27.1699
138.115 26.712
134.546 27.2028
132.874 27.6566
143.613 25.9655
133.644 27.3109
147.105 27.8612
143.362 26.6315
135.41 28.9857
143.644 28.4192
141.98 27.0241
144.024 27.515
151.753 27.2586
138.549 28.1756
136.039 28.5306
134.55 26.9605
135.356 26.0035
138.817 25.6672
137.57 26.0496
141.512 26.8881
142.817 29.5409
139.019 28.1734
160.541 28.3246
147.226 27.3861
154.629 27.9235
154.551 27.0843
161.022 26.5946
149.912 26.9284
149.585 25.5355
148.161 27.0249
146.362 28.35
148.272 28.7657
143.715 27.5691
131.726 27.1638
133.996 26.7847
110.773 29.252
129.858 28.2444
142.021 28.0914
137.297 28.0374
147.113 27.3051
153.644 27.2453
150.757 27.6336
147.965 26.5757
153.254 28.0918
139.185 29.0457
139.63 28.474
147.051 27.8818
137.612 28.2412
143.268 28.7288
150.132 27.6663
148.621 28.0838
150.667 27.5208
150.433 25.8862
141.027 27.6066
156.595 28.4484
162.566 28.1335
159.695 25.4379
155.249 28.1216
144.358 28.6028
134.024 27.5055
148.014 27.3093
154.132 25.4909
153.478 26.4756
150.408 25.5207
166.996 27.1709
145.486 26.9348
155.34 25.66
144.912 26.5396
137.037 27.2272
137.069 27.3825
139.19 28.7961
138.737 28.0098
131.221 28.6351
137.123 27.0539
137.617 27.0911
138.618 26.9867
136.168 26.6987
122.988 26.6919
120.858 28.9781
126.139 28.1197
134.57 28.9377
127.579 26.8752
122.444 27.969
114.011 28.8778
139.289 28.0343
138.641 27.0329
141.761 26.2949
146.113 27.1153
147.348 27.1785
149.515 28.3694
151.943 27.1192
151.943 27.2517
138.777 26.5811
137.459 27.2369
135.63 28.0137
150.056 26.1864
141.909 26.9418
136.083 27.918
133.644 28.3559
156.901 27.8671
147.227 27.5155
147.227 27.5581
159.152 28.1495
158.707 28.2238
159.669 27.9758
150.127 28.4703
161.946 28.1486
163.331 27.2673
146.677 27.8151
152.27 28.015
148.845 27.3425
147.916 27.4091
157.077 28.159
156.656 28.4249
163.061 28.5039
162.565 26.8655
156.766 27.4458
159.276 28.5232
149.958 27.8135
161.383 27.6973
163.96 26.7811
155.284 28.1146
154.507 26.7368
152.553 27.6167
149.898 26.0707
142.914 26.8876
142.29 28.2224
139.265 28.7133
137.661 28.2121
143.404 27.6801
158.066 25.9775
153.531 27.639
157.229 28.1092
156.315 29.2802
157.887 26.9854
156.723 25.4983
162.598 26.4167
159.142 27.8994
163.042 26.2582
163.042 27.7013
161.215 27.1032
155.974 27.1358
151.012 27.1608
160.242 27.99
163.719 28.2143
169.475 27.7943
163.792 26.5608
155.526 27.8687
155.221 28.3935
142.187 27.6666
157.185 26.2491
145.518 27.6731
136.354 28.8159
134.852 28.9988
144.224 28.0148
143.464 28.4084
146.452 28.3299
137.718 26.7701
140.398 26.5888
146.493 28.2798
148.448 28.8074
152.074 27.4048
141.722 27.5673
134.93 28.4457
144.275 28.6046
138.919 27.8514
133.014 28.3527
147.38 25.9692
165.315 25.9613
170.057 25.791
158.615 26.5851
158.865 26.8984
161.746 26.1609
151.344 26.5637
154.901 26.6885
162.191 27.6156
165.599 28.3573
156.708 28.3914
163.54 26.3797
160.935 29.2026
148.576 28.5978
157.161 28.2074
167.3 27.2849
162.902 26.4341
155.61 26.1032
156.735 26.9491
163.666 27.2477
159.654 27.4046
157.779 27.5077
149.211 27.4942
164.171 26.9893
159.278 27.1544
149.974 26.8313
147.233 27.9943
140.267 28.6325
143.645 26.8895
152.395 27.1784
153.264 27.7811
152.96 29.5199
172.609 26.19
153.451 27.0003
165.54 26.33
172.288 27.4211
170.717 27.2947
182.376 28.668
182.376 28.3085
194.231 26.1027
194.231 26.7608
201.969 26.8286
195.824 27.621
206.14 27.1115
171.051 27.2499
181.489 28.4455
162.08 28.3581
159.315 28.5437
144.761 27.0406
136.673 28.7886
156.53 28.0784
136.631 30.6938
148.989 29.1277
165.123 26.8487
151.42 27.488
154.641 26.8078
152.559 28.1256
131.022 27.5875
136.62 27.7215
155.707 27.6891
162.214 26.9218
159.506 27.8302
159.079 25.8664
158.67 27.6324
160.973 26.3622
170.54 27.4455
161.32 26.9805
163.577 28.5312
159.363 28.3768
156.257 26.6072
166.54 25.6393
156.133 26.9657
161.421 27.1778
172.065 26.3488
169.427 25.9455
168.8 27.3565
146.824 29.1687
142.083 28.2261
140.503 26.4572
140.418 25.741
145.457 28.1475
147.131 28.0974
148.178 28.0391
152.442 28.2299
149.665 27.6138
152.024 26.8571
158.113 26.3974
148.194 27.3149
139.135 27.423
142.568 26.4774
144.909 27.4529
149.668 29.1902
161.057 26.578
153.383 28.68
154.502 26.3531
149.947 26.8267
151.42 28.3472
135.524 28.8787
136.244 28.8277
148.518 28.148
146.776 28.0994
150.994 28.0997
162.107 26.853
150.434 26.7737
151.774 28.3462
146.201 26.7327
153.544 27.4694
165.94 27.5321
157.929 27.2157
155.203 27.8906
158.994 28.3856
171.846 27.9967
179.815 28.2913
163.337 28.1509
157.971 26.9557
151.738 27.3633
153.277 27.3775
149.008 27.6111
157.049 29.0693
151.738 28.6474
157.126 27.9265
152.312 27.1893
144.324 27.5545
149.423 26.0133
159.101 28.8062
146.021 29.2388
148.456 28.3777
143.349 28.9915
133.222 29.9767
147.394 28.3976
159.173 26.8939
168.787 26.3008
162.531 26.9118
163.852 27.4235
160.166 26.3812
151.752 27.0995
144.561 28.3126
136.64 28.4305
136.888 27.1939
144.221 27.2181
135.073 26.9175
141.282 27.5555
143.963 27.5488
149.636 27.9493
145.025 27.8342
139.987 29.2303
140.146 29.7815
139.136 29.7561
145.625 28.1865
140.008 25.8368
139.778 27.0526
148.651 27.9097
150.538 27.1624
158.2 26.2348
153.925 26.9299
155.152 25.6158
148.423 25.7454
148.768 26.9986
150.697 27.6579
130.686 27.6976
126.445 28.5724
126.699 28.2463
126.699 26.945
126.699 29.9312
133.687 27.6745
139.985 28.4245
128.667 27.3155
141.143 27.7445
153.244 28.2501
164.983 25.4646
157.037 28.9546
151.12 27.779
157.217 28.0919
156.813 27.0956
150.711 27.8358
144.054 28.1549
148.046 28.4978
151.746 27.6446
146.858 27.5296
145.261 28.5987
142.211 27.3782
141.577 28.2142
143.921 26.895
146.554 29.082
140.745 27.9988
142.215 26.2203
153.661 26.6836
161.229 27.9609
161.712 27.0547
160.656 25.2568
156.101 26.0892
167.239 26.1345
160.005 26.1443
159.004 27.3719
170.785 25.8649
161.065 26.6632
154.444 28.6323
162.191 27.5848
159.213 25.5916
161.73 27.6842
155.841 28.3012
157.261 28.6927
164.656 28.6684
161.978 28.0183
162.5 26.9676
165.801 28.0769
159.667 27.8559
167.848 28.5678
165.152 30.2295
165.213 29.6213
177.376 28.8445
177.515 29.4034
173.696 27.779
175.184 27.9417
172.308 27.8487
177.995 28.5476
174.126 27.3854
180.283 28.1169
193.451 27.4204
191.785 26.3615
189.391 28.0268
175.622 26.439
177.789 25.7755
170.18 26.2953
163.133 26.5822
159.295 27.2104
156.595 27.41
148.809 27.3999
154.283 27.4376
156.547 26.943
148.4 29.2045
150.893 27.8875
149.898 27.934
138.927 28.1801
146.601 27.6649
138.382 27.259
140.189 27.8872
150.1 27.1722
152.411 28.8611
154.328 28.3563
148.503 28.5563
149.964 26.8136
158.244 27.4154
152.75 27.8858
150.871 27.2611
146.528 29.1541
150.362 27.6285
146.09 26.8981
136.178 28.0142
133.503 27.9849
122.99 29.5331
122.99 30.3319
135.708 29.3472
136.388 29.9602
133.39 29.3914
133.39 27.3385
141.856 28.1062
134.328 28.8484
134.328 26.9596
137.122 26.7507
135.438 27.8285
133.154 27.7378
141.136 25.9651
130.927 28.7973
133.876 28.3376
133.053 27.5555
125.815 28.9366
127.073 26.8707
115.784 26.9492
128.876 28.4834
123.072 26.8516
123.75 26.7241
121.97 29.2639
116.464 28.2686
116.464 28.3239
118.657 27.7816
119.334 26.9506
124.59 27.0512
125.238 26.0846
112.525 29.4994
124.043 27.0928
129.696 27.6018
131.793 27.9318
137.115 26.6282
140.541 27.3756
126.715 27.5302
128.876 27.802
139.131 28.3131
153.13 26.6652
158.066 26.0998
135.825 27.4262
137.013 27.6742
136.025 27.747
136.236 26.9253
143.316 27.6763
148.332 27.4562
134.044 27.5134
120.661 27.5028
134.431 27.193
134.013 27.8706
134.013 27.7177
147.955 26.1505
150.64 27.2396
149.254 27.2686
145.074 28.2644
144.15 27.3778
137.887 28.0058
140.538 27.8397
135.771 27.9003
143.841 27.4042
146.321 26.4729
150.321 28.8244
147.614 29.0924
131.043 29.2474
129.811 28.7471
127.679 26.4517
127.071 27.7678
144.516 28.694
144.516 28.2424
145.112 27.5999
139.349 27.7364
139.772 28.2464
139.224 28.5362
146.656 27.8529
142.539 28.1795
150.913 26.7025
143.873 27.7157
162.588 26.944
155.277 26.5294
152.748 27.4877
156.102 27.1864
161.954 26.3322
143.958 27.2467
138.61 28.3379
131.427 29.7093
129.653 27.5739
129.495 29.0799
129.253 27.4757
150.694 27.4186
140.714 27.1515
152.763 28.5878
136.827 28.1946
146.79 28.2711
146.106 28.2828
147.772 27.5748
141.267 26.728
141.267 28.9208
154.844 24.9435
155.34 27.3919
158.394 27.204
158.394 26.9468
158.394 26.7406
146.661 27.2271
152.3 27.0498
146.663 27.1192
144.888 28.1149
140.967 28.6006
139.841 28.8768
148.024 27.4058
149.518 26.2295
145.792 28.6228
145.792 27.3052
145.792 29.7898
145.792 27.3245
148.834 27.4312
142.642 27.4694
143.421 27.7686
139.53 28.3937
158.125 27.904
148.49 26.8612
144.662 27.2214
144.512 27.54
141.913 27.9031
141.292 27.1508
140.596 28.0026
131.214 26.8742
131.73 25.6938
133.432 26.1272
143.85 27.4099
141.631 27.4675
133.144 27.2433
140.108 26.6965
134.859 28.0334
139.576 29.6109
143.799 28.1165
138.561 27.6233
142.407 27.9523
142.121 27.0475
140.401 27.174
130.292 27.2026
139.369 26.4666
141.619 29.449
149.057 25.8959
145.139 28.5094
148.866 25.8908
151.805 25.9634
148.607 25.9677
158.77 26.603
160.124 27.068
169.792 25.713
180.241 27.6483
155.296 27.9935
152.512 27.9929
164.406 28.028
155.741 27.1375
198.762 26.9801
171.544 27.1571
163.995 26.8767
171.875 27.8287
154.754 28.2061
158.624 27.9928
147.644 28.2628
156.159 28.2274
148.337 27.7083
157.281 25.9013
161.031 27.8223
159.079 27.3678
173.993 26.7559
157.632 26.2936
162.241 28.064
154.049 28.4957
169.12 26.1101
158.698 27.2688
151.147 26.8646
156.797 27.8793
148.108 26.0278
147.216 29.0698
144.463 29.0324
141.753 28.895
137.92 26.2133
140.091 26.3177
155.615 25.943
157.441 26.4574
149.876 27.6568
137.395 27.7303
133.159 27.8417
132.173 27.8987
132.412 28.0232
143.167 27.1394
139.524 28.7618
143.799 26.5629
147.602 26.424
130.413 29.3133
129.728 25.7965
119.882 27.6348
124.003 26.1892
148.483 26.7744
131.662 28.1156
131.662 27.6071
119.518 26.8461
123.988 27.193
137.242 27.5353
157.222 29.1766
140.477 28.5658
137.848 26.9113
137.952 26.511
130.837 28.1523
141.691 27.4826
140.728 27.5571
147.545 28.498
150.111 27.4659
143.097 27.6841
148.244 27.2962
155.232 26.414
147.526 27.6024
148.468 28.514
148.234 26.4165
148.084 26.7406
147.577 26.8247
160.593 27.8481
161.777 29.1146
151.853 28.0911
146.641 28.2666
147.458 28.3116
158.253 26.1778
173.199 26.0023
173.199 27.565
179.358 27.3371
165.939 25.9788
159.653 27.7254
157.238 27.8538
150.252 28.8695
150.418 27.075
146.251 26.7566
141.169 25.8358
146.286 26.9361
150.744 26.3371
140.088 28.5409
148.825 25.806
148.825 26.0071
145.695 26.2992
147.031 27.9656
143.726 28.28
150.953 27.2428
163.682 27.2122
153.814 29.2269
158.758 28.9015
134.55 27.6325
146.944 28.6421
166.072 26.3286
170.53 27.9069
179.811 26.6913
160.341 26.6894
162.199 27.6046
152.138 27.343
151.076 27.8131
142.421 27.8376
142.421 27.7063
148.594 27.16
133.686 29.0417
125.572 27.6622
132.965 28.581
129.674 27.2381
135.693 28.3371
142.685 26.4717
147.953 26.0963
147.922 28.1544
151.755 26.9983
156.05 27.9343
144.809 28.5891
137.628 28.0727
157.149 27.0563
155.247 26.9828
160.489 27.4335
152.067 28.0225
147.642 28.6478
143.561 28.1498
150.415 27.6677
151.225 26.806
157.71 28.3388
158.972 27.4357
153.597 28.0897
154.286 28.7614
163.662 27.9327
155.486 28.703
156.829 27.2746
172.838 27.5186
170.325 28.0095
169.412 27.0998
177.701 24.9573
160.6 28.1091
149.747 28.1858
159.834 28.9262
161.314 26.3875
157.711 28.5455
162.697 28.7401
149.473 26.8946
153.782 27.0047
143.35 27.1574
149.941 27.8065
146.801 26.4645
146.673 27.0072
136.252 29.5513
131.973 26.869
131.973 27.7792
125.42 26.8212
135.526 26.975
142.68 27
138.012 28.3089
129.481 25.7543
135.655 28.7559
137.176 27.802
148.137 27.7859
154.361 26.7172
135.506 28.3393
144.915 27.2231
149.578 27.1477
155.735 26.9571
155.627 26.3803
150.534 28.469
165.271 28.6766
157.601 28.4099
155.144 26.9853
152.117 25.8591
151.949 26.3964
153.767 27.4749
142.454 27.1328
147.677 26.9555
141.794 27.0183
151.285 25.8269
143.097 28.0108
144.507 27.3892
144.726 27.4786
147.098 27.6058
145.52 27.3406
143.736 28.3877
148.195 27.1254
153.018 26.0332
145.727 25.9709
148.786 27.9803
148.38 27.4103
138.599 26.2105
138.599 27.6194
134.276 27.8513
150.493 29.1466
138.773 28.9837
140.256 28.6571
141.032 28.2775
134.28 29.5319
140.938 26.6807
144.276 25.4787
156.437 26.1192
152.504 25.3832
162.121 27.439
153.802 27.884
156.601 26.4634
148.928 28.5074
148.662 28.6266
139.415 28.014
143.894 27.4313
156.629 26.9438
170.292 24.0695
175.108 24.1484
166.192 27.5027
161.082 27.3584
168.609 26.6764
167.149 27.3189
159.417 27.1741
138.915 28.8872
154.903 27.2887
167.336 27.8297
154.509 27.7741
156.684 27.4111
156.632 26.5289
152.438 28.4668
161.076 27.4996
148.671 27.8649
157.889 28.0985
156.868 28.2263
156.052 27.4432
161.067 26.7394
173.462 25.7689
165.248 27.8942
165.248 27.449
164.658 27.7379
150.637 26.7421
167.445 27.7467
164.075 27.3203
159.751 27.3484
153.089 30.6957
149.385 28.7124
157.364 26.9897
158.471 28.3968
178.907 28.3006
180.146 26.8323
182.22 26.1995
174.901 26.2041
164.433 26.5096
175.085 25.7678
174.689 24.9052
164.234 26.7263
159.943 26.6287
161.541 26.4637
167.554 29.1588
156.175 27.6689
166.655 28.0782
173.97 29.2862
157.6 28.8074
149.454 30.9673
152.168 27.7499
151.681 27.178
150.471 26.8981
150.806 27.0719
147.394 29.3984
132.981 28.9857
132.013 28.4129
135.239 27.6633
151.039 28.0825
154.77 26.9025
160.07 25.5517
156.34 25.7378
152.837 27.2323
142.347 26.2673
155.831 27.8545
152.716 28.723
144.339 28.2369
145.329 28.8698
154.827 27.8865
151.076 28.2602
143.968 28.9561
146.291 27.8956
159.181 26.9743
155.048 26.9093
156.108 27.5875
142.133 27.9066
146.41 27.3422
134.029 28.5001
152.506 27.8952
170.234 27.3498
163.253 26.9101
163.545 28.8774
157.943 27.5189
162.376 26.0075
169.454 27.8328
162.783 28.0985
156.69 27.9634
173.299 27.6712
147.797 28.0691
168.05 26.9746
176.508 27.143
175.493 27.6193
170.952 27.8962
166.411 26.9475
168.013 26.9404
157.96 25.5926
167.025 26.8331
172.888 26.874
173.045 27.9451
180.79 26.2039
187.305 27.1778
197.878 29.9015
199.622 24.92
199.539 25.315
199.514 27.7857
183.616 26.7701
185.912 27.5897
189.787 27.4919
198.912 27.0644
212.587 27.1134
213.745 26.7943
199.494 28.9872
184.659 26.9088
182.276 27.2081
183.84 26.3016
186.003 26.9997
188.202 27.728
172.341 27.1719
170.525 25.2604
172.201 26.8561
162.583 27.7259
163.565 26.311
168.442 27.1137
161.119 28.2091
157.615 28.2594
165.846 28.2483
165.846 26.5119
163.262 27.2073
154.947 27.4834
152.377 28.2028
139.419 27.1083
146.595 26.8631
147.742 28.5863
156.83 28.3343
152.295 27.5425
157.614 26.1955
156.943 26.4841
156.125 26.1867
161.671 26.8314
149.339 26.6342
143.256 28.5992
124.853 27.6044
128.897 28.5388
136.307 27.9652
150.069 26.9577
151.134 27.6226
161.143 28.4434
151.654 26.9784
153.184 26.6229
163.808 28.5702
157.266 26.772
154.443 27.9049
149.505 26.6181
154.518 27.1581
145.468 28.046
142.61 28.5797
155.667 27.562
158.882 28.304
172.492 26.6566
170.055 28.421
174.66 26.1237
162.961 27.5322
157.219 27.6711
151.166 28.211
144.456 28.0398
149.264 25.8809
146.452 27.8267
146.362 27.1739
129.944 28.715
143.136 28.6847
159.857 28.2365
164.108 27.0496
148.876 27.1012
152.1 26.1014
143.608 26.7153
166.483 27.7786
166.627 26.1656
163.941 27.9277
159.143 28.9896
149.993 29.0015
148.855 28.3126
145.746 27.8004
163.174 27.2336
163.958 27.8489
152.551 29.2804
154.424 27.1079
148.776 27.3112
141.748 28.4417
144.845 28.4417
147.005 28.8318
145.236 28.5078
162.855 26.826
158.852 28.1125
156.761 27.5694
155.315 28.537
152.291 28.2035
165.646 27.2002
178.597 26.6931
163.642 27.151
152.092 28.4709
153.884 28.5729
160.256 27.0538
150.367 28.501
163.272 27.9314
149.4 28.6067
157.91 27.5778
157.526 27.9594
146.048 27.6112
149.697 27.8664
141.098 27.9805
152.853 27.0558
160.866 26.9156
154.247 28.7259
146.62 26.4256
150.966 26.0528
148.646 26.6845
159.734 28.7681
157.73 26.3652
149.363 27.8658
145.723 27.9418
154.644 26.8921
158.005 25.8168
154.841 26.1413
142.024 26.3855
154.053 26.4909
151.143 26.9762
151.594 26.2667
146.618 26.2237
133.203 27.7095
134.243 26.4158
139.951 26.5374
144.915 26.7052
154.035 27.8937
143.171 28.1673
134.668 27.4833
137.791 27.8465
145.109 27.6911
147.802 27.5519
145.186 28.3641
148.09 28.3377
147.692 28.0606
145.806 28.2113
147.732 27.6334
138.63 27.4895
139.494 27.376
123.318 29.533
124.19 29.7355
135.124 27.8365
132.197 27.0301
132.197 26.0949
130.608 28.5827
125.109 29.1489
127.87 27.9679
137.738 26.9379
141.184 26.3475
144.015 26.8599
137.45 26.4649
131.671 26.9202
129.253 27.5133
136.618 27.9639
137.878 26.4369
132.34 28.0029
135.383 28.7416
135.846 29.2936
135.903 28.2295
133.783 29.4025
130.343 27.8685
142.623 27.3923
139.317 28.4269
144.108 28.0526
153.088 28.782
152.815 27.6086
143.589 29.5085
149.932 29.1552
149.932 28.4566
167.341 28.0295
165.546 28.0276
166.55 26.9581
164.728 27.4881
151.505 28.5157
148.107 26.7809
164.896 26.8786
157.961 27.6083
145.894 28.7333
154.476 27.1456
166.298 26.4877
170.007 26.0571
165.842 24.0213
159.433 26.9329
158.891 27.0314
160.654 29.1627
166.239 25.8101
155.825 27.8369
160.569 27.0911
153.026 26.0113
155.503 26.1384
151.98 27.417
168.473 27.2303
140.537 28.724
158.646 27.5626
159.395 27.9459
154.291 26.8039
156.514 28.211
141.445 27.9924
144.832 27.7909
148.356 26.5685
149.053 28.025
157.641 28.2449
159.433 27.1858
162.57 26.9414
165.5 26.3901
165.993 26.6356
153.195 27.7259
147.581 29.1979
155.006 28.5385
156.927 27.1122
155.415 28.0962
150.635 27.2119
153.916 28.3946
159.747 29.3106
150.901 28.1256
150.524 28.6871
146.215 27.9676
152.405 28.2106
154.931 27.0674
154.715 26.0818
150.487 27.5741
163.546 26.9045
166.42 26.4851
180.363 26.0396
183.73 26.865
173.231 26.6094
175.965 26.869
170.24 27.1956
150.041 27.836
140.214 28.2353
141.598 28.6539
142.669 28.8871
142.792 28.1652
151.555 27.2935
148.884 28.2471
153.435 25.6929
148.903 27.3993
148.983 27.222
145.318 29.1135
176.766 28.7269
170.352 27.1103
144.636 28.3213
141.985 27.6518
134.184 29.7195
131.169 27.5947
124.735 27.9897
132.919 27.7502
128.88 27.6605
141.642 27.9084
137.081 28.459
137.568 28.0637
157.449 25.9644
153.384 27.809
148.765 27.1471
137.77 29.1401
142.364 28.7848
153.818 28.3148
151.122 27.1972
166.458 27.0361
159.574 28.981
166.264 27.4448
151.927 27.9151
151.891 26.8944
151.815 27.8116
151.506 28.0999
154.67 27.47
161.657 27.1461
155.165 28.0316
141.454 27.7091
144.559 26.8
140.189 28.1707
143.042 27.6637
147.033 27.9912
146.897 26.7552
146.897 27.3237
142.571 27.0272
149.33 26.7833
141.768 27.8624
139.997 29.195
147.736 27.7146
128.515 27.5635
119.715 27.1074
122.398 26.7441
129.547 26.9005
124.853 26.5707
136.555 26.8854
132.815 26.5084
138.466 28.6036
137.212 28.0305
144.625 27.8466
141.678 29.0719
150.542 26.7095
153.872 28.0256
153.31 26.4443
150.227 28.0049
152.828 28.3003
157.262 27.3272
150.277 28.795
155.842 28.6787
154.888 27.9265
138.542 28.5037
154.602 27.7799
161.238 27.1395
161.087 27.856
162.114 28.0548
154.737 27.519
158.757 27.0311
158.651 27.2053
164.6 27.675
159.247 27.6396
163.113 27.8621
165.946 27.5204
171.056 27.8267
169.156 29.075
156.556 28.5564
151.066 30.3846
149.79 27.6934
150.401 26.3972
164.964 27.3973
162.769 28.7499
162.781 29.5329
168.837 28.1877
172.549 26.6957
161.228 27.6165
161.643 27.314
161.643 27.7407
169.22 28.4893
161.288 28.058
153.362 28.5448
162.203 26.7087
151.934 27.4571
151.563 28.7985
151.419 25.9415
151.653 27.6759
144.011 28.3934
167.535 27.2668
172.036 25.0299
185.619 26.8535
170.468 25.3458
152.442 26.4854
148.536 27.3602
143.946 26.5906
154.82 26.8759
150.415 27.0455
145.105 29.1976
147.666 27.6852
147.666 29.3983
143.767 28.8963
155.36 27.0585
161.134 30.3742
171.368 27.1806
168.352 27.1713
153.301 27.3584
158.692 27.2946
155.424 28.7456
163.068 27.5532
149.324 27.7119
144.12 27.3989
148.268 27.1175
155.422 26.7578
155.671 27.3227
146.895 28.0971
154.73 26.88
155.662 27.3344
152.36 27.1478
141.486 28.6966
145.015 27.0168
151.434 29.0244
137.856 27.3875
142.793 28.33
148.78 28.9469
157.871 28.6886
155.633 28.8484
164.405 27.3995
169.72 27.6122
151.401 27.4642
174.614 26.3062
171.574 26.459
171.301 27.9467
158.318 26.5491
148.405 27.9341
151.986 26.4372
136.682 28.6539
142.893 29.9364
146.244 28.0727
142.081 27.3748
133.143 28.5417
151.467 28.2344
136.13 27.2484
137.673 28.8341
144.101 29.6467
134.975 28.2591
134.342 29.0631
131.995 29.342
146.237 29.0621
145.094 27.3244
143.709 26.6079
139.549 28.0706
146.322 26.1648
146.254 26.7224
146.254 28.3304
151.525 29.1065
152.655 27.1705
148.24 27.9118
144.118 28.0719
153.329 27.5765
148.073 30.4902
173.914 25.4894
178.541 27.3871
184.059 27.3856
184.282 28.8868
178.536 29.4853
186.64 29.3737
186.024 26.76
209.081 26.569
187.866 27.5774
176.901 28.6026
181.474 27.1897
166.7 29.734
157.045 26.3476
159.812 28.3819
163.021 27.3106
152.156 26.8802
155.889 27.5306
151.078 26.2438
144.638 28.3995
153.807 28.0058
155.764 27.7075
152.977 26.4351
150.653 26.5401
149.591 25.8989
155.106 28.7801
140.092 29.701
142.849 27.8351
153.837 28.0108
150.476 27.5872
152.603 27.7945
163.744 27.516
158.573 28.9776
159.651 27.2968
161.725 28.1714
157.976 27.9794
174.909 25.5562
184.272 26.1607
179.896 27.4415
180.944 26.4807
176.84 26.7716
180.641 27.3524
174.532 27.9066
206.796 27.1512
200.102 28.4766
194.849 28.1298
194.849 25.8678
200.365 27.2882
179.942 26.5625
181.669 25.2921
181.669 26.9365
160.259 27.4763
160.259 27.0966
163.401 27.2047
165.121 27.1312
161.531 28.1108
147.01 29.4928
142.395 29.4048
150.832 29.2338
157.084 27.3886
145.815 26.9585
163.114 27.3604
146.676 26.1988
157.445 28.3627
147.126 27.6502
143.338 26.7659
138.219 26.8833
139.575 28.2659
140.201 26.7345
140.468 28.1201
137.149 28.3078
133.427 27.341
137.299 27.7206
130.494 27.7222
128.886 28.7307
124.132 28.7575
143.205 27.6422
164.988 25.6312
159.171 27.2008
141.903 27.9518
161.309 27.0709
161.016 25.8989
158.98 27.6231
166.267 27.9578
163.176 26.9143
163.759 28.8038
159.626 28.6265
177.68 28.1239
168.488 27.3834
169.3 27.5538
162.266 27.5867
159.155 27.6787
157.938 27.8377
158.45 27.8914
146.976 28.6886
148.21 28.2373
155.123 26.6851
156.717 26.5903
165.348 27.0844
158.731 27.4423
160.169 24.9822
154.779 28.2292
163.493 24.7963
158.462 28.0555
153.657 26.4818
154.217 27.3839
160.519 27.3905
172.364 26.6646
137.034 27.4915
147.687 27.8418
143.547 25.9189
145.327 27.8871
137.228 27.779
134.917 26.4441
139.47 27.6212
149.225 27.6525
145.676 27.9465
141.165 28.2782
148.123 28.7814
152.37 28.3693
153.337 27.8426
156.944 27.1894
154.463 26.763
153.948 28.5819
149.3 27.1891
143.099 26.323
155.289 28.1629
149.353 27.4986
132.121 27.7203
150.643 27.1685
139.911 27.2325
139.739 26.8963
140.297 26.5849
141.358 26.3022
127.396 26.3296
127.396 27.3111
133.214 27.0269
130.679 26.1899
130.679 29.1415
163.138 27.0664
154.562 26.731
149.62 27.306
144.681 27.0686
150.791 26.9441
