15.2696 1198.11
44.2814 1162.17
39.539 1170.53
23.2856 1180.83
13.4712 1162.47
16.1521 1168.98
8.03337 1182.56
16.1314 1176.94
33.921 1177.36
27.5715 1169.36
23.8343 1169.21
15.8069 1180.64
33.2075 1147.07
7.37083 1188.9
19.3805 1181.24
24.8895 1130.09
38.09 1147.29
27.0274 1170.56
45.292 1173.8
17.1973 1170.5
29.6834 1171.86
29.7819 1175.13
4.71037 1171.08
36.2023 1175.29
28.3215 1173.92
38.523 1169.22
22.0333 1180.45
16.1081 1186.69
34.6264 1161.51
28.4195 1165.03
28.2278 1176.81
16.2643 1191.77
23.5229 1189.7
40.8563 1175.52
26.3419 1171.25
10.2795 1188.92
18.9516 1156.01
32.4698 1176.31
29.1316 1167.85
35.2512 1126.06
17.1407 1152.59
21.2888 1156.26
51.7162 1129.1
36.3619 1161.86
22.295 1148.97
26.5512 1161.98
36.0822 1153.47
23.5683 1183.19
8.12245 1185.19
23.5639 1182.7
23.9104 1137.69
30.9345 1143.1
11.2153 1174.1
13.6804 1176.68
25.2024 1152
7.68422 1195.02
4.16934 1185.98
9.82772 1187.77
22.3368 1170.98
14.7064 1212.22
3.24874 1211.87
33.1562 1164.39
27.7775 1152.49
32.4788 1168.04
40.668 1169.83
13.7354 1184.28
41.1946 1150.05
22.4529 1171.44
24.686 1185.68
17.4971 1190.32
14.1992 1200.88
30.3538 1186.84
28.662 1184.94
15.9682 1176.4
23.9756 1151.1
22.9612 1191.31
26.6477 1107.92
26.2343 1196.75
8.54077 1165.28
17.3348 1190.34
17.6628 1192.47
13.2385 1170.12
20.7614 1157.9
30.2335 1179.48
25.1297 1162.84
16.1382 1173.69
36.6341 1157.99
32.719 1167.55
20.1097 1177.22
38.4167 1173.58
33.4436 1140.87
40.424 1132.51
19.5668 1170.59
19.9443 1159.42
11.1937 1155.7
15.8328 1167.78
34.2737 1177.07
38.1415 1161.1
26.809 1128.57
34.4372 1162.2
21.4633 1168.08
17.33 1167.31
14.8819 1180.1
6.35547 1192.64
22.1465 1183.83
20.682 1176.51
30.9419 1168.13
23.789 1167.33
5.2808 1188.44
19.9367 1166.62
10.4586 1196.6
3.22094 1196.32
11.5321 1195.55
35.5725 1163.54
53.8905 1142.7
19.6711 1174.92
26.7031 1160.23
38.1723 1159.71
52.2566 1125.34
43.6928 1152.66
15.485 1155.44
29.3652 1165.02
44.3743 1145.57
31.8382 1175.58
34.7362 1178.41
21.9425 1167.59
22.9535 1166.68
21.3693 1184.69
10.6502 1188.86
33.3476 1150.88
33.9073 1166.66
20.8808 1153.4
25.9799 1175.82
7.9627 1165.74
16.4651 1167.34
19.5103 1171.95
19.1978 1206.42
16.2545 1173.98
15.1855 1165.62
15.1855 1165.61
29.7984 1165.01
7.492 1171.95
9.93429 1181.51
19.5572 1172.46
17.8435 1189.94
10.5093 1182.92
48.3668 1142.52
24.8613 1138.52
18.0846 1178.65
17.4885 1196.99
10.704 1205.38
15.4754 1185.67
15.4358 1164.55
18.4686 1170.55
7.34587 1153
17.8512 1178.73
26.7924 1179.94
12.0378 1196.75
20.7043 1179.95
14.4396 1198.24
59.3512 1136.46
20.1049 1172.46
29.6067 1160.54
40.0726 1137.44
44.7306 1170.69
20.6212 1171.41
28.0524 1161.86
25.2646 1145.24
28.6927 1158.09
29.1339 1179.74
28.7812 1174.34
24.0077 1167.92
16.7031 1172.27
7.74394 1203.81
24.9479 1175.16
52.4744 1170.27
25.7487 1175.84
24.4901 1180.26
8.64487 1175.14
10.3744 1192.39
11.6317 1196.21
9.91449 1195.89
3.49173 1194.57
31.9913 1159.2
37.9993 1156.67
12.9279 1193.35
13.943 1197.26
13.8914 1186.29
13.8885 1173.02
13.9107 1168.42
13.8856 1173.04
13.8601 1175
13.8216 1151.31
11.7332 1179.01
11.4522 1171.92
20.7812 1162.05
41.3253 1161.95
27.2375 1165.5
26.2629 1151.37
29.337 1170.3
27.3065 1171.8
16.1246 1166.43
12.7791 1163.4
24.9354 1140.37
28.8075 1184.16
19.2619 1211.07
20.4933 1176.72
21.0948 1161.35
43.3427 1161.03
36.9866 1133.09
24.5315 1172.08
36.1677 1173.69
37.5489 1135.57
45.1677 1132.86
26.6532 1182.45
21.6165 1185.22
16.8066 1155.45
21.0085 1158.46
19.7378 1182.6
16.82 1185.94
20.4606 1176.48
13.6476 1167.91
15.1625 1160.23
14.9958 1185.49
38.5024 1141.69
14.1971 1163.78
18.6787 1167.03
7.15725 1192.98
22.6416 1159.76
25.8809 1152.38
22.6677 1168.12
18.7089 1155.86
33.0886 1191.21
15.0654 1167.46
7.70743 1152.94
14.032 1141.83
17.9581 1153.82
20.5703 1175.08
32.001 1175.01
28.3402 1176.14
42.6561 1135.39
19.5989 1176.33
34.213 1177.24
30.2322 1162.03
24.6676 1162.68
12.1452 1160.05
11.3232 1182.29
34.7431 1168.6
12.7124 1164.52
24.9633 1163.58
38.978 1161.03
20.7698 1159.66
55.2998 1158.23
25.0072 1164.71
51.3766 1124.03
26.1189 1121.49
36.6467 1145.52
51.987 1126.72
9.25342 1223.9
33.704 1169.98
18.2326 1131.26
40.0453 1126.55
12.7485 1157.99
46.611 1157.33
48.5647 1130.64
21.4693 1162.92
23.7833 1192.27
10.0477 1174.29
17.431 1182.69
20.7654 1203.01
22.0514 1177.61
16.9828 1185.17
4.32558 1192.16
20.4928 1189.93
9.99908 1158.69
18.0071 1184.53
19.3273 1193.16
13.2086 1171.05
19.4727 1196.77
10.3513 1191.04
20.2914 1171.52
18.9502 1187.06
19.1168 1185.49
6.05376 1184.06
12.6047 1208.65
13.1259 1166.41
17.9898 1169.43
30.3702 1170.37
27.7903 1169.27
18.7106 1156.37
23.2409 1175.77
11.8859 1174.45
31.3801 1164.05
22.3743 1182.36
32.0182 1171.79
44.9911 1180.23
22.775 1172.47
13.6214 1174.81
17.5593 1160.53
40.0718 1168.94
11.1744 1162.49
13.0816 1209.95
23.5307 1164.34
30.7476 1180.36
47.1271 1152.66
27.4888 1176.58
28.5831 1173.45
17.8631 1183.21
42.3503 1153.99
32.8841 1169.52
14.7903 1171.69
13.9103 1175.78
37.8752 1180.19
17.8149 1126.03
21.3121 1183.72
19.1494 1185.8
9.93858 1196.98
11.412 1183.85
38.5261 1153.68
45.8631 1172.96
13.8752 1179.09
10.6982 1159.1
10.4742 1162.66
9.23642 1199.45
8.99113 1206.25
4.29355 1204.47
6.52305 1194.79
27.3274 1182.67
27.6703 1186.4
31.4234 1187.44
19.3855 1171.03
5.81001 1211.16
22.5808 1194.61
8.3073 1153.33
27.841 1173.52
47.25 1176.57
17.7418 1198.21
2.36229 1181.56
11.8582 1198.44
22.0071 1153.55
15.4491 1180.56
7.88316 1170.41
16.0723 1185.21
13.2783 1146.05
13.5396 1159.57
45.7436 1159.39
29.0878 1147.24
36.2847 1179.68
21.8621 1172.91
8.82536 1207.51
13.7263 1186.12
22.2385 1169.75
20.6888 1164.33
34.5774 1151.51
44.7036 1160.38
34.2014 1144.7
21.3293 1191.92
19.939 1178.3
16.231 1187.32
7.4233 1166.99
36.623 1163.69
12.3494 1204.74
8.15833 1184.35
16.3983 1154.91
14.044 1175.49
28.5058 1163.99
42.4465 1153.42
38.0939 1160.87
22.8998 1150.78
26.7671 1166.49
18.236 1170.13
29.5606 1173.41
16.6434 1192.86
49.0123 1156.56
42.0016 1142.26
56.388 1159.72
40.5092 1118.43
26.0966 1178.01
30.9974 1160.19
21.7895 1193.91
22.1262 1151.3
37.2172 1181.1
25.7785 1146.66
30.226 1191.94
46.5971 1132.14
37.4783 1155.61
37.9785 1133.2
22.4127 1185.82
16.1213 1176.46
16.9813 1184.6
9.87306 1184.6
18.8529 1143.81
28.3002 1169.37
59.5085 1150.52
33.3975 1167.28
33.8192 1150.33
36.6745 1139.19
34.2977 1128.54
18.3725 1179.17
23.6059 1190.62
28.0583 1157.13
12.7227 1173.92
12.6199 1189.2
10.8276 1161.42
43.0543 1162.03
37.4254 1165.81
11.2043 1182.14
23.5599 1191.57
24.156 1167.59
25.9489 1167.67
18.2544 1164.54
10.3302 1172.28
3.55806 1191.36
30.7531 1196.87
21.0846 1188.67
5.87924 1182.38
23.1112 1185.15
7.25232 1181.19
28.6972 1165.19
20.9302 1153.04
21.505 1148.15
48.6794 1178.94
10.6933 1215.63
11.1909 1161.22
14.8162 1205.22
18.7755 1141.26
29.8202 1152.09
11.6009 1200.48
22.4786 1171.58
23.5702 1186.11
16.7531 1193.46
15.4336 1168.44
13.0416 1153.96
19.3216 1145.14
7.77722 1192.83
14.1739 1194.99
12.13 1193.63
8.47236 1186.88
23.9664 1193.42
7.88976 1199.76
0.428675 1214.65
26.2994 1205.04
30.989 1182.39
13.0762 1222.86
19.1853 1162.05
13.6171 1167.87
26.8705 1182.77
25.8739 1166.15
42.4453 1187.01
15.7871 1165.03
43.7503 1159.01
44.7913 1135.22
45.8813 1140.52
23.6109 1133.36
35.8844 1176.39
12.554 1191.51
21.4158 1194.28
25.7885 1174.05
13.7112 1186.12
22.6563 1209.14
37.4357 1155.83
20.7715 1158.24
29.643 1208.83
10.0218 1197.59
34.5009 1169.6
55.0986 1155.33
42.6294 1186.29
13.9878 1181.74
13.0328 1183.36
12.5009 1183.5
7.64242 1202.61
14.2222 1220.93
50.4648 1152.78
33.0494 1147.88
27.9945 1178.5
23.3511 1150.73
13.4233 1183.61
33.2141 1193
10.5458 1174.03
16.8488 1166.91
15.1596 1163.64
27.2569 1173.26
34.0364 1142.14
36.7946 1141.61
9.52586 1175.55
33.962 1172.87
36.0325 1191.97
32.9469 1188.58
14.6331 1191.79
37.4652 1156.31
38.8319 1167.42
13.2245 1171.47
11.8969 1152.03
28.6994 1175.41
19.8923 1190.06
8.49873 1184.91
20.7949 1180.17
27.6661 1193.45
30.9862 1161.6
10.7447 1237.67
25.402 1167.51
10.2073 1178.51
52.6137 1123.35
31.8053 1171.1
21.5948 1151.75
11.8276 1176.07
17.3701 1148.51
23.9051 1161.99
25.2314 1189.26
12.9781 1167.71
7.64513 1191.37
7.61092 1188.82
31.4727 1181.77
31.4524 1184.5
13.1708 1150.48
45.4883 1173.22
47.0218 1172.98
7.68179 1175.23
26.6956 1170.08
20.7488 1147.34
41.5918 1155.09
21.2468 1182.76
20.0104 1189.5
51.3384 1166.42
21.1735 1171.05
21.1463 1162.41
31.3707 1188.53
19.211 1192.1
42.723 1144.09
36.7873 1193.95
13.0148 1194.68
10.4702 1179.28
14.9047 1183.02
36.1976 1165.49
20.0126 1182.96
24.5707 1152.86
23.4452 1167.61
24.9323 1153.66
25.2263 1166.06
13.2715 1161.84
32.6122 1154.19
25.4606 1174.15
19.3532 1176.87
14.9201 1175.05
25.7236 1175.72
18.8767 1191.36
11.583 1182.31
12.1441 1168.24
7.40593 1196.25
36.6296 1164.88
4.60683 1189.07
9.22857 1179.46
16.9711 1180.07
11.1317 1188.26
16.2263 1151.33
25.1834 1194.07
35.6654 1175.9
38.2509 1163.51
28.3272 1155.98
7.36965 1205.18
7.4884 1171.78
11.9505 1178.65
18.8637 1170.89
17.7588 1184.68
15.8815 1163.78
7.35727 1166.42
10.6688 1184.46
22.8427 1188.4
14.9231 1159.53
35.0358 1163.75
36.0331 1166.02
28.8036 1201.68
28.0566 1174.57
40.1038 1153.11
32.4841 1147.8
31.571 1144.19
23.4924 1131.66
25.5135 1142.91
7.95289 1183.69
3.22633 1209.05
9.71692 1187.41
41.1259 1179.07
25.0967 1180.26
3.04369 1176.31
28.0611 1153.78
24.5718 1162.37
11.5202 1210.19
12.1912 1187.32
33.5867 1173.9
18.4897 1182.94
32.0045 1139.57
28.1379 1140.93
34.9024 1178.05
22.3316 1165.82
22.3536 1182.03
25.0478 1169.63
39.003 1170.29
19.1805 1201.11
25.9692 1162.46
32.7473 1159.72
12.5571 1178.21
11.4071 1189.56
5.798 1205.7
17.0156 1179.3
23.3258 1179.48
17.8929 1179.8
44.0943 1152.91
16.413 1155.39
17.107 1154.27
14.8813 1153.53
16.246 1158.77
16.9746 1145.3
14.0218 1183.42
15.0018 1193.44
18.775 1174.57
16.1511 1175.63
8.82821 1177.62
14.9348 1154.79
32.8067 1141.82
25.419 1161.72
22.6845 1148.45
29.3592 1165.61
41.8895 1141.72
18.7661 1154.06
14.5799 1169.98
9.86654 1190.67
7.99915 1173.79
13.3171 1196.35
15.9094 1164.84
46.7044 1145.31
46.9544 1155.42
26.6067 1148.77
28.0823 1217.82
44.2222 1174.42
46.6956 1141.98
30.5035 1150.04
43.3653 1136.78
25.563 1145.57
49.2185 1171.46
11.2234 1170.23
20.1406 1169.14
17.8585 1175.1
17.3155 1177.46
31.3628 1177.84
37.9205 1141.77
38.1745 1153.51
17.475 1152.49
15.3226 1167.56
9.35012 1162.62
24.6607 1157.89
30.9313 1169.83
11.8085 1151.17
55.19 1119.9
55.3114 1146.08
38.3137 1121.44
14.851 1143.2
21.6358 1148.09
3.19259 1209.05
9.16636 1189.93
28.9418 1159.55
54.6591 1150.04
49.4 1142.41
27.4985 1125.43
34.8415 1145.99
39.9582 1140.75
47.7465 1120.31
15.8993 1171.61
32.0107 1157.25
22.712 1138.04
18.575 1149
21.1833 1173.09
48.921 1136.62
38.4818 1148.43
69.176 1125.84
51.2343 1153.75
13.3233 1180.82
21.828 1167.07
9.84504 1180.94
29.6498 1176.53
32.2121 1148.9
15.1355 1187.06
17.2897 1205.08
18.7279 1201.81
21.525 1135.87
14.542 1182.48
13.3755 1177.81
8.85848 1178.39
46.9898 1141.35
36.9524 1128.18
50.6612 1127.89
31.5582 1126.75
59.5228 1132.17
24.912 1162.56
12.3122 1183.7
6.10414 1194.44
41.9484 1119.49
35.9116 1151.51
5.31265 1161.76
20.6086 1163.23
24.7279 1159.11
31.843 1193.73
25.7896 1192.02
15.4447 1179.22
18.7473 1200.8
26.5382 1139.47
17.4461 1216.52
29.2755 1176.18
31.6906 1166.25
31.9756 1162.76
35.3989 1180.13
26.2394 1159.98
37.8637 1167.53
40.7652 1178.55
36.9939 1186.5
47.4326 1138.31
50.782 1124.2
44.8533 1164.35
37.0614 1161.69
61.4206 1134.61
39.213 1146.15
10.6911 1183.28
20.7008 1189.74
14.4199 1172.02
17.1815 1142.72
19.271 1170.49
27.0953 1154.49
42.0706 1154.49
23.5453 1173.34
29.8084 1173.84
40.4756 1150.56
36.4513 1111.91
58.5002 1148.87
24.8022 1186.05
13.611 1194.02
16.0391 1146.65
16.3574 1193.13
22.0949 1170.2
37.8473 1157.54
31.8213 1162.59
16.889 1193.5
43.0395 1158.89
23.7212 1159.17
20.8745 1164.64
46.9468 1127.16
23.7312 1159.53
37.7732 1136.03
23.1305 1174.52
16.2214 1207.06
14.687 1195.58
17.4691 1185.53
23.3839 1177.03
31.9061 1156.33
9.7009 1186.8
16.7064 1190.99
17.3226 1172.41
13.8597 1206.4
13.8527 1200.71
15.6784 1171.15
44.6244 1159.79
46.3738 1148.48
14.9507 1136.69
21.8832 1185.63
26.6534 1192.4
14.9036 1178.63
36.6202 1164.57
55.2873 1155.93
16.1798 1171.81
20.9168 1164.49
54.2936 1126.86
37.9806 1141.32
16.9308 1170.19
13.8486 1168.67
15.5261 1190.29
12.4414 1192.92
22.1688 1171.84
16.0902 1166.73
14.5063 1169
12.0442 1164.36
10.0514 1175.06
24.8581 1191.9
20.2572 1171.34
22.712 1176.41
44.1617 1184.25
31.202 1125.88
20.4631 1159.7
9.83134 1149.64
37.5753 1160.27
16.3771 1159.55
34.8776 1140.2
19.5662 1168.76
32.4751 1149.54
40.3539 1150.61
21.1161 1160.39
28.8766 1161.28
52.9202 1155.43
22.5168 1153.81
16.694 1219.42
29.6399 1169.15
38.006 1170.81
39.4031 1165.9
51.8805 1127.92
62.9717 1123.25
23.9483 1117.97
56.1864 1113.14
27.7448 1113.14
27.9029 1168.65
15.4702 1192.71
15.4744 1176.85
24.8541 1182.24
37.0079 1192.47
23.3444 1172.99
21.3942 1168.09
34.4079 1187.11
1.61519 1195.84
13.2249 1176.75
38.0592 1150.14
40.3346 1158.89
4.7846 1168.08
35.5797 1176.4
42.5985 1127.93
17.3229 1172.48
28.1358 1139.09
14.3799 1172.86
24.8617 1159.58
25.0241 1169.87
7.30734 1172.41
16.6585 1155.39
21.9077 1150.04
10.2025 1161.22
7.86826 1216.04
37.117 1154.1
13.2158 1171.86
25.0502 1179.47
13.8224 1185.53
13.2511 1196.18
5.17366 1194.21
36.1921 1138.76
24.2988 1143.57
22.1505 1181.46
38.5815 1152.6
13.6502 1145.89
37.1999 1139.85
29.5133 1174.31
47.3261 1119.06
27.3321 1172.67
29.1454 1164.83
25.748 1168.33
14.6968 1163.04
11.1823 1188.57
9.15121 1166.52
8.62946 1171.02
9.58906 1208.94
4.87947 1217.22
15.2062 1212.25
4.78028 1202.2
18.7547 1156.51
27.523 1187.93
27.7231 1174.06
46.5764 1139.68
45.3928 1134.62
37.5538 1157.42
22.1817 1191.97
20.2126 1177.42
42.7321 1161.19
38.0535 1133.97
25.0098 1150.66
6.46133 1162.56
11.8228 1191.17
24.7043 1179.29
30.1474 1161.56
6.17944 1189.98
31.5048 1148.81
35.8385 1138.68
12.5678 1195.82
8.7892 1182.07
8.18497 1195.2
30.541 1194.09
15.9856 1186.97
21.1949 1160.76
27.2307 1158.56
18.5217 1169.1
11.7717 1192.78
31.6207 1196.78
15.9586 1193.54
18.7128 1218.43
12.2128 1200.45
10.1916 1216.79
5.50258 1186.06
55.1289 1130.72
36.5734 1101.64
7.63443 1233.45
18.9066 1184.59
23.3169 1185.44
13.2115 1169.02
21.8994 1154.82
26.968 1155.93
10.4058 1154.07
8.70048 1193.42
10.0739 1189.9
54.9142 1183.82
23.8583 1200.29
36.9881 1163.46
12.6482 1165.99
25.1317 1182.33
15.742 1199.23
9.16175 1185.37
11.1341 1172.36
4.42325 1207.19
11.9504 1189.13
20.4238 1186.6
16.8493 1170.75
12.8367 1185.43
16.7577 1185.33
29.7137 1150.02
12.9326 1203.33
29.3231 1153.09
30.3374 1156.22
22.6717 1164.77
13.9737 1229.11
17.9281 1195.86
9.2077 1194.53
34.911 1189.48
36.6453 1138.77
32.5135 1156.51
24.5877 1145.11
30.7695 1176.82
33.8059 1129.02
34.172 1175.4
17.3954 1195.26
8.99674 1199.3
23.8218 1177.88
26.5286 1160.48
33.5271 1160.28
18.3767 1137.61
41.659 1178.55
27.6922 1167.58
26.111 1162.8
35.0144 1193.59
36.4315 1168.03
5.85219 1191.23
26.3245 1173.98
32.0907 1169.1
33.7023 1157.51
23.0907 1171.1
48.1949 1164.21
29.0092 1161.27
38.989 1156.83
36.7015 1155.16
48.605 1181.21
23.8882 1163.06
18.2973 1160.84
23.7645 1177.47
22.3613 1178.58
6.86549 1177.89
39.8942 1152.84
35.7775 1163.15
26.412 1167.27
11.7408 1182.65
22.9398 1149.9
45.2606 1155.64
23.6654 1126.45
16.2466 1158.67
17.4522 1157.75
14.8753 1172.98
10.2349 1171.57
38.3557 1160.48
39.7298 1131.71
40.0542 1152.3
47.9625 1131.58
44.7675 1137.28
55.3637 1122.29
54.0858 1149.16
39.139 1161.53
29.0213 1183.31
22.7127 1177.7
26.9562 1192.77
42.3972 1129.8
10.4463 1151.21
14.2336 1181.65
11.1033 1199.85
22.3043 1156.88
27.9127 1192.74
25.3837 1151.33
40.6153 1152.7
27.9741 1188.45
35.1868 1172.07
21.5885 1181.93
14.7509 1187.86
11.7681 1173.59
17.0253 1196.29
17.3203 1145.52
44.6198 1143.42
11.53 1160.56
18.7214 1163.01
12.401 1171.44
26.0392 1164.1
16.983 1184.39
18.1968 1193.18
23.279 1142.07
26.6518 1169.85
33.4317 1148.25
34.6042 1152.76
20.5718 1189.45
7.67394 1215.51
14.5547 1178.68
23.8653 1148.89
54.6727 1137.99
38.5886 1165.55
23.0025 1156.42
34.1629 1161.55
41.5942 1145.42
34.4216 1188.7
13.4895 1189.43
21.7271 1211.51
22.6275 1185.13
24.6133 1189.34
20.4261 1184.6
4.59488 1190.27
29.8361 1179.44
26.1323 1168.89
12.9653 1156.54
18.7674 1155.58
12.7542 1155.88
19.2538 1154.64
13.7993 1168.49
14.8894 1227.56
9.77203 1158.74
23.7539 1183.72
35.0055 1173.17
13.8068 1180.99
24.2449 1166.14
22.3742 1191.47
20.3828 1190.98
9.87802 1186.97
27.0618 1165.47
43.3646 1158.33
29.4192 1145.65
34.9426 1173.48
36.7025 1154.48
20.6481 1158.68
12.8553 1140.87
20.354 1154.83
29.4694 1164.96
43.9691 1147.68
28.1093 1174.58
39.0473 1169.84
19.396 1185.16
27.9592 1163.06
46.5717 1160.15
32.6187 1171.92
13.3311 1169.7
21.6026 1153.9
28.2701 1165.1
26.9313 1166.54
8.5543 1165.23
22.4408 1205.11
5.35756 1174.4
22.0114 1188.75
27.1925 1189.74
24.6634 1191.16
27.5219 1143.88
27.0703 1138.31
14.7292 1145.58
40.8782 1162.2
32.585 1178.99
30.6766 1162.94
17.2615 1191.66
22.7503 1105.85
40.3679 1179.99
36.4085 1154.85
6.95912 1187.22
14.684 1147.85
25.3445 1171.5
48.1113 1146.82
42.6927 1170.22
40.7907 1149.72
21.8898 1171.97
27.1216 1148.95
34.2318 1176.36
29.3318 1146.34
15.1853 1158.91
24.8023 1171.38
13.0778 1197.7
24.362 1189.88
22.442 1178.51
26.1139 1164.42
33.2293 1157.64
32.1261 1159.03
32.8967 1194.25
11.4275 1229.32
23.2202 1169.8
34.3547 1131.72
43.0794 1171.27
30.7476 1174.08
9.70906 1175.2
17.1561 1134.71
20.5573 1152.3
32.7743 1171.41
27.0083 1157.42
36.1035 1160.59
32.6999 1174.74
4.89468 1165.87
10.7983 1176.39
37.482 1176.26
45.9097 1138.89
25.7671 1166.83
29.632 1149.52
23.6757 1155.7
23.0982 1176.45
19.707 1169.53
16.4727 1161.83
21.1407 1167.26
46.0014 1155.32
23.5479 1177.25
26.8183 1169.07
14.1794 1192.12
26.9381 1161.46
36.8249 1169.71
9.71517 1183.53
8.69235 1192.35
7.57408 1186.83
6.38438 1211.87
3.40927 1213.12
12.4727 1195.04
13.1579 1188.86
9.05953 1188.37
18.4386 1188.66
8.12102 1185.63
6.03841 1213.33
27.711 1207.12
17.4422 1188.75
19.6316 1157.66
21.6766 1162.37
10.1383 1193.87
16.03 1175.39
13.4302 1155.06
4.27875 1193.69
21.0056 1189.48
4.44259 1181.48
10.8684 1218.23
32.0667 1186.23
11.8935 1203.35
11.824 1204.98
11.412 1193.66
18.1816 1186.14
14.0879 1186.12
11.2526 1175.78
6.42754 1174.86
12.5538 1167.79
15.1536 1163.85
21.4048 1167.91
15.363 1133.63
11.3432 1185.16
36.6992 1139.87
13.4934 1198.27
10.6826 1180.91
30.6151 1155.93
38.4728 1160.86
46.6253 1147.19
47.5764 1163.45
45.9898 1174.26
14.8128 1165.28
41.3118 1130.32
47.3938 1148.14
6.4454 1165.63
25.0171 1213.84
21.462 1193.92
16.863 1172.97
16.2773 1179.34
27.6936 1181.5
12.7982 1186.66
17.8293 1169.12
10.215 1181.27
12.3342 1162.77
21.9175 1144.74
50.4545 1132.9
46.902 1151.44
17.9501 1161.65
16.7551 1188.34
2.83171 1202.17
13.5017 1170.01
23.0754 1157.57
34.2893 1164.48
47.051 1148.28
38.1193 1163.27
55.7963 1152.8
70.412 1139.77
23.7619 1151.19
21.6888 1179
9.90812 1175.76
12.6087 1164.72
11.3524 1157.68
35.5165 1127.52
5.07458 1197.41
17.5132 1178.28
26.242 1161.87
8.40394 1159.27
58.9352 1140.46
21.8362 1187.02
35.343 1152.37
4.19314 1212.57
8.5624 1180.41
38.921 1160.18
38.0099 1157.91
42.4292 1138.07
36.9195 1157.89
26.8653 1141.06
3.53879 1178.74
31.7162 1176.18
5.88649 1168.69
21.0214 1147.85
27.3916 1148.72
39.7085 1129.96
43.2523 1165.21
23.4374 1155.43
35.4785 1176.02
9.28531 1193.85
17.1702 1177.38
26.7181 1122.23
23.2373 1181.77
44.6121 1129.82
14.262 1217.67
24.4434 1163.43
24.0977 1170.3
35.7587 1169.25
29.3255 1171.98
20.857 1165.75
18.6688 1177.39
41.4816 1124.37
25.5568 1162.08
29.3228 1166.06
38.6378 1147.85
58.901 1160.68
19.9036 1160.94
37.8569 1168.47
21.7302 1152.95
35.9755 1164.14
13.891 1173.2
35.7101 1149.37
29.2908 1172.27
18.0226 1173.61
23.7966 1162.54
24.454 1166.91
9.46945 1172.13
8.24991 1182.75
48.1163 1167.92
38.8034 1131.14
19.6767 1192.73
15.0889 1203.99
5.58226 1198.69
5.05667 1203.04
15.6424 1181.79
27.3138 1154.77
26.7914 1162.3
3.99986 1224.26
20.8899 1198.3
23.2899 1171.05
22.089 1169.12
16.3225 1153.79
23.0084 1164.14
19.367 1190.83
24.4167 1173.38
32.8138 1144.28
16.5796 1173.67
18.5035 1178.95
20.059 1130.17
39.3487 1159.04
18.722 1163.09
17.2418 1181.54
15.2822 1179.18
19.1097 1182.94
33.1072 1135.13
23.6771 1150.01
33.4582 1152.56
34.2306 1154.74
26.2632 1176.47
12.6275 1168.93
33.788 1180.39
17.2504 1177.84
17.4552 1131.53
26.4152 1184.14
20.9689 1178.12
27.5447 1173.31
27.1601 1172.94
12.017 1173.79
22.7807 1171.19
20.2868 1180.73
20.0702 1186.03
27.507 1169.75
21.5085 1170.03
15.7265 1160.59
15.3669 1159.15
13.6455 1175.49
23.3435 1184.54
51.5711 1156.84
36.6911 1163.07
33.0611 1149.47
42.2433 1150.74
40.0411 1136.28
44.5303 1150.95
45.2655 1146.32
23.9761 1158.96
30.4071 1161.63
24.8666 1180.99
16.8101 1196.02
21.3187 1139.63
28.5297 1161.26
13.4224 1155.3
9.50757 1174.31
23.3041 1179.36
30.2491 1157.28
28.0957 1155.69
27.2527 1160.3
31.5416 1161.39
9.48855 1178.3
29.147 1154.19
28.2704 1146.18
35.057 1172.57
24.6229 1150.88
31.4773 1138.64
29.9621 1157.56
28.5943 1180.24
26.9892 1185.67
27.1389 1147.64
28.652 1164.55
18.8856 1179.76
33.1389 1197.69
14.3572 1207.59
25.8409 1176.78
20.4056 1184.24
7.93596 1179.23
40.2403 1167.08
35.3421 1158.05
30.0881 1164.4
25.8645 1146.79
28.9837 1168.65
18.1466 1175.82
8.07497 1201.07
25.349 1174.51
26.1636 1179.58
28.0151 1149.05
45.0037 1175.2
31.7684 1166.78
22.8532 1172.2
14.0166 1176.14
45.4904 1157.61
59.2908 1120.99
39.9159 1159.38
32.5403 1165.22
32.7088 1192.15
15.9174 1180.95
31.1497 1176.38
10.9087 1188.44
22.4121 1153.64
17.7386 1199.53
19.1924 1171.16
43.3308 1146.99
44.5199 1156.29
20.5809 1146.82
43.3042 1138.17
50.8191 1151.58
23.5291 1151.85
34.9692 1154.67
27.8202 1186.07
19.1881 1180.79
33.1861 1159.61
37.6545 1173.14
12.9314 1155.48
49.7542 1160.13
56.8132 1118.21
20.5554 1168.57
23.7183 1148.5
24.2856 1174.5
27.4503 1190.73
15.4387 1211.38
20.9322 1159.48
19.2236 1160.09
13.4401 1180.21
44.4836 1159.16
38.8073 1159.64
16.5323 1191.69
19.9934 1177.29
15.0816 1207.78
10.7067 1187.46
48.0998 1128.3
33.2011 1167.84
27.5032 1132.07
7.0349 1216.54
5.33059 1195.75
7.00174 1164.33
12.7915 1190.32
15.6293 1195.86
12.1854 1192.88
34.9535 1190.46
28.8427 1171.65
19.9041 1151
20.722 1150.45
15.5619 1181.52
27.5199 1181.94
16.2623 1156.69
44.4622 1150.5
31.3183 1187.69
24.1162 1193.85
24.8066 1170.8
36.2056 1149.79
12.258 1220.66
35.915 1178.74
44.3139 1157.2
26.8465 1172.73
29.5345 1172.08
26.5918 1142.46
23.6497 1163.06
20.8853 1183.18
25.4242 1173.89
33.8343 1180.65
6.61195 1174.65
6.02543 1203.04
10.6681 1211.73
20.6104 1164.37
19.4632 1168.38
13.9527 1197.94
18.5105 1178.68
30.7134 1183.9
28.9175 1180.43
28.7192 1159.58
46.0433 1173.7
6.87635 1166.57
37.3064 1177.52
15.0156 1167.51
19.113 1149.61
15.0419 1185.83
26.8419 1170.18
38.4572 1166.04
43.4903 1119.6
36.8177 1147.73
37.1993 1131.5
36.5955 1170.1
20.2974 1155.08
26.6952 1173.17
28.5784 1162.01
24.7432 1196.49
22.6142 1171.45
30.2773 1142.89
14.7661 1156.96
34.9171 1163.97
42.1034 1147.51
40.2026 1147.24
37.8794 1145.92
9.63644 1151.79
11.2144 1194.97
13.1479 1163.38
35.3253 1167.19
11.8103 1158.61
25.3035 1176.47
31.3314 1173.84
18.8881 1173.02
29.5499 1176.73
19.7146 1165.79
40.0415 1171.6
9.5235 1194.93
15.0131 1171.28
30.2052 1163.05
25.8926 1156.78
20.7881 1187.37
14.3298 1194.8
11.5178 1206.57
18.4427 1181.98
26.4637 1194.23
14.9307 1183.37
20.061 1161.88
27.2643 1163.87
36.2722 1168.05
34.8651 1185.12
45.0163 1179.6
20.3784 1180.72
4.21058 1209.83
5.48369 1189.91
36.6092 1188.16
20.1122 1191.33
18.4006 1142.97
40.1773 1145.69
30.8961 1183.7
31.6452 1149.37
35.9915 1153.64
36.2723 1153.98
16.0292 1149.3
25.7137 1192.16
61.1559 1134.9
13.2068 1200.36
10.1631 1173.06
15.7887 1170.33
19.309 1187.1
10.7582 1185.28
12.5148 1207.32
12.1948 1211.87
18.0164 1185.96
18.002 1172.11
60.5594 1114.93
45.5599 1170.23
20.5366 1187.1
28.0706 1174.95
36.5964 1181.53
42.7184 1137.17
26.9731 1176.32
18.9547 1203.32
25.9117 1164.94
25.9011 1115.8
32.2577 1185.46
30.845 1146.49
25.9596 1182.66
36.9018 1163.97
21.6254 1153.64
24.8781 1179.26
6.66599 1209.71
12.3387 1193.11
8.35142 1187.53
5.5934 1203.57
8.73155 1183.79
10.0609 1169.33
29.7307 1190.89
15.9367 1163.8
43.0045 1138.52
42.7304 1141.63
28.3106 1187.77
21.3593 1182.16
29.8748 1177.25
32.0192 1191.35
28.1384 1154.43
11.8959 1193.07
10.3 1203.8
21.8862 1186.17
12.7009 1205.3
31.0177 1140.75
20.0324 1134.54
42.3674 1158.61
10.6297 1172.11
31.8274 1197.09
19.4287 1165.49
31.7994 1199.36
50.0424 1165.98
25.3984 1180.11
28.8145 1154.72
24.596 1165.77
24.2146 1196.33
40.9273 1149.88
24.502 1172.84
25.7899 1161.71
10.982 1189.15
15.5799 1181.52
15.4458 1197.52
26.4617 1183.65
10.8794 1194.25
28.2038 1152.11
17.7431 1154.87
23.1832 1154.14
11.419 1169.97
31.5009 1178.03
31.1198 1168.9
9.80962 1181.47
8.3561 1182.04
27.6867 1168.74
26.6336 1197.51
31.2818 1169.03
28.1068 1223.94
35.1825 1189.57
29.687 1197.06
28.7336 1151.81
20.3998 1171.42
33.4147 1160.97
34.2674 1144.46
33.9051 1160.83
23.0115 1174.3
7.14141 1177.72
20.971 1162.58
36.1351 1185.14
7.66273 1211.16
1.52738 1209.02
21.5368 1182.3
25.1762 1165.61
33.8953 1188.18
36.9762 1147.58
43.3484 1157.05
15.9706 1162.84
25.8437 1142.57
24.6719 1156.93
38.5179 1164.59
54.8043 1141.61
61.7657 1126.32
36.6987 1137.96
13.1391 1180.63
42.8234 1170.14
17.0488 1176.98
32.1498 1176.63
20.867 1191.39
25.736 1140.72
19.434 1218.95
18.3439 1183.84
22.3065 1144.14
26.3938 1152.82
28.4787 1147.41
24.0342 1183.9
16.5076 1168.78
24.0565 1189.54
15.3465 1164.69
22.1166 1163.4
20.7437 1176.42
30.3652 1172.82
16.1833 1185.35
4.62567 1175.85
37.7147 1126.19
12.702 1175.9
15.7936 1152.9
46.1221 1171.26
31.7472 1159.55
15.4403 1196.8
48.6206 1142.57
28.4124 1148.24
21.0814 1190.49
27.5467 1173.61
17.3382 1170.59
18.4169 1171.48
15.3675 1180.08
3.27309 1202.79
21.2202 1188.72
22.4008 1175.94
31.9201 1169.59
19.9765 1155.06
16.1229 1209.61
12.7474 1164.7
30.6888 1184.35
28.9988 1154.83
21.3161 1158.62
13.5843 1184.99
32.9725 1137.93
47.0453 1166
44.1728 1133.56
42.0603 1167.3
12.311 1148.65
27.5592 1142.64
43.0982 1164.28
17.8415 1161.39
13.3436 1181.14
26.2803 1157.39
12.2174 1186.44
18.2937 1184.23
26.6078 1181.05
21.7555 1183.45
30.4732 1149.29
42.6068 1151.02
30.8738 1147.41
34.805 1163.75
34.148 1145.38
65.5038 1141.98
12.036 1160.45
11.372 1172.28
13.6965 1185.41
11.6017 1167.06
42.8587 1165.18
21.8984 1159.66
23.5381 1167.86
47.6342 1156.65
25.7724 1180.64
13.7512 1189.52
48.2054 1124.74
61.5536 1131.8
53.7951 1107.99
25.3019 1137.48
29.5924 1177.48
35.9966 1149.46
20.6297 1150.97
29.384 1151.02
24.1731 1175.66
24.3077 1170.01
20.6538 1195.71
22.5142 1213.84
18.2616 1165.34
15.2829 1167.08
13.6703 1190.58
17.4565 1193.66
15.8256 1148.54
11.833 1167.74
14.3932 1174.26
24.6091 1176.83
10.5001 1173.48
32.2921 1184.94
30.0194 1180.07
42.8305 1152.7
39.0642 1149.44
23.0511 1166.73
11.717 1202.16
11.0101 1194.48
30.1936 1160.92
39.3983 1159.32
70.2972 1154.08
22.0978 1164.38
28.7532 1164.75
13.2008 1140.83
23.4432 1152.76
27.5046 1146.05
48.5098 1180.82
35.8156 1160.7
27.0186 1159.19
10.5034 1184.67
8.12454 1175.59
9.07294 1202.56
38.7926 1137.46
49.3871 1148.53
46.2439 1138.85
24.2201 1161.89
15.9339 1144.83
41.2222 1159.14
22.1632 1171.36
29.866 1156.77
24.1089 1135.64
14.3262 1166.8
15.7916 1168.57
34.4672 1133.65
29.562 1168.89
12.5347 1198.98
27.793 1164.14
26.6837 1157.13
26.3303 1157.5
27.0312 1164.79
26.9908 1160.85
28.9025 1165.08
37.7924 1156.96
33.5999 1129.74
13.0215 1153.41
13.0215 1189.01
9.19615 1180.89
10.492 1230.7
11.8609 1182.4
5.63824 1195.53
23.9774 1157.19
27.6144 1158.95
27.5296 1151.45
27.2541 1186.88
27.8753 1144.82
28.4492 1134.42
28.2738 1154.75
28.1325 1141.31
30.9653 1140.26
21.817 1184.9
19.1931 1158.07
17.4131 1167.33
35.5258 1131.3
4.44613 1166.24
31.5808 1158.5
26.9273 1190.89
22.4949 1185.54
30.2117 1190.06
35.8941 1187.39
29.6815 1172.59
15.2918 1177.09
24.6153 1159.49
45.7595 1158.17
10.3388 1198.09
17.6129 1181.76
15.575 1197.09
10.5631 1203.95
25.8898 1167.92
28.7778 1138.42
3.84067 1193.54
33.7305 1171
22.3621 1167.99
26.2421 1221.56
8.85518 1164.89
12.3372 1185.76
12.8576 1167.81
25.1379 1155.76
49.072 1163.4
22.4435 1164.84
20.6296 1164.01
64.8658 1136.75
17.2562 1203.4
24.1125 1155.19
23.2073 1151.17
11.7142 1155.31
9.46634 1191.21
3.32004 1196.15
12.4473 1215.43
35.9151 1160.66
45.423 1143.62
32.1061 1122.79
42.2698 1153.3
38.078 1133.83
35.1618 1165.4
23.877 1179.93
18.5815 1178.37
21.1896 1156.85
17.3218 1209.17
10.5057 1186.62
11.2906 1196.19
34.2382 1195.26
31.5099 1152.73
24.5635 1170.88
13.611 1185.25
14.1266 1169.03
26.3384 1147.66
6.63636 1199.89
40.2599 1151.11
46.3363 1142.62
27.9997 1140.32
28.8337 1174.3
24.8409 1173.23
20.4616 1187.26
29.5107 1160.73
10.6205 1181.56
22.8102 1163.35
16.7401 1171.7
20.3646 1179.58
21.6899 1156.38
22.2448 1159.65
39.2865 1140.05
20.9653 1206.31
15.0801 1161.86
25.3794 1156.75
49.9922 1158.86
39.1104 1141.91
26.9681 1188.53
19.4644 1193.4
27.7251 1154.57
32.4759 1151.22
7.7148 1200.32
12.0349 1166.39
9.70912 1197.34
4.14143 1193.56
9.67858 1193.32
4.9218 1207.76
7.66472 1211.99
13.9121 1181.33
7.15689 1159.06
25.9915 1153.6
18.8064 1150.76
23.0736 1185.05
19.5557 1211.54
16.4814 1155.62
29.4242 1170.45
28.8081 1189.22
11.1929 1203.54
11.862 1191.93
20.8532 1187.42
40.9417 1152.57
11.935 1172.81
41.7833 1164.11
11.6003 1184.53
26.6767 1150.08
27.1 1178.14
4.51407 1204.01
9.86765 1208.41
32.735 1171.25
6.24286 1154.6
5.12977 1176.43
14.2734 1148.85
37.4201 1132.95
27.003 1177.24
61.7244 1131.39
52.3695 1161.61
44.3973 1155.8
42.8836 1135.51
53.8092 1138.08
22.5438 1141.47
44.1282 1176.07
25.4057 1142.83
43.6502 1161.12
17.8786 1173.08
10.3173 1173.42
14.4751 1200.51
21.6608 1154.1
16.8909 1191.31
11.7974 1189.71
28.5725 1189.63
18.2744 1190.33
31.4518 1185.87
25.1194 1177.77
15.6318 1171.61
35.4079 1180.05
26.6709 1213.68
44.5837 1148.65
30.2557 1184.43
33.6671 1160.64
20.0906 1163.77
56.3927 1125.31
51.3479 1171.82
28.007 1166.86
23.2966 1143.59
57.0746 1157.13
2.54818 1198.99
18.9683 1159
19.6775 1150.82
13.5636 1184.07
21.5193 1198.58
27.6114 1145.78
26.6806 1142.65
21.8838 1186.34
18.4702 1164.65
21.7123 1199.58
31.7519 1148.14
4.08763 1189.37
12.3139 1201.36
22.0827 1160.71
7.89222 1199.76
17.2301 1156.93
15.3218 1179.14
11.8717 1201.22
34.3979 1140
12.098 1208.78
29.9672 1177.81
18.9893 1215.2
37.5024 1122.88
32.6491 1129.61
38.3553 1166.52
38.1561 1153.45
14.8576 1164.7
22.811 1139.44
32.1271 1158.95
6.88783 1200.87
36.5873 1167.34
33.2587 1138.48
50.7085 1139.57
28.3145 1194.53
21.929 1190.76
24.3184 1137.34
24.0306 1142.35
45.3908 1151.93
32.8972 1165.51
42.1477 1176.98
18.7299 1132.53
16.5629 1175.09
16.4006 1169.3
23.2441 1152
27.2307 1176.99
33.4707 1162.32
20.9527 1158.19
28.5312 1157.28
23.6931 1159.6
18.8418 1172.56
37.4011 1163.29
39.9447 1143.87
8.24714 1159.49
23.39 1177.89
6.03559 1221.17
8.48266 1196.35
13.0635 1200.18
30.478 1131.09
16.6315 1188.98
14.6382 1173.4
12.5614 1155.66
15.4854 1149.85
21.8737 1180.58
29.0555 1177.04
19.3393 1164.19
16.8708 1188.06
6.90285 1180.19
16.8963 1170.16
11.9846 1144.95
21.4105 1181.46
13.6772 1154.39
13.7985 1166.47
15.7188 1143.83
10.7773 1206.1
38.5788 1164.96
27.0168 1193.17
19.2034 1168.1
14.8206 1184.24
32.0185 1148.84
5.65825 1213.43
6.90522 1188.3
6.73045 1192.85
30.056 1142.31
11.2868 1202.41
34.0424 1145.03
24.4891 1133.67
28.1533 1192.53
13.1344 1167.65
11.1015 1180.98
13.436 1191.13
3.59831 1196.78
22.7488 1174.9
14.7961 1189.67
51.178 1167.11
31.7152 1151.14
34.9272 1151.83
42.8773 1138.33
38.6052 1133.03
17.0687 1171.53
20.5772 1168.86
0.465811 1164.75
26.002 1167.78
26.7148 1174.22
21.0459 1169.2
10.184 1189.88
16.7642 1200.65
16.3827 1177.47
14.1613 1171.79
6.71763 1165.38
19.8225 1177.24
41.7465 1154.81
36.1449 1160.55
39.3417 1159.26
48.1921 1154.33
39.2959 1164.84
23.4462 1198.07
31.3377 1173.83
31.7133 1196.63
42.9268 1146.33
36.0933 1186.6
45.7771 1129.62
13.8194 1165.59
15.1213 1165.63
33.5378 1192.69
53.412 1146.73
45.8548 1142.48
23.9052 1168.23
5.80869 1178.2
18.7828 1180.89
24.3105 1179.35
34.3564 1161.78
31.376 1145.14
47.6439 1106.71
2.37429 1169.88
33.3704 1170.21
34.6959 1165.4
34.7434 1152.8
35.0547 1177.02
10.039 1167.9
24.4 1153.35
57.9105 1118.29
30.0703 1137.93
41.6906 1162.99
12.6868 1187.73
14.9661 1173.9
34.3653 1183.02
18.2449 1216.06
43.2908 1109.55
43.1322 1174.01
24.0359 1157.76
28.9098 1164.47
28.0333 1162.65
43.5015 1157.76
18.036 1147.5
16.633 1184.53
16.917 1184.02
24.3933 1163.42
16.0997 1160.99
2.51091 1193.72
31.2019 1208.29
12.147 1179.21
11.4761 1181
23.2322 1169.24
15.4387 1163.12
60.302 1175.9
12.8809 1195.18
32.6392 1136.15
20.3798 1164.1
28.4474 1162.53
23.0166 1139.97
15.4725 1151.32
10.2284 1194.26
22.8837 1205.03
16.2915 1188.79
12.0761 1198.28
33.0273 1185.48
13.1689 1200.63
10.875 1199.33
31.5091 1150.21
16.8411 1144.79
29.6749 1159.63
25.5014 1159.66
8.47349 1177.68
19.7853 1187.87
12.1308 1212.68
17.4465 1170.97
7.21054 1200.13
14.8179 1150.78
20.888 1179.14
16.5511 1152.6
11.9242 1163.45
9.29422 1173.1
34.8311 1176.88
37.1092 1149.3
25.243 1149.81
54.1413 1114.39
76.7849 1100.83
56.3742 1125.45
44.3458 1143.65
47.6403 1149.68
39.9168 1176.17
17.3154 1167.97
7.81464 1168.86
15.0639 1175.49
21.5688 1162.12
39.7207 1155.98
21.112 1175.57
37.8727 1142.8
45.175 1133.46
40.6917 1165.96
44.5947 1139.88
74.2384 1127.28
49.7204 1123.46
22.2654 1180.75
28.9268 1178
14.2575 1180.51
30.5288 1174.92
23.6658 1186.83
29.4697 1167.98
41.2894 1167.93
14.7346 1162.2
8.29317 1179.13
5.94967 1159.15
9.40566 1181.51
12.7055 1157.95
12.8528 1186.87
37.4263 1193.28
22.4556 1178.75
9.68182 1183.12
15.4151 1177.78
6.25856 1185.94
23.1528 1169.72
11.8733 1168.67
19.3964 1167.98
20.1635 1172.28
5.21475 1186.84
2.9054 1187.92
30.8678 1183.16
36.5047 1157.22
23.4347 1157.44
20.9645 1190.24
10.7227 1191.65
22.2897 1196.35
14.8915 1189
14.7551 1191.08
37.9497 1183.34
41.7893 1162.59
20.6225 1161.27
9.86978 1164.66
10.6276 1185.04
10.0724 1171.52
10.0339 1177.77
16.6648 1166.51
8.81867 1208.84
2.39053 1191.52
8.40303 1223.35
6.45843 1177.09
13.0691 1167.53
30.4251 1175.86
22.9024 1203.12
8.36249 1188.46
22.6796 1203.96
7.85639 1201.34
19.2783 1200.51
16.5595 1181.96
32.2021 1154.22
6.32214 1203.2
8.0985 1208.14
12.229 1210.83
21.1902 1213.42
2.66183 1213.51
14.4244 1214.73
6.43069 1206.34
21.016 1188.86
33.7314 1167.13
21.2223 1139.8
12.2743 1180.04
12.2743 1169.59
30.1574 1156.54
30.7119 1165.36
27.1668 1162.25
27.7812 1161.83
15.7929 1170.42
15.5688 1193.54
23.3621 1198.22
18.646 1167.7
30.843 1154.38
19.704 1162.83
43.5026 1181.29
14.5303 1166.22
5.47211 1184.81
38.4972 1175.03
42.3754 1150.91
42.8255 1149.56
66.0957 1140.07
65.4135 1138.12
70.1892 1141.27
65.2621 1157.15
71.3885 1163.99
69.2878 1156.61
69.2878 1166.8
69.2878 1162.15
78.0411 1181.2
73.5207 1181.5
73.5207 1183.08
69.5658 1165.32
98.6722 1154.74
98.6722 1161.1
98.6722 1154.34
105.807 1157.51
105.807 1152.35
124.905 1142.39
124.905 1134.81
124.905 1134.46
127.126 1108.01
127.126 1109.95
139.462 1095.32
136.805 1095.32
136.805 1117.67
136.805 1122.6
138.097 1152.47
127.005 1145.15
127.005 1143
124.29 1140.9
124.29 1145.78
124.29 1146.15
136.229 1135.47
140.711 1144.99
140.711 1119.77
154.243 1103
154.243 1103
154.243 1105.46
154.243 1097.7
154.243 1111.36
154.243 1111.36
154.243 1129.99
154.243 1097.07
154.243 1097.07
154.243 1106.16
154.243 1106.16
143.557 1108.26
143.557 1120.45
157.217 1096.34
174.302 1096.34
174.302 1087.22
174.302 1087.22
174.302 1077.95
178.323 1077.95
169.609 1056.14
169.609 1093.6
169.609 1072.07
169.609 1072.07
169.609 1072.07
169.609 1072.07
169.609 1072.07
169.609 1072.07
169.609 1069.98
161.472 1094.84
167.171 1077.78
167.171 1088.64
167.171 1088.64
167.171 1088.64
167.171 1084.61
167.171 1084.33
167.171 1092.76
167.171 1088.82
167.171 1079.49
167.171 1079.49
167.171 1079.49
167.171 1083.9
167.171 1104.49
167.171 1104.49
167.171 1077.47
167.171 1098.02
167.171 1103.4
161.917 1103.4
161.917 1103.4
161.917 1111.98
161.917 1111.98
161.917 1111.98
161.917 1111.98
161.917 1099.5
161.917 1108.64
161.917 1108.64
161.917 1100.17
161.917 1096.94
161.917 1096.94
161.917 1085.38
161.917 1085.38
161.917 1085.38
161.917 1085.38
172.009 1085.38
172.009 1085.38
172.009 1092.24
155.756 1103.35
155.756 1093.57
155.756 1089.36
159.952 1089.36
159.952 1086.63
162.808 1105.61
162.808 1067.15
162.808 1067.15
162.808 1117.41
162.808 1104.69
162.808 1097.23
162.808 1097.23
162.808 1095.21
161.82 1090.19
161.82 1090.19
161.82 1061.4
161.82 1071.9
161.82 1071.9
161.82 1110.23
146.47 1091.22
146.47 1130.84
150.93 1130.84
150.93 1104.42
150.93 1104.42
150.93 1104.42
150.93 1114.9
150.93 1102.35
159.367 1105.3
163.793 1081.69
156.732 1102.36
147.652 1121.27
147.652 1115.5
147.652 1131.66
147.652 1148.27
147.652 1137.83
148.009 1111.16
168.995 1081.63
163.445 1081.63
163.445 1081.63
163.445 1088.19
163.445 1088.19
163.445 1088.19
159.142 1083.64
158.086 1093.28
162.689 1100.5
162.689 1100.5
162.689 1090.69
162.689 1089.14
162.689 1089.14
162.689 1098.66
162.689 1098.66
162.689 1098.66
162.689 1117.95
162.689 1117.95
162.689 1105.82
164.846 1099.39
164.846 1079.63
167.662 1077.01
167.662 1077.01
167.662 1100.35
167.662 1106.23
167.662 1106.23
167.662 1089.7
167.662 1089.7
167.662 1115.2
154.082 1138.6
154.082 1145.53
154.082 1091.15
154.082 1082.2
154.082 1083.29
154.082 1108.33
151.634 1108.33
151.634 1105.07
151.634 1087.47
151.634 1101.67
151.634 1101.67
151.634 1116.48
151.634 1128.96
162.63 1091.53
161.037 1091.53
160.461 1091.53
160.461 1079.95
160.461 1088.68
160.461 1086.58
160.461 1086.58
160.461 1116.77
160.461 1117.72
160.461 1093.56
160.461 1086.57
160.461 1080.2
168.894 1080.2
168.894 1080.2
168.894 1080.2
168.894 1078.24
168.894 1055.98
168.894 1073.01
164.316 1073.01
164.316 1073.01
164.316 1073.01
164.316 1094
164.316 1105.34
164.316 1105.34
164.316 1084.13
164.316 1091.95
164.316 1121.09
164.316 1114.62
164.67 1110.85
164.67 1110.85
164.67 1108.37
164.67 1108.37
164.67 1096.57
164.67 1096.57
154.42 1096.57
154.42 1096.57
154.42 1109.85
172.894 1093.28
172.894 1075.05
172.534 1075.05
172.143 1075.05
172.143 1096.25
172.143 1096.25
172.143 1079.52
172.143 1077.89
172.143 1088.43
172.143 1078.11
172.143 1078.11
157.311 1078.11
157.311 1078.71
157.311 1078.71
147.395 1088.8
147.395 1088.8
147.395 1102.72
163.949 1102.72
163.949 1102.72
163.949 1102.72
163.949 1102.72
163.949 1102.72
163.949 1113.37
163.949 1113.37
163.949 1086.52
163.949 1086.52
163.949 1088.93
150.863 1110.48
150.863 1097.64
161.589 1075.13
161.589 1075.13
161.589 1075.09
163.03 1075.09
163.03 1075.09
167.317 1091.98
167.317 1091.98
167.317 1091.98
167.317 1102.58
161.952 1094.08
161.952 1066.2
161.952 1060.17
161.952 1060.17
161.952 1075.83
161.952 1048.73
161.952 1079.01
161.952 1096.78
160.533 1094.02
160.533 1094.02
163.303 1088.45
163.303 1088.45
163.303 1088.45
163.303 1098.68
163.303 1098.68
163.303 1102.93
159.205 1102.93
159.205 1102.93
159.205 1106.32
153.116 1106.32
153.116 1129.86
153.116 1116.13
148.419 1116.13
148.419 1108.71
157.1 1071.93
157.1 1073.82
150.163 1080.71
150.091 1080.71
150.091 1080.71
138.052 1106.62
142.42 1096.62
142.42 1096.62
155.953 1096.62
155.953 1094.98
159.22 1094.98
159.22 1085.07
159.22 1108.39
173.545 1097.34
173.545 1097.34
165.618 1098.62
165.618 1094.75
154.774 1094.99
163.443 1093.06
163.443 1079.23
163.443 1088.38
163.443 1065.23
163.443 1088.65
163.443 1058.97
163.443 1078.54
163.443 1078.54
163.443 1078.54
163.443 1078.54
163.443 1078.54
163.443 1095.48
163.443 1095.48
172.647 1095.48
172.647 1095.48
172.647 1095.48
172.647 1095.48
172.647 1095.48
169.271 1091.44
169.271 1084
169.271 1114.55
169.271 1070.47
178.035 1070.47
178.035 1083.84
178.035 1083.84
178.035 1083.84
178.035 1083.84
178.035 1092
178.035 1076.76
178.035 1103.58
176.952 1093.8
163.868 1079.68
163.868 1087.28
163.868 1087.28
159.824 1104.81
159.824 1106.5
159.824 1108.77
156.165 1101.42
156.165 1101.42
156.165 1092.75
156.165 1090.92
162.255 1090.92
162.255 1090.92
162.255 1088.56
152.626 1088.56
152.626 1078.03
152.626 1078.03
152.626 1085.15
152.626 1085.15
152.626 1108.47
169.16 1090.49
166.639 1090.58
166.639 1090.58
166.639 1074.19
166.639 1074.19
166.639 1074.19
166.639 1074.19
178.316 1074.19
178.316 1074.19
178.316 1074.19
178.316 1067.7
178.316 1075.72
167.585 1090.21
167.585 1090.21
167.585 1090.21
167.585 1085.38
167.585 1102.05
167.585 1095.44
167.585 1095.44
167.585 1077.78
167.585 1097.37
167.585 1082.39
167.585 1082.39
167.585 1082.39
167.585 1082.39
167.585 1087.89
167.585 1049.43
167.585 1049.43
167.585 1053.47
167.585 1053.47
167.585 1053.47
167.585 1053.47
174.666 1051.57
175.319 1051.57
175.319 1039.69
175.319 1039.69
176.422 1046.56
179.049 1046.56
178.302 1046.56
178.302 1046.56
170.691 1082.35
170.691 1078.06
170.691 1078.06
170.249 1078.06
168.679 1088.01
168.679 1038.75
181.403 1043.14
171.066 1043.14
171.066 1065.63
171.066 1087.17
154.929 1087.17
154.929 1087.17
154.929 1087.17
154.929 1080.9
154.929 1080.9
150.023 1084.21
150.023 1084.21
156.943 1096.11
156.943 1096.11
156.943 1096.11
157.21 1098.91
159.347 1078.78
165.351 1078.78
165.351 1100.56
165.351 1100.56
165.351 1099.6
165.351 1099.6
165.351 1076.57
165.351 1076.57
176.158 1082.23
165.09 1078.31
164.737 1078.31
167.59 1078.31
167.59 1078.31
167.59 1096.47
167.59 1102.12
167.59 1102.12
167.59 1059.08
167.59 1059.99
170.556 1090.85
170.556 1090.85
170.556 1090.85
170.556 1090.85
170.556 1090.85
162.515 1099.55
162.515 1074.35
162.515 1078.21
162.515 1089.67
162.515 1089.67
162.515 1088.64
162.515 1074.17
174.972 1077.74
174.972 1074.12
174.972 1094.56
174.972 1076.49
165.3 1076.49
165.3 1071.18
165.3 1086.83
165.3 1089.96
179.683 1093.71
183.085 1077.08
183.085 1077.08
183.085 1077.08
173.22 1077.08
173.22 1077.08
173.22 1061.54
173.22 1061.54
173.22 1061.54
173.22 1061.54
173.22 1082.21
173.22 1067.37
180.647 1067.37
180.647 1067.37
180.647 1062.07
180.647 1065
174.14 1067.7
174.14 1067.7
174.14 1059.35
174.14 1077.54
174.14 1068.05
154.671 1071.09
154.671 1084.7
154.671 1095.68
147.745 1097.95
147.745 1106.81
147.745 1106.81
168.535 1101.34
168.535 1101.79
168.535 1075.58
168.535 1075.58
168.535 1075.58
168.535 1075.56
181.945 1075.56
181.945 1075.56
181.945 1078.59
182.754 1063.41
182.754 1042.23
182.754 1064.81
182.754 1073.98
182.754 1073.98
182.754 1065.08
182.754 1065.08
182.754 1082.99
170.332 1082.99
170.332 1077.42
170.332 1106.34
162.492 1080.47
162.492 1080.47
162.492 1098.25
162.492 1098.25
165.387 1098.25
163.657 1101.31
163.657 1087.33
163.657 1088.13
163.657 1094.6
163.657 1097.46
154.733 1097.46
152.838 1097.46
152.838 1097.46
152.838 1097.46
152.838 1097.46
152.838 1112.68
149.331 1112.68
164.687 1074.69
163.943 1078.18
163.943 1078.18
161.171 1078.18
161.171 1097.61
161.171 1090.2
161.171 1090.2
161.171 1093.56
161.171 1102.94
161.171 1082.98
151.106 1106.98
151.106 1106.98
151.106 1093.89
151.106 1093.89
151.106 1093.89
151.106 1093.89
151.106 1100.36
152.796 1100.36
153.265 1100.36
153.265 1123.63
153.265 1123.63
153.265 1110.52
153.265 1110.52
153.265 1133.97
153.265 1135.01
145.99 1115.85
141.19 1081.45
141.19 1099.03
141.19 1099.03
141.19 1099.03
141.19 1084.55
164.768 1082.92
164.768 1072.41
164.768 1072.41
164.768 1086.01
164.768 1077.88
164.768 1077.88
164.768 1077.88
164.768 1089.37
164.768 1089.37
164.768 1089.37
164.768 1089.37
164.768 1065.13
164.768 1084.61
164.768 1084.61
164.768 1075.72
164.768 1075.72
164.768 1074.17
164.768 1096.7
164.768 1096.7
164.768 1085.96
164.768 1085.96
164.768 1088.1
164.768 1088.1
172.985 1088.1
172.985 1088.1
172.985 1088.1
172.985 1082.77
172.985 1071.52
172.985 1065.93
172.985 1079.69
172.985 1079.69
172.985 1079.69
172.985 1079.69
160.887 1079.69
160.887 1097.69
160.887 1097.69
160.887 1097.69
160.887 1097.69
160.887 1110.98
160.887 1102.46
160.887 1102.46
160.887 1103.99
160.887 1103.99
160.887 1103.99
160.887 1089.03
177.828 1082.85
177.828 1076.95
177.828 1076.95
181.426 1076.95
181.426 1076.95
181.426 1076.95
181.426 1053.9
186.327 1053.9
183.395 1046.89
182.601 1046.89
182.601 1046.89
182.601 1056.18
182.601 1086.48
182.601 1033.35
173.283 1051.63
173.283 1051.63
173.283 1062.42
173.283 1044.57
173.283 1044.57
173.283 1064.44
173.283 1059.13
173.283 1059.13
173.283 1059.13
173.283 1059.13
173.283 1059.13
173.283 1074.47
172.098 1072.06
172.098 1074.28
172.098 1074.28
172.098 1083.6
172.098 1083.6
172.098 1096.62
172.098 1096.62
172.098 1081.86
169.341 1115.03
166.582 1110.17
166.582 1110.17
150.677 1121.05
151.453 1110.76
151.453 1112.48
142.15 1101.77
142.15 1111
142.15 1140.44
142.15 1112
142.15 1131.05
142.15 1141.82
142.15 1150.01
144.49 1142.35
145.27 1135.36
160.045 1103.32
160.045 1083.88
167.62 1083.88
165.331 1104.49
165.331 1113.29
165.331 1078.41
165.331 1078.41
165.331 1096.61
165.331 1092.65
146.86 1116.7
146.86 1113.49
148.609 1101.5
148.609 1083.6
148.609 1083.6
162.704 1083.6
162.704 1083.6
162.704 1088.87
158.298 1088.87
158.298 1082.63
158.298 1088.62
158.298 1097.16
159.38 1097.16
159.38 1097.16
159.38 1097.16
159.38 1097.16
156.072 1088.22
156.072 1090.34
156.072 1096.37
156.072 1096.37
156.072 1107.49
156.072 1107.49
156.072 1100.6
156.072 1095.45
156.072 1094.57
156.072 1093.09
156.072 1093.09
156.072 1109.66
156.072 1110.29
162.422 1085.3
162.422 1085.3
162.422 1085.3
162.422 1085.3
162.422 1092.04
162.422 1087.31
162.422 1095.66
162.422 1090.47
162.422 1090.47
166.342 1090.47
166.342 1094.44
166.342 1098.61
166.342 1120.3
166.342 1120.3
166.342 1121.62
166.342 1121.62
156.425 1110.71
153.724 1113.31
161.984 1103.91
161.984 1078.16
161.984 1100.23
161.984 1109.67
161.984 1097.97
161.984 1076.12
161.984 1076.12
161.984 1076.12
161.984 1076.12
161.984 1076.12
161.984 1071.48
181.761 1071.48
153.454 1071.48
153.454 1071.48
153.454 1113.44
148.174 1103.98
142.82 1111.85
142.82 1116.79
142.82 1116.79
157.2 1116.79
157.2 1117.95
157.2 1117.95
162.88 1093.72
162.88 1093.72
162.88 1093.72
162.88 1093.72
162.88 1088.94
162.88 1086.47
162.88 1086.47
162.88 1103.99
162.88 1126.01
162.88 1121.55
162.88 1119.26
162.88 1104.35
162.88 1104.35
162.88 1104.35
162.88 1104.35
162.88 1104.35
162.88 1104.25
162.88 1104.25
162.88 1104.25
162.88 1104.25
165.273 1104.25
165.273 1104.25
164.836 1104.25
159.086 1096.61
159.086 1096.61
164.308 1114.86
164.308 1088.12
164.308 1088.12
164.308 1112.67
165.341 1090.77
173.39 1077.83
173.859 1076.53
173.859 1064.43
173.859 1078.39
173.859 1078.39
173.859 1065.11
173.859 1078.84
173.859 1078.84
173.859 1078.84
173.859 1078.84
165.784 1088.61
165.784 1088.61
160.628 1088.61
160.628 1088.61
163.33 1088.61
163.33 1098.77
159.794 1098.77
159.794 1067.96
171.592 1076.94
171.592 1076.94
171.592 1076.94
171.592 1076.94
171.592 1076.94
171.592 1076.94
168.395 1076.94
168.395 1076.94
168.395 1076.94
149.674 1076.94
153.188 1080.77
154.198 1106.8
154.198 1106.8
140.945 1126.7
140.945 1126.7
141.464 1137.44
135.83 1123.05
136.242 1123.05
136.242 1116.86
136.242 1115.91
136.242 1115.91
136.242 1115.91
136.242 1115.91
141.519 1103.05
139.896 1103.05
142.606 1137.78
142.606 1128.44
142.606 1128.44
142.606 1128.36
142.606 1128.36
142.606 1128.36
142.606 1128.36
142.606 1141.12
152.99 1129.82
141.284 1116.65
141.284 1116.65
141.284 1116.65
141.284 1099.3
141.284 1104.06
141.284 1105.47
141.284 1102.22
141.284 1102.22
141.284 1093.12
142.989 1093.12
142.989 1093.12
142.989 1093.12
142.989 1097.12
142.989 1141.95
142.989 1137.53
142.989 1120.12
142.989 1120.12
142.989 1123.47
142.989 1116.61
142.989 1127.24
142.989 1127.24
142.989 1110.26
142.989 1130.73
142.989 1130.73
142.989 1121.98
142.989 1121.78
142.989 1116.54
142.989 1105.33
142.989 1126.12
131.662 1128.8
131.662 1154.5
131.267 1136.61
151.207 1122.04
151.207 1122.04
151.207 1105.14
143.33 1121.79
143.33 1121.79
143.33 1127.89
145.888 1127.89
145.888 1110.11
145.888 1117.14
145.888 1096.73
145.888 1111.02
145.888 1111.02
145.888 1106.19
145.888 1088.45
145.888 1088.97
145.888 1088.97
145.888 1096.65
145.888 1108.62
145.888 1101.97
145.888 1085.03
160.893 1085.03
160.893 1076.19
160.893 1076.19
160.063 1109.7
160.063 1099.19
160.063 1099.19
160.063 1099.19
160.063 1099.19
160.063 1099.19
160.063 1081.65
160.063 1083.75
160.063 1083.75
160.063 1083.75
160.063 1085.34
160.063 1085.34
153.635 1085.34
153.635 1097.67
153.635 1102.59
153.635 1118.57
153.635 1082.33
153.635 1091.69
153.635 1091.69
153.635 1091.69
153.635 1106.6
153.635 1120.81
153.635 1109.81
153.635 1109.81
153.635 1117.72
158.262 1104.26
151.418 1104.26
144.224 1111.21
144.224 1115.3
145.688 1115.3
145.688 1115.3
145.688 1128.73
145.688 1133.05
145.688 1105.9
145.688 1116.66
143.29 1116.23
135.204 1131.79
135.204 1131.79
135.204 1143.96
135.204 1133.9
135.204 1125.32
135.204 1125.32
135.701 1120.33
136.322 1139.73
136.322 1126.99
136.322 1126.99
136.322 1122.12
140.673 1118.19
149.952 1110.5
149.952 1117.21
147.841 1117.21
152.809 1117.21
152.809 1130.36
153.425 1106.34
153.425 1117.29
153.425 1111.03
144.065 1096.67
144.065 1128.37
160.18 1097.28
160.18 1097.28
160.18 1084.08
164.467 1081.91
164.467 1081.91
162.115 1104.41
162.115 1104.41
162.115 1104.41
162.115 1085.23
162.115 1085.23
162.115 1091.57
162.115 1087.58
159.154 1087.58
147.096 1118.85
147.096 1135.14
147.096 1134.26
147.096 1114.91
147.096 1114.91
157.175 1102.84
157.175 1113.15
157.175 1113.15
157.175 1082.71
157.175 1082.71
157.175 1090.86
157.175 1090.86
157.175 1103.19
157.175 1103.19
157.175 1113.12
157.175 1113.12
152.025 1110.3
163.995 1099.65
159.983 1115.24
159.983 1115.24
159.983 1115.24
159.983 1115.24
158.42 1115.24
158.42 1115.24
158.42 1085.68
158.42 1085.68
158.42 1083.82
163.028 1072.39
163.028 1084.83
163.028 1084.83
158.765 1100.28
158.765 1105.65
158.765 1118.73
158.765 1115.23
158.765 1054.89
158.765 1080.36
158.765 1069.52
158.765 1069.52
158.765 1069.52
160.635 1095.93
155.126 1070.55
155.126 1117.88
150.709 1117.88
145.562 1117.88
148.092 1114.59
135.867 1120.97
135.867 1149.61
135.867 1130.65
135.867 1130.65
143.875 1112.15
143.875 1136.41
143.875 1118.89
143.875 1117.84
140.931 1130.8
125.994 1126.86
125.994 1130.36
123.266 1131.27
123.266 1131.27
123.266 1131.27
133.839 1108.43
133.839 1099.8
133.839 1109.85
133.839 1124.88
133.839 1116.45
133.839 1136.54
133.839 1136.54
133.839 1131
145.361 1100.5
168.494 1103.32
154.376 1103.32
161.511 1087.7
157.698 1092.63
157.698 1121.24
144.875 1114.91
144.875 1137.56
135.438 1135.77
135.438 1128.04
135.438 1126.69
135.438 1120
133.873 1117.04
133.873 1140.13
133.873 1135.59
141.6 1113.12
161.535 1113.12
161.381 1135.43
161.381 1109.89
148.877 1137.16
147.189 1138.14
131.896 1113.31
131.896 1136.53
131.896 1131.86
143.214 1112.7
143.214 1104.9
143.214 1104.9
143.214 1104.9
143.214 1104.9
143.214 1108.79
143.214 1102.85
143.214 1087.89
143.214 1087.89
143.214 1087.89
150.398 1086.54
150.398 1112.95
150.398 1090.61
150.398 1090.61
150.398 1090.35
150.398 1090.35
150.398 1090.35
150.398 1090.35
150.398 1119.47
150.398 1117.59
150.398 1104.91
150.398 1104.91
166.523 1090.84
166.523 1090.84
166.523 1094.71
166.523 1077.04
166.523 1077.04
166.523 1085.95
158.03 1092.21
161.163 1092.21
161.163 1089.66
161.163 1089.66
161.163 1104.54
161.163 1098.07
161.163 1102.7
161.163 1101.27
174.681 1088.63
174.681 1088.63
167.965 1088.63
167.965 1088.63
163.298 1094.46
163.298 1108.42
163.298 1109.66
163.298 1108.22
157.496 1117.21
157.496 1091.31
157.496 1101.91
157.496 1101.91
157.496 1101.91
157.496 1108.29
157.496 1129.01
157.496 1129.01
157.496 1109.98
157.496 1097.2
161.167 1093.23
161.167 1092.5
161.167 1092.5
161.167 1088.05
172.406 1086.92
172.406 1089.85
172.406 1089.85
147.625 1113.21
147.625 1098.69
147.625 1105.28
164.89 1092.73
164.89 1092.73
164.89 1081.32
168.784 1077.63
168.784 1094.46
168.784 1094.46
155.863 1094.46
155.863 1086.75
155.863 1107.36
155.863 1116.58
155.863 1090.51
155.863 1090.51
155.863 1110.06
155.863 1110.06
161.235 1110.06
161.235 1059.17
161.235 1089.9
161.235 1089.9
161.235 1089.69
153.938 1089.69
155.868 1080.8
155.868 1080.8
155.868 1078.89
167.805 1078.89
167.805 1083.94
167.805 1083.94
167.626 1083.94
167.626 1083.94
167.626 1083.94
167.626 1073.37
167.626 1070.74
167.626 1070.74
141.211 1113.8
141.211 1119.47
141.211 1123.18
141.211 1121.2
152.03 1102.88
151.807 1123.5
151.807 1110.69
151.807 1124.09
151.807 1110.51
151.807 1083.03
151.807 1114.38
151.807 1111.62
159.273 1111.62
151.694 1111.62
151.694 1104.75
151.694 1094.68
151.694 1099.75
151.694 1100.97
155.863 1093.81
155.501 1111.5
155.501 1101.21
155.501 1110.29
155.395 1114.07
155.395 1111.04
160.553 1108.9
160.553 1086.66
160.553 1086.66
160.553 1086.66
160.553 1086.66
160.553 1086.66
160.553 1099.62
160.553 1096.87
160.553 1096.87
156.788 1103.31
156.788 1102.25
156.788 1108.41
156.788 1104.99
156.788 1087.82
153.168 1095.93
153.168 1095.93
153.168 1108.1
153.168 1116.17
153.168 1116.17
153.168 1116.17
153.168 1116.17
151.777 1116.17
151.777 1116.17
154.107 1116.17
144.071 1116.17
144.071 1116.17
144.071 1133.11
165.077 1100.35
165.077 1100.35
165.077 1100.35
165.077 1100.35
165.077 1087.66
165.077 1077.85
165.077 1077.85
165.077 1077.85
165.077 1077.85
165.077 1092.74
165.077 1097.58
155.618 1085.07
155.618 1085.07
155.618 1106.51
155.618 1087.83
155.618 1118.56
155.618 1111.55
155.618 1082.82
155.618 1089.57
155.618 1119.11
164.03 1119.11
164.03 1119.11
164.03 1083.7
164.03 1083.7
180.64 1083.7
180.64 1066.75
180.64 1066.75
180.64 1071.5
180.64 1071.5
180.64 1056.04
180.64 1056.04
180.64 1088.66
180.64 1085.46
180.64 1085.46
180.64 1083.26
180.64 1068.24
180.64 1068.24
183.217 1068.24
184.045 1073.4
181.367 1073.4
167.225 1073.4
168.18 1074.88
168.18 1074.88
168.18 1074.88
168.18 1064.76
168.18 1064.76
168.18 1064.76
173.669 1064.76
173.669 1064.76
173.669 1096.63
173.669 1101.46
173.669 1079.67
173.669 1079.67
176.024 1079.67
176.024 1079.67
176.024 1055.21
176.024 1062.62
176.024 1062.62
176.024 1075.43
176.024 1075.43
176.024 1075.43
196.838 1045.91
196.838 1045.91
196.838 1045.91
196.838 1045.91
168.382 1064.87
168.382 1064.87
168.382 1064.87
168.382 1099.98
168.382 1091.66
168.382 1085.14
168.382 1085.14
159.393 1100.74
159.393 1100.74
159.393 1109.62
159.393 1109.62
146.186 1109.62
146.186 1109.62
146.186 1098.29
146.186 1118.45
146.186 1082.57
146.186 1082.57
131.232 1082.57
131.232 1090.49
150.865 1081.77
150.865 1081.77
150.865 1107.41
150.865 1107.41
150.865 1119.84
173.142 1066.76
173.142 1059.66
173.142 1059.66
173.142 1059.66
173.142 1059.66
173.142 1073.96
176.211 1063.31
176.211 1063.31
176.211 1063.31
176.211 1063.31
181.6 1072.26
181.6 1078.6
180.864 1068.84
180.864 1089.26
180.864 1054.24
180.864 1054.24
180.864 1054.24
180.864 1054.24
168.403 1065.94
168.403 1061.05
172.705 1061.05
172.705 1061.05
172.705 1060.23
172.705 1065.71
172.705 1065.71
162.835 1065.71
147.654 1095.03
147.654 1106.97
147.654 1087.24
147.654 1087.24
147.654 1087.24
147.654 1109.69
138.048 1122.2
138.048 1102.37
151.27 1067.05
151.27 1067.05
151.27 1086.7
154.278 1086.7
154.278 1080
169.234 1081.35
159.418 1096.54
159.418 1096.54
159.418 1096.54
159.418 1084.56
159.418 1110.78
152.098 1114.97
152.098 1092.18
152.098 1123.55
154.003 1123.55
154.003 1123.55
154.003 1127.48
154.003 1100.72
154.003 1100.72
154.003 1116.4
154.003 1116.4
154.003 1109.38
154.003 1115.02
154.003 1111.75
154.003 1109.54
154.003 1109.54
142.329 1121.35
159.292 1121.35
159.292 1115.93
159.292 1121.33
156.394 1109.24
156.394 1109.24
156.394 1100.02
156.394 1101.38
156.394 1101.38
156.394 1112.64
156.394 1112.64
152.844 1114.99
152.844 1108.31
152.844 1109.52
152.844 1109.52
152.844 1105.05
152.844 1107.01
152.844 1102.53
152.844 1102.53
152.844 1102.53
152.844 1109.32
152.844 1104.84
152.844 1104.96
152.844 1104.96
152.844 1092.37
152.844 1095.09
152.844 1095.09
152.844 1106.57
152.844 1109.56
152.844 1090.62
163.545 1095.56
163.545 1112.29
163.545 1072.59
163.545 1105.76
163.545 1091.97
163.545 1094.01
162.782 1094.01
162.782 1085.37
162.782 1097.09
162.782 1079.45
162.782 1077.01
162.782 1077.01
162.782 1077.01
162.782 1077.01
162.782 1107.17
164.37 1092.09
164.37 1092.09
164.37 1091.18
164.37 1090.46
156.193 1094.72
156.193 1091.14
156.193 1091.14
156.193 1071.41
156.193 1071.41
157.196 1064.92
157.196 1077.6
157.196 1077.6
186.152 1071.91
181.882 1071.91
181.882 1071.91
181.882 1071.91
181.882 1071.91
181.882 1049.96
181.882 1039.67
181.882 1039.67
181.882 1039.67
181.882 1044.79
177.154 1044.79
177.154 1044.79
177.154 1067.27
177.154 1067.27
177.154 1081.82
177.154 1072.69
177.154 1072.69
177.154 1072.69
177.154 1072.69
177.154 1085.84
177.154 1100.96
177.154 1100.96
154.135 1100.96
154.135 1092.16
158.166 1094.51
158.166 1103.67
158.166 1081.51
165.097 1089.05
165.097 1089.05
165.097 1099.81
165.097 1099.81
145.776 1125.18
145.776 1101.74
145.776 1107.93
145.776 1104.19
154.803 1104.19
154.803 1102.58
154.803 1102.58
154.803 1112.35
154.803 1116.88
154.974 1134.77
154.974 1116.47
152.226 1104.05
152.226 1104.05
152.226 1114.66
152.226 1125.11
152.226 1117.52
147.831 1111.81
147.831 1111.17
147.831 1102.81
147.831 1134.01
147.831 1130.35
147.831 1130.35
147.831 1130.35
147.831 1127.63
151.764 1127.63
151.764 1099.58
151.764 1099.58
151.764 1131.22
151.764 1124.81
150.836 1124.81
150.836 1100.31
150.836 1100.31
150.836 1107.5
150.836 1107.5
150.836 1107.5
150.836 1102.13
145.695 1102.13
145.695 1102.13
145.695 1109.76
145.695 1109.76
145.695 1090.98
145.695 1090.52
154.815 1082.66
130.007 1128.06
139.859 1129.91
139.859 1117.19
147.731 1117.19
146.668 1101.19
153.291 1101.19
144.399 1100.09
144.399 1104.9
144.399 1108.13
151.743 1108.13
151.743 1108.13
151.743 1100.94
151.743 1103.94
151.743 1103.94
151.743 1129.25
151.743 1116.18
151.743 1116.18
151.743 1119.34
151.743 1114.14
151.743 1109.97
151.743 1109.97
151.743 1116.76
151.743 1116.76
151.743 1116.76
151.743 1116.76
151.743 1121.41
151.743 1107.94
151.743 1099.12
151.743 1099.12
151.743 1105.13
151.743 1105.13
151.743 1088.92
151.743 1088.92
151.743 1088.92
149.122 1088.92
149.122 1088.92
149.122 1091.31
149.122 1091.31
149.122 1116.3
145.578 1106.27
145.578 1106.27
145.578 1135.62
145.578 1135.62
145.578 1141.34
171.487 1081.81
141.252 1081.81
141.252 1122.13
141.252 1119.54
141.252 1107.78
141.252 1117.34
141.252 1111.04
141.252 1132.63
141.252 1119.83
140.502 1119.83
140.502 1119.83
140.502 1119.83
140.502 1119.83
140.502 1100.28
143.005 1127.92
144.107 1114.94
144.107 1100.12
144.107 1102.12
144.107 1114.07
144.815 1105.83
140.259 1127.48
142.156 1114.62
142.156 1148.69
142.156 1140.65
142.156 1125.32
149.32 1125.32
149.32 1082.59
149.32 1082.59
149.32 1130.34
149.32 1114.02
149.32 1114.02
155.403 1129.26
155.403 1145.1
155.403 1127
155.403 1127
155.403 1101.75
155.403 1112.07
155.403 1088.53
155.403 1088.53
155.453 1108.59
155.453 1063.54
155.453 1063.54
155.453 1108
150.881 1088.32
150.881 1079.01
162.644 1079.01
162.644 1079.01
162.644 1079.01
162.644 1062.41
149.62 1102.82
146.207 1114.82
146.207 1149.08
146.207 1146.6
146.207 1142.6
146.207 1139.9
146.207 1134.24
146.207 1100.67
146.207 1122.34
142.815 1115.81
142.815 1136.28
142.815 1123.5
142.815 1123.5
142.815 1122.66
142.815 1122.66
143.613 1121.97
143.613 1109.36
143.372 1115.9
143.372 1109.38
143.372 1135.34
143.372 1117.53
143.372 1119.5
143.372 1119.5
143.372 1112.17
143.372 1128.77
143.372 1146.67
136.517 1149.75
136.517 1129.83
149.196 1105.47
149.196 1117.01
149.196 1088.4
149.196 1088.4
149.196 1088.4
149.196 1105.65
149.196 1105.11
149.196 1105.11
149.196 1119.64
154.538 1105.28
154.538 1105.28
140.19 1109.27
140.19 1109.27
152.293 1109.27
152.293 1116.69
152.293 1091.17
152.293 1091.17
152.293 1095.57
152.293 1095.57
152.293 1085.3
152.293 1090.26
152.293 1090.26
152.293 1090.26
160.454 1090.26
160.454 1090.26
160.454 1090.26
160.454 1082.76
160.454 1082.76
160.454 1082.76
160.454 1094.58
160.454 1059.45
160.454 1059.45
158.583 1059.45
158.583 1089.11
158.583 1079.37
158.583 1086.74
158.583 1086.74
158.583 1089.32
158.583 1089.32
158.583 1089.32
147.205 1106.39
147.205 1089.8
147.205 1122.59
151.405 1107.94
151.405 1131.57
151.405 1131.57
151.405 1115.95
151.405 1115.95
151.405 1113.14
147.267 1134.22
147.267 1088.2
152.379 1088.2
167.695 1088.2
167.695 1090.12
167.695 1090.12
167.695 1075.11
167.695 1075.11
167.695 1075.11
167.695 1075.11
167.695 1075.11
167.695 1075.11
167.695 1087.76
167.695 1087.58
164.495 1087.58
162.973 1087.58
162.973 1087.58
162.973 1120.93
162.973 1097.49
162.973 1097.49
162.973 1097.49
162.973 1103.14
162.973 1091.21
161.296 1087.71
161.296 1102.66
159.032 1108.95
159.032 1108.95
159.032 1108.95
159.032 1091.36
159.032 1107.45
159.032 1107.45
159.032 1110.37
159.032 1112.96
159.032 1112.96
159.032 1124.51
166.724 1101.96
166.724 1082.81
166.724 1095.1
166.724 1090.89
166.724 1093.59
166.724 1098.39
162.26 1098.39
162.26 1109.64
152.049 1093.5
152.049 1093.5
157.246 1115.24
157.246 1091.59
153.935 1091.59
153.935 1087.13
153.935 1108.94
153.391 1108.05
153.391 1081.57
166.976 1081.57
166.449 1081.57
166.449 1080.65
166.449 1092.39
166.449 1092.39
166.449 1092.59
166.759 1092.59
166.759 1092.59
166.759 1092.59
172.838 1092.59
172.838 1092.59
181.048 1088.03
181.048 1088.03
181.048 1088.03
181.048 1088.03
161.071 1088.03
161.071 1103.69
161.071 1103.69
161.071 1103.69
161.071 1105.91
161.071 1111.97
161.071 1103.13
161.071 1100.42
161.071 1104.24
161.071 1104.24
161.071 1104.24
161.071 1098.19
160.151 1098.19
160.151 1098.19
165.565 1098.19
165.565 1098.19
164.709 1096.56
164.709 1106.42
164.709 1106.42
164.709 1106.42
164.709 1110.43
164.709 1116.05
164.709 1072.5
176.417 1072.5
177.507 1072.5
177.507 1072.5
177.507 1072.5
177.507 1072.5
177.507 1075.48
151.584 1098.44
151.584 1107
151.584 1107
151.584 1107
156.467 1090.13
149.984 1104.46
149.984 1104.42
149.984 1104.42
149.984 1112.55
149.984 1108.21
149.984 1125.45
149.984 1116.1
149.984 1120.03
149.984 1120.21
149.984 1112.31
149.984 1130.74
167.306 1103.23
167.306 1094.6
167.306 1094.6
149.32 1097.16
149.32 1115.64
149.32 1115.64
151.357 1096.29
151.357 1096.29
151.357 1096.29
155.813 1099.34
155.813 1086.68
155.813 1086.68
159.421 1091.45
159.421 1091.45
156.06 1091.45
156.06 1094.81
156.06 1094.81
156.06 1094.81
156.06 1094.81
162.1 1094.81
162.1 1094.81
162.1 1094.81
162.1 1082.34
162.1 1082.34
162.1 1081.6
159.383 1081.6
159.383 1120.94
159.383 1120.94
159.383 1120.94
167.666 1109.13
167.666 1087.59
167.666 1087.59
169.529 1087.74
169.529 1090.52
169.529 1100.12
169.529 1100.12
169.529 1100.12
169.529 1100.12
169.529 1100.12
169.529 1100.12
169.529 1100.12
151.804 1093.01
151.804 1110.67
166.402 1079.85
166.402 1077.83
166.402 1069.93
166.402 1069.93
166.402 1103.29
166.402 1085.04
166.402 1086.28
166.402 1086.28
166.402 1090.82
166.402 1080.04
166.402 1082.51
166.402 1102.06
166.402 1110.71
165.614 1109.75
166.11 1119.3
166.11 1125.79
166.11 1116.32
166.11 1093.08
166.11 1093.08
166.11 1093.08
166.11 1079.65
166.11 1113.66
158.712 1111.34
158.712 1114.29
158.712 1114.29
157.242 1091.36
157.242 1091.36
157.242 1091.36
157.242 1091.36
157.242 1103.58
157.242 1103.58
157.242 1103.58
145.149 1105.42
145.149 1105.42
153.934 1105.42
153.934 1101.18
153.934 1099.14
153.934 1092.72
153.934 1092.72
153.934 1127.68
153.934 1125.27
153.934 1125.27
153.934 1085.39
153.934 1087.23
153.934 1087.23
153.934 1120.05
164.955 1097.01
156.919 1102.15
156.919 1091.23
156.919 1091.23
156.919 1091.23
166.825 1091.23
166.825 1091.93
166.825 1084.42
166.825 1080.51
166.825 1101.3
166.825 1080.24
166.825 1080.24
157.024 1107.78
151.826 1107.78
151.826 1107.78
151.826 1112.65
151.826 1112.65
151.826 1112.65
151.826 1112.65
151.826 1093.95
149.155 1107.84
149.155 1107.84
149.155 1108.4
149.155 1118.22
149.155 1121.42
149.155 1121.42
149.155 1121.42
149.155 1113.25
149.155 1113.25
149.155 1113.25
149.155 1113.25
149.155 1108.73
149.155 1120.07
149.155 1120.07
149.155 1112.51
149.155 1120.18
152.251 1120.18
141.941 1120.18
141.941 1097.26
141.941 1096.05
142.465 1096.05
142.465 1096.05
148.647 1123.86
148.647 1125.77
148.647 1126.45
148.647 1132.88
148.647 1110.33
148.647 1110.33
150.657 1124
150.657 1137.5
150.657 1114.2
150.657 1107.75
150.657 1110.06
150.657 1110.06
150.657 1108.56
159.653 1108.56
159.653 1103.6
159.653 1086.77
159.653 1086.77
159.653 1086.77
159.653 1086.07
155.929 1097.73
155.929 1097.73
155.929 1077.22
155.929 1105.88
155.929 1103.98
147.663 1133
147.663 1133
147.663 1123.97
147.663 1145.13
141.902 1087.11
170.72 1091.41
170.72 1091.41
170.72 1091.41
170.72 1094.18
170.72 1094.18
170.72 1107.32
170.72 1110.69
170.72 1096.36
170.72 1096.36
170.72 1097.58
170.72 1101.81
170.72 1101.81
163.985 1099.44
163.985 1099.44
163.985 1088.92
163.985 1088.92
171.889 1063.03
171.889 1063.03
171.889 1071.68
171.889 1071.68
171.889 1086.7
171.889 1086.7
171.889 1050.83
171.889 1072.68
181.425 1062.21
181.425 1058.22
181.425 1094.63
181.425 1094.63
169.203 1094.65
169.203 1078.25
169.203 1088.73
169.203 1088.73
169.203 1098.11
169.203 1098.11
169.203 1098.11
169.203 1098.11
169.203 1098.98
169.203 1098.98
167.735 1088.32
167.735 1075.25
167.735 1095.18
167.735 1086.59
167.735 1086.59
167.735 1086.59
167.735 1086.59
167.735 1093.3
167.735 1059.68
167.735 1057.6
167.735 1064.62
167.735 1064.62
167.735 1070.58
167.735 1070.58
167.735 1058.27
167.735 1064.27
167.735 1067.87
169.429 1067.87
169.429 1079.83
169.429 1079.83
169.429 1079.83
169.429 1075.98
169.429 1075.98
169.429 1075.98
169.429 1080.3
169.429 1090.93
169.429 1085.65
167.732 1085.65
167.732 1085.65
167.732 1085.65
167.732 1083.04
157.679 1083.04
159.932 1083.04
159.932 1083.04
159.932 1083.04
159.932 1083.04
170.854 1083.04
170.279 1071.91
164.757 1074.03
150.996 1076.8
167.577 1082.75
167.577 1086.11
167.577 1073.18
167.577 1109.81
167.577 1100.71
167.577 1118.76
167.577 1112
167.577 1074.84
167.145 1074.05
158.175 1082.04
158.175 1089.22
150.857 1132.82
143.097 1141.59
143.097 1126.51
143.097 1122.04
138.207 1133.44
138.207 1127.8
138.207 1127.8
143.098 1128.69
144.089 1092.27
144.089 1125.69
144.089 1109.53
144.089 1118.78
135.589 1133.01
135.589 1133.01
135.589 1133.01
135.589 1132.34
135.589 1135.02
135.589 1138.48
135.589 1135.85
135.589 1135.36
135.589 1127.06
145.161 1122.99
145.161 1102.36
145.161 1102.36
145.161 1102.36
145.161 1110.54
131.15 1130.29
131.15 1125.08
131.15 1134.09
131.15 1136.47
149.211 1124.29
149.211 1114.64
149.211 1113.32
149.211 1120.12
149.211 1130.37
149.211 1130.67
149.211 1130.67
149.211 1130.67
149.211 1135.63
149.211 1130.71
138.656 1131.73
138.656 1131.73
138.656 1135.09
138.656 1140.05
138.656 1140.05
138.656 1113.67
138.656 1128.2
138.656 1132.03
138.656 1132.03
138.656 1118.1
138.656 1134
138.656 1138.48
138.656 1138.48
138.656 1125.7
138.656 1125.7
138.656 1112.58
138.656 1131.43
138.656 1131.43
138.656 1131.43
138.656 1131.43
138.656 1146.3
138.656 1144.98
138.656 1143.87
138.656 1136.32
138.656 1140.12
138.656 1099.31
138.656 1114.51
138.656 1114.51
142.074 1113.43
142.074 1092.04
142.074 1109.7
143.701 1109.7
143.701 1109.7
143.701 1122.05
143.701 1129.96
164.948 1116.05
164.948 1116.05
164.948 1100.85
164.948 1086.99
175.742 1059.78
175.742 1059.78
175.742 1059.78
175.742 1074.44
175.742 1074.44
175.742 1074.44
175.742 1074.44
175.742 1074.44
180.292 1077.78
180.292 1077.78
180.292 1077.78
180.292 1077.78
180.292 1077.78
154.601 1083.06
154.601 1087.84
154.601 1102.62
154.601 1108.32
154.601 1108.32
154.601 1110.62
154.601 1092.45
154.601 1092.45
149.861 1118.08
149.861 1119.64
149.861 1119.64
158.244 1115.62
158.244 1105.18
158.244 1112.82
158.244 1121.74
158.244 1111.22
158.244 1100.53
158.244 1100.53
158.244 1086.61
158.244 1086.61
170.524 1086.61
170.524 1086.61
170.524 1086.61
166.231 1086.61
166.231 1110.9
166.231 1080.56
153.534 1089.94
165.413 1108.5
165.413 1108.5
165.413 1110.94
165.413 1105.89
165.413 1105.89
165.413 1095.45
165.413 1095.45
165.413 1095.45
165.413 1101.86
165.413 1101.86
165.413 1101.1
165.413 1092.29
165.413 1092.88
165.413 1081.86
165.413 1081.86
161.689 1092.59
161.689 1080.04
161.294 1078.43
161.294 1078.43
161.294 1071.54
161.294 1071.54
161.294 1071.54
161.294 1071.54
158.573 1071.54
158.573 1074.1
169.729 1074.1
177.452 1074.1
170.44 1074.1
170.44 1074.1
156.762 1082.91
156.762 1109.9
156.762 1084.65
156.762 1091.22
156.762 1095.26
156.762 1096.15
156.762 1107.89
156.762 1090.91
171.862 1055.92
171.862 1055.92
181.018 1055.92
181.018 1055.92
186.174 1049.05
180.669 1049.05
180.669 1049.05
180.669 1049.05
180.669 1049.05
180.669 1049.05
180.669 1049.05
180.669 1049.05
171.941 1049.05
171.941 1049.05
171.941 1077.53
171.941 1077.53
171.941 1077.53
173.421 1077.53
173.421 1060.34
173.421 1070.99
173.421 1057.35
175.655 1057.35
175.655 1093.09
175.655 1093.09
175.655 1093.09
175.655 1093.09
175.655 1085.02
166.274 1085.02
166.274 1085.02
166.274 1102.96
166.274 1102.96
166.274 1102.96
166.274 1073.63
166.274 1057.73
177.654 1057.73
177.654 1057.73
177.654 1088.19
177.654 1068.64
177.654 1068.64
177.654 1068.64
177.654 1065.01
177.654 1065.01
177.654 1062.32
177.654 1080.52
177.654 1080.52
177.654 1082.86
177.654 1060.96
177.654 1060.96
177.654 1090.1
177.654 1049.62
177.654 1049.62
177.654 1057.88
177.654 1057.88
179.913 1069.84
179.913 1069.84
179.913 1069.84
179.872 1046.15
179.872 1046.15
179.872 1046.15
181.55 1060.22
181.55 1060.22
181.55 1074.63
181.55 1074.63
183.154 1068.05
183.154 1068.05
183.154 1068.05
183.154 1068.05
183.154 1068.05
183.154 1068.05
174.38 1068.05
174.38 1068.05
174.38 1068.05
174.38 1080.94
174.38 1080.94
174.38 1063.23
174.38 1083.54
174.38 1076.09
174.38 1076.08
174.38 1083.1
163.792 1083.1
163.792 1113.39
163.792 1113.39
143.311 1125.43
143.311 1129.71
143.311 1119.13
143.311 1119.13
142.388 1121.25
151.956 1116.34
151.956 1116.34
151.956 1137.13
151.956 1131.41
151.956 1131.41
142.462 1130.29
148.884 1125.86
148.884 1125.86
148.884 1141.25
150.149 1141.71
150.149 1141.71
139.887 1116.63
139.887 1117.36
139.887 1117.42
139.887 1117.42
139.887 1117.42
139.887 1093.49
143.544 1085.79
152.381 1102.62
152.381 1102.62
152.381 1102.62
152.381 1102.62
152.381 1102.62
152.381 1102.62
152.381 1114.99
152.381 1129.6
152.381 1108.08
152.381 1108.08
152.381 1108.08
152.381 1108.08
152.381 1097.95
152.381 1097.95
152.381 1097.95
152.381 1097.95
152.381 1097.95
152.381 1097.95
152.381 1094.13
152.381 1108.05
148.077 1125.72
148.077 1112.77
148.077 1112.77
150.223 1113.43
150.223 1094.54
150.223 1128.06
150.223 1128.06
150.223 1082.69
150.223 1082.69
146.384 1105.42
146.384 1116.71
146.384 1107.03
146.384 1121.93
156.547 1122.94
156.547 1122.94
156.547 1117.64
156.547 1105.98
156.547 1108.67
156.547 1106.01
156.986 1096.37
170.791 1099.01
170.791 1075.48
170.791 1103.32
144.436 1110.71
162.624 1110.71
162.624 1086.82
162.624 1078.62
162.624 1100.72
162.624 1075.25
162.624 1075.25
165.694 1070.74
165.694 1070.74
165.694 1084.99
176.217 1084.99
176.217 1084.99
176.382 1066.93
176.382 1064.29
176.382 1064.29
176.382 1076.01
163.451 1076.01
163.451 1094.89
159.025 1094.61
159.025 1100.28
159.025 1094.28
159.025 1103.07
159.025 1103.07
159.025 1082.06
159.025 1092.79
159.025 1092.79
159.025 1092.79
159.025 1092.79
159.025 1092.79
159.025 1112.7
159.025 1112.7
162.248 1112.7
162.248 1094.12
162.248 1118.65
162.248 1116.89
161.212 1088.56
161.212 1109.72
161.642 1095.33
161.642 1095.33
161.642 1095.33
162.988 1097.61
162.988 1097.61
162.988 1087.93
162.556 1075.71
162.556 1077.66
157.384 1077.66
157.384 1097.01
168.152 1101.01
168.152 1101.01
168.152 1101.01
168.152 1101.01
168.152 1101.01
168.152 1087.53
168.152 1087.53
165.798 1087.53
165.798 1087.53
165.798 1071.5
176.789 1071.5
171.363 1071.63
171.363 1071.63
171.363 1089.38
171.363 1089.38
171.363 1089.38
171.363 1089.38
171.363 1089.38
171.363 1089.38
153.532 1089.38
152.395 1089.38
151.727 1078.19
151.727 1068.34
153.196 1091.02
153.196 1091.02
146 1087.58
146 1102.92
146 1095.39
146 1080.99
150.927 1113.39
155.444 1108.67
155.444 1093.72
155.444 1089.76
155.444 1110.78
155.444 1114.69
155.444 1114.69
155.444 1117.41
150.618 1116.77
150.618 1102.72
150.618 1102.72
150.618 1097.94
150.618 1108.29
150.618 1108.29
150.618 1108.29
150.618 1105.78
160.859 1104.99
160.859 1095.48
160.859 1095.48
160.859 1103.28
160.859 1103.28
152.227 1103.28
152.227 1106.06
152.227 1105.32
152.227 1093.74
152.227 1095.24
152.227 1095.24
152.227 1094.3
151.082 1094.25
151.082 1094.25
142.076 1094.25
157.94 1094.25
157.94 1094.77
169.463 1094.77
169.463 1094.77
178.307 1094.77
157.771 1094.77
157.771 1096.06
157.771 1101.07
157.771 1101.07
157.771 1101.07
154.266 1095.8
154.266 1095.8
154.266 1121.5
154.266 1121.5
154.266 1090.78
154.266 1090.78
154.266 1090.78
154.266 1100.44
154.266 1103.11
154.266 1103.11
143.746 1108.54
143.746 1108.54
143.746 1108.54
146.309 1085.74
165.939 1085.74
165.939 1088.37
165.939 1088.37
165.939 1088.37
165.939 1113.77
165.939 1093.74
165.939 1093.74
165.939 1093.74
165.939 1076.21
165.939 1076.21
165.939 1095.57
165.939 1092.87
165.939 1092.87
160.499 1092.87
160.499 1092.87
160.499 1092.87
160.499 1092.87
160.499 1083.26
160.499 1101.4
160.499 1102.32
160.499 1102.32
147.506 1108.69
147.506 1108.69
147.506 1116.49
147.506 1116.49
147.506 1117.95
147.506 1142.65
147.506 1142.65
162.327 1110.67
162.327 1078.23
162.327 1078.23
166.849 1078.23
166.849 1078.23
166.849 1074.11
166.849 1074.11
166.849 1074.11
166.849 1102.59
166.849 1102.59
166.849 1102.59
166.849 1102.59
166.849 1075.91
166.849 1082.9
166.849 1082.9
166.849 1082.9
166.849 1083.26
166.849 1083.26
166.849 1100.58
166.849 1081.51
166.849 1084.94
166.849 1084.94
166.849 1084.94
166.849 1084.94
156.513 1084.94
156.513 1065.1
156.513 1072.16
156.513 1086.17
156.513 1092.78
156.513 1092.78
156.513 1109.69
156.513 1130.3
156.513 1142.84
