61.3601 27.5238
58.8017 26.5252
61.7636 28.1512
57.9548 27.1803
66.341 25.8773
57.7975 27.0498
62.6695 28.0748
68.1211 26.574
66.7486 28.4971
68.0104 28.7061
72.4395 25.8075
71.0189 27.0364
69.5435 25.0806
68.3049 30.3112
64.9419 27.8927
62.8364 27.2649
62.2471 24.9201
63.009 26.5053
67.1384 25.8502
67.344 25.6686
66.9653 27.4033
64.6883 28.0665
65.9319 27.3497
59.8663 27.6668
64.6468 27.8143
62.642 29.0276
60.7616 27.6914
62.4277 25.5409
63.8026 28.05
64.5636 26.5753
69.0887 24.806
59.534 29.3017
61.928 28.1078
63.1634 27.6265
63.3289 28.7725
65.864 27.7734
64.8028 28.2663
64.0546 29.9363
68.4166 28.6986
69.0234 27.432
67.6093 26.8922
71.7116 27.2239
74.302 27.1779
72.1924 26.3529
63.0033 27.8982
68.076 26.5738
64.734 27.0037
66.3966 25.5898
71.2339 24.8801
67.5118 25.7734
74.3501 26.3057
68.4958 26.2063
69.9118 27.0143
69.5505 27.5389
64.868 27.1033
65.604 26.9665
66.3913 27.6115
66.7222 26.5783
59.8911 27.9859
64.0427 29.616
57.4601 27.115
56.9696 28.1564
54.0027 28.6489
62.5319 26.3916
61.34 28.4317
63.2392 28.2187
59.3129 25.694
62.1798 28.5365
67.68 27.7126
62.4823 27.4147
65.388 28.3728
66.0633 27.313
63.0866 27.3093
68.3805 26.102
65.5539 27.1925
61.9703 25.9947
61.9978 27.7713
66.6068 25.5214
67.9413 28.2069
65.0961 28.0042
65.6477 27.3467
69.6759 27.4063
70.1848 27.9662
58.7252 27.0019
58.4152 26.0155
72.2955 25.4436
76.5133 26.9065
73.3799 24.655
72.2998 27.2767
72.2416 26.9782
72.7792 27.9048
72.769 27.923
70.6979 30.0008
73.5352 28.5077
74.8084 28.1005
72.005 27.3605
72.9306 27.5535
74.9008 27.8473
72.4911 27.7356
71.6143 27.5117
66.8074 27.7766
68.9738 27.0755
66.731 28.1777
71.6537 26.0111
67.4265 28.2693
66.1627 29.2891
65.4132 29.1762
67.8881 28.4705
69.3914 27.3272
65.6424 26.5579
61.1238 27.8616
67.4627 27.0451
74.1885 27.1236
60.9584 27.8976
65.4525 27.2523
64.2516 28.3082
70.286 27.804
71.0311 26.7905
65.8225 27.4476
64.569 28.3633
68.4364 27.8481
69.2326 28.4382
61.7575 27.2826
67.831 27.59
70.4139 25.0076
71.6871 26.0814
69.4795 28.0897
64.2105 27.7341
63.2723 29.9215
69.4106 27.5298
65.7961 27.6412
69.3896 24.821
67.6301 27.4376
61.7003 27.7016
64.6119 28.607
63.5622 25.1447
65.3611 28.5377
68.5254 28.094
63.5254 27.8985
67.1115 26.5962
61.3164 27.2687
62.1303 28.6244
63.2032 28.1985
63.0268 27.4702
59.5003 28.1203
62.1377 29.2692
66.8413 27.8354
69.4015 25.9209
72.619 24.6579
69.1703 29.8422
67.7953 28.2722
67.2605 28.4664
71.4396 27.1595
73.3048 26.8267
75.3744 26.6989
76.1126 27.2692
74.0896 26.8078
71.5637 27.7552
67.9212 26.8022
68.9445 26.2736
68.0447 27.4794
60.7267 28.071
71.8676 28.5199
69.9528 29.5346
73.6458 28.5872
78.6471 26.0741
74.5422 26.5104
72.4176 26.6934
71.8532 27.7029
70.1946 25.5911
68.4247 28.4955
67.7456 27.4839
74.2446 27.6822
76.599 25.6447
77.0449 25.2463
71.9808 28.9814
69.9633 27.7781
68.9847 26.6562
66.5454 25.8258
58.57 27.2271
60.7296 26.9415
61.6684 29.7
62.2289 27.3061
54.5276 27.3008
57.4711 28.4397
65.6481 27.0952
66.8794 26.2278
62.4245 27.3466
65.5604 27.8402
64.3342 26.9572
65.3281 27.2707
57.2886 28.5489
65.0551 26.8125
65.9671 26.1889
68.2178 28.3944
67.9565 27.3745
70.0525 27.9751
68.3538 28.8436
61.977 27.368
66.4411 28.6615
71.373 27.1825
71.4106 27.1781
71.164 28.3232
74.7959 27.981
78.7715 26.3034
77.1268 26.358
82.3587 28.4414
79.4864 28.0117
78.9068 26.4117
84.0776 25.4226
79.1225 25.7628
84.2282 27.5139
84.4858 27.2447
85.8008 27.1843
81.7949 25.5182
77.9988 26.3997
76.3706 25.6698
76.7117 27.4167
77.1185 24.1656
65.4507 28.2857
71.1936 26.9567
64.0236 28.6007
66.8636 25.4763
68.5509 27.8326
68.0222 27.8877
72.9608 27.5019
66.2308 28.31
67.8978 27.5104
65.1895 26.3584
62.4993 27.0992
69.1258 25.8777
64.7052 27.213
75.6193 27.5743
67.6227 27.976
70.0408 26.6949
69.8772 26.2332
62.2952 26.5625
64.4481 27.6786
59.1458 27.9364
62.2422 26.7677
70.6299 25.6913
70.6173 29.0618
70.2214 27.7876
64.2445 27.4247
66.7267 25.8091
62.6681 28.7047
57.2687 27.5214
53.7766 28.7422
52.4175 27.5166
53.0971 27.5451
60.1102 26.3337
65.8124 28.8634
68.6236 27.7347
63.6509 27.3547
72.2744 27.4921
65.9241 29.5931
67.0529 28.0984
67.2187 26.5959
78.7275 26.0897
75.4544 26.8696
75.4158 27.771
71.187 27.4744
72.5663 27.7229
71.026 27.7063
70.8502 29.4015
69.0979 25.6125
71.1257 26.6299
69.8021 27.0632
69.2935 27.48
69.3283 26.7821
72.4009 25.6791
74.4879 26.9477
73.6185 26.8172
76.7988 27.1868
76.7988 26.4744
68.406 26.511
72.5835 26.9533
76.6872 27.5528
74.7047 27.2572
68.8591 25.1754
80.0535 27.79
79.282 28.8177
88.1317 27.5257
91.3333 25.7944
86.2528 27.988
87.2568 25.6923
87.6103 26.7048
88.8368 26.4441
90.1137 26.0259
83.4923 27.5423
82.0474 26.6495
82.0264 27.564
82.3963 28.5562
68.6643 28.5606
68.6704 26.1784
66.5454 24.2539
73.2264 26.1155
73.7155 26.1642
66.5072 27.3224
71.313 26.3207
69.0527 27.0983
75.0211 26.8353
75.4788 27.7868
73.0866 26.8137
66.6895 26.6537
64.862 26.8254
63.1285 26.9434
64.7036 27.1796
63.5427 25.6424
69.3874 28.3602
66.8759 27.3868
67.0464 28.4469
67.3059 27.1634
62.2277 29.1411
71.4922 26.0994
69.8419 26.2888
71.9576 27.1674
70.624 27.6367
64.7623 27.7144
64.7623 27.6452
66.9576 28.6277
61.7197 29.3131
67.7867 28.0312
68.7716 26.5868
72.4229 26.6232
68.5129 26.2637
66.0741 26.1986
66.7107 26.2057
63.0013 27.3439
65.2239 24.1414
62.0217 26.1169
57.4519 27.2855
55.4802 28.193
57.5145 28.9316
64.1944 27.9107
54.6765 29.0271
59.0337 27.0254
62.9125 26.2103
66.281 27.9599
64.5275 26.2129
67.8572 26.6124
63.9338 26.2294
64.961 27.6077
57.9388 28.3425
61.0493 27.1879
62.7372 27.6929
64.3902 27.2538
61.2384 28.4368
58.0262 29.162
59.4914 28.7516
59.5732 28.1549
73.7211 25.4856
74.2367 26.5086
73.2172 25.9858
68.9727 27.1896
65.9607 25.8733
69.7847 27.3775
71.1517 27.7486
69.6991 28.2501
68.3204 27.9736
68.3653 26.7447
64.4394 27.5296
72.3043 26.8376
73.3731 28.4684
68.3804 25.7908
80.9942 28.2367
77.3177 27.1668
74.7887 27.6535
81.3636 27.7382
71.0231 27.7366
71.0231 27.7049
69.1509 27.729
66.7397 26.924
68.3829 27.3031
71.2337 28.17
73.4546 27.0865
74.1255 25.5182
73.1759 26.4678
67.154 26.3956
70.1381 27.2963
75.7991 27.7617
77.6596 26.9128
75.062 28.1626
67.458 26.2128
71.7544 26.7679
76.6705 26.5198
71.8654 28.0382
71.8068 26.3746
67.9891 26.1502
68.8024 27.9792
70.3779 28.7799
67.3696 27.8242
65.9535 28.3036
64.1773 28.8665
69.6952 27.1347
68.8724 28.8062
67.4674 28.5231
77.0892 26.9233
74.7787 24.5072
69.2419 26.8769
67.698 26.0879
69.2197 26.5752
69.7365 27.614
71.9569 28.2444
70.0376 27.3015
79.4809 26.666
74.8646 27.9327
70.9739 27.0451
70.9351 27.2712
70.3526 26.0905
75.3503 26.1413
60.2251 28.2126
67.0856 26.2088
69.2285 28.3692
64.7231 26.7845
63.2841 26.8782
69.4809 27.8927
69.6251 27.3922
70.7751 28.1606
60.3795 28.168
62.742 28.0148
65.5139 27.9998
63.0417 25.5837
59.7031 30.1499
68.1967 27.1774
70.3595 27.1123
71.3845 27.0806
73.0596 28.4409
67.9562 26.7334
63.5639 26.6875
62.6805 26.9255
70.5072 26.3093
69.5801 26.2393
61.7583 25.2613
64.5063 26.2118
68.7445 25.634
71.0539 26.5281
70.1762 29.4967
68.7923 25.8388
69.0654 25.273
72.7404 26.4528
82.2315 27.3179
82.526 27.8164
77.1514 24.9696
72.2964 25.8348
65.8784 27.0419
70.7368 27.4844
71.0063 27.0683
61.277 28.8489
61.277 29.9696
63.0397 28.8038
57.4542 27.9993
56.2587 28.6175
54.2188 27.1616
52.5661 28.7564
54.9551 27.6446
53.8686 28.3492
59.7349 25.0684
60.424 27.3538
60.1463 28.1011
62.7908 27.1306
58.3089 27.5215
63.0845 27.4299
64.3525 25.3578
62.1807 26.9581
55.2228 26.7705
60.3278 26.8369
64.029 26.1978
68.0961 28.0158
71.3875 27.2861
71.3942 26.2934
71.3716 26.9241
71.8523 26.546
71.8738 27.7995
70.791 25.7061
70.4838 24.4204
68.0324 25.8537
58.9208 26.2643
62.1685 27.8329
57.9358 26.4269
61.0017 29.0289
58.474 31.0014
68.9119 27.9895
69.8447 26.9755
70.0453 26.815
74.3399 27.3308
74.6286 24.8682
71.4895 25.9852
74.9153 26.2601
72.7802 27.0989
73.3444 26.9081
70.4378 27.916
72.0913 27.8556
72.7769 28.0674
71.4272 26.4105
70.1216 27.2593
69.3876 27.0039
66.9693 27.7193
67.2714 28.3169
72.059 27.7005
69.8371 27.9514
67.0455 28.8492
68.7999 26.962
72.4047 26.4807
68.8217 29.0561
76.7653 26.933
69.116 26.0168
63.1438 27.0466
61.5712 28.8238
63.7725 27.0865
63.3708 28.5031
64.3207 27.3344
62.2105 28.9542
62.6512 28.2693
66.8747 27.4363
64.2512 28.3471
69.2103 26.8985
71.9948 28.4113
73.2307 29.4863
74.8741 28.9004
73.0551 28.2219
73.4139 26.1079
73.794 26.7511
79.7246 27.1307
73.608 26.4286
72.2032 28.7888
70.0511 24.9855
75.4312 24.017
70.9862 26.0458
75.4823 25.447
66.8814 26.3716
74.0109 26.3416
76.1313 24.8153
73.0785 25.9067
76.0847 27.0955
73.2783 25.9458
68.8593 25.9603
68.9977 26.1355
67.276 27.4428
61.9759 29.721
71.0358 25.28
66.4156 27.0706
66.4129 27.5031
66.986 26.4606
63.621 28.4662
64.6488 26.0112
72.0261 28.4544
73.7265 26.0297
78.6616 25.7439
73.4933 27.0591
82.0545 27.2179
75.7293 27.2967
67.6633 27.9067
71.1295 29.7906
66.7089 28.5314
68.0526 27.7463
61.0405 27.1927
66.3347 27.7242
68.9363 27.1405
69.0714 26.2013
68.007 27.6668
67.852 27.5893
59.7037 28.7947
62.8931 26.6557
61.5366 27.2337
58.7512 30.2749
61.6507 29.9534
59.5396 28.7874
58.4215 26.8147
60.7783 27.7616
50.7873 28.3375
53.8212 28.8065
53.2341 27.9547
53.2341 28.0168
57.6384 28.2662
53.707 27.5539
53.9887 28.2023
61.8489 29.0535
55.6505 29.5557
56.8995 29.1062
55.8986 27.1361
57.9619 28.6356
57.2444 27.6683
54.7557 27.9442
60.1336 27.9884
58.0065 27.261
59.296 26.4746
56.7206 28.7133
65.2291 26.917
61.2866 30.7957
59.8125 27.2618
64.7022 25.6135
65.2258 26.9382
67.3931 27.4265
68.9111 27.4378
69.5061 26.9876
69.0071 26.3886
69.3673 26.8122
72.8276 25.7456
70.7846 27.4758
67.0806 27.5217
70.1642 27.1348
69.3994 27.0011
66.6852 27.6307
69.9435 28.2185
70.7761 28.8487
68.3223 27.5343
70.9209 27.3483
68.3197 29.1223
75.1077 25.7624
70.5723 26.8678
71.0258 26.5933
69.4373 27.6406
69.7391 29.9833
70.7267 27.5474
75.4953 27.4115
70.0213 26.8986
70.5204 25.1123
71.2923 28.345
70.1207 26.1015
68.6831 27.5083
71.005 27.8156
73.5084 27.3966
73.6125 27.4505
71.5666 27.2969
73.8167 24.9409
71.1657 25.9644
74.0552 26.5606
69.7372 26.5138
68.8373 25.4194
72.0604 30.7638
71.3504 28.3949
69.1481 26.6817
67.1206 27.393
69.1315 27.3164
68.4072 28.746
68.5381 27.9798
63.6341 29.1112
61.1983 26.0312
60.3453 29.7778
67.3452 27.7256
69.2357 27.7628
63.9049 28.2115
63.4789 27.277
64.2241 26.896
56.4765 28.7219
60.777 29.315
59.5731 28.7394
65.4645 28.919
67.0118 25.9576
70.571 27.0297
68.5607 26.5208
70.1046 26.7036
67.1489 28.7585
67.7189 26.318
69.6376 26.8988
71.1677 26.6873
63.8992 26.8781
66.9431 28.2685
79.255 26.2197
75.5652 24.6046
72.8449 26.246
71.7548 26.861
66.0197 26.5514
60.7063 26.8713
62.446 27.2101
62.0549 27.8377
69.1282 27.9523
70.2672 28.7604
67.0394 23.8815
63.5924 28.2734
63.3234 27.7706
59.2594 27.0867
59.9845 28.7859
63.6003 27.8062
66.8008 28.6697
64.5624 27.2244
59.3162 26.9741
62.1615 28.981
60.7947 28.5926
64.9413 29.2025
69.5896 26.2383
67.4761 26.3861
68.6178 28.0306
67.2507 26.1098
67.4989 26.3588
67.4067 28.9693
60.7662 28.1468
59.596 27.2298
59.596 28.2561
60.1512 28.1137
60.1512 28.1673
62.9864 27.0698
56.4971 28.7761
52.7665 29.1612
61.3636 26.0538
57.6626 30.1475
61.0924 28.5534
66.3423 28.4566
64.4507 26.337
67.8257 26.6825
65.7891 27.438
72.4537 28.5442
72.5317 27.3298
65.0723 28.6898
64.3259 28.1164
64.8281 27.9879
67.0909 27.7693
64.7768 28.0561
70.6962 27.9047
70.6962 27.282
71.9076 27.079
74.5294 25.8113
73.1685 25.7502
82.2722 26.0221
80.7626 26.8249
83.5878 26.5386
77.605 27.4921
70.8532 28.8755
70.1999 28.0182
70.4181 27.7554
80.1557 25.4483
83.6516 26.3709
79.9686 26.593
89.9423 26.8498
80.1728 27.3753
81.0418 26.3187
78.8066 26.6958
78.3216 23.557
74.5175 24.4764
65.9157 27.2235
64.4855 26.9819
63.9789 26.9798
59.4484 26.8972
64.7299 27.3939
64.6965 27.5237
62.503 28.2408
63.3782 27.806
65.9207 27.1649
70.1315 27.1388
61.0137 28.0296
65.4892 26.5855
63.0827 28.1515
64.2243 28.6782
66.4409 28.8542
65.3675 26.3084
67.2301 26.4307
66.154 28.0394
73.7606 25.4838
79.8 26.1651
70.5776 27.6398
72.6863 26.0133
71.6195 27.982
70.0573 25.8953
69.3375 28.4855
69.8633 25.3851
72.0766 26.8305
67.2972 26.6418
64.8107 28.2296
61.5905 28.7325
66.1627 27.9166
63.2702 28.9145
66.0218 27.6002
67.8097 27.7307
71.5842 27.3922
72.4181 28.9302
69.0409 27.0395
68.1768 26.9458
73.0625 27.3537
72.1514 27.8181
72.0585 28.4775
64.653 28.4922
74.0511 26.1878
70.0681 26.7659
74.5279 27.4285
74.5279 24.9888
74.3126 26.085
71.2616 29.27
78.1502 27.987
74.2215 26.7269
74.2561 27.1789
71.9586 28.0701
79.1636 24.6673
67.551 27.7814
67.6198 26.737
77.3531 27.1942
77.0343 26.1426
73.7525 27.6472
67.3326 27.2538
72.6792 26.6949
79.2837 26.5692
79.9185 26.5637
77.7074 26.5576
80.9847 26.4157
83.3151 26.5693
88.6957 27.385
88.4334 27.3381
80.0726 27.037
75.2378 27.4332
71.6036 27.5362
69.5061 26.2755
70.0707 27.367
72.1734 26.367
73.9417 25.9014
72.912 26.2359
74.4209 27.271
72.3483 27.2953
74.2714 26.28
70.6795 26.6929
78.1615 28.2652
78.1615 27.6578
76.5048 25.1203
69.7668 26.4032
67.5387 28.0505
65.7815 28.1541
69.7437 27.5707
71.8763 26.7853
73.6264 28.0799
67.9194 27.6201
66.1202 27.5329
62.6163 27.9233
67.9359 24.9568
67.6544 26.2816
69.0226 27.9304
68.9064 24.9416
70.6954 27.2735
74.8278 25.8092
69.6888 26.9699
76.9905 27.5797
66.3737 28.4538
76.4394 26.5887
72.7111 26.9546
76.9945 26.9269
70.5813 28.0916
71.1247 27.2732
71.0414 26.7409
72.0022 26.5188
78.6564 27.7699
80.2119 27.6048
69.5627 27.9774
73.4019 27.6573
73.4227 26.8927
69.9929 25.3456
67.304 25.5153
63.0976 25.594
72.2881 27.0355
66.3641 27.7342
66.1973 28.2871
67.4736 27.6067
67.4736 27.4818
72.1389 25.7399
71.6402 25.0758
67.2626 26.2513
68.1551 26.9487
63.1925 27.775
63.9341 29.1124
67.2164 28.3419
66.8146 26.4739
64.1935 29.1727
58.427 26.8938
65.0989 27.5659
68.9233 27.8073
66.6395 27.8749
64.6762 28.2676
75.0774 27.0407
72.3359 27.329
70.5141 27.1559
68.6691 26.1132
70.0941 27.4494
70.5382 27.0518
74.7599 26.6378
73.9372 25.6647
76.9085 27.2659
72.7665 26.7799
70.4888 25.88
62.8693 27.4306
63.0688 30.2458
64.9373 27.5731
65.3312 28.8419
66.772 26.9406
66.2575 28.5419
65.3775 26.1436
69.814 26.6287
63.1694 26.3372
67.7088 27.271
68.9401 27.2116
67.7924 27.5234
62.0707 29.7294
64.9813 27.9799
66.3217 27.9548
69.0187 25.8407
75.1485 26.3867
77.0727 26.3026
74.2321 26.3318
77.6733 27.4405
69.8433 28.0516
73.6838 25.9691
63.1979 29.0983
70.1233 25.5165
65.5467 27.1945
70.8827 25.9074
68.477 26.0802
74.3521 24.7193
74.6251 27.5153
73.3729 26.1871
73.2553 26.1442
65.774 26.5818
64.4076 26.1287
67.2286 26.4539
67.0784 29.6115
68.494 27.0322
71.8144 27.3164
72.9765 27.3675
71.1476 25.4519
74.3495 27.2657
68.8368 26.0686
73.4016 26.1951
71.2794 26.1902
74.0471 26.3733
69.4526 24.8284
71.7487 24.8567
68.8003 26.6468
68.9109 24.406
74.2539 26.5864
69.0843 26.5607
67.7646 26.437
64.4878 26.9405
67.88 27.7998
70.2106 25.5797
70.2512 25.6855
63.5479 28.3588
65.5115 28.2933
67.9708 27.8303
66.8868 25.9069
68.0439 27.714
69.9495 26.0887
69.3555 26.7602
68.3089 30.9157
71.8519 29.3037
71.8519 27.1083
72.732 26.1642
67.416 27.7943
68.6346 26.2901
66.2436 26.8667
70.2477 28.7336
66.3722 29.5976
64.7126 27.2525
68.0961 27.0911
69.2029 26.8986
70.9345 28.934
71.21 27.1072
76.9086 25.2875
74.953 29.3653
73.4663 29.3365
71.592 26.3984
73.0686 26.4714
72.8392 27.7658
64.1166 26.5143
64.7381 28.7333
72.846 27.2988
70.5004 28.0056
72.194 26.7441
73.5444 26.4079
72.7197 26.5828
72.7464 26.8537
74.9856 26.6024
73.4465 27.585
70.1561 26.8624
71.5859 26.9777
71.5859 27.2578
69.1816 28.5546
72.4559 28.325
74.2947 29.2808
80.1102 26.8488
73.4699 26.4203
72.8454 27.9227
68.2352 29.1963
67.4812 29.0705
70.0345 29.6114
70.0242 27.6701
70.7736 28.2797
68.4214 29.1682
76.7128 25.5694
79.5072 27.1633
82.8322 25.7309
74.6795 28.1713
76.5182 25.6489
76.3215 28.2526
74.1087 28.0894
74.2417 29.0093
74.4907 27.2262
70.9403 27.5283
70.6342 27.3789
76.5246 27.9188
74.7813 27.5788
76.2233 26.2615
68.1314 27.6306
73.3863 26.3856
73.5705 26.35
78.8454 26.7997
77.1373 27.267
70.3706 25.8809
70.1391 26.6254
68.6481 26.442
74.0226 25.6357
72.4768 26.7805
72.9801 26.8231
70.3475 25.5966
64.3969 26.3773
64.1046 27.5458
64.8204 26.3513
69.7454 26.2206
69.773 27.578
64.7179 27.1428
62.5832 29.1799
61.5277 27.5468
69.1032 27.6649
65.1789 28.4404
63.027 26.9806
64.0043 27.4188
65.0248 28.3731
69.7211 27.8592
70.3345 28.2729
81.1134 27.6904
75.7409 27.4941
76.6214 27.528
78.0942 25.5239
75.7575 26.7712
78.7936 27.5892
84.0149 28.6878
78.0093 26.8006
83.0825 27.5689
76.4009 27.8744
77.3854 28.6164
74.9358 28.9612
76.7156 26.5235
79.6468 26.7946
74.873 24.6477
70.0694 26.9646
67.2348 29.2252
67.4971 30.6185
61.2691 27.775
71.9455 27.5507
71.1656 26.8888
73.0296 27.4913
70.706 24.7687
71.8193 28.4637
73.4187 26.0786
74.0546 27.7214
74.4006 26.9549
72.837 26.0643
73.898 25.5978
79.8463 25.2078
80.5209 26.1802
80.1619 29.9035
75.219 29.3082
73.0128 27.4789
66.3867 27.1917
72.4847 24.6535
69.5357 26.8416
70.709 28.7705
71.9375 28.0498
68.1068 26.6417
77.984 27.2906
75.4771 27.3279
71.5636 28.1575
68.8776 26.9282
69.1479 26.8419
67.4002 27.5335
67.8373 30.0073
67.5903 28.6686
69.2918 28.0482
70.0118 26.1684
71.7041 27.1362
70.2515 28.1492
74.1351 27.6539
80.4982 27.6564
77.6974 26.191
76.5727 29.5256
80.2451 26.2405
82.08 26.9829
75.61 25.8178
69.9228 28.3158
71.387 28.1567
70.4227 26.5845
73.1891 26.5217
74.7117 25.3363
75.4482 27.542
66.2088 26.2415
67.6992 27.336
70.1397 28.1163
71.3471 27.6083
77.1704 25.2754
78.1413 26.1516
72.8022 26.6862
73.3043 26.2258
71.8093 27.454
68.9736 28.1226
65.6607 27.116
69.3187 26.2528
69.8623 26.5989
69.2148 27.097
64.4075 29.305
68.3879 26.1153
61.2018 28.7011
59.9949 28.5434
67.983 25.8334
66.817 25.637
69.6188 26.8394
69.978 28.4208
70.5265 26.4797
73.2082 27.6769
77.2018 27.6926
76.4746 25.8661
70.3188 27.4438
64.795 27.835
61.1817 28.3373
68.6647 28.4764
71.325 27.7363
67.7724 25.9708
64.0648 26.9335
60.7378 27.0114
71.3777 26.3775
74.8962 25.4898
74.0826 27.8724
74.246 27.7141
72.0517 27.6984
83.1407 27.9355
90.2235 26.8374
87.2325 26.6956
72.4985 26.9921
71.9765 27.0336
68.0715 26.3553
66.8089 26.3628
68.1941 26.5639
68.5249 27.3107
73.8828 28.0172
66.5665 27.9975
65.047 27.9737
68.2931 29.2459
66.4593 27.0478
72.3856 25.866
68.8224 28.7771
66.9823 27.7503
66.3376 28.023
67.9784 26.0993
67.8405 27.2153
72.8043 26.3252
64.8159 27.7957
71.9308 26.8572
72.1813 27.4755
69.1271 27.7359
60.2444 27.2504
63.4764 27.7207
57.4521 26.2534
64.7252 27.7217
64.5409 27.5401
59.3253 27.2654
62.9345 28.5355
68.4379 27.8431
66.9223 27.1457
69.9428 24.9879
68.6318 28.0598
68.4942 25.2462
65.2931 27.9833
71.7781 27.868
75.3211 27.9353
79.8182 26.454
80.2791 26.1161
76.3921 25.4525
69.2421 26.9686
84.0314 25.1718
77.6439 26.0042
83.3875 27.1365
86.0264 27.6879
79.8979 27.1563
68.1621 25.236
67.1984 27.6669
73.9103 26.878
69.9725 25.0744
72.9079 26.7551
70.2237 25.1024
66.8239 26.9021
66.1418 26.4272
68.3342 26.1344
68.599 25.9237
65.1142 28.0359
62.8356 25.9259
67.0878 27.4434
62.9169 28.2688
60.8322 28.8712
59.5776 27.0002
59.144 26.2202
70.6101 26.6642
73.7793 25.976
77.907 25.4762
71.7882 27.2145
79.1704 27.3452
74.419 28.0207
77.302 29.8021
78.0339 28.8981
74.9182 28.3663
72.8249 28.2859
60.4955 27.0766
66.3645 25.3001
62.3856 26.5524
63.9504 28.7624
65.0413 27.8391
70.6208 24.9214
70.1293 26.8663
72.0979 26.207
71.0463 26.2318
73.4741 25.9424
76.617 29.4415
61.9125 28.5026
67.4866 28.497
60.8064 28.1033
64.3305 28.5207
65.7519 27.5265
71.6685 27.9493
61.1706 26.0287
65.0129 27.1002
65.0129 26.0162
68.0234 27.8723
65.8536 29.9657
65.8536 27.5223
67.9601 28.5578
71.9253 27.117
76.6459 27.7597
71.9502 27.2134
67.1134 26.3743
71.5323 26.484
71.507 25.2529
70.3563 26.7496
60.391 29.8507
60.4146 28.255
61.1254 30.2513
68.9821 26.5113
74.3948 26.0172
71.101 25.5333
71.1627 26.7001
67.9958 26.8729
71.021 25.0269
69.7829 27.4324
69.124 28.0381
65.9302 27.0404
67.0602 27.0465
63.3212 27.3717
66.8861 27.6379
69.8957 26.2765
73.6875 26.8495
71.3998 28.4596
68.9544 26.7478
72.4068 25.8756
68.5987 25.4143
66.6913 25.5392
75.038 26.1913
75.3211 26.9171
76.4795 27.7776
73.6191 28.833
69.0248 27.722
68.7972 28.7268
70.3864 26.1424
69.6841 27.0219
75.408 25.845
68.8427 25.7
72.4643 27.2571
74.0192 27.5497
73.2927 27.8075
67.4891 27.4842
67.1872 28.1807
70.817 28.4636
70.3241 26.2859
59.7723 27.9457
66.4943 24.6785
59.7582 25.7705
64.0785 25.7705
66.31 27.1839
65.2634 26.7165
63.6218 26.1513
62.189 28.0187
61.2226 30.7419
58.1804 27.1044
63.144 26.0586
62.3519 25.9068
58.3627 28.508
58.9984 27.1171
60.4626 27.1926
64.0758 27.8584
60.0218 25.934
69.1219 27.1224
56.336 26.7018
60.2142 29.5305
64.8537 29.3874
68.0936 28.5825
71.8306 29.4502
71.4282 27.985
70.6188 28.3744
70.8871 28.0383
74.2803 26.6636
74.6209 26.9638
81.88 29.3238
88.0475 28.4911
80.3255 28.6379
95.4688 26.3114
96.5299 26.6546
87.9028 25.6675
89.0696 25.5693
82.2051 26.5694
71.7231 28.8362
73.9572 27.8349
77.1896 25.6156
77.8524 28.6045
70.2803 27.0559
70.2131 27.1706
69.0037 28.7951
72.0227 28.7425
72.4962 27.2664
76.1491 27.7825
89.1428 26.9711
81.6257 27.3539
83.6088 25.7818
76.1224 27.2652
76.2754 27.5161
78.6454 25.8666
76.2371 28.0757
75.6688 29.7886
71.567 25.7612
66.9849 27.5092
66.6919 27.3629
66.4208 27.1432
65.7248 27.4764
66.5496 26.0263
66.8539 26.7223
64.3058 25.5594
64.8163 27.4371
68.4491 27.2373
68.6279 27.4685
68.3803 27.6726
67.8788 27.4411
62.2829 26.9945
65.0538 25.6507
66.3496 26.8375
72.5506 26.6659
74.7255 26.5903
70.0968 26.6837
71.1477 27.6211
72.9639 26.7231
73.2156 25.9974
72.1275 26.5456
75.5685 27.4615
69.3751 28.6963
77.5551 26.7626
69.9714 26.8485
71.9157 26.4189
72.4044 27.7982
70.6727 26.5935
72.7375 26.015
68.0912 27.7855
70.9688 27.8336
75.1186 27.5817
70.2024 28.2366
74.6057 27.5949
67.3917 26.1648
66.4987 27.3574
66.3253 27.8324
64.4031 28.1104
60.7885 26.9554
65.0328 26.9459
59.8112 27.831
63.9924 26.8407
57.4446 26.827
59.3134 28.6341
63.0555 29.5595
60.0875 28.6518
69.0515 28.2335
65.6878 28.6071
66.4972 26.0716
68.6369 25.7425
70.4953 27.5365
60.8496 29.7347
68.3658 26.9356
61.8928 25.8473
60.3368 25.7536
58.9321 25.335
58.2203 25.5247
58.5442 26.6172
61.5848 27.2666
65.5603 26.6842
64.174 27.2261
66.1929 27.8786
71.6585 29.2469
71.0027 26.1474
71.0027 24.9531
72.1658 27.6778
70.1347 27.4709
70.047 27.9536
70.9242 28.4986
78.2577 24.6305
77.9939 25.7143
77.2936 25.841
84.4668 27.1006
79.7529 27.4872
76.2376 28.3803
82.4346 28.2374
94.8859 26.6036
94.2566 27.1161
94.2566 27.2952
85.8325 25.6901
78.6886 29.5773
87.5355 27.1175
79.4857 26.9775
78.9879 28.9742
73.2227 29.4473
63.0254 26.8664
64.9532 30.7373
71.6178 28.7527
73.0556 26.9711
73.0556 25.8714
70.6686 27.3607
72.7908 27.3601
67.8226 26.7969
73.1683 25.0745
75.2877 25.2639
69.0236 25.1441
67.6872 26.5103
60.2425 28.4731
62.3403 29.4559
69.6835 27.5303
69.3611 27.5865
73.5555 25.4252
74.9819 26.0334
69.34 27.1919
77.4098 27.514
73.6708 27.9741
74.8332 27.7678
84.6476 25.8781
73.2015 26.8707
71.2532 28.4324
72.3953 26.7205
74.8883 26.9661
71.6323 26.7672
73.7313 24.4662
71.0693 27.9592
75.3992 27.8753
74.214 27.1678
85.2305 25.3317
75.3296 27.9415
75.3296 27.5801
80.0193 27.0753
78.2469 28.0389
82.2551 26.9025
82.7254 28.8383
82.7254 24.9169
82.9789 28.1922
82.3909 28.1843
79.2234 25.069
80.552 27.1192
89.9143 26.7797
81.7883 27.2476
85.3724 26.3023
85.8429 26.7423
85.0517 26.113
83.5402 26.8191
83.363 27.6857
78.0606 27.7923
76.7186 26.5045
77.9025 26.2433
76.6335 25.2811
62.3707 28.5251
62.3044 29.3485
62.3044 27.5689
61.9352 29.1404
68.6535 27.8385
67.5732 26.1893
68.9087 27.3899
68.575 26.3013
69.5878 26.0816
72.6862 28.9362
71.8396 29.3837
75.4242 27.3837
79.9718 26.2285
74.867 26.2281
73.7556 26.54
77.5853 25.5057
76.5825 26.2319
75.5566 29.0518
78.6159 29.0964
73.6358 28.2452
75.8618 25.6677
73.7706 26.6213
78.311 26.3292
71.9213 27.4046
73.4924 27.8272
71.9777 26.4768
71.5052 29.853
76.6106 25.9386
73.9826 26.3193
70.5915 26.2695
68.2092 25.9233
69.1763 26.233
69.9462 27.888
68.5194 28.2448
67.8909 28.7017
66.7745 27.6097
68.6948 27.6111
65.1895 28.4262
69.0682 26.3228
80.9623 27.6382
77.4569 27.8754
77.3088 26.3132
73.9681 25.9495
72.7163 25.4993
72.5346 25.9566
73.8185 27.0267
73.03 27.3383
72.0541 25.8818
73.8718 28.5684
71.9901 25.5674
76.4076 26.9602
75.844 26.5935
76.1206 26.8029
76.0397 26.2188
71.1214 26.2644
71.8875 26.7903
70.5541 27.4645
75.4014 26.8486
72.0797 27.2143
69.9793 28.5914
70.2393 29.1459
69.7771 26.6186
61.5651 26.4627
64.1337 27.4235
71.3741 27.2914
75.2861 25.4835
74.2616 27.5664
68.7817 27.9794
60.6363 28.2103
68.9228 26.5972
69.0044 26.7279
70.0024 27.5996
68.998 27.7316
75.1167 27.491
74.7258 28.0192
72.5257 27.0508
76.3942 28.2848
72.5971 27.9003
76.2985 26.4404
72.752 25.6105
71.5649 26.3048
75.9801 26.2051
73.4714 27.3207
76.6403 26.6706
70.8618 26.7819
72.9585 26.2989
69.5999 26.9155
72.6879 25.6514
69.4107 27.771
66.8969 27.6741
66.3442 27.2528
65.9346 28.4775
71.3624 26.4936
64.2707 27.8472
69.4131 27.8495
72.0024 27.2969
69.3287 28.3202
71.4457 25.3336
67.0161 25.706
60.4338 27.0555
58.6998 26.8281
58.0134 27.6386
63.0763 26.7014
58.8966 27.9555
60.7936 26.9946
64.3643 26.2231
64.0267 25.5899
69.7861 24.8373
61.9871 29.4296
66.9599 27.1316
66.9599 28.1711
65.6277 28.5026
77.447 27.6006
76.2002 24.4137
72.8449 28.6303
70.2955 28.8755
66.4968 27.674
71.6741 27.3867
70.8546 25.6232
70.4764 26.1735
65.239 27.9688
66.3158 27.0936
69.6519 27.6285
72.2002 26.7211
75.7788 25.1194
72.435 27.4688
64.4768 26.9341
67.5073 28.7267
69.5155 27.8075
64.6178 27.1572
67.1963 26.7303
68.5094 26.6276
65.2317 27.0825
62.7806 27.7326
60.7994 28.0964
62.9954 28.3225
67.4104 26.5062
67.3541 27.0329
68.5451 27.358
68.8509 26.9782
65.7738 26.9614
60.1044 27.593
62.2692 28.4957
62.2692 28.548
60.1256 29.6595
66.0147 27.6757
69.8054 26.2677
69.0828 25.7086
72.853 25.3776
71.8975 26.6018
69.3702 26.0838
70.5336 25.4432
69.8047 28.5107
73.7885 28.9262
77.2816 28.8254
73.8219 28.9797
72.8276 29.9163
71.1823 27.5161
71.0501 26.3967
71.6246 26.9533
71.3864 27.6732
67.3879 27.1969
67.909 28.9567
69.0974 26.2747
67.0627 26.2831
69.4837 26.2256
69.8811 26.2401
68.6158 25.5032
67.0357 27.405
63.1876 26.9921
69.6179 26.768
65.7395 27.3347
65.9488 25.6421
65.4804 27.7525
60.0753 26.659
60.5726 27.9128
64.0615 27.0308
65.9583 27.7782
72.7442 26.0368
72.1382 27.797
73.2952 26.9986
72.9358 27.5426
70.4257 28.3197
68.9142 28.0755
77.4564 26.8217
75.354 26.5712
79.4601 26.6946
78.45 27.4563
87.1813 26.8367
81.8199 27.1342
91.5238 27.0685
85.6841 27.9404
83.2269 27.8183
90.0309 25.0923
83.0546 28.1692
84.0345 27.8802
82.5281 27.5576
77.4058 27.8578
78.8584 28.6484
82.8686 27.8961
83.366 26.4051
76.7721 26.1367
81.1809 28.2304
78.025 27.3853
75.9454 27.1564
78.8452 27.9291
78.5052 28.3457
92.7617 27.4431
88.027 25.2993
90.2926 27.5445
97.6492 27.1591
87.4218 27.7154
88.1122 26.8538
77.1065 27.6902
85.012 28.3888
80.5127 28.0527
78.6493 28.6277
77.7513 28.6341
65.373 26.7488
70.2614 26.9496
67.8802 25.6635
68.043 28.5868
67.2614 24.892
64.4848 29.1373
60.3281 27.4613
62.2056 27.5354
57.4296 28.2058
57.4801 27.1853
63.1543 26.2498
62.5506 27.6558
69.0822 25.7221
65.6197 26.2793
61.4206 26.632
70.2505 27.8622
74.1969 28.2217
74.3627 27.269
71.2608 29.2856
70.3739 26.0393
66.9881 28.5337
68.2843 27.2959
60.7287 28.1502
57.9985 28.2803
62.2439 28.0516
62.5328 27.3828
63.3678 26.5042
62.6249 27.8914
62.807 26.2853
67.6339 25.8849
68.7509 27.8846
68.7075 26.3403
63.8158 27.0977
62.473 28.309
63.8451 28.7997
66.2237 27.8554
64.8154 27.1692
62.9743 27.1038
64.6437 26.7549
69.1455 28.6144
69.6372 26.1413
77.3315 26.2558
71.06 29.6579
69.082 26.8507
68.6138 25.7783
65.642 26.6358
69.272 25.6939
71.5453 27.7301
67.946 26.2292
76.7329 26.8613
80.2779 25.0992
78.2066 27.2846
82.3726 27.8127
81.9316 27.2613
76.3717 28.2585
83.7868 26.9901
81.7504 28.6088
81.314 26.7451
82.0418 28.3934
82.4584 25.7459
80.9356 26.3777
77.8669 25.6183
79.5716 24.5778
69.304 27.4346
75.2472 28.8302
73.8675 28.0019
76.6643 26.6097
84.4388 26.4858
90.3442 25.0011
86.4802 24.5489
88.8318 24.7307
92.0694 27.2096
90.4407 27.5853
86.8182 26.8282
82.0229 25.5667
80.0537 27.3733
77.1581 27.3609
76.4757 28.7536
78.7644 28.4431
85.2309 26.6335
83.3103 27.4327
89.9184 26.3012
77.0043 27.5309
84.1268 26.704
85.3612 25.3919
76.8594 26.8172
74.735 28.8278
76.0799 28.6348
72.4017 28.1761
70.8658 27.4401
84.7616 25.2637
77.1542 26.95
75.1717 26.7291
69.0485 24.7411
68.5722 28.3445
69.3202 26.1388
64.8459 26.0936
64.8173 27.4085
67.7552 27.56
68.3806 25.4889
66.7585 26.2472
67.0023 26.5471
70.9594 25.1872
69.7344 25.6009
69.5102 27.9652
70.2148 26.9084
70.8593 26.1084
67.6928 26.6637
69.9542 29.0007
71.5026 27.2481
66.8437 27.9373
66.7766 27.4852
73.7822 26.6996
67.4207 27.3186
67.7786 27.2502
65.9867 27.212
68.8963 26.5053
72.4583 29.8402
73.7166 27.5693
72.9041 26.6421
74.5995 27.6253
73.4217 25.9851
73.6468 27.2374
73.4433 27.4925
76.3836 26.8871
80.0426 25.8244
79.4901 28.0726
78.621 28.6214
70.0647 27.9284
71.5027 28.1542
68.9358 25.8754
70.5353 26.8512
72.158 25.5227
69.3246 26.6699
63.6941 25.4564
63.7872 27.2349
70.778 26.3164
71.293 26.6328
60.5969 27.6231
59.1525 28.6379
62.6608 30.0853
66.5686 25.7824
66.5496 25.2952
63.8379 28.9721
65.6657 29.9564
65.1264 27.0991
60.934 28.0111
70.2784 26.0702
71.4586 23.9728
65.6332 29.1031
71.9605 26.8672
71.4281 27.6143
74.9314 25.7026
73.3366 27.1498
71.3491 26.0955
64.6984 27.2668
67.9695 27.6347
66.2634 26.5492
70.2518 27.2642
70.5941 28.5545
71.2054 26.721
68.9755 27.473
70.1459 27.4213
66.3163 29.2981
70.806 29.0592
79.0121 25.9636
82.7287 26.5079
77.8149 26.6691
75.7748 28.4675
84.8893 27.1801
84.8893 28.211
82.5516 27.5499
74.1752 28.9035
79.6859 26.0822
74.5977 25.9396
70.8737 26.4834
77.0903 28.3698
70.5414 27.9392
75.4051 29.1328
82.5903 27.331
73.9715 26.6083
68.0592 27.1894
72.8783 24.7306
72.1502 27.1815
78.4567 27.645
79.7771 28.8212
82.014 26.3292
86.8277 26.7384
89.1191 26.4178
74.4096 28.0317
76.7831 27.5071
71.5813 27.2571
64.7549 30.8123
64.2226 26.867
63.0751 28.8784
77.1411 26.9027
77.2272 26.9681
72.6312 27.8117
75.4133 26.3166
78.2165 28.0872
67.6249 27.6001
64.6801 26.576
66.48 27.2358
68.7212 26.376
68.6633 26.671
66.8874 28.0926
69.3273 24.6938
66.16 27.7518
66.3677 28.0399
71.5818 29.8515
76.0665 28.9321
76.6617 27.688
74.5396 26.4077
72.3326 26.4077
68.3396 27.2319
65.3607 27.1911
67.0902 26.5277
63.3467 26.6062
64.2908 27.7035
62.9658 28.1319
62.7975 26.8639
61.6323 28.3588
65.1482 25.7238
64.0247 26.7534
64.359 25.2671
67.1269 26.9785
61.9173 29.5965
64.8554 26.6624
61.4299 26.5174
64.3 25.5808
66.4634 28.897
66.1457 28.9103
66.255 25.6703
66.293 26.996
66.1535 25.9641
66.8754 26.5357
68.6356 28.2341
67.8475 27.7165
68.105 27.2303
70.7164 28.0687
63.3633 29.7384
67.1503 27.7288
62.3093 29.8512
66.5184 28.0953
69.2786 27.7248
64.3437 31.1178
64.8746 24.6283
62.4591 26.0168
60.8134 27.1005
59.1966 28.5873
64.7889 28.3503
64.659 27.3509
72.2653 27.7483
72.2662 27.5621
72.7017 26.8456
76.2398 25.7695
66.5177 27.6523
69.1807 27.0877
69.2147 27.1012
71.5723 25.7374
68.8719 26.0361
64.6707 28.2224
68.5255 26.1306
71.1306 26.4657
66.3184 26.7072
63.6504 27.1909
66.7117 26.9125
69.7343 27.0114
61.1476 26.6487
61.1476 28.1998
65.7653 27.0454
73.8486 26.8906
68.5501 27.8352
73.0567 27.2799
77.7673 29.2509
69.837 27.4065
74.9665 26.9157
81.7276 25.4403
76.9506 26.2684
68.724 26.5963
70.5685 25.9716
64.4927 28.3117
70.0683 26.7375
72.895 25.3764
68.8801 26.3493
70.3863 27.8921
71.1438 27.0439
67.6258 25.7946
71.3098 25.4629
72.6655 26.7174
72.7488 26.0689
74.0087 27.5269
73.4505 26.1248
69.3866 26.7842
69.6794 26.3836
69.9222 24.7526
69.3445 25.6098
73.4722 23.7596
74.2815 26.9477
69.6553 26.0702
68.6998 27.1174
73.4863 27.7425
72.7997 27.6259
66.7076 29.4512
68.7383 27.4225
70.6648 28.3141
74.6448 27.2433
80.1994 26.8198
76.9015 27.6114
75.8591 25.4953
77.0806 26.6132
80.664 28.0665
75.8671 27.9334
78.5175 27.0495
78.44 25.178
73.165 28.5531
75.6127 27.9501
79.877 27.7277
81.7732 27.0154
84.2849 26.8387
91.8255 27.5854
91.8255 26.8355
87.205 27.7058
88.3725 26.163
88.2614 27.3029
91.5178 27.0164
93.2439 27.7713
84.5536 27.6534
83.8329 26.8432
85.5284 26.9463
81.1111 27.0914
81.6007 26.2175
81.739 26.7314
72.3738 26.3357
74.9155 27.1985
74.1452 26.4398
73.0589 27.231
77.0068 27.7883
79.0648 25.7524
74.2409 26.1102
78.5823 27.8425
76.6139 28.6009
77.7868 27.1735
70.3133 27.3893
80.2595 26.1551
79.2635 26.8508
78.6692 25.8013
76.4986 28.4778
84.1938 26.6327
77.2872 27.9383
76.1115 26.2036
74.2591 27.5803
76.7243 26.6994
76.7393 27.8188
72.6456 28.5729
72.7198 27.4911
74.5123 26.7861
70.0509 25.8766
75.975 27.1262
71.7582 27.1658
70.729 28.7129
66.7405 29.4682
67.3185 28.1518
67.0429 28.2526
68.5535 27.5046
65.4055 25.706
68.6778 27.8374
74.376 28.5946
69.6212 27.2409
70.0504 28.4601
71.1657 27.7954
70.7105 27.8883
67.506 27.2194
67.5253 25.8319
70.9969 28.6888
71.7185 27.7133
67.7329 27.6607
74.1296 27.7879
79.4156 27.4718
70.2736 26.056
74.9964 26.0437
72.3566 26.7911
75.7249 26.1079
73.0368 27.948
76.9476 27.4631
78.7714 25.7994
73.3342 28.4074
71.3869 29.1717
74.1848 27.6372
79.299 26.3381
82.7498 27.2585
74.2483 27.571
73.9706 28.7098
78.3028 25.9125
81.6688 25.8919
76.9361 26.2704
75.0149 26.9261
73.7785 26.8042
69.678 28.1073
74.6293 26.7026
79.7751 26.9871
83.7412 27.7959
82.935 28.7481
78.8314 27.9337
82.3994 26.9652
76.4435 28.4901
73.6107 27.5139
74.5656 27.2069
73.1158 30.2075
74.1124 27.9736
72.0786 25.4886
72.905 25.0382
72.2533 26.7351
69.6353 27.6185
72.2564 26.8028
73.8425 27.379
71.4759 27.2922
72.1462 26.601
68.8417 26.1241
66.4743 28.352
64.0524 28.1766
64.3306 26.5012
75.5151 26.1417
74.7771 28.0107
72.861 26.6401
72.439 27.768
69.8997 26.2926
70.0528 26.6116
68.4261 26.4862
68.8791 27.1438
69.7952 30.1084
64.4768 27.5204
68.0462 27.8093
63.3363 27.6237
61.8181 29.031
70.0896 28.7395
67.7821 28.84
67.5555 28.2837
65.7224 27.7828
66.3496 26.344
66.1747 28.4871
56.5959 27.3003
60.1032 29.1603
62.7122 29.0253
59.7617 28.6552
59.7617 28.6338
56.1549 28.465
61.3299 28.3585
61.2302 28.6092
67.0018 28.5209
65.7901 26.7806
69.0701 28.3474
73.0064 27.5535
65.5411 27.598
64.5247 26.1031
64.924 26.2374
73.423 26.5684
66.2599 28.3016
66.2935 26.5354
60.8377 28.6149
62.2729 27.4536
68.0923 27.0325
70.6534 27.6272
69.5042 27.5009
70.6844 27.4983
66.7884 26.3251
69.2423 26.4461
75.003 27.2326
70.3974 25.5161
74.6058 26.2114
74.1532 26.2932
76.1653 27.7571
74.7826 27.8579
72.3153 28.2364
75.9408 26.6828
75.2915 27.7683
73.151 26.494
70.4571 28.3804
68.4192 27.7117
70.0778 26.6643
68.4794 26.1091
68.686 27.1494
64.7512 27.0538
63.8222 28.2036
59.4975 29.5842
63.2745 28.0874
65.6358 28.5418
63.8768 28.0846
68.7127 26.8329
65.8427 26.6369
68.4203 26.4775
64.9093 26.0149
63.6564 28.2415
69.4478 27.8362
71.4855 25.656
70.1246 27.2973
71.0016 27.3642
73.9846 27.3869
70.7489 27.9981
69.8897 25.3985
67.556 28.7327
58.8657 25.9184
62.1685 26.9839
64.1364 27.6694
70.5242 27.3045
74.5607 26.4452
72.075 25.5595
68.4899 28.7419
73.8745 26.9063
76.9467 28.1632
82.9824 26.0005
85.534 26.0507
77.6267 27.2951
75.8638 25.5216
76.8981 26.4332
70.1574 27.4292
70.3886 26.8103
70.1166 25.5928
69.7785 26.348
77.7895 25.2731
75.6117 26.354
73.2057 24.9831
74.4099 27.4359
75.9603 26.1389
84.389 25.2432
80.4888 26.1824
80.4888 27.6754
80.4888 26.0916
73.7213 27.876
74.6223 28.0695
74.6687 27.5664
78.7114 28.3951
79.6233 26.3386
76.7813 27.6342
75.5192 27.9597
75.9704 28.6876
75.2044 27.1377
81.1498 28.1352
76.5326 27.8155
71.9003 27.8059
69.9038 27.7691
73.8905 27.7593
73.3133 27.3453
73.2034 27.2816
69.4473 26.8305
75.392 26.8157
75.392 25.6745
86.7577 26.5572
92.5658 26.6994
86.5964 25.7947
74.2724 25.8703
85.2142 25.3189
78.0854 27.494
80.8747 27.195
79.3035 27.8136
77.466 27.6342
80.6774 27.8214
72.5701 28.8834
68.1431 27.8123
66.6271 27.957
61.7342 28.2205
62.2461 24.8406
64.6476 26.5974
68.0261 29.703
70.0697 26.8712
72.0299 26.7947
68.4206 28.5438
77.4677 27.0448
78.2797 26.8204
78.5348 25.7424
78.1665 26.4439
68.2093 26.9588
73.4268 25.9229
74.7245 26.5239
77.5068 27.0036
79.1608 26.8861
79.6726 26.5805
75.0291 28.2071
80.9184 29.0733
77.8603 27.2921
75.4563 29.3386
74.7465 27.0085
70.1484 29.6252
67.2257 28.0876
68.0371 26.1271
66.26 26.8356
73.6367 28.7132
70.9613 25.74
69.7761 28.7406
69.2533 27.2916
65.2054 28.834
65.1898 29.4371
69.3076 26.4133
59.396 30.0912
60.8911 27.2575
59.1009 27.5976
58.2461 26.735
62.3113 26.445
71.6597 28.7025
71.6605 28.8102
74.3234 26.4244
85.0652 26.6371
81.0463 26.4828
89.3609 26.0745
81.9154 27.2028
78.8766 27.047
86.018 27.894
82.5591 27.3313
79.7248 28.2496
79.7248 27.2004
100.804 27.6272
100.804 26.0165
104.955 27.6057
104.493 28.4333
97.0607 27.1176
90.0851 26.6793
88.0098 24.8902
88.4428 26.1285
87.9642 28.1072
81.9423 28.123
72.0309 27.4968
69.5354 27.4968
67.6554 25.471
65.4855 27.6528
63.4606 28.1319
62.5584 29.3443
60.9561 28.1313
67.4547 27.9283
65.3316 28.3852
66.258 28.9536
66.0829 26.7523
71.9258 27.4685
59.5357 28.3822
60.4566 27.2806
59.4135 26.5604
69.9911 26.4673
68.4837 28.2996
70.1861 26.8086
68.8592 27.0612
66.9165 27.0858
68.3216 25.3501
73.2294 26.062
73.2294 26.5788
70.688 24.9903
76.8511 28.2315
77.2466 26.0419
71.6909 27.1481
76.3845 26.0598
78.0707 28.7939
78.8191 27.7435
78.5535 27.8385
76.3538 27.7225
74.3451 28.6427
80.7205 25.2166
76.9409 25.6905
71.2564 25.9057
72.2778 26.5212
71.3378 27.7185
74.1932 25.1662
75.3982 28.0289
66.6858 27.9036
62.3027 26.6771
62.8928 28.2158
71.971 28.2705
65.9211 27.2172
68.8002 27.2577
66.405 27.3838
63.9515 27.7807
64.018 28.6159
69.3964 27.5149
70.4163 26.0006
69.1754 26.2402
63.8406 26.497
73.2984 27.8228
76.4667 27.9662
72.9962 28.0005
68.1464 28.0687
68.1464 24.6307
67.1688 26.8171
59.1295 26.0254
63.0847 26.5265
64.1418 27.6126
64.3316 27.4358
66.0648 27.4825
67.4232 27.2798
71.5918 26.2724
69.5138 26.3455
70.9335 25.5093
72.3357 26.9014
73.6999 26.0984
80.2287 27.6807
76.4239 28.0186
66.3547 27.8214
69.3966 26.0231
68.5461 27.0755
65.776 30.9905
61.8538 26.6946
60.5434 28.8131
66.5079 25.7964
68.0298 26.884
67.6685 30.1696
72.6541 27.7541
63.9512 29.457
66.9749 28.6025
64.3405 27.6822
67.1882 26.0562
70.6157 26.0853
70.8866 28.5343
70.6145 29.5729
67.7997 27.0989
66.1903 26.8379
67.8758 27.3053
67.664 26.2295
72.8544 26.5449
73.0321 26.674
69.5081 26.6768
72.8504 24.9504
63.8836 25.0192
65.1008 26.7051
62.1046 29.5609
61.6568 27.7009
65.4943 26.027
64.6627 26.553
63.6681 26.7654
62.0349 26.9682
64.0495 25.7359
64.742 26.8364
69.0056 26.9591
67.3646 26.5649
65.7548 26.8727
72.2526 26.2638
67.6815 27.2227
64.946 27.7233
76.0774 26.0465
74.4583 25.9147
68.3745 28.2133
76.0785 26.9288
69.0162 25.7031
65.0354 24.7214
69.8023 27.5982
73.1975 25.0423
67.4534 28.8184
66.8337 28.991
64.706 26.0573
68.7946 26.0874
62.1971 28.9675
70.5797 26.0806
66.9537 28.9913
74.7334 27.3062
74.6698 26.826
72.288 27.7137
72.8352 27.2037
75.8802 27.2448
73.0224 26.9471
75.3125 26.4704
75.4959 25.9563
74.4171 27.6205
74.963 29.5889
70.2375 29.7053
67.7472 26.3253
65.201 27.8519
66.091 27.7315
74.596 27.4332
70.5355 27.0049
71.7558 27.849
68.2193 25.7865
69.5483 25.4579
70.7622 28.3845
67.5121 27.1919
64.998 26.5472
61.1449 27.986
65.8258 28.0196
66.557 27.6433
67.3334 27.2096
65.7608 29.3144
69.7831 27.2857
70.7125 26.4908
73.8151 28.2984
74.571 27.2512
71.2371 26.8562
71.0432 26.4854
72.841 26.6786
73.152 28.2061
73.4526 28.9632
76.0552 26.0955
72.3838 27.6383
69.8862 26.337
76.0986 27.0595
69.9158 28.0796
74.2241 27.4762
69.493 27.5648
68.3822 27.1602
70.5974 26.4469
67.8567 26.3899
71.265 26.8564
69.0908 26.7357
63.2891 27.3651
59.2686 27.546
67.5968 26.5099
67.4038 26.9912
69.9063 27.8003
74.8239 28.1173
73.2022 27.7604
77.7679 27.5005
75.0429 27.209
80.1299 27.3114
78.6835 27.777
76.9943 29.0852
76.1726 29.3196
71.8609 28.771
73.863 26.1002
75.6189 28.8676
72.1532 28.7425
66.6093 28.1241
71.8226 26.7144
64.7668 30.1388
65.4624 27.9133
74.5127 28.9354
77.8028 26.5052
73.7183 25.5856
75.1567 25.9666
70.8357 24.9849
71.5887 25.8543
77.3344 25.9144
78.5112 26.3042
76.077 27.4533
81.6231 27.2261
80.0422 27.5662
80.6517 28.3113
66.9924 28.036
68.4835 27.2168
68.2282 26.1949
67.2459 27.6798
64.5619 27.1657
60.4236 26.1682
68.0302 26.4457
70.5573 26.5029
75.3019 27.1039
66.0975 26.7445
67.4843 26.6488
67.5574 26.7878
65.5497 26.5448
65.673 26.3249
66.6528 26.315
71.2496 26.2469
73.2539 25.6968
69.9642 25.6587
68.8942 27.7198
69.4422 26.8184
64.2332 27.1344
60.5045 27.7574
60.5045 27.6035
63.4746 27.5101
61.7379 27.3966
55.7051 27.3274
62.048 25.373
62.048 28.7535
58.8307 24.3956
58.8307 26.2002
64.3101 28.2698
66.1641 26.0057
69.9784 26.4823
65.7017 29.7311
67.2694 27.4373
63.2765 27.8836
66.5721 26.9305
73.9095 26.7031
75.494 26.6273
74.0187 26.7174
70.2336 27.5067
71.249 26.2142
62.8475 26.109
65.1436 27.6633
65.269 27.8128
65.9962 27.1422
65.3538 27.1752
64.8527 28.3849
66.5119 25.9176
61.2602 28.4505
62.6933 27.2357
61.769 28.7617
59.8841 30.3722
60.3818 29.6317
62.4157 26.1062
64.4051 25.2988
63.6791 25.174
71.6841 26.6682
70.7356 27.4477
71.3854 27.2301
67.8879 27.8493
67.3301 28.6085
62.2624 29.2932
62.7889 28.3297
62.9225 27.6566
62.886 27.6385
70.0063 25.6098
70.6761 26.0122
70.6437 27.4652
69.7589 28.2202
75.6469 28.5738
78.2701 26.1616
80.9559 28.1518
98.7627 28.1252
98.7627 27.2765
98.7627 27.9505
104.898 26.5748
97.8267 27.9848
87.9151 28.0029
88.6027 28.0488
84.732 25.4305
82.3331 28.0391
87.4541 27.4021
77.1351 26.6385
73.4542 27.2238
76.7813 27.1915
67.1273 25.6562
67.0363 27.1224
72.2498 26.4782
73.2271 27.2906
74.586 26.8364
72.5402 29.3711
73.214 27.2988
75.7033 27.8793
67.5426 27.4532
67.7875 28.4711
72.9709 27.1579
71.2623 27.3307
73.2486 26.8813
71.3178 27.2216
66.0649 27.2183
65.0238 26.1292
55.9082 27.462
60.5212 29.2306
63.6288 27.3727
65.5513 28.1868
65.6983 26.889
68.3932 27.3148
67.7505 27.7041
72.2365 27.288
71.4817 27.619
69.7131 27.9894
66.1537 28.533
70.9891 28.7918
69.7068 27.8702
73.5592 27.7666
66.6748 27.649
66.6261 27.2176
69.3792 27.8825
71.6132 26.699
73.3988 26.5476
77.5192 27.0209
75.241 27.3948
77.6991 28.6879
80.624 27.4643
83.8845 28.0758
77.3838 28.4463
70.5467 26.984
67.7341 26.8706
69.8653 25.1103
68.6965 26.9584
63.2407 27.1917
59.255 28.4697
70.0031 25.9673
71.6644 25.7025
73.8163 26.7039
67.8221 25.3153
71.5388 25.9991
70.1813 27.044
72.5489 28.1236
80.2378 27.5248
68.9056 27.1568
70.1155 27.8017
71.1834 27.2009
73.2133 28.9304
77.5601 27.7117
72.8996 26.6383
75.7644 27.1665
76.4625 25.1874
74.7017 27.3746
77.1251 28.1335
73.9952 28.4232
76.762 26.8645
73.5985 25.0051
74.118 25.5584
77.1848 26.475
71.9788 28.486
72.1088 27.2639
75.9858 26.1994
70.519 25.6871
67.4499 27.629
68.6117 27.2402
69.3668 27.413
69.4017 27.3234
74.1105 27.1091
76.3096 27.054
74.285 27.0915
77.1403 28.1021
77.0532 27.3992
89.476 27.7146
87.0184 26.8625
80.4766 25.8651
79.6948 28.151
81.1758 26.7266
85.3151 25.2824
84.3355 24.9601
79.4437 24.7187
77.5982 24.2811
81.5471 26.2846
76.4211 27.0965
76.4211 28.7784
67.7145 28.964
70.0836 26.7865
68.1108 26.7496
71.1166 28.1034
73.7831 27.152
75.5502 28.2851
75.4225 28.4698
75.974 27.7626
77.6474 28.7488
75.3984 28.2562
78.0592 28.7467
81.059 27.0929
76.5502 27.4283
76.5511 27.3358
76.9126 27.7864
75.0162 27.9847
71.2324 26.886
71.2638 27.2946
70.1102 29.3697
75.747 26.3086
72.0426 29.6678
77.8131 26.7345
72.5973 26.3756
73.3175 26.4754
68.5742 28.7426
73.9774 26.4652
70.5835 28.2995
66.3297 26.8061
65.139 26.7629
60.6588 26.2492
66.1193 27.4555
64.0149 27.74
62.3254 26.3144
64.7848 25.8202
63.2947 24.897
55.8728 28.043
64.7949 28.5618
67.7984 26.5339
67.6422 27.342
69.8293 27.381
74.2015 27.8167
71.6096 27.6587
79.1821 27.7323
83.9542 26.5299
77.1019 28.1261
67.9335 26.8958
68.0541 26.4224
68.3842 27.0217
68.548 27.1077
63.9603 27.9486
65.0715 28.1221
67.461 26.9112
64.9706 29.1763
57.4833 28.4577
60.5013 29.0505
59.4792 29.0067
59.7011 28.575
58.7754 28.2137
63.5124 27.7137
65.8258 25.9131
65.8258 26.3263
64.7703 26.0238
62.2888 30.3378
62.3508 29.2992
62.2852 30.2306
61.8863 26.3179
68.2589 27.3549
68.8562 26.8636
68.6403 27.6865
68.5362 24.666
70.8759 25.8381
75.2018 26.7408
70.4982 28.4697
70.2973 26.7936
79.8989 25.8549
81.7119 25.5896
75.8262 26.2239
76.302 25.9488
79.6566 27.682
70.2155 28.1561
69.4634 26.1931
75.4548 27.1855
75.3696 27.1351
75.7942 26.3232
71.964 26.4563
65.4917 28.0692
65.912 27.9494
69.3796 27.1878
72.6543 28.6398
75.812 29.2574
79.3281 25.7844
77.1565 27.3549
76.5105 28.5051
72.6573 25.5052
79.8453 28.2006
73.4656 27.1476
72.8587 26.9844
72.8316 27.1862
70.862 27.7803
71.2689 26.5735
64.9239 28.8694
70.5007 26.7871
69.0116 28.2379
68.7165 27.3077
64.9215 27.9295
68.3089 27.2373
66.5193 29.4299
65.9882 26.6655
67.5242 26.5453
71.5309 27.1883
71.186 26.5921
68.0799 26.6686
73.4382 25.5322
75.0538 26.8615
71.2118 27.041
69.8721 26.4524
70.8576 27.2791
69.5047 28.1671
71.874 28.0856
70.475 28.1229
69.2376 28.1681
67.264 29.0477
71.7683 28.4906
69.3468 28.7775
69.3131 27.9588
71.173 26.6402
63.0063 25.4878
60.083 26.8355
63.0826 24.9091
68.1562 26.86
67.8528 28.1997
64.2005 26.1606
68.2883 26.5076
69.2981 27.1673
67.2423 25.3364
68.9443 24.2891
62.3004 27.6408
59.1711 26.5982
61.9206 27.6282
61.2307 27.7218
63.1433 26.5063
61.3927 27.5719
61.8355 28.7441
63.7259 28.228
64.9573 27.7464
65.3114 27.7574
72.5043 24.4913
68.2887 28.3976
73.5335 26.3619
72.5346 27.6799
72.5346 27.16
74.155 27.0895
79.0205 26.3065
79.0205 27.5202
77.6845 26.4595
80.4978 26.2081
83.3128 27.5163
88.4347 27.3894
85.8041 27.4367
72.5945 27.6765
70.6962 27.11
82.2216 26.0606
80.6753 26.3335
79.3153 25.7525
81.8919 27.4473
87.6743 26.9067
87.9484 27.7979
75.6199 26.7381
79.4944 26.6413
76.0573 29.2152
77.5122 26.6524
73.5801 27.0659
70.6621 27.4518
71.7535 27.3513
72.0558 27.1278
63.9645 26.9712
64.433 28.0533
63.8201 27.5756
63.111 27.8396
62.6562 28.6891
63.4603 27.2244
64.7089 27.3418
69.3213 25.3199
65.072 27.1809
70.1415 27.4804
68.0224 27.3087
64.8193 26.4936
66.1996 25.7026
66.3117 26.4875
69.7517 23.9948
71.9854 27.9187
72.3529 25.9737
68.9711 25.9187
61.5459 29.3753
57.0453 29.0536
61.5928 28.6925
64.7245 27.8713
73.6931 27.8967
70.1066 27.4254
67.2276 26.9166
66.642 26.4183
71.9541 26.7675
76.1648 27.7249
74.5282 27.2765
65.9482 27.0509
71.584 26.5865
71.7344 26.3968
71.9782 26.6248
73.3926 27.296
71.8082 28.6649
77.119 27.3538
71.0504 27.7748
71.0225 24.6944
73.8876 26.3842
66.01 27.677
68.8215 26.4909
67.8876 27.6027
69.7611 27.08
70.8193 28.7018
70.09 28.0144
70.1825 27.8451
66.7561 28.995
67.6237 25.9519
68.6812 27.387
64.3861 26.5694
69.3665 26.2425
72.1467 27.4836
71.6413 26.2662
69.566 26.0424
72.1983 27.4819
72.3983 28.6281
68.1681 29.707
69.0266 27.8358
66.2376 25.5886
61.8522 26.1046
62.1348 27.0747
57.4215 27.2204
66.9195 25.2709
62.5686 26.5217
67.1983 26.6301
62.6521 28.3433
61.6807 28.7821
64.976 26.2454
71.1306 27.3351
68.2566 26.2704
69.993 25.5719
70.4113 26.2609
66.4789 28.4823
71.4274 25.351
66.184 25.0761
61.1956 27.9893
62.1921 27.968
64.475 25.4024
66.2264 28.0739
68.6871 28.9616
71.3463 27.4252
71.5809 26.1645
68.3799 25.7986
69.6346 25.9898
69.0773 26.9535
76.7811 27.4606
65.9509 25.8638
69.6829 26.9473
76.0053 26.3289
77.983 27.1568
79.1939 27.1999
78.6445 27.682
79.3087 25.3192
75.4079 25.8567
76.026 23.8953
67.7662 26.4675
71.6872 26.4128
70.196 27.4136
69.6996 25.1923
69.0398 25.2952
66.3284 29.1013
62.2637 27.1522
62.2637 26.3464
64.9946 26.214
62.5269 27.0087
59.5301 29.3514
66.6089 28.2911
68.3577 28.3159
66.4424 25.281
63.6467 27.9995
66.5505 26.1817
60.9727 26.73
63.3849 27.1741
67.0808 27.8316
68.184 25.9371
68.5107 27.0839
65.095 26.2484
66.0339 26.863
61.8001 27.3887
61.2376 26.0969
62.4211 25.9965
62.2296 28.1405
62.4491 28.4507
67.4957 24.5944
68.4877 26.0812
69.163 26.4127
67.961 28.0718
67.9279 27.7746
68.0419 27.8418
61.7748 27.0735
63.7618 29.0711
69.8611 28.8277
67.7036 28.7974
66.9382 26.4318
64.9037 26.1434
68.3906 28.7016
70.9786 26.683
63.2065 28.9154
70.1654 25.6506
68.0267 26.1413
66.0079 25.5533
60.6448 27.5015
66.4362 28.1375
63.5719 27.6698
69.0578 27.7246
68.4143 27.2422
76.4044 26.2024
72.7614 26.5108
71.1538 26.8557
70.3943 26.9448
75.9447 25.855
80.3299 25.7728
70.9692 26.2355
70.9035 25.4633
65.4703 27.5977
73.9853 28.2209
72.0184 27.1738
72.3683 25.6159
69.8619 25.9271
71.3885 26.2736
75.0873 23.9721
74.3682 28.0723
72.0073 26.8858
70.6189 27.6389
70.4227 26.5908
71.5021 25.7932
69.1815 27.658
68.8885 28.6712
76.8981 29.4705
76.2323 26.3044
73.079 26.2393
75.306 25.6657
76.8223 26.4817
72.9153 26.3139
65.995 28.219
59.607 26.9337
64.2915 28.2591
63.1493 27.3004
63.0408 27.352
66.0128 26.6366
65.3707 27.1902
67.9966 28.7361
66.5269 29.4251
68.1625 27.361
74.804 29.1871
73.0835 29.6311
73.2354 27.7761
71.9701 27.11
79.557 26.7713
71.9195 26.5877
76.8367 27.3394
73.7635 25.0858
72.5688 26.5021
70.9774 27.7461
66.3153 27.4862
66.7545 28.0364
66.1529 29.0999
66.0022 26.9631
70.0082 26.742
73.0562 27.1036
69.3853 27.7645
74.9173 26.8354
73.6796 26.9859
70.8099 24.7577
66.5073 25.6988
65.314 27.8521
62.0206 28.314
58.3364 28.3277
61.995 28.9186
61.1597 28.4658
61.2504 28.1508
64.5732 26.7033
62.4925 28.1764
58.7929 29.5934
62.4864 27.7513
69.6378 28.4745
66.2459 25.8304
62.1978 25.8753
63.8236 26.4358
62.2577 28.561
64.2638 29.7512
69.0049 27.7925
66.7 26.6182
70.2608 26.5008
66.5597 26.536
71.182 27.6374
69.9664 28.3931
78.9725 25.7386
78.5042 26.9283
75.873 26.9297
74.387 25.7714
68.3357 26.5231
67.1392 27.6748
68.5045 28.1738
72.2277 28.0844
72.8369 25.9988
68.941 26.6348
65.4388 26.5402
68.9243 26.8757
64.5506 26.4194
65.4652 25.8135
64.3099 26.7448
62.4053 27.491
62.3717 26.0839
64.5573 25.7104
72.1664 25.6499
69.7976 27.6344
74.8363 26.8596
73.9435 26.8493
76.2092 26.4996
77.5925 25.3559
71.6124 26.758
64.5775 28.7559
70.3471 25.7429
70.1616 25.4196
70.5772 26.8028
66.5922 27.862
67.8969 28.0452
66.4918 28.8149
62.5967 28.1094
63.0156 25.9594
64.6454 26.2125
65.7584 27.5025
67.8889 25.779
60.1738 28.1294
60.9821 28.3129
63.8103 28.3018
65.7535 28.551
66.5619 28.0004
67.3442 26.863
66.8108 26.2431
66.4039 27.1247
64.1327 29.0985
63.3913 28.11
66.8555 27.4434
65.7814 28.8119
73.2208 28.3136
69.9131 25.6517
67.8845 27.1014
67.8499 28.8977
66.1826 28.196
62.8184 29.6364
60.6495 26.0138
62.9691 29.8911
63.406 27.8196
63.406 25.9599
63.0496 28.3132
64.0661 26.2982
68.6837 26.4729
67.5496 28.0832
67.2272 27.2041
67.7222 27.7617
74.0871 27.1463
73.5127 26.5571
74.3997 25.6225
69.8823 27.0128
70.1166 26.7505
67.199 29.4782
67.9303 27.9596
69.1815 27.9213
67.105 26.9872
66.6002 25.7949
68.4226 26.8707
71.3343 28.58
73.1916 27.4978
71.7787 25.2582
74.413 27.3797
72.4302 26.0614
69.9464 27.544
70.8665 29.2497
74.2499 26.8011
64.3036 28.0753
68.2797 25.2423
71.6665 25.4251
65.4921 26.3912
67.5113 27.4806
75.4295 26.1765
72.7927 26.3581
70.1732 26.6518
72.2742 25.7522
71.5918 24.4943
68.2273 27.7004
64.4404 29.6061
65.2656 28.6982
63.1104 27.3398
64.378 30.1109
64.5928 26.124
67.8643 26.638
64.9532 28.053
69.4341 25.1703
74.9804 26.1087
70.9029 28.664
68.3871 29.0794
71.7923 26.2905
81.7761 26.1372
74.7242 26.6296
78.5486 26.5551
70.1516 28.7218
80.0742 27.576
78.2843 28.5336
80.46 26.881
80.7052 25.3688
85.9684 27.3071
83.4507 26.7491
90.2606 25.9914
87.1709 25.0017
78.9176 27.1632
80.8023 27.9849
82.1927 27.5783
78.6747 25.6994
82.2262 26.1233
85.2149 25.4967
76.587 24.7884
83.3204 28.2012
71.6298 26.9748
76.192 26.616
77.3105 25.1685
70.8691 27.3595
69.9414 28.1965
76.8624 26.4906
77.0891 26.3191
76.7672 25.7664
76.5517 26.0704
75.2134 27.1814
81.8743 26.8092
77.8052 26.6683
77.5587 27.4958
74.4437 27.5633
72.3508 25.9004
78.6011 26.7351
79.109 26.6035
76.625 26.6278
78.3604 23.6905
72.5587 28.2036
72.934 28.1397
76.2178 24.675
74.3438 26.6109
75.4482 28.0093
71.2409 27.9518
65.1977 27.3742
61.9622 27.0775
69.7048 26.032
69.8996 26.0667
70.2354 25.4204
78.4826 26.9255
73.8247 29.3438
80.0779 27.2985
75.8849 28.3603
72.1313 26.1948
75.7748 26.3863
74.2409 26.3879
67.8058 28.2549
66.729 29.1102
68.5175 27.8236
74.3174 26.6945
71.7033 27.3907
68.6312 27.5841
71.4565 28.9626
75.3649 27.8552
70.453 28.6282
70.453 27.6131
71.7989 26.1043
67.7038 26.277
70.513 25.3627
70.0909 26.5872
66.758 27.8053
72.0514 28.7906
68.0726 26.0383
70.2723 27.9501
73.3827 28.7093
66.4447 28.9893
58.7829 28.9338
67.3103 29.3867
73.3978 27.4625
64.4192 27.8033
65.0881 26.0974
65.6997 29.1163
64.9527 27.9393
68.6705 27.637
79.6133 27.2633
69.2566 27.4212
63.883 26.8762
62.1039 27.4059
74.9502 26.6447
80.5857 27.2063
64.8028 28.1342
68.6538 28.0063
65.0967 26.4868
66.6248 26.1695
72.0762 26.1362
72.1523 25.8451
76.5105 26.0057
73.5924 27.2975
77.5234 26.3036
74.8985 25.3734
82.0191 25.4605
78.0913 25.6881
79.772 27.5479
71.0696 26.7591
66.8308 26.8412
73.8943 29.1614
72.0961 27.4003
79.539 28.9701
80.0802 28.491
83.9683 26.807
79.7952 27.7906
76.2177 28.7607
78.7567 29.083
78.0209 25.6771
83.4587 28.1405
79.1779 26.9732
76.8687 27.7588
76.122 24.9742
77.3412 26.4127
78.6069 26.4223
84.2655 25.4924
81.8186 29.2916
77.0862 28.3237
80.8701 25.3215
87.8983 26.0315
81.0086 26.4524
76.1877 26.4083
74.7921 25.3177
73.2195 26.8688
70.7493 27.7167
71.2246 27.6285
74.8079 26.93
81.5938 27.2058
79.9113 28.1208
93.5675 27.7372
84.7423 27.0008
84.7423 25.0769
80.2782 28.5156
82.1227 27.7833
83.8641 26.5428
83.9968 26.9933
83.9968 26.7398
83.446 26.3784
78.1087 27.4739
87.6406 27.9121
83.3701 27.151
84.9857 26.9019
81.428 27.1926
74.3181 28.2028
76.9293 26.3198
84.4131 26.09
76.8914 26.9095
85.563 25.9773
74.0626 26.9179
77.8972 26.7884
78.9997 27.8023
74.8296 28.3078
75.0378 28.2857
81.3051 26.8348
68.6886 28.571
70.4907 27.3177
72.537 25.5948
72.4798 26.4422
69.8935 25.7908
67.1191 26.3532
70.0973 29.0527
69.0472 28.6869
73.4198 26.4922
74.8386 26.3013
72.8087 26.0064
81.1046 25.8863
78.0206 27.2115
84.6683 27.7515
79.3914 28.6231
78.4283 28.5807
78.7765 27.9161
73.2439 26.802
62.2126 30.727
65.903 27.6303
68.6722 27.1629
69.8975 27.2156
70.4362 27.0462
74.7089 27.1596
79.0977 27.7347
77.8303 26.6861
73.4682 27.971
71.8387 27.0896
74.5362 27.8076
73.9842 26.5389
72.5461 26.8941
64.137 28.2711
65.6104 26.1606
66.6553 26.1536
62.0303 27.7553
70.2773 28.9415
76.4471 25.743
74.2641 25.0199
71.2571 26.5892
81.294 26.1628
76.4573 26.5727
78.1055 26.9948
80.1841 28.6179
77.0586 26.9031
86.4011 29.2446
90.6371 26.9405
90.3457 26.9409
96.3319 27.2329
93.6962 28.0291
86.1587 27.902
86.6714 25.8976
81.9791 26.8815
76.1613 26.4243
81.2466 26.4001
84.8647 25.7697
88.6277 25.224
88.7761 27.0985
88.7761 27.7278
80.7674 26.6753
79.8075 27.6062
84.8918 26.2006
85.6133 25.4604
85.9798 24.297
78.0553 27.8407
73.8871 28.161
72.9992 28.149
77.9284 25.8195
75.858 27.0307
74.4354 26.9175
77.5186 25.2663
74.6349 27.3672
70.2579 26.2209
73.5504 25.6131
68.9208 25.0589
70.3207 26.0062
67.9641 26.2763
70.0429 26.0618
62.394 27.7716
78.184 24.9879
74.1353 28.3567
74.9511 28.8406
75.4884 25.6949
70.447 27.0026
65.9013 28.4554
65.3402 28.1437
61.2957 28.6521
73.9333 26.957
65.5386 28.6523
78.151 26.4943
72.0545 28.4143
75.1282 26.0986
74.2605 26.2845
78.3651 26.2925
76.9095 26.2895
71.2045 26.3256
74.516 26.3325
78.9276 26.3206
78.0523 27.9492
70.2492 28.4488
66.2593 27.5597
64.2624 29.3596
73.4825 25.7768
77.1426 26.9801
81.3163 27.1229
81.5863 28.1874
77.1796 26.6982
76.8286 26.0556
75.1867 26.5397
75.8088 25.9629
68.8934 26.5458
69.0031 27.2592
80.6351 26.7433
77.0561 30.113
75.7524 28.3091
78.8518 27.7037
82.7432 25.8944
82.8456 27.3134
80.5287 27.383
81.9361 28.2365
84.0242 26.0778
79.1167 26.9441
82.4652 27.106
81.0052 26.1306
81.2584 29.2243
80.63 27.1909
78.0228 26.4552
77.8861 24.6268
76.1936 27.6112
78.262 25.8405
73.0549 25.6009
69.9726 27.1756
74.0683 25.6434
69.4625 27.7808
66.5505 26.6245
67.7606 27.8687
65.1267 28.5542
65.9177 26.5036
64.112 28.2742
61.4189 27.3803
59.3381 27.3752
57.2275 29.4015
57.2275 27.6313
67.8041 28.2313
68.1304 26.5269
66.8759 27.9138
74.3991 26.2462
66.6672 27.3596
72.1279 26.8073
76.1485 25.5635
85.0658 25.0869
85.0658 27.1837
93.5452 25.0505
98.4611 25.8895
108.894 26.715
96.5304 28.6339
104.624 28.2474
89.4107 26.6641
87.5635 25.8368
77.5555 27.0922
72.8098 27.703
67.7535 27.7045
67.0813 27.7427
62.7753 25.5596
67.5239 29.2983
64.9486 27.8398
63.6177 28.3014
65.1738 28.2305
74.9097 25.9191
75.3272 25.8578
75.3272 25.703
71.982 27.6849
71.6673 26.359
75.7359 25.8446
72.16 26.5444
68.3624 27.9095
67.6471 27.6058
73.46 26.6632
71.59 26.9449
70.688 27.8445
79.5459 25.5719
70.6559 26.743
69.4042 26.1167
64.6931 27.935
61.6437 27.859
69.7478 27.9582
69.4514 26.8395
75.5343 25.9273
81.5924 25.6119
80.6945 27.4828
75.4571 28.2137
72.6158 26.1075
75.5284 26.9047
77.8276 26.5908
74.6095 25.6835
72.387 27.6524
72.6072 27.9555
77.8139 26.801
77.074 26.8511
82.488 25.1702
76.333 24.6112
77.8197 29.3911
77.6809 27.6569
78.2797 24.5081
75.7951 29.1743
90.8531 24.8964
87.803 27.6387
82.2679 28.4304
84.4273 27.3725
77.5885 26.3159
78.303 24.5777
82.5197 27.274
78.5952 25.9879
78.6534 27.825
67.9352 27.6245
68.109 26.9074
65.159 27.4174
66.2085 29.0927
69.8431 26.4865
66.4222 27.564
64.8915 28.0871
71.7748 28.7986
67.0918 26.9956
65.6877 26.8081
66.477 26.7854
79.5682 25.0385
68.735 24.6102
77.6218 25.6512
75.3982 25.5598
71.035 28.1285
60.569 26.7895
54.9039 27.8642
60.7949 26.277
65.812 26.303
69.411 26.1188
74.473 26.9509
70.3999 27.9634
66.1799 26.092
65.6951 25.3074
68.0824 26.9887
71.0363 23.6494
70.2391 26.8995
65.7006 26.9446
70.3936 26.1752
72.2678 25.3872
74.3501 24.4232
72.8342 25.807
69.835 26.3255
71.3312 25.7759
71.6671 26.0718
68.2121 28.9187
73.3739 27.0906
71.9425 28.0126
69.0771 26.4775
67.2568 27.7827
65.0878 27.3131
64.9559 27.7371
62.0024 28.5247
64.8281 28.5103
62.9854 26.5912
68.254 28.3949
69.5373 26.7843
69.2689 25.0137
67.2812 27.3999
64.6058 27.6608
67.3459 27.4556
68.0782 29.3085
62.2672 26.681
67.9775 26.3815
72.6323 27.7392
74.492 28.2752
70.739 26.5003
69.7376 25.4732
62.9061 25.988
65.8804 27.0622
61.7003 27.4476
60.9118 27.2046
58.346 27.2825
58.1991 27.0842
67.5752 24.9359
70.8332 25.1469
71.4892 25.2081
71.8832 25.3831
68.5937 31.0778
78.5773 25.8434
73.6106 26.957
73.4095 28.814
77.5462 27.2261
63.908 26.9981
67.134 27.9257
73.8206 27.2959
84.0145 27.3826
80.11 26.7251
71.7111 28.7004
69.767 27.4131
74.4469 26.029
73.7943 26.1263
70.4555 25.3569
71.5531 27.8249
69.1394 26.053
70.0818 27.7473
71.6662 27.3457
71.2692 25.1285
73.465 26.3018
74.1968 28.5205
75.195 27.2516
79.4383 28.4395
80.8031 24.5741
75.0322 26.0439
78.4666 25.9903
72.8847 29.7241
72.5128 28.1651
69.9544 28.1966
68.6941 28.2691
67.0785 28.4901
69.7199 26.5907
69.0113 26.68
68.3839 28.5223
68.0895 25.8608
61.9903 27.6273
72.7527 27.2791
68.3208 27.4995
65.0442 29.2796
72.4944 29.333
72.6435 25.4643
68.3427 27.3312
68.5683 26.999
70.0177 27.4483
65.0939 25.7491
63.0784 27.5523
65.4262 27.429
61.4866 28.1086
67.6507 26.9076
67.6507 28.5668
72.8443 27.2767
73.509 27.4221
73.2035 27.2257
76.3536 26.1222
84.1249 26.4861
80.4923 25.2829
89.1773 26.235
78.5195 26.0713
85.0521 27.48
74.4312 28.2963
77.7964 28.638
85.9833 27.3747
82.3945 27.3061
82.1395 27.7525
96.7808 27.5607
93.2882 25.3791
95.1966 26.2122
99.0873 27.4138
105.75 27.4375
88.7557 25.3298
83.8561 23.6696
76.837 24.4408
73.1043 27.996
72.4026 28.3002
77.5289 27.0461
76.5325 28.0295
73.3753 26.2398
82.36 24.5504
74.6892 25.864
74.6892 25.3564
72.5313 26.3388
68.4524 27.464
66.0241 27.6813
66.2197 27.7328
60.912 28.155
60.7365 27.4858
68.8276 25.9242
66.5179 27.3342
65.0774 29.2526
66.6862 27.4651
64.1481 27.7193
66.9354 29.4544
70.6503 26.6503
74.9979 26.1429
71.0342 26.0502
65.8911 26.0259
63.5144 28.5104
68.9815 25.0399
68.1174 27.9493
66.7414 26.0652
69.5827 26.7052
72.2416 26.0957
72.831 26.7508
74.4597 26.3323
89.351 25.5377
86.2397 28.9525
82.9277 27.5967
84.8741 27.3867
84.9809 27.2784
90.4321 26.0431
78.3553 25.9834
78.2199 27.8461
83.7073 26.6504
71.1887 26.389
73.2131 26.6315
74.8594 27.1679
75.8146 27.053
74.9616 26.182
74.5101 26.1355
71.4753 26.8931
71.4529 28.387
69.4826 27.6071
70.9354 27.454
69.252 27.8134
75.8322 27.5211
76.6128 26.629
70.1524 26.8409
64.7708 27.1534
68.5899 28.6328
75.6921 29.1487
77.9432 28.1827
71.347 26.3997
75.0366 28.8832
76.8849 25.9251
75.5146 25.3573
75.0458 25.3159
75.5299 26.5176
72.4459 26.4105
69.3714 27.4692
65.9102 26.2433
66.0425 27.162
75.4949 28.4092
69.0211 27.6836
72.7825 27.8898
70.6515 28.684
64.9419 29.8551
69.4495 27.2115
59.4575 26.2168
64.0205 27.7248
61.7193 28.0222
76.3851 26.9572
79.1075 26.748
80.5 28.1498
77.6852 27.5193
79.7748 26.2788
76.6908 27.7034
66.3515 27.4241
65.9366 26.0985
70.2638 27.4215
69.6975 27.2947
65.3422 27.9236
68.5981 27.873
71.8366 27.6757
70.5702 27.4112
76.3314 26.5987
74.2878 29.1608
79.5905 27.4822
69.1652 26.9411
81.1951 26.9028
84.0873 26.0896
87.4018 25.9884
78.4144 28.2018
81.6971 27.4921
75.0581 27.0452
75.7082 27.8013
75.5494 25.5826
71.3214 26.1236
66.4125 25.5535
70.5445 26.0968
66.3904 27.1466
66.6505 27.3422
64.4086 25.9564
64.6643 28.0046
65.8881 27.7475
67.9239 26.4272
70.1416 25.6932
66.3728 27.6424
66.3064 26.1797
62.1799 26.7088
62.0177 25.7743
60.8409 27.702
68.9661 27.0017
69.395 28.1967
68.0581 26.8838
66.0342 27.2079
70.3592 27.7414
70.0654 28.4492
67.9049 28.0403
72.3115 27.0026
72.3115 25.9944
67.1433 27.7242
72.0613 27.3422
76.8914 27.7444
68.5168 27.0533
62.3706 27.0815
63.443 25.6699
63.8258 26.3302
63.9307 26.4823
63.8606 26.7711
69.4058 27.2292
68.5822 25.4308
69.9782 27.3643
70.8653 27.6466
69.8211 27.7017
77.691 26.0691
69.1828 27.2394
65.7193 27.9935
74.6336 24.4644
70.5772 27.0059
71.7443 27.0066
73.2574 26.8121
75.2627 26.2667
75.0078 27.8771
66.2126 25.3573
62.0443 27.4577
60.1984 27.026
65.5962 27.0227
68.8017 27.0168
73.7511 27.1098
72.9521 26.7729
75.3922 26.5345
77.5681 27.5688
77.1647 27.5163
72.1116 27.6336
73.1042 29.1055
70.2302 27.1162
73.7545 27.7846
79.0101 27.6267
76.2859 27.2981
71.1138 26.6998
73.1905 27.6464
77.0681 27.2557
86.0297 26.9623
90.0848 25.7487
86.8655 26.9047
81.7968 27.0865
84.8168 26.7204
84.8168 30.4148
84.8168 26.5586
84.7074 26.4459
80.3221 26.3182
78.3428 26.2719
73.5988 28.2099
72.1617 26.907
72.7498 28.9367
72.7636 28.4041
70.8826 28.1351
70.4445 28.3403
68.5203 26.7299
66.3126 27.1401
69.7473 26.6391
74.2019 26.4481
76.2835 26.3706
73.0765 26.8704
75.4725 25.0083
73.5227 27.0668
77.3643 27.8794
72.0181 27.656
68.9607 25.5698
65.5415 26.2248
68.0885 27.4345
70.8785 27.0225
67.6649 28.286
67.7681 27.6762
74.4979 27.4118
69.6798 25.6172
75.2876 27.1059
77.1969 26.106
71.5209 26.8953
68.7836 27.219
73.3625 27.7047
68.1966 26.8373
64.3493 27.9353
67.9015 24.9289
74.2836 27.0989
76.1928 25.5033
72.9552 27.939
77.1959 26.6122
75.0265 24.05
71.0223 26.9165
70.5953 26.7015
68.7069 29.7975
69.066 26.6731
67.6347 28.5887
66.5082 27.0912
68.5507 27.4633
65.2302 25.7696
69.1076 27.3436
66.2722 26.3836
69.3966 26.7664
68.7777 27.7847
65.9805 26.6703
67.048 27.9407
69.904 28.236
77.8869 25.3411
66.472 27.1157
66.5154 28.9842
63.6435 26.4528
62.3788 28.2169
64.0615 29.6221
70.4531 27.3186
69.4852 28.1438
67.5815 27.8108
67.8259 28.8567
72.548 25.6752
70.0466 25.2266
71.7693 26.515
70.4152 27.9485
69.1629 26.103
72.2126 26.0722
72.7297 24.4982
70.9294 25.7764
75.5015 26.7684
74.4522 27.2794
72.385 25.6485
60.8191 29.5531
71.6359 26.5026
68.0381 26.0303
65.7083 26.0852
64.7527 27.9749
68.111 29.5492
68.3733 27.3969
69.4934 28.8863
63.9337 27.1629
70.2557 28.3324
70.7539 26.8648
72.9795 26.7501
70.5313 26.8665
72.2191 26.9147
72.3258 27.1389
72.6013 27.5105
69.5162 26.2354
67.7504 25.6201
69.366 27.7184
72.3431 25.8698
73.2281 29.8425
73.2823 26.7782
64.9545 28.7963
64.9545 26.8579
70.0963 28.0574
70.6536 26.0878
65.165 27.4547
69.2583 27.4985
62.995 26.8495
57.504 26.9577
67.5861 26.4689
61.5381 27.167
63.6813 29.1293
69.2638 27.0216
72.5388 27.1282
71.9162 27.1117
68.3744 26.2053
69.5671 27.7649
70.6314 28.1909
65.4655 28.6954
67.7782 25.3853
71.9867 25.4407
64.1415 27.332
62.5851 26.9287
60.6502 27.3212
58.4617 27.793
61.8045 28.0855
67.6561 26.4724
68.7498 25.2115
63.26 27.142
60.2061 28.448
67.6897 28.4338
67.6147 28.1519
65.9458 28.2604
64.5933 26.1492
76.4306 26.313
71.0317 26.3709
64.9174 27.0332
64.9139 26.4926
59.9508 25.9213
60.1075 26.6367
58.863 26.541
57.2197 26.6959
67.6073 26.0724
65.4674 26.179
66.669 27.7351
71.7789 26.3131
64.9287 28.8979
65.5675 27.8172
73.0647 27.9335
66.3861 27.848
64.6373 27.0228
65.9859 25.9889
63.8411 27.397
72.0586 29.3667
74.8426 26.6526
77.4428 26.1251
75.1402 26.2473
70.9602 26.8928
67.9489 27.5265
74.3752 25.5802
70.2405 25.1551
67.0804 26.9145
66.0006 26.7178
66.4895 26.7192
63.4634 26.0179
70.1851 27.4814
74.8266 25.2604
76.8102 26.0016
75.15 25.8563
74.6643 29.2229
68.3611 27.5743
67.2427 28.2483
74.7149 27.1928
76.4672 26.9979
73.7951 25.5031
72.6694 27.447
75.0152 27.2166
74.0525 26.7475
74.6287 26.743
74.0435 27.0836
74.5065 27.8537
69.3667 27.3271
70.0838 27.4483
70.6899 27.7364
65.8627 27.3936
65.8627 26.7419
60.9103 27.6166
65.3446 27.5136
69.7675 26.519
66.7353 28.0876
67.0125 26.2344
74.6646 28.3219
71.4424 27.4073
72.3084 28.3457
70.7241 26.1878
69.6458 28.0797
66.8676 28.2426
70.6562 28.3866
76.2618 27.7438
74.1493 25.7524
73.5578 28.7502
68.995 28.9073
74.3112 28.8411
72.6936 28.1425
70.3762 28.6066
73.0363 27.995
75.8007 27.1388
80.2214 27.9005
79.239 27.5677
83.4936 27.2837
80.5497 27.8237
75.1876 27.3458
70.8588 25.0289
71.6637 26.1751
79.3808 26.4994
73.3565 27.7973
74.2891 27.4693
68.9479 25.701
78.3296 26.5269
74.0775 26.1219
74.0775 27.1227
72.2675 28.1479
75.5667 28.3927
75.2867 27.5627
83.3009 27.6829
84.3853 27.6424
87.4593 27.8093
82.3183 28.1979
74.6307 25.3899
80.4746 26.4106
73.968 25.4261
76.6342 27.074
73.4416 26.8378
81.3607 24.245
76.3211 26.4466
70.0419 26.3215
71.5504 27.6264
71.1818 27.1957
68.8661 28.1238
66.7203 27.6739
66.0111 25.3423
70.2257 25.8081
73.016 27.7215
62.1421 28.5023
67.2779 27.5141
69.806 27.7475
64.9205 28.9496
66.3181 28.0112
64.0586 25.8834
64.194 28.1041
64.2211 28.4105
71.6901 25.767
74.0768 27.6833
74.1549 26.1175
70.7489 27.9528
80.2286 25.421
79.8212 27.1338
76.696 26.9486
77.9826 26.4375
76.5133 27.0818
77.7695 27.5664
77.5125 28.0442
71.7589 27.3456
70.4802 27.2351
66.1768 27.2646
68.7638 26.9862
68.9722 24.8762
64.369 26.9663
69.7159 28.1674
69.3343 27.4084
68.8231 26.8722
63.5726 25.1541
61.9307 26.7747
61.2005 28.4335
56.5066 29.2741
62.9178 28.3704
66.2832 27.2121
55.9709 26.6822
71.0062 27.2437
67.4069 28.0637
65.1522 26.3518
65.6022 28.1989
66.3617 25.4572
70.195 27.8148
71.7356 26.2026
76.5114 26.2457
72.9883 26.6809
73.7468 26.9003
73.4812 25.4878
72.9663 24.9378
74.0739 25.8124
75.7992 27.5182
74.2391 27.7429
76.4696 28.4917
70.5289 26.8533
70.2418 27.4212
70.4963 28.6856
69.1781 27.9926
68.6773 27.8975
74.1564 27.4352
73.4086 27.0089
75.9007 26.1621
72.1806 27.2974
71.9447 28.7187
67.3411 28.73
67.0812 28.2577
67.8436 27.6892
65.9126 28.594
64.2755 28.3947
61.2878 27.6674
63.9068 29.0253
64.6473 28.1554
70.3973 26.3021
70.0583 27.8421
66.6617 27.0659
70.0265 27.1781
61.5684 26.2608
62.9848 26.9562
60.8952 29.0591
67.2099 27.5744
71.4415 28.0744
64.6129 29.8447
63.7972 27.7912
64.0908 27.3439
64.8576 27.3357
65.8028 27.9069
68.3817 26.3928
64.5247 27.3419
65.7727 28.4386
65.1269 25.0674
63.7025 27.6321
65.4984 28.3994
68.21 27.7219
68.819 26.0471
62.0708 28.2069
62.5531 28.4442
64.8962 26.7082
68.9348 29.2446
67.4998 28.2617
68.8744 27.4968
74.6869 25.8399
76.5474 25.9216
78.1276 26.0247
81.8939 26.8221
72.8625 26.2723
72.6524 26.8608
71.4276 26.9398
71.7633 25.7723
73.8567 26.2609
79.9864 25.6299
74.0092 26.7573
81.4684 25.9748
76.6536 27.0196
81.3893 27.0318
82.5941 25.9944
81.0545 29.5204
81.0545 28.3623
80.4382 25.8656
79.6557 26.5399
77.1622 28.6364
71.63 26.1963
75.5269 27.4148
80.3567 26.383
72.3522 27.9439
71.9052 26.2297
65.9791 27.9488
70.7259 29.0094
70.81 27.0987
74.8483 27.3151
65.8167 26.6604
72.0904 26.6784
69.9848 26.6801
76.7609 26.6422
71.2809 26.6487
76.9209 27.7505
69.4898 28.0959
70.3819 27.0441
64.4206 26.7559
76.1667 29.1083
71.7566 28.5271
73.5112 28.5727
73.4029 28.4637
78.2551 27.0461
72.0997 26.8167
73.5611 25.7087
74.1658 28.0878
69.8201 28.3699
70.5418 27.8009
69.239 26.7349
70.1677 29.1517
65.7962 27.1673
69.7589 26.1041
71.0911 27.4777
64.8715 27.8585
61.6168 28.881
62.7735 27.8706
64.2095 26.5759
63.0916 26.7388
66.1193 25.6358
59.0397 27.5386
61.3046 27.575
60.4264 27.0518
60.1716 27.9829
63.7263 26.1378
66.1608 26.7601
64.646 27.3725
72.7525 27.8259
74.4415 28.1412
71.6103 29.5055
64.1252 26.0592
70.314 24.7958
68.9413 27.6291
71.3629 27.7919
61.9058 28.8656
69.5542 26.6665
71.4574 28.616
68.5099 27.8907
67.5645 25.8902
69.386 26.1284
72.3115 26.7123
64.2281 26.5305
68.0186 26.6863
66.5127 27.926
65.5142 27.1653
65.1066 26.9439
68.2536 26.6648
68.2673 27.1959
65.6961 26.7787
60.8449 27.966
61.5067 28.4321
61.0544 28.8773
59.9254 26.4301
56.547 29.7429
58.1103 26.0383
58.825 27.3955
58.141 26.453
61.0993 26.6573
64.3182 26.1138
68.5635 26.6835
69.1361 25.7501
74.6529 25.4712
77.8438 23.6894
72.1986 26.4736
72.5827 27.4186
65.9614 28.9466
64.9138 28.3678
64.3225 28.0063
74.1365 26.2743
73.6156 27.3039
67.2177 26.0844
62.9183 26.5889
68.1642 27.5629
78.6871 27.9972
76.7257 26.9601
68.7175 25.1816
68.5796 26.8709
71.339 27.5062
75.8833 26.3445
68.5496 28.4896
67.9551 26.3015
67.7373 27.8476
73.9681 28.187
74.6041 27.2232
75.7323 29.7548
88.6779 25.8962
83.341 27.8002
75.5413 26.0598
83.7978 26.9845
77.5187 27.0789
85.7411 25.3459
77.3316 27.6674
69.1341 25.487
68.9869 26.7933
67.1338 28.0749
64.6797 28.1152
66.6705 27.037
61.8701 27.8004
76.2351 27.4477
72.4206 27.161
71.9264 27.1898
76.2527 27.5319
73.7229 27.5581
72.2104 26.8583
70.1969 27.7105
75.2873 28.6893
69.1925 27.2362
64.4044 27.63
71.2269 26.3567
71.3538 26.5635
78.2837 27.0486
72.1078 28.0387
72.8303 28.4212
79.5978 28.874
79.2505 24.7609
81.224 26.2015
84.955 25.6164
72.7188 26.3344
80.3784 26.0052
69.2474 26.7485
70.3836 28.1875
75.6453 27.4365
73.4361 26.5977
75.2385 27.6333
71.3836 26.3514
76.5053 27.8186
75.4388 26.8758
77.6005 29.0004
80.364 29.113
90.729 29.1939
90.8672 29.4272
97.3107 27.299
85.7815 28.0488
88.371 26.6913
93.0353 26.3822
89.9859 27.1141
87.0158 29.1155
76.7538 28.0543
73.3351 28.0832
72.4937 27.1022
80.694 27.3959
65.1249 24.8901
60.4065 27.2998
68.8819 25.7168
62.653 26.3182
65.3775 27.2975
62.027 26.9008
69.2038 26.1321
73.947 27.5299
68.8034 26.9789
69.2533 27.522
71.7113 26.5901
65.7297 27.4771
77.0007 24.8445
70.1152 26.5354
72.3158 26.54
77.9661 25.9665
70.0781 27.6347
72.698 27.5728
61.9787 27.377
65.5949 27.8605
67.8783 25.8897
69.7664 27.8447
68.4797 25.8826
60.6757 28.1238
60.791 26.0234
67.3426 25.8686
69.4917 26.6983
67.5434 27.2498
63.09 27.3261
62.7987 28.104
62.4644 26.885
60.6743 27.6758
57.4054 28.0975
59.4574 29.431
63.8692 26.0676
66.3722 28.7215
68.6561 28.9217
76.6055 26.4704
76.884 26.7062
75.0777 25.2459
78.9233 25.7592
76.8257 26.1752
76.8257 26.7988
77.2427 26.6164
79.0959 24.4985
78.0215 27.8064
80.5679 27.4346
78.051 27.4093
63.3505 27.743
78.0654 29.0279
77.7598 27.0602
76.6683 27.0044
77.5694 27.1084
68.7649 26.9186
65.7552 27.8183
63.3898 27.0021
67.9666 25.9487
68.6317 26.9839
70.9956 26.1681
72.4224 25.94
68.8127 27.8535
62.558 29.1871
66.1899 28.4258
65.2096 28.2528
64.7314 27.1019
62.3864 27.0518
66.4923 27.4746
69.7395 23.9545
65.1129 26.9546
71.4087 28.2938
72.8453 24.7211
70.4625 27.3071
70.3538 26.0999
66.8621 27.3574
71.4699 27.5127
78.583 29.0559
78.583 27.8844
76.6199 27.8749
76.8202 25.5778
80.4258 27.2414
82.6291 25.2476
76.5386 26.1733
74.9865 26.7187
76.1109 27.9513
76.1109 24.8903
70.3399 27.924
72.2884 27.7155
72.0113 27.6779
67.5939 27.9585
69.9789 27.4101
67.7548 26.916
63.4948 27.5462
62.1764 28.0376
59.449 29.0156
58.7613 28.5747
55.1346 26.29
63.6527 27.0149
66.7522 27.9347
64.0055 27.0087
62.0975 27.7791
59.8519 27.7288
62.1056 28.7054
63.3893 27.8074
61.3843 27.3758
65.9865 26.0241
66.114 28.9079
60.883 27.8764
60.9852 28.9717
67.2749 27.4994
66.9587 27.2167
71.3971 27.3181
71.1232 27.0616
72.0539 25.5104
73.5914 26.5307
80.7075 25.4229
74.5109 30.197
71.4635 27.7518
70.6301 27.0649
71.6986 29.2092
89.6268 25.7584
87.5779 26.6233
90.756 28.163
90.7893 26.5241
94.3258 27.2779
94.5909 24.7525
115.208 25.9838
105.529 28.0164
88.5902 29.0153
105.107 27.9069
110.652 26.5178
99.4124 27.3976
96.7677 28.5247
87.54 27.0529
85.4796 26.0024
82.4102 26.3018
86.0254 26.2263
73.13 27.5229
83.5184 27.7803
83.3411 28.0518
86.2405 27.5525
87.6839 27.1852
87.6072 26.6635
86.7807 23.3023
90.1467 26.4122
89.8301 25.9914
83.7339 28.0939
97.162 27.4144
106.357 27.828
99.7191 28.7193
81.0639 27.7576
81.3201 26.0974
80.9597 28.6755
78.8357 25.8277
79.7956 25.9011
80.8025 26.7152
81.9083 26.4967
70.4868 27.133
75.526 24.9466
74.2966 25.6701
71.8723 27.0199
69.3643 29.8485
68.132 27.7251
70.6383 26.0707
70.6163 26.2294
75.2106 26.5196
76.2673 28.7899
71.5348 26.3763
71.08 27.2672
70.972 27.8497
74.5454 26.8217
75.568 26.7422
80.031 25.8694
74.3818 28.7622
78.9696 26.0371
76.0412 28.718
75.769 27.2547
74.2652 27.4015
71.188 26.7592
76.5657 26.2882
78.9203 28.4648
72.6093 27.9252
67.173 27.8961
62.9851 29.1859
64.0782 26.8847
60.1231 28.5389
65.4447 28.6952
66.4489 26.3867
62.4649 26.5384
56.6785 27.3839
60.5213 27.3401
55.2086 27.4373
60.2475 27.4397
62.177 27.4226
60.3329 30.4282
65.85 27.2907
68.1688 26.4675
67.267 27.5528
70.7391 28.8663
64.6813 27.7158
62.548 28.1852
60.0051 28.0444
63.2307 26.2708
65.9581 28.2876
64.6231 27.4526
68.7049 26.9884
68.6943 26.9103
69.3361 25.9014
70.101 26.8857
80.0304 25.4454
68.0306 26.7632
60.0174 28.4425
59.9027 27.2733
59.8581 26.8424
65.3542 26.8715
61.7045 26.3503
68.8519 25.3405
76.0268 27.2766
72.1174 27.8606
79.5047 28.3239
71.2327 28.5818
74.177 29.3239
72.9001 27.7324
74.6815 25.386
74.7279 27.3848
77.2268 28.2018
76.6509 26.19
74.3661 25.6996
65.6265 26.7161
63.8745 26.3657
64.0133 28.0299
64.2808 27.4906
61.3602 26.298
56.0303 26.5102
55.1666 26.741
54.9594 27.0319
61.1539 25.1213
62.7684 27.1099
64.0068 28.1492
60.5537 27.5492
59.2075 27.2877
56.7765 26.7949
53.8352 26.7711
55.1455 29.591
57.2612 26.3538
56.9283 28.7612
52.3808 28.4048
45.0433 28.3696
48.4056 25.1995
48.4056 25.7097
47.7681 28.4312
46.9857 27.6624
47.6181 28.5176
56.4931 29.5607
55.8954 25.6413
54.4679 27.415
54.4679 28.2064
51.5105 26.6652
49.6463 27.7988
50.6152 28.1941
51.8031 29.2394
53.9123 25.8119
46.9201 28.8515
45.3019 27.4401
45.3019 28.396
57.5465 24.3928
61.0576 26.5129
53.2125 28.9124
55.5611 27.3379
54.492 27.0277
59.8092 26.8721
58.6175 25.9821
60.44 30.3647
62.9089 28.1533
66.5672 27.4875
68.1329 26.495
71.9227 29.2488
71.6881 26.8568
91.1503 26.9525
97.4559 26.5618
90.865 25.2661
92.4243 28.8
86.9805 27.2153
82.773 27.9936
76.7265 29.0947
73.9135 27.5388
69.8578 27.1933
72.6201 27.1179
69.7362 27.3978
62.4126 26.2305
60.8861 28.2265
62.1177 27.199
70.6908 27.0036
70.4552 25.3728
69.6381 27.1064
70.1467 26.6501
65.145 26.8394
58.8086 29.4076
58.6727 27.2856
61.2145 26.6262
59.1544 27.5255
63.5452 27.6486
64.2751 27.5495
66.4968 26.9138
68.4108 27.6207
68.0089 26.9982
63.3459 28.2027
63.6834 28.2653
64.3835 28.1634
60.1761 28.7707
55.8283 29.3038
59.4341 29.3303
64.9471 27.812
62.919 27.0991
68.2292 25.1132
70.5759 26.1989
68.7356 27.6051
65.9598 27.7669
64.1037 26.6904
66.1042 26.4823
66.9397 27.9673
65.9826 27.4134
62.166 29.0756
63.3784 27.012
63.1118 28.8396
68.4806 29.5755
63.7249 28.2633
58.9376 28.9289
56.575 29.0233
65.0421 27.5992
63.8664 25.5742
62.3497 26.3081
65.3172 26.8953
63.8911 27.68
65.7661 27.2311
69.2903 28.7262
65.4559 27.0102
67.6696 27.5448
65.9078 27.0512
58.41 27.0216
58.41 28.414
64.5998 27.4077
65.6114 27.0171
63.9661 27.6755
68.0565 26.2934
63.1421 26.2037
69.668 27.0397
66.2629 27.0803
71.7191 25.0674
70.4596 27.4642
69.596 25.6041
73.3964 28.7114
70.0246 27.0174
70.8305 27.1331
73.8472 26.7501
72.288 28.1169
72.9512 25.4901
67.5657 28.7279
81.4903 26.0394
83.4858 24.7796
78.2786 26.1328
76.8792 25.0037
73.4784 26.0033
63.1362 26.8083
73.291 26.6063
73.7398 25.1247
69.4392 28.3619
69.4392 28.0902
63.727 27.7528
59.4398 27.5218
57.9777 28.9635
66.9902 24.8002
57.0533 29.6462
60.0509 28.1329
60.0509 26.5785
68.8705 27.1857
63.593 28.1715
69.5036 28.03
69.5036 25.8075
70.7558 27.9631
70.2646 26.2531
71.5493 26.6134
71.5364 28.8075
74.7163 25.3201
75.5743 25.9266
76.9819 29.089
77.5222 27.3186
74.566 28.056
90.3736 28.2334
93.657 26.975
89.8965 26.331
89.8965 27.94
88.1894 28.0879
82.9539 26.8894
77.9569 26.9952
81.2837 25.799
75.8954 25.7448
70.9404 26.5003
77.1497 26.8324
73.329 26.9746
73.2974 27.9331
80.8139 26.201
85.507 26.4965
81.6083 26.8464
72.8158 28.7299
73.0418 29.1889
72.2497 27.1977
71.6821 26.9531
80.0425 26.2583
79.7001 26.2298
78.8958 26.0267
76.8371 26.4856
83.9479 25.8228
78.3488 26.8194
84.5372 26.4357
83.7278 27.1337
69.7788 27.7674
74.3881 25.7921
68.7111 24.9784
67.1171 28.4432
68.2881 28.2726
68.2165 26.8209
69.0127 26.1086
68.8529 27.9242
63.5133 26.4007
66.1408 27.1893
71.6904 28.4706
65.8852 26.7982
62.9314 27.553
66.0002 27.4912
72.2953 25.7315
70.7484 26.34
72.7041 28.2338
74.0467 26.8467
71.5239 25.6714
71.2492 29.2028
70.6209 25.435
70.2442 26.2955
63.9096 27.7063
64.3911 28.5167
63.7806 28.6062
62.4732 28.5573
62.7937 26.807
63.0442 31.0952
67.7395 28.8012
65.6375 26.2418
66.8286 27.8866
61.6486 27.6666
69.0804 25.8871
69.244 27.6387
71.951 28.4463
71.1409 26.1206
69.7118 26.1408
73.9285 24.4212
71.1669 26.5278
71.1669 27.9717
65.1379 27.6569
63.953 26.3313
66.1393 25.6479
72.7097 27.783
76.5739 26.333
72.9889 25.4175
75.6811 24.9696
76.1067 26.8659
78.6305 25.0408
75.4951 25.4741
82.3103 25.3874
76.8121 25.9431
71.0854 27.7652
74.6679 28.0841
74.9777 28.6275
72.1631 26.895
73.8885 28.8599
74.9941 28.5036
70.8707 29.8205
71.6887 27.1339
67.4568 27.4529
66.2077 26.716
72.9751 28.0427
72.0455 28.1844
69.9255 26.7103
75.0925 24.6324
76.3758 26.2316
81.6201 26.5656
74.7077 29.3503
76.2384 27.3736
76.8809 27.3226
67.7811 27.5582
69.0087 26.8773
75.5414 27.9237
80.5711 25.8372
78.0072 28.9781
85.3058 26.122
80.2027 25.8511
80.8378 28.3921
74.6091 27.843
69.5911 27.7579
74.3104 27.3116
71.8276 26.3424
68.2691 27.1003
67.959 25.9833
62.2988 29.1428
64.8748 26.4502
65.2131 28.3098
66.8805 28.0677
64.3634 29.6396
66.3699 27.6413
69.026 26.9488
68.7399 26.1895
68.7893 28.3326
68.2047 25.3484
71.8987 27.4417
77.0036 25.7533
71.9306 28.1359
67.4349 27.8804
70.2582 26.9013
70.9821 26.8342
65.9616 28.4641
68.6553 27.8575
64.942 27.6233
61.8112 26.7555
67.1331 27.9423
66.8856 26.8576
64.452 27.9904
69.5968 26.5279
65.7591 26.1257
71.1565 25.902
60.6376 26.7176
67.8815 28.1204
62.9559 27.609
71.9244 26.3196
66.9725 27.3081
68.5904 26.213
70.3935 27.091
70.6617 27.7468
70.1727 28.1747
68.5801 26.181
63.2393 27.3625
58.376 29.2326
69.9799 29.8026
70.1715 28.1448
79.2353 27.201
79.1346 27.239
73.0144 29.4879
67.1953 27.0484
65.6569 29.9103
61.7209 28.8986
59.9526 28.4596
65.2968 27.2709
62.6887 26.998
61.409 27.507
53.7917 29.0453
64.9413 28.1345
59.5597 27.8858
55.9381 27.9503
55.9381 27.5978
60.1136 27.483
62.8203 27.651
66.3107 27.1271
69.8796 27.1425
65.594 28.9165
63.5815 26.6402
69.0491 28.9129
61.0564 28.9921
65.6758 27.392
62.1795 27.36
61.3184 27.5153
65.2486 27.2576
68.1762 27.2652
72.7318 26.2399
67.9519 25.4062
66.7742 28.9491
64.2197 25.7845
70.7294 25.7996
66.2584 28.4709
69.2339 26.6549
70.4219 28.1555
62.3012 27.6857
67.289 25.6682
73.5491 28.1257
63.8767 28.2446
68.594 26.6735
71.0882 27.0197
73.7345 27.1296
76.1233 27.7468
82.7075 26.231
82.7075 27.0942
78.4575 27.0385
74.5294 26.4731
74.9427 26.5955
66.9616 25.9803
63.622 26.8236
67.6575 29.616
67.9432 26.0517
66.9421 26.3964
65.6456 26.5528
68.7743 27.2137
67.9322 24.9269
65.6608 26.2047
75.1692 26.5896
71.8107 25.8211
75.3804 26.8869
79.8466 27.7214
71.5466 27.3332
71.1244 27.1636
67.5153 29.4994
69.9852 27.9144
63.6025 27.1276
66.0192 25.4291
64.1696 27.2838
64.7741 27.7344
67.255 26.5319
62.8582 27.1669
66.2056 27.5865
73.7127 27.5211
61.9139 27.7723
61.9139 27.0995
60.8268 28.8644
65.2937 28.2803
77.1819 26.0474
78.8005 26.2093
76.0186 26.7765
76.4932 26.2479
76.9719 24.4347
71.7556 25.7366
71.5352 28.117
78.3625 26.363
73.6384 27.151
73.1232 27.0812
72.9986 25.9119
73.3299 26.3364
69.1084 27.325
67.3225 24.0658
64.3718 25.1337
66.9277 28.8277
64.0531 27.291
65.1473 27.6026
61.7824 27.365
62.9331 26.4789
72.2507 25.0435
70.4165 27.1846
66.7141 27.5407
66.8356 28.4561
62.0913 29.5361
72.8523 25.3646
70.3151 27.5669
74.2393 28.0027
72.4281 26.827
77.8104 26.4889
77.311 26.2016
74.9043 24.9392
75.6418 27.4377
70.937 27.6348
80.3299 28.1494
72.3376 27.5384
73.4476 27.0743
80.4165 24.9368
70.6072 27.1797
63.8674 26.3206
63.465 26.973
71.0142 27.2862
68.8131 26.598
70.3376 26.1664
64.1986 28.7448
64.005 26.2411
66.0214 27.0161
62.3269 26.1967
65.0404 27.0689
65.0273 26.4633
61.565 26.8874
67.5688 26.0608
64.8216 26.3365
69.481 28.8226
66.5289 27.066
64.6682 28.8153
61.1448 28.8483
64.3557 29.5463
67.0169 28.0657
62.0711 27.0533
64.7255 26.4833
64.2009 27.7358
59.607 26.4587
63.8588 26.7791
61.7939 26.4457
62.8551 26.9948
63.7478 28.8162
66.1869 27.2057
56.8211 24.9755
59.8371 27.1198
68.5575 28.9931
65.332 28.4669
64.8287 26.5446
63.7583 28.0326
70.9831 26.6185
73.7639 27.9035
68.4966 27.3387
74.9134 26.4479
71.2181 27.8792
75.1393 26.6113
77.7205 25.3064
81.2827 26.9822
78.1198 26.5778
83.3475 26.776
83.4652 26.879
87.2026 26.4306
87.2026 26.3303
88.748 30.1975
77.6968 28.593
79.2815 25.777
74.3284 25.6359
75.0416 26.5869
76.6829 26.6626
67.5519 28.0302
66.7685 26.4658
64.6299 29.0685
76.0787 28.1539
80.5161 29.4587
70.7196 25.7358
72.2965 25.6883
68.986 24.5375
65.0916 26.9613
65.5676 27.1715
64.0749 26.6077
67.3377 25.8078
67.0947 27.7747
67.5063 25.2385
59.8384 27.7988
68.6021 28.8645
69.5044 28.6632
68.1995 27.2344
61.1267 26.9518
65.5415 25.4186
61.6827 26.2572
59.454 28.4439
65.2949 27.518
61.3482 27.6871
68.9994 26.8597
76.5375 26.0208
66.8166 28.0559
59.6089 27.2991
63.5502 26.9757
64.2537 27.7578
61.3114 27.0515
60.6037 27.8067
55.4623 27.4339
57.4692 27.445
60.5119 27.1808
63.7749 27.7435
57.4736 29.3526
58.9169 27.6058
63.0714 27.2602
61.6411 28.175
63.2604 26.4357
62.5884 27.146
61.1068 25.8372
65.5231 26.599
64.7994 26.8533
67.2559 27.6007
65.278 26.3341
64.5954 27.5282
67.8936 25.4864
65.861 27.8881
62.3265 28.6564
54.7282 30.7197
54.3568 30.0243
55.9297 28.7042
63.4519 28.812
67.3455 27.0778
66.6803 26.666
61.6317 28.5329
56.6553 27.6114
59.5781 27.5694
59.5781 26.0873
52.655 27.8886
53.8625 27.6322
58.8319 26.4898
62.3814 27.327
62.0186 26.2191
59.1404 27.156
62.3391 29.5616
64.3868 29.0393
59.9007 26.6491
57.9294 28.6751
65.3971 27.9051
64.6888 27.3229
65.7569 27.2617
65.9396 27.8246
72.675 25.1389
71.7352 27.2139
71.1385 26.9929
71.8703 26.601
73.8344 27.7451
73.2194 29.394
72.1051 28.1181
70.2841 28.4934
68.4468 26.4196
68.4934 28.0544
69.5087 28.3196
63.3463 27.7096
66.4573 26.8134
63.2644 28.9031
64.5307 27.4727
65.4116 26.2113
62.7415 24.9847
69.2968 25.0014
69.0578 25.4532
64.3358 27.6064
63.6404 25.8597
63.9388 28.2687
66.1983 27.1263
64.7718 28.5852
62.4714 29.1722
70.3393 25.4953
71.7299 27.0373
62.4043 28.6824
73.1321 25.9223
75.2549 27.4231
90.3626 26.4344
87.036 26.0592
82.1296 26.2921
75.9862 28.6797
71.3724 27.7204
64.1266 26.6656
57.2569 26.869
57.3382 29.5511
57.3382 28.4061
79.4429 25.8266
79.4931 26.6752
78.5328 26.6437
72.6429 28.1545
63.4303 27.5198
65.7561 28.2688
62.8195 28.0209
69.268 26.8742
65.0163 27.5427
66.6937 26.4867
71.5329 27.6301
72.8886 27.0462
72.542 28.1238
74.2865 25.566
75.1471 26.9367
79.2415 25.1751
78.6881 25.2859
69.7927 26.6586
68.8516 25.9281
79.0118 26.8713
76.2449 26.7225
72.5168 24.9641
72.0014 30.5117
67.1451 28.302
68.2915 27.9625
70.9153 24.9019
65.0597 27.1213
70.3723 25.0916
65.984 25.8675
63.6586 27.411
61.9667 27.3256
62.2279 27.1033
59.8984 26.9078
56.725 27.4346
56.578 27.2138
64.1254 26.8917
64.0147 28.0499
72.6882 27.3836
74.3549 25.7292
69.0214 27.2483
69.0214 29.8336
68.1818 27.0855
70.2131 28.0604
70.9157 26.0589
71.5108 26.5616
70.3506 28.3352
68.2894 27.9808
63.289 28.8206
68.5262 27.6208
60.9927 28.1652
66.6229 26.6864
68.4641 26.9611
69.3803 27.0121
69.3358 27.4939
73.0228 28.0718
72.4766 26.6089
72.2396 25.6077
76.0173 25.5791
79.3739 27.1715
81.6011 27.6771
81.0938 26.9715
79.6487 28.7208
77.4186 28.2646
76.8586 28.9543
74.9851 26.7151
73.0835 28.5257
72.9835 26.9623
70.9803 28.0884
71.8424 27.3296
70.1864 26.5931
76.337 26.2945
70.2865 27.3301
65.452 28.3887
70.219 27.8728
76.7304 26.687
71.9597 27.7856
70.3521 26.5967
67.9244 27.6903
70.8524 27.6918
70.8524 26.8065
66.9271 27.6427
66.6875 27.18
70.0549 25.696
68.7945 26.9795
65.5687 27.0096
61.172 26.8606
64.3609 26.1876
65.9728 25.4487
66.1385 27.7951
70.0671 29.0006
61.5026 28.2791
60.9264 27.7439
66.1905 25.9049
65.7328 27.0148
72.7245 27.6783
68.8906 27.2934
63.218 27.4637
65.3484 27.2146
64.1371 27.045
60.5027 26.891
61.9559 27.4271
64.543 27.5845
68.7226 28.7202
70.5133 27.4866
72.0837 26.752
69.4661 27.3254
67.6704 27.3325
71.3236 24.5358
69.7582 24.4372
69.8532 26.2235
65.5044 27.306
64.2228 27.955
63.2859 25.7755
63.7501 25.1505
61.2459 28.5759
61.4338 29.6085
64.4552 25.0547
65.062 26.7227
67.0432 26.5879
60.5997 25.7762
60.9268 25.7024
65.0241 26.8315
66.1543 25.4819
64.083 27.2253
65.824 28.2879
69.386 27.1723
68.8081 27.9134
67.2871 25.7411
67.3191 26.467
66.5968 27.5756
65.7943 27.4962
73.3199 26.6622
71.0072 27.2234
73.042 26.0853
82.5115 26.1474
72.9423 26.7649
66.8475 27.9887
67.2737 27.4167
70.7033 28.4499
70.4407 26.0813
71.6974 26.6986
74.2886 26.3971
76.8619 27.6577
72.5162 26.6452
73.3919 26.2389
69.998 29.5501
70.5252 24.3409
72.6843 28.5537
73.0828 27.4746
77.6965 28.9655
76.2061 27.1124
76.4836 27.8024
81.748 27.9471
82.6129 25.3215
78.9965 26.3535
79.041 25.7236
77.1276 27.1309
76.0227 26.05
67.4762 28.0296
69.52 26.0386
72.8235 25.3806
71.2495 27.818
65.5408 27.0476
76.9422 28.4612
77.6867 28.3203
82.0759 26.9239
70.9335 28.156
70.8334 28.3846
70.6688 27.2547
65.9372 27.6978
72.0464 27.7329
73.3873 27.8221
75.7058 28.0561
71.5589 26.0592
72.4814 26.5839
81.5859 28.025
71.5923 28.7942
66.8043 25.8843
66.0286 25.9629
69.8135 26.935
67.2436 27.5714
60.6519 29.001
61.9731 29.9552
65.9009 28.1689
64.8094 26.0654
58.5303 29.3503
61.015 28.0487
63.3356 30.2417
60.5818 28.0701
53.8691 29.2984
54.8146 28.9049
55.5288 25.9222
56.8721 27.5087
54.1226 27.9492
57.5032 27.5825
57.2247 26.658
61.2985 26.1719
63.4901 27.0487
67.2239 27.6497
67.4231 27.497
67.1553 30.0064
68.9027 27.0366
67.137 25.3145
69.8751 27.3287
68.1468 26.5064
72.867 25.1706
69.1897 28.3832
70.6429 25.8363
72.9612 26.0674
73.2229 27.0299
72.176 27.26
71.0345 25.3042
72.6693 26.4867
71.1028 29.7721
71.992 26.2571
68.4196 27.9017
71.4612 28.294
69.2365 26.8257
63.6039 26.9507
58.59 29.7826
59.9111 28.072
61.7467 28.4769
57.3591 28.2414
61.1376 27.8217
56.8063 29.3072
62.7832 27.447
61.7981 27.0648
72.9083 27.1456
76.1289 27.4592
66.3619 28.2861
69.986 27.6313
66.5145 25.8243
68.2147 26.2334
63.3256 28.3572
70.7775 24.0832
67.9452 25.6632
66.4982 26.9096
62.5519 27.2167
57.4444 26.4814
68.024 27.2436
64.59 27.9194
66.6157 24.6458
61.1321 28.4099
61.883 28.7217
61.3711 28.4322
61.0652 27.5419
65.7832 27.822
66.9967 27.7848
64.3502 27.7957
65.9488 27.1665
66.4625 27.9737
70.3947 27.0003
59.7371 28.8515
55.3993 27.7522
66.6763 26.1027
61.0636 27.3891
64.404 27.9574
68.2462 26.7035
63.6932 28.7028
66.9358 28.3635
67.5804 27.2874
66.077 27.4537
62.9282 27.921
62.9282 27.2068
65.4684 27.3103
69.7635 27.0782
68.0551 28.028
69.5306 28.4795
68.9425 26.7378
67.6126 25.9971
66.0757 29.2378
66.5809 29.1783
73.363 26.6693
69.7816 28.6101
73.9365 25.2125
69.7872 27.5972
68.4088 27.2184
63.8128 27.8381
65.0467 26.9652
61.9159 27.9173
63.9398 27.0943
60.7996 29.6389
60.7886 29.0667
70.4147 26.6184
69.1422 28.452
64.9727 26.4238
62.3272 26.1855
61.6251 26.4395
63.3632 26.1536
63.2941 26.645
65.6722 28.7477
68.3334 27.2807
66.2011 26.9314
66.9751 28.4303
64.1507 29.2596
66.7406 27.334
65.43 27.4367
67.0836 26.7471
71.4343 26.1839
68.0481 29.1979
70.9447 25.8217
72.7963 25.1885
69.3524 26.0521
69.6093 27.2435
68.1439 27.1397
67.9728 26.9187
71.5821 27.2728
73.758 27.6335
77.6587 26.6935
81.1214 26.3416
70.2169 26.6308
75.7768 27.9017
72.7766 26.4025
75.4708 27.2616
73.5153 26.9344
68.2459 27.1565
73.0289 26.8099
71.9236 29.5158
74.2151 26.2377
68.8083 27.4317
71.501 27.956
71.8249 26.4805
69.2635 27.8151
69.1157 26.176
69.6338 27.7328
71.3069 26.4193
70.1173 26.666
67.0406 26.4227
69.9806 28.3203
75.9949 28.0007
75.4722 28.2713
77.3454 24.7746
73.1046 27.7714
74.4633 26.7535
68.0757 27.1982
69.4823 26.6547
66.571 28.5269
69.1441 26.1749
68.7851 27.5206
67.1793 28.1303
72.9892 27.4494
65.1713 27.1383
66.7375 26.8874
65.9114 26.8515
64.8707 27.2999
66.7147 27.9235
66.3332 26.4131
65.3335 28.3964
67.2552 27.675
75.2703 28.5909
71.9798 28.447
69.4287 26.3285
75.4911 26.2851
71.1173 25.9183
77.0627 26.3627
74.2339 26.1015
69.8801 27.8998
71.3482 24.9778
65.5875 29.8662
59.5333 26.6482
68.9089 28.689
61.5389 29.5787
64.5356 27.1541
69.2132 28.0098
69.2826 27.1351
67.3715 27.0004
68.4654 26.8118
68.2559 28.4574
68.3356 26.4481
68.1888 26.4899
64.7735 26.6228
60.1402 26.0172
64.0026 27.8038
71.5025 26.493
69.8949 24.8037
69.0089 27.1095
66.6359 25.8586
61.1292 27.2341
59.0039 27.6611
60.6197 26.8218
60.6197 26.231
70.5703 28.6892
76.091 26.7027
77.8603 26.2559
69.8905 27.8573
73.9262 27.9559
73.0832 28.3434
73.7874 25.4435
75.4356 26.5666
69.5391 26.0484
68.7674 26.8716
66.6043 27.1289
66.9614 28.6654
63.3119 28.9557
67.1545 27.3589
66.7824 26.8133
68.8651 25.7093
72.1595 26.3697
67.7673 26.03
70.1617 27.3981
67.9771 28.5489
68.3493 27.5677
75.5964 27.7363
74.0314 25.597
72.4208 26.34
73.2128 28.1819
75.2178 28.203
74.7258 26.2438
76.5467 25.8343
80.0022 25.4547
70.7588 30.6976
70.7588 28.9411
70.8324 29.7506
78.9368 28.8926
71.9225 27.9255
71.6106 25.1493
71.0073 28.7174
70.3059 27.3086
68.5292 27.085
65.4812 27.9639
72.9588 27.9639
74.272 25.2279
69.0717 26.871
71.9526 25.4122
72.4453 26.1945
64.488 26.7242
65.5779 26.9171
66.3334 26.8768
70.8239 27.2349
63.7309 29.4291
63.839 27.6509
59.8727 26.6018
64.1189 27.2425
66.9432 26.9429
69.3752 27.3355
65.4725 29.1169
66.9229 28.0237
69.4438 27.9815
70.6907 28.2626
66.2559 28.1231
67.0588 28.3989
66.7904 27.2046
75.1141 26.3096
73.2513 25.6899
69.8048 26.1525
69 26.9626
74.2747 28.1621
73.9913 26.8854
68.5461 25.6625
61.7937 25.8307
64.8183 26.4843
64.5413 28.2634
65.4125 27.3591
78.4346 22.5009
64.711 28.6116
68.7387 27.399
62.7853 26.464
64.2783 27.5442
63.3191 26.215
74.2948 26.7171
73.7059 27.8296
76.508 27.547
73.9788 26.5259
68.3477 26.9968
74.1549 27.5318
74.3164 27.6657
71.2837 28.6106
71.1672 25.0317
61.1668 27.2672
66.0878 27.4546
63.9598 25.6596
64.8704 27.1629
52.4849 30.3538
63.7204 27.4588
59.8946 26.6456
64.2092 26.1826
61.3717 24.8808
60.1449 28.4248
67.2329 28.4168
75.7064 25.8124
75.1455 26.0203
76.7133 26.7878
77.198 27.4662
76.6628 25.7278
82.7387 28.4818
81.8251 27.987
75.5424 28.7118
84.7829 26.6468
81.9497 26.4289
85.7162 25.7805
76.8762 26.8127
80.2498 26.7568
75.3597 26.7203
65.7971 26.7981
73.4214 26.9937
74.4351 27.5137
70.067 26.2787
68.6714 27.8297
79.6538 25.0469
80.2446 28.0062
83.2623 25.9362
83.2623 26.1126
83.2623 26.1603
83.2623 27.0249
74.9376 28.6814
79.8143 25.9885
78.7315 27.6339
86.3699 27.6721
86.6609 28.8702
97.4687 25.5673
83.7312 27.3211
83.9913 26.4003
82.0487 26.8647
79.9132 26.6318
80.1495 26.6766
84.7446 26.6477
83.5249 26.7353
82.6229 27.3171
89.3636 25.8874
72.7789 26.2752
76.7913 25.639
80.5452 25.9453
74.5446 27.4106
73.276 26.5631
75.5064 26.1031
71.4807 27.452
77.0608 26.0211
75.9456 25.4477
84.1976 25.951
85.0771 27.5232
81.5543 28.36
75.3055 27.1579
82.8612 26.7933
83.137 26.291
80.9096 27.4047
72.113 25.7279
72.9104 26.2842
70.7801 26.7657
71.4812 27.2866
72.1287 26.9368
76.9274 27.135
68.8792 26.2801
69.2758 26.9893
72.0382 26.9039
75.9995 26.9388
72.9676 26.8697
76.4441 28.8965
81.5413 24.9347
74.0269 29.0255
80.0928 26.8055
82.1115 26.2075
78.5491 27.1749
78.5491 24.4551
69.5658 27.4236
69.5658 29.0782
70.8667 27.4654
71.9148 25.6924
71.0331 26.189
70.0828 24.7696
69.94 27.2878
70.064 26.7981
70.9542 27.9601
74.1127 26.3907
75.0405 26.5314
78.3278 27.8941
78.4818 27.2301
75.6677 27.1858
81.459 27.1049
82.5874 27.9424
82.5874 28.0537
76.0263 27.7531
76.6233 26.4704
72.2122 29.7792
78.2519 26.8419
76.8521 27.3268
78.707 28.5313
73.8772 28.4684
75.563 28.3965
76.9878 27.8773
74.7373 26.3941
72.2783 25.1894
73.662 27.4274
71.5445 28.5018
75.2011 28.0163
74.9574 27.3467
77.9312 25.6333
70.4557 27.1553
74.121 27.2515
61.3736 29.1383
65.9096 26.6195
67.6436 26.7572
68.801 28.585
62.3304 29.0934
57.4027 26.5006
63.1996 27.2568
63.3238 25.8398
67.2607 25.441
66.7248 29.3377
60.5684 27.7521
67.2326 26.6205
69.193 26.3814
66.336 26.1088
72.2444 26.8065
70.8529 26.4896
69.4251 28.2339
72.2257 25.9477
74.4703 26.0503
74.5131 28.1422
72.3269 27.9584
66.8853 27.9855
68.7274 27.962
71.133 28.0699
72.7464 27.9809
69.1835 28.2171
77.7634 27.1648
72.85 27.1394
69.1272 27.3613
77.5984 26.3813
80.1915 26.5394
71.0347 26.6227
73.4208 26.4389
74.9726 26.8197
74.0644 27.0221
78.1379 26.9745
80.5089 26.0812
73.1218 26.9129
85.4575 27.186
84.4974 26.8855
78.4228 24.8187
75.3077 27.7496
75.8919 28.2072
77.6157 24.8148
70.8017 27.3477
71.4766 26.9121
77.1257 27.3338
82.3707 26.7307
76.6221 28.1355
78.2958 26.5055
67.9668 26.4671
73.2267 27.1379
74.0515 27.2617
81.4486 24.0084
79.7051 25.5991
74.7897 25.8737
70.8602 28.3483
66.4953 30.4805
66.1342 27.0257
69.4617 27.2459
69.206 28.2809
74.9467 26.0796
77.4375 25.9994
69.7903 27.2411
67.4233 26.7296
66.8385 24.4305
67.611 27.3751
69.9843 26.7238
68.0543 28.6251
66.4825 28.4185
68.3651 28.1065
68.912 28.4027
63.1339 27.3699
70.3902 26.0106
66.9256 29.9813
63.8756 28.2321
60.5508 28.4277
62.1107 27.4996
65.2691 28.3437
67.2045 26.4281
68.8561 25.7401
67.465 28.7467
66.9215 24.537
66.577 26.1701
58.999 28.1583
62.6842 26.0711
59.8873 28.6897
65.2864 27.4948
65.2521 26.6745
72.8639 28.6228
68.5154 28.5363
68.9459 28.4331
63.7114 29.0339
62.5831 28.9751
60.1887 26.4286
65.8913 27.0425
57.0478 29.1172
69.3562 27.6728
63.2135 28.4998
65.0941 27.6962
67.7091 27.0238
69.3405 27.2322
74.9264 27.6296
74.9264 26.1556
74.4333 24.2634
77.0035 26.462
73.5523 25.4576
66.7436 26.928
67.4081 27.3035
64.6939 27.5115
62.6134 28.8349
60.6568 27.8827
60.7579 27.8693
63.9149 27.9516
70.5945 26.0375
65.3778 27.7498
66.1761 27.5902
64.0703 27.8608
64.5052 28.9548
65.6273 27.5693
62.9159 27.1484
64.3564 26.6117
66.4192 26.5064
70.6643 26.9897
66.3178 27.1743
72.6102 26.8151
64.9243 27.5284
66.0373 28.6639
60.6974 28.0554
70.1408 28.0659
73.3985 28.1211
72.6944 27.6915
72.6481 28.4077
78.8591 27.6286
79.2286 26.9768
79.322 28.1167
80.6443 27.0593
74.8974 26.4834
74.417 28.2285
72.4143 29.2759
75.5071 24.7084
84.0868 25.1575
82.4375 25.7807
88.6889 26.6309
80.1767 24.7891
76.3993 27.2984
79.1791 26.2691
74.2694 26.7817
73.7249 26.4762
70.937 27.7225
71.4203 27.5987
71.7076 27.3761
64.6663 26.9188
63.3477 26.9519
67.2665 28.4841
65.4056 26.6718
71.2258 26.8751
67.0862 26.5238
66.511 27.7373
69.0428 27.6744
75.5073 26.8997
72.7183 27.0754
76.1254 27.5397
72.4142 27.7102
71.1202 25.9802
63.9106 27.0868
67.8859 27.5512
69.7788 26.1867
69.7788 25.674
69.6633 27.8663
61.9226 27.3324
59.8128 28.5003
62.5652 26.7937
70.5642 25.974
69.6886 25.2993
71.7232 25.5212
72.1936 27.7171
74.2232 27.1463
76.1514 25.2739
74.516 25.7602
73.6994 26.2945
72.2426 26.8589
72.7643 26.3658
79.1153 26.4279
73.206 27.2064
70.1358 27.1505
67.4198 29.5498
70.1392 27.5938
77.3277 26.2941
76.5209 26.3083
76.0986 27.4151
75.3488 27.6558
73.4434 26.7776
66.8608 28.3912
63.5291 28.9528
62.2299 27.1776
64.4112 27.0039
67.6081 28.0693
68.4871 26.2423
67.7085 25.306
62.2559 27.4887
61.0759 25.2104
67.7723 27.1915
68.9697 25.4587
63.8624 27.4769
60.3597 28.6948
62.8379 28.6647
63.0269 28.1764
64.6179 28.8371
61.134 28.9348
62.6611 28.4271
63.2073 28.2158
62.0509 27.0641
70.6204 26.2892
67.641 28.9492
63.9578 25.1749
56.2998 29.1272
59.6414 28.2202
53.3116 27.2847
54.8651 27.3308
57.1111 25.9017
64.5696 26.9165
64.4238 27.0742
66.8139 27.3936
68.3273 25.958
74.1202 27.9535
71.7445 26.4558
75.0481 25.3142
72.4769 26.8972
76.6792 28.2295
77.9033 25.1755
73.9871 26.3151
73.4428 26.3424
76.1531 26.4394
70.7694 26.45
67.1652 27.8037
70.7799 26.4443
70.4547 27.5505
67.2978 24.8908
65.8039 24.8639
71.8662 27.9941
72.0517 27.3034
77.9025 25.3282
72.7082 27.9342
67.4136 27.9971
64.748 26.4162
63.9566 28.6911
71.0672 28.2502
70.2342 27.0126
68.1655 26.5813
75.5463 26.1851
70.918 27.6423
66.5764 27.5958
59.7524 28.7457
64.4356 28.0538
65.595 27.2797
66.0727 26.3259
69.1167 27.4283
67.3167 27.4681
69.2945 27.2439
62.9618 25.7833
57.0244 27.1096
63.1777 28.0875
63.7502 29.0809
55.6454 27.8699
58.8625 28.3619
54.4993 27.1561
54.0535 26.5068
57.3137 26.1383
52.1669 27.2007
57.6661 27.7019
62.5843 27.8088
67.3809 26.8656
73.041 27.0691
67.6524 28.1874
68.4729 27.1675
64.7054 26.2003
66.8532 25.9748
71.7961 28.487
73.9539 26.7643
72.4498 26.9112
60.4991 29.8158
66.5131 27.6199
71.2421 27.1529
71.2254 27.6813
71.676 26.4666
72.6248 25.7289
73.9843 26.8424
69.3511 27.5425
69.7797 27.3746
67.4203 27.0025
67.9299 27.7123
69.0248 26.5479
72.0121 27.2734
74.6984 27.3208
80.5816 26.023
76.5261 26.8671
77.2021 27.1483
71.8428 26.4506
78.0401 26.2541
72.2091 26.5032
70.3467 28.1802
72.7868 27.0254
74.1787 26.4673
76.0227 27.4673
81.0331 28.9281
79.2776 28.4103
81.1653 26.1517
82.836 27.1901
83.2662 25.1882
89.5131 26.3318
83.0282 26.9747
80.9864 27.2269
74.3847 26.0456
83.4074 28.9934
77.683 30.0675
81.2985 25.8842
85.8295 25.577
77.925 25.6705
72.8997 26.1227
69.0107 27.3668
67.5104 26.7105
66.9342 26.9133
66.1388 29.4148
72.7301 27.4439
70.1014 26.7367
67.1052 27.7075
72.2306 28.1328
77.7543 27.697
71.0945 27.843
70.3952 27.2422
72.1813 26.5164
69.6936 26.8428
65.3392 25.9878
58.4404 29.0881
64.3093 26.5908
66.5519 24.4558
65.0455 26.8378
63.7013 27.2081
64.8086 28.0685
61.2465 25.9945
68.9921 27.4913
71.2107 27.3902
72.1727 23.866
77.0766 26.4809
74.9205 26.8696
69.4573 27.1115
64.0258 26.7985
63.3713 27.1711
62.8572 27.6053
70.0015 26.3616
73.7625 26.2375
72.8336 25.5698
71.1403 26.2115
64.3132 29.018
68.4327 26.8595
69.9754 25.6038
68.754 26.9659
68.772 27.4212
70.3589 28.5444
69.9156 26.6277
67.7394 27.4225
74.435 27.4461
74.354 26.945
71.9528 29.2257
83.5718 27.5276
84.6745 26.5892
98.8379 25.9014
96.1431 26.5196
90.6502 26.6794
98.0014 26.198
95.1607 28.4775
88.2008 27.3333
88.9437 26.4042
87.914 26.3211
81.6374 27.932
85.8583 28.3227
85.7772 27.1073
84.3893 28.1732
82.9688 24.7956
84.2305 25.418
85.1884 27.1575
74.0034 29.0448
73.0638 28.325
70.0516 29.1052
71.4554 25.1974
65.4707 27.6292
59.8913 28.9458
58.9526 30.3766
64.55 27.7956
71.3909 28.6782
67.2792 29.2634
66.1062 26.7127
69.0947 27.3422
72.5456 27.5196
76.0938 28.5218
