114.339 26.4302
117.253 28.6596
112.957 29.1294
116.505 28.1673
123.158 28.591
122.61 28.4527
136.214 29.0204
122.846 28.4887
121.646 29.3762
112.827 30.2656
118.52 28.99
110.375 28.281
110.955 28.3332
115.069 28.6454
122.925 27.5663
108.869 28.6566
120.023 26.9148
104.459 28.664
110.891 29.1119
115.3 29.3696
129.819 28.4188
120.081 28.4973
119.231 28.0571
112.019 30.2039
112.019 29.8366
117.718 28.7405
108.045 28.6263
124.846 28.1268
116.253 29.1974
98.7057 29.6641
95.9636 28.4567
95.9636 28.9911
89.8577 29.2832
97.5065 28.4011
105.114 28.1431
105.744 28.4832
110.306 28.6923
106.593 28.657
108.058 29.8999
112.283 28.3498
110.787 29.9222
110.787 28.0831
110.787 28.2995
116.693 28.9007
114.988 27.2026
110.427 29.1532
105.784 28.1555
102.874 28.1566
98.752 27.8467
105.688 27.6115
103.87 28.9053
97.6339 29.4074
103.159 28.8849
104.954 28.3021
105.28 27.3649
99.5103 28.0051
95.8629 29.0085
108.736 28.5013
112.836 27.7633
122.102 27.8459
109.821 29.0399
113.68 28.5667
98.1854 28.8536
100.504 28.4887
107.026 28.1087
98.2305 28.0451
86.853 30.4184
90.4374 28.4549
87.0582 28.3071
88.4013 29.2123
85.2271 28.9773
100.036 28.9235
105.447 28.1605
104.064 27.8292
98.3199 29.2674
101.614 28.9888
104.508 28.0261
98.8817 28.8995
103.58 29.7389
108.637 28.5599
107.633 28.1371
116.154 28.5156
110.935 28.9509
118.032 26.7069
117.143 29.6091
110.139 29.1485
101.364 29.1016
105.888 29.9507
107.943 28.4884
108.022 28.2789
118.922 28.912
128.98 28.5528
111.89 28.007
114.829 29.1355
105.833 28.4869
108.16 28.8512
97.4023 29.4119
113.354 29.504
108.157 28.3898
114.88 29.1263
121.867 29.0694
124.816 29.0257
120.603 28.4501
125.414 29.7446
129.832 27.3514
129.832 28.2632
130.476 27.9973
118.567 27.7418
109.561 27.1259
121.807 28.7752
118.561 28.4278
114.685 29.3047
113.633 27.4195
109.53 27.8242
109.997 28.4504
109.596 27.7535
111.589 29.0419
103.87 28.5868
112.867 27.752
121.062 29.871
115.472 29.0095
110.422 27.3602
105.417 29.8651
114.1 30.0371
97.1724 31.076
107.377 29.946
120.32 27.1309
123.191 29.6099
122.817 28.4324
135.641 28.9438
134.422 28.1993
116.26 30.3039
135.425 29.1176
142.489 29.211
131.974 27.6505
138.493 27.6001
137.198 28.2277
127.434 28.838
123.868 28.7792
127.955 30.1583
112.589 29.5542
111.65 28.6447
118.323 28.7415
115.389 28.8346
107.046 29.4384
106.555 29.5912
112.343 29.7302
109.947 29.6518
117.592 30.2108
116.98 29.1777
120.023 29.929
125.48 28.804
129.405 28.4034
115.785 29.4011
118.787 27.8599
119.308 28.9364
117.783 29.0464
101.572 29.1887
106.053 28.3937
108.164 30.3339
121.217 28.7648
118.361 27.5663
120.008 27.6419
121.938 28.6049
120.342 30.0112
115.038 27.668
126.126 27.1704
119.642 28.6609
140.391 29.1044
151.031 29.2064
154.859 28.4225
152.728 29.2613
137.913 28.1995
137.057 29.172
147.962 29.5232
148.091 28.9918
176.323 30.285
186.784 29.3096
184.104 28.9451
167.882 28.1489
164.001 29.5524
166.975 29.9627
139.546 28.9847
119.31 29.732
124.453 29.0838
119.613 29.3318
106.179 29.106
104.281 28.3535
101.044 28.5724
99.7821 28.7635
90.1754 28.7778
90.1754 31.4193
105.055 27.4547
105.055 28.6749
117.168 26.9705
116.918 27.2465
104.247 28.3039
113.183 28.6962
114.865 29.41
116.652 30.2722
115.407 28.2643
118.187 28.5584
122.866 29.7137
121.664 28.6459
122.996 28.2914
127.697 27.9716
132.049 28.1826
126.987 29.8332
121.151 29.0425
133.606 27.0359
133.606 27.1852
127.358 27.2741
120.706 27.9652
111.948 28.6849
112.261 29.5533
112.519 29.1869
111.624 28.3411
108.178 27.7232
103.092 29.2712
109.01 27.5004
107.981 28.754
101.546 28.7643
98.9046 28.3105
112.079 28.2702
114.904 28.3942
113.217 28.6126
104.848 28.8761
104.504 29.9047
116.382 25.8353
112.347 29.5869
106.975 28.7332
104.538 28.6737
111.45 28.5268
103.057 30.2852
101.745 28.8874
105.916 28.0725
107.633 27.4702
106.141 30.0775
114.837 28.4824
114.899 28.3698
114.409 28.5544
114.849 27.6768
125.986 28.0397
109.778 28.1807
102.36 27.9267
104.14 29.0255
104.037 28.382
102.398 28.5202
102.987 28.2444
109.028 29.0542
103.924 28.7735
105.05 29.2312
106.667 29.0093
106.712 28.9458
97.6731 30.1648
99.4312 28.7158
104.812 29.5157
109.173 29.2043
100.506 27.9289
103.397 29.4607
106.984 28.1619
115.31 29.1143
113.411 29.4715
120.419 28.3209
119.234 27.4456
126.747 28.0468
127.372 27.0243
121.402 27.6348
104.054 29.0632
116.687 29.1646
110.007 29.0264
120.189 28.9216
115.75 28.8106
112.615 29.7882
128.126 29.4347
119.992 28.1081
114.815 29.6325
124.209 28.5213
134.004 28.0202
127.135 29.1634
147.615 28.5327
151.96 29.9831
157.864 29.0142
139.238 29.1478
127.914 29.5695
136.853 27.8673
132.533 28.0216
133.948 27.9831
129.855 28.2291
133.365 28.4489
135.397 29.2216
135.325 29.4985
136.181 27.9413
131.753 27.921
131.278 31.0995
127.062 28.1523
126.332 29.4539
114.565 29.4097
109.829 29.1766
117.168 29.6922
113.973 29.841
111.099 28.7079
111.91 28.6169
111.269 29.5364
94.9868 28.9716
94.9868 29.9754
91.6759 30.1246
91.6759 28.9935
92.9876 29.3746
124.647 29.7472
113.394 29.6268
121.549 29.0027
117.713 28.9855
111.504 28.7193
98.8197 29.8126
104.562 28.6031
98.9769 28.5832
91.0612 28.8934
96.819 29.2365
87.1846 29.7271
85.94 29.9004
96.5667 27.2996
112.052 27.6217
111.129 29.5487
112.099 29.2599
120.26 28.1759
111.04 29.1809
115.926 29.0294
110.538 28.9675
132.564 28.1121
121.578 28.7859
117.365 28.2667
107.861 28.3826
106.189 29.1077
105.684 28.9262
106.031 27.9409
111.898 27.1036
112.211 29.3242
110.559 28.7318
118.021 28.2683
122.76 28.1033
116.863 28.7895
114.285 28.5693
111.255 28.9049
120.72 29.3948
118.656 28.8571
121.834 28.4387
120.972 28.527
121.92 28.5072
119.025 28.1707
127.512 28.0776
111.855 28.7414
120.444 28.0719
121.607 28.1833
114.618 28.7153
119.063 29.4083
118.355 29.0962
118.69 27.1038
105.612 27.3806
100.833 29.925
98.8985 29.6988
99.4171 29.577
100.872 29.0743
100.518 28.3506
112.791 27.9209
106.697 28.776
113.075 30.0272
94.5421 28.664
95.2682 28.3953
98.012 28.7532
96.672 27.1237
106.276 28.8888
110.996 28.8958
111.427 28.9787
103.692 29.3385
116.377 27.726
119.661 27.4427
124.699 27.572
118.355 29.2504
108.392 28.7501
113.257 30.0637
116.455 29.0474
112.857 27.6869
108.16 29.0526
124.807 28.9121
117.613 29.113
120.938 28.4338
103.769 28.8362
106.851 29.6339
106.852 28.9002
100.896 29.5458
107.943 29.5596
104.024 29.5321
101.664 29.9961
125.622 27.8158
122.077 28.2455
112.473 28.2862
114.971 27.619
104.289 29.1497
111.207 28.7943
104.895 28.2284
103.888 28.2415
131.279 28.2923
110.803 29.2071
119.101 29.0636
115.866 29.5837
114.865 29.6644
109.029 28.7123
104.812 29.4226
117.053 27.7014
119.308 28.0871
118.528 29.5179
117.128 29.7086
131.229 28.5489
123.786 27.5433
134.472 29.5045
132.134 29.2052
128.852 29.1382
133.527 28.647
148.169 27.9659
132.582 27.7944
125.333 29.1142
121.566 29.3332
128.668 28.3294
131.927 28.5918
131.199 29.0857
126.844 27.5868
115.528 28.5081
120.302 29.1376
115.514 29.5643
118.881 27.6389
119.067 27.7902
108.413 28.2601
108.507 28.2832
115.016 29.0099
125.573 28.1426
128.6 28.5684
126.542 28.6266
128.86 28.153
129.064 30.2724
118.118 29.4681
116.404 26.9456
116.909 27.5661
106.409 29.3336
106.409 28.6886
132.872 28.8118
129.025 28.8134
130.461 29.4896
138.972 27.5256
125.837 28.5951
122.877 30.1876
125.919 29.0069
133.275 28.1805
128.679 28.6131
119.109 28.8324
130.484 28.8181
121.25 28.3124
119.349 28.348
121.857 28.8849
123.51 28.2159
116.552 29.1323
118.474 28.8971
116.115 28.6847
115.708 28.9904
121.772 28.0366
111.428 29.2412
115.277 29.04
112.6 29.1186
112.668 29.5458
109.399 29.4147
124.283 28.754
104.526 30.6943
104.282 28.8506
111.011 28.5828
116.158 29.829
115.003 29.1857
117.268 30.0667
117.464 29.3196
98.9023 27.0351
98.0308 28.9529
99.1975 29.8106
103.122 29.3365
105.627 28.5583
106.809 29.2024
109.403 28.0958
107.218 28.3234
111.058 28.5483
103.68 29.0037
113.41 28.7692
111.654 28.6848
105.991 27.7172
108.96 27.1565
113.01 28.6515
116.79 29.0428
111.222 28.0613
123.808 28.5961
122.47 28.0751
122.47 29.7158
109.848 28.3449
121.475 28.5515
120.668 27.2567
107.912 29.059
124.303 28.6912
116.606 27.899
106.242 29.452
112.715 28.7964
109.897 27.9454
111.869 29.3326
116.42 28.2773
118.904 29.0934
111.5 28.9037
118.529 27.1326
121.28 27.5139
123.108 28.8251
113.728 28.6613
115.82 30.1118
106.057 27.5401
108.762 29.0881
107.871 28.8344
107.358 29.9916
108.371 29.1136
110.257 27.8296
98.4818 27.9764
103.609 28.5956
106.084 28.4719
99.2706 28.0139
99.0478 27.2734
92.8208 29.0208
104.424 28.9191
118.317 28.665
121.963 29.6706
130.494 29.2493
120.726 28.7953
129.397 28.2649
107.474 28.7339
102.027 27.7965
103.149 29.2796
110.934 27.7949
111.975 26.6846
117.3 26.5315
120.441 26.9431
102.249 29.7558
107.409 27.8684
122.321 28.3042
117.713 28.3209
115.758 28.298
122.424 27.675
125.631 27.7763
124.131 27.9111
132.549 29.0104
116.976 28.5322
113.644 29.3818
117.197 28.2046
137.858 28.2429
141.985 28.0431
140.445 28.9928
121.742 28.5231
129.241 29.6792
139.315 28.4302
127.96 28.1163
124.992 28.6173
111.379 28.0927
105.736 29.2704
106.343 29.289
94.5957 29.3626
109.853 29.6358
96.6611 28.9015
90.3192 29.2928
93.0388 28.4281
97.7557 27.6604
106.213 29.4365
107.684 30.3166
112.202 28.3268
116.166 28.2786
116.619 28.2684
116.225 28.2652
109.021 30.4708
117.106 30.9135
106.862 29.8572
106.862 29.5057
94.123 29.152
94.123 30.1983
87.7292 29.469
103.881 29.0299
99.4969 29.062
104.446 29.3204
96.822 29.0833
108.719 28.3904
110.132 27.6095
111.314 27.6138
117.303 27.5466
101.55 29.4416
109.292 30.1925
108.228 29.0751
109.86 29.3335
133.276 28.4054
124.713 28.1427
137.801 26.5083
117.187 28.1216
111.045 28.5974
112.179 28.6668
105.51 27.5462
95.6447 28.9716
95.6079 30.1371
95.6079 28.2807
111.433 28.1567
120.391 28.4798
122.122 27.1094
123.22 28.4637
143.639 28.1637
143.75 28.303
157.378 29.2883
179.78 29.4444
144.436 29.3405
159.091 29.0905
144.56 29.3578
134.705 28.6036
141.291 27.9527
135.842 28.5824
108.439 27.7923
109.821 28.2647
131.532 28.2848
136.061 27.2318
134.503 29.0407
133.256 29.0001
123.919 27.8884
133.891 29.6798
124.559 29.1511
138.004 28.5789
137.576 29.0712
133.828 27.0415
121.979 28.0936
119.12 28.3158
133.863 28.0467
130.581 27.9607
117.305 28.3625
122.468 30.0411
129.481 27.5871
129.481 28.8452
121.053 27.6815
120.327 28.4911
120.517 28.4636
127.257 27.8098
125.236 27.4981
120.505 27.4678
117.515 27.6026
129.87 28.3328
116.81 28.7373
121.953 27.2172
114.81 29.6645
120.346 28.7611
114.229 29.0125
120.716 30.3571
114.363 29.3701
123.134 29.2989
114.688 29.1175
123.04 29.076
125.901 27.921
133.422 27.6554
134.224 28.0122
122.416 28.8413
132.318 29.2458
125.773 28.5566
119.748 28.0123
146.144 28.7633
129.935 30.476
118.881 29.9271
126.524 30.1161
126.654 29.5427
111.977 29.2018
123.986 28.5261
118.809 29.4776
122.726 28.2487
123.989 28.6349
123.849 28.5521
115.949 29.2425
113.182 29.164
108.214 29.67
107.974 29.3224
103.16 29.2952
103.065 28.229
116.504 29.453
111.523 29.3353
114.396 27.8444
117.557 28.5901
113.085 29.1709
107.993 29.1299
114.669 29.3291
109.23 29.1573
116.159 29.4359
109.469 29.3376
107.21 30.0395
108.779 28.5539
112.134 27.6458
112.386 27.8384
109.037 30.1315
109.699 29.2867
109.567 27.9658
107.726 28.0653
98.095 28.5593
95.3286 29.0205
102.325 28.8982
102.014 27.372
98.0218 29.7541
115.33 28.0637
113.824 29.8425
109.044 28.5413
111.255 29.5172
111.557 28.0991
98.2387 30.4666
111.305 29.0683
108.263 27.5957
106.771 29.0715
111.129 27.8132
113.211 28.2296
119.74 28.3985
122.053 28.3207
126.141 28.6582
109.942 28.2551
113.92 28.0412
110.976 27.9682
118.77 28.339
102.408 27.9818
106.535 28.1414
104.087 28.4731
111.741 29.8299
118.077 28.2864
125.601 27.5617
116.645 29.1244
112.597 27.3098
112.597 29.3361
135.396 30.3703
120.826 30.0303
121.247 28.842
132.346 28.2161
128.706 27.8371
120.467 28.4357
120.467 28.4335
127.851 28.706
122.098 28.375
129.169 28.0489
128.173 27.558
115.671 28.7907
115.242 28.8503
125.087 28.2247
131.662 28.2826
129.56 27.8307
135.958 28.9012
135.309 29.3947
133.813 29.633
114.377 29.4024
114.578 28.3618
118.413 28.351
121.202 27.9591
127.335 27.625
119.595 28.6975
124.888 28.0775
128.827 28.2236
112.12 29.4339
108.252 28.6293
108.724 27.9844
110.701 27.5703
109.157 27.8117
120.004 26.7623
115.388 29.2805
119.546 28.9864
104.987 30.0367
114.415 28.3154
125.18 27.8944
139.862 28.1298
140.032 28.5814
145.918 27.792
141.877 28.7
137.848 28.5968
132.676 27.7268
132.676 27.2582
108.145 28.9018
100.999 30.4146
109.89 28.9448
110.541 27.8194
123.084 28.6682
124.777 28.2361
122.316 28.9374
115.748 29.4085
111.364 28.0342
127.362 26.466
113.412 28.6249
125.097 27.2242
124.44 28.1235
124.68 28.0881
121.534 29.3584
116.324 28.9168
115.888 28.6584
111.518 28.4649
118.053 26.8607
117.195 27.6106
102.366 28.4462
102.128 29.1094
108.31 28.0958
111.11 28.0003
101.866 28.5872
104.187 28.3387
102.92 29.4387
95.9349 28.9188
96.4765 28.5655
99.4981 29.3284
92.9604 28.8249
99.0105 27.9178
104.099 28.5659
98.6291 28.459
109.381 28.5563
112.311 29.0709
117.195 27.2469
111.516 29.2183
108.356 29.7402
124.958 29.7522
104.333 29.6596
118.603 26.5234
110.862 30.1897
104.371 29.4943
116.559 29.2215
119.246 28.4896
120.453 28.2405
112.846 28.2293
118.204 29.6546
122.688 28.729
120.811 28.7989
120.811 27.3227
115.358 28.1671
119.233 28.4039
117.119 28.4362
111.449 28.5624
111.449 27.4004
114.245 28.3545
117.201 27.9948
111.041 27.9873
116.122 29.2496
109.552 29.2143
124.292 29.5839
127.67 29.3554
125.16 29.9775
118.529 28.6533
114.449 30.3721
105.355 30.2259
107.951 29.2584
112.78 29.7705
115.791 27.9935
113.824 28.6748
114.285 29.6264
103.357 30.3874
113.5 29.7445
125.902 28.7115
122.321 29.5432
126.641 27.8416
129.378 27.6793
128.011 28.5126
114.194 26.8212
119.59 28.4255
124.669 29.3212
125.812 27.5576
118.898 26.4615
122.864 28.1597
118.079 28.076
108.943 30.1767
110.756 28.3115
121.585 28.6665
122.043 28.0826
123.257 29.1723
123.247 28.7307
115.245 28.647
133.512 28.0601
129.842 28.5905
131.404 29.0717
119.615 28.9398
118.504 29.9181
119.323 28.1626
120.688 27.5404
119.437 28.4113
139.591 28.0387
131.455 27.6473
125.536 27.9872
140.418 28.1784
127.452 28.5348
115.36 28.0936
107.564 28.8524
102.845 27.4807
112.835 26.0961
107.274 29.5434
112.963 27.5429
120.002 27.8822
122.742 28.5465
126.766 29.1724
110.17 29.0387
104.041 27.2829
120.036 28.1575
126.652 29.5881
117.647 27.5882
124.359 27.7979
127.718 28.3484
116.283 28.4421
121.638 29.4337
120.445 28.9978
118.903 27.9341
119.034 28.1903
109.08 28.497
124.078 27.4016
121.994 28.0982
129.445 28.4304
121.753 29.1214
136.084 28.7459
136.492 28.2467
127.543 28.0336
128.467 28.7351
111.936 28.04
115.773 30.3463
119.219 28.3941
118.925 28.0349
119.416 28.7478
123.696 28.9098
120.352 28.5814
111.241 28.6915
117.188 28.6354
114.275 29.3911
114.687 28.5737
121.292 28.5868
109.32 29.111
102.926 28.8598
121.968 28.5512
119.433 29.5486
106.976 28.897
112.07 29.0337
108.228 29.4143
109.211 27.3976
115.31 29.1928
108.732 27.5695
108.911 28.4364
109.147 29.8028
110.1 30.1922
97.8967 28.6369
97.2135 29.9762
98.724 29.279
101.747 29.0375
105.342 30.3484
112.761 28.5915
102.153 29.4299
121.193 28.3202
128.21 27.7134
116.215 28.4647
119.86 29.7888
120.879 28.2471
129.961 27.3319
135.298 29.4255
123.089 27.4536
125.598 28.6378
111.995 28.5081
112.563 28.5748
116.795 28.3422
103.108 28.7695
110.368 28.5927
113.855 27.8842
116.917 28.3425
118.046 30.6071
126.74 29.6073
126.74 28.7029
140.312 29.6876
150.65 28.47
134.192 29.395
139.089 30.4067
121.551 29.5686
127.837 28.4035
120.335 28.3228
110.971 29.035
115.301 30.1474
124.729 27.9127
140.95 28.4564
136.316 28.9876
135.269 28.9112
126.015 28.6001
126.04 27.8104
112.036 29.1625
110.847 28.8624
119.668 28.0671
119.725 29.208
121.794 29.2004
117.519 27.2853
113.27 28.6757
108.165 28.029
106.174 29.9678
106.174 28.7811
106.187 30.128
100.837 28.8889
113.06 29.1662
132.553 28.5364
120.28 28.9537
123.024 28.3515
124.682 28.3678
126.941 28.0049
117.009 28.5224
119.158 28.9799
119.697 28.8174
105.646 28.7239
111.663 28.799
112.295 28.6965
110.635 29.771
111.716 27.6463
120.265 29.5193
112.344 30.0535
125.384 30.229
131.528 30.043
132.944 29.9133
135.496 29.0724
128.526 27.8521
118.961 29.0704
117.671 29.1869
116.199 27.9595
110.444 30.5678
117.972 28.79
120.426 27.8517
116.544 28.4448
117.344 28.2482
112.191 28.594
108.879 28.2976
107.389 29.3531
123.236 28.786
109.651 28.5351
108.857 30.1115
116.106 29.2533
118.123 29.1321
98.6542 27.701
105.469 29.3227
112.941 28.2715
117.223 28.8628
112.63 28.7133
118.102 29.696
122.91 29.0081
122.91 28.7419
124.706 27.7481
129.998 27.9764
136.273 28.2302
137.385 29.3756
145.161 29.6182
131.224 28.2435
139.229 28.136
134.79 27.3196
134.177 27.4513
129.369 27.4621
140.155 29.8298
140.155 27.2682
110.918 28.0942
116.069 27.7134
114.636 29.5137
119.352 30.0296
105.603 29.2474
114.189 28.1115
115.549 28.6683
116.661 28.7491
120.551 28.7825
120.153 29.1215
107.974 29.305
103.995 29.04
109.083 29.2058
114.634 29.4528
114.629 28.7029
108.732 26.7944
110.182 28.1479
108.619 28.9553
111.21 28.7624
130.502 28.8303
119.261 30.0956
118.993 28.0991
106.684 28.0841
105.718 30.1047
112.937 30.0469
123.068 29.155
109.659 29.0685
112.365 28.686
119.467 29.9241
122.61 27.8529
125.675 29.0226
138.82 28.3041
151.64 29.3038
124.2 28.2711
127.605 29.2624
136.382 28.8694
144.105 28.2822
136.306 28.6628
151.484 28.5851
155.328 28.4003
142.183 28.4917
166.93 30.2652
164.233 29.0832
182.703 28.8784
180.2 27.5121
161.977 29.1188
175.985 29.0826
140.553 28.7338
140.553 28.6525
133.57 27.6066
133.57 29.2446
127.89 28.8389
110.903 28.9
121.533 28.1361
104.737 27.423
104.737 27.9617
100.942 28.0521
108.12 30.3191
123.199 28.0901
120.561 29.9305
119.868 29.4154
115.8 29.1242
124.625 27.8386
124.781 28.6232
124.381 28.6665
126.964 28.2191
123.136 29.6054
128.393 28.2276
132.264 28.8147
125.433 28.8469
122.939 28.7151
122.264 29.0317
117.891 29.224
113.088 29.7913
111.329 30.073
114.89 29.6371
120.539 29.6386
121.629 29.7477
123.506 27.752
113.155 28.6169
114.314 28.4206
118.373 28.9589
116.545 29.7811
103.79 28.8944
106.534 29.2388
108.101 28.5829
104.905 29.7681
105.231 27.8436
103.804 27.5162
106.031 27.9705
111.744 27.9969
104.11 27.7713
101.477 28.2879
92.2554 29.3754
99.9812 28.3967
99.5341 27.934
100.428 28.2233
103.388 28.7317
120.652 27.3462
118.064 28.4835
119.894 29.6965
115.999 28.5063
125.574 28.8172
123.525 29.0305
121.754 28.9085
125.25 28.5232
116.27 29.5607
108.314 29.4593
110.202 27.1985
114.1 28.2664
115.881 28.3021
120.242 28.5581
119.8 26.841
119.085 28.9729
118.404 28.4229
117.115 28.4385
108.001 29.066
116.54 27.6245
123.39 27.9364
112.886 28.8875
126.999 28.6504
127.275 29.1748
110.697 29.2182
110.092 29.2503
108.697 29.835
116.553 28.5495
116.497 27.9053
111.299 26.8595
109.691 28.6574
114.49 28.2699
114.343 28.9852
110.365 29.7444
118.586 29.2432
116.31 29.0946
114.801 27.6415
102.555 28.0568
106.526 27.7666
107.298 28.752
105.888 28.2104
106.287 29.467
113.171 28.6741
110.753 29.4428
94.8311 28.0818
94.8311 28.309
105.197 28.3449
98.5294 30.635
103.511 28.6117
101.177 28.7931
99.3611 29.1791
92.5485 29.8767
87.1003 29.6109
91.641 28.2006
106.412 28.2213
102.768 27.3207
105.025 28.2538
118.269 28.2807
115.082 28.45
112.182 28.3399
114.328 27.9882
116.871 29.7992
109.897 29.7851
117.584 29.8276
120.476 29.4824
107.043 28.6669
116.056 28.852
106.729 29.0843
99.66 29.0046
86.6643 29.6091
96.9455 30.4406
108.421 29.233
110.426 28.2027
110.029 28.8767
122.216 28.3954
122.957 28.6001
128.636 28.7066
117.804 28.3391
110.904 27.7843
123.604 27.2153
135.852 28.6246
127.313 27.867
123.863 27.7535
121.178 28.6368
111.1 28.3048
114.073 29.0255
109.742 28.2831
107.573 29.3969
103.252 27.8888
98.7537 30.3202
101.345 30.2534
118.055 29.4166
113.595 27.7815
114.991 29.2341
114.371 29.5691
104.926 29.9098
112.258 29.7735
106.99 29.1815
113.553 29.7078
118.813 30.0423
127.69 29.0953
116.715 28.2345
120.828 27.251
123.029 27.7
121.779 27.7815
122.19 28.3238
122.325 29.064
130.378 28.3617
113.631 28.4339
122.27 27.9815
110.63 30.2624
100.775 29.7171
113.901 28.3112
105.605 29.6381
101.791 28.3125
98.2925 28.7929
95.5426 30.3073
109.351 28.2131
101.593 29.4186
104.309 29.6328
100.767 28.6229
95.0864 28.6597
101.911 29.7289
103.891 29.0802
103.891 29.8052
104.692 28.0986
107.566 29.4999
109.942 29.8203
120.028 28.6671
119.885 27.6617
113.921 28.4676
112.124 29.5459
102.823 28.344
116.693 27.549
112.577 27.227
120.31 29.2658
123.315 27.3561
119.332 27.7093
101.838 28.4532
103.786 29.6998
99.4465 30.8699
108.454 29.3933
103.658 28.9325
97.259 29.9507
88.4637 28.7597
101.687 29.3069
99.5356 27.8537
85.4423 29.2596
98.4708 28.3307
101.972 29.5986
105.142 29.3731
113.092 27.5765
111.294 28.6285
117.701 26.8398
115.601 27.7776
109.364 28.943
119.167 27.8512
102.193 28.1238
113.058 27.6557
114.322 27.8049
117.969 28.4144
104.491 27.9655
100.17 28.4472
105.09 29.6401
103.452 29.5292
102.827 28.5146
106.462 27.6344
106.462 27.5469
95.3379 28.7259
90.7097 29.5411
84.8601 28.8835
96.927 28.7271
95.0379 28.5279
89.6291 29.3395
104.06 27.1928
105.198 29.1944
123.299 29.022
124.257 28.9426
117.97 28.8176
123.839 30.4794
112.759 29.3194
108.178 28.8429
106.023 27.9812
106.962 27.462
120.75 27.84
113.061 27.8391
114.891 27.8652
115.19 29.6219
120.919 28.4921
128.673 27.943
125.307 28.357
126.315 28.8879
116.22 28.8909
119.602 28.9089
115.71 28.5537
113.568 29.0885
109.156 29.2877
108.362 29.7117
114.559 27.1426
108.953 28.7038
110.66 28.0374
112.185 28.9811
102.976 28.5591
105.21 27.8686
91.192 28.5228
112.2 28.9822
113.969 30.1078
109.681 30.389
110.77 27.7578
107.17 29.6737
101.61 28.7237
113.735 30.2684
120.039 29.3675
110.27 28.8251
113.838 28.1579
125.72 28.5752
119.325 29.0024
109.123 27.0844
109.928 29.4769
106.21 29.8152
116.197 26.6671
118.962 28.063
114.712 28.5846
110.498 28.2419
104.779 28.9608
113.013 29.9363
105.965 29.4418
111.089 28.1326
114.577 29.2502
120.663 28.9071
103.048 29.2156
107.939 28.8425
115.311 27.016
115.373 26.8387
101.579 27.1789
101.579 28.1349
84.7612 28.46
77.4822 29.4913
72.7475 30.0618
72.7475 29.6529
85.4695 28.9158
87.6844 29.7506
87.6844 29.2085
86.2524 28.5419
88.63 29.8357
73.4377 29.4145
73.4377 29.0903
90.8783 28.7075
86.8311 28.9175
90.5695 29.4805
88.6365 29.4202
87.8558 29.5819
113.983 28.2954
115.283 29.6466
125.629 27.7719
120.289 28.067
119.657 29.4107
129.158 27.45
136.554 28.6995
134.403 27.5978
139.979 27.429
136.314 27.9004
124.733 29.3996
125.376 27.0315
122.459 28.5794
125.301 28.2141
121.548 27.0505
120.693 28.6646
129.339 28.5766
125.177 28.848
128.825 28.2467
123.302 28.5597
120.616 29.5693
124.147 28.8525
112.859 29.8909
118.553 29.8042
111.841 28.3538
120.693 28.2175
119.101 28.4757
121.581 29.0582
117.182 28.1608
114.196 28.7628
105.818 31.9934
109.506 29.3134
119.608 30.0257
116.577 28.1137
123.315 27.5302
128.116 28.6218
128.191 28.2891
122.125 27.9901
109.855 28.4162
114.335 28.7595
113.073 28.2393
116.642 27.7193
114.309 27.9553
115.738 28.4588
116.412 29.6607
98.6009 28.6467
106.592 29.5291
92.7944 28.9079
101.123 27.5941
94.7865 28.16
84.373 28.0322
88.8753 28.6246
88.8753 28.239
97.0545 28.4344
104.564 27.7825
122.932 27.126
111.22 29.1803
114.028 28.1004
116.399 29.7673
107.704 29.338
97.0499 29.6637
102.495 30.3405
102.495 29.8351
99.3037 28.4121
98.1708 28.4562
111.279 30.2721
102.312 29.2965
97.6888 28.3703
117.412 27.3301
123.624 27.5086
122.66 28.8864
126.93 28.8254
127.812 29.2559
120.434 28.5188
118.664 29.0828
112.92 29.6521
109.675 28.4668
105.926 28.3881
101.571 29.3302
93.3128 28.3308
115.082 28.2059
107.821 29.6262
104.487 29.1911
104.193 28.7707
103.027 29.6577
114.17 27.8802
108.789 28.9737
110.403 28.828
106.404 27.2874
106.717 27.7707
103.981 28.9937
107.762 27.8909
109.77 27.632
113.324 27.4278
126.279 29.4304
125.002 27.6869
114.963 29.2681
114.461 29.4509
115.133 30.17
123.701 28.8179
119.353 28.4083
122.87 28.0615
120.343 29.0604
120.733 27.9743
117.935 28.0726
123.289 28.5403
119.018 30.5825
120.348 29.7023
124.219 29.0248
124.219 26.942
115.84 28.7703
115.977 28.5328
123.454 28.3733
102.775 28.6319
101.18 28.9489
101.789 29.0054
98.3652 28.3686
105.324 28.4486
98.221 28.6995
104.126 28.4738
104.597 28.9322
104.597 28.3418
104.597 27.527
109.286 28.7399
131.922 28.3831
119.051 28.4733
132.152 29.2685
103.96 28.9883
119.573 28.4432
110.91 29.1256
129.141 29.5492
134.274 28.6038
120.182 28.5939
116.932 29.4765
105.183 29.4214
107.834 29.6121
108.537 30.0063
116.361 29.602
119.852 29.0077
106.914 29.9965
112.97 28.7766
113.186 28.9606
121.751 29.2277
111.743 28.1464
111.852 28.9884
107.283 28.6526
122.05 30.6643
119.794 29.0402
125.008 28.4355
119.95 28.6723
128.578 28.5783
130.146 29.5438
129.529 29.0815
128.766 29.875
140.094 28.5915
124.783 30.2876
113.7 28.556
115.242 28.3952
121.149 28.3446
116.594 29.002
125.529 27.5599
126.511 28.4865
108.314 28.254
117.625 28.3997
114.483 28.6147
116.086 28.6127
127.632 29.197
117.851 29.2337
121.915 27.6382
129.721 28.8731
128.95 29.4508
132.821 27.9103
147.179 28.165
132.903 28.8378
138.154 28.0586
133.239 28.2989
143.656 28.8781
130.431 29.9853
138.636 29.8189
136.356 29.347
141.479 27.9231
133.667 27.2019
128.887 29.4928
133.128 27.505
134.908 28.9873
123.465 29.21
114.891 28.168
125.099 29.3708
118.312 29.8204
114.269 29.1192
124.123 29.1906
121.03 28.2963
109.647 29.1174
100.677 28.7371
99.0719 28.6384
115.16 28.7452
108.575 28.1762
103.757 28.1421
133.887 27.9838
120.813 29.7236
136.205 28.6888
132.059 28.9481
122.61 29.078
121.027 28.602
120.364 28.696
121.236 28.5107
116.086 29.5505
115.749 28.6606
113.724 29.087
113.874 29.7135
113.194 27.9914
115.841 30.034
119.465 30.419
124.674 29.6465
125.981 29.4797
117.396 28.609
127.694 29.7628
111.788 28.324
103.931 28.4849
103.939 29.0458
103.939 29.6675
121.657 29.1712
114.049 30.2158
120.553 29.2467
121.581 27.2815
132.231 27.8827
129.885 28.0863
130.226 28.917
151.448 29.4428
154.573 28.7237
150.548 28.0638
155.017 27.2786
151.206 27.2722
136.113 29.4913
150.713 28.9022
132.255 29.7797
132.704 29.1198
121.086 28.2726
119.089 28.9463
122.87 28.7511
130.677 28.5945
132.355 28.5993
130.806 29.4771
130.156 29.0499
131.016 27.9821
142.244 28.9571
135.802 28.6167
134.355 28.094
134.355 28.3069
136.382 28.1222
143.084 28.2321
145.136 28.1869
137.692 28.3728
128.884 28.9376
143.126 28.0481
142.485 28.7185
150.635 28.2048
147.871 27.0401
133.664 29.156
127.78 29.2573
111.32 27.9618
112.906 27.8605
108.532 27.4373
118.337 26.708
117.791 28.1107
115.367 29.5311
124.108 27.59
109.848 26.9929
118.881 28.9194
135.374 29.3629
137.371 28.0631
128.821 28.2774
120.871 28.6315
117.708 28.2428
129.585 28.295
132.902 29.0277
126.82 28.5463
138.695 27.7329
136.194 28.8635
119.632 29.1843
120.801 27.8784
125.885 28.5064
121.605 29.8998
129.077 30.1773
114.196 28.6243
119.637 27.768
118.47 28.2124
118.085 29.1338
127.785 29.2761
115.534 29.0966
117.939 28.9919
126.736 28.374
129.305 28.2029
122.857 28.0338
119.954 28.2536
135.813 28.3125
125.074 28.1584
141.351 29.4454
125.185 28.3123
119.478 28.0798
132.792 28.1005
138.35 27.7773
117.398 30.943
131.102 29.2687
131.234 27.8838
130.367 27.6367
135.846 27.8766
145.591 29.6392
137.373 28.3891
120.274 29.2031
117.221 27.608
128.869 28.0142
131.258 26.9964
123.356 29.4421
130.994 28.2774
131.403 28.1169
139.57 28.3117
130.739 29.606
145.399 28.9363
119.615 29.5436
120.871 27.9719
127.722 29.0756
125.759 28.4254
115.877 28.8531
122.562 28.8462
121.873 29.0249
119.946 29.1631
130.656 29.7532
125.988 28.381
128.223 28.8161
129.038 28.8299
126.207 30.2507
133.176 29.0454
119.1 28.3832
121.358 28.5572
119.539 29.0467
132.749 28.9075
134.044 28.7092
128.634 28.3621
128.169 26.7503
111.653 29.7173
118.426 28.7637
120.539 29.5091
125.256 27.5036
116.072 29.3185
117.605 28.7241
116.302 28.3246
112.209 28.2526
103.596 29.4476
120.513 29.0538
114.738 27.9177
116.265 30.3407
110.21 29.9885
113.55 29.5725
108.826 28.7681
113.538 29.3081
116.355 29.0191
108.886 29.3817
125.758 28.8138
121.013 27.4159
116.525 27.638
111.922 29.4951
117.084 28.7191
124.919 28.284
112.81 29.0199
96.1762 29.216
103.871 29.3234
96.6583 28.244
101.467 28.7754
105.968 28.9912
109.707 27.5123
100.727 30.1904
95.3481 27.963
98.5652 29.7558
110.194 29.0729
104.397 30.1706
113.847 28.2647
106.994 28.6868
110.031 28.628
115.679 27.4683
118.527 28.9576
111.801 28.5827
112.362 29.3911
105.919 29.3745
113.376 29.0529
113.069 28.8014
113.069 29.1569
111.404 28.2408
109.964 27.9424
109.916 27.5362
112.613 29.7674
117.337 29.523
118.341 28.7323
124.313 29.7069
145.704 29.6388
151.015 29.6391
161.207 26.8995
139.354 29.1978
134.597 29.0272
126.187 28.4554
123.21 28.71
124.882 28.7467
117.011 29.5106
113.606 28.6705
110.965 29.1275
113.515 29.8841
121.172 28.5639
120.861 28.8154
125.778 27.6686
111.322 31.0032
113.518 28.8225
109.392 29.4376
112.951 28.1876
111.173 28.7204
116.114 29.2988
114.713 28.6481
115.643 30.7433
115.861 28.9699
111.62 28.4106
101.477 28.3816
114.353 30.0624
118.311 29.1221
123.223 28.3742
126.132 27.7588
126.542 28.2209
114.777 29.8746
120.879 27.8952
118.04 29.0823
107.495 29.1105
99.2893 28.7031
111.353 29.023
117.037 29.2414
120.843 27.4829
128.94 26.8126
129.069 27.6909
118.783 28.989
119.092 29.5957
112.386 29.2155
117.762 28.4672
113.788 28.3588
125.444 28.4671
123.657 29.5886
118.595 28.6216
103.587 30.0609
103.266 29.3505
105.721 29.7406
107.963 28.4766
105.011 28.153
98.9619 29.1285
100.768 29.4391
100.948 28.7659
96.0988 29.6837
92.075 29.4821
100.262 30.6042
103.417 27.7749
112.998 28.6236
110.715 27.6439
108.165 28.52
101.47 28.0516
108.839 29.5737
106.919 29.1021
109.539 27.7212
112.256 28.9787
112.543 28.214
133.398 29.2597
115.446 29.286
137.778 27.6803
124.305 27.8736
127.086 28.4192
129.891 28.6578
126.791 28.0031
134.812 29.2493
129.746 29.2235
120.738 28.1158
131.583 27.3402
128.447 27.4382
125.624 28.6296
118.068 28.0403
118.068 28.6916
123.549 27.8792
131.24 27.4535
126.904 27.6355
133.021 27.5771
117.184 28.5863
124.946 28.9908
128.082 27.0417
119.881 29.6488
121.296 27.4482
119.279 28.2353
109.646 28.1556
114.721 30.1254
119.091 28.6469
117.63 28.9249
118.507 28.3091
117.015 28.4505
116.618 28.6209
120.976 30.0009
123.762 29.1783
117.914 28.7407
126.722 28.7374
117.021 27.403
113.719 28.9797
133.645 28.0295
132.049 28.459
118.547 27.3173
142.951 27.2651
118.837 30.1538
114.858 26.8774
123.234 27.9681
121.3 26.6706
108.887 29.4194
120.239 26.4921
123.885 27.332
124.877 28.8711
118.671 29.5102
109.864 27.8957
112.589 30.6606
102.983 28.7657
104.394 29.7291
104.394 29.7526
119.059 27.3796
119.565 28.2548
115.179 28.4946
116.5 29.3299
111.765 28.1759
120.284 28.3126
96.4931 29.8159
99.9978 28.1144
100.288 28.6021
105.246 28.4813
116.237 27.9519
115.937 28.8847
108.884 28.9019
118.763 27.8595
118.615 29.413
123.512 28.0624
122.33 28.9102
119.842 27.3562
116.113 27.5377
114.344 28.4198
111.367 29.8964
115.998 27.8461
107.898 27.946
118.326 28.5624
108.74 28.5703
120.708 28.9764
119.95 28.7364
111.504 29.2771
106.591 29.1903
107.034 29.4733
105.209 27.3688
109.211 28.3258
100.496 28.6861
103.437 28.6019
109.578 29.0912
108.849 28.1935
98.3497 29.162
114.29 28.7469
125.258 28.4929
139.986 27.3871
139.986 29.6922
155.485 28.8687
129.126 29.4309
140.571 28.705
125.247 28.2323
137.141 28.7154
130.751 29.1493
136.145 27.4625
131.824 27.0961
125.143 26.9324
127.097 28.9527
123.89 29.3207
132.088 28.0021
135.32 27.3013
127.931 28.6677
125.23 29.4361
117.892 28.9708
105.164 29.3503
103.025 29.0286
112.052 29.3148
111.536 28.597
117.732 28.8237
105.395 29.4773
114.89 28.3102
115.585 27.2204
112.645 27.4952
112.645 28.8953
112.393 28.5417
109.821 28.5003
116.386 28.5116
125.895 28.5869
109.203 28.8842
114.138 30.4003
137.717 27.5541
136.915 27.9142
122.314 28.378
124.406 29.2508
127.808 28.6033
130.58 27.8297
143.741 27.5701
120.716 29.8489
130.346 29.2941
140.579 29.2697
138.024 29.4003
135.745 30.3699
137.184 29.1174
136.025 29.5928
136.314 27.8583
133.555 29.4302
135.115 29.442
112.195 30.5581
110.256 32.0009
105.353 29.0667
98.7137 29.9403
105.24 29.9674
111.279 28.9777
120.622 27.3055
119.821 28.2494
115.463 29.1074
125.162 29.957
117.909 29.4431
102.412 29.1038
112.707 29.2048
108.052 28.6843
108.933 27.9462
98.1176 28.2487
102.628 28.6147
96.8072 29.084
117.816 28.5259
117.584 28.4275
129.068 28.619
131.788 27.8701
127.411 27.8062
118.251 28.5406
111.884 29.1991
123.022 29.3094
116.965 29.1956
114.955 29.3786
122.332 27.6251
124.951 28.1958
123.768 27.816
121.379 29.3148
108.906 29.253
107.447 29.5905
113.359 29.6993
124.924 27.7118
126.017 28.7341
146.53 28.4441
124.669 29.4476
128.178 29.6935
122.88 29.5694
113.018 29.0265
129.265 29.0533
123.389 28.9176
109.601 29.6933
122.937 28.4561
106.16 27.9679
104.322 30.3223
106.443 27.2398
106.065 29.89
105.1 29.794
105.299 30.5189
116.295 29.4407
122.564 29.8178
124.216 29.814
114.087 29.2808
115.685 29.421
127.857 27.5502
129.32 27.5726
122.484 29.6456
123.49 27.5374
126.953 27.6939
125.451 29.28
125.111 29.955
115.553 30.025
120.145 27.1148
114.351 29.4676
114.283 29.7158
128.639 28.766
139.131 27.7275
146.786 28.0159
130.69 29.5366
130.331 27.7316
139.867 27.4525
118.694 28.1982
126.767 27.7006
116.401 30.2101
112.099 30.2902
107.24 29.502
105.717 29.5107
116.338 28.2687
113.527 27.6412
127.515 27.2664
133.5 29.0273
115.991 29.4642
122.437 28.7277
126.687 27.8294
140.784 27.9937
142.616 29.4066
147.144 28.6734
148.704 29.8766
144.014 27.94
118.232 27.9527
104.035 28.3588
96.325 28.7723
107.995 29.5623
100.002 28.8499
93.9878 29.7491
100.416 29.9566
110.27 29.4712
105.227 29.1797
108.398 28.3605
108.398 28.8467
96.4166 28.8418
110.683 28.224
106.527 28.7267
120.738 30.4787
120.375 30.2593
120.375 29.1087
108.656 29.697
120.214 27.9075
113.092 30.382
121.396 27.7736
130.824 28.5633
124.542 27.5123
123.446 29.1507
132.876 30.2696
132.169 28.8641
127.441 29.5995
126.94 27.1576
125.301 28.0541
132.164 28.6549
129.875 27.5373
127.76 28.0232
124.326 29.3848
131.116 27.9438
127.441 29.5836
129.63 28.8495
122.462 28.4112
121.163 28.6522
121.974 28.6309
124.245 29.0319
116.535 29.045
126.761 28.6829
123.198 28.7365
128.834 28.1249
121.924 29.886
113.463 29.8144
102.66 30.6224
114.651 28.2478
114.719 28.1745
112.778 29.7555
115.699 28.5512
117.486 29.6714
115.444 29.6472
112.535 29.8647
109.449 28.0538
125.39 28.1186
131.379 29.1464
122.543 28.1188
123.764 30.8054
126.108 28.8216
130.048 27.8652
121.177 27.018
121.718 27.0837
121.385 28.9458
124.21 28.9971
129.691 27.0623
114.039 27.723
103.974 29.8812
102.139 28.5402
107.911 30.3793
117.246 26.6505
116.358 27.6426
116.406 28.6918
118.072 26.582
112.03 28.4645
104.047 28.5514
113.08 28.2305
113.037 28.7429
106.82 30.0224
111.414 28.8085
102.18 28.7256
97.4321 27.4259
100.458 30.3559
117.955 30.4201
94.1514 29.4396
102.598 28.4133
96.0064 28.2147
119.976 27.7336
112.285 29.2498
113.385 29.0028
122.371 28.8761
121.85 28.3318
121.334 29.8178
128.787 28.9016
121.999 28.4474
118.788 28.7952
109.012 29.8727
111.894 29.8097
107.741 27.6234
117.741 29.0489
113.922 30.2387
114.184 29.3051
114.941 29.9833
117.873 29.441
116.366 29.2231
120.106 28.4293
122.515 27.9584
122.615 29.5921
130.291 27.9398
120.064 28.1613
127.196 27.6925
125.738 28.196
114.2 28.64
119.547 28.394
110.186 27.9972
122.926 28.0113
120.845 29.4693
116.28 29.2721
117.896 28.9802
116.862 28.7801
115.852 27.9707
115.085 29.4582
108.843 28.1453
109.65 28.5637
108.183 28.7152
107.739 29.046
108.086 28.6925
113.572 27.3198
110.898 29.0481
109.824 30.2615
102.301 29.097
109.565 29.6138
105.214 28.2843
112.749 28.9674
114.095 29.2573
114.186 28.6105
102.79 28.5996
107.46 29.853
107.206 28.688
110.744 27.6676
128.203 28.3676
128.764 29.9019
127.792 30.0545
134.524 30.3687
129.721 29.097
123.729 28.6152
131.042 28.7629
121.831 29.5246
147.693 28.7687
145.172 28.102
146.166 28.5845
148.017 27.8733
148.398 28.5136
146.785 28.798
131.846 28.7296
131.83 28.8322
143.45 28.2932
139.854 28.1589
125.502 28.033
119.859 27.6305
129.525 29.28
128.52 28.3296
131.196 29.6237
146.44 26.5978
136.168 27.8955
143.018 28.1303
143.055 28.3621
135.375 28.3635
137.283 28.1832
133.072 28.4392
138.946 29.3012
124.914 28.8669
109.148 28.8573
109.148 28.4825
107.142 29.5825
100.411 30.0989
109.516 29.7147
116.444 29.8004
121.889 30.9032
135.043 29.0574
132.832 27.8797
120.215 27.4927
104.708 28.967
106.049 29.6819
109.032 29.0348
102.609 27.9996
113.478 27.3326
111.965 28.8742
118.556 29.0414
121.009 30.8804
132.488 29.8667
115.153 30.2577
115.952 28.5355
121.777 29.0497
111.283 28.615
101.213 28.6405
106.537 29.2466
120.543 27.5633
126.94 29.2663
126.343 29.547
125.935 28.7802
119.658 28.2818
114.881 26.9429
123.188 29.3745
116.751 28.3497
117.028 28.4011
105.294 30.3485
126.543 28.3886
124.221 28.4385
114.649 29.1303
114.252 27.6921
101.693 29.0285
120.694 29.602
102.899 29.2805
107.306 27.5825
103.276 27.9155
119.32 27.923
115.7 28.5536
110.647 27.7348
105.371 29.6438
105.969 28.4418
105.969 28.7648
107.435 29.0236
107.435 28.8029
101.258 28.5233
106.505 29.1676
116.237 28.0453
132.825 29.5605
135.271 29.6066
128.633 29.6513
121.046 29.7972
130.526 30.5316
134.133 29.461
138.454 29.3351
137.652 28.3323
140.564 27.566
142.36 28.7504
130.998 28.6605
135.873 29.1068
138.295 28.5513
157.3 29.5759
158.058 28.4007
142.494 28.6002
164.899 28.5722
157.57 27.851
145.012 27.7296
148.983 29.4604
166.14 28.893
160.162 27.8778
144.647 29.2384
154.308 29.6406
156.23 27.597
146.572 29.6696
135.938 28.4835
131.555 28.3998
151.919 27.7202
140.411 27.9772
146.974 27.5074
135.1 29.2563
131.548 28.4989
125.563 28.0304
123.064 28.4207
124.146 28.5884
112.422 28.8672
122.056 29.7003
128.41 28.4088
118.872 27.9415
110.447 28.3286
118.299 29.5969
106.179 28.7789
109.924 29.6853
119.134 27.0754
110.316 28.4875
111.193 29.3767
116.756 27.9734
120.762 27.597
119.2 28.1216
119.74 29.1942
126.426 28.6088
132.747 28.6665
132.605 28.5039
120.336 28.9003
130.768 28.1239
141.112 28.4381
138.892 28.4689
141.845 28.1744
144.999 29.8372
143.003 29.51
141.778 28.8288
150.299 29.4878
144.272 29.6838
137.331 28.2904
115.474 28.3342
110.179 28.2148
110.801 28.4533
100.395 29.4534
104.838 29.3615
113.674 28.7813
114.416 30.2765
137.658 30.5184
147.111 29.7423
136.725 28.9193
131.058 29.7846
125.364 29.9456
130.793 28.9376
122.425 28.74
123.48 28.6064
99.8772 31.4385
99.8772 30.1348
107.869 28.5384
111.393 29.3852
113.799 28.9018
114.811 27.5145
107.672 30.5168
111.511 28.5928
107.644 29.084
114.578 29.3116
100.91 28.9993
115.197 27.2104
114.498 29.927
111.074 28.9766
104.558 28.8748
110.243 27.5301
120.361 28.7354
105.875 30.575
109.146 29.5474
115.868 29.7586
111.484 29.8887
116.513 27.9236
119.249 28.3784
117.157 28.151
116.144 28.1515
108.552 29.1689
106.448 28.6463
108.253 30.4363
113.566 29.1119
108.638 27.7516
108.157 29.439
116.849 29.0009
119.504 28.7052
116.997 29.4329
118.1 29.2492
123.953 28.8807
126.645 28.7656
126.708 28.2737
123.841 28.0051
115.922 28.7205
125.602 29.3177
126.63 29.9366
134.28 29.1185
133.787 28.6492
135.016 29.3646
121.53 28.4856
134.58 26.7223
120.436 29.9438
125.013 28.6007
123.64 29.8977
134.462 29.028
127.777 29.2559
132.462 27.012
133.753 27.3365
131.014 27.487
116.233 28.1747
116.923 28.7665
109.477 29.117
113.243 29.3998
117.474 28.4677
113.303 28.4585
124.032 29.5137
123.656 26.5328
123.66 28.5816
119.48 28.7003
124.047 29.0064
125.263 27.6011
112.186 27.6696
118.987 29.0039
120.76 27.7213
120.76 28.5666
108.548 29.6417
108.479 29.2535
112.285 29.2808
116.167 28.3583
134.233 27.6
130.394 28.0225
117.73 27.8736
125.779 27.2567
130.887 27.4409
133.101 28.0572
133.282 27.8368
130.634 27.8217
123.626 27.6952
116.094 28.171
114.331 28.4505
116.589 27.5918
106.646 28.6695
112.47 28.4511
118.134 28.9094
117.782 30.6351
119.505 28.3664
110.43 27.6968
111.421 27.02
111.998 28.4491
111.835 28.902
113.178 29.1544
122.853 27.8742
133.12 28.0899
130.101 29.065
117.345 28.6861
149.37 28.3027
150.192 28.7685
147.585 28.7328
147.666 26.734
153.819 28.4347
145.216 28.709
143.133 28.8941
134.069 29.9505
148.621 28.823
152.258 27.8117
141.856 29.3584
147.163 27.2884
144.854 28.4251
145.845 28.4451
159.169 27.1211
133.928 29.4572
152.317 28.7038
139.987 29.5664
136.273 28.9656
130.96 26.8164
128.76 27.374
118.632 28.71
114.799 29.4124
118.18 29.8535
129.194 28.3036
126.676 29.0388
126.836 28.1842
115.684 28.6548
118.399 28.9232
108.272 29.5494
133.548 30.0571
118.055 28.5873
118.857 27.2591
118.737 27.4714
120.561 27.6412
107.811 30.1581
116.845 28.982
123.174 26.4119
119.646 28.4666
126.295 28.6778
133.202 29.3574
131.802 29.1471
130.68 29.3234
124.856 26.9967
133.692 27.6536
133.78 29.5102
129.728 28.037
130.382 29.4508
126.088 29.3897
112.617 29.4914
111.397 29.0159
114.756 29.5255
118.742 29.8231
111.785 28.19
137.422 29.272
123.89 29.6569
130.864 28.7918
121.079 27.406
119.733 27.6582
125.16 29.9186
125.16 28.4217
126.51 28.1257
137.695 28.5402
134.317 27.6619
125.59 28.9148
132.263 29.2854
130.957 27.2422
136.927 27.1101
131.54 28.7576
140.907 27.8939
141.624 28.7078
135.842 28.5456
140.681 25.8138
126.719 28.886
124.429 28.6121
108.286 28.3573
109.323 29.2636
107.297 28.3472
110.758 29.4786
108.584 28.4683
121.818 28.9267
117.754 27.8412
117.621 29.6225
113.025 27.675
115.531 29.1884
121.347 27.068
115.009 28.3234
117.146 29.2145
113.681 28.8589
110.152 28.2521
121.137 28.3909
113.126 27.6763
100.381 27.9482
106.221 28.9762
114.357 29.6809
117.159 28.1282
114.787 29.4446
107.204 28.1301
106.068 29.9176
115.83 29.1128
110.109 29.5437
110.646 28.9249
107.587 29.3962
118.41 28.6889
108.383 29.7068
111.471 29.4833
103.93 29.2442
113.563 27.4342
109.244 28.3702
111.876 28.1227
110.078 27.6844
112.447 28.146
113.231 28.9133
108.379 29.8242
126.844 28.8949
131.394 27.3825
129.133 28.0075
133.231 28.7413
112.91 28.1099
125.389 29.2224
134.331 29.0036
134.331 27.6691
130.311 27.7603
137.093 29.1652
123.571 27.535
133.913 28.4987
134.65 27.6328
137.614 27.8049
124.842 29.392
136.218 28.8076
122.803 29.1832
132.162 29.1279
127.475 28.5383
121.949 28.5352
121.947 29.8471
126.921 29.9367
124.212 29.6378
128.806 28.9856
115.926 27.6457
110.362 28.3495
114.712 29.3442
116.027 28.7979
119.981 28.5656
117.016 29.143
112.959 28.2167
108.158 27.6839
116 28.6637
107.578 29.8709
109.795 29.5395
121.282 27.6244
108.095 29.9571
107.806 30.1642
100.365 28.7528
96.4853 29.5248
106.336 28.3598
100.339 29.8577
97.1253 28.9229
110.179 28.9265
111.918 28.0169
106.534 29.2394
101.532 29.1004
122.31 27.543
115.792 29.1244
128.718 27.0844
120.042 27.7771
117.713 28.9512
118.38 27.7871
117.541 28.9586
120.322 29.365
116.167 27.5772
120.254 27.9183
105.195 28.5868
112.76 29.3321
112.905 30.0311
117.89 28.2777
117.89 27.963
107.932 27.0494
112.366 28.4901
106.464 29.0755
96.0037 29.8287
104.644 28.9568
120.845 29.0784
121.184 29.4438
119.504 29.3713
120.252 28.3102
113.685 28.1382
104.809 29.6708
113.067 28.7288
113.454 29.1784
103.938 28.1726
106.975 29.1185
112.41 30.133
108.329 28.895
108.06 28.8085
107.517 28.635
108.429 28.3569
111.606 28.4616
94.5357 28.7546
91.8256 29.3309
92.6674 30.0137
81.0659 28.4924
81.5218 28.7104
76.309 29.5402
82.2189 31.5472
86.3872 28.678
91.2785 28.7072
91.2785 29.1398
91.2785 28.5588
91.2785 29.1458
92.3255 28.8913
95.0772 29.2066
97.2583 28.9624
99.9339 29.3384
95.8228 29.9263
107.613 28.2028
111.084 28.9607
98.3174 28.6202
96.4202 28.5055
102.667 27.7497
100.019 27.7926
110.173 30.4187
118.916 27.7943
107.41 30.0202
119.894 29.3458
117.786 28.5116
113.957 27.7621
122.293 28.0462
121.529 29.8285
124.076 28.4902
120.934 30.0608
123.046 28.6889
121.963 28.642
115.624 28.1527
108.419 28.8974
114.831 29.7662
123.205 29.2377
124.288 29.3501
120.629 29.3352
127.023 29.8498
127.023 30.2587
130.031 27.2116
128.06 28.8278
122.077 28.863
120.014 26.5653
112.758 27.5111
112.73 29.0452
106.517 29.9507
117.42 27.7509
116.345 29.6617
116.287 29.9748
121.48 28.9392
121.881 28.5893
115.744 28.6972
114.57 29.255
112.936 29.1133
115.282 27.6769
112.811 29.3544
115.491 29.1014
107.371 29.2677
119.158 28.3446
118.044 28.4947
112.112 28.4161
105.174 29.3165
111.089 27.9903
118.198 27.731
114.125 29.3745
112.382 29.7615
111.636 29.2377
112.109 28.347
106.019 28.1754
113.897 28.6078
103.859 29.1508
104.889 28.6339
95.9281 28.2362
97.7815 28.7875
103.193 28.9426
107.185 28.3907
110.818 28.6479
110.989 29.8759
115.937 29.1806
117.234 29.5797
124.846 28.8468
132.992 28.5513
138.895 28.3441
139.042 28.3319
133.452 28.3379
116.515 28.5838
120.724 29.1557
126.165 30.3133
117.004 28.2766
127.17 30.359
125.096 29.9109
130.687 29.5072
153.627 29.2033
131.614 28.419
126.534 27.5209
130.515 27.5531
128.18 27.8422
131.687 27.1632
125.931 27.6385
115.905 28.2926
106.692 28.0306
111.554 29.6925
129.779 28.9135
122.096 28.5186
115.571 30.3946
122.608 29.8338
115.29 27.6744
105.959 28.068
114.052 28.612
117.381 28.1158
117.845 26.9459
109.37 28.187
119.09 30.0392
148.006 28.1478
136.262 29.4361
135.222 29.6032
124.524 29.5611
136.076 27.9128
134.985 29.9632
140.324 29.0071
134.178 28.5636
159.912 27.5381
154.102 28.0986
146.105 30.5389
131.029 28.2981
136.184 29.7694
140.303 29.1622
134.188 28.8194
150.412 28.5807
145.649 28.9361
137.109 28.7825
150.083 27.6843
128.958 29.3031
134.272 28.6388
135.984 28.5406
126.764 27.1743
126.24 27.9623
129.574 28.5665
128.86 29.4638
113.306 29.5319
113.934 29.0072
114.503 29.1772
115.425 28.1587
117.412 27.642
119.706 28.0017
116.484 28.9301
128.659 28.525
107.904 28.085
123.888 28.6541
120.371 27.7431
127.311 29.088
117.187 28.0254
120.399 28.3461
121.593 29.8642
112.192 29.4177
111.676 28.6183
118.794 29.5997
129.851 28.8204
116.428 27.5539
127.4 27.6512
123.033 28.0055
126.242 27.3417
126.761 30.1869
117.191 30.4257
122.316 28.7402
118.869 27.4397
127.78 27.6242
124.592 27.9312
119.27 28.7273
116.282 27.7398
122.239 29.4517
124.461 28.7083
121.866 28.3628
119.752 28.5327
118.32 28.9851
112.066 27.482
109.824 28.6293
114.609 28.4743
137.92 28.2305
126.017 28.3915
115.13 29.0221
107.173 28.8585
115.809 29.7035
114.928 29.6338
116.635 29.2316
110.957 29.1073
105.439 29.5105
91.5574 29.5042
108.521 28.3273
124.614 28.7518
113.378 28.5142
104.865 28.3279
109.016 29.0353
114.593 29.1073
117.596 27.1694
123.3 28.1802
124.479 28.9264
127.049 27.9371
117.994 28.8198
122.51 28.4654
121.859 28.5859
118.764 28.6697
115.588 28.6691
113.512 27.5681
127.995 27.4969
113.195 26.8969
109.444 27.893
120.264 27.424
111.634 29.5718
109.707 29.4788
106.641 29.9362
102.375 30.512
104.73 29.1803
115.866 28.8461
109.745 29.7712
114.216 29.7366
113.497 30.6628
135.741 29.9235
139.788 29.373
144.292 29.6418
139.237 28.4594
135.058 28.6306
159.134 29.2603
163.165 27.2093
145.721 28.2673
145.544 28.4009
122.231 27.9365
123.998 28.3926
119.542 28.4431
140.437 29.6396
134.082 28.8966
122.525 29.1973
129.05 29.4828
119.874 28.87
126.931 29.331
115.47 29.4405
110.266 29.0146
127.169 28.5968
134.637 28.3095
126.31 28.093
130.391 28.7038
127.532 29.4988
129.991 29.0026
132.237 27.164
119.779 27.4034
119.38 27.5392
126.985 27.5489
125.208 28.2377
123.341 28.1414
122.678 29.6141
121.144 27.7622
125.92 29.3035
122.781 28.4103
119.547 27.7091
112.632 29.4795
104.358 28.7461
123.068 27.4543
124.721 27.2485
134.064 28.0016
139.079 28.0805
125.734 28.9023
129.944 29.7379
131.8 29.1326
129.648 27.695
122.088 28.496
123.361 29.9451
126.396 29.0018
122.623 28.2022
122.05 28.0303
112.762 29.5714
125.054 28.233
110.011 28.644
107.786 27.9099
127.773 28.4553
127.804 28.4012
116.345 29.2495
111.8 29.559
108.65 29.9675
112.237 30.2345
107.935 29.7745
112.704 29.3749
114.236 29.6692
122.55 27.4643
123.724 29.36
112.53 29.3482
117.979 29.6255
105.961 29.8328
107.819 29.104
109.883 29.3857
112.427 29.1308
107.763 28.8766
107.876 28.5445
111.027 28.5323
112.268 28.3045
109.85 29.0163
109.865 29.3807
116.178 28.1181
117.859 28.3169
109.592 28.8038
111.207 28.8196
117.931 27.7952
110.632 29.1128
111.89 29.7089
119.873 29.3506
115.866 28.2508
112.898 28.5967
111.799 29.1164
112.475 29.539
112.238 29.7357
118.114 27.6139
115.292 28.7775
123.437 29.1511
121.142 27.9234
118.529 28.4758
130.044 27.6507
130.683 28.7811
133.274 29.2644
142.31 28.5655
135.171 27.826
150.258 27.5376
129.103 29.6286
121.236 29.2173
114.334 28.9904
104.84 29.6683
112.717 29.0655
113.476 28.9649
118.524 28.3026
119.3 27.4994
110.977 28.5472
121.154 27.7359
121.691 27.7359
110.329 29.272
102.517 29.2389
115.209 28.8078
98.7088 27.545
107.044 30.2462
113.288 27.9872
101.637 30.1698
127.444 28.4291
128.933 28.9429
134.849 27.5261
137.579 28.8062
130.339 28.713
124.265 27.8592
121.422 28.7587
129.873 28.2238
128.821 28.3072
144.254 28.2219
147.73 27.9613
151.654 29.0974
139.778 28.9322
145.4 28.7384
121.483 30.1622
118.559 29.0094
116.709 29.2246
116.059 28.35
115.757 28.1464
119.476 28.6245
114.082 28.2407
112.62 28.6111
118.476 28.671
102.762 28.1547
115.166 28.8497
112.512 27.981
112.279 28.6616
104.064 29.0144
102.184 30.904
101.992 28.2565
103.913 29.0035
106.536 28.8681
115.622 28.0595
98.9823 28.9008
87.339 28.5232
92.6886 29.2123
89.0732 29.8616
100.081 30.6646
96.77 29.5042
109.344 28.8326
111.804 29.5731
117.942 30.2791
106.75 29.1472
114.92 29.0587
115.6 29.2821
115.295 28.8455
116.87 29.1288
110.997 28.3662
111.71 27.1324
104.274 30.1702
102.046 29.139
90.8242 28.0994
89.1065 28.8735
93.8943 28.5955
86.4887 27.8464
87.0344 28.9998
87.0344 27.6043
106.481 27.6774
97.8237 27.2157
98.4838 27.4941
104.187 29.0567
108.259 28.3808
118.059 29.1379
128.646 28.8911
124.788 29.0408
123.198 29.2728
125.496 28.645
127.49 28.9132
121.113 29.2428
111.85 29.0905
119.329 28.2952
111.032 29.0484
121.339 28.532
123.052 27.7158
121.676 29.8875
114.362 29.4808
114.745 29.0323
103.824 29.7761
102.286 28.9464
110.723 29.221
120.088 30.5464
114.734 29.298
106.954 29.0687
107.211 28.2784
111.685 28.7386
107.987 29.0607
114.691 29.3153
109.69 29.456
111.902 29.114
115.497 27.6608
109.824 29.6337
110.113 28.8936
104.243 27.7298
96.4358 28.8026
103.588 28.6977
94.0213 28.4674
110.091 27.9294
114.564 27.6818
115.109 28.5267
118.633 29.6083
113.041 29.4707
115.308 29.202
119.359 28.5692
133.712 28.8259
132.479 27.9795
131.321 29.3343
132.657 28.531
121.078 28.909
128.811 30.4121
132.442 28.7267
139.491 27.5233
154.325 28.6711
135.576 28.0458
141.42 27.8347
134.218 28.3969
128.914 29.1841
125.295 30.3484
122.472 29.713
129.805 28.3066
128.914 28.7785
120.875 28.8764
126.247 27.6466
118.553 29.5163
119.313 29.8837
118.975 28.5117
100.739 29.8308
119.833 28.8036
140.139 27.8408
128.757 29.8517
111.577 29.5174
113.786 28.216
115.353 27.1953
116.543 27.834
111.23 28.9576
110.065 29.0322
106.367 29.9562
94.5194 28.9998
93.3241 29.0139
103.937 30.0749
126.509 28.291
112.948 29.5138
117.969 29.1982
114.324 28.7401
118.4 27.3465
122.545 27.6949
125.066 29.081
137.512 27.8585
145.853 27.8583
137.454 26.7761
134.383 28.3128
132.693 28.317
123.48 28.3906
118.767 28.8649
123.432 28.6358
124.544 27.518
133.923 27.7537
131.395 29.1688
131.022 29.261
132.425 28.709
121.043 29.008
131.679 28.6595
127.074 28.4626
125.3 28.4897
120.449 28.5296
126.628 28.631
123.827 27.2269
112.85 28.1078
107.472 28.2917
108.62 27.7841
109.037 29.0272
108.691 26.5606
104.602 29.1155
101.356 29.2298
102.922 28.5769
117.485 28.4562
108.169 27.5549
117.631 28.1227
134.541 26.3541
124.114 29.2072
115.439 27.6592
111.107 27.8961
129.52 27.8516
104.363 29.1597
107.782 29.0077
107.003 29.6788
111.158 28.1189
120.508 27.7631
114.981 29.0897
107.493 29.7741
107.457 28.9355
112.735 27.4277
119.069 28.7282
120.8 27.5927
125.879 28.2395
125.005 28.8835
125.786 28.6293
126.167 30.4296
126.057 27.9272
131.966 28.8925
125.917 27.9287
109.946 28.7001
110.902 29.5067
96.5538 29.355
100.022 29.1472
113.71 29.5966
101.145 29.4805
97.6923 28.4348
104.867 28.6654
108.527 28.932
111.665 27.9438
122.387 28.3041
127.978 27.5348
124.682 28.1392
119.346 27.9373
118.387 28.053
116.783 28.6258
110.128 30.6522
111.97 30.0716
118.641 27.1736
118.966 27.2294
113.226 30.3948
132.287 27.9563
145.726 27.7243
134.203 28.6551
138.831 27.3881
147.199 28.9471
151.107 28.676
151.107 28.6326
151.128 26.927
162.194 27.526
172.679 28.4889
147.185 27.9304
157.857 28.7612
155.951 27.6564
144.786 29.1997
142.854 29.4229
137.73 29.8339
132.005 29.7266
146.466 27.4268
150.147 28.0538
129.978 28.231
132.106 29.1167
130.889 27.9088
128.245 28.7349
125.058 29.075
127.971 29.5519
128.446 29.7192
128.765 28.5385
112.727 28.3404
111.824 28.4508
110.799 28.1458
108.944 27.3537
112.487 27.3855
121.042 28.284
119.738 28.7382
114.849 29.036
107.703 30.4484
111.691 29.2552
121.524 30.362
126.401 29.8203
126.443 29.6942
124.995 29.3446
124.382 26.5942
131.522 28.1845
122.481 28.4832
115.862 28.6772
116.487 29.2741
104.292 30.1011
112.638 28.9016
116.239 29.2793
124.906 27.9491
130.333 28.6808
129.704 28.2119
123.571 28.1169
121.492 27.6484
125.337 28.9604
125.306 28.6909
125.019 27.0762
119.846 28.6222
126.946 27.0936
126.029 27.6603
117.693 28.3383
118.24 28.1763
125.018 28.6607
122.779 28.4184
122.185 28.0914
126.267 27.9128
117.388 28.1359
122.253 27.8391
116.445 28.4999
101.263 26.8407
97.1676 29.4029
96.6301 27.8391
102.803 27.368
87.24 28.6355
100.283 28.8148
97.2587 28.3215
112.691 29.8185
116.231 28.4173
133.265 28.5714
122.508 28.4695
127.641 28.5101
125.086 29.1342
118.722 28.3446
107.286 28.8967
108.874 27.7631
103.592 28.7875
110.417 28.7443
104.256 28.6223
102.889 29.0158
102.468 28.0976
100.83 28.1944
99.069 28.9056
108.564 28.3842
125.351 29.2569
125.217 30.0625
121.612 27.8159
117.227 27.8072
112.888 28.2451
118.998 28.6626
114.962 29.4655
114.962 29.9031
109.636 30.2058
118.319 30.1559
119.327 28.373
114.579 27.9085
106.767 29.4471
116.408 29.0994
117.787 27.5353
114.762 27.7683
111.168 27.9598
112.69 27.6265
104.737 28.94
114.159 27.9222
115.531 29.5233
115.362 27.8256
112.655 28.6594
121.546 28.1532
107.191 28.6444
106.164 27.6075
128.13 27.5856
118.864 27.5786
115.841 26.6696
116.041 27.7725
130.262 28.9656
136.958 27.4373
131.479 26.0578
134.431 27.9828
148.404 28.963
141.091 29.4712
135.994 27.2965
152.905 28.9488
132.002 29.6276
121.393 27.7803
128.761 27.0427
123.729 28.1894
121.662 30.7157
119.225 30.2231
113.01 29.206
114.767 28.1082
130.516 28.4565
124.475 28.497
119.276 27.6353
100.881 29.1225
94.4918 29.1799
100.899 29.0191
101.917 28.7635
104.591 30.427
101.358 29.1476
104.3 28.6463
106.703 29.0726
106.953 28.5548
89.968 29.9266
84.5812 30.0091
90.8986 28.2902
88.5698 28.5772
88.5698 28.49
107.56 27.4502
98.8675 28.8319
94.4365 28.1241
94.4365 28.7525
107.566 28.3719
96.5385 28.745
87.6238 28.9786
94.5635 29.1768
98.0071 29.2589
104.353 29.1705
105.966 29.2974
104.64 27.8547
111.861 29.4817
121.514 29.496
115.675 28.0946
131.122 28.0278
123.662 29.1655
122.917 28.6965
105.133 29.2328
100.968 29.4003
111.828 29.119
111.828 29.0227
107.781 27.7999
105.634 28.4966
113.793 29.3875
117.951 29.0756
114.656 28.8168
120.528 27.5391
126.003 28.51
129.481 28.7323
133.917 28.8431
125.936 28.9411
127.004 29.692
111.582 27.0342
126.19 29.6036
116.787 29.4309
113.791 29.0051
101.79 30.0954
108.63 29.6411
108.981 29.2374
105.085 29.3683
112.387 29.018
110.197 28.2246
123.644 28.6935
115.657 29.0997
110.874 26.8035
117.037 27.2563
114.176 29.4662
127.618 27.2671
127.618 27.8035
128.162 27.8491
121.144 27.5121
115.05 28.0742
104.546 29.875
109.317 29.5681
99.7023 29.5654
89.2865 30.5306
105.719 28.0274
105.509 29.2189
114.334 28.6196
115.684 28.0703
115.534 29.0666
118.479 29.3774
112.473 29.0299
109.227 28.7167
112.492 28.5853
114.683 28.7627
111.672 28.9164
128.005 28.0968
128.434 27.6338
120.329 29.1323
111.466 29.7604
113.282 28.6872
118.232 28.2942
103.928 28.7254
107.604 29.685
105.511 29.1203
102.819 29.1885
121.406 29.6943
119.785 28.2214
120.233 29.3312
127.513 28.9629
106.002 29.3236
110.496 29.6733
109.69 29.2065
109.849 29.6419
99.0813 29.4851
98.6679 30.3566
97.7643 29.3278
108.651 28.0191
104.51 30.1687
109.04 27.8456
99.3122 27.8856
107.918 28.4717
103.151 29.3354
109.844 30.0751
111.092 27.6012
118.361 28.4879
114.254 28.5039
94.4825 29.081
98.3784 27.9812
97.7742 28.8235
92.959 28.4747
100.131 29.2369
96.4964 27.8474
100.335 28.5562
110.025 29.2475
117.312 28.6671
123.738 28.5447
117.992 27.6808
140.952 28.3861
127.41 28.9076
127.41 27.9018
127.41 29.3118
119.997 28.6462
118.509 28.4279
108.346 28.3584
115.038 28.4048
115.038 28.982
115.328 29.0689
112.941 30.4751
114.716 27.2828
112.058 29.3915
102.57 29.0649
100.106 29.325
103.856 27.4513
105.708 26.995
107.465 28.7831
103.372 29.0545
102.565 27.4948
100.218 29.3816
108.529 27.9608
89.4975 28.7291
89.4975 29.098
89.4975 28.512
94.8171 28.307
100.207 29.1207
94.1112 28.5144
100.616 29.0108
102.644 28.7384
99.6148 29.789
110.569 29.9364
112.636 29.3703
110.831 29.4593
102.778 29.0044
103.475 28.7718
111.663 28.5474
110.325 28.047
113.42 28.5031
112.148 29.2021
117.762 27.7626
121.955 29.292
105.018 27.7976
112.881 28.087
102.478 29.1855
126.398 27.9041
127.49 29.1207
121.539 29.249
115.815 28.2203
118.786 28.4779
110.123 28.4717
109.354 31.7644
103.785 29.6963
93.9547 30.9286
97.8165 28.9713
111.446 28.6638
116.642 28.4535
108.645 28.6213
109.972 29.1707
104.777 30.6794
113.671 28.9954
113.671 27.9092
118.381 28.458
127.536 27.7959
117.094 28.0019
133.227 28.3427
128.853 29.7412
134.494 28.6866
118.891 30.7709
118.266 26.9834
117.168 26.9834
110.229 29.4897
109.841 28.8747
102.803 28.7995
116.434 29.4014
112.747 29.7031
116.856 28.0195
117.534 28.823
116.646 28.9177
116.774 28.2061
137.941 27.7069
127.854 28.1258
134.82 28.8658
134.167 27.7946
131.584 28.2863
138.445 28.6588
139.638 29.6719
128.455 29.1303
132.084 27.5226
124.538 29.2468
131.877 28.4073
133.112 29.4232
141.698 30.3513
149.845 28.5382
133.352 29.222
127.007 29.5006
133.991 29.7088
132.982 29.4305
131.879 28.5324
126.409 30.974
130.562 28.9926
120.644 28.503
133.004 29.9831
128.991 29.7126
112.343 29.5601
124.511 29.0961
124.967 28.4258
117.011 29.2967
126.386 29.2364
125.419 29.5857
110.875 28.6892
109.164 27.6786
112.042 28.1957
101.012 30.2958
94.384 28.8677
103.433 29.6129
105.136 29.6905
105.434 29.6991
102.264 29.037
109.089 28.4435
102.981 28.3774
104.779 28.4507
104.563 27.9828
107.071 28.4791
125.35 28.1696
131.133 27.8153
145.198 28.7135
144.085 28.8211
143.479 28.3077
184.401 29.1214
184.401 28.4053
190.113 28.7215
169.628 27.9997
163.264 28.7938
170.336 28.3527
146.249 28.6287
149.071 28.9881
154.77 28.8716
154.369 29.2561
151.375 28.5926
146.272 28.3294
139.904 28.5984
140.281 29.3005
141.974 28.9997
135.738 27.999
128.884 27.2787
127.012 29.8653
126.716 28.7989
117.472 28.7459
118.686 27.9585
119.882 28.4058
120.39 28.355
119.452 27.5566
119.666 26.8724
115.954 29.2548
116.178 28.2406
120.25 29.4515
116.36 29.3254
117.848 28.5471
127.725 29.5221
127.085 29.3609
121.1 28.9597
133.322 29.0261
127.625 28.2229
119.622 28.1778
121.699 28.9598
121.918 26.6001
128.884 27.6233
119.564 29.0462
108.254 29.0444
109.873 28.0791
99.6588 28.2541
105.564 29.5093
98.125 29.5497
109.146 29.3299
116.911 30.0315
118.532 28.6207
116.179 30.1139
118.17 28.4421
115.075 30.238
118.763 29.2107
118.427 29.0153
118.584 29.241
118.081 27.3543
118.022 29.3555
122.362 27.7334
118.167 29.1337
110.822 28.7244
109.599 29.0174
110.156 28.3158
108.478 28.2807
111.834 29.2196
114.972 28.8436
104.268 29.47
112.429 29.643
114.557 27.9103
115.637 27.8484
108.303 28.6198
109.44 28.551
107.196 29.0629
112.083 27.4482
100.2 29.1472
113.279 26.8591
116.036 27.7783
117.251 28.6639
114.174 28.3739
117.062 29.0121
107.846 29.6995
115.578 29.8539
123.904 30.2524
113.817 29.5221
117.558 29.1799
120.665 28.3497
123.686 27.835
126.126 27.7182
113.681 29.2161
122.636 28.1137
133.373 27.7559
136.979 28.647
143.682 28.2518
144.225 29.7223
128.102 28.1167
146.307 27.7061
135.939 28.5039
137.192 28.5427
131.385 29.1859
134.329 27.6285
130.677 28.4917
131.983 28.9188
108.583 28.314
115.483 27.1707
119.385 30.1336
117.193 28.3989
115.44 30.3423
110.271 27.5452
109.621 28.3683
116.868 28.0575
113.553 27.2521
115.055 29.6644
116.122 28.9033
115.978 28.0937
121.803 28.5275
114.873 29.3416
116.692 28.6375
123.289 27.9502
119.657 29.7633
118.484 27.5868
119.161 30.3369
124.364 28.8278
106.258 27.1656
109.953 28.3778
114.239 27.4149
112.038 29.5915
106.394 29.5953
103.669 29.8609
109.666 27.385
101.666 28.1764
110.846 28.9512
111.738 29.2867
118.365 28.878
114.476 30.0055
130.119 29.1876
126.343 29.5429
126.696 30.9079
124.524 29.3604
128.77 29.3483
125.755 29.9805
128.688 27.8141
132.846 28.2382
154.443 28.9225
154.048 27.6672
154.839 27.6871
155.822 29.3181
159.978 27.934
140.091 28.6403
121.877 28.4762
126.875 29.5313
120.213 29.968
132.213 29.8411
117.732 29.5461
100.069 30.9278
103.554 30.3291
110.414 29.1349
107.18 29.6406
110.093 30.8438
111.002 28.6858
103.293 30.0536
100.328 27.2853
97.098 29.4402
89.0298 28.5902
88.7532 28.4479
93.0923 28.189
108.15 27.4722
110.078 29.9033
107.124 29.1137
114.617 29.1543
115.099 27.8299
113.695 28.9313
117.335 29.0446
122.964 27.2996
129.973 28.3428
117.779 28.8366
132.097 28.8923
124.659 28.513
128.665 27.7509
136.074 28.6255
116.703 27.7916
121.83 28.6571
117.22 28.5507
117.337 29.9078
120.443 28.2428
122.508 28.1134
121.374 29.404
104.219 28.1427
102.801 30.5973
110.608 27.7985
120.624 28.1634
118.643 28.1054
109.061 29.2234
106.761 28.0815
115.039 30.0377
119.088 27.6812
117.421 27.9573
112.714 29.9037
114.965 29.1567
122.405 27.5794
106.988 26.9706
110.091 28.739
111.935 29.954
115.916 29.3475
117.543 28.3624
127.818 28.929
131.974 27.7114
119.289 27.9196
128.476 28.4623
120.24 29.136
110.96 28.9218
101.595 28.8898
114.738 27.8139
105.262 28.8652
100.44 28.8939
94.5928 27.7348
102.906 29.7914
111.377 29.8809
109.207 29.6321
103.96 28.2225
108.091 28.6482
101.133 28.7696
109.775 28.6866
109.859 28.6552
114.743 28.9237
124.605 29.9188
124.877 28.3007
120.018 27.938
126.243 27.6304
126.895 28.1866
122.046 28.0589
124.531 26.9406
126.74 27.3031
127.102 28.092
134.244 27.6991
138.155 26.8689
128.169 26.9313
131.053 28.0844
128.91 27.7507
115.301 29.9672
120.31 28.2606
117.026 28.6122
103.765 28.9312
110.024 28.7231
116.382 29.0592
118.934 28.8885
118.968 27.999
122.791 30.1523
118.503 26.9001
108.626 26.8651
112.994 28.3233
110.977 28.8788
114.217 29.4882
108.464 28.5661
121.486 27.8132
112.76 28.7168
109.701 29.0422
108.85 29.2594
106.371 28.7287
111.04 28.1319
120.178 27.8239
109.48 28.8449
114.171 29.0939
105.98 29.0939
109.423 28.3593
116.262 28.3189
118.11 28.0474
127.876 27.5633
120.417 28.7509
110.258 28.2962
119.722 27.1025
111.616 28.6528
112.24 29.4811
120.734 29.4295
110.623 28.1519
111.722 27.4413
117.804 28.4097
111.357 29.2188
111.493 26.938
105.291 28.0248
107.893 28.1733
113.379 28.8223
110.194 29.967
115.899 28.3711
96.1665 29.629
107.938 28.2692
120.022 28.6477
121.746 29.011
112.814 28.9314
111.433 28.2977
104.969 27.844
118.834 28.7662
114.267 28.7951
116.759 28.7937
115.557 27.9098
112.895 27.2832
102.354 29.9968
114.994 28.7943
118.773 28.7346
123.67 29.4558
116.832 28.9055
121.195 28.0497
114.398 28.4021
113.121 28.0659
107.844 28.1995
113.395 28.2054
118.247 27.7958
112.951 29.2168
112.19 28.5037
105.987 30.135
122.644 27.0584
102.884 29.0873
102.353 29.7277
107.709 28.687
94.968 30.1544
100.654 28.5416
95.5305 29.2572
103.28 29.0771
100.359 29.315
114.063 28.2068
124.483 28.6454
125.267 28.7334
119.208 27.3162
133.567 27.5451
117.954 28.35
123.984 27.8644
117.676 28.7282
120.922 27.823
118.103 29.0595
128.368 28.5372
119.149 28.4717
120.422 29.6195
115.868 28.9043
119.258 28.7799
117.294 29.6813
111.627 28.9078
125.422 29.3594
117.109 30.4217
109.192 28.2017
117.375 29.0638
107.472 27.5599
122.057 29.6124
118.685 28.8615
109.855 29.4017
122.71 28.5158
122.919 29.2068
112.974 29.542
113.243 29.3532
109.514 29.9175
108.87 28.1525
114.591 28.7574
117.988 30.0107
128.033 28.7476
123.76 29.8646
120.888 27.5012
112.3 28.2736
113.458 28.3143
99.5769 28.4154
98.0885 28.9965
88.8126 28.5514
95.797 29.8664
97.764 28.7764
105.514 30.0798
110.853 30.3913
111.154 28.0975
113.21 28.0685
112.038 29.7147
109.939 28.9782
110.103 28.3158
109.866 28.0587
113.679 27.2961
117.065 27.3817
125.025 29.5188
122.69 27.8142
121.653 28.3685
114.747 28.0844
124.541 29.8472
113.321 29.291
119.859 28.799
116.339 28.9556
115.767 29.4484
111.534 28.0805
115.585 27.8785
109.996 27.8785
110.696 28.887
110.839 28.3761
108.985 29.0833
111.266 29.9627
114.51 28.3126
107.363 29.4489
101.346 28.9818
113.353 29.7863
108.318 29.0596
92.5987 28.7477
102.576 29.3099
129.599 28.5442
126.759 28.1181
121.768 30.0143
129.442 28.8804
123.382 27.7438
127.178 27.9773
138.418 28.5756
131.309 30.4386
133.74 29.4687
129.323 28.1802
134.915 27.8275
125.599 28.3076
128.337 28.2658
118.894 28.1756
126.756 27.7474
121.13 28.6067
140.363 26.8571
151.829 28.4824
139.726 27.3785
131.101 28.0625
136.346 26.7516
154.808 28.735
142.026 29.9065
137.263 29.0001
125.145 28.3442
121.946 26.1142
112.218 28.4438
117.447 28.1422
112.657 29.2499
115.612 28.996
119.703 28.0185
122.07 28.4149
117.088 27.9151
116.169 29.1309
113.8 27.3901
125.839 30.0013
116.198 29.7421
122.072 27.7681
116.029 27.0425
108.176 29.1882
109.08 29.6446
116.605 29.1571
115.805 27.6595
114.571 28.2292
115.79 29.0544
117.504 29.7484
130.64 29.07
122.982 28.616
131.883 28.1664
128.71 28.4256
140.286 29.1209
130.391 28.3778
139.462 28.6713
130.673 29.5692
147.824 28.0312
126.219 28.8391
128.477 28.8424
127.469 27.503
118.657 28.3032
120.351 27.7772
119.421 27.9661
112.783 29.2202
124.923 29.5761
124.375 29.6366
134.735 27.4895
140.706 28.614
145.009 28.415
128.703 28.6824
128.703 27.5769
125.277 28.7748
120.477 28.1456
114.435 29.4038
114.435 29.202
108.921 28.4143
116.945 29.5181
114.695 28.1597
122.626 27.9069
111.385 27.8042
108.641 28.2715
106.435 28.2392
112.556 28.0524
106.392 28.3088
115.027 28.2218
109.016 29.5858
114.393 27.9736
101.324 30.2666
106.924 29.6087
107.079 28.3178
107.439 28.8473
116.822 28.2872
119.476 29.1148
112.058 29.1345
114.646 29.1408
112.131 30.3159
111.596 28.2809
115.014 29.3874
107.998 29.0473
122.281 28.8562
122.702 29.6968
109.763 29.2489
116.365 29.9684
113.886 29.0635
109.871 28.2528
116.739 28.7334
107.162 28.7318
105.183 29.1188
99.9105 29.3943
103.447 29.2748
108.683 28.1264
105.694 28.5406
99.8337 29.4555
104.986 29.0066
103.856 28.4869
104.279 28.8052
108.705 28.3098
105.588 29.4621
94.9438 27.8541
99.1945 28.2104
99.9357 29.2523
102.963 27.9205
105.815 28.5047
102.93 29.4665
103.386 28.9414
98.6276 28.0789
107.031 28.266
121.979 28.3486
122.191 28.6289
129.623 28.685
120.426 29.8678
110.049 29.5666
122.623 29.4247
120.406 28.7221
123.896 27.4002
108.383 28.2849
112.055 28.3539
121.29 28.6253
126.831 29.1585
122.528 28.7563
119.332 28.6301
105.235 29.1801
105.327 29.133
116.831 29.2969
124.549 28.5915
115.83 28.305
118.905 28.3469
120.973 28.6231
120.973 28.8794
116.74 28.5129
113.787 29.3807
117.556 29.3592
124.414 29.4568
117.984 27.9198
112.361 29.8484
114.148 29.376
124.545 29.3035
128.829 28.9307
143.658 27.8097
143.658 27.9212
145.526 28.637
128.486 28.385
117.951 28.944
123.327 29.0573
116.716 28.5847
128.456 28.9598
128.149 27.7749
120.107 27.2734
102.944 28.2299
109.284 28.4203
109.622 28.5745
108.658 28.2227
106.147 27.7046
116.799 27.8992
110.21 28.8952
113.104 29.0492
116.085 28.8755
127.587 27.6886
120.391 28.1659
119.607 28.5347
115.808 28.6754
117.132 29.4109
118.02 28.9998
112.725 27.6503
113.228 28.3245
108.292 27.4616
116.383 27.7868
102.722 29.6267
114.882 26.905
115.314 28.4842
107.921 29.0643
119.956 27.4628
119.378 28.1075
114.84 29.5295
126.54 29.6823
125.049 27.5869
106.674 28.3241
99.7923 29.375
92.7819 29.15
97.5498 28.045
101.305 29.9073
99.1058 27.7996
101.259 28.5314
113.834 29.5606
96.8186 29.8771
98.1207 28.4107
104.037 30.2272
114.798 29.3064
124.812 28.9981
123.086 28.1748
124.871 29.3004
125.801 28.6022
126.257 27.2414
133.62 29.7227
142.708 29.3173
142.044 28.888
147.692 28.0357
164.959 29.1739
152.956 26.2806
152.47 30.0719
153.121 30.5001
148.714 29.3409
134.664 28.9409
130.397 29.1372
122.242 28.7198
139.097 27.9071
139.476 28.0987
138.983 28.4022
118.229 28.9136
116.196 29.1705
110.091 28.6047
112.888 27.6209
112.707 29.0617
113.755 28.8838
110.608 29.467
104.617 28.4035
105.118 29.6719
96.2231 28.0976
101.237 29.3179
102.482 29.0559
103.215 28.4454
103.215 30.0608
107.318 29.2854
102.113 28.4509
112.375 28.5111
112.78 28.9513
115.282 27.8777
116.721 27.9757
115.236 28.1081
103.121 28.0664
112.4 27.6543
111.239 29.619
117.919 28.9749
107.994 27.8003
115.818 27.2063
86.2784 28.5225
89.8677 28.3774
108.312 28.8565
105.97 27.7269
106.986 28.4012
119.924 28.9556
120.603 29.2035
118.738 28.903
114.881 28.7677
113.211 28.5395
105.631 29.5708
108.821 29.9934
109.334 30.0234
117.362 28.5015
136.136 28.3704
130.441 28.3656
129.606 28.3341
121.604 28.3343
137.152 28.3452
136.127 28.7001
153.253 26.8206
142.28 29.3678
133.469 28.9117
134.923 29.0405
134.923 30.2659
119.53 29.5901
127.617 27.8563
129.421 27.5828
138.866 27.5468
137.984 29.1345
118.941 29.3083
109.898 28.9356
109.019 29.7653
114.874 29.4066
109.901 28.5197
113.29 28.6389
122.18 28.8739
129.198 28.991
117.277 28.8483
110.861 29.8198
107.458 29.6483
108.752 27.5203
110.701 28.8352
108.718 30.6968
101.103 29.187
98.5948 29.2082
102.529 28.4243
101.997 29.622
100.059 28.9876
102.758 29.0545
117.429 28.1684
112.403 28.8165
103.86 28.4233
122.382 26.4324
106.961 29.2155
106.961 29.0676
99.0815 29.3424
102.675 28.0053
104.214 28.4027
101.8 28.683
104.732 29.3001
100.251 29.0152
100.833 30.3618
117.775 29.8453
109.711 30.1112
110.304 29.4487
106.146 28.2087
115.221 27.8818
117.291 28.7989
114.993 28.6235
116.828 29.2778
133.64 28.5019
123.512 29.7564
126.368 29.434
125.989 28.1501
122.02 29.0811
121.121 28.4805
107.965 30.1365
112.77 28.0045
109.193 30.4978
123.89 29.4953
120.62 29.7757
120.151 27.5736
117.619 28.4092
127.379 28.1386
120.396 28.8698
123.286 28.959
107.876 28.965
112.045 30.2838
116.723 29.9749
113.415 28.6415
110.982 28.5758
122.679 28.5811
111.235 28.6671
117.365 29.6982
107.101 29.7035
106.496 29.0661
96.1878 28.5843
107.631 29.179
116.942 29.3568
119.807 27.3428
123.143 27.1589
117.822 27.4364
110.235 28.4708
104.743 28.6243
107.719 27.2338
105.332 27.85
116.357 28.1623
117.681 28.2783
113.797 27.9803
116.931 27.6913
112.202 28.657
111.371 28.1645
106.625 29.3318
104.498 30.5126
113.122 28.6199
110.902 28.263
119.331 29.0498
104.992 29.5327
114.753 29.1501
121.234 30.0879
129.555 28.8297
124.069 27.7293
122.789 29.323
123.808 28.5745
115.315 29.3187
108.032 28.9628
117.767 29.3026
117.495 28.667
122.044 28.6466
107.363 29.9772
95.6553 28.0995
104.055 28.9118
108.917 28.2601
106.975 29.1943
106.543 29.4162
98.4751 29.216
96.9456 28.9095
81.2698 29.2456
87.5671 27.962
117.88 28.5192
118.414 29.3636
125.899 29.0283
111.405 29.9799
128.023 28.2287
127.598 29.4498
112.652 29.8199
93.8421 29.787
108.843 27.4628
108.843 28.4048
113.62 28.7215
109.618 28.8057
119.056 28.9729
118.008 28.1088
118.081 28.3581
123.826 28.6331
115.323 28.6332
117.494 28.0682
110.537 27.9629
119.577 27.9478
103.231 30.2356
103.988 30.9074
108.694 29.7879
111.067 29.0647
106.599 28.4861
106.935 27.6769
103.203 28.125
114.8 28.864
97.0364 29.4009
97.0364 29.6695
98.3064 29.8129
100.799 29.1145
105.579 28.1904
111.329 28.3145
104.772 28.4718
94.1877 29.0195
97.3859 29.1486
107.301 29.6841
105.177 28.9776
89.2448 27.0939
90.7567 29.4548
91.1391 29.237
96.7855 27.0826
98.1615 28.7113
103.698 28.1329
103.59 28.5781
109.967 27.9578
112.133 28.2925
110.629 28.4023
97.9677 30.0248
110.035 29.0772
110.581 28.8277
110.318 27.0651
102.784 27.3073
101.201 27.4267
98.1232 28.1473
97.1101 30.3002
94.5336 28.2798
104.944 28.6868
120.802 28.4559
122.129 27.392
113.05 29.6833
101.302 28.0203
89.8698 29.1767
94.8577 29.4239
99.5919 28.54
110.295 28.7353
117.038 30.2729
119.676 29.3076
131.601 28.5649
135.334 28.5411
129.827 28.9532
118.664 29.5369
116.936 29.5154
109.299 28.7851
105.933 28.5747
109.488 28.2801
115.582 28.1152
114.476 30.3117
109.607 28.6018
106.525 29.0896
106.434 30.5293
105.69 28.6807
106.798 31.6858
111.102 28.9732
110.747 28.8952
116.509 28.7035
106.817 28.7602
104.751 28.2164
95.6091 28.07
101.024 28.5731
85.2588 29.0969
89.6776 30.3028
96.9542 29.6571
98.5553 29.1071
97.5355 30.5683
99.3378 29.3588
111.881 27.9288
110.562 28.8327
108.968 29.1624
102.741 28.7291
100.147 28.9201
104.626 28.2021
102.278 29.7986
101.874 28.8195
100.091 27.2994
93.2209 27.9719
95.7487 30.6266
99.9983 27.6493
99.2026 29.0753
108.356 29.6989
116.923 29.378
116.699 29.6592
115.428 28.5474
115.428 29.8745
110.162 28.844
114.041 27.4959
123.457 28.8299
116.086 28.1281
118.993 28.8755
120.96 28.307
129.673 28.9137
122.229 27.6101
122.891 27.833
100.385 28.8705
116.449 28.1801
130.54 29.3766
145.527 27.8099
134.526 27.2935
136.195 28.1698
131.949 29.3729
130.009 28.7058
133.247 28.8103
127.309 27.9164
127.936 27.5716
124.261 28.0385
117.446 28.2865
116.903 28.0169
116.733 28.9363
116.685 28.9843
112.075 27.8061
108.216 28.9825
124.561 29.2216
117.685 28.3861
115.915 26.5485
115.26 27.9088
108.732 28.7949
109.562 29.5029
118.949 28.6768
118.567 29.4295
112.182 28.4935
113.602 29.6047
109.518 27.4608
97.8455 28.101
110.672 28.7544
119.035 28.8182
104.961 29.8228
117.348 29.9505
122.266 28.4375
119.342 29.725
111.017 27.9975
104.687 27.5254
107.852 27.7008
109.622 27.7607
110.686 27.9316
114.871 28.0571
124.698 27.762
117.807 28.6717
125.423 27.9274
132.826 28.51
116.513 29.0315
132.398 27.3998
122.929 28.3185
114.548 28.7821
116.463 30.1161
116.748 29.6877
113.157 30.9536
114.323 29.7384
106.108 29.7524
110.124 28.9163
118.54 29.8601
113.137 29.7713
110.326 29.3776
109.654 29.6198
106.71 29.8399
103.559 29.6208
100.212 29.302
88.0822 29.3921
82.6444 28.1976
94.225 28.1537
89.0812 28.5594
100.505 30.1916
100.505 28.677
113.49 29.1184
109.155 28.8793
119.761 28.5493
122.266 28.5625
119.842 27.4785
116.387 28.5894
117.853 28.811
112.051 29.1604
115.934 28.2993
118.88 27.1857
127.839 28.298
126.307 28.2865
128.602 27.2194
121.791 28.8463
118.534 29.7604
121.532 29.5195
121.946 28.4655
121.122 27.6502
128.457 27.7379
132.251 28.4577
127.203 28.791
130.717 29.2461
121.928 27.3748
96.6899 28.7816
117.589 27.7396
122.596 28.7423
122.282 28.1963
117.247 27.4689
117.442 27.4822
119.393 28.8748
120.549 28.7142
127.854 27.8476
124.854 28.5407
127.942 28.6817
115.924 28.8388
118.877 28.9835
119 29.2475
108.392 28.8389
104.757 28.4475
123.154 30.0544
129.562 29.9732
130.352 28.301
125.022 30.3849
115.825 29.7427
124.717 28.3431
104.041 29.3449
118.448 28.8624
133.386 27.6024
127.821 28.4157
135.393 27.6065
119.87 28.9678
107.168 29.2476
109.42 27.887
111.912 28.6131
114.419 27.3478
113.825 29.6558
114.015 28.6792
108.858 29.8973
114.925 27.8323
115.375 29.7518
113.54 30.5093
107.272 29.5572
105.717 29.6269
108.88 28.6997
106.251 29.3506
111.59 27.6751
109.878 29.6014
109.001 29.9612
105.213 29.5092
105.985 29.5062
107.243 28.478
111.363 28.4205
111.887 27.0426
115.819 27.9125
111.308 29.1192
107.05 29.2558
125.513 29.3452
116.105 29.2802
117.03 26.989
117.03 28.7921
115.157 27.9796
122.263 29.0942
131.383 28.9306
116.712 28.0109
123.101 29.3836
132.234 28.2327
133.261 28.2374
133.021 30.1526
121.377 30.3956
126.02 29.1849
127.926 29.2986
128.484 29.4447
130.697 29.37
133.299 27.7211
125.394 27.8438
115.584 29.0331
114.78 29.0849
109.036 28.8956
125.796 28.6337
122.137 27.8071
121.263 29.442
127.868 29.2562
116.941 27.3199
121.183 28.0768
135.967 29.0011
135.967 27.9402
145.824 28.2772
125.722 28.5382
118.231 29.6189
115.305 29.1847
124.245 28.5213
113.574 28.4866
102.485 29.4806
105.663 27.5696
109.3 28.5826
108.686 29.1484
113.04 27.3363
109.581 27.3859
114.411 27.8188
121.075 27.3826
109.391 28.0891
112.498 27.2087
127.602 28.7983
126.384 28.4558
118.602 28.8625
115.035 29.508
122.228 27.8097
130.099 28.8548
127.087 28.7456
128.911 29.4616
118.444 29.5111
113.229 29.3952
125.135 26.969
116.233 29.0272
128.423 29.3785
120.087 29.3031
113.123 30.1138
113.098 27.5216
116.151 27.6791
115.151 28.2949
104.548 28.9731
119.679 28.4664
123.651 27.6464
107.004 30.5086
105.559 28.7634
117.093 30.3405
112.919 29.449
118.879 27.2009
127.752 28.2589
128.102 28.8852
107.912 28.9542
108.393 28.163
108.578 29.746
116.362 28.9236
113.043 29.6116
134.256 28.2651
141.263 28.2447
134.795 28.904
140.568 29.2746
142.025 28.399
118.405 29.1051
128.41 29.5443
126.649 28.2874
122.421 27.9953
135.749 28.6437
135.749 27.8078
135.749 29.4612
125.851 30.0871
126.257 29.5748
122.407 29.7239
126.531 27.5435
128.672 28.5491
140.513 27.0985
133.067 27.8005
133.187 27.2781
129.384 28.3427
122.98 29.032
130.134 28.4995
125.979 28.631
132.593 27.8966
131.229 28.4816
126.061 29.2353
119.782 29.9952
124.618 29.8173
123.107 29.4055
117.818 29.1052
119.342 28.5668
119.866 27.5101
119.189 28.8198
115.716 28.5861
121.794 29.4685
117.512 28.685
118.588 28.5864
111.131 28.3811
106.909 28.2703
106.396 28.9371
109.493 29.8052
106.069 29.3655
105.888 27.272
109.62 27.7637
113.62 29.6796
117.444 28.0313
115.635 29.0317
114.385 29.0594
104.103 29.9349
112.858 28.5016
105.751 28.995
106.455 29.1832
105.966 29.6737
102.447 28.8748
98.0085 29.1769
96.5417 29.3376
102.603 28.8569
122.834 29.9285
122.834 29.1018
115.779 29.3225
115.779 28.1753
115.011 29.9453
119.865 28.4071
123.404 28.262
123.966 28.6902
121.818 29.0098
130.123 29.6335
133.777 29.014
129.603 29.6458
111.558 30.0899
112.827 27.5731
118.874 29.0441
118.413 29.2151
104.818 29.0926
107.838 29.2724
135.915 29.9561
132.942 27.9173
150.375 28.5109
148.969 29.5422
133.033 29.1953
124.596 29.2238
127.815 29.0124
130.033 27.5786
138.19 28.9035
133.731 28.7161
135.363 29.2187
148.139 27.657
138.253 26.0678
142.27 27.9172
135.418 27.9172
151.694 28.9196
141.699 28.5718
134.584 26.7687
146.877 28.4698
139.639 28.9689
126.233 29.1513
144.387 28.5664
136.291 28.2832
138.568 28.3338
131.494 28.3651
122.75 29.1382
126.848 30.8109
136.08 26.9423
127.436 28.1431
135.588 28.9082
125.358 29.5648
115.653 30.6098
128.674 28.1187
110.542 29.2867
121.77 29.1464
110.462 29.3154
115.001 27.8716
109.35 29.4845
113.2 28.7291
115.704 29.0259
122.309 27.218
120.689 27.3554
120.869 29.1713
116.987 28.7556
108.762 27.9813
122.063 27.1156
121.356 26.5768
116.742 28.5145
125.841 29.6283
120.585 29.4314
118.28 29.1011
116.359 29.5554
121.194 29.4675
126.624 28.3212
119.416 29.3393
120.47 28.1035
121.156 28.74
125.67 28.6216
118.488 27.8668
134.532 28.0093
116.012 27.8315
114.827 29.121
114.452 29.8295
115.916 29.0929
111.681 29.4664
111.949 28.3416
111.952 28.5897
109.304 28.6722
111.571 28.8981
109.076 27.8274
106.809 29.0945
113.697 29.2764
111.661 29.1752
112.479 29.3343
112.56 28.7134
113.061 27.9699
117.226 29.1924
103.001 30.2804
108.47 28.0757
102.622 28.7663
115.438 28.4477
112.603 29.8219
111.595 29.0986
111.746 28.6917
107.077 30.035
101.362 29.9026
102.223 28.653
112.282 28.5963
118.456 27.3174
109.254 28.4231
115.733 28.8521
120.052 28.4114
115.327 29.4483
110.117 28.9905
109.612 28.7418
110.825 28.7714
114.664 29.5446
113.522 28.7714
118.573 28.2785
117.275 29.5704
111.222 28.9718
116.142 29.0427
120.468 29.1461
114.678 30.7281
130.328 28.2523
122.4 28.05
106.82 28.7029
111.487 28.8469
113.767 27.999
114.42 26.7227
111.99 28.1885
111.393 28.0165
110.948 27.7649
108.662 28.4073
111.93 30.175
110.221 28.5298
110.947 28.0193
115.834 29.2816
115.293 29.6705
105.936 27.2946
114.345 28.3029
117.086 28.4583
101.779 28.5997
114.425 29.0759
120.833 28.6768
114.564 28.7512
112.35 30.4527
119.612 28.5941
112.067 27.3995
105.846 28.2023
103.986 29.2643
95.8162 28.6578
105.247 28.2841
105.73 30.1286
103.837 28.6825
110.936 29.1815
99.1503 29.4236
120.798 30.0271
102.224 29.1331
116.6 28.9783
123.457 28.6166
121.458 28.6895
133.493 29.4567
124.292 28.3846
118.957 28.4317
117.873 28.5208
126.951 28.7214
123.888 30.2737
109.285 28.6437
107.157 27.7741
111.957 28.8379
112.585 28.8257
113.795 27.8272
119.88 28.0812
102.914 29.6947
112.757 28.7534
122.474 28.9049
113.903 29.2186
122.097 28.1153
116.813 29.2912
125.191 28.341
127.364 29.0407
123.325 28.6478
136.562 28.5443
136.319 29.0394
132.345 29.5078
119.951 29.1262
138.157 26.4713
126.9 29.0596
131.037 27.3731
120.435 29.6311
120.435 29.3809
134.244 28.6504
134.244 29.2042
139.75 28.3334
137.768 27.0628
137.768 28.3359
126.999 29.9389
130.361 29.3643
134.587 29.1477
126.056 29.2517
126.776 28.9642
122.444 29.04
128.201 28.2652
136.357 29.7254
137.566 28.7751
142.23 27.9607
130.073 30.0458
128.333 29.6679
120.181 28.8267
122.378 28.2979
125.899 29.1983
124.267 29.1617
109.108 28.5674
109.657 28.9911
100.367 28.105
96.7712 31.4533
96.6181 28.9572
102.589 28.1134
103.814 28.5252
106.942 28.4514
107.307 28.3041
107.664 28.6704
106.882 28.8192
106.03 28.7267
112.566 29.6255
110.675 28.8483
117.122 28.4208
115.619 28.4021
119.79 29.7369
126.626 29.7306
122.629 29.02
110.773 29.0629
113.844 27.1404
115.561 28.9548
113.972 28.3526
98.4253 30.2
107.24 27.4567
106.695 28.0808
110.863 27.5796
104.47 30.2259
107.718 27.8506
103.5 29.6087
109.582 29.1175
108.177 28.2185
100.273 28.7074
98.8991 29.5804
96.1343 28.9618
88.0057 29.402
108.329 27.9249
110.167 28.5968
107.094 28.5287
115.072 29.3561
115.966 29.0046
109.495 28.2954
103.66 28.7374
110.872 29.792
105.238 29.5241
115.731 27.6213
115.609 28.4834
120.982 28.8445
115.956 27.5448
113.635 27.0699
112.463 28.9528
116.755 27.5065
114.035 29.7029
103.43 29.233
98.197 29.3132
104.923 28.7138
108.127 27.1847
106.868 29.2168
125.171 27.3921
124.748 27.6128
117.522 27.8341
119.831 28.7895
134.051 28.1992
127.304 28.6184
120.843 29.2235
133.26 29.3964
111.906 28.298
114.258 29.5552
113.084 28.9575
113.126 29.1562
108.282 28.8332
120.577 28.813
113.43 28.8257
113.889 29.107
119.254 28.1955
118.416 28.912
118.285 28.7488
118.699 29.3176
117.573 28.7789
118.571 28.946
119.297 29.5434
117.026 28.1917
111.81 27.641
113.88 29.2338
103.454 28.6492
122.452 27.6398
138.271 28.8928
127.682 28.6228
113.552 28.1216
114.267 27.9207
104.349 29.5127
117.737 28.4866
125.844 28.9132
116.176 29.0104
123.653 28.9896
117.279 29.2558
113.809 28.0793
110.42 29.7441
107.584 28.229
110.992 29.1947
111.468 27.8703
114.813 28.1252
114.957 28.7039
115.092 28.3083
121.607 29.4888
122.975 29.4188
119.952 29.5627
113.764 29.088
119.415 27.7926
120.331 28.8153
122.792 29.2337
122.799 27.5723
109.768 29.5144
121.487 27.2991
112.559 29.3267
103.28 30.1509
109.431 30.1404
116.745 29.3368
117.155 29.4905
119.429 28.8527
119.119 28.2744
128.389 29.0856
121.945 29.3804
120.232 29.1767
113.402 28.9695
116.533 29.9792
111.608 29.5987
116.74 27.4767
130.065 28.3498
125.442 27.4442
132.543 27.248
122.067 28.9747
123.338 28.9121
141.626 28.441
138.076 28.5363
132.824 28.2234
112.695 28.6786
133.952 29.421
129.448 28.3893
134.679 27.7538
130.307 27.9049
112.54 29.5251
106.978 29.9773
114.522 29.4783
121.576 28.1527
117.985 28.427
116.373 28.7774
125.393 28.0412
119.311 29.5434
112.712 29.5989
109.148 28.9671
109.148 29.8401
111.551 28.9746
113.272 27.3947
108.093 28.6948
106.72 28.0984
116.557 27.6177
113.164 27.9616
109.604 29.4642
122.095 28.9987
114.701 28.4277
122.228 28.9026
109.889 27.6018
108.699 29.6431
100.922 29.2092
114.915 28.1831
121.112 27.9194
119.813 27.5449
109.55 29.306
113.751 29.3511
112.962 29.9054
116.906 28.0522
109.381 29.7676
105.64 28.7071
112.376 29.1304
108.872 28.6445
108.872 28.6085
110.386 29.3269
100.916 28.9842
104.054 28.2994
114.575 29.4666
110.295 29.4655
109.159 29.0734
103.868 29.2872
93.8862 29.2872
99.8377 28.4494
99.9025 28.3312
100.583 28.327
104.558 28.4934
103.473 27.0312
109.031 29.6836
108.598 28.2953
109.143 26.281
125.26 27.7605
131.88 29.5987
109.911 29.7565
92.3484 29.2375
104.647 27.5949
104.481 29.2187
108.223 29.0145
112.197 29.4751
104.334 30.1244
116.145 29.31
107.121 28.832
113.037 29.8243
111.144 28.042
117.226 28.7406
113.738 28.9006
115.824 28.8161
121.057 28.0854
124.372 29.501
114.194 27.1399
107.242 28.3032
115.419 27.466
113.991 28.0856
108.053 27.9227
108.136 29.7895
109.868 28.8865
102.584 30.142
102.584 28.9358
115.851 27.5264
125.686 28.3553
123.487 28.2088
126.259 29.4688
125.682 28.4088
143.709 28.9775
121.426 27.8215
111.649 29.4586
110.87 29.3711
113.777 27.8754
117.727 28.1573
115.1 28.5241
112.157 27.206
124.534 29.0269
116.138 28.2381
117.454 28.2114
114.133 28.6762
117.677 28.9504
116.421 29.9019
112.887 29.824
114.017 29.9272
114.775 28.5893
108.812 28.3791
108.72 30.4543
115.751 29.3406
109.979 29.2639
107.918 28.9235
114.526 28.3797
107.521 28.9723
107.411 29.8168
118.185 27.7514
115.918 28.978
108.635 27.744
126.118 27.5371
120.41 28.2759
126.256 28.2458
101.295 28.1491
107.791 27.3415
120.55 27.7495
135.331 29.5741
127.044 29.353
127.516 28.1785
131.337 27.1778
139.904 28.286
139.658 29.004
136.277 28.8341
151.175 28.5871
132.399 28.5193
132.868 28.0648
127.145 28.2382
114.152 28.5011
101.275 28.6292
108.33 28.0008
121.68 27.5054
119.627 27.9546
114.512 28.4599
105.532 29.6517
106.542 29.5196
106.542 29.2957
103.953 28.4863
116.055 28.6478
121.55 28.8124
122.55 28.5401
119.285 27.6723
115.288 27.8156
118.062 27.7672
111.925 29.2195
95.706 30.1447
89.8953 28.7846
88.3331 28.0722
86.9892 28.1522
81.2341 28.2724
81.2341 28.6052
89.2121 28.3219
89.2121 29.454
85.1304 28.8416
97.0861 29.9244
124.689 28.125
117.63 28.7366
133.119 29.3697
129.064 29.6869
111.438 29.0779
110.295 28.6785
108.015 28.6978
99.2789 28.5535
103.692 28.7519
110.409 28.9279
110.816 30.5818
112.179 29.0476
114.803 29.8992
112.556 30.1804
117.765 27.8109
117.061 27.732
116.414 28.2124
120.546 29.5535
119.999 28.5357
118.44 27.7048
107.873 30.4046
108.866 29.1575
109.008 29.0427
111.15 27.7683
111.938 30.0026
102.614 30.2154
102.003 29.8802
104.114 29.0052
110.92 28.9854
113.39 29.7715
99.7079 27.57
99.7079 28.8934
106.343 29.0525
103.03 28.4509
109.065 28.4384
107.068 28.1675
124.609 27.441
122.835 27.8848
100.624 30.2156
109.928 28.5645
99.4884 28.8049
89.0589 26.142
132.342 29.0012
123.76 28.4555
126.599 28.6086
145.024 29.2588
141.243 29.4652
150.812 28.6283
152.174 28.2301
136.102 30.2122
131.597 29.2378
131.597 29.487
139.625 28.1195
144.747 28.8918
149.745 27.7187
144.979 28.7598
139.232 28.4979
141.262 27.8517
142.252 28.6292
138.074 29.2992
133.435 28.8818
136.934 29.1266
150.409 29.1495
124.875 29.4019
121.987 28.3598
121.933 29.2524
117.787 30.0852
116.178 29.3818
109.36 29.7497
109.36 27.8178
115.913 28.549
111.044 28.8105
111.044 28.8813
118.23 28.648
113.743 28.7879
131.177 28.3712
128.096 28.3809
125.927 29.2555
133.85 28.6672
114.241 28.4161
120.686 27.4909
131.598 27.4474
128.734 27.591
121.189 29.12
120.094 28.7645
125.729 27.3879
133.089 28.9541
125.955 27.8647
127.545 29.6839
138.086 28.654
131.498 30.0874
135.74 28.708
133.011 28.892
131.933 29.5755
138.082 29.9772
138.186 29.5615
138.85 29.947
148.087 29.0885
148.001 28.6869
136.089 29.1046
110.294 29.7404
111.198 27.8831
115.906 27.5253
120.335 28.5182
122.003 28.4619
127.289 28.9495
117.583 29.0474
133.226 29.9684
125.211 28.6863
109.823 27.7754
112.423 29.332
126.726 28.6512
126.896 27.9036
126.429 28.1195
109.327 28.4865
116.566 28.4642
130.596 28.5629
132.882 27.708
132.882 28.0318
120.584 29.5205
118.637 29.3332
107.314 28.5909
107.672 27.7736
124.155 28.6795
129.235 28.3967
118.059 28.0845
136.264 27.4048
126.792 29.47
129.895 28.821
122.061 28.805
128.25 30.0656
120.226 28.6099
114.056 29.8676
121.217 29.2878
127.918 27.519
134.381 28.5651
137.494 28.4831
144.073 28.258
160.97 29.3376
161.712 28.8006
160.654 29.1757
159.779 28.0758
144.092 28.8833
151.304 29.1355
143.763 28.1181
125.227 28.6212
116.133 28.5613
122.041 28.1539
125.414 27.7249
125.546 29.1494
101.632 28.138
116.562 27.4971
111.129 27.0927
113.174 29.4671
110.913 30.1236
111.297 28.547
114.031 27.7272
113.01 27.0589
107.225 28.8658
121.448 28.5001
109.065 29.2046
117.249 28.6802
111.576 28.5095
111.738 29.8902
109.489 27.8088
85.0755 30.4068
93.2543 27.3271
111.386 29.2383
109.349 28.1997
113.27 27.3895
119.451 29.15
116.576 29.5158
116.841 29.0661
116.184 29.1178
125.853 28.1633
119.354 26.6824
110.836 28.9217
106.093 27.7816
103.513 29.2013
102.518 30.1748
94.8201 28.4322
106.743 29.9971
107.684 28.8875
102.334 30.5136
92.8694 27.8589
101.68 27.0567
95.3569 28.1459
95.3569 28.934
94.7783 31.0224
97.3472 27.8846
91.8909 27.4564
95.2519 29.0718
88.5445 29.215
89.4419 28.6337
92.867 29.166
92.867 29.3312
99.1017 28.7136
109.401 27.8593
108.678 30.2368
109.086 28.8275
108.078 28.0827
106.88 28.3991
114.067 28.2098
109.342 28.2696
100.946 27.3378
106.108 29.9349
99.925 29.9418
99.925 28.8038
111.151 27.7976
102.454 28.6176
103.057 28.1805
109.817 29.3642
109.891 29.8512
107.529 29.192
122.598 29.7111
127.421 27.4417
130.727 27.5492
129.545 29.6434
121 29.967
110.232 29.6055
104.859 30.041
123.663 29.0827
120.351 28.8648
116.377 28.6408
118.684 28.7223
120.683 30.0038
120.918 27.8571
117.13 29.5356
122.241 28.9113
122.101 27.7179
125.85 27.9719
128.34 27.8006
115.734 28.3844
126.551 28.3068
125.088 29.8544
119.438 29.2073
126.172 28.7209
121.567 29.1597
120.23 29.9046
120.061 29.2715
110.639 28.4693
117.231 27.9359
115.065 28.5995
114.031 28.7531
116.495 29.1179
116.073 28.8224
122.045 27.989
128.422 29.8464
124.426 28.682
124.396 30.0233
140.709 27.211
127.892 28.1148
135.854 29.4246
126.435 29.2757
140.126 29.3272
143.023 29.9439
143.023 29.9851
144.215 29.9949
136.198 29.6506
127.174 29.0927
127.514 28.939
119.662 29.8753
124.449 29.6459
126.495 28.3768
128.79 28.6361
130.525 28.7211
125.669 28.878
119.149 28.8878
118.938 28.3124
124.161 28.3756
122.614 27.6921
115.064 28.1414
111.791 28.9084
124.374 26.968
129.675 27.8367
122.737 29.1335
133.387 27.7925
118.829 27.078
120.521 28.108
112.021 27.3475
114.207 28.7033
103.837 28.7251
105.405 27.7118
105.739 29.3207
118.007 28.8791
126.014 28.2172
124.2 29.4531
107.617 29.0215
116.833 29.8059
121.012 29.8257
116.023 27.1046
118.527 27.9947
116.384 28.9298
121.733 28.0195
111.518 28.9487
135.207 28.7249
118.264 28.5674
123.397 29.134
143.99 28.1983
131.563 27.9341
124.49 28.9184
116.76 28.8777
119.376 28.4191
106.578 28.1695
115.204 28.1736
107.897 28.1653
108.169 28.1689
108.49 28.1717
115.282 28.302
111.225 28.5802
103.512 28.6557
108.131 29.6408
110.447 29.2602
109.283 28.8411
100.631 30.4863
102.207 29.2963
101.966 28.5032
101.094 27.8191
97.3364 27.5807
96.3123 29.7666
103.878 28.2046
119.442 28.321
101.647 30.262
101.137 29.1163
106.381 28.4133
105.365 29.1561
100.302 28.2808
99.0776 29.0282
105.467 28.7269
116.789 29.1373
118.334 29.2299
120.545 27.4895
116.034 26.9348
132.561 27.7195
119.024 27.9632
119.416 29.2077
128.454 27.954
130.334 28.1153
128.837 27.7586
136.466 26.4095
130.877 28.8024
114.039 31.3535
123.3 28.6088
119.847 29.0602
125.325 27.3963
127.76 29.0924
125.806 28.8754
128.841 28.0512
134.026 28.4913
121.296 30.0735
139.056 28.7705
141.829 28.3385
142.841 28.5058
145.888 30.2169
137.421 30.3347
128.552 28.2679
127.34 28.4924
137.742 28.4251
136.148 27.996
127.896 28.4083
129.082 29.9062
118.734 27.8872
120.371 29.1304
129.283 28.7104
123.527 29.1007
115.299 28.9107
109.87 29.2605
108.618 28.4812
109.907 28.8987
145.729 27.8881
134.19 28.9295
130.594 26.981
120.288 29.3518
112.643 29.0673
99.4273 28.4292
109.311 29.2048
111.985 28.8644
107.659 28.8641
114.324 30.0969
103.564 27.6236
104.329 29.4295
101.163 28.6466
101.163 28.0585
92.3132 28.6746
92.3132 27.4011
95.5862 28.9632
95.2814 28.5396
95.2814 29.1436
95.2814 27.8589
92.4536 27.3992
92.8579 27.7395
100.482 29.4414
98.0517 28.7167
96.2214 29.3277
103.8 28.0634
101.646 28.4738
104.681 27.3646
106.516 27.2355
108.802 27.3905
108.461 28.4117
126.205 27.938
115.545 27.9833
128.878 28.106
115.363 28.8574
125.191 28.8863
140.942 28.863
127.44 27.9136
123.69 29.7621
116.147 27.2359
119.912 28.1993
124.886 28.9755
124.188 28.269
121.295 28.0028
115.838 28.2681
121.308 27.4469
114.699 28.6521
120.306 28.8133
118.911 28.7747
118.316 28.1426
122.585 28.223
116.379 28.9057
105.956 29.9005
110.488 29.26
121.25 29.9355
123.747 29.1713
123.799 29.6549
124.183 28.0125
118.66 29.2372
125.227 27.6136
125.227 27.8813
116.737 28.861
99.6857 29.2742
103.471 29.6333
103.471 27.9934
115.684 28.4985
116.298 28.536
119.464 28.6146
106.604 28.4004
101.135 27.6243
104.758 28.4196
110.684 29.3993
108.274 30.0427
107.482 29.996
110.076 28.9306
107.002 30.0193
121.674 29.495
122.909 27.9795
110.393 28.5789
108.466 27.493
109.02 28.7095
112.978 29.321
113.306 28.9953
96.9642 29.1794
108.718 28.5426
106.728 29.0511
121.621 28.9791
121.493 27.772
125.128 28.9616
124.162 29.0121
124.319 28.107
121.772 27.7703
116.595 28.8862
108.274 29.8028
124.12 28.1456
115.893 28.586
108.946 29.3219
98.4286 29.9035
119.14 27.746
118.236 26.616
116.838 29.251
117.439 28.4464
119.25 28.5297
119.371 28.3924
121.217 27.6256
121.246 28.327
122.01 31.1985
143.042 28.0203
136.077 28.1933
144.991 28.9709
130.03 26.5646
125.411 28.5856
114.541 29.3618
113.421 29.9726
121.101 29.1485
113.603 28.247
115.415 30.5194
114.004 30.9026
120.923 28.3553
116.339 28.1046
123.921 29.0292
112.792 28.4891
110.71 29.147
112.567 28.5735
113.387 28.2567
114.016 29.1886
103.842 28.8997
108.827 28.8653
105.607 28.9914
102.423 27.5416
106.507 29.1632
119.418 28.7129
124.349 27.8179
128.509 27.892
118.739 27.9197
120.216 29.375
120.519 29.4325
114.06 29.9195
130.5 28.2608
129.256 28.0633
115.892 28.191
114.136 27.8436
124.725 27.5973
108.398 30.3917
108.799 26.7475
109.783 28.3618
99.7146 28.7477
92.2496 29.7899
103.03 28.6958
111.287 28.0069
109.469 29.7632
107.44 29.3386
121.816 27.6303
125.458 28.8734
142.99 29.5065
135.253 28.9709
139.718 30.0339
123.556 28.7456
117.289 30.252
123.038 30.6017
122.723 28.4569
126.027 28.3195
126.221 28.9352
125.19 28.3758
133.327 27.7589
144.486 28.5315
133.807 29.7192
127.355 29.3404
125.087 28.8287
123.658 30.1496
133.263 27.7919
134.269 30.2653
134.104 28.7186
138.594 27.5865
127.952 29.1366
122.854 28.9672
130.901 28.8753
131.509 29.6428
142.762 28.3381
143.986 27.7863
139.365 27.8633
120.141 29.0228
120.869 29.1648
117.646 27.6705
115.569 28.7732
117.894 28.4935
134.287 28.5646
122.171 28.137
120.348 27.8172
113.256 28.3165
111.473 28.6007
112.47 28.1916
113.198 27.8633
117.776 28.61
109.107 29.6861
103.636 30.1097
116.215 29.986
112.722 29.5736
102.226 29.9492
97.1127 30.4041
98.0304 29.7825
97.4626 29.8176
94.032 29.042
104.545 29.2314
99.6951 27.7427
87.2513 30.2637
108.614 27.6659
118.259 26.3961
109.367 29.158
120.166 27.6953
119.247 27.9542
114.723 27.9095
120.794 27.9109
121.228 29.6186
120.351 28.6575
112.468 29.7144
117.912 29.807
117.44 30.329
117.44 29.722
127.757 29.7392
128.749 29.7408
127.07 29.7459
141.394 26.9565
138.244 27.7955
125.716 26.6852
120.805 28.7111
119.156 29.5502
122.679 29.6702
120.815 28.9906
120.137 28.9606
122.073 28.0426
119.144 29.3315
109.889 28.2918
117.175 28.0706
118.702 28.0858
117.805 27.9543
118.878 28.9263
118.527 29.4095
126.413 27.4051
129.337 27.9185
116.242 30.2581
119.754 30.4744
115.883 28.1343
115.883 27.6439
113.675 27.7771
104.746 29.273
109.289 28.4732
108.5 26.9797
115.258 28.53
111.626 29.5221
114.183 29.5731
119.323 28.2963
121.589 28.279
121.771 28.144
142.754 28.2062
142.754 28.5407
149.677 27.5297
135.628 28.9142
140.314 27.5171
139.427 28.5067
135.16 29.4796
127.04 29.4887
126.274 29.648
143.716 27.632
153.152 28.4938
168.254 28.5329
181.988 28.6592
170.168 28.5003
167.229 28.5101
132.487 28.6103
137.307 28.5843
137.307 28.0775
133.806 27.753
118.999 28.153
119.954 30.1663
122.694 28.2084
119.158 28.9683
113.118 30.647
113.054 30.701
106.485 27.84
89.0815 28.354
90.1826 30.1972
101.523 28.9098
108.661 30.542
117.84 28.5002
110.124 28.9569
99.5432 28.9972
97.0001 29.205
102.14 28.6658
114.512 28.0104
112.072 29.1103
114.805 27.7936
108.17 27.0854
113.361 28.4705
109.194 28.2488
117.213 29.4809
123.066 29.3536
120.74 29.0506
123.513 28.5739
140.712 28.4435
134.827 27.781
127.362 28.7369
116.144 28.9024
115.078 28.8918
113.069 27.8935
124.58 28.1781
122.614 28.2522
103.332 29.7622
110.965 29.0978
116.392 29.7377
128.108 28.9241
123.643 29.187
135.647 28.6468
137.682 28.5075
138.28 27.987
