395.112 9.38643
395.618 9.73436
396.072 9.50868
409.746 9.49717
396.998 9.3883
416.062 9.52864
426.469 9.53558
424.374 10.1185
444.392 9.65688
404.079 9.76513
403.627 9.80965
421.728 9.96805
492.311 9.74914
476.125 9.74141
475.847 9.05973
446.446 9.47993
431.45 9.44901
428.783 9.38642
469.347 9.05259
433.613 9.83491
424.303 9.7466
473.793 9.89036
413.081 9.50866
413.081 9.35076
424.048 9.64424
390.962 9.70105
411.143 9.55933
431.43 9.42685
398.014 9.66609
402.187 9.60369
386.682 9.50165
404.041 9.46677
431.781 9.7074
436.608 9.75942
428.418 9.37722
422.102 9.35883
404.454 9.26998
399.738 9.40381
405.091 9.26567
426.137 9.78259
385.02 9.74715
385.02 9.89814
370.983 9.36074
387.024 9.34552
383.838 9.59304
392.947 9.46691
393.446 9.69456
353.89 9.68635
318.528 9.90681
322.085 10.2599
338.277 9.27386
337.273 9.44764
386.883 9.53953
397.929 9.54979
464.164 9.58674
440.939 9.34811
399.75 9.75118
427.892 9.47903
435.139 9.21643
421.348 9.29352
402.945 9.27191
396.701 9.30234
420.026 9.331
395.273 9.8916
406.732 10.0241
479.403 9.71184
467.066 9.70437
421.267 9.70068
412.045 9.67463
458.876 9.6195
462.484 9.81263
402.075 9.67978
424.159 9.64922
371.506 9.60946
374.627 9.53451
387.413 9.53467
389.032 9.66757
383.472 9.66908
371.074 9.67344
414.75 9.73065
407.349 9.66075
389.249 9.54456
405.891 9.2182
379.275 9.76021
391.31 9.63787
385.918 9.43071
400.408 9.24764
415.357 9.61263
398.82 9.61782
390.301 9.70752
409.114 9.90553
414.096 10.0008
433.308 9.86233
460.834 9.81561
415.742 9.59554
444.692 9.73201
445.852 9.30716
449.189 9.53678
410.858 9.38624
431.013 9.50038
414.823 9.4694
425.403 9.45376
435.563 9.4837
460.555 9.62369
401.245 9.36199
404.528 9.58964
409.424 9.56101
405.472 9.54315
419.236 9.61408
385.23 9.91147
394.502 9.79201
411.164 9.38702
427.541 9.25201
428.734 9.24669
415.401 9.34815
420.006 9.4038
432.04 9.46041
408.227 9.3589
417.325 9.52773
391.04 9.73877
365.03 9.62572
356.352 9.68396
415.314 9.59786
389.497 9.64814
425.674 9.72657
419.311 9.64752
418.37 9.72532
418.502 9.66574
418.037 9.22398
414.654 9.36184
414.912 9.36562
439.366 9.7358
425.307 9.85835
424.27 9.67493
431.679 9.50012
438.905 9.44713
449.462 9.27036
421.932 9.48074
400.874 9.35221
375.701 9.64064
347.99 9.38601
373.825 9.45003
376.318 9.83274
397.028 9.79368
376.131 9.16195
397.731 9.67079
382.125 9.72985
357.283 9.93888
367.365 9.6432
395.543 9.77579
324.363 9.62693
337.016 9.65247
355.731 9.63652
355.731 9.48298
365.629 9.56532
405.492 9.78633
414.873 9.61767
379.824 9.87509
387.872 9.52829
420.096 9.50996
419.456 9.75018
328.076 9.3644
331.992 9.37741
314.593 9.65618
332.337 9.54802
360.084 9.54948
351.677 9.54757
368.093 9.56602
383.634 9.52492
365.028 9.67745
376.455 9.36462
393.406 9.51233
377.962 9.74595
378.873 9.6965
416.576 9.84733
427.582 9.77271
417.813 9.41175
405.795 9.34005
430.762 9.55163
411.021 9.49605
438.313 9.67725
436.105 9.33653
404.847 9.65795
409.088 9.6363
454.192 9.32695
401.766 10.0383
417.615 9.50787
426.015 9.79544
453.22 9.56589
443.318 9.57584
438.042 9.57266
462.913 9.63631
469.534 9.5481
472.328 9.66573
455.209 9.50028
447.756 9.69837
454.106 9.60858
446.809 9.56321
447.561 9.50201
449.374 9.50663
452.185 9.89978
476.415 9.78228
450.802 9.56895
461.649 9.49057
458.297 9.49815
466.537 9.43962
483.894 9.43435
486.433 9.59667
484.823 9.9155
406.99 9.75789
430.399 9.6132
402.537 9.03661
389.323 9.83054
424.947 9.88449
424.947 9.89171
412.848 9.54102
411.171 9.49972
436.804 9.83591
435.791 9.94513
432.57 9.51723
457.758 9.4059
443.917 9.45759
427.65 9.56327
369.434 9.42927
362.45 9.52855
364.206 9.5063
402.467 9.33355
426.303 9.40542
387.757 9.57889
424.443 9.69276
403.331 9.07319
413.672 9.32214
430.019 9.75304
425.306 9.70942
447.516 9.88335
407.252 9.38076
412.325 9.64447
403.23 9.76442
454.46 9.60793
450.54 9.56903
450.321 9.39056
409.504 9.71245
408.454 9.26953
388.844 9.42741
420.792 9.8527
406.409 9.27374
435.285 9.54843
408.094 9.67146
418.551 9.79036
409.8 9.40138
422.897 9.33171
419.602 9.31102
437.517 9.78156
389.529 9.59389
364.602 9.45541
402.268 9.71446
385.823 9.64674
387.155 9.68061
370.614 9.5519
330.973 9.55157
330.973 9.34349
382.724 9.64365
349.954 9.47181
367.746 9.69139
388.269 9.42073
411.291 9.2892
397.358 9.6186
384.062 9.49675
444.312 9.3357
466.368 9.24301
469.234 9.44815
418.725 9.75062
439.154 9.37814
438.334 9.61263
452.903 9.71955
461.783 9.7297
396.786 9.37253
377.025 9.50329
372.276 9.51343
364.271 9.51302
397.442 9.51581
400.613 9.5276
408.095 9.60933
337.359 9.44433
356.439 9.87961
340.583 9.40244
349.594 9.47611
361.074 9.43823
329.896 9.53089
325.234 9.59405
350.653 9.43277
359.38 9.48885
355.806 9.71195
361.38 9.74012
354.334 9.08199
397.827 9.57054
389.289 9.51688
452.304 9.52309
430.553 9.75715
404.931 9.76432
398.028 9.76425
392.374 9.73355
368.691 9.73942
365.489 9.76142
388.247 9.62434
387.772 9.24554
329.45 9.51811
402.005 9.39769
383.465 9.7766
394.756 9.51031
404.772 9.65958
368.798 9.50709
397.909 9.69622
370.248 9.72539
394.084 9.44747
391.851 9.92558
348.968 9.52183
367.498 9.37659
399.046 9.65253
425.495 9.53575
402.665 9.46984
431.378 9.76487
409.074 9.40184
453.488 9.4576
429.735 9.64953
439.396 9.85516
454.071 9.51598
437.387 9.59799
430.546 9.70196
401.374 9.52945
407.932 9.53947
413.529 9.70127
414.618 9.77925
415.165 9.7389
417.608 9.44162
412.609 9.7869
402.594 9.8095
463.276 9.89758
446.756 9.534
447.833 9.22479
451.131 9.44864
437.474 9.22838
509.173 9.65028
493.407 10.0468
512.863 9.73658
511.328 9.73417
576.723 9.68217
523.114 9.67025
438.333 9.69667
468.58 9.73406
437.549 9.73969
431.67 9.55363
463.012 9.89778
441.841 9.60527
445.77 9.49941
512.468 9.67139
476.287 9.42376
484.608 9.69984
484.608 9.39902
456.744 9.60933
448.524 9.6403
456.039 9.50677
429.084 9.57981
459.547 9.49442
541.871 9.74247
503.142 9.7495
503.317 9.44619
467.905 9.50354
469.588 9.52532
451.114 9.58498
472.105 9.5764
470.666 9.57807
436.535 9.59809
422.655 9.36177
401.773 9.33099
387.928 9.47402
368.643 9.62728
385.669 9.51421
385.781 9.239
381.737 9.35291
381.737 9.04329
335.69 9.54048
360.498 9.68097
348.159 9.58715
339.059 9.96137
315.399 9.88248
347.726 9.24655
360.36 9.41375
359.118 9.60788
391.079 9.88889
413.99 9.68679
421.21 9.73307
418.094 9.44425
397.153 9.80303
448.234 9.56964
478.682 9.88701
461.15 8.89861
466.848 9.25906
505.711 9.95197
567.301 10.1097
553.667 9.5862
444.02 9.39344
445.437 9.53781
432.745 9.40317
417.532 9.59006
507.022 9.85943
486.497 9.82123
435.285 9.97598
459.667 9.67126
418.929 9.81147
436.858 9.74742
472.403 9.88173
447.491 9.66946
490.263 9.60245
476.591 9.60378
474.41 9.55184
487.004 9.46373
471.715 9.66105
465.269 9.91951
479.373 10.0153
459.371 9.51299
459.741 9.48547
455.725 9.59038
430.351 9.63488
497.837 9.56209
397.479 9.56308
388.718 9.74906
388.148 9.80448
404.744 9.26082
407.407 9.40258
388.485 9.36298
388.647 9.52643
412.66 9.88868
463.294 9.86054
446.25 9.99112
432.481 9.57107
416.718 9.41135
435.747 9.29185
388.34 9.58325
373.722 9.75244
392.478 9.53589
403.464 9.23291
406.848 9.35675
381.881 9.55884
374.66 9.32652
394.013 9.51284
415.441 9.76511
417.261 9.85248
420.081 9.62194
406.59 9.40726
394.389 9.21614
381.396 9.42352
371.965 9.47677
351.442 10.0966
392.721 9.72691
350.244 9.9432
343.645 9.58189
362.868 9.43089
352.229 9.55335
335.978 9.68825
400.005 9.56206
398.636 9.44895
366.551 9.52668
384.63 9.66305
444.48 9.76912
407.564 9.83763
417.802 9.6526
415.851 9.60498
400.516 9.92938
428.771 9.67535
419.782 9.3882
454.889 9.54755
431.693 9.54941
440.284 9.59897
447.465 9.54463
455.02 9.38065
450.805 9.47671
470.07 9.503
428.584 9.76099
402.962 9.6467
378.324 9.78763
381.218 9.75647
404.936 9.55489
458.694 9.81325
430.757 9.89239
437.822 9.37186
430.384 9.63681
377.109 9.70142
440.224 9.61592
393.174 9.61065
386.788 9.59287
368.089 9.59274
373.76 9.58946
372.568 9.57493
418.761 9.53241
421.69 9.25352
416.747 9.98209
395.646 9.65479
405.351 9.70884
417.827 9.49186
425.801 9.52126
401.465 9.78808
361.156 9.28605
382.555 9.2068
386.784 9.77886
378.255 9.52968
368.548 9.55622
411.469 9.65715
392.056 9.52917
408.455 9.55344
416.193 9.24906
416.193 9.38866
409.803 9.7601
396.906 9.43887
395.306 9.40943
388.181 9.44549
371.848 9.44278
386.214 9.50358
385.151 9.45206
412.115 9.46141
377.129 9.40347
381.415 9.49399
383.924 9.91331
417.47 9.40731
437.993 9.68441
431.271 9.56789
402.911 9.62934
398.244 9.57246
411.885 9.58085
414.095 9.51332
388.413 9.74005
387.894 9.61989
390.473 9.64418
411.816 9.58056
418.268 9.57387
487.43 9.5448
462.542 9.57441
468.095 9.30264
420.099 9.74105
405.766 9.59803
358.542 9.40667
353.608 9.53282
388.293 9.55721
379.006 9.96537
400.408 9.7425
430.391 9.33054
434.749 9.77108
425.998 9.17718
421.05 9.67248
403.148 9.70038
432.395 9.60955
401.367 9.78279
400.764 9.79348
401.397 9.78697
412.748 9.68456
420.005 9.68277
469.59 9.66532
457.961 9.2816
460.943 9.44033
395.292 9.64679
395.292 9.54722
419.482 9.56109
396.002 9.98006
369.844 9.68181
403.283 9.68591
383.469 9.67839
413.695 9.31142
390.031 9.35792
382.168 9.35466
419.869 9.35407
406.517 9.35888
436.065 9.44561
385.539 9.41282
383.437 9.53527
365.412 9.50308
359.344 9.79921
370.531 9.72422
395.845 9.63504
421.816 9.30656
412.172 9.7303
412.172 9.5531
415.397 9.51439
440.995 9.72795
429.261 9.73172
496.88 9.72501
447.595 9.76964
465.915 9.80845
447.322 9.54813
401.665 9.36678
431.034 9.55072
456.764 9.24369
441.893 9.52083
442.918 9.56778
418.454 9.4495
426.557 9.23252
437.736 9.51877
430.815 9.67472
416.391 9.32972
422.476 9.58963
423.13 9.55849
437.68 9.57316
454.87 9.61217
445.994 9.63567
409.679 9.69516
498.932 9.46325
445.197 9.42329
490.25 9.66112
468.735 9.30457
468.306 9.51994
446.728 9.38344
398.883 9.73585
395.354 9.88428
393.372 9.10774
367.447 9.56614
393.447 9.72756
355.52 9.65459
349.862 9.60329
391.892 9.73306
388.754 9.80218
407.534 9.338
407.535 9.35702
414.422 9.652
414.294 9.87412
409.627 9.38884
426.727 9.95309
461.023 9.44832
418.575 9.62946
434.187 9.70318
426.372 9.26425
439.737 9.72824
447.412 9.34598
426.704 9.42862
444.448 9.72734
463.007 9.3396
466.671 9.46321
452.221 9.42277
428.109 9.58364
445.617 10.0675
429.799 10.0092
378.361 9.4736
392.682 9.26533
401.307 9.89317
375.522 9.71744
418.901 9.66003
390.29 9.60094
420.938 9.46092
437.877 9.59031
443.485 9.66876
408.871 9.58171
443.656 9.59825
462.455 9.77715
429.413 9.85708
426.287 9.60584
422.083 9.16153
389.344 9.81908
394.239 9.8734
419.657 9.67276
403.055 9.94062
399.259 9.83863
405.701 9.31578
374.64 9.6998
390.96 9.90283
419.554 9.84805
415.633 9.90041
417.845 9.85175
418.964 9.67222
397.93 9.52931
413.32 9.61677
414.093 9.46261
444.359 9.43698
453.49 9.51266
479.707 9.29503
456.305 9.71121
442.04 9.60366
437.983 9.53396
443.817 9.34341
473.555 9.88318
465.627 9.48919
418.886 9.60472
437.489 9.66059
396.791 9.44738
399.638 9.96336
393.857 9.47539
418.772 9.40599
478.52 9.53857
476.842 9.54028
478.218 9.49595
456.362 10.0474
439.482 9.96729
439.482 9.62256
443.714 9.62523
456.807 9.67832
427.786 9.35185
412.643 9.6332
435.13 9.67418
412.541 9.63923
418.457 9.39275
420 9.63659
444.652 9.27912
441.278 9.53265
444.093 9.6477
366.377 9.70402
409.451 9.74356
447.169 9.39711
433.072 9.64786
364.942 9.95387
337.368 9.66773
334.164 9.72091
363.851 9.59564
390.071 9.65246
395.274 9.70198
383.404 9.38834
376.307 10.0709
366.006 9.68423
377.548 9.5009
361.85 9.66756
362.594 9.5681
383.865 9.30606
373.5 9.3948
389.652 9.42466
421.576 9.13427
407.95 9.74167
431.487 9.51457
439.275 9.47097
478.307 9.7294
457.892 9.48002
419.009 9.47219
368.13 9.24717
368.13 9.70175
357.212 9.53849
363.748 9.37455
373.461 9.74093
358.468 9.631
347.282 9.58571
346.702 9.59767
360.859 9.23626
408.595 9.50862
398.487 9.51512
400.092 9.64614
398.659 9.21149
400.131 9.40996
386.253 9.60921
417.525 9.48914
429.404 9.78268
404.104 9.43744
404.158 9.4386
438.397 9.94553
437.914 9.30527
437.545 9.63498
433.693 9.35718
406.903 9.51162
425.453 9.68167
419.294 9.65987
446.931 9.1389
430.429 9.42403
436.958 9.99681
422.677 9.74769
403.527 9.69392
357.07 9.61029
354.751 9.56759
365.045 9.72797
346.617 9.61547
350.789 9.795
328.345 9.48132
331.462 9.77507
331.462 9.53288
328.987 9.55814
324.324 9.38209
319.817 9.47691
331.682 9.53148
342.513 9.45642
353.487 9.72124
373.446 9.72945
399.427 9.40762
435.223 9.47544
427.894 9.50309
403.942 9.21931
411.277 9.98282
415.964 9.23894
464.973 9.50798
430.18 9.44325
417.87 9.63914
408.314 9.40696
425.679 9.35811
419.578 9.45438
434.032 9.53945
495.518 9.55259
539.04 9.46914
504.774 9.36019
454.196 9.72464
456.75 9.60699
410.23 9.46325
430.513 9.58252
427.531 9.49442
434.913 9.63586
485.928 9.57105
512.132 9.89444
516.645 9.46725
459.811 9.66936
470.952 9.40062
483.835 9.4282
471.148 9.53887
424.973 9.55173
421.858 9.00344
407.503 9.63005
374.786 9.50899
415.312 9.40726
335.585 9.64329
366.869 9.56642
424.584 9.47913
414.879 9.44558
395.719 9.84232
375.646 9.33506
375.139 9.32479
320.258 9.78308
368.225 9.71252
394.842 9.50957
388.929 9.75512
374.023 9.38835
393.709 9.56842
378.901 9.94948
415.777 9.45102
406.324 9.74499
445.514 9.55611
492.697 9.59173
409.807 9.51152
415.289 9.51467
411.307 9.57516
392.917 9.75188
386.884 9.51853
396.18 9.52537
360.84 9.92191
353.973 9.668
388.706 9.436
378.183 9.61199
343.353 9.22089
342.381 9.47374
359.974 9.62053
388.222 9.5702
386.652 9.73913
389.605 9.82551
389.3 9.71034
382.672 9.80356
397.126 9.46306
386.081 9.42309
412.856 9.32811
394.346 9.70538
357.182 9.77919
351.885 9.54447
350.758 9.46692
378.215 9.40886
359.738 9.67639
334.501 9.67156
352.446 9.35283
357.914 8.98809
341.854 9.25612
373.9 9.73761
367.664 9.82322
345.828 9.56519
357.899 9.64515
317.09 9.83776
311.508 9.66888
322.251 9.59629
340.469 9.62831
367.274 9.96253
442.547 9.63563
443.332 9.67137
386.724 9.61434
397.536 9.62326
385.921 9.4933
387.193 9.42816
380.886 9.90691
391.649 9.34746
359.352 9.35324
377.695 9.81795
409.988 9.75195
409.443 9.59726
409.948 9.57618
383.472 9.76773
382.488 9.71559
415.062 9.5594
371.593 9.43404
377.771 9.5866
391.757 9.392
398.241 9.37491
392.407 9.43227
407.918 9.50223
366.562 9.64663
378.352 9.31552
408.024 9.06471
425.919 9.46563
438.389 9.59906
420.261 9.32953
508.119 9.39684
403.435 9.07259
403.569 9.68855
410.051 9.33451
420.882 9.20039
434.53 9.63948
405.417 9.59686
406.234 9.48845
414.667 9.62034
452.639 9.78882
461.404 9.29059
434.894 9.53732
445.233 9.76395
439.894 9.67255
397.83 9.44069
386.891 9.4225
399.758 9.73618
416.427 9.61167
412.763 9.80305
439.348 9.71534
421.831 9.81975
441.212 9.78894
441.61 9.49087
440.023 9.51484
428.809 9.49124
415.188 9.76779
426.476 9.77833
423.932 9.70875
449.031 9.44958
417.152 9.58729
407.011 9.85718
399.975 9.5383
379.492 9.59978
372.085 9.33672
391.707 9.62737
399.086 9.6752
368.688 9.55455
358.959 9.23107
372.105 9.5488
354.868 9.60749
410.182 9.91946
412.618 9.71539
395.805 9.72521
388.459 9.91328
404.026 9.37946
424.313 9.70761
445.662 9.50367
429.646 9.48476
451.472 9.48973
452.579 9.50245
453.161 9.5393
452.419 9.79775
438.719 9.32238
466.688 9.30473
464.317 9.47182
489.055 9.1879
453.846 9.56553
466.119 9.63515
447.55 9.5929
438.556 9.85287
413.52 9.71704
388.661 9.70722
395.67 10.1471
387.651 9.57985
359.955 9.72389
360.921 9.61779
359.293 9.84174
380.298 9.45101
381.394 9.66821
374.765 9.18649
368.339 9.50347
366.549 9.8244
355.38 9.94561
355.38 9.79874
394.896 9.68476
346.833 9.82895
377.791 10.0027
392.078 9.56787
427.832 9.63679
411.522 9.68301
395.993 9.78187
394.665 9.34316
391.204 9.85767
409.025 9.69305
386.227 9.8453
434.428 9.59278
428.574 9.77213
406.099 9.28627
375.777 9.49034
392.224 9.76922
396.794 9.79116
398.882 9.593
429.813 9.753
396.762 9.89598
391.789 9.23926
386.728 9.41755
368.91 9.70512
335.092 9.52182
331.286 9.16696
333.971 9.53401
310.96 9.42489
369.21 9.37578
398.541 9.49432
392.469 9.6685
402.378 9.57374
404.663 9.84337
427.457 9.33822
433.455 9.67877
418.92 9.38751
420.969 9.43606
417.163 9.32073
432.727 9.64508
434.028 9.61144
428.664 9.54872
416.679 9.47709
414.532 9.41131
414.532 9.46309
419.713 9.70813
414.785 9.44662
438.42 9.6786
438.42 9.88296
502.469 9.58581
508.724 10.0168
516.941 9.66174
495.915 9.67716
500.194 9.38282
494.366 9.50251
480.988 9.55572
463.91 9.49017
459.145 9.28078
510.756 9.31186
495.925 9.58359
470.551 9.76908
433.763 9.60536
422.703 9.69541
424.811 9.79401
428.831 9.50188
447.752 9.85277
449.993 9.69044
449.993 9.62716
434.658 9.82293
420.099 9.66899
440.656 9.80341
470.45 9.60779
456.668 9.49918
453.308 9.72603
412.788 10.0237
363.853 9.8083
412.535 9.74642
378.75 9.73358
378.75 9.8297
388.041 9.77868
391.922 9.58037
406.143 9.48821
398.999 9.39516
377.015 9.40464
337.824 9.68674
349.347 9.66067
353.244 9.531
378.683 9.58851
392.976 9.56708
409.363 9.46699
405.478 9.43385
394.733 9.50642
439.428 9.50834
405.167 9.49505
417.069 9.4449
410.139 9.33897
423.935 9.34448
452.516 9.39178
418.679 9.45315
394.214 9.72651
389.237 9.52237
390.497 9.72983
388.058 9.59056
390.168 10.1294
413.078 9.34943
425.316 9.4411
411.112 9.18027
410.141 9.25372
384.699 9.75207
396.611 9.68716
376.863 9.62001
379.402 9.53941
376.727 9.50668
330.287 9.95124
330.287 9.70563
353.687 9.78047
355.587 9.46464
362.942 9.44355
335.367 9.63711
331.009 9.80077
331.009 9.6456
363.314 9.73123
367.63 9.83949
382.538 9.86923
357.344 9.8653
401.001 9.34718
358.557 9.50263
398.236 9.59675
411.844 9.59886
386.778 9.44395
422.652 9.24257
413.108 9.46857
400.821 9.73346
399.674 9.7084
395.802 9.40928
401.527 9.6293
409.559 9.46728
459.82 9.77621
469.704 9.82747
468.727 9.39699
471.961 9.80513
454.174 9.3643
443.484 9.13812
457.841 9.42161
440.311 9.22393
428.237 9.68874
402.223 9.44008
369.638 9.41419
375.791 9.49486
349.43 9.62842
367.818 9.7332
386.912 9.65058
352.887 9.60718
388.884 9.43829
384.594 9.62476
348.282 9.43719
438.047 9.82598
444.273 9.50458
442.661 9.37169
400.06 9.26881
392.184 9.36928
424.532 9.53607
393.775 9.53485
373.122 9.74913
364.05 9.74403
377.278 9.69421
366.277 9.88581
315.79 9.65913
350.991 10.0153
353.012 9.67979
371.545 9.70742
396.191 9.59956
395.346 9.70393
411.009 9.55594
415.996 9.29949
365.582 9.5174
406.417 9.6079
402.808 9.39218
449.316 9.97593
404.505 9.90621
379.527 9.63912
406.52 9.42586
428.379 9.57928
405.455 9.51837
419.852 9.65216
390.979 9.78321
413.271 9.78166
403.573 9.68536
376.909 9.55032
411.215 9.59924
372.256 9.60738
377.106 9.67007
377.106 9.7122
404.843 9.72747
408.817 9.75912
374.804 9.77062
368.87 9.56544
342.732 9.66429
355.737 9.51318
305.727 9.62048
305.727 9.43923
290.809 9.75521
286.392 9.88018
279.77 9.42167
268.336 9.42884
274.241 9.42346
265.201 9.55857
284.83 9.91416
296.74 9.45517
362.179 9.6939
331.482 9.31345
359.091 9.45767
403.288 9.46596
371.3 9.51413
349.083 9.72835
373.646 9.54357
377.062 9.63751
403.837 9.82951
408.373 9.18038
390.089 9.90354
399.381 9.65399
383.622 9.69169
386.054 9.65078
445.856 9.61283
436.563 9.41625
405.329 9.60616
441.046 9.86644
465.212 9.54314
477.652 9.47869
449.667 9.50151
445.302 9.24555
438.48 9.60346
464.621 9.55916
485.505 9.51079
487.419 9.66351
438.436 10.1868
429.119 9.94772
442.52 9.47024
431.633 9.77384
463.545 9.39503
450.77 9.35388
415.906 9.6149
457.503 9.49795
455.705 9.36169
390.578 9.72725
373.968 9.31727
362.304 9.49755
388.505 9.33342
439.104 9.40628
414.93 9.52301
424.228 9.4122
420.452 9.54575
402.541 9.74103
417.157 9.64126
415.977 9.09776
376.227 9.52153
391.62 9.56523
386.35 9.82998
405.403 9.55159
424.992 9.79455
425.125 9.60547
440.991 9.68546
494.248 9.66809
432.005 9.7018
440.376 9.86161
501.341 9.70839
534.333 9.56565
491.482 9.82123
475.185 9.6398
476.435 9.64307
455.478 9.59746
437.291 9.56619
467.673 10.2014
493.609 9.4772
468.421 9.91546
497.886 9.41401
493.595 9.75882
510.642 9.38295
492.556 9.833
481.562 9.44558
430.635 9.92526
447.87 9.23299
424.052 9.62121
464.446 9.64619
457.086 9.3614
448.732 9.38631
424.211 9.49615
420.635 9.53405
389.187 9.53812
387.022 9.63829
373.972 9.50993
395.87 9.8049
442.557 9.27176
434.112 10.0593
418.181 9.99076
431.434 9.14778
428.951 9.55912
412.511 9.4324
434.728 9.85265
405.122 9.44069
384.061 9.40781
360.198 9.67924
346.512 9.59782
328.371 9.72468
366.299 9.50969
412.567 9.31829
372.409 9.22171
416.231 9.75315
463.427 9.67649
440.632 9.67349
459.312 9.62973
396.769 9.28224
373.405 9.61973
409.659 9.10218
437.946 9.76913
430.948 9.52923
419.401 9.47888
417.294 9.56296
402.623 9.67548
409.848 9.47694
403.316 9.54416
401.193 9.29465
493.636 9.40735
454.123 9.63009
425.585 9.74005
430.006 9.45645
407.591 9.59373
404.899 9.4556
411.914 9.8824
418.907 9.4948
420.566 9.72627
372.342 9.41563
423.193 9.59323
411.615 9.53491
427.354 9.29498
425.779 9.86091
389.001 9.86923
406.894 9.8155
430.133 9.82173
429.047 9.51602
454.257 9.43068
395.392 9.45102
419.199 9.35818
406.574 9.34897
428.752 9.41178
481.54 9.67457
514.855 9.78679
429.551 9.49346
472.967 9.80322
456.051 9.60853
435.603 9.79112
439.353 9.51581
446.844 9.53945
406.043 9.43207
399.343 9.48658
382.222 9.17207
353.421 9.24921
360.364 9.48469
398.711 9.29851
441.569 9.33136
478.44 9.85659
481.88 9.76799
425.242 9.65071
452.383 9.4174
395.258 9.58702
418.667 9.37717
372.454 9.36363
399.624 9.35042
420.428 9.40518
446.118 9.2803
447.882 9.59333
438.143 9.56889
436.344 9.23545
442.742 9.69964
439.129 9.73886
441.617 9.59881
421.881 9.83495
403.336 9.4904
385.452 9.28282
390.127 9.08066
401.979 9.74346
396.462 10.1083
386.287 9.78166
408.187 9.76759
400.78 9.27811
404.908 9.80964
411.28 9.46492
403.066 9.26928
361.64 10.0023
360.882 9.53584
305.357 9.47216
318.777 9.39746
350.476 9.65179
331.764 9.89459
359.862 9.78778
399.539 9.57389
372.408 9.25356
417.415 9.33108
415.979 9.5756
458.888 10.0575
455.287 9.87744
488.311 9.74903
468.447 9.50308
443.952 9.63816
456.24 9.95497
436.291 9.48821
438.474 9.48821
372.15 9.52325
371.155 9.6626
379.333 9.92188
404.699 9.63182
434.637 9.73671
446.137 9.86553
439.709 9.44897
424.239 9.65185
416.784 9.91709
414.02 9.88541
386.572 9.32056
380.448 9.31981
382.564 9.59347
397.528 9.82219
390.124 9.90584
422.988 9.37224
404.763 9.50432
385.614 9.28919
392.295 9.6179
431.549 9.63619
375.191 9.68479
382.635 9.84902
395.725 9.73289
382.743 9.43117
434.333 9.50681
443 9.57454
473.905 9.81718
434.161 9.94443
445.398 9.7414
459.378 9.34896
481.205 9.53003
452.254 9.91158
461.791 10.0634
386.579 9.43633
434.039 9.90424
437.239 9.5778
383.817 9.47686
391.175 9.45864
426.338 9.69955
418.929 9.49718
402.813 9.59086
369.049 9.61641
399.436 9.665
385.306 9.33906
378.956 10.0265
351.844 9.90769
302.941 9.82984
271.364 9.74993
287.793 9.63163
337.027 9.43743
408.288 9.44973
407.771 9.65762
404.909 9.34721
433.979 9.33518
415.393 9.49809
380.388 9.52486
353.599 9.77812
307.833 9.62995
339.61 9.80007
333.623 9.49085
328.269 9.98822
315.097 9.41828
332.101 9.46123
332.101 9.8064
346.234 9.60487
356.739 9.56926
455.941 9.58434
443.743 9.48473
403.314 9.57779
395.765 9.58663
396.778 9.83545
423.084 9.40792
383.992 9.3237
358.296 9.52713
407.377 9.53049
459.861 9.5727
507.566 9.59556
496.44 9.57386
496.44 9.42595
487.463 9.51638
504.343 9.71416
479.629 9.84165
480.337 9.60815
475.171 9.88125
446.745 9.72374
451.59 9.99367
480.504 9.50518
487.378 9.63893
541.385 9.47538
536.03 9.54851
515.473 10.1238
455.689 9.49667
427.363 9.26244
482.802 9.78135
470.069 9.63655
473.39 10.0106
415.636 9.84487
488.747 9.27422
478.071 9.83363
460.602 9.49837
460.138 9.48692
435.289 9.50366
418.621 9.48867
446.095 9.49349
445.005 9.49308
432.692 9.49276
404.671 9.92971
428.156 9.58779
442.211 9.57254
434.977 9.33299
374.24 9.57202
431.276 9.51292
461.24 9.32312
466.55 9.7102
435.236 9.47808
428.551 9.44166
477.218 9.50091
481.68 9.53478
472.335 9.62182
444.478 9.73125
444.238 9.59943
447.228 9.62426
437.954 9.74716
466.944 9.59607
456.709 9.77298
485.69 9.82271
508.647 9.52182
487.537 9.44693
428.402 9.55439
452.67 9.65396
432.978 9.53086
462.563 9.24904
483.785 9.56346
401.188 9.1802
399.363 9.28727
412.319 9.83084
455.897 9.2721
442.85 9.63962
423.396 9.67574
409.402 9.72798
427.933 9.68226
434.52 9.77251
416.41 9.66488
392.561 9.62468
408.04 9.60586
436.171 9.76347
401.078 9.54975
478.5 9.59601
434.107 9.50506
413.216 9.50079
405.664 9.67302
396.739 9.90656
390.075 9.71157
442.93 9.629
466.675 9.41561
446.123 9.66285
451.18 9.79959
435.434 9.77443
450.616 9.79396
438.551 9.49473
411.18 9.52828
428.521 9.74495
452.476 9.33051
403.108 10.0094
398.865 9.56066
417.705 9.59784
463.666 9.62002
458.502 9.53913
475.916 9.36496
472.125 9.63205
502.304 9.72105
493.991 9.78184
434.698 9.88163
398.218 9.68147
391.86 9.69087
402.268 9.32929
429.727 9.37032
388.504 9.48722
396.663 9.36649
382.917 9.67335
398.421 10.0273
449.089 9.55208
414.981 9.56141
396.681 9.80919
421.028 9.97447
416.158 9.6571
462.276 9.51825
513.866 9.52035
521.956 9.51352
512.593 9.25379
512.593 9.74692
483.878 9.51152
483.878 9.25816
523.296 9.38604
523.296 9.40372
475.732 9.57254
450.74 9.52368
443.155 9.55418
453.731 9.46311
476.088 9.78494
465.554 9.506
432.826 9.80919
438.978 9.64138
442.55 9.63598
415.254 9.63672
402.533 9.65137
416.547 9.57333
417.263 9.85958
456.593 9.65757
485.898 9.65773
518.268 9.53164
503.117 9.57019
479.814 9.63939
455.615 9.20125
447.895 9.35981
428.429 9.22297
416.813 9.36286
400.226 9.70534
359.311 9.36887
380.435 9.52424
355.037 9.73209
296.26 9.64564
314.419 10.1373
326.787 9.76386
323.426 9.43845
330.183 9.53085
355.211 9.40628
377.657 9.66175
348.02 9.44021
355.928 9.80836
363.034 9.36441
370.506 9.68361
387.811 9.60323
393.522 9.48034
390.544 9.51919
406.493 9.54835
380.313 9.4996
411.366 9.74644
481.162 9.33006
497.267 9.81074
493.31 9.60257
406.008 9.49933
417.799 9.69439
420.516 9.68103
406.4 9.62094
439.133 9.71123
457.11 9.73296
463.523 9.46688
450.281 9.48221
447.039 9.7794
433.429 9.34516
439.45 9.36534
386.786 9.75115
383.238 9.59736
373.016 9.48683
355.348 9.11846
325.543 9.21909
332.152 9.51924
358.209 9.28733
366.527 9.28536
366.388 9.73368
365.96 9.8267
365.96 9.66306
408.945 9.51037
409.804 9.72154
388.73 9.78317
388.942 9.7873
402.861 9.71819
400.835 9.35871
447.592 9.6142
416.984 9.94969
395.14 9.64236
373.153 9.68621
377.631 9.16026
348.542 9.88935
363.062 9.6968
406.693 9.31777
412.387 9.53129
446.058 9.46069
442.834 9.57074
439.307 9.48066
451.957 9.77502
429.462 9.60122
428.754 9.47155
412.512 9.44842
385.1 9.14862
408.201 9.31971
405.243 9.38948
379.462 9.00142
389.991 9.47282
394.522 9.43127
436.885 9.58629
459.353 9.44157
445.26 9.40561
409.609 9.46714
445.399 9.74081
423.693 9.88402
512.581 9.65223
512.581 9.746
471.674 9.84227
459.02 9.73524
448.47 9.28533
452.752 9.56372
433.552 9.52932
456.914 9.425
453.961 9.39479
457.316 9.45481
435.927 9.52676
412.318 9.3882
408.895 9.69234
407.595 9.70821
471.985 9.37213
439.554 9.71722
483.788 9.71379
445.921 9.5203
426.405 9.84301
394.418 9.51753
400.793 9.56101
427.801 9.90376
427.801 9.85729
459.931 9.53086
449.083 9.73853
446.353 9.77642
406.506 9.39594
410.384 9.59893
457.766 9.67167
431.138 9.55938
369.173 9.51259
381.821 9.97707
408.002 9.94945
445.071 9.1829
479.271 9.46494
481.768 9.21746
469.231 9.51712
460.634 9.67554
506.313 9.6037
478.697 9.49506
483.407 9.77842
413.302 9.3445
417.248 9.76985
409.902 9.37577
360.579 9.72559
344.647 9.73722
368.154 9.77125
365.483 9.64405
357.578 9.69233
399.892 9.61368
429.848 9.51564
419.813 9.15079
449.977 9.60892
447.246 9.61043
472.768 9.18553
428.984 9.6099
418.427 9.89524
407.925 9.32012
434.976 9.48578
419.322 9.33057
392.636 9.2717
390.558 9.40405
404.02 9.46357
385.802 9.4555
368.252 9.72976
364.304 9.5593
400.947 9.40826
448.834 9.47395
417.806 9.578
403.449 9.55275
373.246 9.48277
400.915 9.51498
400.461 9.75906
390.187 9.31348
360.752 9.64964
349.071 9.65774
351.534 9.5116
399.883 9.47985
330.245 9.7844
322.677 9.74598
386.488 9.6643
416.78 9.66803
404.889 9.64101
395.881 9.59039
399.39 9.72776
397.071 9.84648
409.395 9.77364
400.475 9.46633
375.382 9.46057
367.42 9.462
367.697 9.46841
374.335 9.38953
405.317 9.618
412.631 9.15435
416.844 9.33697
422.477 9.3053
439.168 9.68407
498.476 9.49634
468.054 9.47367
448.367 9.55225
398.311 9.52987
450.085 9.38025
452.376 9.39524
434.676 9.39614
442.084 9.3724
417.424 9.4168
410.999 9.40429
401.385 9.41733
384.817 9.42651
369.046 9.40101
400.18 10.0916
368.157 9.79158
417.401 9.62614
403.509 9.85918
398.747 9.87167
386.576 9.44488
402.961 9.77273
416.822 9.87841
419.63 9.7049
422.667 9.89496
464.421 9.48242
411.909 9.75014
361.777 9.76174
347.04 9.33261
371.105 9.17519
408.77 9.66845
415.501 9.78639
439.948 9.91525
448.772 9.71486
437.667 9.66815
428.105 9.21721
451.87 9.40806
477.044 9.68628
454.93 9.55996
452.698 9.61674
423.52 9.70008
389.159 9.35608
390.467 9.66565
401.529 9.46406
398.65 9.21586
403.522 9.56722
382.152 9.43692
365.977 9.43064
382.469 9.40562
361.267 9.35115
364.915 9.63395
335.995 9.23577
335.995 9.65103
313.487 9.78309
313.487 9.5937
318.497 9.41261
343.16 9.81904
388.453 10.2972
420.661 9.42982
404.678 9.44041
381.342 9.3761
414.313 9.21094
415.229 9.39468
467.727 9.27365
465.06 9.83945
444.208 9.40385
450.554 9.33237
409.137 9.62607
408.047 9.28088
411.703 9.3401
404.47 9.71278
392.481 9.4878
418.866 9.41498
440.786 9.24082
402.892 9.32439
415.853 9.83756
416.731 9.77489
408.127 9.38019
372.688 9.65266
406.088 9.67517
446.238 9.994
423.841 9.76364
373.127 9.35642
373.127 9.90891
373.127 9.88143
443.017 9.51917
450.818 9.56435
385.34 9.74587
391.34 9.40983
423.003 9.47322
385.551 9.55659
405.673 9.47534
400.894 9.79028
397.104 9.37551
429.947 9.41785
443.855 9.20089
435.019 9.41949
437.628 9.53573
467.109 9.54221
426.63 9.26308
414.414 9.71759
444.976 9.67283
477.452 9.61239
461.764 9.60619
449.548 9.71318
407.081 9.80491
388.947 9.64918
382.045 9.7406
421.94 9.43055
383.95 9.81393
369.125 9.76059
416.971 9.76202
418.927 9.761
426.873 9.55242
411.443 9.67775
434.165 9.57976
412.863 9.61511
427.226 9.67185
466.812 9.57825
466.867 9.73969
465.673 9.21402
472.176 9.6239
496.152 9.30412
462.758 9.35072
470.605 9.30358
507.126 9.26682
435.097 9.68708
470.353 9.50653
460.334 9.5976
474.352 9.62729
438.898 9.45401
424.247 9.44452
412.377 9.09031
432.638 9.38778
428.806 9.30499
403.592 9.39062
411.194 9.33157
442.995 9.53726
414.189 9.5432
388.769 9.4413
390.618 9.63877
389.235 9.37979
416.456 9.84228
416.242 9.30714
419.517 9.39786
405.378 9.80523
371.681 9.53529
416.449 9.59417
393.892 9.46073
434.017 9.52066
422.342 9.63145
406.691 9.77698
384.789 9.45169
386.765 9.71118
356.243 9.70919
349.27 9.66627
345.089 9.68867
312.654 9.68566
358.321 9.47858
338.671 9.2699
342.733 9.66144
328.173 9.80763
376.093 9.66406
409.472 9.46887
404.792 9.5912
400.12 9.87816
398.184 9.60427
402.239 9.49957
392.625 9.48246
376.015 9.5847
411.403 9.46527
445.762 9.53113
394.151 9.32073
378.914 9.68163
373.441 9.64943
390.425 9.51697
403.542 9.74817
376.578 9.78955
378.91 9.6297
423.007 9.473
423.033 10.0061
432.507 9.45869
435.171 9.89115
411.973 10.0073
375.929 9.9492
406.538 9.73806
414.212 9.54679
407.138 9.50398
420.615 9.81816
437.393 9.7204
401.46 9.46581
426.54 9.54481
467.224 9.49805
466.176 9.47465
461.402 9.6705
462.7 9.30587
387.599 9.59862
388.612 9.51341
362.412 9.72528
430.841 9.58782
395.456 9.68114
413.846 9.40833
416.799 9.52636
399.56 9.51699
406.787 9.62824
402.641 9.57653
397.613 9.76711
419.764 9.07568
419.764 9.98277
426.937 9.94786
441.131 9.59797
428.654 9.48843
441.993 9.66815
392.288 9.77614
371.189 9.82971
375.419 9.78412
405.535 9.59589
363.018 9.69186
379.303 9.36967
416.43 9.91282
406.432 9.53341
392.422 9.45225
396.194 9.68088
409.434 9.70148
390.935 9.45143
391.957 9.59694
391.957 9.49052
428.502 9.56639
419.955 9.43498
423.625 9.53399
445.138 9.49341
440.846 9.40486
427.7 9.48801
425.317 9.82856
443.122 9.61515
451.684 9.69757
431.899 9.43446
470.882 9.51986
460.164 9.67563
460.758 9.61392
417.839 9.76467
415.575 9.49251
438.812 9.57131
456.837 9.86321
505.121 9.33818
505.121 9.45529
481.441 9.64284
466.459 9.43409
480.379 9.77638
483.52 9.28762
404.645 9.33047
385.742 9.63265
373.519 9.67869
366.333 9.61086
369.173 9.67897
364.722 9.51309
361.021 9.44319
364.094 9.20209
440.936 9.68868
398.708 9.64558
446.821 9.31179
427.723 9.22379
395.284 9.75122
396.437 9.66622
411.473 9.53053
415.709 9.56097
459.364 9.49055
450.008 9.44913
428.959 9.66628
413.663 9.6268
420.571 9.60171
418.676 9.59629
414.136 9.61353
425.949 9.54291
469.871 9.61903
457.157 9.87031
454.629 9.7281
459.906 9.62601
454.544 9.60954
458.707 9.61721
420.441 9.73848
400.517 9.80588
392.067 9.44117
440.581 9.78102
453.906 9.67515
406.399 9.59836
407.488 9.59666
360.947 9.60004
375.943 9.77566
352.271 9.66876
351.208 9.67716
363.429 9.74312
352.709 9.8706
374.708 9.53145
363.408 9.56842
363.395 9.75145
363.95 9.93175
357.857 9.7021
352.499 9.69728
373.27 9.70998
394.098 9.76025
371.886 9.71423
406.823 9.74659
462.214 9.60512
455.549 9.49552
467.915 9.7737
453.787 9.41177
465.158 9.74602
437.557 9.13236
376.024 9.60419
366.658 9.58712
392.881 9.59096
373.055 9.7598
373.873 9.31473
382.995 9.7638
359.014 9.22899
352.397 9.46929
343.497 9.34953
327.429 9.44792
398.328 9.81671
365.617 9.80993
383.889 9.32778
362.875 9.72089
366.041 9.49037
382.571 9.61405
383.723 9.373
449.185 9.37103
462.331 9.16077
451.193 9.56301
476.04 9.60048
463.817 9.52722
457.783 9.67222
397.933 9.45681
375.404 9.81604
374.58 9.25058
374.58 9.47768
382.832 9.81937
424.949 9.85666
399.983 9.70326
407.737 9.80491
362.056 9.68613
355.809 9.63996
403.952 10.2079
408.53 9.65389
361.211 9.55262
390.079 9.68135
424.179 9.75212
363.016 9.71581
414.357 9.51366
395.445 9.65339
384.657 9.89667
423.923 9.79219
396.464 9.82615
399.641 9.67314
406.066 9.2291
424.866 9.35396
408.498 9.49162
406.658 9.55774
386.63 9.78133
421.146 9.83816
410.785 9.49723
385.798 9.88194
362.476 9.7251
379.312 9.66162
363.99 9.4575
367.716 9.52243
334.65 9.36787
319.576 9.5729
333.842 9.23381
367.25 9.11184
374.348 9.14596
371.587 9.36586
359.668 9.56904
372.062 9.64688
359.729 9.4546
357.303 9.53745
382.058 9.48731
382.509 9.56898
396.439 9.37419
384.322 9.35235
364.19 9.60393
405.543 9.46771
386.348 9.62358
355.886 9.43922
364.898 9.42697
392.107 9.47731
405.179 9.50841
393.777 9.76151
446.27 9.94301
405.132 9.83998
447.513 9.61964
402.292 9.86119
431.588 9.96113
375.724 9.92233
383.769 9.64475
394.251 9.60405
386.282 9.32137
386.188 9.63758
378.546 9.82737
404.284 9.7826
414.841 9.67975
385.45 9.30131
422.989 9.31939
435.404 9.33073
452.018 9.34062
470.995 9.52932
464.884 9.62126
460.152 9.59896
453.436 9.69224
459.959 9.61126
517.399 9.60851
507.743 9.38451
491.406 10.06
464.894 9.96486
398.453 9.49521
381.04 9.59116
342.825 9.40957
376.998 9.06944
390.141 9.77878
400.791 9.61759
410.707 9.29457
434.798 9.7082
409.569 9.542
401.303 9.85562
371.571 9.99093
359.435 9.95147
355.537 9.51264
360.523 9.56843
384.791 9.54062
372.083 9.66229
364.16 9.77935
328.803 9.68393
365.716 9.18815
380.164 9.97684
413.958 9.5018
376.503 9.64188
358.892 9.54609
376.387 9.47495
385.107 9.25456
409.553 9.73301
409.798 9.83293
410.242 9.6877
409.236 9.42909
381.1 9.67072
409.881 9.64011
413.578 9.23381
414.5 9.59633
408.379 9.2488
419.695 9.04331
417.567 10.1169
423.782 9.67762
397.781 9.28504
371.591 9.4263
429.818 9.61347
439.273 9.66381
475.453 9.7155
475.453 9.66615
484.67 9.44936
473.524 9.58375
497.042 9.6648
448.968 9.56366
420.936 9.34293
455.865 9.51319
447.239 9.78379
427.326 9.77359
399.56 9.62945
427.932 9.55996
389.833 9.48359
463.99 9.77303
413.437 8.99135
437.555 9.55786
419.821 9.38193
402.094 9.34586
423.777 9.42284
395.158 9.41126
387.06 9.52348
448.724 9.55236
473.764 9.68562
488.032 9.40962
498.494 9.64803
419.671 9.68617
430.326 9.69498
456.531 9.79433
443.172 9.49564
478.624 10.0379
434.95 9.73164
392.547 9.569
400.361 9.56065
400.656 9.60985
395.901 9.48557
387.431 9.46432
423.785 9.31941
356.577 9.58544
354.982 9.27709
366.389 9.44307
396.969 9.61018
414.659 9.56737
421.019 9.74748
417.656 9.6384
392.521 9.62148
393.134 9.3593
391.568 9.54481
394.132 9.47156
390.89 9.43382
375.54 9.40651
392.128 9.80815
370.843 9.56221
351.13 9.75136
374.164 9.82015
389.06 9.48735
363.738 9.4623
396.134 9.52435
408.796 9.69494
427.906 9.67267
424.579 9.63716
424.46 9.53196
420.205 9.27197
446.482 9.57722
434.343 9.37423
388.95 9.14918
385.958 9.78729
384.647 9.71812
422.209 9.67239
417.34 9.70066
379.586 9.56779
415.795 9.50398
432.913 9.51414
424.213 9.34276
401.904 9.48166
401.904 9.51797
409.142 9.48508
400.497 9.45583
383.632 9.39851
405.836 9.40673
396.444 9.41803
320.66 9.90125
320.66 9.87384
350.891 10.0233
379.573 9.97958
385.818 9.56245
379.657 9.95336
384.916 9.34536
436.91 9.40283
436.65 9.5309
443.22 9.56507
426 9.65122
451.941 9.56575
457.6 9.48851
477.444 9.52783
474.35 9.40737
414.735 9.5581
422.575 9.63837
416.775 9.43815
369.422 9.61497
372 9.69437
362.221 9.53087
362.32 9.48823
351.26 9.79355
350.052 9.8404
373.698 9.5532
406.737 9.66307
356.607 9.44145
393.252 9.68249
395.029 9.6462
434.318 9.64886
460.622 9.24517
422.598 9.52947
433.189 9.7867
400.961 9.61025
429.108 9.51421
498.942 9.77485
528.989 9.80521
453.042 9.75063
449.115 9.72539
448.002 9.60482
464.056 9.55949
449.716 9.36252
457.597 9.48887
470.705 9.61033
393.551 9.90835
402.57 9.77702
419.279 9.66266
447.906 9.62322
461.322 9.33539
477.009 9.33274
479.245 9.2907
485.866 9.62093
468.136 9.50699
426.393 9.73941
425.556 9.74401
429.499 9.74398
440.158 9.49116
436.281 9.20202
391.006 9.30959
370.188 9.77363
357.658 9.84893
405.965 9.7293
407.26 9.82798
394.345 9.84836
396.259 9.46969
385.716 9.4348
415.458 9.60011
424.825 9.69606
417.141 9.33377
401.102 9.45645
398.436 9.62572
398.86 9.62782
414.467 9.36513
365.412 9.37054
406.964 9.56607
369.536 9.91382
370.347 10.0082
392.196 9.33343
424.432 9.76142
409.195 9.53725
412.932 9.48071
444.332 9.35053
468.259 9.44094
464.76 9.65412
473.273 9.74775
448.145 9.47747
458.099 9.65792
451.2 9.57761
430.251 9.40648
447.663 9.21001
413.991 9.41533
380.165 9.12238
374.23 9.25675
388.451 9.31911
377.289 9.26917
414.143 9.78868
399.729 9.38682
434.26 9.54111
453.045 9.75138
446.838 9.61942
441.355 9.62776
424.294 9.40729
413.474 9.82994
453.374 9.82014
427.712 9.68658
400.363 9.60564
427.29 9.75858
487.264 9.73362
561.471 9.68213
478.545 9.45325
448.532 9.05278
448.532 9.75962
471.322 9.85545
461.406 9.60768
441.608 9.49524
447.401 9.37286
410.103 9.82805
432.191 9.52577
420.006 9.6317
439.415 9.46824
441.873 9.67077
424.66 9.52558
459.478 9.80156
511.864 9.73394
464.951 9.50445
442.926 9.51149
449.522 9.39371
434.703 9.50615
429.114 9.85581
417.878 9.7076
443.962 9.7194
442.079 9.54686
374.083 9.5118
400.283 9.80284
414.226 9.6556
421.036 9.21764
430.433 9.44672
412.876 9.14727
406.956 9.41188
406.744 9.58912
411.528 9.80001
436.87 9.71566
458.577 9.82553
462.282 9.37508
458.252 9.48278
455.851 9.6448
436.508 9.44992
491.861 9.62468
427.104 9.91397
408.436 9.65805
408.381 9.4544
405.667 9.76884
409.34 9.28928
394.682 9.56917
408.124 9.60215
385.827 9.73567
405.648 9.87896
441.914 9.56773
435.974 9.68939
471.465 9.77154
436.423 9.51828
439.499 9.91597
445.878 9.65203
456.351 9.73594
452.077 9.62039
474.742 9.61305
443.179 9.54132
447.607 9.86855
457.103 10.0091
489.49 9.80931
462.442 9.33376
450.316 9.83824
418.933 9.91454
433.235 10.0647
423.561 9.43637
406.037 9.80156
403.923 9.75229
394.282 9.82172
414.033 9.51122
438.694 9.52717
444.8 9.66415
438.024 9.70449
499.802 9.52046
474.533 9.34799
479.838 10.0195
442.82 9.72553
424.761 9.78934
411.315 9.763
407.598 9.54512
338.428 9.69285
337.82 9.61072
349.576 9.808
386.676 9.7891
387.6 9.40469
404.612 9.56958
425.301 9.66537
440.389 9.33958
386.488 9.48615
383.574 9.78969
382.767 9.44587
373.935 9.79346
383.429 9.26322
413.782 9.6054
352.957 9.72627
376.178 9.63581
354.988 9.88201
371.826 9.33006
364.935 9.49462
390.014 9.41092
429.455 9.41971
429.346 9.54013
381.51 9.58458
421.802 9.787
416.52 9.35167
405.118 9.71005
407.987 9.50005
394.983 9.59962
385.99 9.61214
400.284 9.54639
406.989 9.7359
381.441 9.36744
496.239 9.35149
460.414 9.52794
504.157 9.97784
444.912 9.63086
414.671 9.6627
410.376 9.68668
403.25 9.28032
389.492 9.69059
398.457 9.77556
410.965 9.45238
427.809 9.6471
426.579 9.76995
397.06 9.78953
392.375 9.77073
418.868 9.58891
396.488 9.79914
374.746 9.69309
372.896 9.66102
354.501 9.44152
398.359 9.37779
317.601 9.37578
317.601 9.29251
367.588 9.51463
326.648 9.73857
326.648 9.46699
342.311 9.56754
360.293 9.23834
362.536 9.49154
391.536 9.32246
390.098 9.42053
385.713 9.50372
408.56 9.55948
392.845 9.53724
392.547 9.7619
388.558 9.58452
421.768 9.90622
399.771 9.62809
435.406 9.63027
444.011 9.57255
437.102 9.82761
449.796 9.39194
445.475 9.86712
413.489 9.86351
424.994 9.61877
420.273 9.77341
407.768 9.43528
399.377 9.64766
441.894 9.42608
438.839 9.81473
398.455 9.80961
386.036 9.60482
382.971 9.56971
367.048 9.67151
392.149 9.86703
388.418 9.49514
391.661 9.42601
400.254 9.6292
433.941 9.63253
420.57 9.90641
403.823 9.92527
395.927 9.63276
375.897 9.4425
392.481 9.96172
388.238 9.53327
390.738 9.84521
394.52 9.92083
401.049 9.68315
424.957 9.23831
405.798 9.58649
384.235 9.65811
386.639 9.80405
378.739 9.46711
380.734 9.53774
350.889 9.36166
376.011 9.46907
363.017 9.36388
390.681 9.08578
397.105 9.32467
396.49 9.54647
395.08 9.35223
403.445 9.62216
403.518 9.49047
404.024 9.60052
402.823 9.4629
402.303 9.42345
445.013 9.33384
465.517 9.42068
485.556 9.3647
610.939 9.41618
484.686 9.40156
459.739 9.34504
463.978 9.50832
415.478 9.62667
420.265 9.96075
462.925 9.45877
412.222 9.5664
392.278 10.0953
403.993 9.42603
380.145 9.78694
411.515 9.70264
414.034 9.58324
404.07 9.13427
385.382 9.37665
397.206 9.69933
376.191 9.82588
396.434 9.7469
402.882 9.51963
439.149 9.5638
430.001 9.49771
433.973 9.69849
427.525 9.5578
427.179 9.69687
449.211 9.47324
436.667 9.56573
495.055 9.52756
503.242 9.55204
438.137 9.65372
409.232 9.79471
441.794 9.96408
428.746 9.38158
377.879 9.83875
359.46 9.55504
357.965 9.52528
321.64 9.45982
367.287 9.25495
371.811 9.31012
365.402 9.57715
370.674 9.7523
388.43 9.35055
413.452 9.59446
412.576 10.0715
413.877 9.74085
393.625 9.76664
366.626 9.43174
386.455 9.70466
355.675 9.80232
375.188 9.40984
397.879 9.5984
383.004 9.72362
391.299 9.7617
394.182 9.93659
400.218 9.83161
411.303 9.86379
409.335 9.98575
405.396 9.62885
417.394 9.24803
420.185 9.48869
399.228 9.51182
404.15 10.1466
426.835 9.71883
420.323 9.56608
390.394 9.49104
434.889 9.56212
399.902 9.66197
458.917 9.73778
457.801 9.78748
459.657 9.75874
469.664 9.59723
481.616 9.64352
509.69 9.70474
490.156 9.5484
502.936 9.42234
502.936 9.54417
457.549 9.60104
384.766 9.55583
360.428 9.574
375.121 9.24276
362.054 9.32479
358.695 9.61251
367.751 9.49869
381.429 9.41892
376.035 9.76497
351.295 9.79199
393.21 9.60651
376.898 9.85648
337.905 9.41582
391.51 9.47466
403.807 9.59824
396.749 9.63398
383.956 9.01998
422.473 9.60694
465.836 9.39935
422.091 9.75422
398.429 9.22612
431.474 9.2986
445.927 9.95335
408.048 9.65907
444.787 9.62713
441.406 9.58434
443.695 9.6103
427.485 9.47368
475.031 9.31914
463.281 9.70023
435.484 9.61463
419.919 9.78479
412.359 9.68782
469.784 9.48273
439.534 9.88572
432.453 9.56782
411.588 9.29507
473.118 9.67208
480.156 9.9906
480.156 9.72541
478.607 9.56623
456.197 9.53294
434.013 9.53132
426.347 9.54328
472.674 9.59049
412.326 9.69563
397.989 9.33582
424.764 9.39248
393.749 9.13365
388.848 9.36162
374.325 9.45203
375.909 9.73774
372.841 9.64109
386.058 9.64257
383.434 9.73948
373.42 9.54453
383.093 9.501
374.925 9.5864
411.888 9.75406
477.317 9.67088
472.959 9.30004
464.993 9.63846
438.928 9.813
434.692 9.32945
439.911 9.4953
415.352 9.71357
417.327 9.67738
383.464 9.54188
388.802 9.66039
377.165 9.72536
390.811 9.51532
397.052 9.36269
403.014 9.81631
410.925 9.67868
386.576 9.54274
405.68 9.55344
395.961 9.7353
420.977 9.4464
422.708 9.37888
422.644 9.37333
428.147 9.23684
435.714 9.20537
402.167 9.56092
429.277 9.61093
375.803 9.0996
400.972 9.50647
397.024 9.52718
417.615 9.30413
466.051 9.99301
438.196 9.34104
431.277 9.41563
431.277 9.52567
431.277 9.90224
488.49 9.42964
449.926 9.34172
397.728 9.65546
405.523 9.35105
368.82 9.40567
368.82 9.41494
355.335 9.91423
355.734 9.44354
376.396 9.44762
412.482 9.60289
415.898 9.47143
386.108 9.52922
407.953 9.34954
418.692 9.57581
414.337 9.06756
415.696 9.20393
385.961 9.58662
378.727 9.56702
378.296 9.59657
455.624 9.46563
428.648 9.68183
471.704 9.38719
437.79 9.39674
395.485 9.50807
403.406 9.55301
414.676 9.37117
412.038 9.65208
395.424 9.46614
404.541 9.48256
378.881 9.66726
377.287 9.57341
418.816 10.0551
397.449 9.61083
394.179 10.0733
416.217 10.0292
391.744 9.67222
404.195 9.78819
435.889 9.54762
393.272 9.40028
380.298 9.29059
346.681 9.50446
323.884 9.15542
305.788 9.38708
319.372 9.95684
319.334 9.69606
306.072 9.23848
294.561 9.48584
313.252 9.74195
298.824 9.87555
319.251 9.48693
295.216 9.38308
326.491 9.41197
326.491 9.54351
325.035 9.62692
348.354 9.13139
331.486 9.49515
335.194 9.83365
371.006 9.82286
366.734 9.67999
374.651 9.55965
404.006 9.59271
382.414 9.53232
403.359 9.51788
374.489 9.66364
412.602 9.61617
364.836 9.40263
364.836 9.67994
311.373 9.52821
268.983 9.41886
268.983 9.66353
294.682 9.35819
288.303 9.61192
272.721 9.54176
301.892 9.75456
310.984 9.26511
310.984 9.43461
333.706 9.32724
395.642 9.37473
423.232 9.49775
425.791 9.71835
413.079 9.26952
428.133 9.16505
400.476 9.46835
388.688 9.5238
392.515 9.59807
409.495 9.50383
406.148 9.44084
390.054 9.30151
388.671 9.38512
403.137 9.54291
435.885 9.76886
463.557 9.48673
464.895 9.49881
476.711 9.48958
510.656 9.66353
469.241 9.8383
416.296 9.89515
412.847 9.73762
409.41 8.96056
426.064 9.43112
365.035 9.49559
344.538 9.49085
365.897 9.59776
355.615 9.69199
360.376 9.42937
347.609 9.44607
392.757 9.63051
302.923 9.62928
329.077 9.25167
351.741 9.51172
355.221 9.93992
322.478 9.71474
322.478 9.75641
357.674 9.85544
315.314 9.98987
364.853 9.3484
364.853 9.58217
321.147 9.7516
366.456 9.79898
383.842 9.67366
396.272 9.92424
443.327 9.42304
431.539 9.44806
395.394 9.85165
365.903 9.69044
366.378 9.78719
386.133 9.51785
418.43 9.46159
410.577 9.5104
411.841 9.59462
444.765 9.44442
411.868 9.91451
400.604 9.76318
389.914 9.77013
424.692 9.71167
441.968 9.91665
451.343 9.47253
459.15 9.28558
442.409 9.48596
431.377 9.52234
470.537 9.6386
435.609 9.46934
454.014 9.47993
398.246 9.44334
397.215 9.41798
396.311 9.78056
416.461 9.6876
390.713 9.76671
393.612 9.45828
374.398 9.57899
380.292 9.61751
410.607 9.35173
419.145 9.4389
408.154 9.32753
492.932 9.71889
508.285 9.66463
508.285 9.42919
491.655 9.72491
476.5 9.72043
454.638 9.80976
459.038 9.83212
402.924 9.90186
433.163 9.36284
420.192 9.81905
413.987 9.33024
424.348 9.81837
398.382 9.2574
443.118 9.13811
433.688 9.9277
394.962 9.32041
385.205 9.40509
386.033 9.32993
402.31 9.55573
401.251 9.87833
404.856 10.0112
360.471 9.72362
388.374 9.88737
391.995 9.79835
389.449 9.48166
400.458 9.74508
422.667 9.71282
365.34 9.90182
367.422 9.53216
367.595 9.41216
350.375 9.7035
365.479 9.40667
362.707 9.25087
346.166 9.65093
337.388 9.72636
387.118 9.65936
403.595 9.97829
404.623 9.16357
449.439 9.76626
405.263 9.2534
406.951 9.67131
388.026 9.69074
387.049 9.41826
367.533 9.67783
450.526 9.45174
446.805 9.44323
404.473 9.38979
399.022 9.68946
375.528 9.3222
409.207 9.25177
386.479 9.53469
425.285 9.51585
449.732 9.47652
415.763 9.65013
429.243 9.93572
396.491 9.48147
417.919 9.4437
423.96 9.78816
432.359 9.29392
458.647 9.45564
479.427 9.5682
458.36 9.04828
442.479 9.56457
410.422 9.79929
389.992 9.77387
397.344 9.7456
408.498 9.7624
420.38 9.57942
423.607 9.56918
473.767 9.27093
461.654 9.57478
430.026 9.64905
440.819 9.55799
399.66 9.87855
359.232 9.32418
356.293 9.59546
343.136 9.52271
358.743 9.33421
343.772 9.39383
354.672 9.76904
348.241 9.54972
389.847 9.7315
342.005 9.47169
321.928 9.49442
358.366 9.46896
418.246 9.5808
379.367 9.27943
404.969 9.26274
386.625 9.24597
398.119 9.25484
399.299 9.63996
399.535 9.68745
405.116 9.50452
427.332 9.31752
431.062 9.88464
451.145 9.83776
463.899 9.24986
446.675 9.45269
419.153 9.45648
462.22 9.81934
445.069 9.46147
417.115 9.39453
427.444 9.32567
427.908 9.40136
424.83 9.55716
429.728 9.53571
454.632 9.40212
423.392 9.92927
411.831 9.65113
412.68 9.96891
384.725 9.87721
422.811 9.37638
390.798 9.99848
358.331 9.60838
396.994 9.67342
408.832 9.67226
419.398 9.71193
412.22 9.71231
370.963 9.77471
400.341 9.70688
446.47 9.33142
459.532 9.32464
455.083 9.66397
427.862 9.52085
421.585 9.46765
435.378 9.67455
430.642 9.80388
423.291 9.82819
446.497 9.58145
466.685 9.92019
419.041 9.26049
430.92 9.47509
449.748 9.32184
467.846 9.60667
440.658 9.56952
426.122 9.53156
452.678 9.65634
434.9 9.60888
419.248 9.38076
416.105 9.58455
444.913 9.52438
370.101 9.56704
430.756 9.75048
400.086 9.54927
405.402 9.52149
453.023 9.19879
460.606 9.54677
411.254 9.63402
403.98 9.76215
431.594 9.58802
415.171 9.77408
415.171 9.81319
437.46 9.41519
405.306 9.85161
356.036 9.92298
362.129 9.48528
356.417 9.5033
351.911 9.77994
383.827 9.73721
392.42 9.37405
392.42 9.54828
374.849 10.0989
396.321 9.6763
352.432 9.69482
364.423 9.5819
364.423 9.66633
335.406 9.63422
335.406 9.47097
325.35 9.40496
370.373 9.44496
353.175 9.41672
332.784 9.27481
357.052 9.66275
357.052 9.8511
338.896 9.33697
358.284 9.59742
351.365 9.70144
355.156 9.77586
413.923 9.77713
337.626 9.93871
374.42 9.71223
381.406 9.54782
381.648 9.45608
380.571 9.70496
371.534 9.80464
376.812 9.52523
396.327 9.76509
397.151 9.69347
424.599 9.52925
427.553 9.67655
486.679 9.585
489.364 9.9176
489.364 9.64838
489.364 9.55883
519.027 9.57846
519.027 9.62705
537.395 9.33019
462.631 9.65038
437.546 9.54818
472.98 9.88849
438.419 9.48702
394.77 9.36184
372.903 9.54043
408.438 9.41014
352.466 9.55978
441.215 9.49058
467.612 9.41322
454.77 9.73601
459.679 9.39381
431.719 9.7148
409.875 9.61816
393.694 9.76302
397.748 9.53426
383.211 9.46884
511.744 9.16918
494.604 9.70712
497.088 9.57555
516.433 9.56349
488.086 9.47962
415.636 9.58027
408.45 9.84161
417.724 9.3113
425.791 9.50516
418.869 9.41218
401.859 8.96048
401.859 9.46371
413.84 9.84039
399.532 9.73926
406.553 9.67668
383.688 9.66443
366.664 10.0752
319.29 9.21708
319.29 9.68018
387.625 9.59705
356.565 9.9687
347.456 9.84224
347.456 9.5159
334.922 9.38897
393.83 9.45311
348.641 9.62234
340.59 9.80389
368.319 9.6357
368.829 9.90074
345.787 9.6031
389.104 9.63065
420.838 9.84046
398.579 9.77734
389.541 9.79727
405.285 9.60937
405.923 9.62282
393.496 9.37201
404.365 9.77547
418.01 9.56566
471.817 9.43592
444.302 9.35178
440.712 9.42862
407.997 9.81902
402.471 9.85335
394.031 9.7935
392.954 9.47674
386.214 9.29374
429.07 9.68673
445.829 9.76159
453.694 9.62459
454.662 9.63508
459.324 9.45515
501.269 9.466
444.919 9.51716
401.227 9.41631
416.684 9.96143
414.26 9.62316
429.531 9.8409
435.123 9.86791
371.951 9.66587
398.208 9.7706
446.627 9.88035
377.326 9.5498
377.326 9.85887
440.659 9.69389
397.903 9.80927
416.529 9.25147
427.094 9.60974
435.431 9.64505
429.704 9.07289
421.772 9.43004
490.697 9.37849
566.205 9.9598
508.465 9.70963
465.308 9.55284
530.311 9.55052
512.401 9.41392
517.6 9.19041
468.651 9.37975
465.217 9.40085
475.698 9.84474
491.556 9.50098
471.827 9.63296
423.616 9.44298
441.701 9.63858
408.73 9.41963
459.752 9.76475
423.842 9.40332
416.934 9.57608
413.074 9.16835
403.574 9.27833
391.207 9.32553
429.8 9.48016
418.974 9.62308
437.871 9.64596
448.394 9.60791
448.389 9.46154
473.126 9.53559
469.323 9.5027
435.311 9.47229
454.996 9.35456
466.922 9.47481
491.343 9.37026
434.828 9.65938
385.667 9.70205
421.471 9.67603
400.773 8.96101
364.326 9.73343
380.07 9.07571
341.415 9.76061
386.572 9.63206
401.459 9.80619
365.744 9.42814
392.438 9.50472
412.794 9.80963
410.418 9.71859
405.948 9.12621
388.556 9.75864
403.572 9.6227
395.457 9.77749
385.8 9.33533
392.638 9.78882
402.443 9.45098
421.37 9.58719
400.527 9.53818
451.243 9.79844
457.272 9.91431
464.696 9.33158
439.206 9.51381
458.299 9.49502
454.497 9.63283
450.425 9.3991
464.849 9.43313
449.748 9.6154
390.833 9.72408
406.768 9.78215
439.76 9.59611
415.629 9.67015
407.125 9.39942
372.877 9.44232
368.508 9.39202
372.658 9.77368
360.432 9.78803
385.87 9.84406
365.002 9.60795
348.426 9.84839
349.513 9.65523
390.483 9.52464
393.496 9.51792
389.123 9.53435
385.665 9.45594
408.642 9.91023
391.002 9.5868
402.425 9.58197
377.108 9.70197
390.045 9.64125
398.085 9.68332
398.085 9.56042
384.91 9.74711
417.502 9.54605
420.139 9.56987
389.758 9.56878
452.013 9.34159
467.58 9.39963
458.355 9.57836
422.241 9.6922
412.757 9.70818
411.262 9.58774
406.983 9.89987
370.019 9.58536
355.288 9.95928
383.785 10.2874
355.255 9.46294
322.551 9.23808
322.551 9.78273
322.551 9.85536
310.612 9.56283
350.224 9.73719
383.652 9.59262
368.954 9.75378
355.279 9.62537
392.546 9.42209
381.685 9.37864
384.825 9.41378
355.429 10.0095
359.169 9.71881
351.627 9.63009
344.868 10.0628
388.846 9.44767
398.933 9.48281
392.376 9.98229
381.693 9.46247
395.744 9.38827
428.07 9.39492
387.299 9.5966
402.908 9.59646
372.923 9.60647
428.403 9.00419
413.655 9.5853
400.168 9.71837
384.785 9.67061
371.094 9.70113
442.016 9.79735
417.494 9.6263
422.233 9.5541
410.367 9.4107
413.544 9.40634
416.732 9.48905
477.669 9.74112
438.417 9.90849
414.037 9.5033
419.473 9.83613
419.951 9.36216
424.523 9.68559
431.155 9.77144
439.854 9.52927
443.617 9.49108
497.499 9.48802
409.178 9.45537
404.354 9.51356
400.264 9.50891
378.677 9.25718
366.749 9.71161
364.709 9.73323
341.362 9.24084
362.619 9.75597
366.842 9.65507
366.842 9.4937
390.5 9.51795
394.513 9.42236
416.558 9.44717
415.791 9.6787
422.266 9.48556
420.649 9.41063
406.234 9.57888
412.035 9.70576
418.223 9.65328
430.614 9.14702
462.508 9.74805
349.395 9.63697
388.259 9.63395
407.014 9.5449
418.224 9.41765
405.884 9.41424
410.803 9.39445
411.926 9.25038
393.999 9.61137
377.227 9.7218
401.963 9.06063
468.484 9.49634
456.066 9.66969
392.15 9.73837
415.609 9.42362
365.412 9.77299
368.586 9.71969
443.254 9.55835
395.01 9.91115
417.212 9.4825
390.974 9.51547
439.469 9.36618
488.961 9.39358
455.954 9.53786
491.258 9.59976
508.602 9.69331
481.911 9.73698
433.23 9.30231
433.23 9.29356
433.23 9.96583
384.052 9.61175
397.166 9.42131
400.237 9.79452
378.475 9.80213
384.683 9.6541
381.148 9.86004
399.506 9.29565
449.434 9.45975
481.025 9.4215
478.645 9.31613
457.728 9.48774
475.459 9.59698
493.386 9.45759
465.263 10.0441
441.054 9.34491
426.643 9.59327
462.827 9.70574
430.291 9.75958
440.704 9.27759
430.795 9.29199
429.445 9.82231
438.839 9.7771
479.246 9.61874
477.885 9.4565
512.912 9.50843
469.709 9.66806
463.228 9.33246
405.624 9.54509
419.048 9.41802
425.735 9.62615
436.998 9.73812
475.18 9.6128
444.994 9.76095
424.517 9.69179
440.685 9.53526
434.912 9.545
436.734 9.71769
440.508 9.79025
429.399 9.41631
496.599 9.47749
496.599 9.4159
408.389 9.45022
416.348 9.37389
422.366 9.33725
426.35 9.97119
452.155 9.43567
448.352 9.51623
467.86 9.28277
429.611 9.50406
431.701 9.4092
424.754 9.60854
390.757 9.63578
393.32 9.23027
410.828 9.60339
471.616 9.49002
446.143 9.57415
441.172 9.38539
427.046 9.82998
417.559 9.89782
436.797 9.70582
460.278 9.55928
460.278 9.83459
373.317 9.8569
381.99 9.78835
390.961 9.79134
419.84 9.81427
461.195 9.89913
429.143 10.0132
371.996 9.50777
399.309 9.41432
399.81 9.3783
421.64 9.67588
409.349 9.67588
383.978 9.24216
414.706 9.69158
417.432 9.5382
422.241 9.42921
432.325 9.67561
461.127 9.65335
436.107 9.55882
417.283 9.37077
400.029 9.36414
407.217 9.72086
405.549 9.32337
390.384 9.82469
396.065 9.75062
391.977 9.50625
410.499 9.81353
413.57 9.02451
425.344 9.82665
448.173 9.86013
442.671 9.5318
448.918 9.54676
444.27 9.20535
407.804 9.68553
408.146 9.63224
396.864 9.44284
409.675 9.57373
404.192 9.81978
432.619 9.81629
420.376 9.67892
426.949 9.26595
418.104 9.9383
432.238 9.14452
473.24 9.18703
459.428 9.65657
421.241 9.84869
462.116 9.76632
376.237 9.14619
430.308 9.51696
427.173 9.58417
400.532 9.66132
383.099 9.7622
432.696 9.52849
440.157 9.71917
440.527 9.19519
501.218 9.29108
499.558 9.66717
459.042 9.595
430.736 9.68287
456.401 9.56749
453.087 9.59359
477.38 9.75952
408.107 9.37881
421.838 9.61381
408.447 9.42352
371.163 9.65926
383.444 9.3669
386.326 9.46931
415.722 9.67661
425.711 9.67563
421.129 9.75921
438.373 9.66849
436.247 9.66479
437.208 9.70786
426.211 9.83216
405.753 9.24641
413.278 9.41529
405.821 9.53458
440.295 9.60735
414.12 9.48203
401.44 9.39373
451.998 9.31138
443.983 9.80413
443.003 9.52215
464.474 9.60123
451.914 9.69237
403.185 9.64812
412.902 9.65148
389.464 9.65167
456.663 9.4493
411.45 9.90141
435.581 9.68211
464.169 9.72601
424.389 9.3286
438.995 9.69548
441.406 9.21192
461.547 9.39472
429.174 9.53065
413.224 9.7341
399.652 9.66472
355.498 9.85593
342.753 9.71836
333.599 9.78677
336.498 9.4739
360.583 9.38187
383.893 9.48682
394.535 9.55491
393.565 9.00848
420.092 9.5492
372.648 9.15418
336.301 9.83837
368.237 9.3607
388.148 9.73598
341.032 9.92375
355.89 9.01533
343.725 9.44258
333.796 9.29995
378.951 9.5439
415.509 9.38257
417.014 9.50039
448.503 9.71964
435.13 9.67753
441.14 9.31157
397.578 9.80981
392.42 9.59842
412.258 9.50549
382.738 9.79469
382.738 9.54788
348.608 9.57765
371.849 9.68923
369.743 9.94284
363.452 9.60172
393.267 9.49089
401.369 9.6358
376.493 9.47339
412.339 9.44247
379.201 9.71379
346.299 9.87617
389.959 9.60846
401.387 9.56903
379.46 9.64057
356.938 9.54068
386.953 9.69876
459.327 9.44828
486.792 9.89221
490.621 9.62172
492.211 9.56482
471.351 9.33152
526.967 9.25368
514.757 9.36971
444.631 9.87462
465.168 9.6338
453.422 9.94902
454.231 9.63059
489.958 9.28404
424.92 9.60512
426.617 9.78354
436.531 9.70779
463.471 9.63905
431.645 9.2705
457.47 9.93239
419.116 9.5001
441.425 9.38827
461.036 9.70828
454.009 9.69844
436.503 9.80719
423.813 9.85288
441.262 9.48619
498.364 9.44134
460.71 9.72262
420.34 9.53953
485.68 9.59935
464.088 9.65708
458.713 9.81775
479.433 9.25014
458.568 9.22531
427.975 9.68393
454.597 9.7918
465.844 9.45789
424.803 9.52647
436.227 9.57492
458.644 9.20651
408.079 9.69178
425.978 9.80428
412.719 10.0204
388.215 9.65378
365.374 9.82297
375.927 9.68543
381.79 9.77059
367.087 9.50335
361.23 9.53917
404.07 9.65216
394.961 9.33669
442.414 9.49397
457.245 9.64861
462.624 9.66604
453.292 9.48688
434.372 9.47521
458.637 9.38382
458.399 9.65972
448.254 9.69646
443.368 9.36111
471.469 9.49146
483.592 9.56353
445.679 9.21478
407.684 9.7468
396.108 9.88637
410.867 9.5982
379.519 9.5355
391.3 9.85105
409.752 9.79233
373.084 9.6268
335.295 9.75114
367.698 9.48947
375.677 9.71005
348.229 9.23556
378.744 9.29604
374.604 9.25356
409.686 9.5358
376.847 9.45748
348.46 9.58944
348.46 9.96252
321.665 9.3643
321.665 9.42207
345.358 9.49038
381.458 9.4875
383.362 9.67726
376.656 9.67938
376.991 9.48638
389.674 9.27652
400.076 9.59508
369.281 9.52982
391.181 9.51683
392.027 9.70516
400.554 9.52102
386.379 9.69675
381.811 9.44043
388.06 9.59752
361.209 9.64342
499.297 9.51473
427.072 9.49793
441.435 9.84922
456.855 9.75287
449.516 9.69039
478.764 9.68145
474.337 9.87175
465.04 9.50188
461.001 9.67328
422.087 9.60157
404.571 9.62147
397.249 9.34401
389.652 9.82215
414.144 9.54491
381.423 9.63693
402.63 9.40191
393.93 9.5536
411.948 9.38895
402.775 9.28443
369.248 9.64067
376.898 9.8868
369.558 9.84879
416.046 9.5985
432.065 9.44335
439.291 9.40442
446.742 9.51345
450.229 9.54924
435.675 9.53027
437.19 9.15424
440.245 9.48811
409.121 9.73022
401.859 9.62075
400.483 9.25278
356.636 9.32521
404.025 9.63221
398.726 9.54025
388.961 9.65707
397.576 9.73208
421.456 9.37231
456.938 9.40845
461.438 9.41619
490.536 9.85257
525.04 9.45164
551.267 9.38791
564.27 9.62783
424.09 9.77386
433.252 9.60452
429.53 9.60834
440.424 9.64016
444.839 9.76997
429.567 9.93409
359.367 9.7962
346.041 9.65291
356.779 9.85225
404.117 9.93784
361.82 9.84897
408.217 9.77922
424.141 9.5325
406.47 9.52015
399.01 9.82201
402.443 9.77089
400.884 9.6511
441.164 9.60287
452.405 9.65783
473.37 9.45038
486.502 9.84421
479.209 9.44987
476.232 9.65275
484.772 9.83056
481.025 9.56425
497.17 9.6137
403.773 9.58415
371.61 9.53292
375.909 9.61083
378.504 9.38399
378.504 9.36208
377.861 9.79421
377.861 9.47213
385.651 9.52737
424.315 9.25998
391.166 10.1342
404.085 9.60744
453.985 9.61161
446.547 9.50081
461.232 9.74565
487.455 9.47396
433.936 9.512
437.637 9.5034
431.31 9.5272
470.841 9.86681
437.119 9.62439
427.164 9.65535
440.867 9.75927
446.928 9.8693
430.772 9.49925
421.925 9.47106
410.608 9.57431
425.684 9.5257
416.309 9.91563
373.473 9.70408
366.684 9.41752
409.973 9.1246
367.73 9.54087
394.931 9.53279
421.409 9.52472
417.146 9.73576
444.01 9.22339
444.291 9.43594
431.492 9.67009
398.364 9.3946
383.638 9.89048
368.221 9.56375
442.244 9.57273
429.298 9.45048
427.482 9.4735
473.036 9.57024
467.389 9.35586
468.391 9.75312
453.853 10.0955
430.074 9.78336
430.074 9.68744
454.518 9.56988
396.887 9.59873
416.501 9.82859
438.642 9.92381
431.905 9.25897
432.262 9.19033
420.665 9.59271
419.848 9.39481
414.802 9.37869
414.696 9.73087
413.65 9.63041
406.098 9.63041
407.64 9.62057
399.362 9.95224
422.733 9.35958
416.217 9.39331
453.812 9.82614
473.088 9.46565
452.919 9.19962
417.707 9.89075
415.948 9.45667
407.464 9.91963
419.66 9.47367
464.878 9.73226
478.802 9.21482
394.949 9.88895
388.925 9.58166
374.988 9.52033
373.577 9.49454
376.735 9.3672
377.234 9.37176
383.677 9.62133
355.816 9.64869
350.286 9.58813
345.476 9.31169
369.823 9.44536
398.688 9.87303
407.891 9.62965
425.718 9.63485
388.563 9.47957
375.877 9.84573
404.674 9.9275
389.85 10.0156
404.676 9.94343
404.676 9.31715
430.462 9.68269
426.624 9.58061
442.898 9.67092
511.352 9.70937
526.043 9.72031
457.999 9.64804
517.455 9.65996
516.011 9.61071
499.848 9.6051
497.359 9.67382
506.746 9.95345
494.946 9.74392
498.737 9.71993
489.551 9.82459
472.258 9.70213
441.969 9.22725
438.156 9.91793
395.485 9.96206
393.849 9.6127
392.582 9.66886
375.784 9.86731
379.486 9.2969
391.908 9.98844
410.424 9.42562
413.68 9.27658
416.311 9.70232
448.886 9.2795
404.087 9.2795
390.168 9.3508
411.598 9.66962
421.717 9.84016
421.163 9.33644
424.035 9.59458
458.169 9.38786
447.119 9.37826
427.863 9.65243
439.083 9.81062
437.963 9.35185
441.797 9.48559
453.129 9.53604
441.717 9.53614
389.437 9.75369
390.299 9.46538
428.547 9.49776
431.792 9.41048
475.879 9.78455
496.268 9.72098
418.426 9.76021
379.394 9.58708
371.655 9.52029
359.632 9.53005
363.27 9.92451
381.577 9.39977
394.279 9.92607
357.153 9.33349
371.671 9.59519
365.43 9.62572
344.561 9.63454
383.987 9.51035
357.772 9.67842
376.704 9.70342
374.464 9.88264
381.74 9.44424
355.72 9.94879
325.814 9.74472
371.601 9.67768
383.49 9.76556
400.37 9.77732
395.81 9.54094
409.156 9.88424
463 9.78393
456.956 9.77197
453.451 9.67173
470.678 9.52504
446.761 9.45248
415.108 9.34435
410.786 9.56823
422.869 9.54155
420.134 9.39991
443.073 9.75276
429.651 9.19937
387.117 9.72481
421.065 9.32515
416.543 9.45796
415.947 9.28304
426.305 9.76776
444.436 9.76516
414.309 9.76237
398.713 9.74505
441.125 9.56849
456.826 9.78805
444.869 9.60166
455.077 9.52216
461.377 9.78703
462.001 9.69698
458.249 9.69413
492.978 9.39969
416.931 9.72875
438.532 9.80364
436.733 9.7325
428.984 10.018
425.046 9.63133
420.666 9.42196
467.316 9.54701
404.587 9.73316
363.147 9.29573
385.345 9.64642
384.868 9.67589
396.168 9.613
362.881 9.41641
361.774 9.67328
369.162 9.42459
376.524 9.24923
412.913 9.37321
396.716 9.67762
367.796 9.55185
358.685 9.60424
381.587 9.63278
378.075 9.25526
386.149 9.36333
416.263 9.47313
390.728 9.53696
397.415 9.49105
433.856 9.40404
437.062 9.46165
434.04 9.45115
431.216 9.6726
413.904 9.62834
436.323 9.96221
401.067 9.68859
382.538 9.65463
416.388 9.6431
377.555 9.49529
430.657 9.56062
430.657 9.64921
430.657 9.88759
475.168 9.69341
448.246 9.50806
458.992 9.5233
422.063 9.42557
409.418 9.56491
376.394 9.57786
399.082 9.32842
393.848 9.67809
421.212 9.64299
423.47 9.57037
439.136 9.23171
385.377 9.77869
436.382 9.70564
427.246 9.95447
412.056 9.95796
409.737 9.74146
395.328 9.80627
418.368 9.83193
404.764 9.34916
349.767 9.47867
362.85 9.39754
364.498 9.39426
351.323 9.42777
403.457 9.68177
422.677 9.51006
391.27 9.76932
419.196 9.65797
410.227 9.81307
402 9.54366
421.155 9.51409
424.447 9.90045
424.285 9.40593
446.389 9.48553
476.291 9.64232
454.562 9.73289
419.656 9.50972
412.307 9.36374
419.336 9.88531
404.982 9.34811
423.388 9.63625
420.078 9.65537
382.061 9.82913
381.104 9.73801
386.587 9.55589
422.19 9.34424
373.206 9.5899
400.837 9.77638
377.654 9.74695
388.248 9.43188
362.948 9.39777
355.921 9.87993
311.366 9.77751
311.033 9.88801
308.97 9.91443
283.16 9.77774
390.77 9.49183
375.771 9.79633
375.771 9.60211
391.962 9.56092
406.485 9.47812
396.055 9.25916
505.999 9.4166
505.999 9.63216
496.073 9.83336
466.682 9.55516
418.72 9.34089
379.254 9.45988
358.367 9.8249
350.118 9.91962
352.945 9.89683
322.6 9.43337
327.999 9.3817
367.378 9.59584
381.513 9.36704
361.561 9.70792
370.715 9.66693
331.169 9.60883
388.188 9.54583
388.369 9.2848
380.642 9.71892
377.295 9.61467
424.418 9.74328
431.221 9.47939
430.105 9.72662
397.704 9.49651
389.065 9.50874
353.553 9.59251
337.105 9.63171
334.375 9.67476
313.641 9.56715
315.471 9.70228
328.17 9.73361
328.17 9.36762
270.162 10.0341
286.94 9.84961
309.182 9.69784
335.385 9.50904
333.908 9.70729
392.46 9.69525
405.569 9.67558
412.175 9.55821
443.209 9.50449
428.399 9.72336
368.876 9.71722
408.208 9.5431
413.567 9.51273
395.528 9.82447
376.219 9.52515
374.084 9.65691
467.49 9.34569
380.719 9.83017
401.707 9.77229
464.246 9.95203
455.488 9.41836
400.374 9.56029
375.342 9.50257
365.376 9.23037
404.021 9.45869
401.332 9.57617
403.582 9.47112
418.428 9.56064
441.586 9.67185
463.371 9.64364
447.156 9.69648
409.051 9.41511
439.477 9.62494
458.103 9.48886
465.366 9.81341
477.636 9.22733
479.072 9.55954
511.41 9.32151
506.58 9.54629
534.182 9.44851
513.548 9.46234
495.225 9.46234
480.325 9.24448
508.219 9.69344
547.175 9.38552
523.147 9.3585
489.538 9.59209
472.579 9.57294
485.682 9.68797
447.588 9.63271
415.674 9.36662
394.889 9.64602
398.515 9.63038
396.198 9.09803
341.378 9.3467
283.075 9.32938
283.075 9.84848
283.075 9.34471
283.075 9.82747
296.21 9.79229
296.21 9.57646
297.676 9.40201
305.678 9.81206
305.678 9.79144
315.497 9.78097
315.497 9.57922
327.116 9.83802
299.578 9.54851
317.221 9.49331
329.12 9.44666
360.294 9.79416
364.903 9.76939
397.897 9.58472
397.087 9.36537
366.312 9.47876
400.019 9.44221
362.425 9.36784
340.389 9.32465
339.667 9.2426
339.667 9.17118
320.801 9.3361
328.765 9.59152
349.598 9.60515
349.598 9.31615
377.376 9.83267
418.793 9.2325
407.307 9.21157
402.928 9.47472
442.388 9.8115
447.866 9.40644
422.31 9.26694
399.354 9.56211
369.625 9.16328
391.679 9.51641
381.799 9.6369
403.947 9.53388
397.784 9.872
425.263 9.88056
419.271 9.97079
377.394 9.71361
389.173 9.76844
408.951 9.66443
374.914 9.60741
394.574 9.92161
388.56 9.66343
415.18 9.62397
439.86 9.51739
386.767 9.60714
361.545 9.56051
367.269 9.84372
422.139 9.78522
443.498 9.37696
428.329 9.57811
404.712 9.47483
406.843 9.86687
404.391 9.46382
404.434 9.49822
404.25 9.59535
378.503 9.5552
353.639 9.81462
406.567 9.3851
436.184 9.70648
442.955 9.42005
446.562 9.75904
430.448 9.5113
428.305 9.7852
444.854 9.64485
395.423 9.85252
414.21 9.64635
465.94 9.79176
450.312 9.88071
491.393 9.64836
489.895 9.68333
485.436 9.70007
421.533 9.62594
431.905 9.55966
436.046 9.66235
381.329 9.75976
392.397 9.52004
388.464 9.86845
455.724 9.47384
406.037 9.2606
454.631 9.6778
440.625 9.4807
438.192 9.36206
415.454 9.75826
407.545 9.67295
397.011 9.42809
378.787 9.72472
385.865 9.33688
386.263 9.65346
419.857 9.66938
403.441 9.60799
408.13 9.73422
429.711 9.48433
434.367 9.4989
437.843 9.5167
436.816 9.64838
454.906 9.68861
404.871 9.32155
378.459 9.63138
372.78 9.31276
361.925 9.53452
392.57 9.49345
435.089 9.56498
432.546 9.43231
484.303 9.47846
473.906 9.60838
445.479 9.7753
406.084 9.46482
399.692 9.40192
421.338 9.38924
442.203 9.66008
414.145 9.68144
427.631 9.71316
411.503 9.87121
437.76 9.77398
452.625 9.30523
482.109 9.6749
429.532 9.22525
415.599 9.41413
403.003 9.3303
384.029 9.47412
431.789 9.8936
410.237 9.6045
422.9 9.32713
427.046 9.66265
422.548 9.50565
417.397 9.07473
416.281 9.03402
426.872 9.99027
434.077 9.78341
415.347 9.18671
399.125 9.70519
451.637 9.82743
462.96 9.89943
480.792 9.6484
480.792 9.42554
447.295 9.62071
416.869 9.51232
412.069 9.9046
441.986 9.64861
411.576 9.41893
420.925 9.41337
405.75 9.47536
412.974 9.36242
448.551 9.92694
366.017 9.26844
411.628 9.76008
396.811 9.69788
385.003 9.9076
400.967 9.47802
356.284 9.78295
344.687 9.55174
418.665 9.53094
400.388 9.55317
397.145 9.70516
401.735 9.67803
405.543 9.72003
401.686 9.49898
425.779 9.76572
425.382 9.60489
426.308 9.34882
425.549 9.31977
422.815 9.52328
412.702 9.59335
388.687 9.55377
387.923 9.41812
388.192 9.65315
409.433 9.81179
459.779 9.51571
463.046 9.51953
455.536 9.64227
441.123 9.6291
470.693 9.68389
421.099 9.58621
435.985 9.58617
453.926 9.47071
455.428 9.96516
451.737 9.67163
441.324 9.85359
415.741 9.49486
387.403 9.80648
407.413 9.52203
420.212 9.92561
341.633 9.67514
377.592 9.66033
364.345 9.69847
387.52 9.62211
424.033 9.62385
402.983 9.75271
403.168 9.52204
375.016 9.65105
395.567 9.55662
420.149 9.50543
436.7 9.65652
474.17 9.51427
470.587 9.57582
471.617 9.4976
479.436 9.73767
467.946 9.46667
447.417 9.48295
483.498 9.42732
475.391 9.5102
459.001 9.59138
446.817 9.54369
450.19 9.57188
513.166 9.50751
481.454 9.34502
462.1 9.91527
482.45 9.80579
457.741 9.56525
457.499 9.57178
411.217 9.94434
462.727 9.81583
469.542 9.71556
456.829 9.5453
457.639 9.64845
459.09 9.51871
450.818 9.68455
380.754 9.91129
429.004 9.42459
439.883 9.57407
392.336 9.41025
409.273 10.0546
394.186 9.44366
412.657 9.68092
422.209 9.70702
454.367 9.90221
448.908 9.46093
444.267 9.66878
463.567 9.62407
464.909 9.48931
420.902 9.64758
400.227 9.79983
450.565 9.9981
457.93 9.57253
496.791 9.63906
451.165 9.1898
459.148 9.80515
471.479 9.32172
484.69 9.89495
535.687 9.88017
475.166 9.73786
442.322 9.72443
469.818 9.78856
481.545 9.60459
456.48 9.50638
441.7 9.66397
439.629 9.31325
440.639 9.64631
447.168 9.82796
382.844 9.86506
384.699 9.74132
406.465 9.49288
386.005 9.66873
398.381 9.4797
357.734 9.76948
341.865 9.38484
379.669 9.3869
400.525 9.2873
389.444 9.47848
393.064 9.57626
428.638 9.63616
404.599 9.89309
394.793 9.62322
405.326 9.42973
398.535 9.58892
405.864 9.70243
410.663 9.56005
426.984 9.67085
393.834 9.38399
343.831 9.81959
384.062 9.53951
371.427 9.65977
365.077 9.57458
416.351 9.25695
421.863 9.88751
399.848 9.86344
412.376 9.45104
377.691 9.87417
363.4 9.30166
371.908 9.43769
397.989 9.52344
386.391 9.59699
392.428 9.62121
409.122 9.54299
454.474 9.51652
470.219 9.98536
462.797 9.58351
497.112 9.67391
428.401 9.67001
498.343 9.70875
475.811 9.84546
510.714 10.2941
423.294 9.58347
451.819 9.80145
417.674 9.52401
391.95 9.98508
359.322 9.73515
413.864 9.8465
384.087 9.63955
365.715 9.19411
350.53 9.50601
362.25 9.55343
389.648 9.33351
386.813 9.40873
395.572 9.32956
391.966 9.39242
408.989 9.87316
442.253 9.80152
403.503 9.75628
433.28 9.52442
413.541 9.47892
409.802 9.4207
340.702 9.52035
322.002 9.41088
322.002 9.71661
322.002 9.34665
336.02 9.8448
350.062 9.93343
333.394 9.50538
343.289 9.87436
364.729 9.40715
366.195 9.97189
361.916 9.34869
383.749 9.49725
386.908 9.73648
387.389 9.44025
420.785 9.44997
431.777 9.93263
465.645 9.43739
473.494 9.64113
447.294 9.70255
424.485 9.63577
424.5 9.68535
427.741 9.61948
445.985 9.5826
449.35 9.88317
403.106 9.8008
447.125 9.72912
403.705 9.33418
405.545 9.39828
390.673 9.94756
385.084 9.66563
404.909 9.8997
303.348 9.8225
345.82 10.0163
356.301 9.64989
313.188 9.65544
314.115 9.76966
314.115 9.40322
315.935 9.86887
332.634 9.5437
338.442 9.61154
338.352 9.3744
342.84 9.48469
347.737 9.31706
367.676 9.48543
388.595 9.54867
410.571 9.23325
408.291 9.31099
405.106 9.65974
383.143 9.51489
393.456 9.7588
373.687 9.56819
386.798 9.59941
403.86 9.78868
401.385 9.36782
389.307 9.64151
401.071 9.63354
429.101 9.67425
396.509 9.67961
416.563 9.61899
388.249 9.53672
407.882 9.52661
414.507 9.84505
404.278 10.0282
398.668 9.61887
394.699 9.70035
398.526 9.157
385.945 9.22441
387.333 9.26512
333.585 9.30955
323.306 9.32358
317.408 9.58347
336.636 9.45093
331.64 9.66621
311.636 9.45588
309.105 9.66581
344.602 9.69355
352.854 9.53119
384.966 9.72927
379.846 9.72517
348.989 9.7373
349.419 9.25674
331.718 9.13947
352.547 9.87219
369.286 9.53367
373.036 9.59824
387.584 9.61902
356.941 9.57647
357.069 9.39924
355.135 9.37597
413.27 9.84662
425.343 9.53088
403.325 9.89041
393.091 9.3621
413.487 9.48536
436.287 9.4298
436.52 9.71549
396.139 9.7495
411.606 9.72825
434.636 9.75682
434.636 9.62037
472.22 9.57673
452.206 9.26224
470.268 9.27279
465.316 9.62682
431.931 9.5376
473.628 9.03654
475.174 10.0643
441.317 9.62716
448.56 9.85511
422.326 9.57306
424.161 9.42846
461.988 9.53622
450.152 9.64855
431.747 9.42543
444.132 9.71963
425.731 9.96506
435.616 9.05869
426.633 9.15856
421.267 9.43772
445.986 9.48766
445.986 9.47987
451.649 9.49367
401.529 9.67689
443.418 9.58789
429.132 9.3649
391.967 9.61453
373.632 9.41113
370.998 9.28427
384.339 9.42396
404.422 9.94803
359.327 9.35144
374.572 9.57486
362.161 9.8049
347.689 9.75937
420.274 9.24987
409.386 9.5759
404.615 9.66278
384.003 9.8978
383.431 9.52927
417.29 9.46802
409.736 9.76924
415.068 9.44611
408.53 9.72225
408.02 9.38452
324.19 10.1037
327.633 9.47361
364.049 9.78381
361.438 9.68005
374.954 9.52234
384.134 9.51238
382.605 10.0037
368.788 9.43017
380.103 9.37366
394.817 9.38448
384.728 9.37065
375.504 9.58296
374.225 9.63247
361.358 9.86642
359.556 9.65583
347.768 9.65388
346.74 9.93486
376.06 9.89799
387.036 9.90498
378.521 9.84606
370.41 9.62337
397.183 9.6512
427.402 9.4951
411.563 9.96006
408.457 9.35198
400.69 9.9149
406.357 9.94313
400.43 9.5874
418.41 9.49847
409.806 9.62975
363.952 9.54379
363.952 9.54414
330.072 9.64018
321.279 9.56893
290.513 9.66133
321.751 9.77949
401.539 9.66384
375.563 9.45441
415.233 9.78757
442.617 9.6172
435.295 9.52955
422.232 9.67055
426.416 9.53183
400.263 9.46167
400.263 9.76987
383.452 9.89555
390.141 9.72449
369.323 9.4588
356.891 9.57541
374.057 9.76079
334.146 9.70451
334.146 9.55808
334.146 9.43159
331.52 9.66773
331.643 9.61085
368.497 9.38739
369.4 9.82493
404.003 9.62238
421.182 9.45955
394.104 9.82812
410.931 9.7963
408.419 9.59622
430.162 9.55311
393.201 9.34445
384.268 9.42427
404.621 9.53373
431.66 9.80405
421.031 10.0866
427.142 9.44764
436.094 9.37443
434.435 9.5691
482.983 9.57795
443.914 9.62064
466.463 9.61432
408.415 9.58252
439.696 9.49275
426.55 9.55538
388.322 9.64807
392.686 9.87002
390.903 9.99931
445.508 9.66536
465.525 9.64476
408.886 9.61056
418.983 9.35601
395.596 9.37045
358.178 9.82541
364.78 9.65151
392.038 9.68943
422.723 9.56341
393.498 9.75504
372.376 9.6453
400.385 9.5686
361.048 9.77094
382.2 9.45479
381.359 9.57308
378.028 9.46779
401.906 9.90559
371.341 9.66154
368.331 9.64069
397.952 9.51358
372.291 9.94247
372.291 9.84939
353.09 9.50878
393.72 9.42879
380.503 9.57457
392.794 9.61355
398.64 9.34484
429.438 9.74426
449.137 9.56777
413.658 9.58279
426.335 9.38067
411.728 9.60819
414.875 9.58535
385.849 9.69714
389.742 9.76798
403.805 9.3877
446.493 9.44944
465.283 9.61887
406.087 9.326
398.606 9.49386
377.955 9.86108
393.518 9.78659
400.325 9.66922
341.991 9.50797
317.872 9.66328
350.392 9.79179
350.392 9.79979
386.994 9.80076
359.365 9.75525
375.121 9.62297
359.657 9.71985
349.786 9.82205
355.035 9.60245
347.75 9.55512
360.194 9.57486
337.158 9.62288
337.158 9.50759
337.158 9.95391
337.158 9.88001
337.158 9.84951
368.638 9.70974
366.205 9.35253
368.222 9.82527
377.697 9.4467
377.697 9.64871
377.697 9.7595
427.81 9.31989
420.79 9.4805
388.996 9.0458
404.489 9.7867
347.82 9.62673
354.03 9.61611
403.419 9.53253
411.95 9.68367
372.563 9.55625
367.154 9.4781
430.474 9.48292
424.728 9.59405
419.518 9.51078
430.939 10.0187
405.875 9.5498
380.881 9.60062
387.833 9.48035
379.214 9.80607
390.103 9.41342
414.174 9.50076
401.33 9.36306
424.949 10.0341
428.26 9.14156
447.379 9.455
437.203 9.51605
425.573 9.79463
420.765 9.58047
411.326 9.84134
419.86 9.95432
368.373 9.52874
386.304 9.50362
371.763 9.85833
366.928 9.56404
358.058 9.38286
402.855 10.015
401.469 9.46315
380.982 9.60171
417.386 9.49262
439.949 9.20093
405.123 9.48377
408.683 9.31439
431.316 9.39752
386.615 9.84418
420.277 9.76514
405.326 9.53929
430.346 9.71332
504.722 9.56471
554.485 9.57816
531.15 10.1413
457.349 9.82509
441.511 9.64567
489.771 9.49179
489.771 9.43617
503.22 9.70243
503.22 9.46504
499.363 9.45509
467.848 9.73315
430.183 9.51391
422.313 9.68012
372.863 9.61955
379.002 9.92934
430.184 9.43521
417.209 9.5957
408.992 9.59601
452.53 9.19819
479.999 9.82078
470.91 9.8137
421.739 9.62912
417.354 9.67236
402.632 9.63016
393.317 9.56201
407.835 9.68091
412.384 9.66177
340.258 9.918
385.588 9.91463
376.928 9.16133
368.457 9.33364
384.38 9.61088
375.939 9.31175
385.363 9.59491
350.568 9.63287
336.48 9.75639
335.579 9.65266
300.181 9.40705
348.362 9.96503
362.481 9.65285
357.339 9.43222
393.089 9.66049
391.979 9.72401
391.979 9.49917
417.267 9.64984
432.357 9.69685
394.099 9.67878
404.355 9.57807
382.698 9.6173
413.729 9.64848
420.335 9.3243
411.695 9.58134
427.721 9.58821
443.509 9.49598
422.902 9.52372
415.535 9.61795
393.408 9.67997
465.37 9.62131
446.267 9.58485
464.172 9.3791
444.087 9.85184
424.409 9.2254
446.814 9.45935
410.004 9.73507
406.534 9.51318
410.337 9.3777
424.553 9.27108
434.53 9.30871
431.402 9.67457
434.364 9.53801
432.003 9.55472
381.927 9.77271
378.151 9.75861
348.709 9.29384
355.651 9.55547
379.535 9.58179
398.816 9.5941
360.335 9.36466
313.35 9.38394
364.315 9.95124
342.601 9.58377
342.601 9.78548
340.216 9.74158
362.818 9.63384
328.101 9.5962
374.017 9.73969
370.548 9.99369
381.492 9.54215
401.255 9.55491
402.761 9.33773
402.761 9.67929
410.74 9.38792
421.867 9.38319
405.145 9.44105
407.388 9.65142
426.471 9.68517
390.537 9.86604
361.982 9.92606
379.609 9.84702
412.922 9.495
464.152 9.60969
382.374 9.6696
394.682 9.15817
378.252 9.50651
360.852 9.30303
378.94 9.20494
370.377 9.636
339.09 9.58656
375.585 9.58471
385.562 9.51388
392.041 9.5597
370.393 9.66212
345.196 9.34018
338.751 9.47812
343.588 9.41875
332.779 9.81731
369.628 9.40723
357.173 9.71893
345.514 9.57155
348.159 9.55818
363.397 9.88193
372.264 9.64529
384.894 9.71264
395.228 9.78493
378.803 9.86722
331.909 9.52012
335.562 9.90359
304.691 9.42186
304.691 9.46369
348.261 9.85047
312.683 9.7994
323.793 9.56663
343.182 10.0268
383.498 9.57252
379.782 9.64091
344.265 9.40526
411.902 9.36434
397.008 9.24443
361.789 9.57188
348.539 9.63056
392.522 9.61629
372.613 9.86152
382.679 9.74271
364.694 9.6048
374.557 9.39656
389.238 9.3816
397.004 9.55113
410.469 9.91888
366.592 9.41331
363.145 9.79591
391.596 9.41982
359.22 9.67692
394.224 10.0091
426.584 9.50369
417.036 9.71744
420.218 9.75848
426.06 9.73797
403.085 9.54484
386.32 9.70904
404.637 9.75314
392.962 9.77901
409.779 9.64842
442.362 9.56594
453.053 9.39929
424.385 9.34017
432.602 9.62687
447.243 9.94582
442.032 9.62963
421.861 9.68976
441.489 9.52637
418.021 9.44859
439.168 9.78958
408.904 9.45529
392.753 9.70967
395.912 9.70826
379.366 9.74255
407.257 9.3868
408.902 9.48301
434.804 9.30041
439.576 9.58934
434.322 9.49284
447.664 9.65415
437.517 9.92337
437.268 9.6062
457.898 9.51888
469.216 9.44445
445.846 9.23707
472.048 9.62867
465.016 9.57171
471.215 9.91933
473.204 9.65204
490.491 9.51456
471.609 9.5233
426.229 9.30691
413.445 9.47071
385.165 9.47819
416.167 9.63477
423.892 9.41084
435.812 9.35337
429.562 9.37264
408.396 9.40082
406.261 9.70168
418.128 9.88127
436.657 9.71876
419.358 9.37741
443.384 9.72859
435.327 9.7345
423.825 10.0156
456.453 9.2231
456.453 9.29595
442.926 9.77403
444.341 9.42211
433.741 10.0072
429.018 9.41073
429.018 9.47671
378.832 9.58783
380.017 9.45776
370.626 9.6988
430.015 9.93102
423.021 9.65696
397.926 9.29757
398.053 9.78349
393.52 9.49135
428.133 9.43689
459.672 9.36559
436.093 9.40928
434.901 9.69128
447.06 9.71764
445.945 9.4472
458.602 9.57244
450.776 9.78103
454.639 9.82302
481.353 9.84727
456.634 9.70001
435.866 9.79239
453.455 9.85431
419.136 9.43318
447.918 9.91556
465.542 9.26091
447.924 9.893
422.403 9.37515
407.116 9.68008
396.891 9.64214
442.667 9.13118
437.286 9.50922
398.107 9.50265
379.68 9.74115
360.861 9.75506
339.466 9.39441
350.164 9.77387
414.266 9.42783
423.418 9.57318
406.869 9.39098
403.723 9.47463
401.569 9.27778
414.609 9.60599
408.916 9.4459
381.278 9.56894
384.634 9.48353
377.666 9.44524
360.441 9.4406
374.987 9.36969
396.454 9.41226
396.248 9.58961
395.333 9.57638
428.564 9.52253
385.671 9.89303
387.628 9.82945
413.948 9.85572
380.261 9.63375
348.455 9.30213
459.936 9.52474
399.963 9.70173
409.112 9.56385
410.301 9.63173
423.671 9.61442
430.743 9.75529
454.848 9.90749
427.587 9.74555
408.548 9.7583
401.121 9.89862
396.007 9.38593
372.808 9.69142
396.926 9.68778
420.344 9.30881
370.278 9.12128
379.328 9.5838
363.561 9.71992
355.531 9.67306
391.175 10.0358
356.802 9.71312
397.575 9.43054
410.428 9.81326
398.846 9.6249
386.927 9.78486
408.98 9.66255
423.701 9.32084
393.148 9.53273
400.944 9.07054
441.003 9.497
419.009 9.23432
476.964 9.47546
454.822 9.53074
461.69 9.53406
460.441 9.54117
455.66 9.56618
422.004 9.70178
412.003 9.77346
411.463 9.71059
395.173 9.66851
415.825 9.47219
422.5 9.28565
415.87 9.68278
435.863 9.6884
394.453 9.78795
378.028 9.7508
402.518 9.59399
435.927 9.68657
413.225 9.67617
391.184 9.6639
399.848 9.6765
419.833 9.62659
402.661 9.32241
404.931 9.91159
387.175 9.62536
417.089 9.62025
387.005 9.95559
381.084 9.77297
373.161 9.75532
389.123 9.64866
397.983 9.34132
378.927 9.67302
401.701 9.50354
443.519 9.68967
478.46 9.70262
505.67 9.93527
484.191 9.75891
450.605 9.49264
393.692 9.37962
394.827 9.93779
393.623 9.44457
375.696 9.39147
383.416 10.0565
362.604 9.46001
384.272 9.35306
369.404 9.88282
380.931 9.66269
354.405 9.59673
383.453 9.77957
406.785 9.49346
364.285 9.57123
389.14 9.56451
397.006 9.62713
394.527 9.40181
402.401 9.34394
426.918 9.74022
423.736 9.55568
417.077 9.4078
458.109 9.38479
470.517 9.22998
470.517 9.44949
465.822 9.7505
433.529 9.62548
422.44 9.61324
402.039 9.80017
388.21 9.76218
404.848 9.78684
419.732 9.38285
447.086 9.28722
409.899 9.61363
425.288 9.61295
407.392 9.61271
420.09 9.60575
373.811 9.57075
421.424 9.64707
440.435 9.62282
452.405 9.76156
445.101 9.7622
457.692 9.81199
437.634 9.5737
400.086 9.20336
452.477 9.4067
460.859 9.89272
457.243 9.30021
443.475 9.60228
442.579 9.61347
476.107 9.65388
400.377 9.32694
424.163 9.46167
423.669 9.44305
444.649 9.5756
434.674 9.63452
459.284 9.90654
436.37 9.55543
459.634 9.65013
467.714 9.43956
472.447 9.40521
491.23 9.78051
499.843 9.99652
429.187 9.52825
402.547 9.32973
436.704 9.38653
392.025 9.31386
408.66 9.1245
371.253 9.80003
373.494 9.60034
382.185 10.0061
370.56 9.72818
417.546 9.54107
426.487 9.64787
443.042 9.7999
427.249 9.25206
417.293 9.88305
397.1 9.94272
387.353 9.94272
365.192 9.61744
379.528 9.95862
387.835 9.81388
374.38 9.65227
385.041 10.0137
392.942 9.40661
367.778 9.38587
371.7 9.5807
372.337 9.26099
391.203 9.49822
395.305 9.50056
374.968 9.56404
395.113 9.57651
371.988 9.72464
357.363 9.78115
360.113 9.44084
368.173 9.65636
378.022 9.65757
397.108 9.48432
394.905 9.47196
376.257 9.44757
382.463 9.9821
361.358 9.7292
357.977 9.98885
390.593 9.47116
394.868 9.67114
371.043 9.73694
364.631 9.62043
345.541 9.60567
341.858 9.35258
341.858 9.37573
352.049 9.29679
365.797 9.59491
364.821 9.31552
366.326 9.61993
369.525 9.45111
341.412 9.5682
328.561 9.37483
328.561 9.59473
328.245 9.0749
302.076 9.54676
310.401 9.36374
322.373 9.87993
315.172 10.0166
329.85 9.80377
371.982 9.52311
365.534 9.61761
368.614 9.73165
400.012 9.43347
381.005 9.65269
356.5 9.52949
392.956 9.45662
424.954 9.68319
422.403 9.8824
411.276 9.71513
411.785 9.71155
425.489 9.70857
452.76 9.76537
460.787 10.0742
458.819 9.7263
426.274 9.50981
446.209 9.60162
432.718 9.46303
486.482 9.43624
474.906 9.69374
436.811 9.70332
418.389 9.63318
419.943 9.49721
400.942 9.37371
438.868 9.68457
422.83 9.82488
445.935 9.52935
421.129 9.33327
432.255 9.45926
435.527 9.39539
437.472 9.19455
439.487 9.35225
427.157 9.4715
419.608 9.75077
403.727 9.61126
460.648 9.5708
463.801 9.23366
462.453 9.32265
463.6 9.6811
442.764 9.61652
501.573 9.18268
463.456 9.69779
451.22 9.6496
437.049 9.75556
432.684 9.37661
426.719 9.81352
397.8 9.55882
358.008 9.57129
352.975 9.62934
335.031 9.67508
372.987 9.76599
396.593 9.60234
442.663 9.60269
416.551 9.85813
391.525 9.65353
390.159 9.80248
381.251 9.66927
356.378 9.78207
356.378 9.64408
366.508 9.80471
402.21 9.57653
348.8 9.19905
388.815 9.43461
346.403 9.77752
372.551 9.69857
378.625 9.58825
383.74 9.48546
437.014 9.81078
429.831 9.36987
429.064 9.54488
434.642 9.60503
459.216 9.50555
448.262 9.63867
449.066 9.86868
396.537 9.57403
416.513 9.49621
444.541 9.71152
462.196 9.50685
492.579 9.80463
492.923 9.78362
479.818 9.35531
409.705 9.34128
441.28 9.51005
447.102 9.55403
442.142 9.30885
439.786 9.65265
417.353 9.39382
400.268 9.36577
422.266 9.44209
409.335 10.1497
401.494 9.42825
417.516 9.70871
454.695 9.81911
458.686 9.37229
502.946 9.51922
552.689 9.55331
531.874 9.38706
517.956 9.34296
472.4 9.34891
492.127 9.76494
464.466 9.47005
549.314 9.5635
464.477 9.55534
463.982 9.41701
435.852 9.5154
414.477 9.70362
411.779 9.58584
399.274 9.23906
431.625 9.56443
400.722 9.45949
455.357 9.44188
434.336 9.39386
430.242 9.42713
432.282 9.74511
415.844 9.72936
434.892 10.0807
439.227 9.77743
415.892 9.48753
414.669 9.57508
393.151 9.17244
370.536 9.52466
412.996 9.43266
418.171 9.55418
428.656 9.50063
431.588 9.57406
417.042 9.28918
420.537 9.41999
471.248 9.42388
423.538 9.49297
427.361 9.33711
441.702 9.30226
451.463 9.75978
442.479 9.57273
428.694 9.58847
446.99 9.52444
439.77 9.90632
447.711 9.65163
446.919 9.51333
457.457 9.56613
457.457 9.62111
441.589 9.77843
431.304 9.38444
438.214 9.72184
427.727 9.61199
436.232 9.39953
434.121 9.79028
456.666 9.11502
456.666 9.36524
482.084 9.39623
450.841 9.64443
495.207 9.41972
465.575 9.51412
424.355 9.52035
393.012 9.72762
379.549 9.2979
360.594 9.71841
386.702 9.27551
382.8 9.55663
379.803 9.37584
368.741 9.84338
360.922 9.47837
365.871 9.75138
365.203 9.76522
354.76 9.69259
405.147 9.74422
393.383 9.49277
356.102 9.89419
342.001 9.40607
370.342 9.57537
386.628 9.65135
437.393 9.78781
411.968 9.98909
437.679 9.5194
431.238 9.49172
419.516 9.77829
470.954 9.27336
442.78 9.70532
455.905 9.51056
464.985 9.78378
464.23 9.64938
511.966 9.6574
473.292 9.58861
442.523 9.43925
432.568 9.40045
441.798 9.65204
424.796 9.77201
438.437 9.49566
413.569 10.0262
448.926 9.34643
436.353 9.57088
454.552 9.50476
458.184 9.50143
431.873 9.54991
422.418 9.76029
419.04 9.53153
402.718 9.50272
404.118 9.42944
406.416 9.63387
407.101 9.32536
414.441 9.44773
433.888 9.41271
458.087 9.38951
467.119 9.40805
466.814 9.43629
512.379 9.51098
432.399 9.54451
410.838 10.0892
458.234 9.81012
418.729 9.76113
384.398 9.63801
355.474 9.46444
374.98 9.41081
362.839 9.89844
393.507 9.7299
381.594 9.64675
356.936 9.97418
336.205 9.6594
386.825 9.55013
398.559 9.37982
398.873 9.80337
427.086 9.8903
409.559 9.5429
414.576 9.45724
432.742 9.60201
435.447 9.35813
438.62 9.54854
491.649 9.77307
484.777 9.38121
413.444 9.6215
384.617 9.50547
366.333 9.48791
412.135 10.1434
410.69 9.69609
417.91 9.70011
399.104 9.67828
428.095 9.66051
435.21 9.69123
412.582 9.78583
436.404 9.4316
418.069 9.64783
426.347 9.60059
411.765 9.55129
346.367 9.72307
338.605 9.50723
346.206 9.62712
392.27 9.72209
371.81 9.34042
363.248 9.40356
363.248 9.16093
366.609 9.58807
384 9.64875
404.878 9.63934
374.909 9.65464
396.297 9.68251
399.081 9.29305
396.841 9.56851
379.963 9.70655
333.306 9.22556
360.108 9.7679
353.758 9.97988
355.254 9.44148
355.254 9.93315
399.622 9.51847
409.098 9.41786
406.592 9.4464
435.782 9.34064
415.915 8.98833
418.043 9.51038
453.832 9.34298
437.185 9.82645
390.897 9.5789
407.223 9.64745
412.912 9.26137
417.92 9.96964
382.302 9.52128
416.917 9.6296
440.31 9.49834
425.415 9.65774
423.444 9.27049
429.507 9.59872
418.802 9.31994
392.984 9.46013
409.435 9.51158
406.657 9.53677
418.997 9.69979
440.33 9.70188
437.995 9.74222
480.951 9.84386
420.089 9.52462
493.686 9.53114
439.72 9.46599
446.787 9.72771
361.73 9.78734
334.018 9.53499
334.018 9.60689
351.83 9.31961
375.631 9.2696
385.165 9.27532
399.134 10.056
395.014 9.60481
395.211 9.39532
427.05 9.28925
373.566 9.38807
396.916 9.68161
412.55 9.45867
382.751 9.40343
415.948 9.51743
428.49 9.43614
436.569 9.38515
436.569 9.51976
423.048 9.51872
452.152 9.81551
469.941 9.34194
469.941 9.29009
455.301 9.76635
476.353 9.59882
455.885 9.59347
461.946 9.78132
434.614 9.69036
477.484 9.55438
478.004 9.33196
477.889 9.82937
477.893 9.4176
477.893 9.85583
477.896 9.89203
477.834 9.35804
477.87 9.62233
491.191 9.27676
524.616 9.64202
480.311 9.76863
491.883 9.59699
488.766 9.43951
471.892 9.26061
456.725 9.41268
455.572 9.75642
419.705 9.56747
447.268 9.9072
410.145 10.1633
433.013 9.84283
407.628 9.72358
398.201 9.88908
385.676 9.61509
334.124 9.51718
334.124 9.5869
372.628 9.40547
307.284 9.61195
367.845 9.57249
383.641 9.80568
385.676 9.69287
350.674 9.66762
367.554 9.84186
369.35 9.76987
364.169 9.48769
412.058 9.69775
408.408 9.51706
410.903 9.27831
437.908 9.96474
449.203 9.8973
457.505 9.6488
414.063 9.8813
404.362 9.48425
409.66 9.45211
423.557 9.36016
498.257 9.35009
504.139 9.57348
446.685 9.11885
446.685 9.64231
428.613 9.2227
428.96 9.62651
447.917 9.88929
417.63 9.47717
432.16 9.85828
405.048 9.4776
458.45 9.234
420.749 9.78396
449.345 9.59443
433.26 9.5132
394.736 9.2479
399.702 9.60953
381.833 9.93858
435.497 9.84166
419.331 9.49293
437.335 9.78964
450.498 9.73757
445.56 9.61394
444.32 9.68775
432.175 9.56549
421.372 9.62983
440.497 9.87184
421.201 9.63411
420.737 9.62475
426.509 9.61709
407.981 9.54278
416.652 9.40026
395.361 9.26968
423.089 9.36407
442.763 9.57798
438.938 9.33184
445.833 9.48341
440.897 9.15357
422.899 9.69203
439.801 9.49113
409.456 9.89072
400.707 9.77487
385.341 9.47156
381.149 9.62071
380.426 9.77577
433.071 9.84976
452.027 9.12379
419.226 9.58092
382.479 9.65377
384.526 9.29442
397.22 9.4561
418.52 9.95457
392.535 9.44209
408.696 9.62817
402.899 9.82361
438.906 9.54139
452.248 9.57575
412.165 9.66124
417.709 9.66988
412.917 9.70252
425.937 9.73549
421.884 9.51194
413.594 9.86948
427.122 9.73857
464.969 9.59438
467.476 9.44641
433.702 9.61127
450.216 9.28325
458.385 9.50366
442.1 9.45939
425.041 9.96202
431.898 9.77525
417.781 9.77591
419.215 9.59189
432.693 9.34356
423.835 9.23399
394.048 9.36882
403.396 9.25149
438.001 9.48834
402.259 9.60219
422.938 9.69127
391.664 9.70376
414.067 9.86189
414.613 9.98319
400.769 9.53065
439.926 9.52422
401.079 9.74793
429.161 9.21102
388.146 9.72509
398.125 9.58214
394.287 9.76469
387.653 9.57525
392.669 9.63516
407.317 9.62797
440.055 9.34822
398.16 9.86509
395.605 9.91357
375.361 9.45172
394.831 9.41771
403.469 9.66162
442.21 9.82667
431.222 9.46775
439.661 9.6812
482.378 9.64928
448.022 9.78203
450.336 9.95967
448.882 9.51058
408.848 9.50899
404.634 9.1542
420.457 9.16355
451.468 9.37894
418.006 9.32983
413.686 9.36895
436.327 9.83515
413.355 9.54418
438.825 9.66626
434.226 9.75942
398.077 9.68415
416.613 9.67648
418.275 9.43939
367.72 9.83614
389.672 9.61498
419.323 9.44783
385.549 9.21917
387.222 9.80522
443.191 9.66232
460.729 9.50735
431.879 9.47733
376.461 9.61848
385.495 9.76536
434.212 9.53191
397.04 9.98427
424.152 9.52083
426.88 9.69961
384.712 9.51886
429.504 9.91026
413.228 9.47821
402.635 9.30013
387.05 9.75636
423.245 9.69108
418.17 9.73604
421.87 9.73091
439.977 9.75757
426.414 9.66942
453.108 9.21699
435.86 9.36302
369.925 9.23807
395.526 9.43962
434.253 9.34023
419.218 9.77264
384.325 9.49034
390.551 9.49401
392.02 9.51155
401.59 9.53422
422.328 9.31088
425.113 9.70318
414.012 9.51685
434.074 9.51842
465.36 9.5473
443.629 9.67151
433.332 10.0047
418.354 9.77559
427.214 9.56416
428.489 9.86879
457.725 9.39144
441.867 9.34113
473.619 9.46132
432.649 9.45415
415.422 9.68106
443.314 9.79796
417.129 9.4486
432.952 9.49392
414.238 9.4534
396.045 9.65922
375.541 9.70782
396.137 9.55786
404.19 9.40303
367.164 9.23608
410.409 9.32533
468.867 9.7037
467.26 9.34696
480.653 9.26645
496.716 9.75462
561.554 9.13521
487.75 9.82204
436.054 9.7773
494.596 9.54103
472.376 9.64519
483.824 9.50124
483.824 9.43183
474.579 9.51245
437.998 9.56342
461.522 9.5865
434.198 9.58063
502.671 9.56841
404.889 9.33991
432.515 9.41268
435.197 9.61896
439.449 9.49894
402.522 9.93613
404.072 9.19628
404.962 9.76383
392.783 9.95701
368.203 9.33199
354.579 9.44093
354.579 9.52423
358.994 9.7046
338.35 9.46884
335.287 9.87419
335.287 9.33724
363.412 9.69791
380.4 9.62213
367.817 9.46781
408.881 9.6549
404.656 9.43202
446.369 9.57268
465.447 9.36657
465.141 9.46811
484.711 9.81064
455.379 9.3604
476.397 9.69435
457.767 9.47153
476.369 9.55776
443.206 9.66069
414.85 9.44029
431.589 9.65074
421.022 9.86
421.022 9.33513
423.227 9.67303
411.445 9.51018
418.947 9.62468
526.232 9.55047
505.237 9.87118
505.237 9.29348
496.188 9.31692
531.657 9.51207
546.055 9.7225
501.688 9.74611
496.297 9.58585
482.095 9.56664
486.649 9.5771
437.713 9.70243
465.937 9.2313
468.923 9.29503
458.906 9.54149
478.782 9.45988
436.759 9.41429
445.186 9.39495
392.637 9.39148
406.75 9.32739
399.655 9.4445
421.435 9.48844
402.83 9.74973
