26.2235 53.4126
27.5021 56.1335
26.8608 55.3755
23.9066 57.984
27.2931 56.3307
32.6969 50.0761
24.7323 57.5814
26.6474 56.5416
25.1591 58.5617
25.0226 57.8013
24.7421 54.9231
26.4212 53.96
22.7563 59.1988
26.1236 58.9062
27.5673 56.0867
27.419 49.166
25.075 55.0818
24.6339 58.0146
24.766 57.1492
27.6157 53.25
24.9105 58.1038
25.7749 56.4997
23.9123 59.9931
28.5213 57.4693
27.6076 59.3011
25.4441 55.8797
24.008 59.2435
29.6016 51.7805
27.7215 51.7909
33.728 51.9832
24.2726 58.1158
27.3126 55.2834
24.9741 56.5253
27.8674 59.7386
27.7043 53.0259
26.6836 59.2409
22.3918 57.2211
25.6692 55.6134
26.9213 55.7997
28.429 54.8043
30.9305 53.4586
25.5916 55.828
27.8951 55.389
26.1471 58.4467
31.424 52.5267
27.4167 54.5631
25.205 59.8188
27.8601 57.5652
24.543 53.101
26.2253 56.0977
20.442 60.2546
26.5754 54.4969
25.0901 54.0254
28.4669 53.5156
24.7414 58.418
25.623 55.5844
25.1965 57.2212
25.0837 56.5892
26.2665 54.1937
24.1115 58.2947
21.5276 59.3589
22.9002 56.1333
24.8604 56.4227
24.8134 56.1221
26.7116 53.317
24.8687 56.234
22.2643 62.1847
25.1991 60.9733
26.1271 57.9742
31.4069 54.3856
26.2805 57.1772
27.3855 56.2657
22.7 58.8565
26.4044 56.2911
28.5364 53.7358
26.3399 53.7582
30.3967 54.3174
26.705 56.743
28.3597 52.5407
30.2962 51.4971
27.2763 56.7567
23.7976 55.2701
30.127 52.7034
26.7773 56.6139
26.7988 57.3083
26.0044 56.5542
24.6475 53.6564
28.1302 53.0647
21.7054 55.2367
21.9116 60.5699
30.1862 52.0512
27.3218 58.2975
28.2269 50.5766
26.1131 55.72
24.409 57.138
24.3803 56.0302
24.2515 59.224
25.6841 56.5161
26.6769 55.189
24.7564 58.3636
25.4341 55.7207
25.6496 59.1875
24.8662 60.9616
22.2239 55.9422
26.8121 59.2825
24.5362 58.4198
23.5672 57.5564
23.7284 61.4859
27.8968 57.61
27.7989 56.1805
29.3788 52.1391
28.5528 55.2335
25.2418 58.7884
26.4959 53.9961
27.3941 54.605
28.7295 52.6845
28.9764 53.6175
25.6215 55.9845
24.5317 56.0462
24.2124 54.1515
24.9082 61.3507
25.6771 52.117
26.7636 56.15
28.1388 56.2378
24.7395 57.0841
28.8505 56.7173
29.797 53.7212
27.9259 58.1247
28.3862 58.6724
25.8563 60.2324
23.995 61.1061
21.2396 59.4967
25.5839 57.8474
24.399 56.6745
23.957 58.8557
20.9581 65.3799
24.5716 56.9513
26.4426 57.3285
27.4532 54.5746
27.1495 57.8071
25.7308 59.8518
26.7609 54.2464
22.7113 56.296
26.371 55.0546
24.6818 52.827
23.6156 54.3934
26.36 53.9884
25.7821 60.6562
25.5231 59.1334
27.3313 53.7499
27.3569 56.4917
29.0302 53.7451
26.3641 54.7859
28.3332 56.7233
26.6402 57.408
29.8487 53.9196
30.3656 56.839
30.4438 56.6828
27.8057 59.7987
24.1797 55.9541
25.7422 54.4464
27.8395 56.2492
24.9621 57.6943
26.2751 58.2831
26.4645 54.7171
29.2448 52.5643
23.7289 61.4569
26.6996 56.5316
26.6309 56.8217
32.8481 53.5631
28.1254 55.7284
26.4871 58.4661
21.0857 64.9732
31.0753 58.7049
26.8578 59.2253
27.4856 55.8902
25.9307 55.1529
21.8193 60.2917
22.7566 60.3154
25.3604 54.4466
26.8514 55.8563
22.5584 61.2221
22.5584 60.5925
26.3375 53.5511
30.0854 54.0453
28.1569 58.722
30.603 53.432
29.485 54.2437
30.6862 59.1741
21.6682 60.9727
25.8913 58.0753
24.9399 56.6256
28.5112 60.1302
20.1048 65.2324
30.5724 56.9534
22.7652 61.1999
27.853 53.682
30.2444 55.315
26.4447 55.9659
26.7829 58.6071
24.8197 56.9811
23.3143 56.5228
26.0372 58.3617
25.6253 56.656
26.2224 55.6594
24.9489 57.2027
28.2301 50.8697
29.4214 54.9153
25.8748 55.8525
25.6484 58.1206
29.1072 54.3986
29.6038 51.6955
27.4576 57.1804
23.9565 57.0518
25.8947 54.8555
27.6578 51.4742
29.3634 57.3083
25.5746 61.4762
23.9382 57.6347
24.4454 58.574
28.2069 55.9892
26.7109 53.2394
27.0643 53.6257
28.9303 56.7578
24.802 60.0171
24.5096 60.8787
24.8832 60.8883
25.8491 54.2318
24.6656 61.2781
24.5781 55.9163
26.1542 54.784
26.1928 54.6302
26.173 54.7967
25.2355 56.3491
28.5256 55.2484
26.675 57.3569
23.4332 59.2443
29.1811 57.4607
24.8996 58.3863
25.6032 58.3238
25.246 57.871
24.0989 55.665
28.6231 59.6348
27.8747 57.0439
33.5557 52.0976
31.4937 50.023
28.3597 54.6891
28.5357 54.1455
22.3674 57.2033
28.7784 53.1469
27.7132 55.0795
27.4275 56.0988
25.8174 55.5022
23.5745 56.969
26.3972 54.106
28.9163 56.8033
26.0589 56.042
26.216 55.0823
27.8908 54.3919
26.6434 58.6424
32.3492 55.0801
31.9875 54.968
25.8404 59.1743
25.7682 58.4582
23.9581 62.5919
27.2768 57.8691
27.9746 57.8213
28.7217 53.285
24.9855 57.0301
25.6113 54.7526
29.8973 56.0707
27.6336 58.2495
28.3514 58.7398
31.846 53.3941
30.0408 53.4568
29.346 54.0898
29.9377 55.706
27.4501 55.858
29.5019 54.9225
25.2211 55.5583
25.2805 56.5491
25.3031 61.8179
24.9987 55.6834
28.4206 55.5072
26.1618 56.1147
24.4727 59.4452
20.2442 63.4667
21.69 63.4667
23.0821 59.8556
26.5839 57.708
25.1604 58.6617
26.0591 57.3616
21.1714 65.8765
28.8964 59.2618
27.5862 60.0704
27.1641 58.673
30.9117 53.8883
28.1505 57.1499
21.9024 62.7962
25.1789 54.6507
24.7428 57.8086
23.8732 62.6974
23.3106 62.3642
26.2903 51.9436
26.175 54.6081
27.2363 55.5928
26.2988 55.2046
28.6571 56.5384
26.906 59.0031
24.2369 61.4387
24.5719 59.0912
26.1246 58.3088
28.6396 52.6284
31.2157 54.3527
21.75 54.919
25.8775 56.4127
24.779 62.5491
31.2268 52.2205
21.5374 60.1822
28.7981 60.9609
27.9247 56.2979
28.2499 52.5353
28.1818 57.0771
25.7973 59.3882
20.8863 60.5048
23.18 60.2921
22.7636 60.8745
30.8499 56.7342
26.5953 54.653
32.1291 52.3349
31.7569 54.0069
24.1092 56.3687
28.661 53.1105
27.4401 58.2665
23.441 59.0241
29.4917 55.5563
25.8884 54.9943
24.0144 57.505
25.1979 61.3207
22.6624 62.8358
25.5727 58.8034
27.9382 54.1647
29.4937 53.2115
25.7083 56.6338
23.6929 60.1629
25.0087 59.3699
27.8945 56.2383
26.8723 57.0722
24.6111 55.7633
23.7862 58.5713
27.3877 54.1073
25.7501 56.858
27.6196 59.6018
27.4371 57.2064
25.9036 57.1061
26.1386 52.9187
24.7525 57.688
23.508 60.2786
22.4272 59.081
27.7351 55.6548
28.6663 59.88
30.7843 60.3738
30.5631 55.7764
30.5147 53.2086
29.512 54.2697
27.3732 54.6173
27.4944 55.9836
26.8812 55.3136
28.5908 56.8464
27.5875 58.9503
24.3362 57.6249
23.7628 53.958
23.4442 55.7555
23.953 59.765
24.0669 60.4975
26.9507 54.9718
24.4341 57.4744
26.1019 56.3234
29.9137 50.9023
28.2696 51.1756
26.5904 56.2726
28.7953 58.1158
30.4591 55.6227
29.5202 54.3968
26.1317 57.4129
25.0922 54.4879
25.6192 59.591
28.5282 57.6273
25.3334 57.2318
23.6262 55.9886
25.8385 56.1343
25.7159 55.7673
28.901 55.1634
29.1543 56.8629
24.6354 55.3308
25.4231 57.0109
24.9861 58.0129
26.0012 54.1661
25.0923 57.3517
26.1 56.5988
24.0268 60.369
25.0171 58.5926
25.7338 56.0075
27.5592 53.3429
26.8154 56.2192
25.6846 56.0057
25.944 55.3786
24.3967 57.6805
28.1553 57.2335
28.9414 55.8658
28.1727 56.6534
30.3532 51.4016
30.3532 55.6404
23.2046 60.497
23.2916 59.6189
27.0496 58.4201
26.7272 55.9538
23.8728 56.132
27.3466 55.0181
28.8619 53.2674
26.9955 55.909
25.7013 57.0773
23.2707 57.5675
24.7846 57.1802
24.7444 57.7201
28.9314 55.6617
25.515 55.6453
27.4864 54.7956
25.2541 54.3885
29.07 54.3044
25.8616 49.1228
29.284 54.1098
24.9105 54.9724
27.346 54.4074
25.9366 53.836
28.7221 54.481
31.7525 49.9183
28.7969 56.0201
36.4473 53.7933
51.3525 55.6765
53.2003 56.0236
51.5166 53.0154
33.9339 51.5963
33.6731 54.2802
27.3507 59.5175
25.7816 58.7795
28.6178 52.0779
26.892 52.6493
27.4621 56.3059
23.8642 58.0547
24.7689 58.3332
24.6249 62.201
24.9919 57.0182
23.9967 61.5619
26.6937 56.9087
26.0876 55.6718
22.6492 62.3219
25.3966 59.855
24.0355 55.7788
22.7854 56.3295
22.6665 59.5113
29.1159 56.0902
32.1324 53.3253
28.2181 54.6957
20.847 59.2487
27.1889 52.8639
23.77 62.9567
24.9608 57.1655
27.3987 54.9725
28.4546 56.9712
26.01 55.0297
29.4284 52.2292
26.6871 57.0344
24.4233 58.9412
23.9289 61.3285
31.3454 51.1981
28.4869 52.8398
25.3849 54.8399
27.524 55.5237
30.3775 51.3823
24.8734 58.3677
19.0567 61.0336
31.9449 51.8116
32.4592 58.8463
27.9111 55.4446
26.9976 55.2073
28.163 54.4652
28.1113 52.4837
22.69 60.1706
26.8672 58.0035
22.9574 56.7996
23.7679 56.8578
24.0556 58.3248
22.3986 58.8124
22.9023 59.2006
32.0459 49.5025
25.4268 60.4995
22.0607 59.2086
29.3065 52.3388
23.2346 54.8367
22.432 63.1157
26.7947 54.1804
25.177 56.0599
28.055 52.4399
25.7656 56.7677
23.1599 59.8343
27.2118 59.7809
23.8984 58.78
20.1487 60.6096
21.8603 58.6311
31.104 57.3274
28.5014 55.8903
23.892 59.6398
25.6104 57.2523
32.4067 52.0379
29.9424 50.3767
33.4575 54.6144
29.0266 51.5395
28.9547 53.4369
22.0141 63.2442
22.0116 62.1784
28.5294 58.8791
24.6869 57.7862
27.6968 57.404
27.992 57.7086
21.8042 62.5873
24.1306 59.1943
22.4434 58.0314
19.6846 63.6353
23.1443 60.7764
21.7495 61.8852
27.1488 60.2979
22.968 63.7305
32.7328 56.8729
25.693 57.5855
22.4447 61.572
24.9084 59.5221
24.2164 54.9982
23.5966 61.7556
23.3177 57.0599
24.0678 61.3021
25.7882 61.3545
23.6135 55.912
23.2031 59.746
24.1856 60.941
25.6234 59.9713
25.9736 60.345
31.7429 51.4767
31.1664 52.4259
29.8578 62.2151
26.5676 58.6969
25.247 57.9284
25.449 59.4736
23.5572 60.494
22.6556 58.1332
26.5137 56.2599
28.2551 54.0504
28.7409 53.9699
32.7253 56.8039
28.0814 54.9457
22.1226 56.8832
23.5091 59.9434
24.4965 54.8861
26.2688 57.2942
30.8552 51.8994
29.1162 50.8921
26.9483 53.322
32.3353 52.905
27.7963 54.5659
23.4493 55.6214
30.4879 52.3501
26.3471 54.6871
25.7962 56.26
25.9459 57.9944
27.3548 51.6813
29.6539 50.6772
28.937 56.0793
27.729 61.3915
37.0501 53.7583
39.3647 54.5742
36.5974 55.5385
33.9726 58.5368
31.1147 56.5608
31.4659 51.7977
27.2554 58.3959
26.2569 53.4132
31.2162 52.404
34.9014 48.8713
33.471 52.6337
31.6871 54.4568
29.456 53.6562
28.6154 53.8373
29.0863 54.1764
27.6044 54.9191
27.0576 54.7462
27.6445 54.1379
26.1997 52.5874
29.7138 58.3272
29.9157 56.3842
20.8184 57.706
30.8522 56.6437
26.5619 54.6187
28.4026 54.9229
24.9478 55.8468
21.1987 61.6741
25.6955 60.2514
23.6312 56.2707
27.2877 56.6666
27.1543 57.377
27.4921 54.7388
23.3781 57.1513
26.949 58.7614
33.7802 55.4985
28.3268 56.8061
29.4235 51.3851
26.8706 55.8871
27.8531 53.0375
25.9675 53.9262
21.7021 58.1139
23.8907 54.5804
23.9054 59.1843
24.2612 58.6676
32.1815 54.1559
29.5161 56.6367
24.2448 58.8476
22.9991 61.5939
24.7096 60.0994
24.4881 58.9791
28.55 56.5027
25.3414 55.2474
28.8888 56.5435
24.6715 56.7132
21.6007 65.3554
24.8886 58.3601
19.8391 57.2174
24.2431 58.2572
26.1862 53.2976
27.8968 53.8926
30.8764 56.3148
27.626 55.9207
26.5146 57.3744
29.7728 60.047
30.3111 55.6673
28.6975 52.2969
27.4415 53.1642
28.0019 53.3484
26.4042 55.4105
29.4594 52.2975
27.7013 51.5683
24.8489 58.7883
24.983 58.5768
28.6686 54.0047
25.2803 59.0542
24.8987 58.0655
27.252 56.7211
21.2833 60.2003
23.5716 57.7558
21.4498 61.5275
26.7341 58.2071
27.5615 56.3836
23.3086 59.6777
21.495 61.0028
24.493 58.0428
29.0721 56.1386
27.0169 59.429
30.651 58.0176
30.7273 54.9072
27.1492 55.6615
29.4185 53.0338
33.7254 52.096
25.5499 56.0502
26.1061 56.718
25.9449 56.4073
28.0427 54.8229
22.8666 56.1952
25.7002 58.3389
27.3353 58.5497
25.973 57.8519
31.4722 51.431
28.2691 55.593
25.431 57.3934
25.7012 55.7027
24.1524 59.0236
25.3834 58.1533
27.3391 54.6761
23.8409 56.8321
26.4546 58.9659
25.3958 57.6097
26.3955 56.1694
28.1123 56.3653
25.6118 57.2877
23.1934 60.5161
24.8728 59.4845
24.3102 59.1453
24.1712 62.9422
26.9255 58.69
25.1842 58.9785
26.5627 57.306
23.6509 60.9516
26.5394 56.4187
25.6217 54.1089
29.1536 54.3206
26.3902 55.6232
26.6231 58.5549
25.6767 55.4413
23.6239 56.5469
23.2113 57.2662
23.6144 58.9842
24.4787 60.4286
23.3407 59.1199
23.3918 56.8532
24.5048 56.7872
24.548 60.1715
27.9538 54.7498
30.6439 50.0207
26.7122 56.002
26.7527 56.6339
31.2134 51.0208
21.4449 64.2577
23.6988 57.7574
23.7814 61.5197
24.7703 56.3509
25.8325 61.5604
26.1992 55.8868
27.7326 54.3071
26.5296 57.457
27.2516 58.4264
23.0882 58.1084
25.124 56.4476
26.1104 53.4673
26.3117 56.4879
26.3326 55.741
25.136 58.276
27.0517 61.4977
32.2502 56.4
31.2692 53.1194
27.4741 56.0515
24.2918 58.3546
23.4905 60.5366
24.0425 57.8452
23.8163 55.1956
22.598 60.4977
27.3977 57.0333
25.4405 54.2833
25.459 56.1562
24.9491 61.4931
23.43 56.4464
23.2476 58.3595
21.3542 58.6332
22.8493 59.4832
19.8376 60.0729
22.3273 58.3631
24.9837 59.1126
28.2589 55.0597
32.2233 53.4762
28.5051 53.8331
28.7967 51.2284
25.197 56.9575
24.725 59.4631
22.4713 60.0924
23.5263 57.6672
26.8932 57.9872
27.273 56.8515
26.935 58.2285
22.8703 60.397
24.1421 54.6619
26.3198 55.4015
24.9467 62.3193
26.0714 60.1018
26.6985 53.6655
27.3132 58.1314
29.2496 53.5341
27.4736 52.6358
25.1939 58.7804
27.6372 57.8515
24.0031 57.6622
26.5545 56.9244
28.5997 57.885
23.976 57.3206
24.6918 57.2817
26.1632 58.3664
22.7134 56.3853
23.4762 56.9698
29.1776 56.7969
21.3428 59.2398
24.7352 55.7157
25.2049 53.2447
29.7701 49.9194
27.6566 59.4343
26.9099 53.9464
29.1895 54.1941
25.9954 56.4976
30.0137 57.6198
27.1855 52.6448
25.5355 53.3754
25.0885 60.2351
21.8666 56.7546
24.721 53.7313
20.3933 58.7646
23.6955 59.1175
24.6698 60.3636
21.0132 59.9985
23.0563 58.3509
26.261 58.827
26.5404 56.4216
26.535 56.2217
25.5541 58.4676
24.9055 59.1173
23.8406 55.0251
24.0984 54.3791
24.4039 60.0806
27.2199 57.2834
28.3273 54.6244
25.0269 54.6615
25.1555 53.8944
24.5473 53.7719
22.0704 55.9657
23.7152 56.3465
23.9914 56.5334
19.0615 56.2463
19.4561 58.8527
21.1178 59.3126
21.3616 55.229
21.2196 54.5268
23.1818 54.342
22.9008 57.2711
26.403 57.4577
25.0292 55.7687
26.1028 54.5271
25.4497 53.9799
23.5565 53.1837
23.4838 53.1952
27.414 53.1952
26.2222 57.7927
23.5399 58.9253
23.7205 53.1847
22.8359 53.0171
26.7207 50.7636
26.6906 52.5577
20.8037 52.5589
24.5616 52.5687
23.6047 51.2493
27.1818 48.5316
21.836 51.3371
24.7197 52.2152
25.2553 53.1996
25.4417 51.4296
25.8495 54.0249
25.8955 56.899
25.8906 54.2017
25.9224 55.5086
25.9063 52.4794
23.2978 52.3081
21.8168 53.4219
22.2694 52.5716
20.7401 53.7276
21.7162 56.3687
21.7257 56.4206
23.0158 54.8128
24.2725 56.5797
24.2093 55.6393
24.7209 54.1379
25.9489 55.6144
25.2595 54.1361
26.3952 56.843
24.1128 57.9942
26.0981 55.1067
24.0417 54.6307
26.0092 52.6398
26.986 55.523
26.1108 54.1397
27.7558 53.4155
28.9858 55.1994
25.2376 54.752
26.3203 57.6813
27.8385 51.2909
25.3157 56.545
26.3535 51.0514
25.3214 57.8737
21.4104 59.6256
21.4461 59.8704
20.5348 55.8142
20.3902 58.4379
17.0397 58.4209
22.8567 58.4327
23.5552 58.427
24.8892 59.0924
23.3673 55.9976
23.6166 54.0274
22.7962 55.684
22.8501 57.6066
22.8002 57.4793
23.6343 53.3353
24.6141 54.2464
25.32 48.9815
23.1058 55.6224
23.4414 55.8058
19.6562 53.5286
18.6133 58.9551
22.4807 55.296
23.4887 55.5035
24.7973 55.2331
19.6934 58.9256
23.9895 55.5416
23.1228 53.7464
26.3902 54.9108
21.0264 59.8574
22.5125 57.7529
21.7077 58.2678
24.6347 57.5242
23.3865 57.0498
21.5658 56.1732
23.8844 55.7674
25.9939 53.2214
25.0742 52.7373
26.9548 49.4414
26.654 50.6002
25.6749 53.5632
26.253 50.8829
21.3826 51.3373
23.8829 55.075
22.0155 55.758
20.5029 53.5673
23.1369 55.1386
23.1491 55.4945
20.9184 54.1438
20.9184 61.1524
22.3545 50.9575
23.1507 50.1927
25.9147 53.7955
24.982 54.6207
22.2644 55.8208
22.8564 57.5876
24.5006 52.0343
25.1434 54.2106
25.1434 51.3039
21.9454 53.6029
21.7326 58.1999
21.0886 59.551
22.6937 56.2963
23.4381 55.1605
25.2808 56.0663
23.578 56.7276
22.3205 55.864
22.7502 55.8917
21.7399 54.7228
22.7563 56.5793
23.9783 53.9114
24.0158 55.6609
25.8035 52.1223
26.058 53.2005
23.1322 53.2005
21.8719 53.136
26.8473 49.7811
26.4826 51.6893
24.1687 48.5425
25.5608 56.4337
24.1892 57.7902
24.3274 58.7742
23.272 53.632
19.7161 59.155
22.2485 55.3487
22.8671 57.1408
23.6182 55.3305
22.7329 53.5309
20.8158 53.9901
22.7436 54.5663
24.7506 57.4188
23.3622 57.0578
21.6456 56.2382
21.5756 56.7562
23.5234 56.0334
23.5234 52.4621
22.5793 57.6088
22.9166 58.0902
26.5748 53.2832
26.0878 52.0952
24.3661 52.0952
23.3936 54.0088
24.5531 51.7253
24.3296 55.3677
21.5585 57.9802
23.4433 57.9721
23.184 57.9313
22.1989 57.8268
22.1174 55.6657
24.9671 51.4734
21.5192 55.8844
21.4564 53.2446
22.8554 52.1944
26.9587 53.1025
23.678 47.6785
21.783 54.7508
21.6139 56.0892
17.6063 55.578
18.848 61.0454
22.1556 59.6603
22.1541 55.6724
21.9711 53.1147
22.6853 54.2746
22.29 49.654
20.9179 55.8194
24.5237 55.4253
21.0992 59.4346
24.2257 58.3649
26.7202 55.3628
26.8682 54.5442
26.572 53.5625
26.5451 50.7735
26.679 54.7924
25.3021 53.8186
24.0611 58.0566
21.6963 58.2093
21.6963 58.2093
23.0289 58.8186
20.457 58.8293
20.457 56.5156
17.4587 60.1045
22.5125 57.2483
22.5125 57.2483
22.0609 56.0442
24.277 56.3928
21.5338 56.999
23.3075 56.9709
23.5859 57.1017
24.0182 57.108
25.5965 56.8255
25.3776 54.2813
25.5362 55.9481
24.6075 56.0016
24.8969 55.3679
24.8579 55.8418
25.6865 53.0628
21.5576 54.9967
22.0772 55.4343
21.9767 58.7332
21.6496 57.0053
22.0571 54.61
20.6543 56.8612
19.5536 56.3519
18.6315 52.7567
19.5998 61.1044
18.7428 60.8988
20.0199 60.8988
22.4137 56.401
25.9065 54.06
25.3177 54.0946
23.1477 57.7014
26.0905 56.4032
27.6193 57.4848
21.4401 57.8933
24.0286 55.84
28.344 58.8495
26.5287 56.9581
27.3918 55.776
26.0958 53.5553
25.8253 54.8612
25.0071 55.7449
21.511 53.9017
22.5915 55.3293
24.9703 55.4548
23.6384 55.9798
20.5058 56.9327
21.3622 56.25
25.6771 54.7953
26.6345 50.7693
26.2188 52.0538
29.6308 51.8438
26.3555 52.3639
27.6517 51.6139
22.7973 52.8005
23.0021 55.2201
22.6019 57.2222
22.9496 57.8557
24.177 57.2906
25.2153 56.2427
26.7777 54.128
25.9688 54.5294
26.1398 54.5913
26.9641 51.827
26.4822 51.4794
23.3311 52.9684
27.87 54.3562
22.8375 55.6212
21.8899 55.4381
21.987 51.8917
24.1104 51.8829
23.3841 54.9472
25.8724 54.1553
24.2262 53.1825
24.2262 50.7824
24.2725 51.8468
26.0798 56.8168
26.0927 53.9357
26.0748 51.9716
23.6268 54.7784
23.6268 51.2014
20.9501 54.9025
20.1228 55.6597
23.2682 56.7242
29.8181 55.5356
23.0401 55.3954
23.0401 57.394
23.3231 56.4999
22.419 53.0591
24.1939 54.3765
23.6829 55.978
25.3137 56.08
24.9889 57.294
23.3656 56.4955
23.2853 56.4955
21.8093 58.3439
25.3118 59.5197
26.923 58.0613
28.9736 53.7697
28.7804 55.0351
25.2845 54.0189
27.7686 54.2664
26.8066 53.7254
28.2662 53.4115
26.8404 54.2586
28.2665 52.1962
31.2604 55.9061
24.2311 56.2019
28.464 56.3981
23.963 54.255
26.6811 53.6841
25.1875 53.5058
22.0961 58.0065
22.4758 55.9815
22.2768 54.5902
18.9132 60.181
21.9894 57.4118
18.9885 57.7813
23.2422 57.5062
23.3867 57.6631
22.163 57.5484
22.163 54.5823
25.7131 53.6291
26.4945 54.0733
25.9768 55.346
24.8537 51.9014
23.5707 52.5991
24.1838 52.6283
21.9956 52.6651
22.2286 56.5089
21.8843 54.3765
21.7608 52.7905
21.7608 60.3402
21.7608 52.0594
19.9796 56.8717
19.8535 55.5788
21.6885 54.6262
22.0487 55.5713
21.3843 55.1373
20.7575 57.6832
28.904 53.6952
28.2216 50.9197
31.9596 53.8894
29.6481 50.532
27.3746 50.7849
27.0776 50.9939
22.4932 54.5541
25.1127 54.536
23.8847 55.2718
23.6358 53.9814
22.667 59.2564
22.2625 58.1503
24.9081 56.512
22.0808 57.1396
27.3321 63.9587
19.5608 63.308
24.6233 58.6712
26.345 59.4687
25.9794 53.0244
23.5888 58.3233
29.7683 55.6219
26.7118 54.1672
27.5227 55.1072
28.1559 53.9964
25.5771 54.6956
27.7978 54.3483
28.7994 56.4139
28.146 48.1033
25.3672 55.658
25.6329 52.1812
24.6962 55.8643
24.3631 55.3248
24.3631 56.8387
24.0049 57.474
27.0548 55.0576
27.0548 56.0317
27.5261 53.7197
28.124 52.2658
28.0282 54.0003
30.29 54.237
27.3664 55.5508
23.6305 55.5554
20.1549 55.6845
21.3381 55.4107
24.3773 55.425
24.8718 53.4664
22.714 53.6346
21.9574 57.729
18.7858 59.7997
18.256 58.4744
22.3376 54.4466
22.8669 58.3224
21.7193 58.2113
19.8798 57.9418
20.0937 58.2976
21.2691 58.6281
23.4014 60.6833
24.2795 54.4484
25.6106 53.911
22.7019 53.6016
24.0573 53.682
20.0329 55.1316
22.3176 54.4846
22.1019 54.3921
22.1746 55.763
20.2181 58.4356
20.7051 57.5696
20.3325 57.9787
19.0176 54.913
20.8435 57.8731
18.65 57.2244
24.1583 55.7066
25.3032 55.8687
27.445 50.8216
25.8506 54.7062
25.2425 54.0765
22.8065 58.0132
25.431 56.9268
24.975 54.6583
24.6296 55.0541
22.1373 58.5185
22.7781 58.6234
28.9091 57.0844
26.2832 52.8647
29.6043 53.6175
28.3101 53.8166
25.8265 58.1641
24.3299 59.2077
22.6965 57.8185
26.1555 51.1243
26.3328 51.8674
23.9502 53.3823
23.9046 52.6722
21.5893 55.8433
24.5345 54.8354
23.8598 49.6266
26.2186 54.6591
23.5897 55.2429
26.146 55.461
25.8887 51.197
25.6427 50.2777
26.7929 49.6437
28.3831 50.1506
27.3483 50.1506
27.7109 50.0231
26.0111 54.5412
25.2167 56.2791
25.0582 56.4494
26.0924 54.6304
25.6897 52.1161
25.4455 55.464
22.1067 55.3978
23.2033 55.6648
23.2033 54.9354
23.6679 54.7243
20.0521 55.1417
24.5789 57.2528
24.3462 52.078
24.258 52.7823
23.479 53.0259
26.5383 53.9081
25.2715 57.7932
20.1678 58.7566
22.5511 60.2345
21.6929 57.2375
21.6929 57.2696
22.2918 57.8662
25 55.3986
26.3235 55.3348
25.8338 54.3913
24.5156 53.3785
22.7451 54.3936
27.9345 51.1133
27.8772 47.5318
27.8752 52.0737
27.5172 52.2575
26.3393 53.4322
23.0136 56.7733
20.5044 56.6923
22.8806 52.806
22.4558 55.1953
23.6862 56.4635
25.7245 54.7238
27.5003 52.7149
23.3539 55.1291
26.4182 50.9443
25.8099 52.5562
24.8431 56.5164
23.3011 60.3839
23.3162 57.0965
24.6038 57.0238
24.5991 54.9563
24.0786 58.2722
22.2609 59.0569
29.502 53.51
25.664 57.8341
26.9178 54.7558
24.8725 55.1112
25.9631 54.7369
25.5841 58.6746
26.8299 54.8245
26.3154 53.5988
30.379 51.9699
22.0246 55.2716
21.8184 60.3695
19.181 60.7739
24.0021 54.2772
28.4183 56.1024
29.3094 56.4293
26.6091 57.2663
26.7882 58.1277
22.8771 59.4465
22.9473 58.4238
22.9243 56.3433
21.0785 58.2107
21.287 56.8945
21.5678 58.9174
22.0349 58.1544
21.4122 58.1544
23.9633 53.6425
24.644 51.4606
26.3704 51.4606
24.2599 51.4606
21.7912 55.1488
21.5617 56.6163
22.0769 58.2201
21.9143 58.8921
22.1716 52.9354
22.0812 55.2845
21.673 60.0505
19.9539 59.1615
21.1355 56.3853
20.2466 57.0096
32.144 52.0748
29.2173 57.2621
29.0236 53.5969
27.9546 51.8308
32.1767 51.3601
30.1967 51.8571
28.7339 52.3613
26.6952 55.3731
28.5799 57.2597
31.4366 57.1473
28.3923 56.5193
32.4667 56.2584
36.5283 57.2971
36.6407 56.4748
20.7418 54.1984
18.7701 59.0751
22.1197 51.0149
23.3707 51.8623
21.7062 55.8119
25.6434 50.9595
23.2535 52.4551
22.4929 53.5334
24.3132 54.6898
27.8006 51.4573
28.6657 46.4154
26.6957 48.6564
27.7331 52.9498
25.8665 49.3042
22.4485 54.2154
23.5209 55.0284
20.7532 56.4864
24.4171 56.3987
25.5063 48.2062
20.8436 55.1446
20.8044 58.6507
19.5499 59.5589
19.5181 60.3237
17.2427 56.489
20.0562 55.7708
19.7407 57.8922
19.6767 58.2047
18.6016 56.4622
18.0722 57.5315
20.1485 58.8554
22.0892 58.8788
19.9336 62.6405
20.6054 54.9383
22.2969 56.1924
18.6459 57.3581
23.9448 54.3216
22.5557 56.9666
22.6376 59.3276
22.6486 56.0817
21.9257 55.8342
24.2406 52.5809
24.2754 54.8746
24.8398 50.3431
22.4796 56.4764
25.9979 56.6377
23.6777 55.129
22.766 58.778
26.2577 56.9165
22.8523 56.6402
21.0398 60.0559
24.8115 59.4288
23.979 59.3129
18.9639 58.8919
20.4003 51.473
19.4141 57.9153
20.0846 57.0702
18.7963 54.3922
23.3302 56.8132
24.6132 54.4914
24.6132 54.1022
23.5563 54.7372
22.9838 54.7034
29.4189 53.4783
24.3734 52.1433
25.1723 54.0404
23.1265 55.5579
23.1265 54.4578
21.9382 54.4936
23.3526 54.4072
24.6932 54.5605
24.6932 55.6975
25.3327 55.8587
21.5964 54.4485
25.0551 54.4485
25.1596 53.7003
27.9963 51.9143
30.0048 49.5577
30.0512 51.6005
31.9758 49.746
29.2824 47.1466
25.3048 47.9774
23.0197 52.0336
19.4877 60.1116
21.2833 58.9659
20.3005 56.7277
19.3926 57.8292
19.3926 55.7574
22.975 58.9444
22.9073 55.1378
23.4295 54.0013
21.5365 55.7836
19.9099 56.6676
18.6388 59.0576
21.8166 57.9228
22.9857 57.211
19.9494 56.1051
18.2361 55.8978
23.1458 54.7212
28.1508 53.5722
28.4211 56.9459
28.1072 57.8902
27.0002 52.4913
21.9301 52.4581
20.9443 54.6431
21.5327 58.6571
20.8427 56.9884
20.6477 58.0415
19.8404 58.9924
25.3931 54.4676
23.1129 56.0055
26.404 54.4779
27.0628 54.9602
24.7714 56.1879
24.1684 57.0638
25.1285 55.1759
24.1682 58.1388
27.2425 57.0605
23.9827 58.1716
25.577 54.7287
25.6237 56.6122
26.5841 56.2116
29.0536 55.44
27.5652 61.0656
26.6892 56.8535
24.423 53.3199
23.3553 57.9651
26.0686 55.6674
27.0766 56.1093
32.3159 53.324
27.4537 54.2381
18.3354 61.1754
22.0569 59.7233
24.4641 60.8215
24.7962 57.3689
26.2536 57.5394
26.2512 59.7934
26.1785 56.5562
25.6588 56.6785
24.497 58.7615
26.3828 61.1615
23.1597 60.4509
24.3732 58.0042
26.7243 54.5201
24.4034 57.6724
28.2792 56.4291
28.4768 58.0626
24.042 57.0666
21.3071 61.8191
23.4718 57.9236
24.6007 55.5242
19.6407 59.908
28.4985 57.5982
29.0838 55.2393
28.522 59.4256
29.2077 59.1081
28.8977 55.3914
21.2938 57.0031
24.9876 60.9571
27.2431 56.6904
27.5082 56.625
21.3359 59.7074
25.928 58.9815
27.1607 51.5218
27.6612 53.8508
29.6023 56.9996
26.9065 59.6396
28.9311 52.8042
27.3153 58.4544
26.3178 56.9988
26.2333 55.1553
24.9602 57.2551
23.3775 58.7686
25.5062 53.8583
27.4569 56.2357
25.2303 58.4244
24.5383 58.6873
25.6236 58.7687
25.7738 55.8039
28.7448 53.4712
22.4833 60.8568
23.4977 58.8558
24.3279 56.9434
21.1561 59.5086
22.715 60.2287
25.989 56.7091
29.1417 54.1094
26.444 53.94
27.2943 57.4834
22.608 59.7713
23.2728 58.8467
23.8201 63.6915
24.2456 59.7921
22.6045 58.8986
25.7527 57.4527
22.5728 60.9048
24.0027 56.0355
23.1031 54.9022
32.1912 52.581
30.6111 54.8489
28.0942 54.4598
23.394 56.0735
24.3156 61.1814
23.9221 62.2141
27.074 59.0414
23.5713 55.9885
27.3191 60.2581
26.6252 60.0557
24.027 60.2198
27.5173 56.378
26.9682 57.7536
26.0463 57.4807
26.2415 59.6079
27.1556 57.6327
20.0559 60.7
28.4927 58.0826
31.8945 56.4395
29.9966 53.7036
27.4971 52.2802
24.2838 57.3307
25.4438 57.8187
24.671 53.8884
24.7223 56.7002
25.7833 56.2037
24.6885 55.2436
27.1621 55.269
26.3988 54.8261
23.2561 58.3689
21.6544 59.0351
24.0694 57.6128
26.5974 58.1285
23.9465 57.1632
25.2145 59.309
26.71 60.1087
26.5884 56.7882
24.4586 62.4532
23.1496 59.8109
24.8925 58.4705
25.7403 56.7047
23.9527 58.7675
25.5891 55.9989
24.786 58.5257
24.1589 55.7667
33.2487 52.2215
28.5837 57.0164
25.5641 55.5832
22.4293 59.5232
23.3569 54.7209
28.4416 56.775
28.2403 55.6124
22.5717 62.6915
20.5039 63.8723
22.5325 60.5647
23.7449 54.2351
25.9838 52.7241
22.416 57.0389
22.3867 61.5326
25.303 56.0058
27.9402 56.577
25.7628 56.9291
29.1475 53.833
29.3388 53.8225
31.0007 57.0341
31.0183 53.5583
26.1058 53.5704
24.6363 56.6951
21.8806 64.1572
25.6965 59.3931
25.932 60.2685
25.1638 57.4605
25.8777 55.5343
25.1582 56.2287
34.228 51.8232
37.3409 51.6366
31.3094 50.9581
29.2707 56.9706
24.3102 59.1912
29.1664 54.5044
24.9008 55.5177
24.0801 55.3245
28.8193 55.9778
26.9941 58.3314
28.0901 55.2899
27.5296 55.2578
23.2324 60.5637
23.1926 61.9217
21.8844 62.1009
22.3782 59.295
30.004 59.0332
30.3932 50.1875
32.5883 55.3525
27.0371 53.6188
27.466 52.8812
27.1128 56.4672
27.2811 53.7597
29.9443 53.4995
27.3307 56.58
27.1434 56.7908
27.2743 59.6993
22.3684 58.0137
26.7308 55.7815
21.9292 59.7065
22.2416 60.6681
25.201 58.7853
23.4065 61.0071
26.5638 56.2819
28.0818 56.9801
24.2256 60.5148
23.9299 58.3758
27.2882 58.8177
25.8846 59.5228
24.4422 57.5334
31.1943 55.6453
32.437 51.1583
23.8142 58.15
25.1837 56.7906
26.0144 61.4689
23.4845 57.8317
26.292 53.9805
24.7171 54.2882
26.6648 55.4826
26.5903 56.7569
27.368 52.2955
25.667 54.0042
27.1527 56.159
27.3528 56.2068
28.4597 55.7717
28.2806 55.5202
21.0729 59.2181
26.4078 56.4591
28.0806 56.5594
22.735 57.4798
23.8698 58.3702
24.4246 58.9076
27.6421 57.088
26.3717 55.9625
28.7258 54.5557
25.5523 58.6853
22.1175 56.9915
23.2355 58.4317
25.7349 52.707
30.9785 53.4284
24.2489 54.1147
26.5394 53.2294
28.2845 55.5948
27.9654 55.6545
26.3066 56.7328
23.8011 57.7183
25.2832 57.7183
25.0454 57.1237
26.4256 59.7569
28.3432 56.859
30.6214 53.1492
26.3857 55.0437
24.2197 57.1632
25.0402 59.498
24.5963 59.7355
25.9937 60.2243
27.231 56.2115
25.056 56.5622
24.7137 57.8894
23.5486 56.6095
24.1312 56.2111
27.0349 57.346
23.8046 59.3729
27.2216 53.3994
27.2097 54.9562
21.5294 60.1375
25.6161 55.411
23.2714 54.4852
27.4641 53.2242
28.8883 54.616
24.9481 57.515
28.4104 58.1206
26.6064 55.1544
23.6821 56.9786
24.12 57.5289
26.5837 56.8745
27.8184 54.3394
28.5 54.9346
23.2524 54.9223
28.6392 56.7507
27.0102 57.1861
26.2348 56.6721
24.4733 58.08
25.7605 59.8652
28.3437 51.7232
28.6578 56.5505
26.2944 58.0384
27.2738 55.4673
27.9197 53.1383
30.6659 55.7883
29.1167 56.1553
31.519 51.9114
28.3813 54.8165
27.7951 54.9775
26.6715 54.4001
28.1782 55.9383
26.5394 57.878
24.0365 54.4811
24.635 56.4094
28.537 55.3493
26.3882 55.4836
24.1936 59.5651
22.1273 59.863
26.0881 55.2333
26.0414 54.4555
28.8858 53.7751
24.9957 58.2221
27.0427 57.8899
24.057 59.0312
23.5567 58.6212
29.8013 53.9467
27.4117 55.3887
26.3831 57.891
29.9593 58.9713
28.1768 53.9738
27.7063 55.4558
28.5203 56.228
26.9169 58.8661
30.8428 52.2827
26.1035 57.9165
31.0975 60.5577
28.3675 54.4194
28.1005 57.3475
28.4437 56.8083
27.8775 57.414
29.9256 55.1493
33.0848 52.5925
32.5791 57.2115
28.3305 55.264
27.4132 58.1376
25.4919 53.6109
27.584 51.5392
28.0028 53.6206
27.8387 53.5285
28.026 57.523
24.5884 56.1741
25.228 58.3162
27.4205 58.3258
27.5668 56.7651
26.7276 58.1551
26.7188 57.1301
25.6318 55.5861
28.4688 52.8751
28.5509 57.7304
23.6336 54.073
24.1961 56.3409
26.7448 56.9086
19.1821 55.594
23.4348 57.7246
27.6744 57.0424
25.2039 56.469
26.4811 54.9738
24.7234 58.7185
23.0771 60.2468
21.9973 60.8357
25.776 56.208
22.3768 59.6786
22.3768 57.3683
27.9547 57.3632
21.3981 57.1297
24.1908 55.9528
24.0265 55.2912
20.715 59.7986
24.0148 59.3387
24.3868 57.0676
29.6838 52.1286
23.1348 59.9551
25.1504 56.385
25.5539 57.0034
21.4135 60.3927
26.4935 56.113
25.4691 58.8113
19.4149 57.2648
21.4971 57.1668
25.635 55.4853
27.6078 55.5027
27.3866 55.4799
27.7277 53.5106
31.5702 52.4497
31.9717 53.6185
26.4158 55.2404
24.6285 56.1366
28.5471 54.3883
25.5192 54.6181
27.851 57.1387
27.8245 56.4828
26.3503 59.9912
28.1404 55.1909
26.4908 51.4511
22.8122 57.9393
26.7954 57.28
24.6541 57.4411
25.0365 59.4012
23.5873 63.3835
25.0663 57.3978
27.3971 53.9184
21.5618 55.9577
26.5878 57.0439
29.1403 53.8148
22.503 57.2527
21.6144 59.0816
23.4442 60.4108
23.7978 57.3688
27.1886 55.0902
24.0128 54.3073
27.1756 55.6976
24.2996 57.0953
27.2807 57.1133
24.0011 58.7324
24.1615 57.3708
24.4266 57.7384
23.8592 58.3307
28.7856 55.6478
26.7291 57.5319
23.6591 57.6352
30.5274 53.747
28.4314 57.0545
25.2597 60.2955
29.7191 58.87
26.9485 56.8849
23.6519 61.5933
23.3774 59.1637
22.7787 61.0691
23.5332 60.5985
32.7409 50.3177
28.8798 52.6377
29.2728 50.7926
33.2642 50.6837
25.5805 58.556
27.3593 58.7342
29.8467 57.7185
25.6705 57.7472
27.4115 54.7307
25.3046 56.5984
31.6992 58.4665
28.2609 59.7343
25.4254 57.1484
27.8851 54.2027
25.7686 55.3655
23.0716 56.4179
25.1947 56.2401
24.2764 57.3317
25.3909 56.1283
30.7367 52.7964
31.1488 52.036
31.6032 55.9667
24.555 53.6966
25.119 58.7593
21.6681 58.5923
26.2851 56.9861
26.7264 53.8813
30.8833 57.1765
33.9242 53.816
34.5347 49.0086
33.4789 51.3826
39.0107 55.0543
30.0753 51.034
27.0419 57.5614
25.6791 56.4665
27.5734 59.4524
26.2736 56.8649
26.607 57.6202
25.2398 56.7342
24.8101 58.1585
24.9175 59.1151
25.1396 58.8511
32.8979 49.8781
29.3778 53.5739
30.1819 52.5852
27.9881 53.9042
22.7198 58.456
26.8851 57.5309
27.1057 59.5574
21.9199 61.2587
30.8279 55.6304
25.5391 56.7748
33.6452 56.2838
26.4162 60.7255
22.6796 57.5667
22.7977 56.6305
25.4818 60.4192
26.9938 57.7091
24.7744 56.9634
25.6257 54.5377
21.8057 59.9351
24.7397 56.6853
23.2923 58.3742
26.7515 55.721
27.5054 59.4651
25.1211 58.3799
20.3856 61.8002
25.2698 57.6224
20.8273 59.1149
23.6631 61.2831
23.2731 60.6253
27.7721 52.455
26.7021 57.0935
23.848 59.2103
24.859 56.9556
25.0028 52.2197
27.8375 52.1814
22.6013 59.331
25.7424 58.0705
25.1023 55.5498
22.0473 59.9213
27.2418 55.2749
21.7409 60.7349
23.0214 57.1436
22.1764 60.3275
25.167 54.7361
22.679 55.7582
24.0107 59.5412
25.3599 56.0152
21.536 60.4743
23.4848 61.7364
27.6018 56.0411
26.1783 57.6943
28.4427 51.7238
28.5973 51.0366
28.3126 54.0442
28.9813 53.6824
28.3292 54.7761
25.7364 55.3866
22.8165 58.0773
22.2981 56.1923
23.3831 54.7888
24.8919 54.5475
29.1049 55.8517
28.0864 54.0479
29.6544 54.6399
27.4967 53.0395
30.866 57.723
27.7226 57.7394
25.8399 58.0304
26.434 57.8043
26.6052 60.2966
21.4807 60.153
25.7211 57.265
29.4889 57.35
25.5377 61.9212
26.8304 58.4434
24.1233 60.2875
23.3436 58.2337
23.7042 60.1449
23.7499 57.1318
23.7519 57.8851
23.7522 56.4106
23.742 58.7831
24.4482 61.1344
23.9381 59.0918
24.5198 59.1284
24.7104 59.9291
24.4097 57.8249
20.1252 60.6822
25.5261 55.9691
23.6096 55.9669
26.3061 54.0956
26.3501 57.8768
28.0682 51.6827
24.6963 58.5483
22.9928 58.2914
29.3735 53.7816
25.1222 54.4842
26.7984 59.1697
27.9793 55.3506
26.4701 59.6534
29.3556 55.0334
25.1056 55.8199
24.6356 55.3792
24.1204 57.764
26.1335 56.8528
27.0577 56.9682
23.8405 54.5549
24.9079 57.549
27.7236 55.0681
26.4991 59.0801
24.532 56.6272
24.742 56.2554
24.0328 57.9606
28.1145 54.1185
29.6079 56.7181
25.1936 57.7107
31.3776 53.2142
27.5695 53.4685
26.9872 57.12
24.4841 57.2052
24.5358 56.2966
22.1115 54.2197
26.3586 57.3307
25.6784 58.0178
27.2936 54.9889
32.2476 53.3641
26.2312 55.015
26.6836 54.6582
24.4302 58.2791
24.6072 58.4405
23.4253 57.1382
22.6713 61.6248
25.7359 57.7283
26.0723 53.8426
27.3135 57.9523
26.4825 58.3445
24.7023 56.9091
23.2071 59.0107
25.1915 57.257
26.2991 59.6096
24.4224 58.9446
22.4709 58.0565
24.8141 57.2997
24.1247 62.2067
27.092 57.5213
26.8282 54.6809
25.7186 58.4749
26.0688 54.8862
27.2457 52.9121
29.457 51.8103
30.5047 53.9973
30.2702 57.5166
25.5779 52.2771
32.4095 52.5881
34.0276 54.2824
40.2048 48.3168
31.3801 52.7504
28.3822 56.0765
27.2705 57.1742
28.2423 56.3505
26.8255 53.3014
27.7119 51.7331
29.1636 53.7404
24.1663 57.6142
28.1555 54.8358
25.2306 55.6321
26.1652 54.5225
28.9959 58.0359
30.229 54.2762
25.7963 57.8691
23.8541 60.5237
27.7378 52.8108
34.6329 53.8709
21.528 60.4436
22.4245 60.7821
25.9637 57.8399
25.7675 58.9175
29.5535 55.3257
29.3172 57.369
24.9985 57.0622
25.5443 56.216
29.9491 56.9092
28.7154 55.1736
29.1928 59.3185
27.4453 55.705
23.5834 58.7218
24.5743 62.4518
21.6202 59.0611
22.5369 60.9506
33.6766 50.7729
35.7029 50.6231
29.8285 55.9211
30.2424 52.804
27.4254 57.3528
25.3444 60.6253
24.2789 60.6302
26.4566 58.2314
27.7828 59.4854
24.0576 59.3357
25.6665 56.3438
26.4678 56.6143
25.4403 58.4282
25.3745 58.2716
25.4501 59.3403
27.4086 55.4235
27.4332 54.0831
23.2906 57.9376
32.2674 52.5831
28.8193 55.9393
24.835 58.1102
26.1548 57.1512
26.1373 59.76
26.5494 56.8259
29.8317 53.8414
19.891 60.6643
23.0147 60.7897
25.5951 57.8402
24.6505 60.6108
22.2335 58.7471
22.5629 58.6446
25.5802 57.4152
27.6319 56.2168
25.928 57.9118
22.9754 57.3123
30.2837 57.1329
24.9967 57.0741
24.6293 55.4564
24.3508 57.8454
22.9284 59.5306
26.8721 59.1723
27.153 55.3093
29.9145 54.6737
30.3007 54.7926
30.065 55.961
27.6847 55.7175
27.1749 57.269
27.1572 57.4704
26.8607 58.0699
28.5933 57.2399
19.7464 57.9551
23.7976 59.2776
25.1644 54.5945
27.9027 57.6679
23.5298 62.7701
19.9971 59.6547
26.5153 55.4692
28.2694 55.0773
27.3291 55.5718
26.2792 58.7497
22.5756 60.1093
28.465 57.8159
24.4518 59.1397
19.9782 60.2088
21.9166 61.3674
24.9692 56.0664
28.9349 55.8143
24.6737 56.7738
26.4407 59.0461
26.0433 56.2613
26.1265 55.389
29.3519 57.4563
25.1285 62.6641
22.2732 60.4389
28.6465 56.5849
24.1168 58.024
23.692 55.0309
27.6387 60.7204
21.6095 62.9958
22.7175 60.0666
27.5346 57.1129
22.3789 61.9386
19.3521 60.1212
25.2456 59.416
24.3857 56.8946
27.3076 54.3975
25.4994 57.0996
30.831 52.3207
28.3901 56.1243
24.8949 58.3325
22.7778 58.2032
29.1138 54.4133
25.715 55.2955
25.29 57.6313
23.9747 57.02
21.7876 58.9629
24.3373 56.7878
24.5481 56.9792
30.3506 56.4724
31.79 52.3178
28.5592 49.3995
27.8155 51.8994
25.5994 54.9895
24.8474 56.2868
23.469 58.9552
25.7034 57.2942
23.4593 57.8181
21.7594 58.3351
30.3726 50.6095
30.9782 55.9775
27.3978 56.9448
27.2443 58.9019
24.1604 59.8588
23.6364 57.9636
24.6027 63.3622
26.2153 51.5522
26.0292 52.9512
26.0112 56.2571
23.3776 56.7578
25.3439 57.1465
22.4625 56.975
25.4624 56.5369
23.6667 57.4713
24.3426 58.5292
29.8605 53.1252
24.8162 55.0636
20.5684 60.3638
21.8027 59.7875
22.1708 58.0043
26.4414 56.2797
26.9428 56.9132
32.7724 50.4645
30.0349 55.2707
27.9527 53.1961
29.6865 59.4567
27.3127 55.4922
28.693 52.6001
26.0647 54.4019
27.166 55.9378
32.4822 54.6104
23.9303 56.7323
22.3046 58.9924
27.7979 55.9011
28.3386 56.8611
26.1505 56.9124
24.3595 57.2272
27.0052 58.2329
29.9686 55.5619
29.4074 52.041
26.0224 59.8933
27.4336 59.5596
24.5131 56.1644
23.8072 62.6524
25.6024 62.8266
24.2521 58.8757
28.1225 55.6563
34.0739 47.9832
32.5831 55.3279
25.703 57.8039
26.3697 58.2414
23.1412 56.516
22.9834 56.4926
24.4344 58.1085
23.9885 55.7919
29.7775 54.4269
31.3822 54.9345
27.5194 53.6496
29.4345 56.1341
24.2222 60.1002
26.3289 57.076
25.2846 56.7111
25.248 58.1584
23.7971 57.5809
24.259 58.7012
28.4032 57.8045
29.6344 54.6796
27.2892 55.024
23.7111 53.9523
24.3978 55.3843
26.358 55.4306
21.492 55.6498
23.1224 56.7699
23.98 58.7799
26.9532 54.9007
24.195 56.6942
25.3802 52.5055
21.5649 56.5803
28.969 48.525
23.8051 55.6144
26.3569 57.4196
26.5855 55.1884
23.8654 56.6809
21.5222 56.2395
23.2216 56.0498
23.1812 54.2427
25.2571 53.7077
25.1306 51.4983
20.9734 53.913
22.6205 55.0109
29.1773 56.1043
32.8728 51.7205
31.2689 49.1342
27.2699 55.3286
28.8213 52.0664
19.1972 61.1725
21.1951 57.3754
23.4864 54.6239
23.1482 55.7995
23.7714 51.9171
23.7808 52.1301
24.3399 51.2073
27.7609 49.5379
28.7332 55.587
25.5267 54.8986
24.9383 56.5315
24.7137 55.1762
25.9919 57.2177
23.7984 58.2843
20.5832 58.931
24.1461 51.7488
24.1829 55.1875
22.2538 56.0398
22.4001 57.7171
19.447 56.6719
20.1629 58.1739
20.5522 58.4776
23.5523 56.4885
21.3165 58.0543
22.2656 55.3921
22.3691 54.128
20.8161 61.5619
23.9035 54.2073
26.0212 53.8943
27.9798 48.5873
22.8753 53.9212
22.5323 56.8652
22.4353 60.8211
24.3062 58.4854
24.1054 57.8301
30.224 51.216
29.022 53.7006
24.9141 51.3567
23.9918 55.5954
23.1196 54.8272
22.9536 54.8646
23.0425 56.0671
23.2478 52.8716
25.3555 58.6542
22.1642 55.7381
29.0386 52.2931
30.2394 55.5168
23.1944 57.3485
23.3296 54.0501
25.1469 48.6509
30.6229 51.8078
29.2866 53.6598
32.7982 50.8994
25.9632 54.291
25.4839 54.8592
23.4273 62.1389
17.0139 62.4007
28.4271 57.6297
24.3305 57.918
26.6454 55.1213
25.5914 56.1673
24.2212 57.1147
23.9192 55.6788
19.9767 57.0768
22.9428 55.5345
20.3193 56.2774
20.6416 55.5359
21.7008 52.1882
22.7744 53.6305
24.5523 50.7012
23.9149 54.2354
23.1482 56.0794
19.9068 57.6965
18.4514 61.4294
22.4261 58.4937
23.6546 56.9219
23.2247 55.5572
24.3072 54.1025
29.0844 50.6999
28.4205 57.4496
28.2344 53.4592
25.5221 53.8873
22.9332 56.9504
25.4057 53.4539
22.7531 55.4479
26.1595 50.9696
26.0029 47.1713
24.9849 50.9005
23.4725 52.7788
23.523 54.4892
20.9154 49.1169
20.0556 55.2578
25.1633 57.6137
22.4106 55.6985
22.301 56.5307
21.4085 56.3513
26.0247 53.8243
24.6463 55.9605
25.3503 56.4396
25.6605 53.0534
23.5469 52.0118
23.8464 58.9584
24.0149 55.6783
21.3969 60.9213
18.7924 61.7474
22.8293 59.3911
25.7008 55.4923
27.4701 51.36
26.9757 50.6954
25.1255 53.7382
20.9306 54.4561
22.4373 52.759
22.1759 56.1441
23.875 54.1246
25.707 55.6797
26.2335 53.928
24.7612 54.2194
19.665 58.6118
25.4023 53.2929
29.131 54.4595
23.9201 55.3292
29.0731 59.7969
23.7582 58.3677
23.8625 58.377
25.3601 56.4428
30.9554 56.6169
23.4481 55.3413
28.1447 54.5294
24.7018 54.5294
24.7018 52.2595
24.5141 45.2182
22.4798 50.5192
22.4798 56.6893
19.4917 57.401
30.0465 54.6265
25.8815 53.7549
26.3199 52.7807
25.6414 55.2152
21.7076 58.1166
35.1167 48.7603
29.473 53.7583
30.9494 50.9979
28.1948 51.8664
28.777 52.5205
20.3604 57.0002
20.5459 56.1225
26.1398 52.4166
27.8049 57.2832
28.8776 52.4968
25.3849 54.6555
25.9002 56.2678
27.0453 56.7958
27.7563 57.6307
28.453 54.2292
30.0521 52.8268
27.8938 57.5766
28.8359 60.0313
26.3857 56.545
25.0048 57.2006
26.525 56.2319
23.2895 65.5097
24.2904 58.8106
18.6019 61.2126
25.8578 56.5268
25.2979 56.7895
27.9479 54.5517
26.9071 58.822
23.8927 54.25
23.664 59.1373
25.3969 57.1246
32.4235 54.8557
27.0713 56.1783
21.6136 59.8466
27.0371 59.482
22.1526 60.5832
26.5372 57.4724
29.0971 54.7423
29.4766 55.5835
27.3899 58.0957
25.1002 60.5831
31.9586 56.8614
25.9289 56.8567
27.7058 54.1498
25.716 52.2254
28.5989 53.7883
24.9571 57.1937
24.9963 57.2804
22.2101 59.2098
22.2854 58.6914
26.0626 58.3967
26.0437 57.1733
24.917 56.5528
26.6731 59.8059
23.849 59.8285
23.9046 60.4928
27.1116 57.4616
24.5124 60.0147
24.8615 57.4176
22.9365 56.4919
23.1018 60.0052
24.542 57.6836
23.5781 56.5427
30.0072 56.2082
29.4265 54.4026
27.1858 58.9727
27.796 55.111
32.8238 55.9486
29.1358 53.6079
25.9502 59.1795
22.3064 59.3471
22.2293 59.4638
24.5875 58.4147
26.8385 54.8028
27.9178 57.8918
25.4171 56.6073
24.4283 60.1835
24.5438 56.1082
25.8504 55.2519
24.7541 55.1995
26.5769 53.1641
25.7921 55.5439
25.4087 59.8187
27.7431 57.1572
25.2208 60.3212
22.9897 56.3835
23.8785 56.3077
24.7314 59.2794
24.399 60.2417
23.9251 59.7355
24.4844 60.5665
21.4889 59.4726
27.1241 59.5383
24.1051 59.2261
26.3065 52.3754
26.7058 55.7377
25.2356 57.6909
26.5443 57.2923
22.1719 59.1574
26.7307 60.6205
21.9838 59.2698
21.9305 59.4474
24.9809 58.5645
25.1449 58.0544
25.8748 56.69
26.4997 55.6724
30.3341 52.3203
33.0271 54.603
26.4168 57.248
30.4077 55.0403
26.6869 57.6227
26.7911 57.5401
28.6924 57.2793
30.4852 55.5198
32.4362 54.0485
30.8629 56.0003
28.7497 52.6718
26.4709 57.3666
27.605 59.5462
30.0763 52.7392
28.4412 58.2557
24.4671 59.4438
24.6504 62.6951
23.6028 60.6414
25.0706 58.7843
28.8351 54.3324
25.4028 57.3009
24.0124 56.1736
24.1583 62.7802
17.7461 61.498
20.7188 60.0091
24.5193 60.2306
29.3584 59.3948
32.3421 55.8062
27.3654 56.9283
28.247 56.583
26.1947 55.9175
25.3113 59.1921
20.1819 64.6713
26.1698 60.0666
22.0452 56.9829
26.0666 59.2381
24.8196 60.635
24.2566 57.6318
27.1122 53.2194
27.4803 54.4836
23.6838 61.0285
33.4232 55.0846
25.8303 54.0659
25.0765 56.0621
24.8645 56.8084
26.4898 53.9004
25.3791 57.7772
27.2219 57.5592
26.8836 59.2539
24.0408 58.9898
21.8106 58.825
24.3426 60.186
19.7132 57.9666
24.3609 55.6268
23.4096 58.2617
23.0966 57.9336
23.5088 60.5994
20.9212 60.7524
23.8623 56.4394
26.5439 56.2209
25.3118 54.8211
25.23 57.3349
27.6978 59.7429
27.8367 57.6177
27.9445 55.7035
29.166 56.5994
26.3538 56.8667
26.8771 56.6389
25.6432 55.1838
23.001 58.9749
24.3529 61.9422
27.3687 53.4093
22.5616 58.8846
27.2398 55.5586
25.9751 58.5581
26.3981 57.884
26.5997 56.9237
29.0571 56.4631
30.7251 52.7829
25.296 55.8552
27.2735 53.3007
29.2082 53.3007
26.1082 57.1694
28.4349 53.8584
26.108 51.9144
23.495 57.2324
26.6874 53.5204
30.4876 52.3821
30.4876 52.5433
26.5939 59.9763
25.4618 55.6264
23.8704 58.7582
26.9799 53.8676
27.5921 54.0298
27.7766 54.5344
27.9975 54.7176
23.783 58.5398
25.1193 56.7065
23.2274 56.2307
26.8998 52.7271
30.5986 55.5605
27.5005 55.7389
24.7667 56.6721
23.9429 55.6946
27.1394 54.7151
27.0369 56.4772
27.8282 54.3217
24.8507 58.0356
26.0401 55.2068
27.7559 54.3511
22.895 59.3408
27.3421 57.6163
28.5009 52.4941
24.3844 56.9129
30.9621 56.0417
27.0219 56.5372
26.7996 57.7137
26.9084 60.95
27.3157 60.6607
25.4708 61.0429
28.6071 52.4523
27.1431 56.3132
23.7114 57.067
23.2831 59.6187
24.1853 60.3937
23.6043 59.0221
30.6125 53.6289
25.694 56.1902
25.6335 56.4025
24.3722 58.1593
27.7886 55.7333
29.1586 54.6944
30.0449 56.1937
29.1872 53.5261
26.8687 54.511
28.2299 53.8962
26.3377 55.236
24.8969 54.1359
25.8074 58.8324
25.4904 58.1996
27.9775 55.4414
31.8483 52.4396
23.626 58.5843
23.7378 60.5838
27.1924 56.2589
28.0921 57.2519
26.248 57.6909
23.3486 58.3961
34.9691 55.5908
26.5649 56.5126
28.3737 56.3005
28.6493 49.8334
29.6382 52.1934
29.9299 52.8928
27.3737 55.6046
29.3351 57.6188
21.6255 58.4546
25.4168 60.4888
29.1215 52.6833
29.7944 55.149
26.6544 53.967
30.3225 51.3971
29.3758 52.0771
26.0708 53.0628
22.456 56.384
26.24 54.7393
27.0263 56.7204
27.6319 57.1529
31.3106 56.3755
34.1818 50.4375
30.8271 53.6698
27.1113 53.3282
25.6195 56.1434
27.8294 57.4104
29.8167 54.7599
29.7741 51.9404
28.1381 51.7167
28.6743 54.7114
28.9255 52.1347
25.0577 56.5507
26.2188 56.3917
26.2535 56.2537
26.3028 53.748
26.5911 54.795
22.0006 59.0784
26.8358 54.0915
28.9939 54.6775
28.4078 59.6117
27.1001 54.707
23.591 56.1882
26.2339 53.9035
23.187 58.3042
23.0534 57.4989
23.8685 58.756
23.2642 57.9493
28.8564 52.0391
24.2596 59.1488
23.7147 60.8036
27.9626 57.0861
28.5588 56.9048
26.7465 55.7438
24.6515 57.509
24.4328 57.4822
27.5933 57.3692
25.9806 58.2559
24.1212 58.0874
23.9198 59.2969
25.7372 61.2278
23.0078 60.1942
25.5824 59.0963
28.9617 57.7599
28.4531 56.1541
26.5961 59.4424
30.3564 57.9498
24.9094 55.4298
22.9812 60.6118
26.3858 55.499
24.1459 59.4164
23.2604 60.8725
23.9475 60.5246
21.7673 60.5598
23.2171 56.0547
27.5686 54.7491
29.4294 52.9021
29.3325 52.0882
25.7763 55.4016
26.9267 53.6191
24.8436 56.7589
26.3203 54.7393
19.4112 62.4854
21.8145 59.8395
22.8196 59.3052
18.8507 65.0499
21.0213 61.4675
24.4922 60.8047
26.1402 59.9911
28.8092 55.447
27.8657 56.1999
26.234 57.7226
29.0985 52.4242
25.3612 57.8243
24.279 59.1174
25.1098 60.7013
23.9623 57.9442
28.6852 54.9991
22.4442 57.6944
25.2209 57.2837
24.9829 56.1575
26.9273 53.9593
23.4339 61.5424
23.7587 59.606
23.5148 57.2439
23.4771 58.3881
24.911 58.8022
25.256 59.4318
24.9742 54.3954
27.7402 59.369
28.4369 53.5809
27.5194 52.6612
23.4019 60.0452
24.9798 56.5802
27.8853 56.2904
24.3993 59.0493
25.2058 53.8654
22.9799 59.3624
21.7081 56.0578
25.1705 55.2607
28.406 55.6837
27.4674 56.7993
23.5858 56.848
27.0076 53.5027
31.8287 52.6503
27.8783 57.884
25.7013 57.941
24.3965 54.5957
27.0956 54.6991
33.8396 53.2016
30.8772 52.9146
24.9021 57.0922
23.4627 55.9687
26.7064 54.8354
28.9697 54.2689
30.1012 51.969
27.0739 56.2385
27.2097 53.6776
22.0241 59.7567
24.5696 55.2201
22.6466 57.5053
26.6447 57.898
26.7727 52.957
28.2968 50.8734
27.2163 55.0877
24.5434 53.6045
29.8437 52.7989
25.445 54.6615
24.6082 59.129
26.961 57.6504
23.7859 55.998
22.9581 60.2526
27.6555 59.0697
31.1656 55.2456
25.5914 54.0026
23.6107 59.983
26.9674 53.3346
25.0661 56.1769
25.066 55.1147
24.4616 58.2019
28.3313 51.4635
28.3439 55.8588
27.4878 57.5101
24.0441 57.2545
28.4254 58.967
27.1744 60.6214
29.2125 58.2494
30.2153 50.8665
21.3862 60.8497
25.9008 58.6104
25.4441 55.6896
28.7834 55.0765
30.9619 55.5868
26.1922 58.5484
28.7856 55.7647
27.7224 58.4518
26.1058 58.831
21.7314 65.2176
23.7362 59.9299
23.6136 59.5278
25.8059 61.6788
23.7746 58.724
22.6954 58.3501
26.5926 53.5793
28.98 55.3626
28.0298 53.2704
26.5825 55.1734
19.7639 61.396
21.81 59.3287
29.9832 52.985
35.3554 54.8601
32.9484 56.8167
35.2085 57.5285
35.4254 51.8687
35.4254 48.525
26.6171 54.2415
25.4137 61.4359
30.1062 58.6794
25.5868 56.724
25.2092 58.8786
30.1911 56.5567
27.9388 53.7485
27.4635 55.6193
31.5085 57.9481
26.5327 55.4934
26.3654 60.712
26.4712 60.2598
27.516 57.0668
26.815 56.4312
24.8118 57.6639
26.3796 57.8128
28.8331 56.1276
28.7281 53.0296
24.4411 55.6719
28.3713 53.7912
23.5973 59.2506
26.5005 55.7896
26.4809 55.9454
27.1739 53.6319
23.1732 57.1512
25.6162 58.4426
25.2964 55.362
25.6094 57.5613
24.0123 58.0148
25.8254 56.1289
25.5129 56.6211
27.9759 56.9103
29.5691 53.0993
26.7668 51.818
27.7652 53.8813
28.5982 52.4908
29.2023 53.2578
25.7967 57.0715
26.9897 55.5172
26.9737 55.3308
28.6134 55.2531
26.8152 54.5895
28.9029 54.7709
27.1403 54.3337
24.2848 58.7148
26.2082 53.4152
29.5471 53.0694
24.0473 56.309
24.9249 56.2935
22.3874 57.6384
29.2065 57.1054
27.8227 55.5879
27.2132 52.385
27.4418 57.541
23.516 59.4735
22.0922 58.5901
27.1195 57.4725
27.35 57.6071
28.1871 57.855
26.7882 51.706
25.2826 57.6031
25.7506 58.7411
20.417 60.134
22.9284 62.9463
24.0404 60.6956
25.0955 55.3328
25.0169 62.2061
25.4589 55.7669
26.0808 56.7698
26.7269 56.5221
26.6764 57.3744
26.8416 53.6039
25.3939 59.6367
26.4995 53.7935
28.8394 56.4696
27.8837 56.72
23.3495 55.4642
25.4005 54.6568
26.351 58.0702
23.4349 56.8467
29.59 55.9742
25.849 53.2075
25.1695 57.8895
23.8168 57.3647
24.7022 59.431
29.0012 53.8966
22.5412 59.3288
24.761 54.4751
25.173 57.1043
26.2163 60.0281
23.3077 59.1007
22.3418 59.6584
22.9201 55.488
26.561 56.2242
27.2957 58.2486
28.776 54.0528
28.3259 55.5405
31.5988 54.3646
30.2062 54.4591
30.465 56.4129
30.0805 50.9874
22.6147 56.6085
26.3267 57.6142
26.5349 58.9342
23.4358 58.4159
22.1841 56.998
23.2562 60.2009
30.9928 54.8985
26.2572 54.4368
25.1831 59.671
25.8347 58.8505
25.525 53.2187
27.5602 54.3749
30.1587 50.9699
25.6972 57.4628
28.1885 57.2864
28.3135 53.9399
28.5971 57.3268
24.2384 57.2505
24.8635 55.0041
27.819 57.5604
25.8683 57.7539
22.5974 58.9231
21.1847 66.5005
24.8091 59.3452
28.9073 58.0751
28.3211 53.8107
26.0047 60.6781
26.1325 56.0889
26.8297 57.4527
25.4998 58.6965
23.6 57.9528
22.0264 59.1266
26.9117 53.1524
29.8427 52.9639
28.4115 52.6293
25.079 57.4149
23.8309 60.637
24.2772 61.0997
26.5266 58.8224
27.351 55.3322
25.5281 61.2596
25.3761 57.5833
25.1346 59.4288
23.6227 60.0532
25.2048 57.984
24.949 57.2988
24.527 54.6458
26.5276 54.3474
26.5089 52.7697
31.6028 52.4239
27.1736 55.5382
21.9762 57.7107
29.7224 54.1637
26.3174 55.9153
24.1344 53.4064
23.0845 59.902
23.9992 57.6122
25.2422 56.4995
26.0479 57.9224
25.5293 60.3269
25.2202 57.8707
27.6711 54.5079
26.4886 48.9299
24.0312 58.5275
26.3479 57.7814
18.6929 61.6539
22.4183 59.9664
22.5664 59.8898
21.4954 57.7096
26.3077 51.3584
27.732 50.3634
27.8313 52.0596
25.7219 54.7106
20.8054 58.8937
22.5291 55.2568
23.7032 54.8983
24.8369 54.0165
22.4573 51.7963
20.9884 55.0243
21.7825 55.9752
20.5764 56.2011
23.2827 52.4904
25.6756 53.6524
24.6384 55.1311
25.19 52.2407
27.1307 49.7907
27.9642 53.1157
27.5796 50.7199
25.6829 50.1646
24.141 48.9642
24.1589 53.7547
23.2224 58.5877
22.6973 52.8871
23.2961 55.2715
23.2867 54.2984
23.3323 55.453
22.0903 55.4589
21.6816 56.0584
25.1154 55.9327
25.972 54.7767
25.0083 54.3242
26.7676 53.8433
24.2738 58.2069
25.2259 56.5127
24.8876 53.9242
22.4701 56.5269
23.9023 57.4566
25.0912 54.0093
24.635 55.79
24.385 56.9726
22.7356 56.3974
21.8898 56.3737
22.854 57.1796
23.7606 57.9428
22.4138 52.1099
22.4876 58.4591
24.6535 57.4878
22.9476 57.4074
22.5817 61.1797
17.7887 60.7798
21.1658 60.1139
26.4185 56.9321
26.0371 52.8594
23.7474 57.0773
25.5892 55.3189
23.4606 54.3944
22.0836 55.4232
23.0974 57.1712
19.2602 59.5075
20.8164 54.499
19.9899 58.3817
19.9899 59.5396
21.075 57.2239
21.5446 57.2101
22.2806 57.1126
19.2758 54.7781
25.6131 54.8602
27.5256 52.9329
26.9747 48.5266
28.197 50.8116
23.2317 55.2746
26.1467 53.2603
24.3181 53.295
21.8926 56.9925
21.6287 55.8351
21.6287 51.8261
24.1527 54.2655
23.9941 53.999
24.1633 55.821
23.4373 55.3506
23.061 54.1011
24.6485 54.4042
26.7481 54.8085
26.0531 54.2355
21.4667 58.662
22.6431 57.1369
25.6504 53.3964
23.2824 51.9004
22.8079 55.3985
21.5207 53.2718
22.4118 57.1591
21.0393 58.4968
22.7784 57.4582
25.196 52.3947
25.9727 52.7687
23.4884 55.2473
20.7498 57.1545
23.9528 57.5561
24.2802 56.8708
25.7964 55.8728
27.4816 57.6262
29.5626 55.544
29.6324 54.6717
32.9223 54.9887
31.874 59.5731
35.8402 53.3358
35.3494 52.0373
32.1211 51.5029
31.7253 54.3116
33.1959 49.7258
31.4042 50.7878
35.6898 53.6026
28.6966 53.668
25.3957 53.9689
26.055 55.8571
26.1039 50.9858
26.1565 49.356
25.9857 52.3284
26.4194 53.1157
24.683 56.0758
28.6115 55.6652
34.6025 57.9281
35.6257 55.9774
24.9937 57.3073
23.4508 56.4932
24.4497 58.7869
23.6521 56.2441
24.1934 55.3394
24.376 59.4686
20.561 56.112
22.7002 57.5233
23.2889 53.035
23.0461 60.7692
24.5538 54.8089
19.2424 58.4596
25.9214 50.5516
25.6058 51.7479
23.8072 51.7653
24.7986 55.9572
24.7295 55.0062
22.9398 55.6133
21.5283 53.3899
23.2811 57.8728
23.867 55.4669
27.2634 51.7562
26.7421 52.7193
26.3735 54.7315
18.5087 58.137
22.8069 56.3027
22.4193 54.3993
21.401 57.9061
21.0991 58.7523
23.1323 53.7408
20.1286 59.7238
20.7053 61.1734
22.5552 56.97
22.1299 53.8546
23.262 56.3726
22.1643 54.3055
26.2554 53.7693
28.2487 52.4659
29.1886 50.5334
25.6654 52.4609
27.1262 52.8489
20.2775 56.8393
22.0027 59.5865
24.5455 58.8775
19.6762 61.1664
20.2613 59.0294
20.2613 59.1628
20.5996 58.3932
22.5079 51.4899
21.0392 55.489
21.9903 55.2883
20.6828 57.2923
23.2121 53.5691
23.3748 58.3481
21.7469 57.3243
19.8525 56.3237
21.53 55.1103
21.9727 53.1147
23.3389 59.2134
23.377 56.6453
19.1488 62.5071
20.1279 57.0399
20.1279 57.7891
23.4987 51.6074
24.4612 54.2808
22.3551 52.4917
20.8451 53.3001
23.4557 55.7618
22.7014 56.3222
24.7638 53.1906
26.8285 48.3929
23.1065 54.2468
26.6483 50.3176
23.1036 54.407
24.6124 53.873
25.4064 52.6633
25.5272 51.5511
26.3263 52.5899
26.3171 55.8539
31.7485 52.901
26.9026 54.7712
23.4539 59.1089
23.9256 56.2215
22.6278 60.1731
23.6178 61.9396
23.7014 55.2255
23.168 59.959
22.7481 64.206
24.5108 58.8352
23.2368 60.6432
24.3289 61.7907
22.5684 57.9414
24.283 57.0425
28.2536 60.8943
20.268 57.4109
22.2346 58.3831
27.6637 56.4211
22.2385 59.1039
26.7424 60.0451
27.2896 56.9341
28.8308 58.15
25.438 56.0673
23.7078 60.887
23.0911 58.1144
24.5276 60.7476
24.6159 60.6259
26.5309 60.5225
26.039 62.6325
25.149 58.7284
26.7414 57.6324
28.4409 57.5741
25.7478 56.7049
25.7269 59.1294
25.9626 54.8607
41.7374 52.2824
28.293 57.0861
23.4056 57.9599
26.0639 54.9906
25.6737 58.5594
31.5771 53.1621
23.9292 54.0381
23.8531 60.0295
25.8837 55.7459
28.5725 54.8714
31.1372 55.3806
29.8919 49.266
27.9088 54.9704
23.3269 58.831
28.2529 59.9668
28.0226 54.9065
25.1077 54.8819
22.5042 60.3672
24.8897 62.2218
21.5286 57.8395
27.4759 59.1121
22.2945 56.6096
25.0075 58.8684
21.6039 59.4845
23.4865 60.8571
25.6425 55.0432
25.5327 59.1785
26.8815 55.1725
30.3708 55.2387
23.7005 58.009
25.3683 56.411
24.455 55.3279
27.0538 54.3594
25.8912 55.0529
33.8032 52.4486
28.2761 51.7069
26.5924 57.8118
26.3674 56.157
21.6308 60.2908
25.6393 57.58
27.6347 57.7574
29.4169 54.6184
29.2527 55.2681
29.558 51.1479
29.7717 53.2949
19.8897 60.817
25.3656 56.5273
25.0967 58.3751
25.0097 58.6902
26.3885 54.2687
29.1794 54.5439
27.2792 61.1581
25.2486 56.4922
24.783 60.4767
23.06 59.8047
23.9932 58.8532
27.8721 55.1777
28.2954 53.9561
28.3055 52.1971
26.5791 57.1512
26.8404 56.1228
27.0191 54.4119
24.5764 54.5291
26.6836 59.1792
27.134 55.5153
27.2839 55.6322
29.3572 55.0291
26.6219 56.7676
26.1314 57.1836
25.8347 53.6509
27.9886 55.0858
29.4691 54.5456
27.1612 53.2523
24.8735 55.5319
25.2569 56.2544
28.358 55.3701
27.4198 53.7453
22.3512 56.6104
28.4575 57.4932
28.9098 51.8483
27.6613 53.1582
24.9419 54.4369
25.0835 56.7816
27.0335 53.1997
28.0168 57.6962
29.5925 57.7166
25.8308 56.6191
20.9354 64.8367
25.4976 60.2132
25.4981 56.7892
24.6055 57.5169
24.9166 57.4247
26.226 59.0702
24.3049 58.3666
25.3015 53.7797
30.0015 52.8978
26.6751 58.2463
28.8426 55.8674
27.0468 58.7765
24.6714 59.1515
24.5307 60.241
27.0735 59.0359
22.6565 54.6162
25.3461 57.2463
25.9914 58.3295
24.3739 55.8986
26.7301 56.4948
26.0582 52.6789
25.4345 57.2225
24.3607 56.3626
25.7246 55.6172
24.7268 55.4729
24.0766 59.7273
26.8991 53.9194
27.1165 54.8073
27.0879 57.478
27.1228 54.3971
27.5966 57.3686
28.0749 54.7521
28.1276 56.7154
29.3457 55.3206
26.0252 55.2627
23.7444 58.9837
22.9024 60.2468
26.245 59.1388
22.0848 59.649
23.938 56.2365
22.8638 52.6486
24.9995 60.1086
27.4526 59.1306
23.861 58.0282
30.0967 52.5099
30.5296 53.6918
29.322 47.5298
26.7541 54.0823
27.8026 53.8026
29.279 52.4198
28.3502 55.4207
28.8407 56.1958
25.6004 54.8065
27.1012 60.1498
25.7949 54.9897
22.8846 60.8579
23.469 58.1644
23.5933 59.7816
24.8674 58.7224
30.5969 52.4336
31.8787 51.831
32.1959 52.5995
28.1951 53.8867
26.0971 54.0316
28.6959 54.6452
27.1637 53.2207
25.4332 55.9988
24.5094 59.2914
24.7691 56.84
24.581 56.2505
24.6606 58.2851
24.7776 56.7418
25.4952 57.0545
26.6211 57.4121
25.0553 56.2371
25.0899 55.307
24.6001 54.1611
27.7656 55.6971
28.2234 59.2258
28.4818 54.0001
23.6234 58.0938
25.6404 57.8252
26.8757 55.644
30.5993 50.4923
31.8719 55.7197
25.2837 58.8884
27.0023 56.3954
20.7417 57.6376
25.7617 56.4867
29.5165 55.6974
29.2127 59.1529
27.2163 58.838
26.9653 58.8139
31.4342 57.5282
29.0939 56.9492
30.0038 54.2296
29.6978 54.5214
31.2777 53.8018
31.9599 52.095
25.5463 53.5036
27.3123 53.4164
23.1353 59.1767
22.9384 56.9265
26.2974 55.9913
26.407 55.5867
30.6929 58.9646
23.7974 59.1781
24.2909 60.6996
24.3428 60.4775
25.7718 54.3907
25.4133 59.6305
28.2227 58.3378
25.9798 59.7435
26.4087 57.6651
28.2277 58.0093
31.0881 56.9058
31.6823 54.2885
23.4328 56.3716
26.5439 57.8554
27.1421 57.7284
25.2021 57.1251
24.7193 61.3172
26.6938 56.7572
26.6504 57.4994
27.1014 56.9981
23.4902 61.6571
22.6639 58.5015
22.2524 59.308
26.3646 56.3741
24.824 57.5391
24.4056 55.037
27.0141 55.7573
28.7225 54.0752
28.6254 53.4538
28.3549 54.6118
20.7862 60.2823
24.4849 57.6168
23.0876 56.1907
25.848 52.5953
26.6708 54.6061
28.7152 51.2582
26.5547 58.1119
26.4481 56.4332
26.0266 56.0026
28.0731 55.4586
21.7148 57.0442
25.0478 60.1071
29.3 57.6961
27.1053 57.319
25.3944 57.4609
30.3856 55.4429
29.2909 53.6163
27.1078 54.8703
28.9562 59.3736
23.3769 57.3512
31.6051 51.8858
30.6735 52.1155
27.8498 53.4712
20.4478 62.5565
25.8336 57.3315
26.9562 62.2086
27.17 53.8794
27.2947 54.1594
27.2423 57.3924
25.5841 57.4046
23.7345 57.5458
30.4834 52.9296
27.221 56.3973
26.3038 58.8563
27.058 55.6325
27.0404 57.2377
27.742 55.0537
22.185 57.5524
23.0338 56.8687
24.7989 59.3754
25.1701 55.1841
27.002 59.1592
22.2871 59.2523
24.1222 56.2539
28.0976 54.3158
25.1712 56.3832
26.9419 55.6885
27.0951 57.126
28.0786 53.3581
24.8362 54.7242
26.3298 53.3958
29.7387 54.404
27.0639 55.9998
26.9641 57.7043
24.6501 56.4443
23.4407 57.0066
24.4494 56.0432
25.8673 54.3896
23.8418 60.8825
24.4411 57.1275
25.4136 59.688
25.1698 55.482
26.6482 55.0837
24.2805 55.1584
25.3197 57.8496
27.043 57.5257
26.2688 58.1868
25.1207 59.7718
27.6137 57.5442
25.7337 56.8782
25.977 59.0629
29.1082 52.8615
28.8492 53.3754
25.6334 60.8027
24.4036 59.0704
25.8976 57.5372
24.5283 60.641
27.5643 55.5756
33.4882 56.3086
32.3485 54.409
22.8873 59.2049
26.6727 55.8601
26.9414 57.7911
25.0116 58.0995
22.3704 60.1119
21.2944 61.5387
22.4113 61.8395
30.3047 57.8597
24.7906 57.168
33.439 56.1162
29.773 56.6511
27.6445 57.6053
25.4042 59.9491
22.6485 59.6643
24.9063 58.3174
22.6858 57.5442
26.6983 58.7919
24.6642 60.6541
24.4678 60.6544
21.6999 59.6837
21.7829 58.9979
23.1733 63.708
23.8934 60.4131
29.2066 58.8754
24.3022 59.3652
27.875 57.352
25.6991 55.0801
24.7457 60.8166
22.3538 59.3679
21.6279 60.8782
21.1587 61.9828
25.6467 61.2354
24.0245 57.1726
25.8639 58.0735
29.4125 56.6307
24.57 56.7566
23.4125 61.266
26.7073 59.3019
25.7803 57.5735
23.3697 59.2403
23.0923 58.3319
23.2149 57.417
23.2056 57.6838
22.6619 57.2176
24.6691 56.4873
25.0362 56.4378
26.295 55.4575
30.1711 55.604
26.2779 53.2427
28.2423 54.2715
27.0127 56.5609
24.6205 54.3363
27.2958 56.1609
27.4211 55.785
26.8361 56.7476
25.9949 53.7808
25.5499 57.6544
24.2039 55.4163
24.1583 59.3412
28.8128 54.215
28.83 52.7978
26.3128 52.8486
21.7594 59.803
24.6735 59.284
22.1911 56.6635
20.6334 61.1243
23.113 57.5487
27.1292 58.424
24.8919 58.5953
25.7352 56.5879
23.109 57.7881
23.7717 60.9045
26.038 57.0575
22.141 58.8421
25.8913 57.0762
26.5344 55.1147
26.476 58.9423
24.5677 56.1367
27.2057 55.5734
23.7207 56.8435
26.182 56.7031
25.8934 53.0993
26.0752 58.0869
26.5802 55.9637
25.7175 56.2429
32.5619 57.8262
29.4751 55.4194
24.3109 54.9709
23.7337 55.8549
28.3645 56.371
27.5514 60.7794
26.4704 55.0542
29.7706 54.3155
25.932 60.0033
25.1937 56.628
24.9199 57.4652
24.8625 57.2313
25.4695 56.3994
26.3271 55.6135
26.2792 53.3946
26.2722 61.1328
26.7725 57.41
22.5486 57.807
22.0064 57.7068
28.8936 54.3127
25.1247 58.2143
23.54 58.2417
25.7676 58.8686
23.987 56.8843
27.1174 53.8234
25.4747 55.5411
24.9964 58.0541
23.2026 57.7527
25.6635 53.3886
26.319 50.0112
26.3334 50.8842
25.1907 53.1113
26.135 54.3672
24.7136 51.6207
24.1497 54.9729
25.6042 54.1511
27.4946 52.5983
29.8004 54.769
29.6212 50.8902
24.9228 56.0282
25.677 61.0293
24.7133 58.6044
24.5557 61.3364
23.7806 58.3991
28.4459 54.6845
26.3654 56.4222
27.5376 54.0366
26.5066 54.8489
21.9248 61.0399
27.4158 56.4567
28.6164 56.3208
25.1812 56.3256
26.0452 55.9457
26.406 55.4506
26.0229 55.3772
26.3268 55.8593
26.7797 55.0364
23.6204 58.7363
26.5462 59.4527
26.5226 53.843
27.1448 55.1564
26.5792 57.1772
26.6398 59.0217
26.6258 57.1098
28.3741 52.5015
30.2212 54.1877
30.3308 50.2566
31.4275 50.1542
31.399 54.1596
34.0376 52.6847
30.0877 51.4531
25.5212 55.7034
23.9214 56.7373
23.5713 56.365
26.5444 57.6356
25.0391 56.6135
26.5957 56.287
29.8066 57.736
24.8029 54.8114
30.3252 53.573
28.5739 56.8242
30.8541 53.6785
21.0824 62.342
22.4972 62.0546
20.8362 62.0015
28.0289 60.4116
27.461 56.1077
26.2951 56.4026
26.6077 60.7239
26.6414 54.9348
26.1731 56.7699
27.6654 56.3819
24.3544 61.0877
22.0976 61.3834
25.5245 55.3303
26.9594 58.6257
29.698 55.2748
28.3294 56.4351
30.916 56.3552
27.1548 52.6997
26.7298 52.5582
22.6052 60.1878
28.6284 57.2285
28.1979 57.0499
31.3543 53.6959
28.6935 53.7164
26.623 57.4724
23.9584 57.3323
25.3221 58.0151
24.1348 58.2107
26.0307 56.1713
26.3651 53.2397
24.6588 62.3323
24.6588 57.8563
25.4441 53.4867
27.7561 58.1512
28.5337 53.0176
31.0743 56.0465
29.4872 55.8815
27.6614 55.793
25.9707 57.494
22.5339 59.8894
26.0083 57.5547
25.4757 57.3718
30.541 49.9368
25.0867 56.6422
22.9677 56.7339
26.0219 54.7845
24.6628 56.5165
28.2139 54.6302
28.0184 53.2063
29.9492 55.4714
27.6839 57.1387
23.9181 57.3783
34.5312 50.5225
31.199 50.0319
28.7004 54.8333
27.1249 55.5169
26.653 58.8099
26.8664 53.8764
24.0821 63.3487
25.0052 57.3212
27.6974 55.9395
30.4822 54.259
25.7816 58.2591
29.2138 55.5776
25.9845 57.2507
29.2137 57.0407
24.6734 57.5081
24.6532 55.7518
32.4677 56.8429
29.345 56.0371
28.212 53.6798
29.2791 56.4028
25.5724 55.3391
29.18 55.8248
24.5711 57.9006
23.6944 59.4413
22.0012 61.1892
23.4864 59.7183
23.8123 58.4017
28.3436 58.3529
32.8301 55.6254
26.6162 56.2067
30.2944 58.736
27.9078 53.9297
22.7527 59.1679
23.4781 59.1679
23.7978 57.5205
28.8536 57.5763
28.7499 55.0251
26.9279 58.1531
24.5761 60.894
27.6926 57.8761
27.0856 56.3772
26.8372 59.8835
28.3651 56.1832
27.8429 54.8103
26.0124 59.8606
26.4102 60.2005
25.3465 55.4643
26.662 60.9406
30.3132 56.8767
30.3774 57.2394
25.2267 58.5515
24.7815 52.8594
25.125 59.1118
24.7078 55.1645
26.8713 56.3166
29.367 47.6396
27.9117 48.7832
26.094 57.6591
28.0451 55.473
25.503 51.6586
25.5562 52.5925
23.7732 53.3521
23.0263 58.3654
22.79 58.2966
20.6559 56.5751
20.318 58.3656
20.6727 58.8842
20.1486 58.8101
21.8785 53.9115
21.125 55.6328
21.4966 54.6847
25.9521 52.8537
23.7085 54.0716
26.5479 58.3584
23.6815 52.4931
22.8308 55.4448
20.9564 52.7038
21.3403 56.5109
21.1759 57.0235
21.7912 56.3117
21.2964 57.0432
20.6232 55.0614
20.6232 55.8217
20.4032 56.6696
23.844 58.0745
23.1732 57.7973
27.2205 57.7689
25.3577 55.0602
25.3873 55.279
23.298 52.7044
23.8395 52.9659
24.2074 54.9092
22.9938 52.5586
22.4807 54.7311
22.4889 59.0401
26.7117 52.1289
25.7548 50.7413
24.9948 55.3073
26.1311 51.7254
23.9293 53.45
20.6033 55.3633
26.9949 53.0019
27.5578 54.6753
24.809 55.4109
24.0867 56.2526
26.7208 56.3814
27.8123 52.788
27.502 54.3066
26.2397 56.9235
23.7259 60.3662
24.734 59.1137
24.988 56.7787
26.9995 54.1378
28.381 55.8338
25.4493 55.5711
20.6203 64.2732
27.074 53.3871
30.4016 53.0903
29.3717 53.9432
29.582 51.9788
29.8984 57.3838
30.6519 57.5227
26.7427 57.7994
28.1702 54.4141
30.5646 54.2304
24.8895 54.7352
27.1697 56.8196
27.0753 59.4035
27.663 57.0728
29.4288 55.2044
22.6368 61.973
23.158 62.2883
24.266 57.6349
23.3173 56.7315
24.4476 57.1165
25.4601 54.7745
29.4677 58.3584
28.7229 57.0367
27.3768 59.6811
29.0767 54.0736
28.3158 55.3219
25.0225 55.3219
27.0674 55.678
25.4101 57.6441
24.4405 59.4575
29.3688 57.3743
30.4268 54.5289
28.8817 58.1075
26.4408 53.8868
31.9118 51.6306
24.9109 56.8286
23.2426 57.7127
24.3807 55.4103
25.6005 58.9193
29.7469 56.1846
24.7924 53.4842
24.7266 61.2375
25.3465 56.2007
23.9051 55.4724
27.0669 52.821
26.9292 57.3246
26.4792 59.4365
22.4996 57.9922
20.5237 62.6873
26.0613 57.3828
21.9587 57.4385
25.393 56.4442
25.4296 54.0268
26.2241 60.2734
28.0901 55.2517
26.1345 56.6781
26.3761 57.3531
24.7805 59.5758
24.4814 56.8118
25.95 57.1591
31.1476 56.9542
27.779 54.7638
27.3312 55.6602
27.0326 58.6686
27.1524 53.804
22.2373 59.5302
21.7905 60.4463
23.4631 59.5758
30.3628 58.8939
28.524 58.9653
27.4314 58.8872
25.4163 57.8533
26.7051 58.4159
24.9832 57.7387
24.0743 60.8893
24.0253 61.5811
24.0529 58.1067
24.0437 55.8778
26.1429 57.3982
22.6985 56.6298
25.1358 58.7977
27.3331 54.4336
25.5102 52.9365
27.3392 58.9612
23.9876 60.5422
22.6904 57.288
22.7163 59.2979
22.6859 60.8932
22.3616 60.9492
22.8368 60.2097
21.2828 61.4465
23.4999 61.5619
23.9329 59.1727
22.2906 56.8058
26.9657 58.4281
28.3857 58.1925
28.5058 56.0094
24.7266 57.8504
28.4455 52.0337
26.6393 58.4066
28.9963 54.6622
26.7948 58.038
22.8725 57.5885
24.6182 61.0538
27.0912 54.5171
26.9762 55.6562
29.0912 57.2587
25.7873 54.6611
29.0704 55.5869
27.3466 55.4715
27.5823 56
29.0189 54.2413
26.9405 55.1237
26.9301 55.7166
26.424 54.9508
26.3384 56.6219
25.748 57.5829
26.1329 54.3484
25.3788 59.1042
26.3698 57.5106
26.4949 57.2308
28.5848 57.2099
24.1914 58.4074
25.703 57.5624
25.5642 61.7471
19.8823 61.4171
23.5916 60.6102
28.5595 59.2466
18.7373 63.8282
21.6965 60.9213
24.8941 56.8076
25.5356 58.2726
25.4246 57.4054
27.461 54.7437
27.7564 53.7484
24.388 57.0486
22.7847 58.5893
22.8153 55.6589
23.1375 57.7461
23.5455 55.909
24.6861 52.1469
24.3959 56.9992
24.3873 56.0485
25.4987 54.8184
23.9206 53.2758
20.8381 57.3152
21.86 53.2615
26.985 55.699
29.1977 53.3693
25.1181 53.9256
27.9394 54.723
31.524 51.6708
33.3506 51.669
33.3506 54.8332
31.8937 55.3639
29.3028 51.5459
26.0065 55.1499
24.4524 53.0906
30.6398 51.5917
25.4695 58.1325
26.3818 54.7986
27.4452 57.0352
25.2078 57.2408
25.195 58.2113
23.2056 54.7049
24.101 58.21
24.101 55.687
24.604 57.8105
24.2217 56.795
24.1376 58.8732
24.9706 58.1192
25.1084 56.3303
25.0831 51.5002
25.4011 53.8727
26.8583 56.175
26.8805 53.0089
25.3661 51.9201
24.9842 53.6524
24.3564 55.7377
25.7315 57.0505
25.626 55.7669
20.9891 58.6614
20.8827 55.678
23.2631 53.7804
21.9606 55.7501
22.2745 57.7931
18.58 60.032
19.7875 58.4768
19.7875 56.8468
21.7019 58.9822
20.435 59.7101
22.2271 58.6848
23.0507 59.2726
22.1309 55.9097
21.7979 54.3542
22.536 56.6483
25.6234 55.2794
21.8632 56.16
23.2895 54.3665
22.558 55.0429
21.8115 59.4497
21.5995 54.6288
20.64 56.4966
22.3019 56.5369
22.6059 56.7791
22.4582 56.8526
24.235 52.0925
22.5464 59.9475
27.035 55.5343
26.9883 52.8667
27.051 54.5865
25.4889 54.0349
25.6445 51.6143
22.7665 56.035
22.7968 59.135
22.6901 51.2942
23.1421 59.0199
21.4845 57.0646
22.1582 56.8098
26.0813 56.3654
24.1111 51.9896
25.5549 52.9577
21.7047 54.9452
25.3558 53.1801
23.8936 52.7347
24.9648 54.3247
24.7144 53.3688
20.5073 56.429
21.3846 57.7679
19.1957 55.1711
20.7795 53.0014
19.6124 54.7815
21.0062 54.9951
22.3718 57.1778
26.6621 53.6514
22.996 59.4022
21.096 54.1902
20.7739 55.1052
21.1693 56.4208
23.0818 54.4489
28.0901 54.0813
22.3573 57.3251
25.1184 57.3251
24.0794 55.6752
24.1183 57.4147
28.107 52.9297
24.5751 52.2878
25.9915 55.6797
24.5155 56.2709
23.9661 57.1392
25.8837 54.1963
27.6079 55.9947
26.0091 54.4406
24.7039 57.1592
28.5224 49.976
23.365 56.1774
23.0422 57.291
23.5955 56.1297
22.7347 55.0247
23.1663 57.2572
23.5969 55.8091
23.0611 55.9006
20.2509 56.3037
25.8551 53.1164
27.7606 51.0136
30.4578 54.0218
27.2686 57.3307
26.0202 58.7233
28.6842 55.2778
27.5648 53.3499
27.1242 54.7807
26.1984 54.3163
26.2287 54.9292
26.1655 53.7407
26.0241 50.4505
26.2672 50.9975
19.9826 54.7577
21.8013 55.8719
20.1449 63.1007
24.6062 53.8161
24.235 57.3199
21.1175 58.1352
22.1593 54.9856
20.0908 59.6299
21.166 60.6148
21.6585 55.9726
23.428 53.3608
24.8671 55.3599
27.2785 56.0309
25.1367 53.3568
22.9821 57.8855
24.0892 49.5678
21.9592 51.9335
23.7501 51.9749
24.023 54.2668
24.837 52.3722
25.5612 53.8605
22.8992 56.8982
21.6769 56.14
21.4921 54.8209
17.2643 56.7707
16.9764 61.3901
25.217 55.1477
25.9894 57.38
27.2426 50.5184
28.7276 50.5
28.8878 54.2682
23.4594 56.7717
21.6154 55.7912
22.2665 58.0011
19.878 57.7831
22.4064 60.2992
23.3577 57.0493
25.0731 53.7647
22.3079 51.0555
24.5238 56.2404
26.5058 48.3945
24.1516 54.1975
27.1748 51.3075
27.0107 54.005
25.2813 51.8328
26.1551 51.8328
24.8969 49.5427
26.8079 52.7106
22.8702 60.3643
19.4416 54.6439
26.4576 50.9309
24.2993 52.167
22.5433 55.5027
24.7788 54.0895
24.4474 51.587
25.9649 51.9682
25.4782 50.68
27.309 52.846
25.987 53.0349
21.7481 55.3424
25.8217 56.8255
22.1458 60.7399
24.0544 53.797
21.4248 57.1112
23.2152 56.6793
28.1368 51.4641
26.1467 55.6103
28.7344 54.0642
29.299 56.7278
26.8007 55.3428
24.766 57.4448
26.2962 56.9369
26.6622 57.5626
25.3072 54.2409
22.1788 57.4395
29.0047 50.4349
22.4648 58.7172
22.1509 54.1884
20.2472 59.1466
21.2479 55.8509
22.273 55.0985
22.6037 61.3955
25.8335 50.034
25.5478 55.135
24.58 55.2293
25.7383 56.2252
24.2828 52.6511
20.1539 61.4123
22.9415 61.6278
20.3132 59.3668
22.126 53.0516
20.8427 57.0079
22.5829 57.1486
23.8215 55.7543
23.3799 54.304
26.449 56.4902
27.4069 61.325
29.1748 55.2236
24.3452 59.6211
20.1207 59.1863
26.6793 57.2325
23.3496 60.2101
20.3955 61.0139
21.2602 60.8125
25.6901 60.1606
26.7414 55.8871
28.2052 55.9657
27.8958 57.0726
30.9213 55.8944
29.5767 54.0705
34.5237 49.5321
31.1662 53.7647
26.3811 52.3925
26.959 56.5117
27.9123 55.7776
23.7719 58.4644
28.6503 57.1997
26.6458 58.0264
25.2161 58.5371
28.8675 54.0158
27.4355 55.3214
27.8519 58.9524
21.7912 58.2202
24.6339 55.7354
24.8614 60.4075
21.8994 57.3611
23.2721 56.4783
26.4918 58.6311
22.4298 59.5846
26.2033 58.7762
25.3601 60.2311
26.0302 57.6192
25.017 58.3935
27.0975 58.34
25.4194 56.8541
28.4717 52.6277
26.1505 58.9269
27.9495 53.7914
26.5829 53.6583
29.19 58.6599
23.4697 56.1418
26.8555 57.4891
27.5025 58.4538
26.4782 58.6625
23.7097 55.6735
28.4347 55.3912
24.5297 56.4864
24.2657 61.9614
24.6309 57.9522
21.7082 57.8037
28.3346 54.421
21.2233 59.8097
22.5068 57.3039
23.1788 58.2167
22.0591 58.6911
23.5234 56.9542
23.4554 56.9542
30.172 57.5569
21.7125 63.7224
22.734 59.3295
24.3755 61.7847
24.311 61.3172
28.6173 54.8283
25.1224 61.1872
27.7329 54.4655
25.3491 54.7826
23.7391 58.3423
29.3599 53.4924
30.2626 53.7787
27.3009 58.0461
26.1389 57.7905
29.9705 56.1116
26.0874 55.7292
26.7641 56.2474
23.9949 56.7926
23.5047 60.3114
25.9662 57.7941
24.7886 56.973
27.2108 54.0728
27.9983 52.7468
31.5222 54.6586
22.4739 63.0107
17.3414 65.4547
21.6446 59.8988
24.7954 56.7628
26.8235 58.3364
31.897 58.039
27.0853 60.9491
20.1435 58.8648
19.0403 63.398
23.2788 59.2014
23.8829 56.5069
28.3057 53.3376
24.2202 57.5049
27.9595 54.7691
29.0497 55.7658
23.7967 60.0119
24.2423 60.3221
21.8864 56.4533
25.2552 59.8226
25.2527 60.0871
25.8172 54.6335
27.8707 53.1911
25.7154 57.1982
24.3883 58.2339
25.0122 55.3822
22.9542 57.6616
25.1874 60.4041
28.2636 54.2533
26.6295 55.0412
28.9482 54.2068
28.2092 58.4176
28.3383 56.5581
26.6934 56.7323
28.1876 58.339
26.1027 52.416
32.8576 52.7478
31.6021 50.9928
29.6601 60.4381
25.1598 60.7417
26.0568 58.1629
22.9808 61.0953
27.2682 54.3576
30.4848 56.847
30.1432 60.0342
27.0506 53.9286
31.2047 55.1991
24.835 55.0071
27.6276 57.3551
24.83 57.6653
30.9796 57.8343
28.9476 57.5217
26.6674 57.9474
24.3153 59.8291
23.976 59.9904
26.2815 57.1615
23.5307 58.7105
27.1065 58.4556
26.9046 57.0387
27.7156 58.0139
27.5791 55.0796
27.7667 53.398
23.3228 57.3313
25.6089 57.5352
23.9896 56.26
24.418 60.3441
22.1875 60.1294
23.5803 60.0283
23.9528 55.8627
27.7947 54.5538
24.4023 59.4539
25.5697 54.1642
25.7332 55.4845
25.4453 55.8212
27.8499 53.7497
25.6907 58.2285
23.7719 59.2707
22.8178 55.7844
23.9638 58.4078
25.5155 57.7034
26.0367 56.7303
25.1014 60.1415
27.5744 59.0078
24.6194 59.2629
24.5074 57.1799
25.8065 55.2404
24.003 55.3099
25.1711 56.9332
27.2364 53.8221
31.0315 52.5527
31.1453 54.9946
22.2881 57.0141
25.2055 58.623
28.5983 53.5961
28.1095 56.9156
27.8098 57.5552
28.2538 59.2119
29.7464 55.5769
29.8349 52.6881
29.7785 48.3962
28.601 53.4291
22.4145 59.3366
28.4986 58.5622
25.9662 59.0778
36.4449 56.8811
29.1635 58.0668
24.6742 56.5212
25.6386 57.595
25.8346 54.5154
27.5053 55.4714
22.4462 58.0946
24.4469 61.0971
28.7877 56.8064
27.5046 56.308
28.1237 50.0531
24.6992 57.4409
23.5376 57.2195
24.0333 57.3039
22.7118 59.8431
26.0483 57.1539
22.8158 56.2793
28.242 56.0489
25.7359 55.4763
24.6481 63.0084
30.4438 56.5976
23.871 60.7827
23.6949 64.1284
25.2473 59.4225
23.4262 59.1354
22.5623 59.8416
27.0019 58.964
26.0475 59.4329
23.6576 59.9254
26.9846 56.7603
23.6115 56.2824
27.1714 54.3373
26.8335 55.5284
29.7579 56.7825
27.9182 53.8903
28.0375 53.2094
25.4026 58.5478
21.9979 61.9428
24.4025 63.4181
28.2074 57.0272
25.9062 60.2512
27.8263 60.2094
27.2803 56.5292
22.8939 56.3269
23.9348 59.4719
27.326 55.0881
27.8481 53.7161
27.2261 53.3028
27.7679 57.9051
24.1219 55.7279
28.2201 56.0427
29.8505 56.3552
23.5595 55.9727
25.9589 55.2101
22.1142 57.6648
24.3796 60.8444
23.2249 50.7976
23.2832 60.8819
25.1664 54.8106
29.832 53.1807
26.4954 56.5244
26.0308 57.4549
27.4207 62.2214
26.2245 55.6948
26.3235 56.1522
26.0401 56.9135
28.2324 54.3633
27.6041 52.9785
30.5648 55.8401
31.2223 52.9241
29.8394 55.7616
32.5103 53.2891
26.7828 55.7652
30.8845 53.7681
29.4937 57.8911
24.9448 59.9491
28.2627 56.0904
27.5056 56.3748
34.4236 53.6242
31.2075 52.974
23.8372 54.4436
29.338 54.849
27.8229 57.5599
29.1278 50.9014
27.7049 52.0775
29.6447 57.0062
26.0972 56.5745
25.6541 61.103
22.368 57.8576
25.4954 59.5422
25.6238 57.6437
25.5207 58.2426
24.7966 59.2187
27.315 57.4826
24.2769 55.9898
24.4324 58.6387
26.3614 54.486
18.937 60.8276
23.4083 59.7146
25.6726 56.0099
25.816 59.2554
23.783 63.1049
25.6081 58.2711
28.6197 58.7047
26.2315 56.1006
23.5719 59.36
25.0021 55.4933
30.2448 56.8419
23.7178 54.1435
25.4949 54.161
28.1319 54.11
26.8603 58.2519
24.4233 56.3325
26.7999 55.7732
25.3752 58.2322
29.3308 53.4445
23.5926 63.1704
25.891 57.5462
25.6754 61.4152
23.7569 56.0744
22.8332 61.3955
23.6554 59.1188
24.7453 59.3288
24.2959 58.5422
23.9951 58.3596
29.5111 58.7877
31.3261 54.7643
30.2428 53.1268
27.2587 59.9622
27.2049 57.9917
27.3977 53.2538
26.4296 57.6535
26.152 58.021
32.2007 56.9354
25.6395 56.91
24.7014 56.2218
27.2183 60.3792
27.684 58.1814
25.9525 52.4828
27.7383 52.6317
25.4264 53.7369
28.8189 55.5529
20.9747 59.1282
25.2291 55.5848
25.6714 58.7514
25.4803 55.163
28.0968 56.125
25.5868 55.3797
29.6034 53.8816
22.5086 58.3489
24.7889 60.3834
25.4896 56.4814
24.1851 56.7796
21.4786 55.5765
23.6424 57.4024
31.788 56.9443
30.4181 52.3551
27.4137 58.6036
26.6202 54.9353
29.044 57.7991
23.2139 57.7956
22.2118 57.7884
27.1025 55.9603
30.4094 51.3414
27.3311 56.2628
25.2732 59.3151
24.1195 57.1841
25.7557 57.5568
28.9598 56.3172
24.756 57.0046
22.3922 57.5771
25.7769 61.4781
24.7451 61.9118
25.9783 55.6451
25.7095 56.3257
25.769 56.1856
26.3045 58.3957
25.1189 58.661
24.2996 59.2179
24.4335 61.04
25.3318 60.068
23.8688 60.4442
22.1609 60.0623
21.2502 57.8646
25.2812 55.1375
24.2734 55.3876
26.2523 56.1121
27.9627 56.1099
22.288 59.8278
22.288 59.0639
27.0538 58.2157
21.7558 58.2057
26.522 60.5297
23.9009 55.0836
30.2118 57.8938
27.4041 54.3651
29.0881 53.8166
30.0615 53.6471
30.4794 53.6884
32.957 55.9412
26.2147 55.3495
23.983 59.0097
28.6653 52.996
28.82 55.775
28.8958 54.4219
28.8902 54.9314
29.5262 51.0473
28.3049 56.6164
27.3773 58.6387
25.6342 56.8963
27.4175 59.4164
26.1776 52.4218
25.5558 55.1099
26.8136 54.6046
28.1533 55.9524
30.2309 53.5493
29.6358 53.3604
26.5136 58.4786
30.4025 53.2033
29.5855 61.2193
29.0857 58.0026
27.8517 52.3055
25.7225 56.1215
28.2927 55.7415
24.4413 54.2099
22.5297 59.6844
22.0981 55.6272
24.7806 58.6464
24.599 56.2044
25.8365 59.8065
21.159 60.1806
26.0566 57.1578
21.0283 59.1003
26.1225 58.9303
26.2416 55.9743
27.5007 54.63
28.0266 55.5675
29.3872 60.5046
28.968 53.4976
32.4197 49.0876
31.9141 50.4688
28.3437 51.8608
33.951 54.7595
30.4587 53.6197
26.4674 52.6861
30.2926 52.3502
27.883 54.7836
27.9055 50.339
24.8301 54.0012
25.2262 56.7378
23.087 55.6392
25.3539 60.7995
23.142 58.9877
26.2999 56.9338
28.4027 54.8005
31.7044 55.8128
28.5318 52.7015
27.4819 56.4131
26.7023 58.4978
21.7012 57.3597
26.2203 52.243
24.3569 59.0136
26.2198 57.6908
31.3484 53.1054
23.1151 57.3458
27.3332 55.7874
23.653 59.6772
23.2392 58.1735
27.1832 58.53
23.4639 55.7841
26.7992 58.4921
28.8415 55.5874
29.3484 55.3036
30.3696 56.9221
25.735 55.2955
25.1458 56.5258
25.8856 56.4546
27.1359 56.5882
22.0095 56.6223
27.0768 57.0719
22.1398 60.7519
22.6731 57.2008
22.8341 58.8696
24.8314 60.3468
25.6505 59.7074
27.2215 59.1064
28.2548 54.9882
26.9989 56.0239
31.2034 53.6602
30.3537 52.9169
28.3739 54.4572
26.8372 55.7657
27.6446 57.3401
25.0428 58.3105
28.5748 53.3015
32.1168 54.2473
27.809 53.2285
29.3329 56.742
24.4863 56.3284
27.0467 54.6956
24.7153 56.5985
31.9048 55.6204
24.4972 53.9688
27.9027 56.5814
27.0047 57.5974
30.3437 55.3467
26.623 56.1082
22.3533 60.8604
22.0417 62.7946
25.6636 56.1037
24.5415 56.6565
22.7555 55.8167
22.4827 59.4427
31.2804 52.0206
30.3762 51.8518
27.1237 52.0629
27.5297 56.5291
28.581 51.1792
26.8081 53.1857
31.6368 54.1456
30.6786 51.5163
27.1461 52.9442
27.7543 55.5257
26.0406 56.39
26.3809 54.7756
28.96 57.2147
27.3619 55.6731
26.5158 54.1726
27.4694 52.1366
26.6764 56.8428
26.1301 57.9543
25.5099 55.6958
22.6867 56.9317
23.7845 61.432
29.7858 53.0692
27.2109 54.9646
26.438 58.422
26.3963 51.9524
29.7387 49.8065
29.8448 53.0526
26.2782 53.6863
26.1052 57.6863
27.5037 57.6978
26.9419 59.1304
26.5147 64.7028
23.4818 57.7483
24.1232 63.1382
25.098 58.4184
26.9441 58.8885
24.7859 57.8648
27.3735 53.9546
26.4281 55.4891
26.9836 54.3187
26.1091 54.5873
28.0439 54.9652
23.1546 55.2524
25.3251 57.114
26.921 54.7403
25.2633 54.2238
24.2286 58.921
23.4459 57.328
25.5675 59.3438
30.4947 55.0989
30.4593 54.8203
24.9385 54.4085
25.9394 53.7253
27.6272 55.7909
26.2529 56.764
24.4534 53.8253
25.9712 59.5399
30.7975 52.7189
28.0609 56.2557
25.7602 55.2385
22.4726 58.5999
26.7275 57.7126
24.8066 55.8059
23.6528 60.3726
24.3991 55.8764
25.6179 56.7083
25.6701 56.1424
25.749 58.2329
23.803 59.2674
27.3118 55.1587
27.4034 56.4311
30.9222 54.2607
24.6339 59.3154
25.8772 60.592
28.791 55.457
26.6489 52.6593
25.8854 53.7213
21.639 56.4972
23.9598 59.0006
25.3472 57.1495
25.4178 56.0829
26.2932 56.0596
24.3907 61.6881
24.4924 58.3137
24.6016 56.0189
25.0126 57.044
37.5896 53.5603
32.1588 51.5093
24.0072 53.7351
24.5252 56.869
22.995 61.3713
23.7632 60.1192
25.6121 56.7885
30.0301 55.9228
28.7742 56.8072
28.971 58.0677
25.9245 54.157
25.6006 58.1033
26.1046 55.6584
27.9814 57.2508
24.284 55.7665
26.8689 56.5352
27.6375 56.2518
27.6227 55.3915
27.7876 55.7524
31.2312 51.834
27.7691 55.9641
27.8099 54.1958
24.8418 57.7394
27.8943 51.8449
28.6443 50.9752
24.3995 58.5705
23.7213 58.6581
20.3334 58.6447
22.3849 59.4283
27.3174 58.1991
26.9296 52.8708
28.8136 51.4858
28.0921 54.0619
28.3207 58.1222
29.8826 55.3231
25.6663 54.3856
25.8772 54.1331
28.0641 57.3385
24.7928 59.1286
28.9182 54.0078
25.4578 52.7908
27.2497 57.8879
26.1352 58.3884
26.1579 59.0956
26.6115 57.357
24.8119 57.9676
28.3909 55.8523
28.6018 50.3617
28.5127 50.5529
29.1562 51.6432
32.375 54.6964
28.8758 58.4288
24.4234 60.9849
23.033 56.7009
25.0258 58.3263
25.5144 56.3981
27.2371 54.3029
25.5175 57.2498
24.599 58.9552
25.6657 60.4066
24.6455 60.4826
22.3241 55.9129
20.8391 60.7042
25.606 55.4614
28.4571 57.3113
31.3707 53.5143
28.1019 52.7603
29.3318 56.1414
25.3956 58.3932
23.2786 62.1255
24.1616 62.5974
26.1226 57.1112
30.6734 53.758
22.2249 61.1514
27.6472 55.4945
23.2869 58.0777
28.6659 55.3525
32.4197 52.9151
27.0219 55.273
25.3397 58.1193
27.2734 60.3734
24.6233 56.2893
24.6746 58.6846
24.2972 57.8925
24.8476 57.2973
27.2168 58.7366
24.7623 58.3851
27.7404 55.0621
25.7782 53.4515
27.509 56.8864
27.1689 53.5818
26.1128 56.5668
22.2523 61.718
18.9344 63.1864
27.3331 54.968
29.9988 55.2425
30.8767 52.5684
26.8419 57.208
26.7168 57.4658
24.9243 59.7851
24.7362 61.7026
24.8447 56.349
24.3898 58.0815
29.1842 53.3603
24.0275 58.124
28.0602 57.515
28.5223 57.6402
26.4309 59.1651
25.9054 55.8391
26.6992 57.384
27.6057 57.5023
24.1143 61.4331
19.8282 60.5064
22.2307 58.4913
21.0201 61.4098
22.0491 61.4777
23.6501 57.2931
21.1813 58.06
24.2484 61.0002
31.7064 53.7546
24.7202 59.9528
25.282 58.9598
24.9622 53.9144
25.1387 60.4113
23.7693 58.5624
24.243 58.2606
26.0295 56.1216
25.0449 56.3745
24.1423 57.435
25.7254 54.5276
25.6659 57.1465
27.7773 56.5649
24.2402 55.5552
21.8432 55.9203
27.1627 57.2176
25.1249 55.9647
25.1751 56.5621
25.8937 54.7052
26.8336 55.4067
29.5002 54.3717
26.332 57.1387
26.8927 55.6461
26.9786 57.7851
27.2202 56.2502
27.1842 54.6544
25.1255 57.6396
26.0004 59.0901
23.7532 60.775
25.4932 59.7812
25.9551 59.2815
31.8401 50.6324
30.3697 56.8444
23.5331 58.2926
26.3014 55.4518
22.3263 57.9501
22.0823 57.8645
24.5621 59.4714
24.466 59.8333
27.8342 53.3593
26.0708 55.6297
25.5941 56.8579
27.951 55.8393
25.5684 52.5069
26.0511 54.5554
23.1 55.9372
24.9829 58.1504
28.3496 52.4795
24.85 55.7552
27.307 58.0787
24.3108 61.0655
26.2962 55.6578
23.7543 57.7019
24.6828 60.1696
24.6165 57.5132
25.0894 58.4182
27.2636 55.6438
31.8737 54.7655
27.1807 54.987
35.334 53.8252
32.7711 53.6194
29.9253 52.9853
28.0201 50.4609
26.8371 53.4713
28.387 55.6166
28.4332 52.4929
29.0436 56.1886
31.5872 51.8438
34.084 49.1959
27.6736 55.9303
26.9613 58.6396
25.6687 60.2508
22.7543 57.538
26.0558 56.7872
26.6944 54.0705
26.3491 56.1093
24.9373 57.2935
25.0105 52.6839
25.9685 54.637
25.8002 56.9285
28.7828 53.7347
26.6064 58.9549
24.7753 59.5696
25.0177 54.843
27.5433 52.0383
29.508 52.3685
31.4258 54.4197
31.0482 52.9668
24.0974 55.5495
28.6797 54.5484
28.4876 55.715
27.6848 52.3427
25.2665 57.0234
25.1476 60.3769
25.2814 59.0194
25.3866 58.0324
25.98 58.7856
22.3899 57.8929
26.0705 58.3514
26.5544 59.3652
25.7777 57.2859
26.3376 54.8528
24.6707 62.6517
22.6176 59.355
23.6188 58.8021
26.1881 57.9647
28.6721 53.204
28.7292 52.0292
25.6891 57.7024
27.0882 56.3129
29.1183 55.9301
27.9074 55.0253
25.1437 61.1179
21.8542 61.1984
25.8671 59.0351
28.6283 51.3173
25.9784 54.6657
24.8148 59.1298
27.8875 57.1822
27.7852 53.9632
27.8786 52.1546
28.222 53.9472
25.9867 53.7495
29.6486 52.2479
21.1886 59.7842
23.5229 57.2653
26.068 55.9117
28.1501 54.1201
25.8097 51.6563
25.7863 51.8186
22.3005 58.6166
25.0897 54.5407
23.7825 53.5964
24.8541 53.8832
21.8188 53.1272
25.1668 53.6775
25.31 57.8493
26.9249 50.7373
23.4164 52.2185
23.9115 51.9433
21.6029 58.951
20.3837 55.3323
21.4779 52.7085
24.9329 51.9948
25.3185 50.6642
26.0381 52.3937
19.5311 54.6263
19.0203 58.974
19.8892 56.333
19.8892 57.6559
20.607 55.457
21.0936 55.5019
17.0417 54.2165
22.4295 57.7659
20.9681 60.0997
19.2994 57.4734
21.4143 54.0087
20.7083 56.3895
21.6663 58.3439
22.7148 57.8046
25.5908 52.7708
23.4254 52.3215
23.8246 54.405
24.4055 55.9935
23.4201 55.7818
20.594 57.9516
22.3757 55.5545
21.7694 54.8608
23.7775 51.7126
23.7775 51.4725
24.633 51.3452
26.6089 50.8522
25.1988 53.9433
22.2 55.2797
19.7416 59.7133
20.8017 60.1916
23.2212 58.9203
20.4281 55.0355
16.7864 58.2141
16.6513 57.4778
21.0077 55.3949
24.8237 49.882
24.7038 55.1475
24.7038 55.4238
23.4703 56.2934
23.9936 53.6622
24.0827 56.8118
20.5834 57.6455
21.2052 56.7541
25.5333 52.97
22.6909 59.7459
21.3486 56.491
24.969 53.549
27.8678 53.4433
26.0551 49.5665
23.6193 52.6004
24.6697 56.8802
27.375 54.8578
25.4215 54.4745
25.2301 56.9273
29.6228 53.8868
24.6794 58.9862
22.239 56.4176
26.4428 56.4031
25.1249 56.9268
24.6432 54.5867
29.7827 60.2009
27.7974 55.9933
31.0263 54.3463
31.2002 49.3705
26.7205 52.6304
24.6677 62.5327
29.0701 54.6747
27.7344 58.2398
23.5272 63.0176
25.681 58.1285
30.2636 52.4079
28.1945 55.358
26.6464 57.3871
27.3396 55.7686
25.3606 53.8273
24.8245 54.5654
21.5187 57.219
25.5533 58.9288
29.6955 55.7194
28.2495 53.1919
29.6688 54.6941
24.7945 61.7708
22.0464 55.7587
32.006 53.8138
32.5737 51.2218
26.9291 55.948
29.2473 56.0528
23.3366 60.7412
21.8749 58.6767
24.1169 53.967
28.4681 55.1997
30.8906 54.2542
31.0551 56.4889
24.3215 63.1659
24.2399 57.7403
25.5329 58.1941
26.7601 57.4721
23.5911 58.1207
26.0858 55.5251
28.9574 55.5414
28.845 55.5488
26.0362 55.1347
28.7721 54.3392
24.0775 60.5863
27.6408 54.5464
29.2844 50.3312
28.2632 56.2582
28.1228 56.051
28.8239 57.5115
24.6299 57.579
24.3638 58.7298
22.7701 56.3912
28.7723 51.3258
22.5833 62.8839
27.9855 55.8407
26.2927 54.8162
26.4057 55.227
26.301 59.6632
25.669 56.759
23.3906 59.6664
25.2567 60.4737
25.9143 55.9588
33.3334 55.7803
28.8388 54.6541
29.8186 50.8848
26.6517 53.7122
27.8217 53.6171
27.7537 55.3505
25.3056 60.8926
25.7747 56.7984
25.4201 55.0601
27.8483 55.3458
25.8506 55.3918
23.6176 60.4114
27.224 56.7125
29.0715 53.6636
24.651 61.5534
22.791 57.888
24.8161 60.0306
21.9732 61.463
23.4659 56.5737
25.11 56.4307
24.1461 59.4486
25.5952 60.1825
27.1196 55.1817
27.556 54.5452
29.0076 54.4167
27.49 51.6645
26.9806 55.1338
28.1487 56.507
23.4731 60.4325
30.9595 53.9104
28.628 55.1261
25.8904 56.0706
25.9564 55.1219
25.9658 56.3603
22.0274 58.4692
27.0961 57.6875
25.3896 57.8331
29.204 57.7308
29.8487 53.9559
22.0763 60.2123
24.621 59.8855
20.2758 58.9002
20.3932 62.2791
20.9863 63.2832
19.5777 58.4161
26.793 58.4939
24.3051 60.9561
29.7063 56.467
26.8019 59.5833
21.7016 61.101
24.185 60.0256
26.6426 60.6325
29.2558 52.5823
26.4324 58.3876
27.0898 54.4088
25.3212 56.187
26.3795 54.8946
26.8925 58.5324
26.0474 57.9983
25.6766 56.343
25.6029 56.6384
25.7808 59.1758
23.3931 57.6974
31.1397 55.9489
26.1568 53.6777
28.38 57.9289
27.3992 52.6498
33.3395 51.2409
27.6386 54.6177
23.8776 55.8694
22.9755 56.9321
27.0705 53.6717
25.9693 58.088
24.3516 61.4409
29.3626 58.0555
29.1983 55.5895
29.8665 57.5375
28.0565 55.486
26.1279 55.8319
25.7146 57.924
26.0038 54.8362
26.8707 53.7337
29.5945 52.7888
27.2084 56.5714
29.1999 54.8094
29.0993 54.1339
29.4058 51.6508
30.6545 52.74
30.9814 53.2403
26.8275 58.8906
28.2543 57.0292
28.5391 52.0866
25.1663 57.1236
26.59 57.8951
26.8833 56.6793
25.2889 57.2554
23.8588 56.0318
25.6884 57.6585
24.3709 56.3602
31.3662 55.2124
32.0521 51.1688
28.6465 51.9393
26.6221 58.4873
26.693 57.2216
25.9356 58.9201
23.261 60.877
29.0406 55.6597
29.794 54.0216
29.6113 52.7079
28.0938 54.8563
26.7826 52.7584
23.663 54.7363
26.9894 57.2972
28.4412 56.765
27.8633 57.6146
25.5034 62.4814
26.0606 58.0824
27.5597 58.2134
27.6964 58.7949
25.2036 62.46
25.7116 64.0424
25.1059 59.8303
27.6808 59.7856
26.1191 58.0931
25.9715 54.9301
23.3157 60.9443
26.6579 56.6548
21.8301 58.8463
25.0606 60.2095
23.8256 57.2807
26.1037 58.1511
22.1795 59.1597
26.2566 57.357
23.7409 55.8547
23.4865 58.092
25.528 56.1136
22.7704 55.618
26.6804 57.1446
24.0174 58.4299
25.8448 57.9858
26.4286 53.9143
28.0123 53.2352
27.3042 51.188
27 54.9739
27.1251 53.1869
25.9637 52.0598
26.058 54.2062
24.0708 54.4638
23.7914 57.4856
22.3978 57.4841
21.7855 58.6761
21.9982 54.271
22.6784 58.7378
22.7989 56.7488
28.285 56.9817
26.6538 56.2745
26.0292 55.8271
24.7809 57.0614
24.9771 54.3727
22.2955 55.3325
24.7388 54.043
24.4946 55.3353
28.0802 54.6968
25.3385 55.1443
23.7646 58.8167
24.0731 55.042
24.0112 54.0302
19.961 54.0302
19.961 57.3536
19.961 57.622
22.3814 55.4186
21.3068 56.8462
23.5542 56.6328
22.6629 54.2137
20.5118 55.7138
21.2012 55.5982
22.6757 56.0621
20.5285 53.9897
21.7634 56.2253
23.9156 57.295
18.7937 56.1951
20.0303 55.9585
20.6654 58.614
17.2975 59.8961
18.7245 58.3469
20.605 55.3513
20.605 55.1747
22.8365 56.6021
21.7168 55.1264
23.6134 55.1264
22.0424 59.3393
25.882 53.499
23.5082 59.9977
23.1853 60.808
23.9097 57.8018
20.9774 64.3657
21.1904 56.2478
23.621 54.5616
25.1771 56.6791
26.3548 58.4968
23.7419 59.2497
24.3996 51.0106
27.5622 53.9513
21.86 55.9307
22.8863 56.829
22.5708 54.4423
21.1395 54.3441
23.0315 55.8188
23.0315 57.2644
20.7506 58.9497
23.4823 55.5772
21.8674 55.8231
24.2582 55.5595
24.9571 56.2965
24.6601 54.8207
24.493 55.0189
23.4014 52.6165
24.2688 53.9454
20.7994 58.8524
23.1676 57.9243
23.2748 57.0799
23.7396 55.7311
28.6801 56.869
21.691 57.4374
23.0517 57.6247
23.5859 53.5762
23.3699 55.054
25.3923 52.5284
25.1247 52.7352
26.4043 54.057
24.802 51.787
25.2114 55.6888
25.9758 54.7495
27.1654 51.526
26.0252 50.4564
21.8797 59.6632
22.5779 57.2798
23.8753 56.041
25.8302 56.0147
26.8058 54.096
21.2311 56.3966
22.6682 57.7925
21.2768 58.5989
20.0807 58.2793
24.3368 59.6593
25.6616 53.0608
25.9225 54.4122
23.2775 55.1868
26.3128 55.9338
28.2158 57.0588
23.0977 56.3448
24.4564 55.9959
23.4483 55.739
22.6443 53.8357
25.4526 56.3182
19.1435 55.4532
22.0774 55.8161
24.3829 54.0247
24.975 53.038
25.7352 53.6045
27.0655 53.8889
23.2738 59.2333
23.9615 55.3445
24.4288 50.7595
24.1235 52.7533
25.5153 49.8292
25.0927 49.8292
23.9344 53.5283
22.5231 54.4756
22.2385 55.8225
22.4909 55.7958
25.9752 53.1935
26.3209 52.4346
25.162 51.8184
23.5581 55.601
24.3535 52.9138
22.0118 58.1196
23.033 53.714
23.8367 57.8761
23.8367 52.1833
26.9886 54.0542
24.1889 52.1358
25.9049 55.6442
25.9924 54.8042
25.6929 56.9069
25.2998 56.4382
25.293 58.2174
25.2946 55.6538
25.3259 52.7846
25.2709 58.2137
23.2643 60.8661
23.8041 58.6973
23.8993 55.4379
24.5072 57.5652
23.1439 54.1777
21.6531 54.2424
23.051 53.9454
19.8553 54.6069
19.2268 60.6489
21.3127 51.2357
19.0686 62.7544
19.9691 61.2247
22.415 60.1342
20.3819 60.6747
21.6731 59.3118
23.7999 56.3752
24.1048 56.9974
23.6904 57.6848
23.2297 56.4979
21.9481 53.4989
25.0748 51.7743
25.0748 52.2613
27.3945 52.7609
23.181 58.0089
27.5183 50.5935
27.8923 53.9105
27.3057 57.3693
26.5551 50.7305
27.9428 52.0369
27.2225 53.2896
27.625 53.4973
30.5156 52.5929
29.9301 62.653
37.9938 51.5831
36.9223 50.5826
27.6062 52.1341
32.9019 51.4275
28.6295 51.7921
18.3066 57.3387
20.7165 58.0203
21.278 56.7995
21.259 54.0802
23.1037 56.0043
21.3841 55.1088
21.9252 55.5641
21.3586 54.888
24.0924 55.9537
21.3137 56.1401
24.2695 53.7309
25.5749 53.6346
25.2966 55.7965
25.7039 54.3584
25.551 54.2363
26.6205 55.2877
27.9741 50.7902
26.9155 47.6152
25.2317 57.1395
26.0213 58.1517
26.4927 53.8906
21.3089 57.3159
21.5461 54.6567
25.9761 54.9036
23.8623 55.9124
24.3595 54.3432
23.7423 55.9412
27.0604 55.6517
25.1292 61.4649
25.2281 56.9644
24.1117 54.879
26.2 54.2762
26.241 59.9835
25.4234 52.9595
26.2312 56.1051
24.6667 54.3692
22.7827 58.6208
20.7148 57.231
22.612 56.8577
19.6822 58.2347
28.1377 53.2172
32.1476 62.1459
30.205 59.6349
29.6094 52.5167
22.7218 59.9181
21.2707 59.8442
27.3346 52.1499
28.8035 52.7142
28.0547 52.9012
26.3781 52.202
22.4567 56.2315
22.4567 54.1435
21.9232 53.705
22.5407 57.9514
24.6138 53.9693
22.9083 54.4303
23.4702 53.5613
28.1027 56.8251
24.6844 53.2385
28.7415 55.4051
24.4001 60.569
27.9147 56.2464
28.0902 56.2204
28.0533 56.3236
28.3656 57.577
26.5618 59.6249
27.3087 58.2266
26.857 57.6124
24.8682 55.886
24.6136 57.5452
24.6184 55.994
26.9049 58.7837
28.8333 58.6694
26.5113 56.9162
29.1214 56.9476
27.7263 53.5439
33.5751 54.6049
27.4595 54.0225
28.7447 59.5746
26.1932 54.3663
29.2103 57.948
21.3652 57.1219
28.8804 55.3955
25.3207 53.5521
26.7531 61.9199
24.4984 57.7204
27.8732 58.1585
27.768 51.0577
20.681 62.0904
22.1121 56.8001
22.2734 57.939
21.975 59.9933
24.3891 62.8463
24.5417 61.7096
26.1138 58.4495
26.1989 53.5379
30.0163 56.0278
30.9975 52.296
23.5599 54.094
26.6688 57.2934
24.0952 55.2813
23.3761 59.3958
25.2991 58.1339
29.3116 54.3279
26.291 56.2363
28.8384 55.0284
31.2273 56.5847
27.2548 53.3513
26.4731 54.9455
24.7243 55.6639
23.8671 59.2696
23.816 61.0551
30.1653 53.7199
22.9198 56.7919
24.794 55.324
29.5576 55.2642
26.2973 55.4456
24.8402 55.3734
25.5067 56.8448
25.2385 56.6412
30.0263 56.6581
30.3638 49.6656
28.719 52.0107
26.8963 55.8252
24.3574 57.2259
23.4471 59.7941
26.415 56.5502
27.9687 56.2604
29.3808 51.331
27.3013 51.6716
31.0801 53.2625
27.0544 57.2141
28.4378 56.2069
24.9991 55.1717
29.8457 53.1493
27.9181 57.1115
27.6146 56.7227
31.2729 52.3215
25.2974 53.746
26.2917 54.2555
25.7304 55.3557
26.4964 58.1795
26.7779 59.2861
27.1895 56.3352
22.6164 58.4666
22.8049 60.6811
24.1108 56.2903
24.3222 56.9243
27.0816 55.0512
21.4691 62.8946
21.4365 58.6859
24.6899 55.7548
27.7454 58.4912
30.6881 57.2831
28.3685 54.7117
28.2297 58.8472
25.0485 55.2848
22.1033 57.2777
22.3996 58.1274
24.0828 57.9505
23.9534 59.642
26.2871 56.804
26.2283 54.0757
30.5183 51.2764
26.7609 53.6399
24.2203 55.5858
20.3614 60.6613
26.9866 56.1987
24.3017 60.2488
23.0362 59.24
24.3168 59.008
23.3137 56.6823
28.8151 57.0975
26.89 56.8514
24.0159 57.8229
25.3059 56.3858
26.7691 55.9506
27.0089 58.7482
26.4653 58.5585
26.0591 54.9984
24.9812 57.7528
25.4741 56.3476
33.9166 55.9162
26.0181 58.0747
25.2608 59.567
23.4124 55.8596
31.0882 51.9297
26.8087 56.4656
27.434 58.2903
27.913 57.6884
26.3272 57.0007
26.2692 55.3076
25.2727 55.8945
28.6384 54.388
31.2025 53.8134
25.9854 53.9882
24.8856 58.4955
26.6668 53.0955
25.0166 59.1208
20.0406 57.5727
26.2656 56.023
28.2061 50.5477
29.3995 51.9859
27.2736 52.956
30.3631 55.3534
23.2881 55.8538
24.1154 56.0104
24.116 57.0713
23.9999 58.7232
23.3987 59.01
25.2813 58.658
26.9402 57.03
26.6476 54.0979
26.8865 55.5515
19.7357 59.6148
26.7548 54.6818
24.8186 60.63
23.8382 55.6017
25.0445 55.1727
24.8502 55.8016
23.9807 57.8475
26.3096 56.4385
26.0276 57.6609
28.76 53.151
27.3955 50.9437
26.6164 56.3833
27.3064 54.2306
26.0565 58.5655
21.4291 60.4742
22.9595 61.1407
20.181 57.5803
25.419 56.7629
29.3036 55.3076
26.4396 57.795
25.8314 53.2711
22.1451 60.1276
22.3506 59.9197
26.4469 55.0987
25.8057 55.654
26.8215 56.9034
24.6698 60.5144
23.6086 61.4364
24.5613 56.7445
24.5878 59.4507
26.4402 61.9993
26.9402 57.7728
28.1463 58.8312
25.6026 58.2325
24.4624 57.291
27.6844 52.9563
26.487 54.8058
25.9773 57.0557
22.3655 60.42
24.4925 59.5225
25.7099 55.6439
28.6989 56.6608
29.3035 57.9013
26.1912 57.735
23.7274 57.1265
24.4465 56.5551
23.8203 55.6626
23.3886 59.8208
25.1239 61.5328
26.3505 56.1153
25.7991 60.7286
19.9866 62.4659
26.7748 54.4661
32.8199 54.2654
31.6768 52.5912
27.0091 57.8323
27.3081 54.678
23.4367 56.6265
26.2361 55.5941
23.7814 55.7658
25.8241 54.3286
25.8638 54.9545
24.0108 58.6763
25.0474 57.4018
26.8461 53.6441
29.4933 56.0885
29.3892 54.0535
26.5587 53.6464
24.3769 55.0478
24.6487 57.3393
28.1685 55.0227
24.2494 54.7975
31.1067 56.3927
34.9065 54.9694
29.7336 55.793
25.7628 55.034
25.2092 59.1109
26.8864 54.6887
23.0206 56.1204
33.5723 58.1449
24.6336 62.6101
26.4684 55.5844
24.0877 59.5759
24.422 58.0336
26.8572 58.195
24.1892 58.6918
25.68 58.6219
22.9129 58.2717
27.1754 60.7032
28.0415 55.0856
26.1469 60.2543
26.2148 57.9456
25.7458 57.8727
28.2083 54.9212
26.4931 56.743
30.9033 50.5985
30.2204 52.6908
27.4208 56.2405
27.6762 54.6287
30.6503 56.1635
39.4628 53.9436
28.2182 56.4596
28.1111 56.9979
24.4807 56.2059
19.8666 55.458
26.8716 60.6805
25.9264 57.0697
26.6555 56.6108
29.0316 54.0538
27.5966 52.4356
26.2016 53.3453
30.0826 56.1277
23.4897 57.4373
21.2197 60.859
22.2278 56.2893
27.5295 55.8608
26.8769 58.8431
24.2816 53.6402
23.9161 58.1785
22.7754 55.8533
28.9059 54.0541
28.3237 54.2732
30.8464 53.4756
26.2847 52.0579
26.4328 61.2151
25.0347 56.1666
27.9795 55.8784
26.0805 56.3883
23.2976 57.392
18.6817 58.4883
20.984 61.2299
19.3908 57.9997
23.928 57.1588
26.4112 58.1644
28.2721 53.748
30.4774 54.6664
19.8172 64.0938
26.1907 59.1253
28.1901 55.5356
24.2658 56.8415
25.0877 56.8852
27.2019 56.3777
25.1849 58.5704
24.7324 56.6293
22.0844 57.8784
24.7391 56.9264
21.463 57.9096
26.5245 56.0313
31.2974 56.1728
24.5811 56.6614
25.9868 57.9547
25.0954 55.5261
21.5011 59.7355
21.4453 58.82
19.5175 66.3097
26.3863 56.6331
26.4534 57.3089
24.9154 56.4119
26.6684 53.9467
24.5055 62.1025
28.2411 54.3084
25.6921 58.0252
24.2738 55.9062
27.2001 50.2607
28.1571 56.4873
29.1017 55.6643
26.1007 56.6463
25.3042 59.3165
20.7012 58.6709
24.2521 59.3537
28.3228 51.264
28.6803 56.7169
27.5307 53.1627
25.5238 54.8627
27.3007 56.8433
34.2021 53.5541
29.2524 56.8776
28.5977 54.94
25.8497 58.2729
26.1711 63.0108
27.9747 56.6929
30.3195 53.2498
30.004 54.4969
30.9392 55.0752
26.6783 55.3931
24.3244 59.7729
19.2458 60.9709
21.7484 62.635
25.8624 57.5941
26.1805 55.9439
27.9509 54.1845
27.4677 54.058
25.2878 57.8512
22.2592 56.2656
23.2842 56.4324
27.3595 56.2106
26.5962 55.2724
30.1535 56.6328
27.5692 55.6972
27.5881 54.7486
34.0434 51.4861
36.122 48.3151
32.2765 57.5157
23.8241 58.4974
24.0615 62.7665
30.7136 51.1004
27.782 54.7873
24.4539 57.6846
27.3266 55.1502
27.2593 55.5234
24.4559 56.9169
23.6607 57.4772
23.8374 57.0086
26.2977 57.2573
22.7889 57.9683
24.9638 57.3904
25.0125 55.2315
26.0145 57.3903
31.2027 51.6534
28.3927 52.4039
26.1042 55.9236
25.3645 55.6961
28.8821 54.0696
26.6289 54.0696
24.2916 57.0557
28.8715 52.4632
24.6347 56.4709
26.1201 57.5486
30.5495 52.6118
29.6862 52.6118
24.5967 55.6265
24.6895 56.3057
27.846 53.5685
26.9024 50.219
31.3129 55.1598
32.0644 54.1825
27.6555 58.1072
33.7808 55.0279
28.4008 60.3561
24.8065 56.0284
25.3669 58.1556
27.103 55.2314
29.5374 54.125
26.8488 53.9936
25.6556 55.7219
27.0608 53.8395
23.873 58.1344
24.1516 57.6514
24.7689 58.6704
26.0992 56.9032
25.3624 58.2028
25.3346 56.687
24.76 56.9156
24.3982 57.0505
27.2588 54.1031
26.7037 53.7518
26.444 52.1788
25.9629 51.6312
26.3525 54.4292
26.9999 57.922
27.4283 56.852
24.3576 55.8307
26.0094 55.5152
26.0195 56.4582
24.7016 56.4429
23.5575 60.8577
26.0207 59.9126
24.4715 55.0647
25.2795 54.375
23.9973 57.6482
29.5197 57.0075
25.6025 56.7668
24.9454 54.4966
25.1795 55.1828
27.1344 55.3289
24.0555 56.9338
28.6124 56.771
32.4755 50.3654
28.2282 55.4715
28.7922 58.9805
23.6072 59.7477
26.1358 59.8753
26.3651 55.9246
31.8908 56.5648
27.267 58.8978
27.4953 57.1966
28.108 58.1355
25.7101 57.3447
27.8055 55.2479
24.5678 54.6921
24.5311 58.0008
23.5172 58.1472
26.0256 56.7056
28.2492 56.5526
27.6347 55.8364
25.471 54.3768
20.1475 60.82
22.1407 59.338
30.3104 56.4173
28.5243 53.5072
24.763 54.6064
23.5726 53.3296
29.3319 59.2751
30.9985 54.6324
29.0989 55.4833
27.8427 57.2577
23.5344 60.1602
22.8884 56.9356
23.3921 61.2988
25.9726 59.4272
25.3564 56.3412
23.3732 59.7784
27.3279 59.2507
27.5484 58.3844
24.4845 59.7952
26.7747 56.3633
26.4664 61.9237
29.8084 54.3953
29.2414 52.4282
24.979 57.0647
26.6816 56.2957
31.1539 52.5551
25.793 59.7158
25.5576 57.0818
23.6074 57.9124
24.344 55.88
26.1207 57.2994
25.0563 56.0799
24.6755 55.9554
19.5235 58.9081
26.7358 56.64
25.7207 58.9115
23.2544 57.9947
25.9409 57.4593
22.7468 58.1485
22.942 58.9487
27.3784 55.2932
24.2252 60.4596
25.1725 57.0935
23.8178 56.8759
21.333 61.4795
25.8472 58.5868
22.8616 58.7619
23.7082 56.853
27.7531 57.3002
24.9665 55.6326
29.6405 52.7754
28.6079 51.1853
28.9015 47.6832
26.2189 52.5706
26.953 52.7171
27.2371 56.5847
27.5258 54.7534
28.0487 55.2078
27.1374 54.486
29.1701 56.918
29.1236 55.1931
27.103 53.8612
25.586 56.2855
25.8567 58.2575
26.0916 57.2066
23.3827 57.4627
24.6636 55.0092
28.7822 56.3524
25.9252 59.2542
26.2393 55.7449
25.9877 56.746
26.4602 56.1331
30.8247 51.6403
28.4329 52.137
24.5632 54.8103
25.4214 57.7233
28.0664 57.7483
27.4924 54.0932
30.6645 59.4264
27.8125 56.5916
24.2684 62.8469
21.7478 60.2582
28.5403 53.285
25.7088 56.1355
25.5834 55.2083
24.9424 55.7328
28.7548 57.912
25.8415 59.3057
25.7988 54.9459
25.2368 53.1135
26.2875 54.7282
26.5615 57.0396
28.3574 58.9881
26.8871 58.3047
28.4901 52.3899
26.9759 52.9831
27.7717 57.0433
27.7795 56.5848
24.0016 56.4614
27.2614 52.9765
28.4609 57.7217
27.2444 56.8651
28.1522 57.2546
26.999 58.2512
27.0366 53.1822
23.3158 58.2754
30.7111 51.0718
25.8109 55.4505
25.8465 53.4393
24.6102 60.8866
24.9566 57.299
26.1722 54.5847
27.4475 55.4223
26.4009 55.3631
24.9128 56.945
26.1588 58.5914
24.1107 61.2386
24.635 55.8366
25.5145 55.4161
28.7371 55.4511
25.1868 57.7527
25.6138 58.6283
25.2123 57.7152
24.5703 60.1428
22.5136 60.1386
27.6111 53.9286
25.6835 54.5251
27.6106 53.2242
23.1135 60.759
23.3674 60.6247
23.3835 58.321
26.7949 54.9047
29.3102 55.6868
23.7062 57.5266
23.8593 60.0753
25.8225 58.5489
27.1409 57.6942
27.1667 54.7381
32.96 56.3803
25.5295 55.532
28.3008 54.3432
27.2311 54.8354
28.4195 53.6893
29.7997 56.8582
29.8994 56.0036
27.2156 53.8813
26.4651 56.6206
24.3966 55.6981
26.0815 56.5105
24.3714 57.8116
27.8257 56.5534
21.4467 56.549
23.5683 57.6814
24.5508 58.2239
26.4132 56.8362
27.2796 55.3645
26.0486 58.3884
