25.2929 29.4557
26.3524 29.2121
30.3144 28.487
28.1839 29.1969
27.1508 29.4253
28.4215 29.3273
28.0715 29.3354
28.5359 28.6726
27.3206 29.1825
25.4573 30.9648
25.5884 30.0648
26.6649 30.2856
26.7848 30.4368
26.8876 29.1878
26.69 29.1817
30.2766 30.1334
28.9897 29.4068
27.2627 30.4611
26.5258 29.7319
23.9637 30.2345
25.2584 29.8848
23.8621 30.1944
26.7432 28.7633
25.756 29.6401
28.6786 30.4281
28.5706 30.6339
27.4358 30.5988
27.4883 28.5675
24.223 30.6696
23.0109 30.7374
22.322 30.1245
25.3099 29.6279
28.5309 28.5257
28.8316 29.066
29.1933 29.584
25.5208 29.6756
24.8573 30.2484
26.3015 30.102
24.5037 29.8899
24.4988 29.3665
25.4117 29.9913
23.9117 30.3522
22.3014 31.2054
24.3918 28.6382
23.7028 30.159
24.0345 30.3154
23.6295 31.2129
26.2723 30.5433
26.1381 30.6292
26.8123 29.7939
27.9137 30.1136
25.8555 30.2877
27.7212 29.7332
26.0644 29.9219
24.2456 29.5016
23.249 30.3553
22.7946 30.793
24.7404 29.5669
21.9553 30.2622
21.4504 31.0533
20.2006 30.9426
22.8172 30.0785
19.1475 30.9969
21.5091 30.7463
24.5318 30.0186
25.5184 30.184
23.3009 30.838
28.002 30.7384
28.2116 28.9923
24.6533 29.9388
24.5722 30.5441
26.5175 30.3501
27.0515 28.8623
24.2008 29.4931
23.2441 29.2917
25.3331 30.3953
22.2148 31.0669
21.6624 30.1032
24.7495 29.2547
25.4593 29.7172
24.143 30.3206
25.649 29.0767
26.8928 29.7151
26.7161 29.7927
27.0658 30.1214
27.6158 30.1559
27.7687 30.3195
28.5137 29.5759
27.5142 29.0173
27.2947 30.2066
28.6606 30.1437
29.8715 30.0444
26.6576 29.5591
26.8542 30.151
27.3638 29.1266
27.5557 29.8381
26.6804 29.7143
26.4316 29.3466
28.5719 28.5358
28.2065 29.7078
27.9025 29.4634
28.257 29.0259
28.2112 29.0059
29.0452 29.0249
28.5464 29.3273
29.7809 29.5821
31.1305 29.2575
30.93 29.1636
31.7523 29.1863
28.6835 29.2087
27.5957 29.5897
28.5952 29.6932
30.2255 30.1302
27.1342 29.773
31.4744 29.0855
29.0471 29.076
27.3543 29.5669
29.3863 29.147
28.5073 29.1493
28.8645 29.5702
28.3417 28.882
28.3465 29.052
30.3464 30.2781
28.8671 28.7773
26.4504 30.3499
26.469 30.1842
27.4089 30.2846
26.7655 30.6145
27.5984 30.4562
28.0592 29.6911
25.4993 29.6777
24.3784 30.1247
24.4666 30.4026
26.1209 30.8519
27.5634 29.3992
27.4088 28.4647
26.7688 28.9928
29.08 30.2947
27.5047 29.9401
25.5154 30.2565
25.0527 30.3401
24.0487 30.3539
20.6572 29.8869
23.868 30.2518
24.0331 28.9195
21.897 29.3636
21.728 29.6902
23.2831 29.8199
25.2417 29.3769
22.9764 31.1208
25.0289 30.1513
24.316 30.0889
23.4702 30.6936
24.6032 30.6799
27.0745 29.9995
26.0391 31.2002
22.4315 30.9442
26.3724 29.433
32.7408 28.8244
32.5597 29.3933
29.4689 29.3498
30.6999 29.8232
30.6999 28.9707
30.9576 29.0892
27.5304 29.9928
25.451 30.3547
24.8436 29.7988
23.8139 29.7612
22.98 29.2942
25.9713 30.4846
23.3236 31.2623
23.0649 30.3824
23.4266 29.7808
23.8067 29.2539
25.0594 29.013
28.5979 29.37
24.0672 29.5577
25.4441 29.3497
28.3177 29.1593
27.8604 28.8579
29.3917 29.1882
31.1873 28.5836
30.3302 29.67
30.2777 29.6994
29.8834 29.6944
28.2684 29.8489
28.0648 30.0333
23.713 30.056
27.4287 29.856
24.4796 29.7572
24.993 29.8214
25.1524 29.7165
29.8145 29.8041
27.6008 29.5797
27.8687 30.0649
24.5805 29.8558
25.5944 29.5054
25.1161 29.6717
23.1892 30.5737
24.3677 30.8194
25.9765 29.1984
26.4627 29.5533
29.0009 29.52
25.9652 30.3915
23.5782 29.6104
25.9795 30.7286
24.6742 31.0148
25.0352 30.3188
28.3989 28.17
25.2901 28.9554
25.7811 30.7145
23.7718 30.4106
23.3245 31.297
23.4209 30.2214
25.8339 30.6908
28.8222 30.8944
28.6378 30.9064
28.6682 30.6206
27.4614 30.1144
27.4621 30.9291
27.4537 29.4849
26.9613 29.775
28.0913 29.7872
27.7569 28.4164
28.1381 28.7808
26.8386 29.7111
27.4697 30.1536
26.8367 29.5989
28.9264 28.9875
25.8304 29.4585
26.9858 30.536
29.631 29.4547
25.209 29.0479
28.1844 29.2155
27.6307 28.821
28.0458 29.2577
32.9251 28.9948
29.9563 29.4687
23.5198 30.2403
25.0307 29.7573
25.9384 30.1397
26.3961 31.5006
27.9317 30.8942
25.5734 30.889
26.3236 29.7052
24.4436 28.9083
25.5126 29.177
24.0007 30.2064
23.4623 30.3419
24.9855 30.9516
23.7932 30.7876
26.4937 30.0347
26.9728 30.0462
25.9915 30.2546
26.3959 29.7521
26.0876 29.6639
26.4141 29.3693
27.4145 29.5413
26.2254 28.7482
27.5504 28.9655
30.6611 29.0281
29.0917 29.5001
27.4801 29.3076
28.2851 29.382
30.7841 29.2594
28.7134 29.0836
27.8653 28.3703
28.7402 28.2888
28.2933 29.7627
22.73 29.9068
22.205 30.2192
27.1933 29.0786
28.1965 29.393
26.9782 29.5006
26.4951 29.7376
29.523 29.3552
29.0862 29.243
29.4326 29.4623
28.7428 28.9565
29.0271 28.5147
29.9589 28.7069
29.7172 28.7805
28.0351 29.0415
27.9299 29.2103
24.7304 29.8637
24.6255 30.0622
26.8493 28.6185
27.8419 29.8526
25.719 30.7925
31.8228 30.1315
34.9568 29.4638
31.3487 29.9156
31.4638 30.22
28.1453 30.0878
28.5378 31.193
28.372 29.7076
30.4624 29.9431
26.5862 28.7339
27.0259 29.401
27.4853 30.1505
25.0784 31.5061
21.9256 29.9989
20.28 30.8444
20.28 30.0683
21.4192 31.1322
26.7357 29.1816
27.7866 28.9884
25.7923 29.5749
24.9838 29.654
24.7373 29.7532
24.8525 29.7994
24.5915 29.7874
26.7091 29.6745
23.7988 30.7285
22.8238 29.8507
23.5316 30.37
23.418 30.3468
23.6831 30.6624
23.6805 30.6852
23.7968 31.5865
23.0398 30.8349
23.6232 29.438
27.4668 29.314
23.3341 29.2589
23.826 29.4606
27.0859 29.1398
29.5467 29.1826
28.2804 29.0582
25.2893 31.1257
25.7312 30.2952
25.3079 31.0305
26.5951 30.4956
25.1116 30.1271
24.0472 31.1565
25.4506 30.3999
26.7824 29.992
23.7592 29.9882
25.6781 30.3774
24.9399 30.3998
25.4067 29.9927
24.7882 30.291
26.9116 30.1094
28.0034 29.7118
27.2079 29.2034
27.1228 29.4616
28.9226 29.1297
26.4557 29.7922
25.66 30.4381
27.6557 30.2155
30.6208 29.3898
30.8115 29.6284
35.9101 30.3977
30.9022 30.4098
26.3979 30.3807
26.7012 29.3064
27.7511 29.8401
26.7815 28.6412
31.2892 29.3929
30.1533 29.2549
30.3535 29.0918
26.7955 29.7206
24.862 29.922
25.4721 29.3238
25.3547 30.665
25.4583 31.3933
22.487 31.0096
25.3787 30.7928
23.711 31.2376
22.2556 31.3039
24.0738 30.2003
23.8065 29.9528
23.278 30.329
24.1992 29.8911
28.0685 29.471
26.3375 31.168
22.8211 30.2452
25.8667 30.1773
25.7663 30.1093
26.4924 29.8265
26.3764 29.2921
27.9033 30.0275
25.9189 30.6797
26.1074 29.5494
25.6967 30.1727
25.675 29.5253
26.4725 29.232
27.4286 29.8817
23.5835 30.0561
24.0885 30.0233
22.6241 29.8188
20.3816 30.0675
21.1211 30.4508
20.863 29.9019
21.9852 29.9872
21.0802 31.2492
22.998 31.5101
21.9495 31.2355
26.6374 29.0287
23.8404 29.6397
22.4199 30.8372
22.7431 30.9411
23.5467 30.5441
25.5799 31.1676
25.8458 30.3664
28.3593 29.1901
25.8625 29.8816
29.5198 29.7616
26.1337 29.9823
27.9107 28.5962
27.8808 29.0071
31.2107 29.2743
32.2244 29.3468
29.7029 29.5217
24.4983 30.1959
25.2297 29.8245
25.2768 30.4804
25.2923 29.6694
24.4974 30.7951
23.9274 31.026
26.0697 29.3893
25.8808 28.738
28.5909 28.6952
27.1622 30.0764
26.0934 29.6848
28.4243 28.9791
26.5217 29.1147
27.8006 29.9016
24.1814 30.2753
26.6549 30.3873
26.366 29.5281
28.0963 29.5619
27.9337 29.9224
29.1148 28.562
29.4143 29.4267
26.7106 28.7436
29.8971 29.0922
26.5978 29.182
23.4297 31.2597
25.841 30.637
27.5403 29.4259
25.9509 30.5072
28.4934 30.5777
27.2006 29.4742
24.975 31.8335
26.2132 30.6435
24.4788 30.2595
23.9235 29.5689
23.4449 29.0406
25.2782 29.9195
24.6243 29.3406
23.7861 28.8078
25.04 29.8351
25.1016 29.7989
24.8584 29.5945
25.0931 29.219
25.5675 30.4881
26.7397 29.5004
29.0028 28.9617
28.4391 29.2683
29.243 29.572
25.8237 30.168
28.0411 29.8587
26.605 30.0239
26.54 30.347
25.8457 29.7143
25.6361 29.563
23.9609 30.1451
26.4821 29.0251
23.822 30.6857
25.1713 28.46
22.8385 30.0353
21.1231 30.9447
20.9844 30.4682
23.0103 29.9973
23.9774 29.6414
25.1025 28.8206
24.8161 29.358
23.3172 29.8059
22.9075 30.643
24.2362 30.2231
26.2524 30.6982
25.6075 30.1679
27.2293 30.812
27.4447 29.6478
24.4959 30.7519
26.5589 30.1822
27.184 29.3613
28.0513 29.5939
24.4672 31.0037
25.2189 30.2373
24.9651 31.7903
28.082 30.8549
31.2111 29.8831
29.4646 30.1959
32.0035 28.9267
24.6703 28.707
21.7104 30.6182
23.5616 30.7198
24.3427 30.3131
26.8766 30.1264
26.8766 30.3798
26.3192 30.6153
24.8048 30.1891
25.3204 29.9264
24.8329 29.4593
27.853 29.5773
23.5865 30.1573
26.0325 30.8167
26.2535 30.7081
26.4623 30.5062
25.2685 30.7729
24.7475 29.7904
22.7641 29.6893
21.7143 30.8567
24.8324 30.6172
24.8374 30.1558
25.5392 29.8823
24.9876 29.6743
28.8293 30.0957
33.8033 28.0108
31.8456 28.8157
29.2625 28.7658
29.0681 29.7061
26.6591 30.5263
22.73 30.1379
22.73 29.6952
24.4501 29.9483
25.1596 30.0599
22.3458 31.1892
25.8832 30.0683
27.0864 30.4178
25.9951 29.7134
22.31 31.0987
26.0577 29.0994
27.6912 30.2695
29.2571 29.2247
26.8965 29.3441
27.1762 29.1983
24.8761 29.5611
23.7408 29.1103
22.2229 29.7304
22.3163 31.0718
22.103 30.8205
21.3969 31.609
25.2044 29.6468
23.476 30.2599
24.1553 30.5105
23.0012 29.9446
22.3347 29.8052
22.4827 30.8155
24.2148 31.1054
25.4485 31.0606
23.4677 30.6268
23.382 30.4973
26.0893 30.8209
23.3121 30.9044
24.844 29.8992
23.8867 30.3583
25.2505 29.8824
24.0434 30.2818
24.1022 30.6184
26.2924 30.5621
28.9805 29.1123
23.3196 29.5846
25.2399 30.3578
23.3438 30.6069
24.7859 29.8793
25.0644 29.6626
23.011 29.9089
21.5831 30.7069
23.7764 30.8351
22.6072 31.3723
23.6465 29.7305
22.5312 29.868
24.8313 30.2581
23.8915 30.4606
26.1288 30.9524
23.615 29.8924
24.4529 30.0995
25.6885 30.0902
25.1346 30.3347
29.8318 30.047
27.8493 30.5906
26.8291 29.9057
25.8692 29.0116
27.3499 30.1582
27.3141 30.525
28.2287 29.0693
26.093 30.728
28.2057 30.606
29.2193 30.7332
28.4142 29.5171
25.9593 30.8359
27.8275 30.3647
24.2265 30.6133
23.9173 30.0312
24.5531 31.0814
25.4595 30.9982
27.9199 29.618
28.9526 29.0779
28.7027 29.2791
30.0702 29.2945
29.8329 30.2144
29.0787 30.0247
25.3183 30.9462
27.8625 29.242
27.1493 28.4979
25.6398 30.5468
23.3095 30.7401
26.316 30.4426
25.7441 30.5785
24.7971 30.4093
23.6532 30.8298
25.7946 29.8991
26.8565 29.6161
26.6955 29.5519
24.026 30.0201
25.0476 29.5036
24.8107 29.3283
26.2723 30.1958
23.8359 30.6075
25.7768 30.0184
28.2917 29.8893
27.4542 30.1918
29.233 31.5402
29.653 30.3451
29.0698 29.8331
29.2361 29.9218
30.1604 29.5489
27.9713 29.0906
28.4897 30.2394
30.4275 29.4073
29.2899 28.8434
28.8343 28.6868
26.8005 29.5177
26.4014 30.4607
27.3643 29.191
28.8234 29.7487
26.4614 30.2282
28.0942 29.3005
28.8229 30.5647
25.3298 31.6992
26.0576 29.7954
24.1535 29.5308
25.9302 30.217
28.1203 29.1854
28.5782 29.6989
29.5156 29.4271
28.7645 29.6031
27.6068 30.3566
28.0762 29.9801
26.7461 30.1605
26.2111 30.9999
23.5523 30.1976
27.7681 31.1781
29.4285 29.6703
25.7105 30.3523
27.1114 28.6738
28.0877 30.6026
23.0209 29.2228
24.6245 30.0046
25.3028 29.9255
26.8979 29.4013
28.2085 29.4865
27.9201 29.3941
26.1835 29.3124
24.1773 31.3488
24.1773 31.4712
25.572 31.4748
28.649 28.7524
28.9645 29.5884
26.4677 29.8767
25.7522 30.0394
25.7858 30.9469
27.8492 29.8367
26.2451 30.6524
25.4349 30.8492
27.4786 29.8382
27.1644 29.5573
30.64 28.7039
29.1545 28.9913
29.6104 29.5458
27.7606 29.6073
27.9815 30.2339
28.4222 29.5411
29.0474 30.0656
27.4992 29.017
29.3317 29.4137
27.2148 29.6337
28.6482 29.5884
29.9749 29.6492
30.1659 29.4992
27.5685 29.2017
25.2336 29.9634
22.0344 30.2
24.4809 28.7295
24.7008 30.2036
24.6176 30.8633
24.2705 28.6982
22.619 29.9355
24.5516 29.452
27.7332 29.2928
28.3828 28.4606
26.9705 29.4376
24.9569 30.6696
28.2491 29.2853
29.3342 30.4729
26.127 30.0812
27.4391 29.8609
26.2207 30.8035
26.5921 30.4127
28.4328 29.3669
27.576 29.6463
26.1818 30.0471
26.2092 29.349
25.174 31.1389
25.1465 29.7249
25.2255 29.5892
24.916 30.0805
22.2148 29.5746
23.886 29.7426
24.6683 29.4219
23.9461 28.8615
22.6496 30.403
21.2553 31.5124
20.2879 30.9463
21.4486 31.2113
23.8739 29.9112
27.1359 29.9645
27.6058 29.7427
23.8084 30.1676
26.5724 30.7223
26.2467 29.9838
25.7616 30.2672
26.2024 30.5745
28.2527 30.0023
24.397 29.6294
23.9877 29.6341
27.02 29.4472
28.0689 29.283
30.2678 28.3293
26.1651 29.3624
25.743 29.2424
25.8871 30.7733
26.1791 30.6265
27.443 31.1328
27.5064 29.9472
28.8309 29.8362
29.6248 30.0626
29.6179 29.0589
29.3979 29.6248
28.165 29.478
29.4674 29.0143
25.8073 29.0643
25.2742 29.0801
23.182 29.5293
22.8902 30.4734
22.0014 30.4165
28.0627 29.3832
29.1145 29.406
27.6028 29.7069
26.3729 29.5415
23.7983 30.3859
23.4139 31.6277
25.2161 30.0395
24.8249 29.9589
28.4478 30.2103
28.2276 30.3769
30.589 28.7732
29.7638 29.3342
27.6531 29.4438
25.7166 31.0016
25.5821 30.1176
25.5431 29.3494
26.3952 30.4225
23.6261 31.1139
24.8228 30.6115
24.8202 30.5749
24.4466 30.1953
22.4409 30.1382
25.7029 29.0056
24.1658 30.6576
22.7498 30.3074
24.0556 30.513
25.2195 30.4716
29.2872 30.4782
26.0271 30.303
28.9495 29.8044
27.2026 29.6151
27.26 30.2577
24.0593 29.5086
24.1993 29.9714
23.112 29.9634
24.3018 30.2103
24.4507 29.9978
22.776 29.8324
23.2449 31.3316
24.371 30.9884
24.8576 30.5627
24.4783 30.9924
23.6007 30.4699
20.7183 30.4103
20.4991 30.5262
23.6851 29.7731
20.1004 29.6257
23.7369 29.5826
25.3823 29.7471
26.5629 30.2142
26.7842 31.1067
25.7841 30.2152
26.4858 29.2973
24.9019 29.1927
28.2905 29.1972
26.4577 29.1978
27.0262 29.2876
24.8596 29.1876
26.0497 29.6697
29.0568 29.5346
28.0309 29.9129
27.3803 31.1134
25.6275 30.0507
23.3223 29.7585
24.3551 30.0054
27.4838 29.9947
24.4108 30.6413
24.9563 30.6867
25.9952 30.4125
30.8365 29.9885
31.7976 28.8244
28.2357 30.2437
28.3609 29.7477
29.2312 29.6687
28.3822 29.0419
29.6346 30.0555
27.0189 30.4267
25.4685 29.5235
24.9259 29.5264
22.7793 30.5963
23.0026 30.2691
24.1999 29.8151
21.6071 30.3629
21.8749 30.1611
22.3443 30.0729
21.623 30.5865
27.6848 29.3964
28.0209 30.056
30.0387 28.2328
26.9872 29.5107
28.0147 28.9296
26.9546 29.7379
24.9363 30.3592
24.4954 30.5261
23.954 30.5659
24.608 30.8731
24.7367 30.7919
22.2175 31.1697
21.1292 30.9841
28.0684 29.5797
26.4968 29.7028
22.9218 30.0339
23.4477 30.5013
24.7477 30.1042
26.3546 30.4154
27.016 28.4648
27.518 29.6352
27.2719 29.9632
25.0172 28.4808
28.1829 30.4011
28.8581 29.9035
26.7367 30.1897
26.1971 30.3058
27.4083 30.4214
26.5205 29.6715
25.2451 30.1724
27.4583 30.1576
28.1357 28.8335
26.8418 30.5456
22.4784 31.436
23.71 30.4479
27.0386 29.765
26.5934 29.3809
28.1557 30.2325
26.7757 30.5486
27.477 31.0377
26.307 30.7698
27.7578 30.2992
29.2786 29.3165
30.0409 29.1745
30.0301 29.1756
26.777 29.7585
28.4238 29.3306
28.1687 29.8942
26.6318 29.4876
26.8489 29.5179
27.0049 29.2805
26.8578 30.1978
23.6896 30.8013
22.2448 30.8677
22.5807 30.3223
22.8174 30.4935
25.5077 30.3911
23.4936 31.0739
22.7642 30.8255
23.7783 30.7167
25.0109 29.293
23.6008 29.4664
21.4329 30.7901
23.3325 30.3516
19.6608 31.7942
20.2004 30.8712
23.1822 29.5416
22.0659 30.0831
23.7979 30.0696
23.7979 29.8581
24.3844 30.0348
24.3626 30.3202
24.2666 30.4927
24.5685 30.1309
26.3886 28.5079
25.1172 30.6366
25.1901 29.1971
24.8406 29.2941
24.5061 29.1586
24.8074 29.6827
26.8933 29.3426
25.8664 29.372
24.7733 29.2892
23.4732 29.8279
25.2571 29.7383
24.4285 30.2467
23.6074 30.7415
22.8842 31.0086
24.1211 30.0795
23.3911 31.6942
24.9387 29.4472
28.6735 29.6842
30.0347 28.9157
29.8615 29.8383
24.8882 30.3668
25.4974 30.4842
25.0395 28.8744
26.4141 28.4819
28.0878 28.743
25.7117 29.6392
28.3535 29.2428
28.3535 28.7566
30.0896 28.7923
28.3001 29.7161
27.032 30.0401
27.5036 30.6868
29.5623 29.2291
30.1613 29.3761
30.2113 28.6418
28.0358 28.5655
25.3548 30.9481
25.093 29.9687
25.9595 29.9734
24.5391 30.3511
26.3085 30.7237
26.1145 29.1739
24.7127 30.0614
28.6728 29.5152
26.2731 31.2894
25.0538 32.0111
28.1101 28.7986
30.242 28.9045
27.5703 28.8476
26.8141 28.9909
25.2098 29.4327
26.3485 29.8053
26.6837 29.1925
25.0991 29.8112
26.7216 29.4668
26.0323 29.2977
24.225 29.8551
25.8299 30.095
27.7125 29.69
25.1184 30.559
25.782 30.1228
25.783 30.7793
22.8294 30.3535
24.9 30.4196
23.7273 30.6754
24.1999 29.8535
23.9572 29.9898
23.2589 31.3995
22.9819 31.0703
26.0879 30.2548
25.9245 30.1918
28.2937 30.3075
26.5453 31.2654
23.0356 29.4475
24.479 28.7958
24.9974 29.6022
25.0146 28.4774
23.5732 29.7274
21.3752 31.38
20.0494 30.8664
21.7305 30.1463
19.4774 30.8416
20.6817 30.4193
22.8807 30.0377
24.7535 30.1996
25.3484 29.9995
25.4532 30.9945
26.4956 30.2718
26.9116 30.9431
25.3079 31.3815
27.3592 31.2203
28.4137 29.621
26.6618 30.6845
28.5508 30.4472
27.2667 29.2645
25.7511 29.5909
27.369 30.0491
26.8604 30.3796
26.4179 29.7365
27.0407 29.4916
27.1164 30.0412
27.435 29.6627
23.779 29.381
24.1081 29.3153
26.5606 29.2833
24.3117 30.0753
25.4806 30.3786
28.0773 31.0127
27.4034 30.1419
27.3536 29.0862
24.5758 30.3915
24.7753 30.8267
24.3102 30.4797
23.0342 29.907
24.8838 30.2727
25.8829 30.2065
26.9698 30.0839
29.5692 28.3829
26.7657 28.7669
26.1814 29.2893
28.8349 29.6023
28.0111 29.6695
24.9294 30.1213
23.4949 30.6738
28.735 30.18
29.7515 29.7217
26.0054 30.0898
24.1993 30.5973
27.1963 30.6698
24.7696 28.275
25.6164 29.7272
24.9973 29.4724
26.4903 29.7656
26.7588 29.7509
25.7245 30.2088
27.8432 28.1349
25.4336 30.5221
27.3649 29.9621
26.5001 30.1255
28.3549 29.1757
31.1209 28.1192
31.5786 29.1804
28.1363 29.9103
27.0431 29.96
27.2202 29.179
26.982 29.9553
25.7674 30.0612
25.4493 30.1452
24.5681 30.1491
26.0103 29.6734
25.5903 30.2646
27.2041 29.865
27.9829 28.2082
23.1939 30.8301
26.0128 29.3576
27.0285 29.9118
27.4617 30.3199
27.2106 30.5564
27.3552 30.2378
27.5003 29.6367
27.5836 28.6849
26.5683 29.6153
25.4671 30.0942
25.3415 30.6649
23.6307 30.2683
26.4081 29.9441
25.566 29.1641
24.9946 28.7809
24.5813 30.0093
25.5205 30.405
23.7526 30.7559
23.6811 30.2404
26.3819 29.6672
23.037 30.8955
17.9588 29.9341
20.2974 30.3118
22.3832 29.7652
25.1025 29.3686
24.9619 29.5997
23.2913 30.4506
25.8701 30.3936
29.5336 30.422
27.1545 30.4037
26.4703 29.7278
29.0395 28.7133
27.3741 29.0653
26.7015 31.5576
28.6894 30.9581
27.0839 29.6476
27.1116 30.2528
28.2698 29.6706
27.6988 29.422
28.7658 30.5285
26.7141 30.287
27.2979 29.6235
25.146 29.3228
22.6445 30.9919
24.364 30.3129
26.1388 30.1018
22.7944 31.0093
22.6017 30.8857
24.9785 29.7896
23.2285 29.7844
27.6766 30.1448
25.8392 28.8292
23.4954 30.9413
27.5173 30.1995
27.8133 29.5636
28.2442 30.2583
28.8426 29.8091
29.6545 29.1129
28.9423 29.093
27.3566 28.8889
25.1518 29.3048
25.5489 29.379
28.0322 30.0015
27.0596 29.6565
27.2126 29.3579
27.982 29.6496
26.455 29.8443
24.8405 29.7925
22.7691 31.0159
21.9086 29.8723
29.152 29.8551
26.7106 29.6476
25.1873 29.8341
29.7788 30.0507
28.5474 30.0401
28.2807 30.216
27.9388 30.059
28.1719 30.1467
27.2592 30.2554
30.8507 30.0341
30.8573 28.9228
28.6208 29.345
29.1137 29.0685
28.3778 29.5647
29.3093 28.7612
27.4602 30.5334
27.4962 28.2387
26.005 29.9857
27.175 30.533
27.9474 29.7531
28.1156 29.7446
26.5204 30.7808
25.2148 30.098
24.2062 29.3323
25.3203 30.0032
26.6237 29.5538
25.9871 29.4624
23.4443 29.9007
25.2137 30.0255
25.3973 30.2357
25.7149 30.2349
27.3326 28.9284
27.1791 29.4086
28.8389 29.668
25.9489 30.0916
27.016 29.5144
27.1086 30.0569
25.498 30.1829
25.1394 29.8509
22.3944 30.6181
24.3847 29.7302
24.2826 29.3227
24.5502 29.1105
25.7623 30.0075
25.1678 29.8202
23.191 29.9936
23.5658 29.5105
23.8635 29.9153
23.8609 30.3403
22.991 30.8273
23.0306 31.2153
23.0496 29.1952
23.9229 30.237
24.5384 29.7846
24.3939 29.8275
24.3205 29.2533
24.2843 29.7151
22.6433 29.8036
22.419 30.01
23.5115 29.4284
24.3093 29.8372
23.495 30.5802
21.7402 29.9984
24.4306 30.5704
23.4113 29.7722
23.5639 30.4717
23.3539 30.103
23.2707 29.9591
24.5047 30.5769
21.4712 29.9748
23.5426 30.7398
20.3432 31.4025
27.2508 29.5676
27.7038 29.3181
29.2444 29.4553
28.7317 29.9313
28.7049 29.5937
30.7137 29.9944
26.4142 31.0955
26.0699 30.2996
24.374 30.636
23.0551 31.099
26.6888 30.3321
21.8361 30.8933
22.2901 30.4079
23.3095 29.997
22.3067 30.1246
23.3845 30.321
22.422 28.3241
24.2418 29.5629
22.6915 29.9564
24.4411 30.7481
24.6339 31.2514
25.6257 31.1331
25.5785 30.5828
29.1815 29.7517
26.4924 30.7151
28.372 29.2647
27.8503 30.618
27.1603 28.8253
26.7679 29.4805
27.813 28.711
25.0728 30.2102
25.3838 30.3979
26.8532 28.7195
28.0184 30.7769
26.4092 29.1996
25.6297 29.8676
25.3078 29.823
25.7776 30.0913
25.2923 30.1991
23.6268 30.0558
23.9351 30.5043
23.3643 30.5047
24.8221 30.5777
22.4337 30.7985
24.8761 30.7799
24.7029 28.9827
28.0149 29.2049
27.6639 29.8767
26.9115 31.1141
27.281 29.201
25.0245 29.7095
24.4133 30.3683
25.4697 30.1121
25.4608 29.3878
24.4244 30.037
26.0958 29.7136
24.4147 30.6927
22.6503 30.349
22.6066 29.5599
23.5156 29.6196
22.1099 30.717
20.9596 30.9226
21.7251 31.3988
23.5085 30.7141
24.8654 31.1868
24.5859 30.6736
20.3515 30.9578
20.8454 30.8536
26.5244 28.9055
28.4146 29.3638
27.4941 31.0987
26.9108 30.1384
29.8141 28.4947
30.1576 28.4947
30.1341 29.4358
27.4233 29.9622
24.7245 29.6123
22.6042 30.4488
23.0953 29.4172
24.6745 29.7827
27.7757 30.3724
25.6683 30.2341
25.0557 30.3321
25.0685 29.9545
25.4362 29.6516
26.083 29.3569
32.8868 27.8721
28.5278 30.6089
30.1767 28.5633
30.5339 29.9703
30.4601 29.4671
30.455 30.1802
30.3052 29.1838
30.7283 29.4748
28.2339 29.1694
26.9309 29.1196
26.1477 29.8948
27.4021 29.0693
29.986 28.5013
28.7946 28.3373
28.5771 28.8061
27.3249 29.7449
28.3628 29.4855
23.4468 30.6366
23.7942 30.2028
24.1689 30.1138
25.3575 29.9782
25.5561 30.3929
24.9705 29.8778
25.2412 30.351
26.5794 31.1728
25.1175 30.2777
23.5244 31.2788
23.8439 30.3512
27.763 29.7671
27.2982 29.2984
26.3427 30.743
26.08 29.5015
25.564 30.4634
22.903 32.1266
23.986 28.9853
30.5679 29.4021
30.9287 29.9338
29.7783 30.1849
30.0035 30.0684
31.0273 29.6645
29.8259 29.9047
35.8108 29.6077
30.4613 30.5395
29.2334 30.5002
30.4605 29.6553
30.772 28.6105
27.0143 30.042
28.6431 29.8868
25.7631 29.9239
26.204 29.9237
22.9603 29.9857
21.2738 30.0202
19.4389 30.7723
21.6382 31.48
22.0681 30.9071
25.0501 29.8063
24.6602 29.2948
26.7 30.3404
24.9908 31.2379
24.3251 30.4935
26.7529 29.9519
26.7359 29.7522
24.092 30.2339
22.8328 30.4342
24.5774 30.7018
24.8463 28.9941
25.5308 29.61
26.2364 28.6855
28.5412 29.5047
27.6872 29.5815
26.8235 30.4087
25.5835 30.2025
27.9064 30.4476
26.4309 30.4822
25.3304 30.3815
25.7843 30.3761
27.0996 30.3765
24.2814 30.5411
25.1689 30.3911
26.2161 29.9279
26.2161 29.4363
24.2133 30.2643
24.3286 29.5767
27.1509 30.0755
25.6409 29.2382
21.439 30.221
24.8268 30.1926
26.3503 28.9385
26.8465 29.7616
28.8751 29.7192
29.6059 29.7171
28.1154 30.3414
27.4554 30.5106
28.1804 30.0305
28.1804 29.4218
25.0741 31.0907
27.9871 29.9715
26.6736 30.2719
26.2265 30.7985
25.0982 30.2693
26.285 30.6976
24.0924 29.0976
25.8837 29.7092
25.9325 29.7253
26.9494 30.5785
26.1683 29.0803
24.292 29.4794
24.6013 30.0272
28.3618 30.0336
25.933 29.3506
26.1923 29.6516
24.7229 30.3025
25.1628 30.8396
26.8177 29.1294
23.9623 29.886
24.0696 29.8711
25.2609 30.3503
25.8135 30.7529
27.0671 30.462
27.6417 29.8614
27.3242 30.0274
24.8219 29.8359
22.6595 28.7648
27.6262 29.0428
26.7077 28.7279
24.0331 29.8918
24.0464 29.3255
28.1934 28.9034
27.9917 29.0444
25.8008 29.414
25.6936 29.3207
22.1849 30.6191
23.7757 30.3191
23.3659 30.7086
25.0876 30.4041
23.7755 30.0955
27.3489 30.217
25.9756 29.5172
25.2394 29.825
24.8509 29.8835
25.705 30.1377
25.9089 28.098
28.0827 29.6017
29.965 29.988
29.3047 30.279
27.5798 30.594
25.4341 30.5105
21.4212 31.2517
26.7838 29.99
26.9463 30.1237
25.994 30.7831
27.4786 29.6727
24.892 29.9335
25.3205 30.445
26.7732 29.4422
26.7369 30.5119
27.0455 30.0134
25.5471 30.6097
25.5919 31.1131
24.5293 29.9441
25.1842 30.4688
25.7519 30.6783
29.9668 29.3239
25.6228 30.4334
24.6664 29.3635
26.6886 29.9116
22.2347 30.8998
24.0097 30.2293
25.2756 30.4501
30.991 29.0306
28.111 29.4446
27.1309 29.4245
27.0742 29.4671
28.2542 29.4065
30.2654 29.3667
30.6426 29.9798
29.0144 30.1055
28.4864 29.6295
28.1408 29.7453
29.0429 29.7074
25.227 29.7397
23.6064 29.7413
23.472 30.0819
26.0037 30.1485
28.4328 29.1473
26.3244 29.4067
26.7239 29.3503
26.1041 29.8136
23.9716 31.552
24.9862 30.1256
22.0271 30.1714
29.8839 29.1528
27.9758 29.9513
26.5152 30.3913
26.4133 30.455
24.4243 30.3226
24.8245 31.0132
25.8167 30.3981
25.1664 30.2591
23.6051 28.5578
23.5019 29.6846
23.136 31.1295
21.7048 30.077
20.8471 30.5249
21.9511 31.0822
26.5406 29.9213
25.0249 30.613
21.9537 29.5176
22.5313 30.3128
23.677 30.5117
26.9832 30.6454
27.2717 30.6057
28.9263 29.427
28.2246 29.8112
24.7772 29.0859
25.9825 29.5678
26.0167 29.6209
28.1083 30.0028
27.8008 30.0948
26.0666 30.6293
25.855 29.6774
25.7794 29.6088
24.7275 30.4432
21.9406 30.6986
23.6392 30.6688
21.7957 30.6815
22.5139 31.0465
23.9676 30.5662
23.9676 29.1963
28.5 29.0612
24.7264 30.3079
23.6168 31.0587
26.0309 30.274
25.7696 29.1578
24.6704 30.5041
25.7904 30.3992
25.429 30.0249
26.0733 30.1489
25.959 30.9785
26.6997 29.4404
27.6586 29.4149
26.8644 30.1439
29.2538 30.0871
24.13 30.0374
26.2505 30.0653
24.7879 29.756
24.916 30.5236
25.4357 31.1714
22.872 30.2126
23.5298 30.502
23.5806 30.2427
25.4231 29.6918
25.3873 29.4479
24.0081 30.0724
27.3393 31.1271
27.6303 31.1297
27.9237 30.7079
30.1325 29.3889
28.2549 29.3857
26.7201 30.1794
26.1996 30.6749
28.9528 29.4777
26.2747 30.5753
25.4602 30.5433
23.2155 29.8862
26.1393 29.6654
28.4905 29.0544
26.7449 29.0835
28.1327 29.3774
27.7769 29.9389
29.582 29.4347
29.3868 29.7468
29.6159 29.474
28.5364 29.7908
28.6847 30.0168
30.9809 29.9064
30.9809 30.8762
30.6181 29.73
29.2307 28.9995
26.0101 30.1184
26.033 30.7259
26.8518 30.4427
25.0354 30.6692
25.6176 30.2321
25.0233 29.8402
28.2883 29.6835
28.0826 29.9955
26.0315 30.4931
24.856 30.0814
29.9309 29.0696
27.7525 29.5587
28.5586 31.081
28.7885 30.3913
27.7221 30.5417
26.2288 30.798
29.0464 31.1482
28.0665 28.7956
25.8016 29.5642
25.0581 29.9942
24.2372 30.19
24.0239 30.193
22.7616 29.2214
24.26 28.903
25.3973 29.4042
25.21 29.2154
23.648 30.1138
26.8922 30.4505
25.5624 30.2212
23.5459 30.2184
23.6641 30.1649
23.654 30.0953
24.6405 30.0651
20.5671 30.1362
22.1819 29.9386
24.251 29.9057
26.6245 29.6745
25.8395 29.6802
26.9664 28.5167
25.718 29.0924
25.1601 29.2825
22.7849 29.5512
22.9039 30.7924
22.7318 29.986
24.5766 30.5933
25.7746 30.3692
24.2535 30.628
23.5157 30.2491
24.8045 30.2207
28.6009 28.6751
27.8561 29.0419
24.9328 28.9532
24.0915 31.0739
22.568 30.7869
24.6904 31.3578
22.2705 30.0267
22.9724 28.1518
24.7854 29.5166
23.7391 31.2406
23.249 29.8562
27.7212 29.2863
27.5748 29.0159
27.0831 29.0734
27.793 30.3405
25.932 30.9542
25.8918 29.7186
23.8496 32.0422
19.2839 31.3164
22.0414 30.5894
25.1081 30.2704
22.9236 29.6978
21.8488 30.0641
23.0961 29.8308
23.6821 29.2448
23.7342 30.7362
25.4747 30.5614
24.3476 30.4862
24.346 31.1226
24.3873 30.6559
26.5489 29.5539
26.2578 29.2468
26.103 30.271
27.0854 28.9335
24.7676 29.9983
23.4118 30.2932
24.136 30.5185
24.0896 30.3656
23.137 29.9736
23.9766 29.9452
23.6826 29.8836
22.3843 29.885
22.1185 29.9074
23.3477 29.8626
24.7409 30.031
24.7617 29.378
26.7325 30.5222
27.1588 30.433
24.7001 30.0176
26.1882 30.0206
23.6425 31.4591
25.1211 29.0063
27.7058 29.2797
27.0752 29.8368
27.9797 29.8327
27.8659 29.3907
27.4532 30.274
25.1245 29.9197
27.5124 29.1526
26.3563 28.5375
24.8544 29.4065
20.475 31.6494
20.8193 31.8554
20.8896 31.0266
22.8275 30.753
23.088 30.5004
24.0039 29.9771
25.5936 29.3104
23.9022 31.0805
23.5358 31.3294
24.4229 29.5384
24.3638 30.3214
23.8708 30.8344
26.2805 30.1812
25.8158 30.5157
27.3972 30.7828
30.7511 28.7801
26.5843 29.2799
30.1889 28.9689
26.7652 28.9523
25.6554 28.9421
24.8422 28.9372
25.742 28.9292
29.2885 28.9289
29.3387 28.989
30.261 27.799
30.159 28.4869
30.159 29.2363
29.0617 29.5944
29.9139 29.09
29.9139 29.09
30.9498 29.0482
27.3344 29.4244
27.5719 30.0109
27.5719 29.1007
30.5424 29.2938
30.5424 29.3138
34.9334 29.1106
32.5239 28.9347
28.7058 30.1326
30.8447 29.0521
32.4132 28.2235
27.9961 29.0332
28.0757 29.5493
28.8022 29.824
26.2523 30.2309
25.8831 29.7629
27.9037 29.2056
27.9451 29.178
25.9694 29.1735
26.8187 29.9479
25.942 29.9225
23.8641 29.3932
25.2195 29.5949
28.9001 29.3151
29.0189 29.6432
28.4397 29.3412
29.8309 29.085
29.254 29.4821
31.7567 28.9221
30.2787 29.5819
27.7427 28.4674
26.6178 29.1337
25.8702 30.2795
24.7016 29.9282
24.9454 30.6086
25.2249 30.0399
24.2565 30.9597
24.443 30.423
25.7502 29.966
27.7517 29.3085
27.2476 29.28
28.1319 30.1898
25.6803 29.4935
28.8891 28.9518
28.629 30.2405
23.8604 30.2421
27.7922 28.9474
26.8467 29.5986
26.462 29.3197
27.3641 29.3416
25.9223 29.4255
24.8813 28.9712
26.4856 30.7104
26.0555 30.6709
27.2931 29.9339
27.4071 30.3782
26.0932 30.7958
25.459 30.6269
22.9672 30.3378
24.6564 29.8939
24.9258 31.2404
25.7899 29.1589
30.1819 28.6746
32.6927 29.0141
34.3071 28.0643
30.6154 29.3513
29.65 29.5643
29.7195 29.536
29.5861 29.5152
30.3979 29.0006
31.4211 28.6273
29.1005 28.7806
27.6671 30.0033
26.3766 29.4244
27.3871 29.9124
27.3871 29.8935
27.1459 29.7379
26.0391 29.4016
29.5972 28.5374
27.4371 30.502
27.1535 31.3263
27.9261 30.1969
26.5012 29.6497
28.7 29.4843
28.0863 29.1921
29.9957 30.3299
28.5303 29.3155
28.7165 30.5368
28.5145 30.4361
27.5032 28.98
25.5783 29.4716
26.7173 29.3793
28.4508 28.9469
32.6246 30.3515
29.925 29.7602
29.3114 29.8927
28.8636 29.9467
30.318 30.4357
29.2726 29.4849
25.1335 30.1063
25.5102 29.3862
27.3864 29.0343
24.9178 29.107
25.8727 29.8183
26.3016 28.9568
27.8154 29.8744
25.4256 30.1159
29.0671 30.0452
32.1534 29.03
32.1534 28.838
30.2766 30.4584
28.2587 30.2874
29.8857 29.4647
32.048 28.748
31.231 29.3454
31.0074 29.1986
28.6667 31.0466
27.1037 31.5369
29.0734 29.2759
29.1508 28.6975
28.1335 29.5568
28.5966 30.4559
25.2667 29.7867
24.887 29.4916
23.8237 30.2096
30.026 30.2091
28.8488 29.8804
29.1011 29.398
29.5268 27.8503
30.1595 29.9223
27.0714 30.0179
26.3728 30.0179
27.4499 29.6744
26.7003 29.7996
30.2381 29.6947
29.588 29.7902
29.01 30.2888
30.0877 28.5649
27.1408 30.5065
26.3479 30.5337
26.1228 30.8721
25.8069 30.7736
28.8124 29.0618
30.3919 30.3848
29.6696 30.529
32.0117 30.2487
22.9002 30.2067
25.5833 30.4455
28.6492 29.2897
27.1241 29.3452
26.8844 30.1293
27.4286 29.396
31.6479 29.066
26.5421 30.9665
24.3049 30.767
24.7396 30.9318
25.4633 29.6108
27.2547 29.1977
21.8118 29.9253
25.6048 29.8348
24.9142 29.5678
23.9567 30.5917
26.339 30.5421
26.2146 30.49
27.7748 30.351
25.6543 30.8519
25.2714 30.4455
25.1133 29.4318
24.0706 29.5479
28.2671 29.1738
25.0025 30.2169
26.0063 30.6489
26.5721 30.2705
26.845 29.9313
26.7617 30.6175
26.473 29.3891
25.9963 30.0598
25.0023 29.9592
26.8404 29.6217
29.434 29.3423
27.984 30.8444
29.6441 29.8836
29.2132 29.4641
27.447 30.168
26.0974 29.9233
27.157 29.6384
26.018 29.1316
23.4195 31.199
22.6948 31.1147
24.6194 30.2547
24.3718 29.9535
24.4272 30.0561
23.1694 31.1309
25.4021 30.4336
28.9974 29.8002
29.0799 29.6795
28.2652 28.7634
32.1261 29.9361
27.7552 29.6468
26.1658 29.4594
25.9975 29.8335
23.1658 30.6114
24.6763 29.9872
27.5483 29.7152
24.3933 29.1342
27.7801 30.286
27.7742 30.315
29.1677 30.482
29.4093 29.672
30.8395 28.3431
30.6282 29.4452
30.0976 29.8806
30.4233 28.2266
31.1594 28.7903
28.6648 29.3282
29.0455 29.002
29.3017 29.2857
31.3537 28.9198
26.1436 30.4804
27.7764 29.2657
27.2239 29.7796
27.2185 29.4467
23.6918 29.7966
25.2831 30.2033
27.7126 30.1535
28.118 29.15
24.8646 29.8422
27.609 28.8473
25.6476 29.6954
24.1184 29.3392
28.7888 29.9535
28.3061 30.5785
28.2909 29.7486
31.8752 29.047
26.8585 29.4496
30.7386 29.6415
29.4826 29.3364
25.629 29.4427
25.7449 28.8784
22.8576 29.7812
23.3235 29.8997
23.1929 31.5266
23.9576 30.6275
24.4087 30.0057
24.0306 29.6291
23.0155 29.9506
23.3556 29.7804
25.5573 29.9043
27.8041 30.0208
28.3396 28.6864
28.8514 29.7613
27.0617 30.1725
25.6905 29.5125
26.3996 29.6216
30.8507 29.6303
27.6967 29.8647
25.7409 28.9218
24.9729 30.0371
23.0382 29.7924
23.1876 28.7025
22.3516 29.7118
25.4624 29.6107
26.051 29.839
25.6063 30.2013
24.6506 31.3914
24.5244 30.534
27.5555 29.3099
31.6915 29.2408
28.7757 29.794
25.4654 30.1907
24.3519 29.4385
23.5711 30.1867
25.4475 30.3574
28.1852 28.9528
27.1097 30.0584
25.9615 29.7706
24.229 29.9312
27.6245 29.4287
27.7952 29.0913
28.2142 29.7645
26.6812 29.5801
24.3654 29.571
22.217 31.0423
24.4504 30.0046
25.2106 30.3689
25.1909 30.5366
19.1782 30.104
19.0148 29.5203
23.4398 29.6665
23.7638 30.8537
23.4069 31.1002
27.6782 29.718
26.5171 29.821
26.4306 29.7086
28.2549 29.1195
27.7393 30.0466
27.6924 29.3363
27.0373 29.3741
28.5915 28.3159
28.1746 29.551
24.8327 29.3628
25.5001 29.7631
23.3497 29.0265
24.0141 29.1573
24.1458 31.2665
24.2315 29.2441
21.9527 30.9071
24.0551 30.6
24.1861 30.3266
25.2086 30.4398
24.6813 29.6131
24.1737 30.1341
23.0358 30.1944
24.3692 30.101
24.8516 30.4224
27.2722 30.4576
28.8584 30.0034
28.1723 28.7622
26.2862 30.2555
27.2971 30.1674
25.4538 30.1208
27.9501 29.0814
28.1285 29.5089
25.8948 30.0475
28.3784 30.9052
25.8696 29.8237
27.0561 29.9682
26.0297 29.9525
22.5223 30.1852
24.6743 29.9254
26.1604 29.8884
25.4434 29.4043
26.1012 29.7396
27.056 29.3641
27.8341 28.3529
27.5929 29.6101
27.3555 30.2371
28.1447 28.9369
27.7367 29.2413
27.2802 28.5046
24.7991 29.994
26.5295 29.9675
25.4792 29.2436
24.8035 30.1393
25.0288 30.2258
25.407 30.5817
24.9329 29.9052
24.8926 30.3914
24.1404 29.8621
25.0429 30.8875
26.2321 30.3787
28.0635 29.9788
27.1196 29.657
26.7817 30.2829
26.3939 29.6015
23.6672 30.786
26.6819 30.1383
27.0284 30.2402
26.8918 29.8905
27.1308 31.0472
25.5805 30.5531
29.5419 29.9164
24.8913 29.6868
24.4868 29.8519
24.7774 31.5831
24.9092 29.3408
26.7472 29.4873
25.7109 29.2375
27.0826 29.59
26.5795 29.0498
25.4366 29.5508
23.8035 29.0125
25.0457 30.3288
24.505 30.3189
25.8842 29.6181
27.0823 29.6819
25.6234 31.1411
27.308 29.3923
28.906 28.7538
30.1907 28.4345
27.8915 28.8169
25.9477 29.724
26.3989 29.1157
26.0522 29.7508
25.4212 29.5649
26.5884 28.5491
28.4157 28.4129
27.689 29.8338
28.8241 29.3925
27.3001 30.186
26.9725 29.9608
27.101 30.1637
27.1822 30.6516
24.518 30.9125
27.9811 29.3732
25.1735 29.9308
26.9935 29.6024
25.1557 29.5243
26.832 29.5715
30.5278 30.3057
28.3866 30.6028
27.1869 30.537
24.584 30.5201
23.1762 30.4973
28.8812 29.6205
29.1176 30.0459
28.1546 29.4861
23.9447 30.4278
24.9116 29.9815
25.8245 30.8175
29.4288 29.2569
29.2092 29.0702
28.0812 29.9879
29.0447 29.6656
29.8604 29.4585
28.7976 29.2286
30.7528 29.2738
28.8513 29.6166
33.9567 28.7958
31.7469 29.1732
31.7469 29.1818
30.3358 29.571
32.0764 29.4018
30.7805 29.5257
33.4503 29.5154
33.0882 28.8011
30.7706 29.0384
28.5775 29.6734
29.3621 29.4067
20.9871 29.7393
22.3294 29.9374
26.5919 29.7628
24.6192 29.3456
22.4731 31.579
22.0884 31.1335
21.7635 30.4862
24.1957 30.7651
22.9583 29.603
22.5633 29.6722
24.1297 29.8552
27.8099 28.2043
28.1981 29.4458
28.8468 29.8451
27.677 29.5396
28.4191 29.025
24.6694 30.5204
23.0593 30.4798
25.7605 30.712
27.0951 28.9431
28.3977 29.0525
28.9303 28.8613
28.5911 29.2563
25.9429 30.4531
26.7522 30.3734
26.8736 29.5801
25.2657 30.1697
23.909 30.3297
23.9209 29.8446
26.6782 29.8489
28.6325 28.3169
28.4179 29.2114
29.2686 29.7119
30.7769 29.3186
30.427 30.9115
27.6155 29.3712
27.4581 30.2847
23.9117 30.4355
24.1062 30.4539
21.9234 30.4378
21.1494 30.1961
26.9154 29.4258
26.6539 29.3564
25.9897 30.2829
28.7234 28.8053
27.272 29.7172
28.5158 29.2723
25.3945 30.7631
23.2841 31.0276
24.3774 29.7147
29.2362 28.7164
28.791 29.5568
29.9834 29.718
25.9038 29.7862
24.8211 29.7312
26.6307 29.7546
25.3024 31.2415
26.6921 30.193
26.7507 30.7786
28.0488 30.6097
25.5544 30.5519
26.8795 30.8399
25.6213 29.2325
23.7901 30.9122
27.353 29.4455
29.4083 27.7507
26.4528 29.7683
26.4528 29.585
26.4528 29.5967
27.4059 30.0903
26.8565 30.1186
26.4403 29.0741
24.8972 29.6097
28.3011 28.4736
27.9189 28.8998
25.8092 30.3883
25.5864 31.2402
25.1455 30.3978
24.908 30.4055
23.3294 29.8938
27.8517 29.8116
27.32 30.006
25.5664 30.1227
27.248 31.2165
26.66 29.581
25.3582 30.2608
25.4499 30.9771
28.6742 29.6434
25.8267 30.8886
24.2214 30.9622
22.771 30.2951
23.9441 29.6246
25.7593 29.5475
26.8844 30.1003
27.0542 29.6962
26.8318 28.6611
25.8826 29.0016
21.2588 29.5836
24.637 29.7474
23.0946 29.5001
26.839 28.5538
27.2936 29.4383
26.7361 30.8112
26.6977 30.7119
27.3348 30.1564
26.2333 30.9484
24.8617 29.3097
24.3255 29.8654
28.8004 29.6796
31.0444 29.1767
26.6522 31.1824
26.1229 30.7815
25.4066 29.4825
25.3102 30.0808
24.7495 29.8915
25.8584 30.7903
27.4862 29.1627
27.6064 29.5394
27.6757 30.4865
27.8251 30.69
25.8405 30.1017
25.795 29.136
25.8963 29.4773
27.1426 29.2929
27.0088 29.3683
29.919 29.6405
27.8891 29.6924
25.3837 30.9769
27.5851 29.9078
28.1416 30.6155
26.2371 30.0931
26.6948 30.2945
25.1949 30.559
25.3177 30.2697
26.231 29.9073
28.9731 28.8847
27.3203 29.1179
27.4468 30.2502
27.4133 29.6669
27.7457 29.1367
24.8391 29.7692
26.5606 30.0015
26.0198 29.047
25.9908 29.4346
25.3902 30.1938
24.8926 29.5041
25.4102 29.8557
29.2899 28.9266
28.7689 30.3306
23.6356 30.7942
25.3484 30.8338
25.5448 30.4023
26.3803 30.3059
26.094 29.8224
28.759 29.3592
27.8691 29.7345
30.3671 29.6207
30.7841 29.4634
26.7747 30.915
22.63 30.6411
22.6938 30.5707
25.3517 29.8932
23.6175 29.9311
24.9727 28.9567
25.136 30.4341
27.0184 30.1226
25.8752 29.1464
25.179 29.0697
24.9663 29.2275
24.4979 29.3831
25.9404 29.3637
26.0432 30.8996
27.3366 30.7239
27.864 30.7721
24.9949 30.3741
26.1464 29.6253
26.4048 29.7038
26.7262 30.0628
26.5655 30.7253
28.3981 29.2293
28.9469 26.9395
29.8022 30.0478
25.7769 29.0303
24.0877 30.0107
26.3175 29.9415
24.6931 30.3495
29.0165 29.7331
29.9117 28.5598
26.1148 28.7552
24.4223 30.0525
23.9643 29.9976
26.8025 30.3203
27.1898 29.5724
26.7921 29.6243
22.6265 29.9835
23.4639 29.0092
22.2928 29.3964
24.3318 30.4753
26.7415 30.1362
28.2698 30.3684
26.2474 30.713
26.2708 29.8062
24.7883 31.2532
26.6152 30.4109
24.9652 30.2599
23.7613 31.8551
30.3649 28.8143
27.9769 29.0626
26.1003 29.877
25.7939 29.9676
26.1375 29.4109
32.1771 28.868
28.053 29.7591
29.9042 30.0011
28.1399 28.8027
30.2933 28.995
27.9846 29.0254
31.5152 29.4352
31.5282 30.1773
34.2545 30.1218
29.3732 29.9821
27.9987 30.9629
28.5162 29.82
29.7658 28.7866
27.5895 30.7632
27.1612 30.2251
27.014 29.5134
28.0927 29.4886
28.2005 28.4362
29.4151 29.193
28.8056 29.3475
30.2128 29.4126
29.7345 29.4415
25.7281 28.9717
24.384 30.2452
25.2728 30.3873
24.3356 30.6851
24.9779 30.271
22.7932 31.177
23.8115 29.7923
22.5876 31.8305
24.7319 30.5678
25.0116 30.7288
25.3834 30.239
27.9189 29.7448
28.0274 29.7065
28.0807 29.8876
29.0561 30.1433
29.0561 29.7124
28.9911 29.9726
28.9911 29.8839
27.8457 29.9341
26.8802 29.1422
26.5446 27.9489
25.2472 29.1897
25.3651 29.3184
26.9285 28.3614
29.8516 29.4763
26.6132 27.8887
25.5003 30.2006
24.8095 31.4816
22.9605 30.1469
22.2079 29.8718
27.2151 29.6668
25.5665 29.5637
25.7701 29.7911
24.6882 29.3645
24.5209 29.9235
25.4798 30.5562
25.0751 30.2724
22.7845 30.632
26.3716 29.8829
24.8752 29.1316
24.1906 30.1994
23.4376 30.8595
28.1484 29.1182
29.3698 28.1877
24.9363 29.3625
24.2867 29.8783
26.3005 30.5663
24.2657 29.5668
23.0464 29.3695
24.351 29.5058
21.5038 29.7783
23.5799 30.5086
25.4137 29.8183
25.4813 29.4416
27.8518 29.4875
28.9553 29.0025
26.5408 30.4737
23.8987 30.3211
26.058 30.9246
30.7123 29.5866
29.5338 29.8217
26.1157 29.882
27.5299 29.5879
27.2389 29.0679
26.48 29.7542
23.8914 30.0688
24.1903 28.7994
21.8333 30.0424
28.6681 29.2915
27.8045 29.6276
24.9787 29.6305
27.2824 29.5739
27.6345 29.6473
28.154 28.5003
32.262 28.8944
31.7934 28.936
32.423 29.5408
32.3498 29.4453
29.3421 29.7595
29.8954 29.9522
28.8034 29.5561
31.2416 29.2182
26.4583 30.622
24.9435 28.8348
25.8008 29.76
24.1014 30.4867
24.0668 30.3109
23.3158 30.2966
25.0315 29.7243
23.2146 30.2385
26.4501 30.8054
25.8058 30.3911
26.5043 29.4716
26.4013 29.7949
24.818 30.2208
23.0082 29.5406
23.7109 30.4458
24.7134 29.9496
24.4845 29.7004
28.3501 29.7425
25.7163 29.1453
23.2462 29.6767
19.6327 30.6433
20.3371 29.9903
24.2358 29.9676
25.171 30.6678
26.4054 29.0352
23.3698 30.4824
27.8244 29.6214
27.1521 29.3493
24.8051 30.8513
25.0638 30.2933
25.0851 30.0202
24.2782 30.0638
26.2696 29.328
25.9763 29.9505
27.239 30.4954
23.1226 30.1727
24.9518 29.8806
29.221 29.2177
27.837 29.7711
25.028 30.3977
25.7997 30.7721
26.4467 30.0558
26.5362 30.8642
25.2223 29.9545
26.8095 30.6604
26.5123 30.1648
27.8395 28.9089
28.4842 29.9056
27.0031 29.4493
25.7354 29.0485
25.1026 30.8879
25.4461 30.7545
23.8739 28.7654
26.9711 29.2714
25.8782 28.4507
23.9395 30.1971
25.6653 30.2692
28.2514 30.0883
26.522 29.4263
25.3448 31.2959
25.3376 30.6279
25.2631 29.7224
26.0539 29.8261
23.7403 30.311
23.4695 30.8785
23.2383 31.3581
28.7869 29.0268
25.817 30.4073
26.3211 29.4592
27.5364 28.872
25.4859 30.46
25.829 29.7696
25.1404 30.1197
28.7232 29.3164
26.5691 31.0647
25.8761 31.3831
27.1676 30.6417
26.8549 30.596
25.612 30.7832
26.2374 30.2425
27.3303 29.8611
27.0292 29.6142
27.5993 29.6264
27.1623 30.0961
27.6827 29.1803
26.1668 29.6015
26.8643 30.3271
22.0484 29.4471
23.7135 29.2716
24.6955 29.843
23.3069 29.3527
25.2907 31.0063
27.4689 28.8834
31.3386 28.3766
26.2774 31.004
24.5761 30.2621
25.487 30.0236
29.4966 30.115
26.9229 29.8205
25.0982 30.2969
24.9527 30.0759
23.3598 31.1844
24.9995 29.8846
27.9949 29.632
23.9454 30.7874
26.6105 29.8975
27.0346 30.0456
29.7204 29.4923
30.0844 28.3686
29.8639 28.4412
24.3957 30.6306
24.1197 31.3881
24.8341 30.3744
24.6507 29.2349
21.206 30.5686
24.4356 29.2194
23.2048 30.4854
23.8715 30.8261
24.1859 30.2497
20.6089 30.447
21.5948 29.5017
21.9246 30.3029
26.1998 30.2249
25.2817 30.0574
27.2068 29.3336
26.7822 28.9794
27.5817 29.8162
27.0361 29.5895
26.0993 29.3582
28.1317 29.8868
28.1945 30.0193
30.2162 29.2724
28.6509 29.7096
27.0417 30.3426
26.972 29.1471
28.9193 28.7064
29.1656 29.3143
28.7764 28.9128
29.6865 30.0097
28.9887 29.6184
24.526 30.4406
25.434 29.3353
23.5495 29.6
24.0955 30.1124
24.3404 29.577
21.1173 29.8754
24.2522 29.5283
22.4663 30.6445
24.2061 30.2237
24.8656 31.1094
24.6964 29.785
24.8713 30.3273
23.4721 30.2492
23.8999 30.9879
23.776 29.6908
24.0325 30.0177
26.6802 29.8029
26.1588 29.5952
25.8181 29.3778
23.249 30.6936
24.6657 30.2998
26.1646 30.9196
28.7088 29.5577
28.3692 29.2309
28.3329 29.8054
24.9893 29.4333
26.5441 29.4404
26.1472 30.255
24.2834 30.4235
22.435 30.3906
24.7506 29.937
26.5962 29.5431
24.2997 30.081
23.4749 30.0475
25.4229 29.3076
23.6867 28.9373
21.9595 29.7656
25.4809 29.5354
26.9203 29.6614
29.2314 29.9598
26.6007 29.7889
27.5715 29.5243
26.2716 29.8051
24.6086 28.5446
24.2658 30.3726
24.4675 29.7605
25.0276 29.5698
26.6305 30.2876
24.9018 29.3887
25.5766 29.3584
26.1298 28.2559
27.1816 29.3526
28.9658 29.0973
29.7856 29.3135
28.1032 29.102
26.4784 29.3406
28.2547 29.64
27.4579 29.6735
29.6817 29.1974
31.1916 28.7208
28.7115 27.7121
29.9293 28.9077
28.8772 30.7161
24.7642 30.1626
25.2695 28.9241
26.0869 30.4353
26.6978 30.3468
26.2318 30.2586
28.5568 30.0872
26.2762 29.3132
26.9649 29.7504
23.6364 29.4068
25.4482 30.9798
25.7664 29.6657
25.7734 29.9021
25.0357 30.2379
25.631 30.6777
24.3058 30.6668
22.5037 30.485
20.8316 30.3132
23.1707 30.8541
23.5242 31.151
26.3985 29.5168
21.9146 29.7898
22.4067 29.8775
23.8018 29.5196
25.5989 29.2523
27.0103 30.0441
29.3094 29.3042
26.5543 29.9535
26.0254 29.3601
28.0098 29.2165
27.3749 29.9803
27.5372 30.3703
24.5438 30.4887
20.6375 30.631
24.2965 30.0423
19.5468 30.433
23.2017 30.6668
23.6971 29.7647
26.2869 30.3243
29.6564 28.8584
26.8683 29.7747
28.7796 30.1904
28.9642 29.2817
29.6743 28.6689
29.6743 29.9353
30.3688 29.8826
29.4429 29.2792
23.6243 29.7956
26.1999 30.5283
22.4146 30.3856
24.3539 30.2606
25.5898 30.0182
25.3691 29.7028
25.2256 31.0107
29.3221 29.4539
30.1095 29.55
28.6517 29.0539
27.7428 29.9884
29.8813 29.8877
28.7341 29.4577
29.0199 29.2705
26.9255 29.3628
27.8511 30.1039
28.3629 30.1152
28.4014 29.7313
30.5128 29.0966
29.2402 29.6565
29.2797 30.2908
26.0619 29.9802
26.9655 30.433
24.5045 30.4029
24.6073 29.6961
26.3763 30.316
27.1499 30.2372
23.969 30.2115
25.5736 29.2838
22.1667 29.3686
26.4101 29.2213
24.9996 30.2291
22.6738 29.8154
23.4332 30.6362
25.8522 29.9074
24.116 31.1947
21.9209 29.7989
24.1583 30.4805
26.3727 30.3119
22.6763 30.0747
24.404 30.0033
19.8748 29.94
22.3827 29.6815
23.3822 29.2743
20.7489 30.2567
25.3125 29.6708
24.8109 29.4069
25.1591 29.2609
22.4131 29.296
26.1524 29.8784
26.3961 30.4692
24.2279 30.6457
25.7963 30.7928
24.4655 29.5863
25.9521 29.5347
25.6361 29.6751
28.065 29.4916
25.7969 31.3036
21.7842 31.0113
24.4115 31.3836
25.5932 29.8325
25.5985 29.7914
23.1838 29.9296
23.3973 30.3926
23.9078 30.2658
22.1367 30.9933
21.3426 31.4157
22.7498 29.9437
25.077 30.2793
27.4993 29.6077
26.1805 30.5224
27.2804 30.4512
27.0336 30.2697
26.3216 30.1729
25.5856 29.6955
24.9087 30.6447
24.2446 30.2818
23.1783 29.255
25.6659 30.5759
22.1362 29.5975
22.4797 29.799
25.8171 30.4083
26.5483 30.1698
27.0662 29.979
29.3777 28.5332
29.7473 29.8096
28.5565 29.5649
27.0999 29.6212
30.5251 28.387
24.2942 29.968
26.0592 29.8186
21.2295 31.9561
22.1923 30.2841
22.1164 30.4341
24.9225 29.7626
21.4497 30.8228
23.6671 29.9079
25.6827 29.5056
27.1625 29.482
23.7164 28.8449
23.9484 28.9292
22.9701 30.994
22.4775 30.6297
25.8746 28.9393
23.6529 29.2957
22.1858 30.5958
23.631 30.7443
25.0409 30.1077
24.3142 30.4001
24.7056 30.1931
23.5905 29.8153
25.9955 28.7612
26.1129 28.9815
25.7822 29.3897
26.8481 29.4239
29.771 29.5839
28.5158 30.5027
27.5737 29.6437
25.3718 29.6926
24.5044 29.3919
24.8464 30.3048
24.5081 30.2511
25.6137 30.6807
28.1492 29.1533
24.4268 29.8875
28.6788 30.5402
25.1558 30.2237
28.2579 28.991
25.0588 30.2258
24.4433 30.465
25.2753 30.9833
20.0911 30.1709
21.8361 30.5341
23.6833 29.1225
24.9409 29.1031
22.9736 30.3231
22.3429 30.5
23.2604 29.1288
22.9718 29.6944
23.3624 30.5341
23.5493 31.0723
24.8334 30.8271
27.6809 30.4066
26.6981 28.4089
25.9566 29.9248
22.6336 29.9654
24.8313 30.4699
23.5477 30.5757
21.1593 29.216
24.7397 30.0805
24.5484 30.7085
28.7725 29.3484
26.0007 29.3306
29.1126 29.2791
27.4201 30.0108
24.8736 30.1522
26.6284 29.5541
24.6856 30.9786
25.7682 30.2829
25.4906 30.7377
23.698 30.2633
23.2565 30.8794
25.0306 29.6799
22.4151 31.0039
22.9244 31.3644
22.9996 30.9106
23.8271 30.654
22.9021 30.6998
24.3906 30.2361
24.2001 29.7788
25.6452 29.1845
26.8119 29.327
24.9457 30.7344
25.1759 30.0667
25.0428 29.6438
25.4768 29.8049
25.3577 29.6648
26.3598 30.3851
28.7203 29.3672
26.7874 29.4634
23.8467 30.8757
24.6585 30.3232
25.9864 30.2627
25.4868 30.8798
25.9385 30.2556
29.3729 30.5473
27.4946 30.4013
27.0617 30.1392
27.2936 29.3075
27.1271 29.4842
26.6459 30.8423
24.7418 29.742
26.0316 31.3562
26.8971 29.2018
27.0928 30.024
32.5142 28.983
29.7102 29.4044
26.4581 30.0259
27.6705 30.2678
23.0593 31.3386
24.5447 29.7916
25.7943 30.5306
27.9988 30.2584
27.4016 30.5422
25.2611 29.3791
22.9934 30.6235
20.0997 30.8447
24.1362 30.2615
23.0362 29.5652
24.9919 30.0633
24.1527 30.5675
24.813 31.285
28.4089 31.6113
24.8182 30.0463
23.4608 30.4276
24.1559 29.0209
24.3079 30.1233
23.7219 29.3103
26.2153 29.599
26.0638 30.3867
24.77 29.4408
24.3175 29.2711
26.4183 28.8835
27.1971 28.207
25.0484 29.1206
24.9351 29.937
24.013 29.6076
27.8124 29.3472
24.8564 29.2091
24.4696 29.9945
25.4615 29.8291
25.9164 31.2881
24.2943 30.2029
24.2546 30.1498
23.9599 29.8424
24.5871 29.2821
26.406 28.8479
27.2906 29.3914
25.5252 29.9365
25.5413 30.1189
26.9702 30.2307
27.8936 30.072
28.948 30.0572
26.3379 30.4536
26.1638 30.0539
28.6124 29.1458
30.3308 29.0368
24.648 29.7157
23.8269 30.1593
25.0882 30.1492
24.1434 30.506
26.529 28.9225
26.8228 29.5375
25.6788 29.1096
22.4223 29.6507
21.7444 30.0456
22.262 30.0104
26.09 30.1687
23.9185 30.3042
29.6159 29.6201
25.0249 29.1781
27.0572 29.5602
26.3233 29.2533
24.8154 29.3897
24.3059 30.1225
26.3587 29.3622
26.5363 30.4894
27.1225 31.1192
27.3391 29.9282
28.0464 29.7336
30.6105 29.8654
32.1229 29.4904
27.8001 30.3873
27.721 28.8214
29.312 28.655
31.8972 28.6531
31.4402 28.569
31.5317 29.0713
27.1635 29.379
26.3996 29.5212
24.6719 31.003
24.8613 30.5326
29.1125 29.6351
27.9239 30.1336
28.4329 30.1025
28.8381 30.0455
30.1127 29.7244
28.3967 28.9986
30.1919 30.3585
33.5789 29.3998
34.1192 30.1932
30.8662 30.2755
29.0187 29.6891
27.2759 29.5899
28.8752 29.3886
25.6055 29.5027
27.1837 29.3432
28.46 28.8836
28.5296 29.8331
27.6233 30.694
26.3928 30.1204
26.7093 30.438
23.4196 31.2836
22.274 31.0327
24.9564 30.669
22.8557 30.2745
24.3043 30.8072
26.6225 30.4004
24.1992 31.4175
25.4497 31.3313
29.5896 30.9173
31.5897 29.1193
32.2044 29.5896
32.2044 29.145
27.7817 29.0504
21.7358 30.2524
25.1235 30.218
25.773 30.9924
27.1384 29.7169
25.7555 29.8019
27.6475 29.2401
23.9408 30.4381
28.0093 29.3612
30.8631 30.114
26.6452 28.8161
27.9357 29.0927
27.3073 29.8401
24.4316 31.5288
25.0288 30.3948
26.7017 28.5072
24.9107 30.1974
29.0611 30.2007
22.4414 31.3867
22.3213 31.2102
26.2134 30.1237
23.6526 30.3414
26.5746 30.5282
23.4988 30.341
24.2744 30.4573
23.1268 29.349
27.136 29.449
27.2824 28.1922
26.8675 29.8337
26.4769 30.2121
27.0725 29.9961
26.102 29.8191
26.0745 29.4863
26.8474 29.315
28.8137 30.4045
26.2939 29.7858
26.2042 29.7559
27.9511 29.5094
31.0655 28.3748
27.9171 30.3475
25.9929 30.5126
27.2909 30.8093
25.5268 30.6825
28.2177 29.9119
28.7576 28.9285
27.0797 29.6823
32.0632 28.5108
30.3616 29.0965
29.6525 29.2388
28.9194 30.5206
27.5838 28.7718
27.3818 28.8919
28.2443 31.197
26.9598 30.5193
25.5475 30.368
25.2039 30.5502
24.85 31.2393
24.5434 29.8273
27.3022 30.3528
22.0673 30.5995
22.4781 30.9082
24.4021 29.7326
25.7785 29.763
26.3103 29.56
26.7802 29.9173
25.3489 30.3175
26.0413 29.4682
23.5071 29.5668
25.1988 29.3801
23.8569 30.17
23.1892 30.317
25.388 30.6909
24.1479 30.7076
29.3557 28.6622
32.1092 27.8066
31.5223 28.861
30.1935 29.9452
26.8446 29.6139
27.0007 28.5345
28.0291 30.0035
27.7412 29.5826
27.4678 29.9293
28.1549 29.5774
28.054 29.7252
27.5885 29.7155
27.7705 29.9553
28.7403 30.462
26.8308 30.4751
27.1035 29.9362
23.5861 29.8117
23.9943 30.2931
22.9468 29.8337
20.112 29.8355
22.8446 30.3722
25.8045 29.5198
23.9194 30.0891
23.7401 30.2206
26.4684 30.456
26.5832 30.1418
25.0714 30.1862
26.7495 30.1941
27.6625 29.5758
28.9878 29.3369
28.0066 28.8767
26.8775 28.9248
24.9621 30.1164
25.6899 29.5364
29.5417 28.889
25.8513 30.5888
27.6728 30.0661
28.781 29.5835
27.1592 29.6196
27.1686 29.6759
25.8122 30.1747
26.5701 29.1523
27.1919 29.1622
26.0995 30.8007
22.8001 30.6411
20.9132 30.9558
25.1334 30.8524
25.691 30.3042
26.9243 30.456
28.53 30.9322
27.087 30.8684
32.0008 30.7314
28.9458 29.3621
31.9295 28.7464
26.859 28.7739
26.9682 29.1042
27.6119 29.3126
26.2087 29.6478
23.2419 29.8801
19.5344 30.7383
22.0448 29.9114
23.392 30.0664
21.8764 30.9473
22.0376 30.4893
23.9497 29.8224
23.8503 29.5261
24.2312 29.3482
25.9419 30.3955
24.7636 30.2812
25.8178 30.2704
24.821 29.5279
26.9724 31.0641
25.9083 30.3063
27.9627 29.8701
24.5364 30.6296
24.8542 29.1498
24.1956 29.8714
23.6479 29.7708
24.2843 29.1107
23.7985 29.3962
26.3566 30.343
26.6861 30.2049
27.3455 30.1002
25.2024 30.4708
27.2535 29.6694
26.8806 29.0908
26.8645 28.8189
26.9166 29.2925
24.1069 29.9142
25.093 30.6434
24.3186 30.9561
22.1142 31.0748
24.1028 29.7534
23.9329 30.6939
24.5866 31.3363
27.4863 30.1671
27.1717 29.9334
26.6732 30.415
26.2767 30.157
25.2212 29.8999
26.6174 29.8228
24.5302 30.9273
24.3676 31.2989
24.0764 30.4053
23.4525 29.9405
22.6956 29.8327
22.2186 29.4323
22.2901 31.0047
22.4222 30.3023
22.6301 30.1523
21.8432 30.3735
22.3624 30.0328
24.6136 30.4161
25.1406 29.4538
23.2988 30.8782
22.1119 30.4021
24.3526 29.1126
24.2002 30.1213
25.2533 30.0424
24.0767 30.3482
22.936 30.235
22.0684 30.9776
22.8783 31.465
23.172 30.3182
21.5906 31.3656
26.1256 30.0285
25.7522 28.8709
27.5509 30.1733
28.5366 29.4613
27.608 29.6173
27.302 28.02
29.5882 29.2305
27.8786 29.687
27.5592 30.0795
29.1075 29.6476
29.2309 30.1774
27.3275 29.9311
25.9477 29.8019
25.2016 29.7613
26.5401 29.7571
25.6653 29.7709
26.6797 29.8954
26.0832 30.0237
27.921 30.1568
27.3191 30.9983
25.9742 29.5618
27.2746 28.7087
26.8027 29.6294
27.0454 29.5843
28.0636 30.1123
25.2604 29.9574
22.468 31.056
22.5565 31.7008
24.694 30.6304
24.9976 31.002
25.5969 30.3844
26.5186 30.5803
24.2006 30.3851
26.9057 30.155
24.9973 29.9417
29.0499 29.0274
29.6479 29.4669
28.8359 30.2883
28.2127 29.5817
26.9944 30.2932
24.3579 29.9419
24.0269 29.2768
26.8603 29.0956
25.4925 29.5085
25.2142 29.968
22.9045 30.588
26.0893 28.7457
29.4047 29.531
24.4914 30.3282
20.4177 30.9632
21.6117 29.6907
24.7729 30.649
22.7691 31.1727
26.284 30.0316
26.0316 30.5763
25.0153 30.4226
25.2771 29.0977
24.0229 30.0459
24.0182 29.768
24.5429 29.4676
23.5782 30.8316
26.2155 30.3142
25.6381 30.2473
24.1346 30.2082
22.2032 29.9445
25.4994 30.0075
25.4107 29.716
24.0579 29.5876
26.9848 29.8636
26.7317 28.7656
26.0144 29.4994
26.4177 29.9636
27.6807 30.4022
25.4984 30.148
21.6682 30.1524
22.2713 30.6921
22.8742 30.1462
22.5493 30.2493
21.8365 30.0477
24.3559 31.9299
26.4412 29.3601
26.9165 29.4641
26.8399 28.9265
26.023 28.8007
26.503 30.7124
25.6439 29.5343
25.3706 29.9737
25.2508 30.5245
25.0049 30.2449
25.2125 30.0207
25.1551 29.9042
24.9453 30.9339
24.7383 29.8259
24.8521 29.1307
25.1792 30.5105
26.7939 30.439
24.8609 30.5817
24.8623 28.299
25.0078 30.1775
24.1137 30.8592
24.7587 30.8078
27.3964 29.9382
24.5134 30.248
24.4455 30.7303
24.225 28.9198
23.3805 30.3089
22.1997 31.4573
26.744 30.8874
27.6707 29.7522
27.7599 29.4177
29.822 29.5509
25.3647 30.6937
24.5203 30.4226
26.0155 29.3258
21.7599 30.6081
24.6247 30.5325
25.8446 30.1371
23.8514 29.6617
27.0448 29.4518
25.9651 29.5601
25.6894 29.8161
29.7471 29.0178
25.0907 30.6432
25.675 31.0052
24.2477 29.6367
26.5219 29.1154
26.352 29.539
28.5019 29.6552
29.1809 29.5764
27.9543 29.0877
26.5319 29.2602
26.0777 28.5908
25.7914 28.6694
27.4762 28.5453
27.3628 29.3569
26.7497 30.5452
24.3101 30.5555
23.8395 30.3895
24.7279 29.6747
26.6559 30.5798
24.1852 29.673
28.6049 29.3187
25.6677 29.3068
27.8232 29.0347
23.6326 31.1204
23.896 30.6665
26.1895 29.7791
24.7783 30.5199
23.4965 30.4333
23.0241 30.4428
22.7038 30.8468
21.9796 30.7958
19.3472 30.8868
19.0908 29.1934
20.4948 29.7531
20.9432 30.2226
21.9405 30.9944
23.8754 29.4767
22.0212 30.5305
21.3628 31.0329
21.3628 30.3958
20.2297 31.2629
23.4396 30.8092
23.8433 30.7732
31.0573 28.8835
31.9206 29.5644
28.9785 29.657
29.5289 29.5266
25.7785 28.9994
26.2216 30.203
23.9946 30.0565
25.0588 30.0702
24.3187 30.8843
20.9361 31.1686
21.8453 30.9505
22.1157 29.7157
21.7002 30.662
23.3688 29.1699
23.5025 30.96
22.1744 29.6902
22.8639 31.2495
24.0085 31.2009
22.305 31.2966
24.5599 31.3724
23.1775 30.4908
22.035 30.0074
22.3957 29.4243
24.6903 30.1044
26.0746 29.995
27.9566 29.6344
28.7125 29.2593
28.8957 28.8406
26.424 30.0014
23.8749 30.4279
26.8268 30.1912
28.8982 29.9415
29.6915 30.0883
30.8938 30.0764
31.63 29.5589
30.1863 29.7609
34.2714 28.4946
32.917 29.332
32.3951 28.8225
30.7785 29.1694
30.0573 29.3526
32.2405 29.1659
29.9639 29.498
29.0598 29.6735
26.6934 29.7158
26.4786 29.1785
24.5592 30.1458
27.3999 30.3261
26.347 30.3116
27.336 30.3006
29.0282 30.3649
28.0731 30.3888
29.3779 28.5287
28.3487 28.9414
28.392 29.0077
29.1242 28.2451
31.5639 28.7929
30.1762 28.5939
31.6898 29.0209
31.6041 29.7086
28.1804 29.7897
29.5905 29.73
29.3775 30.2464
29.2598 28.9819
28.2773 30.3313
26.9102 31.1328
23.8308 29.9705
30.1446 29.7576
31.0013 29.7994
29.1381 29.331
28.0532 28.9446
27.3489 29.285
27.7826 29.4077
23.0985 29.941
22.5335 30.3216
22.0749 29.5014
21.9676 31.3901
21.5987 30.9179
25.7125 29.4984
23.6673 29.3443
22.7551 29.4929
23.779 30.3153
22.8024 30.4325
24.0899 31.0051
23.4113 30.3659
21.5126 30.4926
22.1211 29.8646
22.4763 29.7147
23.7091 29.8418
23.4911 30.7026
23.3826 29.4984
24.3521 29.392
24.0062 30.4381
24.9472 30.1891
22.6663 30.5649
22.5471 31.2871
21.9555 30.8862
23.2616 31.2307
23.2 31.4067
23.5844 30.0005
22.5732 29.9318
22.3822 29.8883
23.7133 30.4204
21.2522 30.5075
23.8102 30.3129
23.3371 29.6276
23.4185 30.0617
24.889 31.545
28.6531 28.9824
27.2954 29.1617
24.4384 31.7619
24.4907 30.0696
24.6243 30.0242
22.9436 30.1543
24.1831 30.4733
24.1341 29.9153
28.6898 29.1813
24.5788 30.0785
24.6562 29.9659
26.4762 30.1105
24.1349 30.827
24.9838 29.5387
22.0923 30.2945
23.9339 30.5146
25.6616 29.531
23.6228 30.7721
25.255 30.316
24.6038 30.3121
24.9259 29.324
30.2974 28.9654
27.3321 28.9477
27.1778 29.1844
26.8073 29.5655
28.0029 30.0233
26.7386 29.142
27.9594 29.8877
29.2888 29.519
26.3033 28.8161
27.4261 30.7986
25.5388 30.2201
25.7588 29.7436
24.2839 29.7796
22.8575 29.5828
25.0917 29.5538
26.0537 29.5544
27.9479 30.4203
28.2119 29.644
27.9396 30.2505
26.0625 30.3146
26.6608 31.2635
28.083 29.9828
27.8828 31.0001
27.3217 29.5296
26.9118 29.5691
25.5578 29.5759
24.6347 30.5103
24.8665 29.2146
27.84 28.9974
26.8697 29.7298
27.4701 29.4954
25.3078 30.3563
26.1893 29.976
26.3447 30.2481
27.1256 29.0533
24.9144 29.5765
26.951 29.5421
26.0761 30.3784
24.1338 30.6492
23.5602 30.7158
25.4052 30.2709
26.5352 30.5682
27.6432 30.827
26.6859 30.3517
27.6723 29.5498
29.0087 30.0939
29.6366 28.9679
28.2575 29.3616
25.9813 30.3315
27.6157 29.7574
25.6939 29.2826
25.5991 29.8752
24.5027 30.3125
25.3061 30.2749
29.781 30.2352
25.9359 29.7491
27.1636 30.1148
26.1339 30.5204
25.6821 30.7252
25.7612 29.2612
25.2158 30.5812
26.1696 30.5171
24.6286 29.4502
29.6302 28.9447
29.7159 29.4816
28.614 29.2578
28.6972 29.9508
28.7073 29.4558
31.6515 29.1729
30.1388 29.1403
30.8916 29.2025
28.4555 29.8526
29.1414 30.0837
27.1488 30.1617
28.0561 30.2022
26.5976 29.7503
26.0311 31.1626
24.5787 31.3101
28.4001 28.4691
28.7172 28.7625
26.7958 30.0437
27.3084 29.103
24.8451 30.0827
26.964 30.0283
27.5385 29.8127
26.8199 30.4505
26.4861 29.8222
27.6542 30.0396
27.2658 30.4816
27.37 30.3124
26.5893 30.6692
27.7021 30.7383
30.8587 28.4776
30.2879 29.1534
32.4192 29.1278
28.7291 28.1474
28.1455 29.8934
26.8222 29.5924
26.0363 29.9116
31.332 30.0688
28.8511 29.8173
30.6035 28.9104
27.8928 30.4817
27.9877 30.9258
25.2326 29.3318
24.4075 29.3545
24.7039 30.0452
24.3925 29.6988
28.3759 29.8102
27.971 29.7473
24.881 29.7544
25.5664 29.9179
24.8802 30.4911
25.5286 30.3397
26.1174 29.3027
25.8158 29.8747
24.3753 30.0739
25.152 29.1451
27.8947 29.8122
27.9342 29.6926
24.7009 30.5225
26.7499 30.0582
29.9994 29.9162
28.7088 30.294
29.7932 29.8334
29.7932 29.9234
27.835 29.9058
24.2699 29.3521
24.4454 28.1515
24.531 28.1616
25.4979 28.3129
26.7999 28.4677
27.6672 28.6757
30.2385 30.726
26.6112 29.2307
26.8395 28.33
21.9558 30.3525
22.8029 29.9277
24.0449 31.046
24.3131 30.8411
24.1184 30.437
25.7051 30.2233
24.3839 30.4988
25.0896 30.5909
25.633 30.3458
26.5059 29.8652
28.1477 29.7933
28.3035 30.8433
24.1094 30.2043
22.2917 31.3453
24.3397 31.0407
23.89 30.6958
28.2553 29.8464
27.8634 30.5017
26.6528 29.7555
27.079 30.0456
26.058 29.8453
25.3783 28.889
25.6846 28.9432
28.8285 28.9649
26.1531 29.1832
25.5579 30.6681
28.4325 29.8388
28.4325 29.3004
27.747 29.3239
24.6207 28.6048
22.8736 30.1717
22.2225 30.3331
21.1829 30.6754
19.8559 29.617
19.2332 31.1475
22.5744 31.4135
24.1607 30.891
23.3167 30.1756
26.2084 29.3294
30.1887 29.0164
29.1678 28.8606
23.8501 30.1802
23.4807 30.5251
21.0081 29.5199
25.5476 29.6837
27.8041 30.1498
24.8188 30.3676
22.1528 29.8946
26.1806 29.2472
27.7879 29.0128
29.4131 29.9883
28.0637 29.3018
31.7842 29.6842
31.4516 28.3996
32.1635 28.9762
28.6789 29.9077
26.6545 30.4794
26.6584 28.9397
26.1621 31.0118
25.7694 28.5894
26.0456 30.8076
24.3935 29.7555
26.077 29.3451
26.6099 29.9014
28.0462 28.612
23.8233 30.5682
24.3493 30.2755
29.0934 30.3023
30.8773 29.715
27.9073 30.0747
26.5077 30.9543
25.3315 31.1318
22.5372 31.041
25.2818 30.7764
23.5147 29.8298
25.4372 29.6962
27.5691 29.4666
26.9232 29.2798
31.279 29.6769
29.57 28.9238
25.3885 30.4472
26.2099 29.8997
26.4191 29.2247
25.3249 30.0253
25.1454 30.246
24.1725 31.127
26.8794 30.6007
26.3082 29.9367
27.5754 29.557
27.3401 29.3239
29.7268 28.9784
31.0374 29.316
30.001 29.4491
29.2692 29.6142
28.9733 29.373
27.2124 29.8398
28.4047 30.5614
23.7696 29.7539
21.9019 29.4642
22.5977 30.2179
24.4631 30.0435
25.168 30.0071
24.8435 30.9272
25.5144 30.431
24.8888 30.2643
24.1584 30.4994
26.0408 30.9987
23.2394 29.5655
23.0592 30.3744
25.3698 31.3104
23.1526 31.3006
24.3324 30.599
23.5149 29.7782
23.8305 29.7759
23.5449 29.3
25.4597 31.249
25.7993 31.1128
26.2547 29.2788
24.559 30.4238
24.7523 29.6535
23.2768 29.6914
24.776 29.62
25.2788 30.441
24.7691 31.1191
24.2051 31.1477
23.7237 29.7975
23.3254 29.7348
25.2139 30.3772
26.006 30.3082
24.9372 30.2655
26.252 30.0793
26.8151 30.1766
25.6632 29.9738
24.8898 29.9396
24.2834 30.5887
22.6368 29.8478
24.673 28.8305
22.4309 29.004
23.814 30.141
23.535 30.4251
22.988 30.874
22.9437 30.9517
25.1873 29.2353
27.1878 30.0071
26.5892 29.4635
27.2893 31.1817
24.7105 30.7388
21.6367 31.1521
21.4439 30.3513
21.1448 30.2648
19.6218 31.1128
20.1748 31.4055
20.3068 30.2005
23.5586 30.2642
25.9386 29.7259
23.9581 30.0372
24.4766 29.4221
22.3203 31.233
26.8558 30.2432
27.3731 28.3089
27.2313 28.9816
24.9189 30.5035
27.4425 29.6485
28.0093 29.3259
27.6226 29.2354
31.0345 29.5076
27.751 29.5968
27.0164 29.9951
23.5524 31.3335
23.9419 31.1057
23.6154 31.4279
28.0237 27.9303
27.7912 29.5457
31.2433 29.8031
31.1711 28.4617
31.2273 28.5375
31.1732 28.9432
29.6147 28.6467
27.1885 30.0198
26.6038 29.4727
26.6117 29.4784
27.4504 29.8015
24.5448 30.0089
26.2238 30.1457
26.6591 30.1221
27.8651 29.5408
25.3955 30.7457
27.0023 30.042
27.0127 30.2565
25.7721 31.1468
23.9664 30.1403
21.7741 30.7564
22.2798 30.5794
21.446 31.0254
20.2921 31.1874
23.101 29.8703
23.9564 30.3787
26.5669 30.0794
27.1878 30.2667
29.1485 28.9051
29.057 30.0384
25.5649 30.3995
26.0624 29.2213
25.0306 30.0132
25.0606 30.0837
24.0856 30.8824
24.2079 30.9773
24.5659 30.0078
26.0213 29.9156
25.297 30.4351
27.117 28.8532
23.8754 31.5714
26.8195 29.5668
22.8531 28.9963
26.9127 30.3745
23.6771 29.1545
22.4162 29.8965
26.1777 30.4236
28.7911 29.9938
29.3314 29.1395
29.5195 28.8077
32.6225 29.0467
32.6225 28.7395
29.6579 28.61
29.2428 28.675
27.8148 29.7876
29.0095 28.7643
28.1445 29.7973
25.931 30.3111
25.9325 29.626
26.2744 30.7876
25.8321 30.3937
22.7426 31.5872
21.1805 30.9304
19.0977 30.4425
24.5266 30.5833
26.2469 29.0332
25.281 30.2808
25.1509 30.5532
23.214 30.8746
25.3511 31.3011
25.9061 30.1521
25.6646 29.7419
23.6375 30.428
26.5239 30.85
28.0416 30.8176
30.9511 29.2992
28.9382 29.8976
29.5068 29.5757
27.5776 29.7314
21.637 30.6408
23.5671 31.0146
25.0023 29.1259
27.1242 29.4533
28.2177 30.1245
28.1514 29.8709
27.7634 29.4324
27.4708 30.1299
27.3908 29.5008
28.1663 28.645
27.5225 28.569
27.6217 29.6225
27.6556 29.2769
25.9882 30.7063
27.1599 30.0154
29.9295 30.952
30.25 29.7188
27.3409 30.3316
25.7677 30.038
27.9923 28.2235
24.4392 29.2981
24.4392 29.4199
24.3137 29.2849
21.7261 30.2606
22.2219 30.1392
24.8553 29.858
24.462 30.1581
24.5364 30.1823
23.3243 30.3869
22.358 29.8534
22.4121 30.6861
22.9098 30.5073
24.813 29.7055
24.4694 30.6329
24.8317 29.2946
24.5986 29.4426
25.0352 30.8465
21.9686 29.0761
24.4521 30.2605
21.6908 29.8178
27.854 30.0494
26.9803 29.2219
27.302 30.4473
25.5266 29.2039
26.257 30.0508
26.1258 29.1028
26.0525 29.243
25.7262 30.1586
25.8257 30.3212
25.3822 28.7193
27.8828 30.2975
28.3652 29.3167
25.631 29.9764
25.6329 30.5467
25.8558 30.5887
25.9561 30.3651
24.1999 30.9131
25.0972 30.5433
22.6756 30.7621
25.2063 30.652
26.1921 30.2874
29.1677 29.949
27.1351 29.8
25.0735 29.7437
21.919 30.1621
22.5214 30.9262
22.5214 30.4978
26.0842 30.4758
30.0507 29.2337
31.3694 28.9793
30.4613 28.7897
30.3813 28.9005
26.3307 29.9457
23.492 30.3199
26.0577 30.4122
23.0036 30.0671
24.1184 30.6053
24.9718 29.9604
25.4011 30.2401
26.8378 30.1128
29.5527 29.0251
29.9069 29.8623
30.5669 30.6003
27.3389 30.2704
27.3636 29.8588
25.1481 29.6861
25.6838 30.5745
22.742 30.6684
23.2277 30.6183
27.8679 28.9429
30.6096 29.2251
26.9791 29.3402
25.7963 29.3081
24.7209 29.4889
25.9026 30.2126
24.4276 30.0623
26.0889 29.6903
28.5874 29.2446
26.6403 30.7973
28.5949 29.3219
30.7415 29.0759
30.6975 29.449
28.1901 28.2338
28.0054 28.357
27.4635 29.5617
25.6841 29.8938
22.9069 31.0014
24.4721 31.1553
25.7973 30.1538
26.4261 29.4841
29.5359 30.0727
29.462 30.3257
29.0346 30.9551
26.0955 30.1175
26.7218 31.0454
25.0067 29.9744
27.0438 29.0568
26.9469 29.4199
25.8244 29.6284
25.9314 29.6402
26.3745 29.6852
27.0852 29.3861
22.3234 29.6034
20.8751 29.7826
22.7286 30.8904
23.4963 30.7751
27.5824 30.2094
27.2825 29.2555
27.5191 29.842
26.7024 30.1078
27.7811 29.8875
25.4218 29.0125
25.4218 31.2537
27.6058 29.4699
24.85 29.8352
25.7209 29.9363
25.5032 30.7496
25.4903 30.3334
25.5371 30.9498
24.9198 30.5518
29.3038 30.1157
26.7688 30.1807
28.984 28.8579
31.0816 27.3624
28.435 28.957
29.617 29.6827
27.0686 29.8945
25.2664 29.8952
27.3315 29.8823
25.6548 30.2591
23.4736 30.4699
22.0021 30.1833
23.7761 30.0233
25.5582 31.1196
24.2956 30.0623
25.1757 30.0884
26.311 31.0548
26.6397 29.335
26.5256 29.1201
27.8181 29.8605
26.2907 29.8064
24.4268 29.2599
24.735 29.7062
24.6013 29.8962
25.5775 29.5968
27.9252 29.9206
28.1777 29.5033
22.6802 29.7444
23.6091 29.8781
27.057 30.5107
26.2251 30.3984
26.9635 30.3672
27.7052 30.0357
28.6841 29.5665
30.1767 28.899
30.4501 28.7846
31.602 29.3029
27.9938 29.7199
24.4223 30.8756
25.3707 30.451
24.524 29.6877
24.6282 31.0887
25.2146 29.8718
27.3229 30.0448
27.9659 29.8285
28.6848 29.5124
28.1567 30.3494
28.1567 29.6293
29.0276 30.0365
29.165 29.5395
28.7449 29.7432
27.3569 29.1765
27.5913 29.9376
26.1795 29.9625
27.7029 30.3663
20.5415 30.0389
24.1698 30.0241
23.8839 31.2645
26.4298 28.6612
28.3253 29.183
27.9228 29.2542
27.8947 29.9033
28.6003 29.5114
27.9887 29.1248
25.3067 29.754
27.46 29.6547
26.1703 29.6865
30.2457 29.6198
30.5726 29.1239
27.5142 28.8887
25.2716 30.5464
26.326 29.6877
26.254 30.492
26.4824 29.6903
25.8667 29.5449
26.2872 30.8902
26.7182 29.9159
24.0515 29.7577
23.8641 30.8529
28.1154 29.5619
21.0892 30.7488
22.4386 30.792
24.386 29.286
22.1918 29.8947
26.3448 29.8887
26.6706 29.2522
27.866 29.4691
24.1574 30.3418
25.0714 30.91
24.2259 31.0788
22.5779 30.8572
25.0907 30.8426
26.234 30.4112
26.1268 30.7811
28.1805 30.3684
27.4575 29.7439
26.6154 30.3783
28.9708 29.6625
28.2594 29.1544
26.6449 30.3244
24.7656 30.2327
24.3859 30.397
25.9891 29.362
28.4937 29.2246
30.0727 29.8053
30.9245 29.8301
29.6851 30.2599
28.0435 29.8476
25.3169 30.4297
26.2945 29.5586
27.4817 28.1431
26.166 29.5687
26.4541 29.7312
26.5424 29.9017
27.2969 30.8879
26.9816 28.9286
25.7227 29.1641
25.2076 30.5951
25.5396 30.4223
24.2391 30.4622
27.6445 30.7553
24.8516 29.7181
26.354 29.6455
26.9336 30.475
28.3709 29.3607
28.9366 30.8118
28.8317 29.0901
29.5703 29.6398
26.6901 29.4188
27.7388 29.8328
25.6393 31.1877
22.7125 29.3546
28.2993 28.3693
25.4164 28.3936
29.0773 29.7844
27.0725 30.5386
26.2535 29.8684
27.1368 29.761
26.9208 29.6921
28.8206 29.2996
25.4648 29.1496
22.5173 30.1944
23.4955 30.7563
25.7704 30.699
22.8525 29.5821
22.7875 29.4905
22.849 30.8198
23.1085 29.6757
22.0766 30.7265
24.9812 28.9204
23.6873 29.8205
25.2466 30.1822
26.0571 30.1041
27.1879 29.5497
29.0471 29.6641
27.6158 30.221
24.4701 30.1435
24.6824 29.8662
25.5965 29.5608
23.9981 29.7436
21.6822 29.4997
25.3483 29.541
24.4505 30.4006
23.4151 31.0745
26.2818 29.9644
27.8856 29.5725
23.2099 30.6101
24.5893 29.5448
25.2282 30.9251
24.3765 30.8012
24.5105 30.0525
23.88 29.9264
23.6822 30.2864
24.5598 29.7953
21.906 30.1238
22.7984 30.3547
25.5407 29.41
24.0332 31.1452
22.4887 30.6503
23.5501 29.9044
23.3068 30.4274
24.945 30.2173
26.9751 29.0243
24.3016 29.8242
24.5134 29.0166
26.0372 31.1999
23.1823 30.8731
25.3854 30.8005
24.9404 30.8185
29.052 29.5718
26.9373 28.2327
28.1376 29.4565
29.0547 29.7
26.3495 30.7868
27.0546 29.8592
25.7146 29.8744
25.1127 29.1404
24.495 29.1295
23.0253 29.4503
24.9503 30.9699
23.4344 31.0461
24.0965 30.7674
27.6639 30.5201
27.9119 29.0628
29.5049 29.1657
27.0702 30.6989
26.2335 29.9418
25.0695 29.2808
25.8731 29.7956
26.7414 30.3646
27.6423 30.6976
27.506 29.8763
28.202 30.3885
25.4176 30.6364
27.6894 30.5676
29.308 29.3362
26.2608 30.3227
26.9884 29.722
25.6833 29.9593
28.3264 30.347
26.46 30.4117
29.3392 30.8315
27.5173 30.0389
27.8728 29.5364
23.9561 29.7172
24.2343 29.7792
24.5678 30.2013
25.5716 29.968
28.5072 30.315
27.5245 28.9296
28.1513 30.4615
30.1365 29.3783
30.1988 28.8296
26.7786 30.1551
27.1071 30.1319
27.6971 29.3486
26.068 29.8552
27.0301 30.1586
27.096 30.485
27.0729 29.7769
29.5256 30.2013
25.6972 30.3762
27.007 30.3398
27.8991 29.9081
25.6709 29.3096
25.6709 29.6971
25.7535 29.966
25.1217 30.2963
25.8947 29.558
28.9305 28.8435
30.1312 29.2676
27.2788 30.3963
23.5684 29.8172
25.272 29.6193
23.825 30.4032
22.7808 29.1415
23.0151 30.0409
22.1065 30.0178
24.1416 30.4221
23.0187 29.9429
20.9617 30.6315
21.13 31.0077
21.2939 30.8
23.0534 31.1335
24.7479 29.1987
25.6596 30.196
26.5838 29.5207
22.823 30.0608
24.5253 30.8771
25.6198 30.2243
25.5894 29.5983
25.313 30.7692
26.1845 30.4645
30.404 29.732
29.5081 29.2318
27.83 29.3943
26.8771 29.4499
27.4822 29.6597
26.2437 28.8112
27.6667 29.3628
27.2062 30.7181
28.2986 29.3097
29.1241 29.3255
27.3323 29.858
23.3469 31.3091
24.8615 29.6339
25.9482 30.0872
30.6447 29.6833
25.5653 29.8065
28.1296 30.0575
28.2704 31.445
34.1908 27.9263
32.6974 27.5059
29.1299 29.4924
29.1668 29.5026
29.8283 29.5552
30.3162 29.5984
31.2684 28.2787
27.3113 29.7706
28.8723 29.6561
27.7128 29.7385
29.9944 29.7176
26.2013 29.2765
26.6634 30.5112
24.6356 30.636
27.5975 30.097
26.0237 29.621
27.3455 29.5029
26.5821 29.7459
28.5935 28.838
29.6443 28.7432
29.398 29.4796
24.469 29.5038
25.5842 30.078
22.698 30.3015
19.9262 30.3862
23.7741 30.7517
21.9484 29.7856
21.0711 29.7165
23.527 30.5595
24.0299 30.137
25.3648 28.8337
23.2858 29.4868
24.1035 30.655
23.5413 29.8263
24.2207 29.5531
28.1953 30.3643
29.1138 29.002
29.5701 29.5034
26.423 30.3005
25.8876 31.1646
24.5227 30.2484
26.2213 29.7458
26.2414 30.6564
27.4226 31.1169
26.3851 30.6448
24.6308 29.0495
26.1662 28.7985
24.7066 29.0474
24.3446 30.3235
25.0706 28.9512
27.4036 28.4596
28.0576 29.6246
27.8727 30.0556
29.2728 29.0433
27.7503 29.7744
28.0572 30.5166
27.6895 28.5887
25.9124 29.4703
25.1308 29.8167
29.8056 29.7017
25.5742 29.509
25.6944 29.1584
26.5619 30.7474
25.4494 29.803
26.4312 29.1718
27.361 29.6487
28.2827 29.0715
26.861 29.7012
28.4962 29.9948
31.7341 28.6528
29.1399 28.9171
28.2566 30.545
28.4122 30.5546
26.7677 29.1982
27.3073 29.6356
25.2098 30.8293
26.6617 29.6948
26.078 29.7444
23.2816 29.3781
24.8763 29.4209
25.1697 29.5838
22.4133 30.4352
24.4676 30.4361
30.3447 29.6985
24.54 30.8464
23.2438 30.2486
24.1834 30.5443
24.9033 30.6376
25.8507 29.9215
23.7879 29.1433
23.6462 29.9567
24.9521 30.1841
26.1536 29.5048
26.6219 29.213
26.4443 29.9293
28.1108 29.0274
22.5783 30.6471
24.1297 29.2426
26.008 30.5295
25.6903 30.0323
23.9987 29.8438
25.2909 29.9666
25.4837 29.9062
25.4834 29.7036
23.0663 30.825
22.6204 30.6952
25.1396 28.9148
29.0042 28.9113
28.9355 28.869
27.3999 30.1439
30.5804 28.6549
28.4237 28.2713
26.3611 31.0155
30.3046 29.1858
28.5507 28.7616
25.398 30.0254
24.7382 30.4867
25.4467 30.4621
26.7188 29.5757
27.7548 29.2528
24.689 29.7352
24.1938 30.3182
24.8773 29.9095
24.5965 30.7476
23.7642 30.9502
26.6954 28.7089
27.2898 30.2228
24.095 29.89
22.8709 30.7708
21.6557 31.3914
22.1609 30.0906
22.0068 30.4198
21.8119 30.0022
24.9775 29.6515
25.2635 29.4681
25.9711 29.3697
24.3071 29.34
24.6057 30.3863
30.2735 30.4483
30.4152 29.4026
31.0858 29.6837
32.4776 28.9627
26.3292 29.8303
28.0436 29.8097
28.9914 28.7572
28.5505 29.3349
29.5403 28.308
30.3495 29.4322
31.1125 28.8027
29.3213 28.3195
26.7079 29.1147
25.6817 29.319
26.9614 29.9542
25.9541 29.7466
26.7927 30.3991
26.6588 29.8827
28.504 29.1491
30.1294 27.9991
27.5264 28.6303
26.2606 29.9327
26.364 28.7702
28.6482 29.8856
28.6189 29.5074
27.5488 29.4725
28.3809 29.9501
26.4545 30.6965
26.5936 29.8267
26.2143 30.5027
26.6422 29.7767
25.3589 30.8022
25.3485 29.7437
26.2925 30.4105
25.1183 30.4214
25.0631 30.5675
25.4179 31.6334
24.2977 30.9663
25.9227 30.1282
25.4304 30.1043
25.4424 29.3563
25.8287 29.6932
26.3928 29.9881
27.5637 30.0412
27.727 30.0388
27.5554 30.0767
26.5027 29.985
22.7983 30.2019
25.4466 29.1534
21.7558 31.0843
24.3301 30.1187
25.3227 30.6919
21.1975 31.1985
23.0302 30.4953
21.0359 31.6375
21.5961 30.8665
22.4453 30.3293
23.5816 30.054
23.611 30.6831
26.4259 28.6902
25.1788 30.3356
25.8652 30.2697
20.7529 30.4625
19.337 30.6611
24.554 30.5042
23.0218 30.8243
23.1621 30.7658
23.2557 30.8596
24.0726 30.7144
24.0936 30.2369
22.4323 31.6633
23.9954 29.5513
26.1174 29.439
25.2855 30.0324
23.7016 30.7003
20.8119 30.6324
21.0666 31.9295
25.8613 30.1079
24.5577 30.2275
25.1829 30.2126
26.9901 31.0937
25.579 30.0548
25.3419 30.0458
25.5289 29.5564
24.6995 29.5594
26.3796 29.9989
27.2097 30.9846
25.2705 29.8673
24.1738 30.3748
21.2843 29.8949
22.9635 30.3062
25.753 30.6616
25.87 30.2401
25.6986 29.6356
26.8553 28.7595
26.667 29.0632
26.9623 29.9569
26.8212 30.0065
26.7254 30.2156
25.9347 30.1435
23.4687 30.1808
22.1383 31.3252
23.2709 30.6
24.3696 29.7234
23.6022 30.3946
23.9194 30.508
25.7722 30.5109
26.8316 30.077
31.7503 28.3095
28.8807 28.8274
26.4724 30.0211
28.7358 29.5698
28.2495 28.8525
28.6659 29.483
26.7882 30.9797
25.5193 30.3187
27.7116 30.1987
25.415 30.4223
23.1696 30.8734
22.7808 31.1131
24.44 31.1808
24.7201 30.3252
25.6249 29.9925
22.9976 29.9582
25.6725 30.3205
26.0523 29.4227
26.0827 30.1743
25.3379 29.5668
22.6576 30.377
21.0167 30.3569
24.2816 30.6947
21.672 29.367
24.9597 29.5918
23.1975 30.5202
24.1596 29.6639
25.3009 29.6484
25.4174 29.3555
25.8322 28.8142
25.2946 29.6092
24.0128 30.5088
25.3794 30.5639
25.7806 30.563
25.5081 29.841
26.1298 31.0068
26.4483 30.1603
28.52 30.2334
26.3966 29.943
25.227 29.444
23.9481 29.7582
23.4485 29.3672
23.2679 31.6253
25.4104 30.3263
22.4364 30.9935
22.3672 31.2209
20.4246 30.5545
22.0014 31.0533
24.2144 29.2443
25.2312 29.5627
24.6927 29.952
24.0453 30.8993
22.3906 29.8004
25.3501 30.0572
26.606 30.0346
28.3762 30.4113
26.7516 30.4276
26.9227 29.1159
26.9529 29.3013
27.7911 28.8125
28.0619 29.359
25.9487 30.8487
25.1118 29.9856
25.984 30.1988
26.9789 30.2638
24.4418 30.5456
24.4464 30.6291
23.3456 30.0606
25.7877 30.2864
28.5158 30.144
28.1392 29.4881
28.5248 30.1794
29.5879 28.6536
26.4074 30.5776
26.2585 30.1091
26.0093 29.9306
26.8907 30.0759
23.896 30.261
24.9122 30.5071
25.9367 30.118
25.045 30.7552
26.5812 29.0556
25.349 30.225
24.8382 30.551
24.114 30.8805
23.5688 28.9781
23.0107 30.6764
23.304 30.4201
22.2802 30.7909
19.6413 31.1007
19.8423 30.4965
23.7601 30.3161
22.794 31.1014
22.7963 29.9874
24.0769 30.2637
22.5199 30.3105
23.1114 29.8224
22.3041 29.0995
22.4249 30.3258
21.1205 30.3961
21.7948 31.0162
22.1894 30.9217
22.1709 30.6187
22.9741 30.5828
21.5232 32.0037
25.6911 30.2272
25.8232 31.2688
27.1206 30.3127
22.3066 30.7034
25.4074 30.3384
26.4304 30.4344
26.8514 29.405
27.5731 29.8496
27.8808 29.0932
28.8208 29.7732
26.8124 31.4304
25.9533 31.2017
24.0379 29.8123
26.2746 29.4488
23.2936 30.3021
24.6291 30.3021
24.3368 29.8054
27.276 30.598
23.4952 31.2589
25.3826 29.9825
25.1017 30.5966
26.0522 30.2943
24.2968 29.8598
25.8063 30.1737
26.8954 30.9796
26.1308 30.3081
29.119 30.3105
24.4455 31.121
26.5413 29.3575
29.3329 29.845
27.0222 29.4247
27.273 30.2656
27.621 30.551
26.6108 30.8007
25.8723 29.3924
25.0317 29.8073
26.2514 29.4996
24.8511 29.794
26.5701 30.9419
22.7636 30.5453
22.5411 30.3369
24.8749 31.2765
23.7984 29.8251
24.866 30.1027
22.6633 30.2345
21.7199 30.4392
21.7109 31.3676
24.595 29.6784
25.453 27.977
25.4532 29.3597
24.836 29.4271
25.2348 29.5134
24.9481 29.2696
26.2385 29.2727
24.1382 29.3553
24.1382 29.8451
25.311 29.4381
23.7603 30.6433
28.4514 28.756
26.0158 29.9656
26.2989 29.7285
26.2271 29.6305
24.995 30.3467
26.7261 28.7373
25.7658 31.0203
22.9682 30.3909
25.3395 30.6118
26.3076 29.7029
24.2896 30.3942
23.8657 31.7488
23.8975 30.4108
22.515 31.297
24.4317 29.7932
24.7161 29.8302
28.8343 29.3643
28.9428 29.4157
28.3173 29.0013
26.4279 30.0811
24.4852 30.102
25.8198 30.0925
23.8832 30.3658
19.5375 30.1768
20.7239 31.4429
23.6669 30.2121
19.7939 31.739
19.5217 30.9175
21.1148 30.0449
21.2322 30.1135
20.1425 30.2178
21.5634 30.1265
23.9502 30.7415
24.2037 29.7835
26.29 30.1474
29.2054 29.7774
26.7814 29.4007
27.3157 29.1358
24.6359 29.7948
25.0992 29.247
23.5281 29.9607
23.5296 30.6506
20.4437 30.7414
23.2962 30.7235
23.5966 29.7728
24.7811 29.6616
24.1391 29.9467
24.9376 29.6021
26.2725 29.0634
27.0936 29.6283
28.8899 30.1078
28.0821 29.6378
26.6646 30.8444
22.9646 31.2203
22.4214 31.2167
24.4985 30.8132
25.1698 30.9927
24.4903 30.3269
27.1966 29.5701
23.4612 30.3395
24.8978 30.277
26.2696 29.9396
26.3697 29.2349
25.8536 30.0175
28.3193 29.8521
24.759 30.9315
28.3608 29.904
24.1153 29.2976
28.0463 29.5312
27.2472 30.5291
26.6597 29.0315
27.2455 30.0714
27.7189 29.7937
28.8101 30.1205
26.1221 29.3829
26.4408 28.7155
28.2115 29.7425
28.3064 28.6434
30.6476 28.4778
29.0486 28.3339
28.684 29.116
26.9038 29.695
27.4757 30.014
23.448 30.4861
23.3287 31.2571
24.9318 30.5742
27.1621 30.6398
24.1102 29.463
23.8682 30.5334
24.5481 30.2241
26.7435 30.267
26.4877 29.6352
27.1815 28.4466
22.5926 31.4785
25.4266 29.7905
27.0368 30.4156
28.241 29.1117
30.0331 29.2038
29.5882 28.5507
28.0094 28.8275
25.4404 28.57
27.7378 30.0121
25.2187 30.5481
25.3493 29.5362
21.6152 30.8496
21.3386 30.3933
28.1213 30.0196
25.5212 30.0206
28.2278 29.6228
27.9124 30.3876
27.9335 30.442
26.6256 30.9105
25.9381 29.6377
25.2028 29.2575
24.9861 29.6394
24.4175 30.3676
21.4783 30.7221
21.2171 29.9818
21.3152 30.1109
27.1228 30.4832
27.5053 29.6596
27.888 29.6246
28.5684 29.5133
25.9341 28.4766
25.2994 30.143
23.4492 29.9432
22.132 31.0754
23.0452 30.5656
20.0084 30.0278
24.0318 31.1077
22.1073 30.848
23.3003 29.7673
25.135 30.0647
24.2687 29.9972
23.8948 29.3763
23.6387 29.9636
24.2358 29.6849
23.1382 30.4082
24.4779 28.9598
29.4106 29.9761
29.185 30.5302
26.5837 29.7934
25.4495 29.9828
29.2182 29.4724
27.203 29.7674
28.284 29.5473
29.3653 29.4191
28.3683 28.8725
30.3246 29.8238
28.3143 29.2102
28.8067 28.4571
30.8436 29.2738
29.845 28.9864
30.5103 28.5206
27.8725 29.085
24.6761 30.1884
29.0882 29.602
27.222 29.6224
30.8236 29.6225
27.9202 30.0083
29.6912 29.2045
29.2556 28.7668
28.9344 28.9106
27.7919 28.8447
26.359 30.0699
28.9963 28.8766
27.9098 29.8057
29.1806 29.5199
32.9985 29.7424
29.0101 30.5551
29.0101 29.2281
28.5489 29.5459
26.4814 29.5656
27.8609 30.2813
25.9236 30.3247
25.7043 30.0513
24.1951 30.0108
29.6278 28.409
30.0717 28.3216
27.0245 29.1603
25.3495 29.8322
29.6186 30.1871
24.6211 30.4969
24.756 30.914
28.4258 29.0664
26.1484 29.6659
25.0743 29.6707
21.7655 30.124
26.3572 29.2141
29.5059 29.1657
30.5745 28.312
26.4425 30.4398
25.348 30.7958
23.3182 30.4257
22.0253 30.4758
24.8668 29.7317
24.4462 30.2462
25.7895 29.7011
25.7887 30.0164
27.5516 29.4698
27.4804 29.415
26.7775 29.9116
25.2045 30.1616
24.9859 29.9176
25.036 30.4938
22.6608 29.8532
23.3639 30.6195
23.5419 30.7611
29.8693 30.3737
28.2939 30.2811
29.9296 28.8612
30.3571 27.9153
28.8299 28.6407
28.4601 28.5597
28.9081 29.7637
30.3133 29.7399
26.4212 29.5616
27.2876 29.7131
26.3573 30.5162
25.9331 29.7941
26.0688 30.9779
23.8636 29.3919
26.6712 29.5616
27.5088 28.918
26.6398 29.2411
27.7175 28.7224
26.9426 29.5605
26.538 29.7236
26.4825 30.1493
29.4632 29.8404
27.3141 30.738
27.1847 31.4184
25.7469 30.1895
25.6894 31.1509
28.4075 30.0636
30.8185 29.8672
29.9912 29.9107
22.8865 29.6981
25.1342 30.2824
25.037 29.4805
24.1241 30.0147
28.2069 30.3474
28.5567 29.387
26.1996 29.0198
24.4165 29.5498
22.4267 29.9217
25.4509 30.4399
23.049 30.2203
21.9745 30.9368
26.2997 31.1859
24.7487 30.0029
23.8284 29.9545
27.7807 28.7849
27.5395 29.0952
25.8076 30.7703
29.1399 30.8052
26.5825 29.0661
26.0908 30.1594
26.1533 29.819
28.3644 29.4977
29.122 29.2315
26.3618 30.6765
24.7299 29.5472
27.0221 29.3449
23.6592 29.1173
25.701 29.387
26.1828 28.9508
23.6782 31.0689
24.9777 29.93
25.8338 30.6622
26.6768 29.0742
29.5972 30.0315
27.7297 29.287
28.827 30.0066
31.1008 29.4246
31.3456 29.941
29.3211 30.1806
29.1566 28.9625
29.4032 29.7262
26.072 29.7262
26.0502 29.2722
24.4793 29.3627
22.9684 29.9379
21.649 30.6154
21.2576 30.5788
25.5083 28.363
26.1898 29.6611
26.027 29.3107
23.226 31.3293
22.7177 30.1822
24.7257 30.7032
29.1806 29.9795
26.2176 30.3494
25.4887 29.9767
25.3896 30.2008
23.4418 29.944
23.4243 30.8488
23.3368 31.6062
23.3636 31.4712
23.9399 30.4938
23.117 31.1218
24.0141 30.9139
22.9426 29.7787
22.9989 30.5747
22.8769 29.4447
24.9367 29.9861
27.0781 29.8164
24.6717 29.3871
24.8307 30.9759
25.2098 29.6511
27.6283 29.5423
28.9135 29.4743
29.725 29.9224
25.1182 30.6952
27.1485 30.4568
28.8625 28.8358
30.1137 30.3678
25.5279 29.571
27.6659 29.8566
24.7049 30.723
26.355 30.2866
27.9174 28.9591
26.8072 30.6002
27.3695 29.9274
26.1785 29.9884
26.7391 29.9932
23.2704 29.8672
25.1533 29.3712
20.4414 29.8205
22.5153 29.4776
24.7405 30.3041
26.7252 30.3054
26.3701 30.2208
22.0687 30.5137
23.1902 30.2314
25.2075 30.1703
25.0411 30.0842
24.9986 30.0008
25.6879 30.5182
25.2321 29.4021
23.1846 30.2413
23.6611 30.2365
22.5736 30.3772
27.1698 29.7678
27.4586 28.5175
26.3214 30.1277
27.474 30.1436
27.4071 30.0906
26.5155 30.7671
27.7513 29.8005
27.4865 29.9703
26.982 30.1967
27.5551 29.5929
27.856 30.364
26.5518 29.8894
24.9134 30.0968
22.9616 30.7403
24.7013 30.2578
27.2466 29.4389
27.0556 29.7654
28.9299 29.7088
28.9299 29.704
25.5706 29.9191
25.1321 30.0175
24.9821 29.9978
26.2423 30.1341
29.3193 29.9527
28.5349 30.2628
29.8684 29.8103
29.8801 29.328
29.6587 29.7781
29.0265 28.3623
26.2308 28.6413
25.4302 29.1644
27.3415 29.2962
26.913 30.5059
22.9273 30.7084
27.3966 30.387
27.7176 30.0902
28.737 30.1192
32.6769 29.947
29.0302 29.5335
29.9167 28.6026
27.3896 28.7696
31.2335 29.2093
27.9754 29.9731
25.4154 30.3321
28.5439 29.6888
26.5562 30.1805
25.4861 29.9319
25.8725 29.7116
26.0091 30.8927
25.4687 29.187
24.4278 29.1842
26.8574 28.9643
26.3822 30.1985
27.7147 29.4687
24.9834 29.752
23.6902 29.4301
24.1044 30.0613
23.2291 31.1021
25.468 30.0485
27.2468 29.4537
27.198 29.0532
26.1189 28.9963
22.4088 30.4654
21.6037 29.5471
24.2757 29.2873
23.0957 29.6718
21.9093 30.929
28.2426 28.6575
24.9483 28.3465
24.2122 30.2729
28.7468 28.4596
27.0741 29.708
27.117 30.0763
23.7293 30.0609
23.9806 30.3198
22.9138 30.7563
23.1755 30.0477
24.3614 30.223
27.7659 29.93
29.5861 29.2346
26.9065 30.298
26.6018 30.0769
23.4923 30.9738
25.7037 30.3721
27.1627 29.234
28.7941 29.3825
29.6042 29.3647
28.5507 29.123
31.2457 28.7724
31.5086 29.3318
30.7637 29.3964
27.2916 30.9639
25.7979 30.4677
24.9016 29.8324
26.0571 30.0181
27.0898 29.4969
27.569 29.1922
28.9572 29.6341
28.9572 29.5334
29.37 29.723
28.326 30.2858
23.517 30.0527
20.9349 30.3794
23.693 29.2707
25.3064 29.0063
25.5499 29.6948
25.5564 29.7834
25.9167 29.1144
26.7924 29.9224
25.1174 31.1803
26.708 29.5922
25.6735 29.0957
30.0604 29.8342
27.4377 29.8809
25.2763 30.1615
24.9383 29.7952
24.4095 30.9289
24.6276 30.4131
22.6216 30.4215
27.6802 30.4937
28.4039 29.8414
26.7754 30.2389
25.9641 29.4631
24.8851 31.8124
25.7235 30.6521
26.2824 29.9786
24.0667 30.3929
25.1096 30.3402
26.1373 29.534
24.5687 29.7995
24.7203 29.8739
22.5189 30.426
22.6674 30.6494
23.3371 29.2473
23.4382 30.4913
27.0141 30.6383
26.6497 29.5458
26.128 28.8794
25.5888 29.713
25.5021 29.5062
24.9948 29.7604
25.6341 29.9753
26.854 29.565
27.4664 29.9166
23.5597 31.104
24.783 28.9886
23.5646 31.3519
24.3081 30.1953
22.8946 30.004
23.744 30.0429
27.1718 30.1142
29.4105 29.1185
28.919 30.4014
25.9897 30.4516
24.3805 30.3984
24.9953 30.6688
24.494 29.5087
25.5659 29.6395
27.7135 29.0586
28.6015 29.1744
28.5195 29.0172
28.8557 29.4962
29.5843 29.251
29.3009 29.3352
28.9515 28.6847
29.3915 28.6135
29.3915 29.4036
29.3976 29.7277
26.7749 30.1562
23.3559 30.1361
24.7494 30.1081
28.4948 29.5633
24.8196 29.493
26.5129 29.3811
28.0655 29.484
29.3432 28.878
28.1605 30.9975
27.6453 29.9605
28.9145 29.7931
28.5304 29.3175
27.7808 29.7391
27.4564 29.7706
29.1982 31.1163
25.5822 30.2624
25.6854 30.0457
25.4004 29.965
28.5753 30.1991
27.0244 30.6887
23.5616 30.654
22.9657 29.155
22.0014 30.8033
23.5753 29.767
23.2842 29.8888
24.0494 30.7962
26.6133 30.4459
26.7301 30.7297
25.7639 30.8448
29.0113 31.1052
31.0886 30.6745
28.7518 29.2323
28.4803 28.4917
25.6277 29.6165
25.1063 29.1645
25.0416 30.0589
25.6668 28.9054
25.8559 30.2268
28.2153 30.9486
26.3707 30.3032
24.864 31.0379
24.7438 29.0558
24.6986 30.95
25.1059 30.9544
25.7426 30.7745
27.205 29.4978
25.0874 29.7144
24.3312 29.6508
27.5547 29.7592
26.9292 29.5454
31.2088 28.5266
23.4018 29.9634
26.6809 29.0283
27.6011 29.7568
26.414 29.397
25.3339 29.6724
25.4254 29.7267
25.4264 29.9529
25.1858 29.5577
26.3802 28.2824
27.4037 28.7378
25.7343 30.143
27.2386 29.0203
23.5018 30.6929
24.0541 31.5441
22.8959 31.3023
25.7756 29.1804
28.5273 29.5882
26.4146 30.8317
27.6844 30.3305
30.0683 30.1887
28.9478 30.1798
26.9907 29.1919
29.9829 28.6091
28.6592 29.0982
26.4505 29.2813
25.9202 30.9251
25.7998 29.6684
21.253 31.7062
21.2504 31.0482
22.478 30.5481
23.1836 30.6471
23.3918 30.6153
25.4039 29.6417
26.8418 30.3395
25.5732 28.9858
26.4565 30.1557
25.8695 28.6526
23.4627 30.0254
24.9005 30.1608
26.4976 29.9337
23.3986 30.2646
24.9557 30.3146
26.1907 29.7775
29.378 28.9059
27.0927 29.0933
24.18 30.5324
23.1091 29.3828
21.5984 29.3086
20.7962 30.6686
23.6758 29.4945
22.946 31.0909
22.4873 30.3007
23.5236 31.0181
23.3849 31.0886
24.0283 30.2896
24.6685 30.3972
21.4576 30.3613
22.977 31.3825
21.9091 29.4195
17.1424 31.2055
19.7768 30.3196
18.6392 30.6844
18.7597 31.3009
20.2747 30.4072
19.9331 30.2981
20.3981 30.8663
18.2683 30.0273
21.1912 30.3646
23.5018 29.3483
24.4018 29.7499
24.3594 31.2971
23.2698 29.5772
24.2332 30.5714
26.0328 30.3666
22.6133 31.7882
22.1172 30.9718
26.8895 30.6765
28.5805 29.5361
26.6521 30.4025
27.1445 30.6864
27.9346 27.8825
26.2568 30.2992
28.1593 29.495
29.1452 29.1371
28.7964 29.7369
30.044 29.0991
27.6947 29.7728
23.8163 31.1901
24.233 30.4111
23.2308 30.4502
25.7793 30.9873
26.0944 29.6462
29.3668 29.2992
26.4991 28.8978
25.9578 28.3997
26.9371 29.9842
26.6129 28.4399
28.9367 28.5725
25.9248 29.0555
27.7239 29.0901
26.2873 28.4702
23.7685 28.9418
25.4031 30.6025
25.8433 29.8235
25.0162 30.0108
24.1737 29.7508
24.7509 30.7315
26.8725 30.62
26.2005 29.6338
26.6247 29.5282
27.9977 29.0895
26.3337 30.5867
25.5885 30.402
24.337 29.3983
24.4317 29.4999
24.4317 30.1589
22.5416 30.1269
25.7005 29.212
25.848 29.7574
25.0401 29.6001
27.2927 28.8868
22.7716 30.7698
20.6845 31.0798
22.1719 31.5832
21.2663 31.2281
23.9483 30.107
24.9383 30.101
25.8358 30.1071
25.0079 28.758
27.7016 28.9591
27.3348 29.6594
24.3191 29.9536
24.0683 29.2009
24.2696 29.6737
25.7623 29.3441
26.3376 30.5695
25.7085 29.3244
26.0192 29.5529
25.0343 29.1846
24.1657 29.2982
22.2565 31.1968
24.2136 30.4362
26.3698 30.642
26.1367 30.0057
25.7796 30.0093
25.9829 29.8505
27.7073 29.7436
30.0546 29.4433
29.8346 29.064
32.9767 29.2132
32.3014 29.1643
30.9182 29.3537
30.9182 30.0552
26.8746 29.1117
27.9894 29.7908
26.4893 30.0983
26.1572 29.5232
29.232 28.7686
27.8055 29.4814
26.8844 30.2404
26.4456 30.2748
24.9989 29.7357
26.3325 29.7635
25.6857 30.8244
25.7892 29.44
28.3793 30.3684
29.3785 29.2629
30.7486 27.8024
32.3462 29.3452
30.1151 30.9037
27.9527 31.1126
27.4225 28.769
24.1398 30.1628
22.4883 29.9781
21.5592 30.8161
23.3853 31.261
25.0748 30.0779
30.0101 30.0251
30.5314 28.8951
29.357 29.949
26.6096 29.4505
28.6359 29.5838
26.429 30.4773
25.0529 30.5616
27.3187 29.7789
28.761 30.2397
25.9548 29.6158
25.618 29.5355
24.8258 31.2748
25.0873 30.2689
24.3577 30.3447
25.4597 29.9348
27.7001 29.8156
24.0949 30.7867
23.0506 28.7186
19.9055 31.3189
22.5884 30.4976
20.7429 29.5701
21.526 30.1809
25.2753 30.3742
26.6079 29.8222
27.1041 29.7837
29.1554 28.8574
26.7971 30.7133
27.1363 29.9855
27.2599 29.6156
28.8178 29.6043
30.2364 28.9603
24.9795 30.5691
23.6321 29.9082
27.626 30.0618
26.2597 30.9253
27.1708 30.7757
26.3389 30.9914
24.0818 29.9521
25.7572 29.9555
29.6963 30.5263
26.537 30.4139
26.537 30.4923
25.3773 29.3476
24.345 30.0262
24.7384 30.1685
25.117 30.356
25.1697 30.0677
23.845 29.6809
24.9521 29.4616
23.5652 30.2483
23.734 30.5092
22.0325 30.0838
23.1896 31.0672
21.5782 31.5104
23.7442 29.9254
22.0926 30.3602
25.8163 31.8608
22.1612 30.7182
20.2632 31.401
22.3038 29.5978
24.4115 30.4087
27.9988 30.7605
28.7483 30.3059
27.3998 30.5303
25.969 30.3537
25.4846 29.5952
26.3369 31.299
27.9602 30.2269
23.4249 30.7513
21.9632 30.1304
22.2266 30.5511
23.9065 29.8953
24.8265 30.1162
29.1468 30.1169
27.0212 29.6806
25.1924 29.9686
24.076 31.0466
27.0154 30.4343
26.7016 30.4601
30.1379 27.5085
30.0032 29.1433
25.6127 29.2093
24.9333 30.341
27.4236 30.4339
28.4877 29.4728
28.4258 30.196
28.1184 28.2927
27.9747 29.0269
27.9305 28.4325
28.1472 29.0813
27.6912 29.8472
29.3491 29.9357
32.5253 29.5868
32.5253 29.8289
30.6413 28.7071
30.2353 29.104
29.8113 29.8599
32.1939 29.7417
28.2013 29.4087
27.6371 29.2882
27.0092 29.6225
26.1808 29.8226
26.557 29.8621
25.6841 30.2555
22.987 31.1799
22.4222 30.3907
26.7953 30.2579
24.4462 31.2318
25.1019 29.1794
23.7623 29.8725
24.6541 30.6127
24.8086 29.8538
26.8443 30.0456
30.843 30.1213
28.3691 30.176
27.8221 30.0977
27.7177 29.7039
27.6459 30.1414
26.4889 30.6309
25.5714 30.0318
26.0158 31.2767
25.8793 29.0787
23.6934 30.2083
24.1197 31.1803
23.5702 30.2969
25.7601 29.8323
24.478 29.486
25.0903 30.6778
24.722 29.2101
25.7583 29.7481
26.5204 29.9514
28.6398 28.924
22.2024 29.8264
25.3134 30.9771
25.2857 30.2956
25.5872 30.3938
24.8878 30.4862
24.5688 29.8691
22.577 30.6871
24.2094 29.3213
26.8824 29.5757
25.0645 28.8246
21.8585 30.8011
26.0129 31.0267
23.5023 30.9866
22.023 30.8405
20.2075 30.6773
27.9878 30.5748
25.299 30.5164
27.5565 30.5088
24.719 30.1606
24.909 29.8161
24.4452 30.6416
25.3768 30.1015
24.1188 30.6656
26.5931 29.8203
27.8566 29.3493
27.1699 29.2133
29.757 29.1873
27.3594 30.1527
29.8648 28.8768
26.7947 28.9921
26.449 29.466
28.2019 29.621
26.2548 29.1259
26.8054 29.2733
27.5325 29.3713
26.1344 30.8287
23.4395 30.3719
25.4522 29.8436
25.6677 30.3975
23.6632 30.3172
23.2572 30.4006
25.2363 30.3928
24.2389 29.99
28.737 29.1932
25.6628 28.6567
23.8821 31.3471
23.2387 30.4984
26.4128 29.8385
25.8515 29.9654
25.6109 29.9612
28.0238 29.3035
25.4532 30.168
25.9538 29.2833
25.5066 29.0318
26.6305 29.0291
28.7604 28.967
26.3515 29.106
24.4898 30.5958
23.1685 30.0485
27.3286 30.2433
26.3614 30.3916
26.5697 30.4834
25.0415 30.5204
25.1486 29.544
26.6817 29.9435
29.4986 29.8724
28.5071 28.5137
28.2544 30.5066
24.9677 30.1488
27.1158 29.5605
25.5231 31.1314
26.6536 30.322
23.867 30.323
21.7302 30.695
23.6298 30.3587
22.7949 29.4304
25.5252 29.8207
27.7208 30.0459
27.8041 29.6303
27.5169 29.436
25.6195 29.7952
26.3061 29.8965
24.9802 30.1788
27.7756 30.2125
24.8712 30.2377
25.8374 29.0251
27.9482 29.4142
26.6695 29.6375
27.0699 28.3545
27.3557 29.2289
27.4111 29.2285
27.2724 30.3318
27.8753 29.2607
25.7033 29.764
25.5383 29.3201
27.4749 29.6658
28.8945 29.3862
29.1015 29.0257
27.7113 29.2072
27.9954 29.1532
26.977 30.856
29.6489 29.9078
26.703 29.9724
25.9183 30.1182
28.6448 29.7928
24.988 29.7033
23.6695 31.2427
29.0415 30.773
26.3196 29.4078
27.5936 29.1901
25.2655 29.4945
24.2867 28.5258
26.0982 30.2978
25.679 30.9022
25.0743 29.6713
26.3504 30.5862
26.3373 30.5179
23.6718 30.029
24.4635 29.8304
24.4463 29.6424
24.5463 30.097
24.2353 30.2187
24.1181 30.6805
23.8494 31.2266
23.97 30.2174
23.3475 29.3078
24.7396 31.0158
25.0619 29.6769
26.2792 29.6858
27.0987 30.3206
26.2839 30.7951
26.1245 30.5493
26.2366 30.6456
23.8836 30.6366
22.555 30.1123
23.953 29.9168
23.0303 30.2215
25.9488 30.558
26.3838 29.7785
25.295 31.2448
25.073 30.4797
25.7701 30.1433
27.2679 30.4997
27.9219 30.7588
27.2254 30.4653
28.2985 29.7663
29.407 29.303
28.618 29.6341
27.4911 30.5776
28.5369 30.2623
27.0601 29.9406
25.5895 31.2968
31.8234 28.6912
29.3555 28.75
24.2777 31.3122
23.7824 30.4987
22.8337 31.3723
26.272 30.6764
23.9973 30.8819
25.3832 29.7101
23.9778 29.7414
24.989 29.83
25.1168 29.2269
25.1268 29.532
24.5057 29.9222
24.6869 30.6499
26.1705 30.9462
25.372 29.8962
21.0788 29.9355
24.078 29.9029
23.7277 29.519
24.8169 30.2496
25.065 30.2076
23.2352 29.7647
23.1686 29.5777
23.6199 30.3063
22.7741 30.4231
24.2149 30.6337
26.3252 29.8689
24.4199 31.1805
25.6363 29.684
26.0414 30.9071
23.5719 30.8779
27.5819 30.843
26.2942 30.2121
25.9024 30.214
28.9023 29.2977
28.6218 29.8425
24.2771 30.6286
24.7615 30.4217
27.5374 30.0775
28.501 30.216
28.9194 29.8121
29.6049 29.2733
25.2173 31.2398
25.8979 31.0913
26.1441 29.9656
27.9547 30.478
27.5724 30.1339
28.7887 29.9655
32.0085 28.9257
27.8039 29.9224
29.4395 28.2471
29.2339 29.5637
28.43 28.696
30.3839 28.696
31.2801 29.0285
28.5673 29.4874
26.6364 30.6672
22.1839 30.3037
25.3241 29.6246
24.7241 29.6596
24.5556 29.8437
25.3789 30.9338
26.2641 30.1264
25.0323 30.094
26.5132 29.3822
27.4289 29.3398
26.1137 30.9914
25.2871 30.3948
26.334 29.9918
27.5129 30.1622
25.9189 29.7059
25.6144 30.7329
25.8931 30.7471
25.4784 30.1888
24.2444 29.6203
24.1221 29.8122
23.9717 31.0134
23.8903 30.2969
24.1934 30.314
25.403 30.2507
25.2805 32.1955
27.8605 30.3629
24.8712 29.8543
24.8552 29.7244
24.8231 30.1541
27.319 29.722
26.0373 30.2027
25.7491 30.0964
28.3023 28.9571
27.1664 28.7692
27.669 30.1533
25.7933 30.4086
25.7925 29.763
23.8467 31.7477
24.8059 31.6929
25.2139 31.5542
22.7788 30.3525
24.189 30.2024
24.9106 29.633
25.684 30.5672
25.0712 30.499
23.3304 29.4742
25.0083 29.492
25.0083 30.1315
20.1511 30.3928
25.6528 30.3474
25.216 29.7218
21.8527 30.1715
22.3539 30.7587
18.4842 30.1768
19.3773 30.635
17.015 31.4811
21.1598 30.7136
21.7185 31.1326
20.636 30.3502
20.2817 30.1626
29.6091 29.8459
33.3721 28.8757
30.2651 29.3312
30.927 29.0091
31.2209 29.4329
29.1126 28.4595
29.2181 29.3515
27.2139 29.7951
25.9875 29.8465
26.1119 30.0281
27.4593 29.0607
27.4952 29.8537
25.5237 30.2735
25.4522 29.2681
26.4929 30.3084
25.6946 29.9628
26.91 30.1431
26.0233 29.754
26.6249 29.8108
27.1494 29.5068
26.2233 29.7153
24.4302 28.9222
25.739 30.0598
26.1696 29.6309
26.4932 29.4839
25.4872 29.7003
26.5976 29.3454
27.5855 29.3133
22.8504 30.2962
21.6259 30.9525
21.3691 30.634
20.04 31.1187
22.1271 29.0654
23.2909 29.536
25.3457 29.3625
25.366 28.9893
26.3597 29.6221
26.4215 29.3257
27.7882 29.2812
29.491 28.5333
30.2527 28.8823
26.9506 29.6818
25.7152 29.7646
25.4284 30.4163
28.1497 29.6086
29.2757 29.0282
29.8205 28.7773
29.8735 30.2619
26.767 29.723
27.1579 29.7024
24.0014 30.4177
24.4784 31.7677
25.2838 31.5069
26.0569 30.2185
25.1868 29.5795
25.7667 30.5516
28.2231 30.9189
25.2596 30.4021
26.681 30.0017
25.2279 30.2697
24.1407 30.4539
25.4662 30.3932
26.7639 29.8737
22.6907 29.7334
24.4588 30.6485
25.5336 29.8555
25.1589 30.4617
25.2707 29.2471
24.7803 28.8737
28.1399 29.3051
26.7101 29.2854
26.1935 29.7723
26.7455 30.0161
25.5404 29.2828
25.9794 29.7172
26.6261 29.9379
25.4558 29.3077
25.7464 31.1452
28.9185 30.1876
29.1682 28.9033
28.1233 30.8928
26.5973 29.6364
26.566 29.0788
26.0227 30.4367
26.9172 30.4543
26.4923 28.8075
25.0442 29.484
26.6871 29.576
27.9617 30.2113
27.9828 29.8468
27.7103 29.7042
26.8759 29.804
27.5927 28.9169
28.214 29.5593
28.782 29.0849
27.3403 30.271
26.5548 30.0618
30.0587 28.5436
28.7363 29.2093
31.0629 28.924
28.6177 29.6635
26.2113 30.0308
28.4386 29.2886
25.6272 29.5624
24.7024 30.6792
23.8441 30.3172
23.9714 30.4662
24.5215 30.7709
25.1101 30.1318
27.4205 29.1396
28.3918 28.7857
29.0872 29.2238
25.7003 28.957
26.5343 29.309
25.2207 30
25.5981 30.4014
24.1361 30.6076
25.6148 29.4628
28.0372 29.8117
27.8101 30.8993
27.0888 30.5526
27.8346 30.5579
24.5415 29.8028
27.1218 29.4101
24.3014 29.6846
24.5935 29.9458
26.8616 29.2174
26.3179 29.3789
23.1216 30.0676
24.4873 30.9243
26.3969 28.8135
25.2237 28.5208
25.5156 29.704
25.7457 30.3222
26.6956 29.8869
25.972 30.1844
26.7377 29.8125
27.3092 30.1881
28.145 29.3606
26.9411 30.051
27.9839 30.0981
25.6244 30.4784
25.0144 30.5438
25.6897 30.3095
27.9935 30.1883
26.614 29.8834
28.4377 29.371
28.2926 30.2449
30.0089 31.41
32.0642 28.8793
32.9432 28.8449
30.2096 29.015
29.6767 29.6161
30.3283 29.5727
29.9358 30.2852
29.5434 30.3982
26.314 30.2729
25.4052 30.486
25.1072 30.8113
25.2444 29.9281
24.4703 31.3179
23.9366 31.5495
24.2664 30.6926
27.1925 30.4129
24.651 30.7582
28.4402 29.3336
24.8511 30.3448
29.8846 29.505
28.6372 29.6161
30.6577 27.8865
28.4584 29.4422
27.1963 29.6309
29.0199 29.6157
26.5875 29.9737
27.073 29.3597
25.5289 29.8977
23.9999 30.326
25.7553 29.7967
23.7351 30.8336
26.8395 29.5451
24.8968 29.1851
25.0718 30.0134
26.8506 29.6299
26.2798 29.661
24.5674 30.0271
22.0538 29.8569
25.4039 29.5835
20.8512 31.3556
21.6748 30.7478
26.288 29.9779
24.4651 29.9872
22.352 30.2901
22.8894 29.8728
24.2646 30.3368
22.9196 29.7335
24.0946 30.2106
23.9156 30.3637
23.3951 30.5305
22.0112 30.1022
20.5597 31.4436
23.2728 30.0543
23.4782 30.2474
24.8676 29.5072
26.6903 31.3724
28.3268 29.9748
29.0703 28.1592
29.0883 28.6686
26.4834 30.3709
27.03 29.9625
26.0078 29.6014
26.9406 28.904
25.7341 29.4248
24.0674 29.4027
21.6726 30.934
23.5676 29.8401
23.4641 30.2479
25.2357 30.4173
24.1337 30.5416
24.7865 29.4674
24.8779 31.1696
24.0404 30.337
24.9708 29.9008
26.6223 30.0325
24.64 29.3476
25.0508 30.0456
24.5756 31.4656
25.2066 30.3195
24.1518 30.7916
22.8191 29.4296
25.3016 29.8149
25.6932 29.6281
24.9811 30.2348
25.0187 30.1428
26.2287 30.1511
28.7129 29.2884
26.595 29.7474
27.5689 29.5751
25.187 29.8715
26.8379 30.0529
26.8672 29.2605
27.2506 30.1238
26.2354 31.3946
26.9965 30.1506
28.4262 28.6878
27.371 28.6974
27.4495 29.3194
26.6362 31.0053
27.0305 29.8139
26.3459 29.5739
26.0181 29.8845
23.7523 29.271
22.9844 30.5421
24.0092 30.6608
25.9063 29.2981
26.9388 30.2454
27.7325 29.8305
26.1415 29.3648
24.9362 30.2886
24.9362 29.9793
28.0784 29.5883
25.2334 30.0837
26.5976 29.6346
26.5954 29.8484
26.6488 29.8948
24.7403 29.4949
26.6471 29.32
24.7689 29.8063
26.567 28.7004
23.9647 29.003
25.2181 30.7316
24.0083 30.3783
27.4523 30.4481
27.2876 29.9135
28.3642 29.4282
25.4453 30.0514
24.6996 30.008
24.3385 29.7407
25.4787 30.2542
26.4132 29.3894
25.7338 29.7567
25.2652 30.7083
24.0534 30.842
21.9455 31.3226
25.9759 29.1444
25.8451 29.4947
22.3774 29.7335
25.1603 30.1602
25.3308 28.9468
25.291 29.8283
25.3849 30.1008
25.2159 29.7136
25.3907 30.4746
22.2111 30.3723
24.7409 30.6647
27.0859 30.8737
23.7793 30.2504
23.3531 30.4092
24.182 29.2569
23.0071 29.2607
25.1402 29.6718
28.1975 29.8726
25.5544 30.5877
24.8088 30.3202
26.6628 29.3126
24.1776 29.6002
24.495 29.7923
23.5833 29.8265
26.5847 29.471
28.9631 29.5764
24.9208 30.5124
24.2937 29.6241
26.857 30.1204
27.7342 29.0949
26.4824 30.0571
26.435 28.7653
25.4893 30.0104
24.6855 30.1411
27.8136 29.1686
28.8362 29.4624
28.8022 30.4669
28.1385 29.6371
29.4004 29.8089
31.8233 29.4679
28.0518 29.7897
26.1146 29.9278
22.5057 29.9522
25.1208 29.8598
30.2206 28.7601
26.3876 29.1503
25.842 29.7565
26.6655 30.5219
26.3058 30.9152
26.4424 30.4857
25.2864 29.0182
27.5691 28.447
27.0859 29.6704
28.1667 29.9748
30.3551 29.8861
29.2736 29.6015
23.1919 30.1225
22.4775 30.9044
24.6006 29.9314
27.367 30.4303
30.3134 29.2721
28.8305 29.3777
28.9174 28.9714
31.0351 28.8977
26.6267 29.6553
27.9301 30.1174
32.1774 29.0172
28.4132 29.8306
28.887 29.919
31.6206 30.0912
29.1729 30.4633
