88.006 30.1363
87.4537 30.1157
85.8452 30.2652
88.4199 30.3007
85.577 30.0946
84.2725 30.5449
84.2975 30.3307
84.0204 30.0535
85.6928 30.4055
81.929 30.4063
84.6062 30.1964
86.0027 30.3506
84.9643 30.3787
83.7721 30.5396
83.388 30.3166
81.6434 30.3386
84.9346 30.2216
84.46 30.5596
86.4338 30.1958
85.333 30.5966
85.7494 30.3086
82.5855 30.0602
81.8149 30.4084
81.4659 30.1938
81.2837 30.2729
84.7094 30.1198
85.7879 30.1893
85.3974 30.8596
86.9823 30.0695
86.9232 30.0927
86.5281 29.8496
83.7188 29.8305
83.7419 30.5117
83.2001 30.2229
85.8171 30.3928
87.6984 30.4362
85.5638 30.3387
86.8267 30.29
86.1547 30.1263
86.1443 30.3565
82.0011 30.1909
85.2683 30.3545
84.8394 30.5817
86.721 30.6176
85.9721 30.2527
87.6502 30.2147
88.1928 30.1825
91.4314 30.0901
86.2437 29.9925
88.6444 30.2634
87.9571 30.4251
87.3615 30.2041
87.6101 30.256
86.5217 30.1744
86.0404 29.9206
83.881 30.7326
83.8215 30.5551
84.371 30.2168
84.371 30.4781
85.5143 30.3409
86.1011 30.2348
86.9661 30.0949
86.5356 30.5012
85.9331 30.5026
86.6798 30.0787
87.1133 30.4061
86.9075 30.2009
84.2221 30.4078
82.4401 30.5417
82.6294 30.494
86.0026 30.1283
87.1624 30.0273
86.4405 30.0029
88.0378 30.0814
87.3947 30.4537
88.9538 29.9403
86.9548 30.1015
86.6573 30.1248
86.575 30.2353
86.5824 30.3355
86.6242 30.3225
85.3478 30.2782
85.4291 30.2314
84.862 30.4927
84.5888 30.5597
84.1883 30.1883
83.5007 30.3743
84.6956 30.3776
82.9609 30.4075
86.4089 30.4276
85.726 30.3819
82.5467 30.1609
86.3674 30.2945
84.8052 30.4327
82.127 30.4866
86.277 30.3662
82.6152 30.4252
82.6834 30.222
86.0049 29.7995
85.8249 30.3859
86.1492 29.8376
85.6241 30.4159
85.2501 30.1891
85.1685 30.8239
86.3944 30.5029
86.5293 30.2085
84.3876 30.5988
82.7642 30.0688
83.378 30.427
84.1284 30.4569
87.1043 30.4408
86.1465 30.4829
86.9815 30.4787
86.4547 30.206
83.1587 30.5385
81.1521 30.4047
83.1034 30.1294
83.0199 30.4789
84.9831 30.2041
84.3252 30.2134
85.6005 30.2294
86.4093 30.1756
85.3796 30.0793
85.9982 30.3922
85.8654 30.4182
84.2382 30.3651
86.302 30.2629
84.4957 30.2406
88.5298 30.2426
89.2363 30.5126
83.74 30.2412
85.5405 30.0634
85.5001 30.573
83.4404 30.429
84.508 30.4541
85.2318 30.3718
81.601 31.0246
86.4271 30.0422
86.0346 30.389
87.0775 30.1362
87.0522 30.2541
86.6645 29.962
89.4754 30.1153
87.5268 30.0299
84.8981 30.3754
83.9866 30.4414
84.4339 30.3076
85.8991 30.307
85.9058 30.298
84.5811 30.3616
83.9796 30.2722
85.0892 30.3418
84.5777 30.6662
83.6574 30.0885
83.4477 30.4834
84.0548 30.5008
85.4328 29.9765
84.8327 30.2214
88.3794 30.2453
86.6882 30.1109
80.7608 30.0262
85.5996 30.5987
86.6641 30.1177
85.3665 30.4131
86.3497 30.2613
85.8866 30.1824
84.4112 30.2491
85.2723 30.4831
84.5486 30.3157
84.6639 30.4052
83.0574 30.5245
83.176 30.3185
82.686 30.4819
83.6372 30.1952
83.5325 30.5255
85.0599 30.5623
86.7905 30.2712
86.4361 30.1953
85.6227 30.3854
85.0936 30.4308
87.5258 30.2331
88.1429 30.1322
88.8804 30.5057
88.6623 29.9781
84.6224 30.2545
86.1514 30.0792
83.6252 30.4313
83.4723 30.2705
85.6575 30.3902
82.2242 30.4821
83.2727 30.3748
80.7029 30.4954
88.3669 30.3517
87.5903 29.8047
86.3451 30.3218
88.5622 30.3879
88.3863 30.3188
88.0363 30.3458
87.6855 30.1741
88.1836 30.2748
87.3742 30.1729
87.1864 30.0795
87.7801 30.2199
86.8063 30.195
83.6792 30.0387
86.6382 30.3078
84.9468 30.3585
84.0669 30.5851
82.2638 30.18
83.0865 30.0342
82.0675 30.6375
85.297 30.6199
85.8586 30.364
87.8831 30.0274
87.0189 29.975
83.0174 30.1358
84.5195 30.4859
84.2647 30.3204
86.7648 29.8547
84.3363 30.1548
83.2819 30.3202
86.2827 30.2055
86.6698 30.3752
85.934 30.3289
85.5802 30.0387
88.0911 30.3119
88.0233 30.2664
87.0302 30.1495
85.7214 30.7688
87.0762 29.9525
86.712 30.3086
86.3258 30.135
85.5555 30.2594
87.2323 30.3957
84.1466 30.0531
85.3203 29.7809
85.4107 30.4304
84.3087 30.1173
85.6124 30.2741
85.3412 30.59
83.9856 30.4178
83.4171 30.4048
86.281 29.8807
86.4595 29.7841
85.0307 30.4859
89.3705 30.2964
85.5241 30.0931
86.135 30.4326
87.9698 30.642
84.0881 30.3628
86.2524 30.2002
85.9529 30.2591
85.849 29.9813
85.4583 30.3436
86.0019 30.3702
84.2335 30.3741
84.4185 30.4498
83.0356 30.33
83.6509 30.345
84.8861 30.3102
85.8318 29.9928
86.0936 29.8703
83.6123 30.0685
85.0941 30.4447
86.0615 30.4843
87.5361 30.3042
86.2771 30.4082
88.7198 30.5173
83.4547 30.4625
84.8964 30.5096
84.1002 30.5834
79.4655 30.8749
84.4491 30.2521
84.5443 30.4174
85.7577 30.1888
84.087 30.1874
84.4697 30.5262
84.0893 30.187
83.7393 29.9215
87.1405 30.043
86.4155 30.1952
85.7756 30.1917
88.38 30.0798
87.9103 30.1798
86.2229 30.0314
83.146 30.3848
82.273 30.1307
84.7421 30.4274
82.564 30.4382
86.902 30.4668
84.443 30.1506
85.3456 30.0413
84.6474 30.1931
85.951 30.577
82.1637 30.2301
82.2805 30.2587
84.2415 30.21
83.0606 29.9387
84.4091 30.4312
84.1304 29.9712
83.1484 30.376
83.6293 30.0286
83.0996 30.4732
89.0427 30.4444
83.3183 29.9627
84.0547 30.3886
82.6811 30.3439
85.8434 30.2811
83.9646 30.2884
84.7001 30.0648
81.6359 30.3486
81.6336 30.2525
82.3557 30.4684
84.4953 30.1672
83.3047 30.3709
84.9339 30.1582
85.7874 30.0697
86.9093 30.1228
86.098 30.5869
83.73 30.2963
85.2084 30.3507
81.9062 30.1717
81.2702 30.3216
83.9447 30.4179
85.4158 30.1857
86.5015 30.2616
88.127 30.0321
86.1306 30.3916
88.7136 30.5535
84.35 30.0483
83.384 30.2175
82.9491 29.9489
86.499 30.0682
86.5554 30.0872
83.1212 30.3816
82.7158 30.6045
82.9551 30.5008
85.4267 29.9582
83.392 30.3315
84.167 30.5333
83.4261 30.1734
84.6249 29.9524
83.2221 30.179
82.5996 30.502
82.8639 30.0505
86.1 30.1947
84.9 30.1088
85.8432 30.3423
85.6634 30.483
83.7176 30.4846
83.9061 30.1742
82.6667 30.4034
82.6246 30.7024
82.7511 30.3691
83.882 30.2086
82.7614 30.3134
83.7399 30.505
86.4439 30.1395
85.8639 30.2995
86.5261 30.6818
86.5437 30.0686
85.6149 30.2375
84.4765 30.4796
86.1602 30.2951
88.0751 30.461
86.9438 30.3608
84.9591 30.3174
82.2158 30.471
85.5053 30.4314
83.1583 30.3792
86.387 30.4539
86.3436 30.4705
86.2096 30.4251
86.1866 29.8963
83.8931 30.2575
82.2756 30.4482
84.6531 30.1705
86.6127 30.4524
86.4784 30.5706
83.7026 30.119
87.3157 30.349
86.5979 30.389
84.5679 30.3882
86.2235 30.5487
85.4621 30.3317
85.7728 30.3529
85.5884 30.6153
83.6034 30.4509
82.3124 29.9414
82.4102 30.1572
81.9983 30.524
80.3888 30.3054
82.7928 30.3557
84.139 30.3395
84.3267 30.3755
84.8443 30.067
85.0076 30.1015
86.8051 30.1152
86.9615 30.1451
82.9426 29.9875
81.6358 30.8969
83.1768 30.3858
85.0199 30.4026
86.4028 30.3907
86.3664 30.4553
83.9303 30.0794
85.6691 30.5282
86.4409 30.4245
82.0698 30.3741
84.0139 30.393
83.8136 30.4168
83.042 30.3987
82.345 30.3288
82.6692 30.4304
80.895 30.2151
85.5425 30.661
85.4465 30.6247
87.9003 30.5812
82.9448 30.1672
84.1148 30.3822
84.1148 30.6307
83.1211 30.388
85.0562 30.0332
84.5916 30.0191
82.7284 29.9029
85.6805 30.2805
83.5092 30.3284
81.8767 30.4248
86.159 30.2335
88.3817 30.366
86.4449 30.3514
87.569 30.1775
86.5123 30.5311
90.013 30.0305
90.7511 30.003
90.3228 30.6422
90.6356 30.4484
90.656 30.1425
89.5635 30.1957
87.9087 30.4394
88.8126 30.3571
84.9427 30.2746
82.9415 30.538
84.4964 30.432
83.4712 30.3246
83.8483 30.2651
84.3536 30.115
85.77 30.2154
85.8823 30.1189
87.942 30.1508
83.7184 30.3265
83.7522 30.4328
83.3975 30.3827
83.556 30.2464
84.2799 30.1478
84.3992 30.3495
84.6199 30.415
84.4079 30.0872
83.9475 30.2162
83.9288 30.1725
82.1505 30.2087
81.9809 30.1865
81.5255 30.3588
83.8917 30.2231
85.2451 30.3194
84.3106 30.1244
81.8865 29.9327
83.6391 30.4861
84.0519 30.5342
85.0917 30.0178
85.7992 30.6657
85.7866 30.1479
86.2621 30.2484
85.311 30.0568
83.3495 30.2656
83.0349 30.5668
81.5275 30.5123
85.1169 30.4006
84.6224 30.185
85.033 29.9637
85.5239 29.9896
85.5778 29.9525
85.3532 30.2717
85.4411 30.2416
84.0209 30.1135
83.0316 30.5895
83.9754 30.1816
83.5169 29.9951
83.4618 30.4553
83.9622 30.4013
86.6878 30.2206
84.7219 31.1516
85.9845 30.0771
82.2041 30.2619
81.2322 30.2562
84.6626 30.3839
82.0686 30.039
83.9059 30.2428
85.0303 30.4406
84.8746 30.1311
87.9975 30.2522
86.6262 30.1743
86.5742 30.3605
84.5963 30.1327
82.8893 30.0522
83.9162 30.0522
84.9758 30.5321
86.6846 30.3151
88.2129 30.0833
88.3911 30.08
87.7635 29.998
88.4362 30.3441
88.9756 29.9784
86.98 30.1325
84.5739 30.2308
85.2245 30.1982
84.5037 30.7635
86.4171 30.1804
86.4171 29.8139
84.6294 30.5582
84.3392 30.5993
83.0494 30.3972
81.9762 30.2257
83.0573 30.3385
82.4338 30.1731
86.9333 30.1163
89.2834 30.3356
87.3932 30.352
87.8194 30.4069
81.9499 30.1638
83.3872 30.3519
85.0029 30.548
85.5766 30.5195
87.0078 30.215
86.2802 30.4091
82.067 30.2951
81.398 30.4522
81.3416 30.2393
82.4502 30.1481
82.7135 30.2159
82.703 30.5839
82.7259 30.2591
82.7336 30.6097
82.7581 30.5732
82.765 30.5945
83.8781 30.5912
84.6548 30.043
86.6632 30.4328
84.5882 30.2239
85.3723 30.2362
86.9741 30.2977
86.5682 30.3701
87.563 30.256
85.9948 30.0761
85.1656 30.2991
83.8185 30.4582
84.3216 30.4361
85.3649 30.3292
83.2895 30.4974
82.6795 30.458
84.4319 29.7976
83.6134 30.5869
84.4584 30.2534
83.1865 30.4032
84.5555 30.3864
84.5077 30.3622
83.7847 30.307
85.7702 30.1805
86.7015 30.1539
87.7086 30.5521
85.2239 30.4243
84.883 30.2328
86.6735 30.3137
89.0817 30.0227
83.6422 30.7453
86.4701 30.2358
85.4956 30.57
87.8847 30.2563
86.7964 29.9595
87.3629 29.8832
86.9647 30.1859
86.8639 30.2927
86.0243 30.3308
87.6171 30.2002
87.7882 30.1649
85.36 29.9239
85.0355 30.1812
85.7564 30.569
86.0398 30.504
86.4594 30.6134
84.7386 30.1939
86.0903 30.1148
82.2592 30.4232
85.7383 30.2894
87.3068 30.2152
86.6081 30.3308
84.8581 30.2301
83.9118 30.0828
83.3453 30.4389
84.208 30.3055
86.1067 30.2306
85.7895 29.9836
88.9187 30.2119
85.4536 30.09
84.6776 29.9405
84.316 30.2962
82.5826 30.3235
84.2989 30.2345
85.773 30.3076
86.4142 30.2628
86.0124 30.5337
85.9911 30.3643
84.1645 30.286
83.026 30.3035
82.8975 29.9231
83.0756 29.9306
86.5677 30.4742
87.2774 30.2704
87.115 30.2183
86.4025 30.0738
85.6639 30.155
87.3716 29.9417
86.5688 30.1309
87.1972 30.629
86.7304 30.4812
85.9781 30.4467
88.1666 30.1223
86.1073 30.1423
83.4938 30.4262
82.973 30.3409
81.603 30.1873
83.389 30.1509
83.1791 30.6212
83.7952 30.4513
82.778 30.2205
83.0901 30.3276
84.9977 30.2007
84.2186 30.3613
85.1156 29.9393
84.8983 30.365
85.0132 30.2859
86.1944 30.3812
87.1951 30.3848
87.0053 30.2664
85.5821 30.4069
87.8213 30.7632
89.0906 30.386
88.431 30.4405
86.7252 30.0829
89.6264 30.318
86.9608 30.0944
89.6991 30.2762
87.2145 30.2795
84.4065 30.2396
86.0647 30.2782
86.1256 30.3239
86.3611 30.2814
84.7682 30.3338
83.0389 30.6627
85.8985 30.2594
83.0258 30.3047
82.7362 30.2152
85.602 30.5292
85.6122 30.347
87.4242 30.1755
89.3648 30.2412
83.8102 30.1559
84.8809 30.3093
84.7705 30.2751
84.8794 30.3457
88.1777 30.3946
81.6917 30.4568
86.2893 30.2024
86.0227 30.4052
82.0954 30.3429
83.5329 30.4949
82.8449 29.9831
86.9821 30.0468
84.7076 30.0218
85.7774 30.032
85.998 30.6467
83.4864 30.4983
85.2865 30.2902
85.3865 30.0968
82.8022 30.1752
86.758 30.314
89.349 30.5008
86.2863 30.5173
85.4484 30.3056
88.604 30.0504
87.9253 29.888
88.0789 29.9941
88.1267 30.4254
86.2783 30.1005
82.8713 30.4043
83.0112 30.2959
85.0925 30.6073
86.4239 30.375
84.6595 30.3075
85.644 30.6166
84.8497 30.4168
83.4232 30.2146
81.6027 30.5027
81.7245 30.3974
79.3683 29.9983
81.4577 30.2608
80.398 30.3735
84.6513 30.4819
85.0267 30.3442
87.4642 30.5593
80.4546 30.5492
85.6755 30.567
85.1177 30.2001
86.1211 29.8988
85.8912 30.3498
85.058 30.0976
84.5424 30.4621
83.7063 30.3371
85.1241 30.2485
84.9938 30.2069
82.5077 30.4939
83.4114 30.305
83.6447 30.1693
84.7016 30.2698
84.1938 30.1514
85.0431 30.1098
87.1728 30.312
87.3878 30.1098
90.1286 30.521
87.2909 30.4985
87.5393 30.1949
85.1777 30.2238
86.1821 29.8157
84.8117 30.4247
83.8375 30.2695
83.8358 30.4112
86.1029 30.3801
87.5143 30.1619
86.5934 30.3606
88.0798 30.3778
85.2097 30.2781
83.2396 30.0511
82.5057 30.5034
82.5057 30.4757
83.5097 29.9039
84.7406 30.217
86.7347 30.0746
89.1276 30.243
89.5966 30.2064
83.2585 30.287
84.6048 30.2922
83.4148 30.4457
83.9737 30.3688
85.9761 30.2814
86.7898 30.2798
89.9007 30.2698
91.0671 30.2993
85.7737 30.7384
86.1497 30.4514
83.037 30.3224
83.1781 29.9031
83.0941 30.4492
83.268 30.4646
84.5312 30.4108
86.2784 30.5248
84.5273 30.5276
86.6813 30.5067
86.2006 30.649
86.0507 30.6098
86.6285 30.2946
83.2149 30.5035
83.6113 29.8052
84.1289 30.2538
84.2495 30.5353
83.5516 30.3308
83.061 29.9759
84.0526 30.2205
84.9292 30.4275
84.4868 30.34
84.0575 30.3864
85.4093 30.3481
85.6501 30.1319
83.9961 30.1165
85.4734 30.1997
85.6545 30.2364
85.1412 30.2356
85.0228 30.2629
84.4076 30.5798
85.8565 30.3936
85.6754 30.4052
85.7847 30.2139
83.818 30.1641
83.249 30.5336
84.5209 30.5864
83.5496 30.5346
82.2707 30.2945
82.9509 30.3234
82.5819 30.3071
82.9698 30.5869
84.7806 30.2254
85.024 30.395
85.1228 30.572
81.8529 30.4662
83.3013 30.4613
83.9672 30.1903
80.1213 30.45
79.2332 30.3615
79.6597 30.3179
86.2919 30.1425
85.6367 30.3777
85.4681 30.3553
84.4585 30.2837
80.8278 30.3162
85.5589 30.6243
83.221 30.6749
84.0342 30.3875
84.4458 30.3699
85.3963 30.4656
84.108 30.1003
85.6709 29.9651
85.2374 30.4342
82.9709 30.3611
84.6829 30.3101
86.1816 30.0621
85.2554 30.7687
84.5558 30.438
82.7129 30.2949
83.4594 29.9004
83.6533 30.2934
81.7179 30.2932
80.539 30.2317
82.1755 30.9181
83.4474 30.6026
82.4526 30.391
80.0867 30.4595
80.3507 30.4912
83.7916 30.0995
82.5183 30.4795
85.3157 30.0469
85.8422 30.596
84.2486 30.5478
86.5013 30.1806
85.3796 30.346
87.962 30.3544
86.6331 30.1929
89.2541 30.4533
87.9856 30.4164
86.779 30.2225
87.11 30.2612
88.5459 30.2632
87.7553 30.4546
83.7932 30.5201
85.4657 30.4281
85.2752 30.6471
84.8154 30.5344
85.544 30.1343
84.809 30.3769
84.9649 30.1957
86.2696 30.1747
85.553 30.1736
86.3183 30.2179
87.5819 30.0698
89.3224 30.5712
85.0055 30.4833
84.3109 30.236
86.1121 30.3506
83.4592 30.4858
83.1884 30.4601
83.3224 30.2638
84.1345 30.1137
84.5183 30.2698
82.3744 30.3453
81.9777 30.6643
82.3287 30.4552
83.6983 30.5306
83.0909 30.1857
82.9539 30.3049
83.6363 30.4655
85.8621 30.1106
84.1301 29.9091
82.4215 30.7045
82.4037 30.4423
82.7276 30.2998
84.0944 30.147
81.5605 30.3056
83.7347 30.3317
85.8909 30.7679
88.5267 30.1342
88.0711 29.9515
85.3363 30.3089
83.1618 30.2529
84.3387 30.3346
82.9937 30.3334
85.9571 29.9151
83.7875 30.169
84.6098 30.2339
86.5887 30.4673
83.8073 30.2942
87.5075 30.0865
87.3186 30.3898
85.671 30.211
85.2287 30.2611
86.784 30.3852
84.9692 30.1822
84.2977 30.0847
84.1458 30.6723
84.4131 30.3382
87.5576 30.3488
84.5831 30.604
83.5577 30.4032
82.0163 30.2481
82.8515 30.2427
85.9207 30.4022
84.5379 30.0734
84.481 30.274
82.6265 30.197
83.7872 30.1565
83.7602 30.2382
85.199 30.3503
81.0954 30.4959
82.0041 30.5242
82.6239 30.2123
83.8486 30.1075
83.0614 30.5742
86.2133 30.4806
83.222 30.7753
86.101 30.5132
88.2026 30.3746
87.901 30.2734
89.3834 30.0553
91.7279 30.0105
87.4258 30.4012
88.6652 30.4533
89.5238 30.409
86.3491 29.8504
83.6145 30.1694
85.0389 29.9059
86.905 30.2422
84.3726 30.0114
82.2906 30.4228
86.829 30.302
85.9456 30.2161
86.9725 30.2608
83.7253 30.5364
85.2611 30.2767
87.977 30.2887
86.436 30.2779
83.5419 30.2792
84.6928 30.2788
86.3213 30.2785
88.1214 30.3192
86.1994 30.1737
87.8197 30.0155
86.0802 30.0484
86.7843 30.0544
87.5544 30.3215
84.3772 30.467
83.5237 30.4887
84.3603 30.3602
79.6134 30.9546
80.9041 30.4483
88.2649 29.8465
84.2263 30.1757
83.7451 30.177
85.9194 30.1631
84.4086 30.2786
86.5868 30.2185
87.6838 30.3165
86.4876 30.368
86.9895 30.4308
86.8309 30.3894
85.6167 30.0706
86.9924 30.1901
89.2049 30.2575
86.0874 30.2355
83.7703 30.4554
85.2747 30.1664
87.3776 30.2368
86.362 29.9865
87.6258 30.2074
86.6752 30.3035
85.8909 30.239
85.7476 30.3794
83.519 30.3578
83.5784 30.1547
88.1762 30.2967
85.3027 30.2071
86.5117 29.9052
88.3133 30.1087
82.7671 30.4713
83.3164 30.4609
84.6399 30.3548
85.1538 30.5523
84.048 30.4482
86.666 30.4231
85.8472 30.4297
87.1083 30.4281
86.768 30.1362
86.2054 30.159
88.2428 30.2986
85.7493 30.0607
85.9663 30.2726
84.4654 30.5449
84.6908 30.2787
85.0184 30.3707
81.693 30.8122
82.413 30.1428
81.9935 30.3066
84.7797 30.1158
84.6928 30.7247
86.0543 30.2389
83.2856 30.4775
85.6699 30.1022
84.7761 30.21
84.9989 30.1193
84.9943 30.1914
85.5968 29.7845
83.9206 30.401
85.3698 30.2825
85.4665 30.5083
81.9019 30.4999
84.8016 30.4039
84.3006 30.4428
84.5506 30.2338
84.3742 30.2162
82.7501 30.5905
80.1507 30.4106
81.8532 30.5133
84.1247 30.3231
83.7826 30.3105
83.948 30.1641
86.9725 30.0672
87.75 30.2025
90.0081 30.0738
89.3204 30.2783
88.7162 29.9483
89.9517 30.0451
86.3065 29.9624
86.8089 30.1646
85.2639 30.2464
82.8277 30.3061
84.8373 30.5752
82.7699 30.5655
82.1726 30.2417
85.328 30.5971
85.446 30.2607
83.8452 30.2913
82.9501 30.1335
83.7782 30.3248
84.0554 30.2176
83.088 30.5117
83.8921 30.3629
84.1276 30.1721
82.0406 30.1811
83.2127 30.1445
83.885 30.5127
85.6015 30.416
87.5523 30.3842
86.0307 30.2625
85.2541 30.1882
85.1229 30.4629
82.9329 30.1627
80.5297 30.5425
83.7179 30.4156
82.1583 30.2616
85.3181 30.3327
86.3459 30.3329
85.7513 30.3186
87.529 30.2901
86.1861 30.2825
88.0675 30.2828
87.6609 30.2819
86.72 30.2533
87.5473 30.2592
83.2431 30.4586
85.6991 30.4009
86.3363 30.1143
85.0005 30.356
85.3102 30.5327
82.3523 30.3391
82.6006 30.3117
85.3653 30.0432
88.3981 30.4913
88.2863 30.5036
85.5187 30.2347
84.6748 30.1899
84.2114 30.1784
84.1402 30.2556
83.5081 30.5078
82.6001 30.3855
89.1342 30.2493
89.6203 29.8768
86.6814 30.1062
88.3588 30.1718
87.1406 30.4999
86.2203 30.2632
85.9195 30.2729
86.8436 30.4013
85.7738 30.5399
83.1231 30.2656
83.3578 30.3483
82.4479 30.4247
86.0362 30.5107
82.6186 30.2933
80.0675 30.5939
81.6325 30.3482
83.7936 30.7571
82.8308 30.5355
83.3306 30.3424
85.3757 30.5334
84.5744 30.6388
85.3627 30.2138
85.8868 30.3553
84.7277 30.3178
82.0878 30.3521
80.7224 30.4885
87.3206 30.2922
85.6628 30.3257
84.8533 30.0466
85.307 30.5455
84.8423 30.2452
85.7885 30.3502
85.6087 30.67
87.9542 30.5166
82.5861 30.2746
81.9152 30.7193
85.6421 30.3636
85.2006 30.2629
86.0227 30.6105
86.0214 30.0483
86.6288 30.2306
85.3405 30.3392
86.8148 30.0305
83.4662 30.3236
84.3597 30.3143
84.7774 30.1061
86.383 30.2677
87.2428 30.2048
86.9618 30.1648
83.993 30.3801
83.9096 30.0498
83.1013 30.3843
84.8302 30.2688
84.2023 30.2762
82.9961 30.3788
83.7541 30.3272
84.8081 30.2903
85.6787 30.0132
84.404 30.4409
86.468 30.2576
81.5597 30.7194
83.9922 30.0212
84.1629 30.8382
84.1122 30.5252
85.383 30.2312
85.2473 30.378
84.6581 30.2837
84.7951 30.2158
86.8459 30.3426
85.145 30.4645
85.4939 30.191
84.9701 30.5104
85.2565 30.4351
85.207 30.507
87.9952 30.1622
89.4746 30.1449
87.5735 30.3208
88.6236 30.0816
84.8833 30.4551
85.8749 30.2449
83.0471 30.3474
83.7487 30.2332
83.1109 30.4075
83.1735 30.1174
85.6349 30.1262
86.7723 30.2311
85.8523 30.4409
84.6644 30.0821
86.1803 30.0516
86.7794 30.0663
86.8977 30.245
87.1154 30.2766
85.396 30.3402
84.1051 30.4025
83.5609 30.3347
83.971 30.4543
84.4134 30.4972
87.7209 30.2352
87.0579 29.9545
85.5872 30.5872
83.4875 30.5256
82.0371 30.5284
85.9223 30.5032
85.5909 30.0994
85.7536 30.2469
86.1055 30.1448
86.6867 30.2141
85.8985 30.1432
84.3517 30.1425
85.24 30.0017
85.7542 29.9551
85.004 29.9928
87.583 30.0709
84.9868 30.021
83.4712 30.2236
82.0609 30.0133
83.8531 30.4059
86.9123 30.2457
87.0818 30.3986
83.6066 30.301
85.8847 30.2007
84.6976 29.918
84.338 30.17
85.8895 29.9793
86.635 30.3535
85.8586 30.6281
82.1917 30.4448
85.1923 30.3364
85.2306 30.1861
85.1637 30.3225
85.1969 30.0492
85.2733 30.0855
84.7855 29.9107
82.2607 30.3014
82.6666 30.501
84.202 30.5593
83.883 30.0251
84.63 30.1508
85.3372 30.5528
84.0024 30.2569
86.59 30.6741
88.9973 30.0131
88.9973 30.1555
89.0736 30.1015
89.0066 30.4216
89.1014 30.3447
89.6901 30.3187
89.3798 30.4544
85.1981 30.2854
84.1633 30.5023
82.3671 30.5132
81.6857 30.3351
85.3955 30.3928
86.8235 30.1314
84.349 30.3312
82.6013 30.2268
86.8447 30.2528
86.0183 30.5109
83.4466 30.1334
84.5388 30.3459
83.991 30.3372
83.9891 30.234
84.2677 30.272
86.175 30.1683
84.4853 30.1755
82.5389 30.0845
81.8031 30.5386
81.7124 30.4487
85.4282 30.1644
84.5869 30.1641
88.5108 30.1278
87.5388 30.0846
87.6814 30.5252
88.4372 30.2598
84.6001 30.4454
84.8748 30.1272
85.3199 29.8775
83.8125 30.1292
85.3389 30.4136
83.047 30.4996
83.2682 30.2841
83.6247 30.5815
83.5315 30.52
84.4482 30.451
84.8616 30.3039
85.9934 30.1754
84.7329 30.3085
84.1137 30.2252
87.0736 29.8987
84.2781 30.4664
86.3398 30.5344
84.8518 30.5017
84.0129 30.353
86.4127 30.1791
83.9248 30.4116
81.7195 30.3631
84.3366 30.3795
83.2057 30.3734
83.5084 30.5141
83.6235 30.7655
84.3626 30.4008
85.4627 30.5819
84.167 30.0549
86.0349 30.1129
87.3065 30.0327
87.172 30.296
84.8613 30.6122
84.8572 30.5402
84.8469 30.0833
84.7104 30.0929
83.9264 30.23
84.9877 30.0818
85.693 30.0851
85.6745 29.9875
86.7119 30.09
82.0543 30.5291
85.3673 30.2665
84.73 30.5837
85.7079 30.2301
87.7228 30.3438
86.3634 30.3282
86.2271 30.3911
86.8648 30.3414
88.0111 30.3712
86.8204 29.688
86.8582 30.6327
87.7595 30.3836
85.2662 30.0626
86.0301 30.4064
84.4683 30.4489
84.7473 30.2119
83.0384 30.3748
81.4056 30.5013
82.854 30.2632
83.5434 30.333
83.4708 30.341
83.9662 30.3014
84.1892 30.5403
85.3089 30.2732
87.0891 30.2374
86.3555 30.2187
84.712 30.4164
85.2556 30.4051
83.9522 30.4576
82.342 30.2242
87.5685 30.4983
84.2922 30.5354
84.0713 30.4623
83.5918 30.6364
86.4484 30.3705
86.2037 30.1919
81.958 30.0754
83.4892 30.2149
82.3728 30.2149
83.8434 30.6339
82.2146 30.2294
81.9644 30.4825
82.3163 30.5221
86.3708 30.3879
85.3814 30.2374
85.7839 30.371
86.5309 30.3192
84.6547 30.1905
86.9518 30.007
84.409 30.3367
82.8205 30.3059
87.4296 30.2909
85.5416 30.1789
84.467 30.4003
83.9646 30.5906
85.6347 30.5339
81.2503 30.5339
83.0049 30.2225
86.529 30.4743
83.4468 30.1635
85.2496 30.5897
85.9544 30.4027
84.9894 30.391
85.3295 30.3161
86.2 30.3577
86.4762 30.3556
84.5659 30.3586
86.2128 30.3585
86.3104 30.3587
86.0623 30.3575
85.0594 30.3269
83.1315 29.9703
82.733 30.2071
84.1959 30.0874
84.2842 30.5753
82.2102 30.5748
82.336 30.1473
85.5439 30.2974
85.3603 30.3487
84.3709 30.0417
85.8554 30.2043
86.281 30.3131
82.5254 30.1029
87.0186 30.3124
83.9579 30.4383
84.7261 29.8842
87.4416 30.0393
85.2242 29.8416
82.5918 30.269
83.9087 30.0762
84.4969 30.2482
82.2729 30.2024
86.4763 30.372
84.4946 30.2245
83.9713 30.2222
84.4381 30.6095
84.3326 30.312
84.9628 30.4579
82.0717 30.4834
83.6 30.3888
83.5414 30.024
85.235 30.1746
85.5231 30.0913
84.5531 30.2333
85.4158 30.57
89.7389 30.1326
85.2944 30.096
83.9586 30.1556
88.0217 30.2714
87.3997 30.2667
86.7828 30.2525
85.5927 30.3765
83.3353 30.28
82.7191 30.2911
85.625 30.1361
85.3769 30.1496
85.3969 30.4154
86.1961 30.4108
85.9019 30.4414
84.7119 30.4497
86.1576 30.1944
83.3543 30.3562
84.6052 30.2853
84.7412 30.2722
87.1243 30.2661
87.2194 30.3315
86.9274 30.2171
86.5392 30.2788
87.9275 30.0703
85.9591 30.0759
85.4458 30.5072
85.049 30.3797
83.9945 30.1457
86.4331 29.9327
86.4209 30.5245
87.9737 30.2336
88.4404 30.0647
83.4708 30.3036
86.0021 30.5892
85.3648 30.6399
83.6269 30.6448
84.032 30.3936
82.9911 30.4759
83.8002 30.3415
82.7654 30.5104
82.291 30.0537
82.3489 30.2183
85.1256 30.0528
84.8671 30.2537
85.4216 30.1721
86.9403 30.0786
86.466 30.0477
84.756 30.3733
83.6898 30.4023
88.6945 30.0765
86.4637 30.3859
86.2887 30.226
88.5898 30.1508
87.9812 30.0565
83.6814 30.2598
84.4376 29.9071
85.476 29.9561
82.2893 30.3569
82.3217 30.2151
81.0971 30.6707
82.1107 30.5624
84.6083 30.3999
80.6847 30.376
81.577 30.4693
78.5992 30.3508
83.0207 30.3654
80.8352 30.1392
83.1088 30.1176
84.0901 30.477
84.5414 30.399
84.3834 30.1983
86.3571 30.2413
90.1659 30.039
85.2701 30.5431
82.0994 30.6245
84.5612 30.7752
81.6576 30.541
83.4656 30.3048
86.0733 30.0768
85.0845 30.2619
81.8344 30.201
82.4943 30.2911
83.7998 30.3225
86.4734 30.0748
89.6508 30.0344
84.4878 30.2709
79.9158 30.6199
85.5713 30.3392
83.2552 30.2299
87.4545 29.8206
82.3597 30.1718
83.7635 30.2004
83.6989 30.341
84.9192 30.4366
82.2745 30.3021
81.7385 30.4512
82.1937 30.4252
83.019 30.5335
81.789 30.3693
84.2081 30.4279
86.5487 29.9895
84.0914 30.2121
86.1079 30.1027
84.9866 29.9885
86.8124 30.1043
87.5683 30.1469
88.1094 30.0358
86.0782 30.2274
85.7698 30.2303
82.2122 30.333
85.6247 30.3839
81.5852 30.4594
86.1187 30.462
86.3037 30.1719
85.7345 30.2597
88.8124 30.1541
86.7721 30.2753
86.7951 30.4371
86.9617 30.4643
88.2505 30.2403
85.7398 30.5457
88.7675 30.4042
86.994 30.4136
85.3244 30.0594
86.5981 30.6403
87.7443 30.0464
85.3113 29.8688
87.4788 30.0938
88.4406 30.0709
84.6034 30.2844
86.719 30.1966
83.2059 29.9012
86.2904 30.1397
85.7457 30.1976
85.4031 30.2112
87.391 30.1757
83.234 30.2151
85.8342 30.2087
85.2814 30.4005
87.3013 30.2835
88.3563 30.0487
87.4509 30.1038
85.2688 30.2638
87.7616 30.2831
87.0749 30.289
87.9921 30.1795
84.5972 30.1992
83.6077 30.3577
84.6299 30.0981
83.5116 30.1968
84.1747 30.3754
85.0751 30.1707
85.537 30.2748
83.0917 30.2103
84.0493 30.3704
87.5843 30.2504
83.7113 30.2285
85.0003 30.2249
85.1209 30.247
84.107 30.3297
84.4546 30.2168
86.3072 29.8931
85.2337 30.3812
87.1659 30.0945
85.0018 30.3067
87.352 30.1651
89.2096 30.6233
87.9649 30.4043
85.7081 30.4498
88.2715 30.4875
90.9091 30.3543
85.6981 30.5667
83.6947 30.3974
85.6313 30.2375
83.4095 30.2199
83.2447 30.1029
83.8463 30.2696
85.3114 30.4064
86.2627 30.1572
87.5158 30.1452
84.28 30.3891
83.5588 30.5762
85.1779 30.0706
85.448 30.1542
84.07 30.2444
83.2712 30.8562
86.1732 30.1232
83.7892 30.2312
80.8439 30.366
86.0274 30.3432
87.8112 30.2267
87.322 30.2703
85.6593 30.111
81.8188 30.5469
84.6677 30.4271
87.7573 30.2729
84.6533 30.3202
86.3069 30.3425
86.6593 30.2243
87.7777 30.1359
88.4294 30.3338
87.5973 30.2585
87.3984 29.8801
83.2368 30.1643
83.9617 30.2196
83.058 30.3961
86.8646 30.2737
85.9326 30.2055
85.5231 30.4121
83.2564 30.5799
82.182 30.1904
83.4406 30.754
85.1043 30.2256
83.3899 30.2581
83.4286 30.3062
84.9305 30.3264
85.4623 30.3022
86.9695 30.4549
84.1822 30.3003
85.7958 30.0375
85.0486 30.1261
84.592 30.1184
83.6215 30.1424
86.0314 30.129
86.4155 30.3609
84.6826 30.2329
83.1809 30.4157
80.8019 30.3786
81.8089 30.2523
80.3121 30.6687
84.6281 30.2564
83.9631 30.3964
85.2459 30.3797
88.5842 30.266
86.8388 30.0303
88.1702 30.1302
90.3346 30.0611
89.6327 30.0298
86.8854 30.2478
90.2445 30.444
85.9873 30.3477
84.6945 30.3096
86.0816 30.394
87.2469 30.6171
87.8761 30.4241
85.802 30.494
83.8515 30.489
83.9371 30.4847
84.968 30.3542
87.6147 30.1974
85.6308 30.1076
84.4921 30.153
85.9144 30.3794
84.7668 30.1261
84.673 30.5852
84.703 30.3418
85.1169 30.1955
81.6191 30.3794
86.9041 30.2798
83.6921 30.0869
84.067 30.4232
88.3572 30.0553
88.4136 29.9631
86.3229 30.0446
84.4776 30.4274
83.7764 30.5752
84.276 30.4072
84.8939 30.3978
83.9917 30.457
81.3745 30.3746
82.7787 30.5928
81.5324 30.4362
82.3676 30.5918
82.263 30.4028
82.4078 30.3181
82.832 30.3829
86.5086 30.3876
82.437 30.4075
84.137 30.3812
82.2811 30.4689
81.2919 30.4548
84.6536 30.4764
86.7887 30.1494
85.6744 30.1767
85.1663 29.9264
85.2983 30.4484
84.805 30.4774
86.4128 30.1682
83.2138 30.2903
85.7341 30.0689
84.4801 30.1661
82.9012 30.4611
83.8514 30.436
81.0043 30.3277
85.9162 30.0943
87.7714 30.5671
84.8612 30.308
84.3485 30.4412
84.6619 30.435
85.3856 30.1088
85.2345 30.2501
82.9166 30.2889
84.31 30.1509
87.4981 29.9413
84.9369 30.4186
85.5832 30.1544
85.2702 30.4402
84.6501 30.2127
84.4166 30.1806
82.8463 30.1794
86.0383 30.1649
85.3769 30.4601
82.9052 30.3991
87.0494 30.4521
89.836 30.4096
86.9527 30.1528
87.8122 30.1282
86.6272 30.1409
88.1434 30.2961
88.4922 30.0974
85.5593 29.9277
88.1046 30.1647
87.143 30.2156
86.2816 30.3432
86.255 30.1131
88.6476 30.3699
88.216 29.8124
87.1593 30.512
86.6986 30.4527
86.9855 30.364
89.2379 30.1064
86.1153 30.0164
85.158 30.0469
85.0495 30.2243
86.0469 30.0652
85.6017 30.5068
85.0808 30.5039
84.2758 30.4711
83.5034 30.3506
81.6971 30.3688
81.8339 30.2393
82.1049 30.2581
83.5697 30.3517
82.1003 30.2765
82.3894 30.3593
81.8058 30.4332
82.84 30.5312
83.2107 30.1148
82.6133 30.6552
84.048 30.0702
85.946 30.1793
82.4131 30.2534
87.2772 30.2184
83.5243 30.3382
83.358 29.9224
88.5823 30.3422
85.4106 30.4123
87.0269 30.0907
87.6035 30.4122
86.2058 30.2424
85.8559 30.3237
84.3545 30.3404
83.1176 30.3197
86.3729 30.274
86.1615 30.0931
86.1623 30.2717
86.1444 30.1104
85.1126 30.2055
85.8991 30.8482
86.6573 30.0937
85.7969 30.2434
83.8531 30.0717
87.4711 30.4883
87.5437 30.0435
86.6578 30.3048
83.5807 30.3909
82.7919 30.0923
83.9814 30.0388
82.0916 30.3435
83.2274 30.35
82.6082 30.4328
85.1135 30.1662
85.9517 30.248
83.8788 30.2698
86.0047 30.2357
87.0309 30.2167
88.9858 29.9118
87.4983 30.2632
86.3873 30.2012
87.1591 30.1077
84.8845 30.6353
83.1471 30.3418
81.8446 30.3413
85.0954 30.1125
82.561 29.9728
86.0517 30.2274
86.5138 30.1776
87.1588 29.9725
89.4555 30.2477
90.9229 30.2863
88.6233 30.1765
86.6158 30.555
85.9712 30.5066
87.9574 29.8792
83.3468 30.338
86.5592 30.4833
84.5623 30.5794
84.8798 30.4915
86.0582 30.323
87.6743 29.9543
83.8748 30.6222
85.8398 30.187
85.7735 30.4592
88.5936 30.0883
82.5324 30.0623
86.1851 30.1615
85.9135 30.119
83.1878 30.2486
80.6759 30.5696
81.7884 30.2808
84.5854 30.5498
86.9775 30.0446
84.8866 30.0772
84.8442 30.2153
85.6435 30.3079
84.5842 30.366
84.7266 30.0375
84.678 30.3505
83.8919 30.3899
90.2464 30.0833
88.9666 30.0173
86.1847 30.3956
83.6022 30.423
83.2049 30.3507
79.5447 30.5992
83.7658 30.3659
84.0745 30.2362
84.0981 30.3303
84.3117 30.4308
82.2054 30.7469
81.0049 30.3883
86.5343 29.8925
87.6103 30.3662
84.7418 30.3365
86.92 30.4181
85.0663 30.4206
83.9147 30.2401
85.26 30.2737
87.1588 30.6839
85.7248 30.2521
86.9093 30.1932
85.172 30.1419
85.6466 30.1923
87.6784 29.8785
87.4981 30.0066
86.5588 29.8043
86.4962 30.7728
81.9017 30.6466
83.4162 30.1791
84.1115 30.1646
82.0876 30.4289
89.2698 30.4618
81.6422 30.4338
87.7795 30.1889
83.7616 30.1053
84.0773 30.3118
88.1411 30.3361
86.2061 30.3991
84.6963 30.386
87.7865 30.5275
85.5637 30.1162
86.892 30.2983
85.9961 30.3016
85.4946 30.5457
84.8682 30.6297
85.5479 30.1503
85.4749 30.0983
86.1216 30.3709
82.3578 30.3534
86.7226 30.6187
85.573 30.2534
84.8451 30.1555
84.5215 30.0752
81.8379 30.1
84.2412 30.2143
87.0237 30.3064
86.0114 30.0257
83.2641 30.2037
82.7194 30.2684
81.7761 30.3473
79.5102 30.4306
84.2669 30.0632
83.5435 30.2207
85.0916 30.5584
82.0069 30.0992
83.5918 30.0922
80.5893 30.3612
84.0617 30.5925
80.5665 30.0861
81.0793 30.3355
85.8884 30.2091
84.5825 30.2378
85.2491 30.4085
85.2201 29.9245
82.7275 30.2048
84.9266 30.5568
81.2751 30.2917
81.5513 30.1842
83.2065 30.1539
81.8084 30.2713
84.9595 30.2367
82.2838 30.3656
81.082 30.4835
80.4077 30.3707
80.3784 30.1707
84.8585 30.3189
86.3996 29.9161
83.3519 30.1804
83.5011 30.332
85.4953 29.9296
86.7196 30.259
85.907 30.1801
87.4978 30.0825
84.6835 29.866
85.4633 30.3427
82.4587 30.5332
87.4592 30.5523
86.0748 30.4788
82.7644 30.4032
82.7795 30.6409
83.1393 30.5902
82.1971 30.1901
82.8072 30.4827
83.1499 30.3259
85.8894 30.3477
84.6051 30.247
84.3167 30.5756
83.6565 30.5051
84.3882 30.5526
84.5702 30.114
87.8318 30.1262
90.8735 29.9814
86.3502 30.0557
83.4602 29.9991
82.9628 30.5151
82.8645 30.3381
86.4597 30.5252
82.9795 30.3838
84.1642 30.0903
86.2407 30.0966
88.6698 30.108
88.6144 30.1254
87.9421 29.9406
83.4167 30.3808
85.8924 30.3508
86.5705 30.2945
84.9679 30.5509
85.9544 30.5852
87.283 30.3669
86.9182 30.0833
84.9401 30.4326
82.6014 30.5412
83.2667 30.5262
84.393 30.2629
87.2954 30.391
87.979 30.4944
86.6786 30.2495
87.2586 29.9482
85.7419 30.2285
83.8341 30.3333
83.6217 30.2859
84.4233 30.113
82.3696 30.8482
85.7356 30.1366
83.2551 30.5171
82.9491 30.3469
85.0576 30.4318
86.1037 30.3341
89.8969 30.4776
85.1786 30.4644
87.1154 30.067
83.6166 30.2671
84.6839 30.1196
85.3206 29.9935
84.538 30.5407
87.8947 30.1777
87.8303 30.2685
89.3291 30.1944
88.7975 30.3371
85.3795 29.9687
86.1877 30.3593
85.0586 30.2341
83.805 30.1132
85.3649 30.1966
83.92 30.2402
84.2912 30.3051
84.1106 30.2737
84.3303 30.1617
83.4086 30.298
81.4588 30.337
83.2638 30.3361
84.1957 30.08
84.4551 30.5107
86.2373 30.2645
86.3756 30.1906
85.9132 29.743
84.4658 30.3014
83.968 30.3279
81.2033 30.4951
85.7407 29.9204
84.5329 30.1802
83.9692 30.2645
82.4612 30.2087
85.6577 30.0883
89.0173 29.9345
86.716 30.3448
89.6407 30.0974
87.0304 29.7952
87.6857 30.5515
85.5672 30.0705
87.0231 30.0987
86.3294 30.4216
83.4264 30.295
85.1944 29.9402
86.034 30.113
84.9458 30.0978
84.3466 30.3127
81.7913 30.5304
82.8605 30.2124
83.9019 30.3982
82.4638 30.4384
88.3626 30.374
82.2505 30.5341
86.0753 30.4899
82.5795 30.4929
83.0244 30.4262
84.4877 30.3243
85.4899 30.3376
87.1004 29.78
85.809 30.4237
85.8101 30.3066
85.8352 30.2284
85.3426 30.264
87.4985 29.9035
86.351 30.5293
87.3109 30.1032
83.6975 30.7812
84.0081 30.6104
81.408 30.737
87.6438 30.2104
85.7407 30.2425
86.8955 30.219
87.8818 30.3038
86.0515 30.4817
86.7449 30.0545
85.271 30.0657
85.3073 30.4006
85.4769 30.3648
82.4083 30.2919
84.355 30.4458
83.3638 30.3268
83.7791 30.1004
82.7763 30.5053
84.2322 30.2263
85.9476 30.2029
84.6112 29.9899
85.624 30.0138
86.3051 30.04
85.405 30.3019
85.4048 30.333
86.2899 30.3129
80.2537 30.2243
84.4746 30.3893
81.6339 30.41
82.6116 30.5932
83.3882 30.0575
82.8065 30.5187
85.9319 30.5793
80.713 30.2611
83.7538 30.2053
88.4278 30.2319
81.8882 30.0474
82.2899 30.4458
83.527 30.0942
84.5844 30.1002
87.2887 30.1487
85.3408 30.6849
84.0545 30.5338
87.4478 30.1996
84.6076 30.3043
84.5931 30.1514
89.2366 30.1694
88.3904 29.8506
85.5781 30.2374
85.8568 30.096
87.0217 30.3542
87.0736 29.6604
83.843 30.0411
84.8075 30.4685
86.3822 30.6302
88.5786 30.3352
88.2795 30.062
84.8456 30.1363
85.6093 30.1338
86.2364 29.9765
89.1571 30.1441
87.1092 30.1449
84.2416 30.1475
86.57 30.133
84.9578 30.3609
83.4262 30.0502
86.289 29.8748
83.9106 30.3104
85.0722 30.4053
83.7602 30.0981
83.5623 30.5736
85.7968 30.504
85.4542 30.4392
84.8841 30.067
82.9517 30.1824
81.5023 30.5996
84.8215 30.5902
84.9742 30.4413
85.1875 30.1447
86.9993 30.1133
86.6683 30.504
85.1688 30.2696
82.9582 30.2771
83.7187 30.5867
82.8337 30.4148
83.2061 30.0342
87.4572 30.5778
82.6598 30.4139
84.0857 30.3097
86.0999 30.5178
84.7891 30.2876
82.5464 30.4164
85.7315 29.8512
81.1853 30.5062
84.677 30.3696
87.6008 30.1191
85.9001 30.3084
86.7709 30.3603
88.3389 30.0444
78.0669 30.5391
82.9862 30.1904
80.9959 30.3809
79.2028 30.3421
83.0195 30.4165
83.6082 30.6258
83.28 30.2365
82.446 30.4005
84.6859 30.2593
84.3887 30.4438
85.5275 30.6013
85.328 30.3279
85.6655 30.3858
85.925 30.1883
85.2556 30.1911
81.0652 30.2142
85.5337 30.5877
84.7956 30.4792
84.6216 30.1911
82.7878 30.3412
81.2091 30.7852
85.4324 30.5188
85.1318 30.0062
82.4151 30.3123
83.092 30.1387
83.3836 30.6771
83.7518 29.9566
84.8211 30.3377
81.9831 30.2948
82.3262 30.4111
83.1669 30.406
84.1162 30.091
85.3736 30.0757
88.4941 30.0551
87.9903 30.0486
87.3301 30.3482
87.3301 30.147
85.7313 30.1918
83.2845 30.6159
85.1136 30.2803
85.554 30.2623
85.0968 30.1879
86.4166 30.3494
86.4493 30.0224
86.2097 30.4602
85.6726 30.1547
86.6486 30.0556
84.3211 30.608
84.1305 30.1887
83.9854 30.1841
88.3795 30.221
84.8747 30.0319
84.1137 30.4052
81.9196 30.3541
85.9243 30.5885
87.6601 30.3461
86.9732 30.1822
85.7547 30.1067
83.972 30.4471
83.2945 30.2667
83.8781 30.3782
85.0695 30.403
84.3506 30.2147
84.2977 30.1722
86.0023 30.1685
83.059 30.1671
82.0841 30.2596
83.0986 30.2521
82.0511 30.2686
83.514 30.3533
85.5952 29.9442
84.0287 30.3793
86.5866 30.4524
88.9438 30.2941
88.1588 30.0654
86.9579 30.5406
87.7174 30.2656
86.5577 30.3586
87.5885 30.0328
85.6659 30.087
82.9155 30.1332
84.3899 30.311
80.4727 30.0478
84.5008 30.134
81.2685 30.2866
85.8223 30.2301
86.0645 30.0179
84.1799 30.1999
87.3955 30.2065
86.494 30.2378
85.0657 30.0151
85.4703 30.2612
85.6978 30.2285
84.9771 30.0125
87.2323 30.6477
85.0298 30.3083
86.808 30.3205
88.8132 30.495
84.6653 30.0916
85.7179 30.4502
83.8213 30.4949
83.18 30.2958
84.6739 30.2683
85.4042 30.206
83.4369 30.3145
82.5457 30.3859
85.3482 30.2853
86.0561 30.1406
83.1554 30.4158
83.47 30.2116
83.5963 30.2117
81.953 30.1157
84.0033 30.5672
85.8133 29.9547
88.0919 30.2224
87.1667 30.4234
89.6805 30.2272
86.7754 30.4539
89.8052 30.2511
87.3767 30.0441
84.6133 30.1281
86.2633 30.4711
85.2031 30.059
88.6703 30.2136
84.6264 30.5488
86.6075 30.4516
87.7552 30.6515
85.4749 29.9936
81.9383 30.221
82.5333 30.2097
85.0427 30.2227
84.2866 30.651
85.5856 30.108
85.1519 30.1354
83.8061 30.149
82.3349 30.117
83.2864 30.1912
83.8351 30.3515
83.0783 30.4403
82.7484 30.5958
85.2587 29.6353
84.8406 30.3863
81.1573 30.2737
84.0145 30.3934
83.7082 30.4277
83.6746 30.2532
82.733 30.2376
84.1047 30.2544
84.6215 30.3758
84.4892 30.5423
85.7506 30.1172
84.3676 30.3837
84.3872 30.6648
84.3872 30.289
84.5881 30.3738
85.5246 30.6202
86.043 30.0234
85.6538 30.1235
84.2689 30.1058
83.3999 30.4425
88.6026 30.1747
87.9372 30.0363
89.1728 29.8432
86.5126 30.3734
86.8453 30.187
88.2327 30.1849
88.5378 30.5961
85.199 30.1199
84.595 30.4084
83.2573 30.2242
82.9033 30.2836
82.7942 30.5069
85.1411 30.4075
84.0439 30.2332
85.49 30.3287
86.5734 30.3174
85.1038 30.2688
84.8724 30.261
88.5495 30.2083
88.5495 30.3049
87.9141 30.2571
86.1231 30.2795
85.047 30.1488
87.3034 30.0317
88.2511 30.1536
84.2568 30.1074
86.5544 30.4278
86.3729 30.4839
87.2185 30.2289
87.5085 30.1155
89.1096 30.0463
90.8377 30.044
84.8506 30.114
84.4738 30.425
86.6265 30.0697
91.099 30.2871
87.4569 29.9944
84.9187 30.2099
83.7716 30.1717
84.8249 29.9976
84.5014 30.5566
82.8057 30.3871
83.7073 30.3809
82.0962 30.3277
80.1519 30.4204
78.3783 30.6211
81.3797 30.3224
86.9572 30.3029
84.3714 30.6055
82.9614 30.6346
82.7671 30.2878
78.7032 30.0153
82.4366 29.948
85.5045 30.3972
87.5099 30.5458
84.8092 30.4963
87.3559 29.8788
88.0427 30.4642
86.8436 30.3594
84.6476 30.2811
85.4205 30.3829
87.6942 30.2479
85.6438 30.1027
86.0982 30.2319
84.581 30.2523
82.0697 30.3004
83.2892 30.2212
84.9438 30.2447
85.8105 30.4978
85.865 30.767
84.5806 30.4161
85.4177 30.2607
87.9206 30.395
86.7636 30.4432
84.2756 30.2602
84.1142 30.0174
83.4491 30.3043
84.0625 30.3407
84.1767 30.4423
81.0669 30.0698
84.9102 30.1629
85.3254 30.0836
83.6463 30.2786
87.1501 30.4292
86.5648 30.2895
88.0849 30.2214
86.7656 30.3304
83.5258 30.3891
85.816 30.4078
87.4466 30.1929
85.7155 30.3888
87.4772 30.5645
86.5507 30.457
84.2956 30.2433
86.3728 30.4797
87.7194 30.0685
85.5315 30.5039
86.9154 30.2547
83.7561 30.2241
83.6625 30.1353
84.696 30.3641
86.647 30.2782
85.7276 30.0193
84.1702 30.5189
84.7754 30.2484
89.7416 30.5181
86.7065 30.078
86.308 30.2357
85.4428 30.0104
88.2378 30.1625
84.3209 30.1644
85.5682 30.279
84.2159 30.2945
84.0459 30.2908
85.6884 30.2513
86.2628 30.1435
84.6801 30.219
86.1071 30.3225
83.5243 30.3792
87.4287 30.2818
84.7226 30.3124
84.9883 30.3089
84.5842 30.3128
82.3433 30.2585
86.8156 30.2026
84.3126 30.3358
82.9649 30.2315
88.7528 30.2632
86.8851 30.2869
85.0241 30.3212
85.0476 30.1936
89.6725 29.9346
88.3934 29.8039
82.8866 30.3546
87.519 30.2552
86.6604 30.4642
84.3476 30.4003
84.8502 30.25
82.8769 30.7252
82.2657 30.4359
84.4296 30.8459
84.7296 30.2238
83.6247 30.3979
82.6576 30.5034
83.1404 30.395
85.6701 30.4466
86.8341 30.2197
85.472 30.6992
83.7181 30.2458
83.2643 30.3143
83.3099 30.2971
82.7474 30.3282
83.2398 30.1442
85.3844 30.1994
83.7889 30.032
86.3416 30.1817
86.3837 30.2253
84.6056 30.368
82.6097 30.5058
81.6559 30.4398
83.4121 30.1093
84.9924 30.0942
84.1145 30.3394
85.5908 30.1777
85.2356 30.2536
84.7767 30.1716
81.9306 30.0971
83.0588 30.0108
82.7228 30.0616
84.6995 29.9659
86.799 30.5843
84.5223 30.4928
85.3943 30.1652
84.2575 30.3419
84.5909 30.2822
86.3423 30.229
86.8234 30.6282
84.063 30.5721
83.8001 30.3755
83.2421 30.4158
83.1143 30.567
82.7677 30.3613
81.7215 30.1382
86.686 30.1962
86.5373 30.2447
85.2607 30.2169
87.0183 30.1024
86.477 30.0662
89.1899 29.8947
84.1325 30.2382
83.935 30.3324
85.6318 30.243
86.2507 30.2369
85.2265 30.2078
84.9265 30.2383
88.3079 30.2044
85.8419 30.2129
84.7113 30.1083
88.0296 30.5638
86.8401 30.5331
86.092 29.9522
88.0842 30.2808
82.7852 29.9819
82.7606 30.4518
82.4219 30.575
83.9901 30.5874
85.0957 30.0959
82.8178 30.6065
86.3132 30.3251
82.4141 30.2569
82.5675 30.2744
81.7936 30.744
81.8016 30.0501
82.8806 30.3784
82.7205 30.4917
84.7282 30.4085
84.7389 30.2692
86.6923 30.2407
87.6797 30.3933
85.2485 30.5304
85.4839 30.3281
87.3528 30.3722
86.9722 30.547
84.2587 30.179
84.9615 30.2837
84.8842 30.3363
81.2903 30.2104
83.4269 30.1654
87.0689 30.255
85.5175 30.3173
85.6476 30.3082
85.9546 30.1812
84.9192 29.9658
81.3627 30.2757
83.7935 30.0404
81.8116 30.5957
88.9406 30.1656
88.1079 30.1864
87.534 30.4183
84.6494 30.3006
87.5446 30.6164
79.2165 30.5616
81.4222 30.5509
83.5593 30.3324
84.9836 30.2392
85.4139 30.0451
87.1037 30.4577
85.3838 29.8801
84.9103 30.3478
79.3189 30.2994
80.6546 30.4836
83.0269 30.3166
81.4011 30.2389
81.6468 30.5122
84.9604 30.2427
85.9673 30.285
83.7487 30.717
88.3163 30.1069
87.0101 30.0702
87.3623 30.0429
85.207 30.1211
85.3726 29.9957
86.5535 30.2212
80.7399 30.5044
82.8192 30.1159
84.4936 30.6564
83.7346 30.5899
84.1742 30.5301
83.8563 30.3661
85.003 30.0675
85.2637 30.3984
86.1405 30.3858
83.8631 30.4271
85.2084 30.3734
85.0887 30.1911
82.0632 30.2222
86.1948 30.44
80.5766 30.424
81.5931 30.6054
85.9393 30.4729
85.375 30.319
86.006 30.3239
85.5755 30.0884
86.4184 30.1386
88.4173 30.4441
88.8148 29.9474
86.2418 30.1892
88.2955 30.1092
86.7469 30.3286
90.2814 30.3348
90.742 29.9148
90.3138 29.8174
84.422 30.287
82.4944 30.2483
82.3972 30.3234
83.471 30.1834
84.8073 30.3039
83.7394 30.322
83.1367 29.9912
84.9668 30.0046
86.0848 30.4163
85.3932 30.1064
85.516 30.3107
84.7766 30.5371
87.312 30.3667
82.6814 30.1657
83.0292 30.3883
88.0271 30.405
86.1915 30.1143
85.3161 29.8092
84.3253 30.0337
83.6795 30.1601
86.3329 30.5296
87.4882 30.175
85.7213 30.1252
84.6846 29.9985
83.1819 30.2289
85.5055 30.4008
86.7694 30.7136
85.3822 30.2164
86.1871 30.5175
86.2628 30.1279
83.4977 30.1451
85.192 30.0555
89.0963 30.3266
88.8457 30.2179
87.8389 30.2464
85.782 30.1128
85.782 30.3507
85.8483 30.3017
87.1535 30.1221
87.9926 30.4893
87.2361 30.4779
88.0768 30.4039
92.8821 30.2558
86.7365 30.6105
86.6807 30.3045
87.0759 30.8183
85.4047 30.2528
86.2852 30.0694
87.5736 30.0856
87.0659 30.2199
90.1007 30.2517
88.7463 30.2427
89.3865 30.4102
86.743 30.5126
88.5962 30.3933
87.2051 30.1986
88.0208 30.2854
88.6996 30.3046
87.3819 30.0685
85.4264 30.2575
85.9797 30.709
86.0728 30.1151
82.6363 30.2515
84.097 30.3517
82.737 30.4474
84.3468 30.3141
84.1833 30.5191
85.2901 30.3934
82.3638 30.5014
84.2245 30.3612
85.1519 30.137
85.46 30.2776
87.8943 30.227
84.7832 29.9574
83.0115 30.3433
84.9857 30.5837
87.2143 30.5347
83.0871 30.554
86.3858 29.9131
86.3047 30.268
85.1046 30.4783
83.3705 30.3122
85.8934 30.244
86.3457 29.9729
87.113 30.2608
84.0608 30.4371
82.6531 30.2408
84.5147 30.2184
85.7626 30.4307
84.1799 30.392
85.5062 30.4593
84.9799 30.202
78.5743 30.1964
82.1757 30.2727
83.8325 30.0504
85.7446 30.1821
84.5511 30.1437
87.5293 30.1325
87.2705 30.3501
83.8668 30.4998
86.4873 30.1105
84.5012 30.3857
86.8796 30.4584
85.6617 30.4724
86.1783 29.9806
84.3543 30.1074
84.9016 30.4892
83.4025 30.2558
83.2209 30.3383
86.5768 30.2073
84.8464 30.4465
85.1097 30.3984
87.3699 30.2337
84.9259 30.1961
84.1383 30.1079
84.4821 30.2466
83.2976 30.1753
83.4026 30.1043
85.2065 30.1917
83.4082 30.4468
84.7726 30.5338
84.7713 30.7847
84.8676 30.4222
85.2059 30.2421
85.7206 29.9385
85.8365 30.043
85.9217 30.1054
82.8321 30.9375
85.6293 30.247
85.8272 30.3834
86.9824 30.4032
86.4356 30.1848
84.3655 30.3536
85.4373 30.3617
86.0988 30.0661
86.7259 30.7318
87.1423 30.3975
88.3592 30.3467
88.6887 30.3686
87.6306 30.3686
84.8176 30.3081
84.6132 29.9108
85.4158 30.1178
86.8312 30.0558
84.8534 30.3207
83.888 30.2682
83.4044 30.177
83.3099 30.3349
83.5443 30.1238
82.1597 30.4696
85.6676 29.9904
86.7111 30.2919
86.6671 30.1342
88.6076 30.0495
86.9586 30.0333
87.7638 30.1186
87.321 30.3117
85.157 30.1619
85.547 30.2238
87.0947 29.9398
84.8964 30.2519
83.3487 30.3812
81.825 30.5239
83.5171 30.1603
84.3972 30.2617
84.4163 30.3137
86.4126 30.3243
83.7452 30.2258
83.7145 30.2939
83.9549 30.0571
80.75 30.3212
84.0434 30.1656
86.6702 30.134
85.7561 29.8849
85.2001 30.6306
85.743 30.1269
85.3917 30.1395
86.5569 30.4441
88.1154 30.5972
90.4849 30.3132
86.4862 30.538
86.8906 30.3967
84.4059 29.7852
83.8001 30.0046
83.6696 30.0713
85.2307 30.0954
83.8499 30.2806
83.6958 30.2226
85.8316 30.4228
82.9613 30.2752
83.9909 30.2772
85.0803 30.2503
85.5852 30.2185
86.6038 30.2099
84.8737 29.8784
85.0964 30.2317
87.7179 30.422
90.2028 30.1443
88.3792 30.2471
87.4473 30.1303
82.5126 30.2578
86.1659 30.5474
86.1088 30.2282
85.8824 30.4337
87.0118 29.9998
88.1087 29.9532
86.0098 30.0022
87.3217 30.1223
88.8975 30.4257
86.9332 30.379
88.8654 30.1628
85.1731 30.5064
83.0628 30.5267
85.7157 30.4098
88.7446 30.3043
88.3856 30.5186
88.4342 30.2188
86.0102 30.2074
84.6573 30.0644
83.6597 30.3775
83.9536 30.1706
85.6085 30.2331
87.1052 30.2585
86.494 30.2834
82.3991 30.308
82.3991 30.4757
83.7491 30.1586
84.4128 30.3769
83.396 30.1319
86.6052 30.3346
86.3527 30.096
86.1583 30.0749
87.605 30.2197
86.3006 30.6651
86.1481 30.434
86.0728 30.0315
82.9816 30.0617
86.0269 30.2524
87.0923 30.3134
88.3023 30.0817
87.6829 30.1591
87.5669 30.5004
86.567 30.3805
89.8783 29.8802
86.7848 30.1445
88.3984 30.0999
80.8291 30.4742
83.1902 30.1985
87.3593 30.2367
82.733 30.3413
84.7569 30.448
83.8471 30.4059
83.601 30.2267
84.4134 30.2526
84.3879 30.4639
84.4091 30.2284
84.4868 30.1665
85.857 29.9695
86.0941 30.1018
84.5012 30.3044
85.5878 30.7744
85.6196 30.3425
86.4932 30.3861
86.8455 30.038
83.7086 30.4326
86.1033 30.3272
86.1532 30.0985
86.6516 30.6631
87.5093 30.5175
86.9607 30.0262
85.3202 30.1091
85.7174 30.2296
83.8708 30.2266
84.5209 30.3493
84.9921 30.4165
84.1938 30.3253
85.4465 30.2597
85.7949 30.2976
86.0442 30.2576
85.3674 30.3485
83.0469 30.6351
86.7906 30.4515
87.2183 30.5226
91.5182 30.2158
87.7757 30.1039
87.2189 30.3961
87.2113 30.0533
87.3217 30.1573
86.1998 30.4677
86.0461 30.0733
87.2768 30.1483
82.5888 30.085
87.3978 30.1194
86.0106 30.3912
84.1628 30.0342
84.1628 30.3667
87.9725 29.9505
86.9504 30.3755
88.1458 30.4195
87.8279 30.1701
87.8279 30.1933
89.3384 30.2262
84.378 30.093
83.5877 30.3241
83.5553 30.595
84.4902 30.5141
88.2303 30.4232
88.1869 29.8387
88.1869 30.506
83.8046 30.3817
83.5124 30.4609
83.5217 30.1562
83.5163 30.3037
83.4384 30.5542
83.4398 30.4207
83.4422 30.2916
83.443 30.472
83.4549 30.4709
83.4165 30.4765
83.1391 30.3792
84.3331 30.462
85.3054 30.0169
85.5751 30.0956
87.1408 30.1512
87.1895 30.0681
86.9372 30.3923
86.0622 30.5006
88.881 30.133
87.7379 29.9321
86.9163 30.2804
85.3304 30.4306
85.4401 30.0182
84.4415 30.1351
87.353 30.0929
90.7491 30.496
94.4411 30.1647
90.7668 30.2798
91.4705 30.8347
92.9201 30.5656
88.3006 30.3661
87.2867 30.3926
86.3843 30.222
86.5251 30.0504
86.3481 30.1976
86.1192 30.0622
84.7428 30.8249
81.3487 30.5061
83.7793 30.4398
84.1216 30.2963
84.5481 30.0006
85.9662 30.0259
87.1204 30.2262
88.1386 30.2182
87.9237 30.1733
85.9208 30.5748
84.2259 30.3435
84.035 30.4053
85.3198 30.1622
84.0187 30.1597
81.3435 30.4321
84.1583 30.4982
85.0888 30.2097
83.0659 30.613
84.221 30.2437
80.7183 29.996
82.0959 30.1325
82.3396 30.1817
81.9604 30.1817
82.9825 30.5169
80.742 30.6108
83.0481 30.6977
83.2923 30.3414
81.2287 30.2768
81.1286 30.478
83.2006 30.3254
84.8852 30.3953
84.2213 30.5229
84.3552 30.4106
84.3785 30.4361
86.7391 30.4795
85.6005 30.5801
85.1352 30.4295
83.2564 30.2956
82.9214 30.2789
85.0499 30.2809
86.2709 30.1078
86.5655 30.6218
86.3069 30.6218
86.3909 30.405
82.7363 30.5443
86.3005 30.1179
87.6159 30.3363
84.148 29.9597
85.3286 30.0569
83.2496 30.1668
83.3653 30.3583
84.5977 30.087
84.1401 30.3174
84.2672 30.4257
83.9494 30.1205
85.5261 30.1119
84.5051 30.1234
87.2469 30.1148
84.0639 30.3598
84.2054 30.3273
86.7046 30.3359
88.2646 30.3393
84.5689 30.3025
82.9857 30.5642
83.5235 30.5471
81.2324 30.5541
81.7971 30.5145
81.9008 30.1512
79.8956 30.1767
81.326 30.3952
81.326 29.9778
86.5207 30.7073
85.5764 30.3999
85.0271 30.4576
85.4758 30.454
84.0219 30.5828
82.5474 30.4128
84.9513 30.3398
86.4171 30.2342
83.6361 30.0971
85.068 30.1862
85.2391 30.1569
87.4059 30.0939
87.2451 30.279
88.7217 30.2823
81.2926 30.2885
85.3326 30.3425
83.9462 30.2825
81.1727 30.2546
84.6839 30.1706
84.5063 30.2836
86.8337 29.9591
87.5082 30.5717
86.7078 30.1742
81.718 30.2576
82.3859 30.1157
83.3468 30.2979
87.5758 30.2114
88.3518 30.3798
86.5109 30.2614
83.9161 30.3543
83.3038 29.9848
82.9654 30.1788
81.5599 30.3768
80.5027 30.5673
84.6028 30.5196
84.6394 30.4732
84.7282 30.2163
85.6475 30.2163
84.1583 30.2672
83.5091 30.3721
82.663 30.2337
80.8438 30.5128
82.4763 30.4884
84.6541 30.3232
81.4908 30.333
82.896 30.3784
84.3961 30.1793
85.7932 30.2507
90.1903 30.0628
84.5021 30.3371
82.0505 30.415
84.189 30.4519
80.4813 30.3951
85.4409 30.4088
87.661 30.4513
84.3667 30.1797
88.2757 29.9814
85.2815 30.5802
84.1004 30.606
84.012 30.4991
85.6613 30.5581
86.8962 30.4419
86.4531 30.4227
83.2249 30.4536
85.5808 30.2216
84.517 30.262
84.7213 30.3056
85.4528 30.2311
86.6414 30.1743
86.1008 30.4798
84.1991 30.2419
83.3937 30.2382
82.2473 30.0843
83.5057 30.4481
84.2811 30.4645
87.0975 30.0907
85.4774 30.1265
83.5385 30.1532
85.0109 30.1822
86.1762 30.2261
90.1238 30.5663
87.9856 30.329
84.5442 30.1862
85.5705 30.2346
86.835 30.1896
86.5525 30.209
87.5158 30.3507
84.8227 30.3507
83.8308 30.4848
83.9889 30.2755
82.255 30.4482
80.5749 30.2719
82.6046 30.2023
85.2883 30.1039
83.8453 30.2551
84.1401 30.5067
84.4038 30.3967
84.1024 30.0348
84.4357 30.1531
85.5863 30.0947
85.7335 30.1903
85.5618 30.202
85.438 30.194
87.516 30.1707
86.4474 30.1609
85.6151 29.9637
83.1142 30.2873
81.9931 30.4544
84.5417 30.4757
86.0134 30.6522
89.1991 30.5974
87.0666 30.1281
85.7519 30.115
86.005 30.1693
86.2269 30.1608
87.4799 30.4234
84.5067 30.4087
84.1799 30.1799
81.5992 30.2666
88.1666 30.3308
87.0457 30.1367
86.8149 30.516
84.4503 30.3612
86.1722 30.4981
86.8628 30.3072
87.245 30.1335
89.0922 30.1729
86.4506 30.5246
84.5604 30.4465
84.3312 30.3931
84.3566 30.4987
85.472 30.5515
83.1012 30.4231
86.4094 30.4759
85.2809 30.007
88.2011 30.1532
86.636 29.6529
87.8257 29.8873
87.0306 30.616
87.7838 30.4226
85.554 30.187
89.1875 29.8261
87.115 30.0242
84.8524 30.2396
83.0287 30.1057
86.8937 30.1788
85.7989 30.0144
85.7858 29.7852
86.1619 30.7038
80.6972 30.1536
83.2816 30.4256
84.3126 30.0863
87.7901 29.8096
87.3113 30.1581
85.8464 29.9522
85.0619 30.269
85.6572 30.2654
86.6705 30.3718
85.9517 30.4445
84.7298 30.6
83.24 29.9121
87.919 30.0863
85.97 30.0258
85.9766 30.3427
83.4524 30.5293
85.656 29.9468
85.8722 30.1532
84.0006 30.7236
81.944 30.6322
78.5058 30.4727
83.5512 30.4203
84.029 30.3959
85.2256 30.4746
87.0837 30.4795
87.7346 30.075
83.8382 29.8979
86.3003 30.6152
84.8353 30.3749
84.8824 30.4114
85.8803 30.1849
85.3858 30.0939
88.9379 30.1349
84.5304 30.4051
85.8141 30.3975
84.4093 30.4273
82.6801 29.9423
82.0404 30.5461
82.7961 30.333
80.9936 30.387
82.4326 30.3997
83.2657 29.9955
83.7511 30.0939
83.5598 30.0907
83.7135 29.8689
83.8677 30.6545
85.9338 30.5361
87.7187 30.5216
85.466 30.5202
83.8853 30.5845
83.6984 30.467
84.1259 30.3396
83.6485 30.2709
84.3266 30.4482
83.2278 30.2381
89.17 30.2342
81.409 30.3032
83.6441 30.4333
81.4477 30.4246
85.5744 30.3247
85.1175 30.3003
83.9703 30.3474
82.0359 30.3454
82.0626 30.3125
82.4661 30.3548
85.8925 30.3844
82.4344 30.2238
78.8523 30.3526
79.6 30.3082
80.7072 30.5347
80.8425 30.5887
83.1415 30.5799
85.9318 30.3471
86.9405 30.3194
88.9224 30.1535
88.0986 30.4473
86.9061 30.3508
84.507 30.3043
85.6341 29.8534
84.1029 30.0524
86.2516 30.2959
84.6923 30.3393
84.4422 30.1094
84.5327 30.0478
84.8031 30.133
85.1111 30.3026
85.369 30.5668
86.6507 30.0864
85.564 29.9752
89.416 30.1887
88.4053 30.458
88.4695 29.898
89.6812 30.1374
91.3088 30.2904
91.2413 30.1118
92.4043 30.108
91.5345 30.019
88.6095 30.2012
85.6172 30.0914
85.7104 30.3747
85.9764 30.2508
85.8134 30.3471
84.965 30.4826
84.5857 29.9077
83.6794 30.5531
83.6207 30.2141
81.5628 30.0054
80.4649 30.4473
83.9262 30.4782
84.631 30.2188
84.6308 30.2887
84.1586 30.2976
86.9331 30.2828
87.6582 30.0597
86.2355 30.1459
86.3062 29.9767
83.6152 29.8761
87.2703 30.1056
86.1162 30.0533
83.157 30.4484
82.7622 30.0511
81.4105 30.5783
82.1142 30.3524
84.4035 30.6391
86.6898 30.6857
85.195 30.2201
83.3077 30.2722
81.0335 30.206
85.4341 30.0219
84.6369 30.2507
85.1831 30.3582
84.6972 30.6087
83.6605 30.4472
86.979 30.269
85.5285 30.1224
86.4361 30.1984
85.8608 30.15
87.1838 30.5432
84.6041 30.4598
87.4616 30.348
86.1999 30.4268
85.4165 30.3914
85.1709 30.4084
84.937 30.3595
85.7538 30.5286
89.2057 30.2318
85.5229 30.3728
88.034 30.1068
84.7799 30.4131
85.5434 30.3112
86.6138 30.0887
86.0109 30.1833
86.219 30.2564
82.0485 30.2387
81.7283 30.3342
85.3547 30.3401
86.3731 30.4005
84.2552 30.2218
84.6036 30.3779
86.3057 30.23
85.3124 30.3283
84.4604 30.3403
84.1432 30.4099
83.1528 30.407
86.9694 30.407
88.1543 30.4072
86.5617 30.407
86.076 30.5362
84.9161 30.3311
86.9949 30.1078
86.0683 29.9118
85.9769 30.3344
84.9124 30.345
84.8676 30.2347
81.8643 30.6926
83.218 30.5893
85.8614 30.661
83.0428 30.6616
86.6038 30.2913
87.4888 30.0306
86.0408 30.6577
86.1804 30.3707
85.719 30.2603
83.0719 30.5243
84.7729 29.9505
83.4163 30.3086
83.3721 30.2256
85.2361 29.9759
86.616 30.6049
88.6529 30.0247
85.6938 30.2616
87.3925 30.6698
86.1049 30.5239
82.0501 30.5076
83.6926 30.2313
80.2322 30.3882
82.9166 30.3661
82.7861 30.3452
85.4941 30.115
85.845 30.1373
83.4597 30.09
84.7863 30.0796
85.8053 30.0795
86.9544 30.3937
83.9876 30.7797
87.0043 30.1909
87.0564 30.3875
85.8001 30.3343
82.8365 30.3971
86.0804 30.4178
86.2584 30.3577
85.6423 30.1799
89.3085 30.1472
86.4052 30.3954
82.7814 30.5733
84.4241 30.2193
87.6346 30.0395
84.3382 30.3571
85.5979 30.7449
85.0476 30.2801
85.8387 29.9444
86.9159 30.0855
85.3304 30.2353
85.1612 30.1829
85.5774 29.9978
85.068 29.8619
85.9241 30.0207
85.7871 30.4012
85.1833 30.2742
88.9542 30.4959
87.0627 30.0763
84.831 30.1821
86.5112 30.2516
86.8362 30.2913
87.9158 30.1959
85.8488 30.5811
85.9906 30.3566
83.0376 30.2014
84.2163 30.0153
82.2092 30.2416
86.0604 29.9497
84.5452 30.1441
82.3919 30.667
84.439 30.4107
84.6336 30.3221
85.39 30.419
86.1557 30.2801
88.1834 30.101
86.491 30.227
89.1649 29.9647
87.1128 30.2281
86.0819 30.0859
84.5615 29.9675
82.8276 30.4912
83.2422 30.3082
82.8062 30.3422
83.5556 30.3335
81.6842 30.2147
80.9016 30.5292
84.3719 30.0499
85.4627 30.0349
85.579 30.1006
83.0942 30.2234
83.8087 30.2656
83.9912 30.2987
86.6206 30.1962
84.2093 30.4962
82.7527 30.3761
84.7681 30.2578
86.359 30.2734
85.6047 30.4187
84.1323 30.3693
81.7378 30.3291
81.6072 30.5009
82.2776 30.3862
83.5867 30.1131
85.2214 30.3397
86.4943 30.1607
80.3056 30.541
86.4526 30.2999
88.3 30.2983
84.3914 30.2899
83.4006 30.2404
86.4946 30.3554
87.1379 30.411
84.4794 30.1482
84.7774 30.0877
85.9138 30.1046
83.9809 30.3559
85.6724 30.3385
82.7793 30.5051
82.6504 30.393
81.371 30.5818
84.3373 30.5404
86.8916 30.2179
82.4409 30.1196
85.2931 30.3492
89.1791 30.342
86.0887 30.3703
86.7388 30.2223
87.7763 30.0366
83.0132 30.5764
87.0604 30.4828
85.8696 30.5613
84.4371 30.3276
85.8613 30.197
88.7499 30.591
86.7394 30.5947
89.4485 29.9025
86.6029 30.3002
83.8133 30.5161
84.7969 30.2356
82.4767 30.3705
87.2105 30.3447
85.1483 30.143
83.7093 30.4034
80.6733 30.1753
80.8777 30.1844
83.1919 30.1665
82.3624 30.0513
79.2142 29.9956
81.9895 30.6854
84.8571 30.5843
86.7182 30.5868
83.8772 30.5733
80.9773 30.2774
82.6032 30.3773
82.1571 30.4469
84.0017 30.3157
84.5982 30.1883
88.5237 30.3791
82.7548 30.1834
83.427 30.3672
82.3057 30.3835
87.8998 30.3444
84.5519 30.3279
84.6474 30.053
84.6652 30.4089
80.1982 30.4084
84.1505 30.0824
85.7776 30.2925
85.1681 29.8053
83.7551 30.2041
83.4461 30.2822
84.9252 30.2238
84.2822 30.3719
85.5676 30.4125
82.4025 30.1997
83.0963 29.8568
84.58 30.7295
84.5523 30.1739
86.8819 29.8666
87.4798 30.2568
88.5309 30.4549
87.1815 30.1678
88.3284 30.3987
87.5081 30.3227
86.3331 30.2962
88.9196 30.0449
84.6064 30.5117
82.6828 30.6444
85.7507 30.0169
86.8243 30.0637
85.6973 30.14
90.1897 30.2996
89.528 29.841
88.0586 29.9019
85.1699 30.2343
87.1719 30.0911
85.5848 30.2188
88.7472 29.9757
85.4795 30.3843
85.36 30.4901
84.4099 30.1624
86.2696 30.4521
85.6947 30.1657
84.7728 30.3524
84.6533 30.2874
84.7487 30.0428
85.7897 30.3262
86.8598 30.5022
86.1866 30.2919
83.8768 30.2767
83.9547 30.1512
81.9257 30.1543
81.3695 30.5864
81.2839 30.405
82.8307 30.6175
82.2647 30.1506
81.4249 30.3406
84.4691 30.1576
86.5476 30.1417
86.6773 30.502
81.9117 30.5955
82.4197 30.5202
84.3406 30.232
83.3176 30.2348
84.4809 30.3172
85.8769 30.5418
81.186 30.5497
83.5375 30.6053
85.5228 30.524
88.0096 30.3608
85.284 30.3212
80.0791 30.5702
85.8083 30.3999
86.4357 30.3608
87.3531 30.3857
85.514 30.2927
82.4735 30.2426
87.3866 30.3114
86.0798 30.2537
84.6737 30.3627
87.3549 30.1995
86.6057 30.3642
83.617 30.2976
86.3231 30.292
88.2396 30.0118
86.6373 30.132
84.3968 30.3258
84.5656 30.4066
84.4433 29.9877
86.3355 30.2289
84.9722 30.5032
84.8035 29.9569
84.579 30.2261
83.1165 30.0368
83.496 30.4233
85.1884 30.3563
85.7859 30.7359
84.6267 30.52
83.8829 30.2608
84.8515 30.3445
82.3663 30.4915
83.2908 30.5711
83.9993 30.6466
84.2428 29.9786
84.942 30.3772
84.8877 30.5871
84.0172 30.2963
87.8043 30.1206
87.7373 30.0091
86.5524 30.3393
87.2303 30.4125
84.3901 30.2995
85.3457 30.76
83.9039 30.5013
83.1483 30.3891
85.7935 30.1191
86.1841 30.2287
87.5396 30.1866
88.3382 30.1881
86.7666 30.0675
85.051 30.3602
85.3639 30.2962
84.508 30.4062
87.252 30.2611
86.9767 30.1833
86.1642 30.311
85.9768 29.8752
83.6261 30.1155
85.1036 30.2523
85.4423 30.3992
87.1256 30.4369
82.7349 30.2447
83.9632 30.5092
85.3579 30.2211
86.5945 30.0916
86.023 30.0172
86.8752 30.4046
86.4897 30.3843
86.1037 30.3964
86.4116 29.8897
86.0603 30.4969
82.8057 30.4032
83.5753 30.3974
82.4409 30.4415
82.1872 30.3021
82.5751 30.2621
84.4902 30.23
85.8153 30.205
86.3218 30.2986
85.6972 30.2795
84.0387 30.0797
86.979 30.0803
87.4878 30.4302
86.9689 30.4283
85.2002 30.2836
83.1645 30.4529
82.8813 29.9001
81.5291 30.3206
81.7768 30.2889
83.3347 30.3007
83.4654 30.5018
84.0804 30.1134
90.5979 29.9906
87.1274 30.2783
89.1646 30.6989
86.616 29.9483
85.6446 30.0797
83.1389 30.5631
84.1014 30.3222
87.0912 30.3501
86.3932 30.2098
86.7802 30.4015
88.9516 30.3317
88.0858 30.2922
86.0983 30.1269
87.5348 30.1985
84.6252 30.1543
85.1115 30.3667
83.4659 30.1416
82.9776 29.7892
85.5775 30.0554
84.2188 30.1215
84.2338 29.9869
83.8671 30.0442
82.2454 30.1485
83.2698 30.4614
85.7946 29.9736
84.1416 30.1378
80.8209 30.0936
84.1427 30.6783
84.2455 30.2416
83.2086 30.4041
83.0888 30.4163
82.9056 30.3682
84.7657 30.5657
84.7991 30.4015
84.6927 30.3958
81.2874 30.38
80.8059 30.5767
84.8159 29.9074
81.7317 30.5762
80.7324 30.5246
83.148 30.309
84.0784 30.3216
83.8491 30.3489
83.5553 30.3761
86.9453 29.9577
86.1806 30.3249
84.7701 29.9189
84.9213 30.01
85.2945 30.1654
84.775 30.7305
84.5821 30.443
83.9876 30.3446
86.4396 30.2237
85.117 30.3936
84.0156 30.4079
83.9844 30.2875
83.8854 30.5409
83.2482 30.0809
85.7108 30.2317
85.3525 30.2165
81.5313 30.2244
81.6664 30.5159
83.8234 30.2982
82.9147 30.1494
81.6797 30.51
82.4932 30.0849
84.4442 30.3759
83.9368 30.4612
83.9368 30.3634
82.1693 30.4
82.0194 30.286
82.6793 30.386
82.6658 30.4825
81.022 30.5809
80.4816 30.4761
87.2374 30.0641
85.0858 30.0817
83.3294 30.1125
81.6035 29.9788
83.5179 30.6286
84.5116 30.1028
84.9541 29.9277
87.6309 30.0528
88.8657 30.1676
87.1588 30.0257
85.5592 30.3229
85.0856 30.6477
86.0833 30.5614
82.0407 30.3233
83.6812 30.1568
85.0136 30.3928
84.6052 30.3357
83.1491 30.1269
84.8861 30.2447
82.7057 30.1586
86.6027 30.1806
85.2056 30.1702
84.0461 30.0757
83.8209 30.1886
82.6616 30.4183
84.0349 30.4675
84.7907 30.5023
83.6732 30.5523
86.3272 30.2021
84.7576 30.1867
83.2165 30.1577
86.0188 30.2649
82.9882 30.3
81.885 30.4754
84.997 30.3361
85.2892 30.2728
84.5272 30.3065
88.8819 30.1449
88.8891 30.3972
86.8173 30.4118
87.7805 29.9597
88.3354 29.9006
85.0202 30.1894
84.978 30.2385
85.673 30.2343
86.2555 30.2351
85.3592 30.2354
87.0227 30.1797
86.7926 30.2616
84.6237 30.5211
84.0005 30.3129
84.6644 30.1807
84.572 30.4814
84.3434 30.4318
86.0612 30.3839
85.4739 30.378
87.3139 30.4123
87.5985 30.208
86.627 30.2141
83.62 30.1631
81.8462 30.1247
84.692 30.1094
84.605 30.5168
84.4451 30.4886
87.0658 30.4877
89.2513 29.8379
86.5558 30.076
83.3474 30.5378
84.7578 30.3263
85.616 30.2355
84.9734 30.3596
83.728 30.1585
82.3951 30.6766
85.6021 30.3146
86.3923 30.2977
85.4858 30.2712
82.966 30.5055
83.8497 30.6154
83.838 30.4131
85.6036 30.327
84.737 29.9706
86.9177 30.1665
86.2635 30.3386
86.3734 30.2398
85.9877 30.4161
86.5986 30.3587
87.1013 30.1651
81.6877 30.6015
80.6925 30.3829
80.8909 30.691
85.2764 30.4577
85.3724 30.1241
87.544 30.2278
85.0279 30.4331
82.8444 30.4333
83.7687 30.3957
83.4736 30.283
87.2426 30.7167
87.2236 30.1461
86.9118 30.4202
88.3569 30.1178
89.467 30.1561
86.0833 30.2336
85.0001 30.464
84.6117 30.6383
83.9696 30.1528
84.4233 29.9277
85.8071 30.2486
84.9423 30.3694
87.8944 30.1396
89.2461 30.2371
86.0037 30.41
85.3082 30.1592
87.3793 30.3902
85.8407 30.2121
84.8204 30.4219
87.4334 29.963
84.4985 30.4028
84.2067 30.4188
84.554 30.3183
88.3648 30.4168
86.6524 30.4494
81.599 30.4681
84.88 30.4565
86.1223 30.3502
85.0986 30.618
83.6592 30.1954
85.1604 30.5366
82.771 30.1059
82.2157 30.0747
82.3239 30.6956
84.1403 30.1718
86.3956 30.3419
86.3402 30.3839
81.294 30.3812
82.5209 30.3603
84.647 30.5992
84.3934 30.3617
84.0439 30.5234
86.0088 30.2999
81.9719 30.0847
82.4504 30.0505
84.2686 30.1348
84.1176 30.1544
84.2342 30.0052
88.6848 30.4985
85.3663 30.1923
84.1325 30.5568
86.3043 30.1165
87.4341 29.9731
86.5174 30.1358
86.1377 30.216
85.3493 30.3399
82.6756 30.4703
85.4098 30.3256
89.542 30.2121
87.8347 30.1155
85.481 30.325
83.0003 30.1577
83.2687 30.2915
83.7773 29.9717
85.1032 30.2077
85.3661 30.2511
84.2593 30.3608
85.3058 30.2867
85.3058 30.1095
88.0604 30.1911
84.204 30.4221
84.7996 30.1175
83.6225 30.4107
84.9906 30.5801
84.3443 30.381
82.9682 30.3507
85.158 30.3466
81.9906 30.3208
82.1917 30.3064
85.8204 30.2386
85.288 30.258
85.4402 30.3018
84.745 30.3324
85.2028 30.3476
88.5428 30.289
86.546 30.2576
85.7364 30.4752
84.8258 30.2573
87.0768 30.2757
87.2996 30.3603
86.1311 30.3718
83.632 30.3437
85.2577 30.2951
81.6227 30.1418
82.4732 30.5052
86.1107 30.2669
85.1359 30.3457
86.6778 30.4574
86.1978 30.7447
86.0472 30.1237
85.4474 30.3415
85.7869 30.1385
86.5995 30.143
84.1191 29.9132
83.6542 30.3862
83.2708 30.2571
82.0397 30.5697
82.4459 30.1819
85.8079 30.3072
86.3057 30.2908
89.2459 29.9773
89.1105 30.4548
86.9186 30.1291
85.3824 30.3931
84.6124 30.4879
87.4107 30.4912
87.2274 30.01
90.4008 30.149
86.447 30.1817
88.7555 30.1637
88.9295 30.1795
86.2109 30.3284
85.8529 30.2864
85.5506 30.3318
86.0007 30.083
86.3994 30.0926
84.9755 29.8862
86.688 30.2996
84.2949 30.3573
90.6807 30.3093
93.7508 30.0109
87.468 30.1649
83.6983 30.6152
82.9985 30.5764
82.2482 30.4988
79.9861 30.6737
82.8782 30.396
84.413 30.0441
86.345 30.2545
84.4247 30.4527
84.9537 30.3678
83.9467 30.5631
84.3672 30.3638
84.1312 30.2626
81.9179 30.4594
82.307 30.4248
84.767 30.4611
83.788 30.5123
86.7876 30.0522
82.715 30.2532
82.0101 30.0118
83.866 30.3416
83.9378 30.3417
87.4158 29.9676
83.6256 30.2327
84.818 30.215
85.6034 30.3459
85.9974 30.3442
84.9345 30.6259
83.7165 30.2671
84.7319 30.5191
87.9053 30.0605
86.0863 30.198
82.9575 30.477
84.028 30.1794
86.4511 30.4248
85.7238 30.3059
85.5465 30.369
87.3605 30.5233
88.1947 30.4796
87.9309 30.4837
85.9401 30.4931
87.3414 30.5673
86.7421 30.3503
84.8599 30.365
86.6771 30.2171
84.9937 29.9682
85.4416 30.2107
84.9674 30.3778
84.653 29.9048
85.8544 30.4907
87.1409 30.2537
85.603 30.0313
87.4369 29.9508
84.6244 30.7039
86.3978 30.2307
87.4909 29.9231
84.6376 30.954
84.4509 30.3516
84.6739 30.5708
84.3317 30.4444
84.3862 30.0005
85.0422 30.1666
86.6567 30.3557
85.6362 30.1672
82.0435 30.4568
86.6326 29.954
87.2123 30.0446
84.8011 30.2062
83.9588 30.6641
84.2997 30.1533
86.8076 30.043
86.1796 29.9488
84.6045 30.2489
83.1583 29.9756
82.8468 30.2061
83.1379 30.3211
85.8438 30.1664
86.3081 30.2883
88.0811 30.4932
88.5049 30.1179
85.2226 30.4157
87.6411 30.181
84.4789 30.3821
85.7499 30.4435
82.9346 30.4204
82.4607 30.2732
84.4447 30.1497
85.5321 30.123
86.731 30.2487
84.1901 30.3408
84.9956 30.457
83.0799 29.9573
86.2595 30.098
84.7491 30.1836
87.025 30.1152
82.7933 30.2736
84.2785 30.3739
85.2546 30.3376
85.6075 30.1707
87.7022 29.9477
85.6645 30.3338
86.3534 30.2348
87.4433 30.0954
89.045 30.5907
87.862 30.2089
87.6755 30.3374
86.9393 30.2104
86.9819 30.3796
86.0605 30.181
86.9359 30.1918
87.214 30.3713
82.7689 30.4218
81.6978 30.3214
84.205 30.4441
83.7616 30.4382
84.8872 30.3513
86.8311 30.2823
86.8143 30.2681
85.0793 30.1368
85.3011 30.0713
89.4067 29.9733
85.7071 29.9662
84.9194 30.4646
84.5421 30.1272
86.8035 29.903
85.1698 30.2861
85.1279 30.1577
86.5975 30.1982
86.8779 30.0274
83.6002 30.3226
84.9284 30.5317
88.3672 30.0551
87.7964 30.1598
89.4476 30.215
91.0458 30.1839
88.1877 30.1694
85.0986 30.3363
84.7883 30.2152
84.964 30.2008
83.6051 30.7469
82.139 30.5131
80.39 30.2319
84.4209 30.2677
86.1849 29.9787
84.8487 30.6614
83.6437 30.1222
85.5242 30.1921
82.3902 30.173
84.2634 30.0325
85.9411 29.9872
85.596 30.3237
84.8146 30.2391
87.149 30.2946
88.2424 30.281
85.4936 30.3404
84.7712 30.384
82.3574 30.2118
82.1144 30.5033
82.5412 29.8233
84.2116 30.3875
83.8053 30.4279
86.2223 30.0486
87.3762 30.3425
86.6457 30.2889
87.7367 30.2522
88.4113 30.3063
87.6167 30.0764
85.7622 30.1639
86.5118 30.091
87.0938 30.1419
82.6603 30.4918
84.8477 30.2821
82.5371 30.3397
84.6997 29.9257
86.6503 30.4344
86.2968 30.1637
84.3835 30.3996
83.7206 30.2542
83.7772 30.5799
83.728 30.4024
83.9177 30.3504
80.262 30.379
84.0752 30.2232
84.68 30.1867
84.9902 30.1362
85.2858 30.076
86.0972 30.2361
84.0055 30.2241
84.4057 30.5165
84.9961 30.5216
86.053 30.1216
85.9382 30.2197
84.9091 30.355
84.0567 30.4232
85.0346 30.1133
89.3458 30.0604
88.6884 30.0387
87.0567 30.0387
86.5924 30.2363
86.8121 30.4343
86.7033 30.519
86.7174 30.2639
81.7884 30.1773
86.8553 30.3825
85.8794 30.4203
84.302 30.4175
83.6297 30.3657
84.1766 30.1321
83.0516 29.9245
84.972 30.1747
86.9558 30.3655
86.6849 30.6818
85.0835 30.1513
85.9119 30.0389
83.7975 30.0574
82.5719 30.4452
86.4259 30.1159
84.6016 30.4603
83.6975 30.4654
84.6991 30.2711
88.3629 30.1972
88.3936 30.156
87.8846 29.9112
86.0211 30.2012
83.1408 30.2386
87.1467 30.4393
87.0949 30.4092
84.8906 29.7662
83.6048 30.5007
83.6263 30.2498
84.4226 30.5641
83.314 30.2724
86.1155 30.2874
84.1603 30.6558
83.1327 30.0566
84.6659 30.3091
82.8737 30.1016
83.651 30.1208
84.1223 30.255
87.7518 29.9506
87.5574 30.0161
88.4672 30.1543
87.6551 30.1623
88.9463 29.8912
88.4891 30.3391
88.8248 30.0322
86.1212 30.2583
88.7671 30.1821
85.4523 30.4273
84.3573 30.18
78.9002 30.3757
82.1902 30.3455
83.1092 30.6307
83.424 30.1442
84.4316 30.1947
85.1947 30.2232
88.7145 30.0998
82.4518 30.6086
80.5924 30.5329
81.9125 30.4331
84.693 30.2816
83.447 30.3407
83.0083 30.0444
79.9789 30.6346
82.2513 30.378
85.0326 30.0645
82.2411 30.2599
83.3859 30.0682
82.6221 30.4139
83.3324 30.3423
85.2831 30.4533
86.1469 30.3774
85.0636 30.3794
88.023 30.2546
86.0368 30.2072
87.3297 30.421
86.3562 30.386
84.2373 30.1118
84.7663 30.2091
80.4855 30.3971
81.6903 30.2748
84.4648 30.5785
84.8843 30.6301
83.5013 30.1162
85.411 30.1926
86.4648 30.3193
83.4848 30.2721
84.4887 30.199
86.4938 30.3211
87.7877 30.1202
87.5157 30.2352
87.6015 30.4186
86.0707 30.261
86.6668 30.6014
86.4991 30.3276
86.9931 30.0681
84.3012 30.2216
83.8669 30.2703
84.0171 30.1993
85.0645 30.1686
86.0277 30.3058
87.3128 30.1569
87.167 29.9332
85.8721 30.1705
85.8847 30.235
87.6714 30.3784
86.016 30.2824
85.3057 30.4733
86.2108 30.2696
87.2661 30.0859
84.3348 30.2172
83.5786 30.2186
85.8138 30.1863
87.0382 29.7812
85.5284 30.4911
83.5372 30.4747
84.5886 30.2647
82.8522 30.3905
82.6445 30.1869
81.0805 30.5727
81.8753 30.2921
83.5846 30.2526
84.7906 30.401
87.1808 30.4616
84.706 30.4315
86.5257 30.2396
82.8981 30.2927
83.1441 30.1885
83.3818 30.4344
84.7768 30.3463
82.6718 30.1589
85.7779 30.1901
84.6825 30.32
84.0706 30.3604
85.3482 30.6071
86.5913 30.3788
84.3374 29.9721
85.8364 30.1103
85.7802 30.0667
86.5921 30.1411
84.8923 30.1313
80.489 30.4007
80.5018 30.3635
80.9354 30.1283
83.5839 30.4045
85.1921 30.3992
85.3823 29.8583
85.8682 30.1434
87.4423 30.5026
89.1963 30.1724
85.3047 30.04
82.5509 30.506
81.8932 30.0388
82.2323 30.5218
84.0184 30.5109
78.4168 30.6078
82.1981 30.4659
82.1719 30.4
83.4201 30.4867
82.4678 30.5832
83.0755 30.2018
83.1099 30.3905
82.1982 30.2589
85.0479 30.2186
79.7298 30.2373
81.0463 30.1542
84.942 30.3175
85.6129 30.3726
82.5981 30.836
82.446 30.6614
80.4414 30.4596
83.6915 30.4001
81.1236 30.6428
84.2278 30.227
84.0125 30.4705
84.1658 30.164
85.6784 30.2515
84.9498 30.3278
85.4722 30.3613
87.4228 30.4273
85.4345 30.4464
84.5078 30.3557
84.3964 29.7487
86.4986 29.9594
84.8352 30.4296
86.0354 30.3083
85.202 30.279
86.1523 30.1428
84.7801 30.0681
86.0453 30.0495
84.5341 30.1838
84.5924 30.3816
89.4149 30.3228
85.8564 30.2242
85.3073 30.3873
82.8196 30.2314
82.0525 30.2482
78.6142 30.0658
82.7937 30.3369
84.2495 30.113
83.9513 30.2379
84.1184 30.2355
83.7943 30.3035
85.7789 30.1643
85.1273 30.3689
81.8566 30.3514
85.3891 30.5861
86.7294 30.0117
85.1073 30.5019
88.7139 30.214
85.8922 30.2605
85.2162 30.2426
87.2517 30.1551
88.075 30.2216
90.1651 30.7781
91.0576 30.4949
91.2627 30.5939
89.2148 30.1292
89.3643 30.0841
89.0861 30.3458
87.5926 30.4395
87.0519 30.3981
88.1345 30.4189
85.657 30.2772
87.8753 29.9921
86.4603 30.4857
86.5759 30.2528
86.22 30.6568
82.5063 30.6151
87.0556 30.2697
85.2162 30.4486
85.5506 30.532
86.2482 30.3955
83.6938 30.5207
86.1739 30.2138
85.7012 30.2101
82.9774 30.7263
85.7803 30.4239
81.5757 30.2423
81.856 30.3915
83.2904 30.5102
82.9188 30.4201
83.5317 30.2811
83.8361 30.1574
83.1526 30.2505
84.3788 30.3033
84.3749 30.6385
82.0737 30.0689
82.9739 30.3183
83.3797 30.3202
83.7593 30.2604
83.93 30.0877
82.8216 30.2637
84.587 30.2393
85.2104 30.2862
85.8622 30.3296
85.7785 30.2218
84.8768 30.3608
87.117 30.159
84.7131 30.4954
86.6382 30.601
83.3697 30.2447
82.3555 29.9763
85.1161 30.124
84.2152 30.0517
84.1714 30.3634
87.0435 30.2515
83.9629 29.9588
81.1553 30.2369
86.5076 30.4535
85.9032 30.1755
82.4573 30.2903
83.7317 30.2029
84.9652 30.1838
85.2425 30.0999
84.2008 30.1667
84.8687 30.1466
85.4713 30.421
85.6172 30.1003
88.4563 30.2612
83.4754 30.2954
83.5004 30.2571
84.5478 30.1304
85.1762 30.1412
86.6421 30.3495
87.6352 30.2812
82.2542 30.2253
82.9459 30.6374
83.731 30.3135
83.7821 30.1162
84.1763 30.3193
82.6348 30.59
82.9215 30.0451
82.983 30.1814
87.4135 30.1409
87.1779 30.199
86.9326 30.2237
86.871 29.9968
84.4515 30.473
85.4948 30.0565
85.0723 30.0538
81.7092 30.1417
86.2819 30.255
85.4208 30.5388
85.7144 30.3861
85.0194 30.3682
83.4913 30.3858
85.3031 30.1002
85.4905 30.228
85.7409 30.2382
83.6861 30.1759
85.6344 30.1391
80.9357 30.0861
83.469 30.0965
84.6074 30.5335
86.0309 30.153
83.6681 30.5345
87.1734 30.4469
84.8419 30.3635
82.7852 30.5286
83.6042 30.3385
84.6664 30.3674
83.2703 30.1473
83.4579 30.5729
85.1767 30.5169
84.479 30.3409
85.064 30.3892
86.3693 30.3491
87.2014 30.2537
88.4876 30.1178
89.2155 30.3404
86.2208 30.1359
87.3076 30.3533
89.2886 29.7874
88.0523 30.1421
85.7456 30.1461
92.8385 30.1196
91.2093 30.3805
86.855 30.3474
84.1562 30.3519
82.9919 29.957
86.6796 29.9694
85.5733 30.4055
84.2888 30.2122
82.014 30.4215
85.5062 30.2306
83.1529 30.3531
83.5964 30.1556
82.3488 30.1024
81.9569 30.6365
85.7348 29.9899
86.6458 30.3042
87.0272 30.4619
91.2758 30.3954
83.6317 30.2877
82.9653 30.2704
86.1629 30.004
84.3775 30.3649
85.3589 30.3261
85.3906 30.3904
86.9299 30.2448
86.845 30.3638
90.2502 30.366
84.0532 30.1178
83.1448 30.0268
85.3094 30.122
83.7857 30.1299
85.2137 30.4044
84.5896 30.4421
85.5975 30.837
87.7236 30.2044
89.3758 30.2827
88.3132 30.5564
88.0626 30.3671
87.0515 30.2577
87.4934 30.2049
86.7906 30.1457
87.3126 30.345
87.7472 30.3293
87.3909 30.0903
87.4916 30.1448
87.1852 30.3133
87.3572 30.3262
88.6519 30.0235
85.8292 30.1544
85.4511 30.199
84.7795 30.3338
83.408 30.1684
85.4733 30.2809
84.1212 30.2137
85.1472 30.2445
89.2201 30.253
88.8284 30.4373
91.2856 30.3256
89.2191 30.5069
88.9961 30.2691
89.5146 30.2427
88.0991 30.2791
85.316 30.2893
86.5229 30.1486
83.7659 30.472
81.0723 30.8232
86.7171 30.2613
83.8651 30.0851
86.7881 30.5363
87.6704 30.4781
83.6994 30.4254
86.2735 30.4591
84.1373 30.4326
82.7824 30.1738
82.9813 30.3894
83.132 30.4265
82.6072 30.3997
83.2211 30.1973
83.9861 29.9991
85.5374 30.0371
81.5489 30.0309
87.5194 29.9396
86.2357 30.3717
84.0687 30.3119
83.2499 30.2435
83.6941 30.2449
85.7717 30.5475
87.2297 30.2025
83.7466 30.3359
85.7526 30.256
87.377 29.8158
82.9704 30.224
86.6342 30.1466
86.8882 29.9299
85.9368 30.3331
83.8228 30.278
85.5507 30.3066
86.5478 30.1508
86.9861 29.9951
85.2352 30.0013
84.2597 30.1138
82.8155 30.3651
83.7953 30.5318
85.5038 30.273
85.1156 30.3661
83.9817 30.4253
84.0934 30.2962
85.6466 29.8977
85.2324 30.2325
84.9415 30.1845
85.764 30.3947
87.0153 30.4855
85.1043 30.5391
85.5977 30.3571
84.0585 30.2132
83.8195 30.1589
82.8099 30.2405
84.3516 30.3193
85.9109 30.3707
83.6089 30.5121
86.2265 30.3814
85.4809 30.2195
87.405 30.309
83.8444 30.2025
85.952 30.2213
85.7096 30.3228
82.3442 30.4373
81.8801 30.0296
83.0138 30.5722
80.4264 30.4346
83.0877 30.6005
80.2342 30.6166
86.7395 30.1015
84.7375 30.0703
82.9637 30.0117
84.6573 29.9861
85.2753 30.1273
86.1952 30.3277
85.7408 30.2729
85.6291 30.2782
85.5726 30.2699
84.6163 30.2778
84.5661 30.2741
83.8314 30.3195
83.5361 30.4176
85.1607 30.514
82.1832 30.4146
84.8239 30.4442
84.3914 30.3277
83.7705 30.3954
82.8275 30.6651
80.1992 30.576
84.0192 30.2284
82.1981 30.3105
81.0526 30.2875
82.0821 30.2755
86.9899 30.2744
87.0748 30.2739
87.4922 30.2539
83.3096 30.2313
83.7563 30.3604
83.9082 30.2979
84.2306 30.0432
84.4071 30.3411
82.0789 30.4069
83.9696 30.5445
82.3702 30.2274
85.1705 30.5058
86.1095 30.0472
84.3251 30.3877
83.8172 29.9427
84.3517 30.1251
87.1728 29.7356
89.285 29.7356
85.2804 30.2972
86.4058 30.1646
87.2314 30.0676
85.5376 30.3048
84.091 30.1131
84.4037 30.4075
86.3809 30.4734
85.0584 29.9951
80.937 30.1974
82.4443 30.1644
84.0304 30.1665
80.9063 30.1671
83.273 30.1666
83.882 30.167
83.1159 30.1955
82.8505 30.5585
82.5963 30.4572
86.9822 29.9753
85.6353 29.9544
85.7742 30.1432
84.0924 30.3198
86.4147 30.347
81.5383 30.1315
84.6274 30.2565
84.1005 30.225
84.194 30.0782
84.7801 30.3963
84.2346 30.0797
84.303 30.318
86.5336 30.2474
83.7413 30.0422
84.6079 30.2184
86.3813 30.3015
82.1806 30.4891
83.555 30.0849
89.6957 30.0784
82.3922 30.4951
84.5779 30.645
85.444 30.3441
86.2529 30.3143
85.4238 29.9089
83.4234 30.7046
85.407 30.4916
85.4899 30.2813
86.5271 30.2201
84.1594 30.3014
84.3382 30.3536
84.3357 30.1585
82.0734 30.3172
81.7639 30.1783
80.7138 30.2812
84.8626 30.2744
84.712 30.3242
85.2157 30.2217
86.107 30.1076
85.0138 30.0693
84.5779 30.221
83.9505 30.1716
83.3232 30.3921
83.218 30.6101
83.8423 30.4859
83.0018 30.5911
80.998 30.5534
80.8663 30.3319
84.3868 30.4157
84.2976 30.4872
85.2917 30.3159
84.1766 30.5446
84.3735 30.3289
88.9604 30.0956
85.7929 29.9793
89.586 30.2627
92.4638 30.3341
90.9651 30.3417
86.4236 30.3872
85.1651 30.2001
86.7744 30.4945
88.46 30.4703
87.727 30.1463
85.6702 30.8175
83.3501 30.5379
82.8371 30.2886
86.5455 30.4085
88.7832 30.1856
85.5032 30.16
84.8518 30.3736
85.3238 30.3756
86.4262 29.8499
86.4616 30.4713
84.1326 30.4029
88.0616 30.2445
88.1471 30.4336
88.0858 30.1145
87.1917 30.2164
83.5481 30.6511
85.9978 30.5426
86.0118 30.3575
89.346 29.728
85.9715 30.127
89.6074 30.071
89.9352 30.0483
86.3099 30.2062
84.3826 30.212
84.3826 30.1968
83.8414 30.3849
87.4418 29.9985
86.8217 30.199
85.4217 30.2122
85.7181 30.0933
86.4176 30.1017
87.1143 30.4676
86.8363 30.3011
85.7722 30.3647
85.5465 30.0168
83.9779 30.1953
84.173 30.3234
83.6994 30.1746
87.0423 30.474
84.794 29.9294
88.9818 29.9956
86.5979 30.0135
84.7169 30.1595
86.8121 30.0684
87.6016 30.1766
83.3731 30.2449
83.8463 30.1477
86.6537 30.0844
85.1322 30.4955
84.6363 30.2786
82.4835 30.3316
83.7468 30.4164
84.8715 30.3446
83.6818 30.1421
82.6707 30.1494
85.1924 30.253
86.1437 30.2774
85.4203 30.186
83.8829 30.1451
84.8109 30.4604
85.5973 30.2111
87.398 30.4289
83.8849 30.1063
85.7276 30.2529
83.3811 30.1453
82.9767 30.2111
85.6964 30.3391
84.6567 30.9533
83.9428 29.928
83.2432 30.3265
85.0981 30.1535
83.7729 30.1299
86.8008 30.2418
86.1727 30.5903
85.1725 30.0123
82.51 30.0568
81.5154 30.2439
83.6809 30.0528
85.2538 30.1413
83.4544 30.3731
87.6683 30.1981
83.2358 30.3825
82.8907 30.466
82.0102 30.127
81.0421 30.5447
83.8411 30.0817
84.7562 30.3151
85.5689 30.2723
83.4292 30.435
82.608 30.1528
84.4479 30.1745
82.5286 30.1144
85.2048 30.501
86.7386 30.0748
85.8492 29.9553
83.8331 30.0219
83.1622 30.1932
85.2947 30.1678
86.06 30.2803
85.5198 30.4185
85.668 30.4554
85.1404 30.5564
85.0636 30.2465
86.0431 30.316
81.8293 30.4789
83.2593 30.1447
84.4264 30.221
85.0975 30.1741
86.0149 30.3783
84.8032 30.3454
83.1817 30.4835
87.8059 30.0956
86.0433 30.5806
83.3198 30.3236
81.2133 30.4642
86.5098 30.3038
87.4051 30.0679
86.4203 30.1056
84.0195 30.0204
85.2432 30.4189
87.1062 30.0249
84.3816 30.2589
83.8735 30.3712
83.1984 30.6408
81.8667 30.2439
84.6997 30.0031
84.3456 29.9801
84.1857 30.2825
80.7059 29.8147
80.926 30.0968
82.3266 30.1512
82.968 30.6667
84.8599 30.1047
84.745 30.4898
81.1718 30.1049
82.276 29.8706
82.8304 30.5445
84.8231 30.3536
81.9013 30.3066
85.0973 30.3019
84.5359 30.0398
84.5384 29.9817
85.6277 30.5427
86.0091 30.5427
82.8668 30.5387
85.8261 30.0843
85.0704 30.413
87.0973 30.5787
85.769 30.3434
85.0043 30.3976
87.459 30.5043
88.1835 30.4831
82.9626 30.5193
84.5005 30.5569
86.2459 30.6122
82.5965 30.4294
81.7177 30.7223
83.9859 30.5929
87.2351 30.4644
84.6922 30.4067
84.4029 30.165
84.3227 30.8427
85.1358 30.621
84.4181 30.0943
84.8058 30.2476
86.6359 30.32
87.8071 30.1459
85.7619 30.1567
89.0938 30.2363
84.203 30.284
84.203 30.2529
87.8716 30.2957
87.9424 30.3151
85.1723 30.229
86.696 30.3006
85.6048 30.4089
85.6483 30.4085
86.7368 30.3721
84.2116 30.437
84.064 30.5388
83.878 30.6203
83.0572 30.6954
85.1668 30.371
84.2655 30.3612
86.4635 30.3759
88.8542 30.4013
84.8995 30.6091
80.6431 30.2116
82.7201 30.0087
84.4347 30.0612
85.1414 30.0581
85.0726 30.1968
85.9821 30.2444
83.5306 30.3222
81.4029 30.3783
82.9403 30.0999
84.859 30.2795
84.1049 30.2233
89.4052 29.8799
87.0792 30.4227
88.9421 30.0272
89.2237 30.245
87.9943 30.3213
82.1968 30.6123
85.9378 30.5293
86.8581 30.5463
86.8581 30.5531
83.5979 30.5568
81.7857 30.4623
83.3351 30.341
86.58 30.4925
85.1808 30.4621
87.2549 30.3349
88.6624 29.9805
89.1931 30.1704
85.247 30.5223
83.3077 30.6963
81.2321 30.5027
86.4141 29.989
85.4174 30.1551
85.4902 30.3677
83.6657 30.396
81.1876 30.2381
84.8206 30.3378
84.9854 30.1381
84.1575 30.0495
84.8883 29.9595
82.0467 30.343
82.0505 30.6374
83.9645 30.5413
87.385 30.5049
84.542 30.3939
84.9504 30.3952
88.9547 30.4692
86.3219 30.1216
85.2776 30.7124
84.7963 30.5959
85.1657 30.3043
86.8141 30.2804
90.3875 30.4405
85.235 30.1342
87.1426 30.4227
85.4611 30.3783
89.3527 30.268
86.867 30.009
87.8545 30.1563
89.8384 30.4651
85.4627 30.4447
84.9341 30.1987
87.0101 30.1169
84.8304 30.2941
84.4477 30.3399
85.1651 30.1992
85.2085 30.2271
84.8127 30.2733
82.3666 30.2955
83.5339 30.0741
83.6624 30.4007
83.2441 30.3988
83.1112 30.4525
83.0006 30.2394
81.5842 30.7707
83.31 30.2462
82.4231 30.1263
83.3574 30.2118
82.9129 30.4364
86.1674 30.1643
84.4085 30.0978
84.5107 30.2018
85.0382 30.1834
82.7329 30.5011
84.836 30.4002
84.9645 30.112
87.8225 29.906
86.7361 30.3471
87.635 30.019
88.0382 30.3187
85.313 30.09
81.4464 30.1472
85.5671 30.2166
84.289 30.1937
82.3835 30.3952
85.8933 30.1504
83.0083 30.3584
81.5349 30.0875
81.527 30.2905
83.6779 30.1297
81.733 30.6351
82.7182 30.0099
81.3988 30.3417
86.1341 30.0838
85.3195 30.0921
85.023 30.673
86.9727 30.1925
85.2369 30.0405
84.4611 30.321
84.039 30.1004
84.7871 30.1026
86.0634 30.0264
86.4214 30.3694
87.4466 30.017
88.4468 30.4257
85.9538 30.5313
85.1935 30.5195
83.4295 30.5149
83.76 30.5162
84.481 30.3021
85.6914 30.289
85.4022 30.1394
88.5207 30.5487
85.2465 30.2766
86.7368 30.0772
84.777 30.2823
87.2947 30.2382
90.4001 30.3391
92.3272 30.5162
91.4931 30.2738
87.0942 30.3751
85.7765 30.3572
84.0471 30.3407
83.2572 30.2661
86.359 30.0201
87.0962 30.0267
87.5838 30.3519
83.713 30.3746
84.3473 30.5429
86.5252 30.071
86.9183 30.483
87.5928 29.9735
90.4715 30.0515
89.1615 30.3081
88.9697 30.4594
87.9559 30.5197
84.6413 30.3704
84.1591 30.7332
77.2428 30.4211
81.2458 30.1292
81.982 30.6342
84.8515 30.4025
85.1626 30.3909
84.2716 30.266
83.703 30.2846
85.9647 30.3678
83.0064 30.3434
82.788 30.3237
83.1133 30.2933
86.9907 29.8961
85.6679 29.7677
84.4605 30.0626
83.0457 30.178
83.1385 30.8345
86.7758 30.3802
84.2503 30.4507
88.8481 30.0822
85.6993 29.9227
84.0938 30.0422
85.4079 30.0967
83.0768 30.1846
82.506 30.3019
84.4086 30.4493
85.6062 30.3494
83.4301 30.275
84.5973 30.437
82.7735 30.5329
80.7913 30.6187
83.402 30.3308
83.2247 30.3719
84.2544 30.3933
85.1546 30.3531
83.9388 30.1877
84.9789 30.4108
86.5826 30.0781
88.7208 30.1891
83.581 30.2995
83.9927 30.1142
86.5463 30.0781
90.2382 29.8546
85.6108 30.4083
88.2799 30.1012
86.7639 30.1659
85.9971 30.2489
83.8097 30.1717
84.5729 30.1097
85.8291 30.5341
82.9111 30.3702
83.7161 29.9388
83.6002 30.4051
83.8873 30.459
84.3019 30.263
85.2118 30.2089
85.0618 30.391
86.1352 30.391
87.7876 29.9218
87.5616 30.2268
86.5951 30.2055
83.2986 30.3729
83.5591 30.3867
87.1531 30.2205
86.7202 30.0723
81.6288 30.1936
82.9485 30.3716
81.9225 30.3406
80.9551 30.418
82.5414 30.5109
82.8128 30.4046
83.4346 30.7006
80.8812 30.1711
85.6818 30.1286
85.5899 30.2638
84.4672 30.3046
85.4168 30.2082
82.103 30.2262
84.9298 30.2089
82.6927 30.3413
82.7436 30.4743
82.3879 30.3102
86.0694 30.5993
85.1464 30.341
85.1729 30.4363
85.3083 30.1866
85.1428 30.0186
83.3051 30.2571
82.3288 30.4964
82.966 30.5999
82.879 30.327
86.0801 30.3446
89.7851 30.2486
88.5369 30.1467
88.9283 30.3889
89.2728 30.1824
83.6989 30.358
86.1869 30.3582
88.4537 30.4416
83.1186 30.3943
82.9258 30.2288
83.4907 30.3264
81.9442 30.5277
83.6876 30.336
84.6654 30.3468
87.0034 30.2805
88.4279 30.1513
88.7237 30.2523
86.2171 30.3651
87.1697 30.3626
86.0812 30.6396
86.1923 30.476
84.6542 30.3839
85.0782 30.2427
84.9602 30.2878
84.9032 29.9781
83.448 30.19
82.3386 30.4004
84.4635 30.3753
83.5949 30.4595
84.1326 30.3293
84.3135 30.008
82.2142 30.3125
83.3575 30.1819
82.8964 30.2353
79.0103 30.3578
82.1073 30.4085
85.6253 30.0704
85.8177 30.4369
83.4572 30.4369
84.0948 30.5739
82.0876 30.4506
84.5098 30.6961
82.4472 30.44
83.0919 30.2817
89.0696 30.2028
87.1814 30.1826
85.9141 30.2215
85.8525 30.338
83.9615 30.1566
83.4353 30.5232
84.1552 30.3177
85.5408 30.1895
87.8878 30.1758
88.0161 30.1779
83.4198 30.6034
85.3188 30.3066
84.874 30.1983
83.0963 30.1421
82.2792 30.2889
85.5577 30.3032
83.1179 30.5717
83.1612 30.1717
80.1364 30.2368
83.9279 30.255
86.8008 30.4678
88.6081 30.0591
87.7459 30.492
86.931 30.4557
82.0514 30.3957
84.5651 30.3702
85.3896 29.8187
88.5311 30.2397
82.3101 30.2444
82.6758 30.3356
82.5105 30.313
80.3583 30.362
82.0425 30.5324
81.8713 30.4685
84.0544 30.3274
82.796 30.0271
83.9447 30.0165
84.7795 30.0593
84.4353 30.337
84.1785 30.4357
83.3666 30.1746
86.5852 29.9761
85.0269 30.5171
85.041 30.4484
84.7456 30.2371
81.704 30.2117
85.4867 30.4313
85.2445 30.4592
85.2629 30.3006
88.2913 30.1817
88.1829 30.4807
88.3589 30.2012
88.6185 30.2151
83.3733 30.2486
85.1688 30.1512
84.8888 30.5187
85.0332 30.1957
83.8434 30.4749
84.6247 30.163
87.4459 30.1378
88.2092 30.135
84.5415 30.4116
82.7491 30.2683
87.9148 29.8623
84.4075 30.3376
88.2906 30.2281
87.2593 30.2822
84.9833 29.868
86.7759 30.1117
85.9014 30.2629
86.4345 30.5046
87.0652 30.1223
87.077 29.9411
87.6627 30.0433
87.8906 30.3029
86.0243 30.2717
86.6776 30.103
83.3572 30.1361
84.5087 30.4554
86.7378 30.3133
87.1438 30.3588
85.7564 30.5798
86.3126 30.4016
86.3148 30.3705
83.8293 30.4825
83.677 30.1589
85.5825 30.529
88.0784 30.1763
82.6631 30.003
81.0506 30.4542
83.5357 30.1144
83.8914 30.4362
85.5925 30.073
85.4032 30.4277
82.1923 30.357
82.685 29.8815
80.8894 30.4426
81.9717 30.3817
85.8619 30.0977
86.0578 30.0498
85.3044 30.0701
82.9785 30.1335
84.5782 29.9284
83.6001 30.2309
84.4805 30.2906
81.5992 29.9713
87.8912 30.0205
86.8944 30.3243
86.0305 30.2591
87.9987 30.2647
85.0618 30.4771
80.1449 30.1579
87.0071 30.5424
84.8631 30.2931
85.1025 30.768
84.1363 30.1463
88.037 30.3052
83.9811 30.3252
83.5899 30.5809
84.8374 29.9568
85.766 30.33
84.1424 30.5956
85.9557 30.4444
85.1258 30.0663
87.2222 30.0971
85.1916 30.1368
83.0024 30.1096
85.3406 30.1803
85.3235 30.3536
85.2094 30.421
84.0451 30.2052
82.1856 30.3575
84.9116 30.2403
84.1873 30.2366
85.3027 30.2446
83.6637 30.1009
85.7248 30.2534
83.8647 30.2786
84.385 30.2729
86.7233 30.2447
83.3111 30.2738
83.0497 30.252
82.1971 30.4873
82.4858 30.1392
83.8224 30.0124
82.5292 30.2346
85.1214 30.5499
83.1854 30.5176
83.3987 29.9549
83.9364 30.2437
85.8197 30.1701
82.8574 30.374
83.2683 30.1298
85.4468 30.2979
86.7438 29.9616
84.2702 29.9906
82.6542 30.4576
87.3708 30.3467
83.4421 30.4099
85.6638 30.3476
83.075 30.4242
81.9268 30.5255
81.9618 30.136
84.2825 30.3542
85.0363 30.3644
83.3215 30.3367
84.0298 30.4696
85.8206 30.5633
85.9394 30.2894
86.2955 30.1336
86.2939 30.4368
88.0375 30.3121
88.1848 30.3576
85.9925 30.4465
83.0489 30.1024
87.8046 29.8635
88.4589 30.328
87.2796 30.3645
86.1299 30.2206
86.227 30.0565
85.9591 30.3068
86.8676 30.0998
87.2103 30.4816
85.5618 30.0827
89.0988 29.9482
90.8164 30.4027
88.0599 30.3981
89.1102 30.2333
89.0547 30.3121
88.1033 30.2677
90.4475 30.4225
86.7046 30.0013
85.4001 30.5956
84.8743 30.3911
82.2277 30.3314
83.9569 30.419
83.5841 30.217
82.8321 30.3217
80.6106 30.5228
80.6947 30.5385
84.1872 30.0531
83.8519 30.1624
82.9754 30.2575
83.6903 30.3526
84.4059 30.2688
84.1248 30.6204
84.4229 30.6808
84.4146 30.4697
84.3887 30.403
85.9022 30.4659
86.3554 29.9962
86.9398 30.2944
85.0125 30.15
83.3637 30.1724
84.0402 30.5223
83.8021 30.1949
85.1033 30.2119
84.589 30.1162
82.4293 30.1271
85.1886 30.0784
86.1078 30.2132
83.8128 30.4784
86.6531 30.4367
83.7197 30.4086
80.9092 30.3589
85.5812 30.098
85.0586 30.0513
84.2131 30.5087
81.6526 30.2114
84.1901 30.1437
84.4561 30.1425
83.5384 30.4166
83.7886 30.5395
82.5167 30.5285
82.5905 30.2865
85.9623 29.9963
82.5975 30.5835
85.8713 30.3992
84.2915 30.5188
83.0824 30.4608
83.2972 30.3588
86.4485 30.4117
84.6168 30.278
85.1516 30.4805
85.2893 30.4329
84.0485 30.3178
83.9994 30.1268
83.2515 30.4762
82.6506 30.1992
83.4298 30.2208
86.0126 30.1922
82.7756 30.06
88.0418 30.2661
86.5674 30.5312
83.4322 30.1561
85.3797 30.0679
83.8841 30.2838
84.6397 30.056
84.2577 30.2013
85.5911 30.5336
84.8687 29.9608
82.3008 30.4018
84.5588 30.2218
85.5956 30.4448
82.873 29.9415
83.0138 30.0524
85.9096 30.1617
86.1028 30.2527
85.5099 30.1332
82.8579 30.3558
82.4477 30.1169
83.134 30.1986
83.5431 30.2713
82.3905 30.2981
84.7127 30.0459
83.3718 29.9872
82.1368 30.372
82.3595 30.1272
83.702 30.0775
86.7936 30.3771
84.4957 30.3742
88.8831 30.107
85.9937 30.1778
85.412 30.427
85.1552 30.4845
84.0688 30.3971
85.6248 30.574
84.4912 30.407
87.2021 30.1863
85.2473 30.2119
83.5438 30.1956
85.3098 30.3557
86.5549 30.4588
87.3004 30.3119
85.0611 30.252
86.2387 30.1445
85.9984 30.2537
86.1064 30.5681
87.5148 30.3381
87.47 30.5554
87.3151 30.2328
85.658 30.0112
85.4366 30.1305
87.2389 30.0545
87.1831 30.3682
85.4541 30.1024
85.9663 30.4259
85.8888 30.5529
89.3272 30.3698
85.2448 30.304
86.5983 30.1379
84.563 30.0863
84.5967 30.6245
84.5746 30.19
85.7708 30.3956
87.7746 30.1642
83.2825 30.0677
86.6816 30.448
84.5638 30.4408
86.9057 30.5053
83.5489 30.0376
82.0561 30.3246
82.378 30.1835
81.3909 30.4383
81.4368 30.2267
80.3731 30.2979
83.4721 30.4214
82.6012 29.9249
86.5872 30.274
86.643 30.4358
88.7896 30.3503
85.1973 30.4325
86.4762 30.2223
86.3668 30.2536
85.3724 30.518
84.6514 30.4323
89.0018 30.5434
85.6897 30.3578
86.7018 30.4014
86.5194 30.3422
84.8466 30.0731
86.0286 30.1861
88.1809 30.3485
87.4265 29.9829
86.7398 30.4676
85.9569 30.4733
84.4233 30.3649
80.2942 30.5668
84.1586 30.1905
84.5081 30.0198
82.1938 30.1335
87.0106 30.1374
85.4631 30.1127
86.6682 30.4664
85.4261 30.4949
86.7146 30.1089
86.4761 30.2589
85.1919 30.1329
88.6344 30.063
87.3643 30.193
83.3771 30.2862
83.4798 30.5109
85.7265 30.1068
81.4692 30.4792
86.5235 30.3688
85.0292 30.2741
83.866 30.1999
83.6043 30.3632
86.051 30.0526
82.8656 30.1625
85.0024 30.1591
84.049 30.2383
82.2393 30.2127
83.1177 30.4539
88.5807 30.2301
84.8771 30.5272
83.8404 30.359
84.4041 30.5713
81.9585 30.5203
80.8781 30.5242
83.6118 30.3633
83.6245 30.4851
84.0742 30.3831
84.5388 30.5573
87.4651 30.2651
84.8424 30.2722
87.5097 30.3472
85.1308 30.2488
84.4251 30.2843
84.3299 30.5881
